[2024-07-14T08:59:11.962+0000] {local_task_job_runner.py:120} INFO - ::group::Pre task execution logs
[2024-07-14T08:59:12.053+0000] {taskinstance.py:2076} INFO - Dependencies all met for dep_context=non-requeueable deps ti=<TaskInstance: fetch_spread_values.fetch_and_compute_spread_btc_mxn scheduled__2024-07-14T02:39:00+00:00 [queued]>
[2024-07-14T08:59:12.069+0000] {taskinstance.py:2076} INFO - Dependencies all met for dep_context=requeueable deps ti=<TaskInstance: fetch_spread_values.fetch_and_compute_spread_btc_mxn scheduled__2024-07-14T02:39:00+00:00 [queued]>
[2024-07-14T08:59:12.083+0000] {taskinstance.py:2306} INFO - Starting attempt 1 of 2
[2024-07-14T08:59:12.173+0000] {taskinstance.py:2330} INFO - Executing <Task(PythonOperator): fetch_and_compute_spread_btc_mxn> on 2024-07-14 02:39:00+00:00
[2024-07-14T08:59:12.196+0000] {standard_task_runner.py:90} INFO - Running: ['***', 'tasks', 'run', 'fetch_spread_values', 'fetch_and_compute_spread_btc_mxn', 'scheduled__2024-07-14T02:39:00+00:00', '--job-id', '345', '--raw', '--subdir', 'DAGS_FOLDER/***.py', '--cfg-path', '/tmp/tmpzqs3gs5m']
[2024-07-14T08:59:12.212+0000] {standard_task_runner.py:91} INFO - Job 345: Subtask fetch_and_compute_spread_btc_mxn
[2024-07-14T08:59:12.195+0000] {warnings.py:112} WARNING - /home/***/.local/lib/python3.12/site-packages/***/task/task_runner/standard_task_runner.py:61: DeprecationWarning: This process (pid=1096) is multi-threaded, use of fork() may lead to deadlocks in the child.
  pid = os.fork()

[2024-07-14T08:59:12.224+0000] {standard_task_runner.py:63} INFO - Started process 1122 to run task
[2024-07-14T08:59:12.398+0000] {task_command.py:426} INFO - Running <TaskInstance: fetch_spread_values.fetch_and_compute_spread_btc_mxn scheduled__2024-07-14T02:39:00+00:00 [running]> on host d537c34a4880
[2024-07-14T08:59:12.596+0000] {taskinstance.py:2648} INFO - Exporting env vars: AIRFLOW_CTX_DAG_OWNER='***' AIRFLOW_CTX_DAG_ID='fetch_spread_values' AIRFLOW_CTX_TASK_ID='fetch_and_compute_spread_btc_mxn' AIRFLOW_CTX_EXECUTION_DATE='2024-07-14T02:39:00+00:00' AIRFLOW_CTX_TRY_NUMBER='1' AIRFLOW_CTX_DAG_RUN_ID='scheduled__2024-07-14T02:39:00+00:00'
[2024-07-14T08:59:12.606+0000] {taskinstance.py:430} INFO - ::endgroup::
[2024-07-14T08:59:13.068+0000] {python.py:237} INFO - Done. Returned value was: None
[2024-07-14T08:59:13.119+0000] {taskinstance.py:441} INFO - ::group::Post task execution logs
[2024-07-14T08:59:13.166+0000] {taskinstance.py:1206} INFO - Marking task as SUCCESS. dag_id=fetch_spread_values, task_id=fetch_and_compute_spread_btc_mxn, run_id=scheduled__2024-07-14T02:39:00+00:00, execution_date=20240714T023900, start_date=20240714T085912, end_date=20240714T085913
[2024-07-14T08:59:13.284+0000] {local_task_job_runner.py:240} INFO - Task exited with return code 0
[2024-07-14T08:59:13.382+0000] {taskinstance.py:3503} INFO - 0 downstream tasks scheduled from follow-on schedule check
[2024-07-14T08:59:13.401+0000] {local_task_job_runner.py:222} INFO - ::endgroup::
[2024-07-14T20:33:23.891+0000] {local_task_job_runner.py:120} INFO - ::group::Pre task execution logs
[2024-07-14T20:33:23.959+0000] {taskinstance.py:2076} INFO - Dependencies all met for dep_context=non-requeueable deps ti=<TaskInstance: fetch_spread_values.fetch_and_compute_spread_btc_mxn scheduled__2024-07-14T02:39:00+00:00 [queued]>
[2024-07-14T20:33:23.971+0000] {taskinstance.py:2076} INFO - Dependencies all met for dep_context=requeueable deps ti=<TaskInstance: fetch_spread_values.fetch_and_compute_spread_btc_mxn scheduled__2024-07-14T02:39:00+00:00 [queued]>
[2024-07-14T20:33:23.974+0000] {taskinstance.py:2306} INFO - Starting attempt 1 of 2
[2024-07-14T20:33:23.988+0000] {taskinstance.py:2330} INFO - Executing <Task(PythonOperator): fetch_and_compute_spread_btc_mxn> on 2024-07-14 02:39:00+00:00
[2024-07-14T20:33:23.995+0000] {logging_mixin.py:188} WARNING - /home/***/.local/lib/python3.12/site-packages/***/task/task_runner/standard_task_runner.py:61 DeprecationWarning: This process (pid=835) is multi-threaded, use of fork() may lead to deadlocks in the child.
[2024-07-14T20:33:23.996+0000] {standard_task_runner.py:90} INFO - Running: ['***', 'tasks', 'run', 'fetch_spread_values', 'fetch_and_compute_spread_btc_mxn', 'scheduled__2024-07-14T02:39:00+00:00', '--job-id', '324', '--raw', '--subdir', 'DAGS_FOLDER/***.py', '--cfg-path', '/tmp/tmpxsb5o5jz']
[2024-07-14T20:33:24.007+0000] {standard_task_runner.py:91} INFO - Job 324: Subtask fetch_and_compute_spread_btc_mxn
[2024-07-14T20:33:24.003+0000] {standard_task_runner.py:63} INFO - Started process 845 to run task
[2024-07-14T20:33:24.086+0000] {task_command.py:426} INFO - Running <TaskInstance: fetch_spread_values.fetch_and_compute_spread_btc_mxn scheduled__2024-07-14T02:39:00+00:00 [running]> on host 77caf7e4b282
[2024-07-14T20:33:24.190+0000] {taskinstance.py:2648} INFO - Exporting env vars: AIRFLOW_CTX_DAG_OWNER='***' AIRFLOW_CTX_DAG_ID='fetch_spread_values' AIRFLOW_CTX_TASK_ID='fetch_and_compute_spread_btc_mxn' AIRFLOW_CTX_EXECUTION_DATE='2024-07-14T02:39:00+00:00' AIRFLOW_CTX_TRY_NUMBER='1' AIRFLOW_CTX_DAG_RUN_ID='scheduled__2024-07-14T02:39:00+00:00'
[2024-07-14T20:33:24.194+0000] {taskinstance.py:430} INFO - ::endgroup::
[2024-07-14T20:33:24.387+0000] {python.py:237} INFO - Done. Returned value was: None
[2024-07-14T20:33:24.393+0000] {taskinstance.py:441} INFO - ::group::Post task execution logs
[2024-07-14T20:33:24.419+0000] {taskinstance.py:1206} INFO - Marking task as SUCCESS. dag_id=fetch_spread_values, task_id=fetch_and_compute_spread_btc_mxn, run_id=scheduled__2024-07-14T02:39:00+00:00, execution_date=20240714T023900, start_date=20240714T203323, end_date=20240714T203324
[2024-07-14T20:33:24.467+0000] {local_task_job_runner.py:240} INFO - Task exited with return code 0
[2024-07-14T20:33:24.478+0000] {local_task_job_runner.py:222} INFO - ::endgroup::
