[2024-07-14T06:37:59.832+0000] {local_task_job_runner.py:120} INFO - ::group::Pre task execution logs
[2024-07-14T06:37:59.859+0000] {taskinstance.py:2076} INFO - Dependencies all met for dep_context=non-requeueable deps ti=<TaskInstance: tutorial.sleep scheduled__2024-07-13T00:00:00+00:00 [queued]>
[2024-07-14T06:37:59.872+0000] {taskinstance.py:2076} INFO - Dependencies all met for dep_context=requeueable deps ti=<TaskInstance: tutorial.sleep scheduled__2024-07-13T00:00:00+00:00 [queued]>
[2024-07-14T06:37:59.873+0000] {taskinstance.py:2306} INFO - Starting attempt 1 of 4
[2024-07-14T06:37:59.882+0000] {taskinstance.py:2330} INFO - Executing <Task(BashOperator): sleep> on 2024-07-13 00:00:00+00:00
[2024-07-14T06:37:59.889+0000] {warnings.py:112} WARNING - /home/***/.local/lib/python3.12/site-packages/***/task/task_runner/standard_task_runner.py:61: DeprecationWarning: This process (pid=5184) is multi-threaded, use of fork() may lead to deadlocks in the child.
  pid = os.fork()

[2024-07-14T06:37:59.893+0000] {standard_task_runner.py:63} INFO - Started process 5192 to run task
[2024-07-14T06:37:59.893+0000] {standard_task_runner.py:90} INFO - Running: ['***', 'tasks', 'run', 'tutorial', 'sleep', 'scheduled__2024-07-13T00:00:00+00:00', '--job-id', '6', '--raw', '--subdir', '/home/***/.local/lib/python3.12/site-packages/***/example_dags/tutorial.py', '--cfg-path', '/tmp/tmpikx7ghww']
[2024-07-14T06:37:59.898+0000] {standard_task_runner.py:91} INFO - Job 6: Subtask sleep
[2024-07-14T06:37:59.962+0000] {task_command.py:426} INFO - Running <TaskInstance: tutorial.sleep scheduled__2024-07-13T00:00:00+00:00 [running]> on host 8bd08052def4
[2024-07-14T06:38:00.041+0000] {taskinstance.py:2648} INFO - Exporting env vars: AIRFLOW_CTX_DAG_EMAIL='***@example.com' AIRFLOW_CTX_DAG_OWNER='***' AIRFLOW_CTX_DAG_ID='tutorial' AIRFLOW_CTX_TASK_ID='sleep' AIRFLOW_CTX_EXECUTION_DATE='2024-07-13T00:00:00+00:00' AIRFLOW_CTX_TRY_NUMBER='1' AIRFLOW_CTX_DAG_RUN_ID='scheduled__2024-07-13T00:00:00+00:00'
[2024-07-14T06:38:00.046+0000] {taskinstance.py:430} INFO - ::endgroup::
[2024-07-14T06:38:00.049+0000] {subprocess.py:63} INFO - Tmp dir root location: /tmp
[2024-07-14T06:38:00.050+0000] {subprocess.py:75} INFO - Running command: ['/usr/bin/bash', '-c', 'sleep 5']
[2024-07-14T06:38:00.055+0000] {subprocess.py:86} INFO - Output:
[2024-07-14T06:38:05.057+0000] {subprocess.py:97} INFO - Command exited with return code 0
[2024-07-14T06:38:05.059+0000] {taskinstance.py:441} INFO - ::group::Post task execution logs
[2024-07-14T06:38:05.090+0000] {taskinstance.py:1206} INFO - Marking task as SUCCESS. dag_id=tutorial, task_id=sleep, run_id=scheduled__2024-07-13T00:00:00+00:00, execution_date=20240713T000000, start_date=20240714T063759, end_date=20240714T063805
[2024-07-14T06:38:05.138+0000] {local_task_job_runner.py:240} INFO - Task exited with return code 0
[2024-07-14T06:38:05.149+0000] {taskinstance.py:3503} INFO - 0 downstream tasks scheduled from follow-on schedule check
[2024-07-14T06:38:05.150+0000] {local_task_job_runner.py:222} INFO - ::endgroup::
