[2024-07-14T16:33:51.834+0000] {local_task_job_runner.py:120} INFO - ::group::Pre task execution logs
[2024-07-14T16:33:51.933+0000] {taskinstance.py:2076} INFO - Dependencies all met for dep_context=non-requeueable deps ti=<TaskInstance: fetch_spread_values.fetch_and_compute_spread_usd_mxn scheduled__2024-07-14T16:15:00+00:00 [queued]>
[2024-07-14T16:33:51.990+0000] {taskinstance.py:2076} INFO - Dependencies all met for dep_context=requeueable deps ti=<TaskInstance: fetch_spread_values.fetch_and_compute_spread_usd_mxn scheduled__2024-07-14T16:15:00+00:00 [queued]>
[2024-07-14T16:33:52.004+0000] {taskinstance.py:2306} INFO - Starting attempt 1 of 2
[2024-07-14T16:33:52.110+0000] {taskinstance.py:2330} INFO - Executing <Task(PythonOperator): fetch_and_compute_spread_usd_mxn> on 2024-07-14 16:15:00+00:00
[2024-07-14T16:33:52.142+0000] {warnings.py:112} WARNING - /home/***/.local/lib/python3.12/site-packages/***/task/task_runner/standard_task_runner.py:61: DeprecationWarning: This process (pid=6945) is multi-threaded, use of fork() may lead to deadlocks in the child.
  pid = os.fork()

[2024-07-14T16:33:52.182+0000] {standard_task_runner.py:63} INFO - Started process 6968 to run task
[2024-07-14T16:33:52.149+0000] {standard_task_runner.py:90} INFO - Running: ['***', 'tasks', 'run', 'fetch_spread_values', 'fetch_and_compute_spread_usd_mxn', 'scheduled__2024-07-14T16:15:00+00:00', '--job-id', '2089', '--raw', '--subdir', 'DAGS_FOLDER/***.py', '--cfg-path', '/tmp/tmpsz0a_nb6']
[2024-07-14T16:33:52.211+0000] {standard_task_runner.py:91} INFO - Job 2089: Subtask fetch_and_compute_spread_usd_mxn
[2024-07-14T16:33:52.355+0000] {task_command.py:426} INFO - Running <TaskInstance: fetch_spread_values.fetch_and_compute_spread_usd_mxn scheduled__2024-07-14T16:15:00+00:00 [running]> on host d537c34a4880
[2024-07-14T16:33:52.682+0000] {taskinstance.py:2648} INFO - Exporting env vars: AIRFLOW_CTX_DAG_OWNER='***' AIRFLOW_CTX_DAG_ID='fetch_spread_values' AIRFLOW_CTX_TASK_ID='fetch_and_compute_spread_usd_mxn' AIRFLOW_CTX_EXECUTION_DATE='2024-07-14T16:15:00+00:00' AIRFLOW_CTX_TRY_NUMBER='1' AIRFLOW_CTX_DAG_RUN_ID='scheduled__2024-07-14T16:15:00+00:00'
[2024-07-14T16:33:52.705+0000] {taskinstance.py:430} INFO - ::endgroup::
[2024-07-14T16:33:53.178+0000] {python.py:237} INFO - Done. Returned value was: None
[2024-07-14T16:33:53.202+0000] {taskinstance.py:441} INFO - ::group::Post task execution logs
[2024-07-14T16:33:53.217+0000] {taskinstance.py:1206} INFO - Marking task as SUCCESS. dag_id=fetch_spread_values, task_id=fetch_and_compute_spread_usd_mxn, run_id=scheduled__2024-07-14T16:15:00+00:00, execution_date=20240714T161500, start_date=20240714T163351, end_date=20240714T163353
[2024-07-14T16:33:53.275+0000] {local_task_job_runner.py:240} INFO - Task exited with return code 0
[2024-07-14T16:33:53.309+0000] {taskinstance.py:3503} INFO - 0 downstream tasks scheduled from follow-on schedule check
[2024-07-14T16:33:53.315+0000] {local_task_job_runner.py:222} INFO - ::endgroup::
[2024-07-14T20:38:56.832+0000] {local_task_job_runner.py:120} INFO - ::group::Pre task execution logs
[2024-07-14T20:38:56.852+0000] {taskinstance.py:2076} INFO - Dependencies all met for dep_context=non-requeueable deps ti=<TaskInstance: fetch_spread_values.fetch_and_compute_spread_usd_mxn scheduled__2024-07-14T16:15:00+00:00 [queued]>
[2024-07-14T20:38:56.857+0000] {taskinstance.py:2076} INFO - Dependencies all met for dep_context=requeueable deps ti=<TaskInstance: fetch_spread_values.fetch_and_compute_spread_usd_mxn scheduled__2024-07-14T16:15:00+00:00 [queued]>
[2024-07-14T20:38:56.857+0000] {taskinstance.py:2306} INFO - Starting attempt 1 of 2
[2024-07-14T20:38:56.864+0000] {taskinstance.py:2330} INFO - Executing <Task(PythonOperator): fetch_and_compute_spread_usd_mxn> on 2024-07-14 16:15:00+00:00
[2024-07-14T20:38:56.869+0000] {logging_mixin.py:188} WARNING - /home/***/.local/lib/python3.12/site-packages/***/task/task_runner/standard_task_runner.py:61 DeprecationWarning: This process (pid=4401) is multi-threaded, use of fork() may lead to deadlocks in the child.
[2024-07-14T20:38:56.869+0000] {standard_task_runner.py:63} INFO - Started process 4406 to run task
[2024-07-14T20:38:56.869+0000] {standard_task_runner.py:90} INFO - Running: ['***', 'tasks', 'run', 'fetch_spread_values', 'fetch_and_compute_spread_usd_mxn', 'scheduled__2024-07-14T16:15:00+00:00', '--job-id', '2079', '--raw', '--subdir', 'DAGS_FOLDER/***.py', '--cfg-path', '/tmp/tmp5w8m6lv4']
[2024-07-14T20:38:56.870+0000] {standard_task_runner.py:91} INFO - Job 2079: Subtask fetch_and_compute_spread_usd_mxn
[2024-07-14T20:38:56.898+0000] {task_command.py:426} INFO - Running <TaskInstance: fetch_spread_values.fetch_and_compute_spread_usd_mxn scheduled__2024-07-14T16:15:00+00:00 [running]> on host 77caf7e4b282
[2024-07-14T20:38:56.943+0000] {taskinstance.py:2648} INFO - Exporting env vars: AIRFLOW_CTX_DAG_OWNER='***' AIRFLOW_CTX_DAG_ID='fetch_spread_values' AIRFLOW_CTX_TASK_ID='fetch_and_compute_spread_usd_mxn' AIRFLOW_CTX_EXECUTION_DATE='2024-07-14T16:15:00+00:00' AIRFLOW_CTX_TRY_NUMBER='1' AIRFLOW_CTX_DAG_RUN_ID='scheduled__2024-07-14T16:15:00+00:00'
[2024-07-14T20:38:56.943+0000] {taskinstance.py:430} INFO - ::endgroup::
[2024-07-14T20:38:57.110+0000] {python.py:237} INFO - Done. Returned value was: None
[2024-07-14T20:38:57.111+0000] {taskinstance.py:441} INFO - ::group::Post task execution logs
[2024-07-14T20:38:57.117+0000] {taskinstance.py:1206} INFO - Marking task as SUCCESS. dag_id=fetch_spread_values, task_id=fetch_and_compute_spread_usd_mxn, run_id=scheduled__2024-07-14T16:15:00+00:00, execution_date=20240714T161500, start_date=20240714T203856, end_date=20240714T203857
[2024-07-14T20:38:57.138+0000] {local_task_job_runner.py:240} INFO - Task exited with return code 0
[2024-07-14T20:38:57.148+0000] {taskinstance.py:3503} INFO - 0 downstream tasks scheduled from follow-on schedule check
[2024-07-14T20:38:57.148+0000] {local_task_job_runner.py:222} INFO - ::endgroup::
