[2024-07-14T17:51:41.952+0000] {local_task_job_runner.py:120} INFO - ::group::Pre task execution logs
[2024-07-14T17:51:42.188+0000] {taskinstance.py:2076} INFO - Dependencies all met for dep_context=non-requeueable deps ti=<TaskInstance: fetch_spread_values.fetch_and_compute_spread_btc_mxn scheduled__2024-07-14T17:44:00+00:00 [queued]>
[2024-07-14T17:51:42.345+0000] {taskinstance.py:2076} INFO - Dependencies all met for dep_context=requeueable deps ti=<TaskInstance: fetch_spread_values.fetch_and_compute_spread_btc_mxn scheduled__2024-07-14T17:44:00+00:00 [queued]>
[2024-07-14T17:51:42.357+0000] {taskinstance.py:2306} INFO - Starting attempt 1 of 2
[2024-07-14T17:51:42.505+0000] {taskinstance.py:2330} INFO - Executing <Task(PythonOperator): fetch_and_compute_spread_btc_mxn> on 2024-07-14 17:44:00+00:00
[2024-07-14T17:51:42.551+0000] {warnings.py:112} WARNING - /home/***/.local/lib/python3.12/site-packages/***/task/task_runner/standard_task_runner.py:61: DeprecationWarning: This process (pid=7552) is multi-threaded, use of fork() may lead to deadlocks in the child.
  pid = os.fork()

[2024-07-14T17:51:42.568+0000] {standard_task_runner.py:63} INFO - Started process 7580 to run task
[2024-07-14T17:51:42.558+0000] {standard_task_runner.py:90} INFO - Running: ['***', 'tasks', 'run', 'fetch_spread_values', 'fetch_and_compute_spread_btc_mxn', 'scheduled__2024-07-14T17:44:00+00:00', '--job-id', '2274', '--raw', '--subdir', 'DAGS_FOLDER/***.py', '--cfg-path', '/tmp/tmpwzi2354q']
[2024-07-14T17:51:42.575+0000] {standard_task_runner.py:91} INFO - Job 2274: Subtask fetch_and_compute_spread_btc_mxn
[2024-07-14T17:51:42.690+0000] {task_command.py:426} INFO - Running <TaskInstance: fetch_spread_values.fetch_and_compute_spread_btc_mxn scheduled__2024-07-14T17:44:00+00:00 [running]> on host d537c34a4880
[2024-07-14T17:51:43.142+0000] {taskinstance.py:2648} INFO - Exporting env vars: AIRFLOW_CTX_DAG_OWNER='***' AIRFLOW_CTX_DAG_ID='fetch_spread_values' AIRFLOW_CTX_TASK_ID='fetch_and_compute_spread_btc_mxn' AIRFLOW_CTX_EXECUTION_DATE='2024-07-14T17:44:00+00:00' AIRFLOW_CTX_TRY_NUMBER='1' AIRFLOW_CTX_DAG_RUN_ID='scheduled__2024-07-14T17:44:00+00:00'
[2024-07-14T17:51:43.158+0000] {taskinstance.py:430} INFO - ::endgroup::
[2024-07-14T17:51:43.626+0000] {python.py:237} INFO - Done. Returned value was: None
[2024-07-14T17:51:43.631+0000] {taskinstance.py:441} INFO - ::group::Post task execution logs
[2024-07-14T17:51:43.658+0000] {taskinstance.py:1206} INFO - Marking task as SUCCESS. dag_id=fetch_spread_values, task_id=fetch_and_compute_spread_btc_mxn, run_id=scheduled__2024-07-14T17:44:00+00:00, execution_date=20240714T174400, start_date=20240714T175142, end_date=20240714T175143
[2024-07-14T17:51:43.770+0000] {local_task_job_runner.py:240} INFO - Task exited with return code 0
[2024-07-14T17:51:43.806+0000] {taskinstance.py:3503} INFO - 0 downstream tasks scheduled from follow-on schedule check
[2024-07-14T17:51:43.817+0000] {local_task_job_runner.py:222} INFO - ::endgroup::
[2024-07-14T20:39:33.462+0000] {local_task_job_runner.py:120} INFO - ::group::Pre task execution logs
[2024-07-14T20:39:33.495+0000] {taskinstance.py:2076} INFO - Dependencies all met for dep_context=non-requeueable deps ti=<TaskInstance: fetch_spread_values.fetch_and_compute_spread_btc_mxn scheduled__2024-07-14T17:44:00+00:00 [queued]>
[2024-07-14T20:39:33.502+0000] {taskinstance.py:2076} INFO - Dependencies all met for dep_context=requeueable deps ti=<TaskInstance: fetch_spread_values.fetch_and_compute_spread_btc_mxn scheduled__2024-07-14T17:44:00+00:00 [queued]>
[2024-07-14T20:39:33.503+0000] {taskinstance.py:2306} INFO - Starting attempt 1 of 2
[2024-07-14T20:39:33.520+0000] {taskinstance.py:2330} INFO - Executing <Task(PythonOperator): fetch_and_compute_spread_btc_mxn> on 2024-07-14 17:44:00+00:00
[2024-07-14T20:39:33.527+0000] {standard_task_runner.py:90} INFO - Running: ['***', 'tasks', 'run', 'fetch_spread_values', 'fetch_and_compute_spread_btc_mxn', 'scheduled__2024-07-14T17:44:00+00:00', '--job-id', '2256', '--raw', '--subdir', 'DAGS_FOLDER/***.py', '--cfg-path', '/tmp/tmpiw300pi5']
[2024-07-14T20:39:33.529+0000] {logging_mixin.py:188} WARNING - /home/***/.local/lib/python3.12/site-packages/***/task/task_runner/standard_task_runner.py:61 DeprecationWarning: This process (pid=4763) is multi-threaded, use of fork() may lead to deadlocks in the child.
[2024-07-14T20:39:33.532+0000] {standard_task_runner.py:63} INFO - Started process 4770 to run task
[2024-07-14T20:39:33.531+0000] {standard_task_runner.py:91} INFO - Job 2256: Subtask fetch_and_compute_spread_btc_mxn
[2024-07-14T20:39:33.593+0000] {task_command.py:426} INFO - Running <TaskInstance: fetch_spread_values.fetch_and_compute_spread_btc_mxn scheduled__2024-07-14T17:44:00+00:00 [running]> on host 77caf7e4b282
[2024-07-14T20:39:33.719+0000] {taskinstance.py:2648} INFO - Exporting env vars: AIRFLOW_CTX_DAG_OWNER='***' AIRFLOW_CTX_DAG_ID='fetch_spread_values' AIRFLOW_CTX_TASK_ID='fetch_and_compute_spread_btc_mxn' AIRFLOW_CTX_EXECUTION_DATE='2024-07-14T17:44:00+00:00' AIRFLOW_CTX_TRY_NUMBER='1' AIRFLOW_CTX_DAG_RUN_ID='scheduled__2024-07-14T17:44:00+00:00'
[2024-07-14T20:39:33.721+0000] {taskinstance.py:430} INFO - ::endgroup::
[2024-07-14T20:39:33.922+0000] {python.py:237} INFO - Done. Returned value was: None
[2024-07-14T20:39:33.924+0000] {taskinstance.py:441} INFO - ::group::Post task execution logs
[2024-07-14T20:39:33.946+0000] {taskinstance.py:1206} INFO - Marking task as SUCCESS. dag_id=fetch_spread_values, task_id=fetch_and_compute_spread_btc_mxn, run_id=scheduled__2024-07-14T17:44:00+00:00, execution_date=20240714T174400, start_date=20240714T203933, end_date=20240714T203933
[2024-07-14T20:39:34.006+0000] {local_task_job_runner.py:240} INFO - Task exited with return code 0
[2024-07-14T20:39:34.023+0000] {local_task_job_runner.py:222} INFO - ::endgroup::
