[2024-07-14T08:59:19.260+0000] {local_task_job_runner.py:120} INFO - ::group::Pre task execution logs
[2024-07-14T08:59:19.279+0000] {taskinstance.py:2076} INFO - Dependencies all met for dep_context=non-requeueable deps ti=<TaskInstance: fetch_spread_values.fetch_and_compute_spread_usd_mxn scheduled__2024-07-14T02:46:00+00:00 [queued]>
[2024-07-14T08:59:19.285+0000] {taskinstance.py:2076} INFO - Dependencies all met for dep_context=requeueable deps ti=<TaskInstance: fetch_spread_values.fetch_and_compute_spread_usd_mxn scheduled__2024-07-14T02:46:00+00:00 [queued]>
[2024-07-14T08:59:19.286+0000] {taskinstance.py:2306} INFO - Starting attempt 1 of 2
[2024-07-14T08:59:19.296+0000] {taskinstance.py:2330} INFO - Executing <Task(PythonOperator): fetch_and_compute_spread_usd_mxn> on 2024-07-14 02:46:00+00:00
[2024-07-14T08:59:19.302+0000] {warnings.py:112} WARNING - /home/***/.local/lib/python3.12/site-packages/***/task/task_runner/standard_task_runner.py:61: DeprecationWarning: This process (pid=1139) is multi-threaded, use of fork() may lead to deadlocks in the child.
  pid = os.fork()

[2024-07-14T08:59:19.304+0000] {standard_task_runner.py:63} INFO - Started process 1156 to run task
[2024-07-14T08:59:19.308+0000] {standard_task_runner.py:90} INFO - Running: ['***', 'tasks', 'run', 'fetch_spread_values', 'fetch_and_compute_spread_usd_mxn', 'scheduled__2024-07-14T02:46:00+00:00', '--job-id', '362', '--raw', '--subdir', 'DAGS_FOLDER/***.py', '--cfg-path', '/tmp/tmpzpafhuvd']
[2024-07-14T08:59:19.329+0000] {standard_task_runner.py:91} INFO - Job 362: Subtask fetch_and_compute_spread_usd_mxn
[2024-07-14T08:59:19.388+0000] {task_command.py:426} INFO - Running <TaskInstance: fetch_spread_values.fetch_and_compute_spread_usd_mxn scheduled__2024-07-14T02:46:00+00:00 [running]> on host d537c34a4880
[2024-07-14T08:59:19.524+0000] {taskinstance.py:2648} INFO - Exporting env vars: AIRFLOW_CTX_DAG_OWNER='***' AIRFLOW_CTX_DAG_ID='fetch_spread_values' AIRFLOW_CTX_TASK_ID='fetch_and_compute_spread_usd_mxn' AIRFLOW_CTX_EXECUTION_DATE='2024-07-14T02:46:00+00:00' AIRFLOW_CTX_TRY_NUMBER='1' AIRFLOW_CTX_DAG_RUN_ID='scheduled__2024-07-14T02:46:00+00:00'
[2024-07-14T08:59:19.527+0000] {taskinstance.py:430} INFO - ::endgroup::
[2024-07-14T08:59:19.720+0000] {python.py:237} INFO - Done. Returned value was: None
[2024-07-14T08:59:19.721+0000] {taskinstance.py:441} INFO - ::group::Post task execution logs
[2024-07-14T08:59:19.736+0000] {taskinstance.py:1206} INFO - Marking task as SUCCESS. dag_id=fetch_spread_values, task_id=fetch_and_compute_spread_usd_mxn, run_id=scheduled__2024-07-14T02:46:00+00:00, execution_date=20240714T024600, start_date=20240714T085919, end_date=20240714T085919
[2024-07-14T08:59:19.759+0000] {local_task_job_runner.py:240} INFO - Task exited with return code 0
[2024-07-14T08:59:19.781+0000] {taskinstance.py:3503} INFO - 0 downstream tasks scheduled from follow-on schedule check
[2024-07-14T08:59:19.782+0000] {local_task_job_runner.py:222} INFO - ::endgroup::
[2024-07-14T20:33:26.623+0000] {local_task_job_runner.py:120} INFO - ::group::Pre task execution logs
[2024-07-14T20:33:26.656+0000] {taskinstance.py:2076} INFO - Dependencies all met for dep_context=non-requeueable deps ti=<TaskInstance: fetch_spread_values.fetch_and_compute_spread_usd_mxn scheduled__2024-07-14T02:46:00+00:00 [queued]>
[2024-07-14T20:33:26.665+0000] {taskinstance.py:2076} INFO - Dependencies all met for dep_context=requeueable deps ti=<TaskInstance: fetch_spread_values.fetch_and_compute_spread_usd_mxn scheduled__2024-07-14T02:46:00+00:00 [queued]>
[2024-07-14T20:33:26.667+0000] {taskinstance.py:2306} INFO - Starting attempt 1 of 2
[2024-07-14T20:33:26.694+0000] {taskinstance.py:2330} INFO - Executing <Task(PythonOperator): fetch_and_compute_spread_usd_mxn> on 2024-07-14 02:46:00+00:00
[2024-07-14T20:33:26.702+0000] {logging_mixin.py:188} WARNING - /home/***/.local/lib/python3.12/site-packages/***/task/task_runner/standard_task_runner.py:61 DeprecationWarning: This process (pid=865) is multi-threaded, use of fork() may lead to deadlocks in the child.
[2024-07-14T20:33:26.710+0000] {standard_task_runner.py:63} INFO - Started process 873 to run task
[2024-07-14T20:33:26.704+0000] {standard_task_runner.py:90} INFO - Running: ['***', 'tasks', 'run', 'fetch_spread_values', 'fetch_and_compute_spread_usd_mxn', 'scheduled__2024-07-14T02:46:00+00:00', '--job-id', '337', '--raw', '--subdir', 'DAGS_FOLDER/***.py', '--cfg-path', '/tmp/tmpyduxqrft']
[2024-07-14T20:33:26.712+0000] {standard_task_runner.py:91} INFO - Job 337: Subtask fetch_and_compute_spread_usd_mxn
[2024-07-14T20:33:26.785+0000] {task_command.py:426} INFO - Running <TaskInstance: fetch_spread_values.fetch_and_compute_spread_usd_mxn scheduled__2024-07-14T02:46:00+00:00 [running]> on host 77caf7e4b282
[2024-07-14T20:33:26.907+0000] {taskinstance.py:2648} INFO - Exporting env vars: AIRFLOW_CTX_DAG_OWNER='***' AIRFLOW_CTX_DAG_ID='fetch_spread_values' AIRFLOW_CTX_TASK_ID='fetch_and_compute_spread_usd_mxn' AIRFLOW_CTX_EXECUTION_DATE='2024-07-14T02:46:00+00:00' AIRFLOW_CTX_TRY_NUMBER='1' AIRFLOW_CTX_DAG_RUN_ID='scheduled__2024-07-14T02:46:00+00:00'
[2024-07-14T20:33:26.908+0000] {taskinstance.py:430} INFO - ::endgroup::
[2024-07-14T20:33:27.175+0000] {python.py:237} INFO - Done. Returned value was: None
[2024-07-14T20:33:27.177+0000] {taskinstance.py:441} INFO - ::group::Post task execution logs
[2024-07-14T20:33:27.187+0000] {taskinstance.py:1206} INFO - Marking task as SUCCESS. dag_id=fetch_spread_values, task_id=fetch_and_compute_spread_usd_mxn, run_id=scheduled__2024-07-14T02:46:00+00:00, execution_date=20240714T024600, start_date=20240714T203326, end_date=20240714T203327
[2024-07-14T20:33:27.275+0000] {local_task_job_runner.py:240} INFO - Task exited with return code 0
[2024-07-14T20:33:27.290+0000] {local_task_job_runner.py:222} INFO - ::endgroup::
