[2024-07-14T13:31:18.734+0000] {local_task_job_runner.py:120} INFO - ::group::Pre task execution logs
[2024-07-14T13:31:18.777+0000] {taskinstance.py:2076} INFO - Dependencies all met for dep_context=non-requeueable deps ti=<TaskInstance: fetch_spread_values.fetch_and_compute_spread_btc_mxn scheduled__2024-07-14T13:17:00+00:00 [queued]>
[2024-07-14T13:31:18.788+0000] {taskinstance.py:2076} INFO - Dependencies all met for dep_context=requeueable deps ti=<TaskInstance: fetch_spread_values.fetch_and_compute_spread_btc_mxn scheduled__2024-07-14T13:17:00+00:00 [queued]>
[2024-07-14T13:31:18.810+0000] {taskinstance.py:2306} INFO - Starting attempt 1 of 2
[2024-07-14T13:31:18.918+0000] {taskinstance.py:2330} INFO - Executing <Task(PythonOperator): fetch_and_compute_spread_btc_mxn> on 2024-07-14 13:17:00+00:00
[2024-07-14T13:31:18.935+0000] {warnings.py:112} WARNING - /home/***/.local/lib/python3.12/site-packages/***/task/task_runner/standard_task_runner.py:61: DeprecationWarning: This process (pid=5684) is multi-threaded, use of fork() may lead to deadlocks in the child.
  pid = os.fork()

[2024-07-14T13:31:18.944+0000] {standard_task_runner.py:90} INFO - Running: ['***', 'tasks', 'run', 'fetch_spread_values', 'fetch_and_compute_spread_btc_mxn', 'scheduled__2024-07-14T13:17:00+00:00', '--job-id', '1706', '--raw', '--subdir', 'DAGS_FOLDER/***.py', '--cfg-path', '/tmp/tmpe9y8twfv']
[2024-07-14T13:31:18.967+0000] {standard_task_runner.py:91} INFO - Job 1706: Subtask fetch_and_compute_spread_btc_mxn
[2024-07-14T13:31:18.968+0000] {standard_task_runner.py:63} INFO - Started process 5709 to run task
[2024-07-14T13:31:19.824+0000] {task_command.py:426} INFO - Running <TaskInstance: fetch_spread_values.fetch_and_compute_spread_btc_mxn scheduled__2024-07-14T13:17:00+00:00 [running]> on host d537c34a4880
[2024-07-14T13:31:20.294+0000] {taskinstance.py:2648} INFO - Exporting env vars: AIRFLOW_CTX_DAG_OWNER='***' AIRFLOW_CTX_DAG_ID='fetch_spread_values' AIRFLOW_CTX_TASK_ID='fetch_and_compute_spread_btc_mxn' AIRFLOW_CTX_EXECUTION_DATE='2024-07-14T13:17:00+00:00' AIRFLOW_CTX_TRY_NUMBER='1' AIRFLOW_CTX_DAG_RUN_ID='scheduled__2024-07-14T13:17:00+00:00'
[2024-07-14T13:31:20.381+0000] {taskinstance.py:430} INFO - ::endgroup::
[2024-07-14T13:31:20.929+0000] {python.py:237} INFO - Done. Returned value was: None
[2024-07-14T13:31:21.051+0000] {taskinstance.py:441} INFO - ::group::Post task execution logs
[2024-07-14T13:31:21.113+0000] {taskinstance.py:1206} INFO - Marking task as SUCCESS. dag_id=fetch_spread_values, task_id=fetch_and_compute_spread_btc_mxn, run_id=scheduled__2024-07-14T13:17:00+00:00, execution_date=20240714T131700, start_date=20240714T133118, end_date=20240714T133121
[2024-07-14T13:31:21.316+0000] {local_task_job_runner.py:240} INFO - Task exited with return code 0
[2024-07-14T13:31:21.394+0000] {taskinstance.py:3503} INFO - 0 downstream tasks scheduled from follow-on schedule check
[2024-07-14T13:31:21.438+0000] {local_task_job_runner.py:222} INFO - ::endgroup::
[2024-07-14T20:37:55.194+0000] {local_task_job_runner.py:120} INFO - ::group::Pre task execution logs
[2024-07-14T20:37:55.216+0000] {taskinstance.py:2076} INFO - Dependencies all met for dep_context=non-requeueable deps ti=<TaskInstance: fetch_spread_values.fetch_and_compute_spread_btc_mxn scheduled__2024-07-14T13:17:00+00:00 [queued]>
[2024-07-14T20:37:55.223+0000] {taskinstance.py:2076} INFO - Dependencies all met for dep_context=requeueable deps ti=<TaskInstance: fetch_spread_values.fetch_and_compute_spread_btc_mxn scheduled__2024-07-14T13:17:00+00:00 [queued]>
[2024-07-14T20:37:55.224+0000] {taskinstance.py:2306} INFO - Starting attempt 1 of 2
[2024-07-14T20:37:55.256+0000] {taskinstance.py:2330} INFO - Executing <Task(PythonOperator): fetch_and_compute_spread_btc_mxn> on 2024-07-14 13:17:00+00:00
[2024-07-14T20:37:55.263+0000] {logging_mixin.py:188} WARNING - /home/***/.local/lib/python3.12/site-packages/***/task/task_runner/standard_task_runner.py:61 DeprecationWarning: This process (pid=3677) is multi-threaded, use of fork() may lead to deadlocks in the child.
[2024-07-14T20:37:55.265+0000] {standard_task_runner.py:63} INFO - Started process 3685 to run task
[2024-07-14T20:37:55.263+0000] {standard_task_runner.py:90} INFO - Running: ['***', 'tasks', 'run', 'fetch_spread_values', 'fetch_and_compute_spread_btc_mxn', 'scheduled__2024-07-14T13:17:00+00:00', '--job-id', '1722', '--raw', '--subdir', 'DAGS_FOLDER/***.py', '--cfg-path', '/tmp/tmpf69__221']
[2024-07-14T20:37:55.268+0000] {standard_task_runner.py:91} INFO - Job 1722: Subtask fetch_and_compute_spread_btc_mxn
[2024-07-14T20:37:55.325+0000] {task_command.py:426} INFO - Running <TaskInstance: fetch_spread_values.fetch_and_compute_spread_btc_mxn scheduled__2024-07-14T13:17:00+00:00 [running]> on host 77caf7e4b282
[2024-07-14T20:37:55.434+0000] {taskinstance.py:2648} INFO - Exporting env vars: AIRFLOW_CTX_DAG_OWNER='***' AIRFLOW_CTX_DAG_ID='fetch_spread_values' AIRFLOW_CTX_TASK_ID='fetch_and_compute_spread_btc_mxn' AIRFLOW_CTX_EXECUTION_DATE='2024-07-14T13:17:00+00:00' AIRFLOW_CTX_TRY_NUMBER='1' AIRFLOW_CTX_DAG_RUN_ID='scheduled__2024-07-14T13:17:00+00:00'
[2024-07-14T20:37:55.437+0000] {taskinstance.py:430} INFO - ::endgroup::
[2024-07-14T20:37:55.612+0000] {python.py:237} INFO - Done. Returned value was: None
[2024-07-14T20:37:55.612+0000] {taskinstance.py:441} INFO - ::group::Post task execution logs
[2024-07-14T20:37:55.618+0000] {taskinstance.py:1206} INFO - Marking task as SUCCESS. dag_id=fetch_spread_values, task_id=fetch_and_compute_spread_btc_mxn, run_id=scheduled__2024-07-14T13:17:00+00:00, execution_date=20240714T131700, start_date=20240714T203755, end_date=20240714T203755
[2024-07-14T20:37:55.660+0000] {local_task_job_runner.py:240} INFO - Task exited with return code 0
[2024-07-14T20:37:55.670+0000] {taskinstance.py:3503} INFO - 0 downstream tasks scheduled from follow-on schedule check
[2024-07-14T20:37:55.670+0000] {local_task_job_runner.py:222} INFO - ::endgroup::
