[2024-07-14T09:05:02.004+0000] {local_task_job_runner.py:120} INFO - ::group::Pre task execution logs
[2024-07-14T09:05:02.098+0000] {taskinstance.py:2076} INFO - Dependencies all met for dep_context=non-requeueable deps ti=<TaskInstance: save_spread_values.save_and_flush_task scheduled__2024-07-14T00:20:00+00:00 [queued]>
[2024-07-14T09:05:02.123+0000] {taskinstance.py:2076} INFO - Dependencies all met for dep_context=requeueable deps ti=<TaskInstance: save_spread_values.save_and_flush_task scheduled__2024-07-14T00:20:00+00:00 [queued]>
[2024-07-14T09:05:02.127+0000] {taskinstance.py:2306} INFO - Starting attempt 1 of 2
[2024-07-14T09:05:02.209+0000] {taskinstance.py:2330} INFO - Executing <Task(PythonOperator): save_and_flush_task> on 2024-07-14 00:20:00+00:00
[2024-07-14T09:05:02.295+0000] {warnings.py:112} WARNING - /home/***/.local/lib/python3.12/site-packages/***/task/task_runner/standard_task_runner.py:61: DeprecationWarning: This process (pid=3411) is multi-threaded, use of fork() may lead to deadlocks in the child.
  pid = os.fork()

[2024-07-14T09:05:02.304+0000] {standard_task_runner.py:63} INFO - Started process 3435 to run task
[2024-07-14T09:05:02.307+0000] {standard_task_runner.py:90} INFO - Running: ['***', 'tasks', 'run', 'save_spread_values', 'save_and_flush_task', 'scheduled__2024-07-14T00:20:00+00:00', '--job-id', '1094', '--raw', '--subdir', 'DAGS_FOLDER/***.py', '--cfg-path', '/tmp/tmpy6hvq2q0']
[2024-07-14T09:05:02.319+0000] {standard_task_runner.py:91} INFO - Job 1094: Subtask save_and_flush_task
[2024-07-14T09:05:02.972+0000] {task_command.py:426} INFO - Running <TaskInstance: save_spread_values.save_and_flush_task scheduled__2024-07-14T00:20:00+00:00 [running]> on host d537c34a4880
[2024-07-14T09:05:03.175+0000] {taskinstance.py:2648} INFO - Exporting env vars: AIRFLOW_CTX_DAG_OWNER='***' AIRFLOW_CTX_DAG_ID='save_spread_values' AIRFLOW_CTX_TASK_ID='save_and_flush_task' AIRFLOW_CTX_EXECUTION_DATE='2024-07-14T00:20:00+00:00' AIRFLOW_CTX_TRY_NUMBER='1' AIRFLOW_CTX_DAG_RUN_ID='scheduled__2024-07-14T00:20:00+00:00'
[2024-07-14T09:05:03.183+0000] {taskinstance.py:430} INFO - ::endgroup::
[2024-07-14T09:05:03.193+0000] {python.py:237} INFO - Done. Returned value was: None
[2024-07-14T09:05:03.199+0000] {taskinstance.py:441} INFO - ::group::Post task execution logs
[2024-07-14T09:05:03.223+0000] {taskinstance.py:1206} INFO - Marking task as SUCCESS. dag_id=save_spread_values, task_id=save_and_flush_task, run_id=scheduled__2024-07-14T00:20:00+00:00, execution_date=20240714T002000, start_date=20240714T090502, end_date=20240714T090503
[2024-07-14T09:05:03.283+0000] {local_task_job_runner.py:240} INFO - Task exited with return code 0
[2024-07-14T09:05:03.333+0000] {local_task_job_runner.py:222} INFO - ::endgroup::
[2024-07-14T20:34:35.658+0000] {local_task_job_runner.py:120} INFO - ::group::Pre task execution logs
[2024-07-14T20:34:35.702+0000] {taskinstance.py:2076} INFO - Dependencies all met for dep_context=non-requeueable deps ti=<TaskInstance: save_spread_values.save_and_flush_task scheduled__2024-07-14T00:20:00+00:00 [queued]>
[2024-07-14T20:34:35.707+0000] {taskinstance.py:2076} INFO - Dependencies all met for dep_context=requeueable deps ti=<TaskInstance: save_spread_values.save_and_flush_task scheduled__2024-07-14T00:20:00+00:00 [queued]>
[2024-07-14T20:34:35.707+0000] {taskinstance.py:2306} INFO - Starting attempt 1 of 2
[2024-07-14T20:34:35.715+0000] {taskinstance.py:2330} INFO - Executing <Task(PythonOperator): save_and_flush_task> on 2024-07-14 00:20:00+00:00
[2024-07-14T20:34:35.720+0000] {logging_mixin.py:188} WARNING - /home/***/.local/lib/python3.12/site-packages/***/task/task_runner/standard_task_runner.py:61 DeprecationWarning: This process (pid=1587) is multi-threaded, use of fork() may lead to deadlocks in the child.
[2024-07-14T20:34:35.724+0000] {standard_task_runner.py:63} INFO - Started process 1601 to run task
[2024-07-14T20:34:35.723+0000] {standard_task_runner.py:90} INFO - Running: ['***', 'tasks', 'run', 'save_spread_values', 'save_and_flush_task', 'scheduled__2024-07-14T00:20:00+00:00', '--job-id', '695', '--raw', '--subdir', 'DAGS_FOLDER/***.py', '--cfg-path', '/tmp/tmpry1w5veh']
[2024-07-14T20:34:35.726+0000] {standard_task_runner.py:91} INFO - Job 695: Subtask save_and_flush_task
[2024-07-14T20:34:35.811+0000] {task_command.py:426} INFO - Running <TaskInstance: save_spread_values.save_and_flush_task scheduled__2024-07-14T00:20:00+00:00 [running]> on host 77caf7e4b282
[2024-07-14T20:34:35.904+0000] {taskinstance.py:2648} INFO - Exporting env vars: AIRFLOW_CTX_DAG_OWNER='***' AIRFLOW_CTX_DAG_ID='save_spread_values' AIRFLOW_CTX_TASK_ID='save_and_flush_task' AIRFLOW_CTX_EXECUTION_DATE='2024-07-14T00:20:00+00:00' AIRFLOW_CTX_TRY_NUMBER='1' AIRFLOW_CTX_DAG_RUN_ID='scheduled__2024-07-14T00:20:00+00:00'
[2024-07-14T20:34:35.908+0000] {taskinstance.py:430} INFO - ::endgroup::
[2024-07-14T20:34:35.948+0000] {python.py:237} INFO - Done. Returned value was: None
[2024-07-14T20:34:35.959+0000] {taskinstance.py:441} INFO - ::group::Post task execution logs
[2024-07-14T20:34:35.971+0000] {taskinstance.py:1206} INFO - Marking task as SUCCESS. dag_id=save_spread_values, task_id=save_and_flush_task, run_id=scheduled__2024-07-14T00:20:00+00:00, execution_date=20240714T002000, start_date=20240714T203435, end_date=20240714T203435
[2024-07-14T20:34:36.039+0000] {local_task_job_runner.py:240} INFO - Task exited with return code 0
[2024-07-14T20:34:36.070+0000] {taskinstance.py:3503} INFO - 0 downstream tasks scheduled from follow-on schedule check
[2024-07-14T20:34:36.087+0000] {local_task_job_runner.py:222} INFO - ::endgroup::
[2024-07-15T06:30:19.977+0000] {local_task_job_runner.py:120} INFO - ::group::Pre task execution logs
[2024-07-15T06:30:20.003+0000] {taskinstance.py:2076} INFO - Dependencies all met for dep_context=non-requeueable deps ti=<TaskInstance: save_spread_values.save_and_flush_task scheduled__2024-07-14T00:20:00+00:00 [queued]>
[2024-07-15T06:30:20.013+0000] {taskinstance.py:2076} INFO - Dependencies all met for dep_context=requeueable deps ti=<TaskInstance: save_spread_values.save_and_flush_task scheduled__2024-07-14T00:20:00+00:00 [queued]>
[2024-07-15T06:30:20.014+0000] {taskinstance.py:2306} INFO - Starting attempt 1 of 2
[2024-07-15T06:30:20.095+0000] {taskinstance.py:2330} INFO - Executing <Task(PythonOperator): save_and_flush_task> on 2024-07-14 00:20:00+00:00
[2024-07-15T06:30:20.106+0000] {standard_task_runner.py:90} INFO - Running: ['***', 'tasks', 'run', 'save_spread_values', 'save_and_flush_task', 'scheduled__2024-07-14T00:20:00+00:00', '--job-id', '35', '--raw', '--subdir', 'DAGS_FOLDER/et_dag.py', '--cfg-path', '/tmp/tmpv5m_7nwo']
[2024-07-15T06:30:20.124+0000] {standard_task_runner.py:91} INFO - Job 35: Subtask save_and_flush_task
[2024-07-15T06:30:20.104+0000] {logging_mixin.py:188} WARNING - /home/***/.local/lib/python3.12/site-packages/***/task/task_runner/standard_task_runner.py:61 DeprecationWarning: This process (pid=2559) is multi-threaded, use of fork() may lead to deadlocks in the child.
[2024-07-15T06:30:20.133+0000] {standard_task_runner.py:63} INFO - Started process 2570 to run task
[2024-07-15T06:30:20.197+0000] {task_command.py:426} INFO - Running <TaskInstance: save_spread_values.save_and_flush_task scheduled__2024-07-14T00:20:00+00:00 [running]> on host 52e7a9c3d832
[2024-07-15T06:30:20.290+0000] {taskinstance.py:2648} INFO - Exporting env vars: AIRFLOW_CTX_DAG_OWNER='***' AIRFLOW_CTX_DAG_ID='save_spread_values' AIRFLOW_CTX_TASK_ID='save_and_flush_task' AIRFLOW_CTX_EXECUTION_DATE='2024-07-14T00:20:00+00:00' AIRFLOW_CTX_TRY_NUMBER='1' AIRFLOW_CTX_DAG_RUN_ID='scheduled__2024-07-14T00:20:00+00:00'
[2024-07-15T06:30:20.296+0000] {taskinstance.py:430} INFO - ::endgroup::
[2024-07-15T06:30:20.315+0000] {taskinstance.py:441} INFO - ::group::Post task execution logs
[2024-07-15T06:30:20.323+0000] {taskinstance.py:2905} ERROR - Task failed with exception
Traceback (most recent call last):
  File "/home/airflow/.local/lib/python3.12/site-packages/airflow/models/taskinstance.py", line 465, in _execute_task
    result = _execute_callable(context=context, **execute_callable_kwargs)
             ^^^^^^^^^^^^^^^^^^^^^^^^^^^^^^^^^^^^^^^^^^^^^^^^^^^^^^^^^^^^^
  File "/home/airflow/.local/lib/python3.12/site-packages/airflow/models/taskinstance.py", line 432, in _execute_callable
    return execute_callable(context=context, **execute_callable_kwargs)
           ^^^^^^^^^^^^^^^^^^^^^^^^^^^^^^^^^^^^^^^^^^^^^^^^^^^^^^^^^^^^
  File "/home/airflow/.local/lib/python3.12/site-packages/airflow/models/baseoperator.py", line 401, in wrapper
    return func(self, *args, **kwargs)
           ^^^^^^^^^^^^^^^^^^^^^^^^^^^
  File "/home/airflow/.local/lib/python3.12/site-packages/airflow/operators/python.py", line 235, in execute
    return_value = self.execute_callable()
                   ^^^^^^^^^^^^^^^^^^^^^^^
  File "/home/airflow/.local/lib/python3.12/site-packages/airflow/operators/python.py", line 252, in execute_callable
    return self.python_callable(*self.op_args, **self.op_kwargs)
           ^^^^^^^^^^^^^^^^^^^^^^^^^^^^^^^^^^^^^^^^^^^^^^^^^^^^^
  File "/opt/airflow/dags/et_dag.py", line 38, in trigger_save_and_flush
    logging('Invoking method to save data from records')
TypeError: 'module' object is not callable
[2024-07-15T06:30:20.350+0000] {taskinstance.py:1206} INFO - Marking task as UP_FOR_RETRY. dag_id=save_spread_values, task_id=save_and_flush_task, run_id=scheduled__2024-07-14T00:20:00+00:00, execution_date=20240714T002000, start_date=20240715T063020, end_date=20240715T063020
[2024-07-15T06:30:20.365+0000] {standard_task_runner.py:110} ERROR - Failed to execute job 35 for task save_and_flush_task ('module' object is not callable; 2570)
[2024-07-15T06:30:20.402+0000] {local_task_job_runner.py:240} INFO - Task exited with return code 1
[2024-07-15T06:30:20.419+0000] {taskinstance.py:3503} INFO - 0 downstream tasks scheduled from follow-on schedule check
[2024-07-15T06:30:20.425+0000] {local_task_job_runner.py:222} INFO - ::endgroup::
[2024-07-15T07:08:35.767+0000] {local_task_job_runner.py:120} INFO - ::group::Pre task execution logs
[2024-07-15T07:08:35.805+0000] {taskinstance.py:2076} INFO - Dependencies all met for dep_context=non-requeueable deps ti=<TaskInstance: save_spread_values.save_and_flush_task scheduled__2024-07-14T00:20:00+00:00 [queued]>
[2024-07-15T07:08:35.814+0000] {taskinstance.py:2076} INFO - Dependencies all met for dep_context=requeueable deps ti=<TaskInstance: save_spread_values.save_and_flush_task scheduled__2024-07-14T00:20:00+00:00 [queued]>
[2024-07-15T07:08:35.817+0000] {taskinstance.py:2306} INFO - Starting attempt 1 of 2
[2024-07-15T07:08:35.832+0000] {taskinstance.py:2330} INFO - Executing <Task(PythonOperator): save_and_flush_task> on 2024-07-14 00:20:00+00:00
[2024-07-15T07:08:35.841+0000] {standard_task_runner.py:90} INFO - Running: ['***', 'tasks', 'run', 'save_spread_values', 'save_and_flush_task', 'scheduled__2024-07-14T00:20:00+00:00', '--job-id', '5', '--raw', '--subdir', 'DAGS_FOLDER/et_dag.py', '--cfg-path', '/tmp/tmpgncb_ytb']
[2024-07-15T07:08:35.846+0000] {standard_task_runner.py:91} INFO - Job 5: Subtask save_and_flush_task
[2024-07-15T07:08:35.847+0000] {logging_mixin.py:188} WARNING - /home/***/.local/lib/python3.12/site-packages/***/task/task_runner/standard_task_runner.py:61 DeprecationWarning: This process (pid=206) is multi-threaded, use of fork() may lead to deadlocks in the child.
[2024-07-15T07:08:35.848+0000] {standard_task_runner.py:63} INFO - Started process 213 to run task
[2024-07-15T07:08:35.915+0000] {task_command.py:426} INFO - Running <TaskInstance: save_spread_values.save_and_flush_task scheduled__2024-07-14T00:20:00+00:00 [running]> on host 07ee111a4cec
[2024-07-15T07:08:36.018+0000] {taskinstance.py:2648} INFO - Exporting env vars: AIRFLOW_CTX_DAG_OWNER='***' AIRFLOW_CTX_DAG_ID='save_spread_values' AIRFLOW_CTX_TASK_ID='save_and_flush_task' AIRFLOW_CTX_EXECUTION_DATE='2024-07-14T00:20:00+00:00' AIRFLOW_CTX_TRY_NUMBER='1' AIRFLOW_CTX_DAG_RUN_ID='scheduled__2024-07-14T00:20:00+00:00'
[2024-07-15T07:08:36.019+0000] {taskinstance.py:430} INFO - ::endgroup::
[2024-07-15T07:08:36.032+0000] {taskinstance.py:441} INFO - ::group::Post task execution logs
[2024-07-15T07:08:36.033+0000] {taskinstance.py:2905} ERROR - Task failed with exception
Traceback (most recent call last):
  File "/home/airflow/.local/lib/python3.12/site-packages/airflow/models/taskinstance.py", line 465, in _execute_task
    result = _execute_callable(context=context, **execute_callable_kwargs)
             ^^^^^^^^^^^^^^^^^^^^^^^^^^^^^^^^^^^^^^^^^^^^^^^^^^^^^^^^^^^^^
  File "/home/airflow/.local/lib/python3.12/site-packages/airflow/models/taskinstance.py", line 432, in _execute_callable
    return execute_callable(context=context, **execute_callable_kwargs)
           ^^^^^^^^^^^^^^^^^^^^^^^^^^^^^^^^^^^^^^^^^^^^^^^^^^^^^^^^^^^^
  File "/home/airflow/.local/lib/python3.12/site-packages/airflow/models/baseoperator.py", line 401, in wrapper
    return func(self, *args, **kwargs)
           ^^^^^^^^^^^^^^^^^^^^^^^^^^^
  File "/home/airflow/.local/lib/python3.12/site-packages/airflow/operators/python.py", line 235, in execute
    return_value = self.execute_callable()
                   ^^^^^^^^^^^^^^^^^^^^^^^
  File "/home/airflow/.local/lib/python3.12/site-packages/airflow/operators/python.py", line 252, in execute_callable
    return self.python_callable(*self.op_args, **self.op_kwargs)
           ^^^^^^^^^^^^^^^^^^^^^^^^^^^^^^^^^^^^^^^^^^^^^^^^^^^^^
  File "/opt/airflow/dags/et_dag.py", line 38, in trigger_save_and_flush
    logging('Invoking method to save data from records')
TypeError: 'module' object is not callable
[2024-07-15T07:08:36.048+0000] {taskinstance.py:1206} INFO - Marking task as UP_FOR_RETRY. dag_id=save_spread_values, task_id=save_and_flush_task, run_id=scheduled__2024-07-14T00:20:00+00:00, execution_date=20240714T002000, start_date=20240715T070835, end_date=20240715T070836
[2024-07-15T07:08:36.061+0000] {standard_task_runner.py:110} ERROR - Failed to execute job 5 for task save_and_flush_task ('module' object is not callable; 213)
[2024-07-15T07:08:36.078+0000] {local_task_job_runner.py:240} INFO - Task exited with return code 1
[2024-07-15T07:08:36.101+0000] {local_task_job_runner.py:222} INFO - ::endgroup::
