[2024-07-14T09:03:19.420+0000] {local_task_job_runner.py:120} INFO - ::group::Pre task execution logs
[2024-07-14T09:03:19.459+0000] {taskinstance.py:2076} INFO - Dependencies all met for dep_context=non-requeueable deps ti=<TaskInstance: fetch_spread_values.fetch_and_compute_spread_btc_mxn scheduled__2024-07-14T07:07:00+00:00 [queued]>
[2024-07-14T09:03:19.466+0000] {taskinstance.py:2076} INFO - Dependencies all met for dep_context=requeueable deps ti=<TaskInstance: fetch_spread_values.fetch_and_compute_spread_btc_mxn scheduled__2024-07-14T07:07:00+00:00 [queued]>
[2024-07-14T09:03:19.473+0000] {taskinstance.py:2306} INFO - Starting attempt 1 of 2
[2024-07-14T09:03:19.499+0000] {taskinstance.py:2330} INFO - Executing <Task(PythonOperator): fetch_and_compute_spread_btc_mxn> on 2024-07-14 07:07:00+00:00
[2024-07-14T09:03:19.598+0000] {standard_task_runner.py:90} INFO - Running: ['***', 'tasks', 'run', 'fetch_spread_values', 'fetch_and_compute_spread_btc_mxn', 'scheduled__2024-07-14T07:07:00+00:00', '--job-id', '882', '--raw', '--subdir', 'DAGS_FOLDER/***.py', '--cfg-path', '/tmp/tmp52a513n5']
[2024-07-14T09:03:19.606+0000] {standard_task_runner.py:91} INFO - Job 882: Subtask fetch_and_compute_spread_btc_mxn
[2024-07-14T09:03:19.581+0000] {warnings.py:112} WARNING - /home/***/.local/lib/python3.12/site-packages/***/task/task_runner/standard_task_runner.py:61: DeprecationWarning: This process (pid=2752) is multi-threaded, use of fork() may lead to deadlocks in the child.
  pid = os.fork()

[2024-07-14T09:03:19.606+0000] {standard_task_runner.py:63} INFO - Started process 2779 to run task
[2024-07-14T09:03:19.733+0000] {task_command.py:426} INFO - Running <TaskInstance: fetch_spread_values.fetch_and_compute_spread_btc_mxn scheduled__2024-07-14T07:07:00+00:00 [running]> on host d537c34a4880
[2024-07-14T09:03:19.922+0000] {taskinstance.py:2648} INFO - Exporting env vars: AIRFLOW_CTX_DAG_OWNER='***' AIRFLOW_CTX_DAG_ID='fetch_spread_values' AIRFLOW_CTX_TASK_ID='fetch_and_compute_spread_btc_mxn' AIRFLOW_CTX_EXECUTION_DATE='2024-07-14T07:07:00+00:00' AIRFLOW_CTX_TRY_NUMBER='1' AIRFLOW_CTX_DAG_RUN_ID='scheduled__2024-07-14T07:07:00+00:00'
[2024-07-14T09:03:19.934+0000] {taskinstance.py:430} INFO - ::endgroup::
[2024-07-14T09:03:20.354+0000] {python.py:237} INFO - Done. Returned value was: None
[2024-07-14T09:03:20.368+0000] {taskinstance.py:441} INFO - ::group::Post task execution logs
[2024-07-14T09:03:20.421+0000] {taskinstance.py:1206} INFO - Marking task as SUCCESS. dag_id=fetch_spread_values, task_id=fetch_and_compute_spread_btc_mxn, run_id=scheduled__2024-07-14T07:07:00+00:00, execution_date=20240714T070700, start_date=20240714T090319, end_date=20240714T090320
[2024-07-14T09:03:20.453+0000] {local_task_job_runner.py:240} INFO - Task exited with return code 0
[2024-07-14T09:03:20.518+0000] {taskinstance.py:3503} INFO - 0 downstream tasks scheduled from follow-on schedule check
[2024-07-14T09:03:20.550+0000] {local_task_job_runner.py:222} INFO - ::endgroup::
[2024-07-14T20:35:12.433+0000] {local_task_job_runner.py:120} INFO - ::group::Pre task execution logs
[2024-07-14T20:35:12.465+0000] {taskinstance.py:2076} INFO - Dependencies all met for dep_context=non-requeueable deps ti=<TaskInstance: fetch_spread_values.fetch_and_compute_spread_btc_mxn scheduled__2024-07-14T07:07:00+00:00 [queued]>
[2024-07-14T20:35:12.469+0000] {taskinstance.py:2076} INFO - Dependencies all met for dep_context=requeueable deps ti=<TaskInstance: fetch_spread_values.fetch_and_compute_spread_btc_mxn scheduled__2024-07-14T07:07:00+00:00 [queued]>
[2024-07-14T20:35:12.471+0000] {taskinstance.py:2306} INFO - Starting attempt 1 of 2
[2024-07-14T20:35:12.484+0000] {taskinstance.py:2330} INFO - Executing <Task(PythonOperator): fetch_and_compute_spread_btc_mxn> on 2024-07-14 07:07:00+00:00
[2024-07-14T20:35:12.489+0000] {logging_mixin.py:188} WARNING - /home/***/.local/lib/python3.12/site-packages/***/task/task_runner/standard_task_runner.py:61 DeprecationWarning: This process (pid=2081) is multi-threaded, use of fork() may lead to deadlocks in the child.
[2024-07-14T20:35:12.493+0000] {standard_task_runner.py:63} INFO - Started process 2089 to run task
[2024-07-14T20:35:12.492+0000] {standard_task_runner.py:90} INFO - Running: ['***', 'tasks', 'run', 'fetch_spread_values', 'fetch_and_compute_spread_btc_mxn', 'scheduled__2024-07-14T07:07:00+00:00', '--job-id', '940', '--raw', '--subdir', 'DAGS_FOLDER/***.py', '--cfg-path', '/tmp/tmp_jt3vuhh']
[2024-07-14T20:35:12.499+0000] {standard_task_runner.py:91} INFO - Job 940: Subtask fetch_and_compute_spread_btc_mxn
[2024-07-14T20:35:12.567+0000] {task_command.py:426} INFO - Running <TaskInstance: fetch_spread_values.fetch_and_compute_spread_btc_mxn scheduled__2024-07-14T07:07:00+00:00 [running]> on host 77caf7e4b282
[2024-07-14T20:35:12.711+0000] {taskinstance.py:2648} INFO - Exporting env vars: AIRFLOW_CTX_DAG_OWNER='***' AIRFLOW_CTX_DAG_ID='fetch_spread_values' AIRFLOW_CTX_TASK_ID='fetch_and_compute_spread_btc_mxn' AIRFLOW_CTX_EXECUTION_DATE='2024-07-14T07:07:00+00:00' AIRFLOW_CTX_TRY_NUMBER='1' AIRFLOW_CTX_DAG_RUN_ID='scheduled__2024-07-14T07:07:00+00:00'
[2024-07-14T20:35:12.712+0000] {taskinstance.py:430} INFO - ::endgroup::
[2024-07-14T20:35:12.946+0000] {python.py:237} INFO - Done. Returned value was: None
[2024-07-14T20:35:12.947+0000] {taskinstance.py:441} INFO - ::group::Post task execution logs
[2024-07-14T20:35:12.952+0000] {taskinstance.py:1206} INFO - Marking task as SUCCESS. dag_id=fetch_spread_values, task_id=fetch_and_compute_spread_btc_mxn, run_id=scheduled__2024-07-14T07:07:00+00:00, execution_date=20240714T070700, start_date=20240714T203512, end_date=20240714T203512
[2024-07-14T20:35:12.977+0000] {local_task_job_runner.py:240} INFO - Task exited with return code 0
[2024-07-14T20:35:12.988+0000] {taskinstance.py:3503} INFO - 0 downstream tasks scheduled from follow-on schedule check
[2024-07-14T20:35:12.989+0000] {local_task_job_runner.py:222} INFO - ::endgroup::
