[2024-07-14T16:33:52.069+0000] {local_task_job_runner.py:120} INFO - ::group::Pre task execution logs
[2024-07-14T16:33:52.163+0000] {taskinstance.py:2076} INFO - Dependencies all met for dep_context=non-requeueable deps ti=<TaskInstance: fetch_spread_values.fetch_and_compute_spread_usd_mxn scheduled__2024-07-14T16:16:00+00:00 [queued]>
[2024-07-14T16:33:52.212+0000] {taskinstance.py:2076} INFO - Dependencies all met for dep_context=requeueable deps ti=<TaskInstance: fetch_spread_values.fetch_and_compute_spread_usd_mxn scheduled__2024-07-14T16:16:00+00:00 [queued]>
[2024-07-14T16:33:52.213+0000] {taskinstance.py:2306} INFO - Starting attempt 1 of 2
[2024-07-14T16:33:52.271+0000] {taskinstance.py:2330} INFO - Executing <Task(PythonOperator): fetch_and_compute_spread_usd_mxn> on 2024-07-14 16:16:00+00:00
[2024-07-14T16:33:52.292+0000] {warnings.py:112} WARNING - /home/***/.local/lib/python3.12/site-packages/***/task/task_runner/standard_task_runner.py:61: DeprecationWarning: This process (pid=6948) is multi-threaded, use of fork() may lead to deadlocks in the child.
  pid = os.fork()

[2024-07-14T16:33:52.310+0000] {standard_task_runner.py:63} INFO - Started process 6972 to run task
[2024-07-14T16:33:52.338+0000] {standard_task_runner.py:90} INFO - Running: ['***', 'tasks', 'run', 'fetch_spread_values', 'fetch_and_compute_spread_usd_mxn', 'scheduled__2024-07-14T16:16:00+00:00', '--job-id', '2090', '--raw', '--subdir', 'DAGS_FOLDER/***.py', '--cfg-path', '/tmp/tmpk8xvfzfd']
[2024-07-14T16:33:52.354+0000] {standard_task_runner.py:91} INFO - Job 2090: Subtask fetch_and_compute_spread_usd_mxn
[2024-07-14T16:33:52.579+0000] {task_command.py:426} INFO - Running <TaskInstance: fetch_spread_values.fetch_and_compute_spread_usd_mxn scheduled__2024-07-14T16:16:00+00:00 [running]> on host d537c34a4880
[2024-07-14T16:33:52.936+0000] {taskinstance.py:2648} INFO - Exporting env vars: AIRFLOW_CTX_DAG_OWNER='***' AIRFLOW_CTX_DAG_ID='fetch_spread_values' AIRFLOW_CTX_TASK_ID='fetch_and_compute_spread_usd_mxn' AIRFLOW_CTX_EXECUTION_DATE='2024-07-14T16:16:00+00:00' AIRFLOW_CTX_TRY_NUMBER='1' AIRFLOW_CTX_DAG_RUN_ID='scheduled__2024-07-14T16:16:00+00:00'
[2024-07-14T16:33:52.955+0000] {taskinstance.py:430} INFO - ::endgroup::
[2024-07-14T16:33:53.775+0000] {python.py:237} INFO - Done. Returned value was: None
[2024-07-14T16:33:53.795+0000] {taskinstance.py:441} INFO - ::group::Post task execution logs
[2024-07-14T16:33:53.850+0000] {taskinstance.py:1206} INFO - Marking task as SUCCESS. dag_id=fetch_spread_values, task_id=fetch_and_compute_spread_usd_mxn, run_id=scheduled__2024-07-14T16:16:00+00:00, execution_date=20240714T161600, start_date=20240714T163352, end_date=20240714T163353
[2024-07-14T16:33:54.170+0000] {local_task_job_runner.py:240} INFO - Task exited with return code 0
[2024-07-14T16:33:54.300+0000] {taskinstance.py:3503} INFO - 0 downstream tasks scheduled from follow-on schedule check
[2024-07-14T16:33:54.324+0000] {local_task_job_runner.py:222} INFO - ::endgroup::
[2024-07-14T20:38:58.969+0000] {local_task_job_runner.py:120} INFO - ::group::Pre task execution logs
[2024-07-14T20:38:58.993+0000] {taskinstance.py:2076} INFO - Dependencies all met for dep_context=non-requeueable deps ti=<TaskInstance: fetch_spread_values.fetch_and_compute_spread_usd_mxn scheduled__2024-07-14T16:16:00+00:00 [queued]>
[2024-07-14T20:38:58.997+0000] {taskinstance.py:2076} INFO - Dependencies all met for dep_context=requeueable deps ti=<TaskInstance: fetch_spread_values.fetch_and_compute_spread_usd_mxn scheduled__2024-07-14T16:16:00+00:00 [queued]>
[2024-07-14T20:38:58.997+0000] {taskinstance.py:2306} INFO - Starting attempt 1 of 2
[2024-07-14T20:38:59.014+0000] {taskinstance.py:2330} INFO - Executing <Task(PythonOperator): fetch_and_compute_spread_usd_mxn> on 2024-07-14 16:16:00+00:00
[2024-07-14T20:38:59.020+0000] {logging_mixin.py:188} WARNING - /home/***/.local/lib/python3.12/site-packages/***/task/task_runner/standard_task_runner.py:61 DeprecationWarning: This process (pid=4408) is multi-threaded, use of fork() may lead to deadlocks in the child.
[2024-07-14T20:38:59.022+0000] {standard_task_runner.py:90} INFO - Running: ['***', 'tasks', 'run', 'fetch_spread_values', 'fetch_and_compute_spread_usd_mxn', 'scheduled__2024-07-14T16:16:00+00:00', '--job-id', '2080', '--raw', '--subdir', 'DAGS_FOLDER/***.py', '--cfg-path', '/tmp/tmpqjlrggkz']
[2024-07-14T20:38:59.027+0000] {standard_task_runner.py:63} INFO - Started process 4415 to run task
[2024-07-14T20:38:59.030+0000] {standard_task_runner.py:91} INFO - Job 2080: Subtask fetch_and_compute_spread_usd_mxn
[2024-07-14T20:38:59.070+0000] {task_command.py:426} INFO - Running <TaskInstance: fetch_spread_values.fetch_and_compute_spread_usd_mxn scheduled__2024-07-14T16:16:00+00:00 [running]> on host 77caf7e4b282
[2024-07-14T20:38:59.178+0000] {taskinstance.py:2648} INFO - Exporting env vars: AIRFLOW_CTX_DAG_OWNER='***' AIRFLOW_CTX_DAG_ID='fetch_spread_values' AIRFLOW_CTX_TASK_ID='fetch_and_compute_spread_usd_mxn' AIRFLOW_CTX_EXECUTION_DATE='2024-07-14T16:16:00+00:00' AIRFLOW_CTX_TRY_NUMBER='1' AIRFLOW_CTX_DAG_RUN_ID='scheduled__2024-07-14T16:16:00+00:00'
[2024-07-14T20:38:59.180+0000] {taskinstance.py:430} INFO - ::endgroup::
[2024-07-14T20:38:59.388+0000] {python.py:237} INFO - Done. Returned value was: None
[2024-07-14T20:38:59.390+0000] {taskinstance.py:441} INFO - ::group::Post task execution logs
[2024-07-14T20:38:59.400+0000] {taskinstance.py:1206} INFO - Marking task as SUCCESS. dag_id=fetch_spread_values, task_id=fetch_and_compute_spread_usd_mxn, run_id=scheduled__2024-07-14T16:16:00+00:00, execution_date=20240714T161600, start_date=20240714T203858, end_date=20240714T203859
[2024-07-14T20:38:59.467+0000] {local_task_job_runner.py:240} INFO - Task exited with return code 0
[2024-07-14T20:38:59.485+0000] {local_task_job_runner.py:222} INFO - ::endgroup::
