[2024-07-14T17:51:43.330+0000] {local_task_job_runner.py:120} INFO - ::group::Pre task execution logs
[2024-07-14T17:51:43.396+0000] {taskinstance.py:2076} INFO - Dependencies all met for dep_context=non-requeueable deps ti=<TaskInstance: fetch_spread_values.fetch_and_compute_spread_btc_mxn scheduled__2024-07-14T17:45:00+00:00 [queued]>
[2024-07-14T17:51:43.420+0000] {taskinstance.py:2076} INFO - Dependencies all met for dep_context=requeueable deps ti=<TaskInstance: fetch_spread_values.fetch_and_compute_spread_btc_mxn scheduled__2024-07-14T17:45:00+00:00 [queued]>
[2024-07-14T17:51:43.425+0000] {taskinstance.py:2306} INFO - Starting attempt 1 of 2
[2024-07-14T17:51:43.487+0000] {taskinstance.py:2330} INFO - Executing <Task(PythonOperator): fetch_and_compute_spread_btc_mxn> on 2024-07-14 17:45:00+00:00
[2024-07-14T17:51:43.522+0000] {warnings.py:112} WARNING - /home/***/.local/lib/python3.12/site-packages/***/task/task_runner/standard_task_runner.py:61: DeprecationWarning: This process (pid=7556) is multi-threaded, use of fork() may lead to deadlocks in the child.
  pid = os.fork()

[2024-07-14T17:51:43.539+0000] {standard_task_runner.py:63} INFO - Started process 7585 to run task
[2024-07-14T17:51:43.531+0000] {standard_task_runner.py:90} INFO - Running: ['***', 'tasks', 'run', 'fetch_spread_values', 'fetch_and_compute_spread_btc_mxn', 'scheduled__2024-07-14T17:45:00+00:00', '--job-id', '2278', '--raw', '--subdir', 'DAGS_FOLDER/***.py', '--cfg-path', '/tmp/tmpz9rz3533']
[2024-07-14T17:51:43.555+0000] {standard_task_runner.py:91} INFO - Job 2278: Subtask fetch_and_compute_spread_btc_mxn
[2024-07-14T17:51:43.770+0000] {task_command.py:426} INFO - Running <TaskInstance: fetch_spread_values.fetch_and_compute_spread_btc_mxn scheduled__2024-07-14T17:45:00+00:00 [running]> on host d537c34a4880
[2024-07-14T17:51:44.036+0000] {taskinstance.py:2648} INFO - Exporting env vars: AIRFLOW_CTX_DAG_OWNER='***' AIRFLOW_CTX_DAG_ID='fetch_spread_values' AIRFLOW_CTX_TASK_ID='fetch_and_compute_spread_btc_mxn' AIRFLOW_CTX_EXECUTION_DATE='2024-07-14T17:45:00+00:00' AIRFLOW_CTX_TRY_NUMBER='1' AIRFLOW_CTX_DAG_RUN_ID='scheduled__2024-07-14T17:45:00+00:00'
[2024-07-14T17:51:44.063+0000] {taskinstance.py:430} INFO - ::endgroup::
[2024-07-14T17:51:44.418+0000] {python.py:237} INFO - Done. Returned value was: None
[2024-07-14T17:51:44.420+0000] {taskinstance.py:441} INFO - ::group::Post task execution logs
[2024-07-14T17:51:44.434+0000] {taskinstance.py:1206} INFO - Marking task as SUCCESS. dag_id=fetch_spread_values, task_id=fetch_and_compute_spread_btc_mxn, run_id=scheduled__2024-07-14T17:45:00+00:00, execution_date=20240714T174500, start_date=20240714T175143, end_date=20240714T175144
[2024-07-14T17:51:44.490+0000] {local_task_job_runner.py:240} INFO - Task exited with return code 0
[2024-07-14T17:51:44.500+0000] {local_task_job_runner.py:222} INFO - ::endgroup::
[2024-07-14T20:39:33.523+0000] {local_task_job_runner.py:120} INFO - ::group::Pre task execution logs
[2024-07-14T20:39:33.560+0000] {taskinstance.py:2076} INFO - Dependencies all met for dep_context=non-requeueable deps ti=<TaskInstance: fetch_spread_values.fetch_and_compute_spread_btc_mxn scheduled__2024-07-14T17:45:00+00:00 [queued]>
[2024-07-14T20:39:33.568+0000] {taskinstance.py:2076} INFO - Dependencies all met for dep_context=requeueable deps ti=<TaskInstance: fetch_spread_values.fetch_and_compute_spread_btc_mxn scheduled__2024-07-14T17:45:00+00:00 [queued]>
[2024-07-14T20:39:33.571+0000] {taskinstance.py:2306} INFO - Starting attempt 1 of 2
[2024-07-14T20:39:33.612+0000] {taskinstance.py:2330} INFO - Executing <Task(PythonOperator): fetch_and_compute_spread_btc_mxn> on 2024-07-14 17:45:00+00:00
[2024-07-14T20:39:33.626+0000] {logging_mixin.py:188} WARNING - /home/***/.local/lib/python3.12/site-packages/***/task/task_runner/standard_task_runner.py:61 DeprecationWarning: This process (pid=4765) is multi-threaded, use of fork() may lead to deadlocks in the child.
[2024-07-14T20:39:33.628+0000] {standard_task_runner.py:63} INFO - Started process 4777 to run task
[2024-07-14T20:39:33.626+0000] {standard_task_runner.py:90} INFO - Running: ['***', 'tasks', 'run', 'fetch_spread_values', 'fetch_and_compute_spread_btc_mxn', 'scheduled__2024-07-14T17:45:00+00:00', '--job-id', '2258', '--raw', '--subdir', 'DAGS_FOLDER/***.py', '--cfg-path', '/tmp/tmp3xt5mx3w']
[2024-07-14T20:39:33.633+0000] {standard_task_runner.py:91} INFO - Job 2258: Subtask fetch_and_compute_spread_btc_mxn
[2024-07-14T20:39:33.722+0000] {task_command.py:426} INFO - Running <TaskInstance: fetch_spread_values.fetch_and_compute_spread_btc_mxn scheduled__2024-07-14T17:45:00+00:00 [running]> on host 77caf7e4b282
[2024-07-14T20:39:33.877+0000] {taskinstance.py:2648} INFO - Exporting env vars: AIRFLOW_CTX_DAG_OWNER='***' AIRFLOW_CTX_DAG_ID='fetch_spread_values' AIRFLOW_CTX_TASK_ID='fetch_and_compute_spread_btc_mxn' AIRFLOW_CTX_EXECUTION_DATE='2024-07-14T17:45:00+00:00' AIRFLOW_CTX_TRY_NUMBER='1' AIRFLOW_CTX_DAG_RUN_ID='scheduled__2024-07-14T17:45:00+00:00'
[2024-07-14T20:39:33.878+0000] {taskinstance.py:430} INFO - ::endgroup::
[2024-07-14T20:39:34.093+0000] {python.py:237} INFO - Done. Returned value was: None
[2024-07-14T20:39:34.100+0000] {taskinstance.py:441} INFO - ::group::Post task execution logs
[2024-07-14T20:39:34.114+0000] {taskinstance.py:1206} INFO - Marking task as SUCCESS. dag_id=fetch_spread_values, task_id=fetch_and_compute_spread_btc_mxn, run_id=scheduled__2024-07-14T17:45:00+00:00, execution_date=20240714T174500, start_date=20240714T203933, end_date=20240714T203934
[2024-07-14T20:39:34.151+0000] {local_task_job_runner.py:240} INFO - Task exited with return code 0
[2024-07-14T20:39:34.181+0000] {local_task_job_runner.py:222} INFO - ::endgroup::
