[2024-07-14T11:31:09.466+0000] {local_task_job_runner.py:120} INFO - ::group::Pre task execution logs
[2024-07-14T11:31:09.477+0000] {taskinstance.py:2076} INFO - Dependencies all met for dep_context=non-requeueable deps ti=<TaskInstance: fetch_spread_values.fetch_and_compute_spread_btc_mxn scheduled__2024-07-14T11:30:00+00:00 [queued]>
[2024-07-14T11:31:09.480+0000] {taskinstance.py:2076} INFO - Dependencies all met for dep_context=requeueable deps ti=<TaskInstance: fetch_spread_values.fetch_and_compute_spread_btc_mxn scheduled__2024-07-14T11:30:00+00:00 [queued]>
[2024-07-14T11:31:09.481+0000] {taskinstance.py:2306} INFO - Starting attempt 1 of 2
[2024-07-14T11:31:09.487+0000] {taskinstance.py:2330} INFO - Executing <Task(PythonOperator): fetch_and_compute_spread_btc_mxn> on 2024-07-14 11:30:00+00:00
[2024-07-14T11:31:09.491+0000] {warnings.py:112} WARNING - /home/***/.local/lib/python3.12/site-packages/***/task/task_runner/standard_task_runner.py:61: DeprecationWarning: This process (pid=4943) is multi-threaded, use of fork() may lead to deadlocks in the child.
  pid = os.fork()

[2024-07-14T11:31:09.494+0000] {standard_task_runner.py:63} INFO - Started process 4951 to run task
[2024-07-14T11:31:09.493+0000] {standard_task_runner.py:90} INFO - Running: ['***', 'tasks', 'run', 'fetch_spread_values', 'fetch_and_compute_spread_btc_mxn', 'scheduled__2024-07-14T11:30:00+00:00', '--job-id', '1479', '--raw', '--subdir', 'DAGS_FOLDER/***.py', '--cfg-path', '/tmp/tmpqxatk3jf']
[2024-07-14T11:31:09.495+0000] {standard_task_runner.py:91} INFO - Job 1479: Subtask fetch_and_compute_spread_btc_mxn
[2024-07-14T11:31:09.520+0000] {task_command.py:426} INFO - Running <TaskInstance: fetch_spread_values.fetch_and_compute_spread_btc_mxn scheduled__2024-07-14T11:30:00+00:00 [running]> on host d537c34a4880
[2024-07-14T11:31:09.578+0000] {taskinstance.py:2648} INFO - Exporting env vars: AIRFLOW_CTX_DAG_OWNER='***' AIRFLOW_CTX_DAG_ID='fetch_spread_values' AIRFLOW_CTX_TASK_ID='fetch_and_compute_spread_btc_mxn' AIRFLOW_CTX_EXECUTION_DATE='2024-07-14T11:30:00+00:00' AIRFLOW_CTX_TRY_NUMBER='1' AIRFLOW_CTX_DAG_RUN_ID='scheduled__2024-07-14T11:30:00+00:00'
[2024-07-14T11:31:09.580+0000] {taskinstance.py:430} INFO - ::endgroup::
[2024-07-14T11:31:09.922+0000] {python.py:237} INFO - Done. Returned value was: None
[2024-07-14T11:31:09.923+0000] {taskinstance.py:441} INFO - ::group::Post task execution logs
[2024-07-14T11:31:09.935+0000] {taskinstance.py:1206} INFO - Marking task as SUCCESS. dag_id=fetch_spread_values, task_id=fetch_and_compute_spread_btc_mxn, run_id=scheduled__2024-07-14T11:30:00+00:00, execution_date=20240714T113000, start_date=20240714T113109, end_date=20240714T113109
[2024-07-14T11:31:09.989+0000] {local_task_job_runner.py:240} INFO - Task exited with return code 0
[2024-07-14T11:31:10.000+0000] {taskinstance.py:3503} INFO - 0 downstream tasks scheduled from follow-on schedule check
[2024-07-14T11:31:10.001+0000] {local_task_job_runner.py:222} INFO - ::endgroup::
[2024-07-14T20:37:14.006+0000] {local_task_job_runner.py:120} INFO - ::group::Pre task execution logs
[2024-07-14T20:37:14.037+0000] {taskinstance.py:2076} INFO - Dependencies all met for dep_context=non-requeueable deps ti=<TaskInstance: fetch_spread_values.fetch_and_compute_spread_btc_mxn scheduled__2024-07-14T11:30:00+00:00 [queued]>
[2024-07-14T20:37:14.047+0000] {taskinstance.py:2076} INFO - Dependencies all met for dep_context=requeueable deps ti=<TaskInstance: fetch_spread_values.fetch_and_compute_spread_btc_mxn scheduled__2024-07-14T11:30:00+00:00 [queued]>
[2024-07-14T20:37:14.048+0000] {taskinstance.py:2306} INFO - Starting attempt 1 of 2
[2024-07-14T20:37:14.080+0000] {taskinstance.py:2330} INFO - Executing <Task(PythonOperator): fetch_and_compute_spread_btc_mxn> on 2024-07-14 11:30:00+00:00
[2024-07-14T20:37:14.091+0000] {logging_mixin.py:188} WARNING - /home/***/.local/lib/python3.12/site-packages/***/task/task_runner/standard_task_runner.py:61 DeprecationWarning: This process (pid=3239) is multi-threaded, use of fork() may lead to deadlocks in the child.
[2024-07-14T20:37:14.099+0000] {standard_task_runner.py:63} INFO - Started process 3249 to run task
[2024-07-14T20:37:14.095+0000] {standard_task_runner.py:90} INFO - Running: ['***', 'tasks', 'run', 'fetch_spread_values', 'fetch_and_compute_spread_btc_mxn', 'scheduled__2024-07-14T11:30:00+00:00', '--job-id', '1508', '--raw', '--subdir', 'DAGS_FOLDER/***.py', '--cfg-path', '/tmp/tmp14frlz7g']
[2024-07-14T20:37:14.104+0000] {standard_task_runner.py:91} INFO - Job 1508: Subtask fetch_and_compute_spread_btc_mxn
[2024-07-14T20:37:14.182+0000] {task_command.py:426} INFO - Running <TaskInstance: fetch_spread_values.fetch_and_compute_spread_btc_mxn scheduled__2024-07-14T11:30:00+00:00 [running]> on host 77caf7e4b282
[2024-07-14T20:37:14.274+0000] {taskinstance.py:2648} INFO - Exporting env vars: AIRFLOW_CTX_DAG_OWNER='***' AIRFLOW_CTX_DAG_ID='fetch_spread_values' AIRFLOW_CTX_TASK_ID='fetch_and_compute_spread_btc_mxn' AIRFLOW_CTX_EXECUTION_DATE='2024-07-14T11:30:00+00:00' AIRFLOW_CTX_TRY_NUMBER='1' AIRFLOW_CTX_DAG_RUN_ID='scheduled__2024-07-14T11:30:00+00:00'
[2024-07-14T20:37:14.275+0000] {taskinstance.py:430} INFO - ::endgroup::
[2024-07-14T20:37:14.465+0000] {python.py:237} INFO - Done. Returned value was: None
[2024-07-14T20:37:14.466+0000] {taskinstance.py:441} INFO - ::group::Post task execution logs
[2024-07-14T20:37:14.471+0000] {taskinstance.py:1206} INFO - Marking task as SUCCESS. dag_id=fetch_spread_values, task_id=fetch_and_compute_spread_btc_mxn, run_id=scheduled__2024-07-14T11:30:00+00:00, execution_date=20240714T113000, start_date=20240714T203714, end_date=20240714T203714
[2024-07-14T20:37:14.493+0000] {local_task_job_runner.py:240} INFO - Task exited with return code 0
[2024-07-14T20:37:14.503+0000] {taskinstance.py:3503} INFO - 0 downstream tasks scheduled from follow-on schedule check
[2024-07-14T20:37:14.504+0000] {local_task_job_runner.py:222} INFO - ::endgroup::
