[2024-07-14T08:59:44.792+0000] {local_task_job_runner.py:120} INFO - ::group::Pre task execution logs
[2024-07-14T08:59:44.849+0000] {taskinstance.py:2076} INFO - Dependencies all met for dep_context=non-requeueable deps ti=<TaskInstance: fetch_spread_values.fetch_and_compute_spread_usd_mxn scheduled__2024-07-14T03:05:00+00:00 [queued]>
[2024-07-14T08:59:44.865+0000] {taskinstance.py:2076} INFO - Dependencies all met for dep_context=requeueable deps ti=<TaskInstance: fetch_spread_values.fetch_and_compute_spread_usd_mxn scheduled__2024-07-14T03:05:00+00:00 [queued]>
[2024-07-14T08:59:44.866+0000] {taskinstance.py:2306} INFO - Starting attempt 1 of 2
[2024-07-14T08:59:44.915+0000] {taskinstance.py:2330} INFO - Executing <Task(PythonOperator): fetch_and_compute_spread_usd_mxn> on 2024-07-14 03:05:00+00:00
[2024-07-14T08:59:45.015+0000] {standard_task_runner.py:90} INFO - Running: ['***', 'tasks', 'run', 'fetch_spread_values', 'fetch_and_compute_spread_usd_mxn', 'scheduled__2024-07-14T03:05:00+00:00', '--job-id', '398', '--raw', '--subdir', 'DAGS_FOLDER/***.py', '--cfg-path', '/tmp/tmpfu4i2sp3']
[2024-07-14T08:59:45.033+0000] {standard_task_runner.py:91} INFO - Job 398: Subtask fetch_and_compute_spread_usd_mxn
[2024-07-14T08:59:45.014+0000] {warnings.py:112} WARNING - /home/***/.local/lib/python3.12/site-packages/***/task/task_runner/standard_task_runner.py:61: DeprecationWarning: This process (pid=1247) is multi-threaded, use of fork() may lead to deadlocks in the child.
  pid = os.fork()

[2024-07-14T08:59:45.045+0000] {standard_task_runner.py:63} INFO - Started process 1278 to run task
[2024-07-14T08:59:45.169+0000] {task_command.py:426} INFO - Running <TaskInstance: fetch_spread_values.fetch_and_compute_spread_usd_mxn scheduled__2024-07-14T03:05:00+00:00 [running]> on host d537c34a4880
[2024-07-14T08:59:45.375+0000] {taskinstance.py:2648} INFO - Exporting env vars: AIRFLOW_CTX_DAG_OWNER='***' AIRFLOW_CTX_DAG_ID='fetch_spread_values' AIRFLOW_CTX_TASK_ID='fetch_and_compute_spread_usd_mxn' AIRFLOW_CTX_EXECUTION_DATE='2024-07-14T03:05:00+00:00' AIRFLOW_CTX_TRY_NUMBER='1' AIRFLOW_CTX_DAG_RUN_ID='scheduled__2024-07-14T03:05:00+00:00'
[2024-07-14T08:59:45.381+0000] {taskinstance.py:430} INFO - ::endgroup::
[2024-07-14T08:59:45.637+0000] {python.py:237} INFO - Done. Returned value was: None
[2024-07-14T08:59:45.650+0000] {taskinstance.py:441} INFO - ::group::Post task execution logs
[2024-07-14T08:59:45.670+0000] {taskinstance.py:1206} INFO - Marking task as SUCCESS. dag_id=fetch_spread_values, task_id=fetch_and_compute_spread_usd_mxn, run_id=scheduled__2024-07-14T03:05:00+00:00, execution_date=20240714T030500, start_date=20240714T085944, end_date=20240714T085945
[2024-07-14T08:59:45.727+0000] {local_task_job_runner.py:240} INFO - Task exited with return code 0
[2024-07-14T08:59:45.781+0000] {taskinstance.py:3503} INFO - 0 downstream tasks scheduled from follow-on schedule check
[2024-07-14T08:59:45.787+0000] {local_task_job_runner.py:222} INFO - ::endgroup::
[2024-07-14T20:33:32.774+0000] {local_task_job_runner.py:120} INFO - ::group::Pre task execution logs
[2024-07-14T20:33:32.809+0000] {taskinstance.py:2076} INFO - Dependencies all met for dep_context=non-requeueable deps ti=<TaskInstance: fetch_spread_values.fetch_and_compute_spread_usd_mxn scheduled__2024-07-14T03:05:00+00:00 [queued]>
[2024-07-14T20:33:32.813+0000] {taskinstance.py:2076} INFO - Dependencies all met for dep_context=requeueable deps ti=<TaskInstance: fetch_spread_values.fetch_and_compute_spread_usd_mxn scheduled__2024-07-14T03:05:00+00:00 [queued]>
[2024-07-14T20:33:32.815+0000] {taskinstance.py:2306} INFO - Starting attempt 1 of 2
[2024-07-14T20:33:32.831+0000] {taskinstance.py:2330} INFO - Executing <Task(PythonOperator): fetch_and_compute_spread_usd_mxn> on 2024-07-14 03:05:00+00:00
[2024-07-14T20:33:32.835+0000] {logging_mixin.py:188} WARNING - /home/***/.local/lib/python3.12/site-packages/***/task/task_runner/standard_task_runner.py:61 DeprecationWarning: This process (pid=941) is multi-threaded, use of fork() may lead to deadlocks in the child.
[2024-07-14T20:33:32.845+0000] {standard_task_runner.py:63} INFO - Started process 949 to run task
[2024-07-14T20:33:32.838+0000] {standard_task_runner.py:90} INFO - Running: ['***', 'tasks', 'run', 'fetch_spread_values', 'fetch_and_compute_spread_usd_mxn', 'scheduled__2024-07-14T03:05:00+00:00', '--job-id', '376', '--raw', '--subdir', 'DAGS_FOLDER/***.py', '--cfg-path', '/tmp/tmpmu30qt_y']
[2024-07-14T20:33:32.848+0000] {standard_task_runner.py:91} INFO - Job 376: Subtask fetch_and_compute_spread_usd_mxn
[2024-07-14T20:33:32.897+0000] {task_command.py:426} INFO - Running <TaskInstance: fetch_spread_values.fetch_and_compute_spread_usd_mxn scheduled__2024-07-14T03:05:00+00:00 [running]> on host 77caf7e4b282
[2024-07-14T20:33:32.981+0000] {taskinstance.py:2648} INFO - Exporting env vars: AIRFLOW_CTX_DAG_OWNER='***' AIRFLOW_CTX_DAG_ID='fetch_spread_values' AIRFLOW_CTX_TASK_ID='fetch_and_compute_spread_usd_mxn' AIRFLOW_CTX_EXECUTION_DATE='2024-07-14T03:05:00+00:00' AIRFLOW_CTX_TRY_NUMBER='1' AIRFLOW_CTX_DAG_RUN_ID='scheduled__2024-07-14T03:05:00+00:00'
[2024-07-14T20:33:32.982+0000] {taskinstance.py:430} INFO - ::endgroup::
[2024-07-14T20:33:33.191+0000] {python.py:237} INFO - Done. Returned value was: None
[2024-07-14T20:33:33.197+0000] {taskinstance.py:441} INFO - ::group::Post task execution logs
[2024-07-14T20:33:33.207+0000] {taskinstance.py:1206} INFO - Marking task as SUCCESS. dag_id=fetch_spread_values, task_id=fetch_and_compute_spread_usd_mxn, run_id=scheduled__2024-07-14T03:05:00+00:00, execution_date=20240714T030500, start_date=20240714T203332, end_date=20240714T203333
[2024-07-14T20:33:33.241+0000] {local_task_job_runner.py:240} INFO - Task exited with return code 0
[2024-07-14T20:33:33.255+0000] {taskinstance.py:3503} INFO - 0 downstream tasks scheduled from follow-on schedule check
[2024-07-14T20:33:33.265+0000] {local_task_job_runner.py:222} INFO - ::endgroup::
