[2024-07-14T09:03:21.557+0000] {local_task_job_runner.py:120} INFO - ::group::Pre task execution logs
[2024-07-14T09:03:21.591+0000] {taskinstance.py:2076} INFO - Dependencies all met for dep_context=non-requeueable deps ti=<TaskInstance: fetch_spread_values.fetch_and_compute_spread_btc_mxn scheduled__2024-07-14T07:11:00+00:00 [queued]>
[2024-07-14T09:03:21.616+0000] {taskinstance.py:2076} INFO - Dependencies all met for dep_context=requeueable deps ti=<TaskInstance: fetch_spread_values.fetch_and_compute_spread_btc_mxn scheduled__2024-07-14T07:11:00+00:00 [queued]>
[2024-07-14T09:03:21.618+0000] {taskinstance.py:2306} INFO - Starting attempt 1 of 2
[2024-07-14T09:03:21.651+0000] {taskinstance.py:2330} INFO - Executing <Task(PythonOperator): fetch_and_compute_spread_btc_mxn> on 2024-07-14 07:11:00+00:00
[2024-07-14T09:03:21.661+0000] {warnings.py:112} WARNING - /home/***/.local/lib/python3.12/site-packages/***/task/task_runner/standard_task_runner.py:61: DeprecationWarning: This process (pid=2769) is multi-threaded, use of fork() may lead to deadlocks in the child.
  pid = os.fork()

[2024-07-14T09:03:21.669+0000] {standard_task_runner.py:63} INFO - Started process 2801 to run task
[2024-07-14T09:03:21.665+0000] {standard_task_runner.py:90} INFO - Running: ['***', 'tasks', 'run', 'fetch_spread_values', 'fetch_and_compute_spread_btc_mxn', 'scheduled__2024-07-14T07:11:00+00:00', '--job-id', '892', '--raw', '--subdir', 'DAGS_FOLDER/***.py', '--cfg-path', '/tmp/tmpg9i4z95b']
[2024-07-14T09:03:21.675+0000] {standard_task_runner.py:91} INFO - Job 892: Subtask fetch_and_compute_spread_btc_mxn
[2024-07-14T09:03:21.781+0000] {task_command.py:426} INFO - Running <TaskInstance: fetch_spread_values.fetch_and_compute_spread_btc_mxn scheduled__2024-07-14T07:11:00+00:00 [running]> on host d537c34a4880
[2024-07-14T09:03:21.926+0000] {taskinstance.py:2648} INFO - Exporting env vars: AIRFLOW_CTX_DAG_OWNER='***' AIRFLOW_CTX_DAG_ID='fetch_spread_values' AIRFLOW_CTX_TASK_ID='fetch_and_compute_spread_btc_mxn' AIRFLOW_CTX_EXECUTION_DATE='2024-07-14T07:11:00+00:00' AIRFLOW_CTX_TRY_NUMBER='1' AIRFLOW_CTX_DAG_RUN_ID='scheduled__2024-07-14T07:11:00+00:00'
[2024-07-14T09:03:21.930+0000] {taskinstance.py:430} INFO - ::endgroup::
[2024-07-14T09:03:22.103+0000] {python.py:237} INFO - Done. Returned value was: None
[2024-07-14T09:03:22.104+0000] {taskinstance.py:441} INFO - ::group::Post task execution logs
[2024-07-14T09:03:22.114+0000] {taskinstance.py:1206} INFO - Marking task as SUCCESS. dag_id=fetch_spread_values, task_id=fetch_and_compute_spread_btc_mxn, run_id=scheduled__2024-07-14T07:11:00+00:00, execution_date=20240714T071100, start_date=20240714T090321, end_date=20240714T090322
[2024-07-14T09:03:22.147+0000] {local_task_job_runner.py:240} INFO - Task exited with return code 0
[2024-07-14T09:03:22.158+0000] {taskinstance.py:3503} INFO - 0 downstream tasks scheduled from follow-on schedule check
[2024-07-14T09:03:22.159+0000] {local_task_job_runner.py:222} INFO - ::endgroup::
[2024-07-14T20:35:14.366+0000] {local_task_job_runner.py:120} INFO - ::group::Pre task execution logs
[2024-07-14T20:35:14.409+0000] {taskinstance.py:2076} INFO - Dependencies all met for dep_context=non-requeueable deps ti=<TaskInstance: fetch_spread_values.fetch_and_compute_spread_btc_mxn scheduled__2024-07-14T07:11:00+00:00 [queued]>
[2024-07-14T20:35:14.413+0000] {taskinstance.py:2076} INFO - Dependencies all met for dep_context=requeueable deps ti=<TaskInstance: fetch_spread_values.fetch_and_compute_spread_btc_mxn scheduled__2024-07-14T07:11:00+00:00 [queued]>
[2024-07-14T20:35:14.416+0000] {taskinstance.py:2306} INFO - Starting attempt 1 of 2
[2024-07-14T20:35:14.430+0000] {taskinstance.py:2330} INFO - Executing <Task(PythonOperator): fetch_and_compute_spread_btc_mxn> on 2024-07-14 07:11:00+00:00
[2024-07-14T20:35:14.440+0000] {standard_task_runner.py:90} INFO - Running: ['***', 'tasks', 'run', 'fetch_spread_values', 'fetch_and_compute_spread_btc_mxn', 'scheduled__2024-07-14T07:11:00+00:00', '--job-id', '949', '--raw', '--subdir', 'DAGS_FOLDER/***.py', '--cfg-path', '/tmp/tmp9nr3k_fp']
[2024-07-14T20:35:14.443+0000] {standard_task_runner.py:91} INFO - Job 949: Subtask fetch_and_compute_spread_btc_mxn
[2024-07-14T20:35:14.443+0000] {logging_mixin.py:188} WARNING - /home/***/.local/lib/python3.12/site-packages/***/task/task_runner/standard_task_runner.py:61 DeprecationWarning: This process (pid=2099) is multi-threaded, use of fork() may lead to deadlocks in the child.
[2024-07-14T20:35:14.449+0000] {standard_task_runner.py:63} INFO - Started process 2108 to run task
[2024-07-14T20:35:14.512+0000] {task_command.py:426} INFO - Running <TaskInstance: fetch_spread_values.fetch_and_compute_spread_btc_mxn scheduled__2024-07-14T07:11:00+00:00 [running]> on host 77caf7e4b282
[2024-07-14T20:35:14.623+0000] {taskinstance.py:2648} INFO - Exporting env vars: AIRFLOW_CTX_DAG_OWNER='***' AIRFLOW_CTX_DAG_ID='fetch_spread_values' AIRFLOW_CTX_TASK_ID='fetch_and_compute_spread_btc_mxn' AIRFLOW_CTX_EXECUTION_DATE='2024-07-14T07:11:00+00:00' AIRFLOW_CTX_TRY_NUMBER='1' AIRFLOW_CTX_DAG_RUN_ID='scheduled__2024-07-14T07:11:00+00:00'
[2024-07-14T20:35:14.626+0000] {taskinstance.py:430} INFO - ::endgroup::
[2024-07-14T20:35:14.875+0000] {python.py:237} INFO - Done. Returned value was: None
[2024-07-14T20:35:14.885+0000] {taskinstance.py:441} INFO - ::group::Post task execution logs
[2024-07-14T20:35:14.896+0000] {taskinstance.py:1206} INFO - Marking task as SUCCESS. dag_id=fetch_spread_values, task_id=fetch_and_compute_spread_btc_mxn, run_id=scheduled__2024-07-14T07:11:00+00:00, execution_date=20240714T071100, start_date=20240714T203514, end_date=20240714T203514
[2024-07-14T20:35:14.941+0000] {local_task_job_runner.py:240} INFO - Task exited with return code 0
[2024-07-14T20:35:14.958+0000] {taskinstance.py:3503} INFO - 0 downstream tasks scheduled from follow-on schedule check
[2024-07-14T20:35:14.969+0000] {local_task_job_runner.py:222} INFO - ::endgroup::
