[2024-07-14T09:05:08.307+0000] {local_task_job_runner.py:120} INFO - ::group::Pre task execution logs
[2024-07-14T09:05:08.377+0000] {taskinstance.py:2076} INFO - Dependencies all met for dep_context=non-requeueable deps ti=<TaskInstance: fetch_spread_values.fetch_and_compute_spread_usd_mxn scheduled__2024-07-14T08:58:00+00:00 [queued]>
[2024-07-14T09:05:08.480+0000] {taskinstance.py:2076} INFO - Dependencies all met for dep_context=requeueable deps ti=<TaskInstance: fetch_spread_values.fetch_and_compute_spread_usd_mxn scheduled__2024-07-14T08:58:00+00:00 [queued]>
[2024-07-14T09:05:08.488+0000] {taskinstance.py:2306} INFO - Starting attempt 1 of 2
[2024-07-14T09:05:08.508+0000] {taskinstance.py:2330} INFO - Executing <Task(PythonOperator): fetch_and_compute_spread_usd_mxn> on 2024-07-14 08:58:00+00:00
[2024-07-14T09:05:08.527+0000] {warnings.py:112} WARNING - /home/***/.local/lib/python3.12/site-packages/***/task/task_runner/standard_task_runner.py:61: DeprecationWarning: This process (pid=3465) is multi-threaded, use of fork() may lead to deadlocks in the child.
  pid = os.fork()

[2024-07-14T09:05:08.532+0000] {standard_task_runner.py:63} INFO - Started process 3489 to run task
[2024-07-14T09:05:08.535+0000] {standard_task_runner.py:90} INFO - Running: ['***', 'tasks', 'run', 'fetch_spread_values', 'fetch_and_compute_spread_usd_mxn', 'scheduled__2024-07-14T08:58:00+00:00', '--job-id', '1112', '--raw', '--subdir', 'DAGS_FOLDER/***.py', '--cfg-path', '/tmp/tmp20nvpu5r']
[2024-07-14T09:05:08.542+0000] {standard_task_runner.py:91} INFO - Job 1112: Subtask fetch_and_compute_spread_usd_mxn
[2024-07-14T09:05:08.704+0000] {task_command.py:426} INFO - Running <TaskInstance: fetch_spread_values.fetch_and_compute_spread_usd_mxn scheduled__2024-07-14T08:58:00+00:00 [running]> on host d537c34a4880
[2024-07-14T09:05:08.931+0000] {taskinstance.py:2648} INFO - Exporting env vars: AIRFLOW_CTX_DAG_OWNER='***' AIRFLOW_CTX_DAG_ID='fetch_spread_values' AIRFLOW_CTX_TASK_ID='fetch_and_compute_spread_usd_mxn' AIRFLOW_CTX_EXECUTION_DATE='2024-07-14T08:58:00+00:00' AIRFLOW_CTX_TRY_NUMBER='1' AIRFLOW_CTX_DAG_RUN_ID='scheduled__2024-07-14T08:58:00+00:00'
[2024-07-14T09:05:08.939+0000] {taskinstance.py:430} INFO - ::endgroup::
[2024-07-14T09:05:09.171+0000] {python.py:237} INFO - Done. Returned value was: None
[2024-07-14T09:05:09.178+0000] {taskinstance.py:441} INFO - ::group::Post task execution logs
[2024-07-14T09:05:09.195+0000] {taskinstance.py:1206} INFO - Marking task as SUCCESS. dag_id=fetch_spread_values, task_id=fetch_and_compute_spread_usd_mxn, run_id=scheduled__2024-07-14T08:58:00+00:00, execution_date=20240714T085800, start_date=20240714T090508, end_date=20240714T090509
[2024-07-14T09:05:09.230+0000] {local_task_job_runner.py:240} INFO - Task exited with return code 0
[2024-07-14T09:05:09.244+0000] {local_task_job_runner.py:222} INFO - ::endgroup::
[2024-07-14T20:36:17.847+0000] {local_task_job_runner.py:120} INFO - ::group::Pre task execution logs
[2024-07-14T20:36:17.872+0000] {taskinstance.py:2076} INFO - Dependencies all met for dep_context=non-requeueable deps ti=<TaskInstance: fetch_spread_values.fetch_and_compute_spread_usd_mxn scheduled__2024-07-14T08:58:00+00:00 [queued]>
[2024-07-14T20:36:17.879+0000] {taskinstance.py:2076} INFO - Dependencies all met for dep_context=requeueable deps ti=<TaskInstance: fetch_spread_values.fetch_and_compute_spread_usd_mxn scheduled__2024-07-14T08:58:00+00:00 [queued]>
[2024-07-14T20:36:17.881+0000] {taskinstance.py:2306} INFO - Starting attempt 1 of 2
[2024-07-14T20:36:17.891+0000] {taskinstance.py:2330} INFO - Executing <Task(PythonOperator): fetch_and_compute_spread_usd_mxn> on 2024-07-14 08:58:00+00:00
[2024-07-14T20:36:17.896+0000] {standard_task_runner.py:90} INFO - Running: ['***', 'tasks', 'run', 'fetch_spread_values', 'fetch_and_compute_spread_usd_mxn', 'scheduled__2024-07-14T08:58:00+00:00', '--job-id', '1205', '--raw', '--subdir', 'DAGS_FOLDER/***.py', '--cfg-path', '/tmp/tmpgiiva3it']
[2024-07-14T20:36:17.896+0000] {logging_mixin.py:188} WARNING - /home/***/.local/lib/python3.12/site-packages/***/task/task_runner/standard_task_runner.py:61 DeprecationWarning: This process (pid=2624) is multi-threaded, use of fork() may lead to deadlocks in the child.
[2024-07-14T20:36:17.901+0000] {standard_task_runner.py:63} INFO - Started process 2627 to run task
[2024-07-14T20:36:17.899+0000] {standard_task_runner.py:91} INFO - Job 1205: Subtask fetch_and_compute_spread_usd_mxn
[2024-07-14T20:36:17.939+0000] {task_command.py:426} INFO - Running <TaskInstance: fetch_spread_values.fetch_and_compute_spread_usd_mxn scheduled__2024-07-14T08:58:00+00:00 [running]> on host 77caf7e4b282
[2024-07-14T20:36:18.005+0000] {taskinstance.py:2648} INFO - Exporting env vars: AIRFLOW_CTX_DAG_OWNER='***' AIRFLOW_CTX_DAG_ID='fetch_spread_values' AIRFLOW_CTX_TASK_ID='fetch_and_compute_spread_usd_mxn' AIRFLOW_CTX_EXECUTION_DATE='2024-07-14T08:58:00+00:00' AIRFLOW_CTX_TRY_NUMBER='1' AIRFLOW_CTX_DAG_RUN_ID='scheduled__2024-07-14T08:58:00+00:00'
[2024-07-14T20:36:18.006+0000] {taskinstance.py:430} INFO - ::endgroup::
[2024-07-14T20:36:18.165+0000] {python.py:237} INFO - Done. Returned value was: None
[2024-07-14T20:36:18.166+0000] {taskinstance.py:441} INFO - ::group::Post task execution logs
[2024-07-14T20:36:18.172+0000] {taskinstance.py:1206} INFO - Marking task as SUCCESS. dag_id=fetch_spread_values, task_id=fetch_and_compute_spread_usd_mxn, run_id=scheduled__2024-07-14T08:58:00+00:00, execution_date=20240714T085800, start_date=20240714T203617, end_date=20240714T203618
[2024-07-14T20:36:18.207+0000] {local_task_job_runner.py:240} INFO - Task exited with return code 0
[2024-07-14T20:36:18.213+0000] {local_task_job_runner.py:222} INFO - ::endgroup::
