[2024-07-14T08:58:52.000+0000] {local_task_job_runner.py:120} INFO - ::group::Pre task execution logs
[2024-07-14T08:58:52.127+0000] {taskinstance.py:2076} INFO - Dependencies all met for dep_context=non-requeueable deps ti=<TaskInstance: fetch_spread_values.fetch_and_compute_spread_btc_mxn scheduled__2024-07-14T02:15:00+00:00 [queued]>
[2024-07-14T08:58:52.148+0000] {taskinstance.py:2076} INFO - Dependencies all met for dep_context=requeueable deps ti=<TaskInstance: fetch_spread_values.fetch_and_compute_spread_btc_mxn scheduled__2024-07-14T02:15:00+00:00 [queued]>
[2024-07-14T08:58:52.156+0000] {taskinstance.py:2306} INFO - Starting attempt 1 of 2
[2024-07-14T08:58:52.318+0000] {taskinstance.py:2330} INFO - Executing <Task(PythonOperator): fetch_and_compute_spread_btc_mxn> on 2024-07-14 02:15:00+00:00
[2024-07-14T08:58:52.357+0000] {standard_task_runner.py:90} INFO - Running: ['***', 'tasks', 'run', 'fetch_spread_values', 'fetch_and_compute_spread_btc_mxn', 'scheduled__2024-07-14T02:15:00+00:00', '--job-id', '299', '--raw', '--subdir', 'DAGS_FOLDER/***.py', '--cfg-path', '/tmp/tmp1hmppki3']
[2024-07-14T08:58:52.350+0000] {warnings.py:112} WARNING - /home/***/.local/lib/python3.12/site-packages/***/task/task_runner/standard_task_runner.py:61: DeprecationWarning: This process (pid=955) is multi-threaded, use of fork() may lead to deadlocks in the child.
  pid = os.fork()

[2024-07-14T08:58:52.386+0000] {standard_task_runner.py:63} INFO - Started process 978 to run task
[2024-07-14T08:58:52.383+0000] {standard_task_runner.py:91} INFO - Job 299: Subtask fetch_and_compute_spread_btc_mxn
[2024-07-14T08:58:52.550+0000] {task_command.py:426} INFO - Running <TaskInstance: fetch_spread_values.fetch_and_compute_spread_btc_mxn scheduled__2024-07-14T02:15:00+00:00 [running]> on host d537c34a4880
[2024-07-14T08:58:52.729+0000] {taskinstance.py:2648} INFO - Exporting env vars: AIRFLOW_CTX_DAG_OWNER='***' AIRFLOW_CTX_DAG_ID='fetch_spread_values' AIRFLOW_CTX_TASK_ID='fetch_and_compute_spread_btc_mxn' AIRFLOW_CTX_EXECUTION_DATE='2024-07-14T02:15:00+00:00' AIRFLOW_CTX_TRY_NUMBER='1' AIRFLOW_CTX_DAG_RUN_ID='scheduled__2024-07-14T02:15:00+00:00'
[2024-07-14T08:58:52.735+0000] {taskinstance.py:430} INFO - ::endgroup::
[2024-07-14T08:58:53.146+0000] {python.py:237} INFO - Done. Returned value was: None
[2024-07-14T08:58:53.170+0000] {taskinstance.py:441} INFO - ::group::Post task execution logs
[2024-07-14T08:58:53.215+0000] {taskinstance.py:1206} INFO - Marking task as SUCCESS. dag_id=fetch_spread_values, task_id=fetch_and_compute_spread_btc_mxn, run_id=scheduled__2024-07-14T02:15:00+00:00, execution_date=20240714T021500, start_date=20240714T085852, end_date=20240714T085853
[2024-07-14T08:58:53.292+0000] {local_task_job_runner.py:240} INFO - Task exited with return code 0
[2024-07-14T08:58:53.383+0000] {taskinstance.py:3503} INFO - 0 downstream tasks scheduled from follow-on schedule check
[2024-07-14T08:58:53.393+0000] {local_task_job_runner.py:222} INFO - ::endgroup::
[2024-07-14T20:33:15.761+0000] {local_task_job_runner.py:120} INFO - ::group::Pre task execution logs
[2024-07-14T20:33:15.783+0000] {taskinstance.py:2076} INFO - Dependencies all met for dep_context=non-requeueable deps ti=<TaskInstance: fetch_spread_values.fetch_and_compute_spread_btc_mxn scheduled__2024-07-14T02:15:00+00:00 [queued]>
[2024-07-14T20:33:15.787+0000] {taskinstance.py:2076} INFO - Dependencies all met for dep_context=requeueable deps ti=<TaskInstance: fetch_spread_values.fetch_and_compute_spread_btc_mxn scheduled__2024-07-14T02:15:00+00:00 [queued]>
[2024-07-14T20:33:15.787+0000] {taskinstance.py:2306} INFO - Starting attempt 1 of 2
[2024-07-14T20:33:15.794+0000] {taskinstance.py:2330} INFO - Executing <Task(PythonOperator): fetch_and_compute_spread_btc_mxn> on 2024-07-14 02:15:00+00:00
[2024-07-14T20:33:15.798+0000] {logging_mixin.py:188} WARNING - /home/***/.local/lib/python3.12/site-packages/***/task/task_runner/standard_task_runner.py:61 DeprecationWarning: This process (pid=733) is multi-threaded, use of fork() may lead to deadlocks in the child.
[2024-07-14T20:33:15.799+0000] {standard_task_runner.py:90} INFO - Running: ['***', 'tasks', 'run', 'fetch_spread_values', 'fetch_and_compute_spread_btc_mxn', 'scheduled__2024-07-14T02:15:00+00:00', '--job-id', '276', '--raw', '--subdir', 'DAGS_FOLDER/***.py', '--cfg-path', '/tmp/tmptabf8qiz']
[2024-07-14T20:33:15.800+0000] {standard_task_runner.py:63} INFO - Started process 740 to run task
[2024-07-14T20:33:15.800+0000] {standard_task_runner.py:91} INFO - Job 276: Subtask fetch_and_compute_spread_btc_mxn
[2024-07-14T20:33:15.829+0000] {task_command.py:426} INFO - Running <TaskInstance: fetch_spread_values.fetch_and_compute_spread_btc_mxn scheduled__2024-07-14T02:15:00+00:00 [running]> on host 77caf7e4b282
[2024-07-14T20:33:15.874+0000] {taskinstance.py:2648} INFO - Exporting env vars: AIRFLOW_CTX_DAG_OWNER='***' AIRFLOW_CTX_DAG_ID='fetch_spread_values' AIRFLOW_CTX_TASK_ID='fetch_and_compute_spread_btc_mxn' AIRFLOW_CTX_EXECUTION_DATE='2024-07-14T02:15:00+00:00' AIRFLOW_CTX_TRY_NUMBER='1' AIRFLOW_CTX_DAG_RUN_ID='scheduled__2024-07-14T02:15:00+00:00'
[2024-07-14T20:33:15.875+0000] {taskinstance.py:430} INFO - ::endgroup::
[2024-07-14T20:33:16.063+0000] {python.py:237} INFO - Done. Returned value was: None
[2024-07-14T20:33:16.063+0000] {taskinstance.py:441} INFO - ::group::Post task execution logs
[2024-07-14T20:33:16.069+0000] {taskinstance.py:1206} INFO - Marking task as SUCCESS. dag_id=fetch_spread_values, task_id=fetch_and_compute_spread_btc_mxn, run_id=scheduled__2024-07-14T02:15:00+00:00, execution_date=20240714T021500, start_date=20240714T203315, end_date=20240714T203316
[2024-07-14T20:33:16.106+0000] {local_task_job_runner.py:240} INFO - Task exited with return code 0
[2024-07-14T20:33:16.116+0000] {taskinstance.py:3503} INFO - 0 downstream tasks scheduled from follow-on schedule check
[2024-07-14T20:33:16.117+0000] {local_task_job_runner.py:222} INFO - ::endgroup::
