[2024-07-14T10:31:18.154+0000] {local_task_job_runner.py:120} INFO - ::group::Pre task execution logs
[2024-07-14T10:31:18.189+0000] {taskinstance.py:2076} INFO - Dependencies all met for dep_context=non-requeueable deps ti=<TaskInstance: fetch_spread_values.fetch_and_compute_spread_usd_mxn scheduled__2024-07-14T10:19:00+00:00 [queued]>
[2024-07-14T10:31:18.195+0000] {taskinstance.py:2076} INFO - Dependencies all met for dep_context=requeueable deps ti=<TaskInstance: fetch_spread_values.fetch_and_compute_spread_usd_mxn scheduled__2024-07-14T10:19:00+00:00 [queued]>
[2024-07-14T10:31:18.196+0000] {taskinstance.py:2306} INFO - Starting attempt 1 of 2
[2024-07-14T10:31:18.210+0000] {taskinstance.py:2330} INFO - Executing <Task(PythonOperator): fetch_and_compute_spread_usd_mxn> on 2024-07-14 10:19:00+00:00
[2024-07-14T10:31:18.218+0000] {warnings.py:112} WARNING - /home/***/.local/lib/python3.12/site-packages/***/task/task_runner/standard_task_runner.py:61: DeprecationWarning: This process (pid=4468) is multi-threaded, use of fork() may lead to deadlocks in the child.
  pid = os.fork()

[2024-07-14T10:31:18.224+0000] {standard_task_runner.py:63} INFO - Started process 4480 to run task
[2024-07-14T10:31:18.220+0000] {standard_task_runner.py:90} INFO - Running: ['***', 'tasks', 'run', 'fetch_spread_values', 'fetch_and_compute_spread_usd_mxn', 'scheduled__2024-07-14T10:19:00+00:00', '--job-id', '1332', '--raw', '--subdir', 'DAGS_FOLDER/***.py', '--cfg-path', '/tmp/tmpsbxpbezn']
[2024-07-14T10:31:18.227+0000] {standard_task_runner.py:91} INFO - Job 1332: Subtask fetch_and_compute_spread_usd_mxn
[2024-07-14T10:31:18.283+0000] {task_command.py:426} INFO - Running <TaskInstance: fetch_spread_values.fetch_and_compute_spread_usd_mxn scheduled__2024-07-14T10:19:00+00:00 [running]> on host d537c34a4880
[2024-07-14T10:31:18.383+0000] {taskinstance.py:2648} INFO - Exporting env vars: AIRFLOW_CTX_DAG_OWNER='***' AIRFLOW_CTX_DAG_ID='fetch_spread_values' AIRFLOW_CTX_TASK_ID='fetch_and_compute_spread_usd_mxn' AIRFLOW_CTX_EXECUTION_DATE='2024-07-14T10:19:00+00:00' AIRFLOW_CTX_TRY_NUMBER='1' AIRFLOW_CTX_DAG_RUN_ID='scheduled__2024-07-14T10:19:00+00:00'
[2024-07-14T10:31:18.385+0000] {taskinstance.py:430} INFO - ::endgroup::
[2024-07-14T10:31:18.585+0000] {python.py:237} INFO - Done. Returned value was: None
[2024-07-14T10:31:18.586+0000] {taskinstance.py:441} INFO - ::group::Post task execution logs
[2024-07-14T10:31:18.595+0000] {taskinstance.py:1206} INFO - Marking task as SUCCESS. dag_id=fetch_spread_values, task_id=fetch_and_compute_spread_usd_mxn, run_id=scheduled__2024-07-14T10:19:00+00:00, execution_date=20240714T101900, start_date=20240714T103118, end_date=20240714T103118
[2024-07-14T10:31:18.620+0000] {local_task_job_runner.py:240} INFO - Task exited with return code 0
[2024-07-14T10:31:18.627+0000] {local_task_job_runner.py:222} INFO - ::endgroup::
[2024-07-14T20:36:48.047+0000] {local_task_job_runner.py:120} INFO - ::group::Pre task execution logs
[2024-07-14T20:36:48.070+0000] {taskinstance.py:2076} INFO - Dependencies all met for dep_context=non-requeueable deps ti=<TaskInstance: fetch_spread_values.fetch_and_compute_spread_usd_mxn scheduled__2024-07-14T10:19:00+00:00 [queued]>
[2024-07-14T20:36:48.079+0000] {taskinstance.py:2076} INFO - Dependencies all met for dep_context=requeueable deps ti=<TaskInstance: fetch_spread_values.fetch_and_compute_spread_usd_mxn scheduled__2024-07-14T10:19:00+00:00 [queued]>
[2024-07-14T20:36:48.080+0000] {taskinstance.py:2306} INFO - Starting attempt 1 of 2
[2024-07-14T20:36:48.089+0000] {taskinstance.py:2330} INFO - Executing <Task(PythonOperator): fetch_and_compute_spread_usd_mxn> on 2024-07-14 10:19:00+00:00
[2024-07-14T20:36:48.096+0000] {logging_mixin.py:188} WARNING - /home/***/.local/lib/python3.12/site-packages/***/task/task_runner/standard_task_runner.py:61 DeprecationWarning: This process (pid=2955) is multi-threaded, use of fork() may lead to deadlocks in the child.
[2024-07-14T20:36:48.097+0000] {standard_task_runner.py:63} INFO - Started process 2956 to run task
[2024-07-14T20:36:48.096+0000] {standard_task_runner.py:90} INFO - Running: ['***', 'tasks', 'run', 'fetch_spread_values', 'fetch_and_compute_spread_usd_mxn', 'scheduled__2024-07-14T10:19:00+00:00', '--job-id', '1366', '--raw', '--subdir', 'DAGS_FOLDER/***.py', '--cfg-path', '/tmp/tmplrb5hzjp']
[2024-07-14T20:36:48.098+0000] {standard_task_runner.py:91} INFO - Job 1366: Subtask fetch_and_compute_spread_usd_mxn
[2024-07-14T20:36:48.217+0000] {task_command.py:426} INFO - Running <TaskInstance: fetch_spread_values.fetch_and_compute_spread_usd_mxn scheduled__2024-07-14T10:19:00+00:00 [running]> on host 77caf7e4b282
[2024-07-14T20:36:48.289+0000] {taskinstance.py:2648} INFO - Exporting env vars: AIRFLOW_CTX_DAG_OWNER='***' AIRFLOW_CTX_DAG_ID='fetch_spread_values' AIRFLOW_CTX_TASK_ID='fetch_and_compute_spread_usd_mxn' AIRFLOW_CTX_EXECUTION_DATE='2024-07-14T10:19:00+00:00' AIRFLOW_CTX_TRY_NUMBER='1' AIRFLOW_CTX_DAG_RUN_ID='scheduled__2024-07-14T10:19:00+00:00'
[2024-07-14T20:36:48.289+0000] {taskinstance.py:430} INFO - ::endgroup::
[2024-07-14T20:36:48.462+0000] {python.py:237} INFO - Done. Returned value was: None
[2024-07-14T20:36:48.463+0000] {taskinstance.py:441} INFO - ::group::Post task execution logs
[2024-07-14T20:36:48.471+0000] {taskinstance.py:1206} INFO - Marking task as SUCCESS. dag_id=fetch_spread_values, task_id=fetch_and_compute_spread_usd_mxn, run_id=scheduled__2024-07-14T10:19:00+00:00, execution_date=20240714T101900, start_date=20240714T203648, end_date=20240714T203648
[2024-07-14T20:36:48.497+0000] {local_task_job_runner.py:240} INFO - Task exited with return code 0
[2024-07-14T20:36:48.507+0000] {local_task_job_runner.py:222} INFO - ::endgroup::
