[2024-07-14T11:30:56.169+0000] {local_task_job_runner.py:120} INFO - ::group::Pre task execution logs
[2024-07-14T11:30:56.193+0000] {taskinstance.py:2076} INFO - Dependencies all met for dep_context=non-requeueable deps ti=<TaskInstance: fetch_spread_values.fetch_and_compute_spread_btc_mxn scheduled__2024-07-14T11:17:00+00:00 [queued]>
[2024-07-14T11:30:56.198+0000] {taskinstance.py:2076} INFO - Dependencies all met for dep_context=requeueable deps ti=<TaskInstance: fetch_spread_values.fetch_and_compute_spread_btc_mxn scheduled__2024-07-14T11:17:00+00:00 [queued]>
[2024-07-14T11:30:56.199+0000] {taskinstance.py:2306} INFO - Starting attempt 1 of 2
[2024-07-14T11:30:56.217+0000] {taskinstance.py:2330} INFO - Executing <Task(PythonOperator): fetch_and_compute_spread_btc_mxn> on 2024-07-14 11:17:00+00:00
[2024-07-14T11:30:56.223+0000] {warnings.py:112} WARNING - /home/***/.local/lib/python3.12/site-packages/***/task/task_runner/standard_task_runner.py:61: DeprecationWarning: This process (pid=4852) is multi-threaded, use of fork() may lead to deadlocks in the child.
  pid = os.fork()

[2024-07-14T11:30:56.224+0000] {standard_task_runner.py:63} INFO - Started process 4873 to run task
[2024-07-14T11:30:56.226+0000] {standard_task_runner.py:90} INFO - Running: ['***', 'tasks', 'run', 'fetch_spread_values', 'fetch_and_compute_spread_btc_mxn', 'scheduled__2024-07-14T11:17:00+00:00', '--job-id', '1453', '--raw', '--subdir', 'DAGS_FOLDER/***.py', '--cfg-path', '/tmp/tmp81ycyxk5']
[2024-07-14T11:30:56.229+0000] {standard_task_runner.py:91} INFO - Job 1453: Subtask fetch_and_compute_spread_btc_mxn
[2024-07-14T11:30:56.330+0000] {task_command.py:426} INFO - Running <TaskInstance: fetch_spread_values.fetch_and_compute_spread_btc_mxn scheduled__2024-07-14T11:17:00+00:00 [running]> on host d537c34a4880
[2024-07-14T11:30:56.407+0000] {taskinstance.py:2648} INFO - Exporting env vars: AIRFLOW_CTX_DAG_OWNER='***' AIRFLOW_CTX_DAG_ID='fetch_spread_values' AIRFLOW_CTX_TASK_ID='fetch_and_compute_spread_btc_mxn' AIRFLOW_CTX_EXECUTION_DATE='2024-07-14T11:17:00+00:00' AIRFLOW_CTX_TRY_NUMBER='1' AIRFLOW_CTX_DAG_RUN_ID='scheduled__2024-07-14T11:17:00+00:00'
[2024-07-14T11:30:56.411+0000] {taskinstance.py:430} INFO - ::endgroup::
[2024-07-14T11:30:56.556+0000] {python.py:237} INFO - Done. Returned value was: None
[2024-07-14T11:30:56.559+0000] {taskinstance.py:441} INFO - ::group::Post task execution logs
[2024-07-14T11:30:56.576+0000] {taskinstance.py:1206} INFO - Marking task as SUCCESS. dag_id=fetch_spread_values, task_id=fetch_and_compute_spread_btc_mxn, run_id=scheduled__2024-07-14T11:17:00+00:00, execution_date=20240714T111700, start_date=20240714T113056, end_date=20240714T113056
[2024-07-14T11:30:56.615+0000] {local_task_job_runner.py:240} INFO - Task exited with return code 0
[2024-07-14T11:30:56.629+0000] {local_task_job_runner.py:222} INFO - ::endgroup::
[2024-07-14T20:37:10.702+0000] {local_task_job_runner.py:120} INFO - ::group::Pre task execution logs
[2024-07-14T20:37:10.741+0000] {taskinstance.py:2076} INFO - Dependencies all met for dep_context=non-requeueable deps ti=<TaskInstance: fetch_spread_values.fetch_and_compute_spread_btc_mxn scheduled__2024-07-14T11:17:00+00:00 [queued]>
[2024-07-14T20:37:10.749+0000] {taskinstance.py:2076} INFO - Dependencies all met for dep_context=requeueable deps ti=<TaskInstance: fetch_spread_values.fetch_and_compute_spread_btc_mxn scheduled__2024-07-14T11:17:00+00:00 [queued]>
[2024-07-14T20:37:10.750+0000] {taskinstance.py:2306} INFO - Starting attempt 1 of 2
[2024-07-14T20:37:10.774+0000] {taskinstance.py:2330} INFO - Executing <Task(PythonOperator): fetch_and_compute_spread_btc_mxn> on 2024-07-14 11:17:00+00:00
[2024-07-14T20:37:10.784+0000] {logging_mixin.py:188} WARNING - /home/***/.local/lib/python3.12/site-packages/***/task/task_runner/standard_task_runner.py:61 DeprecationWarning: This process (pid=3187) is multi-threaded, use of fork() may lead to deadlocks in the child.
[2024-07-14T20:37:10.786+0000] {standard_task_runner.py:63} INFO - Started process 3200 to run task
[2024-07-14T20:37:10.783+0000] {standard_task_runner.py:90} INFO - Running: ['***', 'tasks', 'run', 'fetch_spread_values', 'fetch_and_compute_spread_btc_mxn', 'scheduled__2024-07-14T11:17:00+00:00', '--job-id', '1483', '--raw', '--subdir', 'DAGS_FOLDER/***.py', '--cfg-path', '/tmp/tmpw4ni1qfg']
[2024-07-14T20:37:10.789+0000] {standard_task_runner.py:91} INFO - Job 1483: Subtask fetch_and_compute_spread_btc_mxn
[2024-07-14T20:37:10.843+0000] {task_command.py:426} INFO - Running <TaskInstance: fetch_spread_values.fetch_and_compute_spread_btc_mxn scheduled__2024-07-14T11:17:00+00:00 [running]> on host 77caf7e4b282
[2024-07-14T20:37:10.957+0000] {taskinstance.py:2648} INFO - Exporting env vars: AIRFLOW_CTX_DAG_OWNER='***' AIRFLOW_CTX_DAG_ID='fetch_spread_values' AIRFLOW_CTX_TASK_ID='fetch_and_compute_spread_btc_mxn' AIRFLOW_CTX_EXECUTION_DATE='2024-07-14T11:17:00+00:00' AIRFLOW_CTX_TRY_NUMBER='1' AIRFLOW_CTX_DAG_RUN_ID='scheduled__2024-07-14T11:17:00+00:00'
[2024-07-14T20:37:10.961+0000] {taskinstance.py:430} INFO - ::endgroup::
[2024-07-14T20:37:11.197+0000] {python.py:237} INFO - Done. Returned value was: None
[2024-07-14T20:37:11.201+0000] {taskinstance.py:441} INFO - ::group::Post task execution logs
[2024-07-14T20:37:11.211+0000] {taskinstance.py:1206} INFO - Marking task as SUCCESS. dag_id=fetch_spread_values, task_id=fetch_and_compute_spread_btc_mxn, run_id=scheduled__2024-07-14T11:17:00+00:00, execution_date=20240714T111700, start_date=20240714T203710, end_date=20240714T203711
[2024-07-14T20:37:11.264+0000] {local_task_job_runner.py:240} INFO - Task exited with return code 0
[2024-07-14T20:37:11.286+0000] {taskinstance.py:3503} INFO - 0 downstream tasks scheduled from follow-on schedule check
[2024-07-14T20:37:11.297+0000] {local_task_job_runner.py:222} INFO - ::endgroup::
