[2024-07-14T09:01:05.675+0000] {local_task_job_runner.py:120} INFO - ::group::Pre task execution logs
[2024-07-14T09:01:05.693+0000] {taskinstance.py:2076} INFO - Dependencies all met for dep_context=non-requeueable deps ti=<TaskInstance: fetch_spread_values.fetch_and_compute_spread_btc_mxn scheduled__2024-07-14T04:39:00+00:00 [queued]>
[2024-07-14T09:01:05.702+0000] {taskinstance.py:2076} INFO - Dependencies all met for dep_context=requeueable deps ti=<TaskInstance: fetch_spread_values.fetch_and_compute_spread_btc_mxn scheduled__2024-07-14T04:39:00+00:00 [queued]>
[2024-07-14T09:01:05.703+0000] {taskinstance.py:2306} INFO - Starting attempt 1 of 2
[2024-07-14T09:01:05.715+0000] {taskinstance.py:2330} INFO - Executing <Task(PythonOperator): fetch_and_compute_spread_btc_mxn> on 2024-07-14 04:39:00+00:00
[2024-07-14T09:01:05.719+0000] {warnings.py:112} WARNING - /home/***/.local/lib/python3.12/site-packages/***/task/task_runner/standard_task_runner.py:61: DeprecationWarning: This process (pid=1834) is multi-threaded, use of fork() may lead to deadlocks in the child.
  pid = os.fork()

[2024-07-14T09:01:05.720+0000] {standard_task_runner.py:63} INFO - Started process 1853 to run task
[2024-07-14T09:01:05.720+0000] {standard_task_runner.py:90} INFO - Running: ['***', 'tasks', 'run', 'fetch_spread_values', 'fetch_and_compute_spread_btc_mxn', 'scheduled__2024-07-14T04:39:00+00:00', '--job-id', '588', '--raw', '--subdir', 'DAGS_FOLDER/***.py', '--cfg-path', '/tmp/tmpld2n03o8']
[2024-07-14T09:01:05.722+0000] {standard_task_runner.py:91} INFO - Job 588: Subtask fetch_and_compute_spread_btc_mxn
[2024-07-14T09:01:05.752+0000] {task_command.py:426} INFO - Running <TaskInstance: fetch_spread_values.fetch_and_compute_spread_btc_mxn scheduled__2024-07-14T04:39:00+00:00 [running]> on host d537c34a4880
[2024-07-14T09:01:05.802+0000] {taskinstance.py:2648} INFO - Exporting env vars: AIRFLOW_CTX_DAG_OWNER='***' AIRFLOW_CTX_DAG_ID='fetch_spread_values' AIRFLOW_CTX_TASK_ID='fetch_and_compute_spread_btc_mxn' AIRFLOW_CTX_EXECUTION_DATE='2024-07-14T04:39:00+00:00' AIRFLOW_CTX_TRY_NUMBER='1' AIRFLOW_CTX_DAG_RUN_ID='scheduled__2024-07-14T04:39:00+00:00'
[2024-07-14T09:01:05.803+0000] {taskinstance.py:430} INFO - ::endgroup::
[2024-07-14T09:01:05.954+0000] {python.py:237} INFO - Done. Returned value was: None
[2024-07-14T09:01:05.955+0000] {taskinstance.py:441} INFO - ::group::Post task execution logs
[2024-07-14T09:01:05.961+0000] {taskinstance.py:1206} INFO - Marking task as SUCCESS. dag_id=fetch_spread_values, task_id=fetch_and_compute_spread_btc_mxn, run_id=scheduled__2024-07-14T04:39:00+00:00, execution_date=20240714T043900, start_date=20240714T090105, end_date=20240714T090105
[2024-07-14T09:01:05.983+0000] {local_task_job_runner.py:240} INFO - Task exited with return code 0
[2024-07-14T09:01:05.992+0000] {local_task_job_runner.py:222} INFO - ::endgroup::
[2024-07-14T20:34:05.490+0000] {local_task_job_runner.py:120} INFO - ::group::Pre task execution logs
[2024-07-14T20:34:05.522+0000] {taskinstance.py:2076} INFO - Dependencies all met for dep_context=non-requeueable deps ti=<TaskInstance: fetch_spread_values.fetch_and_compute_spread_btc_mxn scheduled__2024-07-14T04:39:00+00:00 [queued]>
[2024-07-14T20:34:05.531+0000] {taskinstance.py:2076} INFO - Dependencies all met for dep_context=requeueable deps ti=<TaskInstance: fetch_spread_values.fetch_and_compute_spread_btc_mxn scheduled__2024-07-14T04:39:00+00:00 [queued]>
[2024-07-14T20:34:05.531+0000] {taskinstance.py:2306} INFO - Starting attempt 1 of 2
[2024-07-14T20:34:05.541+0000] {taskinstance.py:2330} INFO - Executing <Task(PythonOperator): fetch_and_compute_spread_btc_mxn> on 2024-07-14 04:39:00+00:00
[2024-07-14T20:34:05.548+0000] {logging_mixin.py:188} WARNING - /home/***/.local/lib/python3.12/site-packages/***/task/task_runner/standard_task_runner.py:61 DeprecationWarning: This process (pid=1319) is multi-threaded, use of fork() may lead to deadlocks in the child.
[2024-07-14T20:34:05.550+0000] {standard_task_runner.py:63} INFO - Started process 1329 to run task
[2024-07-14T20:34:05.551+0000] {standard_task_runner.py:90} INFO - Running: ['***', 'tasks', 'run', 'fetch_spread_values', 'fetch_and_compute_spread_btc_mxn', 'scheduled__2024-07-14T04:39:00+00:00', '--job-id', '564', '--raw', '--subdir', 'DAGS_FOLDER/***.py', '--cfg-path', '/tmp/tmp0kumubko']
[2024-07-14T20:34:05.553+0000] {standard_task_runner.py:91} INFO - Job 564: Subtask fetch_and_compute_spread_btc_mxn
[2024-07-14T20:34:05.593+0000] {task_command.py:426} INFO - Running <TaskInstance: fetch_spread_values.fetch_and_compute_spread_btc_mxn scheduled__2024-07-14T04:39:00+00:00 [running]> on host 77caf7e4b282
[2024-07-14T20:34:05.733+0000] {taskinstance.py:2648} INFO - Exporting env vars: AIRFLOW_CTX_DAG_OWNER='***' AIRFLOW_CTX_DAG_ID='fetch_spread_values' AIRFLOW_CTX_TASK_ID='fetch_and_compute_spread_btc_mxn' AIRFLOW_CTX_EXECUTION_DATE='2024-07-14T04:39:00+00:00' AIRFLOW_CTX_TRY_NUMBER='1' AIRFLOW_CTX_DAG_RUN_ID='scheduled__2024-07-14T04:39:00+00:00'
[2024-07-14T20:34:05.736+0000] {taskinstance.py:430} INFO - ::endgroup::
[2024-07-14T20:34:05.981+0000] {python.py:237} INFO - Done. Returned value was: None
[2024-07-14T20:34:05.987+0000] {taskinstance.py:441} INFO - ::group::Post task execution logs
[2024-07-14T20:34:05.998+0000] {taskinstance.py:1206} INFO - Marking task as SUCCESS. dag_id=fetch_spread_values, task_id=fetch_and_compute_spread_btc_mxn, run_id=scheduled__2024-07-14T04:39:00+00:00, execution_date=20240714T043900, start_date=20240714T203405, end_date=20240714T203405
[2024-07-14T20:34:06.028+0000] {local_task_job_runner.py:240} INFO - Task exited with return code 0
[2024-07-14T20:34:06.050+0000] {taskinstance.py:3503} INFO - 0 downstream tasks scheduled from follow-on schedule check
[2024-07-14T20:34:06.055+0000] {local_task_job_runner.py:222} INFO - ::endgroup::
