[2024-07-14T08:58:02.698+0000] {local_task_job_runner.py:120} INFO - ::group::Pre task execution logs
[2024-07-14T08:58:02.715+0000] {taskinstance.py:2076} INFO - Dependencies all met for dep_context=non-requeueable deps ti=<TaskInstance: fetch_spread_values.fetch_and_compute_spread_usd_mxn scheduled__2024-07-14T01:21:00+00:00 [queued]>
[2024-07-14T08:58:02.720+0000] {taskinstance.py:2076} INFO - Dependencies all met for dep_context=requeueable deps ti=<TaskInstance: fetch_spread_values.fetch_and_compute_spread_usd_mxn scheduled__2024-07-14T01:21:00+00:00 [queued]>
[2024-07-14T08:58:02.721+0000] {taskinstance.py:2306} INFO - Starting attempt 1 of 2
[2024-07-14T08:58:02.731+0000] {taskinstance.py:2330} INFO - Executing <Task(PythonOperator): fetch_and_compute_spread_usd_mxn> on 2024-07-14 01:21:00+00:00
[2024-07-14T08:58:02.735+0000] {warnings.py:112} WARNING - /home/***/.local/lib/python3.12/site-packages/***/task/task_runner/standard_task_runner.py:61: DeprecationWarning: This process (pid=617) is multi-threaded, use of fork() may lead to deadlocks in the child.
  pid = os.fork()

[2024-07-14T08:58:02.737+0000] {standard_task_runner.py:63} INFO - Started process 638 to run task
[2024-07-14T08:58:02.737+0000] {standard_task_runner.py:90} INFO - Running: ['***', 'tasks', 'run', 'fetch_spread_values', 'fetch_and_compute_spread_usd_mxn', 'scheduled__2024-07-14T01:21:00+00:00', '--job-id', '194', '--raw', '--subdir', 'DAGS_FOLDER/***.py', '--cfg-path', '/tmp/tmpsasx_jgj']
[2024-07-14T08:58:02.741+0000] {standard_task_runner.py:91} INFO - Job 194: Subtask fetch_and_compute_spread_usd_mxn
[2024-07-14T08:58:02.773+0000] {task_command.py:426} INFO - Running <TaskInstance: fetch_spread_values.fetch_and_compute_spread_usd_mxn scheduled__2024-07-14T01:21:00+00:00 [running]> on host d537c34a4880
[2024-07-14T08:58:02.838+0000] {taskinstance.py:2648} INFO - Exporting env vars: AIRFLOW_CTX_DAG_OWNER='***' AIRFLOW_CTX_DAG_ID='fetch_spread_values' AIRFLOW_CTX_TASK_ID='fetch_and_compute_spread_usd_mxn' AIRFLOW_CTX_EXECUTION_DATE='2024-07-14T01:21:00+00:00' AIRFLOW_CTX_TRY_NUMBER='1' AIRFLOW_CTX_DAG_RUN_ID='scheduled__2024-07-14T01:21:00+00:00'
[2024-07-14T08:58:02.840+0000] {taskinstance.py:430} INFO - ::endgroup::
[2024-07-14T08:58:02.984+0000] {python.py:237} INFO - Done. Returned value was: None
[2024-07-14T08:58:02.985+0000] {taskinstance.py:441} INFO - ::group::Post task execution logs
[2024-07-14T08:58:02.991+0000] {taskinstance.py:1206} INFO - Marking task as SUCCESS. dag_id=fetch_spread_values, task_id=fetch_and_compute_spread_usd_mxn, run_id=scheduled__2024-07-14T01:21:00+00:00, execution_date=20240714T012100, start_date=20240714T085802, end_date=20240714T085802
[2024-07-14T08:58:03.004+0000] {local_task_job_runner.py:240} INFO - Task exited with return code 0
[2024-07-14T08:58:03.016+0000] {taskinstance.py:3503} INFO - 0 downstream tasks scheduled from follow-on schedule check
[2024-07-14T08:58:03.018+0000] {local_task_job_runner.py:222} INFO - ::endgroup::
[2024-07-14T20:32:35.429+0000] {local_task_job_runner.py:120} INFO - ::group::Pre task execution logs
[2024-07-14T20:32:35.456+0000] {taskinstance.py:2076} INFO - Dependencies all met for dep_context=non-requeueable deps ti=<TaskInstance: fetch_spread_values.fetch_and_compute_spread_usd_mxn scheduled__2024-07-14T01:21:00+00:00 [queued]>
[2024-07-14T20:32:35.476+0000] {taskinstance.py:2076} INFO - Dependencies all met for dep_context=requeueable deps ti=<TaskInstance: fetch_spread_values.fetch_and_compute_spread_usd_mxn scheduled__2024-07-14T01:21:00+00:00 [queued]>
[2024-07-14T20:32:35.476+0000] {taskinstance.py:2306} INFO - Starting attempt 1 of 2
[2024-07-14T20:32:35.525+0000] {taskinstance.py:2330} INFO - Executing <Task(PythonOperator): fetch_and_compute_spread_usd_mxn> on 2024-07-14 01:21:00+00:00
[2024-07-14T20:32:35.535+0000] {logging_mixin.py:188} WARNING - /home/***/.local/lib/python3.12/site-packages/***/task/task_runner/standard_task_runner.py:61 DeprecationWarning: This process (pid=512) is multi-threaded, use of fork() may lead to deadlocks in the child.
[2024-07-14T20:32:35.538+0000] {standard_task_runner.py:63} INFO - Started process 523 to run task
[2024-07-14T20:32:35.535+0000] {standard_task_runner.py:90} INFO - Running: ['***', 'tasks', 'run', 'fetch_spread_values', 'fetch_and_compute_spread_usd_mxn', 'scheduled__2024-07-14T01:21:00+00:00', '--job-id', '168', '--raw', '--subdir', 'DAGS_FOLDER/***.py', '--cfg-path', '/tmp/tmpqh5msbd9']
[2024-07-14T20:32:35.540+0000] {standard_task_runner.py:91} INFO - Job 168: Subtask fetch_and_compute_spread_usd_mxn
[2024-07-14T20:32:35.587+0000] {task_command.py:426} INFO - Running <TaskInstance: fetch_spread_values.fetch_and_compute_spread_usd_mxn scheduled__2024-07-14T01:21:00+00:00 [running]> on host 77caf7e4b282
[2024-07-14T20:32:35.688+0000] {taskinstance.py:2648} INFO - Exporting env vars: AIRFLOW_CTX_DAG_OWNER='***' AIRFLOW_CTX_DAG_ID='fetch_spread_values' AIRFLOW_CTX_TASK_ID='fetch_and_compute_spread_usd_mxn' AIRFLOW_CTX_EXECUTION_DATE='2024-07-14T01:21:00+00:00' AIRFLOW_CTX_TRY_NUMBER='1' AIRFLOW_CTX_DAG_RUN_ID='scheduled__2024-07-14T01:21:00+00:00'
[2024-07-14T20:32:35.692+0000] {taskinstance.py:430} INFO - ::endgroup::
[2024-07-14T20:32:35.905+0000] {python.py:237} INFO - Done. Returned value was: None
[2024-07-14T20:32:35.907+0000] {taskinstance.py:441} INFO - ::group::Post task execution logs
[2024-07-14T20:32:35.917+0000] {taskinstance.py:1206} INFO - Marking task as SUCCESS. dag_id=fetch_spread_values, task_id=fetch_and_compute_spread_usd_mxn, run_id=scheduled__2024-07-14T01:21:00+00:00, execution_date=20240714T012100, start_date=20240714T203235, end_date=20240714T203235
[2024-07-14T20:32:35.969+0000] {local_task_job_runner.py:240} INFO - Task exited with return code 0
[2024-07-14T20:32:35.982+0000] {taskinstance.py:3503} INFO - 0 downstream tasks scheduled from follow-on schedule check
[2024-07-14T20:32:35.984+0000] {local_task_job_runner.py:222} INFO - ::endgroup::
