[2024-07-14T09:02:42.066+0000] {local_task_job_runner.py:120} INFO - ::group::Pre task execution logs
[2024-07-14T09:02:42.113+0000] {taskinstance.py:2076} INFO - Dependencies all met for dep_context=non-requeueable deps ti=<TaskInstance: fetch_spread_values.fetch_and_compute_spread_usd_mxn scheduled__2024-07-14T06:30:00+00:00 [queued]>
[2024-07-14T09:02:42.136+0000] {taskinstance.py:2076} INFO - Dependencies all met for dep_context=requeueable deps ti=<TaskInstance: fetch_spread_values.fetch_and_compute_spread_usd_mxn scheduled__2024-07-14T06:30:00+00:00 [queued]>
[2024-07-14T09:02:42.138+0000] {taskinstance.py:2306} INFO - Starting attempt 1 of 2
[2024-07-14T09:02:42.152+0000] {taskinstance.py:2330} INFO - Executing <Task(PythonOperator): fetch_and_compute_spread_usd_mxn> on 2024-07-14 06:30:00+00:00
[2024-07-14T09:02:42.164+0000] {warnings.py:112} WARNING - /home/***/.local/lib/python3.12/site-packages/***/task/task_runner/standard_task_runner.py:61: DeprecationWarning: This process (pid=2519) is multi-threaded, use of fork() may lead to deadlocks in the child.
  pid = os.fork()

[2024-07-14T09:02:42.171+0000] {standard_task_runner.py:63} INFO - Started process 2545 to run task
[2024-07-14T09:02:42.170+0000] {standard_task_runner.py:90} INFO - Running: ['***', 'tasks', 'run', 'fetch_spread_values', 'fetch_and_compute_spread_usd_mxn', 'scheduled__2024-07-14T06:30:00+00:00', '--job-id', '806', '--raw', '--subdir', 'DAGS_FOLDER/***.py', '--cfg-path', '/tmp/tmp3sbd17a9']
[2024-07-14T09:02:42.182+0000] {standard_task_runner.py:91} INFO - Job 806: Subtask fetch_and_compute_spread_usd_mxn
[2024-07-14T09:02:42.327+0000] {task_command.py:426} INFO - Running <TaskInstance: fetch_spread_values.fetch_and_compute_spread_usd_mxn scheduled__2024-07-14T06:30:00+00:00 [running]> on host d537c34a4880
[2024-07-14T09:02:42.578+0000] {taskinstance.py:2648} INFO - Exporting env vars: AIRFLOW_CTX_DAG_OWNER='***' AIRFLOW_CTX_DAG_ID='fetch_spread_values' AIRFLOW_CTX_TASK_ID='fetch_and_compute_spread_usd_mxn' AIRFLOW_CTX_EXECUTION_DATE='2024-07-14T06:30:00+00:00' AIRFLOW_CTX_TRY_NUMBER='1' AIRFLOW_CTX_DAG_RUN_ID='scheduled__2024-07-14T06:30:00+00:00'
[2024-07-14T09:02:42.592+0000] {taskinstance.py:430} INFO - ::endgroup::
[2024-07-14T09:02:42.838+0000] {python.py:237} INFO - Done. Returned value was: None
[2024-07-14T09:02:42.854+0000] {taskinstance.py:441} INFO - ::group::Post task execution logs
[2024-07-14T09:02:42.902+0000] {taskinstance.py:1206} INFO - Marking task as SUCCESS. dag_id=fetch_spread_values, task_id=fetch_and_compute_spread_usd_mxn, run_id=scheduled__2024-07-14T06:30:00+00:00, execution_date=20240714T063000, start_date=20240714T090242, end_date=20240714T090242
[2024-07-14T09:02:43.110+0000] {local_task_job_runner.py:240} INFO - Task exited with return code 0
[2024-07-14T09:02:43.174+0000] {taskinstance.py:3503} INFO - 0 downstream tasks scheduled from follow-on schedule check
[2024-07-14T09:02:43.179+0000] {local_task_job_runner.py:222} INFO - ::endgroup::
[2024-07-14T20:34:59.075+0000] {local_task_job_runner.py:120} INFO - ::group::Pre task execution logs
[2024-07-14T20:34:59.111+0000] {taskinstance.py:2076} INFO - Dependencies all met for dep_context=non-requeueable deps ti=<TaskInstance: fetch_spread_values.fetch_and_compute_spread_usd_mxn scheduled__2024-07-14T06:30:00+00:00 [queued]>
[2024-07-14T20:34:59.118+0000] {taskinstance.py:2076} INFO - Dependencies all met for dep_context=requeueable deps ti=<TaskInstance: fetch_spread_values.fetch_and_compute_spread_usd_mxn scheduled__2024-07-14T06:30:00+00:00 [queued]>
[2024-07-14T20:34:59.121+0000] {taskinstance.py:2306} INFO - Starting attempt 1 of 2
[2024-07-14T20:34:59.138+0000] {taskinstance.py:2330} INFO - Executing <Task(PythonOperator): fetch_and_compute_spread_usd_mxn> on 2024-07-14 06:30:00+00:00
[2024-07-14T20:34:59.149+0000] {logging_mixin.py:188} WARNING - /home/***/.local/lib/python3.12/site-packages/***/task/task_runner/standard_task_runner.py:61 DeprecationWarning: This process (pid=1871) is multi-threaded, use of fork() may lead to deadlocks in the child.
[2024-07-14T20:34:59.151+0000] {standard_task_runner.py:63} INFO - Started process 1884 to run task
[2024-07-14T20:34:59.148+0000] {standard_task_runner.py:90} INFO - Running: ['***', 'tasks', 'run', 'fetch_spread_values', 'fetch_and_compute_spread_usd_mxn', 'scheduled__2024-07-14T06:30:00+00:00', '--job-id', '834', '--raw', '--subdir', 'DAGS_FOLDER/***.py', '--cfg-path', '/tmp/tmp8r04lxd4']
[2024-07-14T20:34:59.155+0000] {standard_task_runner.py:91} INFO - Job 834: Subtask fetch_and_compute_spread_usd_mxn
[2024-07-14T20:34:59.229+0000] {task_command.py:426} INFO - Running <TaskInstance: fetch_spread_values.fetch_and_compute_spread_usd_mxn scheduled__2024-07-14T06:30:00+00:00 [running]> on host 77caf7e4b282
[2024-07-14T20:34:59.502+0000] {taskinstance.py:2648} INFO - Exporting env vars: AIRFLOW_CTX_DAG_OWNER='***' AIRFLOW_CTX_DAG_ID='fetch_spread_values' AIRFLOW_CTX_TASK_ID='fetch_and_compute_spread_usd_mxn' AIRFLOW_CTX_EXECUTION_DATE='2024-07-14T06:30:00+00:00' AIRFLOW_CTX_TRY_NUMBER='1' AIRFLOW_CTX_DAG_RUN_ID='scheduled__2024-07-14T06:30:00+00:00'
[2024-07-14T20:34:59.507+0000] {taskinstance.py:430} INFO - ::endgroup::
[2024-07-14T20:34:59.785+0000] {python.py:237} INFO - Done. Returned value was: None
[2024-07-14T20:34:59.788+0000] {taskinstance.py:441} INFO - ::group::Post task execution logs
[2024-07-14T20:34:59.837+0000] {taskinstance.py:1206} INFO - Marking task as SUCCESS. dag_id=fetch_spread_values, task_id=fetch_and_compute_spread_usd_mxn, run_id=scheduled__2024-07-14T06:30:00+00:00, execution_date=20240714T063000, start_date=20240714T203459, end_date=20240714T203459
[2024-07-14T20:34:59.941+0000] {local_task_job_runner.py:240} INFO - Task exited with return code 0
[2024-07-14T20:34:59.959+0000] {local_task_job_runner.py:222} INFO - ::endgroup::
