[2024-07-14T08:58:51.976+0000] {local_task_job_runner.py:120} INFO - ::group::Pre task execution logs
[2024-07-14T08:58:52.039+0000] {taskinstance.py:2076} INFO - Dependencies all met for dep_context=non-requeueable deps ti=<TaskInstance: fetch_spread_values.fetch_and_compute_spread_usd_mxn scheduled__2024-07-14T02:14:00+00:00 [queued]>
[2024-07-14T08:58:52.068+0000] {taskinstance.py:2076} INFO - Dependencies all met for dep_context=requeueable deps ti=<TaskInstance: fetch_spread_values.fetch_and_compute_spread_usd_mxn scheduled__2024-07-14T02:14:00+00:00 [queued]>
[2024-07-14T08:58:52.070+0000] {taskinstance.py:2306} INFO - Starting attempt 1 of 2
[2024-07-14T08:58:52.102+0000] {taskinstance.py:2330} INFO - Executing <Task(PythonOperator): fetch_and_compute_spread_usd_mxn> on 2024-07-14 02:14:00+00:00
[2024-07-14T08:58:52.127+0000] {warnings.py:112} WARNING - /home/***/.local/lib/python3.12/site-packages/***/task/task_runner/standard_task_runner.py:61: DeprecationWarning: This process (pid=952) is multi-threaded, use of fork() may lead to deadlocks in the child.
  pid = os.fork()

[2024-07-14T08:58:52.138+0000] {standard_task_runner.py:63} INFO - Started process 975 to run task
[2024-07-14T08:58:52.134+0000] {standard_task_runner.py:90} INFO - Running: ['***', 'tasks', 'run', 'fetch_spread_values', 'fetch_and_compute_spread_usd_mxn', 'scheduled__2024-07-14T02:14:00+00:00', '--job-id', '298', '--raw', '--subdir', 'DAGS_FOLDER/***.py', '--cfg-path', '/tmp/tmp12ei24w9']
[2024-07-14T08:58:52.153+0000] {standard_task_runner.py:91} INFO - Job 298: Subtask fetch_and_compute_spread_usd_mxn
[2024-07-14T08:58:52.432+0000] {task_command.py:426} INFO - Running <TaskInstance: fetch_spread_values.fetch_and_compute_spread_usd_mxn scheduled__2024-07-14T02:14:00+00:00 [running]> on host d537c34a4880
[2024-07-14T08:58:52.586+0000] {taskinstance.py:2648} INFO - Exporting env vars: AIRFLOW_CTX_DAG_OWNER='***' AIRFLOW_CTX_DAG_ID='fetch_spread_values' AIRFLOW_CTX_TASK_ID='fetch_and_compute_spread_usd_mxn' AIRFLOW_CTX_EXECUTION_DATE='2024-07-14T02:14:00+00:00' AIRFLOW_CTX_TRY_NUMBER='1' AIRFLOW_CTX_DAG_RUN_ID='scheduled__2024-07-14T02:14:00+00:00'
[2024-07-14T08:58:52.595+0000] {taskinstance.py:430} INFO - ::endgroup::
[2024-07-14T08:58:52.882+0000] {python.py:237} INFO - Done. Returned value was: None
[2024-07-14T08:58:52.893+0000] {taskinstance.py:441} INFO - ::group::Post task execution logs
[2024-07-14T08:58:52.922+0000] {taskinstance.py:1206} INFO - Marking task as SUCCESS. dag_id=fetch_spread_values, task_id=fetch_and_compute_spread_usd_mxn, run_id=scheduled__2024-07-14T02:14:00+00:00, execution_date=20240714T021400, start_date=20240714T085852, end_date=20240714T085852
[2024-07-14T08:58:52.967+0000] {local_task_job_runner.py:240} INFO - Task exited with return code 0
[2024-07-14T08:58:53.013+0000] {local_task_job_runner.py:222} INFO - ::endgroup::
[2024-07-14T20:33:15.707+0000] {local_task_job_runner.py:120} INFO - ::group::Pre task execution logs
[2024-07-14T20:33:15.730+0000] {taskinstance.py:2076} INFO - Dependencies all met for dep_context=non-requeueable deps ti=<TaskInstance: fetch_spread_values.fetch_and_compute_spread_usd_mxn scheduled__2024-07-14T02:14:00+00:00 [queued]>
[2024-07-14T20:33:15.736+0000] {taskinstance.py:2076} INFO - Dependencies all met for dep_context=requeueable deps ti=<TaskInstance: fetch_spread_values.fetch_and_compute_spread_usd_mxn scheduled__2024-07-14T02:14:00+00:00 [queued]>
[2024-07-14T20:33:15.738+0000] {taskinstance.py:2306} INFO - Starting attempt 1 of 2
[2024-07-14T20:33:15.746+0000] {taskinstance.py:2330} INFO - Executing <Task(PythonOperator): fetch_and_compute_spread_usd_mxn> on 2024-07-14 02:14:00+00:00
[2024-07-14T20:33:15.750+0000] {logging_mixin.py:188} WARNING - /home/***/.local/lib/python3.12/site-packages/***/task/task_runner/standard_task_runner.py:61 DeprecationWarning: This process (pid=729) is multi-threaded, use of fork() may lead to deadlocks in the child.
[2024-07-14T20:33:15.752+0000] {standard_task_runner.py:90} INFO - Running: ['***', 'tasks', 'run', 'fetch_spread_values', 'fetch_and_compute_spread_usd_mxn', 'scheduled__2024-07-14T02:14:00+00:00', '--job-id', '273', '--raw', '--subdir', 'DAGS_FOLDER/***.py', '--cfg-path', '/tmp/tmpuewe8xjs']
[2024-07-14T20:33:15.753+0000] {standard_task_runner.py:63} INFO - Started process 737 to run task
[2024-07-14T20:33:15.754+0000] {standard_task_runner.py:91} INFO - Job 273: Subtask fetch_and_compute_spread_usd_mxn
[2024-07-14T20:33:15.789+0000] {task_command.py:426} INFO - Running <TaskInstance: fetch_spread_values.fetch_and_compute_spread_usd_mxn scheduled__2024-07-14T02:14:00+00:00 [running]> on host 77caf7e4b282
[2024-07-14T20:33:15.839+0000] {taskinstance.py:2648} INFO - Exporting env vars: AIRFLOW_CTX_DAG_OWNER='***' AIRFLOW_CTX_DAG_ID='fetch_spread_values' AIRFLOW_CTX_TASK_ID='fetch_and_compute_spread_usd_mxn' AIRFLOW_CTX_EXECUTION_DATE='2024-07-14T02:14:00+00:00' AIRFLOW_CTX_TRY_NUMBER='1' AIRFLOW_CTX_DAG_RUN_ID='scheduled__2024-07-14T02:14:00+00:00'
[2024-07-14T20:33:15.840+0000] {taskinstance.py:430} INFO - ::endgroup::
[2024-07-14T20:33:16.014+0000] {python.py:237} INFO - Done. Returned value was: None
[2024-07-14T20:33:16.015+0000] {taskinstance.py:441} INFO - ::group::Post task execution logs
[2024-07-14T20:33:16.021+0000] {taskinstance.py:1206} INFO - Marking task as SUCCESS. dag_id=fetch_spread_values, task_id=fetch_and_compute_spread_usd_mxn, run_id=scheduled__2024-07-14T02:14:00+00:00, execution_date=20240714T021400, start_date=20240714T203315, end_date=20240714T203316
[2024-07-14T20:33:16.064+0000] {local_task_job_runner.py:240} INFO - Task exited with return code 0
[2024-07-14T20:33:16.073+0000] {taskinstance.py:3503} INFO - 0 downstream tasks scheduled from follow-on schedule check
[2024-07-14T20:33:16.074+0000] {local_task_job_runner.py:222} INFO - ::endgroup::
