[2024-07-14T10:31:14.752+0000] {local_task_job_runner.py:120} INFO - ::group::Pre task execution logs
[2024-07-14T10:31:14.853+0000] {taskinstance.py:2076} INFO - Dependencies all met for dep_context=non-requeueable deps ti=<TaskInstance: fetch_spread_values.fetch_and_compute_spread_btc_mxn scheduled__2024-07-14T10:13:00+00:00 [queued]>
[2024-07-14T10:31:14.891+0000] {taskinstance.py:2076} INFO - Dependencies all met for dep_context=requeueable deps ti=<TaskInstance: fetch_spread_values.fetch_and_compute_spread_btc_mxn scheduled__2024-07-14T10:13:00+00:00 [queued]>
[2024-07-14T10:31:14.902+0000] {taskinstance.py:2306} INFO - Starting attempt 1 of 2
[2024-07-14T10:31:14.978+0000] {taskinstance.py:2330} INFO - Executing <Task(PythonOperator): fetch_and_compute_spread_btc_mxn> on 2024-07-14 10:13:00+00:00
[2024-07-14T10:31:14.998+0000] {warnings.py:112} WARNING - /home/***/.local/lib/python3.12/site-packages/***/task/task_runner/standard_task_runner.py:61: DeprecationWarning: This process (pid=4430) is multi-threaded, use of fork() may lead to deadlocks in the child.
  pid = os.fork()

[2024-07-14T10:31:15.017+0000] {standard_task_runner.py:63} INFO - Started process 4456 to run task
[2024-07-14T10:31:14.998+0000] {standard_task_runner.py:90} INFO - Running: ['***', 'tasks', 'run', 'fetch_spread_values', 'fetch_and_compute_spread_btc_mxn', 'scheduled__2024-07-14T10:13:00+00:00', '--job-id', '1318', '--raw', '--subdir', 'DAGS_FOLDER/***.py', '--cfg-path', '/tmp/tmpd6j3ao3p']
[2024-07-14T10:31:15.043+0000] {standard_task_runner.py:91} INFO - Job 1318: Subtask fetch_and_compute_spread_btc_mxn
[2024-07-14T10:31:15.247+0000] {task_command.py:426} INFO - Running <TaskInstance: fetch_spread_values.fetch_and_compute_spread_btc_mxn scheduled__2024-07-14T10:13:00+00:00 [running]> on host d537c34a4880
[2024-07-14T10:31:15.621+0000] {taskinstance.py:2648} INFO - Exporting env vars: AIRFLOW_CTX_DAG_OWNER='***' AIRFLOW_CTX_DAG_ID='fetch_spread_values' AIRFLOW_CTX_TASK_ID='fetch_and_compute_spread_btc_mxn' AIRFLOW_CTX_EXECUTION_DATE='2024-07-14T10:13:00+00:00' AIRFLOW_CTX_TRY_NUMBER='1' AIRFLOW_CTX_DAG_RUN_ID='scheduled__2024-07-14T10:13:00+00:00'
[2024-07-14T10:31:15.642+0000] {taskinstance.py:430} INFO - ::endgroup::
[2024-07-14T10:31:15.891+0000] {python.py:237} INFO - Done. Returned value was: None
[2024-07-14T10:31:15.902+0000] {taskinstance.py:441} INFO - ::group::Post task execution logs
[2024-07-14T10:31:15.944+0000] {taskinstance.py:1206} INFO - Marking task as SUCCESS. dag_id=fetch_spread_values, task_id=fetch_and_compute_spread_btc_mxn, run_id=scheduled__2024-07-14T10:13:00+00:00, execution_date=20240714T101300, start_date=20240714T103114, end_date=20240714T103115
[2024-07-14T10:31:16.023+0000] {local_task_job_runner.py:240} INFO - Task exited with return code 0
[2024-07-14T10:31:16.137+0000] {taskinstance.py:3503} INFO - 0 downstream tasks scheduled from follow-on schedule check
[2024-07-14T10:31:16.156+0000] {local_task_job_runner.py:222} INFO - ::endgroup::
[2024-07-14T20:36:45.550+0000] {local_task_job_runner.py:120} INFO - ::group::Pre task execution logs
[2024-07-14T20:36:45.597+0000] {taskinstance.py:2076} INFO - Dependencies all met for dep_context=non-requeueable deps ti=<TaskInstance: fetch_spread_values.fetch_and_compute_spread_btc_mxn scheduled__2024-07-14T10:13:00+00:00 [queued]>
[2024-07-14T20:36:45.609+0000] {taskinstance.py:2076} INFO - Dependencies all met for dep_context=requeueable deps ti=<TaskInstance: fetch_spread_values.fetch_and_compute_spread_btc_mxn scheduled__2024-07-14T10:13:00+00:00 [queued]>
[2024-07-14T20:36:45.619+0000] {taskinstance.py:2306} INFO - Starting attempt 1 of 2
[2024-07-14T20:36:45.673+0000] {taskinstance.py:2330} INFO - Executing <Task(PythonOperator): fetch_and_compute_spread_btc_mxn> on 2024-07-14 10:13:00+00:00
[2024-07-14T20:36:45.679+0000] {standard_task_runner.py:90} INFO - Running: ['***', 'tasks', 'run', 'fetch_spread_values', 'fetch_and_compute_spread_btc_mxn', 'scheduled__2024-07-14T10:13:00+00:00', '--job-id', '1354', '--raw', '--subdir', 'DAGS_FOLDER/***.py', '--cfg-path', '/tmp/tmptrhaf661']
[2024-07-14T20:36:45.681+0000] {logging_mixin.py:188} WARNING - /home/***/.local/lib/python3.12/site-packages/***/task/task_runner/standard_task_runner.py:61 DeprecationWarning: This process (pid=2924) is multi-threaded, use of fork() may lead to deadlocks in the child.
[2024-07-14T20:36:45.688+0000] {standard_task_runner.py:63} INFO - Started process 2936 to run task
[2024-07-14T20:36:45.687+0000] {standard_task_runner.py:91} INFO - Job 1354: Subtask fetch_and_compute_spread_btc_mxn
[2024-07-14T20:36:45.754+0000] {task_command.py:426} INFO - Running <TaskInstance: fetch_spread_values.fetch_and_compute_spread_btc_mxn scheduled__2024-07-14T10:13:00+00:00 [running]> on host 77caf7e4b282
[2024-07-14T20:36:45.848+0000] {taskinstance.py:2648} INFO - Exporting env vars: AIRFLOW_CTX_DAG_OWNER='***' AIRFLOW_CTX_DAG_ID='fetch_spread_values' AIRFLOW_CTX_TASK_ID='fetch_and_compute_spread_btc_mxn' AIRFLOW_CTX_EXECUTION_DATE='2024-07-14T10:13:00+00:00' AIRFLOW_CTX_TRY_NUMBER='1' AIRFLOW_CTX_DAG_RUN_ID='scheduled__2024-07-14T10:13:00+00:00'
[2024-07-14T20:36:45.853+0000] {taskinstance.py:430} INFO - ::endgroup::
[2024-07-14T20:36:46.067+0000] {python.py:237} INFO - Done. Returned value was: None
[2024-07-14T20:36:46.068+0000] {taskinstance.py:441} INFO - ::group::Post task execution logs
[2024-07-14T20:36:46.074+0000] {taskinstance.py:1206} INFO - Marking task as SUCCESS. dag_id=fetch_spread_values, task_id=fetch_and_compute_spread_btc_mxn, run_id=scheduled__2024-07-14T10:13:00+00:00, execution_date=20240714T101300, start_date=20240714T203645, end_date=20240714T203646
[2024-07-14T20:36:46.087+0000] {local_task_job_runner.py:240} INFO - Task exited with return code 0
[2024-07-14T20:36:46.097+0000] {taskinstance.py:3503} INFO - 0 downstream tasks scheduled from follow-on schedule check
[2024-07-14T20:36:46.098+0000] {local_task_job_runner.py:222} INFO - ::endgroup::
