[2024-07-14T13:31:21.579+0000] {local_task_job_runner.py:120} INFO - ::group::Pre task execution logs
[2024-07-14T13:31:21.673+0000] {taskinstance.py:2076} INFO - Dependencies all met for dep_context=non-requeueable deps ti=<TaskInstance: fetch_spread_values.fetch_and_compute_spread_btc_mxn scheduled__2024-07-14T13:20:00+00:00 [queued]>
[2024-07-14T13:31:21.735+0000] {taskinstance.py:2076} INFO - Dependencies all met for dep_context=requeueable deps ti=<TaskInstance: fetch_spread_values.fetch_and_compute_spread_btc_mxn scheduled__2024-07-14T13:20:00+00:00 [queued]>
[2024-07-14T13:31:21.740+0000] {taskinstance.py:2306} INFO - Starting attempt 1 of 2
[2024-07-14T13:31:21.813+0000] {taskinstance.py:2330} INFO - Executing <Task(PythonOperator): fetch_and_compute_spread_btc_mxn> on 2024-07-14 13:20:00+00:00
[2024-07-14T13:31:21.870+0000] {warnings.py:112} WARNING - /home/***/.local/lib/python3.12/site-packages/***/task/task_runner/standard_task_runner.py:61: DeprecationWarning: This process (pid=5694) is multi-threaded, use of fork() may lead to deadlocks in the child.
  pid = os.fork()

[2024-07-14T13:31:21.881+0000] {standard_task_runner.py:63} INFO - Started process 5725 to run task
[2024-07-14T13:31:21.888+0000] {standard_task_runner.py:90} INFO - Running: ['***', 'tasks', 'run', 'fetch_spread_values', 'fetch_and_compute_spread_btc_mxn', 'scheduled__2024-07-14T13:20:00+00:00', '--job-id', '1712', '--raw', '--subdir', 'DAGS_FOLDER/***.py', '--cfg-path', '/tmp/tmp_l2e4fm7']
[2024-07-14T13:31:21.915+0000] {standard_task_runner.py:91} INFO - Job 1712: Subtask fetch_and_compute_spread_btc_mxn
[2024-07-14T13:31:22.108+0000] {task_command.py:426} INFO - Running <TaskInstance: fetch_spread_values.fetch_and_compute_spread_btc_mxn scheduled__2024-07-14T13:20:00+00:00 [running]> on host d537c34a4880
[2024-07-14T13:31:22.323+0000] {taskinstance.py:2648} INFO - Exporting env vars: AIRFLOW_CTX_DAG_OWNER='***' AIRFLOW_CTX_DAG_ID='fetch_spread_values' AIRFLOW_CTX_TASK_ID='fetch_and_compute_spread_btc_mxn' AIRFLOW_CTX_EXECUTION_DATE='2024-07-14T13:20:00+00:00' AIRFLOW_CTX_TRY_NUMBER='1' AIRFLOW_CTX_DAG_RUN_ID='scheduled__2024-07-14T13:20:00+00:00'
[2024-07-14T13:31:22.338+0000] {taskinstance.py:430} INFO - ::endgroup::
[2024-07-14T13:31:22.676+0000] {python.py:237} INFO - Done. Returned value was: None
[2024-07-14T13:31:22.697+0000] {taskinstance.py:441} INFO - ::group::Post task execution logs
[2024-07-14T13:31:22.711+0000] {taskinstance.py:1206} INFO - Marking task as SUCCESS. dag_id=fetch_spread_values, task_id=fetch_and_compute_spread_btc_mxn, run_id=scheduled__2024-07-14T13:20:00+00:00, execution_date=20240714T132000, start_date=20240714T133121, end_date=20240714T133122
[2024-07-14T13:31:22.755+0000] {local_task_job_runner.py:240} INFO - Task exited with return code 0
[2024-07-14T13:31:22.796+0000] {taskinstance.py:3503} INFO - 0 downstream tasks scheduled from follow-on schedule check
[2024-07-14T13:31:22.801+0000] {local_task_job_runner.py:222} INFO - ::endgroup::
[2024-07-14T20:37:55.513+0000] {local_task_job_runner.py:120} INFO - ::group::Pre task execution logs
[2024-07-14T20:37:55.532+0000] {taskinstance.py:2076} INFO - Dependencies all met for dep_context=non-requeueable deps ti=<TaskInstance: fetch_spread_values.fetch_and_compute_spread_btc_mxn scheduled__2024-07-14T13:20:00+00:00 [queued]>
[2024-07-14T20:37:55.536+0000] {taskinstance.py:2076} INFO - Dependencies all met for dep_context=requeueable deps ti=<TaskInstance: fetch_spread_values.fetch_and_compute_spread_btc_mxn scheduled__2024-07-14T13:20:00+00:00 [queued]>
[2024-07-14T20:37:55.537+0000] {taskinstance.py:2306} INFO - Starting attempt 1 of 2
[2024-07-14T20:37:55.545+0000] {taskinstance.py:2330} INFO - Executing <Task(PythonOperator): fetch_and_compute_spread_btc_mxn> on 2024-07-14 13:20:00+00:00
[2024-07-14T20:37:55.549+0000] {logging_mixin.py:188} WARNING - /home/***/.local/lib/python3.12/site-packages/***/task/task_runner/standard_task_runner.py:61 DeprecationWarning: This process (pid=3690) is multi-threaded, use of fork() may lead to deadlocks in the child.
[2024-07-14T20:37:55.550+0000] {standard_task_runner.py:63} INFO - Started process 3695 to run task
[2024-07-14T20:37:55.549+0000] {standard_task_runner.py:90} INFO - Running: ['***', 'tasks', 'run', 'fetch_spread_values', 'fetch_and_compute_spread_btc_mxn', 'scheduled__2024-07-14T13:20:00+00:00', '--job-id', '1728', '--raw', '--subdir', 'DAGS_FOLDER/***.py', '--cfg-path', '/tmp/tmpya_l5ruz']
[2024-07-14T20:37:55.552+0000] {standard_task_runner.py:91} INFO - Job 1728: Subtask fetch_and_compute_spread_btc_mxn
[2024-07-14T20:37:55.581+0000] {task_command.py:426} INFO - Running <TaskInstance: fetch_spread_values.fetch_and_compute_spread_btc_mxn scheduled__2024-07-14T13:20:00+00:00 [running]> on host 77caf7e4b282
[2024-07-14T20:37:55.629+0000] {taskinstance.py:2648} INFO - Exporting env vars: AIRFLOW_CTX_DAG_OWNER='***' AIRFLOW_CTX_DAG_ID='fetch_spread_values' AIRFLOW_CTX_TASK_ID='fetch_and_compute_spread_btc_mxn' AIRFLOW_CTX_EXECUTION_DATE='2024-07-14T13:20:00+00:00' AIRFLOW_CTX_TRY_NUMBER='1' AIRFLOW_CTX_DAG_RUN_ID='scheduled__2024-07-14T13:20:00+00:00'
[2024-07-14T20:37:55.629+0000] {taskinstance.py:430} INFO - ::endgroup::
[2024-07-14T20:37:55.774+0000] {python.py:237} INFO - Done. Returned value was: None
[2024-07-14T20:37:55.775+0000] {taskinstance.py:441} INFO - ::group::Post task execution logs
[2024-07-14T20:37:55.780+0000] {taskinstance.py:1206} INFO - Marking task as SUCCESS. dag_id=fetch_spread_values, task_id=fetch_and_compute_spread_btc_mxn, run_id=scheduled__2024-07-14T13:20:00+00:00, execution_date=20240714T132000, start_date=20240714T203755, end_date=20240714T203755
[2024-07-14T20:37:55.814+0000] {local_task_job_runner.py:240} INFO - Task exited with return code 0
[2024-07-14T20:37:55.823+0000] {taskinstance.py:3503} INFO - 0 downstream tasks scheduled from follow-on schedule check
[2024-07-14T20:37:55.824+0000] {local_task_job_runner.py:222} INFO - ::endgroup::
