[2024-07-14T08:58:00.931+0000] {local_task_job_runner.py:120} INFO - ::group::Pre task execution logs
[2024-07-14T08:58:00.984+0000] {taskinstance.py:2076} INFO - Dependencies all met for dep_context=non-requeueable deps ti=<TaskInstance: fetch_spread_values.fetch_and_compute_spread_btc_mxn scheduled__2024-07-14T01:16:00+00:00 [queued]>
[2024-07-14T08:58:01.009+0000] {taskinstance.py:2076} INFO - Dependencies all met for dep_context=requeueable deps ti=<TaskInstance: fetch_spread_values.fetch_and_compute_spread_btc_mxn scheduled__2024-07-14T01:16:00+00:00 [queued]>
[2024-07-14T08:58:01.012+0000] {taskinstance.py:2306} INFO - Starting attempt 1 of 2
[2024-07-14T08:58:01.044+0000] {taskinstance.py:2330} INFO - Executing <Task(PythonOperator): fetch_and_compute_spread_btc_mxn> on 2024-07-14 01:16:00+00:00
[2024-07-14T08:58:01.063+0000] {warnings.py:112} WARNING - /home/***/.local/lib/python3.12/site-packages/***/task/task_runner/standard_task_runner.py:61: DeprecationWarning: This process (pid=588) is multi-threaded, use of fork() may lead to deadlocks in the child.
  pid = os.fork()

[2024-07-14T08:58:01.070+0000] {standard_task_runner.py:63} INFO - Started process 623 to run task
[2024-07-14T08:58:01.066+0000] {standard_task_runner.py:90} INFO - Running: ['***', 'tasks', 'run', 'fetch_spread_values', 'fetch_and_compute_spread_btc_mxn', 'scheduled__2024-07-14T01:16:00+00:00', '--job-id', '182', '--raw', '--subdir', 'DAGS_FOLDER/***.py', '--cfg-path', '/tmp/tmpkjojem2b']
[2024-07-14T08:58:01.086+0000] {standard_task_runner.py:91} INFO - Job 182: Subtask fetch_and_compute_spread_btc_mxn
[2024-07-14T08:58:01.333+0000] {task_command.py:426} INFO - Running <TaskInstance: fetch_spread_values.fetch_and_compute_spread_btc_mxn scheduled__2024-07-14T01:16:00+00:00 [running]> on host d537c34a4880
[2024-07-14T08:58:01.626+0000] {taskinstance.py:2648} INFO - Exporting env vars: AIRFLOW_CTX_DAG_OWNER='***' AIRFLOW_CTX_DAG_ID='fetch_spread_values' AIRFLOW_CTX_TASK_ID='fetch_and_compute_spread_btc_mxn' AIRFLOW_CTX_EXECUTION_DATE='2024-07-14T01:16:00+00:00' AIRFLOW_CTX_TRY_NUMBER='1' AIRFLOW_CTX_DAG_RUN_ID='scheduled__2024-07-14T01:16:00+00:00'
[2024-07-14T08:58:01.635+0000] {taskinstance.py:430} INFO - ::endgroup::
[2024-07-14T08:58:01.888+0000] {python.py:237} INFO - Done. Returned value was: None
[2024-07-14T08:58:01.897+0000] {taskinstance.py:441} INFO - ::group::Post task execution logs
[2024-07-14T08:58:01.929+0000] {taskinstance.py:1206} INFO - Marking task as SUCCESS. dag_id=fetch_spread_values, task_id=fetch_and_compute_spread_btc_mxn, run_id=scheduled__2024-07-14T01:16:00+00:00, execution_date=20240714T011600, start_date=20240714T085800, end_date=20240714T085801
[2024-07-14T08:58:01.991+0000] {local_task_job_runner.py:240} INFO - Task exited with return code 0
[2024-07-14T08:58:02.046+0000] {taskinstance.py:3503} INFO - 0 downstream tasks scheduled from follow-on schedule check
[2024-07-14T08:58:02.071+0000] {local_task_job_runner.py:222} INFO - ::endgroup::
[2024-07-14T20:32:32.034+0000] {local_task_job_runner.py:120} INFO - ::group::Pre task execution logs
[2024-07-14T20:32:32.052+0000] {taskinstance.py:2076} INFO - Dependencies all met for dep_context=non-requeueable deps ti=<TaskInstance: fetch_spread_values.fetch_and_compute_spread_btc_mxn scheduled__2024-07-14T01:16:00+00:00 [queued]>
[2024-07-14T20:32:32.056+0000] {taskinstance.py:2076} INFO - Dependencies all met for dep_context=requeueable deps ti=<TaskInstance: fetch_spread_values.fetch_and_compute_spread_btc_mxn scheduled__2024-07-14T01:16:00+00:00 [queued]>
[2024-07-14T20:32:32.057+0000] {taskinstance.py:2306} INFO - Starting attempt 1 of 2
[2024-07-14T20:32:32.063+0000] {taskinstance.py:2330} INFO - Executing <Task(PythonOperator): fetch_and_compute_spread_btc_mxn> on 2024-07-14 01:16:00+00:00
[2024-07-14T20:32:32.068+0000] {logging_mixin.py:188} WARNING - /home/***/.local/lib/python3.12/site-packages/***/task/task_runner/standard_task_runner.py:61 DeprecationWarning: This process (pid=496) is multi-threaded, use of fork() may lead to deadlocks in the child.
[2024-07-14T20:32:32.068+0000] {standard_task_runner.py:63} INFO - Started process 503 to run task
[2024-07-14T20:32:32.068+0000] {standard_task_runner.py:90} INFO - Running: ['***', 'tasks', 'run', 'fetch_spread_values', 'fetch_and_compute_spread_btc_mxn', 'scheduled__2024-07-14T01:16:00+00:00', '--job-id', '157', '--raw', '--subdir', 'DAGS_FOLDER/***.py', '--cfg-path', '/tmp/tmpcwh6l_0f']
[2024-07-14T20:32:32.070+0000] {standard_task_runner.py:91} INFO - Job 157: Subtask fetch_and_compute_spread_btc_mxn
[2024-07-14T20:32:32.096+0000] {task_command.py:426} INFO - Running <TaskInstance: fetch_spread_values.fetch_and_compute_spread_btc_mxn scheduled__2024-07-14T01:16:00+00:00 [running]> on host 77caf7e4b282
[2024-07-14T20:32:32.141+0000] {taskinstance.py:2648} INFO - Exporting env vars: AIRFLOW_CTX_DAG_OWNER='***' AIRFLOW_CTX_DAG_ID='fetch_spread_values' AIRFLOW_CTX_TASK_ID='fetch_and_compute_spread_btc_mxn' AIRFLOW_CTX_EXECUTION_DATE='2024-07-14T01:16:00+00:00' AIRFLOW_CTX_TRY_NUMBER='1' AIRFLOW_CTX_DAG_RUN_ID='scheduled__2024-07-14T01:16:00+00:00'
[2024-07-14T20:32:32.142+0000] {taskinstance.py:430} INFO - ::endgroup::
[2024-07-14T20:32:32.316+0000] {python.py:237} INFO - Done. Returned value was: None
[2024-07-14T20:32:32.317+0000] {taskinstance.py:441} INFO - ::group::Post task execution logs
[2024-07-14T20:32:32.325+0000] {taskinstance.py:1206} INFO - Marking task as SUCCESS. dag_id=fetch_spread_values, task_id=fetch_and_compute_spread_btc_mxn, run_id=scheduled__2024-07-14T01:16:00+00:00, execution_date=20240714T011600, start_date=20240714T203232, end_date=20240714T203232
[2024-07-14T20:32:32.374+0000] {local_task_job_runner.py:240} INFO - Task exited with return code 0
[2024-07-14T20:32:32.380+0000] {local_task_job_runner.py:222} INFO - ::endgroup::
