[2024-07-14T08:59:13.805+0000] {local_task_job_runner.py:120} INFO - ::group::Pre task execution logs
[2024-07-14T08:59:13.854+0000] {taskinstance.py:2076} INFO - Dependencies all met for dep_context=non-requeueable deps ti=<TaskInstance: fetch_spread_values.fetch_and_compute_spread_usd_mxn scheduled__2024-07-14T02:40:00+00:00 [queued]>
[2024-07-14T08:59:13.868+0000] {taskinstance.py:2076} INFO - Dependencies all met for dep_context=requeueable deps ti=<TaskInstance: fetch_spread_values.fetch_and_compute_spread_usd_mxn scheduled__2024-07-14T02:40:00+00:00 [queued]>
[2024-07-14T08:59:13.872+0000] {taskinstance.py:2306} INFO - Starting attempt 1 of 2
[2024-07-14T08:59:14.200+0000] {taskinstance.py:2330} INFO - Executing <Task(PythonOperator): fetch_and_compute_spread_usd_mxn> on 2024-07-14 02:40:00+00:00
[2024-07-14T08:59:14.375+0000] {standard_task_runner.py:90} INFO - Running: ['***', 'tasks', 'run', 'fetch_spread_values', 'fetch_and_compute_spread_usd_mxn', 'scheduled__2024-07-14T02:40:00+00:00', '--job-id', '352', '--raw', '--subdir', 'DAGS_FOLDER/***.py', '--cfg-path', '/tmp/tmpz22f9zm4']
[2024-07-14T08:59:14.403+0000] {standard_task_runner.py:91} INFO - Job 352: Subtask fetch_and_compute_spread_usd_mxn
[2024-07-14T08:59:14.235+0000] {warnings.py:112} WARNING - /home/***/.local/lib/python3.12/site-packages/***/task/task_runner/standard_task_runner.py:61: DeprecationWarning: This process (pid=1101) is multi-threaded, use of fork() may lead to deadlocks in the child.
  pid = os.fork()

[2024-07-14T08:59:14.446+0000] {standard_task_runner.py:63} INFO - Started process 1138 to run task
[2024-07-14T08:59:14.817+0000] {task_command.py:426} INFO - Running <TaskInstance: fetch_spread_values.fetch_and_compute_spread_usd_mxn scheduled__2024-07-14T02:40:00+00:00 [running]> on host d537c34a4880
[2024-07-14T08:59:15.411+0000] {taskinstance.py:2648} INFO - Exporting env vars: AIRFLOW_CTX_DAG_OWNER='***' AIRFLOW_CTX_DAG_ID='fetch_spread_values' AIRFLOW_CTX_TASK_ID='fetch_and_compute_spread_usd_mxn' AIRFLOW_CTX_EXECUTION_DATE='2024-07-14T02:40:00+00:00' AIRFLOW_CTX_TRY_NUMBER='1' AIRFLOW_CTX_DAG_RUN_ID='scheduled__2024-07-14T02:40:00+00:00'
[2024-07-14T08:59:15.415+0000] {taskinstance.py:430} INFO - ::endgroup::
[2024-07-14T08:59:15.902+0000] {python.py:237} INFO - Done. Returned value was: None
[2024-07-14T08:59:15.978+0000] {taskinstance.py:441} INFO - ::group::Post task execution logs
[2024-07-14T08:59:16.028+0000] {taskinstance.py:1206} INFO - Marking task as SUCCESS. dag_id=fetch_spread_values, task_id=fetch_and_compute_spread_usd_mxn, run_id=scheduled__2024-07-14T02:40:00+00:00, execution_date=20240714T024000, start_date=20240714T085913, end_date=20240714T085916
[2024-07-14T08:59:16.441+0000] {local_task_job_runner.py:240} INFO - Task exited with return code 0
[2024-07-14T08:59:16.550+0000] {taskinstance.py:3503} INFO - 0 downstream tasks scheduled from follow-on schedule check
[2024-07-14T08:59:16.597+0000] {local_task_job_runner.py:222} INFO - ::endgroup::
[2024-07-14T20:33:24.014+0000] {local_task_job_runner.py:120} INFO - ::group::Pre task execution logs
[2024-07-14T20:33:24.058+0000] {taskinstance.py:2076} INFO - Dependencies all met for dep_context=non-requeueable deps ti=<TaskInstance: fetch_spread_values.fetch_and_compute_spread_usd_mxn scheduled__2024-07-14T02:40:00+00:00 [queued]>
[2024-07-14T20:33:24.077+0000] {taskinstance.py:2076} INFO - Dependencies all met for dep_context=requeueable deps ti=<TaskInstance: fetch_spread_values.fetch_and_compute_spread_usd_mxn scheduled__2024-07-14T02:40:00+00:00 [queued]>
[2024-07-14T20:33:24.081+0000] {taskinstance.py:2306} INFO - Starting attempt 1 of 2
[2024-07-14T20:33:24.265+0000] {taskinstance.py:2330} INFO - Executing <Task(PythonOperator): fetch_and_compute_spread_usd_mxn> on 2024-07-14 02:40:00+00:00
[2024-07-14T20:33:24.275+0000] {logging_mixin.py:188} WARNING - /home/***/.local/lib/python3.12/site-packages/***/task/task_runner/standard_task_runner.py:61 DeprecationWarning: This process (pid=838) is multi-threaded, use of fork() may lead to deadlocks in the child.
[2024-07-14T20:33:24.274+0000] {standard_task_runner.py:90} INFO - Running: ['***', 'tasks', 'run', 'fetch_spread_values', 'fetch_and_compute_spread_usd_mxn', 'scheduled__2024-07-14T02:40:00+00:00', '--job-id', '325', '--raw', '--subdir', 'DAGS_FOLDER/***.py', '--cfg-path', '/tmp/tmpuw5c6wsd']
[2024-07-14T20:33:24.277+0000] {standard_task_runner.py:63} INFO - Started process 855 to run task
[2024-07-14T20:33:24.277+0000] {standard_task_runner.py:91} INFO - Job 325: Subtask fetch_and_compute_spread_usd_mxn
[2024-07-14T20:33:24.350+0000] {task_command.py:426} INFO - Running <TaskInstance: fetch_spread_values.fetch_and_compute_spread_usd_mxn scheduled__2024-07-14T02:40:00+00:00 [running]> on host 77caf7e4b282
[2024-07-14T20:33:24.520+0000] {taskinstance.py:2648} INFO - Exporting env vars: AIRFLOW_CTX_DAG_OWNER='***' AIRFLOW_CTX_DAG_ID='fetch_spread_values' AIRFLOW_CTX_TASK_ID='fetch_and_compute_spread_usd_mxn' AIRFLOW_CTX_EXECUTION_DATE='2024-07-14T02:40:00+00:00' AIRFLOW_CTX_TRY_NUMBER='1' AIRFLOW_CTX_DAG_RUN_ID='scheduled__2024-07-14T02:40:00+00:00'
[2024-07-14T20:33:24.523+0000] {taskinstance.py:430} INFO - ::endgroup::
[2024-07-14T20:33:24.744+0000] {python.py:237} INFO - Done. Returned value was: None
[2024-07-14T20:33:24.745+0000] {taskinstance.py:441} INFO - ::group::Post task execution logs
[2024-07-14T20:33:24.750+0000] {taskinstance.py:1206} INFO - Marking task as SUCCESS. dag_id=fetch_spread_values, task_id=fetch_and_compute_spread_usd_mxn, run_id=scheduled__2024-07-14T02:40:00+00:00, execution_date=20240714T024000, start_date=20240714T203324, end_date=20240714T203324
[2024-07-14T20:33:24.791+0000] {local_task_job_runner.py:240} INFO - Task exited with return code 0
[2024-07-14T20:33:24.802+0000] {taskinstance.py:3503} INFO - 0 downstream tasks scheduled from follow-on schedule check
[2024-07-14T20:33:24.804+0000] {local_task_job_runner.py:222} INFO - ::endgroup::
