[2024-07-14T09:28:00.876+0000] {local_task_job_runner.py:120} INFO - ::group::Pre task execution logs
[2024-07-14T09:28:00.885+0000] {taskinstance.py:2076} INFO - Dependencies all met for dep_context=non-requeueable deps ti=<TaskInstance: fetch_spread_values.fetch_and_compute_spread_btc_mxn scheduled__2024-07-14T09:27:00+00:00 [queued]>
[2024-07-14T09:28:00.889+0000] {taskinstance.py:2076} INFO - Dependencies all met for dep_context=requeueable deps ti=<TaskInstance: fetch_spread_values.fetch_and_compute_spread_btc_mxn scheduled__2024-07-14T09:27:00+00:00 [queued]>
[2024-07-14T09:28:00.890+0000] {taskinstance.py:2306} INFO - Starting attempt 1 of 2
[2024-07-14T09:28:00.897+0000] {taskinstance.py:2330} INFO - Executing <Task(PythonOperator): fetch_and_compute_spread_btc_mxn> on 2024-07-14 09:27:00+00:00
[2024-07-14T09:28:00.900+0000] {warnings.py:112} WARNING - /home/***/.local/lib/python3.12/site-packages/***/task/task_runner/standard_task_runner.py:61: DeprecationWarning: This process (pid=4094) is multi-threaded, use of fork() may lead to deadlocks in the child.
  pid = os.fork()

[2024-07-14T09:28:00.901+0000] {standard_task_runner.py:63} INFO - Started process 4099 to run task
[2024-07-14T09:28:00.901+0000] {standard_task_runner.py:90} INFO - Running: ['***', 'tasks', 'run', 'fetch_spread_values', 'fetch_and_compute_spread_btc_mxn', 'scheduled__2024-07-14T09:27:00+00:00', '--job-id', '1221', '--raw', '--subdir', 'DAGS_FOLDER/***.py', '--cfg-path', '/tmp/tmpqstay89c']
[2024-07-14T09:28:00.903+0000] {standard_task_runner.py:91} INFO - Job 1221: Subtask fetch_and_compute_spread_btc_mxn
[2024-07-14T09:28:00.936+0000] {task_command.py:426} INFO - Running <TaskInstance: fetch_spread_values.fetch_and_compute_spread_btc_mxn scheduled__2024-07-14T09:27:00+00:00 [running]> on host d537c34a4880
[2024-07-14T09:28:00.982+0000] {taskinstance.py:2648} INFO - Exporting env vars: AIRFLOW_CTX_DAG_OWNER='***' AIRFLOW_CTX_DAG_ID='fetch_spread_values' AIRFLOW_CTX_TASK_ID='fetch_and_compute_spread_btc_mxn' AIRFLOW_CTX_EXECUTION_DATE='2024-07-14T09:27:00+00:00' AIRFLOW_CTX_TRY_NUMBER='1' AIRFLOW_CTX_DAG_RUN_ID='scheduled__2024-07-14T09:27:00+00:00'
[2024-07-14T09:28:00.985+0000] {taskinstance.py:430} INFO - ::endgroup::
[2024-07-14T09:28:01.360+0000] {python.py:237} INFO - Done. Returned value was: None
[2024-07-14T09:28:01.361+0000] {taskinstance.py:441} INFO - ::group::Post task execution logs
[2024-07-14T09:28:01.367+0000] {taskinstance.py:1206} INFO - Marking task as SUCCESS. dag_id=fetch_spread_values, task_id=fetch_and_compute_spread_btc_mxn, run_id=scheduled__2024-07-14T09:27:00+00:00, execution_date=20240714T092700, start_date=20240714T092800, end_date=20240714T092801
[2024-07-14T09:28:01.421+0000] {local_task_job_runner.py:240} INFO - Task exited with return code 0
[2024-07-14T09:28:01.432+0000] {taskinstance.py:3503} INFO - 0 downstream tasks scheduled from follow-on schedule check
[2024-07-14T09:28:01.433+0000] {local_task_job_runner.py:222} INFO - ::endgroup::
[2024-07-14T20:36:27.625+0000] {local_task_job_runner.py:120} INFO - ::group::Pre task execution logs
[2024-07-14T20:36:27.648+0000] {taskinstance.py:2076} INFO - Dependencies all met for dep_context=non-requeueable deps ti=<TaskInstance: fetch_spread_values.fetch_and_compute_spread_btc_mxn scheduled__2024-07-14T09:27:00+00:00 [queued]>
[2024-07-14T20:36:27.653+0000] {taskinstance.py:2076} INFO - Dependencies all met for dep_context=requeueable deps ti=<TaskInstance: fetch_spread_values.fetch_and_compute_spread_btc_mxn scheduled__2024-07-14T09:27:00+00:00 [queued]>
[2024-07-14T20:36:27.654+0000] {taskinstance.py:2306} INFO - Starting attempt 1 of 2
[2024-07-14T20:36:27.663+0000] {taskinstance.py:2330} INFO - Executing <Task(PythonOperator): fetch_and_compute_spread_btc_mxn> on 2024-07-14 09:27:00+00:00
[2024-07-14T20:36:27.667+0000] {logging_mixin.py:188} WARNING - /home/***/.local/lib/python3.12/site-packages/***/task/task_runner/standard_task_runner.py:61 DeprecationWarning: This process (pid=2745) is multi-threaded, use of fork() may lead to deadlocks in the child.
[2024-07-14T20:36:27.668+0000] {standard_task_runner.py:63} INFO - Started process 2749 to run task
[2024-07-14T20:36:27.667+0000] {standard_task_runner.py:90} INFO - Running: ['***', 'tasks', 'run', 'fetch_spread_values', 'fetch_and_compute_spread_btc_mxn', 'scheduled__2024-07-14T09:27:00+00:00', '--job-id', '1263', '--raw', '--subdir', 'DAGS_FOLDER/***.py', '--cfg-path', '/tmp/tmp_qc3g8i3']
[2024-07-14T20:36:27.669+0000] {standard_task_runner.py:91} INFO - Job 1263: Subtask fetch_and_compute_spread_btc_mxn
[2024-07-14T20:36:27.697+0000] {task_command.py:426} INFO - Running <TaskInstance: fetch_spread_values.fetch_and_compute_spread_btc_mxn scheduled__2024-07-14T09:27:00+00:00 [running]> on host 77caf7e4b282
[2024-07-14T20:36:27.750+0000] {taskinstance.py:2648} INFO - Exporting env vars: AIRFLOW_CTX_DAG_OWNER='***' AIRFLOW_CTX_DAG_ID='fetch_spread_values' AIRFLOW_CTX_TASK_ID='fetch_and_compute_spread_btc_mxn' AIRFLOW_CTX_EXECUTION_DATE='2024-07-14T09:27:00+00:00' AIRFLOW_CTX_TRY_NUMBER='1' AIRFLOW_CTX_DAG_RUN_ID='scheduled__2024-07-14T09:27:00+00:00'
[2024-07-14T20:36:27.751+0000] {taskinstance.py:430} INFO - ::endgroup::
[2024-07-14T20:36:27.924+0000] {python.py:237} INFO - Done. Returned value was: None
[2024-07-14T20:36:27.925+0000] {taskinstance.py:441} INFO - ::group::Post task execution logs
[2024-07-14T20:36:27.931+0000] {taskinstance.py:1206} INFO - Marking task as SUCCESS. dag_id=fetch_spread_values, task_id=fetch_and_compute_spread_btc_mxn, run_id=scheduled__2024-07-14T09:27:00+00:00, execution_date=20240714T092700, start_date=20240714T203627, end_date=20240714T203627
[2024-07-14T20:36:27.976+0000] {local_task_job_runner.py:240} INFO - Task exited with return code 0
[2024-07-14T20:36:27.985+0000] {taskinstance.py:3503} INFO - 0 downstream tasks scheduled from follow-on schedule check
[2024-07-14T20:36:27.986+0000] {local_task_job_runner.py:222} INFO - ::endgroup::
