[2024-07-14T09:01:37.853+0000] {local_task_job_runner.py:120} INFO - ::group::Pre task execution logs
[2024-07-14T09:01:37.932+0000] {taskinstance.py:2076} INFO - Dependencies all met for dep_context=non-requeueable deps ti=<TaskInstance: fetch_spread_values.fetch_and_compute_spread_btc_mxn scheduled__2024-07-14T05:14:00+00:00 [queued]>
[2024-07-14T09:01:37.943+0000] {taskinstance.py:2076} INFO - Dependencies all met for dep_context=requeueable deps ti=<TaskInstance: fetch_spread_values.fetch_and_compute_spread_btc_mxn scheduled__2024-07-14T05:14:00+00:00 [queued]>
[2024-07-14T09:01:37.945+0000] {taskinstance.py:2306} INFO - Starting attempt 1 of 2
[2024-07-14T09:01:37.986+0000] {taskinstance.py:2330} INFO - Executing <Task(PythonOperator): fetch_and_compute_spread_btc_mxn> on 2024-07-14 05:14:00+00:00
[2024-07-14T09:01:38.009+0000] {warnings.py:112} WARNING - /home/***/.local/lib/python3.12/site-packages/***/task/task_runner/standard_task_runner.py:61: DeprecationWarning: This process (pid=2054) is multi-threaded, use of fork() may lead to deadlocks in the child.
  pid = os.fork()

[2024-07-14T09:01:38.022+0000] {standard_task_runner.py:63} INFO - Started process 2086 to run task
[2024-07-14T09:01:38.010+0000] {standard_task_runner.py:90} INFO - Running: ['***', 'tasks', 'run', 'fetch_spread_values', 'fetch_and_compute_spread_btc_mxn', 'scheduled__2024-07-14T05:14:00+00:00', '--job-id', '658', '--raw', '--subdir', 'DAGS_FOLDER/***.py', '--cfg-path', '/tmp/tmp35_qqvks']
[2024-07-14T09:01:38.028+0000] {standard_task_runner.py:91} INFO - Job 658: Subtask fetch_and_compute_spread_btc_mxn
[2024-07-14T09:01:38.147+0000] {task_command.py:426} INFO - Running <TaskInstance: fetch_spread_values.fetch_and_compute_spread_btc_mxn scheduled__2024-07-14T05:14:00+00:00 [running]> on host d537c34a4880
[2024-07-14T09:01:38.332+0000] {taskinstance.py:2648} INFO - Exporting env vars: AIRFLOW_CTX_DAG_OWNER='***' AIRFLOW_CTX_DAG_ID='fetch_spread_values' AIRFLOW_CTX_TASK_ID='fetch_and_compute_spread_btc_mxn' AIRFLOW_CTX_EXECUTION_DATE='2024-07-14T05:14:00+00:00' AIRFLOW_CTX_TRY_NUMBER='1' AIRFLOW_CTX_DAG_RUN_ID='scheduled__2024-07-14T05:14:00+00:00'
[2024-07-14T09:01:38.342+0000] {taskinstance.py:430} INFO - ::endgroup::
[2024-07-14T09:01:38.595+0000] {python.py:237} INFO - Done. Returned value was: None
[2024-07-14T09:01:38.604+0000] {taskinstance.py:441} INFO - ::group::Post task execution logs
[2024-07-14T09:01:38.646+0000] {taskinstance.py:1206} INFO - Marking task as SUCCESS. dag_id=fetch_spread_values, task_id=fetch_and_compute_spread_btc_mxn, run_id=scheduled__2024-07-14T05:14:00+00:00, execution_date=20240714T051400, start_date=20240714T090137, end_date=20240714T090138
[2024-07-14T09:01:38.714+0000] {local_task_job_runner.py:240} INFO - Task exited with return code 0
[2024-07-14T09:01:38.761+0000] {taskinstance.py:3503} INFO - 0 downstream tasks scheduled from follow-on schedule check
[2024-07-14T09:01:38.779+0000] {local_task_job_runner.py:222} INFO - ::endgroup::
[2024-07-14T20:34:20.265+0000] {local_task_job_runner.py:120} INFO - ::group::Pre task execution logs
[2024-07-14T20:34:20.305+0000] {taskinstance.py:2076} INFO - Dependencies all met for dep_context=non-requeueable deps ti=<TaskInstance: fetch_spread_values.fetch_and_compute_spread_btc_mxn scheduled__2024-07-14T05:14:00+00:00 [queued]>
[2024-07-14T20:34:20.313+0000] {taskinstance.py:2076} INFO - Dependencies all met for dep_context=requeueable deps ti=<TaskInstance: fetch_spread_values.fetch_and_compute_spread_btc_mxn scheduled__2024-07-14T05:14:00+00:00 [queued]>
[2024-07-14T20:34:20.314+0000] {taskinstance.py:2306} INFO - Starting attempt 1 of 2
[2024-07-14T20:34:20.371+0000] {taskinstance.py:2330} INFO - Executing <Task(PythonOperator): fetch_and_compute_spread_btc_mxn> on 2024-07-14 05:14:00+00:00
[2024-07-14T20:34:20.384+0000] {logging_mixin.py:188} WARNING - /home/***/.local/lib/python3.12/site-packages/***/task/task_runner/standard_task_runner.py:61 DeprecationWarning: This process (pid=1464) is multi-threaded, use of fork() may lead to deadlocks in the child.
[2024-07-14T20:34:20.386+0000] {standard_task_runner.py:63} INFO - Started process 1477 to run task
[2024-07-14T20:34:20.384+0000] {standard_task_runner.py:90} INFO - Running: ['***', 'tasks', 'run', 'fetch_spread_values', 'fetch_and_compute_spread_btc_mxn', 'scheduled__2024-07-14T05:14:00+00:00', '--job-id', '634', '--raw', '--subdir', 'DAGS_FOLDER/***.py', '--cfg-path', '/tmp/tmpo4635bzs']
[2024-07-14T20:34:20.395+0000] {standard_task_runner.py:91} INFO - Job 634: Subtask fetch_and_compute_spread_btc_mxn
[2024-07-14T20:34:20.512+0000] {task_command.py:426} INFO - Running <TaskInstance: fetch_spread_values.fetch_and_compute_spread_btc_mxn scheduled__2024-07-14T05:14:00+00:00 [running]> on host 77caf7e4b282
[2024-07-14T20:34:20.668+0000] {taskinstance.py:2648} INFO - Exporting env vars: AIRFLOW_CTX_DAG_OWNER='***' AIRFLOW_CTX_DAG_ID='fetch_spread_values' AIRFLOW_CTX_TASK_ID='fetch_and_compute_spread_btc_mxn' AIRFLOW_CTX_EXECUTION_DATE='2024-07-14T05:14:00+00:00' AIRFLOW_CTX_TRY_NUMBER='1' AIRFLOW_CTX_DAG_RUN_ID='scheduled__2024-07-14T05:14:00+00:00'
[2024-07-14T20:34:20.670+0000] {taskinstance.py:430} INFO - ::endgroup::
[2024-07-14T20:34:20.907+0000] {python.py:237} INFO - Done. Returned value was: None
[2024-07-14T20:34:20.913+0000] {taskinstance.py:441} INFO - ::group::Post task execution logs
[2024-07-14T20:34:20.931+0000] {taskinstance.py:1206} INFO - Marking task as SUCCESS. dag_id=fetch_spread_values, task_id=fetch_and_compute_spread_btc_mxn, run_id=scheduled__2024-07-14T05:14:00+00:00, execution_date=20240714T051400, start_date=20240714T203420, end_date=20240714T203420
[2024-07-14T20:34:21.051+0000] {local_task_job_runner.py:240} INFO - Task exited with return code 0
[2024-07-14T20:34:21.077+0000] {local_task_job_runner.py:222} INFO - ::endgroup::
