[2024-07-14T09:03:42.018+0000] {local_task_job_runner.py:120} INFO - ::group::Pre task execution logs
[2024-07-14T09:03:42.097+0000] {taskinstance.py:2076} INFO - Dependencies all met for dep_context=non-requeueable deps ti=<TaskInstance: fetch_spread_values.fetch_and_compute_spread_btc_mxn scheduled__2024-07-14T07:34:00+00:00 [queued]>
[2024-07-14T09:03:42.110+0000] {taskinstance.py:2076} INFO - Dependencies all met for dep_context=requeueable deps ti=<TaskInstance: fetch_spread_values.fetch_and_compute_spread_btc_mxn scheduled__2024-07-14T07:34:00+00:00 [queued]>
[2024-07-14T09:03:42.111+0000] {taskinstance.py:2306} INFO - Starting attempt 1 of 2
[2024-07-14T09:03:42.169+0000] {taskinstance.py:2330} INFO - Executing <Task(PythonOperator): fetch_and_compute_spread_btc_mxn> on 2024-07-14 07:34:00+00:00
[2024-07-14T09:03:42.257+0000] {standard_task_runner.py:90} INFO - Running: ['***', 'tasks', 'run', 'fetch_spread_values', 'fetch_and_compute_spread_btc_mxn', 'scheduled__2024-07-14T07:34:00+00:00', '--job-id', '937', '--raw', '--subdir', 'DAGS_FOLDER/***.py', '--cfg-path', '/tmp/tmp1cgqd13p']
[2024-07-14T09:03:42.272+0000] {standard_task_runner.py:91} INFO - Job 937: Subtask fetch_and_compute_spread_btc_mxn
[2024-07-14T09:03:42.250+0000] {warnings.py:112} WARNING - /home/***/.local/lib/python3.12/site-packages/***/task/task_runner/standard_task_runner.py:61: DeprecationWarning: This process (pid=2927) is multi-threaded, use of fork() may lead to deadlocks in the child.
  pid = os.fork()

[2024-07-14T09:03:42.275+0000] {standard_task_runner.py:63} INFO - Started process 2944 to run task
[2024-07-14T09:03:42.513+0000] {task_command.py:426} INFO - Running <TaskInstance: fetch_spread_values.fetch_and_compute_spread_btc_mxn scheduled__2024-07-14T07:34:00+00:00 [running]> on host d537c34a4880
[2024-07-14T09:03:43.264+0000] {taskinstance.py:2648} INFO - Exporting env vars: AIRFLOW_CTX_DAG_OWNER='***' AIRFLOW_CTX_DAG_ID='fetch_spread_values' AIRFLOW_CTX_TASK_ID='fetch_and_compute_spread_btc_mxn' AIRFLOW_CTX_EXECUTION_DATE='2024-07-14T07:34:00+00:00' AIRFLOW_CTX_TRY_NUMBER='1' AIRFLOW_CTX_DAG_RUN_ID='scheduled__2024-07-14T07:34:00+00:00'
[2024-07-14T09:03:43.305+0000] {taskinstance.py:430} INFO - ::endgroup::
[2024-07-14T09:03:43.780+0000] {python.py:237} INFO - Done. Returned value was: None
[2024-07-14T09:03:43.796+0000] {taskinstance.py:441} INFO - ::group::Post task execution logs
[2024-07-14T09:03:43.870+0000] {taskinstance.py:1206} INFO - Marking task as SUCCESS. dag_id=fetch_spread_values, task_id=fetch_and_compute_spread_btc_mxn, run_id=scheduled__2024-07-14T07:34:00+00:00, execution_date=20240714T073400, start_date=20240714T090342, end_date=20240714T090343
[2024-07-14T09:03:43.945+0000] {local_task_job_runner.py:240} INFO - Task exited with return code 0
[2024-07-14T09:03:44.028+0000] {taskinstance.py:3503} INFO - 0 downstream tasks scheduled from follow-on schedule check
[2024-07-14T09:03:44.065+0000] {local_task_job_runner.py:222} INFO - ::endgroup::
[2024-07-14T20:35:28.331+0000] {local_task_job_runner.py:120} INFO - ::group::Pre task execution logs
[2024-07-14T20:35:28.348+0000] {taskinstance.py:2076} INFO - Dependencies all met for dep_context=non-requeueable deps ti=<TaskInstance: fetch_spread_values.fetch_and_compute_spread_btc_mxn scheduled__2024-07-14T07:34:00+00:00 [queued]>
[2024-07-14T20:35:28.352+0000] {taskinstance.py:2076} INFO - Dependencies all met for dep_context=requeueable deps ti=<TaskInstance: fetch_spread_values.fetch_and_compute_spread_btc_mxn scheduled__2024-07-14T07:34:00+00:00 [queued]>
[2024-07-14T20:35:28.353+0000] {taskinstance.py:2306} INFO - Starting attempt 1 of 2
[2024-07-14T20:35:28.359+0000] {taskinstance.py:2330} INFO - Executing <Task(PythonOperator): fetch_and_compute_spread_btc_mxn> on 2024-07-14 07:34:00+00:00
[2024-07-14T20:35:28.363+0000] {logging_mixin.py:188} WARNING - /home/***/.local/lib/python3.12/site-packages/***/task/task_runner/standard_task_runner.py:61 DeprecationWarning: This process (pid=2243) is multi-threaded, use of fork() may lead to deadlocks in the child.
[2024-07-14T20:35:28.364+0000] {standard_task_runner.py:63} INFO - Started process 2246 to run task
[2024-07-14T20:35:28.363+0000] {standard_task_runner.py:90} INFO - Running: ['***', 'tasks', 'run', 'fetch_spread_values', 'fetch_and_compute_spread_btc_mxn', 'scheduled__2024-07-14T07:34:00+00:00', '--job-id', '1015', '--raw', '--subdir', 'DAGS_FOLDER/***.py', '--cfg-path', '/tmp/tmpwrhlwu9a']
[2024-07-14T20:35:28.364+0000] {standard_task_runner.py:91} INFO - Job 1015: Subtask fetch_and_compute_spread_btc_mxn
[2024-07-14T20:35:28.390+0000] {task_command.py:426} INFO - Running <TaskInstance: fetch_spread_values.fetch_and_compute_spread_btc_mxn scheduled__2024-07-14T07:34:00+00:00 [running]> on host 77caf7e4b282
[2024-07-14T20:35:28.435+0000] {taskinstance.py:2648} INFO - Exporting env vars: AIRFLOW_CTX_DAG_OWNER='***' AIRFLOW_CTX_DAG_ID='fetch_spread_values' AIRFLOW_CTX_TASK_ID='fetch_and_compute_spread_btc_mxn' AIRFLOW_CTX_EXECUTION_DATE='2024-07-14T07:34:00+00:00' AIRFLOW_CTX_TRY_NUMBER='1' AIRFLOW_CTX_DAG_RUN_ID='scheduled__2024-07-14T07:34:00+00:00'
[2024-07-14T20:35:28.436+0000] {taskinstance.py:430} INFO - ::endgroup::
[2024-07-14T20:35:28.601+0000] {python.py:237} INFO - Done. Returned value was: None
[2024-07-14T20:35:28.602+0000] {taskinstance.py:441} INFO - ::group::Post task execution logs
[2024-07-14T20:35:28.609+0000] {taskinstance.py:1206} INFO - Marking task as SUCCESS. dag_id=fetch_spread_values, task_id=fetch_and_compute_spread_btc_mxn, run_id=scheduled__2024-07-14T07:34:00+00:00, execution_date=20240714T073400, start_date=20240714T203528, end_date=20240714T203528
[2024-07-14T20:35:28.626+0000] {local_task_job_runner.py:240} INFO - Task exited with return code 0
[2024-07-14T20:35:28.636+0000] {taskinstance.py:3503} INFO - 0 downstream tasks scheduled from follow-on schedule check
[2024-07-14T20:35:28.637+0000] {local_task_job_runner.py:222} INFO - ::endgroup::
