[2024-07-14T14:48:34.331+0000] {local_task_job_runner.py:120} INFO - ::group::Pre task execution logs
[2024-07-14T14:48:34.381+0000] {taskinstance.py:2076} INFO - Dependencies all met for dep_context=non-requeueable deps ti=<TaskInstance: save_spread_values.save_and_flush_task scheduled__2024-07-14T14:30:00+00:00 [queued]>
[2024-07-14T14:48:34.390+0000] {taskinstance.py:2076} INFO - Dependencies all met for dep_context=requeueable deps ti=<TaskInstance: save_spread_values.save_and_flush_task scheduled__2024-07-14T14:30:00+00:00 [queued]>
[2024-07-14T14:48:34.391+0000] {taskinstance.py:2306} INFO - Starting attempt 1 of 2
[2024-07-14T14:48:34.447+0000] {taskinstance.py:2330} INFO - Executing <Task(PythonOperator): save_and_flush_task> on 2024-07-14 14:30:00+00:00
[2024-07-14T14:48:34.467+0000] {warnings.py:112} WARNING - /home/***/.local/lib/python3.12/site-packages/***/task/task_runner/standard_task_runner.py:61: DeprecationWarning: This process (pid=6222) is multi-threaded, use of fork() may lead to deadlocks in the child.
  pid = os.fork()

[2024-07-14T14:48:34.476+0000] {standard_task_runner.py:63} INFO - Started process 6243 to run task
[2024-07-14T14:48:34.470+0000] {standard_task_runner.py:90} INFO - Running: ['***', 'tasks', 'run', 'save_spread_values', 'save_and_flush_task', 'scheduled__2024-07-14T14:30:00+00:00', '--job-id', '1867', '--raw', '--subdir', 'DAGS_FOLDER/***.py', '--cfg-path', '/tmp/tmpp3zt1jdh']
[2024-07-14T14:48:34.488+0000] {standard_task_runner.py:91} INFO - Job 1867: Subtask save_and_flush_task
[2024-07-14T14:48:34.766+0000] {task_command.py:426} INFO - Running <TaskInstance: save_spread_values.save_and_flush_task scheduled__2024-07-14T14:30:00+00:00 [running]> on host d537c34a4880
[2024-07-14T14:48:35.188+0000] {taskinstance.py:2648} INFO - Exporting env vars: AIRFLOW_CTX_DAG_OWNER='***' AIRFLOW_CTX_DAG_ID='save_spread_values' AIRFLOW_CTX_TASK_ID='save_and_flush_task' AIRFLOW_CTX_EXECUTION_DATE='2024-07-14T14:30:00+00:00' AIRFLOW_CTX_TRY_NUMBER='1' AIRFLOW_CTX_DAG_RUN_ID='scheduled__2024-07-14T14:30:00+00:00'
[2024-07-14T14:48:35.194+0000] {taskinstance.py:430} INFO - ::endgroup::
[2024-07-14T14:48:35.196+0000] {python.py:237} INFO - Done. Returned value was: None
[2024-07-14T14:48:35.199+0000] {taskinstance.py:441} INFO - ::group::Post task execution logs
[2024-07-14T14:48:35.231+0000] {taskinstance.py:1206} INFO - Marking task as SUCCESS. dag_id=save_spread_values, task_id=save_and_flush_task, run_id=scheduled__2024-07-14T14:30:00+00:00, execution_date=20240714T143000, start_date=20240714T144834, end_date=20240714T144835
[2024-07-14T14:48:35.336+0000] {local_task_job_runner.py:240} INFO - Task exited with return code 0
[2024-07-14T14:48:35.404+0000] {taskinstance.py:3503} INFO - 0 downstream tasks scheduled from follow-on schedule check
[2024-07-14T14:48:35.422+0000] {local_task_job_runner.py:222} INFO - ::endgroup::
[2024-07-14T20:35:16.477+0000] {local_task_job_runner.py:120} INFO - ::group::Pre task execution logs
[2024-07-14T20:35:16.505+0000] {taskinstance.py:2076} INFO - Dependencies all met for dep_context=non-requeueable deps ti=<TaskInstance: save_spread_values.save_and_flush_task scheduled__2024-07-14T14:30:00+00:00 [queued]>
[2024-07-14T20:35:16.514+0000] {taskinstance.py:2076} INFO - Dependencies all met for dep_context=requeueable deps ti=<TaskInstance: save_spread_values.save_and_flush_task scheduled__2024-07-14T14:30:00+00:00 [queued]>
[2024-07-14T20:35:16.514+0000] {taskinstance.py:2306} INFO - Starting attempt 1 of 2
[2024-07-14T20:35:16.527+0000] {taskinstance.py:2330} INFO - Executing <Task(PythonOperator): save_and_flush_task> on 2024-07-14 14:30:00+00:00
[2024-07-14T20:35:16.541+0000] {logging_mixin.py:188} WARNING - /home/***/.local/lib/python3.12/site-packages/***/task/task_runner/standard_task_runner.py:61 DeprecationWarning: This process (pid=2138) is multi-threaded, use of fork() may lead to deadlocks in the child.
[2024-07-14T20:35:16.542+0000] {standard_task_runner.py:90} INFO - Running: ['***', 'tasks', 'run', 'save_spread_values', 'save_and_flush_task', 'scheduled__2024-07-14T14:30:00+00:00', '--job-id', '968', '--raw', '--subdir', 'DAGS_FOLDER/***.py', '--cfg-path', '/tmp/tmpikqrcknu']
[2024-07-14T20:35:16.544+0000] {standard_task_runner.py:63} INFO - Started process 2149 to run task
[2024-07-14T20:35:16.544+0000] {standard_task_runner.py:91} INFO - Job 968: Subtask save_and_flush_task
[2024-07-14T20:35:16.591+0000] {task_command.py:426} INFO - Running <TaskInstance: save_spread_values.save_and_flush_task scheduled__2024-07-14T14:30:00+00:00 [running]> on host 77caf7e4b282
[2024-07-14T20:35:16.691+0000] {taskinstance.py:2648} INFO - Exporting env vars: AIRFLOW_CTX_DAG_OWNER='***' AIRFLOW_CTX_DAG_ID='save_spread_values' AIRFLOW_CTX_TASK_ID='save_and_flush_task' AIRFLOW_CTX_EXECUTION_DATE='2024-07-14T14:30:00+00:00' AIRFLOW_CTX_TRY_NUMBER='1' AIRFLOW_CTX_DAG_RUN_ID='scheduled__2024-07-14T14:30:00+00:00'
[2024-07-14T20:35:16.697+0000] {taskinstance.py:430} INFO - ::endgroup::
[2024-07-14T20:35:16.719+0000] {python.py:237} INFO - Done. Returned value was: None
[2024-07-14T20:35:16.722+0000] {taskinstance.py:441} INFO - ::group::Post task execution logs
[2024-07-14T20:35:16.734+0000] {taskinstance.py:1206} INFO - Marking task as SUCCESS. dag_id=save_spread_values, task_id=save_and_flush_task, run_id=scheduled__2024-07-14T14:30:00+00:00, execution_date=20240714T143000, start_date=20240714T203516, end_date=20240714T203516
[2024-07-14T20:35:16.771+0000] {local_task_job_runner.py:240} INFO - Task exited with return code 0
[2024-07-14T20:35:16.797+0000] {taskinstance.py:3503} INFO - 0 downstream tasks scheduled from follow-on schedule check
[2024-07-14T20:35:16.802+0000] {local_task_job_runner.py:222} INFO - ::endgroup::
