[2024-07-14T21:20:00.593+0000] {local_task_job_runner.py:120} INFO - ::group::Pre task execution logs
[2024-07-14T21:20:00.610+0000] {taskinstance.py:2076} INFO - Dependencies all met for dep_context=non-requeueable deps ti=<TaskInstance: save_spread_values.save_and_flush_task scheduled__2024-07-14T21:10:00+00:00 [queued]>
[2024-07-14T21:20:00.614+0000] {taskinstance.py:2076} INFO - Dependencies all met for dep_context=requeueable deps ti=<TaskInstance: save_spread_values.save_and_flush_task scheduled__2024-07-14T21:10:00+00:00 [queued]>
[2024-07-14T21:20:00.614+0000] {taskinstance.py:2306} INFO - Starting attempt 1 of 2
[2024-07-14T21:20:00.620+0000] {taskinstance.py:2330} INFO - Executing <Task(PythonOperator): save_and_flush_task> on 2024-07-14 21:10:00+00:00
[2024-07-14T21:20:00.624+0000] {logging_mixin.py:188} WARNING - /home/***/.local/lib/python3.12/site-packages/***/task/task_runner/standard_task_runner.py:61 DeprecationWarning: This process (pid=6343) is multi-threaded, use of fork() may lead to deadlocks in the child.
[2024-07-14T21:20:00.626+0000] {standard_task_runner.py:63} INFO - Started process 6345 to run task
[2024-07-14T21:20:00.626+0000] {standard_task_runner.py:90} INFO - Running: ['***', 'tasks', 'run', 'save_spread_values', 'save_and_flush_task', 'scheduled__2024-07-14T21:10:00+00:00', '--job-id', '2701', '--raw', '--subdir', 'DAGS_FOLDER/***.py', '--cfg-path', '/tmp/tmppld8h4rx']
[2024-07-14T21:20:00.628+0000] {standard_task_runner.py:91} INFO - Job 2701: Subtask save_and_flush_task
[2024-07-14T21:20:00.655+0000] {task_command.py:426} INFO - Running <TaskInstance: save_spread_values.save_and_flush_task scheduled__2024-07-14T21:10:00+00:00 [running]> on host 77caf7e4b282
[2024-07-14T21:20:00.705+0000] {taskinstance.py:2648} INFO - Exporting env vars: AIRFLOW_CTX_DAG_OWNER='***' AIRFLOW_CTX_DAG_ID='save_spread_values' AIRFLOW_CTX_TASK_ID='save_and_flush_task' AIRFLOW_CTX_EXECUTION_DATE='2024-07-14T21:10:00+00:00' AIRFLOW_CTX_TRY_NUMBER='1' AIRFLOW_CTX_DAG_RUN_ID='scheduled__2024-07-14T21:10:00+00:00'
[2024-07-14T21:20:00.705+0000] {taskinstance.py:430} INFO - ::endgroup::
[2024-07-14T21:20:00.712+0000] {python.py:237} INFO - Done. Returned value was: None
[2024-07-14T21:20:00.713+0000] {taskinstance.py:441} INFO - ::group::Post task execution logs
[2024-07-14T21:20:00.718+0000] {taskinstance.py:1206} INFO - Marking task as SUCCESS. dag_id=save_spread_values, task_id=save_and_flush_task, run_id=scheduled__2024-07-14T21:10:00+00:00, execution_date=20240714T211000, start_date=20240714T212000, end_date=20240714T212000
[2024-07-14T21:20:00.766+0000] {local_task_job_runner.py:240} INFO - Task exited with return code 0
[2024-07-14T21:20:00.775+0000] {taskinstance.py:3503} INFO - 0 downstream tasks scheduled from follow-on schedule check
[2024-07-14T21:20:00.776+0000] {local_task_job_runner.py:222} INFO - ::endgroup::
[2024-07-15T06:37:56.088+0000] {local_task_job_runner.py:120} INFO - ::group::Pre task execution logs
[2024-07-15T06:37:56.110+0000] {taskinstance.py:2076} INFO - Dependencies all met for dep_context=non-requeueable deps ti=<TaskInstance: save_spread_values.save_and_flush_task scheduled__2024-07-14T21:10:00+00:00 [queued]>
[2024-07-15T06:37:56.114+0000] {taskinstance.py:2076} INFO - Dependencies all met for dep_context=requeueable deps ti=<TaskInstance: save_spread_values.save_and_flush_task scheduled__2024-07-14T21:10:00+00:00 [queued]>
[2024-07-15T06:37:56.115+0000] {taskinstance.py:2306} INFO - Starting attempt 1 of 2
[2024-07-15T06:37:56.125+0000] {taskinstance.py:2330} INFO - Executing <Task(PythonOperator): save_and_flush_task> on 2024-07-14 21:10:00+00:00
[2024-07-15T06:37:56.130+0000] {logging_mixin.py:188} WARNING - /home/***/.local/lib/python3.12/site-packages/***/task/task_runner/standard_task_runner.py:61 DeprecationWarning: This process (pid=4103) is multi-threaded, use of fork() may lead to deadlocks in the child.
[2024-07-15T06:37:56.130+0000] {standard_task_runner.py:90} INFO - Running: ['***', 'tasks', 'run', 'save_spread_values', 'save_and_flush_task', 'scheduled__2024-07-14T21:10:00+00:00', '--job-id', '729', '--raw', '--subdir', 'DAGS_FOLDER/et_dag.py', '--cfg-path', '/tmp/tmpm65fapop']
[2024-07-15T06:37:56.135+0000] {standard_task_runner.py:63} INFO - Started process 4107 to run task
[2024-07-15T06:37:56.136+0000] {standard_task_runner.py:91} INFO - Job 729: Subtask save_and_flush_task
[2024-07-15T06:37:56.168+0000] {task_command.py:426} INFO - Running <TaskInstance: save_spread_values.save_and_flush_task scheduled__2024-07-14T21:10:00+00:00 [running]> on host 52e7a9c3d832
[2024-07-15T06:37:56.210+0000] {taskinstance.py:2648} INFO - Exporting env vars: AIRFLOW_CTX_DAG_OWNER='***' AIRFLOW_CTX_DAG_ID='save_spread_values' AIRFLOW_CTX_TASK_ID='save_and_flush_task' AIRFLOW_CTX_EXECUTION_DATE='2024-07-14T21:10:00+00:00' AIRFLOW_CTX_TRY_NUMBER='1' AIRFLOW_CTX_DAG_RUN_ID='scheduled__2024-07-14T21:10:00+00:00'
[2024-07-15T06:37:56.210+0000] {taskinstance.py:430} INFO - ::endgroup::
[2024-07-15T06:37:56.217+0000] {taskinstance.py:441} INFO - ::group::Post task execution logs
[2024-07-15T06:37:56.217+0000] {taskinstance.py:2905} ERROR - Task failed with exception
Traceback (most recent call last):
  File "/home/airflow/.local/lib/python3.12/site-packages/airflow/models/taskinstance.py", line 465, in _execute_task
    result = _execute_callable(context=context, **execute_callable_kwargs)
             ^^^^^^^^^^^^^^^^^^^^^^^^^^^^^^^^^^^^^^^^^^^^^^^^^^^^^^^^^^^^^
  File "/home/airflow/.local/lib/python3.12/site-packages/airflow/models/taskinstance.py", line 432, in _execute_callable
    return execute_callable(context=context, **execute_callable_kwargs)
           ^^^^^^^^^^^^^^^^^^^^^^^^^^^^^^^^^^^^^^^^^^^^^^^^^^^^^^^^^^^^
  File "/home/airflow/.local/lib/python3.12/site-packages/airflow/models/baseoperator.py", line 401, in wrapper
    return func(self, *args, **kwargs)
           ^^^^^^^^^^^^^^^^^^^^^^^^^^^
  File "/home/airflow/.local/lib/python3.12/site-packages/airflow/operators/python.py", line 235, in execute
    return_value = self.execute_callable()
                   ^^^^^^^^^^^^^^^^^^^^^^^
  File "/home/airflow/.local/lib/python3.12/site-packages/airflow/operators/python.py", line 252, in execute_callable
    return self.python_callable(*self.op_args, **self.op_kwargs)
           ^^^^^^^^^^^^^^^^^^^^^^^^^^^^^^^^^^^^^^^^^^^^^^^^^^^^^
  File "/opt/airflow/dags/et_dag.py", line 38, in trigger_save_and_flush
    logging('Invoking method to save data from records')
TypeError: 'module' object is not callable
[2024-07-15T06:37:56.223+0000] {taskinstance.py:1206} INFO - Marking task as UP_FOR_RETRY. dag_id=save_spread_values, task_id=save_and_flush_task, run_id=scheduled__2024-07-14T21:10:00+00:00, execution_date=20240714T211000, start_date=20240715T063756, end_date=20240715T063756
[2024-07-15T06:37:56.229+0000] {standard_task_runner.py:110} ERROR - Failed to execute job 729 for task save_and_flush_task ('module' object is not callable; 4107)
[2024-07-15T06:37:56.235+0000] {local_task_job_runner.py:240} INFO - Task exited with return code 1
[2024-07-15T06:37:56.244+0000] {taskinstance.py:3503} INFO - 0 downstream tasks scheduled from follow-on schedule check
[2024-07-15T06:37:56.245+0000] {local_task_job_runner.py:222} INFO - ::endgroup::
