[2024-07-14T09:05:43.506+0000] {local_task_job_runner.py:120} INFO - ::group::Pre task execution logs
[2024-07-14T09:05:43.534+0000] {taskinstance.py:2076} INFO - Dependencies all met for dep_context=non-requeueable deps ti=<TaskInstance: save_spread_values.save_and_flush_task scheduled__2024-07-14T08:30:00+00:00 [queued]>
[2024-07-14T09:05:43.539+0000] {taskinstance.py:2076} INFO - Dependencies all met for dep_context=requeueable deps ti=<TaskInstance: save_spread_values.save_and_flush_task scheduled__2024-07-14T08:30:00+00:00 [queued]>
[2024-07-14T09:05:43.540+0000] {taskinstance.py:2306} INFO - Starting attempt 1 of 2
[2024-07-14T09:05:43.551+0000] {taskinstance.py:2330} INFO - Executing <Task(PythonOperator): save_and_flush_task> on 2024-07-14 08:30:00+00:00
[2024-07-14T09:05:43.557+0000] {warnings.py:112} WARNING - /home/***/.local/lib/python3.12/site-packages/***/task/task_runner/standard_task_runner.py:61: DeprecationWarning: This process (pid=3645) is multi-threaded, use of fork() may lead to deadlocks in the child.
  pid = os.fork()

[2024-07-14T09:05:43.560+0000] {standard_task_runner.py:63} INFO - Started process 3657 to run task
[2024-07-14T09:05:43.561+0000] {standard_task_runner.py:90} INFO - Running: ['***', 'tasks', 'run', 'save_spread_values', 'save_and_flush_task', 'scheduled__2024-07-14T08:30:00+00:00', '--job-id', '1170', '--raw', '--subdir', 'DAGS_FOLDER/***.py', '--cfg-path', '/tmp/tmplzmasnbz']
[2024-07-14T09:05:43.564+0000] {standard_task_runner.py:91} INFO - Job 1170: Subtask save_and_flush_task
[2024-07-14T09:05:43.622+0000] {task_command.py:426} INFO - Running <TaskInstance: save_spread_values.save_and_flush_task scheduled__2024-07-14T08:30:00+00:00 [running]> on host d537c34a4880
[2024-07-14T09:05:43.699+0000] {taskinstance.py:2648} INFO - Exporting env vars: AIRFLOW_CTX_DAG_OWNER='***' AIRFLOW_CTX_DAG_ID='save_spread_values' AIRFLOW_CTX_TASK_ID='save_and_flush_task' AIRFLOW_CTX_EXECUTION_DATE='2024-07-14T08:30:00+00:00' AIRFLOW_CTX_TRY_NUMBER='1' AIRFLOW_CTX_DAG_RUN_ID='scheduled__2024-07-14T08:30:00+00:00'
[2024-07-14T09:05:43.701+0000] {taskinstance.py:430} INFO - ::endgroup::
[2024-07-14T09:05:43.702+0000] {python.py:237} INFO - Done. Returned value was: None
[2024-07-14T09:05:43.703+0000] {taskinstance.py:441} INFO - ::group::Post task execution logs
[2024-07-14T09:05:43.710+0000] {taskinstance.py:1206} INFO - Marking task as SUCCESS. dag_id=save_spread_values, task_id=save_and_flush_task, run_id=scheduled__2024-07-14T08:30:00+00:00, execution_date=20240714T083000, start_date=20240714T090543, end_date=20240714T090543
[2024-07-14T09:05:43.762+0000] {local_task_job_runner.py:240} INFO - Task exited with return code 0
[2024-07-14T09:05:43.784+0000] {taskinstance.py:3503} INFO - 0 downstream tasks scheduled from follow-on schedule check
[2024-07-14T09:05:43.785+0000] {local_task_job_runner.py:222} INFO - ::endgroup::
[2024-07-14T20:34:59.442+0000] {local_task_job_runner.py:120} INFO - ::group::Pre task execution logs
[2024-07-14T20:34:59.524+0000] {taskinstance.py:2076} INFO - Dependencies all met for dep_context=non-requeueable deps ti=<TaskInstance: save_spread_values.save_and_flush_task scheduled__2024-07-14T08:30:00+00:00 [queued]>
[2024-07-14T20:34:59.548+0000] {taskinstance.py:2076} INFO - Dependencies all met for dep_context=requeueable deps ti=<TaskInstance: save_spread_values.save_and_flush_task scheduled__2024-07-14T08:30:00+00:00 [queued]>
[2024-07-14T20:34:59.550+0000] {taskinstance.py:2306} INFO - Starting attempt 1 of 2
[2024-07-14T20:34:59.584+0000] {taskinstance.py:2330} INFO - Executing <Task(PythonOperator): save_and_flush_task> on 2024-07-14 08:30:00+00:00
[2024-07-14T20:34:59.595+0000] {standard_task_runner.py:90} INFO - Running: ['***', 'tasks', 'run', 'save_spread_values', 'save_and_flush_task', 'scheduled__2024-07-14T08:30:00+00:00', '--job-id', '842', '--raw', '--subdir', 'DAGS_FOLDER/***.py', '--cfg-path', '/tmp/tmpp6e6096j']
[2024-07-14T20:34:59.607+0000] {standard_task_runner.py:91} INFO - Job 842: Subtask save_and_flush_task
[2024-07-14T20:34:59.608+0000] {logging_mixin.py:188} WARNING - /home/***/.local/lib/python3.12/site-packages/***/task/task_runner/standard_task_runner.py:61 DeprecationWarning: This process (pid=1882) is multi-threaded, use of fork() may lead to deadlocks in the child.
[2024-07-14T20:34:59.614+0000] {standard_task_runner.py:63} INFO - Started process 1895 to run task
[2024-07-14T20:34:59.701+0000] {task_command.py:426} INFO - Running <TaskInstance: save_spread_values.save_and_flush_task scheduled__2024-07-14T08:30:00+00:00 [running]> on host 77caf7e4b282
[2024-07-14T20:34:59.797+0000] {taskinstance.py:2648} INFO - Exporting env vars: AIRFLOW_CTX_DAG_OWNER='***' AIRFLOW_CTX_DAG_ID='save_spread_values' AIRFLOW_CTX_TASK_ID='save_and_flush_task' AIRFLOW_CTX_EXECUTION_DATE='2024-07-14T08:30:00+00:00' AIRFLOW_CTX_TRY_NUMBER='1' AIRFLOW_CTX_DAG_RUN_ID='scheduled__2024-07-14T08:30:00+00:00'
[2024-07-14T20:34:59.800+0000] {taskinstance.py:430} INFO - ::endgroup::
[2024-07-14T20:34:59.823+0000] {python.py:237} INFO - Done. Returned value was: None
[2024-07-14T20:34:59.828+0000] {taskinstance.py:441} INFO - ::group::Post task execution logs
[2024-07-14T20:34:59.844+0000] {taskinstance.py:1206} INFO - Marking task as SUCCESS. dag_id=save_spread_values, task_id=save_and_flush_task, run_id=scheduled__2024-07-14T08:30:00+00:00, execution_date=20240714T083000, start_date=20240714T203459, end_date=20240714T203459
[2024-07-14T20:34:59.884+0000] {local_task_job_runner.py:240} INFO - Task exited with return code 0
[2024-07-14T20:34:59.916+0000] {taskinstance.py:3503} INFO - 0 downstream tasks scheduled from follow-on schedule check
[2024-07-14T20:34:59.928+0000] {local_task_job_runner.py:222} INFO - ::endgroup::
