[2024-07-14T08:58:06.476+0000] {local_task_job_runner.py:120} INFO - ::group::Pre task execution logs
[2024-07-14T08:58:06.535+0000] {taskinstance.py:2076} INFO - Dependencies all met for dep_context=non-requeueable deps ti=<TaskInstance: fetch_spread_values.fetch_and_compute_spread_btc_mxn scheduled__2024-07-14T01:23:00+00:00 [queued]>
[2024-07-14T08:58:06.563+0000] {taskinstance.py:2076} INFO - Dependencies all met for dep_context=requeueable deps ti=<TaskInstance: fetch_spread_values.fetch_and_compute_spread_btc_mxn scheduled__2024-07-14T01:23:00+00:00 [queued]>
[2024-07-14T08:58:06.563+0000] {taskinstance.py:2306} INFO - Starting attempt 1 of 2
[2024-07-14T08:58:06.592+0000] {taskinstance.py:2330} INFO - Executing <Task(PythonOperator): fetch_and_compute_spread_btc_mxn> on 2024-07-14 01:23:00+00:00
[2024-07-14T08:58:06.616+0000] {standard_task_runner.py:90} INFO - Running: ['***', 'tasks', 'run', 'fetch_spread_values', 'fetch_and_compute_spread_btc_mxn', 'scheduled__2024-07-14T01:23:00+00:00', '--job-id', '195', '--raw', '--subdir', 'DAGS_FOLDER/***.py', '--cfg-path', '/tmp/tmp73v8_bnu']
[2024-07-14T08:58:06.626+0000] {standard_task_runner.py:91} INFO - Job 195: Subtask fetch_and_compute_spread_btc_mxn
[2024-07-14T08:58:06.614+0000] {warnings.py:112} WARNING - /home/***/.local/lib/python3.12/site-packages/***/task/task_runner/standard_task_runner.py:61: DeprecationWarning: This process (pid=640) is multi-threaded, use of fork() may lead to deadlocks in the child.
  pid = os.fork()

[2024-07-14T08:58:06.630+0000] {standard_task_runner.py:63} INFO - Started process 659 to run task
[2024-07-14T08:58:06.742+0000] {task_command.py:426} INFO - Running <TaskInstance: fetch_spread_values.fetch_and_compute_spread_btc_mxn scheduled__2024-07-14T01:23:00+00:00 [running]> on host d537c34a4880
[2024-07-14T08:58:07.059+0000] {taskinstance.py:2648} INFO - Exporting env vars: AIRFLOW_CTX_DAG_OWNER='***' AIRFLOW_CTX_DAG_ID='fetch_spread_values' AIRFLOW_CTX_TASK_ID='fetch_and_compute_spread_btc_mxn' AIRFLOW_CTX_EXECUTION_DATE='2024-07-14T01:23:00+00:00' AIRFLOW_CTX_TRY_NUMBER='1' AIRFLOW_CTX_DAG_RUN_ID='scheduled__2024-07-14T01:23:00+00:00'
[2024-07-14T08:58:07.096+0000] {taskinstance.py:430} INFO - ::endgroup::
[2024-07-14T08:58:07.481+0000] {python.py:237} INFO - Done. Returned value was: None
[2024-07-14T08:58:07.486+0000] {taskinstance.py:441} INFO - ::group::Post task execution logs
[2024-07-14T08:58:07.513+0000] {taskinstance.py:1206} INFO - Marking task as SUCCESS. dag_id=fetch_spread_values, task_id=fetch_and_compute_spread_btc_mxn, run_id=scheduled__2024-07-14T01:23:00+00:00, execution_date=20240714T012300, start_date=20240714T085806, end_date=20240714T085807
[2024-07-14T08:58:07.673+0000] {local_task_job_runner.py:240} INFO - Task exited with return code 0
[2024-07-14T08:58:07.746+0000] {taskinstance.py:3503} INFO - 0 downstream tasks scheduled from follow-on schedule check
[2024-07-14T08:58:07.751+0000] {local_task_job_runner.py:222} INFO - ::endgroup::
[2024-07-14T20:32:35.588+0000] {local_task_job_runner.py:120} INFO - ::group::Pre task execution logs
[2024-07-14T20:32:35.615+0000] {taskinstance.py:2076} INFO - Dependencies all met for dep_context=non-requeueable deps ti=<TaskInstance: fetch_spread_values.fetch_and_compute_spread_btc_mxn scheduled__2024-07-14T01:23:00+00:00 [queued]>
[2024-07-14T20:32:35.633+0000] {taskinstance.py:2076} INFO - Dependencies all met for dep_context=requeueable deps ti=<TaskInstance: fetch_spread_values.fetch_and_compute_spread_btc_mxn scheduled__2024-07-14T01:23:00+00:00 [queued]>
[2024-07-14T20:32:35.638+0000] {taskinstance.py:2306} INFO - Starting attempt 1 of 2
[2024-07-14T20:32:35.652+0000] {taskinstance.py:2330} INFO - Executing <Task(PythonOperator): fetch_and_compute_spread_btc_mxn> on 2024-07-14 01:23:00+00:00
[2024-07-14T20:32:35.660+0000] {standard_task_runner.py:90} INFO - Running: ['***', 'tasks', 'run', 'fetch_spread_values', 'fetch_and_compute_spread_btc_mxn', 'scheduled__2024-07-14T01:23:00+00:00', '--job-id', '172', '--raw', '--subdir', 'DAGS_FOLDER/***.py', '--cfg-path', '/tmp/tmpqc0w10_3']
[2024-07-14T20:32:35.664+0000] {standard_task_runner.py:91} INFO - Job 172: Subtask fetch_and_compute_spread_btc_mxn
[2024-07-14T20:32:35.657+0000] {logging_mixin.py:188} WARNING - /home/***/.local/lib/python3.12/site-packages/***/task/task_runner/standard_task_runner.py:61 DeprecationWarning: This process (pid=521) is multi-threaded, use of fork() may lead to deadlocks in the child.
[2024-07-14T20:32:35.666+0000] {standard_task_runner.py:63} INFO - Started process 531 to run task
[2024-07-14T20:32:35.743+0000] {task_command.py:426} INFO - Running <TaskInstance: fetch_spread_values.fetch_and_compute_spread_btc_mxn scheduled__2024-07-14T01:23:00+00:00 [running]> on host 77caf7e4b282
[2024-07-14T20:32:35.866+0000] {taskinstance.py:2648} INFO - Exporting env vars: AIRFLOW_CTX_DAG_OWNER='***' AIRFLOW_CTX_DAG_ID='fetch_spread_values' AIRFLOW_CTX_TASK_ID='fetch_and_compute_spread_btc_mxn' AIRFLOW_CTX_EXECUTION_DATE='2024-07-14T01:23:00+00:00' AIRFLOW_CTX_TRY_NUMBER='1' AIRFLOW_CTX_DAG_RUN_ID='scheduled__2024-07-14T01:23:00+00:00'
[2024-07-14T20:32:35.867+0000] {taskinstance.py:430} INFO - ::endgroup::
[2024-07-14T20:32:36.076+0000] {python.py:237} INFO - Done. Returned value was: None
[2024-07-14T20:32:36.076+0000] {taskinstance.py:441} INFO - ::group::Post task execution logs
[2024-07-14T20:32:36.081+0000] {taskinstance.py:1206} INFO - Marking task as SUCCESS. dag_id=fetch_spread_values, task_id=fetch_and_compute_spread_btc_mxn, run_id=scheduled__2024-07-14T01:23:00+00:00, execution_date=20240714T012300, start_date=20240714T203235, end_date=20240714T203236
[2024-07-14T20:32:36.101+0000] {local_task_job_runner.py:240} INFO - Task exited with return code 0
[2024-07-14T20:32:36.110+0000] {taskinstance.py:3503} INFO - 0 downstream tasks scheduled from follow-on schedule check
[2024-07-14T20:32:36.110+0000] {local_task_job_runner.py:222} INFO - ::endgroup::
