[2024-07-15T08:33:33.530+0000] {local_task_job_runner.py:120} INFO - ::group::Pre task execution logs
[2024-07-15T08:33:33.555+0000] {taskinstance.py:2076} INFO - Dependencies all met for dep_context=non-requeueable deps ti=<TaskInstance: etl_ticker.etl_usd_mxn scheduled__2024-07-14T02:00:00+00:00 [queued]>
[2024-07-15T08:33:33.562+0000] {taskinstance.py:2076} INFO - Dependencies all met for dep_context=requeueable deps ti=<TaskInstance: etl_ticker.etl_usd_mxn scheduled__2024-07-14T02:00:00+00:00 [queued]>
[2024-07-15T08:33:33.564+0000] {taskinstance.py:2306} INFO - Starting attempt 1 of 2
[2024-07-15T08:33:33.573+0000] {taskinstance.py:2330} INFO - Executing <Task(PythonOperator): etl_usd_mxn> on 2024-07-14 02:00:00+00:00
[2024-07-15T08:33:33.583+0000] {logging_mixin.py:188} WARNING - /home/***/.local/lib/python3.12/site-packages/***/task/task_runner/standard_task_runner.py:61 DeprecationWarning: This process (pid=2871) is multi-threaded, use of fork() may lead to deadlocks in the child.
[2024-07-15T08:33:33.586+0000] {standard_task_runner.py:63} INFO - Started process 2881 to run task
[2024-07-15T08:33:33.585+0000] {standard_task_runner.py:90} INFO - Running: ['***', 'tasks', 'run', 'etl_ticker', 'etl_usd_mxn', 'scheduled__2024-07-14T02:00:00+00:00', '--job-id', '222', '--raw', '--subdir', 'DAGS_FOLDER/et_dag.py', '--cfg-path', '/tmp/tmp8e9_cnle']
[2024-07-15T08:33:33.592+0000] {standard_task_runner.py:91} INFO - Job 222: Subtask etl_usd_mxn
[2024-07-15T08:33:33.685+0000] {task_command.py:426} INFO - Running <TaskInstance: etl_ticker.etl_usd_mxn scheduled__2024-07-14T02:00:00+00:00 [running]> on host 07ee111a4cec
[2024-07-15T08:33:33.846+0000] {taskinstance.py:2648} INFO - Exporting env vars: AIRFLOW_CTX_DAG_OWNER='***' AIRFLOW_CTX_DAG_ID='etl_ticker' AIRFLOW_CTX_TASK_ID='etl_usd_mxn' AIRFLOW_CTX_EXECUTION_DATE='2024-07-14T02:00:00+00:00' AIRFLOW_CTX_TRY_NUMBER='1' AIRFLOW_CTX_DAG_RUN_ID='scheduled__2024-07-14T02:00:00+00:00'
[2024-07-15T08:33:33.852+0000] {taskinstance.py:430} INFO - ::endgroup::
[2024-07-15T08:33:34.063+0000] {et_dag.py:26} INFO - Data fetched for book usd_mxn
[2024-07-15T08:33:34.064+0000] {et_dag.py:27} INFO - {'success': True, 'payload': {'high': '18.34', 'last': '18.34', 'created_at': '2024-07-15T08:33:33+00:00', 'book': 'usd_mxn', 'volume': '0', 'vwap': '0', 'low': '18.34', 'ask': '17.61', 'bid': '17.60', 'change_24': '0.00', 'rolling_average_change': {}}}
[2024-07-15T08:33:34.064+0000] {et_dag.py:30} INFO - Spread computed
[2024-07-15T08:33:34.064+0000] {et_dag.py:31} INFO - {'orderbook_timestamp': '2024-07-15T08:33:33+00:00', 'book': 'usd_mxn', 'bid': 17.6, 'ask': 17.61, 'spread': 0.05678591709254975}
[2024-07-15T08:33:35.192+0000] {et_dag.py:26} INFO - Data fetched for book usd_mxn
[2024-07-15T08:33:35.192+0000] {et_dag.py:27} INFO - {'success': True, 'payload': {'high': '18.34', 'last': '18.34', 'created_at': '2024-07-15T08:33:34+00:00', 'book': 'usd_mxn', 'volume': '0', 'vwap': '0', 'low': '18.34', 'ask': '17.61', 'bid': '17.60', 'change_24': '0.00', 'rolling_average_change': {}}}
[2024-07-15T08:33:35.193+0000] {et_dag.py:30} INFO - Spread computed
[2024-07-15T08:33:35.193+0000] {et_dag.py:31} INFO - {'orderbook_timestamp': '2024-07-15T08:33:34+00:00', 'book': 'usd_mxn', 'bid': 17.6, 'ask': 17.61, 'spread': 0.05678591709254975}
[2024-07-15T08:33:36.329+0000] {et_dag.py:26} INFO - Data fetched for book usd_mxn
[2024-07-15T08:33:36.330+0000] {et_dag.py:27} INFO - {'success': True, 'payload': {'high': '18.34', 'last': '18.34', 'created_at': '2024-07-15T08:33:35+00:00', 'book': 'usd_mxn', 'volume': '0', 'vwap': '0', 'low': '18.34', 'ask': '17.61', 'bid': '17.60', 'change_24': '0.00', 'rolling_average_change': {}}}
[2024-07-15T08:33:36.330+0000] {et_dag.py:30} INFO - Spread computed
[2024-07-15T08:33:36.331+0000] {et_dag.py:31} INFO - {'orderbook_timestamp': '2024-07-15T08:33:35+00:00', 'book': 'usd_mxn', 'bid': 17.6, 'ask': 17.61, 'spread': 0.05678591709254975}
[2024-07-15T08:33:37.466+0000] {et_dag.py:26} INFO - Data fetched for book usd_mxn
[2024-07-15T08:33:37.466+0000] {et_dag.py:27} INFO - {'success': True, 'payload': {'high': '18.34', 'last': '18.34', 'created_at': '2024-07-15T08:33:37+00:00', 'book': 'usd_mxn', 'volume': '0', 'vwap': '0', 'low': '18.34', 'ask': '17.61', 'bid': '17.60', 'change_24': '0.00', 'rolling_average_change': {}}}
[2024-07-15T08:33:37.467+0000] {et_dag.py:30} INFO - Spread computed
[2024-07-15T08:33:37.467+0000] {et_dag.py:31} INFO - {'orderbook_timestamp': '2024-07-15T08:33:37+00:00', 'book': 'usd_mxn', 'bid': 17.6, 'ask': 17.61, 'spread': 0.05678591709254975}
[2024-07-15T08:33:38.603+0000] {et_dag.py:26} INFO - Data fetched for book usd_mxn
[2024-07-15T08:33:38.604+0000] {et_dag.py:27} INFO - {'success': True, 'payload': {'high': '18.34', 'last': '18.34', 'created_at': '2024-07-15T08:33:38+00:00', 'book': 'usd_mxn', 'volume': '0', 'vwap': '0', 'low': '18.34', 'ask': '17.61', 'bid': '17.60', 'change_24': '0.00', 'rolling_average_change': {}}}
[2024-07-15T08:33:38.605+0000] {et_dag.py:30} INFO - Spread computed
[2024-07-15T08:33:38.606+0000] {et_dag.py:31} INFO - {'orderbook_timestamp': '2024-07-15T08:33:38+00:00', 'book': 'usd_mxn', 'bid': 17.6, 'ask': 17.61, 'spread': 0.05678591709254975}
[2024-07-15T08:33:39.755+0000] {et_dag.py:26} INFO - Data fetched for book usd_mxn
[2024-07-15T08:33:39.756+0000] {et_dag.py:27} INFO - {'success': True, 'payload': {'high': '18.34', 'last': '18.34', 'created_at': '2024-07-15T08:33:39+00:00', 'book': 'usd_mxn', 'volume': '0', 'vwap': '0', 'low': '18.34', 'ask': '17.61', 'bid': '17.60', 'change_24': '0.00', 'rolling_average_change': {}}}
[2024-07-15T08:33:39.756+0000] {et_dag.py:30} INFO - Spread computed
[2024-07-15T08:33:39.757+0000] {et_dag.py:31} INFO - {'orderbook_timestamp': '2024-07-15T08:33:39+00:00', 'book': 'usd_mxn', 'bid': 17.6, 'ask': 17.61, 'spread': 0.05678591709254975}
[2024-07-15T08:33:40.917+0000] {et_dag.py:26} INFO - Data fetched for book usd_mxn
[2024-07-15T08:33:40.918+0000] {et_dag.py:27} INFO - {'success': True, 'payload': {'high': '18.34', 'last': '18.34', 'created_at': '2024-07-15T08:33:40+00:00', 'book': 'usd_mxn', 'volume': '0', 'vwap': '0', 'low': '18.34', 'ask': '17.61', 'bid': '17.60', 'change_24': '0.00', 'rolling_average_change': {}}}
[2024-07-15T08:33:40.918+0000] {et_dag.py:30} INFO - Spread computed
[2024-07-15T08:33:40.918+0000] {et_dag.py:31} INFO - {'orderbook_timestamp': '2024-07-15T08:33:40+00:00', 'book': 'usd_mxn', 'bid': 17.6, 'ask': 17.61, 'spread': 0.05678591709254975}
[2024-07-15T08:33:42.065+0000] {et_dag.py:26} INFO - Data fetched for book usd_mxn
[2024-07-15T08:33:42.066+0000] {et_dag.py:27} INFO - {'success': True, 'payload': {'high': '18.34', 'last': '18.34', 'created_at': '2024-07-15T08:33:41+00:00', 'book': 'usd_mxn', 'volume': '0', 'vwap': '0', 'low': '18.34', 'ask': '17.61', 'bid': '17.60', 'change_24': '0.00', 'rolling_average_change': {}}}
[2024-07-15T08:33:42.066+0000] {et_dag.py:30} INFO - Spread computed
[2024-07-15T08:33:42.066+0000] {et_dag.py:31} INFO - {'orderbook_timestamp': '2024-07-15T08:33:41+00:00', 'book': 'usd_mxn', 'bid': 17.6, 'ask': 17.61, 'spread': 0.05678591709254975}
[2024-07-15T08:33:43.234+0000] {et_dag.py:26} INFO - Data fetched for book usd_mxn
[2024-07-15T08:33:43.235+0000] {et_dag.py:27} INFO - {'success': True, 'payload': {'high': '18.34', 'last': '18.34', 'created_at': '2024-07-15T08:33:42+00:00', 'book': 'usd_mxn', 'volume': '0', 'vwap': '0', 'low': '18.34', 'ask': '17.61', 'bid': '17.60', 'change_24': '0.00', 'rolling_average_change': {}}}
[2024-07-15T08:33:43.236+0000] {et_dag.py:30} INFO - Spread computed
[2024-07-15T08:33:43.236+0000] {et_dag.py:31} INFO - {'orderbook_timestamp': '2024-07-15T08:33:42+00:00', 'book': 'usd_mxn', 'bid': 17.6, 'ask': 17.61, 'spread': 0.05678591709254975}
[2024-07-15T08:33:44.389+0000] {et_dag.py:26} INFO - Data fetched for book usd_mxn
[2024-07-15T08:33:44.389+0000] {et_dag.py:27} INFO - {'success': True, 'payload': {'high': '18.34', 'last': '18.34', 'created_at': '2024-07-15T08:33:43+00:00', 'book': 'usd_mxn', 'volume': '0', 'vwap': '0', 'low': '18.34', 'ask': '17.61', 'bid': '17.60', 'change_24': '0.00', 'rolling_average_change': {}}}
[2024-07-15T08:33:44.390+0000] {et_dag.py:30} INFO - Spread computed
[2024-07-15T08:33:44.390+0000] {et_dag.py:31} INFO - {'orderbook_timestamp': '2024-07-15T08:33:43+00:00', 'book': 'usd_mxn', 'bid': 17.6, 'ask': 17.61, 'spread': 0.05678591709254975}
[2024-07-15T08:33:45.536+0000] {et_dag.py:26} INFO - Data fetched for book usd_mxn
[2024-07-15T08:33:45.537+0000] {et_dag.py:27} INFO - {'success': True, 'payload': {'high': '18.34', 'last': '18.34', 'created_at': '2024-07-15T08:33:45+00:00', 'book': 'usd_mxn', 'volume': '0', 'vwap': '0', 'low': '18.34', 'ask': '17.61', 'bid': '17.60', 'change_24': '0.00', 'rolling_average_change': {}}}
[2024-07-15T08:33:45.537+0000] {et_dag.py:30} INFO - Spread computed
[2024-07-15T08:33:45.538+0000] {et_dag.py:31} INFO - {'orderbook_timestamp': '2024-07-15T08:33:45+00:00', 'book': 'usd_mxn', 'bid': 17.6, 'ask': 17.61, 'spread': 0.05678591709254975}
[2024-07-15T08:33:46.686+0000] {et_dag.py:26} INFO - Data fetched for book usd_mxn
[2024-07-15T08:33:46.687+0000] {et_dag.py:27} INFO - {'success': True, 'payload': {'high': '18.34', 'last': '18.34', 'created_at': '2024-07-15T08:33:46+00:00', 'book': 'usd_mxn', 'volume': '0', 'vwap': '0', 'low': '18.34', 'ask': '17.61', 'bid': '17.60', 'change_24': '0.00', 'rolling_average_change': {}}}
[2024-07-15T08:33:46.687+0000] {et_dag.py:30} INFO - Spread computed
[2024-07-15T08:33:46.687+0000] {et_dag.py:31} INFO - {'orderbook_timestamp': '2024-07-15T08:33:46+00:00', 'book': 'usd_mxn', 'bid': 17.6, 'ask': 17.61, 'spread': 0.05678591709254975}
[2024-07-15T08:33:47.839+0000] {et_dag.py:26} INFO - Data fetched for book usd_mxn
[2024-07-15T08:33:47.840+0000] {et_dag.py:27} INFO - {'success': True, 'payload': {'high': '18.34', 'last': '18.34', 'created_at': '2024-07-15T08:33:47+00:00', 'book': 'usd_mxn', 'volume': '0', 'vwap': '0', 'low': '18.34', 'ask': '17.61', 'bid': '17.60', 'change_24': '0.00', 'rolling_average_change': {}}}
[2024-07-15T08:33:47.840+0000] {et_dag.py:30} INFO - Spread computed
[2024-07-15T08:33:47.840+0000] {et_dag.py:31} INFO - {'orderbook_timestamp': '2024-07-15T08:33:47+00:00', 'book': 'usd_mxn', 'bid': 17.6, 'ask': 17.61, 'spread': 0.05678591709254975}
[2024-07-15T08:33:49.025+0000] {et_dag.py:26} INFO - Data fetched for book usd_mxn
[2024-07-15T08:33:49.025+0000] {et_dag.py:27} INFO - {'success': True, 'payload': {'high': '18.34', 'last': '18.34', 'created_at': '2024-07-15T08:33:48+00:00', 'book': 'usd_mxn', 'volume': '0', 'vwap': '0', 'low': '18.34', 'ask': '17.61', 'bid': '17.60', 'change_24': '0.00', 'rolling_average_change': {}}}
[2024-07-15T08:33:49.025+0000] {et_dag.py:30} INFO - Spread computed
[2024-07-15T08:33:49.026+0000] {et_dag.py:31} INFO - {'orderbook_timestamp': '2024-07-15T08:33:48+00:00', 'book': 'usd_mxn', 'bid': 17.6, 'ask': 17.61, 'spread': 0.05678591709254975}
[2024-07-15T08:33:50.172+0000] {et_dag.py:26} INFO - Data fetched for book usd_mxn
[2024-07-15T08:33:50.174+0000] {et_dag.py:27} INFO - {'success': True, 'payload': {'high': '18.34', 'last': '18.34', 'created_at': '2024-07-15T08:33:49+00:00', 'book': 'usd_mxn', 'volume': '0', 'vwap': '0', 'low': '18.34', 'ask': '17.61', 'bid': '17.60', 'change_24': '0.00', 'rolling_average_change': {}}}
[2024-07-15T08:33:50.174+0000] {et_dag.py:30} INFO - Spread computed
[2024-07-15T08:33:50.174+0000] {et_dag.py:31} INFO - {'orderbook_timestamp': '2024-07-15T08:33:49+00:00', 'book': 'usd_mxn', 'bid': 17.6, 'ask': 17.61, 'spread': 0.05678591709254975}
[2024-07-15T08:33:51.316+0000] {et_dag.py:26} INFO - Data fetched for book usd_mxn
[2024-07-15T08:33:51.316+0000] {et_dag.py:27} INFO - {'success': True, 'payload': {'high': '18.34', 'last': '18.34', 'created_at': '2024-07-15T08:33:50+00:00', 'book': 'usd_mxn', 'volume': '0', 'vwap': '0', 'low': '18.34', 'ask': '17.61', 'bid': '17.60', 'change_24': '0.00', 'rolling_average_change': {}}}
[2024-07-15T08:33:51.317+0000] {et_dag.py:30} INFO - Spread computed
[2024-07-15T08:33:51.317+0000] {et_dag.py:31} INFO - {'orderbook_timestamp': '2024-07-15T08:33:50+00:00', 'book': 'usd_mxn', 'bid': 17.6, 'ask': 17.61, 'spread': 0.05678591709254975}
[2024-07-15T08:33:52.452+0000] {et_dag.py:26} INFO - Data fetched for book usd_mxn
[2024-07-15T08:33:52.453+0000] {et_dag.py:27} INFO - {'success': True, 'payload': {'high': '18.34', 'last': '18.34', 'created_at': '2024-07-15T08:33:52+00:00', 'book': 'usd_mxn', 'volume': '0', 'vwap': '0', 'low': '18.34', 'ask': '17.61', 'bid': '17.60', 'change_24': '0.00', 'rolling_average_change': {}}}
[2024-07-15T08:33:52.454+0000] {et_dag.py:30} INFO - Spread computed
[2024-07-15T08:33:52.454+0000] {et_dag.py:31} INFO - {'orderbook_timestamp': '2024-07-15T08:33:52+00:00', 'book': 'usd_mxn', 'bid': 17.6, 'ask': 17.61, 'spread': 0.05678591709254975}
[2024-07-15T08:33:53.585+0000] {et_dag.py:26} INFO - Data fetched for book usd_mxn
[2024-07-15T08:33:53.585+0000] {et_dag.py:27} INFO - {'success': True, 'payload': {'high': '18.34', 'last': '18.34', 'created_at': '2024-07-15T08:33:53+00:00', 'book': 'usd_mxn', 'volume': '0', 'vwap': '0', 'low': '18.34', 'ask': '17.61', 'bid': '17.60', 'change_24': '0.00', 'rolling_average_change': {}}}
[2024-07-15T08:33:53.586+0000] {et_dag.py:30} INFO - Spread computed
[2024-07-15T08:33:53.586+0000] {et_dag.py:31} INFO - {'orderbook_timestamp': '2024-07-15T08:33:53+00:00', 'book': 'usd_mxn', 'bid': 17.6, 'ask': 17.61, 'spread': 0.05678591709254975}
[2024-07-15T08:33:54.737+0000] {et_dag.py:26} INFO - Data fetched for book usd_mxn
[2024-07-15T08:33:54.737+0000] {et_dag.py:27} INFO - {'success': True, 'payload': {'high': '18.34', 'last': '18.34', 'created_at': '2024-07-15T08:33:54+00:00', 'book': 'usd_mxn', 'volume': '0', 'vwap': '0', 'low': '18.34', 'ask': '17.61', 'bid': '17.60', 'change_24': '0.00', 'rolling_average_change': {}}}
[2024-07-15T08:33:54.737+0000] {et_dag.py:30} INFO - Spread computed
[2024-07-15T08:33:54.738+0000] {et_dag.py:31} INFO - {'orderbook_timestamp': '2024-07-15T08:33:54+00:00', 'book': 'usd_mxn', 'bid': 17.6, 'ask': 17.61, 'spread': 0.05678591709254975}
[2024-07-15T08:33:55.887+0000] {et_dag.py:26} INFO - Data fetched for book usd_mxn
[2024-07-15T08:33:55.888+0000] {et_dag.py:27} INFO - {'success': True, 'payload': {'high': '18.34', 'last': '18.34', 'created_at': '2024-07-15T08:33:55+00:00', 'book': 'usd_mxn', 'volume': '0', 'vwap': '0', 'low': '18.34', 'ask': '17.61', 'bid': '17.60', 'change_24': '0.00', 'rolling_average_change': {}}}
[2024-07-15T08:33:55.888+0000] {et_dag.py:30} INFO - Spread computed
[2024-07-15T08:33:55.888+0000] {et_dag.py:31} INFO - {'orderbook_timestamp': '2024-07-15T08:33:55+00:00', 'book': 'usd_mxn', 'bid': 17.6, 'ask': 17.61, 'spread': 0.05678591709254975}
[2024-07-15T08:33:57.018+0000] {et_dag.py:26} INFO - Data fetched for book usd_mxn
[2024-07-15T08:33:57.018+0000] {et_dag.py:27} INFO - {'success': True, 'payload': {'high': '18.34', 'last': '18.34', 'created_at': '2024-07-15T08:33:56+00:00', 'book': 'usd_mxn', 'volume': '0', 'vwap': '0', 'low': '18.34', 'ask': '17.61', 'bid': '17.60', 'change_24': '0.00', 'rolling_average_change': {}}}
[2024-07-15T08:33:57.019+0000] {et_dag.py:30} INFO - Spread computed
[2024-07-15T08:33:57.019+0000] {et_dag.py:31} INFO - {'orderbook_timestamp': '2024-07-15T08:33:56+00:00', 'book': 'usd_mxn', 'bid': 17.6, 'ask': 17.61, 'spread': 0.05678591709254975}
[2024-07-15T08:33:58.163+0000] {et_dag.py:26} INFO - Data fetched for book usd_mxn
[2024-07-15T08:33:58.163+0000] {et_dag.py:27} INFO - {'success': True, 'payload': {'high': '18.34', 'last': '18.34', 'created_at': '2024-07-15T08:33:57+00:00', 'book': 'usd_mxn', 'volume': '0', 'vwap': '0', 'low': '18.34', 'ask': '17.61', 'bid': '17.60', 'change_24': '0.00', 'rolling_average_change': {}}}
[2024-07-15T08:33:58.163+0000] {et_dag.py:30} INFO - Spread computed
[2024-07-15T08:33:58.164+0000] {et_dag.py:31} INFO - {'orderbook_timestamp': '2024-07-15T08:33:57+00:00', 'book': 'usd_mxn', 'bid': 17.6, 'ask': 17.61, 'spread': 0.05678591709254975}
[2024-07-15T08:33:59.300+0000] {et_dag.py:26} INFO - Data fetched for book usd_mxn
[2024-07-15T08:33:59.301+0000] {et_dag.py:27} INFO - {'success': True, 'payload': {'high': '18.34', 'last': '18.34', 'created_at': '2024-07-15T08:33:58+00:00', 'book': 'usd_mxn', 'volume': '0', 'vwap': '0', 'low': '18.34', 'ask': '17.61', 'bid': '17.60', 'change_24': '0.00', 'rolling_average_change': {}}}
[2024-07-15T08:33:59.301+0000] {et_dag.py:30} INFO - Spread computed
[2024-07-15T08:33:59.302+0000] {et_dag.py:31} INFO - {'orderbook_timestamp': '2024-07-15T08:33:58+00:00', 'book': 'usd_mxn', 'bid': 17.6, 'ask': 17.61, 'spread': 0.05678591709254975}
[2024-07-15T08:34:00.465+0000] {et_dag.py:26} INFO - Data fetched for book usd_mxn
[2024-07-15T08:34:00.465+0000] {et_dag.py:27} INFO - {'success': True, 'payload': {'high': '18.34', 'last': '18.34', 'created_at': '2024-07-15T08:34:00+00:00', 'book': 'usd_mxn', 'volume': '0', 'vwap': '0', 'low': '18.34', 'ask': '17.61', 'bid': '17.60', 'change_24': '0.00', 'rolling_average_change': {}}}
[2024-07-15T08:34:00.466+0000] {et_dag.py:30} INFO - Spread computed
[2024-07-15T08:34:00.466+0000] {et_dag.py:31} INFO - {'orderbook_timestamp': '2024-07-15T08:34:00+00:00', 'book': 'usd_mxn', 'bid': 17.6, 'ask': 17.61, 'spread': 0.05678591709254975}
[2024-07-15T08:34:01.607+0000] {et_dag.py:26} INFO - Data fetched for book usd_mxn
[2024-07-15T08:34:01.609+0000] {et_dag.py:27} INFO - {'success': True, 'payload': {'high': '18.34', 'last': '18.34', 'created_at': '2024-07-15T08:34:01+00:00', 'book': 'usd_mxn', 'volume': '0', 'vwap': '0', 'low': '18.34', 'ask': '17.61', 'bid': '17.60', 'change_24': '0.00', 'rolling_average_change': {}}}
[2024-07-15T08:34:01.609+0000] {et_dag.py:30} INFO - Spread computed
[2024-07-15T08:34:01.609+0000] {et_dag.py:31} INFO - {'orderbook_timestamp': '2024-07-15T08:34:01+00:00', 'book': 'usd_mxn', 'bid': 17.6, 'ask': 17.61, 'spread': 0.05678591709254975}
[2024-07-15T08:34:02.739+0000] {et_dag.py:26} INFO - Data fetched for book usd_mxn
[2024-07-15T08:34:02.739+0000] {et_dag.py:27} INFO - {'success': True, 'payload': {'high': '18.34', 'last': '18.34', 'created_at': '2024-07-15T08:34:02+00:00', 'book': 'usd_mxn', 'volume': '0', 'vwap': '0', 'low': '18.34', 'ask': '17.61', 'bid': '17.60', 'change_24': '0.00', 'rolling_average_change': {}}}
[2024-07-15T08:34:02.739+0000] {et_dag.py:30} INFO - Spread computed
[2024-07-15T08:34:02.740+0000] {et_dag.py:31} INFO - {'orderbook_timestamp': '2024-07-15T08:34:02+00:00', 'book': 'usd_mxn', 'bid': 17.6, 'ask': 17.61, 'spread': 0.05678591709254975}
[2024-07-15T08:34:03.879+0000] {et_dag.py:26} INFO - Data fetched for book usd_mxn
[2024-07-15T08:34:03.880+0000] {et_dag.py:27} INFO - {'success': True, 'payload': {'high': '18.34', 'last': '18.34', 'created_at': '2024-07-15T08:34:03+00:00', 'book': 'usd_mxn', 'volume': '0', 'vwap': '0', 'low': '18.34', 'ask': '17.61', 'bid': '17.60', 'change_24': '0.00', 'rolling_average_change': {}}}
[2024-07-15T08:34:03.880+0000] {et_dag.py:30} INFO - Spread computed
[2024-07-15T08:34:03.880+0000] {et_dag.py:31} INFO - {'orderbook_timestamp': '2024-07-15T08:34:03+00:00', 'book': 'usd_mxn', 'bid': 17.6, 'ask': 17.61, 'spread': 0.05678591709254975}
[2024-07-15T08:34:05.022+0000] {et_dag.py:26} INFO - Data fetched for book usd_mxn
[2024-07-15T08:34:05.022+0000] {et_dag.py:27} INFO - {'success': True, 'payload': {'high': '18.34', 'last': '18.34', 'created_at': '2024-07-15T08:34:04+00:00', 'book': 'usd_mxn', 'volume': '0', 'vwap': '0', 'low': '18.34', 'ask': '17.61', 'bid': '17.60', 'change_24': '0.00', 'rolling_average_change': {}}}
[2024-07-15T08:34:05.022+0000] {et_dag.py:30} INFO - Spread computed
[2024-07-15T08:34:05.023+0000] {et_dag.py:31} INFO - {'orderbook_timestamp': '2024-07-15T08:34:04+00:00', 'book': 'usd_mxn', 'bid': 17.6, 'ask': 17.61, 'spread': 0.05678591709254975}
[2024-07-15T08:34:06.164+0000] {et_dag.py:26} INFO - Data fetched for book usd_mxn
[2024-07-15T08:34:06.164+0000] {et_dag.py:27} INFO - {'success': True, 'payload': {'high': '18.34', 'last': '18.34', 'created_at': '2024-07-15T08:34:05+00:00', 'book': 'usd_mxn', 'volume': '0', 'vwap': '0', 'low': '18.34', 'ask': '17.61', 'bid': '17.60', 'change_24': '0.00', 'rolling_average_change': {}}}
[2024-07-15T08:34:06.165+0000] {et_dag.py:30} INFO - Spread computed
[2024-07-15T08:34:06.165+0000] {et_dag.py:31} INFO - {'orderbook_timestamp': '2024-07-15T08:34:05+00:00', 'book': 'usd_mxn', 'bid': 17.6, 'ask': 17.61, 'spread': 0.05678591709254975}
[2024-07-15T08:34:07.315+0000] {et_dag.py:26} INFO - Data fetched for book usd_mxn
[2024-07-15T08:34:07.316+0000] {et_dag.py:27} INFO - {'success': True, 'payload': {'high': '18.34', 'last': '18.34', 'created_at': '2024-07-15T08:34:06+00:00', 'book': 'usd_mxn', 'volume': '0', 'vwap': '0', 'low': '18.34', 'ask': '17.61', 'bid': '17.60', 'change_24': '0.00', 'rolling_average_change': {}}}
[2024-07-15T08:34:07.317+0000] {et_dag.py:30} INFO - Spread computed
[2024-07-15T08:34:07.317+0000] {et_dag.py:31} INFO - {'orderbook_timestamp': '2024-07-15T08:34:06+00:00', 'book': 'usd_mxn', 'bid': 17.6, 'ask': 17.61, 'spread': 0.05678591709254975}
[2024-07-15T08:34:08.470+0000] {et_dag.py:26} INFO - Data fetched for book usd_mxn
[2024-07-15T08:34:08.470+0000] {et_dag.py:27} INFO - {'success': True, 'payload': {'high': '18.34', 'last': '18.34', 'created_at': '2024-07-15T08:34:08+00:00', 'book': 'usd_mxn', 'volume': '0', 'vwap': '0', 'low': '18.34', 'ask': '17.61', 'bid': '17.60', 'change_24': '0.00', 'rolling_average_change': {}}}
[2024-07-15T08:34:08.471+0000] {et_dag.py:30} INFO - Spread computed
[2024-07-15T08:34:08.471+0000] {et_dag.py:31} INFO - {'orderbook_timestamp': '2024-07-15T08:34:08+00:00', 'book': 'usd_mxn', 'bid': 17.6, 'ask': 17.61, 'spread': 0.05678591709254975}
[2024-07-15T08:34:09.621+0000] {et_dag.py:26} INFO - Data fetched for book usd_mxn
[2024-07-15T08:34:09.621+0000] {et_dag.py:27} INFO - {'success': True, 'payload': {'high': '18.34', 'last': '18.34', 'created_at': '2024-07-15T08:34:09+00:00', 'book': 'usd_mxn', 'volume': '0', 'vwap': '0', 'low': '18.34', 'ask': '17.61', 'bid': '17.60', 'change_24': '0.00', 'rolling_average_change': {}}}
[2024-07-15T08:34:09.622+0000] {et_dag.py:30} INFO - Spread computed
[2024-07-15T08:34:09.622+0000] {et_dag.py:31} INFO - {'orderbook_timestamp': '2024-07-15T08:34:09+00:00', 'book': 'usd_mxn', 'bid': 17.6, 'ask': 17.61, 'spread': 0.05678591709254975}
[2024-07-15T08:34:10.774+0000] {et_dag.py:26} INFO - Data fetched for book usd_mxn
[2024-07-15T08:34:10.775+0000] {et_dag.py:27} INFO - {'success': True, 'payload': {'high': '18.34', 'last': '18.34', 'created_at': '2024-07-15T08:34:10+00:00', 'book': 'usd_mxn', 'volume': '0', 'vwap': '0', 'low': '18.34', 'ask': '17.61', 'bid': '17.60', 'change_24': '0.00', 'rolling_average_change': {}}}
[2024-07-15T08:34:10.775+0000] {et_dag.py:30} INFO - Spread computed
[2024-07-15T08:34:10.775+0000] {et_dag.py:31} INFO - {'orderbook_timestamp': '2024-07-15T08:34:10+00:00', 'book': 'usd_mxn', 'bid': 17.6, 'ask': 17.61, 'spread': 0.05678591709254975}
[2024-07-15T08:34:11.925+0000] {et_dag.py:26} INFO - Data fetched for book usd_mxn
[2024-07-15T08:34:11.925+0000] {et_dag.py:27} INFO - {'success': True, 'payload': {'high': '18.34', 'last': '18.34', 'created_at': '2024-07-15T08:34:11+00:00', 'book': 'usd_mxn', 'volume': '0', 'vwap': '0', 'low': '18.34', 'ask': '17.61', 'bid': '17.60', 'change_24': '0.00', 'rolling_average_change': {}}}
[2024-07-15T08:34:11.926+0000] {et_dag.py:30} INFO - Spread computed
[2024-07-15T08:34:11.926+0000] {et_dag.py:31} INFO - {'orderbook_timestamp': '2024-07-15T08:34:11+00:00', 'book': 'usd_mxn', 'bid': 17.6, 'ask': 17.61, 'spread': 0.05678591709254975}
[2024-07-15T08:34:13.068+0000] {et_dag.py:26} INFO - Data fetched for book usd_mxn
[2024-07-15T08:34:13.069+0000] {et_dag.py:27} INFO - {'success': True, 'payload': {'high': '18.34', 'last': '18.34', 'created_at': '2024-07-15T08:34:12+00:00', 'book': 'usd_mxn', 'volume': '0', 'vwap': '0', 'low': '18.34', 'ask': '17.61', 'bid': '17.60', 'change_24': '0.00', 'rolling_average_change': {}}}
[2024-07-15T08:34:13.069+0000] {et_dag.py:30} INFO - Spread computed
[2024-07-15T08:34:13.069+0000] {et_dag.py:31} INFO - {'orderbook_timestamp': '2024-07-15T08:34:12+00:00', 'book': 'usd_mxn', 'bid': 17.6, 'ask': 17.61, 'spread': 0.05678591709254975}
[2024-07-15T08:34:14.204+0000] {et_dag.py:26} INFO - Data fetched for book usd_mxn
[2024-07-15T08:34:14.204+0000] {et_dag.py:27} INFO - {'success': True, 'payload': {'high': '18.34', 'last': '18.34', 'created_at': '2024-07-15T08:34:13+00:00', 'book': 'usd_mxn', 'volume': '0', 'vwap': '0', 'low': '18.34', 'ask': '17.61', 'bid': '17.60', 'change_24': '0.00', 'rolling_average_change': {}}}
[2024-07-15T08:34:14.205+0000] {et_dag.py:30} INFO - Spread computed
[2024-07-15T08:34:14.205+0000] {et_dag.py:31} INFO - {'orderbook_timestamp': '2024-07-15T08:34:13+00:00', 'book': 'usd_mxn', 'bid': 17.6, 'ask': 17.61, 'spread': 0.05678591709254975}
[2024-07-15T08:34:15.336+0000] {et_dag.py:26} INFO - Data fetched for book usd_mxn
[2024-07-15T08:34:15.337+0000] {et_dag.py:27} INFO - {'success': True, 'payload': {'high': '18.34', 'last': '18.34', 'created_at': '2024-07-15T08:34:14+00:00', 'book': 'usd_mxn', 'volume': '0', 'vwap': '0', 'low': '18.34', 'ask': '17.61', 'bid': '17.60', 'change_24': '0.00', 'rolling_average_change': {}}}
[2024-07-15T08:34:15.337+0000] {et_dag.py:30} INFO - Spread computed
[2024-07-15T08:34:15.337+0000] {et_dag.py:31} INFO - {'orderbook_timestamp': '2024-07-15T08:34:14+00:00', 'book': 'usd_mxn', 'bid': 17.6, 'ask': 17.61, 'spread': 0.05678591709254975}
[2024-07-15T08:34:16.474+0000] {et_dag.py:26} INFO - Data fetched for book usd_mxn
[2024-07-15T08:34:16.475+0000] {et_dag.py:27} INFO - {'success': True, 'payload': {'high': '18.34', 'last': '18.34', 'created_at': '2024-07-15T08:34:16+00:00', 'book': 'usd_mxn', 'volume': '0', 'vwap': '0', 'low': '18.34', 'ask': '17.61', 'bid': '17.60', 'change_24': '0.00', 'rolling_average_change': {}}}
[2024-07-15T08:34:16.475+0000] {et_dag.py:30} INFO - Spread computed
[2024-07-15T08:34:16.475+0000] {et_dag.py:31} INFO - {'orderbook_timestamp': '2024-07-15T08:34:16+00:00', 'book': 'usd_mxn', 'bid': 17.6, 'ask': 17.61, 'spread': 0.05678591709254975}
[2024-07-15T08:34:17.618+0000] {et_dag.py:26} INFO - Data fetched for book usd_mxn
[2024-07-15T08:34:17.618+0000] {et_dag.py:27} INFO - {'success': True, 'payload': {'high': '18.34', 'last': '18.34', 'created_at': '2024-07-15T08:34:17+00:00', 'book': 'usd_mxn', 'volume': '0', 'vwap': '0', 'low': '18.34', 'ask': '17.61', 'bid': '17.60', 'change_24': '0.00', 'rolling_average_change': {}}}
[2024-07-15T08:34:17.619+0000] {et_dag.py:30} INFO - Spread computed
[2024-07-15T08:34:17.619+0000] {et_dag.py:31} INFO - {'orderbook_timestamp': '2024-07-15T08:34:17+00:00', 'book': 'usd_mxn', 'bid': 17.6, 'ask': 17.61, 'spread': 0.05678591709254975}
[2024-07-15T08:34:18.757+0000] {et_dag.py:26} INFO - Data fetched for book usd_mxn
[2024-07-15T08:34:18.758+0000] {et_dag.py:27} INFO - {'success': True, 'payload': {'high': '18.34', 'last': '18.34', 'created_at': '2024-07-15T08:34:18+00:00', 'book': 'usd_mxn', 'volume': '0', 'vwap': '0', 'low': '18.34', 'ask': '17.61', 'bid': '17.60', 'change_24': '0.00', 'rolling_average_change': {}}}
[2024-07-15T08:34:18.758+0000] {et_dag.py:30} INFO - Spread computed
[2024-07-15T08:34:18.759+0000] {et_dag.py:31} INFO - {'orderbook_timestamp': '2024-07-15T08:34:18+00:00', 'book': 'usd_mxn', 'bid': 17.6, 'ask': 17.61, 'spread': 0.05678591709254975}
[2024-07-15T08:34:19.924+0000] {et_dag.py:26} INFO - Data fetched for book usd_mxn
[2024-07-15T08:34:19.925+0000] {et_dag.py:27} INFO - {'success': True, 'payload': {'high': '18.34', 'last': '18.34', 'created_at': '2024-07-15T08:34:19+00:00', 'book': 'usd_mxn', 'volume': '0', 'vwap': '0', 'low': '18.34', 'ask': '17.61', 'bid': '17.60', 'change_24': '0.00', 'rolling_average_change': {}}}
[2024-07-15T08:34:19.925+0000] {et_dag.py:30} INFO - Spread computed
[2024-07-15T08:34:19.925+0000] {et_dag.py:31} INFO - {'orderbook_timestamp': '2024-07-15T08:34:19+00:00', 'book': 'usd_mxn', 'bid': 17.6, 'ask': 17.61, 'spread': 0.05678591709254975}
[2024-07-15T08:34:21.121+0000] {et_dag.py:26} INFO - Data fetched for book usd_mxn
[2024-07-15T08:34:21.122+0000] {et_dag.py:27} INFO - {'success': True, 'payload': {'high': '18.34', 'last': '18.34', 'created_at': '2024-07-15T08:34:20+00:00', 'book': 'usd_mxn', 'volume': '0', 'vwap': '0', 'low': '18.34', 'ask': '17.61', 'bid': '17.60', 'change_24': '0.00', 'rolling_average_change': {}}}
[2024-07-15T08:34:21.122+0000] {et_dag.py:30} INFO - Spread computed
[2024-07-15T08:34:21.123+0000] {et_dag.py:31} INFO - {'orderbook_timestamp': '2024-07-15T08:34:20+00:00', 'book': 'usd_mxn', 'bid': 17.6, 'ask': 17.61, 'spread': 0.05678591709254975}
[2024-07-15T08:34:22.249+0000] {et_dag.py:26} INFO - Data fetched for book usd_mxn
[2024-07-15T08:34:22.250+0000] {et_dag.py:27} INFO - {'success': True, 'payload': {'high': '18.34', 'last': '18.34', 'created_at': '2024-07-15T08:34:21+00:00', 'book': 'usd_mxn', 'volume': '0', 'vwap': '0', 'low': '18.34', 'ask': '17.61', 'bid': '17.60', 'change_24': '0.00', 'rolling_average_change': {}}}
[2024-07-15T08:34:22.250+0000] {et_dag.py:30} INFO - Spread computed
[2024-07-15T08:34:22.250+0000] {et_dag.py:31} INFO - {'orderbook_timestamp': '2024-07-15T08:34:21+00:00', 'book': 'usd_mxn', 'bid': 17.6, 'ask': 17.61, 'spread': 0.05678591709254975}
[2024-07-15T08:34:23.381+0000] {et_dag.py:26} INFO - Data fetched for book usd_mxn
[2024-07-15T08:34:23.381+0000] {et_dag.py:27} INFO - {'success': True, 'payload': {'high': '18.34', 'last': '18.34', 'created_at': '2024-07-15T08:34:22+00:00', 'book': 'usd_mxn', 'volume': '0', 'vwap': '0', 'low': '18.34', 'ask': '17.61', 'bid': '17.60', 'change_24': '0.00', 'rolling_average_change': {}}}
[2024-07-15T08:34:23.381+0000] {et_dag.py:30} INFO - Spread computed
[2024-07-15T08:34:23.382+0000] {et_dag.py:31} INFO - {'orderbook_timestamp': '2024-07-15T08:34:22+00:00', 'book': 'usd_mxn', 'bid': 17.6, 'ask': 17.61, 'spread': 0.05678591709254975}
[2024-07-15T08:34:24.521+0000] {et_dag.py:26} INFO - Data fetched for book usd_mxn
[2024-07-15T08:34:24.521+0000] {et_dag.py:27} INFO - {'success': True, 'payload': {'high': '18.34', 'last': '18.34', 'created_at': '2024-07-15T08:34:24+00:00', 'book': 'usd_mxn', 'volume': '0', 'vwap': '0', 'low': '18.34', 'ask': '17.61', 'bid': '17.60', 'change_24': '0.00', 'rolling_average_change': {}}}
[2024-07-15T08:34:24.522+0000] {et_dag.py:30} INFO - Spread computed
[2024-07-15T08:34:24.522+0000] {et_dag.py:31} INFO - {'orderbook_timestamp': '2024-07-15T08:34:24+00:00', 'book': 'usd_mxn', 'bid': 17.6, 'ask': 17.61, 'spread': 0.05678591709254975}
[2024-07-15T08:34:25.690+0000] {et_dag.py:26} INFO - Data fetched for book usd_mxn
[2024-07-15T08:34:25.691+0000] {et_dag.py:27} INFO - {'success': True, 'payload': {'high': '18.34', 'last': '18.34', 'created_at': '2024-07-15T08:34:25+00:00', 'book': 'usd_mxn', 'volume': '0', 'vwap': '0', 'low': '18.34', 'ask': '17.61', 'bid': '17.60', 'change_24': '0.00', 'rolling_average_change': {}}}
[2024-07-15T08:34:25.691+0000] {et_dag.py:30} INFO - Spread computed
[2024-07-15T08:34:25.692+0000] {et_dag.py:31} INFO - {'orderbook_timestamp': '2024-07-15T08:34:25+00:00', 'book': 'usd_mxn', 'bid': 17.6, 'ask': 17.61, 'spread': 0.05678591709254975}
[2024-07-15T08:34:26.837+0000] {et_dag.py:26} INFO - Data fetched for book usd_mxn
[2024-07-15T08:34:26.838+0000] {et_dag.py:27} INFO - {'success': True, 'payload': {'high': '18.34', 'last': '18.34', 'created_at': '2024-07-15T08:34:26+00:00', 'book': 'usd_mxn', 'volume': '0', 'vwap': '0', 'low': '18.34', 'ask': '17.61', 'bid': '17.60', 'change_24': '0.00', 'rolling_average_change': {}}}
[2024-07-15T08:34:26.838+0000] {et_dag.py:30} INFO - Spread computed
[2024-07-15T08:34:26.838+0000] {et_dag.py:31} INFO - {'orderbook_timestamp': '2024-07-15T08:34:26+00:00', 'book': 'usd_mxn', 'bid': 17.6, 'ask': 17.61, 'spread': 0.05678591709254975}
[2024-07-15T08:34:27.977+0000] {et_dag.py:26} INFO - Data fetched for book usd_mxn
[2024-07-15T08:34:27.978+0000] {et_dag.py:27} INFO - {'success': True, 'payload': {'high': '18.34', 'last': '18.34', 'created_at': '2024-07-15T08:34:27+00:00', 'book': 'usd_mxn', 'volume': '0', 'vwap': '0', 'low': '18.34', 'ask': '17.61', 'bid': '17.60', 'change_24': '0.00', 'rolling_average_change': {}}}
[2024-07-15T08:34:27.979+0000] {et_dag.py:30} INFO - Spread computed
[2024-07-15T08:34:27.979+0000] {et_dag.py:31} INFO - {'orderbook_timestamp': '2024-07-15T08:34:27+00:00', 'book': 'usd_mxn', 'bid': 17.6, 'ask': 17.61, 'spread': 0.05678591709254975}
[2024-07-15T08:34:29.109+0000] {et_dag.py:26} INFO - Data fetched for book usd_mxn
[2024-07-15T08:34:29.109+0000] {et_dag.py:27} INFO - {'success': True, 'payload': {'high': '18.34', 'last': '18.34', 'created_at': '2024-07-15T08:34:28+00:00', 'book': 'usd_mxn', 'volume': '0', 'vwap': '0', 'low': '18.34', 'ask': '17.61', 'bid': '17.60', 'change_24': '0.00', 'rolling_average_change': {}}}
[2024-07-15T08:34:29.109+0000] {et_dag.py:30} INFO - Spread computed
[2024-07-15T08:34:29.110+0000] {et_dag.py:31} INFO - {'orderbook_timestamp': '2024-07-15T08:34:28+00:00', 'book': 'usd_mxn', 'bid': 17.6, 'ask': 17.61, 'spread': 0.05678591709254975}
[2024-07-15T08:34:30.267+0000] {et_dag.py:26} INFO - Data fetched for book usd_mxn
[2024-07-15T08:34:30.267+0000] {et_dag.py:27} INFO - {'success': True, 'payload': {'high': '18.34', 'last': '18.34', 'created_at': '2024-07-15T08:34:29+00:00', 'book': 'usd_mxn', 'volume': '0', 'vwap': '0', 'low': '18.34', 'ask': '17.61', 'bid': '17.60', 'change_24': '0.00', 'rolling_average_change': {}}}
[2024-07-15T08:34:30.267+0000] {et_dag.py:30} INFO - Spread computed
[2024-07-15T08:34:30.268+0000] {et_dag.py:31} INFO - {'orderbook_timestamp': '2024-07-15T08:34:29+00:00', 'book': 'usd_mxn', 'bid': 17.6, 'ask': 17.61, 'spread': 0.05678591709254975}
[2024-07-15T08:34:31.425+0000] {et_dag.py:26} INFO - Data fetched for book usd_mxn
[2024-07-15T08:34:31.426+0000] {et_dag.py:27} INFO - {'success': True, 'payload': {'high': '18.34', 'last': '18.34', 'created_at': '2024-07-15T08:34:31+00:00', 'book': 'usd_mxn', 'volume': '0', 'vwap': '0', 'low': '18.34', 'ask': '17.61', 'bid': '17.60', 'change_24': '0.00', 'rolling_average_change': {}}}
[2024-07-15T08:34:31.427+0000] {et_dag.py:30} INFO - Spread computed
[2024-07-15T08:34:31.427+0000] {et_dag.py:31} INFO - {'orderbook_timestamp': '2024-07-15T08:34:31+00:00', 'book': 'usd_mxn', 'bid': 17.6, 'ask': 17.61, 'spread': 0.05678591709254975}
[2024-07-15T08:34:32.617+0000] {et_dag.py:26} INFO - Data fetched for book usd_mxn
[2024-07-15T08:34:32.618+0000] {et_dag.py:27} INFO - {'success': True, 'payload': {'high': '18.34', 'last': '18.34', 'created_at': '2024-07-15T08:34:32+00:00', 'book': 'usd_mxn', 'volume': '0', 'vwap': '0', 'low': '18.34', 'ask': '17.61', 'bid': '17.60', 'change_24': '0.00', 'rolling_average_change': {}}}
[2024-07-15T08:34:32.618+0000] {et_dag.py:30} INFO - Spread computed
[2024-07-15T08:34:32.619+0000] {et_dag.py:31} INFO - {'orderbook_timestamp': '2024-07-15T08:34:32+00:00', 'book': 'usd_mxn', 'bid': 17.6, 'ask': 17.61, 'spread': 0.05678591709254975}
[2024-07-15T08:34:33.763+0000] {et_dag.py:26} INFO - Data fetched for book usd_mxn
[2024-07-15T08:34:33.763+0000] {et_dag.py:27} INFO - {'success': True, 'payload': {'high': '18.34', 'last': '18.34', 'created_at': '2024-07-15T08:34:33+00:00', 'book': 'usd_mxn', 'volume': '0', 'vwap': '0', 'low': '18.34', 'ask': '17.61', 'bid': '17.60', 'change_24': '0.00', 'rolling_average_change': {}}}
[2024-07-15T08:34:33.764+0000] {et_dag.py:30} INFO - Spread computed
[2024-07-15T08:34:33.764+0000] {et_dag.py:31} INFO - {'orderbook_timestamp': '2024-07-15T08:34:33+00:00', 'book': 'usd_mxn', 'bid': 17.6, 'ask': 17.61, 'spread': 0.05678591709254975}
[2024-07-15T08:34:34.786+0000] {logging_mixin.py:188} WARNING -   0%|          | 0/53 [00:00<?, ?it/s]
[2024-07-15T08:34:34.799+0000] {logging_mixin.py:188} INFO - saved in /opt/***/bucket/get_ticker/year=2024/month=07/day=15/hour=08/data.csv
[2024-07-15T08:34:34.802+0000] {logging_mixin.py:188} INFO - saved in /opt/***/bucket/get_ticker/year=2024/month=07/day=15/hour=08/data.csv
[2024-07-15T08:34:34.803+0000] {logging_mixin.py:188} INFO - saved in /opt/***/bucket/get_ticker/year=2024/month=07/day=15/hour=08/data.csv
[2024-07-15T08:34:34.804+0000] {logging_mixin.py:188} INFO - saved in /opt/***/bucket/get_ticker/year=2024/month=07/day=15/hour=08/data.csv
[2024-07-15T08:34:34.808+0000] {logging_mixin.py:188} INFO - saved in /opt/***/bucket/get_ticker/year=2024/month=07/day=15/hour=08/data.csv
[2024-07-15T08:34:34.811+0000] {logging_mixin.py:188} INFO - saved in /opt/***/bucket/get_ticker/year=2024/month=07/day=15/hour=08/data.csv
[2024-07-15T08:34:34.812+0000] {logging_mixin.py:188} INFO - saved in /opt/***/bucket/get_ticker/year=2024/month=07/day=15/hour=08/data.csv
[2024-07-15T08:34:34.815+0000] {logging_mixin.py:188} INFO - saved in /opt/***/bucket/get_ticker/year=2024/month=07/day=15/hour=08/data.csv
[2024-07-15T08:34:34.818+0000] {logging_mixin.py:188} INFO - saved in /opt/***/bucket/get_ticker/year=2024/month=07/day=15/hour=08/data.csv
[2024-07-15T08:34:34.821+0000] {logging_mixin.py:188} INFO - saved in /opt/***/bucket/get_ticker/year=2024/month=07/day=15/hour=08/data.csv
[2024-07-15T08:34:34.825+0000] {logging_mixin.py:188} INFO - saved in /opt/***/bucket/get_ticker/year=2024/month=07/day=15/hour=08/data.csv
[2024-07-15T08:34:34.828+0000] {logging_mixin.py:188} INFO - saved in /opt/***/bucket/get_ticker/year=2024/month=07/day=15/hour=08/data.csv
[2024-07-15T08:34:34.829+0000] {logging_mixin.py:188} INFO - saved in /opt/***/bucket/get_ticker/year=2024/month=07/day=15/hour=08/data.csv
[2024-07-15T08:34:34.832+0000] {logging_mixin.py:188} INFO - saved in /opt/***/bucket/get_ticker/year=2024/month=07/day=15/hour=08/data.csv
[2024-07-15T08:34:34.835+0000] {logging_mixin.py:188} INFO - saved in /opt/***/bucket/get_ticker/year=2024/month=07/day=15/hour=08/data.csv
[2024-07-15T08:34:34.838+0000] {logging_mixin.py:188} INFO - saved in /opt/***/bucket/get_ticker/year=2024/month=07/day=15/hour=08/data.csv
[2024-07-15T08:34:34.841+0000] {logging_mixin.py:188} INFO - saved in /opt/***/bucket/get_ticker/year=2024/month=07/day=15/hour=08/data.csv
[2024-07-15T08:34:34.842+0000] {logging_mixin.py:188} INFO - saved in /opt/***/bucket/get_ticker/year=2024/month=07/day=15/hour=08/data.csv
[2024-07-15T08:34:34.845+0000] {logging_mixin.py:188} INFO - saved in /opt/***/bucket/get_ticker/year=2024/month=07/day=15/hour=08/data.csv
[2024-07-15T08:34:34.849+0000] {logging_mixin.py:188} INFO - saved in /opt/***/bucket/get_ticker/year=2024/month=07/day=15/hour=08/data.csv
[2024-07-15T08:34:34.852+0000] {logging_mixin.py:188} INFO - saved in /opt/***/bucket/get_ticker/year=2024/month=07/day=15/hour=08/data.csv
[2024-07-15T08:34:34.856+0000] {logging_mixin.py:188} INFO - saved in /opt/***/bucket/get_ticker/year=2024/month=07/day=15/hour=08/data.csv
[2024-07-15T08:34:34.859+0000] {logging_mixin.py:188} INFO - saved in /opt/***/bucket/get_ticker/year=2024/month=07/day=15/hour=08/data.csv
[2024-07-15T08:34:34.862+0000] {logging_mixin.py:188} INFO - saved in /opt/***/bucket/get_ticker/year=2024/month=07/day=15/hour=08/data.csv
[2024-07-15T08:34:34.866+0000] {logging_mixin.py:188} INFO - saved in /opt/***/bucket/get_ticker/year=2024/month=07/day=15/hour=08/data.csv
[2024-07-15T08:34:34.869+0000] {logging_mixin.py:188} INFO - saved in /opt/***/bucket/get_ticker/year=2024/month=07/day=15/hour=08/data.csv
[2024-07-15T08:34:34.873+0000] {logging_mixin.py:188} INFO - saved in /opt/***/bucket/get_ticker/year=2024/month=07/day=15/hour=08/data.csv
[2024-07-15T08:34:34.876+0000] {logging_mixin.py:188} INFO - saved in /opt/***/bucket/get_ticker/year=2024/month=07/day=15/hour=08/data.csv
[2024-07-15T08:34:34.880+0000] {logging_mixin.py:188} INFO - saved in /opt/***/bucket/get_ticker/year=2024/month=07/day=15/hour=08/data.csv
[2024-07-15T08:34:34.881+0000] {logging_mixin.py:188} INFO - saved in /opt/***/bucket/get_ticker/year=2024/month=07/day=15/hour=08/data.csv
[2024-07-15T08:34:34.884+0000] {logging_mixin.py:188} INFO - saved in /opt/***/bucket/get_ticker/year=2024/month=07/day=15/hour=08/data.csv
[2024-07-15T08:34:34.887+0000] {logging_mixin.py:188} INFO - saved in /opt/***/bucket/get_ticker/year=2024/month=07/day=15/hour=08/data.csv
[2024-07-15T08:34:34.888+0000] {logging_mixin.py:188} WARNING -  60%|######    | 32/53 [00:00<00:00, 317.71it/s]
[2024-07-15T08:34:34.889+0000] {logging_mixin.py:188} INFO - saved in /opt/***/bucket/get_ticker/year=2024/month=07/day=15/hour=08/data.csv
[2024-07-15T08:34:34.892+0000] {logging_mixin.py:188} INFO - saved in /opt/***/bucket/get_ticker/year=2024/month=07/day=15/hour=08/data.csv
[2024-07-15T08:34:34.895+0000] {logging_mixin.py:188} INFO - saved in /opt/***/bucket/get_ticker/year=2024/month=07/day=15/hour=08/data.csv
[2024-07-15T08:34:34.898+0000] {logging_mixin.py:188} INFO - saved in /opt/***/bucket/get_ticker/year=2024/month=07/day=15/hour=08/data.csv
[2024-07-15T08:34:34.902+0000] {logging_mixin.py:188} INFO - saved in /opt/***/bucket/get_ticker/year=2024/month=07/day=15/hour=08/data.csv
[2024-07-15T08:34:34.905+0000] {logging_mixin.py:188} INFO - saved in /opt/***/bucket/get_ticker/year=2024/month=07/day=15/hour=08/data.csv
[2024-07-15T08:34:34.908+0000] {logging_mixin.py:188} INFO - saved in /opt/***/bucket/get_ticker/year=2024/month=07/day=15/hour=08/data.csv
[2024-07-15T08:34:34.911+0000] {logging_mixin.py:188} INFO - saved in /opt/***/bucket/get_ticker/year=2024/month=07/day=15/hour=08/data.csv
[2024-07-15T08:34:34.914+0000] {logging_mixin.py:188} INFO - saved in /opt/***/bucket/get_ticker/year=2024/month=07/day=15/hour=08/data.csv
[2024-07-15T08:34:34.916+0000] {logging_mixin.py:188} INFO - saved in /opt/***/bucket/get_ticker/year=2024/month=07/day=15/hour=08/data.csv
[2024-07-15T08:34:34.922+0000] {logging_mixin.py:188} INFO - saved in /opt/***/bucket/get_ticker/year=2024/month=07/day=15/hour=08/data.csv
[2024-07-15T08:34:34.928+0000] {logging_mixin.py:188} INFO - saved in /opt/***/bucket/get_ticker/year=2024/month=07/day=15/hour=08/data.csv
[2024-07-15T08:34:34.933+0000] {logging_mixin.py:188} INFO - saved in /opt/***/bucket/get_ticker/year=2024/month=07/day=15/hour=08/data.csv
[2024-07-15T08:34:34.937+0000] {logging_mixin.py:188} INFO - saved in /opt/***/bucket/get_ticker/year=2024/month=07/day=15/hour=08/data.csv
[2024-07-15T08:34:34.941+0000] {logging_mixin.py:188} INFO - saved in /opt/***/bucket/get_ticker/year=2024/month=07/day=15/hour=08/data.csv
[2024-07-15T08:34:34.944+0000] {logging_mixin.py:188} INFO - saved in /opt/***/bucket/get_ticker/year=2024/month=07/day=15/hour=08/data.csv
[2024-07-15T08:34:34.947+0000] {logging_mixin.py:188} INFO - saved in /opt/***/bucket/get_ticker/year=2024/month=07/day=15/hour=08/data.csv
[2024-07-15T08:34:34.951+0000] {logging_mixin.py:188} INFO - saved in /opt/***/bucket/get_ticker/year=2024/month=07/day=15/hour=08/data.csv
[2024-07-15T08:34:34.953+0000] {logging_mixin.py:188} INFO - saved in /opt/***/bucket/get_ticker/year=2024/month=07/day=15/hour=08/data.csv
[2024-07-15T08:34:34.957+0000] {logging_mixin.py:188} INFO - saved in /opt/***/bucket/get_ticker/year=2024/month=07/day=15/hour=08/data.csv
[2024-07-15T08:34:34.961+0000] {logging_mixin.py:188} INFO - saved in /opt/***/bucket/get_ticker/year=2024/month=07/day=15/hour=08/data.csv
[2024-07-15T08:34:34.966+0000] {logging_mixin.py:188} WARNING - 100%|##########| 53/53 [00:00<00:00, 297.07it/s]
[2024-07-15T08:34:34.966+0000] {python.py:237} INFO - Done. Returned value was: None
[2024-07-15T08:34:34.967+0000] {taskinstance.py:441} INFO - ::group::Post task execution logs
[2024-07-15T08:34:34.991+0000] {taskinstance.py:1206} INFO - Marking task as SUCCESS. dag_id=etl_ticker, task_id=etl_usd_mxn, run_id=scheduled__2024-07-14T02:00:00+00:00, execution_date=20240714T020000, start_date=20240715T083333, end_date=20240715T083434
[2024-07-15T08:34:35.022+0000] {local_task_job_runner.py:240} INFO - Task exited with return code 0
[2024-07-15T08:34:35.047+0000] {local_task_job_runner.py:222} INFO - ::endgroup::
