[2024-07-14T09:04:41.984+0000] {local_task_job_runner.py:120} INFO - ::group::Pre task execution logs
[2024-07-14T09:04:42.053+0000] {taskinstance.py:2076} INFO - Dependencies all met for dep_context=non-requeueable deps ti=<TaskInstance: fetch_spread_values.fetch_and_compute_spread_btc_mxn scheduled__2024-07-14T08:33:00+00:00 [queued]>
[2024-07-14T09:04:42.083+0000] {taskinstance.py:2076} INFO - Dependencies all met for dep_context=requeueable deps ti=<TaskInstance: fetch_spread_values.fetch_and_compute_spread_btc_mxn scheduled__2024-07-14T08:33:00+00:00 [queued]>
[2024-07-14T09:04:42.086+0000] {taskinstance.py:2306} INFO - Starting attempt 1 of 2
[2024-07-14T09:04:42.122+0000] {taskinstance.py:2330} INFO - Executing <Task(PythonOperator): fetch_and_compute_spread_btc_mxn> on 2024-07-14 08:33:00+00:00
[2024-07-14T09:04:42.132+0000] {warnings.py:112} WARNING - /home/***/.local/lib/python3.12/site-packages/***/task/task_runner/standard_task_runner.py:61: DeprecationWarning: This process (pid=3276) is multi-threaded, use of fork() may lead to deadlocks in the child.
  pid = os.fork()

[2024-07-14T09:04:42.140+0000] {standard_task_runner.py:63} INFO - Started process 3304 to run task
[2024-07-14T09:04:42.137+0000] {standard_task_runner.py:90} INFO - Running: ['***', 'tasks', 'run', 'fetch_spread_values', 'fetch_and_compute_spread_btc_mxn', 'scheduled__2024-07-14T08:33:00+00:00', '--job-id', '1055', '--raw', '--subdir', 'DAGS_FOLDER/***.py', '--cfg-path', '/tmp/tmpcvjrhlq5']
[2024-07-14T09:04:42.147+0000] {standard_task_runner.py:91} INFO - Job 1055: Subtask fetch_and_compute_spread_btc_mxn
[2024-07-14T09:04:42.264+0000] {task_command.py:426} INFO - Running <TaskInstance: fetch_spread_values.fetch_and_compute_spread_btc_mxn scheduled__2024-07-14T08:33:00+00:00 [running]> on host d537c34a4880
[2024-07-14T09:04:42.482+0000] {taskinstance.py:2648} INFO - Exporting env vars: AIRFLOW_CTX_DAG_OWNER='***' AIRFLOW_CTX_DAG_ID='fetch_spread_values' AIRFLOW_CTX_TASK_ID='fetch_and_compute_spread_btc_mxn' AIRFLOW_CTX_EXECUTION_DATE='2024-07-14T08:33:00+00:00' AIRFLOW_CTX_TRY_NUMBER='1' AIRFLOW_CTX_DAG_RUN_ID='scheduled__2024-07-14T08:33:00+00:00'
[2024-07-14T09:04:42.492+0000] {taskinstance.py:430} INFO - ::endgroup::
[2024-07-14T09:04:42.746+0000] {python.py:237} INFO - Done. Returned value was: None
[2024-07-14T09:04:42.752+0000] {taskinstance.py:441} INFO - ::group::Post task execution logs
[2024-07-14T09:04:42.770+0000] {taskinstance.py:1206} INFO - Marking task as SUCCESS. dag_id=fetch_spread_values, task_id=fetch_and_compute_spread_btc_mxn, run_id=scheduled__2024-07-14T08:33:00+00:00, execution_date=20240714T083300, start_date=20240714T090442, end_date=20240714T090442
[2024-07-14T09:04:42.807+0000] {local_task_job_runner.py:240} INFO - Task exited with return code 0
[2024-07-14T09:04:42.834+0000] {taskinstance.py:3503} INFO - 0 downstream tasks scheduled from follow-on schedule check
[2024-07-14T09:04:42.839+0000] {local_task_job_runner.py:222} INFO - ::endgroup::
[2024-07-14T20:36:11.248+0000] {local_task_job_runner.py:120} INFO - ::group::Pre task execution logs
[2024-07-14T20:36:11.290+0000] {taskinstance.py:2076} INFO - Dependencies all met for dep_context=non-requeueable deps ti=<TaskInstance: fetch_spread_values.fetch_and_compute_spread_btc_mxn scheduled__2024-07-14T08:33:00+00:00 [queued]>
[2024-07-14T20:36:11.298+0000] {taskinstance.py:2076} INFO - Dependencies all met for dep_context=requeueable deps ti=<TaskInstance: fetch_spread_values.fetch_and_compute_spread_btc_mxn scheduled__2024-07-14T08:33:00+00:00 [queued]>
[2024-07-14T20:36:11.303+0000] {taskinstance.py:2306} INFO - Starting attempt 1 of 2
[2024-07-14T20:36:11.329+0000] {taskinstance.py:2330} INFO - Executing <Task(PythonOperator): fetch_and_compute_spread_btc_mxn> on 2024-07-14 08:33:00+00:00
[2024-07-14T20:36:11.341+0000] {logging_mixin.py:188} WARNING - /home/***/.local/lib/python3.12/site-packages/***/task/task_runner/standard_task_runner.py:61 DeprecationWarning: This process (pid=2521) is multi-threaded, use of fork() may lead to deadlocks in the child.
[2024-07-14T20:36:11.342+0000] {standard_task_runner.py:63} INFO - Started process 2531 to run task
[2024-07-14T20:36:11.347+0000] {standard_task_runner.py:90} INFO - Running: ['***', 'tasks', 'run', 'fetch_spread_values', 'fetch_and_compute_spread_btc_mxn', 'scheduled__2024-07-14T08:33:00+00:00', '--job-id', '1154', '--raw', '--subdir', 'DAGS_FOLDER/***.py', '--cfg-path', '/tmp/tmp1gkjdxzf']
[2024-07-14T20:36:11.353+0000] {standard_task_runner.py:91} INFO - Job 1154: Subtask fetch_and_compute_spread_btc_mxn
[2024-07-14T20:36:11.436+0000] {task_command.py:426} INFO - Running <TaskInstance: fetch_spread_values.fetch_and_compute_spread_btc_mxn scheduled__2024-07-14T08:33:00+00:00 [running]> on host 77caf7e4b282
[2024-07-14T20:36:11.534+0000] {taskinstance.py:2648} INFO - Exporting env vars: AIRFLOW_CTX_DAG_OWNER='***' AIRFLOW_CTX_DAG_ID='fetch_spread_values' AIRFLOW_CTX_TASK_ID='fetch_and_compute_spread_btc_mxn' AIRFLOW_CTX_EXECUTION_DATE='2024-07-14T08:33:00+00:00' AIRFLOW_CTX_TRY_NUMBER='1' AIRFLOW_CTX_DAG_RUN_ID='scheduled__2024-07-14T08:33:00+00:00'
[2024-07-14T20:36:11.556+0000] {taskinstance.py:430} INFO - ::endgroup::
[2024-07-14T20:36:11.791+0000] {python.py:237} INFO - Done. Returned value was: None
[2024-07-14T20:36:11.798+0000] {taskinstance.py:441} INFO - ::group::Post task execution logs
[2024-07-14T20:36:11.825+0000] {taskinstance.py:1206} INFO - Marking task as SUCCESS. dag_id=fetch_spread_values, task_id=fetch_and_compute_spread_btc_mxn, run_id=scheduled__2024-07-14T08:33:00+00:00, execution_date=20240714T083300, start_date=20240714T203611, end_date=20240714T203611
[2024-07-14T20:36:11.904+0000] {local_task_job_runner.py:240} INFO - Task exited with return code 0
[2024-07-14T20:36:11.924+0000] {taskinstance.py:3503} INFO - 0 downstream tasks scheduled from follow-on schedule check
[2024-07-14T20:36:11.926+0000] {local_task_job_runner.py:222} INFO - ::endgroup::
