[2024-07-14T12:08:41.685+0000] {local_task_job_runner.py:120} INFO - ::group::Pre task execution logs
[2024-07-14T12:08:41.732+0000] {taskinstance.py:2076} INFO - Dependencies all met for dep_context=non-requeueable deps ti=<TaskInstance: fetch_spread_values.fetch_and_compute_spread_usd_mxn scheduled__2024-07-14T12:06:00+00:00 [queued]>
[2024-07-14T12:08:41.743+0000] {taskinstance.py:2076} INFO - Dependencies all met for dep_context=requeueable deps ti=<TaskInstance: fetch_spread_values.fetch_and_compute_spread_usd_mxn scheduled__2024-07-14T12:06:00+00:00 [queued]>
[2024-07-14T12:08:41.745+0000] {taskinstance.py:2306} INFO - Starting attempt 1 of 2
[2024-07-14T12:08:41.755+0000] {taskinstance.py:2330} INFO - Executing <Task(PythonOperator): fetch_and_compute_spread_usd_mxn> on 2024-07-14 12:06:00+00:00
[2024-07-14T12:08:41.761+0000] {warnings.py:112} WARNING - /home/***/.local/lib/python3.12/site-packages/***/task/task_runner/standard_task_runner.py:61: DeprecationWarning: This process (pid=5182) is multi-threaded, use of fork() may lead to deadlocks in the child.
  pid = os.fork()

[2024-07-14T12:08:41.764+0000] {standard_task_runner.py:90} INFO - Running: ['***', 'tasks', 'run', 'fetch_spread_values', 'fetch_and_compute_spread_usd_mxn', 'scheduled__2024-07-14T12:06:00+00:00', '--job-id', '1555', '--raw', '--subdir', 'DAGS_FOLDER/***.py', '--cfg-path', '/tmp/tmp6dbcal14']
[2024-07-14T12:08:41.766+0000] {standard_task_runner.py:91} INFO - Job 1555: Subtask fetch_and_compute_spread_usd_mxn
[2024-07-14T12:08:41.765+0000] {standard_task_runner.py:63} INFO - Started process 5202 to run task
[2024-07-14T12:08:41.807+0000] {task_command.py:426} INFO - Running <TaskInstance: fetch_spread_values.fetch_and_compute_spread_usd_mxn scheduled__2024-07-14T12:06:00+00:00 [running]> on host d537c34a4880
[2024-07-14T12:08:41.863+0000] {taskinstance.py:2648} INFO - Exporting env vars: AIRFLOW_CTX_DAG_OWNER='***' AIRFLOW_CTX_DAG_ID='fetch_spread_values' AIRFLOW_CTX_TASK_ID='fetch_and_compute_spread_usd_mxn' AIRFLOW_CTX_EXECUTION_DATE='2024-07-14T12:06:00+00:00' AIRFLOW_CTX_TRY_NUMBER='1' AIRFLOW_CTX_DAG_RUN_ID='scheduled__2024-07-14T12:06:00+00:00'
[2024-07-14T12:08:41.865+0000] {taskinstance.py:430} INFO - ::endgroup::
[2024-07-14T12:08:42.007+0000] {python.py:237} INFO - Done. Returned value was: None
[2024-07-14T12:08:42.008+0000] {taskinstance.py:441} INFO - ::group::Post task execution logs
[2024-07-14T12:08:42.014+0000] {taskinstance.py:1206} INFO - Marking task as SUCCESS. dag_id=fetch_spread_values, task_id=fetch_and_compute_spread_usd_mxn, run_id=scheduled__2024-07-14T12:06:00+00:00, execution_date=20240714T120600, start_date=20240714T120841, end_date=20240714T120842
[2024-07-14T12:08:42.037+0000] {local_task_job_runner.py:240} INFO - Task exited with return code 0
[2024-07-14T12:08:42.045+0000] {taskinstance.py:3503} INFO - 0 downstream tasks scheduled from follow-on schedule check
[2024-07-14T12:08:42.046+0000] {local_task_job_runner.py:222} INFO - ::endgroup::
[2024-07-14T20:37:27.540+0000] {local_task_job_runner.py:120} INFO - ::group::Pre task execution logs
[2024-07-14T20:37:27.571+0000] {taskinstance.py:2076} INFO - Dependencies all met for dep_context=non-requeueable deps ti=<TaskInstance: fetch_spread_values.fetch_and_compute_spread_usd_mxn scheduled__2024-07-14T12:06:00+00:00 [queued]>
[2024-07-14T20:37:27.580+0000] {taskinstance.py:2076} INFO - Dependencies all met for dep_context=requeueable deps ti=<TaskInstance: fetch_spread_values.fetch_and_compute_spread_usd_mxn scheduled__2024-07-14T12:06:00+00:00 [queued]>
[2024-07-14T20:37:27.583+0000] {taskinstance.py:2306} INFO - Starting attempt 1 of 2
[2024-07-14T20:37:27.616+0000] {taskinstance.py:2330} INFO - Executing <Task(PythonOperator): fetch_and_compute_spread_usd_mxn> on 2024-07-14 12:06:00+00:00
[2024-07-14T20:37:27.623+0000] {logging_mixin.py:188} WARNING - /home/***/.local/lib/python3.12/site-packages/***/task/task_runner/standard_task_runner.py:61 DeprecationWarning: This process (pid=3387) is multi-threaded, use of fork() may lead to deadlocks in the child.
[2024-07-14T20:37:27.625+0000] {standard_task_runner.py:63} INFO - Started process 3401 to run task
[2024-07-14T20:37:27.624+0000] {standard_task_runner.py:90} INFO - Running: ['***', 'tasks', 'run', 'fetch_spread_values', 'fetch_and_compute_spread_usd_mxn', 'scheduled__2024-07-14T12:06:00+00:00', '--job-id', '1581', '--raw', '--subdir', 'DAGS_FOLDER/***.py', '--cfg-path', '/tmp/tmpmfefcqrl']
[2024-07-14T20:37:27.636+0000] {standard_task_runner.py:91} INFO - Job 1581: Subtask fetch_and_compute_spread_usd_mxn
[2024-07-14T20:37:27.694+0000] {task_command.py:426} INFO - Running <TaskInstance: fetch_spread_values.fetch_and_compute_spread_usd_mxn scheduled__2024-07-14T12:06:00+00:00 [running]> on host 77caf7e4b282
[2024-07-14T20:37:27.783+0000] {taskinstance.py:2648} INFO - Exporting env vars: AIRFLOW_CTX_DAG_OWNER='***' AIRFLOW_CTX_DAG_ID='fetch_spread_values' AIRFLOW_CTX_TASK_ID='fetch_and_compute_spread_usd_mxn' AIRFLOW_CTX_EXECUTION_DATE='2024-07-14T12:06:00+00:00' AIRFLOW_CTX_TRY_NUMBER='1' AIRFLOW_CTX_DAG_RUN_ID='scheduled__2024-07-14T12:06:00+00:00'
[2024-07-14T20:37:27.790+0000] {taskinstance.py:430} INFO - ::endgroup::
[2024-07-14T20:37:28.036+0000] {python.py:237} INFO - Done. Returned value was: None
[2024-07-14T20:37:28.037+0000] {taskinstance.py:441} INFO - ::group::Post task execution logs
[2024-07-14T20:37:28.043+0000] {taskinstance.py:1206} INFO - Marking task as SUCCESS. dag_id=fetch_spread_values, task_id=fetch_and_compute_spread_usd_mxn, run_id=scheduled__2024-07-14T12:06:00+00:00, execution_date=20240714T120600, start_date=20240714T203727, end_date=20240714T203728
[2024-07-14T20:37:28.068+0000] {local_task_job_runner.py:240} INFO - Task exited with return code 0
[2024-07-14T20:37:28.079+0000] {taskinstance.py:3503} INFO - 0 downstream tasks scheduled from follow-on schedule check
[2024-07-14T20:37:28.080+0000] {local_task_job_runner.py:222} INFO - ::endgroup::
