[2024-07-14T17:26:58.619+0000] {local_task_job_runner.py:120} INFO - ::group::Pre task execution logs
[2024-07-14T17:26:58.718+0000] {taskinstance.py:2076} INFO - Dependencies all met for dep_context=non-requeueable deps ti=<TaskInstance: save_spread_values.save_and_flush_task scheduled__2024-07-14T17:10:00+00:00 [queued]>
[2024-07-14T17:26:58.769+0000] {taskinstance.py:2076} INFO - Dependencies all met for dep_context=requeueable deps ti=<TaskInstance: save_spread_values.save_and_flush_task scheduled__2024-07-14T17:10:00+00:00 [queued]>
[2024-07-14T17:26:58.770+0000] {taskinstance.py:2306} INFO - Starting attempt 1 of 2
[2024-07-14T17:26:58.803+0000] {taskinstance.py:2330} INFO - Executing <Task(PythonOperator): save_and_flush_task> on 2024-07-14 17:10:00+00:00
[2024-07-14T17:26:58.812+0000] {warnings.py:112} WARNING - /home/***/.local/lib/python3.12/site-packages/***/task/task_runner/standard_task_runner.py:61: DeprecationWarning: This process (pid=7356) is multi-threaded, use of fork() may lead to deadlocks in the child.
  pid = os.fork()

[2024-07-14T17:26:58.817+0000] {standard_task_runner.py:63} INFO - Started process 7376 to run task
[2024-07-14T17:26:58.834+0000] {standard_task_runner.py:90} INFO - Running: ['***', 'tasks', 'run', 'save_spread_values', 'save_and_flush_task', 'scheduled__2024-07-14T17:10:00+00:00', '--job-id', '2213', '--raw', '--subdir', 'DAGS_FOLDER/***.py', '--cfg-path', '/tmp/tmp7zk2xjw6']
[2024-07-14T17:26:58.857+0000] {standard_task_runner.py:91} INFO - Job 2213: Subtask save_and_flush_task
[2024-07-14T17:26:58.984+0000] {task_command.py:426} INFO - Running <TaskInstance: save_spread_values.save_and_flush_task scheduled__2024-07-14T17:10:00+00:00 [running]> on host d537c34a4880
[2024-07-14T17:26:59.474+0000] {taskinstance.py:2648} INFO - Exporting env vars: AIRFLOW_CTX_DAG_OWNER='***' AIRFLOW_CTX_DAG_ID='save_spread_values' AIRFLOW_CTX_TASK_ID='save_and_flush_task' AIRFLOW_CTX_EXECUTION_DATE='2024-07-14T17:10:00+00:00' AIRFLOW_CTX_TRY_NUMBER='1' AIRFLOW_CTX_DAG_RUN_ID='scheduled__2024-07-14T17:10:00+00:00'
[2024-07-14T17:26:59.493+0000] {taskinstance.py:430} INFO - ::endgroup::
[2024-07-14T17:26:59.509+0000] {python.py:237} INFO - Done. Returned value was: None
[2024-07-14T17:26:59.514+0000] {taskinstance.py:441} INFO - ::group::Post task execution logs
[2024-07-14T17:26:59.542+0000] {taskinstance.py:1206} INFO - Marking task as SUCCESS. dag_id=save_spread_values, task_id=save_and_flush_task, run_id=scheduled__2024-07-14T17:10:00+00:00, execution_date=20240714T171000, start_date=20240714T172658, end_date=20240714T172659
[2024-07-14T17:26:59.730+0000] {local_task_job_runner.py:240} INFO - Task exited with return code 0
[2024-07-14T17:26:59.786+0000] {taskinstance.py:3503} INFO - 0 downstream tasks scheduled from follow-on schedule check
[2024-07-14T17:26:59.812+0000] {local_task_job_runner.py:222} INFO - ::endgroup::
[2024-07-14T20:35:29.454+0000] {local_task_job_runner.py:120} INFO - ::group::Pre task execution logs
[2024-07-14T20:35:29.473+0000] {taskinstance.py:2076} INFO - Dependencies all met for dep_context=non-requeueable deps ti=<TaskInstance: save_spread_values.save_and_flush_task scheduled__2024-07-14T17:10:00+00:00 [queued]>
[2024-07-14T20:35:29.477+0000] {taskinstance.py:2076} INFO - Dependencies all met for dep_context=requeueable deps ti=<TaskInstance: save_spread_values.save_and_flush_task scheduled__2024-07-14T17:10:00+00:00 [queued]>
[2024-07-14T20:35:29.477+0000] {taskinstance.py:2306} INFO - Starting attempt 1 of 2
[2024-07-14T20:35:29.484+0000] {taskinstance.py:2330} INFO - Executing <Task(PythonOperator): save_and_flush_task> on 2024-07-14 17:10:00+00:00
[2024-07-14T20:35:29.488+0000] {logging_mixin.py:188} WARNING - /home/***/.local/lib/python3.12/site-packages/***/task/task_runner/standard_task_runner.py:61 DeprecationWarning: This process (pid=2249) is multi-threaded, use of fork() may lead to deadlocks in the child.
[2024-07-14T20:35:29.489+0000] {standard_task_runner.py:63} INFO - Started process 2252 to run task
[2024-07-14T20:35:29.488+0000] {standard_task_runner.py:90} INFO - Running: ['***', 'tasks', 'run', 'save_spread_values', 'save_and_flush_task', 'scheduled__2024-07-14T17:10:00+00:00', '--job-id', '1019', '--raw', '--subdir', 'DAGS_FOLDER/***.py', '--cfg-path', '/tmp/tmpr09v5bj1']
[2024-07-14T20:35:29.490+0000] {standard_task_runner.py:91} INFO - Job 1019: Subtask save_and_flush_task
[2024-07-14T20:35:29.516+0000] {task_command.py:426} INFO - Running <TaskInstance: save_spread_values.save_and_flush_task scheduled__2024-07-14T17:10:00+00:00 [running]> on host 77caf7e4b282
[2024-07-14T20:35:29.559+0000] {taskinstance.py:2648} INFO - Exporting env vars: AIRFLOW_CTX_DAG_OWNER='***' AIRFLOW_CTX_DAG_ID='save_spread_values' AIRFLOW_CTX_TASK_ID='save_and_flush_task' AIRFLOW_CTX_EXECUTION_DATE='2024-07-14T17:10:00+00:00' AIRFLOW_CTX_TRY_NUMBER='1' AIRFLOW_CTX_DAG_RUN_ID='scheduled__2024-07-14T17:10:00+00:00'
[2024-07-14T20:35:29.560+0000] {taskinstance.py:430} INFO - ::endgroup::
[2024-07-14T20:35:29.565+0000] {python.py:237} INFO - Done. Returned value was: None
[2024-07-14T20:35:29.566+0000] {taskinstance.py:441} INFO - ::group::Post task execution logs
[2024-07-14T20:35:29.571+0000] {taskinstance.py:1206} INFO - Marking task as SUCCESS. dag_id=save_spread_values, task_id=save_and_flush_task, run_id=scheduled__2024-07-14T17:10:00+00:00, execution_date=20240714T171000, start_date=20240714T203529, end_date=20240714T203529
[2024-07-14T20:35:29.587+0000] {local_task_job_runner.py:240} INFO - Task exited with return code 0
[2024-07-14T20:35:29.596+0000] {taskinstance.py:3503} INFO - 0 downstream tasks scheduled from follow-on schedule check
[2024-07-14T20:35:29.597+0000] {local_task_job_runner.py:222} INFO - ::endgroup::
[2024-07-15T06:36:49.720+0000] {local_task_job_runner.py:120} INFO - ::group::Pre task execution logs
[2024-07-15T06:36:49.746+0000] {taskinstance.py:2076} INFO - Dependencies all met for dep_context=non-requeueable deps ti=<TaskInstance: save_spread_values.save_and_flush_task scheduled__2024-07-14T17:10:00+00:00 [queued]>
[2024-07-15T06:36:49.752+0000] {taskinstance.py:2076} INFO - Dependencies all met for dep_context=requeueable deps ti=<TaskInstance: save_spread_values.save_and_flush_task scheduled__2024-07-14T17:10:00+00:00 [queued]>
[2024-07-15T06:36:49.753+0000] {taskinstance.py:2306} INFO - Starting attempt 1 of 2
[2024-07-15T06:36:49.770+0000] {taskinstance.py:2330} INFO - Executing <Task(PythonOperator): save_and_flush_task> on 2024-07-14 17:10:00+00:00
[2024-07-15T06:36:49.779+0000] {logging_mixin.py:188} WARNING - /home/***/.local/lib/python3.12/site-packages/***/task/task_runner/standard_task_runner.py:61 DeprecationWarning: This process (pid=3839) is multi-threaded, use of fork() may lead to deadlocks in the child.
[2024-07-15T06:36:49.779+0000] {standard_task_runner.py:63} INFO - Started process 3847 to run task
[2024-07-15T06:36:49.780+0000] {standard_task_runner.py:90} INFO - Running: ['***', 'tasks', 'run', 'save_spread_values', 'save_and_flush_task', 'scheduled__2024-07-14T17:10:00+00:00', '--job-id', '609', '--raw', '--subdir', 'DAGS_FOLDER/et_dag.py', '--cfg-path', '/tmp/tmp8qx3cia7']
[2024-07-15T06:36:49.782+0000] {standard_task_runner.py:91} INFO - Job 609: Subtask save_and_flush_task
[2024-07-15T06:36:49.817+0000] {task_command.py:426} INFO - Running <TaskInstance: save_spread_values.save_and_flush_task scheduled__2024-07-14T17:10:00+00:00 [running]> on host 52e7a9c3d832
[2024-07-15T06:36:49.882+0000] {taskinstance.py:2648} INFO - Exporting env vars: AIRFLOW_CTX_DAG_OWNER='***' AIRFLOW_CTX_DAG_ID='save_spread_values' AIRFLOW_CTX_TASK_ID='save_and_flush_task' AIRFLOW_CTX_EXECUTION_DATE='2024-07-14T17:10:00+00:00' AIRFLOW_CTX_TRY_NUMBER='1' AIRFLOW_CTX_DAG_RUN_ID='scheduled__2024-07-14T17:10:00+00:00'
[2024-07-15T06:36:49.883+0000] {taskinstance.py:430} INFO - ::endgroup::
[2024-07-15T06:36:49.891+0000] {taskinstance.py:441} INFO - ::group::Post task execution logs
[2024-07-15T06:36:49.894+0000] {taskinstance.py:2905} ERROR - Task failed with exception
Traceback (most recent call last):
  File "/home/airflow/.local/lib/python3.12/site-packages/airflow/models/taskinstance.py", line 465, in _execute_task
    result = _execute_callable(context=context, **execute_callable_kwargs)
             ^^^^^^^^^^^^^^^^^^^^^^^^^^^^^^^^^^^^^^^^^^^^^^^^^^^^^^^^^^^^^
  File "/home/airflow/.local/lib/python3.12/site-packages/airflow/models/taskinstance.py", line 432, in _execute_callable
    return execute_callable(context=context, **execute_callable_kwargs)
           ^^^^^^^^^^^^^^^^^^^^^^^^^^^^^^^^^^^^^^^^^^^^^^^^^^^^^^^^^^^^
  File "/home/airflow/.local/lib/python3.12/site-packages/airflow/models/baseoperator.py", line 401, in wrapper
    return func(self, *args, **kwargs)
           ^^^^^^^^^^^^^^^^^^^^^^^^^^^
  File "/home/airflow/.local/lib/python3.12/site-packages/airflow/operators/python.py", line 235, in execute
    return_value = self.execute_callable()
                   ^^^^^^^^^^^^^^^^^^^^^^^
  File "/home/airflow/.local/lib/python3.12/site-packages/airflow/operators/python.py", line 252, in execute_callable
    return self.python_callable(*self.op_args, **self.op_kwargs)
           ^^^^^^^^^^^^^^^^^^^^^^^^^^^^^^^^^^^^^^^^^^^^^^^^^^^^^
  File "/opt/airflow/dags/et_dag.py", line 38, in trigger_save_and_flush
    logging('Invoking method to save data from records')
TypeError: 'module' object is not callable
[2024-07-15T06:36:49.910+0000] {taskinstance.py:1206} INFO - Marking task as UP_FOR_RETRY. dag_id=save_spread_values, task_id=save_and_flush_task, run_id=scheduled__2024-07-14T17:10:00+00:00, execution_date=20240714T171000, start_date=20240715T063649, end_date=20240715T063649
[2024-07-15T06:36:49.993+0000] {standard_task_runner.py:110} ERROR - Failed to execute job 609 for task save_and_flush_task ('module' object is not callable; 3847)
[2024-07-15T06:36:50.004+0000] {local_task_job_runner.py:240} INFO - Task exited with return code 1
[2024-07-15T06:36:50.018+0000] {taskinstance.py:3503} INFO - 0 downstream tasks scheduled from follow-on schedule check
[2024-07-15T06:36:50.023+0000] {local_task_job_runner.py:222} INFO - ::endgroup::
