[2024-07-14T08:59:04.648+0000] {local_task_job_runner.py:120} INFO - ::group::Pre task execution logs
[2024-07-14T08:59:04.661+0000] {taskinstance.py:2076} INFO - Dependencies all met for dep_context=non-requeueable deps ti=<TaskInstance: fetch_spread_values.fetch_and_compute_spread_usd_mxn scheduled__2024-07-14T02:34:00+00:00 [queued]>
[2024-07-14T08:59:04.670+0000] {taskinstance.py:2076} INFO - Dependencies all met for dep_context=requeueable deps ti=<TaskInstance: fetch_spread_values.fetch_and_compute_spread_usd_mxn scheduled__2024-07-14T02:34:00+00:00 [queued]>
[2024-07-14T08:59:04.671+0000] {taskinstance.py:2306} INFO - Starting attempt 1 of 2
[2024-07-14T08:59:04.686+0000] {taskinstance.py:2330} INFO - Executing <Task(PythonOperator): fetch_and_compute_spread_usd_mxn> on 2024-07-14 02:34:00+00:00
[2024-07-14T08:59:04.691+0000] {warnings.py:112} WARNING - /home/***/.local/lib/python3.12/site-packages/***/task/task_runner/standard_task_runner.py:61: DeprecationWarning: This process (pid=1057) is multi-threaded, use of fork() may lead to deadlocks in the child.
  pid = os.fork()

[2024-07-14T08:59:04.693+0000] {standard_task_runner.py:63} INFO - Started process 1072 to run task
[2024-07-14T08:59:04.693+0000] {standard_task_runner.py:90} INFO - Running: ['***', 'tasks', 'run', 'fetch_spread_values', 'fetch_and_compute_spread_usd_mxn', 'scheduled__2024-07-14T02:34:00+00:00', '--job-id', '333', '--raw', '--subdir', 'DAGS_FOLDER/***.py', '--cfg-path', '/tmp/tmptoalzw9o']
[2024-07-14T08:59:04.695+0000] {standard_task_runner.py:91} INFO - Job 333: Subtask fetch_and_compute_spread_usd_mxn
[2024-07-14T08:59:04.736+0000] {task_command.py:426} INFO - Running <TaskInstance: fetch_spread_values.fetch_and_compute_spread_usd_mxn scheduled__2024-07-14T02:34:00+00:00 [running]> on host d537c34a4880
[2024-07-14T08:59:04.799+0000] {taskinstance.py:2648} INFO - Exporting env vars: AIRFLOW_CTX_DAG_OWNER='***' AIRFLOW_CTX_DAG_ID='fetch_spread_values' AIRFLOW_CTX_TASK_ID='fetch_and_compute_spread_usd_mxn' AIRFLOW_CTX_EXECUTION_DATE='2024-07-14T02:34:00+00:00' AIRFLOW_CTX_TRY_NUMBER='1' AIRFLOW_CTX_DAG_RUN_ID='scheduled__2024-07-14T02:34:00+00:00'
[2024-07-14T08:59:04.802+0000] {taskinstance.py:430} INFO - ::endgroup::
[2024-07-14T08:59:04.980+0000] {python.py:237} INFO - Done. Returned value was: None
[2024-07-14T08:59:04.984+0000] {taskinstance.py:441} INFO - ::group::Post task execution logs
[2024-07-14T08:59:04.990+0000] {taskinstance.py:1206} INFO - Marking task as SUCCESS. dag_id=fetch_spread_values, task_id=fetch_and_compute_spread_usd_mxn, run_id=scheduled__2024-07-14T02:34:00+00:00, execution_date=20240714T023400, start_date=20240714T085904, end_date=20240714T085904
[2024-07-14T08:59:05.005+0000] {local_task_job_runner.py:240} INFO - Task exited with return code 0
[2024-07-14T08:59:05.017+0000] {taskinstance.py:3503} INFO - 0 downstream tasks scheduled from follow-on schedule check
[2024-07-14T08:59:05.018+0000] {local_task_job_runner.py:222} INFO - ::endgroup::
[2024-07-14T20:33:21.119+0000] {local_task_job_runner.py:120} INFO - ::group::Pre task execution logs
[2024-07-14T20:33:21.162+0000] {taskinstance.py:2076} INFO - Dependencies all met for dep_context=non-requeueable deps ti=<TaskInstance: fetch_spread_values.fetch_and_compute_spread_usd_mxn scheduled__2024-07-14T02:34:00+00:00 [queued]>
[2024-07-14T20:33:21.173+0000] {taskinstance.py:2076} INFO - Dependencies all met for dep_context=requeueable deps ti=<TaskInstance: fetch_spread_values.fetch_and_compute_spread_usd_mxn scheduled__2024-07-14T02:34:00+00:00 [queued]>
[2024-07-14T20:33:21.175+0000] {taskinstance.py:2306} INFO - Starting attempt 1 of 2
[2024-07-14T20:33:21.199+0000] {taskinstance.py:2330} INFO - Executing <Task(PythonOperator): fetch_and_compute_spread_usd_mxn> on 2024-07-14 02:34:00+00:00
[2024-07-14T20:33:21.207+0000] {standard_task_runner.py:90} INFO - Running: ['***', 'tasks', 'run', 'fetch_spread_values', 'fetch_and_compute_spread_usd_mxn', 'scheduled__2024-07-14T02:34:00+00:00', '--job-id', '313', '--raw', '--subdir', 'DAGS_FOLDER/***.py', '--cfg-path', '/tmp/tmpeje0v11v']
[2024-07-14T20:33:21.210+0000] {standard_task_runner.py:91} INFO - Job 313: Subtask fetch_and_compute_spread_usd_mxn
[2024-07-14T20:33:21.205+0000] {logging_mixin.py:188} WARNING - /home/***/.local/lib/python3.12/site-packages/***/task/task_runner/standard_task_runner.py:61 DeprecationWarning: This process (pid=813) is multi-threaded, use of fork() may lead to deadlocks in the child.
[2024-07-14T20:33:21.216+0000] {standard_task_runner.py:63} INFO - Started process 822 to run task
[2024-07-14T20:33:21.285+0000] {task_command.py:426} INFO - Running <TaskInstance: fetch_spread_values.fetch_and_compute_spread_usd_mxn scheduled__2024-07-14T02:34:00+00:00 [running]> on host 77caf7e4b282
[2024-07-14T20:33:21.354+0000] {taskinstance.py:2648} INFO - Exporting env vars: AIRFLOW_CTX_DAG_OWNER='***' AIRFLOW_CTX_DAG_ID='fetch_spread_values' AIRFLOW_CTX_TASK_ID='fetch_and_compute_spread_usd_mxn' AIRFLOW_CTX_EXECUTION_DATE='2024-07-14T02:34:00+00:00' AIRFLOW_CTX_TRY_NUMBER='1' AIRFLOW_CTX_DAG_RUN_ID='scheduled__2024-07-14T02:34:00+00:00'
[2024-07-14T20:33:21.355+0000] {taskinstance.py:430} INFO - ::endgroup::
[2024-07-14T20:33:21.544+0000] {python.py:237} INFO - Done. Returned value was: None
[2024-07-14T20:33:21.545+0000] {taskinstance.py:441} INFO - ::group::Post task execution logs
[2024-07-14T20:33:21.551+0000] {taskinstance.py:1206} INFO - Marking task as SUCCESS. dag_id=fetch_spread_values, task_id=fetch_and_compute_spread_usd_mxn, run_id=scheduled__2024-07-14T02:34:00+00:00, execution_date=20240714T023400, start_date=20240714T203321, end_date=20240714T203321
[2024-07-14T20:33:21.572+0000] {local_task_job_runner.py:240} INFO - Task exited with return code 0
[2024-07-14T20:33:21.582+0000] {taskinstance.py:3503} INFO - 0 downstream tasks scheduled from follow-on schedule check
[2024-07-14T20:33:21.583+0000] {local_task_job_runner.py:222} INFO - ::endgroup::
