[2024-07-14T08:59:11.447+0000] {local_task_job_runner.py:120} INFO - ::group::Pre task execution logs
[2024-07-14T08:59:11.592+0000] {taskinstance.py:2076} INFO - Dependencies all met for dep_context=non-requeueable deps ti=<TaskInstance: fetch_spread_values.fetch_and_compute_spread_btc_mxn scheduled__2024-07-14T02:37:00+00:00 [queued]>
[2024-07-14T08:59:11.610+0000] {taskinstance.py:2076} INFO - Dependencies all met for dep_context=requeueable deps ti=<TaskInstance: fetch_spread_values.fetch_and_compute_spread_btc_mxn scheduled__2024-07-14T02:37:00+00:00 [queued]>
[2024-07-14T08:59:11.617+0000] {taskinstance.py:2306} INFO - Starting attempt 1 of 2
[2024-07-14T08:59:11.666+0000] {taskinstance.py:2330} INFO - Executing <Task(PythonOperator): fetch_and_compute_spread_btc_mxn> on 2024-07-14 02:37:00+00:00
[2024-07-14T08:59:11.700+0000] {warnings.py:112} WARNING - /home/***/.local/lib/python3.12/site-packages/***/task/task_runner/standard_task_runner.py:61: DeprecationWarning: This process (pid=1083) is multi-threaded, use of fork() may lead to deadlocks in the child.
  pid = os.fork()

[2024-07-14T08:59:11.718+0000] {standard_task_runner.py:63} INFO - Started process 1117 to run task
[2024-07-14T08:59:11.694+0000] {standard_task_runner.py:90} INFO - Running: ['***', 'tasks', 'run', 'fetch_spread_values', 'fetch_and_compute_spread_btc_mxn', 'scheduled__2024-07-14T02:37:00+00:00', '--job-id', '343', '--raw', '--subdir', 'DAGS_FOLDER/***.py', '--cfg-path', '/tmp/tmp38dlrcrc']
[2024-07-14T08:59:11.729+0000] {standard_task_runner.py:91} INFO - Job 343: Subtask fetch_and_compute_spread_btc_mxn
[2024-07-14T08:59:11.896+0000] {task_command.py:426} INFO - Running <TaskInstance: fetch_spread_values.fetch_and_compute_spread_btc_mxn scheduled__2024-07-14T02:37:00+00:00 [running]> on host d537c34a4880
[2024-07-14T08:59:12.120+0000] {taskinstance.py:2648} INFO - Exporting env vars: AIRFLOW_CTX_DAG_OWNER='***' AIRFLOW_CTX_DAG_ID='fetch_spread_values' AIRFLOW_CTX_TASK_ID='fetch_and_compute_spread_btc_mxn' AIRFLOW_CTX_EXECUTION_DATE='2024-07-14T02:37:00+00:00' AIRFLOW_CTX_TRY_NUMBER='1' AIRFLOW_CTX_DAG_RUN_ID='scheduled__2024-07-14T02:37:00+00:00'
[2024-07-14T08:59:12.147+0000] {taskinstance.py:430} INFO - ::endgroup::
[2024-07-14T08:59:12.560+0000] {python.py:237} INFO - Done. Returned value was: None
[2024-07-14T08:59:12.569+0000] {taskinstance.py:441} INFO - ::group::Post task execution logs
[2024-07-14T08:59:12.591+0000] {taskinstance.py:1206} INFO - Marking task as SUCCESS. dag_id=fetch_spread_values, task_id=fetch_and_compute_spread_btc_mxn, run_id=scheduled__2024-07-14T02:37:00+00:00, execution_date=20240714T023700, start_date=20240714T085911, end_date=20240714T085912
[2024-07-14T08:59:12.747+0000] {local_task_job_runner.py:240} INFO - Task exited with return code 0
[2024-07-14T08:59:12.814+0000] {local_task_job_runner.py:222} INFO - ::endgroup::
[2024-07-14T20:33:23.710+0000] {local_task_job_runner.py:120} INFO - ::group::Pre task execution logs
[2024-07-14T20:33:23.736+0000] {taskinstance.py:2076} INFO - Dependencies all met for dep_context=non-requeueable deps ti=<TaskInstance: fetch_spread_values.fetch_and_compute_spread_btc_mxn scheduled__2024-07-14T02:37:00+00:00 [queued]>
[2024-07-14T20:33:23.743+0000] {taskinstance.py:2076} INFO - Dependencies all met for dep_context=requeueable deps ti=<TaskInstance: fetch_spread_values.fetch_and_compute_spread_btc_mxn scheduled__2024-07-14T02:37:00+00:00 [queued]>
[2024-07-14T20:33:23.744+0000] {taskinstance.py:2306} INFO - Starting attempt 1 of 2
[2024-07-14T20:33:23.782+0000] {taskinstance.py:2330} INFO - Executing <Task(PythonOperator): fetch_and_compute_spread_btc_mxn> on 2024-07-14 02:37:00+00:00
[2024-07-14T20:33:23.787+0000] {logging_mixin.py:188} WARNING - /home/***/.local/lib/python3.12/site-packages/***/task/task_runner/standard_task_runner.py:61 DeprecationWarning: This process (pid=829) is multi-threaded, use of fork() may lead to deadlocks in the child.
[2024-07-14T20:33:23.791+0000] {standard_task_runner.py:63} INFO - Started process 837 to run task
[2024-07-14T20:33:23.789+0000] {standard_task_runner.py:90} INFO - Running: ['***', 'tasks', 'run', 'fetch_spread_values', 'fetch_and_compute_spread_btc_mxn', 'scheduled__2024-07-14T02:37:00+00:00', '--job-id', '320', '--raw', '--subdir', 'DAGS_FOLDER/***.py', '--cfg-path', '/tmp/tmpmeoqc7ck']
[2024-07-14T20:33:23.809+0000] {standard_task_runner.py:91} INFO - Job 320: Subtask fetch_and_compute_spread_btc_mxn
[2024-07-14T20:33:23.873+0000] {task_command.py:426} INFO - Running <TaskInstance: fetch_spread_values.fetch_and_compute_spread_btc_mxn scheduled__2024-07-14T02:37:00+00:00 [running]> on host 77caf7e4b282
[2024-07-14T20:33:24.048+0000] {taskinstance.py:2648} INFO - Exporting env vars: AIRFLOW_CTX_DAG_OWNER='***' AIRFLOW_CTX_DAG_ID='fetch_spread_values' AIRFLOW_CTX_TASK_ID='fetch_and_compute_spread_btc_mxn' AIRFLOW_CTX_EXECUTION_DATE='2024-07-14T02:37:00+00:00' AIRFLOW_CTX_TRY_NUMBER='1' AIRFLOW_CTX_DAG_RUN_ID='scheduled__2024-07-14T02:37:00+00:00'
[2024-07-14T20:33:24.053+0000] {taskinstance.py:430} INFO - ::endgroup::
[2024-07-14T20:33:24.311+0000] {python.py:237} INFO - Done. Returned value was: None
[2024-07-14T20:33:24.315+0000] {taskinstance.py:441} INFO - ::group::Post task execution logs
[2024-07-14T20:33:24.342+0000] {taskinstance.py:1206} INFO - Marking task as SUCCESS. dag_id=fetch_spread_values, task_id=fetch_and_compute_spread_btc_mxn, run_id=scheduled__2024-07-14T02:37:00+00:00, execution_date=20240714T023700, start_date=20240714T203323, end_date=20240714T203324
[2024-07-14T20:33:24.419+0000] {local_task_job_runner.py:240} INFO - Task exited with return code 0
[2024-07-14T20:33:24.434+0000] {taskinstance.py:3503} INFO - 0 downstream tasks scheduled from follow-on schedule check
[2024-07-14T20:33:24.436+0000] {local_task_job_runner.py:222} INFO - ::endgroup::
