[2024-07-14T15:54:17.201+0000] {local_task_job_runner.py:120} INFO - ::group::Pre task execution logs
[2024-07-14T15:54:17.283+0000] {taskinstance.py:2076} INFO - Dependencies all met for dep_context=non-requeueable deps ti=<TaskInstance: fetch_spread_values.fetch_and_compute_spread_btc_mxn scheduled__2024-07-14T15:35:00+00:00 [queued]>
[2024-07-14T15:54:17.324+0000] {taskinstance.py:2076} INFO - Dependencies all met for dep_context=requeueable deps ti=<TaskInstance: fetch_spread_values.fetch_and_compute_spread_btc_mxn scheduled__2024-07-14T15:35:00+00:00 [queued]>
[2024-07-14T15:54:17.330+0000] {taskinstance.py:2306} INFO - Starting attempt 1 of 2
[2024-07-14T15:54:17.381+0000] {taskinstance.py:2330} INFO - Executing <Task(PythonOperator): fetch_and_compute_spread_btc_mxn> on 2024-07-14 15:35:00+00:00
[2024-07-14T15:54:17.401+0000] {warnings.py:112} WARNING - /home/***/.local/lib/python3.12/site-packages/***/task/task_runner/standard_task_runner.py:61: DeprecationWarning: This process (pid=6666) is multi-threaded, use of fork() may lead to deadlocks in the child.
  pid = os.fork()

[2024-07-14T15:54:17.414+0000] {standard_task_runner.py:63} INFO - Started process 6687 to run task
[2024-07-14T15:54:17.402+0000] {standard_task_runner.py:90} INFO - Running: ['***', 'tasks', 'run', 'fetch_spread_values', 'fetch_and_compute_spread_btc_mxn', 'scheduled__2024-07-14T15:35:00+00:00', '--job-id', '2002', '--raw', '--subdir', 'DAGS_FOLDER/***.py', '--cfg-path', '/tmp/tmpskfffw7m']
[2024-07-14T15:54:17.441+0000] {standard_task_runner.py:91} INFO - Job 2002: Subtask fetch_and_compute_spread_btc_mxn
[2024-07-14T15:54:17.681+0000] {task_command.py:426} INFO - Running <TaskInstance: fetch_spread_values.fetch_and_compute_spread_btc_mxn scheduled__2024-07-14T15:35:00+00:00 [running]> on host d537c34a4880
[2024-07-14T15:54:18.007+0000] {taskinstance.py:2648} INFO - Exporting env vars: AIRFLOW_CTX_DAG_OWNER='***' AIRFLOW_CTX_DAG_ID='fetch_spread_values' AIRFLOW_CTX_TASK_ID='fetch_and_compute_spread_btc_mxn' AIRFLOW_CTX_EXECUTION_DATE='2024-07-14T15:35:00+00:00' AIRFLOW_CTX_TRY_NUMBER='1' AIRFLOW_CTX_DAG_RUN_ID='scheduled__2024-07-14T15:35:00+00:00'
[2024-07-14T15:54:18.020+0000] {taskinstance.py:430} INFO - ::endgroup::
[2024-07-14T15:54:18.582+0000] {python.py:237} INFO - Done. Returned value was: None
[2024-07-14T15:54:18.596+0000] {taskinstance.py:441} INFO - ::group::Post task execution logs
[2024-07-14T15:54:18.623+0000] {taskinstance.py:1206} INFO - Marking task as SUCCESS. dag_id=fetch_spread_values, task_id=fetch_and_compute_spread_btc_mxn, run_id=scheduled__2024-07-14T15:35:00+00:00, execution_date=20240714T153500, start_date=20240714T155417, end_date=20240714T155418
[2024-07-14T15:54:18.714+0000] {local_task_job_runner.py:240} INFO - Task exited with return code 0
[2024-07-14T15:54:18.772+0000] {taskinstance.py:3503} INFO - 0 downstream tasks scheduled from follow-on schedule check
[2024-07-14T15:54:18.806+0000] {local_task_job_runner.py:222} INFO - ::endgroup::
[2024-07-14T20:38:43.271+0000] {local_task_job_runner.py:120} INFO - ::group::Pre task execution logs
[2024-07-14T20:38:43.286+0000] {taskinstance.py:2076} INFO - Dependencies all met for dep_context=non-requeueable deps ti=<TaskInstance: fetch_spread_values.fetch_and_compute_spread_btc_mxn scheduled__2024-07-14T15:35:00+00:00 [queued]>
[2024-07-14T20:38:43.290+0000] {taskinstance.py:2076} INFO - Dependencies all met for dep_context=requeueable deps ti=<TaskInstance: fetch_spread_values.fetch_and_compute_spread_btc_mxn scheduled__2024-07-14T15:35:00+00:00 [queued]>
[2024-07-14T20:38:43.291+0000] {taskinstance.py:2306} INFO - Starting attempt 1 of 2
[2024-07-14T20:38:43.296+0000] {taskinstance.py:2330} INFO - Executing <Task(PythonOperator): fetch_and_compute_spread_btc_mxn> on 2024-07-14 15:35:00+00:00
[2024-07-14T20:38:43.300+0000] {logging_mixin.py:188} WARNING - /home/***/.local/lib/python3.12/site-packages/***/task/task_runner/standard_task_runner.py:61 DeprecationWarning: This process (pid=4238) is multi-threaded, use of fork() may lead to deadlocks in the child.
[2024-07-14T20:38:43.301+0000] {standard_task_runner.py:63} INFO - Started process 4244 to run task
[2024-07-14T20:38:43.300+0000] {standard_task_runner.py:90} INFO - Running: ['***', 'tasks', 'run', 'fetch_spread_values', 'fetch_and_compute_spread_btc_mxn', 'scheduled__2024-07-14T15:35:00+00:00', '--job-id', '2000', '--raw', '--subdir', 'DAGS_FOLDER/***.py', '--cfg-path', '/tmp/tmpdi84xi70']
[2024-07-14T20:38:43.302+0000] {standard_task_runner.py:91} INFO - Job 2000: Subtask fetch_and_compute_spread_btc_mxn
[2024-07-14T20:38:43.330+0000] {task_command.py:426} INFO - Running <TaskInstance: fetch_spread_values.fetch_and_compute_spread_btc_mxn scheduled__2024-07-14T15:35:00+00:00 [running]> on host 77caf7e4b282
[2024-07-14T20:38:43.375+0000] {taskinstance.py:2648} INFO - Exporting env vars: AIRFLOW_CTX_DAG_OWNER='***' AIRFLOW_CTX_DAG_ID='fetch_spread_values' AIRFLOW_CTX_TASK_ID='fetch_and_compute_spread_btc_mxn' AIRFLOW_CTX_EXECUTION_DATE='2024-07-14T15:35:00+00:00' AIRFLOW_CTX_TRY_NUMBER='1' AIRFLOW_CTX_DAG_RUN_ID='scheduled__2024-07-14T15:35:00+00:00'
[2024-07-14T20:38:43.376+0000] {taskinstance.py:430} INFO - ::endgroup::
[2024-07-14T20:38:43.579+0000] {python.py:237} INFO - Done. Returned value was: None
[2024-07-14T20:38:43.580+0000] {taskinstance.py:441} INFO - ::group::Post task execution logs
[2024-07-14T20:38:43.585+0000] {taskinstance.py:1206} INFO - Marking task as SUCCESS. dag_id=fetch_spread_values, task_id=fetch_and_compute_spread_btc_mxn, run_id=scheduled__2024-07-14T15:35:00+00:00, execution_date=20240714T153500, start_date=20240714T203843, end_date=20240714T203843
[2024-07-14T20:38:43.607+0000] {local_task_job_runner.py:240} INFO - Task exited with return code 0
[2024-07-14T20:38:43.613+0000] {local_task_job_runner.py:222} INFO - ::endgroup::
