[2024-07-14T08:58:36.338+0000] {local_task_job_runner.py:120} INFO - ::group::Pre task execution logs
[2024-07-14T08:58:36.410+0000] {taskinstance.py:2076} INFO - Dependencies all met for dep_context=non-requeueable deps ti=<TaskInstance: fetch_spread_values.fetch_and_compute_spread_usd_mxn scheduled__2024-07-14T02:00:00+00:00 [queued]>
[2024-07-14T08:58:36.469+0000] {taskinstance.py:2076} INFO - Dependencies all met for dep_context=requeueable deps ti=<TaskInstance: fetch_spread_values.fetch_and_compute_spread_usd_mxn scheduled__2024-07-14T02:00:00+00:00 [queued]>
[2024-07-14T08:58:36.471+0000] {taskinstance.py:2306} INFO - Starting attempt 1 of 2
[2024-07-14T08:58:36.520+0000] {taskinstance.py:2330} INFO - Executing <Task(PythonOperator): fetch_and_compute_spread_usd_mxn> on 2024-07-14 02:00:00+00:00
[2024-07-14T08:58:36.539+0000] {warnings.py:112} WARNING - /home/***/.local/lib/python3.12/site-packages/***/task/task_runner/standard_task_runner.py:61: DeprecationWarning: This process (pid=849) is multi-threaded, use of fork() may lead to deadlocks in the child.
  pid = os.fork()

[2024-07-14T08:58:36.550+0000] {standard_task_runner.py:63} INFO - Started process 876 to run task
[2024-07-14T08:58:36.543+0000] {standard_task_runner.py:90} INFO - Running: ['***', 'tasks', 'run', 'fetch_spread_values', 'fetch_and_compute_spread_usd_mxn', 'scheduled__2024-07-14T02:00:00+00:00', '--job-id', '264', '--raw', '--subdir', 'DAGS_FOLDER/***.py', '--cfg-path', '/tmp/tmpgmjqw0ht']
[2024-07-14T08:58:36.553+0000] {standard_task_runner.py:91} INFO - Job 264: Subtask fetch_and_compute_spread_usd_mxn
[2024-07-14T08:58:37.040+0000] {task_command.py:426} INFO - Running <TaskInstance: fetch_spread_values.fetch_and_compute_spread_usd_mxn scheduled__2024-07-14T02:00:00+00:00 [running]> on host d537c34a4880
[2024-07-14T08:58:37.566+0000] {taskinstance.py:2648} INFO - Exporting env vars: AIRFLOW_CTX_DAG_OWNER='***' AIRFLOW_CTX_DAG_ID='fetch_spread_values' AIRFLOW_CTX_TASK_ID='fetch_and_compute_spread_usd_mxn' AIRFLOW_CTX_EXECUTION_DATE='2024-07-14T02:00:00+00:00' AIRFLOW_CTX_TRY_NUMBER='1' AIRFLOW_CTX_DAG_RUN_ID='scheduled__2024-07-14T02:00:00+00:00'
[2024-07-14T08:58:37.601+0000] {taskinstance.py:430} INFO - ::endgroup::
[2024-07-14T08:58:37.932+0000] {python.py:237} INFO - Done. Returned value was: None
[2024-07-14T08:58:37.946+0000] {taskinstance.py:441} INFO - ::group::Post task execution logs
[2024-07-14T08:58:37.981+0000] {taskinstance.py:1206} INFO - Marking task as SUCCESS. dag_id=fetch_spread_values, task_id=fetch_and_compute_spread_usd_mxn, run_id=scheduled__2024-07-14T02:00:00+00:00, execution_date=20240714T020000, start_date=20240714T085836, end_date=20240714T085837
[2024-07-14T08:58:38.127+0000] {local_task_job_runner.py:240} INFO - Task exited with return code 0
[2024-07-14T08:58:38.157+0000] {local_task_job_runner.py:222} INFO - ::endgroup::
[2024-07-14T20:33:04.570+0000] {local_task_job_runner.py:120} INFO - ::group::Pre task execution logs
[2024-07-14T20:33:04.590+0000] {taskinstance.py:2076} INFO - Dependencies all met for dep_context=non-requeueable deps ti=<TaskInstance: fetch_spread_values.fetch_and_compute_spread_usd_mxn scheduled__2024-07-14T02:00:00+00:00 [queued]>
[2024-07-14T20:33:04.594+0000] {taskinstance.py:2076} INFO - Dependencies all met for dep_context=requeueable deps ti=<TaskInstance: fetch_spread_values.fetch_and_compute_spread_usd_mxn scheduled__2024-07-14T02:00:00+00:00 [queued]>
[2024-07-14T20:33:04.595+0000] {taskinstance.py:2306} INFO - Starting attempt 1 of 2
[2024-07-14T20:33:04.601+0000] {taskinstance.py:2330} INFO - Executing <Task(PythonOperator): fetch_and_compute_spread_usd_mxn> on 2024-07-14 02:00:00+00:00
[2024-07-14T20:33:04.605+0000] {logging_mixin.py:188} WARNING - /home/***/.local/lib/python3.12/site-packages/***/task/task_runner/standard_task_runner.py:61 DeprecationWarning: This process (pid=677) is multi-threaded, use of fork() may lead to deadlocks in the child.
[2024-07-14T20:33:04.606+0000] {standard_task_runner.py:63} INFO - Started process 680 to run task
[2024-07-14T20:33:04.605+0000] {standard_task_runner.py:90} INFO - Running: ['***', 'tasks', 'run', 'fetch_spread_values', 'fetch_and_compute_spread_usd_mxn', 'scheduled__2024-07-14T02:00:00+00:00', '--job-id', '246', '--raw', '--subdir', 'DAGS_FOLDER/***.py', '--cfg-path', '/tmp/tmpiw5gwadb']
[2024-07-14T20:33:04.607+0000] {standard_task_runner.py:91} INFO - Job 246: Subtask fetch_and_compute_spread_usd_mxn
[2024-07-14T20:33:04.633+0000] {task_command.py:426} INFO - Running <TaskInstance: fetch_spread_values.fetch_and_compute_spread_usd_mxn scheduled__2024-07-14T02:00:00+00:00 [running]> on host 77caf7e4b282
[2024-07-14T20:33:04.679+0000] {taskinstance.py:2648} INFO - Exporting env vars: AIRFLOW_CTX_DAG_OWNER='***' AIRFLOW_CTX_DAG_ID='fetch_spread_values' AIRFLOW_CTX_TASK_ID='fetch_and_compute_spread_usd_mxn' AIRFLOW_CTX_EXECUTION_DATE='2024-07-14T02:00:00+00:00' AIRFLOW_CTX_TRY_NUMBER='1' AIRFLOW_CTX_DAG_RUN_ID='scheduled__2024-07-14T02:00:00+00:00'
[2024-07-14T20:33:04.680+0000] {taskinstance.py:430} INFO - ::endgroup::
[2024-07-14T20:33:04.855+0000] {python.py:237} INFO - Done. Returned value was: None
[2024-07-14T20:33:04.856+0000] {taskinstance.py:441} INFO - ::group::Post task execution logs
[2024-07-14T20:33:04.863+0000] {taskinstance.py:1206} INFO - Marking task as SUCCESS. dag_id=fetch_spread_values, task_id=fetch_and_compute_spread_usd_mxn, run_id=scheduled__2024-07-14T02:00:00+00:00, execution_date=20240714T020000, start_date=20240714T203304, end_date=20240714T203304
[2024-07-14T20:33:04.872+0000] {local_task_job_runner.py:240} INFO - Task exited with return code 0
[2024-07-14T20:33:04.883+0000] {taskinstance.py:3503} INFO - 0 downstream tasks scheduled from follow-on schedule check
[2024-07-14T20:33:04.883+0000] {local_task_job_runner.py:222} INFO - ::endgroup::
