[2024-07-14T12:32:02.412+0000] {local_task_job_runner.py:120} INFO - ::group::Pre task execution logs
[2024-07-14T12:32:02.439+0000] {taskinstance.py:2076} INFO - Dependencies all met for dep_context=non-requeueable deps ti=<TaskInstance: fetch_spread_values.fetch_and_compute_spread_btc_mxn scheduled__2024-07-14T12:30:00+00:00 [queued]>
[2024-07-14T12:32:02.445+0000] {taskinstance.py:2076} INFO - Dependencies all met for dep_context=requeueable deps ti=<TaskInstance: fetch_spread_values.fetch_and_compute_spread_btc_mxn scheduled__2024-07-14T12:30:00+00:00 [queued]>
[2024-07-14T12:32:02.447+0000] {taskinstance.py:2306} INFO - Starting attempt 1 of 2
[2024-07-14T12:32:02.470+0000] {taskinstance.py:2330} INFO - Executing <Task(PythonOperator): fetch_and_compute_spread_btc_mxn> on 2024-07-14 12:30:00+00:00
[2024-07-14T12:32:02.480+0000] {warnings.py:112} WARNING - /home/***/.local/lib/python3.12/site-packages/***/task/task_runner/standard_task_runner.py:61: DeprecationWarning: This process (pid=5355) is multi-threaded, use of fork() may lead to deadlocks in the child.
  pid = os.fork()

[2024-07-14T12:32:02.485+0000] {standard_task_runner.py:63} INFO - Started process 5365 to run task
[2024-07-14T12:32:02.485+0000] {standard_task_runner.py:90} INFO - Running: ['***', 'tasks', 'run', 'fetch_spread_values', 'fetch_and_compute_spread_btc_mxn', 'scheduled__2024-07-14T12:30:00+00:00', '--job-id', '1606', '--raw', '--subdir', 'DAGS_FOLDER/***.py', '--cfg-path', '/tmp/tmpa2l40m1q']
[2024-07-14T12:32:02.490+0000] {standard_task_runner.py:91} INFO - Job 1606: Subtask fetch_and_compute_spread_btc_mxn
[2024-07-14T12:32:02.549+0000] {task_command.py:426} INFO - Running <TaskInstance: fetch_spread_values.fetch_and_compute_spread_btc_mxn scheduled__2024-07-14T12:30:00+00:00 [running]> on host d537c34a4880
[2024-07-14T12:32:02.615+0000] {taskinstance.py:2648} INFO - Exporting env vars: AIRFLOW_CTX_DAG_OWNER='***' AIRFLOW_CTX_DAG_ID='fetch_spread_values' AIRFLOW_CTX_TASK_ID='fetch_and_compute_spread_btc_mxn' AIRFLOW_CTX_EXECUTION_DATE='2024-07-14T12:30:00+00:00' AIRFLOW_CTX_TRY_NUMBER='1' AIRFLOW_CTX_DAG_RUN_ID='scheduled__2024-07-14T12:30:00+00:00'
[2024-07-14T12:32:02.618+0000] {taskinstance.py:430} INFO - ::endgroup::
[2024-07-14T12:32:02.779+0000] {python.py:237} INFO - Done. Returned value was: None
[2024-07-14T12:32:02.780+0000] {taskinstance.py:441} INFO - ::group::Post task execution logs
[2024-07-14T12:32:02.786+0000] {taskinstance.py:1206} INFO - Marking task as SUCCESS. dag_id=fetch_spread_values, task_id=fetch_and_compute_spread_btc_mxn, run_id=scheduled__2024-07-14T12:30:00+00:00, execution_date=20240714T123000, start_date=20240714T123202, end_date=20240714T123202
[2024-07-14T12:32:02.804+0000] {local_task_job_runner.py:240} INFO - Task exited with return code 0
[2024-07-14T12:32:02.815+0000] {taskinstance.py:3503} INFO - 0 downstream tasks scheduled from follow-on schedule check
[2024-07-14T12:32:02.816+0000] {local_task_job_runner.py:222} INFO - ::endgroup::
[2024-07-14T20:37:36.768+0000] {local_task_job_runner.py:120} INFO - ::group::Pre task execution logs
[2024-07-14T20:37:36.812+0000] {taskinstance.py:2076} INFO - Dependencies all met for dep_context=non-requeueable deps ti=<TaskInstance: fetch_spread_values.fetch_and_compute_spread_btc_mxn scheduled__2024-07-14T12:30:00+00:00 [queued]>
[2024-07-14T20:37:36.840+0000] {taskinstance.py:2076} INFO - Dependencies all met for dep_context=requeueable deps ti=<TaskInstance: fetch_spread_values.fetch_and_compute_spread_btc_mxn scheduled__2024-07-14T12:30:00+00:00 [queued]>
[2024-07-14T20:37:36.842+0000] {taskinstance.py:2306} INFO - Starting attempt 1 of 2
[2024-07-14T20:37:36.897+0000] {taskinstance.py:2330} INFO - Executing <Task(PythonOperator): fetch_and_compute_spread_btc_mxn> on 2024-07-14 12:30:00+00:00
[2024-07-14T20:37:36.907+0000] {standard_task_runner.py:90} INFO - Running: ['***', 'tasks', 'run', 'fetch_spread_values', 'fetch_and_compute_spread_btc_mxn', 'scheduled__2024-07-14T12:30:00+00:00', '--job-id', '1629', '--raw', '--subdir', 'DAGS_FOLDER/***.py', '--cfg-path', '/tmp/tmpzwv25avq']
[2024-07-14T20:37:36.909+0000] {standard_task_runner.py:91} INFO - Job 1629: Subtask fetch_and_compute_spread_btc_mxn
[2024-07-14T20:37:36.910+0000] {logging_mixin.py:188} WARNING - /home/***/.local/lib/python3.12/site-packages/***/task/task_runner/standard_task_runner.py:61 DeprecationWarning: This process (pid=3484) is multi-threaded, use of fork() may lead to deadlocks in the child.
[2024-07-14T20:37:36.916+0000] {standard_task_runner.py:63} INFO - Started process 3495 to run task
[2024-07-14T20:37:36.984+0000] {task_command.py:426} INFO - Running <TaskInstance: fetch_spread_values.fetch_and_compute_spread_btc_mxn scheduled__2024-07-14T12:30:00+00:00 [running]> on host 77caf7e4b282
[2024-07-14T20:37:37.220+0000] {taskinstance.py:2648} INFO - Exporting env vars: AIRFLOW_CTX_DAG_OWNER='***' AIRFLOW_CTX_DAG_ID='fetch_spread_values' AIRFLOW_CTX_TASK_ID='fetch_and_compute_spread_btc_mxn' AIRFLOW_CTX_EXECUTION_DATE='2024-07-14T12:30:00+00:00' AIRFLOW_CTX_TRY_NUMBER='1' AIRFLOW_CTX_DAG_RUN_ID='scheduled__2024-07-14T12:30:00+00:00'
[2024-07-14T20:37:37.221+0000] {taskinstance.py:430} INFO - ::endgroup::
[2024-07-14T20:37:37.541+0000] {python.py:237} INFO - Done. Returned value was: None
[2024-07-14T20:37:37.542+0000] {taskinstance.py:441} INFO - ::group::Post task execution logs
[2024-07-14T20:37:37.548+0000] {taskinstance.py:1206} INFO - Marking task as SUCCESS. dag_id=fetch_spread_values, task_id=fetch_and_compute_spread_btc_mxn, run_id=scheduled__2024-07-14T12:30:00+00:00, execution_date=20240714T123000, start_date=20240714T203736, end_date=20240714T203737
[2024-07-14T20:37:37.569+0000] {local_task_job_runner.py:240} INFO - Task exited with return code 0
[2024-07-14T20:37:37.576+0000] {local_task_job_runner.py:222} INFO - ::endgroup::
