[2024-07-14T11:51:43.000+0000] {local_task_job_runner.py:120} INFO - ::group::Pre task execution logs
[2024-07-14T11:51:43.042+0000] {taskinstance.py:2076} INFO - Dependencies all met for dep_context=non-requeueable deps ti=<TaskInstance: fetch_spread_values.fetch_and_compute_spread_usd_mxn scheduled__2024-07-14T11:42:00+00:00 [queued]>
[2024-07-14T11:51:43.092+0000] {taskinstance.py:2076} INFO - Dependencies all met for dep_context=requeueable deps ti=<TaskInstance: fetch_spread_values.fetch_and_compute_spread_usd_mxn scheduled__2024-07-14T11:42:00+00:00 [queued]>
[2024-07-14T11:51:43.116+0000] {taskinstance.py:2306} INFO - Starting attempt 1 of 2
[2024-07-14T11:51:43.127+0000] {taskinstance.py:2330} INFO - Executing <Task(PythonOperator): fetch_and_compute_spread_usd_mxn> on 2024-07-14 11:42:00+00:00
[2024-07-14T11:51:43.132+0000] {warnings.py:112} WARNING - /home/***/.local/lib/python3.12/site-packages/***/task/task_runner/standard_task_runner.py:61: DeprecationWarning: This process (pid=5028) is multi-threaded, use of fork() may lead to deadlocks in the child.
  pid = os.fork()

[2024-07-14T11:51:43.134+0000] {standard_task_runner.py:63} INFO - Started process 5047 to run task
[2024-07-14T11:51:43.134+0000] {standard_task_runner.py:90} INFO - Running: ['***', 'tasks', 'run', 'fetch_spread_values', 'fetch_and_compute_spread_usd_mxn', 'scheduled__2024-07-14T11:42:00+00:00', '--job-id', '1505', '--raw', '--subdir', 'DAGS_FOLDER/***.py', '--cfg-path', '/tmp/tmpl7ysi5zd']
[2024-07-14T11:51:43.141+0000] {standard_task_runner.py:91} INFO - Job 1505: Subtask fetch_and_compute_spread_usd_mxn
[2024-07-14T11:51:43.196+0000] {task_command.py:426} INFO - Running <TaskInstance: fetch_spread_values.fetch_and_compute_spread_usd_mxn scheduled__2024-07-14T11:42:00+00:00 [running]> on host d537c34a4880
[2024-07-14T11:51:43.276+0000] {taskinstance.py:2648} INFO - Exporting env vars: AIRFLOW_CTX_DAG_OWNER='***' AIRFLOW_CTX_DAG_ID='fetch_spread_values' AIRFLOW_CTX_TASK_ID='fetch_and_compute_spread_usd_mxn' AIRFLOW_CTX_EXECUTION_DATE='2024-07-14T11:42:00+00:00' AIRFLOW_CTX_TRY_NUMBER='1' AIRFLOW_CTX_DAG_RUN_ID='scheduled__2024-07-14T11:42:00+00:00'
[2024-07-14T11:51:43.279+0000] {taskinstance.py:430} INFO - ::endgroup::
[2024-07-14T11:51:43.442+0000] {python.py:237} INFO - Done. Returned value was: None
[2024-07-14T11:51:43.445+0000] {taskinstance.py:441} INFO - ::group::Post task execution logs
[2024-07-14T11:51:43.450+0000] {taskinstance.py:1206} INFO - Marking task as SUCCESS. dag_id=fetch_spread_values, task_id=fetch_and_compute_spread_usd_mxn, run_id=scheduled__2024-07-14T11:42:00+00:00, execution_date=20240714T114200, start_date=20240714T115143, end_date=20240714T115143
[2024-07-14T11:51:43.480+0000] {local_task_job_runner.py:240} INFO - Task exited with return code 0
[2024-07-14T11:51:43.497+0000] {taskinstance.py:3503} INFO - 0 downstream tasks scheduled from follow-on schedule check
[2024-07-14T11:51:43.498+0000] {local_task_job_runner.py:222} INFO - ::endgroup::
[2024-07-14T20:37:19.108+0000] {local_task_job_runner.py:120} INFO - ::group::Pre task execution logs
[2024-07-14T20:37:19.135+0000] {taskinstance.py:2076} INFO - Dependencies all met for dep_context=non-requeueable deps ti=<TaskInstance: fetch_spread_values.fetch_and_compute_spread_usd_mxn scheduled__2024-07-14T11:42:00+00:00 [queued]>
[2024-07-14T20:37:19.148+0000] {taskinstance.py:2076} INFO - Dependencies all met for dep_context=requeueable deps ti=<TaskInstance: fetch_spread_values.fetch_and_compute_spread_usd_mxn scheduled__2024-07-14T11:42:00+00:00 [queued]>
[2024-07-14T20:37:19.149+0000] {taskinstance.py:2306} INFO - Starting attempt 1 of 2
[2024-07-14T20:37:19.160+0000] {taskinstance.py:2330} INFO - Executing <Task(PythonOperator): fetch_and_compute_spread_usd_mxn> on 2024-07-14 11:42:00+00:00
[2024-07-14T20:37:19.164+0000] {logging_mixin.py:188} WARNING - /home/***/.local/lib/python3.12/site-packages/***/task/task_runner/standard_task_runner.py:61 DeprecationWarning: This process (pid=3293) is multi-threaded, use of fork() may lead to deadlocks in the child.
[2024-07-14T20:37:19.166+0000] {standard_task_runner.py:63} INFO - Started process 3298 to run task
[2024-07-14T20:37:19.166+0000] {standard_task_runner.py:90} INFO - Running: ['***', 'tasks', 'run', 'fetch_spread_values', 'fetch_and_compute_spread_usd_mxn', 'scheduled__2024-07-14T11:42:00+00:00', '--job-id', '1532', '--raw', '--subdir', 'DAGS_FOLDER/***.py', '--cfg-path', '/tmp/tmp3bkr4v3a']
[2024-07-14T20:37:19.169+0000] {standard_task_runner.py:91} INFO - Job 1532: Subtask fetch_and_compute_spread_usd_mxn
[2024-07-14T20:37:19.212+0000] {task_command.py:426} INFO - Running <TaskInstance: fetch_spread_values.fetch_and_compute_spread_usd_mxn scheduled__2024-07-14T11:42:00+00:00 [running]> on host 77caf7e4b282
[2024-07-14T20:37:19.266+0000] {taskinstance.py:2648} INFO - Exporting env vars: AIRFLOW_CTX_DAG_OWNER='***' AIRFLOW_CTX_DAG_ID='fetch_spread_values' AIRFLOW_CTX_TASK_ID='fetch_and_compute_spread_usd_mxn' AIRFLOW_CTX_EXECUTION_DATE='2024-07-14T11:42:00+00:00' AIRFLOW_CTX_TRY_NUMBER='1' AIRFLOW_CTX_DAG_RUN_ID='scheduled__2024-07-14T11:42:00+00:00'
[2024-07-14T20:37:19.267+0000] {taskinstance.py:430} INFO - ::endgroup::
[2024-07-14T20:37:19.424+0000] {python.py:237} INFO - Done. Returned value was: None
[2024-07-14T20:37:19.425+0000] {taskinstance.py:441} INFO - ::group::Post task execution logs
[2024-07-14T20:37:19.431+0000] {taskinstance.py:1206} INFO - Marking task as SUCCESS. dag_id=fetch_spread_values, task_id=fetch_and_compute_spread_usd_mxn, run_id=scheduled__2024-07-14T11:42:00+00:00, execution_date=20240714T114200, start_date=20240714T203719, end_date=20240714T203719
[2024-07-14T20:37:19.471+0000] {local_task_job_runner.py:240} INFO - Task exited with return code 0
[2024-07-14T20:37:19.480+0000] {taskinstance.py:3503} INFO - 0 downstream tasks scheduled from follow-on schedule check
[2024-07-14T20:37:19.481+0000] {local_task_job_runner.py:222} INFO - ::endgroup::
