[2024-07-14T08:57:29.363+0000] {local_task_job_runner.py:120} INFO - ::group::Pre task execution logs
[2024-07-14T08:57:29.738+0000] {taskinstance.py:2076} INFO - Dependencies all met for dep_context=non-requeueable deps ti=<TaskInstance: fetch_spread_values.fetch_and_compute_spread_usd_mxn scheduled__2024-07-14T00:41:00+00:00 [queued]>
[2024-07-14T08:57:29.806+0000] {taskinstance.py:2076} INFO - Dependencies all met for dep_context=requeueable deps ti=<TaskInstance: fetch_spread_values.fetch_and_compute_spread_usd_mxn scheduled__2024-07-14T00:41:00+00:00 [queued]>
[2024-07-14T08:57:29.822+0000] {taskinstance.py:2306} INFO - Starting attempt 1 of 2
[2024-07-14T08:57:29.930+0000] {taskinstance.py:2330} INFO - Executing <Task(PythonOperator): fetch_and_compute_spread_usd_mxn> on 2024-07-14 00:41:00+00:00
[2024-07-14T08:57:29.946+0000] {warnings.py:112} WARNING - /home/***/.local/lib/python3.12/site-packages/***/task/task_runner/standard_task_runner.py:61: DeprecationWarning: This process (pid=380) is multi-threaded, use of fork() may lead to deadlocks in the child.
  pid = os.fork()

[2024-07-14T08:57:29.961+0000] {standard_task_runner.py:63} INFO - Started process 408 to run task
[2024-07-14T08:57:29.953+0000] {standard_task_runner.py:90} INFO - Running: ['***', 'tasks', 'run', 'fetch_spread_values', 'fetch_and_compute_spread_usd_mxn', 'scheduled__2024-07-14T00:41:00+00:00', '--job-id', '114', '--raw', '--subdir', 'DAGS_FOLDER/***.py', '--cfg-path', '/tmp/tmpnbgdkovp']
[2024-07-14T08:57:29.968+0000] {standard_task_runner.py:91} INFO - Job 114: Subtask fetch_and_compute_spread_usd_mxn
[2024-07-14T08:57:30.102+0000] {task_command.py:426} INFO - Running <TaskInstance: fetch_spread_values.fetch_and_compute_spread_usd_mxn scheduled__2024-07-14T00:41:00+00:00 [running]> on host d537c34a4880
[2024-07-14T08:57:30.367+0000] {taskinstance.py:2648} INFO - Exporting env vars: AIRFLOW_CTX_DAG_OWNER='***' AIRFLOW_CTX_DAG_ID='fetch_spread_values' AIRFLOW_CTX_TASK_ID='fetch_and_compute_spread_usd_mxn' AIRFLOW_CTX_EXECUTION_DATE='2024-07-14T00:41:00+00:00' AIRFLOW_CTX_TRY_NUMBER='1' AIRFLOW_CTX_DAG_RUN_ID='scheduled__2024-07-14T00:41:00+00:00'
[2024-07-14T08:57:30.381+0000] {taskinstance.py:430} INFO - ::endgroup::
[2024-07-14T08:57:30.757+0000] {python.py:237} INFO - Done. Returned value was: None
[2024-07-14T08:57:30.770+0000] {taskinstance.py:441} INFO - ::group::Post task execution logs
[2024-07-14T08:57:30.816+0000] {taskinstance.py:1206} INFO - Marking task as SUCCESS. dag_id=fetch_spread_values, task_id=fetch_and_compute_spread_usd_mxn, run_id=scheduled__2024-07-14T00:41:00+00:00, execution_date=20240714T004100, start_date=20240714T085729, end_date=20240714T085730
[2024-07-14T08:57:30.938+0000] {local_task_job_runner.py:240} INFO - Task exited with return code 0
[2024-07-14T08:57:31.157+0000] {taskinstance.py:3503} INFO - 0 downstream tasks scheduled from follow-on schedule check
[2024-07-14T08:57:31.176+0000] {local_task_job_runner.py:222} INFO - ::endgroup::
[2024-07-14T20:32:20.377+0000] {local_task_job_runner.py:120} INFO - ::group::Pre task execution logs
[2024-07-14T20:32:20.406+0000] {taskinstance.py:2076} INFO - Dependencies all met for dep_context=non-requeueable deps ti=<TaskInstance: fetch_spread_values.fetch_and_compute_spread_usd_mxn scheduled__2024-07-14T00:41:00+00:00 [queued]>
[2024-07-14T20:32:20.414+0000] {taskinstance.py:2076} INFO - Dependencies all met for dep_context=requeueable deps ti=<TaskInstance: fetch_spread_values.fetch_and_compute_spread_usd_mxn scheduled__2024-07-14T00:41:00+00:00 [queued]>
[2024-07-14T20:32:20.420+0000] {taskinstance.py:2306} INFO - Starting attempt 1 of 2
[2024-07-14T20:32:20.454+0000] {taskinstance.py:2330} INFO - Executing <Task(PythonOperator): fetch_and_compute_spread_usd_mxn> on 2024-07-14 00:41:00+00:00
[2024-07-14T20:32:20.460+0000] {logging_mixin.py:188} WARNING - /home/***/.local/lib/python3.12/site-packages/***/task/task_runner/standard_task_runner.py:61 DeprecationWarning: This process (pid=349) is multi-threaded, use of fork() may lead to deadlocks in the child.
[2024-07-14T20:32:20.464+0000] {standard_task_runner.py:63} INFO - Started process 361 to run task
[2024-07-14T20:32:20.462+0000] {standard_task_runner.py:90} INFO - Running: ['***', 'tasks', 'run', 'fetch_spread_values', 'fetch_and_compute_spread_usd_mxn', 'scheduled__2024-07-14T00:41:00+00:00', '--job-id', '85', '--raw', '--subdir', 'DAGS_FOLDER/***.py', '--cfg-path', '/tmp/tmp41qaqy88']
[2024-07-14T20:32:20.468+0000] {standard_task_runner.py:91} INFO - Job 85: Subtask fetch_and_compute_spread_usd_mxn
[2024-07-14T20:32:20.523+0000] {task_command.py:426} INFO - Running <TaskInstance: fetch_spread_values.fetch_and_compute_spread_usd_mxn scheduled__2024-07-14T00:41:00+00:00 [running]> on host 77caf7e4b282
[2024-07-14T20:32:20.614+0000] {taskinstance.py:2648} INFO - Exporting env vars: AIRFLOW_CTX_DAG_OWNER='***' AIRFLOW_CTX_DAG_ID='fetch_spread_values' AIRFLOW_CTX_TASK_ID='fetch_and_compute_spread_usd_mxn' AIRFLOW_CTX_EXECUTION_DATE='2024-07-14T00:41:00+00:00' AIRFLOW_CTX_TRY_NUMBER='1' AIRFLOW_CTX_DAG_RUN_ID='scheduled__2024-07-14T00:41:00+00:00'
[2024-07-14T20:32:20.617+0000] {taskinstance.py:430} INFO - ::endgroup::
[2024-07-14T20:32:20.835+0000] {python.py:237} INFO - Done. Returned value was: None
[2024-07-14T20:32:20.840+0000] {taskinstance.py:441} INFO - ::group::Post task execution logs
[2024-07-14T20:32:20.851+0000] {taskinstance.py:1206} INFO - Marking task as SUCCESS. dag_id=fetch_spread_values, task_id=fetch_and_compute_spread_usd_mxn, run_id=scheduled__2024-07-14T00:41:00+00:00, execution_date=20240714T004100, start_date=20240714T203220, end_date=20240714T203220
[2024-07-14T20:32:20.897+0000] {local_task_job_runner.py:240} INFO - Task exited with return code 0
[2024-07-14T20:32:20.913+0000] {local_task_job_runner.py:222} INFO - ::endgroup::
