[2024-07-14T12:50:21.962+0000] {local_task_job_runner.py:120} INFO - ::group::Pre task execution logs
[2024-07-14T12:50:22.091+0000] {taskinstance.py:2076} INFO - Dependencies all met for dep_context=non-requeueable deps ti=<TaskInstance: fetch_spread_values.fetch_and_compute_spread_btc_mxn scheduled__2024-07-14T12:36:00+00:00 [queued]>
[2024-07-14T12:50:22.243+0000] {taskinstance.py:2076} INFO - Dependencies all met for dep_context=requeueable deps ti=<TaskInstance: fetch_spread_values.fetch_and_compute_spread_btc_mxn scheduled__2024-07-14T12:36:00+00:00 [queued]>
[2024-07-14T12:50:22.254+0000] {taskinstance.py:2306} INFO - Starting attempt 1 of 2
[2024-07-14T12:50:22.363+0000] {taskinstance.py:2330} INFO - Executing <Task(PythonOperator): fetch_and_compute_spread_btc_mxn> on 2024-07-14 12:36:00+00:00
[2024-07-14T12:50:22.410+0000] {warnings.py:112} WARNING - /home/***/.local/lib/python3.12/site-packages/***/task/task_runner/standard_task_runner.py:61: DeprecationWarning: This process (pid=5392) is multi-threaded, use of fork() may lead to deadlocks in the child.
  pid = os.fork()

[2024-07-14T12:50:22.431+0000] {standard_task_runner.py:63} INFO - Started process 5418 to run task
[2024-07-14T12:50:22.414+0000] {standard_task_runner.py:90} INFO - Running: ['***', 'tasks', 'run', 'fetch_spread_values', 'fetch_and_compute_spread_btc_mxn', 'scheduled__2024-07-14T12:36:00+00:00', '--job-id', '1620', '--raw', '--subdir', 'DAGS_FOLDER/***.py', '--cfg-path', '/tmp/tmpfgbxn2qv']
[2024-07-14T12:50:22.441+0000] {standard_task_runner.py:91} INFO - Job 1620: Subtask fetch_and_compute_spread_btc_mxn
[2024-07-14T12:50:22.723+0000] {task_command.py:426} INFO - Running <TaskInstance: fetch_spread_values.fetch_and_compute_spread_btc_mxn scheduled__2024-07-14T12:36:00+00:00 [running]> on host d537c34a4880
[2024-07-14T12:50:23.207+0000] {taskinstance.py:2648} INFO - Exporting env vars: AIRFLOW_CTX_DAG_OWNER='***' AIRFLOW_CTX_DAG_ID='fetch_spread_values' AIRFLOW_CTX_TASK_ID='fetch_and_compute_spread_btc_mxn' AIRFLOW_CTX_EXECUTION_DATE='2024-07-14T12:36:00+00:00' AIRFLOW_CTX_TRY_NUMBER='1' AIRFLOW_CTX_DAG_RUN_ID='scheduled__2024-07-14T12:36:00+00:00'
[2024-07-14T12:50:23.313+0000] {taskinstance.py:430} INFO - ::endgroup::
[2024-07-14T12:50:23.785+0000] {python.py:237} INFO - Done. Returned value was: None
[2024-07-14T12:50:23.813+0000] {taskinstance.py:441} INFO - ::group::Post task execution logs
[2024-07-14T12:50:23.870+0000] {taskinstance.py:1206} INFO - Marking task as SUCCESS. dag_id=fetch_spread_values, task_id=fetch_and_compute_spread_btc_mxn, run_id=scheduled__2024-07-14T12:36:00+00:00, execution_date=20240714T123600, start_date=20240714T125022, end_date=20240714T125023
[2024-07-14T12:50:23.977+0000] {local_task_job_runner.py:240} INFO - Task exited with return code 0
[2024-07-14T12:50:24.106+0000] {taskinstance.py:3503} INFO - 0 downstream tasks scheduled from follow-on schedule check
[2024-07-14T12:50:24.119+0000] {local_task_job_runner.py:222} INFO - ::endgroup::
[2024-07-14T20:37:39.771+0000] {local_task_job_runner.py:120} INFO - ::group::Pre task execution logs
[2024-07-14T20:37:39.920+0000] {taskinstance.py:2076} INFO - Dependencies all met for dep_context=non-requeueable deps ti=<TaskInstance: fetch_spread_values.fetch_and_compute_spread_btc_mxn scheduled__2024-07-14T12:36:00+00:00 [queued]>
[2024-07-14T20:37:39.941+0000] {taskinstance.py:2076} INFO - Dependencies all met for dep_context=requeueable deps ti=<TaskInstance: fetch_spread_values.fetch_and_compute_spread_btc_mxn scheduled__2024-07-14T12:36:00+00:00 [queued]>
[2024-07-14T20:37:39.946+0000] {taskinstance.py:2306} INFO - Starting attempt 1 of 2
[2024-07-14T20:37:40.028+0000] {taskinstance.py:2330} INFO - Executing <Task(PythonOperator): fetch_and_compute_spread_btc_mxn> on 2024-07-14 12:36:00+00:00
[2024-07-14T20:37:40.036+0000] {logging_mixin.py:188} WARNING - /home/***/.local/lib/python3.12/site-packages/***/task/task_runner/standard_task_runner.py:61 DeprecationWarning: This process (pid=3506) is multi-threaded, use of fork() may lead to deadlocks in the child.
[2024-07-14T20:37:40.041+0000] {standard_task_runner.py:63} INFO - Started process 3518 to run task
[2024-07-14T20:37:40.038+0000] {standard_task_runner.py:90} INFO - Running: ['***', 'tasks', 'run', 'fetch_spread_values', 'fetch_and_compute_spread_btc_mxn', 'scheduled__2024-07-14T12:36:00+00:00', '--job-id', '1640', '--raw', '--subdir', 'DAGS_FOLDER/***.py', '--cfg-path', '/tmp/tmptsmfr984']
[2024-07-14T20:37:40.051+0000] {standard_task_runner.py:91} INFO - Job 1640: Subtask fetch_and_compute_spread_btc_mxn
[2024-07-14T20:37:40.143+0000] {task_command.py:426} INFO - Running <TaskInstance: fetch_spread_values.fetch_and_compute_spread_btc_mxn scheduled__2024-07-14T12:36:00+00:00 [running]> on host 77caf7e4b282
[2024-07-14T20:37:40.299+0000] {taskinstance.py:2648} INFO - Exporting env vars: AIRFLOW_CTX_DAG_OWNER='***' AIRFLOW_CTX_DAG_ID='fetch_spread_values' AIRFLOW_CTX_TASK_ID='fetch_and_compute_spread_btc_mxn' AIRFLOW_CTX_EXECUTION_DATE='2024-07-14T12:36:00+00:00' AIRFLOW_CTX_TRY_NUMBER='1' AIRFLOW_CTX_DAG_RUN_ID='scheduled__2024-07-14T12:36:00+00:00'
[2024-07-14T20:37:40.305+0000] {taskinstance.py:430} INFO - ::endgroup::
[2024-07-14T20:37:40.576+0000] {python.py:237} INFO - Done. Returned value was: None
[2024-07-14T20:37:40.581+0000] {taskinstance.py:441} INFO - ::group::Post task execution logs
[2024-07-14T20:37:40.597+0000] {taskinstance.py:1206} INFO - Marking task as SUCCESS. dag_id=fetch_spread_values, task_id=fetch_and_compute_spread_btc_mxn, run_id=scheduled__2024-07-14T12:36:00+00:00, execution_date=20240714T123600, start_date=20240714T203739, end_date=20240714T203740
[2024-07-14T20:37:40.658+0000] {local_task_job_runner.py:240} INFO - Task exited with return code 0
[2024-07-14T20:37:40.688+0000] {taskinstance.py:3503} INFO - 0 downstream tasks scheduled from follow-on schedule check
[2024-07-14T20:37:40.692+0000] {local_task_job_runner.py:222} INFO - ::endgroup::
