[2024-07-14T12:52:27.830+0000] {local_task_job_runner.py:120} INFO - ::group::Pre task execution logs
[2024-07-14T12:52:27.844+0000] {taskinstance.py:2076} INFO - Dependencies all met for dep_context=non-requeueable deps ti=<TaskInstance: fetch_spread_values.fetch_and_compute_spread_usd_mxn scheduled__2024-07-14T12:51:00+00:00 [queued]>
[2024-07-14T12:52:27.861+0000] {taskinstance.py:2076} INFO - Dependencies all met for dep_context=requeueable deps ti=<TaskInstance: fetch_spread_values.fetch_and_compute_spread_usd_mxn scheduled__2024-07-14T12:51:00+00:00 [queued]>
[2024-07-14T12:52:27.861+0000] {taskinstance.py:2306} INFO - Starting attempt 1 of 2
[2024-07-14T12:52:27.872+0000] {taskinstance.py:2330} INFO - Executing <Task(PythonOperator): fetch_and_compute_spread_usd_mxn> on 2024-07-14 12:51:00+00:00
[2024-07-14T12:52:27.877+0000] {warnings.py:112} WARNING - /home/***/.local/lib/python3.12/site-packages/***/task/task_runner/standard_task_runner.py:61: DeprecationWarning: This process (pid=5502) is multi-threaded, use of fork() may lead to deadlocks in the child.
  pid = os.fork()

[2024-07-14T12:52:27.881+0000] {standard_task_runner.py:63} INFO - Started process 5511 to run task
[2024-07-14T12:52:27.879+0000] {standard_task_runner.py:90} INFO - Running: ['***', 'tasks', 'run', 'fetch_spread_values', 'fetch_and_compute_spread_usd_mxn', 'scheduled__2024-07-14T12:51:00+00:00', '--job-id', '1652', '--raw', '--subdir', 'DAGS_FOLDER/***.py', '--cfg-path', '/tmp/tmpfg_xk2vg']
[2024-07-14T12:52:27.883+0000] {standard_task_runner.py:91} INFO - Job 1652: Subtask fetch_and_compute_spread_usd_mxn
[2024-07-14T12:52:27.936+0000] {task_command.py:426} INFO - Running <TaskInstance: fetch_spread_values.fetch_and_compute_spread_usd_mxn scheduled__2024-07-14T12:51:00+00:00 [running]> on host d537c34a4880
[2024-07-14T12:52:28.013+0000] {taskinstance.py:2648} INFO - Exporting env vars: AIRFLOW_CTX_DAG_OWNER='***' AIRFLOW_CTX_DAG_ID='fetch_spread_values' AIRFLOW_CTX_TASK_ID='fetch_and_compute_spread_usd_mxn' AIRFLOW_CTX_EXECUTION_DATE='2024-07-14T12:51:00+00:00' AIRFLOW_CTX_TRY_NUMBER='1' AIRFLOW_CTX_DAG_RUN_ID='scheduled__2024-07-14T12:51:00+00:00'
[2024-07-14T12:52:28.014+0000] {taskinstance.py:430} INFO - ::endgroup::
[2024-07-14T12:52:28.326+0000] {python.py:237} INFO - Done. Returned value was: None
[2024-07-14T12:52:28.327+0000] {taskinstance.py:441} INFO - ::group::Post task execution logs
[2024-07-14T12:52:28.332+0000] {taskinstance.py:1206} INFO - Marking task as SUCCESS. dag_id=fetch_spread_values, task_id=fetch_and_compute_spread_usd_mxn, run_id=scheduled__2024-07-14T12:51:00+00:00, execution_date=20240714T125100, start_date=20240714T125227, end_date=20240714T125228
[2024-07-14T12:52:28.352+0000] {local_task_job_runner.py:240} INFO - Task exited with return code 0
[2024-07-14T12:52:28.361+0000] {taskinstance.py:3503} INFO - 0 downstream tasks scheduled from follow-on schedule check
[2024-07-14T12:52:28.361+0000] {local_task_job_runner.py:222} INFO - ::endgroup::
[2024-07-14T20:37:43.959+0000] {local_task_job_runner.py:120} INFO - ::group::Pre task execution logs
[2024-07-14T20:37:44.002+0000] {taskinstance.py:2076} INFO - Dependencies all met for dep_context=non-requeueable deps ti=<TaskInstance: fetch_spread_values.fetch_and_compute_spread_usd_mxn scheduled__2024-07-14T12:51:00+00:00 [queued]>
[2024-07-14T20:37:44.027+0000] {taskinstance.py:2076} INFO - Dependencies all met for dep_context=requeueable deps ti=<TaskInstance: fetch_spread_values.fetch_and_compute_spread_usd_mxn scheduled__2024-07-14T12:51:00+00:00 [queued]>
[2024-07-14T20:37:44.030+0000] {taskinstance.py:2306} INFO - Starting attempt 1 of 2
[2024-07-14T20:37:44.061+0000] {taskinstance.py:2330} INFO - Executing <Task(PythonOperator): fetch_and_compute_spread_usd_mxn> on 2024-07-14 12:51:00+00:00
[2024-07-14T20:37:44.067+0000] {logging_mixin.py:188} WARNING - /home/***/.local/lib/python3.12/site-packages/***/task/task_runner/standard_task_runner.py:61 DeprecationWarning: This process (pid=3572) is multi-threaded, use of fork() may lead to deadlocks in the child.
[2024-07-14T20:37:44.071+0000] {standard_task_runner.py:63} INFO - Started process 3577 to run task
[2024-07-14T20:37:44.073+0000] {standard_task_runner.py:90} INFO - Running: ['***', 'tasks', 'run', 'fetch_spread_values', 'fetch_and_compute_spread_usd_mxn', 'scheduled__2024-07-14T12:51:00+00:00', '--job-id', '1671', '--raw', '--subdir', 'DAGS_FOLDER/***.py', '--cfg-path', '/tmp/tmpk5q_rsji']
[2024-07-14T20:37:44.077+0000] {standard_task_runner.py:91} INFO - Job 1671: Subtask fetch_and_compute_spread_usd_mxn
[2024-07-14T20:37:44.154+0000] {task_command.py:426} INFO - Running <TaskInstance: fetch_spread_values.fetch_and_compute_spread_usd_mxn scheduled__2024-07-14T12:51:00+00:00 [running]> on host 77caf7e4b282
[2024-07-14T20:37:44.303+0000] {taskinstance.py:2648} INFO - Exporting env vars: AIRFLOW_CTX_DAG_OWNER='***' AIRFLOW_CTX_DAG_ID='fetch_spread_values' AIRFLOW_CTX_TASK_ID='fetch_and_compute_spread_usd_mxn' AIRFLOW_CTX_EXECUTION_DATE='2024-07-14T12:51:00+00:00' AIRFLOW_CTX_TRY_NUMBER='1' AIRFLOW_CTX_DAG_RUN_ID='scheduled__2024-07-14T12:51:00+00:00'
[2024-07-14T20:37:44.305+0000] {taskinstance.py:430} INFO - ::endgroup::
[2024-07-14T20:37:44.496+0000] {python.py:237} INFO - Done. Returned value was: None
[2024-07-14T20:37:44.498+0000] {taskinstance.py:441} INFO - ::group::Post task execution logs
[2024-07-14T20:37:44.505+0000] {taskinstance.py:1206} INFO - Marking task as SUCCESS. dag_id=fetch_spread_values, task_id=fetch_and_compute_spread_usd_mxn, run_id=scheduled__2024-07-14T12:51:00+00:00, execution_date=20240714T125100, start_date=20240714T203744, end_date=20240714T203744
[2024-07-14T20:37:44.541+0000] {local_task_job_runner.py:240} INFO - Task exited with return code 0
[2024-07-14T20:37:44.552+0000] {taskinstance.py:3503} INFO - 0 downstream tasks scheduled from follow-on schedule check
[2024-07-14T20:37:44.553+0000] {local_task_job_runner.py:222} INFO - ::endgroup::
