[2024-07-17T00:43:31.263+0000] {local_task_job_runner.py:120} INFO - ::group::Pre task execution logs
[2024-07-17T00:43:31.296+0000] {taskinstance.py:2076} INFO - Dependencies all met for dep_context=non-requeueable deps ti=<TaskInstance: etl_ticker.etl_btc_mxn scheduled__2024-07-14T15:00:00+00:00 [queued]>
[2024-07-17T00:43:31.306+0000] {taskinstance.py:2076} INFO - Dependencies all met for dep_context=requeueable deps ti=<TaskInstance: etl_ticker.etl_btc_mxn scheduled__2024-07-14T15:00:00+00:00 [queued]>
[2024-07-17T00:43:31.308+0000] {taskinstance.py:2306} INFO - Starting attempt 1 of 2
[2024-07-17T00:43:31.318+0000] {taskinstance.py:2330} INFO - Executing <Task(PythonOperator): etl_btc_mxn> on 2024-07-14 15:00:00+00:00
[2024-07-17T00:43:31.323+0000] {logging_mixin.py:188} WARNING - /home/***/.local/lib/python3.12/site-packages/***/task/task_runner/standard_task_runner.py:61 DeprecationWarning: This process (pid=27745) is multi-threaded, use of fork() may lead to deadlocks in the child.
[2024-07-17T00:43:31.325+0000] {standard_task_runner.py:90} INFO - Running: ['***', 'tasks', 'run', 'etl_ticker', 'etl_btc_mxn', 'scheduled__2024-07-14T15:00:00+00:00', '--job-id', '283', '--raw', '--subdir', 'DAGS_FOLDER/bid_ask_dag.py', '--cfg-path', '/tmp/tmpos6aeg2u']
[2024-07-17T00:43:31.326+0000] {standard_task_runner.py:63} INFO - Started process 27748 to run task
[2024-07-17T00:43:31.329+0000] {standard_task_runner.py:91} INFO - Job 283: Subtask etl_btc_mxn
[2024-07-17T00:43:31.376+0000] {task_command.py:426} INFO - Running <TaskInstance: etl_ticker.etl_btc_mxn scheduled__2024-07-14T15:00:00+00:00 [running]> on host 6f712de23803
[2024-07-17T00:43:31.457+0000] {taskinstance.py:2648} INFO - Exporting env vars: AIRFLOW_CTX_DAG_OWNER='***' AIRFLOW_CTX_DAG_ID='etl_ticker' AIRFLOW_CTX_TASK_ID='etl_btc_mxn' AIRFLOW_CTX_EXECUTION_DATE='2024-07-14T15:00:00+00:00' AIRFLOW_CTX_TRY_NUMBER='1' AIRFLOW_CTX_DAG_RUN_ID='scheduled__2024-07-14T15:00:00+00:00'
[2024-07-17T00:43:31.458+0000] {taskinstance.py:430} INFO - ::endgroup::
[2024-07-17T00:43:31.470+0000] {logging_mixin.py:188} WARNING -   0%|          | 0/600 [00:00<?, ?it/s]
[2024-07-17T00:43:32.618+0000] {logging_mixin.py:188} WARNING -   0%|          | 0/600 [00:01<?, ?it/s]
[2024-07-17T00:43:32.621+0000] {taskinstance.py:441} INFO - ::group::Post task execution logs
[2024-07-17T00:43:32.622+0000] {taskinstance.py:2905} ERROR - Task failed with exception
Traceback (most recent call last):
  File "/home/airflow/.local/lib/python3.12/site-packages/airflow/models/taskinstance.py", line 465, in _execute_task
    result = _execute_callable(context=context, **execute_callable_kwargs)
             ^^^^^^^^^^^^^^^^^^^^^^^^^^^^^^^^^^^^^^^^^^^^^^^^^^^^^^^^^^^^^
  File "/home/airflow/.local/lib/python3.12/site-packages/airflow/models/taskinstance.py", line 432, in _execute_callable
    return execute_callable(context=context, **execute_callable_kwargs)
           ^^^^^^^^^^^^^^^^^^^^^^^^^^^^^^^^^^^^^^^^^^^^^^^^^^^^^^^^^^^^
  File "/home/airflow/.local/lib/python3.12/site-packages/airflow/models/baseoperator.py", line 401, in wrapper
    return func(self, *args, **kwargs)
           ^^^^^^^^^^^^^^^^^^^^^^^^^^^
  File "/home/airflow/.local/lib/python3.12/site-packages/airflow/operators/python.py", line 235, in execute
    return_value = self.execute_callable()
                   ^^^^^^^^^^^^^^^^^^^^^^^
  File "/home/airflow/.local/lib/python3.12/site-packages/airflow/operators/python.py", line 252, in execute_callable
    return self.python_callable(*self.op_args, **self.op_kwargs)
           ^^^^^^^^^^^^^^^^^^^^^^^^^^^^^^^^^^^^^^^^^^^^^^^^^^^^^
  File "/opt/airflow/dags/bid_ask_dag.py", line 70, in etl_spread
    SlackWebhookHook(
    ^^^^^^^^^^^^^^^^
NameError: name 'SlackWebhookHook' is not defined
[2024-07-17T00:43:32.644+0000] {taskinstance.py:1206} INFO - Marking task as UP_FOR_RETRY. dag_id=etl_ticker, task_id=etl_btc_mxn, run_id=scheduled__2024-07-14T15:00:00+00:00, execution_date=20240714T150000, start_date=20240717T004331, end_date=20240717T004332
[2024-07-17T00:43:32.674+0000] {standard_task_runner.py:110} ERROR - Failed to execute job 283 for task etl_btc_mxn (name 'SlackWebhookHook' is not defined; 27748)
[2024-07-17T00:43:32.723+0000] {local_task_job_runner.py:240} INFO - Task exited with return code 1
[2024-07-17T00:43:32.742+0000] {taskinstance.py:3503} INFO - 0 downstream tasks scheduled from follow-on schedule check
[2024-07-17T00:43:32.745+0000] {local_task_job_runner.py:222} INFO - ::endgroup::
