[2024-07-14T09:17:01.586+0000] {local_task_job_runner.py:120} INFO - ::group::Pre task execution logs
[2024-07-14T09:17:01.598+0000] {taskinstance.py:2076} INFO - Dependencies all met for dep_context=non-requeueable deps ti=<TaskInstance: fetch_spread_values.fetch_and_compute_spread_usd_mxn scheduled__2024-07-14T09:16:00+00:00 [queued]>
[2024-07-14T09:17:01.602+0000] {taskinstance.py:2076} INFO - Dependencies all met for dep_context=requeueable deps ti=<TaskInstance: fetch_spread_values.fetch_and_compute_spread_usd_mxn scheduled__2024-07-14T09:16:00+00:00 [queued]>
[2024-07-14T09:17:01.603+0000] {taskinstance.py:2306} INFO - Starting attempt 1 of 2
[2024-07-14T09:17:01.612+0000] {taskinstance.py:2330} INFO - Executing <Task(PythonOperator): fetch_and_compute_spread_usd_mxn> on 2024-07-14 09:16:00+00:00
[2024-07-14T09:17:01.616+0000] {warnings.py:112} WARNING - /home/***/.local/lib/python3.12/site-packages/***/task/task_runner/standard_task_runner.py:61: DeprecationWarning: This process (pid=3887) is multi-threaded, use of fork() may lead to deadlocks in the child.
  pid = os.fork()

[2024-07-14T09:17:01.617+0000] {standard_task_runner.py:63} INFO - Started process 3891 to run task
[2024-07-14T09:17:01.617+0000] {standard_task_runner.py:90} INFO - Running: ['***', 'tasks', 'run', 'fetch_spread_values', 'fetch_and_compute_spread_usd_mxn', 'scheduled__2024-07-14T09:16:00+00:00', '--job-id', '1197', '--raw', '--subdir', 'DAGS_FOLDER/***.py', '--cfg-path', '/tmp/tmp2e1y7cp1']
[2024-07-14T09:17:01.619+0000] {standard_task_runner.py:91} INFO - Job 1197: Subtask fetch_and_compute_spread_usd_mxn
[2024-07-14T09:17:01.648+0000] {task_command.py:426} INFO - Running <TaskInstance: fetch_spread_values.fetch_and_compute_spread_usd_mxn scheduled__2024-07-14T09:16:00+00:00 [running]> on host d537c34a4880
[2024-07-14T09:17:01.691+0000] {taskinstance.py:2648} INFO - Exporting env vars: AIRFLOW_CTX_DAG_OWNER='***' AIRFLOW_CTX_DAG_ID='fetch_spread_values' AIRFLOW_CTX_TASK_ID='fetch_and_compute_spread_usd_mxn' AIRFLOW_CTX_EXECUTION_DATE='2024-07-14T09:16:00+00:00' AIRFLOW_CTX_TRY_NUMBER='1' AIRFLOW_CTX_DAG_RUN_ID='scheduled__2024-07-14T09:16:00+00:00'
[2024-07-14T09:17:01.692+0000] {taskinstance.py:430} INFO - ::endgroup::
[2024-07-14T09:17:02.092+0000] {python.py:237} INFO - Done. Returned value was: None
[2024-07-14T09:17:02.093+0000] {taskinstance.py:441} INFO - ::group::Post task execution logs
[2024-07-14T09:17:02.099+0000] {taskinstance.py:1206} INFO - Marking task as SUCCESS. dag_id=fetch_spread_values, task_id=fetch_and_compute_spread_usd_mxn, run_id=scheduled__2024-07-14T09:16:00+00:00, execution_date=20240714T091600, start_date=20240714T091701, end_date=20240714T091702
[2024-07-14T09:17:02.137+0000] {local_task_job_runner.py:240} INFO - Task exited with return code 0
[2024-07-14T09:17:02.146+0000] {taskinstance.py:3503} INFO - 0 downstream tasks scheduled from follow-on schedule check
[2024-07-14T09:17:02.147+0000] {local_task_job_runner.py:222} INFO - ::endgroup::
[2024-07-14T20:36:24.663+0000] {local_task_job_runner.py:120} INFO - ::group::Pre task execution logs
[2024-07-14T20:36:24.704+0000] {taskinstance.py:2076} INFO - Dependencies all met for dep_context=non-requeueable deps ti=<TaskInstance: fetch_spread_values.fetch_and_compute_spread_usd_mxn scheduled__2024-07-14T09:16:00+00:00 [queued]>
[2024-07-14T20:36:24.711+0000] {taskinstance.py:2076} INFO - Dependencies all met for dep_context=requeueable deps ti=<TaskInstance: fetch_spread_values.fetch_and_compute_spread_usd_mxn scheduled__2024-07-14T09:16:00+00:00 [queued]>
[2024-07-14T20:36:24.712+0000] {taskinstance.py:2306} INFO - Starting attempt 1 of 2
[2024-07-14T20:36:24.724+0000] {taskinstance.py:2330} INFO - Executing <Task(PythonOperator): fetch_and_compute_spread_usd_mxn> on 2024-07-14 09:16:00+00:00
[2024-07-14T20:36:24.733+0000] {logging_mixin.py:188} WARNING - /home/***/.local/lib/python3.12/site-packages/***/task/task_runner/standard_task_runner.py:61 DeprecationWarning: This process (pid=2698) is multi-threaded, use of fork() may lead to deadlocks in the child.
[2024-07-14T20:36:24.738+0000] {standard_task_runner.py:63} INFO - Started process 2709 to run task
[2024-07-14T20:36:24.734+0000] {standard_task_runner.py:90} INFO - Running: ['***', 'tasks', 'run', 'fetch_spread_values', 'fetch_and_compute_spread_usd_mxn', 'scheduled__2024-07-14T09:16:00+00:00', '--job-id', '1241', '--raw', '--subdir', 'DAGS_FOLDER/***.py', '--cfg-path', '/tmp/tmppy15vyx6']
[2024-07-14T20:36:24.744+0000] {standard_task_runner.py:91} INFO - Job 1241: Subtask fetch_and_compute_spread_usd_mxn
[2024-07-14T20:36:24.808+0000] {task_command.py:426} INFO - Running <TaskInstance: fetch_spread_values.fetch_and_compute_spread_usd_mxn scheduled__2024-07-14T09:16:00+00:00 [running]> on host 77caf7e4b282
[2024-07-14T20:36:24.877+0000] {taskinstance.py:2648} INFO - Exporting env vars: AIRFLOW_CTX_DAG_OWNER='***' AIRFLOW_CTX_DAG_ID='fetch_spread_values' AIRFLOW_CTX_TASK_ID='fetch_and_compute_spread_usd_mxn' AIRFLOW_CTX_EXECUTION_DATE='2024-07-14T09:16:00+00:00' AIRFLOW_CTX_TRY_NUMBER='1' AIRFLOW_CTX_DAG_RUN_ID='scheduled__2024-07-14T09:16:00+00:00'
[2024-07-14T20:36:24.879+0000] {taskinstance.py:430} INFO - ::endgroup::
[2024-07-14T20:36:25.057+0000] {python.py:237} INFO - Done. Returned value was: None
[2024-07-14T20:36:25.058+0000] {taskinstance.py:441} INFO - ::group::Post task execution logs
[2024-07-14T20:36:25.063+0000] {taskinstance.py:1206} INFO - Marking task as SUCCESS. dag_id=fetch_spread_values, task_id=fetch_and_compute_spread_usd_mxn, run_id=scheduled__2024-07-14T09:16:00+00:00, execution_date=20240714T091600, start_date=20240714T203624, end_date=20240714T203625
[2024-07-14T20:36:25.090+0000] {local_task_job_runner.py:240} INFO - Task exited with return code 0
[2024-07-14T20:36:25.098+0000] {taskinstance.py:3503} INFO - 0 downstream tasks scheduled from follow-on schedule check
[2024-07-14T20:36:25.099+0000] {local_task_job_runner.py:222} INFO - ::endgroup::
