[2024-07-15T08:34:31.864+0000] {local_task_job_runner.py:120} INFO - ::group::Pre task execution logs
[2024-07-15T08:34:31.911+0000] {taskinstance.py:2076} INFO - Dependencies all met for dep_context=non-requeueable deps ti=<TaskInstance: etl_ticker.etl_usd_mxn manual__2024-07-15T08:27:13.267813+00:00 [queued]>
[2024-07-15T08:34:31.918+0000] {taskinstance.py:2076} INFO - Dependencies all met for dep_context=requeueable deps ti=<TaskInstance: etl_ticker.etl_usd_mxn manual__2024-07-15T08:27:13.267813+00:00 [queued]>
[2024-07-15T08:34:31.919+0000] {taskinstance.py:2306} INFO - Starting attempt 1 of 2
[2024-07-15T08:34:31.928+0000] {taskinstance.py:2330} INFO - Executing <Task(PythonOperator): etl_usd_mxn> on 2024-07-15 08:27:13.267813+00:00
[2024-07-15T08:34:31.932+0000] {logging_mixin.py:188} WARNING - /home/***/.local/lib/python3.12/site-packages/***/task/task_runner/standard_task_runner.py:61 DeprecationWarning: This process (pid=2914) is multi-threaded, use of fork() may lead to deadlocks in the child.
[2024-07-15T08:34:31.933+0000] {standard_task_runner.py:63} INFO - Started process 2915 to run task
[2024-07-15T08:34:31.932+0000] {standard_task_runner.py:90} INFO - Running: ['***', 'tasks', 'run', 'etl_ticker', 'etl_usd_mxn', 'manual__2024-07-15T08:27:13.267813+00:00', '--job-id', '234', '--raw', '--subdir', 'DAGS_FOLDER/et_dag.py', '--cfg-path', '/tmp/tmpgjfqs9ga']
[2024-07-15T08:34:31.934+0000] {standard_task_runner.py:91} INFO - Job 234: Subtask etl_usd_mxn
[2024-07-15T08:34:31.965+0000] {task_command.py:426} INFO - Running <TaskInstance: etl_ticker.etl_usd_mxn manual__2024-07-15T08:27:13.267813+00:00 [running]> on host 07ee111a4cec
[2024-07-15T08:34:32.019+0000] {taskinstance.py:2648} INFO - Exporting env vars: AIRFLOW_CTX_DAG_OWNER='***' AIRFLOW_CTX_DAG_ID='etl_ticker' AIRFLOW_CTX_TASK_ID='etl_usd_mxn' AIRFLOW_CTX_EXECUTION_DATE='2024-07-15T08:27:13.267813+00:00' AIRFLOW_CTX_TRY_NUMBER='1' AIRFLOW_CTX_DAG_RUN_ID='manual__2024-07-15T08:27:13.267813+00:00'
[2024-07-15T08:34:32.020+0000] {taskinstance.py:430} INFO - ::endgroup::
[2024-07-15T08:34:32.178+0000] {et_dag.py:26} INFO - Data fetched for book usd_mxn
[2024-07-15T08:34:32.178+0000] {et_dag.py:27} INFO - {'success': True, 'payload': {'high': '18.34', 'last': '18.34', 'created_at': '2024-07-15T08:34:31+00:00', 'book': 'usd_mxn', 'volume': '0', 'vwap': '0', 'low': '18.34', 'ask': '17.61', 'bid': '17.60', 'change_24': '0.00', 'rolling_average_change': {}}}
[2024-07-15T08:34:32.179+0000] {et_dag.py:30} INFO - Spread computed
[2024-07-15T08:34:32.179+0000] {et_dag.py:31} INFO - {'orderbook_timestamp': '2024-07-15T08:34:31+00:00', 'book': 'usd_mxn', 'bid': 17.6, 'ask': 17.61, 'spread': 0.05678591709254975}
[2024-07-15T08:34:33.310+0000] {et_dag.py:26} INFO - Data fetched for book usd_mxn
[2024-07-15T08:34:33.311+0000] {et_dag.py:27} INFO - {'success': True, 'payload': {'high': '18.34', 'last': '18.34', 'created_at': '2024-07-15T08:34:32+00:00', 'book': 'usd_mxn', 'volume': '0', 'vwap': '0', 'low': '18.34', 'ask': '17.61', 'bid': '17.60', 'change_24': '0.00', 'rolling_average_change': {}}}
[2024-07-15T08:34:33.312+0000] {et_dag.py:30} INFO - Spread computed
[2024-07-15T08:34:33.312+0000] {et_dag.py:31} INFO - {'orderbook_timestamp': '2024-07-15T08:34:32+00:00', 'book': 'usd_mxn', 'bid': 17.6, 'ask': 17.61, 'spread': 0.05678591709254975}
[2024-07-15T08:34:34.441+0000] {et_dag.py:26} INFO - Data fetched for book usd_mxn
[2024-07-15T08:34:34.442+0000] {et_dag.py:27} INFO - {'success': True, 'payload': {'high': '18.34', 'last': '18.34', 'created_at': '2024-07-15T08:34:34+00:00', 'book': 'usd_mxn', 'volume': '0', 'vwap': '0', 'low': '18.34', 'ask': '17.61', 'bid': '17.60', 'change_24': '0.00', 'rolling_average_change': {}}}
[2024-07-15T08:34:34.442+0000] {et_dag.py:30} INFO - Spread computed
[2024-07-15T08:34:34.443+0000] {et_dag.py:31} INFO - {'orderbook_timestamp': '2024-07-15T08:34:34+00:00', 'book': 'usd_mxn', 'bid': 17.6, 'ask': 17.61, 'spread': 0.05678591709254975}
[2024-07-15T08:34:35.582+0000] {et_dag.py:26} INFO - Data fetched for book usd_mxn
[2024-07-15T08:34:35.583+0000] {et_dag.py:27} INFO - {'success': True, 'payload': {'high': '18.34', 'last': '18.34', 'created_at': '2024-07-15T08:34:35+00:00', 'book': 'usd_mxn', 'volume': '0', 'vwap': '0', 'low': '18.34', 'ask': '17.61', 'bid': '17.60', 'change_24': '0.00', 'rolling_average_change': {}}}
[2024-07-15T08:34:35.583+0000] {et_dag.py:30} INFO - Spread computed
[2024-07-15T08:34:35.583+0000] {et_dag.py:31} INFO - {'orderbook_timestamp': '2024-07-15T08:34:35+00:00', 'book': 'usd_mxn', 'bid': 17.6, 'ask': 17.61, 'spread': 0.05678591709254975}
[2024-07-15T08:34:36.721+0000] {et_dag.py:26} INFO - Data fetched for book usd_mxn
[2024-07-15T08:34:36.722+0000] {et_dag.py:27} INFO - {'success': True, 'payload': {'high': '18.34', 'last': '18.34', 'created_at': '2024-07-15T08:34:36+00:00', 'book': 'usd_mxn', 'volume': '0', 'vwap': '0', 'low': '18.34', 'ask': '17.61', 'bid': '17.60', 'change_24': '0.00', 'rolling_average_change': {}}}
[2024-07-15T08:34:36.722+0000] {et_dag.py:30} INFO - Spread computed
[2024-07-15T08:34:36.723+0000] {et_dag.py:31} INFO - {'orderbook_timestamp': '2024-07-15T08:34:36+00:00', 'book': 'usd_mxn', 'bid': 17.6, 'ask': 17.61, 'spread': 0.05678591709254975}
[2024-07-15T08:34:37.854+0000] {et_dag.py:26} INFO - Data fetched for book usd_mxn
[2024-07-15T08:34:37.855+0000] {et_dag.py:27} INFO - {'success': True, 'payload': {'high': '18.34', 'last': '18.34', 'created_at': '2024-07-15T08:34:37+00:00', 'book': 'usd_mxn', 'volume': '0', 'vwap': '0', 'low': '18.34', 'ask': '17.61', 'bid': '17.60', 'change_24': '0.00', 'rolling_average_change': {}}}
[2024-07-15T08:34:37.856+0000] {et_dag.py:30} INFO - Spread computed
[2024-07-15T08:34:37.856+0000] {et_dag.py:31} INFO - {'orderbook_timestamp': '2024-07-15T08:34:37+00:00', 'book': 'usd_mxn', 'bid': 17.6, 'ask': 17.61, 'spread': 0.05678591709254975}
[2024-07-15T08:34:39.011+0000] {et_dag.py:26} INFO - Data fetched for book usd_mxn
[2024-07-15T08:34:39.012+0000] {et_dag.py:27} INFO - {'success': True, 'payload': {'high': '18.34', 'last': '18.34', 'created_at': '2024-07-15T08:34:38+00:00', 'book': 'usd_mxn', 'volume': '0', 'vwap': '0', 'low': '18.34', 'ask': '17.61', 'bid': '17.60', 'change_24': '0.00', 'rolling_average_change': {}}}
[2024-07-15T08:34:39.012+0000] {et_dag.py:30} INFO - Spread computed
[2024-07-15T08:34:39.012+0000] {et_dag.py:31} INFO - {'orderbook_timestamp': '2024-07-15T08:34:38+00:00', 'book': 'usd_mxn', 'bid': 17.6, 'ask': 17.61, 'spread': 0.05678591709254975}
[2024-07-15T08:34:40.155+0000] {et_dag.py:26} INFO - Data fetched for book usd_mxn
[2024-07-15T08:34:40.156+0000] {et_dag.py:27} INFO - {'success': True, 'payload': {'high': '18.34', 'last': '18.34', 'created_at': '2024-07-15T08:34:39+00:00', 'book': 'usd_mxn', 'volume': '0', 'vwap': '0', 'low': '18.34', 'ask': '17.61', 'bid': '17.60', 'change_24': '0.00', 'rolling_average_change': {}}}
[2024-07-15T08:34:40.157+0000] {et_dag.py:30} INFO - Spread computed
[2024-07-15T08:34:40.157+0000] {et_dag.py:31} INFO - {'orderbook_timestamp': '2024-07-15T08:34:39+00:00', 'book': 'usd_mxn', 'bid': 17.6, 'ask': 17.61, 'spread': 0.05678591709254975}
[2024-07-15T08:34:41.286+0000] {et_dag.py:26} INFO - Data fetched for book usd_mxn
[2024-07-15T08:34:41.287+0000] {et_dag.py:27} INFO - {'success': True, 'payload': {'high': '18.34', 'last': '18.34', 'created_at': '2024-07-15T08:34:40+00:00', 'book': 'usd_mxn', 'volume': '0', 'vwap': '0', 'low': '18.34', 'ask': '17.61', 'bid': '17.60', 'change_24': '0.00', 'rolling_average_change': {}}}
[2024-07-15T08:34:41.287+0000] {et_dag.py:30} INFO - Spread computed
[2024-07-15T08:34:41.288+0000] {et_dag.py:31} INFO - {'orderbook_timestamp': '2024-07-15T08:34:40+00:00', 'book': 'usd_mxn', 'bid': 17.6, 'ask': 17.61, 'spread': 0.05678591709254975}
[2024-07-15T08:34:42.425+0000] {et_dag.py:26} INFO - Data fetched for book usd_mxn
[2024-07-15T08:34:42.426+0000] {et_dag.py:27} INFO - {'success': True, 'payload': {'high': '18.34', 'last': '18.34', 'created_at': '2024-07-15T08:34:42+00:00', 'book': 'usd_mxn', 'volume': '0', 'vwap': '0', 'low': '18.34', 'ask': '17.61', 'bid': '17.60', 'change_24': '0.00', 'rolling_average_change': {}}}
[2024-07-15T08:34:42.426+0000] {et_dag.py:30} INFO - Spread computed
[2024-07-15T08:34:42.427+0000] {et_dag.py:31} INFO - {'orderbook_timestamp': '2024-07-15T08:34:42+00:00', 'book': 'usd_mxn', 'bid': 17.6, 'ask': 17.61, 'spread': 0.05678591709254975}
[2024-07-15T08:34:43.593+0000] {et_dag.py:26} INFO - Data fetched for book usd_mxn
[2024-07-15T08:34:43.595+0000] {et_dag.py:27} INFO - {'success': True, 'payload': {'high': '18.34', 'last': '18.34', 'created_at': '2024-07-15T08:34:43+00:00', 'book': 'usd_mxn', 'volume': '0', 'vwap': '0', 'low': '18.34', 'ask': '17.61', 'bid': '17.60', 'change_24': '0.00', 'rolling_average_change': {}}}
[2024-07-15T08:34:43.596+0000] {et_dag.py:30} INFO - Spread computed
[2024-07-15T08:34:43.596+0000] {et_dag.py:31} INFO - {'orderbook_timestamp': '2024-07-15T08:34:43+00:00', 'book': 'usd_mxn', 'bid': 17.6, 'ask': 17.61, 'spread': 0.05678591709254975}
[2024-07-15T08:34:44.758+0000] {et_dag.py:26} INFO - Data fetched for book usd_mxn
[2024-07-15T08:34:44.759+0000] {et_dag.py:27} INFO - {'success': True, 'payload': {'high': '18.34', 'last': '18.34', 'created_at': '2024-07-15T08:34:44+00:00', 'book': 'usd_mxn', 'volume': '0', 'vwap': '0', 'low': '18.34', 'ask': '17.61', 'bid': '17.60', 'change_24': '0.00', 'rolling_average_change': {}}}
[2024-07-15T08:34:44.759+0000] {et_dag.py:30} INFO - Spread computed
[2024-07-15T08:34:44.759+0000] {et_dag.py:31} INFO - {'orderbook_timestamp': '2024-07-15T08:34:44+00:00', 'book': 'usd_mxn', 'bid': 17.6, 'ask': 17.61, 'spread': 0.05678591709254975}
[2024-07-15T08:34:45.914+0000] {et_dag.py:26} INFO - Data fetched for book usd_mxn
[2024-07-15T08:34:45.916+0000] {et_dag.py:27} INFO - {'success': True, 'payload': {'high': '18.34', 'last': '18.34', 'created_at': '2024-07-15T08:34:45+00:00', 'book': 'usd_mxn', 'volume': '0', 'vwap': '0', 'low': '18.34', 'ask': '17.61', 'bid': '17.60', 'change_24': '0.00', 'rolling_average_change': {}}}
[2024-07-15T08:34:45.916+0000] {et_dag.py:30} INFO - Spread computed
[2024-07-15T08:34:45.917+0000] {et_dag.py:31} INFO - {'orderbook_timestamp': '2024-07-15T08:34:45+00:00', 'book': 'usd_mxn', 'bid': 17.6, 'ask': 17.61, 'spread': 0.05678591709254975}
[2024-07-15T08:34:47.060+0000] {et_dag.py:26} INFO - Data fetched for book usd_mxn
[2024-07-15T08:34:47.060+0000] {et_dag.py:27} INFO - {'success': True, 'payload': {'high': '18.34', 'last': '18.34', 'created_at': '2024-07-15T08:34:46+00:00', 'book': 'usd_mxn', 'volume': '0', 'vwap': '0', 'low': '18.34', 'ask': '17.61', 'bid': '17.60', 'change_24': '0.00', 'rolling_average_change': {}}}
[2024-07-15T08:34:47.061+0000] {et_dag.py:30} INFO - Spread computed
[2024-07-15T08:34:47.061+0000] {et_dag.py:31} INFO - {'orderbook_timestamp': '2024-07-15T08:34:46+00:00', 'book': 'usd_mxn', 'bid': 17.6, 'ask': 17.61, 'spread': 0.05678591709254975}
[2024-07-15T08:34:48.211+0000] {et_dag.py:26} INFO - Data fetched for book usd_mxn
[2024-07-15T08:34:48.212+0000] {et_dag.py:27} INFO - {'success': True, 'payload': {'high': '18.34', 'last': '18.34', 'created_at': '2024-07-15T08:34:47+00:00', 'book': 'usd_mxn', 'volume': '0', 'vwap': '0', 'low': '18.34', 'ask': '17.61', 'bid': '17.60', 'change_24': '0.00', 'rolling_average_change': {}}}
[2024-07-15T08:34:48.213+0000] {et_dag.py:30} INFO - Spread computed
[2024-07-15T08:34:48.213+0000] {et_dag.py:31} INFO - {'orderbook_timestamp': '2024-07-15T08:34:47+00:00', 'book': 'usd_mxn', 'bid': 17.6, 'ask': 17.61, 'spread': 0.05678591709254975}
[2024-07-15T08:34:49.370+0000] {et_dag.py:26} INFO - Data fetched for book usd_mxn
[2024-07-15T08:34:49.371+0000] {et_dag.py:27} INFO - {'success': True, 'payload': {'high': '18.34', 'last': '18.34', 'created_at': '2024-07-15T08:34:48+00:00', 'book': 'usd_mxn', 'volume': '0', 'vwap': '0', 'low': '18.34', 'ask': '17.61', 'bid': '17.60', 'change_24': '0.00', 'rolling_average_change': {}}}
[2024-07-15T08:34:49.372+0000] {et_dag.py:30} INFO - Spread computed
[2024-07-15T08:34:49.373+0000] {et_dag.py:31} INFO - {'orderbook_timestamp': '2024-07-15T08:34:48+00:00', 'book': 'usd_mxn', 'bid': 17.6, 'ask': 17.61, 'spread': 0.05678591709254975}
[2024-07-15T08:34:50.555+0000] {et_dag.py:26} INFO - Data fetched for book usd_mxn
[2024-07-15T08:34:50.557+0000] {et_dag.py:27} INFO - {'success': True, 'payload': {'high': '18.34', 'last': '18.34', 'created_at': '2024-07-15T08:34:50+00:00', 'book': 'usd_mxn', 'volume': '0', 'vwap': '0', 'low': '18.34', 'ask': '17.61', 'bid': '17.60', 'change_24': '0.00', 'rolling_average_change': {}}}
[2024-07-15T08:34:50.557+0000] {et_dag.py:30} INFO - Spread computed
[2024-07-15T08:34:50.558+0000] {et_dag.py:31} INFO - {'orderbook_timestamp': '2024-07-15T08:34:50+00:00', 'book': 'usd_mxn', 'bid': 17.6, 'ask': 17.61, 'spread': 0.05678591709254975}
[2024-07-15T08:34:51.701+0000] {et_dag.py:26} INFO - Data fetched for book usd_mxn
[2024-07-15T08:34:51.702+0000] {et_dag.py:27} INFO - {'success': True, 'payload': {'high': '18.34', 'last': '18.34', 'created_at': '2024-07-15T08:34:51+00:00', 'book': 'usd_mxn', 'volume': '0', 'vwap': '0', 'low': '18.34', 'ask': '17.61', 'bid': '17.60', 'change_24': '0.00', 'rolling_average_change': {}}}
[2024-07-15T08:34:51.702+0000] {et_dag.py:30} INFO - Spread computed
[2024-07-15T08:34:51.702+0000] {et_dag.py:31} INFO - {'orderbook_timestamp': '2024-07-15T08:34:51+00:00', 'book': 'usd_mxn', 'bid': 17.6, 'ask': 17.61, 'spread': 0.05678591709254975}
[2024-07-15T08:34:52.862+0000] {et_dag.py:26} INFO - Data fetched for book usd_mxn
[2024-07-15T08:34:52.864+0000] {et_dag.py:27} INFO - {'success': True, 'payload': {'high': '18.34', 'last': '18.34', 'created_at': '2024-07-15T08:34:52+00:00', 'book': 'usd_mxn', 'volume': '0', 'vwap': '0', 'low': '18.34', 'ask': '17.61', 'bid': '17.60', 'change_24': '0.00', 'rolling_average_change': {}}}
[2024-07-15T08:34:52.865+0000] {et_dag.py:30} INFO - Spread computed
[2024-07-15T08:34:52.866+0000] {et_dag.py:31} INFO - {'orderbook_timestamp': '2024-07-15T08:34:52+00:00', 'book': 'usd_mxn', 'bid': 17.6, 'ask': 17.61, 'spread': 0.05678591709254975}
[2024-07-15T08:34:54.023+0000] {et_dag.py:26} INFO - Data fetched for book usd_mxn
[2024-07-15T08:34:54.024+0000] {et_dag.py:27} INFO - {'success': True, 'payload': {'high': '18.34', 'last': '18.34', 'created_at': '2024-07-15T08:34:53+00:00', 'book': 'usd_mxn', 'volume': '0', 'vwap': '0', 'low': '18.34', 'ask': '17.61', 'bid': '17.60', 'change_24': '0.00', 'rolling_average_change': {}}}
[2024-07-15T08:34:54.024+0000] {et_dag.py:30} INFO - Spread computed
[2024-07-15T08:34:54.024+0000] {et_dag.py:31} INFO - {'orderbook_timestamp': '2024-07-15T08:34:53+00:00', 'book': 'usd_mxn', 'bid': 17.6, 'ask': 17.61, 'spread': 0.05678591709254975}
[2024-07-15T08:34:55.178+0000] {et_dag.py:26} INFO - Data fetched for book usd_mxn
[2024-07-15T08:34:55.179+0000] {et_dag.py:27} INFO - {'success': True, 'payload': {'high': '18.34', 'last': '18.34', 'created_at': '2024-07-15T08:34:54+00:00', 'book': 'usd_mxn', 'volume': '0', 'vwap': '0', 'low': '18.34', 'ask': '17.61', 'bid': '17.60', 'change_24': '0.00', 'rolling_average_change': {}}}
[2024-07-15T08:34:55.180+0000] {et_dag.py:30} INFO - Spread computed
[2024-07-15T08:34:55.180+0000] {et_dag.py:31} INFO - {'orderbook_timestamp': '2024-07-15T08:34:54+00:00', 'book': 'usd_mxn', 'bid': 17.6, 'ask': 17.61, 'spread': 0.05678591709254975}
[2024-07-15T08:34:56.339+0000] {et_dag.py:26} INFO - Data fetched for book usd_mxn
[2024-07-15T08:34:56.339+0000] {et_dag.py:27} INFO - {'success': True, 'payload': {'high': '18.34', 'last': '18.34', 'created_at': '2024-07-15T08:34:55+00:00', 'book': 'usd_mxn', 'volume': '0', 'vwap': '0', 'low': '18.34', 'ask': '17.61', 'bid': '17.60', 'change_24': '0.00', 'rolling_average_change': {}}}
[2024-07-15T08:34:56.340+0000] {et_dag.py:30} INFO - Spread computed
[2024-07-15T08:34:56.340+0000] {et_dag.py:31} INFO - {'orderbook_timestamp': '2024-07-15T08:34:55+00:00', 'book': 'usd_mxn', 'bid': 17.6, 'ask': 17.61, 'spread': 0.05678591709254975}
[2024-07-15T08:34:57.486+0000] {et_dag.py:26} INFO - Data fetched for book usd_mxn
[2024-07-15T08:34:57.488+0000] {et_dag.py:27} INFO - {'success': True, 'payload': {'high': '18.34', 'last': '18.34', 'created_at': '2024-07-15T08:34:57+00:00', 'book': 'usd_mxn', 'volume': '0', 'vwap': '0', 'low': '18.34', 'ask': '17.61', 'bid': '17.60', 'change_24': '0.00', 'rolling_average_change': {}}}
[2024-07-15T08:34:57.488+0000] {et_dag.py:30} INFO - Spread computed
[2024-07-15T08:34:57.488+0000] {et_dag.py:31} INFO - {'orderbook_timestamp': '2024-07-15T08:34:57+00:00', 'book': 'usd_mxn', 'bid': 17.6, 'ask': 17.61, 'spread': 0.05678591709254975}
[2024-07-15T08:34:58.633+0000] {et_dag.py:26} INFO - Data fetched for book usd_mxn
[2024-07-15T08:34:58.634+0000] {et_dag.py:27} INFO - {'success': True, 'payload': {'high': '18.34', 'last': '18.34', 'created_at': '2024-07-15T08:34:58+00:00', 'book': 'usd_mxn', 'volume': '0', 'vwap': '0', 'low': '18.34', 'ask': '17.61', 'bid': '17.60', 'change_24': '0.00', 'rolling_average_change': {}}}
[2024-07-15T08:34:58.634+0000] {et_dag.py:30} INFO - Spread computed
[2024-07-15T08:34:58.635+0000] {et_dag.py:31} INFO - {'orderbook_timestamp': '2024-07-15T08:34:58+00:00', 'book': 'usd_mxn', 'bid': 17.6, 'ask': 17.61, 'spread': 0.05678591709254975}
[2024-07-15T08:34:59.779+0000] {et_dag.py:26} INFO - Data fetched for book usd_mxn
[2024-07-15T08:34:59.781+0000] {et_dag.py:27} INFO - {'success': True, 'payload': {'high': '18.34', 'last': '18.34', 'created_at': '2024-07-15T08:34:59+00:00', 'book': 'usd_mxn', 'volume': '0', 'vwap': '0', 'low': '18.34', 'ask': '17.61', 'bid': '17.60', 'change_24': '0.00', 'rolling_average_change': {}}}
[2024-07-15T08:34:59.781+0000] {et_dag.py:30} INFO - Spread computed
[2024-07-15T08:34:59.782+0000] {et_dag.py:31} INFO - {'orderbook_timestamp': '2024-07-15T08:34:59+00:00', 'book': 'usd_mxn', 'bid': 17.6, 'ask': 17.61, 'spread': 0.05678591709254975}
[2024-07-15T08:35:00.954+0000] {et_dag.py:26} INFO - Data fetched for book usd_mxn
[2024-07-15T08:35:00.955+0000] {et_dag.py:27} INFO - {'success': True, 'payload': {'high': '18.34', 'last': '18.34', 'created_at': '2024-07-15T08:35:00+00:00', 'book': 'usd_mxn', 'volume': '0', 'vwap': '0', 'low': '18.34', 'ask': '17.61', 'bid': '17.60', 'change_24': '0.00', 'rolling_average_change': {}}}
[2024-07-15T08:35:00.955+0000] {et_dag.py:30} INFO - Spread computed
[2024-07-15T08:35:00.956+0000] {et_dag.py:31} INFO - {'orderbook_timestamp': '2024-07-15T08:35:00+00:00', 'book': 'usd_mxn', 'bid': 17.6, 'ask': 17.61, 'spread': 0.05678591709254975}
[2024-07-15T08:35:02.117+0000] {et_dag.py:26} INFO - Data fetched for book usd_mxn
[2024-07-15T08:35:02.118+0000] {et_dag.py:27} INFO - {'success': True, 'payload': {'high': '18.34', 'last': '18.34', 'created_at': '2024-07-15T08:35:01+00:00', 'book': 'usd_mxn', 'volume': '0', 'vwap': '0', 'low': '18.34', 'ask': '17.61', 'bid': '17.60', 'change_24': '0.00', 'rolling_average_change': {}}}
[2024-07-15T08:35:02.118+0000] {et_dag.py:30} INFO - Spread computed
[2024-07-15T08:35:02.118+0000] {et_dag.py:31} INFO - {'orderbook_timestamp': '2024-07-15T08:35:01+00:00', 'book': 'usd_mxn', 'bid': 17.6, 'ask': 17.61, 'spread': 0.05678591709254975}
[2024-07-15T08:35:03.269+0000] {et_dag.py:26} INFO - Data fetched for book usd_mxn
[2024-07-15T08:35:03.270+0000] {et_dag.py:27} INFO - {'success': True, 'payload': {'high': '18.34', 'last': '18.34', 'created_at': '2024-07-15T08:35:02+00:00', 'book': 'usd_mxn', 'volume': '0', 'vwap': '0', 'low': '18.34', 'ask': '17.61', 'bid': '17.60', 'change_24': '0.00', 'rolling_average_change': {}}}
[2024-07-15T08:35:03.270+0000] {et_dag.py:30} INFO - Spread computed
[2024-07-15T08:35:03.271+0000] {et_dag.py:31} INFO - {'orderbook_timestamp': '2024-07-15T08:35:02+00:00', 'book': 'usd_mxn', 'bid': 17.6, 'ask': 17.61, 'spread': 0.05678591709254975}
[2024-07-15T08:35:04.414+0000] {et_dag.py:26} INFO - Data fetched for book usd_mxn
[2024-07-15T08:35:04.415+0000] {et_dag.py:27} INFO - {'success': True, 'payload': {'high': '18.34', 'last': '18.34', 'created_at': '2024-07-15T08:35:04+00:00', 'book': 'usd_mxn', 'volume': '0', 'vwap': '0', 'low': '18.34', 'ask': '17.61', 'bid': '17.60', 'change_24': '0.00', 'rolling_average_change': {}}}
[2024-07-15T08:35:04.416+0000] {et_dag.py:30} INFO - Spread computed
[2024-07-15T08:35:04.416+0000] {et_dag.py:31} INFO - {'orderbook_timestamp': '2024-07-15T08:35:04+00:00', 'book': 'usd_mxn', 'bid': 17.6, 'ask': 17.61, 'spread': 0.05678591709254975}
[2024-07-15T08:35:05.590+0000] {et_dag.py:26} INFO - Data fetched for book usd_mxn
[2024-07-15T08:35:05.592+0000] {et_dag.py:27} INFO - {'success': True, 'payload': {'high': '18.34', 'last': '18.34', 'created_at': '2024-07-15T08:35:05+00:00', 'book': 'usd_mxn', 'volume': '0', 'vwap': '0', 'low': '18.34', 'ask': '17.61', 'bid': '17.60', 'change_24': '0.00', 'rolling_average_change': {}}}
[2024-07-15T08:35:05.593+0000] {et_dag.py:30} INFO - Spread computed
[2024-07-15T08:35:05.593+0000] {et_dag.py:31} INFO - {'orderbook_timestamp': '2024-07-15T08:35:05+00:00', 'book': 'usd_mxn', 'bid': 17.6, 'ask': 17.61, 'spread': 0.05678591709254975}
[2024-07-15T08:35:06.744+0000] {et_dag.py:26} INFO - Data fetched for book usd_mxn
[2024-07-15T08:35:06.745+0000] {et_dag.py:27} INFO - {'success': True, 'payload': {'high': '18.34', 'last': '18.34', 'created_at': '2024-07-15T08:35:06+00:00', 'book': 'usd_mxn', 'volume': '0', 'vwap': '0', 'low': '18.34', 'ask': '17.61', 'bid': '17.60', 'change_24': '0.00', 'rolling_average_change': {}}}
[2024-07-15T08:35:06.745+0000] {et_dag.py:30} INFO - Spread computed
[2024-07-15T08:35:06.746+0000] {et_dag.py:31} INFO - {'orderbook_timestamp': '2024-07-15T08:35:06+00:00', 'book': 'usd_mxn', 'bid': 17.6, 'ask': 17.61, 'spread': 0.05678591709254975}
[2024-07-15T08:35:07.905+0000] {et_dag.py:26} INFO - Data fetched for book usd_mxn
[2024-07-15T08:35:07.906+0000] {et_dag.py:27} INFO - {'success': True, 'payload': {'high': '18.34', 'last': '18.34', 'created_at': '2024-07-15T08:35:07+00:00', 'book': 'usd_mxn', 'volume': '0', 'vwap': '0', 'low': '18.34', 'ask': '17.61', 'bid': '17.60', 'change_24': '0.00', 'rolling_average_change': {}}}
[2024-07-15T08:35:07.906+0000] {et_dag.py:30} INFO - Spread computed
[2024-07-15T08:35:07.907+0000] {et_dag.py:31} INFO - {'orderbook_timestamp': '2024-07-15T08:35:07+00:00', 'book': 'usd_mxn', 'bid': 17.6, 'ask': 17.61, 'spread': 0.05678591709254975}
[2024-07-15T08:35:09.079+0000] {et_dag.py:26} INFO - Data fetched for book usd_mxn
[2024-07-15T08:35:09.080+0000] {et_dag.py:27} INFO - {'success': True, 'payload': {'high': '18.34', 'last': '18.34', 'created_at': '2024-07-15T08:35:08+00:00', 'book': 'usd_mxn', 'volume': '0', 'vwap': '0', 'low': '18.34', 'ask': '17.61', 'bid': '17.60', 'change_24': '0.00', 'rolling_average_change': {}}}
[2024-07-15T08:35:09.081+0000] {et_dag.py:30} INFO - Spread computed
[2024-07-15T08:35:09.081+0000] {et_dag.py:31} INFO - {'orderbook_timestamp': '2024-07-15T08:35:08+00:00', 'book': 'usd_mxn', 'bid': 17.6, 'ask': 17.61, 'spread': 0.05678591709254975}
[2024-07-15T08:35:10.239+0000] {et_dag.py:26} INFO - Data fetched for book usd_mxn
[2024-07-15T08:35:10.240+0000] {et_dag.py:27} INFO - {'success': True, 'payload': {'high': '18.34', 'last': '18.34', 'created_at': '2024-07-15T08:35:09+00:00', 'book': 'usd_mxn', 'volume': '0', 'vwap': '0', 'low': '18.34', 'ask': '17.61', 'bid': '17.60', 'change_24': '0.00', 'rolling_average_change': {}}}
[2024-07-15T08:35:10.241+0000] {et_dag.py:30} INFO - Spread computed
[2024-07-15T08:35:10.241+0000] {et_dag.py:31} INFO - {'orderbook_timestamp': '2024-07-15T08:35:09+00:00', 'book': 'usd_mxn', 'bid': 17.6, 'ask': 17.61, 'spread': 0.05678591709254975}
[2024-07-15T08:35:11.394+0000] {et_dag.py:26} INFO - Data fetched for book usd_mxn
[2024-07-15T08:35:11.395+0000] {et_dag.py:27} INFO - {'success': True, 'payload': {'high': '18.34', 'last': '18.34', 'created_at': '2024-07-15T08:35:11+00:00', 'book': 'usd_mxn', 'volume': '0', 'vwap': '0', 'low': '18.34', 'ask': '17.61', 'bid': '17.60', 'change_24': '0.00', 'rolling_average_change': {}}}
[2024-07-15T08:35:11.396+0000] {et_dag.py:30} INFO - Spread computed
[2024-07-15T08:35:11.396+0000] {et_dag.py:31} INFO - {'orderbook_timestamp': '2024-07-15T08:35:11+00:00', 'book': 'usd_mxn', 'bid': 17.6, 'ask': 17.61, 'spread': 0.05678591709254975}
[2024-07-15T08:35:12.574+0000] {et_dag.py:26} INFO - Data fetched for book usd_mxn
[2024-07-15T08:35:12.574+0000] {et_dag.py:27} INFO - {'success': True, 'payload': {'high': '18.34', 'last': '18.34', 'created_at': '2024-07-15T08:35:12+00:00', 'book': 'usd_mxn', 'volume': '0', 'vwap': '0', 'low': '18.34', 'ask': '17.61', 'bid': '17.60', 'change_24': '0.00', 'rolling_average_change': {}}}
[2024-07-15T08:35:12.575+0000] {et_dag.py:30} INFO - Spread computed
[2024-07-15T08:35:12.575+0000] {et_dag.py:31} INFO - {'orderbook_timestamp': '2024-07-15T08:35:12+00:00', 'book': 'usd_mxn', 'bid': 17.6, 'ask': 17.61, 'spread': 0.05678591709254975}
[2024-07-15T08:35:13.731+0000] {et_dag.py:26} INFO - Data fetched for book usd_mxn
[2024-07-15T08:35:13.733+0000] {et_dag.py:27} INFO - {'success': True, 'payload': {'high': '18.34', 'last': '18.34', 'created_at': '2024-07-15T08:35:13+00:00', 'book': 'usd_mxn', 'volume': '0', 'vwap': '0', 'low': '18.34', 'ask': '17.61', 'bid': '17.60', 'change_24': '0.00', 'rolling_average_change': {}}}
[2024-07-15T08:35:13.733+0000] {et_dag.py:30} INFO - Spread computed
[2024-07-15T08:35:13.733+0000] {et_dag.py:31} INFO - {'orderbook_timestamp': '2024-07-15T08:35:13+00:00', 'book': 'usd_mxn', 'bid': 17.6, 'ask': 17.61, 'spread': 0.05678591709254975}
[2024-07-15T08:35:14.881+0000] {et_dag.py:26} INFO - Data fetched for book usd_mxn
[2024-07-15T08:35:14.882+0000] {et_dag.py:27} INFO - {'success': True, 'payload': {'high': '18.34', 'last': '18.34', 'created_at': '2024-07-15T08:35:14+00:00', 'book': 'usd_mxn', 'volume': '0', 'vwap': '0', 'low': '18.34', 'ask': '17.61', 'bid': '17.60', 'change_24': '0.00', 'rolling_average_change': {}}}
[2024-07-15T08:35:14.883+0000] {et_dag.py:30} INFO - Spread computed
[2024-07-15T08:35:14.883+0000] {et_dag.py:31} INFO - {'orderbook_timestamp': '2024-07-15T08:35:14+00:00', 'book': 'usd_mxn', 'bid': 17.6, 'ask': 17.61, 'spread': 0.05678591709254975}
[2024-07-15T08:35:16.045+0000] {et_dag.py:26} INFO - Data fetched for book usd_mxn
[2024-07-15T08:35:16.046+0000] {et_dag.py:27} INFO - {'success': True, 'payload': {'high': '18.34', 'last': '18.34', 'created_at': '2024-07-15T08:35:15+00:00', 'book': 'usd_mxn', 'volume': '0', 'vwap': '0', 'low': '18.34', 'ask': '17.61', 'bid': '17.60', 'change_24': '0.00', 'rolling_average_change': {}}}
[2024-07-15T08:35:16.046+0000] {et_dag.py:30} INFO - Spread computed
[2024-07-15T08:35:16.046+0000] {et_dag.py:31} INFO - {'orderbook_timestamp': '2024-07-15T08:35:15+00:00', 'book': 'usd_mxn', 'bid': 17.6, 'ask': 17.61, 'spread': 0.05678591709254975}
[2024-07-15T08:35:17.201+0000] {et_dag.py:26} INFO - Data fetched for book usd_mxn
[2024-07-15T08:35:17.201+0000] {et_dag.py:27} INFO - {'success': True, 'payload': {'high': '18.34', 'last': '18.34', 'created_at': '2024-07-15T08:35:16+00:00', 'book': 'usd_mxn', 'volume': '0', 'vwap': '0', 'low': '18.34', 'ask': '17.61', 'bid': '17.60', 'change_24': '0.00', 'rolling_average_change': {}}}
[2024-07-15T08:35:17.202+0000] {et_dag.py:30} INFO - Spread computed
[2024-07-15T08:35:17.202+0000] {et_dag.py:31} INFO - {'orderbook_timestamp': '2024-07-15T08:35:16+00:00', 'book': 'usd_mxn', 'bid': 17.6, 'ask': 17.61, 'spread': 0.05678591709254975}
[2024-07-15T08:35:18.383+0000] {et_dag.py:26} INFO - Data fetched for book usd_mxn
[2024-07-15T08:35:18.383+0000] {et_dag.py:27} INFO - {'success': True, 'payload': {'high': '18.34', 'last': '18.34', 'created_at': '2024-07-15T08:35:17+00:00', 'book': 'usd_mxn', 'volume': '0', 'vwap': '0', 'low': '18.34', 'ask': '17.61', 'bid': '17.60', 'change_24': '0.00', 'rolling_average_change': {}}}
[2024-07-15T08:35:18.384+0000] {et_dag.py:30} INFO - Spread computed
[2024-07-15T08:35:18.384+0000] {et_dag.py:31} INFO - {'orderbook_timestamp': '2024-07-15T08:35:17+00:00', 'book': 'usd_mxn', 'bid': 17.6, 'ask': 17.61, 'spread': 0.05678591709254975}
[2024-07-15T08:35:19.552+0000] {et_dag.py:26} INFO - Data fetched for book usd_mxn
[2024-07-15T08:35:19.552+0000] {et_dag.py:27} INFO - {'success': True, 'payload': {'high': '18.34', 'last': '18.34', 'created_at': '2024-07-15T08:35:19+00:00', 'book': 'usd_mxn', 'volume': '0', 'vwap': '0', 'low': '18.34', 'ask': '17.61', 'bid': '17.60', 'change_24': '0.00', 'rolling_average_change': {}}}
[2024-07-15T08:35:19.553+0000] {et_dag.py:30} INFO - Spread computed
[2024-07-15T08:35:19.553+0000] {et_dag.py:31} INFO - {'orderbook_timestamp': '2024-07-15T08:35:19+00:00', 'book': 'usd_mxn', 'bid': 17.6, 'ask': 17.61, 'spread': 0.05678591709254975}
[2024-07-15T08:35:20.709+0000] {et_dag.py:26} INFO - Data fetched for book usd_mxn
[2024-07-15T08:35:20.710+0000] {et_dag.py:27} INFO - {'success': True, 'payload': {'high': '18.34', 'last': '18.34', 'created_at': '2024-07-15T08:35:20+00:00', 'book': 'usd_mxn', 'volume': '0', 'vwap': '0', 'low': '18.34', 'ask': '17.61', 'bid': '17.60', 'change_24': '0.00', 'rolling_average_change': {}}}
[2024-07-15T08:35:20.710+0000] {et_dag.py:30} INFO - Spread computed
[2024-07-15T08:35:20.710+0000] {et_dag.py:31} INFO - {'orderbook_timestamp': '2024-07-15T08:35:20+00:00', 'book': 'usd_mxn', 'bid': 17.6, 'ask': 17.61, 'spread': 0.05678591709254975}
[2024-07-15T08:35:21.872+0000] {et_dag.py:26} INFO - Data fetched for book usd_mxn
[2024-07-15T08:35:21.873+0000] {et_dag.py:27} INFO - {'success': True, 'payload': {'high': '18.34', 'last': '18.34', 'created_at': '2024-07-15T08:35:21+00:00', 'book': 'usd_mxn', 'volume': '0', 'vwap': '0', 'low': '18.34', 'ask': '17.61', 'bid': '17.60', 'change_24': '0.00', 'rolling_average_change': {}}}
[2024-07-15T08:35:21.873+0000] {et_dag.py:30} INFO - Spread computed
[2024-07-15T08:35:21.874+0000] {et_dag.py:31} INFO - {'orderbook_timestamp': '2024-07-15T08:35:21+00:00', 'book': 'usd_mxn', 'bid': 17.6, 'ask': 17.61, 'spread': 0.05678591709254975}
[2024-07-15T08:35:23.035+0000] {et_dag.py:26} INFO - Data fetched for book usd_mxn
[2024-07-15T08:35:23.037+0000] {et_dag.py:27} INFO - {'success': True, 'payload': {'high': '18.34', 'last': '18.34', 'created_at': '2024-07-15T08:35:22+00:00', 'book': 'usd_mxn', 'volume': '0', 'vwap': '0', 'low': '18.34', 'ask': '17.61', 'bid': '17.60', 'change_24': '0.00', 'rolling_average_change': {}}}
[2024-07-15T08:35:23.037+0000] {et_dag.py:30} INFO - Spread computed
[2024-07-15T08:35:23.038+0000] {et_dag.py:31} INFO - {'orderbook_timestamp': '2024-07-15T08:35:22+00:00', 'book': 'usd_mxn', 'bid': 17.6, 'ask': 17.61, 'spread': 0.05678591709254975}
[2024-07-15T08:35:24.199+0000] {et_dag.py:26} INFO - Data fetched for book usd_mxn
[2024-07-15T08:35:24.200+0000] {et_dag.py:27} INFO - {'success': True, 'payload': {'high': '18.34', 'last': '18.34', 'created_at': '2024-07-15T08:35:23+00:00', 'book': 'usd_mxn', 'volume': '0', 'vwap': '0', 'low': '18.34', 'ask': '17.61', 'bid': '17.60', 'change_24': '0.00', 'rolling_average_change': {}}}
[2024-07-15T08:35:24.201+0000] {et_dag.py:30} INFO - Spread computed
[2024-07-15T08:35:24.201+0000] {et_dag.py:31} INFO - {'orderbook_timestamp': '2024-07-15T08:35:23+00:00', 'book': 'usd_mxn', 'bid': 17.6, 'ask': 17.61, 'spread': 0.05678591709254975}
[2024-07-15T08:35:25.358+0000] {et_dag.py:26} INFO - Data fetched for book usd_mxn
[2024-07-15T08:35:25.359+0000] {et_dag.py:27} INFO - {'success': True, 'payload': {'high': '18.34', 'last': '18.34', 'created_at': '2024-07-15T08:35:24+00:00', 'book': 'usd_mxn', 'volume': '0', 'vwap': '0', 'low': '18.34', 'ask': '17.61', 'bid': '17.60', 'change_24': '0.00', 'rolling_average_change': {}}}
[2024-07-15T08:35:25.360+0000] {et_dag.py:30} INFO - Spread computed
[2024-07-15T08:35:25.360+0000] {et_dag.py:31} INFO - {'orderbook_timestamp': '2024-07-15T08:35:24+00:00', 'book': 'usd_mxn', 'bid': 17.6, 'ask': 17.61, 'spread': 0.05678591709254975}
[2024-07-15T08:35:26.526+0000] {et_dag.py:26} INFO - Data fetched for book usd_mxn
[2024-07-15T08:35:26.527+0000] {et_dag.py:27} INFO - {'success': True, 'payload': {'high': '18.34', 'last': '18.34', 'created_at': '2024-07-15T08:35:26+00:00', 'book': 'usd_mxn', 'volume': '0', 'vwap': '0', 'low': '18.34', 'ask': '17.61', 'bid': '17.60', 'change_24': '0.00', 'rolling_average_change': {}}}
[2024-07-15T08:35:26.527+0000] {et_dag.py:30} INFO - Spread computed
[2024-07-15T08:35:26.527+0000] {et_dag.py:31} INFO - {'orderbook_timestamp': '2024-07-15T08:35:26+00:00', 'book': 'usd_mxn', 'bid': 17.6, 'ask': 17.61, 'spread': 0.05678591709254975}
[2024-07-15T08:35:27.697+0000] {et_dag.py:26} INFO - Data fetched for book usd_mxn
[2024-07-15T08:35:27.698+0000] {et_dag.py:27} INFO - {'success': True, 'payload': {'high': '18.34', 'last': '18.34', 'created_at': '2024-07-15T08:35:27+00:00', 'book': 'usd_mxn', 'volume': '0', 'vwap': '0', 'low': '18.34', 'ask': '17.61', 'bid': '17.60', 'change_24': '0.00', 'rolling_average_change': {}}}
[2024-07-15T08:35:27.699+0000] {et_dag.py:30} INFO - Spread computed
[2024-07-15T08:35:27.699+0000] {et_dag.py:31} INFO - {'orderbook_timestamp': '2024-07-15T08:35:27+00:00', 'book': 'usd_mxn', 'bid': 17.6, 'ask': 17.61, 'spread': 0.05678591709254975}
[2024-07-15T08:35:28.898+0000] {et_dag.py:26} INFO - Data fetched for book usd_mxn
[2024-07-15T08:35:28.899+0000] {et_dag.py:27} INFO - {'success': True, 'payload': {'high': '18.34', 'last': '18.34', 'created_at': '2024-07-15T08:35:28+00:00', 'book': 'usd_mxn', 'volume': '0', 'vwap': '0', 'low': '18.34', 'ask': '17.61', 'bid': '17.60', 'change_24': '0.00', 'rolling_average_change': {}}}
[2024-07-15T08:35:28.899+0000] {et_dag.py:30} INFO - Spread computed
[2024-07-15T08:35:28.900+0000] {et_dag.py:31} INFO - {'orderbook_timestamp': '2024-07-15T08:35:28+00:00', 'book': 'usd_mxn', 'bid': 17.6, 'ask': 17.61, 'spread': 0.05678591709254975}
[2024-07-15T08:35:30.057+0000] {et_dag.py:26} INFO - Data fetched for book usd_mxn
[2024-07-15T08:35:30.058+0000] {et_dag.py:27} INFO - {'success': True, 'payload': {'high': '18.34', 'last': '18.34', 'created_at': '2024-07-15T08:35:29+00:00', 'book': 'usd_mxn', 'volume': '0', 'vwap': '0', 'low': '18.34', 'ask': '17.61', 'bid': '17.60', 'change_24': '0.00', 'rolling_average_change': {}}}
[2024-07-15T08:35:30.058+0000] {et_dag.py:30} INFO - Spread computed
[2024-07-15T08:35:30.059+0000] {et_dag.py:31} INFO - {'orderbook_timestamp': '2024-07-15T08:35:29+00:00', 'book': 'usd_mxn', 'bid': 17.6, 'ask': 17.61, 'spread': 0.05678591709254975}
[2024-07-15T08:35:31.221+0000] {et_dag.py:26} INFO - Data fetched for book usd_mxn
[2024-07-15T08:35:31.222+0000] {et_dag.py:27} INFO - {'success': True, 'payload': {'high': '18.34', 'last': '18.34', 'created_at': '2024-07-15T08:35:30+00:00', 'book': 'usd_mxn', 'volume': '0', 'vwap': '0', 'low': '18.34', 'ask': '17.61', 'bid': '17.60', 'change_24': '0.00', 'rolling_average_change': {}}}
[2024-07-15T08:35:31.222+0000] {et_dag.py:30} INFO - Spread computed
[2024-07-15T08:35:31.222+0000] {et_dag.py:31} INFO - {'orderbook_timestamp': '2024-07-15T08:35:30+00:00', 'book': 'usd_mxn', 'bid': 17.6, 'ask': 17.61, 'spread': 0.05678591709254975}
[2024-07-15T08:35:32.243+0000] {logging_mixin.py:188} WARNING -   0%|          | 0/52 [00:00<?, ?it/s]
[2024-07-15T08:35:32.254+0000] {logging_mixin.py:188} INFO - saved in /opt/***/bucket/get_ticker/year=2024/month=07/day=15/hour=08/data.csv
[2024-07-15T08:35:32.257+0000] {logging_mixin.py:188} INFO - saved in /opt/***/bucket/get_ticker/year=2024/month=07/day=15/hour=08/data.csv
[2024-07-15T08:35:32.259+0000] {logging_mixin.py:188} INFO - saved in /opt/***/bucket/get_ticker/year=2024/month=07/day=15/hour=08/data.csv
[2024-07-15T08:35:32.260+0000] {logging_mixin.py:188} INFO - saved in /opt/***/bucket/get_ticker/year=2024/month=07/day=15/hour=08/data.csv
[2024-07-15T08:35:32.261+0000] {logging_mixin.py:188} INFO - saved in /opt/***/bucket/get_ticker/year=2024/month=07/day=15/hour=08/data.csv
[2024-07-15T08:35:32.262+0000] {logging_mixin.py:188} INFO - saved in /opt/***/bucket/get_ticker/year=2024/month=07/day=15/hour=08/data.csv
[2024-07-15T08:35:32.262+0000] {logging_mixin.py:188} INFO - saved in /opt/***/bucket/get_ticker/year=2024/month=07/day=15/hour=08/data.csv
[2024-07-15T08:35:32.263+0000] {logging_mixin.py:188} INFO - saved in /opt/***/bucket/get_ticker/year=2024/month=07/day=15/hour=08/data.csv
[2024-07-15T08:35:32.264+0000] {logging_mixin.py:188} INFO - saved in /opt/***/bucket/get_ticker/year=2024/month=07/day=15/hour=08/data.csv
[2024-07-15T08:35:32.265+0000] {logging_mixin.py:188} INFO - saved in /opt/***/bucket/get_ticker/year=2024/month=07/day=15/hour=08/data.csv
[2024-07-15T08:35:32.266+0000] {logging_mixin.py:188} INFO - saved in /opt/***/bucket/get_ticker/year=2024/month=07/day=15/hour=08/data.csv
[2024-07-15T08:35:32.267+0000] {logging_mixin.py:188} INFO - saved in /opt/***/bucket/get_ticker/year=2024/month=07/day=15/hour=08/data.csv
[2024-07-15T08:35:32.268+0000] {logging_mixin.py:188} INFO - saved in /opt/***/bucket/get_ticker/year=2024/month=07/day=15/hour=08/data.csv
[2024-07-15T08:35:32.269+0000] {logging_mixin.py:188} INFO - saved in /opt/***/bucket/get_ticker/year=2024/month=07/day=15/hour=08/data.csv
[2024-07-15T08:35:32.270+0000] {logging_mixin.py:188} INFO - saved in /opt/***/bucket/get_ticker/year=2024/month=07/day=15/hour=08/data.csv
[2024-07-15T08:35:32.271+0000] {logging_mixin.py:188} INFO - saved in /opt/***/bucket/get_ticker/year=2024/month=07/day=15/hour=08/data.csv
[2024-07-15T08:35:32.271+0000] {logging_mixin.py:188} INFO - saved in /opt/***/bucket/get_ticker/year=2024/month=07/day=15/hour=08/data.csv
[2024-07-15T08:35:32.272+0000] {logging_mixin.py:188} INFO - saved in /opt/***/bucket/get_ticker/year=2024/month=07/day=15/hour=08/data.csv
[2024-07-15T08:35:32.273+0000] {logging_mixin.py:188} INFO - saved in /opt/***/bucket/get_ticker/year=2024/month=07/day=15/hour=08/data.csv
[2024-07-15T08:35:32.273+0000] {logging_mixin.py:188} INFO - saved in /opt/***/bucket/get_ticker/year=2024/month=07/day=15/hour=08/data.csv
[2024-07-15T08:35:32.274+0000] {logging_mixin.py:188} INFO - saved in /opt/***/bucket/get_ticker/year=2024/month=07/day=15/hour=08/data.csv
[2024-07-15T08:35:32.275+0000] {logging_mixin.py:188} INFO - saved in /opt/***/bucket/get_ticker/year=2024/month=07/day=15/hour=08/data.csv
[2024-07-15T08:35:32.276+0000] {logging_mixin.py:188} INFO - saved in /opt/***/bucket/get_ticker/year=2024/month=07/day=15/hour=08/data.csv
[2024-07-15T08:35:32.276+0000] {logging_mixin.py:188} INFO - saved in /opt/***/bucket/get_ticker/year=2024/month=07/day=15/hour=08/data.csv
[2024-07-15T08:35:32.277+0000] {logging_mixin.py:188} INFO - saved in /opt/***/bucket/get_ticker/year=2024/month=07/day=15/hour=08/data.csv
[2024-07-15T08:35:32.278+0000] {logging_mixin.py:188} INFO - saved in /opt/***/bucket/get_ticker/year=2024/month=07/day=15/hour=08/data.csv
[2024-07-15T08:35:32.279+0000] {logging_mixin.py:188} INFO - saved in /opt/***/bucket/get_ticker/year=2024/month=07/day=15/hour=08/data.csv
[2024-07-15T08:35:32.280+0000] {logging_mixin.py:188} INFO - saved in /opt/***/bucket/get_ticker/year=2024/month=07/day=15/hour=08/data.csv
[2024-07-15T08:35:32.283+0000] {logging_mixin.py:188} INFO - saved in /opt/***/bucket/get_ticker/year=2024/month=07/day=15/hour=08/data.csv
[2024-07-15T08:35:32.284+0000] {logging_mixin.py:188} INFO - saved in /opt/***/bucket/get_ticker/year=2024/month=07/day=15/hour=08/data.csv
[2024-07-15T08:35:32.285+0000] {logging_mixin.py:188} INFO - saved in /opt/***/bucket/get_ticker/year=2024/month=07/day=15/hour=08/data.csv
[2024-07-15T08:35:32.286+0000] {logging_mixin.py:188} INFO - saved in /opt/***/bucket/get_ticker/year=2024/month=07/day=15/hour=08/data.csv
[2024-07-15T08:35:32.289+0000] {logging_mixin.py:188} INFO - saved in /opt/***/bucket/get_ticker/year=2024/month=07/day=15/hour=08/data.csv
[2024-07-15T08:35:32.290+0000] {logging_mixin.py:188} INFO - saved in /opt/***/bucket/get_ticker/year=2024/month=07/day=15/hour=08/data.csv
[2024-07-15T08:35:32.293+0000] {logging_mixin.py:188} INFO - saved in /opt/***/bucket/get_ticker/year=2024/month=07/day=15/hour=08/data.csv
[2024-07-15T08:35:32.295+0000] {logging_mixin.py:188} INFO - saved in /opt/***/bucket/get_ticker/year=2024/month=07/day=15/hour=08/data.csv
[2024-07-15T08:35:32.296+0000] {logging_mixin.py:188} INFO - saved in /opt/***/bucket/get_ticker/year=2024/month=07/day=15/hour=08/data.csv
[2024-07-15T08:35:32.297+0000] {logging_mixin.py:188} INFO - saved in /opt/***/bucket/get_ticker/year=2024/month=07/day=15/hour=08/data.csv
[2024-07-15T08:35:32.298+0000] {logging_mixin.py:188} INFO - saved in /opt/***/bucket/get_ticker/year=2024/month=07/day=15/hour=08/data.csv
[2024-07-15T08:35:32.299+0000] {logging_mixin.py:188} INFO - saved in /opt/***/bucket/get_ticker/year=2024/month=07/day=15/hour=08/data.csv
[2024-07-15T08:35:32.299+0000] {logging_mixin.py:188} INFO - saved in /opt/***/bucket/get_ticker/year=2024/month=07/day=15/hour=08/data.csv
[2024-07-15T08:35:32.300+0000] {logging_mixin.py:188} INFO - saved in /opt/***/bucket/get_ticker/year=2024/month=07/day=15/hour=08/data.csv
[2024-07-15T08:35:32.301+0000] {logging_mixin.py:188} INFO - saved in /opt/***/bucket/get_ticker/year=2024/month=07/day=15/hour=08/data.csv
[2024-07-15T08:35:32.302+0000] {logging_mixin.py:188} INFO - saved in /opt/***/bucket/get_ticker/year=2024/month=07/day=15/hour=08/data.csv
[2024-07-15T08:35:32.303+0000] {logging_mixin.py:188} INFO - saved in /opt/***/bucket/get_ticker/year=2024/month=07/day=15/hour=08/data.csv
[2024-07-15T08:35:32.303+0000] {logging_mixin.py:188} INFO - saved in /opt/***/bucket/get_ticker/year=2024/month=07/day=15/hour=08/data.csv
[2024-07-15T08:35:32.304+0000] {logging_mixin.py:188} INFO - saved in /opt/***/bucket/get_ticker/year=2024/month=07/day=15/hour=08/data.csv
[2024-07-15T08:35:32.305+0000] {logging_mixin.py:188} INFO - saved in /opt/***/bucket/get_ticker/year=2024/month=07/day=15/hour=08/data.csv
[2024-07-15T08:35:32.305+0000] {logging_mixin.py:188} INFO - saved in /opt/***/bucket/get_ticker/year=2024/month=07/day=15/hour=08/data.csv
[2024-07-15T08:35:32.306+0000] {logging_mixin.py:188} INFO - saved in /opt/***/bucket/get_ticker/year=2024/month=07/day=15/hour=08/data.csv
[2024-07-15T08:35:32.307+0000] {logging_mixin.py:188} INFO - saved in /opt/***/bucket/get_ticker/year=2024/month=07/day=15/hour=08/data.csv
[2024-07-15T08:35:32.307+0000] {logging_mixin.py:188} INFO - saved in /opt/***/bucket/get_ticker/year=2024/month=07/day=15/hour=08/data.csv
[2024-07-15T08:35:32.308+0000] {logging_mixin.py:188} WARNING - 100%|##########| 52/52 [00:00<00:00, 812.55it/s]
[2024-07-15T08:35:32.308+0000] {python.py:237} INFO - Done. Returned value was: None
[2024-07-15T08:35:32.308+0000] {taskinstance.py:441} INFO - ::group::Post task execution logs
[2024-07-15T08:35:32.315+0000] {taskinstance.py:1206} INFO - Marking task as SUCCESS. dag_id=etl_ticker, task_id=etl_usd_mxn, run_id=manual__2024-07-15T08:27:13.267813+00:00, execution_date=20240715T082713, start_date=20240715T083431, end_date=20240715T083532
[2024-07-15T08:35:32.363+0000] {local_task_job_runner.py:240} INFO - Task exited with return code 0
[2024-07-15T08:35:32.377+0000] {taskinstance.py:3503} INFO - 0 downstream tasks scheduled from follow-on schedule check
[2024-07-15T08:35:32.378+0000] {local_task_job_runner.py:222} INFO - ::endgroup::
