[2024-07-14T21:05:59.083+0000] {local_task_job_runner.py:120} INFO - ::group::Pre task execution logs
[2024-07-14T21:05:59.102+0000] {taskinstance.py:2076} INFO - Dependencies all met for dep_context=non-requeueable deps ti=<TaskInstance: our_1st_dag.greet manual__2024-07-14T21:05:58.504925+00:00 [queued]>
[2024-07-14T21:05:59.107+0000] {taskinstance.py:2076} INFO - Dependencies all met for dep_context=requeueable deps ti=<TaskInstance: our_1st_dag.greet manual__2024-07-14T21:05:58.504925+00:00 [queued]>
[2024-07-14T21:05:59.108+0000] {taskinstance.py:2306} INFO - Starting attempt 1 of 6
[2024-07-14T21:05:59.114+0000] {taskinstance.py:2330} INFO - Executing <Task(PythonOperator): greet> on 2024-07-14 21:05:58.504925+00:00
[2024-07-14T21:05:59.118+0000] {logging_mixin.py:188} WARNING - /home/***/.local/lib/python3.12/site-packages/***/task/task_runner/standard_task_runner.py:61 DeprecationWarning: This process (pid=5961) is multi-threaded, use of fork() may lead to deadlocks in the child.
[2024-07-14T21:05:59.119+0000] {standard_task_runner.py:63} INFO - Started process 5962 to run task
[2024-07-14T21:05:59.118+0000] {standard_task_runner.py:90} INFO - Running: ['***', 'tasks', 'run', 'our_1st_dag', 'greet', 'manual__2024-07-14T21:05:58.504925+00:00', '--job-id', '2667', '--raw', '--subdir', 'DAGS_FOLDER/test.py', '--cfg-path', '/tmp/tmpipwfvmvl']
[2024-07-14T21:05:59.120+0000] {standard_task_runner.py:91} INFO - Job 2667: Subtask greet
[2024-07-14T21:05:59.147+0000] {task_command.py:426} INFO - Running <TaskInstance: our_1st_dag.greet manual__2024-07-14T21:05:58.504925+00:00 [running]> on host 77caf7e4b282
[2024-07-14T21:05:59.194+0000] {taskinstance.py:2648} INFO - Exporting env vars: AIRFLOW_CTX_DAG_OWNER='angel' AIRFLOW_CTX_DAG_ID='our_1st_dag' AIRFLOW_CTX_TASK_ID='greet' AIRFLOW_CTX_EXECUTION_DATE='2024-07-14T21:05:58.504925+00:00' AIRFLOW_CTX_TRY_NUMBER='1' AIRFLOW_CTX_DAG_RUN_ID='manual__2024-07-14T21:05:58.504925+00:00'
[2024-07-14T21:05:59.194+0000] {taskinstance.py:430} INFO - ::endgroup::
[2024-07-14T21:05:59.201+0000] {logging_mixin.py:188} INFO - hello world
[2024-07-14T21:05:59.202+0000] {test.py:17} INFO - info
[2024-07-14T21:05:59.202+0000] {logging_mixin.py:188} INFO - hola mundukos
[2024-07-14T21:05:59.202+0000] {python.py:237} INFO - Done. Returned value was: None
[2024-07-14T21:05:59.203+0000] {taskinstance.py:441} INFO - ::group::Post task execution logs
[2024-07-14T21:05:59.209+0000] {taskinstance.py:1206} INFO - Marking task as SUCCESS. dag_id=our_1st_dag, task_id=greet, run_id=manual__2024-07-14T21:05:58.504925+00:00, execution_date=20240714T210558, start_date=20240714T210559, end_date=20240714T210559
[2024-07-14T21:05:59.220+0000] {local_task_job_runner.py:240} INFO - Task exited with return code 0
[2024-07-14T21:05:59.230+0000] {taskinstance.py:3503} INFO - 0 downstream tasks scheduled from follow-on schedule check
[2024-07-14T21:05:59.231+0000] {local_task_job_runner.py:222} INFO - ::endgroup::
