[2024-07-14T09:04:14.896+0000] {local_task_job_runner.py:120} INFO - ::group::Pre task execution logs
[2024-07-14T09:04:14.925+0000] {taskinstance.py:2076} INFO - Dependencies all met for dep_context=non-requeueable deps ti=<TaskInstance: fetch_spread_values.fetch_and_compute_spread_btc_mxn scheduled__2024-07-14T08:04:00+00:00 [queued]>
[2024-07-14T09:04:14.932+0000] {taskinstance.py:2076} INFO - Dependencies all met for dep_context=requeueable deps ti=<TaskInstance: fetch_spread_values.fetch_and_compute_spread_btc_mxn scheduled__2024-07-14T08:04:00+00:00 [queued]>
[2024-07-14T09:04:14.933+0000] {taskinstance.py:2306} INFO - Starting attempt 1 of 2
[2024-07-14T09:04:14.947+0000] {taskinstance.py:2330} INFO - Executing <Task(PythonOperator): fetch_and_compute_spread_btc_mxn> on 2024-07-14 08:04:00+00:00
[2024-07-14T09:04:14.953+0000] {warnings.py:112} WARNING - /home/***/.local/lib/python3.12/site-packages/***/task/task_runner/standard_task_runner.py:61: DeprecationWarning: This process (pid=3101) is multi-threaded, use of fork() may lead to deadlocks in the child.
  pid = os.fork()

[2024-07-14T09:04:14.955+0000] {standard_task_runner.py:90} INFO - Running: ['***', 'tasks', 'run', 'fetch_spread_values', 'fetch_and_compute_spread_btc_mxn', 'scheduled__2024-07-14T08:04:00+00:00', '--job-id', '997', '--raw', '--subdir', 'DAGS_FOLDER/***.py', '--cfg-path', '/tmp/tmpllany8ub']
[2024-07-14T09:04:14.957+0000] {standard_task_runner.py:63} INFO - Started process 3121 to run task
[2024-07-14T09:04:14.958+0000] {standard_task_runner.py:91} INFO - Job 997: Subtask fetch_and_compute_spread_btc_mxn
[2024-07-14T09:04:15.008+0000] {task_command.py:426} INFO - Running <TaskInstance: fetch_spread_values.fetch_and_compute_spread_btc_mxn scheduled__2024-07-14T08:04:00+00:00 [running]> on host d537c34a4880
[2024-07-14T09:04:15.083+0000] {taskinstance.py:2648} INFO - Exporting env vars: AIRFLOW_CTX_DAG_OWNER='***' AIRFLOW_CTX_DAG_ID='fetch_spread_values' AIRFLOW_CTX_TASK_ID='fetch_and_compute_spread_btc_mxn' AIRFLOW_CTX_EXECUTION_DATE='2024-07-14T08:04:00+00:00' AIRFLOW_CTX_TRY_NUMBER='1' AIRFLOW_CTX_DAG_RUN_ID='scheduled__2024-07-14T08:04:00+00:00'
[2024-07-14T09:04:15.088+0000] {taskinstance.py:430} INFO - ::endgroup::
[2024-07-14T09:04:15.254+0000] {python.py:237} INFO - Done. Returned value was: None
[2024-07-14T09:04:15.255+0000] {taskinstance.py:441} INFO - ::group::Post task execution logs
[2024-07-14T09:04:15.260+0000] {taskinstance.py:1206} INFO - Marking task as SUCCESS. dag_id=fetch_spread_values, task_id=fetch_and_compute_spread_btc_mxn, run_id=scheduled__2024-07-14T08:04:00+00:00, execution_date=20240714T080400, start_date=20240714T090414, end_date=20240714T090415
[2024-07-14T09:04:15.314+0000] {local_task_job_runner.py:240} INFO - Task exited with return code 0
[2024-07-14T09:04:15.327+0000] {taskinstance.py:3503} INFO - 0 downstream tasks scheduled from follow-on schedule check
[2024-07-14T09:04:15.328+0000] {local_task_job_runner.py:222} INFO - ::endgroup::
[2024-07-14T20:35:55.933+0000] {local_task_job_runner.py:120} INFO - ::group::Pre task execution logs
[2024-07-14T20:35:55.949+0000] {taskinstance.py:2076} INFO - Dependencies all met for dep_context=non-requeueable deps ti=<TaskInstance: fetch_spread_values.fetch_and_compute_spread_btc_mxn scheduled__2024-07-14T08:04:00+00:00 [queued]>
[2024-07-14T20:35:55.953+0000] {taskinstance.py:2076} INFO - Dependencies all met for dep_context=requeueable deps ti=<TaskInstance: fetch_spread_values.fetch_and_compute_spread_btc_mxn scheduled__2024-07-14T08:04:00+00:00 [queued]>
[2024-07-14T20:35:55.953+0000] {taskinstance.py:2306} INFO - Starting attempt 1 of 2
[2024-07-14T20:35:55.959+0000] {taskinstance.py:2330} INFO - Executing <Task(PythonOperator): fetch_and_compute_spread_btc_mxn> on 2024-07-14 08:04:00+00:00
[2024-07-14T20:35:55.962+0000] {logging_mixin.py:188} WARNING - /home/***/.local/lib/python3.12/site-packages/***/task/task_runner/standard_task_runner.py:61 DeprecationWarning: This process (pid=2409) is multi-threaded, use of fork() may lead to deadlocks in the child.
[2024-07-14T20:35:55.963+0000] {standard_task_runner.py:63} INFO - Started process 2412 to run task
[2024-07-14T20:35:55.962+0000] {standard_task_runner.py:90} INFO - Running: ['***', 'tasks', 'run', 'fetch_spread_values', 'fetch_and_compute_spread_btc_mxn', 'scheduled__2024-07-14T08:04:00+00:00', '--job-id', '1097', '--raw', '--subdir', 'DAGS_FOLDER/***.py', '--cfg-path', '/tmp/tmpeb3c2ykj']
[2024-07-14T20:35:55.964+0000] {standard_task_runner.py:91} INFO - Job 1097: Subtask fetch_and_compute_spread_btc_mxn
[2024-07-14T20:35:55.988+0000] {task_command.py:426} INFO - Running <TaskInstance: fetch_spread_values.fetch_and_compute_spread_btc_mxn scheduled__2024-07-14T08:04:00+00:00 [running]> on host 77caf7e4b282
[2024-07-14T20:35:56.032+0000] {taskinstance.py:2648} INFO - Exporting env vars: AIRFLOW_CTX_DAG_OWNER='***' AIRFLOW_CTX_DAG_ID='fetch_spread_values' AIRFLOW_CTX_TASK_ID='fetch_and_compute_spread_btc_mxn' AIRFLOW_CTX_EXECUTION_DATE='2024-07-14T08:04:00+00:00' AIRFLOW_CTX_TRY_NUMBER='1' AIRFLOW_CTX_DAG_RUN_ID='scheduled__2024-07-14T08:04:00+00:00'
[2024-07-14T20:35:56.032+0000] {taskinstance.py:430} INFO - ::endgroup::
[2024-07-14T20:35:56.179+0000] {python.py:237} INFO - Done. Returned value was: None
[2024-07-14T20:35:56.180+0000] {taskinstance.py:441} INFO - ::group::Post task execution logs
[2024-07-14T20:35:56.187+0000] {taskinstance.py:1206} INFO - Marking task as SUCCESS. dag_id=fetch_spread_values, task_id=fetch_and_compute_spread_btc_mxn, run_id=scheduled__2024-07-14T08:04:00+00:00, execution_date=20240714T080400, start_date=20240714T203555, end_date=20240714T203556
[2024-07-14T20:35:56.226+0000] {local_task_job_runner.py:240} INFO - Task exited with return code 0
[2024-07-14T20:35:56.236+0000] {taskinstance.py:3503} INFO - 0 downstream tasks scheduled from follow-on schedule check
[2024-07-14T20:35:56.237+0000] {local_task_job_runner.py:222} INFO - ::endgroup::
