[2024-07-14T16:12:58.434+0000] {local_task_job_runner.py:120} INFO - ::group::Pre task execution logs
[2024-07-14T16:12:58.463+0000] {taskinstance.py:2076} INFO - Dependencies all met for dep_context=non-requeueable deps ti=<TaskInstance: fetch_spread_values.fetch_and_compute_spread_btc_mxn scheduled__2024-07-14T15:54:00+00:00 [queued]>
[2024-07-14T16:12:58.477+0000] {taskinstance.py:2076} INFO - Dependencies all met for dep_context=requeueable deps ti=<TaskInstance: fetch_spread_values.fetch_and_compute_spread_btc_mxn scheduled__2024-07-14T15:54:00+00:00 [queued]>
[2024-07-14T16:12:58.478+0000] {taskinstance.py:2306} INFO - Starting attempt 1 of 2
[2024-07-14T16:12:58.592+0000] {taskinstance.py:2330} INFO - Executing <Task(PythonOperator): fetch_and_compute_spread_btc_mxn> on 2024-07-14 15:54:00+00:00
[2024-07-14T16:12:58.646+0000] {warnings.py:112} WARNING - /home/***/.local/lib/python3.12/site-packages/***/task/task_runner/standard_task_runner.py:61: DeprecationWarning: This process (pid=6792) is multi-threaded, use of fork() may lead to deadlocks in the child.
  pid = os.fork()

[2024-07-14T16:12:58.663+0000] {standard_task_runner.py:63} INFO - Started process 6818 to run task
[2024-07-14T16:12:58.644+0000] {standard_task_runner.py:90} INFO - Running: ['***', 'tasks', 'run', 'fetch_spread_values', 'fetch_and_compute_spread_btc_mxn', 'scheduled__2024-07-14T15:54:00+00:00', '--job-id', '2044', '--raw', '--subdir', 'DAGS_FOLDER/***.py', '--cfg-path', '/tmp/tmpwktxotbu']
[2024-07-14T16:12:58.673+0000] {standard_task_runner.py:91} INFO - Job 2044: Subtask fetch_and_compute_spread_btc_mxn
[2024-07-14T16:12:58.819+0000] {task_command.py:426} INFO - Running <TaskInstance: fetch_spread_values.fetch_and_compute_spread_btc_mxn scheduled__2024-07-14T15:54:00+00:00 [running]> on host d537c34a4880
[2024-07-14T16:12:59.211+0000] {taskinstance.py:2648} INFO - Exporting env vars: AIRFLOW_CTX_DAG_OWNER='***' AIRFLOW_CTX_DAG_ID='fetch_spread_values' AIRFLOW_CTX_TASK_ID='fetch_and_compute_spread_btc_mxn' AIRFLOW_CTX_EXECUTION_DATE='2024-07-14T15:54:00+00:00' AIRFLOW_CTX_TRY_NUMBER='1' AIRFLOW_CTX_DAG_RUN_ID='scheduled__2024-07-14T15:54:00+00:00'
[2024-07-14T16:12:59.226+0000] {taskinstance.py:430} INFO - ::endgroup::
[2024-07-14T16:12:59.724+0000] {python.py:237} INFO - Done. Returned value was: None
[2024-07-14T16:12:59.755+0000] {taskinstance.py:441} INFO - ::group::Post task execution logs
[2024-07-14T16:12:59.782+0000] {taskinstance.py:1206} INFO - Marking task as SUCCESS. dag_id=fetch_spread_values, task_id=fetch_and_compute_spread_btc_mxn, run_id=scheduled__2024-07-14T15:54:00+00:00, execution_date=20240714T155400, start_date=20240714T161258, end_date=20240714T161259
[2024-07-14T16:12:59.842+0000] {local_task_job_runner.py:240} INFO - Task exited with return code 0
[2024-07-14T16:12:59.956+0000] {taskinstance.py:3503} INFO - 0 downstream tasks scheduled from follow-on schedule check
[2024-07-14T16:12:59.977+0000] {local_task_job_runner.py:222} INFO - ::endgroup::
[2024-07-14T20:38:49.537+0000] {local_task_job_runner.py:120} INFO - ::group::Pre task execution logs
[2024-07-14T20:38:49.584+0000] {taskinstance.py:2076} INFO - Dependencies all met for dep_context=non-requeueable deps ti=<TaskInstance: fetch_spread_values.fetch_and_compute_spread_btc_mxn scheduled__2024-07-14T15:54:00+00:00 [queued]>
[2024-07-14T20:38:49.601+0000] {taskinstance.py:2076} INFO - Dependencies all met for dep_context=requeueable deps ti=<TaskInstance: fetch_spread_values.fetch_and_compute_spread_btc_mxn scheduled__2024-07-14T15:54:00+00:00 [queued]>
[2024-07-14T20:38:49.607+0000] {taskinstance.py:2306} INFO - Starting attempt 1 of 2
[2024-07-14T20:38:49.632+0000] {taskinstance.py:2330} INFO - Executing <Task(PythonOperator): fetch_and_compute_spread_btc_mxn> on 2024-07-14 15:54:00+00:00
[2024-07-14T20:38:49.643+0000] {logging_mixin.py:188} WARNING - /home/***/.local/lib/python3.12/site-packages/***/task/task_runner/standard_task_runner.py:61 DeprecationWarning: This process (pid=4314) is multi-threaded, use of fork() may lead to deadlocks in the child.
[2024-07-14T20:38:49.642+0000] {standard_task_runner.py:90} INFO - Running: ['***', 'tasks', 'run', 'fetch_spread_values', 'fetch_and_compute_spread_btc_mxn', 'scheduled__2024-07-14T15:54:00+00:00', '--job-id', '2037', '--raw', '--subdir', 'DAGS_FOLDER/***.py', '--cfg-path', '/tmp/tmpsqf2931b']
[2024-07-14T20:38:49.647+0000] {standard_task_runner.py:63} INFO - Started process 4326 to run task
[2024-07-14T20:38:49.650+0000] {standard_task_runner.py:91} INFO - Job 2037: Subtask fetch_and_compute_spread_btc_mxn
[2024-07-14T20:38:49.706+0000] {task_command.py:426} INFO - Running <TaskInstance: fetch_spread_values.fetch_and_compute_spread_btc_mxn scheduled__2024-07-14T15:54:00+00:00 [running]> on host 77caf7e4b282
[2024-07-14T20:38:49.792+0000] {taskinstance.py:2648} INFO - Exporting env vars: AIRFLOW_CTX_DAG_OWNER='***' AIRFLOW_CTX_DAG_ID='fetch_spread_values' AIRFLOW_CTX_TASK_ID='fetch_and_compute_spread_btc_mxn' AIRFLOW_CTX_EXECUTION_DATE='2024-07-14T15:54:00+00:00' AIRFLOW_CTX_TRY_NUMBER='1' AIRFLOW_CTX_DAG_RUN_ID='scheduled__2024-07-14T15:54:00+00:00'
[2024-07-14T20:38:49.795+0000] {taskinstance.py:430} INFO - ::endgroup::
[2024-07-14T20:38:49.986+0000] {python.py:237} INFO - Done. Returned value was: None
[2024-07-14T20:38:49.987+0000] {taskinstance.py:441} INFO - ::group::Post task execution logs
[2024-07-14T20:38:49.996+0000] {taskinstance.py:1206} INFO - Marking task as SUCCESS. dag_id=fetch_spread_values, task_id=fetch_and_compute_spread_btc_mxn, run_id=scheduled__2024-07-14T15:54:00+00:00, execution_date=20240714T155400, start_date=20240714T203849, end_date=20240714T203849
[2024-07-14T20:38:50.037+0000] {local_task_job_runner.py:240} INFO - Task exited with return code 0
[2024-07-14T20:38:50.047+0000] {taskinstance.py:3503} INFO - 0 downstream tasks scheduled from follow-on schedule check
[2024-07-14T20:38:50.048+0000] {local_task_job_runner.py:222} INFO - ::endgroup::
