[2024-07-14T08:57:58.131+0000] {local_task_job_runner.py:120} INFO - ::group::Pre task execution logs
[2024-07-14T08:57:58.157+0000] {taskinstance.py:2076} INFO - Dependencies all met for dep_context=non-requeueable deps ti=<TaskInstance: fetch_spread_values.fetch_and_compute_spread_btc_mxn scheduled__2024-07-14T01:13:00+00:00 [queued]>
[2024-07-14T08:57:58.169+0000] {taskinstance.py:2076} INFO - Dependencies all met for dep_context=requeueable deps ti=<TaskInstance: fetch_spread_values.fetch_and_compute_spread_btc_mxn scheduled__2024-07-14T01:13:00+00:00 [queued]>
[2024-07-14T08:57:58.169+0000] {taskinstance.py:2306} INFO - Starting attempt 1 of 2
[2024-07-14T08:57:58.246+0000] {taskinstance.py:2330} INFO - Executing <Task(PythonOperator): fetch_and_compute_spread_btc_mxn> on 2024-07-14 01:13:00+00:00
[2024-07-14T08:57:58.261+0000] {warnings.py:112} WARNING - /home/***/.local/lib/python3.12/site-packages/***/task/task_runner/standard_task_runner.py:61: DeprecationWarning: This process (pid=580) is multi-threaded, use of fork() may lead to deadlocks in the child.
  pid = os.fork()

[2024-07-14T08:57:58.274+0000] {standard_task_runner.py:63} INFO - Started process 598 to run task
[2024-07-14T08:57:58.261+0000] {standard_task_runner.py:90} INFO - Running: ['***', 'tasks', 'run', 'fetch_spread_values', 'fetch_and_compute_spread_btc_mxn', 'scheduled__2024-07-14T01:13:00+00:00', '--job-id', '176', '--raw', '--subdir', 'DAGS_FOLDER/***.py', '--cfg-path', '/tmp/tmpe9tsf10m']
[2024-07-14T08:57:58.288+0000] {standard_task_runner.py:91} INFO - Job 176: Subtask fetch_and_compute_spread_btc_mxn
[2024-07-14T08:57:58.480+0000] {task_command.py:426} INFO - Running <TaskInstance: fetch_spread_values.fetch_and_compute_spread_btc_mxn scheduled__2024-07-14T01:13:00+00:00 [running]> on host d537c34a4880
[2024-07-14T08:57:58.752+0000] {taskinstance.py:2648} INFO - Exporting env vars: AIRFLOW_CTX_DAG_OWNER='***' AIRFLOW_CTX_DAG_ID='fetch_spread_values' AIRFLOW_CTX_TASK_ID='fetch_and_compute_spread_btc_mxn' AIRFLOW_CTX_EXECUTION_DATE='2024-07-14T01:13:00+00:00' AIRFLOW_CTX_TRY_NUMBER='1' AIRFLOW_CTX_DAG_RUN_ID='scheduled__2024-07-14T01:13:00+00:00'
[2024-07-14T08:57:58.763+0000] {taskinstance.py:430} INFO - ::endgroup::
[2024-07-14T08:57:59.107+0000] {python.py:237} INFO - Done. Returned value was: None
[2024-07-14T08:57:59.121+0000] {taskinstance.py:441} INFO - ::group::Post task execution logs
[2024-07-14T08:57:59.155+0000] {taskinstance.py:1206} INFO - Marking task as SUCCESS. dag_id=fetch_spread_values, task_id=fetch_and_compute_spread_btc_mxn, run_id=scheduled__2024-07-14T01:13:00+00:00, execution_date=20240714T011300, start_date=20240714T085758, end_date=20240714T085759
[2024-07-14T08:57:59.195+0000] {local_task_job_runner.py:240} INFO - Task exited with return code 0
[2024-07-14T08:57:59.253+0000] {taskinstance.py:3503} INFO - 0 downstream tasks scheduled from follow-on schedule check
[2024-07-14T08:57:59.263+0000] {local_task_job_runner.py:222} INFO - ::endgroup::
[2024-07-14T20:32:30.722+0000] {local_task_job_runner.py:120} INFO - ::group::Pre task execution logs
[2024-07-14T20:32:30.758+0000] {taskinstance.py:2076} INFO - Dependencies all met for dep_context=non-requeueable deps ti=<TaskInstance: fetch_spread_values.fetch_and_compute_spread_btc_mxn scheduled__2024-07-14T01:13:00+00:00 [queued]>
[2024-07-14T20:32:30.775+0000] {taskinstance.py:2076} INFO - Dependencies all met for dep_context=requeueable deps ti=<TaskInstance: fetch_spread_values.fetch_and_compute_spread_btc_mxn scheduled__2024-07-14T01:13:00+00:00 [queued]>
[2024-07-14T20:32:30.776+0000] {taskinstance.py:2306} INFO - Starting attempt 1 of 2
[2024-07-14T20:32:30.804+0000] {taskinstance.py:2330} INFO - Executing <Task(PythonOperator): fetch_and_compute_spread_btc_mxn> on 2024-07-14 01:13:00+00:00
[2024-07-14T20:32:30.812+0000] {logging_mixin.py:188} WARNING - /home/***/.local/lib/python3.12/site-packages/***/task/task_runner/standard_task_runner.py:61 DeprecationWarning: This process (pid=478) is multi-threaded, use of fork() may lead to deadlocks in the child.
[2024-07-14T20:32:30.822+0000] {standard_task_runner.py:63} INFO - Started process 490 to run task
[2024-07-14T20:32:30.813+0000] {standard_task_runner.py:90} INFO - Running: ['***', 'tasks', 'run', 'fetch_spread_values', 'fetch_and_compute_spread_btc_mxn', 'scheduled__2024-07-14T01:13:00+00:00', '--job-id', '151', '--raw', '--subdir', 'DAGS_FOLDER/***.py', '--cfg-path', '/tmp/tmpteexxbri']
[2024-07-14T20:32:30.827+0000] {standard_task_runner.py:91} INFO - Job 151: Subtask fetch_and_compute_spread_btc_mxn
[2024-07-14T20:32:30.903+0000] {task_command.py:426} INFO - Running <TaskInstance: fetch_spread_values.fetch_and_compute_spread_btc_mxn scheduled__2024-07-14T01:13:00+00:00 [running]> on host 77caf7e4b282
[2024-07-14T20:32:31.003+0000] {taskinstance.py:2648} INFO - Exporting env vars: AIRFLOW_CTX_DAG_OWNER='***' AIRFLOW_CTX_DAG_ID='fetch_spread_values' AIRFLOW_CTX_TASK_ID='fetch_and_compute_spread_btc_mxn' AIRFLOW_CTX_EXECUTION_DATE='2024-07-14T01:13:00+00:00' AIRFLOW_CTX_TRY_NUMBER='1' AIRFLOW_CTX_DAG_RUN_ID='scheduled__2024-07-14T01:13:00+00:00'
[2024-07-14T20:32:31.004+0000] {taskinstance.py:430} INFO - ::endgroup::
[2024-07-14T20:32:31.174+0000] {python.py:237} INFO - Done. Returned value was: None
[2024-07-14T20:32:31.175+0000] {taskinstance.py:441} INFO - ::group::Post task execution logs
[2024-07-14T20:32:31.180+0000] {taskinstance.py:1206} INFO - Marking task as SUCCESS. dag_id=fetch_spread_values, task_id=fetch_and_compute_spread_btc_mxn, run_id=scheduled__2024-07-14T01:13:00+00:00, execution_date=20240714T011300, start_date=20240714T203230, end_date=20240714T203231
[2024-07-14T20:32:31.214+0000] {local_task_job_runner.py:240} INFO - Task exited with return code 0
[2024-07-14T20:32:31.220+0000] {local_task_job_runner.py:222} INFO - ::endgroup::
