[2024-07-14T16:34:04.638+0000] {local_task_job_runner.py:120} INFO - ::group::Pre task execution logs
[2024-07-14T16:34:04.711+0000] {taskinstance.py:2076} INFO - Dependencies all met for dep_context=non-requeueable deps ti=<TaskInstance: fetch_spread_values.fetch_and_compute_spread_btc_mxn scheduled__2024-07-14T16:30:00+00:00 [queued]>
[2024-07-14T16:34:04.763+0000] {taskinstance.py:2076} INFO - Dependencies all met for dep_context=requeueable deps ti=<TaskInstance: fetch_spread_values.fetch_and_compute_spread_btc_mxn scheduled__2024-07-14T16:30:00+00:00 [queued]>
[2024-07-14T16:34:04.768+0000] {taskinstance.py:2306} INFO - Starting attempt 1 of 2
[2024-07-14T16:34:04.806+0000] {taskinstance.py:2330} INFO - Executing <Task(PythonOperator): fetch_and_compute_spread_btc_mxn> on 2024-07-14 16:30:00+00:00
[2024-07-14T16:34:04.844+0000] {standard_task_runner.py:90} INFO - Running: ['***', 'tasks', 'run', 'fetch_spread_values', 'fetch_and_compute_spread_btc_mxn', 'scheduled__2024-07-14T16:30:00+00:00', '--job-id', '2117', '--raw', '--subdir', 'DAGS_FOLDER/***.py', '--cfg-path', '/tmp/tmpbqsr0w2g']
[2024-07-14T16:34:04.854+0000] {standard_task_runner.py:91} INFO - Job 2117: Subtask fetch_and_compute_spread_btc_mxn
[2024-07-14T16:34:04.848+0000] {warnings.py:112} WARNING - /home/***/.local/lib/python3.12/site-packages/***/task/task_runner/standard_task_runner.py:61: DeprecationWarning: This process (pid=7026) is multi-threaded, use of fork() may lead to deadlocks in the child.
  pid = os.fork()

[2024-07-14T16:34:04.859+0000] {standard_task_runner.py:63} INFO - Started process 7052 to run task
[2024-07-14T16:34:04.992+0000] {task_command.py:426} INFO - Running <TaskInstance: fetch_spread_values.fetch_and_compute_spread_btc_mxn scheduled__2024-07-14T16:30:00+00:00 [running]> on host d537c34a4880
[2024-07-14T16:34:05.228+0000] {taskinstance.py:2648} INFO - Exporting env vars: AIRFLOW_CTX_DAG_OWNER='***' AIRFLOW_CTX_DAG_ID='fetch_spread_values' AIRFLOW_CTX_TASK_ID='fetch_and_compute_spread_btc_mxn' AIRFLOW_CTX_EXECUTION_DATE='2024-07-14T16:30:00+00:00' AIRFLOW_CTX_TRY_NUMBER='1' AIRFLOW_CTX_DAG_RUN_ID='scheduled__2024-07-14T16:30:00+00:00'
[2024-07-14T16:34:05.234+0000] {taskinstance.py:430} INFO - ::endgroup::
[2024-07-14T16:34:05.461+0000] {python.py:237} INFO - Done. Returned value was: None
[2024-07-14T16:34:05.464+0000] {taskinstance.py:441} INFO - ::group::Post task execution logs
[2024-07-14T16:34:05.477+0000] {taskinstance.py:1206} INFO - Marking task as SUCCESS. dag_id=fetch_spread_values, task_id=fetch_and_compute_spread_btc_mxn, run_id=scheduled__2024-07-14T16:30:00+00:00, execution_date=20240714T163000, start_date=20240714T163404, end_date=20240714T163405
[2024-07-14T16:34:05.515+0000] {local_task_job_runner.py:240} INFO - Task exited with return code 0
[2024-07-14T16:34:05.539+0000] {local_task_job_runner.py:222} INFO - ::endgroup::
[2024-07-14T20:39:04.636+0000] {local_task_job_runner.py:120} INFO - ::group::Pre task execution logs
[2024-07-14T20:39:04.665+0000] {taskinstance.py:2076} INFO - Dependencies all met for dep_context=non-requeueable deps ti=<TaskInstance: fetch_spread_values.fetch_and_compute_spread_btc_mxn scheduled__2024-07-14T16:30:00+00:00 [queued]>
[2024-07-14T20:39:04.671+0000] {taskinstance.py:2076} INFO - Dependencies all met for dep_context=requeueable deps ti=<TaskInstance: fetch_spread_values.fetch_and_compute_spread_btc_mxn scheduled__2024-07-14T16:30:00+00:00 [queued]>
[2024-07-14T20:39:04.672+0000] {taskinstance.py:2306} INFO - Starting attempt 1 of 2
[2024-07-14T20:39:04.702+0000] {taskinstance.py:2330} INFO - Executing <Task(PythonOperator): fetch_and_compute_spread_btc_mxn> on 2024-07-14 16:30:00+00:00
[2024-07-14T20:39:04.772+0000] {logging_mixin.py:188} WARNING - /home/***/.local/lib/python3.12/site-packages/***/task/task_runner/standard_task_runner.py:61 DeprecationWarning: This process (pid=4457) is multi-threaded, use of fork() may lead to deadlocks in the child.
[2024-07-14T20:39:04.778+0000] {standard_task_runner.py:63} INFO - Started process 4469 to run task
[2024-07-14T20:39:04.774+0000] {standard_task_runner.py:90} INFO - Running: ['***', 'tasks', 'run', 'fetch_spread_values', 'fetch_and_compute_spread_btc_mxn', 'scheduled__2024-07-14T16:30:00+00:00', '--job-id', '2109', '--raw', '--subdir', 'DAGS_FOLDER/***.py', '--cfg-path', '/tmp/tmpdds2vnyi']
[2024-07-14T20:39:04.795+0000] {standard_task_runner.py:91} INFO - Job 2109: Subtask fetch_and_compute_spread_btc_mxn
[2024-07-14T20:39:04.858+0000] {task_command.py:426} INFO - Running <TaskInstance: fetch_spread_values.fetch_and_compute_spread_btc_mxn scheduled__2024-07-14T16:30:00+00:00 [running]> on host 77caf7e4b282
[2024-07-14T20:39:04.983+0000] {taskinstance.py:2648} INFO - Exporting env vars: AIRFLOW_CTX_DAG_OWNER='***' AIRFLOW_CTX_DAG_ID='fetch_spread_values' AIRFLOW_CTX_TASK_ID='fetch_and_compute_spread_btc_mxn' AIRFLOW_CTX_EXECUTION_DATE='2024-07-14T16:30:00+00:00' AIRFLOW_CTX_TRY_NUMBER='1' AIRFLOW_CTX_DAG_RUN_ID='scheduled__2024-07-14T16:30:00+00:00'
[2024-07-14T20:39:04.984+0000] {taskinstance.py:430} INFO - ::endgroup::
[2024-07-14T20:39:05.242+0000] {python.py:237} INFO - Done. Returned value was: None
[2024-07-14T20:39:05.249+0000] {taskinstance.py:441} INFO - ::group::Post task execution logs
[2024-07-14T20:39:05.266+0000] {taskinstance.py:1206} INFO - Marking task as SUCCESS. dag_id=fetch_spread_values, task_id=fetch_and_compute_spread_btc_mxn, run_id=scheduled__2024-07-14T16:30:00+00:00, execution_date=20240714T163000, start_date=20240714T203904, end_date=20240714T203905
[2024-07-14T20:39:05.305+0000] {local_task_job_runner.py:240} INFO - Task exited with return code 0
[2024-07-14T20:39:05.333+0000] {taskinstance.py:3503} INFO - 0 downstream tasks scheduled from follow-on schedule check
[2024-07-14T20:39:05.336+0000] {local_task_job_runner.py:222} INFO - ::endgroup::
