[2024-07-14T11:31:02.290+0000] {local_task_job_runner.py:120} INFO - ::group::Pre task execution logs
[2024-07-14T11:31:02.446+0000] {taskinstance.py:2076} INFO - Dependencies all met for dep_context=non-requeueable deps ti=<TaskInstance: fetch_spread_values.fetch_and_compute_spread_btc_mxn scheduled__2024-07-14T11:22:00+00:00 [queued]>
[2024-07-14T11:31:02.507+0000] {taskinstance.py:2076} INFO - Dependencies all met for dep_context=requeueable deps ti=<TaskInstance: fetch_spread_values.fetch_and_compute_spread_btc_mxn scheduled__2024-07-14T11:22:00+00:00 [queued]>
[2024-07-14T11:31:02.519+0000] {taskinstance.py:2306} INFO - Starting attempt 1 of 2
[2024-07-14T11:31:02.636+0000] {taskinstance.py:2330} INFO - Executing <Task(PythonOperator): fetch_and_compute_spread_btc_mxn> on 2024-07-14 11:22:00+00:00
[2024-07-14T11:31:02.656+0000] {warnings.py:112} WARNING - /home/***/.local/lib/python3.12/site-packages/***/task/task_runner/standard_task_runner.py:61: DeprecationWarning: This process (pid=4888) is multi-threaded, use of fork() may lead to deadlocks in the child.
  pid = os.fork()

[2024-07-14T11:31:02.668+0000] {standard_task_runner.py:63} INFO - Started process 4914 to run task
[2024-07-14T11:31:02.667+0000] {standard_task_runner.py:90} INFO - Running: ['***', 'tasks', 'run', 'fetch_spread_values', 'fetch_and_compute_spread_btc_mxn', 'scheduled__2024-07-14T11:22:00+00:00', '--job-id', '1461', '--raw', '--subdir', 'DAGS_FOLDER/***.py', '--cfg-path', '/tmp/tmplhzndwtr']
[2024-07-14T11:31:02.688+0000] {standard_task_runner.py:91} INFO - Job 1461: Subtask fetch_and_compute_spread_btc_mxn
[2024-07-14T11:31:02.883+0000] {task_command.py:426} INFO - Running <TaskInstance: fetch_spread_values.fetch_and_compute_spread_btc_mxn scheduled__2024-07-14T11:22:00+00:00 [running]> on host d537c34a4880
[2024-07-14T11:31:03.102+0000] {taskinstance.py:2648} INFO - Exporting env vars: AIRFLOW_CTX_DAG_OWNER='***' AIRFLOW_CTX_DAG_ID='fetch_spread_values' AIRFLOW_CTX_TASK_ID='fetch_and_compute_spread_btc_mxn' AIRFLOW_CTX_EXECUTION_DATE='2024-07-14T11:22:00+00:00' AIRFLOW_CTX_TRY_NUMBER='1' AIRFLOW_CTX_DAG_RUN_ID='scheduled__2024-07-14T11:22:00+00:00'
[2024-07-14T11:31:03.112+0000] {taskinstance.py:430} INFO - ::endgroup::
[2024-07-14T11:31:03.428+0000] {python.py:237} INFO - Done. Returned value was: None
[2024-07-14T11:31:03.440+0000] {taskinstance.py:441} INFO - ::group::Post task execution logs
[2024-07-14T11:31:03.494+0000] {taskinstance.py:1206} INFO - Marking task as SUCCESS. dag_id=fetch_spread_values, task_id=fetch_and_compute_spread_btc_mxn, run_id=scheduled__2024-07-14T11:22:00+00:00, execution_date=20240714T112200, start_date=20240714T113102, end_date=20240714T113103
[2024-07-14T11:31:03.602+0000] {local_task_job_runner.py:240} INFO - Task exited with return code 0
[2024-07-14T11:31:03.658+0000] {taskinstance.py:3503} INFO - 0 downstream tasks scheduled from follow-on schedule check
[2024-07-14T11:31:03.681+0000] {local_task_job_runner.py:222} INFO - ::endgroup::
[2024-07-14T20:37:11.254+0000] {local_task_job_runner.py:120} INFO - ::group::Pre task execution logs
[2024-07-14T20:37:11.283+0000] {taskinstance.py:2076} INFO - Dependencies all met for dep_context=non-requeueable deps ti=<TaskInstance: fetch_spread_values.fetch_and_compute_spread_btc_mxn scheduled__2024-07-14T11:22:00+00:00 [queued]>
[2024-07-14T20:37:11.291+0000] {taskinstance.py:2076} INFO - Dependencies all met for dep_context=requeueable deps ti=<TaskInstance: fetch_spread_values.fetch_and_compute_spread_btc_mxn scheduled__2024-07-14T11:22:00+00:00 [queued]>
[2024-07-14T20:37:11.294+0000] {taskinstance.py:2306} INFO - Starting attempt 1 of 2
[2024-07-14T20:37:11.304+0000] {taskinstance.py:2330} INFO - Executing <Task(PythonOperator): fetch_and_compute_spread_btc_mxn> on 2024-07-14 11:22:00+00:00
[2024-07-14T20:37:11.310+0000] {logging_mixin.py:188} WARNING - /home/***/.local/lib/python3.12/site-packages/***/task/task_runner/standard_task_runner.py:61 DeprecationWarning: This process (pid=3208) is multi-threaded, use of fork() may lead to deadlocks in the child.
[2024-07-14T20:37:11.313+0000] {standard_task_runner.py:63} INFO - Started process 3216 to run task
[2024-07-14T20:37:11.311+0000] {standard_task_runner.py:90} INFO - Running: ['***', 'tasks', 'run', 'fetch_spread_values', 'fetch_and_compute_spread_btc_mxn', 'scheduled__2024-07-14T11:22:00+00:00', '--job-id', '1493', '--raw', '--subdir', 'DAGS_FOLDER/***.py', '--cfg-path', '/tmp/tmp5a5q_yo1']
[2024-07-14T20:37:11.316+0000] {standard_task_runner.py:91} INFO - Job 1493: Subtask fetch_and_compute_spread_btc_mxn
[2024-07-14T20:37:11.365+0000] {task_command.py:426} INFO - Running <TaskInstance: fetch_spread_values.fetch_and_compute_spread_btc_mxn scheduled__2024-07-14T11:22:00+00:00 [running]> on host 77caf7e4b282
[2024-07-14T20:37:11.428+0000] {taskinstance.py:2648} INFO - Exporting env vars: AIRFLOW_CTX_DAG_OWNER='***' AIRFLOW_CTX_DAG_ID='fetch_spread_values' AIRFLOW_CTX_TASK_ID='fetch_and_compute_spread_btc_mxn' AIRFLOW_CTX_EXECUTION_DATE='2024-07-14T11:22:00+00:00' AIRFLOW_CTX_TRY_NUMBER='1' AIRFLOW_CTX_DAG_RUN_ID='scheduled__2024-07-14T11:22:00+00:00'
[2024-07-14T20:37:11.430+0000] {taskinstance.py:430} INFO - ::endgroup::
[2024-07-14T20:37:11.596+0000] {python.py:237} INFO - Done. Returned value was: None
[2024-07-14T20:37:11.597+0000] {taskinstance.py:441} INFO - ::group::Post task execution logs
[2024-07-14T20:37:11.602+0000] {taskinstance.py:1206} INFO - Marking task as SUCCESS. dag_id=fetch_spread_values, task_id=fetch_and_compute_spread_btc_mxn, run_id=scheduled__2024-07-14T11:22:00+00:00, execution_date=20240714T112200, start_date=20240714T203711, end_date=20240714T203711
[2024-07-14T20:37:11.621+0000] {local_task_job_runner.py:240} INFO - Task exited with return code 0
[2024-07-14T20:37:11.631+0000] {taskinstance.py:3503} INFO - 0 downstream tasks scheduled from follow-on schedule check
[2024-07-14T20:37:11.632+0000] {local_task_job_runner.py:222} INFO - ::endgroup::
