[2024-07-14T09:01:04.002+0000] {local_task_job_runner.py:120} INFO - ::group::Pre task execution logs
[2024-07-14T09:01:04.048+0000] {taskinstance.py:2076} INFO - Dependencies all met for dep_context=non-requeueable deps ti=<TaskInstance: fetch_spread_values.fetch_and_compute_spread_btc_mxn scheduled__2024-07-14T04:33:00+00:00 [queued]>
[2024-07-14T09:01:04.091+0000] {taskinstance.py:2076} INFO - Dependencies all met for dep_context=requeueable deps ti=<TaskInstance: fetch_spread_values.fetch_and_compute_spread_btc_mxn scheduled__2024-07-14T04:33:00+00:00 [queued]>
[2024-07-14T09:01:04.099+0000] {taskinstance.py:2306} INFO - Starting attempt 1 of 2
[2024-07-14T09:01:04.184+0000] {taskinstance.py:2330} INFO - Executing <Task(PythonOperator): fetch_and_compute_spread_btc_mxn> on 2024-07-14 04:33:00+00:00
[2024-07-14T09:01:04.211+0000] {standard_task_runner.py:90} INFO - Running: ['***', 'tasks', 'run', 'fetch_spread_values', 'fetch_and_compute_spread_btc_mxn', 'scheduled__2024-07-14T04:33:00+00:00', '--job-id', '577', '--raw', '--subdir', 'DAGS_FOLDER/***.py', '--cfg-path', '/tmp/tmp8_65urqk']
[2024-07-14T09:01:04.230+0000] {warnings.py:112} WARNING - /home/***/.local/lib/python3.12/site-packages/***/task/task_runner/standard_task_runner.py:61: DeprecationWarning: This process (pid=1802) is multi-threaded, use of fork() may lead to deadlocks in the child.
  pid = os.fork()

[2024-07-14T09:01:04.231+0000] {standard_task_runner.py:63} INFO - Started process 1838 to run task
[2024-07-14T09:01:04.232+0000] {standard_task_runner.py:91} INFO - Job 577: Subtask fetch_and_compute_spread_btc_mxn
[2024-07-14T09:01:04.398+0000] {task_command.py:426} INFO - Running <TaskInstance: fetch_spread_values.fetch_and_compute_spread_btc_mxn scheduled__2024-07-14T04:33:00+00:00 [running]> on host d537c34a4880
[2024-07-14T09:01:04.591+0000] {taskinstance.py:2648} INFO - Exporting env vars: AIRFLOW_CTX_DAG_OWNER='***' AIRFLOW_CTX_DAG_ID='fetch_spread_values' AIRFLOW_CTX_TASK_ID='fetch_and_compute_spread_btc_mxn' AIRFLOW_CTX_EXECUTION_DATE='2024-07-14T04:33:00+00:00' AIRFLOW_CTX_TRY_NUMBER='1' AIRFLOW_CTX_DAG_RUN_ID='scheduled__2024-07-14T04:33:00+00:00'
[2024-07-14T09:01:04.595+0000] {taskinstance.py:430} INFO - ::endgroup::
[2024-07-14T09:01:04.831+0000] {python.py:237} INFO - Done. Returned value was: None
[2024-07-14T09:01:04.841+0000] {taskinstance.py:441} INFO - ::group::Post task execution logs
[2024-07-14T09:01:04.869+0000] {taskinstance.py:1206} INFO - Marking task as SUCCESS. dag_id=fetch_spread_values, task_id=fetch_and_compute_spread_btc_mxn, run_id=scheduled__2024-07-14T04:33:00+00:00, execution_date=20240714T043300, start_date=20240714T090104, end_date=20240714T090104
[2024-07-14T09:01:04.920+0000] {local_task_job_runner.py:240} INFO - Task exited with return code 0
[2024-07-14T09:01:04.968+0000] {taskinstance.py:3503} INFO - 0 downstream tasks scheduled from follow-on schedule check
[2024-07-14T09:01:04.984+0000] {local_task_job_runner.py:222} INFO - ::endgroup::
[2024-07-14T20:34:01.931+0000] {local_task_job_runner.py:120} INFO - ::group::Pre task execution logs
[2024-07-14T20:34:01.949+0000] {taskinstance.py:2076} INFO - Dependencies all met for dep_context=non-requeueable deps ti=<TaskInstance: fetch_spread_values.fetch_and_compute_spread_btc_mxn scheduled__2024-07-14T04:33:00+00:00 [queued]>
[2024-07-14T20:34:01.953+0000] {taskinstance.py:2076} INFO - Dependencies all met for dep_context=requeueable deps ti=<TaskInstance: fetch_spread_values.fetch_and_compute_spread_btc_mxn scheduled__2024-07-14T04:33:00+00:00 [queued]>
[2024-07-14T20:34:01.953+0000] {taskinstance.py:2306} INFO - Starting attempt 1 of 2
[2024-07-14T20:34:01.959+0000] {taskinstance.py:2330} INFO - Executing <Task(PythonOperator): fetch_and_compute_spread_btc_mxn> on 2024-07-14 04:33:00+00:00
[2024-07-14T20:34:01.963+0000] {logging_mixin.py:188} WARNING - /home/***/.local/lib/python3.12/site-packages/***/task/task_runner/standard_task_runner.py:61 DeprecationWarning: This process (pid=1298) is multi-threaded, use of fork() may lead to deadlocks in the child.
[2024-07-14T20:34:01.964+0000] {standard_task_runner.py:63} INFO - Started process 1300 to run task
[2024-07-14T20:34:01.963+0000] {standard_task_runner.py:90} INFO - Running: ['***', 'tasks', 'run', 'fetch_spread_values', 'fetch_and_compute_spread_btc_mxn', 'scheduled__2024-07-14T04:33:00+00:00', '--job-id', '550', '--raw', '--subdir', 'DAGS_FOLDER/***.py', '--cfg-path', '/tmp/tmpm54ltcm7']
[2024-07-14T20:34:01.965+0000] {standard_task_runner.py:91} INFO - Job 550: Subtask fetch_and_compute_spread_btc_mxn
[2024-07-14T20:34:01.992+0000] {task_command.py:426} INFO - Running <TaskInstance: fetch_spread_values.fetch_and_compute_spread_btc_mxn scheduled__2024-07-14T04:33:00+00:00 [running]> on host 77caf7e4b282
[2024-07-14T20:34:02.039+0000] {taskinstance.py:2648} INFO - Exporting env vars: AIRFLOW_CTX_DAG_OWNER='***' AIRFLOW_CTX_DAG_ID='fetch_spread_values' AIRFLOW_CTX_TASK_ID='fetch_and_compute_spread_btc_mxn' AIRFLOW_CTX_EXECUTION_DATE='2024-07-14T04:33:00+00:00' AIRFLOW_CTX_TRY_NUMBER='1' AIRFLOW_CTX_DAG_RUN_ID='scheduled__2024-07-14T04:33:00+00:00'
[2024-07-14T20:34:02.040+0000] {taskinstance.py:430} INFO - ::endgroup::
[2024-07-14T20:34:02.229+0000] {python.py:237} INFO - Done. Returned value was: None
[2024-07-14T20:34:02.230+0000] {taskinstance.py:441} INFO - ::group::Post task execution logs
[2024-07-14T20:34:02.237+0000] {taskinstance.py:1206} INFO - Marking task as SUCCESS. dag_id=fetch_spread_values, task_id=fetch_and_compute_spread_btc_mxn, run_id=scheduled__2024-07-14T04:33:00+00:00, execution_date=20240714T043300, start_date=20240714T203401, end_date=20240714T203402
[2024-07-14T20:34:02.268+0000] {local_task_job_runner.py:240} INFO - Task exited with return code 0
[2024-07-14T20:34:02.278+0000] {taskinstance.py:3503} INFO - 0 downstream tasks scheduled from follow-on schedule check
[2024-07-14T20:34:02.279+0000] {local_task_job_runner.py:222} INFO - ::endgroup::
