[2024-07-14T16:12:59.901+0000] {local_task_job_runner.py:120} INFO - ::group::Pre task execution logs
[2024-07-14T16:12:59.964+0000] {taskinstance.py:2076} INFO - Dependencies all met for dep_context=non-requeueable deps ti=<TaskInstance: fetch_spread_values.fetch_and_compute_spread_btc_mxn scheduled__2024-07-14T15:56:00+00:00 [queued]>
[2024-07-14T16:13:00.001+0000] {taskinstance.py:2076} INFO - Dependencies all met for dep_context=requeueable deps ti=<TaskInstance: fetch_spread_values.fetch_and_compute_spread_btc_mxn scheduled__2024-07-14T15:56:00+00:00 [queued]>
[2024-07-14T16:13:00.010+0000] {taskinstance.py:2306} INFO - Starting attempt 1 of 2
[2024-07-14T16:13:00.111+0000] {taskinstance.py:2330} INFO - Executing <Task(PythonOperator): fetch_and_compute_spread_btc_mxn> on 2024-07-14 15:56:00+00:00
[2024-07-14T16:13:00.127+0000] {warnings.py:112} WARNING - /home/***/.local/lib/python3.12/site-packages/***/task/task_runner/standard_task_runner.py:61: DeprecationWarning: This process (pid=6801) is multi-threaded, use of fork() may lead to deadlocks in the child.
  pid = os.fork()

[2024-07-14T16:13:00.157+0000] {standard_task_runner.py:63} INFO - Started process 6833 to run task
[2024-07-14T16:13:00.133+0000] {standard_task_runner.py:90} INFO - Running: ['***', 'tasks', 'run', 'fetch_spread_values', 'fetch_and_compute_spread_btc_mxn', 'scheduled__2024-07-14T15:56:00+00:00', '--job-id', '2049', '--raw', '--subdir', 'DAGS_FOLDER/***.py', '--cfg-path', '/tmp/tmphctwa28v']
[2024-07-14T16:13:00.172+0000] {standard_task_runner.py:91} INFO - Job 2049: Subtask fetch_and_compute_spread_btc_mxn
[2024-07-14T16:13:00.498+0000] {task_command.py:426} INFO - Running <TaskInstance: fetch_spread_values.fetch_and_compute_spread_btc_mxn scheduled__2024-07-14T15:56:00+00:00 [running]> on host d537c34a4880
[2024-07-14T16:13:01.347+0000] {taskinstance.py:2648} INFO - Exporting env vars: AIRFLOW_CTX_DAG_OWNER='***' AIRFLOW_CTX_DAG_ID='fetch_spread_values' AIRFLOW_CTX_TASK_ID='fetch_and_compute_spread_btc_mxn' AIRFLOW_CTX_EXECUTION_DATE='2024-07-14T15:56:00+00:00' AIRFLOW_CTX_TRY_NUMBER='1' AIRFLOW_CTX_DAG_RUN_ID='scheduled__2024-07-14T15:56:00+00:00'
[2024-07-14T16:13:01.439+0000] {taskinstance.py:430} INFO - ::endgroup::
[2024-07-14T16:13:02.153+0000] {python.py:237} INFO - Done. Returned value was: None
[2024-07-14T16:13:02.166+0000] {taskinstance.py:441} INFO - ::group::Post task execution logs
[2024-07-14T16:13:02.199+0000] {taskinstance.py:1206} INFO - Marking task as SUCCESS. dag_id=fetch_spread_values, task_id=fetch_and_compute_spread_btc_mxn, run_id=scheduled__2024-07-14T15:56:00+00:00, execution_date=20240714T155600, start_date=20240714T161259, end_date=20240714T161302
[2024-07-14T16:13:02.307+0000] {local_task_job_runner.py:240} INFO - Task exited with return code 0
[2024-07-14T16:13:02.500+0000] {taskinstance.py:3503} INFO - 0 downstream tasks scheduled from follow-on schedule check
[2024-07-14T16:13:02.528+0000] {local_task_job_runner.py:222} INFO - ::endgroup::
[2024-07-14T20:38:49.822+0000] {local_task_job_runner.py:120} INFO - ::group::Pre task execution logs
[2024-07-14T20:38:49.843+0000] {taskinstance.py:2076} INFO - Dependencies all met for dep_context=non-requeueable deps ti=<TaskInstance: fetch_spread_values.fetch_and_compute_spread_btc_mxn scheduled__2024-07-14T15:56:00+00:00 [queued]>
[2024-07-14T20:38:49.848+0000] {taskinstance.py:2076} INFO - Dependencies all met for dep_context=requeueable deps ti=<TaskInstance: fetch_spread_values.fetch_and_compute_spread_btc_mxn scheduled__2024-07-14T15:56:00+00:00 [queued]>
[2024-07-14T20:38:49.848+0000] {taskinstance.py:2306} INFO - Starting attempt 1 of 2
[2024-07-14T20:38:49.855+0000] {taskinstance.py:2330} INFO - Executing <Task(PythonOperator): fetch_and_compute_spread_btc_mxn> on 2024-07-14 15:56:00+00:00
[2024-07-14T20:38:49.859+0000] {logging_mixin.py:188} WARNING - /home/***/.local/lib/python3.12/site-packages/***/task/task_runner/standard_task_runner.py:61 DeprecationWarning: This process (pid=4325) is multi-threaded, use of fork() may lead to deadlocks in the child.
[2024-07-14T20:38:49.860+0000] {standard_task_runner.py:63} INFO - Started process 4329 to run task
[2024-07-14T20:38:49.859+0000] {standard_task_runner.py:90} INFO - Running: ['***', 'tasks', 'run', 'fetch_spread_values', 'fetch_and_compute_spread_btc_mxn', 'scheduled__2024-07-14T15:56:00+00:00', '--job-id', '2040', '--raw', '--subdir', 'DAGS_FOLDER/***.py', '--cfg-path', '/tmp/tmp1bclx5d1']
[2024-07-14T20:38:49.860+0000] {standard_task_runner.py:91} INFO - Job 2040: Subtask fetch_and_compute_spread_btc_mxn
[2024-07-14T20:38:49.888+0000] {task_command.py:426} INFO - Running <TaskInstance: fetch_spread_values.fetch_and_compute_spread_btc_mxn scheduled__2024-07-14T15:56:00+00:00 [running]> on host 77caf7e4b282
[2024-07-14T20:38:49.956+0000] {taskinstance.py:2648} INFO - Exporting env vars: AIRFLOW_CTX_DAG_OWNER='***' AIRFLOW_CTX_DAG_ID='fetch_spread_values' AIRFLOW_CTX_TASK_ID='fetch_and_compute_spread_btc_mxn' AIRFLOW_CTX_EXECUTION_DATE='2024-07-14T15:56:00+00:00' AIRFLOW_CTX_TRY_NUMBER='1' AIRFLOW_CTX_DAG_RUN_ID='scheduled__2024-07-14T15:56:00+00:00'
[2024-07-14T20:38:49.958+0000] {taskinstance.py:430} INFO - ::endgroup::
[2024-07-14T20:38:50.119+0000] {python.py:237} INFO - Done. Returned value was: None
[2024-07-14T20:38:50.119+0000] {taskinstance.py:441} INFO - ::group::Post task execution logs
[2024-07-14T20:38:50.125+0000] {taskinstance.py:1206} INFO - Marking task as SUCCESS. dag_id=fetch_spread_values, task_id=fetch_and_compute_spread_btc_mxn, run_id=scheduled__2024-07-14T15:56:00+00:00, execution_date=20240714T155600, start_date=20240714T203849, end_date=20240714T203850
[2024-07-14T20:38:50.164+0000] {local_task_job_runner.py:240} INFO - Task exited with return code 0
[2024-07-14T20:38:50.174+0000] {taskinstance.py:3503} INFO - 0 downstream tasks scheduled from follow-on schedule check
[2024-07-14T20:38:50.175+0000] {local_task_job_runner.py:222} INFO - ::endgroup::
