[2024-07-14T15:54:17.253+0000] {local_task_job_runner.py:120} INFO - ::group::Pre task execution logs
[2024-07-14T15:54:17.300+0000] {taskinstance.py:2076} INFO - Dependencies all met for dep_context=non-requeueable deps ti=<TaskInstance: save_spread_values.save_and_flush_task scheduled__2024-07-14T15:30:00+00:00 [queued]>
[2024-07-14T15:54:17.337+0000] {taskinstance.py:2076} INFO - Dependencies all met for dep_context=requeueable deps ti=<TaskInstance: save_spread_values.save_and_flush_task scheduled__2024-07-14T15:30:00+00:00 [queued]>
[2024-07-14T15:54:17.359+0000] {taskinstance.py:2306} INFO - Starting attempt 1 of 2
[2024-07-14T15:54:17.470+0000] {taskinstance.py:2330} INFO - Executing <Task(PythonOperator): save_and_flush_task> on 2024-07-14 15:30:00+00:00
[2024-07-14T15:54:17.514+0000] {warnings.py:112} WARNING - /home/***/.local/lib/python3.12/site-packages/***/task/task_runner/standard_task_runner.py:61: DeprecationWarning: This process (pid=6667) is multi-threaded, use of fork() may lead to deadlocks in the child.
  pid = os.fork()

[2024-07-14T15:54:17.530+0000] {standard_task_runner.py:63} INFO - Started process 6689 to run task
[2024-07-14T15:54:17.527+0000] {standard_task_runner.py:90} INFO - Running: ['***', 'tasks', 'run', 'save_spread_values', 'save_and_flush_task', 'scheduled__2024-07-14T15:30:00+00:00', '--job-id', '2003', '--raw', '--subdir', 'DAGS_FOLDER/***.py', '--cfg-path', '/tmp/tmpwxttzzaj']
[2024-07-14T15:54:17.560+0000] {standard_task_runner.py:91} INFO - Job 2003: Subtask save_and_flush_task
[2024-07-14T15:54:17.738+0000] {task_command.py:426} INFO - Running <TaskInstance: save_spread_values.save_and_flush_task scheduled__2024-07-14T15:30:00+00:00 [running]> on host d537c34a4880
[2024-07-14T15:54:17.969+0000] {taskinstance.py:2648} INFO - Exporting env vars: AIRFLOW_CTX_DAG_OWNER='***' AIRFLOW_CTX_DAG_ID='save_spread_values' AIRFLOW_CTX_TASK_ID='save_and_flush_task' AIRFLOW_CTX_EXECUTION_DATE='2024-07-14T15:30:00+00:00' AIRFLOW_CTX_TRY_NUMBER='1' AIRFLOW_CTX_DAG_RUN_ID='scheduled__2024-07-14T15:30:00+00:00'
[2024-07-14T15:54:17.976+0000] {taskinstance.py:430} INFO - ::endgroup::
[2024-07-14T15:54:17.978+0000] {python.py:237} INFO - Done. Returned value was: None
[2024-07-14T15:54:17.980+0000] {taskinstance.py:441} INFO - ::group::Post task execution logs
[2024-07-14T15:54:18.013+0000] {taskinstance.py:1206} INFO - Marking task as SUCCESS. dag_id=save_spread_values, task_id=save_and_flush_task, run_id=scheduled__2024-07-14T15:30:00+00:00, execution_date=20240714T153000, start_date=20240714T155417, end_date=20240714T155418
[2024-07-14T15:54:18.057+0000] {local_task_job_runner.py:240} INFO - Task exited with return code 0
[2024-07-14T15:54:18.090+0000] {taskinstance.py:3503} INFO - 0 downstream tasks scheduled from follow-on schedule check
[2024-07-14T15:54:18.103+0000] {local_task_job_runner.py:222} INFO - ::endgroup::
[2024-07-14T20:35:19.285+0000] {local_task_job_runner.py:120} INFO - ::group::Pre task execution logs
[2024-07-14T20:35:19.301+0000] {taskinstance.py:2076} INFO - Dependencies all met for dep_context=non-requeueable deps ti=<TaskInstance: save_spread_values.save_and_flush_task scheduled__2024-07-14T15:30:00+00:00 [queued]>
[2024-07-14T20:35:19.305+0000] {taskinstance.py:2076} INFO - Dependencies all met for dep_context=requeueable deps ti=<TaskInstance: save_spread_values.save_and_flush_task scheduled__2024-07-14T15:30:00+00:00 [queued]>
[2024-07-14T20:35:19.306+0000] {taskinstance.py:2306} INFO - Starting attempt 1 of 2
[2024-07-14T20:35:19.313+0000] {taskinstance.py:2330} INFO - Executing <Task(PythonOperator): save_and_flush_task> on 2024-07-14 15:30:00+00:00
[2024-07-14T20:35:19.316+0000] {logging_mixin.py:188} WARNING - /home/***/.local/lib/python3.12/site-packages/***/task/task_runner/standard_task_runner.py:61 DeprecationWarning: This process (pid=2190) is multi-threaded, use of fork() may lead to deadlocks in the child.
[2024-07-14T20:35:19.317+0000] {standard_task_runner.py:63} INFO - Started process 2192 to run task
[2024-07-14T20:35:19.317+0000] {standard_task_runner.py:90} INFO - Running: ['***', 'tasks', 'run', 'save_spread_values', 'save_and_flush_task', 'scheduled__2024-07-14T15:30:00+00:00', '--job-id', '990', '--raw', '--subdir', 'DAGS_FOLDER/***.py', '--cfg-path', '/tmp/tmpdd10tul1']
[2024-07-14T20:35:19.318+0000] {standard_task_runner.py:91} INFO - Job 990: Subtask save_and_flush_task
[2024-07-14T20:35:19.344+0000] {task_command.py:426} INFO - Running <TaskInstance: save_spread_values.save_and_flush_task scheduled__2024-07-14T15:30:00+00:00 [running]> on host 77caf7e4b282
[2024-07-14T20:35:19.389+0000] {taskinstance.py:2648} INFO - Exporting env vars: AIRFLOW_CTX_DAG_OWNER='***' AIRFLOW_CTX_DAG_ID='save_spread_values' AIRFLOW_CTX_TASK_ID='save_and_flush_task' AIRFLOW_CTX_EXECUTION_DATE='2024-07-14T15:30:00+00:00' AIRFLOW_CTX_TRY_NUMBER='1' AIRFLOW_CTX_DAG_RUN_ID='scheduled__2024-07-14T15:30:00+00:00'
[2024-07-14T20:35:19.390+0000] {taskinstance.py:430} INFO - ::endgroup::
[2024-07-14T20:35:19.395+0000] {python.py:237} INFO - Done. Returned value was: None
[2024-07-14T20:35:19.396+0000] {taskinstance.py:441} INFO - ::group::Post task execution logs
[2024-07-14T20:35:19.402+0000] {taskinstance.py:1206} INFO - Marking task as SUCCESS. dag_id=save_spread_values, task_id=save_and_flush_task, run_id=scheduled__2024-07-14T15:30:00+00:00, execution_date=20240714T153000, start_date=20240714T203519, end_date=20240714T203519
[2024-07-14T20:35:19.417+0000] {local_task_job_runner.py:240} INFO - Task exited with return code 0
[2024-07-14T20:35:19.439+0000] {taskinstance.py:3503} INFO - 0 downstream tasks scheduled from follow-on schedule check
[2024-07-14T20:35:19.440+0000] {local_task_job_runner.py:222} INFO - ::endgroup::
