[2024-07-14T16:34:05.966+0000] {local_task_job_runner.py:120} INFO - ::group::Pre task execution logs
[2024-07-14T16:34:05.980+0000] {taskinstance.py:2076} INFO - Dependencies all met for dep_context=non-requeueable deps ti=<TaskInstance: fetch_spread_values.fetch_and_compute_spread_btc_mxn scheduled__2024-07-14T16:33:00+00:00 [queued]>
[2024-07-14T16:34:05.986+0000] {taskinstance.py:2076} INFO - Dependencies all met for dep_context=requeueable deps ti=<TaskInstance: fetch_spread_values.fetch_and_compute_spread_btc_mxn scheduled__2024-07-14T16:33:00+00:00 [queued]>
[2024-07-14T16:34:05.986+0000] {taskinstance.py:2306} INFO - Starting attempt 1 of 2
[2024-07-14T16:34:05.996+0000] {taskinstance.py:2330} INFO - Executing <Task(PythonOperator): fetch_and_compute_spread_btc_mxn> on 2024-07-14 16:33:00+00:00
[2024-07-14T16:34:06.000+0000] {warnings.py:112} WARNING - /home/***/.local/lib/python3.12/site-packages/***/task/task_runner/standard_task_runner.py:61: DeprecationWarning: This process (pid=7046) is multi-threaded, use of fork() may lead to deadlocks in the child.
  pid = os.fork()

[2024-07-14T16:34:06.002+0000] {standard_task_runner.py:63} INFO - Started process 7062 to run task
[2024-07-14T16:34:06.002+0000] {standard_task_runner.py:90} INFO - Running: ['***', 'tasks', 'run', 'fetch_spread_values', 'fetch_and_compute_spread_btc_mxn', 'scheduled__2024-07-14T16:33:00+00:00', '--job-id', '2125', '--raw', '--subdir', 'DAGS_FOLDER/***.py', '--cfg-path', '/tmp/tmpp6ur1ovr']
[2024-07-14T16:34:06.005+0000] {standard_task_runner.py:91} INFO - Job 2125: Subtask fetch_and_compute_spread_btc_mxn
[2024-07-14T16:34:06.036+0000] {task_command.py:426} INFO - Running <TaskInstance: fetch_spread_values.fetch_and_compute_spread_btc_mxn scheduled__2024-07-14T16:33:00+00:00 [running]> on host d537c34a4880
[2024-07-14T16:34:06.104+0000] {taskinstance.py:2648} INFO - Exporting env vars: AIRFLOW_CTX_DAG_OWNER='***' AIRFLOW_CTX_DAG_ID='fetch_spread_values' AIRFLOW_CTX_TASK_ID='fetch_and_compute_spread_btc_mxn' AIRFLOW_CTX_EXECUTION_DATE='2024-07-14T16:33:00+00:00' AIRFLOW_CTX_TRY_NUMBER='1' AIRFLOW_CTX_DAG_RUN_ID='scheduled__2024-07-14T16:33:00+00:00'
[2024-07-14T16:34:06.107+0000] {taskinstance.py:430} INFO - ::endgroup::
[2024-07-14T16:34:06.262+0000] {python.py:237} INFO - Done. Returned value was: None
[2024-07-14T16:34:06.265+0000] {taskinstance.py:441} INFO - ::group::Post task execution logs
[2024-07-14T16:34:06.279+0000] {taskinstance.py:1206} INFO - Marking task as SUCCESS. dag_id=fetch_spread_values, task_id=fetch_and_compute_spread_btc_mxn, run_id=scheduled__2024-07-14T16:33:00+00:00, execution_date=20240714T163300, start_date=20240714T163405, end_date=20240714T163406
[2024-07-14T16:34:06.309+0000] {local_task_job_runner.py:240} INFO - Task exited with return code 0
[2024-07-14T16:34:06.321+0000] {taskinstance.py:3503} INFO - 0 downstream tasks scheduled from follow-on schedule check
[2024-07-14T16:34:06.322+0000] {local_task_job_runner.py:222} INFO - ::endgroup::
[2024-07-14T20:39:05.027+0000] {local_task_job_runner.py:120} INFO - ::group::Pre task execution logs
[2024-07-14T20:39:05.069+0000] {taskinstance.py:2076} INFO - Dependencies all met for dep_context=non-requeueable deps ti=<TaskInstance: fetch_spread_values.fetch_and_compute_spread_btc_mxn scheduled__2024-07-14T16:33:00+00:00 [queued]>
[2024-07-14T20:39:05.083+0000] {taskinstance.py:2076} INFO - Dependencies all met for dep_context=requeueable deps ti=<TaskInstance: fetch_spread_values.fetch_and_compute_spread_btc_mxn scheduled__2024-07-14T16:33:00+00:00 [queued]>
[2024-07-14T20:39:05.084+0000] {taskinstance.py:2306} INFO - Starting attempt 1 of 2
[2024-07-14T20:39:05.130+0000] {taskinstance.py:2330} INFO - Executing <Task(PythonOperator): fetch_and_compute_spread_btc_mxn> on 2024-07-14 16:33:00+00:00
[2024-07-14T20:39:05.138+0000] {standard_task_runner.py:90} INFO - Running: ['***', 'tasks', 'run', 'fetch_spread_values', 'fetch_and_compute_spread_btc_mxn', 'scheduled__2024-07-14T16:33:00+00:00', '--job-id', '2115', '--raw', '--subdir', 'DAGS_FOLDER/***.py', '--cfg-path', '/tmp/tmpy__7tkik']
[2024-07-14T20:39:05.144+0000] {standard_task_runner.py:91} INFO - Job 2115: Subtask fetch_and_compute_spread_btc_mxn
[2024-07-14T20:39:05.147+0000] {logging_mixin.py:188} WARNING - /home/***/.local/lib/python3.12/site-packages/***/task/task_runner/standard_task_runner.py:61 DeprecationWarning: This process (pid=4471) is multi-threaded, use of fork() may lead to deadlocks in the child.
[2024-07-14T20:39:05.151+0000] {standard_task_runner.py:63} INFO - Started process 4480 to run task
[2024-07-14T20:39:05.226+0000] {task_command.py:426} INFO - Running <TaskInstance: fetch_spread_values.fetch_and_compute_spread_btc_mxn scheduled__2024-07-14T16:33:00+00:00 [running]> on host 77caf7e4b282
[2024-07-14T20:39:05.334+0000] {taskinstance.py:2648} INFO - Exporting env vars: AIRFLOW_CTX_DAG_OWNER='***' AIRFLOW_CTX_DAG_ID='fetch_spread_values' AIRFLOW_CTX_TASK_ID='fetch_and_compute_spread_btc_mxn' AIRFLOW_CTX_EXECUTION_DATE='2024-07-14T16:33:00+00:00' AIRFLOW_CTX_TRY_NUMBER='1' AIRFLOW_CTX_DAG_RUN_ID='scheduled__2024-07-14T16:33:00+00:00'
[2024-07-14T20:39:05.336+0000] {taskinstance.py:430} INFO - ::endgroup::
[2024-07-14T20:39:05.551+0000] {python.py:237} INFO - Done. Returned value was: None
[2024-07-14T20:39:05.552+0000] {taskinstance.py:441} INFO - ::group::Post task execution logs
[2024-07-14T20:39:05.557+0000] {taskinstance.py:1206} INFO - Marking task as SUCCESS. dag_id=fetch_spread_values, task_id=fetch_and_compute_spread_btc_mxn, run_id=scheduled__2024-07-14T16:33:00+00:00, execution_date=20240714T163300, start_date=20240714T203905, end_date=20240714T203905
[2024-07-14T20:39:05.586+0000] {local_task_job_runner.py:240} INFO - Task exited with return code 0
[2024-07-14T20:39:05.596+0000] {taskinstance.py:3503} INFO - 0 downstream tasks scheduled from follow-on schedule check
[2024-07-14T20:39:05.599+0000] {local_task_job_runner.py:222} INFO - ::endgroup::
