[2024-07-14T14:12:21.106+0000] {local_task_job_runner.py:120} INFO - ::group::Pre task execution logs
[2024-07-14T14:12:21.184+0000] {taskinstance.py:2076} INFO - Dependencies all met for dep_context=non-requeueable deps ti=<TaskInstance: fetch_spread_values.fetch_and_compute_spread_btc_mxn scheduled__2024-07-14T13:58:00+00:00 [queued]>
[2024-07-14T14:12:21.233+0000] {taskinstance.py:2076} INFO - Dependencies all met for dep_context=requeueable deps ti=<TaskInstance: fetch_spread_values.fetch_and_compute_spread_btc_mxn scheduled__2024-07-14T13:58:00+00:00 [queued]>
[2024-07-14T14:12:21.249+0000] {taskinstance.py:2306} INFO - Starting attempt 1 of 2
[2024-07-14T14:12:21.310+0000] {taskinstance.py:2330} INFO - Executing <Task(PythonOperator): fetch_and_compute_spread_btc_mxn> on 2024-07-14 13:58:00+00:00
[2024-07-14T14:12:21.367+0000] {warnings.py:112} WARNING - /home/***/.local/lib/python3.12/site-packages/***/task/task_runner/standard_task_runner.py:61: DeprecationWarning: This process (pid=5978) is multi-threaded, use of fork() may lead to deadlocks in the child.
  pid = os.fork()

[2024-07-14T14:12:21.374+0000] {standard_task_runner.py:63} INFO - Started process 6004 to run task
[2024-07-14T14:12:21.385+0000] {standard_task_runner.py:90} INFO - Running: ['***', 'tasks', 'run', 'fetch_spread_values', 'fetch_and_compute_spread_btc_mxn', 'scheduled__2024-07-14T13:58:00+00:00', '--job-id', '1796', '--raw', '--subdir', 'DAGS_FOLDER/***.py', '--cfg-path', '/tmp/tmp2gb17pzs']
[2024-07-14T14:12:21.393+0000] {standard_task_runner.py:91} INFO - Job 1796: Subtask fetch_and_compute_spread_btc_mxn
[2024-07-14T14:12:21.574+0000] {task_command.py:426} INFO - Running <TaskInstance: fetch_spread_values.fetch_and_compute_spread_btc_mxn scheduled__2024-07-14T13:58:00+00:00 [running]> on host d537c34a4880
[2024-07-14T14:12:21.871+0000] {taskinstance.py:2648} INFO - Exporting env vars: AIRFLOW_CTX_DAG_OWNER='***' AIRFLOW_CTX_DAG_ID='fetch_spread_values' AIRFLOW_CTX_TASK_ID='fetch_and_compute_spread_btc_mxn' AIRFLOW_CTX_EXECUTION_DATE='2024-07-14T13:58:00+00:00' AIRFLOW_CTX_TRY_NUMBER='1' AIRFLOW_CTX_DAG_RUN_ID='scheduled__2024-07-14T13:58:00+00:00'
[2024-07-14T14:12:21.879+0000] {taskinstance.py:430} INFO - ::endgroup::
[2024-07-14T14:12:22.180+0000] {python.py:237} INFO - Done. Returned value was: None
[2024-07-14T14:12:22.188+0000] {taskinstance.py:441} INFO - ::group::Post task execution logs
[2024-07-14T14:12:22.210+0000] {taskinstance.py:1206} INFO - Marking task as SUCCESS. dag_id=fetch_spread_values, task_id=fetch_and_compute_spread_btc_mxn, run_id=scheduled__2024-07-14T13:58:00+00:00, execution_date=20240714T135800, start_date=20240714T141221, end_date=20240714T141222
[2024-07-14T14:12:22.262+0000] {local_task_job_runner.py:240} INFO - Task exited with return code 0
[2024-07-14T14:12:22.302+0000] {taskinstance.py:3503} INFO - 0 downstream tasks scheduled from follow-on schedule check
[2024-07-14T14:12:22.336+0000] {local_task_job_runner.py:222} INFO - ::endgroup::
[2024-07-14T20:38:10.892+0000] {local_task_job_runner.py:120} INFO - ::group::Pre task execution logs
[2024-07-14T20:38:10.918+0000] {taskinstance.py:2076} INFO - Dependencies all met for dep_context=non-requeueable deps ti=<TaskInstance: fetch_spread_values.fetch_and_compute_spread_btc_mxn scheduled__2024-07-14T13:58:00+00:00 [queued]>
[2024-07-14T20:38:10.922+0000] {taskinstance.py:2076} INFO - Dependencies all met for dep_context=requeueable deps ti=<TaskInstance: fetch_spread_values.fetch_and_compute_spread_btc_mxn scheduled__2024-07-14T13:58:00+00:00 [queued]>
[2024-07-14T20:38:10.923+0000] {taskinstance.py:2306} INFO - Starting attempt 1 of 2
[2024-07-14T20:38:10.931+0000] {taskinstance.py:2330} INFO - Executing <Task(PythonOperator): fetch_and_compute_spread_btc_mxn> on 2024-07-14 13:58:00+00:00
[2024-07-14T20:38:10.936+0000] {logging_mixin.py:188} WARNING - /home/***/.local/lib/python3.12/site-packages/***/task/task_runner/standard_task_runner.py:61 DeprecationWarning: This process (pid=3844) is multi-threaded, use of fork() may lead to deadlocks in the child.
[2024-07-14T20:38:10.937+0000] {standard_task_runner.py:90} INFO - Running: ['***', 'tasks', 'run', 'fetch_spread_values', 'fetch_and_compute_spread_btc_mxn', 'scheduled__2024-07-14T13:58:00+00:00', '--job-id', '1805', '--raw', '--subdir', 'DAGS_FOLDER/***.py', '--cfg-path', '/tmp/tmpsslmdutm']
[2024-07-14T20:38:10.937+0000] {standard_task_runner.py:63} INFO - Started process 3850 to run task
[2024-07-14T20:38:10.939+0000] {standard_task_runner.py:91} INFO - Job 1805: Subtask fetch_and_compute_spread_btc_mxn
[2024-07-14T20:38:10.972+0000] {task_command.py:426} INFO - Running <TaskInstance: fetch_spread_values.fetch_and_compute_spread_btc_mxn scheduled__2024-07-14T13:58:00+00:00 [running]> on host 77caf7e4b282
[2024-07-14T20:38:11.025+0000] {taskinstance.py:2648} INFO - Exporting env vars: AIRFLOW_CTX_DAG_OWNER='***' AIRFLOW_CTX_DAG_ID='fetch_spread_values' AIRFLOW_CTX_TASK_ID='fetch_and_compute_spread_btc_mxn' AIRFLOW_CTX_EXECUTION_DATE='2024-07-14T13:58:00+00:00' AIRFLOW_CTX_TRY_NUMBER='1' AIRFLOW_CTX_DAG_RUN_ID='scheduled__2024-07-14T13:58:00+00:00'
[2024-07-14T20:38:11.026+0000] {taskinstance.py:430} INFO - ::endgroup::
[2024-07-14T20:38:11.208+0000] {python.py:237} INFO - Done. Returned value was: None
[2024-07-14T20:38:11.209+0000] {taskinstance.py:441} INFO - ::group::Post task execution logs
[2024-07-14T20:38:11.214+0000] {taskinstance.py:1206} INFO - Marking task as SUCCESS. dag_id=fetch_spread_values, task_id=fetch_and_compute_spread_btc_mxn, run_id=scheduled__2024-07-14T13:58:00+00:00, execution_date=20240714T135800, start_date=20240714T203810, end_date=20240714T203811
[2024-07-14T20:38:11.244+0000] {local_task_job_runner.py:240} INFO - Task exited with return code 0
[2024-07-14T20:38:11.252+0000] {taskinstance.py:3503} INFO - 0 downstream tasks scheduled from follow-on schedule check
[2024-07-14T20:38:11.254+0000] {local_task_job_runner.py:222} INFO - ::endgroup::
