[2024-07-14T08:57:11.509+0000] {local_task_job_runner.py:120} INFO - ::group::Pre task execution logs
[2024-07-14T08:57:11.536+0000] {taskinstance.py:2076} INFO - Dependencies all met for dep_context=non-requeueable deps ti=<TaskInstance: fetch_spread_values.fetch_and_compute_spread_btc_mxn scheduled__2024-07-14T00:22:00+00:00 [queued]>
[2024-07-14T08:57:11.606+0000] {taskinstance.py:2076} INFO - Dependencies all met for dep_context=requeueable deps ti=<TaskInstance: fetch_spread_values.fetch_and_compute_spread_btc_mxn scheduled__2024-07-14T00:22:00+00:00 [queued]>
[2024-07-14T08:57:11.613+0000] {taskinstance.py:2306} INFO - Starting attempt 1 of 2
[2024-07-14T08:57:11.771+0000] {taskinstance.py:2330} INFO - Executing <Task(PythonOperator): fetch_and_compute_spread_btc_mxn> on 2024-07-14 00:22:00+00:00
[2024-07-14T08:57:11.950+0000] {standard_task_runner.py:90} INFO - Running: ['***', 'tasks', 'run', 'fetch_spread_values', 'fetch_and_compute_spread_btc_mxn', 'scheduled__2024-07-14T00:22:00+00:00', '--job-id', '73', '--raw', '--subdir', 'DAGS_FOLDER/***.py', '--cfg-path', '/tmp/tmpcubuobwk']
[2024-07-14T08:57:11.983+0000] {standard_task_runner.py:91} INFO - Job 73: Subtask fetch_and_compute_spread_btc_mxn
[2024-07-14T08:57:11.941+0000] {warnings.py:112} WARNING - /home/***/.local/lib/python3.12/site-packages/***/task/task_runner/standard_task_runner.py:61: DeprecationWarning: This process (pid=252) is multi-threaded, use of fork() may lead to deadlocks in the child.
  pid = os.fork()

[2024-07-14T08:57:11.992+0000] {standard_task_runner.py:63} INFO - Started process 276 to run task
[2024-07-14T08:57:12.204+0000] {task_command.py:426} INFO - Running <TaskInstance: fetch_spread_values.fetch_and_compute_spread_btc_mxn scheduled__2024-07-14T00:22:00+00:00 [running]> on host d537c34a4880
[2024-07-14T08:57:12.523+0000] {taskinstance.py:2648} INFO - Exporting env vars: AIRFLOW_CTX_DAG_OWNER='***' AIRFLOW_CTX_DAG_ID='fetch_spread_values' AIRFLOW_CTX_TASK_ID='fetch_and_compute_spread_btc_mxn' AIRFLOW_CTX_EXECUTION_DATE='2024-07-14T00:22:00+00:00' AIRFLOW_CTX_TRY_NUMBER='1' AIRFLOW_CTX_DAG_RUN_ID='scheduled__2024-07-14T00:22:00+00:00'
[2024-07-14T08:57:12.552+0000] {taskinstance.py:430} INFO - ::endgroup::
[2024-07-14T08:57:13.033+0000] {python.py:237} INFO - Done. Returned value was: None
[2024-07-14T08:57:13.040+0000] {taskinstance.py:441} INFO - ::group::Post task execution logs
[2024-07-14T08:57:13.067+0000] {taskinstance.py:1206} INFO - Marking task as SUCCESS. dag_id=fetch_spread_values, task_id=fetch_and_compute_spread_btc_mxn, run_id=scheduled__2024-07-14T00:22:00+00:00, execution_date=20240714T002200, start_date=20240714T085711, end_date=20240714T085713
[2024-07-14T08:57:13.242+0000] {local_task_job_runner.py:240} INFO - Task exited with return code 0
[2024-07-14T08:57:13.328+0000] {taskinstance.py:3503} INFO - 0 downstream tasks scheduled from follow-on schedule check
[2024-07-14T08:57:13.341+0000] {local_task_job_runner.py:222} INFO - ::endgroup::
[2024-07-14T20:32:10.690+0000] {local_task_job_runner.py:120} INFO - ::group::Pre task execution logs
[2024-07-14T20:32:10.743+0000] {taskinstance.py:2076} INFO - Dependencies all met for dep_context=non-requeueable deps ti=<TaskInstance: fetch_spread_values.fetch_and_compute_spread_btc_mxn scheduled__2024-07-14T00:22:00+00:00 [queued]>
[2024-07-14T20:32:10.750+0000] {taskinstance.py:2076} INFO - Dependencies all met for dep_context=requeueable deps ti=<TaskInstance: fetch_spread_values.fetch_and_compute_spread_btc_mxn scheduled__2024-07-14T00:22:00+00:00 [queued]>
[2024-07-14T20:32:10.751+0000] {taskinstance.py:2306} INFO - Starting attempt 1 of 2
[2024-07-14T20:32:10.790+0000] {taskinstance.py:2330} INFO - Executing <Task(PythonOperator): fetch_and_compute_spread_btc_mxn> on 2024-07-14 00:22:00+00:00
[2024-07-14T20:32:10.813+0000] {logging_mixin.py:188} WARNING - /home/***/.local/lib/python3.12/site-packages/***/task/task_runner/standard_task_runner.py:61 DeprecationWarning: This process (pid=267) is multi-threaded, use of fork() may lead to deadlocks in the child.
[2024-07-14T20:32:10.817+0000] {standard_task_runner.py:63} INFO - Started process 282 to run task
[2024-07-14T20:32:10.815+0000] {standard_task_runner.py:90} INFO - Running: ['***', 'tasks', 'run', 'fetch_spread_values', 'fetch_and_compute_spread_btc_mxn', 'scheduled__2024-07-14T00:22:00+00:00', '--job-id', '47', '--raw', '--subdir', 'DAGS_FOLDER/***.py', '--cfg-path', '/tmp/tmpj0oepncd']
[2024-07-14T20:32:10.823+0000] {standard_task_runner.py:91} INFO - Job 47: Subtask fetch_and_compute_spread_btc_mxn
[2024-07-14T20:32:10.900+0000] {task_command.py:426} INFO - Running <TaskInstance: fetch_spread_values.fetch_and_compute_spread_btc_mxn scheduled__2024-07-14T00:22:00+00:00 [running]> on host 77caf7e4b282
[2024-07-14T20:32:10.999+0000] {taskinstance.py:2648} INFO - Exporting env vars: AIRFLOW_CTX_DAG_OWNER='***' AIRFLOW_CTX_DAG_ID='fetch_spread_values' AIRFLOW_CTX_TASK_ID='fetch_and_compute_spread_btc_mxn' AIRFLOW_CTX_EXECUTION_DATE='2024-07-14T00:22:00+00:00' AIRFLOW_CTX_TRY_NUMBER='1' AIRFLOW_CTX_DAG_RUN_ID='scheduled__2024-07-14T00:22:00+00:00'
[2024-07-14T20:32:11.006+0000] {taskinstance.py:430} INFO - ::endgroup::
[2024-07-14T20:32:11.209+0000] {python.py:237} INFO - Done. Returned value was: None
[2024-07-14T20:32:11.212+0000] {taskinstance.py:441} INFO - ::group::Post task execution logs
[2024-07-14T20:32:11.223+0000] {taskinstance.py:1206} INFO - Marking task as SUCCESS. dag_id=fetch_spread_values, task_id=fetch_and_compute_spread_btc_mxn, run_id=scheduled__2024-07-14T00:22:00+00:00, execution_date=20240714T002200, start_date=20240714T203210, end_date=20240714T203211
[2024-07-14T20:32:11.254+0000] {local_task_job_runner.py:240} INFO - Task exited with return code 0
[2024-07-14T20:32:11.267+0000] {taskinstance.py:3503} INFO - 0 downstream tasks scheduled from follow-on schedule check
[2024-07-14T20:32:11.268+0000] {local_task_job_runner.py:222} INFO - ::endgroup::
