[2024-07-14T09:01:29.196+0000] {local_task_job_runner.py:120} INFO - ::group::Pre task execution logs
[2024-07-14T09:01:29.267+0000] {taskinstance.py:2076} INFO - Dependencies all met for dep_context=non-requeueable deps ti=<TaskInstance: fetch_spread_values.fetch_and_compute_spread_btc_mxn scheduled__2024-07-14T05:09:00+00:00 [queued]>
[2024-07-14T09:01:29.288+0000] {taskinstance.py:2076} INFO - Dependencies all met for dep_context=requeueable deps ti=<TaskInstance: fetch_spread_values.fetch_and_compute_spread_btc_mxn scheduled__2024-07-14T05:09:00+00:00 [queued]>
[2024-07-14T09:01:29.293+0000] {taskinstance.py:2306} INFO - Starting attempt 1 of 2
[2024-07-14T09:01:29.323+0000] {taskinstance.py:2330} INFO - Executing <Task(PythonOperator): fetch_and_compute_spread_btc_mxn> on 2024-07-14 05:09:00+00:00
[2024-07-14T09:01:29.329+0000] {warnings.py:112} WARNING - /home/***/.local/lib/python3.12/site-packages/***/task/task_runner/standard_task_runner.py:61: DeprecationWarning: This process (pid=2009) is multi-threaded, use of fork() may lead to deadlocks in the child.
  pid = os.fork()

[2024-07-14T09:01:29.332+0000] {standard_task_runner.py:63} INFO - Started process 2032 to run task
[2024-07-14T09:01:29.332+0000] {standard_task_runner.py:90} INFO - Running: ['***', 'tasks', 'run', 'fetch_spread_values', 'fetch_and_compute_spread_btc_mxn', 'scheduled__2024-07-14T05:09:00+00:00', '--job-id', '647', '--raw', '--subdir', 'DAGS_FOLDER/***.py', '--cfg-path', '/tmp/tmpy7bwdlm0']
[2024-07-14T09:01:29.334+0000] {standard_task_runner.py:91} INFO - Job 647: Subtask fetch_and_compute_spread_btc_mxn
[2024-07-14T09:01:29.387+0000] {task_command.py:426} INFO - Running <TaskInstance: fetch_spread_values.fetch_and_compute_spread_btc_mxn scheduled__2024-07-14T05:09:00+00:00 [running]> on host d537c34a4880
[2024-07-14T09:01:29.457+0000] {taskinstance.py:2648} INFO - Exporting env vars: AIRFLOW_CTX_DAG_OWNER='***' AIRFLOW_CTX_DAG_ID='fetch_spread_values' AIRFLOW_CTX_TASK_ID='fetch_and_compute_spread_btc_mxn' AIRFLOW_CTX_EXECUTION_DATE='2024-07-14T05:09:00+00:00' AIRFLOW_CTX_TRY_NUMBER='1' AIRFLOW_CTX_DAG_RUN_ID='scheduled__2024-07-14T05:09:00+00:00'
[2024-07-14T09:01:29.459+0000] {taskinstance.py:430} INFO - ::endgroup::
[2024-07-14T09:01:29.630+0000] {python.py:237} INFO - Done. Returned value was: None
[2024-07-14T09:01:29.631+0000] {taskinstance.py:441} INFO - ::group::Post task execution logs
[2024-07-14T09:01:29.637+0000] {taskinstance.py:1206} INFO - Marking task as SUCCESS. dag_id=fetch_spread_values, task_id=fetch_and_compute_spread_btc_mxn, run_id=scheduled__2024-07-14T05:09:00+00:00, execution_date=20240714T050900, start_date=20240714T090129, end_date=20240714T090129
[2024-07-14T09:01:29.679+0000] {local_task_job_runner.py:240} INFO - Task exited with return code 0
[2024-07-14T09:01:29.689+0000] {taskinstance.py:3503} INFO - 0 downstream tasks scheduled from follow-on schedule check
[2024-07-14T09:01:29.690+0000] {local_task_job_runner.py:222} INFO - ::endgroup::
[2024-07-14T20:34:17.760+0000] {local_task_job_runner.py:120} INFO - ::group::Pre task execution logs
[2024-07-14T20:34:17.808+0000] {taskinstance.py:2076} INFO - Dependencies all met for dep_context=non-requeueable deps ti=<TaskInstance: fetch_spread_values.fetch_and_compute_spread_btc_mxn scheduled__2024-07-14T05:09:00+00:00 [queued]>
[2024-07-14T20:34:17.830+0000] {taskinstance.py:2076} INFO - Dependencies all met for dep_context=requeueable deps ti=<TaskInstance: fetch_spread_values.fetch_and_compute_spread_btc_mxn scheduled__2024-07-14T05:09:00+00:00 [queued]>
[2024-07-14T20:34:17.833+0000] {taskinstance.py:2306} INFO - Starting attempt 1 of 2
[2024-07-14T20:34:17.867+0000] {taskinstance.py:2330} INFO - Executing <Task(PythonOperator): fetch_and_compute_spread_btc_mxn> on 2024-07-14 05:09:00+00:00
[2024-07-14T20:34:17.873+0000] {logging_mixin.py:188} WARNING - /home/***/.local/lib/python3.12/site-packages/***/task/task_runner/standard_task_runner.py:61 DeprecationWarning: This process (pid=1445) is multi-threaded, use of fork() may lead to deadlocks in the child.
[2024-07-14T20:34:17.874+0000] {standard_task_runner.py:63} INFO - Started process 1455 to run task
[2024-07-14T20:34:17.874+0000] {standard_task_runner.py:90} INFO - Running: ['***', 'tasks', 'run', 'fetch_spread_values', 'fetch_and_compute_spread_btc_mxn', 'scheduled__2024-07-14T05:09:00+00:00', '--job-id', '624', '--raw', '--subdir', 'DAGS_FOLDER/***.py', '--cfg-path', '/tmp/tmp6xje_vh7']
[2024-07-14T20:34:17.883+0000] {standard_task_runner.py:91} INFO - Job 624: Subtask fetch_and_compute_spread_btc_mxn
[2024-07-14T20:34:17.925+0000] {task_command.py:426} INFO - Running <TaskInstance: fetch_spread_values.fetch_and_compute_spread_btc_mxn scheduled__2024-07-14T05:09:00+00:00 [running]> on host 77caf7e4b282
[2024-07-14T20:34:18.000+0000] {taskinstance.py:2648} INFO - Exporting env vars: AIRFLOW_CTX_DAG_OWNER='***' AIRFLOW_CTX_DAG_ID='fetch_spread_values' AIRFLOW_CTX_TASK_ID='fetch_and_compute_spread_btc_mxn' AIRFLOW_CTX_EXECUTION_DATE='2024-07-14T05:09:00+00:00' AIRFLOW_CTX_TRY_NUMBER='1' AIRFLOW_CTX_DAG_RUN_ID='scheduled__2024-07-14T05:09:00+00:00'
[2024-07-14T20:34:18.004+0000] {taskinstance.py:430} INFO - ::endgroup::
[2024-07-14T20:34:18.192+0000] {python.py:237} INFO - Done. Returned value was: None
[2024-07-14T20:34:18.193+0000] {taskinstance.py:441} INFO - ::group::Post task execution logs
[2024-07-14T20:34:18.200+0000] {taskinstance.py:1206} INFO - Marking task as SUCCESS. dag_id=fetch_spread_values, task_id=fetch_and_compute_spread_btc_mxn, run_id=scheduled__2024-07-14T05:09:00+00:00, execution_date=20240714T050900, start_date=20240714T203417, end_date=20240714T203418
[2024-07-14T20:34:18.228+0000] {local_task_job_runner.py:240} INFO - Task exited with return code 0
[2024-07-14T20:34:18.237+0000] {taskinstance.py:3503} INFO - 0 downstream tasks scheduled from follow-on schedule check
[2024-07-14T20:34:18.238+0000] {local_task_job_runner.py:222} INFO - ::endgroup::
