[2024-07-14T11:08:27.177+0000] {local_task_job_runner.py:120} INFO - ::group::Pre task execution logs
[2024-07-14T11:08:27.231+0000] {taskinstance.py:2076} INFO - Dependencies all met for dep_context=non-requeueable deps ti=<TaskInstance: fetch_spread_values.fetch_and_compute_spread_usd_mxn scheduled__2024-07-14T11:04:00+00:00 [queued]>
[2024-07-14T11:08:27.244+0000] {taskinstance.py:2076} INFO - Dependencies all met for dep_context=requeueable deps ti=<TaskInstance: fetch_spread_values.fetch_and_compute_spread_usd_mxn scheduled__2024-07-14T11:04:00+00:00 [queued]>
[2024-07-14T11:08:27.259+0000] {taskinstance.py:2306} INFO - Starting attempt 1 of 2
[2024-07-14T11:08:27.309+0000] {taskinstance.py:2330} INFO - Executing <Task(PythonOperator): fetch_and_compute_spread_usd_mxn> on 2024-07-14 11:04:00+00:00
[2024-07-14T11:08:27.332+0000] {warnings.py:112} WARNING - /home/***/.local/lib/python3.12/site-packages/***/task/task_runner/standard_task_runner.py:61: DeprecationWarning: This process (pid=4764) is multi-threaded, use of fork() may lead to deadlocks in the child.
  pid = os.fork()

[2024-07-14T11:08:27.346+0000] {standard_task_runner.py:63} INFO - Started process 4791 to run task
[2024-07-14T11:08:27.334+0000] {standard_task_runner.py:90} INFO - Running: ['***', 'tasks', 'run', 'fetch_spread_values', 'fetch_and_compute_spread_usd_mxn', 'scheduled__2024-07-14T11:04:00+00:00', '--job-id', '1424', '--raw', '--subdir', 'DAGS_FOLDER/***.py', '--cfg-path', '/tmp/tmpo1wkzpsg']
[2024-07-14T11:08:27.347+0000] {standard_task_runner.py:91} INFO - Job 1424: Subtask fetch_and_compute_spread_usd_mxn
[2024-07-14T11:08:27.441+0000] {task_command.py:426} INFO - Running <TaskInstance: fetch_spread_values.fetch_and_compute_spread_usd_mxn scheduled__2024-07-14T11:04:00+00:00 [running]> on host d537c34a4880
[2024-07-14T11:08:27.564+0000] {taskinstance.py:2648} INFO - Exporting env vars: AIRFLOW_CTX_DAG_OWNER='***' AIRFLOW_CTX_DAG_ID='fetch_spread_values' AIRFLOW_CTX_TASK_ID='fetch_and_compute_spread_usd_mxn' AIRFLOW_CTX_EXECUTION_DATE='2024-07-14T11:04:00+00:00' AIRFLOW_CTX_TRY_NUMBER='1' AIRFLOW_CTX_DAG_RUN_ID='scheduled__2024-07-14T11:04:00+00:00'
[2024-07-14T11:08:27.576+0000] {taskinstance.py:430} INFO - ::endgroup::
[2024-07-14T11:08:27.755+0000] {python.py:237} INFO - Done. Returned value was: None
[2024-07-14T11:08:27.757+0000] {taskinstance.py:441} INFO - ::group::Post task execution logs
[2024-07-14T11:08:27.765+0000] {taskinstance.py:1206} INFO - Marking task as SUCCESS. dag_id=fetch_spread_values, task_id=fetch_and_compute_spread_usd_mxn, run_id=scheduled__2024-07-14T11:04:00+00:00, execution_date=20240714T110400, start_date=20240714T110827, end_date=20240714T110827
[2024-07-14T11:08:27.820+0000] {local_task_job_runner.py:240} INFO - Task exited with return code 0
[2024-07-14T11:08:27.845+0000] {taskinstance.py:3503} INFO - 0 downstream tasks scheduled from follow-on schedule check
[2024-07-14T11:08:27.851+0000] {local_task_job_runner.py:222} INFO - ::endgroup::
[2024-07-14T20:37:04.827+0000] {local_task_job_runner.py:120} INFO - ::group::Pre task execution logs
[2024-07-14T20:37:04.851+0000] {taskinstance.py:2076} INFO - Dependencies all met for dep_context=non-requeueable deps ti=<TaskInstance: fetch_spread_values.fetch_and_compute_spread_usd_mxn scheduled__2024-07-14T11:04:00+00:00 [queued]>
[2024-07-14T20:37:04.857+0000] {taskinstance.py:2076} INFO - Dependencies all met for dep_context=requeueable deps ti=<TaskInstance: fetch_spread_values.fetch_and_compute_spread_usd_mxn scheduled__2024-07-14T11:04:00+00:00 [queued]>
[2024-07-14T20:37:04.857+0000] {taskinstance.py:2306} INFO - Starting attempt 1 of 2
[2024-07-14T20:37:04.865+0000] {taskinstance.py:2330} INFO - Executing <Task(PythonOperator): fetch_and_compute_spread_usd_mxn> on 2024-07-14 11:04:00+00:00
[2024-07-14T20:37:04.868+0000] {logging_mixin.py:188} WARNING - /home/***/.local/lib/python3.12/site-packages/***/task/task_runner/standard_task_runner.py:61 DeprecationWarning: This process (pid=3136) is multi-threaded, use of fork() may lead to deadlocks in the child.
[2024-07-14T20:37:04.869+0000] {standard_task_runner.py:63} INFO - Started process 3142 to run task
[2024-07-14T20:37:04.869+0000] {standard_task_runner.py:90} INFO - Running: ['***', 'tasks', 'run', 'fetch_spread_values', 'fetch_and_compute_spread_usd_mxn', 'scheduled__2024-07-14T11:04:00+00:00', '--job-id', '1457', '--raw', '--subdir', 'DAGS_FOLDER/***.py', '--cfg-path', '/tmp/tmps0l23deb']
[2024-07-14T20:37:04.871+0000] {standard_task_runner.py:91} INFO - Job 1457: Subtask fetch_and_compute_spread_usd_mxn
[2024-07-14T20:37:04.903+0000] {task_command.py:426} INFO - Running <TaskInstance: fetch_spread_values.fetch_and_compute_spread_usd_mxn scheduled__2024-07-14T11:04:00+00:00 [running]> on host 77caf7e4b282
[2024-07-14T20:37:04.952+0000] {taskinstance.py:2648} INFO - Exporting env vars: AIRFLOW_CTX_DAG_OWNER='***' AIRFLOW_CTX_DAG_ID='fetch_spread_values' AIRFLOW_CTX_TASK_ID='fetch_and_compute_spread_usd_mxn' AIRFLOW_CTX_EXECUTION_DATE='2024-07-14T11:04:00+00:00' AIRFLOW_CTX_TRY_NUMBER='1' AIRFLOW_CTX_DAG_RUN_ID='scheduled__2024-07-14T11:04:00+00:00'
[2024-07-14T20:37:04.953+0000] {taskinstance.py:430} INFO - ::endgroup::
[2024-07-14T20:37:05.127+0000] {python.py:237} INFO - Done. Returned value was: None
[2024-07-14T20:37:05.128+0000] {taskinstance.py:441} INFO - ::group::Post task execution logs
[2024-07-14T20:37:05.133+0000] {taskinstance.py:1206} INFO - Marking task as SUCCESS. dag_id=fetch_spread_values, task_id=fetch_and_compute_spread_usd_mxn, run_id=scheduled__2024-07-14T11:04:00+00:00, execution_date=20240714T110400, start_date=20240714T203704, end_date=20240714T203705
[2024-07-14T20:37:05.176+0000] {local_task_job_runner.py:240} INFO - Task exited with return code 0
[2024-07-14T20:37:05.185+0000] {taskinstance.py:3503} INFO - 0 downstream tasks scheduled from follow-on schedule check
[2024-07-14T20:37:05.185+0000] {local_task_job_runner.py:222} INFO - ::endgroup::
