[2024-07-14T13:11:38.731+0000] {local_task_job_runner.py:120} INFO - ::group::Pre task execution logs
[2024-07-14T13:11:38.756+0000] {taskinstance.py:2076} INFO - Dependencies all met for dep_context=non-requeueable deps ti=<TaskInstance: fetch_spread_values.fetch_and_compute_spread_usd_mxn scheduled__2024-07-14T12:59:00+00:00 [queued]>
[2024-07-14T13:11:38.774+0000] {taskinstance.py:2076} INFO - Dependencies all met for dep_context=requeueable deps ti=<TaskInstance: fetch_spread_values.fetch_and_compute_spread_usd_mxn scheduled__2024-07-14T12:59:00+00:00 [queued]>
[2024-07-14T13:11:38.779+0000] {taskinstance.py:2306} INFO - Starting attempt 1 of 2
[2024-07-14T13:11:38.803+0000] {taskinstance.py:2330} INFO - Executing <Task(PythonOperator): fetch_and_compute_spread_usd_mxn> on 2024-07-14 12:59:00+00:00
[2024-07-14T13:11:38.813+0000] {warnings.py:112} WARNING - /home/***/.local/lib/python3.12/site-packages/***/task/task_runner/standard_task_runner.py:61: DeprecationWarning: This process (pid=5551) is multi-threaded, use of fork() may lead to deadlocks in the child.
  pid = os.fork()

[2024-07-14T13:11:38.817+0000] {standard_task_runner.py:90} INFO - Running: ['***', 'tasks', 'run', 'fetch_spread_values', 'fetch_and_compute_spread_usd_mxn', 'scheduled__2024-07-14T12:59:00+00:00', '--job-id', '1670', '--raw', '--subdir', 'DAGS_FOLDER/***.py', '--cfg-path', '/tmp/tmphtzq1t2g']
[2024-07-14T13:11:38.823+0000] {standard_task_runner.py:91} INFO - Job 1670: Subtask fetch_and_compute_spread_usd_mxn
[2024-07-14T13:11:38.821+0000] {standard_task_runner.py:63} INFO - Started process 5580 to run task
[2024-07-14T13:11:38.916+0000] {task_command.py:426} INFO - Running <TaskInstance: fetch_spread_values.fetch_and_compute_spread_usd_mxn scheduled__2024-07-14T12:59:00+00:00 [running]> on host d537c34a4880
[2024-07-14T13:11:39.017+0000] {taskinstance.py:2648} INFO - Exporting env vars: AIRFLOW_CTX_DAG_OWNER='***' AIRFLOW_CTX_DAG_ID='fetch_spread_values' AIRFLOW_CTX_TASK_ID='fetch_and_compute_spread_usd_mxn' AIRFLOW_CTX_EXECUTION_DATE='2024-07-14T12:59:00+00:00' AIRFLOW_CTX_TRY_NUMBER='1' AIRFLOW_CTX_DAG_RUN_ID='scheduled__2024-07-14T12:59:00+00:00'
[2024-07-14T13:11:39.019+0000] {taskinstance.py:430} INFO - ::endgroup::
[2024-07-14T13:11:39.189+0000] {python.py:237} INFO - Done. Returned value was: None
[2024-07-14T13:11:39.191+0000] {taskinstance.py:441} INFO - ::group::Post task execution logs
[2024-07-14T13:11:39.206+0000] {taskinstance.py:1206} INFO - Marking task as SUCCESS. dag_id=fetch_spread_values, task_id=fetch_and_compute_spread_usd_mxn, run_id=scheduled__2024-07-14T12:59:00+00:00, execution_date=20240714T125900, start_date=20240714T131138, end_date=20240714T131139
[2024-07-14T13:11:39.256+0000] {local_task_job_runner.py:240} INFO - Task exited with return code 0
[2024-07-14T13:11:39.270+0000] {taskinstance.py:3503} INFO - 0 downstream tasks scheduled from follow-on schedule check
[2024-07-14T13:11:39.275+0000] {local_task_job_runner.py:222} INFO - ::endgroup::
[2024-07-14T20:37:47.488+0000] {local_task_job_runner.py:120} INFO - ::group::Pre task execution logs
[2024-07-14T20:37:47.536+0000] {taskinstance.py:2076} INFO - Dependencies all met for dep_context=non-requeueable deps ti=<TaskInstance: fetch_spread_values.fetch_and_compute_spread_usd_mxn scheduled__2024-07-14T12:59:00+00:00 [queued]>
[2024-07-14T20:37:47.567+0000] {taskinstance.py:2076} INFO - Dependencies all met for dep_context=requeueable deps ti=<TaskInstance: fetch_spread_values.fetch_and_compute_spread_usd_mxn scheduled__2024-07-14T12:59:00+00:00 [queued]>
[2024-07-14T20:37:47.572+0000] {taskinstance.py:2306} INFO - Starting attempt 1 of 2
[2024-07-14T20:37:47.588+0000] {taskinstance.py:2330} INFO - Executing <Task(PythonOperator): fetch_and_compute_spread_usd_mxn> on 2024-07-14 12:59:00+00:00
[2024-07-14T20:37:47.602+0000] {logging_mixin.py:188} WARNING - /home/***/.local/lib/python3.12/site-packages/***/task/task_runner/standard_task_runner.py:61 DeprecationWarning: This process (pid=3601) is multi-threaded, use of fork() may lead to deadlocks in the child.
[2024-07-14T20:37:47.599+0000] {standard_task_runner.py:90} INFO - Running: ['***', 'tasks', 'run', 'fetch_spread_values', 'fetch_and_compute_spread_usd_mxn', 'scheduled__2024-07-14T12:59:00+00:00', '--job-id', '1687', '--raw', '--subdir', 'DAGS_FOLDER/***.py', '--cfg-path', '/tmp/tmpw3pjcfuc']
[2024-07-14T20:37:47.610+0000] {standard_task_runner.py:63} INFO - Started process 3610 to run task
[2024-07-14T20:37:47.612+0000] {standard_task_runner.py:91} INFO - Job 1687: Subtask fetch_and_compute_spread_usd_mxn
[2024-07-14T20:37:47.687+0000] {task_command.py:426} INFO - Running <TaskInstance: fetch_spread_values.fetch_and_compute_spread_usd_mxn scheduled__2024-07-14T12:59:00+00:00 [running]> on host 77caf7e4b282
[2024-07-14T20:37:47.805+0000] {taskinstance.py:2648} INFO - Exporting env vars: AIRFLOW_CTX_DAG_OWNER='***' AIRFLOW_CTX_DAG_ID='fetch_spread_values' AIRFLOW_CTX_TASK_ID='fetch_and_compute_spread_usd_mxn' AIRFLOW_CTX_EXECUTION_DATE='2024-07-14T12:59:00+00:00' AIRFLOW_CTX_TRY_NUMBER='1' AIRFLOW_CTX_DAG_RUN_ID='scheduled__2024-07-14T12:59:00+00:00'
[2024-07-14T20:37:47.806+0000] {taskinstance.py:430} INFO - ::endgroup::
[2024-07-14T20:37:48.021+0000] {python.py:237} INFO - Done. Returned value was: None
[2024-07-14T20:37:48.022+0000] {taskinstance.py:441} INFO - ::group::Post task execution logs
[2024-07-14T20:37:48.028+0000] {taskinstance.py:1206} INFO - Marking task as SUCCESS. dag_id=fetch_spread_values, task_id=fetch_and_compute_spread_usd_mxn, run_id=scheduled__2024-07-14T12:59:00+00:00, execution_date=20240714T125900, start_date=20240714T203747, end_date=20240714T203748
[2024-07-14T20:37:48.044+0000] {local_task_job_runner.py:240} INFO - Task exited with return code 0
[2024-07-14T20:37:48.055+0000] {taskinstance.py:3503} INFO - 0 downstream tasks scheduled from follow-on schedule check
[2024-07-14T20:37:48.055+0000] {local_task_job_runner.py:222} INFO - ::endgroup::
