[2024-07-14T08:59:00.370+0000] {local_task_job_runner.py:120} INFO - ::group::Pre task execution logs
[2024-07-14T08:59:00.557+0000] {taskinstance.py:2076} INFO - Dependencies all met for dep_context=non-requeueable deps ti=<TaskInstance: fetch_spread_values.fetch_and_compute_spread_usd_mxn scheduled__2024-07-14T02:25:00+00:00 [queued]>
[2024-07-14T08:59:00.630+0000] {taskinstance.py:2076} INFO - Dependencies all met for dep_context=requeueable deps ti=<TaskInstance: fetch_spread_values.fetch_and_compute_spread_usd_mxn scheduled__2024-07-14T02:25:00+00:00 [queued]>
[2024-07-14T08:59:00.636+0000] {taskinstance.py:2306} INFO - Starting attempt 1 of 2
[2024-07-14T08:59:00.760+0000] {taskinstance.py:2330} INFO - Executing <Task(PythonOperator): fetch_and_compute_spread_usd_mxn> on 2024-07-14 02:25:00+00:00
[2024-07-14T08:59:00.792+0000] {warnings.py:112} WARNING - /home/***/.local/lib/python3.12/site-packages/***/task/task_runner/standard_task_runner.py:61: DeprecationWarning: This process (pid=1015) is multi-threaded, use of fork() may lead to deadlocks in the child.
  pid = os.fork()

[2024-07-14T08:59:00.803+0000] {standard_task_runner.py:90} INFO - Running: ['***', 'tasks', 'run', 'fetch_spread_values', 'fetch_and_compute_spread_usd_mxn', 'scheduled__2024-07-14T02:25:00+00:00', '--job-id', '318', '--raw', '--subdir', 'DAGS_FOLDER/***.py', '--cfg-path', '/tmp/tmpmga3o7mz']
[2024-07-14T08:59:00.836+0000] {standard_task_runner.py:91} INFO - Job 318: Subtask fetch_and_compute_spread_usd_mxn
[2024-07-14T08:59:00.830+0000] {standard_task_runner.py:63} INFO - Started process 1037 to run task
[2024-07-14T08:59:00.988+0000] {task_command.py:426} INFO - Running <TaskInstance: fetch_spread_values.fetch_and_compute_spread_usd_mxn scheduled__2024-07-14T02:25:00+00:00 [running]> on host d537c34a4880
[2024-07-14T08:59:01.149+0000] {taskinstance.py:2648} INFO - Exporting env vars: AIRFLOW_CTX_DAG_OWNER='***' AIRFLOW_CTX_DAG_ID='fetch_spread_values' AIRFLOW_CTX_TASK_ID='fetch_and_compute_spread_usd_mxn' AIRFLOW_CTX_EXECUTION_DATE='2024-07-14T02:25:00+00:00' AIRFLOW_CTX_TRY_NUMBER='1' AIRFLOW_CTX_DAG_RUN_ID='scheduled__2024-07-14T02:25:00+00:00'
[2024-07-14T08:59:01.157+0000] {taskinstance.py:430} INFO - ::endgroup::
[2024-07-14T08:59:01.651+0000] {python.py:237} INFO - Done. Returned value was: None
[2024-07-14T08:59:01.665+0000] {taskinstance.py:441} INFO - ::group::Post task execution logs
[2024-07-14T08:59:01.688+0000] {taskinstance.py:1206} INFO - Marking task as SUCCESS. dag_id=fetch_spread_values, task_id=fetch_and_compute_spread_usd_mxn, run_id=scheduled__2024-07-14T02:25:00+00:00, execution_date=20240714T022500, start_date=20240714T085900, end_date=20240714T085901
[2024-07-14T08:59:01.761+0000] {local_task_job_runner.py:240} INFO - Task exited with return code 0
[2024-07-14T08:59:01.844+0000] {taskinstance.py:3503} INFO - 0 downstream tasks scheduled from follow-on schedule check
[2024-07-14T08:59:01.852+0000] {local_task_job_runner.py:222} INFO - ::endgroup::
[2024-07-14T20:33:18.316+0000] {local_task_job_runner.py:120} INFO - ::group::Pre task execution logs
[2024-07-14T20:33:18.335+0000] {taskinstance.py:2076} INFO - Dependencies all met for dep_context=non-requeueable deps ti=<TaskInstance: fetch_spread_values.fetch_and_compute_spread_usd_mxn scheduled__2024-07-14T02:25:00+00:00 [queued]>
[2024-07-14T20:33:18.342+0000] {taskinstance.py:2076} INFO - Dependencies all met for dep_context=requeueable deps ti=<TaskInstance: fetch_spread_values.fetch_and_compute_spread_usd_mxn scheduled__2024-07-14T02:25:00+00:00 [queued]>
[2024-07-14T20:33:18.342+0000] {taskinstance.py:2306} INFO - Starting attempt 1 of 2
[2024-07-14T20:33:18.351+0000] {taskinstance.py:2330} INFO - Executing <Task(PythonOperator): fetch_and_compute_spread_usd_mxn> on 2024-07-14 02:25:00+00:00
[2024-07-14T20:33:18.357+0000] {logging_mixin.py:188} WARNING - /home/***/.local/lib/python3.12/site-packages/***/task/task_runner/standard_task_runner.py:61 DeprecationWarning: This process (pid=778) is multi-threaded, use of fork() may lead to deadlocks in the child.
[2024-07-14T20:33:18.358+0000] {standard_task_runner.py:63} INFO - Started process 785 to run task
[2024-07-14T20:33:18.358+0000] {standard_task_runner.py:90} INFO - Running: ['***', 'tasks', 'run', 'fetch_spread_values', 'fetch_and_compute_spread_usd_mxn', 'scheduled__2024-07-14T02:25:00+00:00', '--job-id', '296', '--raw', '--subdir', 'DAGS_FOLDER/***.py', '--cfg-path', '/tmp/tmp5pyekl0e']
[2024-07-14T20:33:18.360+0000] {standard_task_runner.py:91} INFO - Job 296: Subtask fetch_and_compute_spread_usd_mxn
[2024-07-14T20:33:18.394+0000] {task_command.py:426} INFO - Running <TaskInstance: fetch_spread_values.fetch_and_compute_spread_usd_mxn scheduled__2024-07-14T02:25:00+00:00 [running]> on host 77caf7e4b282
[2024-07-14T20:33:18.446+0000] {taskinstance.py:2648} INFO - Exporting env vars: AIRFLOW_CTX_DAG_OWNER='***' AIRFLOW_CTX_DAG_ID='fetch_spread_values' AIRFLOW_CTX_TASK_ID='fetch_and_compute_spread_usd_mxn' AIRFLOW_CTX_EXECUTION_DATE='2024-07-14T02:25:00+00:00' AIRFLOW_CTX_TRY_NUMBER='1' AIRFLOW_CTX_DAG_RUN_ID='scheduled__2024-07-14T02:25:00+00:00'
[2024-07-14T20:33:18.448+0000] {taskinstance.py:430} INFO - ::endgroup::
[2024-07-14T20:33:18.612+0000] {python.py:237} INFO - Done. Returned value was: None
[2024-07-14T20:33:18.612+0000] {taskinstance.py:441} INFO - ::group::Post task execution logs
[2024-07-14T20:33:18.618+0000] {taskinstance.py:1206} INFO - Marking task as SUCCESS. dag_id=fetch_spread_values, task_id=fetch_and_compute_spread_usd_mxn, run_id=scheduled__2024-07-14T02:25:00+00:00, execution_date=20240714T022500, start_date=20240714T203318, end_date=20240714T203318
[2024-07-14T20:33:18.661+0000] {local_task_job_runner.py:240} INFO - Task exited with return code 0
[2024-07-14T20:33:18.668+0000] {local_task_job_runner.py:222} INFO - ::endgroup::
