[2024-07-17T01:23:51.705+0000] {local_task_job_runner.py:120} INFO - ::group::Pre task execution logs
[2024-07-17T01:23:51.731+0000] {taskinstance.py:2076} INFO - Dependencies all met for dep_context=non-requeueable deps ti=<TaskInstance: etl_ticker.etl_btc_mxn scheduled__2024-07-15T10:00:00+00:00 [queued]>
[2024-07-17T01:23:51.743+0000] {taskinstance.py:2076} INFO - Dependencies all met for dep_context=requeueable deps ti=<TaskInstance: etl_ticker.etl_btc_mxn scheduled__2024-07-15T10:00:00+00:00 [queued]>
[2024-07-17T01:23:51.744+0000] {taskinstance.py:2306} INFO - Starting attempt 2 of 2
[2024-07-17T01:23:51.760+0000] {taskinstance.py:2330} INFO - Executing <Task(PythonOperator): etl_btc_mxn> on 2024-07-15 10:00:00+00:00
[2024-07-17T01:23:51.769+0000] {standard_task_runner.py:90} INFO - Running: ['***', 'tasks', 'run', 'etl_ticker', 'etl_btc_mxn', 'scheduled__2024-07-15T10:00:00+00:00', '--job-id', '778', '--raw', '--subdir', 'DAGS_FOLDER/bid_ask_dag.py', '--cfg-path', '/tmp/tmpnx_q36pn']
[2024-07-17T01:23:51.780+0000] {standard_task_runner.py:91} INFO - Job 778: Subtask etl_btc_mxn
[2024-07-17T01:23:51.774+0000] {logging_mixin.py:188} WARNING - /home/***/.local/lib/python3.12/site-packages/***/task/task_runner/standard_task_runner.py:61 DeprecationWarning: This process (pid=30870) is multi-threaded, use of fork() may lead to deadlocks in the child.
[2024-07-17T01:23:51.798+0000] {standard_task_runner.py:63} INFO - Started process 30888 to run task
[2024-07-17T01:23:51.845+0000] {task_command.py:426} INFO - Running <TaskInstance: etl_ticker.etl_btc_mxn scheduled__2024-07-15T10:00:00+00:00 [running]> on host 6f712de23803
[2024-07-17T01:23:51.951+0000] {taskinstance.py:2648} INFO - Exporting env vars: AIRFLOW_CTX_DAG_OWNER='***' AIRFLOW_CTX_DAG_ID='etl_ticker' AIRFLOW_CTX_TASK_ID='etl_btc_mxn' AIRFLOW_CTX_EXECUTION_DATE='2024-07-15T10:00:00+00:00' AIRFLOW_CTX_TRY_NUMBER='2' AIRFLOW_CTX_DAG_RUN_ID='scheduled__2024-07-15T10:00:00+00:00'
[2024-07-17T01:23:51.952+0000] {taskinstance.py:430} INFO - ::endgroup::
[2024-07-17T01:23:51.970+0000] {logging_mixin.py:188} WARNING -   0%|          | 0/600 [00:00<?, ?it/s]
[2024-07-17T01:23:53.125+0000] {bid_ask_dag.py:87} INFO - Threshold! {'orderbook_timestamp': '2024-07-17T01:23:51+00:00', 'book': 'btc_mxn', 'bid': 1161709.98, 'ask': 1163480.0, 'spread': 0.15213153642520874}
[2024-07-17T01:23:53.126+0000] {logging_mixin.py:188} WARNING -   0%|          | 0/600 [00:01<?, ?it/s]
[2024-07-17T01:23:53.127+0000] {taskinstance.py:441} INFO - ::group::Post task execution logs
[2024-07-17T01:23:53.128+0000] {taskinstance.py:2905} ERROR - Task failed with exception
Traceback (most recent call last):
  File "/home/airflow/.local/lib/python3.12/site-packages/airflow/models/taskinstance.py", line 465, in _execute_task
    result = _execute_callable(context=context, **execute_callable_kwargs)
             ^^^^^^^^^^^^^^^^^^^^^^^^^^^^^^^^^^^^^^^^^^^^^^^^^^^^^^^^^^^^^
  File "/home/airflow/.local/lib/python3.12/site-packages/airflow/models/taskinstance.py", line 432, in _execute_callable
    return execute_callable(context=context, **execute_callable_kwargs)
           ^^^^^^^^^^^^^^^^^^^^^^^^^^^^^^^^^^^^^^^^^^^^^^^^^^^^^^^^^^^^
  File "/home/airflow/.local/lib/python3.12/site-packages/airflow/models/baseoperator.py", line 401, in wrapper
    return func(self, *args, **kwargs)
           ^^^^^^^^^^^^^^^^^^^^^^^^^^^
  File "/home/airflow/.local/lib/python3.12/site-packages/airflow/operators/python.py", line 235, in execute
    return_value = self.execute_callable()
                   ^^^^^^^^^^^^^^^^^^^^^^^
  File "/home/airflow/.local/lib/python3.12/site-packages/airflow/operators/python.py", line 252, in execute_callable
    return self.python_callable(*self.op_args, **self.op_kwargs)
           ^^^^^^^^^^^^^^^^^^^^^^^^^^^^^^^^^^^^^^^^^^^^^^^^^^^^^
  File "/opt/airflow/dags/bid_ask_dag.py", line 88, in etl_spread
    SlackWebhookHook(webhook_token=WEBHOOK_URL, message=f"Alert! bid-ask has appeared {record}").execute()
    ^^^^^^^^^^^^^^^^^^^^^^^^^^^^^^^^^^^^^^^^^^^^^^^^^^^^^^^^^^^^^^^^^^^^^^^^^^^^^^^^^^^^^^^^^^^^
TypeError: SlackWebhookHook.__init__() missing 1 required keyword-only argument: 'slack_webhook_conn_id'
[2024-07-17T01:23:53.141+0000] {taskinstance.py:1206} INFO - Marking task as FAILED. dag_id=etl_ticker, task_id=etl_btc_mxn, run_id=scheduled__2024-07-15T10:00:00+00:00, execution_date=20240715T100000, start_date=20240717T012351, end_date=20240717T012353
[2024-07-17T01:23:53.151+0000] {standard_task_runner.py:110} ERROR - Failed to execute job 778 for task etl_btc_mxn (SlackWebhookHook.__init__() missing 1 required keyword-only argument: 'slack_webhook_conn_id'; 30888)
[2024-07-17T01:23:53.180+0000] {local_task_job_runner.py:240} INFO - Task exited with return code 1
[2024-07-17T01:23:53.196+0000] {local_task_job_runner.py:222} INFO - ::endgroup::
