[2024-07-14T08:59:29.311+0000] {local_task_job_runner.py:120} INFO - ::group::Pre task execution logs
[2024-07-14T08:59:29.400+0000] {taskinstance.py:2076} INFO - Dependencies all met for dep_context=non-requeueable deps ti=<TaskInstance: fetch_spread_values.fetch_and_compute_spread_btc_mxn scheduled__2024-07-14T02:52:00+00:00 [queued]>
[2024-07-14T08:59:29.421+0000] {taskinstance.py:2076} INFO - Dependencies all met for dep_context=requeueable deps ti=<TaskInstance: fetch_spread_values.fetch_and_compute_spread_btc_mxn scheduled__2024-07-14T02:52:00+00:00 [queued]>
[2024-07-14T08:59:29.432+0000] {taskinstance.py:2306} INFO - Starting attempt 1 of 2
[2024-07-14T08:59:29.486+0000] {taskinstance.py:2330} INFO - Executing <Task(PythonOperator): fetch_and_compute_spread_btc_mxn> on 2024-07-14 02:52:00+00:00
[2024-07-14T08:59:29.557+0000] {standard_task_runner.py:90} INFO - Running: ['***', 'tasks', 'run', 'fetch_spread_values', 'fetch_and_compute_spread_btc_mxn', 'scheduled__2024-07-14T02:52:00+00:00', '--job-id', '376', '--raw', '--subdir', 'DAGS_FOLDER/***.py', '--cfg-path', '/tmp/tmpan2jp99s']
[2024-07-14T08:59:29.571+0000] {standard_task_runner.py:91} INFO - Job 376: Subtask fetch_and_compute_spread_btc_mxn
[2024-07-14T08:59:29.557+0000] {warnings.py:112} WARNING - /home/***/.local/lib/python3.12/site-packages/***/task/task_runner/standard_task_runner.py:61: DeprecationWarning: This process (pid=1173) is multi-threaded, use of fork() may lead to deadlocks in the child.
  pid = os.fork()

[2024-07-14T08:59:29.587+0000] {standard_task_runner.py:63} INFO - Started process 1212 to run task
[2024-07-14T08:59:29.835+0000] {task_command.py:426} INFO - Running <TaskInstance: fetch_spread_values.fetch_and_compute_spread_btc_mxn scheduled__2024-07-14T02:52:00+00:00 [running]> on host d537c34a4880
[2024-07-14T08:59:30.150+0000] {taskinstance.py:2648} INFO - Exporting env vars: AIRFLOW_CTX_DAG_OWNER='***' AIRFLOW_CTX_DAG_ID='fetch_spread_values' AIRFLOW_CTX_TASK_ID='fetch_and_compute_spread_btc_mxn' AIRFLOW_CTX_EXECUTION_DATE='2024-07-14T02:52:00+00:00' AIRFLOW_CTX_TRY_NUMBER='1' AIRFLOW_CTX_DAG_RUN_ID='scheduled__2024-07-14T02:52:00+00:00'
[2024-07-14T08:59:30.161+0000] {taskinstance.py:430} INFO - ::endgroup::
[2024-07-14T08:59:30.773+0000] {python.py:237} INFO - Done. Returned value was: None
[2024-07-14T08:59:30.794+0000] {taskinstance.py:441} INFO - ::group::Post task execution logs
[2024-07-14T08:59:30.847+0000] {taskinstance.py:1206} INFO - Marking task as SUCCESS. dag_id=fetch_spread_values, task_id=fetch_and_compute_spread_btc_mxn, run_id=scheduled__2024-07-14T02:52:00+00:00, execution_date=20240714T025200, start_date=20240714T085929, end_date=20240714T085930
[2024-07-14T08:59:30.968+0000] {local_task_job_runner.py:240} INFO - Task exited with return code 0
[2024-07-14T08:59:31.180+0000] {taskinstance.py:3503} INFO - 0 downstream tasks scheduled from follow-on schedule check
[2024-07-14T08:59:31.199+0000] {local_task_job_runner.py:222} INFO - ::endgroup::
[2024-07-14T20:33:27.250+0000] {local_task_job_runner.py:120} INFO - ::group::Pre task execution logs
[2024-07-14T20:33:27.290+0000] {taskinstance.py:2076} INFO - Dependencies all met for dep_context=non-requeueable deps ti=<TaskInstance: fetch_spread_values.fetch_and_compute_spread_btc_mxn scheduled__2024-07-14T02:52:00+00:00 [queued]>
[2024-07-14T20:33:27.298+0000] {taskinstance.py:2076} INFO - Dependencies all met for dep_context=requeueable deps ti=<TaskInstance: fetch_spread_values.fetch_and_compute_spread_btc_mxn scheduled__2024-07-14T02:52:00+00:00 [queued]>
[2024-07-14T20:33:27.299+0000] {taskinstance.py:2306} INFO - Starting attempt 1 of 2
[2024-07-14T20:33:27.319+0000] {taskinstance.py:2330} INFO - Executing <Task(PythonOperator): fetch_and_compute_spread_btc_mxn> on 2024-07-14 02:52:00+00:00
[2024-07-14T20:33:27.327+0000] {standard_task_runner.py:90} INFO - Running: ['***', 'tasks', 'run', 'fetch_spread_values', 'fetch_and_compute_spread_btc_mxn', 'scheduled__2024-07-14T02:52:00+00:00', '--job-id', '349', '--raw', '--subdir', 'DAGS_FOLDER/***.py', '--cfg-path', '/tmp/tmp1xf5nfw3']
[2024-07-14T20:33:27.332+0000] {standard_task_runner.py:91} INFO - Job 349: Subtask fetch_and_compute_spread_btc_mxn
[2024-07-14T20:33:27.326+0000] {logging_mixin.py:188} WARNING - /home/***/.local/lib/python3.12/site-packages/***/task/task_runner/standard_task_runner.py:61 DeprecationWarning: This process (pid=887) is multi-threaded, use of fork() may lead to deadlocks in the child.
[2024-07-14T20:33:27.337+0000] {standard_task_runner.py:63} INFO - Started process 894 to run task
[2024-07-14T20:33:27.395+0000] {task_command.py:426} INFO - Running <TaskInstance: fetch_spread_values.fetch_and_compute_spread_btc_mxn scheduled__2024-07-14T02:52:00+00:00 [running]> on host 77caf7e4b282
[2024-07-14T20:33:27.476+0000] {taskinstance.py:2648} INFO - Exporting env vars: AIRFLOW_CTX_DAG_OWNER='***' AIRFLOW_CTX_DAG_ID='fetch_spread_values' AIRFLOW_CTX_TASK_ID='fetch_and_compute_spread_btc_mxn' AIRFLOW_CTX_EXECUTION_DATE='2024-07-14T02:52:00+00:00' AIRFLOW_CTX_TRY_NUMBER='1' AIRFLOW_CTX_DAG_RUN_ID='scheduled__2024-07-14T02:52:00+00:00'
[2024-07-14T20:33:27.478+0000] {taskinstance.py:430} INFO - ::endgroup::
[2024-07-14T20:33:27.640+0000] {python.py:237} INFO - Done. Returned value was: None
[2024-07-14T20:33:27.641+0000] {taskinstance.py:441} INFO - ::group::Post task execution logs
[2024-07-14T20:33:27.646+0000] {taskinstance.py:1206} INFO - Marking task as SUCCESS. dag_id=fetch_spread_values, task_id=fetch_and_compute_spread_btc_mxn, run_id=scheduled__2024-07-14T02:52:00+00:00, execution_date=20240714T025200, start_date=20240714T203327, end_date=20240714T203327
[2024-07-14T20:33:27.691+0000] {local_task_job_runner.py:240} INFO - Task exited with return code 0
[2024-07-14T20:33:27.700+0000] {taskinstance.py:3503} INFO - 0 downstream tasks scheduled from follow-on schedule check
[2024-07-14T20:33:27.701+0000] {local_task_job_runner.py:222} INFO - ::endgroup::
