[2024-07-14T09:05:43.821+0000] {local_task_job_runner.py:120} INFO - ::group::Pre task execution logs
[2024-07-14T09:05:43.833+0000] {taskinstance.py:2076} INFO - Dependencies all met for dep_context=non-requeueable deps ti=<TaskInstance: save_spread_values.save_and_flush_task scheduled__2024-07-14T08:50:00+00:00 [queued]>
[2024-07-14T09:05:43.839+0000] {taskinstance.py:2076} INFO - Dependencies all met for dep_context=requeueable deps ti=<TaskInstance: save_spread_values.save_and_flush_task scheduled__2024-07-14T08:50:00+00:00 [queued]>
[2024-07-14T09:05:43.840+0000] {taskinstance.py:2306} INFO - Starting attempt 1 of 2
[2024-07-14T09:05:43.848+0000] {taskinstance.py:2330} INFO - Executing <Task(PythonOperator): save_and_flush_task> on 2024-07-14 08:50:00+00:00
[2024-07-14T09:05:43.852+0000] {warnings.py:112} WARNING - /home/***/.local/lib/python3.12/site-packages/***/task/task_runner/standard_task_runner.py:61: DeprecationWarning: This process (pid=3647) is multi-threaded, use of fork() may lead to deadlocks in the child.
  pid = os.fork()

[2024-07-14T09:05:43.853+0000] {standard_task_runner.py:63} INFO - Started process 3659 to run task
[2024-07-14T09:05:43.854+0000] {standard_task_runner.py:90} INFO - Running: ['***', 'tasks', 'run', 'save_spread_values', 'save_and_flush_task', 'scheduled__2024-07-14T08:50:00+00:00', '--job-id', '1172', '--raw', '--subdir', 'DAGS_FOLDER/***.py', '--cfg-path', '/tmp/tmp9ok5m3f1']
[2024-07-14T09:05:43.855+0000] {standard_task_runner.py:91} INFO - Job 1172: Subtask save_and_flush_task
[2024-07-14T09:05:43.884+0000] {task_command.py:426} INFO - Running <TaskInstance: save_spread_values.save_and_flush_task scheduled__2024-07-14T08:50:00+00:00 [running]> on host d537c34a4880
[2024-07-14T09:05:43.934+0000] {taskinstance.py:2648} INFO - Exporting env vars: AIRFLOW_CTX_DAG_OWNER='***' AIRFLOW_CTX_DAG_ID='save_spread_values' AIRFLOW_CTX_TASK_ID='save_and_flush_task' AIRFLOW_CTX_EXECUTION_DATE='2024-07-14T08:50:00+00:00' AIRFLOW_CTX_TRY_NUMBER='1' AIRFLOW_CTX_DAG_RUN_ID='scheduled__2024-07-14T08:50:00+00:00'
[2024-07-14T09:05:43.935+0000] {taskinstance.py:430} INFO - ::endgroup::
[2024-07-14T09:05:43.936+0000] {python.py:237} INFO - Done. Returned value was: None
[2024-07-14T09:05:43.936+0000] {taskinstance.py:441} INFO - ::group::Post task execution logs
[2024-07-14T09:05:43.942+0000] {taskinstance.py:1206} INFO - Marking task as SUCCESS. dag_id=save_spread_values, task_id=save_and_flush_task, run_id=scheduled__2024-07-14T08:50:00+00:00, execution_date=20240714T085000, start_date=20240714T090543, end_date=20240714T090543
[2024-07-14T09:05:44.042+0000] {local_task_job_runner.py:240} INFO - Task exited with return code 0
[2024-07-14T09:05:44.170+0000] {taskinstance.py:3503} INFO - 0 downstream tasks scheduled from follow-on schedule check
[2024-07-14T09:05:44.178+0000] {local_task_job_runner.py:222} INFO - ::endgroup::
[2024-07-14T20:35:02.181+0000] {local_task_job_runner.py:120} INFO - ::group::Pre task execution logs
[2024-07-14T20:35:02.227+0000] {taskinstance.py:2076} INFO - Dependencies all met for dep_context=non-requeueable deps ti=<TaskInstance: save_spread_values.save_and_flush_task scheduled__2024-07-14T08:50:00+00:00 [queued]>
[2024-07-14T20:35:02.244+0000] {taskinstance.py:2076} INFO - Dependencies all met for dep_context=requeueable deps ti=<TaskInstance: save_spread_values.save_and_flush_task scheduled__2024-07-14T08:50:00+00:00 [queued]>
[2024-07-14T20:35:02.245+0000] {taskinstance.py:2306} INFO - Starting attempt 1 of 2
[2024-07-14T20:35:02.266+0000] {taskinstance.py:2330} INFO - Executing <Task(PythonOperator): save_and_flush_task> on 2024-07-14 08:50:00+00:00
[2024-07-14T20:35:02.274+0000] {logging_mixin.py:188} WARNING - /home/***/.local/lib/python3.12/site-packages/***/task/task_runner/standard_task_runner.py:61 DeprecationWarning: This process (pid=1909) is multi-threaded, use of fork() may lead to deadlocks in the child.
[2024-07-14T20:35:02.283+0000] {standard_task_runner.py:63} INFO - Started process 1919 to run task
[2024-07-14T20:35:02.280+0000] {standard_task_runner.py:90} INFO - Running: ['***', 'tasks', 'run', 'save_spread_values', 'save_and_flush_task', 'scheduled__2024-07-14T08:50:00+00:00', '--job-id', '852', '--raw', '--subdir', 'DAGS_FOLDER/***.py', '--cfg-path', '/tmp/tmp96gp3ncg']
[2024-07-14T20:35:02.287+0000] {standard_task_runner.py:91} INFO - Job 852: Subtask save_and_flush_task
[2024-07-14T20:35:02.342+0000] {task_command.py:426} INFO - Running <TaskInstance: save_spread_values.save_and_flush_task scheduled__2024-07-14T08:50:00+00:00 [running]> on host 77caf7e4b282
[2024-07-14T20:35:02.446+0000] {taskinstance.py:2648} INFO - Exporting env vars: AIRFLOW_CTX_DAG_OWNER='***' AIRFLOW_CTX_DAG_ID='save_spread_values' AIRFLOW_CTX_TASK_ID='save_and_flush_task' AIRFLOW_CTX_EXECUTION_DATE='2024-07-14T08:50:00+00:00' AIRFLOW_CTX_TRY_NUMBER='1' AIRFLOW_CTX_DAG_RUN_ID='scheduled__2024-07-14T08:50:00+00:00'
[2024-07-14T20:35:02.449+0000] {taskinstance.py:430} INFO - ::endgroup::
[2024-07-14T20:35:02.484+0000] {python.py:237} INFO - Done. Returned value was: None
[2024-07-14T20:35:02.490+0000] {taskinstance.py:441} INFO - ::group::Post task execution logs
[2024-07-14T20:35:02.512+0000] {taskinstance.py:1206} INFO - Marking task as SUCCESS. dag_id=save_spread_values, task_id=save_and_flush_task, run_id=scheduled__2024-07-14T08:50:00+00:00, execution_date=20240714T085000, start_date=20240714T203502, end_date=20240714T203502
[2024-07-14T20:35:02.640+0000] {local_task_job_runner.py:240} INFO - Task exited with return code 0
[2024-07-14T20:35:02.667+0000] {taskinstance.py:3503} INFO - 0 downstream tasks scheduled from follow-on schedule check
[2024-07-14T20:35:02.682+0000] {local_task_job_runner.py:222} INFO - ::endgroup::
[2024-07-15T06:33:34.731+0000] {local_task_job_runner.py:120} INFO - ::group::Pre task execution logs
[2024-07-15T06:33:34.768+0000] {taskinstance.py:2076} INFO - Dependencies all met for dep_context=non-requeueable deps ti=<TaskInstance: save_spread_values.save_and_flush_task scheduled__2024-07-14T08:50:00+00:00 [queued]>
[2024-07-15T06:33:34.780+0000] {taskinstance.py:2076} INFO - Dependencies all met for dep_context=requeueable deps ti=<TaskInstance: save_spread_values.save_and_flush_task scheduled__2024-07-14T08:50:00+00:00 [queued]>
[2024-07-15T06:33:34.781+0000] {taskinstance.py:2306} INFO - Starting attempt 1 of 2
[2024-07-15T06:33:34.886+0000] {taskinstance.py:2330} INFO - Executing <Task(PythonOperator): save_and_flush_task> on 2024-07-14 08:50:00+00:00
[2024-07-15T06:33:34.904+0000] {standard_task_runner.py:90} INFO - Running: ['***', 'tasks', 'run', 'save_spread_values', 'save_and_flush_task', 'scheduled__2024-07-14T08:50:00+00:00', '--job-id', '313', '--raw', '--subdir', 'DAGS_FOLDER/et_dag.py', '--cfg-path', '/tmp/tmpd8l3kk5l']
[2024-07-15T06:33:34.911+0000] {standard_task_runner.py:91} INFO - Job 313: Subtask save_and_flush_task
[2024-07-15T06:33:34.905+0000] {logging_mixin.py:188} WARNING - /home/***/.local/lib/python3.12/site-packages/***/task/task_runner/standard_task_runner.py:61 DeprecationWarning: This process (pid=3183) is multi-threaded, use of fork() may lead to deadlocks in the child.
[2024-07-15T06:33:34.925+0000] {standard_task_runner.py:63} INFO - Started process 3198 to run task
[2024-07-15T06:33:34.965+0000] {task_command.py:426} INFO - Running <TaskInstance: save_spread_values.save_and_flush_task scheduled__2024-07-14T08:50:00+00:00 [running]> on host 52e7a9c3d832
[2024-07-15T06:33:35.075+0000] {taskinstance.py:2648} INFO - Exporting env vars: AIRFLOW_CTX_DAG_OWNER='***' AIRFLOW_CTX_DAG_ID='save_spread_values' AIRFLOW_CTX_TASK_ID='save_and_flush_task' AIRFLOW_CTX_EXECUTION_DATE='2024-07-14T08:50:00+00:00' AIRFLOW_CTX_TRY_NUMBER='1' AIRFLOW_CTX_DAG_RUN_ID='scheduled__2024-07-14T08:50:00+00:00'
[2024-07-15T06:33:35.077+0000] {taskinstance.py:430} INFO - ::endgroup::
[2024-07-15T06:33:35.097+0000] {taskinstance.py:441} INFO - ::group::Post task execution logs
[2024-07-15T06:33:35.106+0000] {taskinstance.py:2905} ERROR - Task failed with exception
Traceback (most recent call last):
  File "/home/airflow/.local/lib/python3.12/site-packages/airflow/models/taskinstance.py", line 465, in _execute_task
    result = _execute_callable(context=context, **execute_callable_kwargs)
             ^^^^^^^^^^^^^^^^^^^^^^^^^^^^^^^^^^^^^^^^^^^^^^^^^^^^^^^^^^^^^
  File "/home/airflow/.local/lib/python3.12/site-packages/airflow/models/taskinstance.py", line 432, in _execute_callable
    return execute_callable(context=context, **execute_callable_kwargs)
           ^^^^^^^^^^^^^^^^^^^^^^^^^^^^^^^^^^^^^^^^^^^^^^^^^^^^^^^^^^^^
  File "/home/airflow/.local/lib/python3.12/site-packages/airflow/models/baseoperator.py", line 401, in wrapper
    return func(self, *args, **kwargs)
           ^^^^^^^^^^^^^^^^^^^^^^^^^^^
  File "/home/airflow/.local/lib/python3.12/site-packages/airflow/operators/python.py", line 235, in execute
    return_value = self.execute_callable()
                   ^^^^^^^^^^^^^^^^^^^^^^^
  File "/home/airflow/.local/lib/python3.12/site-packages/airflow/operators/python.py", line 252, in execute_callable
    return self.python_callable(*self.op_args, **self.op_kwargs)
           ^^^^^^^^^^^^^^^^^^^^^^^^^^^^^^^^^^^^^^^^^^^^^^^^^^^^^
  File "/opt/airflow/dags/et_dag.py", line 38, in trigger_save_and_flush
    logging('Invoking method to save data from records')
TypeError: 'module' object is not callable
[2024-07-15T06:33:35.124+0000] {taskinstance.py:1206} INFO - Marking task as UP_FOR_RETRY. dag_id=save_spread_values, task_id=save_and_flush_task, run_id=scheduled__2024-07-14T08:50:00+00:00, execution_date=20240714T085000, start_date=20240715T063334, end_date=20240715T063335
[2024-07-15T06:33:35.143+0000] {standard_task_runner.py:110} ERROR - Failed to execute job 313 for task save_and_flush_task ('module' object is not callable; 3198)
[2024-07-15T06:33:35.155+0000] {local_task_job_runner.py:240} INFO - Task exited with return code 1
[2024-07-15T06:33:35.176+0000] {local_task_job_runner.py:222} INFO - ::endgroup::
