[2024-07-14T09:11:01.467+0000] {local_task_job_runner.py:120} INFO - ::group::Pre task execution logs
[2024-07-14T09:11:01.478+0000] {taskinstance.py:2076} INFO - Dependencies all met for dep_context=non-requeueable deps ti=<TaskInstance: fetch_spread_values.fetch_and_compute_spread_usd_mxn scheduled__2024-07-14T09:10:00+00:00 [queued]>
[2024-07-14T09:11:01.481+0000] {taskinstance.py:2076} INFO - Dependencies all met for dep_context=requeueable deps ti=<TaskInstance: fetch_spread_values.fetch_and_compute_spread_usd_mxn scheduled__2024-07-14T09:10:00+00:00 [queued]>
[2024-07-14T09:11:01.482+0000] {taskinstance.py:2306} INFO - Starting attempt 1 of 2
[2024-07-14T09:11:01.490+0000] {taskinstance.py:2330} INFO - Executing <Task(PythonOperator): fetch_and_compute_spread_usd_mxn> on 2024-07-14 09:10:00+00:00
[2024-07-14T09:11:01.494+0000] {warnings.py:112} WARNING - /home/***/.local/lib/python3.12/site-packages/***/task/task_runner/standard_task_runner.py:61: DeprecationWarning: This process (pid=3766) is multi-threaded, use of fork() may lead to deadlocks in the child.
  pid = os.fork()

[2024-07-14T09:11:01.496+0000] {standard_task_runner.py:63} INFO - Started process 3771 to run task
[2024-07-14T09:11:01.496+0000] {standard_task_runner.py:90} INFO - Running: ['***', 'tasks', 'run', 'fetch_spread_values', 'fetch_and_compute_spread_usd_mxn', 'scheduled__2024-07-14T09:10:00+00:00', '--job-id', '1186', '--raw', '--subdir', 'DAGS_FOLDER/***.py', '--cfg-path', '/tmp/tmpg_udenyu']
[2024-07-14T09:11:01.498+0000] {standard_task_runner.py:91} INFO - Job 1186: Subtask fetch_and_compute_spread_usd_mxn
[2024-07-14T09:11:01.543+0000] {task_command.py:426} INFO - Running <TaskInstance: fetch_spread_values.fetch_and_compute_spread_usd_mxn scheduled__2024-07-14T09:10:00+00:00 [running]> on host d537c34a4880
[2024-07-14T09:11:01.596+0000] {taskinstance.py:2648} INFO - Exporting env vars: AIRFLOW_CTX_DAG_OWNER='***' AIRFLOW_CTX_DAG_ID='fetch_spread_values' AIRFLOW_CTX_TASK_ID='fetch_and_compute_spread_usd_mxn' AIRFLOW_CTX_EXECUTION_DATE='2024-07-14T09:10:00+00:00' AIRFLOW_CTX_TRY_NUMBER='1' AIRFLOW_CTX_DAG_RUN_ID='scheduled__2024-07-14T09:10:00+00:00'
[2024-07-14T09:11:01.598+0000] {taskinstance.py:430} INFO - ::endgroup::
[2024-07-14T09:11:01.995+0000] {python.py:237} INFO - Done. Returned value was: None
[2024-07-14T09:11:01.997+0000] {taskinstance.py:441} INFO - ::group::Post task execution logs
[2024-07-14T09:11:02.010+0000] {taskinstance.py:1206} INFO - Marking task as SUCCESS. dag_id=fetch_spread_values, task_id=fetch_and_compute_spread_usd_mxn, run_id=scheduled__2024-07-14T09:10:00+00:00, execution_date=20240714T091000, start_date=20240714T091101, end_date=20240714T091102
[2024-07-14T09:11:02.059+0000] {local_task_job_runner.py:240} INFO - Task exited with return code 0
[2024-07-14T09:11:02.072+0000] {taskinstance.py:3503} INFO - 0 downstream tasks scheduled from follow-on schedule check
[2024-07-14T09:11:02.073+0000] {local_task_job_runner.py:222} INFO - ::endgroup::
[2024-07-14T20:36:24.125+0000] {local_task_job_runner.py:120} INFO - ::group::Pre task execution logs
[2024-07-14T20:36:24.151+0000] {taskinstance.py:2076} INFO - Dependencies all met for dep_context=non-requeueable deps ti=<TaskInstance: fetch_spread_values.fetch_and_compute_spread_usd_mxn scheduled__2024-07-14T09:10:00+00:00 [queued]>
[2024-07-14T20:36:24.159+0000] {taskinstance.py:2076} INFO - Dependencies all met for dep_context=requeueable deps ti=<TaskInstance: fetch_spread_values.fetch_and_compute_spread_usd_mxn scheduled__2024-07-14T09:10:00+00:00 [queued]>
[2024-07-14T20:36:24.160+0000] {taskinstance.py:2306} INFO - Starting attempt 1 of 2
[2024-07-14T20:36:24.177+0000] {taskinstance.py:2330} INFO - Executing <Task(PythonOperator): fetch_and_compute_spread_usd_mxn> on 2024-07-14 09:10:00+00:00
[2024-07-14T20:36:24.183+0000] {logging_mixin.py:188} WARNING - /home/***/.local/lib/python3.12/site-packages/***/task/task_runner/standard_task_runner.py:61 DeprecationWarning: This process (pid=2676) is multi-threaded, use of fork() may lead to deadlocks in the child.
[2024-07-14T20:36:24.185+0000] {standard_task_runner.py:63} INFO - Started process 2684 to run task
[2024-07-14T20:36:24.184+0000] {standard_task_runner.py:90} INFO - Running: ['***', 'tasks', 'run', 'fetch_spread_values', 'fetch_and_compute_spread_usd_mxn', 'scheduled__2024-07-14T09:10:00+00:00', '--job-id', '1228', '--raw', '--subdir', 'DAGS_FOLDER/***.py', '--cfg-path', '/tmp/tmpd25daloq']
[2024-07-14T20:36:24.195+0000] {standard_task_runner.py:91} INFO - Job 1228: Subtask fetch_and_compute_spread_usd_mxn
[2024-07-14T20:36:24.252+0000] {task_command.py:426} INFO - Running <TaskInstance: fetch_spread_values.fetch_and_compute_spread_usd_mxn scheduled__2024-07-14T09:10:00+00:00 [running]> on host 77caf7e4b282
[2024-07-14T20:36:24.326+0000] {taskinstance.py:2648} INFO - Exporting env vars: AIRFLOW_CTX_DAG_OWNER='***' AIRFLOW_CTX_DAG_ID='fetch_spread_values' AIRFLOW_CTX_TASK_ID='fetch_and_compute_spread_usd_mxn' AIRFLOW_CTX_EXECUTION_DATE='2024-07-14T09:10:00+00:00' AIRFLOW_CTX_TRY_NUMBER='1' AIRFLOW_CTX_DAG_RUN_ID='scheduled__2024-07-14T09:10:00+00:00'
[2024-07-14T20:36:24.330+0000] {taskinstance.py:430} INFO - ::endgroup::
[2024-07-14T20:36:24.514+0000] {python.py:237} INFO - Done. Returned value was: None
[2024-07-14T20:36:24.525+0000] {taskinstance.py:441} INFO - ::group::Post task execution logs
[2024-07-14T20:36:24.540+0000] {taskinstance.py:1206} INFO - Marking task as SUCCESS. dag_id=fetch_spread_values, task_id=fetch_and_compute_spread_usd_mxn, run_id=scheduled__2024-07-14T09:10:00+00:00, execution_date=20240714T091000, start_date=20240714T203624, end_date=20240714T203624
[2024-07-14T20:36:24.619+0000] {local_task_job_runner.py:240} INFO - Task exited with return code 0
[2024-07-14T20:36:24.642+0000] {taskinstance.py:3503} INFO - 0 downstream tasks scheduled from follow-on schedule check
[2024-07-14T20:36:24.644+0000] {local_task_job_runner.py:222} INFO - ::endgroup::
