[2024-07-14T08:57:43.676+0000] {local_task_job_runner.py:120} INFO - ::group::Pre task execution logs
[2024-07-14T08:57:43.696+0000] {taskinstance.py:2076} INFO - Dependencies all met for dep_context=non-requeueable deps ti=<TaskInstance: fetch_spread_values.fetch_and_compute_spread_usd_mxn scheduled__2024-07-14T01:02:00+00:00 [queued]>
[2024-07-14T08:57:43.700+0000] {taskinstance.py:2076} INFO - Dependencies all met for dep_context=requeueable deps ti=<TaskInstance: fetch_spread_values.fetch_and_compute_spread_usd_mxn scheduled__2024-07-14T01:02:00+00:00 [queued]>
[2024-07-14T08:57:43.701+0000] {taskinstance.py:2306} INFO - Starting attempt 1 of 2
[2024-07-14T08:57:43.710+0000] {taskinstance.py:2330} INFO - Executing <Task(PythonOperator): fetch_and_compute_spread_usd_mxn> on 2024-07-14 01:02:00+00:00
[2024-07-14T08:57:43.715+0000] {warnings.py:112} WARNING - /home/***/.local/lib/python3.12/site-packages/***/task/task_runner/standard_task_runner.py:61: DeprecationWarning: This process (pid=490) is multi-threaded, use of fork() may lead to deadlocks in the child.
  pid = os.fork()

[2024-07-14T08:57:43.717+0000] {standard_task_runner.py:63} INFO - Started process 507 to run task
[2024-07-14T08:57:43.717+0000] {standard_task_runner.py:90} INFO - Running: ['***', 'tasks', 'run', 'fetch_spread_values', 'fetch_and_compute_spread_usd_mxn', 'scheduled__2024-07-14T01:02:00+00:00', '--job-id', '150', '--raw', '--subdir', 'DAGS_FOLDER/***.py', '--cfg-path', '/tmp/tmp5sdurwvf']
[2024-07-14T08:57:43.720+0000] {standard_task_runner.py:91} INFO - Job 150: Subtask fetch_and_compute_spread_usd_mxn
[2024-07-14T08:57:43.763+0000] {task_command.py:426} INFO - Running <TaskInstance: fetch_spread_values.fetch_and_compute_spread_usd_mxn scheduled__2024-07-14T01:02:00+00:00 [running]> on host d537c34a4880
[2024-07-14T08:57:43.832+0000] {taskinstance.py:2648} INFO - Exporting env vars: AIRFLOW_CTX_DAG_OWNER='***' AIRFLOW_CTX_DAG_ID='fetch_spread_values' AIRFLOW_CTX_TASK_ID='fetch_and_compute_spread_usd_mxn' AIRFLOW_CTX_EXECUTION_DATE='2024-07-14T01:02:00+00:00' AIRFLOW_CTX_TRY_NUMBER='1' AIRFLOW_CTX_DAG_RUN_ID='scheduled__2024-07-14T01:02:00+00:00'
[2024-07-14T08:57:43.838+0000] {taskinstance.py:430} INFO - ::endgroup::
[2024-07-14T08:57:44.011+0000] {python.py:237} INFO - Done. Returned value was: None
[2024-07-14T08:57:44.012+0000] {taskinstance.py:441} INFO - ::group::Post task execution logs
[2024-07-14T08:57:44.018+0000] {taskinstance.py:1206} INFO - Marking task as SUCCESS. dag_id=fetch_spread_values, task_id=fetch_and_compute_spread_usd_mxn, run_id=scheduled__2024-07-14T01:02:00+00:00, execution_date=20240714T010200, start_date=20240714T085743, end_date=20240714T085744
[2024-07-14T08:57:44.063+0000] {local_task_job_runner.py:240} INFO - Task exited with return code 0
[2024-07-14T08:57:44.072+0000] {local_task_job_runner.py:222} INFO - ::endgroup::
[2024-07-14T20:32:28.158+0000] {local_task_job_runner.py:120} INFO - ::group::Pre task execution logs
[2024-07-14T20:32:28.184+0000] {taskinstance.py:2076} INFO - Dependencies all met for dep_context=non-requeueable deps ti=<TaskInstance: fetch_spread_values.fetch_and_compute_spread_usd_mxn scheduled__2024-07-14T01:02:00+00:00 [queued]>
[2024-07-14T20:32:28.196+0000] {taskinstance.py:2076} INFO - Dependencies all met for dep_context=requeueable deps ti=<TaskInstance: fetch_spread_values.fetch_and_compute_spread_usd_mxn scheduled__2024-07-14T01:02:00+00:00 [queued]>
[2024-07-14T20:32:28.202+0000] {taskinstance.py:2306} INFO - Starting attempt 1 of 2
[2024-07-14T20:32:28.219+0000] {taskinstance.py:2330} INFO - Executing <Task(PythonOperator): fetch_and_compute_spread_usd_mxn> on 2024-07-14 01:02:00+00:00
[2024-07-14T20:32:28.227+0000] {logging_mixin.py:188} WARNING - /home/***/.local/lib/python3.12/site-packages/***/task/task_runner/standard_task_runner.py:61 DeprecationWarning: This process (pid=434) is multi-threaded, use of fork() may lead to deadlocks in the child.
[2024-07-14T20:32:28.238+0000] {standard_task_runner.py:63} INFO - Started process 447 to run task
[2024-07-14T20:32:28.229+0000] {standard_task_runner.py:90} INFO - Running: ['***', 'tasks', 'run', 'fetch_spread_values', 'fetch_and_compute_spread_usd_mxn', 'scheduled__2024-07-14T01:02:00+00:00', '--job-id', '130', '--raw', '--subdir', 'DAGS_FOLDER/***.py', '--cfg-path', '/tmp/tmpnwh7pasi']
[2024-07-14T20:32:28.245+0000] {standard_task_runner.py:91} INFO - Job 130: Subtask fetch_and_compute_spread_usd_mxn
[2024-07-14T20:32:28.309+0000] {task_command.py:426} INFO - Running <TaskInstance: fetch_spread_values.fetch_and_compute_spread_usd_mxn scheduled__2024-07-14T01:02:00+00:00 [running]> on host 77caf7e4b282
[2024-07-14T20:32:28.439+0000] {taskinstance.py:2648} INFO - Exporting env vars: AIRFLOW_CTX_DAG_OWNER='***' AIRFLOW_CTX_DAG_ID='fetch_spread_values' AIRFLOW_CTX_TASK_ID='fetch_and_compute_spread_usd_mxn' AIRFLOW_CTX_EXECUTION_DATE='2024-07-14T01:02:00+00:00' AIRFLOW_CTX_TRY_NUMBER='1' AIRFLOW_CTX_DAG_RUN_ID='scheduled__2024-07-14T01:02:00+00:00'
[2024-07-14T20:32:28.440+0000] {taskinstance.py:430} INFO - ::endgroup::
[2024-07-14T20:32:28.650+0000] {python.py:237} INFO - Done. Returned value was: None
[2024-07-14T20:32:28.656+0000] {taskinstance.py:441} INFO - ::group::Post task execution logs
[2024-07-14T20:32:28.669+0000] {taskinstance.py:1206} INFO - Marking task as SUCCESS. dag_id=fetch_spread_values, task_id=fetch_and_compute_spread_usd_mxn, run_id=scheduled__2024-07-14T01:02:00+00:00, execution_date=20240714T010200, start_date=20240714T203228, end_date=20240714T203228
[2024-07-14T20:32:28.720+0000] {local_task_job_runner.py:240} INFO - Task exited with return code 0
[2024-07-14T20:32:28.734+0000] {taskinstance.py:3503} INFO - 0 downstream tasks scheduled from follow-on schedule check
[2024-07-14T20:32:28.741+0000] {local_task_job_runner.py:222} INFO - ::endgroup::
