[2024-07-14T09:00:36.129+0000] {local_task_job_runner.py:120} INFO - ::group::Pre task execution logs
[2024-07-14T09:00:36.154+0000] {taskinstance.py:2076} INFO - Dependencies all met for dep_context=non-requeueable deps ti=<TaskInstance: fetch_spread_values.fetch_and_compute_spread_usd_mxn scheduled__2024-07-14T04:01:00+00:00 [queued]>
[2024-07-14T09:00:36.160+0000] {taskinstance.py:2076} INFO - Dependencies all met for dep_context=requeueable deps ti=<TaskInstance: fetch_spread_values.fetch_and_compute_spread_usd_mxn scheduled__2024-07-14T04:01:00+00:00 [queued]>
[2024-07-14T09:00:36.161+0000] {taskinstance.py:2306} INFO - Starting attempt 1 of 2
[2024-07-14T09:00:36.171+0000] {taskinstance.py:2330} INFO - Executing <Task(PythonOperator): fetch_and_compute_spread_usd_mxn> on 2024-07-14 04:01:00+00:00
[2024-07-14T09:00:36.179+0000] {warnings.py:112} WARNING - /home/***/.local/lib/python3.12/site-packages/***/task/task_runner/standard_task_runner.py:61: DeprecationWarning: This process (pid=1603) is multi-threaded, use of fork() may lead to deadlocks in the child.
  pid = os.fork()

[2024-07-14T09:00:36.181+0000] {standard_task_runner.py:63} INFO - Started process 1622 to run task
[2024-07-14T09:00:36.181+0000] {standard_task_runner.py:90} INFO - Running: ['***', 'tasks', 'run', 'fetch_spread_values', 'fetch_and_compute_spread_usd_mxn', 'scheduled__2024-07-14T04:01:00+00:00', '--job-id', '511', '--raw', '--subdir', 'DAGS_FOLDER/***.py', '--cfg-path', '/tmp/tmpqij6xlo5']
[2024-07-14T09:00:36.186+0000] {standard_task_runner.py:91} INFO - Job 511: Subtask fetch_and_compute_spread_usd_mxn
[2024-07-14T09:00:36.226+0000] {task_command.py:426} INFO - Running <TaskInstance: fetch_spread_values.fetch_and_compute_spread_usd_mxn scheduled__2024-07-14T04:01:00+00:00 [running]> on host d537c34a4880
[2024-07-14T09:00:36.279+0000] {taskinstance.py:2648} INFO - Exporting env vars: AIRFLOW_CTX_DAG_OWNER='***' AIRFLOW_CTX_DAG_ID='fetch_spread_values' AIRFLOW_CTX_TASK_ID='fetch_and_compute_spread_usd_mxn' AIRFLOW_CTX_EXECUTION_DATE='2024-07-14T04:01:00+00:00' AIRFLOW_CTX_TRY_NUMBER='1' AIRFLOW_CTX_DAG_RUN_ID='scheduled__2024-07-14T04:01:00+00:00'
[2024-07-14T09:00:36.281+0000] {taskinstance.py:430} INFO - ::endgroup::
[2024-07-14T09:00:36.436+0000] {python.py:237} INFO - Done. Returned value was: None
[2024-07-14T09:00:36.438+0000] {taskinstance.py:441} INFO - ::group::Post task execution logs
[2024-07-14T09:00:36.443+0000] {taskinstance.py:1206} INFO - Marking task as SUCCESS. dag_id=fetch_spread_values, task_id=fetch_and_compute_spread_usd_mxn, run_id=scheduled__2024-07-14T04:01:00+00:00, execution_date=20240714T040100, start_date=20240714T090036, end_date=20240714T090036
[2024-07-14T09:00:36.491+0000] {local_task_job_runner.py:240} INFO - Task exited with return code 0
[2024-07-14T09:00:36.508+0000] {taskinstance.py:3503} INFO - 0 downstream tasks scheduled from follow-on schedule check
[2024-07-14T09:00:36.510+0000] {local_task_job_runner.py:222} INFO - ::endgroup::
[2024-07-14T20:33:49.564+0000] {local_task_job_runner.py:120} INFO - ::group::Pre task execution logs
[2024-07-14T20:33:49.615+0000] {taskinstance.py:2076} INFO - Dependencies all met for dep_context=non-requeueable deps ti=<TaskInstance: fetch_spread_values.fetch_and_compute_spread_usd_mxn scheduled__2024-07-14T04:01:00+00:00 [queued]>
[2024-07-14T20:33:49.630+0000] {taskinstance.py:2076} INFO - Dependencies all met for dep_context=requeueable deps ti=<TaskInstance: fetch_spread_values.fetch_and_compute_spread_usd_mxn scheduled__2024-07-14T04:01:00+00:00 [queued]>
[2024-07-14T20:33:49.631+0000] {taskinstance.py:2306} INFO - Starting attempt 1 of 2
[2024-07-14T20:33:49.646+0000] {taskinstance.py:2330} INFO - Executing <Task(PythonOperator): fetch_and_compute_spread_usd_mxn> on 2024-07-14 04:01:00+00:00
[2024-07-14T20:33:49.651+0000] {logging_mixin.py:188} WARNING - /home/***/.local/lib/python3.12/site-packages/***/task/task_runner/standard_task_runner.py:61 DeprecationWarning: This process (pid=1166) is multi-threaded, use of fork() may lead to deadlocks in the child.
[2024-07-14T20:33:49.652+0000] {standard_task_runner.py:63} INFO - Started process 1174 to run task
[2024-07-14T20:33:49.655+0000] {standard_task_runner.py:90} INFO - Running: ['***', 'tasks', 'run', 'fetch_spread_values', 'fetch_and_compute_spread_usd_mxn', 'scheduled__2024-07-14T04:01:00+00:00', '--job-id', '488', '--raw', '--subdir', 'DAGS_FOLDER/***.py', '--cfg-path', '/tmp/tmp8uyr6aov']
[2024-07-14T20:33:49.657+0000] {standard_task_runner.py:91} INFO - Job 488: Subtask fetch_and_compute_spread_usd_mxn
[2024-07-14T20:33:49.701+0000] {task_command.py:426} INFO - Running <TaskInstance: fetch_spread_values.fetch_and_compute_spread_usd_mxn scheduled__2024-07-14T04:01:00+00:00 [running]> on host 77caf7e4b282
[2024-07-14T20:33:49.756+0000] {taskinstance.py:2648} INFO - Exporting env vars: AIRFLOW_CTX_DAG_OWNER='***' AIRFLOW_CTX_DAG_ID='fetch_spread_values' AIRFLOW_CTX_TASK_ID='fetch_and_compute_spread_usd_mxn' AIRFLOW_CTX_EXECUTION_DATE='2024-07-14T04:01:00+00:00' AIRFLOW_CTX_TRY_NUMBER='1' AIRFLOW_CTX_DAG_RUN_ID='scheduled__2024-07-14T04:01:00+00:00'
[2024-07-14T20:33:49.757+0000] {taskinstance.py:430} INFO - ::endgroup::
[2024-07-14T20:33:49.901+0000] {python.py:237} INFO - Done. Returned value was: None
[2024-07-14T20:33:49.902+0000] {taskinstance.py:441} INFO - ::group::Post task execution logs
[2024-07-14T20:33:49.907+0000] {taskinstance.py:1206} INFO - Marking task as SUCCESS. dag_id=fetch_spread_values, task_id=fetch_and_compute_spread_usd_mxn, run_id=scheduled__2024-07-14T04:01:00+00:00, execution_date=20240714T040100, start_date=20240714T203349, end_date=20240714T203349
[2024-07-14T20:33:49.917+0000] {local_task_job_runner.py:240} INFO - Task exited with return code 0
[2024-07-14T20:33:49.926+0000] {taskinstance.py:3503} INFO - 0 downstream tasks scheduled from follow-on schedule check
[2024-07-14T20:33:49.928+0000] {local_task_job_runner.py:222} INFO - ::endgroup::
