[2024-07-14T18:29:57.384+0000] {local_task_job_runner.py:120} INFO - ::group::Pre task execution logs
[2024-07-14T18:29:57.398+0000] {taskinstance.py:2076} INFO - Dependencies all met for dep_context=non-requeueable deps ti=<TaskInstance: fetch_spread_values.fetch_and_compute_spread_usd_mxn scheduled__2024-07-14T18:27:00+00:00 [queued]>
[2024-07-14T18:29:57.403+0000] {taskinstance.py:2076} INFO - Dependencies all met for dep_context=requeueable deps ti=<TaskInstance: fetch_spread_values.fetch_and_compute_spread_usd_mxn scheduled__2024-07-14T18:27:00+00:00 [queued]>
[2024-07-14T18:29:57.404+0000] {taskinstance.py:2306} INFO - Starting attempt 1 of 2
[2024-07-14T18:29:57.418+0000] {taskinstance.py:2330} INFO - Executing <Task(PythonOperator): fetch_and_compute_spread_usd_mxn> on 2024-07-14 18:27:00+00:00
[2024-07-14T18:29:57.435+0000] {warnings.py:112} WARNING - /home/***/.local/lib/python3.12/site-packages/***/task/task_runner/standard_task_runner.py:61: DeprecationWarning: This process (pid=7840) is multi-threaded, use of fork() may lead to deadlocks in the child.
  pid = os.fork()

[2024-07-14T18:29:57.441+0000] {standard_task_runner.py:63} INFO - Started process 7866 to run task
[2024-07-14T18:29:57.441+0000] {standard_task_runner.py:90} INFO - Running: ['***', 'tasks', 'run', 'fetch_spread_values', 'fetch_and_compute_spread_usd_mxn', 'scheduled__2024-07-14T18:27:00+00:00', '--job-id', '2370', '--raw', '--subdir', 'DAGS_FOLDER/***.py', '--cfg-path', '/tmp/tmpjbive3gz']
[2024-07-14T18:29:57.454+0000] {standard_task_runner.py:91} INFO - Job 2370: Subtask fetch_and_compute_spread_usd_mxn
[2024-07-14T18:29:57.518+0000] {task_command.py:426} INFO - Running <TaskInstance: fetch_spread_values.fetch_and_compute_spread_usd_mxn scheduled__2024-07-14T18:27:00+00:00 [running]> on host d537c34a4880
[2024-07-14T18:29:57.617+0000] {taskinstance.py:2648} INFO - Exporting env vars: AIRFLOW_CTX_DAG_OWNER='***' AIRFLOW_CTX_DAG_ID='fetch_spread_values' AIRFLOW_CTX_TASK_ID='fetch_and_compute_spread_usd_mxn' AIRFLOW_CTX_EXECUTION_DATE='2024-07-14T18:27:00+00:00' AIRFLOW_CTX_TRY_NUMBER='1' AIRFLOW_CTX_DAG_RUN_ID='scheduled__2024-07-14T18:27:00+00:00'
[2024-07-14T18:29:57.621+0000] {taskinstance.py:430} INFO - ::endgroup::
[2024-07-14T18:29:57.776+0000] {python.py:237} INFO - Done. Returned value was: None
[2024-07-14T18:29:57.777+0000] {taskinstance.py:441} INFO - ::group::Post task execution logs
[2024-07-14T18:29:57.784+0000] {taskinstance.py:1206} INFO - Marking task as SUCCESS. dag_id=fetch_spread_values, task_id=fetch_and_compute_spread_usd_mxn, run_id=scheduled__2024-07-14T18:27:00+00:00, execution_date=20240714T182700, start_date=20240714T182957, end_date=20240714T182957
[2024-07-14T18:29:57.799+0000] {local_task_job_runner.py:240} INFO - Task exited with return code 0
[2024-07-14T18:29:57.810+0000] {taskinstance.py:3503} INFO - 0 downstream tasks scheduled from follow-on schedule check
[2024-07-14T18:29:57.811+0000] {local_task_job_runner.py:222} INFO - ::endgroup::
[2024-07-14T20:39:45.026+0000] {local_task_job_runner.py:120} INFO - ::group::Pre task execution logs
[2024-07-14T20:39:45.051+0000] {taskinstance.py:2076} INFO - Dependencies all met for dep_context=non-requeueable deps ti=<TaskInstance: fetch_spread_values.fetch_and_compute_spread_usd_mxn scheduled__2024-07-14T18:27:00+00:00 [queued]>
[2024-07-14T20:39:45.057+0000] {taskinstance.py:2076} INFO - Dependencies all met for dep_context=requeueable deps ti=<TaskInstance: fetch_spread_values.fetch_and_compute_spread_usd_mxn scheduled__2024-07-14T18:27:00+00:00 [queued]>
[2024-07-14T20:39:45.058+0000] {taskinstance.py:2306} INFO - Starting attempt 1 of 2
[2024-07-14T20:39:45.076+0000] {taskinstance.py:2330} INFO - Executing <Task(PythonOperator): fetch_and_compute_spread_usd_mxn> on 2024-07-14 18:27:00+00:00
[2024-07-14T20:39:45.083+0000] {logging_mixin.py:188} WARNING - /home/***/.local/lib/python3.12/site-packages/***/task/task_runner/standard_task_runner.py:61 DeprecationWarning: This process (pid=4932) is multi-threaded, use of fork() may lead to deadlocks in the child.
[2024-07-14T20:39:45.087+0000] {standard_task_runner.py:63} INFO - Started process 4941 to run task
[2024-07-14T20:39:45.085+0000] {standard_task_runner.py:90} INFO - Running: ['***', 'tasks', 'run', 'fetch_spread_values', 'fetch_and_compute_spread_usd_mxn', 'scheduled__2024-07-14T18:27:00+00:00', '--job-id', '2343', '--raw', '--subdir', 'DAGS_FOLDER/***.py', '--cfg-path', '/tmp/tmp7l0y8v3e']
[2024-07-14T20:39:45.094+0000] {standard_task_runner.py:91} INFO - Job 2343: Subtask fetch_and_compute_spread_usd_mxn
[2024-07-14T20:39:45.166+0000] {task_command.py:426} INFO - Running <TaskInstance: fetch_spread_values.fetch_and_compute_spread_usd_mxn scheduled__2024-07-14T18:27:00+00:00 [running]> on host 77caf7e4b282
[2024-07-14T20:39:45.294+0000] {taskinstance.py:2648} INFO - Exporting env vars: AIRFLOW_CTX_DAG_OWNER='***' AIRFLOW_CTX_DAG_ID='fetch_spread_values' AIRFLOW_CTX_TASK_ID='fetch_and_compute_spread_usd_mxn' AIRFLOW_CTX_EXECUTION_DATE='2024-07-14T18:27:00+00:00' AIRFLOW_CTX_TRY_NUMBER='1' AIRFLOW_CTX_DAG_RUN_ID='scheduled__2024-07-14T18:27:00+00:00'
[2024-07-14T20:39:45.296+0000] {taskinstance.py:430} INFO - ::endgroup::
[2024-07-14T20:39:45.496+0000] {python.py:237} INFO - Done. Returned value was: None
[2024-07-14T20:39:45.501+0000] {taskinstance.py:441} INFO - ::group::Post task execution logs
[2024-07-14T20:39:45.510+0000] {taskinstance.py:1206} INFO - Marking task as SUCCESS. dag_id=fetch_spread_values, task_id=fetch_and_compute_spread_usd_mxn, run_id=scheduled__2024-07-14T18:27:00+00:00, execution_date=20240714T182700, start_date=20240714T203945, end_date=20240714T203945
[2024-07-14T20:39:45.559+0000] {local_task_job_runner.py:240} INFO - Task exited with return code 0
[2024-07-14T20:39:45.571+0000] {taskinstance.py:3503} INFO - 0 downstream tasks scheduled from follow-on schedule check
[2024-07-14T20:39:45.574+0000] {local_task_job_runner.py:222} INFO - ::endgroup::
