[2024-07-14T18:57:01.832+0000] {local_task_job_runner.py:120} INFO - ::group::Pre task execution logs
[2024-07-14T18:57:01.843+0000] {taskinstance.py:2076} INFO - Dependencies all met for dep_context=non-requeueable deps ti=<TaskInstance: fetch_spread_values.fetch_and_compute_spread_usd_mxn scheduled__2024-07-14T18:56:00+00:00 [queued]>
[2024-07-14T18:57:01.848+0000] {taskinstance.py:2076} INFO - Dependencies all met for dep_context=requeueable deps ti=<TaskInstance: fetch_spread_values.fetch_and_compute_spread_usd_mxn scheduled__2024-07-14T18:56:00+00:00 [queued]>
[2024-07-14T18:57:01.848+0000] {taskinstance.py:2306} INFO - Starting attempt 1 of 2
[2024-07-14T18:57:01.859+0000] {taskinstance.py:2330} INFO - Executing <Task(PythonOperator): fetch_and_compute_spread_usd_mxn> on 2024-07-14 18:56:00+00:00
[2024-07-14T18:57:01.865+0000] {warnings.py:112} WARNING - /home/***/.local/lib/python3.12/site-packages/***/task/task_runner/standard_task_runner.py:61: DeprecationWarning: This process (pid=8264) is multi-threaded, use of fork() may lead to deadlocks in the child.
  pid = os.fork()

[2024-07-14T18:57:01.868+0000] {standard_task_runner.py:63} INFO - Started process 8267 to run task
[2024-07-14T18:57:01.866+0000] {standard_task_runner.py:90} INFO - Running: ['***', 'tasks', 'run', 'fetch_spread_values', 'fetch_and_compute_spread_usd_mxn', 'scheduled__2024-07-14T18:56:00+00:00', '--job-id', '2429', '--raw', '--subdir', 'DAGS_FOLDER/***.py', '--cfg-path', '/tmp/tmps24qpnys']
[2024-07-14T18:57:01.869+0000] {standard_task_runner.py:91} INFO - Job 2429: Subtask fetch_and_compute_spread_usd_mxn
[2024-07-14T18:57:01.901+0000] {task_command.py:426} INFO - Running <TaskInstance: fetch_spread_values.fetch_and_compute_spread_usd_mxn scheduled__2024-07-14T18:56:00+00:00 [running]> on host d537c34a4880
[2024-07-14T18:57:01.948+0000] {taskinstance.py:2648} INFO - Exporting env vars: AIRFLOW_CTX_DAG_OWNER='***' AIRFLOW_CTX_DAG_ID='fetch_spread_values' AIRFLOW_CTX_TASK_ID='fetch_and_compute_spread_usd_mxn' AIRFLOW_CTX_EXECUTION_DATE='2024-07-14T18:56:00+00:00' AIRFLOW_CTX_TRY_NUMBER='1' AIRFLOW_CTX_DAG_RUN_ID='scheduled__2024-07-14T18:56:00+00:00'
[2024-07-14T18:57:01.949+0000] {taskinstance.py:430} INFO - ::endgroup::
[2024-07-14T18:57:02.208+0000] {python.py:237} INFO - Done. Returned value was: None
[2024-07-14T18:57:02.209+0000] {taskinstance.py:441} INFO - ::group::Post task execution logs
[2024-07-14T18:57:02.220+0000] {taskinstance.py:1206} INFO - Marking task as SUCCESS. dag_id=fetch_spread_values, task_id=fetch_and_compute_spread_usd_mxn, run_id=scheduled__2024-07-14T18:56:00+00:00, execution_date=20240714T185600, start_date=20240714T185701, end_date=20240714T185702
[2024-07-14T18:57:02.263+0000] {local_task_job_runner.py:240} INFO - Task exited with return code 0
[2024-07-14T18:57:02.270+0000] {local_task_job_runner.py:222} INFO - ::endgroup::
[2024-07-14T20:39:56.660+0000] {local_task_job_runner.py:120} INFO - ::group::Pre task execution logs
[2024-07-14T20:39:56.712+0000] {taskinstance.py:2076} INFO - Dependencies all met for dep_context=non-requeueable deps ti=<TaskInstance: fetch_spread_values.fetch_and_compute_spread_usd_mxn scheduled__2024-07-14T18:56:00+00:00 [queued]>
[2024-07-14T20:39:56.718+0000] {taskinstance.py:2076} INFO - Dependencies all met for dep_context=requeueable deps ti=<TaskInstance: fetch_spread_values.fetch_and_compute_spread_usd_mxn scheduled__2024-07-14T18:56:00+00:00 [queued]>
[2024-07-14T20:39:56.719+0000] {taskinstance.py:2306} INFO - Starting attempt 1 of 2
[2024-07-14T20:39:56.738+0000] {taskinstance.py:2330} INFO - Executing <Task(PythonOperator): fetch_and_compute_spread_usd_mxn> on 2024-07-14 18:56:00+00:00
[2024-07-14T20:39:56.753+0000] {standard_task_runner.py:90} INFO - Running: ['***', 'tasks', 'run', 'fetch_spread_values', 'fetch_and_compute_spread_usd_mxn', 'scheduled__2024-07-14T18:56:00+00:00', '--job-id', '2401', '--raw', '--subdir', 'DAGS_FOLDER/***.py', '--cfg-path', '/tmp/tmp116rp0n6']
[2024-07-14T20:39:56.763+0000] {standard_task_runner.py:91} INFO - Job 2401: Subtask fetch_and_compute_spread_usd_mxn
[2024-07-14T20:39:56.765+0000] {logging_mixin.py:188} WARNING - /home/***/.local/lib/python3.12/site-packages/***/task/task_runner/standard_task_runner.py:61 DeprecationWarning: This process (pid=5052) is multi-threaded, use of fork() may lead to deadlocks in the child.
[2024-07-14T20:39:56.775+0000] {standard_task_runner.py:63} INFO - Started process 5062 to run task
[2024-07-14T20:39:56.873+0000] {task_command.py:426} INFO - Running <TaskInstance: fetch_spread_values.fetch_and_compute_spread_usd_mxn scheduled__2024-07-14T18:56:00+00:00 [running]> on host 77caf7e4b282
[2024-07-14T20:39:57.143+0000] {taskinstance.py:2648} INFO - Exporting env vars: AIRFLOW_CTX_DAG_OWNER='***' AIRFLOW_CTX_DAG_ID='fetch_spread_values' AIRFLOW_CTX_TASK_ID='fetch_and_compute_spread_usd_mxn' AIRFLOW_CTX_EXECUTION_DATE='2024-07-14T18:56:00+00:00' AIRFLOW_CTX_TRY_NUMBER='1' AIRFLOW_CTX_DAG_RUN_ID='scheduled__2024-07-14T18:56:00+00:00'
[2024-07-14T20:39:57.147+0000] {taskinstance.py:430} INFO - ::endgroup::
[2024-07-14T20:39:57.514+0000] {python.py:237} INFO - Done. Returned value was: None
[2024-07-14T20:39:57.515+0000] {taskinstance.py:441} INFO - ::group::Post task execution logs
[2024-07-14T20:39:57.522+0000] {taskinstance.py:1206} INFO - Marking task as SUCCESS. dag_id=fetch_spread_values, task_id=fetch_and_compute_spread_usd_mxn, run_id=scheduled__2024-07-14T18:56:00+00:00, execution_date=20240714T185600, start_date=20240714T203956, end_date=20240714T203957
[2024-07-14T20:39:57.547+0000] {local_task_job_runner.py:240} INFO - Task exited with return code 0
[2024-07-14T20:39:57.559+0000] {taskinstance.py:3503} INFO - 0 downstream tasks scheduled from follow-on schedule check
[2024-07-14T20:39:57.560+0000] {local_task_job_runner.py:222} INFO - ::endgroup::
