[2024-07-14T12:50:20.820+0000] {local_task_job_runner.py:120} INFO - ::group::Pre task execution logs
[2024-07-14T12:50:20.944+0000] {taskinstance.py:2076} INFO - Dependencies all met for dep_context=non-requeueable deps ti=<TaskInstance: fetch_spread_values.fetch_and_compute_spread_usd_mxn scheduled__2024-07-14T12:33:00+00:00 [queued]>
[2024-07-14T12:50:20.986+0000] {taskinstance.py:2076} INFO - Dependencies all met for dep_context=requeueable deps ti=<TaskInstance: fetch_spread_values.fetch_and_compute_spread_usd_mxn scheduled__2024-07-14T12:33:00+00:00 [queued]>
[2024-07-14T12:50:20.990+0000] {taskinstance.py:2306} INFO - Starting attempt 1 of 2
[2024-07-14T12:50:21.047+0000] {taskinstance.py:2330} INFO - Executing <Task(PythonOperator): fetch_and_compute_spread_usd_mxn> on 2024-07-14 12:33:00+00:00
[2024-07-14T12:50:21.068+0000] {warnings.py:112} WARNING - /home/***/.local/lib/python3.12/site-packages/***/task/task_runner/standard_task_runner.py:61: DeprecationWarning: This process (pid=5381) is multi-threaded, use of fork() may lead to deadlocks in the child.
  pid = os.fork()

[2024-07-14T12:50:21.075+0000] {standard_task_runner.py:63} INFO - Started process 5407 to run task
[2024-07-14T12:50:21.082+0000] {standard_task_runner.py:90} INFO - Running: ['***', 'tasks', 'run', 'fetch_spread_values', 'fetch_and_compute_spread_usd_mxn', 'scheduled__2024-07-14T12:33:00+00:00', '--job-id', '1614', '--raw', '--subdir', 'DAGS_FOLDER/***.py', '--cfg-path', '/tmp/tmp0qwbvw57']
[2024-07-14T12:50:21.100+0000] {standard_task_runner.py:91} INFO - Job 1614: Subtask fetch_and_compute_spread_usd_mxn
[2024-07-14T12:50:21.355+0000] {task_command.py:426} INFO - Running <TaskInstance: fetch_spread_values.fetch_and_compute_spread_usd_mxn scheduled__2024-07-14T12:33:00+00:00 [running]> on host d537c34a4880
[2024-07-14T12:50:21.931+0000] {taskinstance.py:2648} INFO - Exporting env vars: AIRFLOW_CTX_DAG_OWNER='***' AIRFLOW_CTX_DAG_ID='fetch_spread_values' AIRFLOW_CTX_TASK_ID='fetch_and_compute_spread_usd_mxn' AIRFLOW_CTX_EXECUTION_DATE='2024-07-14T12:33:00+00:00' AIRFLOW_CTX_TRY_NUMBER='1' AIRFLOW_CTX_DAG_RUN_ID='scheduled__2024-07-14T12:33:00+00:00'
[2024-07-14T12:50:21.944+0000] {taskinstance.py:430} INFO - ::endgroup::
[2024-07-14T12:50:22.572+0000] {python.py:237} INFO - Done. Returned value was: None
[2024-07-14T12:50:22.586+0000] {taskinstance.py:441} INFO - ::group::Post task execution logs
[2024-07-14T12:50:22.661+0000] {taskinstance.py:1206} INFO - Marking task as SUCCESS. dag_id=fetch_spread_values, task_id=fetch_and_compute_spread_usd_mxn, run_id=scheduled__2024-07-14T12:33:00+00:00, execution_date=20240714T123300, start_date=20240714T125020, end_date=20240714T125022
[2024-07-14T12:50:22.925+0000] {local_task_job_runner.py:240} INFO - Task exited with return code 0
[2024-07-14T12:50:23.024+0000] {taskinstance.py:3503} INFO - 0 downstream tasks scheduled from follow-on schedule check
[2024-07-14T12:50:23.042+0000] {local_task_job_runner.py:222} INFO - ::endgroup::
[2024-07-14T20:37:39.514+0000] {local_task_job_runner.py:120} INFO - ::group::Pre task execution logs
[2024-07-14T20:37:39.538+0000] {taskinstance.py:2076} INFO - Dependencies all met for dep_context=non-requeueable deps ti=<TaskInstance: fetch_spread_values.fetch_and_compute_spread_usd_mxn scheduled__2024-07-14T12:33:00+00:00 [queued]>
[2024-07-14T20:37:39.544+0000] {taskinstance.py:2076} INFO - Dependencies all met for dep_context=requeueable deps ti=<TaskInstance: fetch_spread_values.fetch_and_compute_spread_usd_mxn scheduled__2024-07-14T12:33:00+00:00 [queued]>
[2024-07-14T20:37:39.546+0000] {taskinstance.py:2306} INFO - Starting attempt 1 of 2
[2024-07-14T20:37:39.563+0000] {taskinstance.py:2330} INFO - Executing <Task(PythonOperator): fetch_and_compute_spread_usd_mxn> on 2024-07-14 12:33:00+00:00
[2024-07-14T20:37:39.574+0000] {logging_mixin.py:188} WARNING - /home/***/.local/lib/python3.12/site-packages/***/task/task_runner/standard_task_runner.py:61 DeprecationWarning: This process (pid=3501) is multi-threaded, use of fork() may lead to deadlocks in the child.
[2024-07-14T20:37:39.575+0000] {standard_task_runner.py:90} INFO - Running: ['***', 'tasks', 'run', 'fetch_spread_values', 'fetch_and_compute_spread_usd_mxn', 'scheduled__2024-07-14T12:33:00+00:00', '--job-id', '1635', '--raw', '--subdir', 'DAGS_FOLDER/***.py', '--cfg-path', '/tmp/tmp5ul8w1xl']
[2024-07-14T20:37:39.579+0000] {standard_task_runner.py:91} INFO - Job 1635: Subtask fetch_and_compute_spread_usd_mxn
[2024-07-14T20:37:39.577+0000] {standard_task_runner.py:63} INFO - Started process 3509 to run task
[2024-07-14T20:37:39.680+0000] {task_command.py:426} INFO - Running <TaskInstance: fetch_spread_values.fetch_and_compute_spread_usd_mxn scheduled__2024-07-14T12:33:00+00:00 [running]> on host 77caf7e4b282
[2024-07-14T20:37:39.921+0000] {taskinstance.py:2648} INFO - Exporting env vars: AIRFLOW_CTX_DAG_OWNER='***' AIRFLOW_CTX_DAG_ID='fetch_spread_values' AIRFLOW_CTX_TASK_ID='fetch_and_compute_spread_usd_mxn' AIRFLOW_CTX_EXECUTION_DATE='2024-07-14T12:33:00+00:00' AIRFLOW_CTX_TRY_NUMBER='1' AIRFLOW_CTX_DAG_RUN_ID='scheduled__2024-07-14T12:33:00+00:00'
[2024-07-14T20:37:39.929+0000] {taskinstance.py:430} INFO - ::endgroup::
[2024-07-14T20:37:40.178+0000] {python.py:237} INFO - Done. Returned value was: None
[2024-07-14T20:37:40.180+0000] {taskinstance.py:441} INFO - ::group::Post task execution logs
[2024-07-14T20:37:40.194+0000] {taskinstance.py:1206} INFO - Marking task as SUCCESS. dag_id=fetch_spread_values, task_id=fetch_and_compute_spread_usd_mxn, run_id=scheduled__2024-07-14T12:33:00+00:00, execution_date=20240714T123300, start_date=20240714T203739, end_date=20240714T203740
[2024-07-14T20:37:40.260+0000] {local_task_job_runner.py:240} INFO - Task exited with return code 0
[2024-07-14T20:37:40.292+0000] {taskinstance.py:3503} INFO - 0 downstream tasks scheduled from follow-on schedule check
[2024-07-14T20:37:40.297+0000] {local_task_job_runner.py:222} INFO - ::endgroup::
