[2024-07-14T10:31:21.960+0000] {local_task_job_runner.py:120} INFO - ::group::Pre task execution logs
[2024-07-14T10:31:21.977+0000] {taskinstance.py:2076} INFO - Dependencies all met for dep_context=non-requeueable deps ti=<TaskInstance: fetch_spread_values.fetch_and_compute_spread_usd_mxn scheduled__2024-07-14T10:23:00+00:00 [queued]>
[2024-07-14T10:31:21.986+0000] {taskinstance.py:2076} INFO - Dependencies all met for dep_context=requeueable deps ti=<TaskInstance: fetch_spread_values.fetch_and_compute_spread_usd_mxn scheduled__2024-07-14T10:23:00+00:00 [queued]>
[2024-07-14T10:31:21.987+0000] {taskinstance.py:2306} INFO - Starting attempt 1 of 2
[2024-07-14T10:31:21.998+0000] {taskinstance.py:2330} INFO - Executing <Task(PythonOperator): fetch_and_compute_spread_usd_mxn> on 2024-07-14 10:23:00+00:00
[2024-07-14T10:31:22.001+0000] {warnings.py:112} WARNING - /home/***/.local/lib/python3.12/site-packages/***/task/task_runner/standard_task_runner.py:61: DeprecationWarning: This process (pid=4488) is multi-threaded, use of fork() may lead to deadlocks in the child.
  pid = os.fork()

[2024-07-14T10:31:22.003+0000] {standard_task_runner.py:63} INFO - Started process 4504 to run task
[2024-07-14T10:31:22.003+0000] {standard_task_runner.py:90} INFO - Running: ['***', 'tasks', 'run', 'fetch_spread_values', 'fetch_and_compute_spread_usd_mxn', 'scheduled__2024-07-14T10:23:00+00:00', '--job-id', '1340', '--raw', '--subdir', 'DAGS_FOLDER/***.py', '--cfg-path', '/tmp/tmpm1bixmq1']
[2024-07-14T10:31:22.005+0000] {standard_task_runner.py:91} INFO - Job 1340: Subtask fetch_and_compute_spread_usd_mxn
[2024-07-14T10:31:22.042+0000] {task_command.py:426} INFO - Running <TaskInstance: fetch_spread_values.fetch_and_compute_spread_usd_mxn scheduled__2024-07-14T10:23:00+00:00 [running]> on host d537c34a4880
[2024-07-14T10:31:22.100+0000] {taskinstance.py:2648} INFO - Exporting env vars: AIRFLOW_CTX_DAG_OWNER='***' AIRFLOW_CTX_DAG_ID='fetch_spread_values' AIRFLOW_CTX_TASK_ID='fetch_and_compute_spread_usd_mxn' AIRFLOW_CTX_EXECUTION_DATE='2024-07-14T10:23:00+00:00' AIRFLOW_CTX_TRY_NUMBER='1' AIRFLOW_CTX_DAG_RUN_ID='scheduled__2024-07-14T10:23:00+00:00'
[2024-07-14T10:31:22.102+0000] {taskinstance.py:430} INFO - ::endgroup::
[2024-07-14T10:31:22.257+0000] {python.py:237} INFO - Done. Returned value was: None
[2024-07-14T10:31:22.258+0000] {taskinstance.py:441} INFO - ::group::Post task execution logs
[2024-07-14T10:31:22.264+0000] {taskinstance.py:1206} INFO - Marking task as SUCCESS. dag_id=fetch_spread_values, task_id=fetch_and_compute_spread_usd_mxn, run_id=scheduled__2024-07-14T10:23:00+00:00, execution_date=20240714T102300, start_date=20240714T103121, end_date=20240714T103122
[2024-07-14T10:31:22.304+0000] {local_task_job_runner.py:240} INFO - Task exited with return code 0
[2024-07-14T10:31:22.313+0000] {taskinstance.py:3503} INFO - 0 downstream tasks scheduled from follow-on schedule check
[2024-07-14T10:31:22.313+0000] {local_task_job_runner.py:222} INFO - ::endgroup::
[2024-07-14T20:36:49.446+0000] {local_task_job_runner.py:120} INFO - ::group::Pre task execution logs
[2024-07-14T20:36:49.529+0000] {taskinstance.py:2076} INFO - Dependencies all met for dep_context=non-requeueable deps ti=<TaskInstance: fetch_spread_values.fetch_and_compute_spread_usd_mxn scheduled__2024-07-14T10:23:00+00:00 [queued]>
[2024-07-14T20:36:49.543+0000] {taskinstance.py:2076} INFO - Dependencies all met for dep_context=requeueable deps ti=<TaskInstance: fetch_spread_values.fetch_and_compute_spread_usd_mxn scheduled__2024-07-14T10:23:00+00:00 [queued]>
[2024-07-14T20:36:49.545+0000] {taskinstance.py:2306} INFO - Starting attempt 1 of 2
[2024-07-14T20:36:49.588+0000] {taskinstance.py:2330} INFO - Executing <Task(PythonOperator): fetch_and_compute_spread_usd_mxn> on 2024-07-14 10:23:00+00:00
[2024-07-14T20:36:49.603+0000] {standard_task_runner.py:90} INFO - Running: ['***', 'tasks', 'run', 'fetch_spread_values', 'fetch_and_compute_spread_usd_mxn', 'scheduled__2024-07-14T10:23:00+00:00', '--job-id', '1374', '--raw', '--subdir', 'DAGS_FOLDER/***.py', '--cfg-path', '/tmp/tmpkpbfh5ri']
[2024-07-14T20:36:49.602+0000] {logging_mixin.py:188} WARNING - /home/***/.local/lib/python3.12/site-packages/***/task/task_runner/standard_task_runner.py:61 DeprecationWarning: This process (pid=2972) is multi-threaded, use of fork() may lead to deadlocks in the child.
[2024-07-14T20:36:49.620+0000] {standard_task_runner.py:91} INFO - Job 1374: Subtask fetch_and_compute_spread_usd_mxn
[2024-07-14T20:36:49.624+0000] {standard_task_runner.py:63} INFO - Started process 2981 to run task
[2024-07-14T20:36:49.703+0000] {task_command.py:426} INFO - Running <TaskInstance: fetch_spread_values.fetch_and_compute_spread_usd_mxn scheduled__2024-07-14T10:23:00+00:00 [running]> on host 77caf7e4b282
[2024-07-14T20:36:49.860+0000] {taskinstance.py:2648} INFO - Exporting env vars: AIRFLOW_CTX_DAG_OWNER='***' AIRFLOW_CTX_DAG_ID='fetch_spread_values' AIRFLOW_CTX_TASK_ID='fetch_and_compute_spread_usd_mxn' AIRFLOW_CTX_EXECUTION_DATE='2024-07-14T10:23:00+00:00' AIRFLOW_CTX_TRY_NUMBER='1' AIRFLOW_CTX_DAG_RUN_ID='scheduled__2024-07-14T10:23:00+00:00'
[2024-07-14T20:36:49.863+0000] {taskinstance.py:430} INFO - ::endgroup::
[2024-07-14T20:36:50.093+0000] {python.py:237} INFO - Done. Returned value was: None
[2024-07-14T20:36:50.096+0000] {taskinstance.py:441} INFO - ::group::Post task execution logs
[2024-07-14T20:36:50.118+0000] {taskinstance.py:1206} INFO - Marking task as SUCCESS. dag_id=fetch_spread_values, task_id=fetch_and_compute_spread_usd_mxn, run_id=scheduled__2024-07-14T10:23:00+00:00, execution_date=20240714T102300, start_date=20240714T203649, end_date=20240714T203650
[2024-07-14T20:36:50.160+0000] {local_task_job_runner.py:240} INFO - Task exited with return code 0
[2024-07-14T20:36:50.176+0000] {taskinstance.py:3503} INFO - 0 downstream tasks scheduled from follow-on schedule check
[2024-07-14T20:36:50.178+0000] {local_task_job_runner.py:222} INFO - ::endgroup::
