[2024-07-14T12:50:33.203+0000] {local_task_job_runner.py:120} INFO - ::group::Pre task execution logs
[2024-07-14T12:50:33.267+0000] {taskinstance.py:2076} INFO - Dependencies all met for dep_context=non-requeueable deps ti=<TaskInstance: fetch_spread_values.fetch_and_compute_spread_usd_mxn scheduled__2024-07-14T12:46:00+00:00 [queued]>
[2024-07-14T12:50:33.289+0000] {taskinstance.py:2076} INFO - Dependencies all met for dep_context=requeueable deps ti=<TaskInstance: fetch_spread_values.fetch_and_compute_spread_usd_mxn scheduled__2024-07-14T12:46:00+00:00 [queued]>
[2024-07-14T12:50:33.312+0000] {taskinstance.py:2306} INFO - Starting attempt 1 of 2
[2024-07-14T12:50:33.400+0000] {taskinstance.py:2330} INFO - Executing <Task(PythonOperator): fetch_and_compute_spread_usd_mxn> on 2024-07-14 12:46:00+00:00
[2024-07-14T12:50:33.410+0000] {warnings.py:112} WARNING - /home/***/.local/lib/python3.12/site-packages/***/task/task_runner/standard_task_runner.py:61: DeprecationWarning: This process (pid=5463) is multi-threaded, use of fork() may lead to deadlocks in the child.
  pid = os.fork()

[2024-07-14T12:50:33.412+0000] {standard_task_runner.py:63} INFO - Started process 5488 to run task
[2024-07-14T12:50:33.430+0000] {standard_task_runner.py:90} INFO - Running: ['***', 'tasks', 'run', 'fetch_spread_values', 'fetch_and_compute_spread_usd_mxn', 'scheduled__2024-07-14T12:46:00+00:00', '--job-id', '1641', '--raw', '--subdir', 'DAGS_FOLDER/***.py', '--cfg-path', '/tmp/tmpfy5p3bv5']
[2024-07-14T12:50:33.433+0000] {standard_task_runner.py:91} INFO - Job 1641: Subtask fetch_and_compute_spread_usd_mxn
[2024-07-14T12:50:33.550+0000] {task_command.py:426} INFO - Running <TaskInstance: fetch_spread_values.fetch_and_compute_spread_usd_mxn scheduled__2024-07-14T12:46:00+00:00 [running]> on host d537c34a4880
[2024-07-14T12:50:33.748+0000] {taskinstance.py:2648} INFO - Exporting env vars: AIRFLOW_CTX_DAG_OWNER='***' AIRFLOW_CTX_DAG_ID='fetch_spread_values' AIRFLOW_CTX_TASK_ID='fetch_and_compute_spread_usd_mxn' AIRFLOW_CTX_EXECUTION_DATE='2024-07-14T12:46:00+00:00' AIRFLOW_CTX_TRY_NUMBER='1' AIRFLOW_CTX_DAG_RUN_ID='scheduled__2024-07-14T12:46:00+00:00'
[2024-07-14T12:50:33.764+0000] {taskinstance.py:430} INFO - ::endgroup::
[2024-07-14T12:50:33.981+0000] {python.py:237} INFO - Done. Returned value was: None
[2024-07-14T12:50:33.986+0000] {taskinstance.py:441} INFO - ::group::Post task execution logs
[2024-07-14T12:50:33.997+0000] {taskinstance.py:1206} INFO - Marking task as SUCCESS. dag_id=fetch_spread_values, task_id=fetch_and_compute_spread_usd_mxn, run_id=scheduled__2024-07-14T12:46:00+00:00, execution_date=20240714T124600, start_date=20240714T125033, end_date=20240714T125033
[2024-07-14T12:50:34.023+0000] {local_task_job_runner.py:240} INFO - Task exited with return code 0
[2024-07-14T12:50:34.056+0000] {taskinstance.py:3503} INFO - 0 downstream tasks scheduled from follow-on schedule check
[2024-07-14T12:50:34.059+0000] {local_task_job_runner.py:222} INFO - ::endgroup::
[2024-07-14T20:37:43.059+0000] {local_task_job_runner.py:120} INFO - ::group::Pre task execution logs
[2024-07-14T20:37:43.124+0000] {taskinstance.py:2076} INFO - Dependencies all met for dep_context=non-requeueable deps ti=<TaskInstance: fetch_spread_values.fetch_and_compute_spread_usd_mxn scheduled__2024-07-14T12:46:00+00:00 [queued]>
[2024-07-14T20:37:43.140+0000] {taskinstance.py:2076} INFO - Dependencies all met for dep_context=requeueable deps ti=<TaskInstance: fetch_spread_values.fetch_and_compute_spread_usd_mxn scheduled__2024-07-14T12:46:00+00:00 [queued]>
[2024-07-14T20:37:43.143+0000] {taskinstance.py:2306} INFO - Starting attempt 1 of 2
[2024-07-14T20:37:43.214+0000] {taskinstance.py:2330} INFO - Executing <Task(PythonOperator): fetch_and_compute_spread_usd_mxn> on 2024-07-14 12:46:00+00:00
[2024-07-14T20:37:43.230+0000] {standard_task_runner.py:90} INFO - Running: ['***', 'tasks', 'run', 'fetch_spread_values', 'fetch_and_compute_spread_usd_mxn', 'scheduled__2024-07-14T12:46:00+00:00', '--job-id', '1661', '--raw', '--subdir', 'DAGS_FOLDER/***.py', '--cfg-path', '/tmp/tmpxb96y4ab']
[2024-07-14T20:37:43.228+0000] {logging_mixin.py:188} WARNING - /home/***/.local/lib/python3.12/site-packages/***/task/task_runner/standard_task_runner.py:61 DeprecationWarning: This process (pid=3548) is multi-threaded, use of fork() may lead to deadlocks in the child.
[2024-07-14T20:37:43.243+0000] {standard_task_runner.py:63} INFO - Started process 3561 to run task
[2024-07-14T20:37:43.235+0000] {standard_task_runner.py:91} INFO - Job 1661: Subtask fetch_and_compute_spread_usd_mxn
[2024-07-14T20:37:43.298+0000] {task_command.py:426} INFO - Running <TaskInstance: fetch_spread_values.fetch_and_compute_spread_usd_mxn scheduled__2024-07-14T12:46:00+00:00 [running]> on host 77caf7e4b282
[2024-07-14T20:37:43.463+0000] {taskinstance.py:2648} INFO - Exporting env vars: AIRFLOW_CTX_DAG_OWNER='***' AIRFLOW_CTX_DAG_ID='fetch_spread_values' AIRFLOW_CTX_TASK_ID='fetch_and_compute_spread_usd_mxn' AIRFLOW_CTX_EXECUTION_DATE='2024-07-14T12:46:00+00:00' AIRFLOW_CTX_TRY_NUMBER='1' AIRFLOW_CTX_DAG_RUN_ID='scheduled__2024-07-14T12:46:00+00:00'
[2024-07-14T20:37:43.464+0000] {taskinstance.py:430} INFO - ::endgroup::
[2024-07-14T20:37:43.684+0000] {python.py:237} INFO - Done. Returned value was: None
[2024-07-14T20:37:43.692+0000] {taskinstance.py:441} INFO - ::group::Post task execution logs
[2024-07-14T20:37:43.713+0000] {taskinstance.py:1206} INFO - Marking task as SUCCESS. dag_id=fetch_spread_values, task_id=fetch_and_compute_spread_usd_mxn, run_id=scheduled__2024-07-14T12:46:00+00:00, execution_date=20240714T124600, start_date=20240714T203743, end_date=20240714T203743
[2024-07-14T20:37:43.809+0000] {local_task_job_runner.py:240} INFO - Task exited with return code 0
[2024-07-14T20:37:43.929+0000] {taskinstance.py:3503} INFO - 0 downstream tasks scheduled from follow-on schedule check
[2024-07-14T20:37:43.934+0000] {local_task_job_runner.py:222} INFO - ::endgroup::
