[2024-07-14T09:00:40.732+0000] {local_task_job_runner.py:120} INFO - ::group::Pre task execution logs
[2024-07-14T09:00:40.783+0000] {taskinstance.py:2076} INFO - Dependencies all met for dep_context=non-requeueable deps ti=<TaskInstance: fetch_spread_values.fetch_and_compute_spread_usd_mxn scheduled__2024-07-14T04:04:00+00:00 [queued]>
[2024-07-14T09:00:40.799+0000] {taskinstance.py:2076} INFO - Dependencies all met for dep_context=requeueable deps ti=<TaskInstance: fetch_spread_values.fetch_and_compute_spread_usd_mxn scheduled__2024-07-14T04:04:00+00:00 [queued]>
[2024-07-14T09:00:40.803+0000] {taskinstance.py:2306} INFO - Starting attempt 1 of 2
[2024-07-14T09:00:40.829+0000] {taskinstance.py:2330} INFO - Executing <Task(PythonOperator): fetch_and_compute_spread_usd_mxn> on 2024-07-14 04:04:00+00:00
[2024-07-14T09:00:40.879+0000] {warnings.py:112} WARNING - /home/***/.local/lib/python3.12/site-packages/***/task/task_runner/standard_task_runner.py:61: DeprecationWarning: This process (pid=1628) is multi-threaded, use of fork() may lead to deadlocks in the child.
  pid = os.fork()

[2024-07-14T09:00:40.897+0000] {standard_task_runner.py:63} INFO - Started process 1649 to run task
[2024-07-14T09:00:40.891+0000] {standard_task_runner.py:90} INFO - Running: ['***', 'tasks', 'run', 'fetch_spread_values', 'fetch_and_compute_spread_usd_mxn', 'scheduled__2024-07-14T04:04:00+00:00', '--job-id', '517', '--raw', '--subdir', 'DAGS_FOLDER/***.py', '--cfg-path', '/tmp/tmpp3i2dafh']
[2024-07-14T09:00:40.922+0000] {standard_task_runner.py:91} INFO - Job 517: Subtask fetch_and_compute_spread_usd_mxn
[2024-07-14T09:00:41.063+0000] {task_command.py:426} INFO - Running <TaskInstance: fetch_spread_values.fetch_and_compute_spread_usd_mxn scheduled__2024-07-14T04:04:00+00:00 [running]> on host d537c34a4880
[2024-07-14T09:00:41.360+0000] {taskinstance.py:2648} INFO - Exporting env vars: AIRFLOW_CTX_DAG_OWNER='***' AIRFLOW_CTX_DAG_ID='fetch_spread_values' AIRFLOW_CTX_TASK_ID='fetch_and_compute_spread_usd_mxn' AIRFLOW_CTX_EXECUTION_DATE='2024-07-14T04:04:00+00:00' AIRFLOW_CTX_TRY_NUMBER='1' AIRFLOW_CTX_DAG_RUN_ID='scheduled__2024-07-14T04:04:00+00:00'
[2024-07-14T09:00:41.364+0000] {taskinstance.py:430} INFO - ::endgroup::
[2024-07-14T09:00:41.585+0000] {python.py:237} INFO - Done. Returned value was: None
[2024-07-14T09:00:41.599+0000] {taskinstance.py:441} INFO - ::group::Post task execution logs
[2024-07-14T09:00:41.635+0000] {taskinstance.py:1206} INFO - Marking task as SUCCESS. dag_id=fetch_spread_values, task_id=fetch_and_compute_spread_usd_mxn, run_id=scheduled__2024-07-14T04:04:00+00:00, execution_date=20240714T040400, start_date=20240714T090040, end_date=20240714T090041
[2024-07-14T09:00:41.687+0000] {local_task_job_runner.py:240} INFO - Task exited with return code 0
[2024-07-14T09:00:41.825+0000] {taskinstance.py:3503} INFO - 0 downstream tasks scheduled from follow-on schedule check
[2024-07-14T09:00:41.849+0000] {local_task_job_runner.py:222} INFO - ::endgroup::
[2024-07-14T20:33:53.940+0000] {local_task_job_runner.py:120} INFO - ::group::Pre task execution logs
[2024-07-14T20:33:53.971+0000] {taskinstance.py:2076} INFO - Dependencies all met for dep_context=non-requeueable deps ti=<TaskInstance: fetch_spread_values.fetch_and_compute_spread_usd_mxn scheduled__2024-07-14T04:04:00+00:00 [queued]>
[2024-07-14T20:33:53.979+0000] {taskinstance.py:2076} INFO - Dependencies all met for dep_context=requeueable deps ti=<TaskInstance: fetch_spread_values.fetch_and_compute_spread_usd_mxn scheduled__2024-07-14T04:04:00+00:00 [queued]>
[2024-07-14T20:33:53.981+0000] {taskinstance.py:2306} INFO - Starting attempt 1 of 2
[2024-07-14T20:33:54.017+0000] {taskinstance.py:2330} INFO - Executing <Task(PythonOperator): fetch_and_compute_spread_usd_mxn> on 2024-07-14 04:04:00+00:00
[2024-07-14T20:33:54.024+0000] {logging_mixin.py:188} WARNING - /home/***/.local/lib/python3.12/site-packages/***/task/task_runner/standard_task_runner.py:61 DeprecationWarning: This process (pid=1184) is multi-threaded, use of fork() may lead to deadlocks in the child.
[2024-07-14T20:33:54.036+0000] {standard_task_runner.py:63} INFO - Started process 1192 to run task
[2024-07-14T20:33:54.027+0000] {standard_task_runner.py:90} INFO - Running: ['***', 'tasks', 'run', 'fetch_spread_values', 'fetch_and_compute_spread_usd_mxn', 'scheduled__2024-07-14T04:04:00+00:00', '--job-id', '494', '--raw', '--subdir', 'DAGS_FOLDER/***.py', '--cfg-path', '/tmp/tmppewx708g']
[2024-07-14T20:33:54.043+0000] {standard_task_runner.py:91} INFO - Job 494: Subtask fetch_and_compute_spread_usd_mxn
[2024-07-14T20:33:54.112+0000] {task_command.py:426} INFO - Running <TaskInstance: fetch_spread_values.fetch_and_compute_spread_usd_mxn scheduled__2024-07-14T04:04:00+00:00 [running]> on host 77caf7e4b282
[2024-07-14T20:33:54.268+0000] {taskinstance.py:2648} INFO - Exporting env vars: AIRFLOW_CTX_DAG_OWNER='***' AIRFLOW_CTX_DAG_ID='fetch_spread_values' AIRFLOW_CTX_TASK_ID='fetch_and_compute_spread_usd_mxn' AIRFLOW_CTX_EXECUTION_DATE='2024-07-14T04:04:00+00:00' AIRFLOW_CTX_TRY_NUMBER='1' AIRFLOW_CTX_DAG_RUN_ID='scheduled__2024-07-14T04:04:00+00:00'
[2024-07-14T20:33:54.274+0000] {taskinstance.py:430} INFO - ::endgroup::
[2024-07-14T20:33:54.528+0000] {python.py:237} INFO - Done. Returned value was: None
[2024-07-14T20:33:54.540+0000] {taskinstance.py:441} INFO - ::group::Post task execution logs
[2024-07-14T20:33:54.565+0000] {taskinstance.py:1206} INFO - Marking task as SUCCESS. dag_id=fetch_spread_values, task_id=fetch_and_compute_spread_usd_mxn, run_id=scheduled__2024-07-14T04:04:00+00:00, execution_date=20240714T040400, start_date=20240714T203353, end_date=20240714T203354
[2024-07-14T20:33:54.651+0000] {local_task_job_runner.py:240} INFO - Task exited with return code 0
[2024-07-14T20:33:54.680+0000] {taskinstance.py:3503} INFO - 0 downstream tasks scheduled from follow-on schedule check
[2024-07-14T20:33:54.686+0000] {local_task_job_runner.py:222} INFO - ::endgroup::
