[2024-07-14T09:04:29.848+0000] {local_task_job_runner.py:120} INFO - ::group::Pre task execution logs
[2024-07-14T09:04:29.865+0000] {taskinstance.py:2076} INFO - Dependencies all met for dep_context=non-requeueable deps ti=<TaskInstance: fetch_spread_values.fetch_and_compute_spread_usd_mxn scheduled__2024-07-14T08:19:00+00:00 [queued]>
[2024-07-14T09:04:29.874+0000] {taskinstance.py:2076} INFO - Dependencies all met for dep_context=requeueable deps ti=<TaskInstance: fetch_spread_values.fetch_and_compute_spread_usd_mxn scheduled__2024-07-14T08:19:00+00:00 [queued]>
[2024-07-14T09:04:29.877+0000] {taskinstance.py:2306} INFO - Starting attempt 1 of 2
[2024-07-14T09:04:29.912+0000] {taskinstance.py:2330} INFO - Executing <Task(PythonOperator): fetch_and_compute_spread_usd_mxn> on 2024-07-14 08:19:00+00:00
[2024-07-14T09:04:29.930+0000] {warnings.py:112} WARNING - /home/***/.local/lib/python3.12/site-packages/***/task/task_runner/standard_task_runner.py:61: DeprecationWarning: This process (pid=3198) is multi-threaded, use of fork() may lead to deadlocks in the child.
  pid = os.fork()

[2024-07-14T09:04:29.935+0000] {standard_task_runner.py:63} INFO - Started process 3226 to run task
[2024-07-14T09:04:29.929+0000] {standard_task_runner.py:90} INFO - Running: ['***', 'tasks', 'run', 'fetch_spread_values', 'fetch_and_compute_spread_usd_mxn', 'scheduled__2024-07-14T08:19:00+00:00', '--job-id', '1027', '--raw', '--subdir', 'DAGS_FOLDER/***.py', '--cfg-path', '/tmp/tmpjw0hk_2u']
[2024-07-14T09:04:29.943+0000] {standard_task_runner.py:91} INFO - Job 1027: Subtask fetch_and_compute_spread_usd_mxn
[2024-07-14T09:04:30.054+0000] {task_command.py:426} INFO - Running <TaskInstance: fetch_spread_values.fetch_and_compute_spread_usd_mxn scheduled__2024-07-14T08:19:00+00:00 [running]> on host d537c34a4880
[2024-07-14T09:04:30.267+0000] {taskinstance.py:2648} INFO - Exporting env vars: AIRFLOW_CTX_DAG_OWNER='***' AIRFLOW_CTX_DAG_ID='fetch_spread_values' AIRFLOW_CTX_TASK_ID='fetch_and_compute_spread_usd_mxn' AIRFLOW_CTX_EXECUTION_DATE='2024-07-14T08:19:00+00:00' AIRFLOW_CTX_TRY_NUMBER='1' AIRFLOW_CTX_DAG_RUN_ID='scheduled__2024-07-14T08:19:00+00:00'
[2024-07-14T09:04:30.275+0000] {taskinstance.py:430} INFO - ::endgroup::
[2024-07-14T09:04:30.527+0000] {python.py:237} INFO - Done. Returned value was: None
[2024-07-14T09:04:30.541+0000] {taskinstance.py:441} INFO - ::group::Post task execution logs
[2024-07-14T09:04:30.611+0000] {taskinstance.py:1206} INFO - Marking task as SUCCESS. dag_id=fetch_spread_values, task_id=fetch_and_compute_spread_usd_mxn, run_id=scheduled__2024-07-14T08:19:00+00:00, execution_date=20240714T081900, start_date=20240714T090429, end_date=20240714T090430
[2024-07-14T09:04:30.681+0000] {local_task_job_runner.py:240} INFO - Task exited with return code 0
[2024-07-14T09:04:30.766+0000] {taskinstance.py:3503} INFO - 0 downstream tasks scheduled from follow-on schedule check
[2024-07-14T09:04:30.812+0000] {local_task_job_runner.py:222} INFO - ::endgroup::
[2024-07-14T20:36:04.111+0000] {local_task_job_runner.py:120} INFO - ::group::Pre task execution logs
[2024-07-14T20:36:04.145+0000] {taskinstance.py:2076} INFO - Dependencies all met for dep_context=non-requeueable deps ti=<TaskInstance: fetch_spread_values.fetch_and_compute_spread_usd_mxn scheduled__2024-07-14T08:19:00+00:00 [queued]>
[2024-07-14T20:36:04.152+0000] {taskinstance.py:2076} INFO - Dependencies all met for dep_context=requeueable deps ti=<TaskInstance: fetch_spread_values.fetch_and_compute_spread_usd_mxn scheduled__2024-07-14T08:19:00+00:00 [queued]>
[2024-07-14T20:36:04.153+0000] {taskinstance.py:2306} INFO - Starting attempt 1 of 2
[2024-07-14T20:36:04.163+0000] {taskinstance.py:2330} INFO - Executing <Task(PythonOperator): fetch_and_compute_spread_usd_mxn> on 2024-07-14 08:19:00+00:00
[2024-07-14T20:36:04.167+0000] {logging_mixin.py:188} WARNING - /home/***/.local/lib/python3.12/site-packages/***/task/task_runner/standard_task_runner.py:61 DeprecationWarning: This process (pid=2465) is multi-threaded, use of fork() may lead to deadlocks in the child.
[2024-07-14T20:36:04.168+0000] {standard_task_runner.py:63} INFO - Started process 2471 to run task
[2024-07-14T20:36:04.168+0000] {standard_task_runner.py:90} INFO - Running: ['***', 'tasks', 'run', 'fetch_spread_values', 'fetch_and_compute_spread_usd_mxn', 'scheduled__2024-07-14T08:19:00+00:00', '--job-id', '1126', '--raw', '--subdir', 'DAGS_FOLDER/***.py', '--cfg-path', '/tmp/tmp3yzgipc2']
[2024-07-14T20:36:04.169+0000] {standard_task_runner.py:91} INFO - Job 1126: Subtask fetch_and_compute_spread_usd_mxn
[2024-07-14T20:36:04.202+0000] {task_command.py:426} INFO - Running <TaskInstance: fetch_spread_values.fetch_and_compute_spread_usd_mxn scheduled__2024-07-14T08:19:00+00:00 [running]> on host 77caf7e4b282
[2024-07-14T20:36:04.249+0000] {taskinstance.py:2648} INFO - Exporting env vars: AIRFLOW_CTX_DAG_OWNER='***' AIRFLOW_CTX_DAG_ID='fetch_spread_values' AIRFLOW_CTX_TASK_ID='fetch_and_compute_spread_usd_mxn' AIRFLOW_CTX_EXECUTION_DATE='2024-07-14T08:19:00+00:00' AIRFLOW_CTX_TRY_NUMBER='1' AIRFLOW_CTX_DAG_RUN_ID='scheduled__2024-07-14T08:19:00+00:00'
[2024-07-14T20:36:04.250+0000] {taskinstance.py:430} INFO - ::endgroup::
[2024-07-14T20:36:04.430+0000] {python.py:237} INFO - Done. Returned value was: None
[2024-07-14T20:36:04.431+0000] {taskinstance.py:441} INFO - ::group::Post task execution logs
[2024-07-14T20:36:04.436+0000] {taskinstance.py:1206} INFO - Marking task as SUCCESS. dag_id=fetch_spread_values, task_id=fetch_and_compute_spread_usd_mxn, run_id=scheduled__2024-07-14T08:19:00+00:00, execution_date=20240714T081900, start_date=20240714T203604, end_date=20240714T203604
[2024-07-14T20:36:04.477+0000] {local_task_job_runner.py:240} INFO - Task exited with return code 0
[2024-07-14T20:36:04.487+0000] {taskinstance.py:3503} INFO - 0 downstream tasks scheduled from follow-on schedule check
[2024-07-14T20:36:04.488+0000] {local_task_job_runner.py:222} INFO - ::endgroup::
