[2024-07-14T08:58:23.964+0000] {local_task_job_runner.py:120} INFO - ::group::Pre task execution logs
[2024-07-14T08:58:24.019+0000] {taskinstance.py:2076} INFO - Dependencies all met for dep_context=non-requeueable deps ti=<TaskInstance: fetch_spread_values.fetch_and_compute_spread_usd_mxn scheduled__2024-07-14T01:44:00+00:00 [queued]>
[2024-07-14T08:58:24.034+0000] {taskinstance.py:2076} INFO - Dependencies all met for dep_context=requeueable deps ti=<TaskInstance: fetch_spread_values.fetch_and_compute_spread_usd_mxn scheduled__2024-07-14T01:44:00+00:00 [queued]>
[2024-07-14T08:58:24.038+0000] {taskinstance.py:2306} INFO - Starting attempt 1 of 2
[2024-07-14T08:58:24.068+0000] {taskinstance.py:2330} INFO - Executing <Task(PythonOperator): fetch_and_compute_spread_usd_mxn> on 2024-07-14 01:44:00+00:00
[2024-07-14T08:58:24.095+0000] {warnings.py:112} WARNING - /home/***/.local/lib/python3.12/site-packages/***/task/task_runner/standard_task_runner.py:61: DeprecationWarning: This process (pid=761) is multi-threaded, use of fork() may lead to deadlocks in the child.
  pid = os.fork()

[2024-07-14T08:58:24.107+0000] {standard_task_runner.py:63} INFO - Started process 791 to run task
[2024-07-14T08:58:24.120+0000] {standard_task_runner.py:90} INFO - Running: ['***', 'tasks', 'run', 'fetch_spread_values', 'fetch_and_compute_spread_usd_mxn', 'scheduled__2024-07-14T01:44:00+00:00', '--job-id', '240', '--raw', '--subdir', 'DAGS_FOLDER/***.py', '--cfg-path', '/tmp/tmpz6g7az1j']
[2024-07-14T08:58:24.135+0000] {standard_task_runner.py:91} INFO - Job 240: Subtask fetch_and_compute_spread_usd_mxn
[2024-07-14T08:58:24.291+0000] {task_command.py:426} INFO - Running <TaskInstance: fetch_spread_values.fetch_and_compute_spread_usd_mxn scheduled__2024-07-14T01:44:00+00:00 [running]> on host d537c34a4880
[2024-07-14T08:58:24.552+0000] {taskinstance.py:2648} INFO - Exporting env vars: AIRFLOW_CTX_DAG_OWNER='***' AIRFLOW_CTX_DAG_ID='fetch_spread_values' AIRFLOW_CTX_TASK_ID='fetch_and_compute_spread_usd_mxn' AIRFLOW_CTX_EXECUTION_DATE='2024-07-14T01:44:00+00:00' AIRFLOW_CTX_TRY_NUMBER='1' AIRFLOW_CTX_DAG_RUN_ID='scheduled__2024-07-14T01:44:00+00:00'
[2024-07-14T08:58:24.555+0000] {taskinstance.py:430} INFO - ::endgroup::
[2024-07-14T08:58:24.840+0000] {python.py:237} INFO - Done. Returned value was: None
[2024-07-14T08:58:24.854+0000] {taskinstance.py:441} INFO - ::group::Post task execution logs
[2024-07-14T08:58:24.900+0000] {taskinstance.py:1206} INFO - Marking task as SUCCESS. dag_id=fetch_spread_values, task_id=fetch_and_compute_spread_usd_mxn, run_id=scheduled__2024-07-14T01:44:00+00:00, execution_date=20240714T014400, start_date=20240714T085824, end_date=20240714T085824
[2024-07-14T08:58:24.975+0000] {local_task_job_runner.py:240} INFO - Task exited with return code 0
[2024-07-14T08:58:25.002+0000] {local_task_job_runner.py:222} INFO - ::endgroup::
[2024-07-14T20:32:48.304+0000] {local_task_job_runner.py:120} INFO - ::group::Pre task execution logs
[2024-07-14T20:32:48.322+0000] {taskinstance.py:2076} INFO - Dependencies all met for dep_context=non-requeueable deps ti=<TaskInstance: fetch_spread_values.fetch_and_compute_spread_usd_mxn scheduled__2024-07-14T01:44:00+00:00 [queued]>
[2024-07-14T20:32:48.326+0000] {taskinstance.py:2076} INFO - Dependencies all met for dep_context=requeueable deps ti=<TaskInstance: fetch_spread_values.fetch_and_compute_spread_usd_mxn scheduled__2024-07-14T01:44:00+00:00 [queued]>
[2024-07-14T20:32:48.327+0000] {taskinstance.py:2306} INFO - Starting attempt 1 of 2
[2024-07-14T20:32:48.333+0000] {taskinstance.py:2330} INFO - Executing <Task(PythonOperator): fetch_and_compute_spread_usd_mxn> on 2024-07-14 01:44:00+00:00
[2024-07-14T20:32:48.336+0000] {logging_mixin.py:188} WARNING - /home/***/.local/lib/python3.12/site-packages/***/task/task_runner/standard_task_runner.py:61 DeprecationWarning: This process (pid=614) is multi-threaded, use of fork() may lead to deadlocks in the child.
[2024-07-14T20:32:48.338+0000] {standard_task_runner.py:63} INFO - Started process 615 to run task
[2024-07-14T20:32:48.337+0000] {standard_task_runner.py:90} INFO - Running: ['***', 'tasks', 'run', 'fetch_spread_values', 'fetch_and_compute_spread_usd_mxn', 'scheduled__2024-07-14T01:44:00+00:00', '--job-id', '214', '--raw', '--subdir', 'DAGS_FOLDER/***.py', '--cfg-path', '/tmp/tmptfec_y5r']
[2024-07-14T20:32:48.339+0000] {standard_task_runner.py:91} INFO - Job 214: Subtask fetch_and_compute_spread_usd_mxn
[2024-07-14T20:32:48.366+0000] {task_command.py:426} INFO - Running <TaskInstance: fetch_spread_values.fetch_and_compute_spread_usd_mxn scheduled__2024-07-14T01:44:00+00:00 [running]> on host 77caf7e4b282
[2024-07-14T20:32:48.412+0000] {taskinstance.py:2648} INFO - Exporting env vars: AIRFLOW_CTX_DAG_OWNER='***' AIRFLOW_CTX_DAG_ID='fetch_spread_values' AIRFLOW_CTX_TASK_ID='fetch_and_compute_spread_usd_mxn' AIRFLOW_CTX_EXECUTION_DATE='2024-07-14T01:44:00+00:00' AIRFLOW_CTX_TRY_NUMBER='1' AIRFLOW_CTX_DAG_RUN_ID='scheduled__2024-07-14T01:44:00+00:00'
[2024-07-14T20:32:48.413+0000] {taskinstance.py:430} INFO - ::endgroup::
[2024-07-14T20:32:48.562+0000] {python.py:237} INFO - Done. Returned value was: None
[2024-07-14T20:32:48.563+0000] {taskinstance.py:441} INFO - ::group::Post task execution logs
[2024-07-14T20:32:48.571+0000] {taskinstance.py:1206} INFO - Marking task as SUCCESS. dag_id=fetch_spread_values, task_id=fetch_and_compute_spread_usd_mxn, run_id=scheduled__2024-07-14T01:44:00+00:00, execution_date=20240714T014400, start_date=20240714T203248, end_date=20240714T203248
[2024-07-14T20:32:48.606+0000] {local_task_job_runner.py:240} INFO - Task exited with return code 0
[2024-07-14T20:32:48.622+0000] {taskinstance.py:3503} INFO - 0 downstream tasks scheduled from follow-on schedule check
[2024-07-14T20:32:48.623+0000] {local_task_job_runner.py:222} INFO - ::endgroup::
