[2024-07-14T09:02:22.237+0000] {local_task_job_runner.py:120} INFO - ::group::Pre task execution logs
[2024-07-14T09:02:22.313+0000] {taskinstance.py:2076} INFO - Dependencies all met for dep_context=non-requeueable deps ti=<TaskInstance: fetch_spread_values.fetch_and_compute_spread_btc_mxn scheduled__2024-07-14T06:06:00+00:00 [queued]>
[2024-07-14T09:02:22.337+0000] {taskinstance.py:2076} INFO - Dependencies all met for dep_context=requeueable deps ti=<TaskInstance: fetch_spread_values.fetch_and_compute_spread_btc_mxn scheduled__2024-07-14T06:06:00+00:00 [queued]>
[2024-07-14T09:02:22.341+0000] {taskinstance.py:2306} INFO - Starting attempt 1 of 2
[2024-07-14T09:02:22.387+0000] {taskinstance.py:2330} INFO - Executing <Task(PythonOperator): fetch_and_compute_spread_btc_mxn> on 2024-07-14 06:06:00+00:00
[2024-07-14T09:02:22.423+0000] {warnings.py:112} WARNING - /home/***/.local/lib/python3.12/site-packages/***/task/task_runner/standard_task_runner.py:61: DeprecationWarning: This process (pid=2369) is multi-threaded, use of fork() may lead to deadlocks in the child.
  pid = os.fork()

[2024-07-14T09:02:22.435+0000] {standard_task_runner.py:63} INFO - Started process 2400 to run task
[2024-07-14T09:02:22.429+0000] {standard_task_runner.py:90} INFO - Running: ['***', 'tasks', 'run', 'fetch_spread_values', 'fetch_and_compute_spread_btc_mxn', 'scheduled__2024-07-14T06:06:00+00:00', '--job-id', '760', '--raw', '--subdir', 'DAGS_FOLDER/***.py', '--cfg-path', '/tmp/tmpvdcl2opp']
[2024-07-14T09:02:22.441+0000] {standard_task_runner.py:91} INFO - Job 760: Subtask fetch_and_compute_spread_btc_mxn
[2024-07-14T09:02:22.739+0000] {task_command.py:426} INFO - Running <TaskInstance: fetch_spread_values.fetch_and_compute_spread_btc_mxn scheduled__2024-07-14T06:06:00+00:00 [running]> on host d537c34a4880
[2024-07-14T09:02:22.994+0000] {taskinstance.py:2648} INFO - Exporting env vars: AIRFLOW_CTX_DAG_OWNER='***' AIRFLOW_CTX_DAG_ID='fetch_spread_values' AIRFLOW_CTX_TASK_ID='fetch_and_compute_spread_btc_mxn' AIRFLOW_CTX_EXECUTION_DATE='2024-07-14T06:06:00+00:00' AIRFLOW_CTX_TRY_NUMBER='1' AIRFLOW_CTX_DAG_RUN_ID='scheduled__2024-07-14T06:06:00+00:00'
[2024-07-14T09:02:23.000+0000] {taskinstance.py:430} INFO - ::endgroup::
[2024-07-14T09:02:23.268+0000] {python.py:237} INFO - Done. Returned value was: None
[2024-07-14T09:02:23.290+0000] {taskinstance.py:441} INFO - ::group::Post task execution logs
[2024-07-14T09:02:23.319+0000] {taskinstance.py:1206} INFO - Marking task as SUCCESS. dag_id=fetch_spread_values, task_id=fetch_and_compute_spread_btc_mxn, run_id=scheduled__2024-07-14T06:06:00+00:00, execution_date=20240714T060600, start_date=20240714T090222, end_date=20240714T090223
[2024-07-14T09:02:23.372+0000] {local_task_job_runner.py:240} INFO - Task exited with return code 0
[2024-07-14T09:02:23.407+0000] {taskinstance.py:3503} INFO - 0 downstream tasks scheduled from follow-on schedule check
[2024-07-14T09:02:23.410+0000] {local_task_job_runner.py:222} INFO - ::endgroup::
[2024-07-14T20:34:45.008+0000] {local_task_job_runner.py:120} INFO - ::group::Pre task execution logs
[2024-07-14T20:34:45.036+0000] {taskinstance.py:2076} INFO - Dependencies all met for dep_context=non-requeueable deps ti=<TaskInstance: fetch_spread_values.fetch_and_compute_spread_btc_mxn scheduled__2024-07-14T06:06:00+00:00 [queued]>
[2024-07-14T20:34:45.047+0000] {taskinstance.py:2076} INFO - Dependencies all met for dep_context=requeueable deps ti=<TaskInstance: fetch_spread_values.fetch_and_compute_spread_btc_mxn scheduled__2024-07-14T06:06:00+00:00 [queued]>
[2024-07-14T20:34:45.052+0000] {taskinstance.py:2306} INFO - Starting attempt 1 of 2
[2024-07-14T20:34:45.062+0000] {taskinstance.py:2330} INFO - Executing <Task(PythonOperator): fetch_and_compute_spread_btc_mxn> on 2024-07-14 06:06:00+00:00
[2024-07-14T20:34:45.068+0000] {logging_mixin.py:188} WARNING - /home/***/.local/lib/python3.12/site-packages/***/task/task_runner/standard_task_runner.py:61 DeprecationWarning: This process (pid=1724) is multi-threaded, use of fork() may lead to deadlocks in the child.
[2024-07-14T20:34:45.069+0000] {standard_task_runner.py:63} INFO - Started process 1736 to run task
[2024-07-14T20:34:45.069+0000] {standard_task_runner.py:90} INFO - Running: ['***', 'tasks', 'run', 'fetch_spread_values', 'fetch_and_compute_spread_btc_mxn', 'scheduled__2024-07-14T06:06:00+00:00', '--job-id', '764', '--raw', '--subdir', 'DAGS_FOLDER/***.py', '--cfg-path', '/tmp/tmpto_vceml']
[2024-07-14T20:34:45.075+0000] {standard_task_runner.py:91} INFO - Job 764: Subtask fetch_and_compute_spread_btc_mxn
[2024-07-14T20:34:45.116+0000] {task_command.py:426} INFO - Running <TaskInstance: fetch_spread_values.fetch_and_compute_spread_btc_mxn scheduled__2024-07-14T06:06:00+00:00 [running]> on host 77caf7e4b282
[2024-07-14T20:34:45.185+0000] {taskinstance.py:2648} INFO - Exporting env vars: AIRFLOW_CTX_DAG_OWNER='***' AIRFLOW_CTX_DAG_ID='fetch_spread_values' AIRFLOW_CTX_TASK_ID='fetch_and_compute_spread_btc_mxn' AIRFLOW_CTX_EXECUTION_DATE='2024-07-14T06:06:00+00:00' AIRFLOW_CTX_TRY_NUMBER='1' AIRFLOW_CTX_DAG_RUN_ID='scheduled__2024-07-14T06:06:00+00:00'
[2024-07-14T20:34:45.187+0000] {taskinstance.py:430} INFO - ::endgroup::
[2024-07-14T20:34:45.445+0000] {python.py:237} INFO - Done. Returned value was: None
[2024-07-14T20:34:45.446+0000] {taskinstance.py:441} INFO - ::group::Post task execution logs
[2024-07-14T20:34:45.466+0000] {taskinstance.py:1206} INFO - Marking task as SUCCESS. dag_id=fetch_spread_values, task_id=fetch_and_compute_spread_btc_mxn, run_id=scheduled__2024-07-14T06:06:00+00:00, execution_date=20240714T060600, start_date=20240714T203445, end_date=20240714T203445
[2024-07-14T20:34:45.506+0000] {local_task_job_runner.py:240} INFO - Task exited with return code 0
[2024-07-14T20:34:45.537+0000] {local_task_job_runner.py:222} INFO - ::endgroup::
