[2024-07-17T00:00:21.660+0000] {processor.py:161} INFO - Started process (PID=25809) to work on /opt/airflow/dags/batch_dag.py
[2024-07-17T00:00:21.662+0000] {processor.py:830} INFO - Processing file /opt/airflow/dags/batch_dag.py for tasks to queue
[2024-07-17T00:00:21.670+0000] {logging_mixin.py:188} INFO - [2024-07-17T00:00:21.668+0000] {dagbag.py:545} INFO - Filling up the DagBag from /opt/airflow/dags/batch_dag.py
[2024-07-17T00:00:21.994+0000] {processor.py:840} INFO - DAG(s) 'daily_batch' retrieved from /opt/airflow/dags/batch_dag.py
[2024-07-17T00:00:22.033+0000] {logging_mixin.py:188} INFO - [2024-07-17T00:00:22.033+0000] {dag.py:3096} INFO - Sync 1 DAGs
[2024-07-17T00:00:22.056+0000] {logging_mixin.py:188} INFO - [2024-07-17T00:00:22.056+0000] {dag.py:3954} INFO - Setting next_dagrun for daily_batch to 2024-07-17 00:00:00+00:00, run_after=2024-07-18 00:00:00+00:00
[2024-07-17T00:00:22.083+0000] {processor.py:183} INFO - Processing /opt/airflow/dags/batch_dag.py took 0.428 seconds
[2024-07-17T00:00:52.121+0000] {processor.py:161} INFO - Started process (PID=25830) to work on /opt/airflow/dags/batch_dag.py
[2024-07-17T00:00:52.123+0000] {processor.py:830} INFO - Processing file /opt/airflow/dags/batch_dag.py for tasks to queue
[2024-07-17T00:00:52.124+0000] {logging_mixin.py:188} INFO - [2024-07-17T00:00:52.123+0000] {dagbag.py:545} INFO - Filling up the DagBag from /opt/airflow/dags/batch_dag.py
[2024-07-17T00:00:52.343+0000] {processor.py:840} INFO - DAG(s) 'daily_batch' retrieved from /opt/airflow/dags/batch_dag.py
[2024-07-17T00:00:52.363+0000] {logging_mixin.py:188} INFO - [2024-07-17T00:00:52.362+0000] {dag.py:3096} INFO - Sync 1 DAGs
[2024-07-17T00:00:52.378+0000] {logging_mixin.py:188} INFO - [2024-07-17T00:00:52.378+0000] {dag.py:3954} INFO - Setting next_dagrun for daily_batch to 2024-07-17 00:00:00+00:00, run_after=2024-07-18 00:00:00+00:00
[2024-07-17T00:00:52.389+0000] {processor.py:183} INFO - Processing /opt/airflow/dags/batch_dag.py took 0.271 seconds
[2024-07-17T00:01:22.673+0000] {processor.py:161} INFO - Started process (PID=25851) to work on /opt/airflow/dags/batch_dag.py
[2024-07-17T00:01:22.675+0000] {processor.py:830} INFO - Processing file /opt/airflow/dags/batch_dag.py for tasks to queue
[2024-07-17T00:01:22.676+0000] {logging_mixin.py:188} INFO - [2024-07-17T00:01:22.676+0000] {dagbag.py:545} INFO - Filling up the DagBag from /opt/airflow/dags/batch_dag.py
[2024-07-17T00:01:22.879+0000] {processor.py:840} INFO - DAG(s) 'daily_batch' retrieved from /opt/airflow/dags/batch_dag.py
[2024-07-17T00:01:22.897+0000] {logging_mixin.py:188} INFO - [2024-07-17T00:01:22.896+0000] {dag.py:3096} INFO - Sync 1 DAGs
[2024-07-17T00:01:22.914+0000] {logging_mixin.py:188} INFO - [2024-07-17T00:01:22.914+0000] {dag.py:3954} INFO - Setting next_dagrun for daily_batch to 2024-07-17 00:00:00+00:00, run_after=2024-07-18 00:00:00+00:00
[2024-07-17T00:01:22.931+0000] {processor.py:183} INFO - Processing /opt/airflow/dags/batch_dag.py took 0.260 seconds
[2024-07-17T00:01:53.096+0000] {processor.py:161} INFO - Started process (PID=25872) to work on /opt/airflow/dags/batch_dag.py
[2024-07-17T00:01:53.097+0000] {processor.py:830} INFO - Processing file /opt/airflow/dags/batch_dag.py for tasks to queue
[2024-07-17T00:01:53.099+0000] {logging_mixin.py:188} INFO - [2024-07-17T00:01:53.098+0000] {dagbag.py:545} INFO - Filling up the DagBag from /opt/airflow/dags/batch_dag.py
[2024-07-17T00:01:53.319+0000] {processor.py:840} INFO - DAG(s) 'daily_batch' retrieved from /opt/airflow/dags/batch_dag.py
[2024-07-17T00:01:53.344+0000] {logging_mixin.py:188} INFO - [2024-07-17T00:01:53.344+0000] {dag.py:3096} INFO - Sync 1 DAGs
[2024-07-17T00:01:53.361+0000] {logging_mixin.py:188} INFO - [2024-07-17T00:01:53.361+0000] {dag.py:3954} INFO - Setting next_dagrun for daily_batch to 2024-07-17 00:00:00+00:00, run_after=2024-07-18 00:00:00+00:00
[2024-07-17T00:01:53.371+0000] {processor.py:183} INFO - Processing /opt/airflow/dags/batch_dag.py took 0.279 seconds
[2024-07-17T00:02:23.496+0000] {processor.py:161} INFO - Started process (PID=25893) to work on /opt/airflow/dags/batch_dag.py
[2024-07-17T00:02:23.497+0000] {processor.py:830} INFO - Processing file /opt/airflow/dags/batch_dag.py for tasks to queue
[2024-07-17T00:02:23.498+0000] {logging_mixin.py:188} INFO - [2024-07-17T00:02:23.498+0000] {dagbag.py:545} INFO - Filling up the DagBag from /opt/airflow/dags/batch_dag.py
[2024-07-17T00:02:23.763+0000] {processor.py:840} INFO - DAG(s) 'daily_batch' retrieved from /opt/airflow/dags/batch_dag.py
[2024-07-17T00:02:23.793+0000] {logging_mixin.py:188} INFO - [2024-07-17T00:02:23.793+0000] {dag.py:3096} INFO - Sync 1 DAGs
[2024-07-17T00:02:23.813+0000] {logging_mixin.py:188} INFO - [2024-07-17T00:02:23.813+0000] {dag.py:3954} INFO - Setting next_dagrun for daily_batch to 2024-07-17 00:00:00+00:00, run_after=2024-07-18 00:00:00+00:00
[2024-07-17T00:02:23.825+0000] {processor.py:183} INFO - Processing /opt/airflow/dags/batch_dag.py took 0.334 seconds
[2024-07-17T00:02:54.007+0000] {processor.py:161} INFO - Started process (PID=25914) to work on /opt/airflow/dags/batch_dag.py
[2024-07-17T00:02:54.008+0000] {processor.py:830} INFO - Processing file /opt/airflow/dags/batch_dag.py for tasks to queue
[2024-07-17T00:02:54.009+0000] {logging_mixin.py:188} INFO - [2024-07-17T00:02:54.009+0000] {dagbag.py:545} INFO - Filling up the DagBag from /opt/airflow/dags/batch_dag.py
[2024-07-17T00:02:54.243+0000] {processor.py:840} INFO - DAG(s) 'daily_batch' retrieved from /opt/airflow/dags/batch_dag.py
[2024-07-17T00:02:54.263+0000] {logging_mixin.py:188} INFO - [2024-07-17T00:02:54.263+0000] {dag.py:3096} INFO - Sync 1 DAGs
[2024-07-17T00:02:54.280+0000] {logging_mixin.py:188} INFO - [2024-07-17T00:02:54.280+0000] {dag.py:3954} INFO - Setting next_dagrun for daily_batch to 2024-07-17 00:00:00+00:00, run_after=2024-07-18 00:00:00+00:00
[2024-07-17T00:02:54.556+0000] {processor.py:183} INFO - Processing /opt/airflow/dags/batch_dag.py took 0.553 seconds
[2024-07-17T00:03:25.462+0000] {processor.py:161} INFO - Started process (PID=25935) to work on /opt/airflow/dags/batch_dag.py
[2024-07-17T00:03:25.463+0000] {processor.py:830} INFO - Processing file /opt/airflow/dags/batch_dag.py for tasks to queue
[2024-07-17T00:03:25.465+0000] {logging_mixin.py:188} INFO - [2024-07-17T00:03:25.464+0000] {dagbag.py:545} INFO - Filling up the DagBag from /opt/airflow/dags/batch_dag.py
[2024-07-17T00:03:25.710+0000] {processor.py:840} INFO - DAG(s) 'daily_batch' retrieved from /opt/airflow/dags/batch_dag.py
[2024-07-17T00:03:25.733+0000] {logging_mixin.py:188} INFO - [2024-07-17T00:03:25.733+0000] {dag.py:3096} INFO - Sync 1 DAGs
[2024-07-17T00:03:25.750+0000] {logging_mixin.py:188} INFO - [2024-07-17T00:03:25.750+0000] {dag.py:3954} INFO - Setting next_dagrun for daily_batch to 2024-07-17 00:00:00+00:00, run_after=2024-07-18 00:00:00+00:00
[2024-07-17T00:03:25.760+0000] {processor.py:183} INFO - Processing /opt/airflow/dags/batch_dag.py took 0.303 seconds
[2024-07-17T00:03:55.849+0000] {processor.py:161} INFO - Started process (PID=25956) to work on /opt/airflow/dags/batch_dag.py
[2024-07-17T00:03:55.850+0000] {processor.py:830} INFO - Processing file /opt/airflow/dags/batch_dag.py for tasks to queue
[2024-07-17T00:03:55.851+0000] {logging_mixin.py:188} INFO - [2024-07-17T00:03:55.851+0000] {dagbag.py:545} INFO - Filling up the DagBag from /opt/airflow/dags/batch_dag.py
[2024-07-17T00:03:56.057+0000] {processor.py:840} INFO - DAG(s) 'daily_batch' retrieved from /opt/airflow/dags/batch_dag.py
[2024-07-17T00:03:56.079+0000] {logging_mixin.py:188} INFO - [2024-07-17T00:03:56.079+0000] {dag.py:3096} INFO - Sync 1 DAGs
[2024-07-17T00:03:56.095+0000] {logging_mixin.py:188} INFO - [2024-07-17T00:03:56.095+0000] {dag.py:3954} INFO - Setting next_dagrun for daily_batch to 2024-07-17 00:00:00+00:00, run_after=2024-07-18 00:00:00+00:00
[2024-07-17T00:03:56.105+0000] {processor.py:183} INFO - Processing /opt/airflow/dags/batch_dag.py took 0.261 seconds
[2024-07-17T00:04:26.315+0000] {processor.py:161} INFO - Started process (PID=25977) to work on /opt/airflow/dags/batch_dag.py
[2024-07-17T00:04:26.324+0000] {processor.py:830} INFO - Processing file /opt/airflow/dags/batch_dag.py for tasks to queue
[2024-07-17T00:04:26.340+0000] {logging_mixin.py:188} INFO - [2024-07-17T00:04:26.338+0000] {dagbag.py:545} INFO - Filling up the DagBag from /opt/airflow/dags/batch_dag.py
[2024-07-17T00:04:26.770+0000] {processor.py:840} INFO - DAG(s) 'daily_batch' retrieved from /opt/airflow/dags/batch_dag.py
[2024-07-17T00:04:26.796+0000] {logging_mixin.py:188} INFO - [2024-07-17T00:04:26.796+0000] {dag.py:3096} INFO - Sync 1 DAGs
[2024-07-17T00:04:26.815+0000] {logging_mixin.py:188} INFO - [2024-07-17T00:04:26.815+0000] {dag.py:3954} INFO - Setting next_dagrun for daily_batch to 2024-07-17 00:00:00+00:00, run_after=2024-07-18 00:00:00+00:00
[2024-07-17T00:04:26.827+0000] {processor.py:183} INFO - Processing /opt/airflow/dags/batch_dag.py took 0.531 seconds
[2024-07-17T00:04:57.940+0000] {processor.py:161} INFO - Started process (PID=25998) to work on /opt/airflow/dags/batch_dag.py
[2024-07-17T00:04:57.942+0000] {processor.py:830} INFO - Processing file /opt/airflow/dags/batch_dag.py for tasks to queue
[2024-07-17T00:04:57.945+0000] {logging_mixin.py:188} INFO - [2024-07-17T00:04:57.944+0000] {dagbag.py:545} INFO - Filling up the DagBag from /opt/airflow/dags/batch_dag.py
[2024-07-17T00:04:58.254+0000] {processor.py:840} INFO - DAG(s) 'daily_batch' retrieved from /opt/airflow/dags/batch_dag.py
[2024-07-17T00:04:58.278+0000] {logging_mixin.py:188} INFO - [2024-07-17T00:04:58.278+0000] {dag.py:3096} INFO - Sync 1 DAGs
[2024-07-17T00:04:58.297+0000] {logging_mixin.py:188} INFO - [2024-07-17T00:04:58.297+0000] {dag.py:3954} INFO - Setting next_dagrun for daily_batch to 2024-07-17 00:00:00+00:00, run_after=2024-07-18 00:00:00+00:00
[2024-07-17T00:04:58.323+0000] {processor.py:183} INFO - Processing /opt/airflow/dags/batch_dag.py took 0.391 seconds
[2024-07-17T00:05:28.492+0000] {processor.py:161} INFO - Started process (PID=26021) to work on /opt/airflow/dags/batch_dag.py
[2024-07-17T00:05:28.500+0000] {processor.py:830} INFO - Processing file /opt/airflow/dags/batch_dag.py for tasks to queue
[2024-07-17T00:05:28.504+0000] {logging_mixin.py:188} INFO - [2024-07-17T00:05:28.504+0000] {dagbag.py:545} INFO - Filling up the DagBag from /opt/airflow/dags/batch_dag.py
[2024-07-17T00:05:28.877+0000] {processor.py:840} INFO - DAG(s) 'daily_batch' retrieved from /opt/airflow/dags/batch_dag.py
[2024-07-17T00:05:28.921+0000] {logging_mixin.py:188} INFO - [2024-07-17T00:05:28.921+0000] {dag.py:3096} INFO - Sync 1 DAGs
[2024-07-17T00:05:28.940+0000] {logging_mixin.py:188} INFO - [2024-07-17T00:05:28.940+0000] {dag.py:3954} INFO - Setting next_dagrun for daily_batch to 2024-07-17 00:00:00+00:00, run_after=2024-07-18 00:00:00+00:00
[2024-07-17T00:05:28.956+0000] {processor.py:183} INFO - Processing /opt/airflow/dags/batch_dag.py took 0.493 seconds
[2024-07-17T00:05:59.712+0000] {processor.py:161} INFO - Started process (PID=26042) to work on /opt/airflow/dags/batch_dag.py
[2024-07-17T00:05:59.713+0000] {processor.py:830} INFO - Processing file /opt/airflow/dags/batch_dag.py for tasks to queue
[2024-07-17T00:05:59.714+0000] {logging_mixin.py:188} INFO - [2024-07-17T00:05:59.714+0000] {dagbag.py:545} INFO - Filling up the DagBag from /opt/airflow/dags/batch_dag.py
[2024-07-17T00:05:59.940+0000] {processor.py:840} INFO - DAG(s) 'daily_batch' retrieved from /opt/airflow/dags/batch_dag.py
[2024-07-17T00:05:59.955+0000] {logging_mixin.py:188} INFO - [2024-07-17T00:05:59.955+0000] {dag.py:3096} INFO - Sync 1 DAGs
[2024-07-17T00:05:59.969+0000] {logging_mixin.py:188} INFO - [2024-07-17T00:05:59.969+0000] {dag.py:3954} INFO - Setting next_dagrun for daily_batch to 2024-07-17 00:00:00+00:00, run_after=2024-07-18 00:00:00+00:00
[2024-07-17T00:05:59.980+0000] {processor.py:183} INFO - Processing /opt/airflow/dags/batch_dag.py took 0.274 seconds
[2024-07-17T00:06:30.110+0000] {processor.py:161} INFO - Started process (PID=26063) to work on /opt/airflow/dags/batch_dag.py
[2024-07-17T00:06:30.111+0000] {processor.py:830} INFO - Processing file /opt/airflow/dags/batch_dag.py for tasks to queue
[2024-07-17T00:06:30.112+0000] {logging_mixin.py:188} INFO - [2024-07-17T00:06:30.112+0000] {dagbag.py:545} INFO - Filling up the DagBag from /opt/airflow/dags/batch_dag.py
[2024-07-17T00:06:30.336+0000] {processor.py:840} INFO - DAG(s) 'daily_batch' retrieved from /opt/airflow/dags/batch_dag.py
[2024-07-17T00:06:30.353+0000] {logging_mixin.py:188} INFO - [2024-07-17T00:06:30.353+0000] {dag.py:3096} INFO - Sync 1 DAGs
[2024-07-17T00:06:30.369+0000] {logging_mixin.py:188} INFO - [2024-07-17T00:06:30.369+0000] {dag.py:3954} INFO - Setting next_dagrun for daily_batch to 2024-07-17 00:00:00+00:00, run_after=2024-07-18 00:00:00+00:00
[2024-07-17T00:06:30.380+0000] {processor.py:183} INFO - Processing /opt/airflow/dags/batch_dag.py took 0.273 seconds
[2024-07-17T00:07:00.512+0000] {processor.py:161} INFO - Started process (PID=26105) to work on /opt/airflow/dags/batch_dag.py
[2024-07-17T00:07:00.514+0000] {processor.py:830} INFO - Processing file /opt/airflow/dags/batch_dag.py for tasks to queue
[2024-07-17T00:07:00.516+0000] {logging_mixin.py:188} INFO - [2024-07-17T00:07:00.516+0000] {dagbag.py:545} INFO - Filling up the DagBag from /opt/airflow/dags/batch_dag.py
[2024-07-17T00:07:00.779+0000] {processor.py:840} INFO - DAG(s) 'daily_batch' retrieved from /opt/airflow/dags/batch_dag.py
[2024-07-17T00:07:00.796+0000] {logging_mixin.py:188} INFO - [2024-07-17T00:07:00.796+0000] {dag.py:3096} INFO - Sync 1 DAGs
[2024-07-17T00:07:00.812+0000] {logging_mixin.py:188} INFO - [2024-07-17T00:07:00.811+0000] {dag.py:3954} INFO - Setting next_dagrun for daily_batch to 2024-07-17 00:00:00+00:00, run_after=2024-07-18 00:00:00+00:00
[2024-07-17T00:07:00.882+0000] {processor.py:183} INFO - Processing /opt/airflow/dags/batch_dag.py took 0.376 seconds
[2024-07-17T00:07:31.761+0000] {processor.py:161} INFO - Started process (PID=26129) to work on /opt/airflow/dags/batch_dag.py
[2024-07-17T00:07:31.762+0000] {processor.py:830} INFO - Processing file /opt/airflow/dags/batch_dag.py for tasks to queue
[2024-07-17T00:07:31.764+0000] {logging_mixin.py:188} INFO - [2024-07-17T00:07:31.763+0000] {dagbag.py:545} INFO - Filling up the DagBag from /opt/airflow/dags/batch_dag.py
[2024-07-17T00:07:31.998+0000] {processor.py:840} INFO - DAG(s) 'daily_batch' retrieved from /opt/airflow/dags/batch_dag.py
[2024-07-17T00:07:32.020+0000] {logging_mixin.py:188} INFO - [2024-07-17T00:07:32.020+0000] {dag.py:3096} INFO - Sync 1 DAGs
[2024-07-17T00:07:32.034+0000] {logging_mixin.py:188} INFO - [2024-07-17T00:07:32.034+0000] {dag.py:3954} INFO - Setting next_dagrun for daily_batch to 2024-07-17 00:00:00+00:00, run_after=2024-07-18 00:00:00+00:00
[2024-07-17T00:07:32.044+0000] {processor.py:183} INFO - Processing /opt/airflow/dags/batch_dag.py took 0.287 seconds
[2024-07-17T00:08:02.233+0000] {processor.py:161} INFO - Started process (PID=26150) to work on /opt/airflow/dags/batch_dag.py
[2024-07-17T00:08:02.235+0000] {processor.py:830} INFO - Processing file /opt/airflow/dags/batch_dag.py for tasks to queue
[2024-07-17T00:08:02.239+0000] {logging_mixin.py:188} INFO - [2024-07-17T00:08:02.238+0000] {dagbag.py:545} INFO - Filling up the DagBag from /opt/airflow/dags/batch_dag.py
[2024-07-17T00:08:02.567+0000] {processor.py:840} INFO - DAG(s) 'daily_batch' retrieved from /opt/airflow/dags/batch_dag.py
[2024-07-17T00:08:02.612+0000] {logging_mixin.py:188} INFO - [2024-07-17T00:08:02.611+0000] {dag.py:3096} INFO - Sync 1 DAGs
[2024-07-17T00:08:02.634+0000] {logging_mixin.py:188} INFO - [2024-07-17T00:08:02.634+0000] {dag.py:3954} INFO - Setting next_dagrun for daily_batch to 2024-07-17 00:00:00+00:00, run_after=2024-07-18 00:00:00+00:00
[2024-07-17T00:08:02.649+0000] {processor.py:183} INFO - Processing /opt/airflow/dags/batch_dag.py took 0.429 seconds
[2024-07-17T00:08:32.750+0000] {processor.py:161} INFO - Started process (PID=26171) to work on /opt/airflow/dags/batch_dag.py
[2024-07-17T00:08:32.758+0000] {processor.py:830} INFO - Processing file /opt/airflow/dags/batch_dag.py for tasks to queue
[2024-07-17T00:08:32.770+0000] {logging_mixin.py:188} INFO - [2024-07-17T00:08:32.770+0000] {dagbag.py:545} INFO - Filling up the DagBag from /opt/airflow/dags/batch_dag.py
[2024-07-17T00:08:33.064+0000] {processor.py:840} INFO - DAG(s) 'daily_batch' retrieved from /opt/airflow/dags/batch_dag.py
[2024-07-17T00:08:33.086+0000] {logging_mixin.py:188} INFO - [2024-07-17T00:08:33.086+0000] {dag.py:3096} INFO - Sync 1 DAGs
[2024-07-17T00:08:33.104+0000] {logging_mixin.py:188} INFO - [2024-07-17T00:08:33.103+0000] {dag.py:3954} INFO - Setting next_dagrun for daily_batch to 2024-07-17 00:00:00+00:00, run_after=2024-07-18 00:00:00+00:00
[2024-07-17T00:08:33.395+0000] {processor.py:183} INFO - Processing /opt/airflow/dags/batch_dag.py took 0.660 seconds
[2024-07-17T00:09:04.170+0000] {processor.py:161} INFO - Started process (PID=26192) to work on /opt/airflow/dags/batch_dag.py
[2024-07-17T00:09:04.172+0000] {processor.py:830} INFO - Processing file /opt/airflow/dags/batch_dag.py for tasks to queue
[2024-07-17T00:09:04.175+0000] {logging_mixin.py:188} INFO - [2024-07-17T00:09:04.175+0000] {dagbag.py:545} INFO - Filling up the DagBag from /opt/airflow/dags/batch_dag.py
[2024-07-17T00:09:04.467+0000] {processor.py:840} INFO - DAG(s) 'daily_batch' retrieved from /opt/airflow/dags/batch_dag.py
[2024-07-17T00:09:04.487+0000] {logging_mixin.py:188} INFO - [2024-07-17T00:09:04.487+0000] {dag.py:3096} INFO - Sync 1 DAGs
[2024-07-17T00:09:04.502+0000] {logging_mixin.py:188} INFO - [2024-07-17T00:09:04.501+0000] {dag.py:3954} INFO - Setting next_dagrun for daily_batch to 2024-07-17 00:00:00+00:00, run_after=2024-07-18 00:00:00+00:00
[2024-07-17T00:09:04.511+0000] {processor.py:183} INFO - Processing /opt/airflow/dags/batch_dag.py took 0.350 seconds
[2024-07-17T00:09:34.614+0000] {processor.py:161} INFO - Started process (PID=26232) to work on /opt/airflow/dags/batch_dag.py
[2024-07-17T00:09:34.616+0000] {processor.py:830} INFO - Processing file /opt/airflow/dags/batch_dag.py for tasks to queue
[2024-07-17T00:09:34.618+0000] {logging_mixin.py:188} INFO - [2024-07-17T00:09:34.618+0000] {dagbag.py:545} INFO - Filling up the DagBag from /opt/airflow/dags/batch_dag.py
[2024-07-17T00:09:34.927+0000] {processor.py:840} INFO - DAG(s) 'daily_batch' retrieved from /opt/airflow/dags/batch_dag.py
[2024-07-17T00:09:34.966+0000] {logging_mixin.py:188} INFO - [2024-07-17T00:09:34.965+0000] {dag.py:3096} INFO - Sync 1 DAGs
[2024-07-17T00:09:34.995+0000] {logging_mixin.py:188} INFO - [2024-07-17T00:09:34.994+0000] {dag.py:3954} INFO - Setting next_dagrun for daily_batch to 2024-07-17 00:00:00+00:00, run_after=2024-07-18 00:00:00+00:00
[2024-07-17T00:09:35.009+0000] {processor.py:183} INFO - Processing /opt/airflow/dags/batch_dag.py took 0.403 seconds
[2024-07-17T00:10:05.914+0000] {processor.py:161} INFO - Started process (PID=26258) to work on /opt/airflow/dags/batch_dag.py
[2024-07-17T00:10:05.915+0000] {processor.py:830} INFO - Processing file /opt/airflow/dags/batch_dag.py for tasks to queue
[2024-07-17T00:10:05.916+0000] {logging_mixin.py:188} INFO - [2024-07-17T00:10:05.916+0000] {dagbag.py:545} INFO - Filling up the DagBag from /opt/airflow/dags/batch_dag.py
[2024-07-17T00:10:06.154+0000] {processor.py:840} INFO - DAG(s) 'daily_batch' retrieved from /opt/airflow/dags/batch_dag.py
[2024-07-17T00:10:06.178+0000] {logging_mixin.py:188} INFO - [2024-07-17T00:10:06.178+0000] {dag.py:3096} INFO - Sync 1 DAGs
[2024-07-17T00:10:06.195+0000] {logging_mixin.py:188} INFO - [2024-07-17T00:10:06.194+0000] {dag.py:3954} INFO - Setting next_dagrun for daily_batch to 2024-07-17 00:00:00+00:00, run_after=2024-07-18 00:00:00+00:00
[2024-07-17T00:10:06.204+0000] {processor.py:183} INFO - Processing /opt/airflow/dags/batch_dag.py took 0.297 seconds
[2024-07-17T00:10:36.294+0000] {processor.py:161} INFO - Started process (PID=26279) to work on /opt/airflow/dags/batch_dag.py
[2024-07-17T00:10:36.296+0000] {processor.py:830} INFO - Processing file /opt/airflow/dags/batch_dag.py for tasks to queue
[2024-07-17T00:10:36.298+0000] {logging_mixin.py:188} INFO - [2024-07-17T00:10:36.298+0000] {dagbag.py:545} INFO - Filling up the DagBag from /opt/airflow/dags/batch_dag.py
[2024-07-17T00:10:36.593+0000] {processor.py:840} INFO - DAG(s) 'daily_batch' retrieved from /opt/airflow/dags/batch_dag.py
[2024-07-17T00:10:36.627+0000] {logging_mixin.py:188} INFO - [2024-07-17T00:10:36.627+0000] {dag.py:3096} INFO - Sync 1 DAGs
[2024-07-17T00:10:36.645+0000] {logging_mixin.py:188} INFO - [2024-07-17T00:10:36.645+0000] {dag.py:3954} INFO - Setting next_dagrun for daily_batch to 2024-07-17 00:00:00+00:00, run_after=2024-07-18 00:00:00+00:00
[2024-07-17T00:10:36.656+0000] {processor.py:183} INFO - Processing /opt/airflow/dags/batch_dag.py took 0.368 seconds
[2024-07-17T00:11:06.720+0000] {processor.py:161} INFO - Started process (PID=26300) to work on /opt/airflow/dags/batch_dag.py
[2024-07-17T00:11:06.722+0000] {processor.py:830} INFO - Processing file /opt/airflow/dags/batch_dag.py for tasks to queue
[2024-07-17T00:11:06.725+0000] {logging_mixin.py:188} INFO - [2024-07-17T00:11:06.725+0000] {dagbag.py:545} INFO - Filling up the DagBag from /opt/airflow/dags/batch_dag.py
[2024-07-17T00:11:07.020+0000] {processor.py:840} INFO - DAG(s) 'daily_batch' retrieved from /opt/airflow/dags/batch_dag.py
[2024-07-17T00:11:07.047+0000] {logging_mixin.py:188} INFO - [2024-07-17T00:11:07.047+0000] {dag.py:3096} INFO - Sync 1 DAGs
[2024-07-17T00:11:07.069+0000] {logging_mixin.py:188} INFO - [2024-07-17T00:11:07.069+0000] {dag.py:3954} INFO - Setting next_dagrun for daily_batch to 2024-07-17 00:00:00+00:00, run_after=2024-07-18 00:00:00+00:00
[2024-07-17T00:11:07.362+0000] {processor.py:183} INFO - Processing /opt/airflow/dags/batch_dag.py took 0.649 seconds
[2024-07-17T00:11:38.119+0000] {processor.py:161} INFO - Started process (PID=26321) to work on /opt/airflow/dags/batch_dag.py
[2024-07-17T00:11:38.120+0000] {processor.py:830} INFO - Processing file /opt/airflow/dags/batch_dag.py for tasks to queue
[2024-07-17T00:11:38.121+0000] {logging_mixin.py:188} INFO - [2024-07-17T00:11:38.121+0000] {dagbag.py:545} INFO - Filling up the DagBag from /opt/airflow/dags/batch_dag.py
[2024-07-17T00:11:38.333+0000] {processor.py:840} INFO - DAG(s) 'daily_batch' retrieved from /opt/airflow/dags/batch_dag.py
[2024-07-17T00:11:38.349+0000] {logging_mixin.py:188} INFO - [2024-07-17T00:11:38.349+0000] {dag.py:3096} INFO - Sync 1 DAGs
[2024-07-17T00:11:38.361+0000] {logging_mixin.py:188} INFO - [2024-07-17T00:11:38.361+0000] {dag.py:3954} INFO - Setting next_dagrun for daily_batch to 2024-07-17 00:00:00+00:00, run_after=2024-07-18 00:00:00+00:00
[2024-07-17T00:11:38.370+0000] {processor.py:183} INFO - Processing /opt/airflow/dags/batch_dag.py took 0.255 seconds
[2024-07-17T00:12:08.459+0000] {processor.py:161} INFO - Started process (PID=26342) to work on /opt/airflow/dags/batch_dag.py
[2024-07-17T00:12:08.461+0000] {processor.py:830} INFO - Processing file /opt/airflow/dags/batch_dag.py for tasks to queue
[2024-07-17T00:12:08.462+0000] {logging_mixin.py:188} INFO - [2024-07-17T00:12:08.462+0000] {dagbag.py:545} INFO - Filling up the DagBag from /opt/airflow/dags/batch_dag.py
[2024-07-17T00:12:08.727+0000] {processor.py:840} INFO - DAG(s) 'daily_batch' retrieved from /opt/airflow/dags/batch_dag.py
[2024-07-17T00:12:08.744+0000] {logging_mixin.py:188} INFO - [2024-07-17T00:12:08.744+0000] {dag.py:3096} INFO - Sync 1 DAGs
[2024-07-17T00:12:08.764+0000] {logging_mixin.py:188} INFO - [2024-07-17T00:12:08.763+0000] {dag.py:3954} INFO - Setting next_dagrun for daily_batch to 2024-07-17 00:00:00+00:00, run_after=2024-07-18 00:00:00+00:00
[2024-07-17T00:12:08.774+0000] {processor.py:183} INFO - Processing /opt/airflow/dags/batch_dag.py took 0.320 seconds
[2024-07-17T00:12:38.899+0000] {processor.py:161} INFO - Started process (PID=26363) to work on /opt/airflow/dags/batch_dag.py
[2024-07-17T00:12:38.901+0000] {processor.py:830} INFO - Processing file /opt/airflow/dags/batch_dag.py for tasks to queue
[2024-07-17T00:12:38.904+0000] {logging_mixin.py:188} INFO - [2024-07-17T00:12:38.903+0000] {dagbag.py:545} INFO - Filling up the DagBag from /opt/airflow/dags/batch_dag.py
[2024-07-17T00:12:39.150+0000] {processor.py:840} INFO - DAG(s) 'daily_batch' retrieved from /opt/airflow/dags/batch_dag.py
[2024-07-17T00:12:39.169+0000] {logging_mixin.py:188} INFO - [2024-07-17T00:12:39.168+0000] {dag.py:3096} INFO - Sync 1 DAGs
[2024-07-17T00:12:39.183+0000] {logging_mixin.py:188} INFO - [2024-07-17T00:12:39.183+0000] {dag.py:3954} INFO - Setting next_dagrun for daily_batch to 2024-07-17 00:00:00+00:00, run_after=2024-07-18 00:00:00+00:00
[2024-07-17T00:12:39.194+0000] {processor.py:183} INFO - Processing /opt/airflow/dags/batch_dag.py took 0.304 seconds
[2024-07-17T00:13:09.282+0000] {processor.py:161} INFO - Started process (PID=26384) to work on /opt/airflow/dags/batch_dag.py
[2024-07-17T00:13:09.283+0000] {processor.py:830} INFO - Processing file /opt/airflow/dags/batch_dag.py for tasks to queue
[2024-07-17T00:13:09.285+0000] {logging_mixin.py:188} INFO - [2024-07-17T00:13:09.285+0000] {dagbag.py:545} INFO - Filling up the DagBag from /opt/airflow/dags/batch_dag.py
[2024-07-17T00:13:09.531+0000] {processor.py:840} INFO - DAG(s) 'daily_batch' retrieved from /opt/airflow/dags/batch_dag.py
[2024-07-17T00:13:09.561+0000] {logging_mixin.py:188} INFO - [2024-07-17T00:13:09.561+0000] {dag.py:3096} INFO - Sync 1 DAGs
[2024-07-17T00:13:09.578+0000] {logging_mixin.py:188} INFO - [2024-07-17T00:13:09.578+0000] {dag.py:3954} INFO - Setting next_dagrun for daily_batch to 2024-07-17 00:00:00+00:00, run_after=2024-07-18 00:00:00+00:00
[2024-07-17T00:13:09.590+0000] {processor.py:183} INFO - Processing /opt/airflow/dags/batch_dag.py took 0.313 seconds
[2024-07-17T00:13:39.677+0000] {processor.py:161} INFO - Started process (PID=26405) to work on /opt/airflow/dags/batch_dag.py
[2024-07-17T00:13:39.679+0000] {processor.py:830} INFO - Processing file /opt/airflow/dags/batch_dag.py for tasks to queue
[2024-07-17T00:13:39.680+0000] {logging_mixin.py:188} INFO - [2024-07-17T00:13:39.680+0000] {dagbag.py:545} INFO - Filling up the DagBag from /opt/airflow/dags/batch_dag.py
[2024-07-17T00:13:40.062+0000] {processor.py:840} INFO - DAG(s) 'daily_batch' retrieved from /opt/airflow/dags/batch_dag.py
[2024-07-17T00:13:40.093+0000] {logging_mixin.py:188} INFO - [2024-07-17T00:13:40.093+0000] {dag.py:3096} INFO - Sync 1 DAGs
[2024-07-17T00:13:40.111+0000] {logging_mixin.py:188} INFO - [2024-07-17T00:13:40.111+0000] {dag.py:3954} INFO - Setting next_dagrun for daily_batch to 2024-07-17 00:00:00+00:00, run_after=2024-07-18 00:00:00+00:00
[2024-07-17T00:13:40.123+0000] {processor.py:183} INFO - Processing /opt/airflow/dags/batch_dag.py took 0.451 seconds
[2024-07-17T00:14:10.943+0000] {processor.py:161} INFO - Started process (PID=26426) to work on /opt/airflow/dags/batch_dag.py
[2024-07-17T00:14:10.945+0000] {processor.py:830} INFO - Processing file /opt/airflow/dags/batch_dag.py for tasks to queue
[2024-07-17T00:14:10.947+0000] {logging_mixin.py:188} INFO - [2024-07-17T00:14:10.946+0000] {dagbag.py:545} INFO - Filling up the DagBag from /opt/airflow/dags/batch_dag.py
[2024-07-17T00:14:11.252+0000] {processor.py:840} INFO - DAG(s) 'daily_batch' retrieved from /opt/airflow/dags/batch_dag.py
[2024-07-17T00:14:11.272+0000] {logging_mixin.py:188} INFO - [2024-07-17T00:14:11.272+0000] {dag.py:3096} INFO - Sync 1 DAGs
[2024-07-17T00:14:11.290+0000] {logging_mixin.py:188} INFO - [2024-07-17T00:14:11.289+0000] {dag.py:3954} INFO - Setting next_dagrun for daily_batch to 2024-07-17 00:00:00+00:00, run_after=2024-07-18 00:00:00+00:00
[2024-07-17T00:14:11.303+0000] {processor.py:183} INFO - Processing /opt/airflow/dags/batch_dag.py took 0.367 seconds
[2024-07-17T00:14:41.348+0000] {processor.py:161} INFO - Started process (PID=26447) to work on /opt/airflow/dags/batch_dag.py
[2024-07-17T00:14:41.350+0000] {processor.py:830} INFO - Processing file /opt/airflow/dags/batch_dag.py for tasks to queue
[2024-07-17T00:14:41.353+0000] {logging_mixin.py:188} INFO - [2024-07-17T00:14:41.353+0000] {dagbag.py:545} INFO - Filling up the DagBag from /opt/airflow/dags/batch_dag.py
[2024-07-17T00:14:41.646+0000] {processor.py:840} INFO - DAG(s) 'daily_batch' retrieved from /opt/airflow/dags/batch_dag.py
[2024-07-17T00:14:41.674+0000] {logging_mixin.py:188} INFO - [2024-07-17T00:14:41.673+0000] {dag.py:3096} INFO - Sync 1 DAGs
[2024-07-17T00:14:41.691+0000] {logging_mixin.py:188} INFO - [2024-07-17T00:14:41.691+0000] {dag.py:3954} INFO - Setting next_dagrun for daily_batch to 2024-07-17 00:00:00+00:00, run_after=2024-07-18 00:00:00+00:00
[2024-07-17T00:14:41.722+0000] {processor.py:183} INFO - Processing /opt/airflow/dags/batch_dag.py took 0.382 seconds
[2024-07-17T00:15:11.820+0000] {processor.py:161} INFO - Started process (PID=26468) to work on /opt/airflow/dags/batch_dag.py
[2024-07-17T00:15:11.822+0000] {processor.py:830} INFO - Processing file /opt/airflow/dags/batch_dag.py for tasks to queue
[2024-07-17T00:15:11.824+0000] {logging_mixin.py:188} INFO - [2024-07-17T00:15:11.824+0000] {dagbag.py:545} INFO - Filling up the DagBag from /opt/airflow/dags/batch_dag.py
[2024-07-17T00:15:12.079+0000] {processor.py:840} INFO - DAG(s) 'daily_batch' retrieved from /opt/airflow/dags/batch_dag.py
[2024-07-17T00:15:12.098+0000] {logging_mixin.py:188} INFO - [2024-07-17T00:15:12.098+0000] {dag.py:3096} INFO - Sync 1 DAGs
[2024-07-17T00:15:12.111+0000] {logging_mixin.py:188} INFO - [2024-07-17T00:15:12.111+0000] {dag.py:3954} INFO - Setting next_dagrun for daily_batch to 2024-07-17 00:00:00+00:00, run_after=2024-07-18 00:00:00+00:00
[2024-07-17T00:15:12.123+0000] {processor.py:183} INFO - Processing /opt/airflow/dags/batch_dag.py took 0.308 seconds
[2024-07-17T00:15:43.136+0000] {processor.py:161} INFO - Started process (PID=26489) to work on /opt/airflow/dags/batch_dag.py
[2024-07-17T00:15:43.137+0000] {processor.py:830} INFO - Processing file /opt/airflow/dags/batch_dag.py for tasks to queue
[2024-07-17T00:15:43.138+0000] {logging_mixin.py:188} INFO - [2024-07-17T00:15:43.138+0000] {dagbag.py:545} INFO - Filling up the DagBag from /opt/airflow/dags/batch_dag.py
[2024-07-17T00:15:43.372+0000] {processor.py:840} INFO - DAG(s) 'daily_batch' retrieved from /opt/airflow/dags/batch_dag.py
[2024-07-17T00:15:43.390+0000] {logging_mixin.py:188} INFO - [2024-07-17T00:15:43.389+0000] {dag.py:3096} INFO - Sync 1 DAGs
[2024-07-17T00:15:43.402+0000] {logging_mixin.py:188} INFO - [2024-07-17T00:15:43.402+0000] {dag.py:3954} INFO - Setting next_dagrun for daily_batch to 2024-07-17 00:00:00+00:00, run_after=2024-07-18 00:00:00+00:00
[2024-07-17T00:15:43.628+0000] {processor.py:183} INFO - Processing /opt/airflow/dags/batch_dag.py took 0.496 seconds
[2024-07-17T00:16:14.393+0000] {processor.py:161} INFO - Started process (PID=26510) to work on /opt/airflow/dags/batch_dag.py
[2024-07-17T00:16:14.395+0000] {processor.py:830} INFO - Processing file /opt/airflow/dags/batch_dag.py for tasks to queue
[2024-07-17T00:16:14.396+0000] {logging_mixin.py:188} INFO - [2024-07-17T00:16:14.396+0000] {dagbag.py:545} INFO - Filling up the DagBag from /opt/airflow/dags/batch_dag.py
[2024-07-17T00:16:14.618+0000] {processor.py:840} INFO - DAG(s) 'daily_batch' retrieved from /opt/airflow/dags/batch_dag.py
[2024-07-17T00:16:14.640+0000] {logging_mixin.py:188} INFO - [2024-07-17T00:16:14.640+0000] {dag.py:3096} INFO - Sync 1 DAGs
[2024-07-17T00:16:14.655+0000] {logging_mixin.py:188} INFO - [2024-07-17T00:16:14.655+0000] {dag.py:3954} INFO - Setting next_dagrun for daily_batch to 2024-07-17 00:00:00+00:00, run_after=2024-07-18 00:00:00+00:00
[2024-07-17T00:16:14.667+0000] {processor.py:183} INFO - Processing /opt/airflow/dags/batch_dag.py took 0.278 seconds
[2024-07-17T00:16:44.743+0000] {processor.py:161} INFO - Started process (PID=26531) to work on /opt/airflow/dags/batch_dag.py
[2024-07-17T00:16:44.744+0000] {processor.py:830} INFO - Processing file /opt/airflow/dags/batch_dag.py for tasks to queue
[2024-07-17T00:16:44.745+0000] {logging_mixin.py:188} INFO - [2024-07-17T00:16:44.745+0000] {dagbag.py:545} INFO - Filling up the DagBag from /opt/airflow/dags/batch_dag.py
[2024-07-17T00:16:44.962+0000] {processor.py:840} INFO - DAG(s) 'daily_batch' retrieved from /opt/airflow/dags/batch_dag.py
[2024-07-17T00:16:44.979+0000] {logging_mixin.py:188} INFO - [2024-07-17T00:16:44.978+0000] {dag.py:3096} INFO - Sync 1 DAGs
[2024-07-17T00:16:44.990+0000] {logging_mixin.py:188} INFO - [2024-07-17T00:16:44.990+0000] {dag.py:3954} INFO - Setting next_dagrun for daily_batch to 2024-07-17 00:00:00+00:00, run_after=2024-07-18 00:00:00+00:00
[2024-07-17T00:16:44.999+0000] {processor.py:183} INFO - Processing /opt/airflow/dags/batch_dag.py took 0.259 seconds
[2024-07-17T00:17:15.044+0000] {processor.py:161} INFO - Started process (PID=26552) to work on /opt/airflow/dags/batch_dag.py
[2024-07-17T00:17:15.045+0000] {processor.py:830} INFO - Processing file /opt/airflow/dags/batch_dag.py for tasks to queue
[2024-07-17T00:17:15.046+0000] {logging_mixin.py:188} INFO - [2024-07-17T00:17:15.046+0000] {dagbag.py:545} INFO - Filling up the DagBag from /opt/airflow/dags/batch_dag.py
[2024-07-17T00:17:15.227+0000] {processor.py:840} INFO - DAG(s) 'daily_batch' retrieved from /opt/airflow/dags/batch_dag.py
[2024-07-17T00:17:15.242+0000] {logging_mixin.py:188} INFO - [2024-07-17T00:17:15.241+0000] {dag.py:3096} INFO - Sync 1 DAGs
[2024-07-17T00:17:15.256+0000] {logging_mixin.py:188} INFO - [2024-07-17T00:17:15.256+0000] {dag.py:3954} INFO - Setting next_dagrun for daily_batch to 2024-07-17 00:00:00+00:00, run_after=2024-07-18 00:00:00+00:00
[2024-07-17T00:17:15.266+0000] {processor.py:183} INFO - Processing /opt/airflow/dags/batch_dag.py took 0.225 seconds
[2024-07-17T00:17:45.371+0000] {processor.py:161} INFO - Started process (PID=26573) to work on /opt/airflow/dags/batch_dag.py
[2024-07-17T00:17:45.374+0000] {processor.py:830} INFO - Processing file /opt/airflow/dags/batch_dag.py for tasks to queue
[2024-07-17T00:17:45.380+0000] {logging_mixin.py:188} INFO - [2024-07-17T00:17:45.379+0000] {dagbag.py:545} INFO - Filling up the DagBag from /opt/airflow/dags/batch_dag.py
[2024-07-17T00:17:45.803+0000] {processor.py:840} INFO - DAG(s) 'daily_batch' retrieved from /opt/airflow/dags/batch_dag.py
[2024-07-17T00:17:45.825+0000] {logging_mixin.py:188} INFO - [2024-07-17T00:17:45.825+0000] {dag.py:3096} INFO - Sync 1 DAGs
[2024-07-17T00:17:45.843+0000] {logging_mixin.py:188} INFO - [2024-07-17T00:17:45.843+0000] {dag.py:3954} INFO - Setting next_dagrun for daily_batch to 2024-07-17 00:00:00+00:00, run_after=2024-07-18 00:00:00+00:00
[2024-07-17T00:17:45.859+0000] {processor.py:183} INFO - Processing /opt/airflow/dags/batch_dag.py took 0.496 seconds
[2024-07-17T00:18:16.683+0000] {processor.py:161} INFO - Started process (PID=26594) to work on /opt/airflow/dags/batch_dag.py
[2024-07-17T00:18:16.687+0000] {processor.py:830} INFO - Processing file /opt/airflow/dags/batch_dag.py for tasks to queue
[2024-07-17T00:18:16.701+0000] {logging_mixin.py:188} INFO - [2024-07-17T00:18:16.700+0000] {dagbag.py:545} INFO - Filling up the DagBag from /opt/airflow/dags/batch_dag.py
[2024-07-17T00:18:17.015+0000] {processor.py:840} INFO - DAG(s) 'daily_batch' retrieved from /opt/airflow/dags/batch_dag.py
[2024-07-17T00:18:17.039+0000] {logging_mixin.py:188} INFO - [2024-07-17T00:18:17.039+0000] {dag.py:3096} INFO - Sync 1 DAGs
[2024-07-17T00:18:17.056+0000] {logging_mixin.py:188} INFO - [2024-07-17T00:18:17.056+0000] {dag.py:3954} INFO - Setting next_dagrun for daily_batch to 2024-07-17 00:00:00+00:00, run_after=2024-07-18 00:00:00+00:00
[2024-07-17T00:18:17.069+0000] {processor.py:183} INFO - Processing /opt/airflow/dags/batch_dag.py took 0.394 seconds
[2024-07-17T00:18:48.034+0000] {processor.py:161} INFO - Started process (PID=26630) to work on /opt/airflow/dags/batch_dag.py
[2024-07-17T00:18:48.039+0000] {processor.py:830} INFO - Processing file /opt/airflow/dags/batch_dag.py for tasks to queue
[2024-07-17T00:18:48.048+0000] {logging_mixin.py:188} INFO - [2024-07-17T00:18:48.046+0000] {dagbag.py:545} INFO - Filling up the DagBag from /opt/airflow/dags/batch_dag.py
[2024-07-17T00:18:48.292+0000] {processor.py:840} INFO - DAG(s) 'daily_batch' retrieved from /opt/airflow/dags/batch_dag.py
[2024-07-17T00:18:48.308+0000] {logging_mixin.py:188} INFO - [2024-07-17T00:18:48.308+0000] {dag.py:3096} INFO - Sync 1 DAGs
[2024-07-17T00:18:48.509+0000] {logging_mixin.py:188} INFO - [2024-07-17T00:18:48.509+0000] {dag.py:3954} INFO - Setting next_dagrun for daily_batch to 2024-07-17 00:00:00+00:00, run_after=2024-07-18 00:00:00+00:00
[2024-07-17T00:18:48.519+0000] {processor.py:183} INFO - Processing /opt/airflow/dags/batch_dag.py took 0.493 seconds
[2024-07-17T00:19:19.473+0000] {processor.py:161} INFO - Started process (PID=26665) to work on /opt/airflow/dags/batch_dag.py
[2024-07-17T00:19:19.474+0000] {processor.py:830} INFO - Processing file /opt/airflow/dags/batch_dag.py for tasks to queue
[2024-07-17T00:19:19.475+0000] {logging_mixin.py:188} INFO - [2024-07-17T00:19:19.475+0000] {dagbag.py:545} INFO - Filling up the DagBag from /opt/airflow/dags/batch_dag.py
[2024-07-17T00:19:19.745+0000] {processor.py:840} INFO - DAG(s) 'daily_batch' retrieved from /opt/airflow/dags/batch_dag.py
[2024-07-17T00:19:19.763+0000] {logging_mixin.py:188} INFO - [2024-07-17T00:19:19.763+0000] {dag.py:3096} INFO - Sync 1 DAGs
[2024-07-17T00:19:19.777+0000] {logging_mixin.py:188} INFO - [2024-07-17T00:19:19.777+0000] {dag.py:3954} INFO - Setting next_dagrun for daily_batch to 2024-07-17 00:00:00+00:00, run_after=2024-07-18 00:00:00+00:00
[2024-07-17T00:19:19.786+0000] {processor.py:183} INFO - Processing /opt/airflow/dags/batch_dag.py took 0.317 seconds
[2024-07-17T00:19:50.060+0000] {processor.py:161} INFO - Started process (PID=26686) to work on /opt/airflow/dags/batch_dag.py
[2024-07-17T00:19:50.061+0000] {processor.py:830} INFO - Processing file /opt/airflow/dags/batch_dag.py for tasks to queue
[2024-07-17T00:19:50.063+0000] {logging_mixin.py:188} INFO - [2024-07-17T00:19:50.062+0000] {dagbag.py:545} INFO - Filling up the DagBag from /opt/airflow/dags/batch_dag.py
[2024-07-17T00:19:50.292+0000] {processor.py:840} INFO - DAG(s) 'daily_batch' retrieved from /opt/airflow/dags/batch_dag.py
[2024-07-17T00:19:50.314+0000] {logging_mixin.py:188} INFO - [2024-07-17T00:19:50.314+0000] {dag.py:3096} INFO - Sync 1 DAGs
[2024-07-17T00:19:50.330+0000] {logging_mixin.py:188} INFO - [2024-07-17T00:19:50.330+0000] {dag.py:3954} INFO - Setting next_dagrun for daily_batch to 2024-07-17 00:00:00+00:00, run_after=2024-07-18 00:00:00+00:00
[2024-07-17T00:19:50.340+0000] {processor.py:183} INFO - Processing /opt/airflow/dags/batch_dag.py took 0.285 seconds
[2024-07-17T00:20:20.549+0000] {processor.py:161} INFO - Started process (PID=26707) to work on /opt/airflow/dags/batch_dag.py
[2024-07-17T00:20:20.550+0000] {processor.py:830} INFO - Processing file /opt/airflow/dags/batch_dag.py for tasks to queue
[2024-07-17T00:20:20.551+0000] {logging_mixin.py:188} INFO - [2024-07-17T00:20:20.551+0000] {dagbag.py:545} INFO - Filling up the DagBag from /opt/airflow/dags/batch_dag.py
[2024-07-17T00:20:20.824+0000] {processor.py:840} INFO - DAG(s) 'daily_batch' retrieved from /opt/airflow/dags/batch_dag.py
[2024-07-17T00:20:20.839+0000] {logging_mixin.py:188} INFO - [2024-07-17T00:20:20.839+0000] {dag.py:3096} INFO - Sync 1 DAGs
[2024-07-17T00:20:20.851+0000] {logging_mixin.py:188} INFO - [2024-07-17T00:20:20.851+0000] {dag.py:3954} INFO - Setting next_dagrun for daily_batch to 2024-07-17 00:00:00+00:00, run_after=2024-07-18 00:00:00+00:00
[2024-07-17T00:20:20.863+0000] {processor.py:183} INFO - Processing /opt/airflow/dags/batch_dag.py took 0.317 seconds
[2024-07-17T00:20:50.999+0000] {processor.py:161} INFO - Started process (PID=26728) to work on /opt/airflow/dags/batch_dag.py
[2024-07-17T00:20:51.001+0000] {processor.py:830} INFO - Processing file /opt/airflow/dags/batch_dag.py for tasks to queue
[2024-07-17T00:20:51.004+0000] {logging_mixin.py:188} INFO - [2024-07-17T00:20:51.003+0000] {dagbag.py:545} INFO - Filling up the DagBag from /opt/airflow/dags/batch_dag.py
[2024-07-17T00:20:51.280+0000] {processor.py:840} INFO - DAG(s) 'daily_batch' retrieved from /opt/airflow/dags/batch_dag.py
[2024-07-17T00:20:51.300+0000] {logging_mixin.py:188} INFO - [2024-07-17T00:20:51.300+0000] {dag.py:3096} INFO - Sync 1 DAGs
[2024-07-17T00:20:51.519+0000] {logging_mixin.py:188} INFO - [2024-07-17T00:20:51.519+0000] {dag.py:3954} INFO - Setting next_dagrun for daily_batch to 2024-07-17 00:00:00+00:00, run_after=2024-07-18 00:00:00+00:00
[2024-07-17T00:20:51.529+0000] {processor.py:183} INFO - Processing /opt/airflow/dags/batch_dag.py took 0.537 seconds
[2024-07-17T00:21:22.232+0000] {processor.py:161} INFO - Started process (PID=26765) to work on /opt/airflow/dags/batch_dag.py
[2024-07-17T00:21:22.233+0000] {processor.py:830} INFO - Processing file /opt/airflow/dags/batch_dag.py for tasks to queue
[2024-07-17T00:21:22.235+0000] {logging_mixin.py:188} INFO - [2024-07-17T00:21:22.234+0000] {dagbag.py:545} INFO - Filling up the DagBag from /opt/airflow/dags/batch_dag.py
[2024-07-17T00:21:22.497+0000] {processor.py:840} INFO - DAG(s) 'daily_batch' retrieved from /opt/airflow/dags/batch_dag.py
[2024-07-17T00:21:22.701+0000] {logging_mixin.py:188} INFO - [2024-07-17T00:21:22.700+0000] {dag.py:3096} INFO - Sync 1 DAGs
[2024-07-17T00:21:22.712+0000] {logging_mixin.py:188} INFO - [2024-07-17T00:21:22.711+0000] {dag.py:3954} INFO - Setting next_dagrun for daily_batch to 2024-07-17 00:00:00+00:00, run_after=2024-07-18 00:00:00+00:00
[2024-07-17T00:21:22.720+0000] {processor.py:183} INFO - Processing /opt/airflow/dags/batch_dag.py took 0.493 seconds
[2024-07-17T00:21:53.489+0000] {processor.py:161} INFO - Started process (PID=26786) to work on /opt/airflow/dags/batch_dag.py
[2024-07-17T00:21:53.491+0000] {processor.py:830} INFO - Processing file /opt/airflow/dags/batch_dag.py for tasks to queue
[2024-07-17T00:21:53.492+0000] {logging_mixin.py:188} INFO - [2024-07-17T00:21:53.492+0000] {dagbag.py:545} INFO - Filling up the DagBag from /opt/airflow/dags/batch_dag.py
[2024-07-17T00:21:53.776+0000] {processor.py:840} INFO - DAG(s) 'daily_batch' retrieved from /opt/airflow/dags/batch_dag.py
[2024-07-17T00:21:54.040+0000] {logging_mixin.py:188} INFO - [2024-07-17T00:21:54.040+0000] {dag.py:3096} INFO - Sync 1 DAGs
[2024-07-17T00:21:54.051+0000] {logging_mixin.py:188} INFO - [2024-07-17T00:21:54.051+0000] {dag.py:3954} INFO - Setting next_dagrun for daily_batch to 2024-07-17 00:00:00+00:00, run_after=2024-07-18 00:00:00+00:00
[2024-07-17T00:21:54.060+0000] {processor.py:183} INFO - Processing /opt/airflow/dags/batch_dag.py took 0.578 seconds
[2024-07-17T00:22:24.791+0000] {processor.py:161} INFO - Started process (PID=26807) to work on /opt/airflow/dags/batch_dag.py
[2024-07-17T00:22:24.793+0000] {processor.py:830} INFO - Processing file /opt/airflow/dags/batch_dag.py for tasks to queue
[2024-07-17T00:22:24.793+0000] {logging_mixin.py:188} INFO - [2024-07-17T00:22:24.793+0000] {dagbag.py:545} INFO - Filling up the DagBag from /opt/airflow/dags/batch_dag.py
[2024-07-17T00:22:25.238+0000] {processor.py:840} INFO - DAG(s) 'daily_batch' retrieved from /opt/airflow/dags/batch_dag.py
[2024-07-17T00:22:25.260+0000] {logging_mixin.py:188} INFO - [2024-07-17T00:22:25.260+0000] {dag.py:3096} INFO - Sync 1 DAGs
[2024-07-17T00:22:25.274+0000] {logging_mixin.py:188} INFO - [2024-07-17T00:22:25.274+0000] {dag.py:3954} INFO - Setting next_dagrun for daily_batch to 2024-07-17 00:00:00+00:00, run_after=2024-07-18 00:00:00+00:00
[2024-07-17T00:22:25.285+0000] {processor.py:183} INFO - Processing /opt/airflow/dags/batch_dag.py took 0.500 seconds
[2024-07-17T00:22:56.070+0000] {processor.py:161} INFO - Started process (PID=26828) to work on /opt/airflow/dags/batch_dag.py
[2024-07-17T00:22:56.074+0000] {processor.py:830} INFO - Processing file /opt/airflow/dags/batch_dag.py for tasks to queue
[2024-07-17T00:22:56.075+0000] {logging_mixin.py:188} INFO - [2024-07-17T00:22:56.075+0000] {dagbag.py:545} INFO - Filling up the DagBag from /opt/airflow/dags/batch_dag.py
[2024-07-17T00:22:56.339+0000] {processor.py:840} INFO - DAG(s) 'daily_batch' retrieved from /opt/airflow/dags/batch_dag.py
[2024-07-17T00:22:56.360+0000] {logging_mixin.py:188} INFO - [2024-07-17T00:22:56.360+0000] {dag.py:3096} INFO - Sync 1 DAGs
[2024-07-17T00:22:56.375+0000] {logging_mixin.py:188} INFO - [2024-07-17T00:22:56.375+0000] {dag.py:3954} INFO - Setting next_dagrun for daily_batch to 2024-07-17 00:00:00+00:00, run_after=2024-07-18 00:00:00+00:00
[2024-07-17T00:22:56.626+0000] {processor.py:183} INFO - Processing /opt/airflow/dags/batch_dag.py took 0.563 seconds
[2024-07-17T00:23:27.331+0000] {processor.py:161} INFO - Started process (PID=26849) to work on /opt/airflow/dags/batch_dag.py
[2024-07-17T00:23:27.332+0000] {processor.py:830} INFO - Processing file /opt/airflow/dags/batch_dag.py for tasks to queue
[2024-07-17T00:23:27.333+0000] {logging_mixin.py:188} INFO - [2024-07-17T00:23:27.333+0000] {dagbag.py:545} INFO - Filling up the DagBag from /opt/airflow/dags/batch_dag.py
[2024-07-17T00:23:27.645+0000] {processor.py:840} INFO - DAG(s) 'daily_batch' retrieved from /opt/airflow/dags/batch_dag.py
[2024-07-17T00:23:27.664+0000] {logging_mixin.py:188} INFO - [2024-07-17T00:23:27.664+0000] {dag.py:3096} INFO - Sync 1 DAGs
[2024-07-17T00:23:27.917+0000] {logging_mixin.py:188} INFO - [2024-07-17T00:23:27.917+0000] {dag.py:3954} INFO - Setting next_dagrun for daily_batch to 2024-07-17 00:00:00+00:00, run_after=2024-07-18 00:00:00+00:00
[2024-07-17T00:23:27.926+0000] {processor.py:183} INFO - Processing /opt/airflow/dags/batch_dag.py took 0.601 seconds
[2024-07-17T00:23:58.605+0000] {processor.py:161} INFO - Started process (PID=26870) to work on /opt/airflow/dags/batch_dag.py
[2024-07-17T00:23:58.607+0000] {processor.py:830} INFO - Processing file /opt/airflow/dags/batch_dag.py for tasks to queue
[2024-07-17T00:23:58.609+0000] {logging_mixin.py:188} INFO - [2024-07-17T00:23:58.608+0000] {dagbag.py:545} INFO - Filling up the DagBag from /opt/airflow/dags/batch_dag.py
[2024-07-17T00:23:58.896+0000] {processor.py:840} INFO - DAG(s) 'daily_batch' retrieved from /opt/airflow/dags/batch_dag.py
[2024-07-17T00:23:58.927+0000] {logging_mixin.py:188} INFO - [2024-07-17T00:23:58.927+0000] {dag.py:3096} INFO - Sync 1 DAGs
[2024-07-17T00:23:59.218+0000] {logging_mixin.py:188} INFO - [2024-07-17T00:23:59.217+0000] {dag.py:3954} INFO - Setting next_dagrun for daily_batch to 2024-07-17 00:00:00+00:00, run_after=2024-07-18 00:00:00+00:00
[2024-07-17T00:23:59.228+0000] {processor.py:183} INFO - Processing /opt/airflow/dags/batch_dag.py took 0.645 seconds
[2024-07-17T00:24:29.890+0000] {processor.py:161} INFO - Started process (PID=26891) to work on /opt/airflow/dags/batch_dag.py
[2024-07-17T00:24:29.892+0000] {processor.py:830} INFO - Processing file /opt/airflow/dags/batch_dag.py for tasks to queue
[2024-07-17T00:24:29.893+0000] {logging_mixin.py:188} INFO - [2024-07-17T00:24:29.892+0000] {dagbag.py:545} INFO - Filling up the DagBag from /opt/airflow/dags/batch_dag.py
[2024-07-17T00:24:30.241+0000] {processor.py:840} INFO - DAG(s) 'daily_batch' retrieved from /opt/airflow/dags/batch_dag.py
[2024-07-17T00:24:30.543+0000] {logging_mixin.py:188} INFO - [2024-07-17T00:24:30.543+0000] {dag.py:3096} INFO - Sync 1 DAGs
[2024-07-17T00:24:30.556+0000] {logging_mixin.py:188} INFO - [2024-07-17T00:24:30.556+0000] {dag.py:3954} INFO - Setting next_dagrun for daily_batch to 2024-07-17 00:00:00+00:00, run_after=2024-07-18 00:00:00+00:00
[2024-07-17T00:24:30.566+0000] {processor.py:183} INFO - Processing /opt/airflow/dags/batch_dag.py took 0.687 seconds
[2024-07-17T00:25:01.240+0000] {processor.py:161} INFO - Started process (PID=26912) to work on /opt/airflow/dags/batch_dag.py
[2024-07-17T00:25:01.247+0000] {processor.py:830} INFO - Processing file /opt/airflow/dags/batch_dag.py for tasks to queue
[2024-07-17T00:25:01.249+0000] {logging_mixin.py:188} INFO - [2024-07-17T00:25:01.248+0000] {dagbag.py:545} INFO - Filling up the DagBag from /opt/airflow/dags/batch_dag.py
[2024-07-17T00:25:01.800+0000] {processor.py:840} INFO - DAG(s) 'daily_batch' retrieved from /opt/airflow/dags/batch_dag.py
[2024-07-17T00:25:01.823+0000] {logging_mixin.py:188} INFO - [2024-07-17T00:25:01.822+0000] {dag.py:3096} INFO - Sync 1 DAGs
[2024-07-17T00:25:01.841+0000] {logging_mixin.py:188} INFO - [2024-07-17T00:25:01.841+0000] {dag.py:3954} INFO - Setting next_dagrun for daily_batch to 2024-07-17 00:00:00+00:00, run_after=2024-07-18 00:00:00+00:00
[2024-07-17T00:25:01.851+0000] {processor.py:183} INFO - Processing /opt/airflow/dags/batch_dag.py took 0.620 seconds
[2024-07-17T00:25:32.534+0000] {processor.py:161} INFO - Started process (PID=26933) to work on /opt/airflow/dags/batch_dag.py
[2024-07-17T00:25:32.536+0000] {processor.py:830} INFO - Processing file /opt/airflow/dags/batch_dag.py for tasks to queue
[2024-07-17T00:25:32.537+0000] {logging_mixin.py:188} INFO - [2024-07-17T00:25:32.537+0000] {dagbag.py:545} INFO - Filling up the DagBag from /opt/airflow/dags/batch_dag.py
[2024-07-17T00:25:33.091+0000] {processor.py:840} INFO - DAG(s) 'daily_batch' retrieved from /opt/airflow/dags/batch_dag.py
[2024-07-17T00:25:33.107+0000] {logging_mixin.py:188} INFO - [2024-07-17T00:25:33.107+0000] {dag.py:3096} INFO - Sync 1 DAGs
[2024-07-17T00:25:33.130+0000] {logging_mixin.py:188} INFO - [2024-07-17T00:25:33.129+0000] {dag.py:3954} INFO - Setting next_dagrun for daily_batch to 2024-07-17 00:00:00+00:00, run_after=2024-07-18 00:00:00+00:00
[2024-07-17T00:25:33.140+0000] {processor.py:183} INFO - Processing /opt/airflow/dags/batch_dag.py took 0.615 seconds
[2024-07-17T00:26:03.901+0000] {processor.py:161} INFO - Started process (PID=26954) to work on /opt/airflow/dags/batch_dag.py
[2024-07-17T00:26:03.904+0000] {processor.py:830} INFO - Processing file /opt/airflow/dags/batch_dag.py for tasks to queue
[2024-07-17T00:26:03.905+0000] {logging_mixin.py:188} INFO - [2024-07-17T00:26:03.904+0000] {dagbag.py:545} INFO - Filling up the DagBag from /opt/airflow/dags/batch_dag.py
[2024-07-17T00:26:04.229+0000] {processor.py:840} INFO - DAG(s) 'daily_batch' retrieved from /opt/airflow/dags/batch_dag.py
[2024-07-17T00:26:04.255+0000] {logging_mixin.py:188} INFO - [2024-07-17T00:26:04.254+0000] {dag.py:3096} INFO - Sync 1 DAGs
[2024-07-17T00:26:04.512+0000] {logging_mixin.py:188} INFO - [2024-07-17T00:26:04.512+0000] {dag.py:3954} INFO - Setting next_dagrun for daily_batch to 2024-07-17 00:00:00+00:00, run_after=2024-07-18 00:00:00+00:00
[2024-07-17T00:26:04.522+0000] {processor.py:183} INFO - Processing /opt/airflow/dags/batch_dag.py took 0.629 seconds
[2024-07-17T00:26:35.180+0000] {processor.py:161} INFO - Started process (PID=26975) to work on /opt/airflow/dags/batch_dag.py
[2024-07-17T00:26:35.181+0000] {processor.py:830} INFO - Processing file /opt/airflow/dags/batch_dag.py for tasks to queue
[2024-07-17T00:26:35.181+0000] {logging_mixin.py:188} INFO - [2024-07-17T00:26:35.181+0000] {dagbag.py:545} INFO - Filling up the DagBag from /opt/airflow/dags/batch_dag.py
[2024-07-17T00:26:35.334+0000] {processor.py:840} INFO - DAG(s) 'daily_batch' retrieved from /opt/airflow/dags/batch_dag.py
[2024-07-17T00:26:35.347+0000] {logging_mixin.py:188} INFO - [2024-07-17T00:26:35.347+0000] {dag.py:3096} INFO - Sync 1 DAGs
[2024-07-17T00:26:35.448+0000] {logging_mixin.py:188} INFO - [2024-07-17T00:26:35.447+0000] {dag.py:3954} INFO - Setting next_dagrun for daily_batch to 2024-07-17 00:00:00+00:00, run_after=2024-07-18 00:00:00+00:00
[2024-07-17T00:26:35.455+0000] {processor.py:183} INFO - Processing /opt/airflow/dags/batch_dag.py took 0.278 seconds
[2024-07-17T00:27:05.524+0000] {processor.py:161} INFO - Started process (PID=26996) to work on /opt/airflow/dags/batch_dag.py
[2024-07-17T00:27:05.526+0000] {processor.py:830} INFO - Processing file /opt/airflow/dags/batch_dag.py for tasks to queue
[2024-07-17T00:27:05.527+0000] {logging_mixin.py:188} INFO - [2024-07-17T00:27:05.526+0000] {dagbag.py:545} INFO - Filling up the DagBag from /opt/airflow/dags/batch_dag.py
[2024-07-17T00:27:05.777+0000] {processor.py:840} INFO - DAG(s) 'daily_batch' retrieved from /opt/airflow/dags/batch_dag.py
[2024-07-17T00:27:06.029+0000] {logging_mixin.py:188} INFO - [2024-07-17T00:27:06.029+0000] {dag.py:3096} INFO - Sync 1 DAGs
[2024-07-17T00:27:06.042+0000] {logging_mixin.py:188} INFO - [2024-07-17T00:27:06.042+0000] {dag.py:3954} INFO - Setting next_dagrun for daily_batch to 2024-07-17 00:00:00+00:00, run_after=2024-07-18 00:00:00+00:00
[2024-07-17T00:27:06.053+0000] {processor.py:183} INFO - Processing /opt/airflow/dags/batch_dag.py took 0.538 seconds
[2024-07-17T00:27:37.048+0000] {processor.py:161} INFO - Started process (PID=27017) to work on /opt/airflow/dags/batch_dag.py
[2024-07-17T00:27:37.050+0000] {processor.py:830} INFO - Processing file /opt/airflow/dags/batch_dag.py for tasks to queue
[2024-07-17T00:27:37.051+0000] {logging_mixin.py:188} INFO - [2024-07-17T00:27:37.051+0000] {dagbag.py:545} INFO - Filling up the DagBag from /opt/airflow/dags/batch_dag.py
[2024-07-17T00:27:37.368+0000] {processor.py:840} INFO - DAG(s) 'daily_batch' retrieved from /opt/airflow/dags/batch_dag.py
[2024-07-17T00:27:37.641+0000] {logging_mixin.py:188} INFO - [2024-07-17T00:27:37.641+0000] {dag.py:3096} INFO - Sync 1 DAGs
[2024-07-17T00:27:37.653+0000] {logging_mixin.py:188} INFO - [2024-07-17T00:27:37.652+0000] {dag.py:3954} INFO - Setting next_dagrun for daily_batch to 2024-07-17 00:00:00+00:00, run_after=2024-07-18 00:00:00+00:00
[2024-07-17T00:27:37.662+0000] {processor.py:183} INFO - Processing /opt/airflow/dags/batch_dag.py took 0.623 seconds
[2024-07-17T00:28:08.087+0000] {processor.py:161} INFO - Started process (PID=27038) to work on /opt/airflow/dags/batch_dag.py
[2024-07-17T00:28:08.089+0000] {processor.py:830} INFO - Processing file /opt/airflow/dags/batch_dag.py for tasks to queue
[2024-07-17T00:28:08.091+0000] {logging_mixin.py:188} INFO - [2024-07-17T00:28:08.090+0000] {dagbag.py:545} INFO - Filling up the DagBag from /opt/airflow/dags/batch_dag.py
[2024-07-17T00:28:08.678+0000] {processor.py:840} INFO - DAG(s) 'daily_batch' retrieved from /opt/airflow/dags/batch_dag.py
[2024-07-17T00:28:08.693+0000] {logging_mixin.py:188} INFO - [2024-07-17T00:28:08.693+0000] {dag.py:3096} INFO - Sync 1 DAGs
[2024-07-17T00:28:08.705+0000] {logging_mixin.py:188} INFO - [2024-07-17T00:28:08.705+0000] {dag.py:3954} INFO - Setting next_dagrun for daily_batch to 2024-07-17 00:00:00+00:00, run_after=2024-07-18 00:00:00+00:00
[2024-07-17T00:28:08.715+0000] {processor.py:183} INFO - Processing /opt/airflow/dags/batch_dag.py took 0.637 seconds
[2024-07-17T00:28:39.378+0000] {processor.py:161} INFO - Started process (PID=27059) to work on /opt/airflow/dags/batch_dag.py
[2024-07-17T00:28:39.381+0000] {processor.py:830} INFO - Processing file /opt/airflow/dags/batch_dag.py for tasks to queue
[2024-07-17T00:28:39.383+0000] {logging_mixin.py:188} INFO - [2024-07-17T00:28:39.382+0000] {dagbag.py:545} INFO - Filling up the DagBag from /opt/airflow/dags/batch_dag.py
[2024-07-17T00:28:39.977+0000] {processor.py:840} INFO - DAG(s) 'daily_batch' retrieved from /opt/airflow/dags/batch_dag.py
[2024-07-17T00:28:39.994+0000] {logging_mixin.py:188} INFO - [2024-07-17T00:28:39.994+0000] {dag.py:3096} INFO - Sync 1 DAGs
[2024-07-17T00:28:40.005+0000] {logging_mixin.py:188} INFO - [2024-07-17T00:28:40.005+0000] {dag.py:3954} INFO - Setting next_dagrun for daily_batch to 2024-07-17 00:00:00+00:00, run_after=2024-07-18 00:00:00+00:00
[2024-07-17T00:28:40.017+0000] {processor.py:183} INFO - Processing /opt/airflow/dags/batch_dag.py took 0.648 seconds
[2024-07-17T00:29:10.786+0000] {processor.py:161} INFO - Started process (PID=27080) to work on /opt/airflow/dags/batch_dag.py
[2024-07-17T00:29:10.789+0000] {processor.py:830} INFO - Processing file /opt/airflow/dags/batch_dag.py for tasks to queue
[2024-07-17T00:29:10.790+0000] {logging_mixin.py:188} INFO - [2024-07-17T00:29:10.790+0000] {dagbag.py:545} INFO - Filling up the DagBag from /opt/airflow/dags/batch_dag.py
[2024-07-17T00:29:11.101+0000] {processor.py:840} INFO - DAG(s) 'daily_batch' retrieved from /opt/airflow/dags/batch_dag.py
[2024-07-17T00:29:11.116+0000] {logging_mixin.py:188} INFO - [2024-07-17T00:29:11.116+0000] {dag.py:3096} INFO - Sync 1 DAGs
[2024-07-17T00:29:11.369+0000] {logging_mixin.py:188} INFO - [2024-07-17T00:29:11.369+0000] {dag.py:3954} INFO - Setting next_dagrun for daily_batch to 2024-07-17 00:00:00+00:00, run_after=2024-07-18 00:00:00+00:00
[2024-07-17T00:29:11.379+0000] {processor.py:183} INFO - Processing /opt/airflow/dags/batch_dag.py took 0.606 seconds
[2024-07-17T00:29:41.404+0000] {processor.py:161} INFO - Started process (PID=27111) to work on /opt/airflow/dags/batch_dag.py
[2024-07-17T00:29:41.405+0000] {processor.py:830} INFO - Processing file /opt/airflow/dags/batch_dag.py for tasks to queue
[2024-07-17T00:29:41.406+0000] {logging_mixin.py:188} INFO - [2024-07-17T00:29:41.405+0000] {dagbag.py:545} INFO - Filling up the DagBag from /opt/airflow/dags/batch_dag.py
[2024-07-17T00:29:41.625+0000] {processor.py:840} INFO - DAG(s) 'daily_batch' retrieved from /opt/airflow/dags/batch_dag.py
[2024-07-17T00:29:41.645+0000] {logging_mixin.py:188} INFO - [2024-07-17T00:29:41.645+0000] {dag.py:3096} INFO - Sync 1 DAGs
[2024-07-17T00:29:41.887+0000] {logging_mixin.py:188} INFO - [2024-07-17T00:29:41.887+0000] {dag.py:3954} INFO - Setting next_dagrun for daily_batch to 2024-07-17 00:00:00+00:00, run_after=2024-07-18 00:00:00+00:00
[2024-07-17T00:29:41.901+0000] {processor.py:183} INFO - Processing /opt/airflow/dags/batch_dag.py took 0.500 seconds
[2024-07-17T00:30:12.736+0000] {processor.py:161} INFO - Started process (PID=27135) to work on /opt/airflow/dags/batch_dag.py
[2024-07-17T00:30:12.737+0000] {processor.py:830} INFO - Processing file /opt/airflow/dags/batch_dag.py for tasks to queue
[2024-07-17T00:30:12.738+0000] {logging_mixin.py:188} INFO - [2024-07-17T00:30:12.738+0000] {dagbag.py:545} INFO - Filling up the DagBag from /opt/airflow/dags/batch_dag.py
[2024-07-17T00:30:12.954+0000] {processor.py:840} INFO - DAG(s) 'daily_batch' retrieved from /opt/airflow/dags/batch_dag.py
[2024-07-17T00:30:13.197+0000] {logging_mixin.py:188} INFO - [2024-07-17T00:30:13.197+0000] {dag.py:3096} INFO - Sync 1 DAGs
[2024-07-17T00:30:13.216+0000] {logging_mixin.py:188} INFO - [2024-07-17T00:30:13.215+0000] {dag.py:3954} INFO - Setting next_dagrun for daily_batch to 2024-07-17 00:00:00+00:00, run_after=2024-07-18 00:00:00+00:00
[2024-07-17T00:30:13.225+0000] {processor.py:183} INFO - Processing /opt/airflow/dags/batch_dag.py took 0.493 seconds
[2024-07-17T00:30:44.061+0000] {processor.py:161} INFO - Started process (PID=27158) to work on /opt/airflow/dags/batch_dag.py
[2024-07-17T00:30:44.063+0000] {processor.py:830} INFO - Processing file /opt/airflow/dags/batch_dag.py for tasks to queue
[2024-07-17T00:30:44.064+0000] {logging_mixin.py:188} INFO - [2024-07-17T00:30:44.063+0000] {dagbag.py:545} INFO - Filling up the DagBag from /opt/airflow/dags/batch_dag.py
[2024-07-17T00:30:44.588+0000] {processor.py:840} INFO - DAG(s) 'daily_batch' retrieved from /opt/airflow/dags/batch_dag.py
[2024-07-17T00:30:44.612+0000] {logging_mixin.py:188} INFO - [2024-07-17T00:30:44.612+0000] {dag.py:3096} INFO - Sync 1 DAGs
[2024-07-17T00:30:44.624+0000] {logging_mixin.py:188} INFO - [2024-07-17T00:30:44.624+0000] {dag.py:3954} INFO - Setting next_dagrun for daily_batch to 2024-07-17 00:00:00+00:00, run_after=2024-07-18 00:00:00+00:00
[2024-07-17T00:30:44.633+0000] {processor.py:183} INFO - Processing /opt/airflow/dags/batch_dag.py took 0.576 seconds
[2024-07-17T00:31:15.378+0000] {processor.py:161} INFO - Started process (PID=27179) to work on /opt/airflow/dags/batch_dag.py
[2024-07-17T00:31:15.379+0000] {processor.py:830} INFO - Processing file /opt/airflow/dags/batch_dag.py for tasks to queue
[2024-07-17T00:31:15.381+0000] {logging_mixin.py:188} INFO - [2024-07-17T00:31:15.380+0000] {dagbag.py:545} INFO - Filling up the DagBag from /opt/airflow/dags/batch_dag.py
[2024-07-17T00:31:15.882+0000] {processor.py:840} INFO - DAG(s) 'daily_batch' retrieved from /opt/airflow/dags/batch_dag.py
[2024-07-17T00:31:15.897+0000] {logging_mixin.py:188} INFO - [2024-07-17T00:31:15.897+0000] {dag.py:3096} INFO - Sync 1 DAGs
[2024-07-17T00:31:15.908+0000] {logging_mixin.py:188} INFO - [2024-07-17T00:31:15.908+0000] {dag.py:3954} INFO - Setting next_dagrun for daily_batch to 2024-07-17 00:00:00+00:00, run_after=2024-07-18 00:00:00+00:00
[2024-07-17T00:31:15.917+0000] {processor.py:183} INFO - Processing /opt/airflow/dags/batch_dag.py took 0.548 seconds
[2024-07-17T00:31:46.761+0000] {processor.py:161} INFO - Started process (PID=27200) to work on /opt/airflow/dags/batch_dag.py
[2024-07-17T00:31:46.763+0000] {processor.py:830} INFO - Processing file /opt/airflow/dags/batch_dag.py for tasks to queue
[2024-07-17T00:31:46.764+0000] {logging_mixin.py:188} INFO - [2024-07-17T00:31:46.764+0000] {dagbag.py:545} INFO - Filling up the DagBag from /opt/airflow/dags/batch_dag.py
[2024-07-17T00:31:47.295+0000] {processor.py:840} INFO - DAG(s) 'daily_batch' retrieved from /opt/airflow/dags/batch_dag.py
[2024-07-17T00:31:47.312+0000] {logging_mixin.py:188} INFO - [2024-07-17T00:31:47.312+0000] {dag.py:3096} INFO - Sync 1 DAGs
[2024-07-17T00:31:47.325+0000] {logging_mixin.py:188} INFO - [2024-07-17T00:31:47.325+0000] {dag.py:3954} INFO - Setting next_dagrun for daily_batch to 2024-07-17 00:00:00+00:00, run_after=2024-07-18 00:00:00+00:00
[2024-07-17T00:31:47.335+0000] {processor.py:183} INFO - Processing /opt/airflow/dags/batch_dag.py took 0.587 seconds
[2024-07-17T00:32:18.164+0000] {processor.py:161} INFO - Started process (PID=27221) to work on /opt/airflow/dags/batch_dag.py
[2024-07-17T00:32:18.165+0000] {processor.py:830} INFO - Processing file /opt/airflow/dags/batch_dag.py for tasks to queue
[2024-07-17T00:32:18.166+0000] {logging_mixin.py:188} INFO - [2024-07-17T00:32:18.166+0000] {dagbag.py:545} INFO - Filling up the DagBag from /opt/airflow/dags/batch_dag.py
[2024-07-17T00:32:18.400+0000] {processor.py:840} INFO - DAG(s) 'daily_batch' retrieved from /opt/airflow/dags/batch_dag.py
[2024-07-17T00:32:18.429+0000] {logging_mixin.py:188} INFO - [2024-07-17T00:32:18.429+0000] {dag.py:3096} INFO - Sync 1 DAGs
[2024-07-17T00:32:18.681+0000] {logging_mixin.py:188} INFO - [2024-07-17T00:32:18.681+0000] {dag.py:3954} INFO - Setting next_dagrun for daily_batch to 2024-07-17 00:00:00+00:00, run_after=2024-07-18 00:00:00+00:00
[2024-07-17T00:32:18.691+0000] {processor.py:183} INFO - Processing /opt/airflow/dags/batch_dag.py took 0.535 seconds
[2024-07-17T00:32:49.658+0000] {processor.py:161} INFO - Started process (PID=27242) to work on /opt/airflow/dags/batch_dag.py
[2024-07-17T00:32:49.660+0000] {processor.py:830} INFO - Processing file /opt/airflow/dags/batch_dag.py for tasks to queue
[2024-07-17T00:32:49.661+0000] {logging_mixin.py:188} INFO - [2024-07-17T00:32:49.661+0000] {dagbag.py:545} INFO - Filling up the DagBag from /opt/airflow/dags/batch_dag.py
[2024-07-17T00:32:49.896+0000] {processor.py:840} INFO - DAG(s) 'daily_batch' retrieved from /opt/airflow/dags/batch_dag.py
[2024-07-17T00:32:50.094+0000] {logging_mixin.py:188} INFO - [2024-07-17T00:32:50.093+0000] {dag.py:3096} INFO - Sync 1 DAGs
[2024-07-17T00:32:50.106+0000] {logging_mixin.py:188} INFO - [2024-07-17T00:32:50.106+0000] {dag.py:3954} INFO - Setting next_dagrun for daily_batch to 2024-07-17 00:00:00+00:00, run_after=2024-07-18 00:00:00+00:00
[2024-07-17T00:32:50.116+0000] {processor.py:183} INFO - Processing /opt/airflow/dags/batch_dag.py took 0.468 seconds
[2024-07-17T00:33:20.185+0000] {processor.py:161} INFO - Started process (PID=27263) to work on /opt/airflow/dags/batch_dag.py
[2024-07-17T00:33:20.187+0000] {processor.py:830} INFO - Processing file /opt/airflow/dags/batch_dag.py for tasks to queue
[2024-07-17T00:33:20.188+0000] {logging_mixin.py:188} INFO - [2024-07-17T00:33:20.187+0000] {dagbag.py:545} INFO - Filling up the DagBag from /opt/airflow/dags/batch_dag.py
[2024-07-17T00:33:20.372+0000] {processor.py:840} INFO - DAG(s) 'daily_batch' retrieved from /opt/airflow/dags/batch_dag.py
[2024-07-17T00:33:20.482+0000] {logging_mixin.py:188} INFO - [2024-07-17T00:33:20.482+0000] {dag.py:3096} INFO - Sync 1 DAGs
[2024-07-17T00:33:20.491+0000] {logging_mixin.py:188} INFO - [2024-07-17T00:33:20.490+0000] {dag.py:3954} INFO - Setting next_dagrun for daily_batch to 2024-07-17 00:00:00+00:00, run_after=2024-07-18 00:00:00+00:00
[2024-07-17T00:33:20.498+0000] {processor.py:183} INFO - Processing /opt/airflow/dags/batch_dag.py took 0.321 seconds
[2024-07-17T00:33:50.641+0000] {processor.py:161} INFO - Started process (PID=27284) to work on /opt/airflow/dags/batch_dag.py
[2024-07-17T00:33:50.643+0000] {processor.py:830} INFO - Processing file /opt/airflow/dags/batch_dag.py for tasks to queue
[2024-07-17T00:33:50.644+0000] {logging_mixin.py:188} INFO - [2024-07-17T00:33:50.644+0000] {dagbag.py:545} INFO - Filling up the DagBag from /opt/airflow/dags/batch_dag.py
[2024-07-17T00:33:51.155+0000] {processor.py:840} INFO - DAG(s) 'daily_batch' retrieved from /opt/airflow/dags/batch_dag.py
[2024-07-17T00:33:51.189+0000] {logging_mixin.py:188} INFO - [2024-07-17T00:33:51.188+0000] {dag.py:3096} INFO - Sync 1 DAGs
[2024-07-17T00:33:51.202+0000] {logging_mixin.py:188} INFO - [2024-07-17T00:33:51.202+0000] {dag.py:3954} INFO - Setting next_dagrun for daily_batch to 2024-07-17 00:00:00+00:00, run_after=2024-07-18 00:00:00+00:00
[2024-07-17T00:33:51.212+0000] {processor.py:183} INFO - Processing /opt/airflow/dags/batch_dag.py took 0.579 seconds
[2024-07-17T00:34:22.180+0000] {processor.py:161} INFO - Started process (PID=27305) to work on /opt/airflow/dags/batch_dag.py
[2024-07-17T00:34:22.181+0000] {processor.py:830} INFO - Processing file /opt/airflow/dags/batch_dag.py for tasks to queue
[2024-07-17T00:34:22.182+0000] {logging_mixin.py:188} INFO - [2024-07-17T00:34:22.182+0000] {dagbag.py:545} INFO - Filling up the DagBag from /opt/airflow/dags/batch_dag.py
[2024-07-17T00:34:22.482+0000] {processor.py:840} INFO - DAG(s) 'daily_batch' retrieved from /opt/airflow/dags/batch_dag.py
[2024-07-17T00:34:22.496+0000] {logging_mixin.py:188} INFO - [2024-07-17T00:34:22.496+0000] {dag.py:3096} INFO - Sync 1 DAGs
[2024-07-17T00:34:22.506+0000] {logging_mixin.py:188} INFO - [2024-07-17T00:34:22.506+0000] {dag.py:3954} INFO - Setting next_dagrun for daily_batch to 2024-07-17 00:00:00+00:00, run_after=2024-07-18 00:00:00+00:00
[2024-07-17T00:34:22.516+0000] {processor.py:183} INFO - Processing /opt/airflow/dags/batch_dag.py took 0.344 seconds
[2024-07-17T00:34:52.830+0000] {processor.py:161} INFO - Started process (PID=27326) to work on /opt/airflow/dags/batch_dag.py
[2024-07-17T00:34:52.832+0000] {processor.py:830} INFO - Processing file /opt/airflow/dags/batch_dag.py for tasks to queue
[2024-07-17T00:34:52.832+0000] {logging_mixin.py:188} INFO - [2024-07-17T00:34:52.832+0000] {dagbag.py:545} INFO - Filling up the DagBag from /opt/airflow/dags/batch_dag.py
[2024-07-17T00:34:53.030+0000] {processor.py:840} INFO - DAG(s) 'daily_batch' retrieved from /opt/airflow/dags/batch_dag.py
[2024-07-17T00:34:53.058+0000] {logging_mixin.py:188} INFO - [2024-07-17T00:34:53.057+0000] {dag.py:3096} INFO - Sync 1 DAGs
[2024-07-17T00:34:53.278+0000] {logging_mixin.py:188} INFO - [2024-07-17T00:34:53.278+0000] {dag.py:3954} INFO - Setting next_dagrun for daily_batch to 2024-07-17 00:00:00+00:00, run_after=2024-07-18 00:00:00+00:00
[2024-07-17T00:34:53.288+0000] {processor.py:183} INFO - Processing /opt/airflow/dags/batch_dag.py took 0.461 seconds
[2024-07-17T00:35:23.368+0000] {processor.py:161} INFO - Started process (PID=27347) to work on /opt/airflow/dags/batch_dag.py
[2024-07-17T00:35:23.369+0000] {processor.py:830} INFO - Processing file /opt/airflow/dags/batch_dag.py for tasks to queue
[2024-07-17T00:35:23.370+0000] {logging_mixin.py:188} INFO - [2024-07-17T00:35:23.370+0000] {dagbag.py:545} INFO - Filling up the DagBag from /opt/airflow/dags/batch_dag.py
[2024-07-17T00:35:23.838+0000] {processor.py:840} INFO - DAG(s) 'daily_batch' retrieved from /opt/airflow/dags/batch_dag.py
[2024-07-17T00:35:24.071+0000] {logging_mixin.py:188} INFO - [2024-07-17T00:35:24.071+0000] {dag.py:3096} INFO - Sync 1 DAGs
[2024-07-17T00:35:24.084+0000] {logging_mixin.py:188} INFO - [2024-07-17T00:35:24.084+0000] {dag.py:3954} INFO - Setting next_dagrun for daily_batch to 2024-07-17 00:00:00+00:00, run_after=2024-07-18 00:00:00+00:00
[2024-07-17T00:35:24.097+0000] {processor.py:183} INFO - Processing /opt/airflow/dags/batch_dag.py took 0.734 seconds
[2024-07-17T00:35:54.571+0000] {processor.py:161} INFO - Started process (PID=27368) to work on /opt/airflow/dags/batch_dag.py
[2024-07-17T00:35:54.572+0000] {processor.py:830} INFO - Processing file /opt/airflow/dags/batch_dag.py for tasks to queue
[2024-07-17T00:35:54.573+0000] {logging_mixin.py:188} INFO - [2024-07-17T00:35:54.572+0000] {dagbag.py:545} INFO - Filling up the DagBag from /opt/airflow/dags/batch_dag.py
[2024-07-17T00:35:54.802+0000] {processor.py:840} INFO - DAG(s) 'daily_batch' retrieved from /opt/airflow/dags/batch_dag.py
[2024-07-17T00:35:55.026+0000] {logging_mixin.py:188} INFO - [2024-07-17T00:35:55.026+0000] {dag.py:3096} INFO - Sync 1 DAGs
[2024-07-17T00:35:55.037+0000] {logging_mixin.py:188} INFO - [2024-07-17T00:35:55.037+0000] {dag.py:3954} INFO - Setting next_dagrun for daily_batch to 2024-07-17 00:00:00+00:00, run_after=2024-07-18 00:00:00+00:00
[2024-07-17T00:35:55.045+0000] {processor.py:183} INFO - Processing /opt/airflow/dags/batch_dag.py took 0.483 seconds
[2024-07-17T00:36:25.125+0000] {processor.py:161} INFO - Started process (PID=27389) to work on /opt/airflow/dags/batch_dag.py
[2024-07-17T00:36:25.128+0000] {processor.py:830} INFO - Processing file /opt/airflow/dags/batch_dag.py for tasks to queue
[2024-07-17T00:36:25.129+0000] {logging_mixin.py:188} INFO - [2024-07-17T00:36:25.128+0000] {dagbag.py:545} INFO - Filling up the DagBag from /opt/airflow/dags/batch_dag.py
[2024-07-17T00:36:25.693+0000] {processor.py:840} INFO - DAG(s) 'daily_batch' retrieved from /opt/airflow/dags/batch_dag.py
[2024-07-17T00:36:25.708+0000] {logging_mixin.py:188} INFO - [2024-07-17T00:36:25.708+0000] {dag.py:3096} INFO - Sync 1 DAGs
[2024-07-17T00:36:25.720+0000] {logging_mixin.py:188} INFO - [2024-07-17T00:36:25.720+0000] {dag.py:3954} INFO - Setting next_dagrun for daily_batch to 2024-07-17 00:00:00+00:00, run_after=2024-07-18 00:00:00+00:00
[2024-07-17T00:36:25.728+0000] {processor.py:183} INFO - Processing /opt/airflow/dags/batch_dag.py took 0.612 seconds
[2024-07-17T00:36:56.156+0000] {processor.py:161} INFO - Started process (PID=27410) to work on /opt/airflow/dags/batch_dag.py
[2024-07-17T00:36:56.157+0000] {processor.py:830} INFO - Processing file /opt/airflow/dags/batch_dag.py for tasks to queue
[2024-07-17T00:36:56.158+0000] {logging_mixin.py:188} INFO - [2024-07-17T00:36:56.158+0000] {dagbag.py:545} INFO - Filling up the DagBag from /opt/airflow/dags/batch_dag.py
[2024-07-17T00:36:56.676+0000] {processor.py:840} INFO - DAG(s) 'daily_batch' retrieved from /opt/airflow/dags/batch_dag.py
[2024-07-17T00:36:56.694+0000] {logging_mixin.py:188} INFO - [2024-07-17T00:36:56.694+0000] {dag.py:3096} INFO - Sync 1 DAGs
[2024-07-17T00:36:56.705+0000] {logging_mixin.py:188} INFO - [2024-07-17T00:36:56.705+0000] {dag.py:3954} INFO - Setting next_dagrun for daily_batch to 2024-07-17 00:00:00+00:00, run_after=2024-07-18 00:00:00+00:00
[2024-07-17T00:36:56.715+0000] {processor.py:183} INFO - Processing /opt/airflow/dags/batch_dag.py took 0.571 seconds
[2024-07-17T00:37:26.824+0000] {processor.py:161} INFO - Started process (PID=27431) to work on /opt/airflow/dags/batch_dag.py
[2024-07-17T00:37:26.826+0000] {processor.py:830} INFO - Processing file /opt/airflow/dags/batch_dag.py for tasks to queue
[2024-07-17T00:37:26.826+0000] {logging_mixin.py:188} INFO - [2024-07-17T00:37:26.826+0000] {dagbag.py:545} INFO - Filling up the DagBag from /opt/airflow/dags/batch_dag.py
[2024-07-17T00:37:27.353+0000] {processor.py:840} INFO - DAG(s) 'daily_batch' retrieved from /opt/airflow/dags/batch_dag.py
[2024-07-17T00:37:27.370+0000] {logging_mixin.py:188} INFO - [2024-07-17T00:37:27.370+0000] {dag.py:3096} INFO - Sync 1 DAGs
[2024-07-17T00:37:27.381+0000] {logging_mixin.py:188} INFO - [2024-07-17T00:37:27.381+0000] {dag.py:3954} INFO - Setting next_dagrun for daily_batch to 2024-07-17 00:00:00+00:00, run_after=2024-07-18 00:00:00+00:00
[2024-07-17T00:37:27.390+0000] {processor.py:183} INFO - Processing /opt/airflow/dags/batch_dag.py took 0.569 seconds
[2024-07-17T00:37:57.841+0000] {processor.py:161} INFO - Started process (PID=27452) to work on /opt/airflow/dags/batch_dag.py
[2024-07-17T00:37:57.842+0000] {processor.py:830} INFO - Processing file /opt/airflow/dags/batch_dag.py for tasks to queue
[2024-07-17T00:37:57.843+0000] {logging_mixin.py:188} INFO - [2024-07-17T00:37:57.843+0000] {dagbag.py:545} INFO - Filling up the DagBag from /opt/airflow/dags/batch_dag.py
[2024-07-17T00:37:58.022+0000] {processor.py:840} INFO - DAG(s) 'daily_batch' retrieved from /opt/airflow/dags/batch_dag.py
[2024-07-17T00:37:58.038+0000] {logging_mixin.py:188} INFO - [2024-07-17T00:37:58.038+0000] {dag.py:3096} INFO - Sync 1 DAGs
[2024-07-17T00:37:58.164+0000] {logging_mixin.py:188} INFO - [2024-07-17T00:37:58.164+0000] {dag.py:3954} INFO - Setting next_dagrun for daily_batch to 2024-07-17 00:00:00+00:00, run_after=2024-07-18 00:00:00+00:00
[2024-07-17T00:37:58.172+0000] {processor.py:183} INFO - Processing /opt/airflow/dags/batch_dag.py took 0.338 seconds
[2024-07-17T00:38:28.341+0000] {processor.py:161} INFO - Started process (PID=27473) to work on /opt/airflow/dags/batch_dag.py
[2024-07-17T00:38:28.344+0000] {processor.py:830} INFO - Processing file /opt/airflow/dags/batch_dag.py for tasks to queue
[2024-07-17T00:38:28.345+0000] {logging_mixin.py:188} INFO - [2024-07-17T00:38:28.344+0000] {dagbag.py:545} INFO - Filling up the DagBag from /opt/airflow/dags/batch_dag.py
[2024-07-17T00:38:28.575+0000] {processor.py:840} INFO - DAG(s) 'daily_batch' retrieved from /opt/airflow/dags/batch_dag.py
[2024-07-17T00:38:28.855+0000] {logging_mixin.py:188} INFO - [2024-07-17T00:38:28.854+0000] {dag.py:3096} INFO - Sync 1 DAGs
[2024-07-17T00:38:28.866+0000] {logging_mixin.py:188} INFO - [2024-07-17T00:38:28.866+0000] {dag.py:3954} INFO - Setting next_dagrun for daily_batch to 2024-07-17 00:00:00+00:00, run_after=2024-07-18 00:00:00+00:00
[2024-07-17T00:38:28.875+0000] {processor.py:183} INFO - Processing /opt/airflow/dags/batch_dag.py took 0.542 seconds
[2024-07-17T00:38:58.974+0000] {processor.py:161} INFO - Started process (PID=27494) to work on /opt/airflow/dags/batch_dag.py
[2024-07-17T00:38:58.976+0000] {processor.py:830} INFO - Processing file /opt/airflow/dags/batch_dag.py for tasks to queue
[2024-07-17T00:38:58.976+0000] {logging_mixin.py:188} INFO - [2024-07-17T00:38:58.976+0000] {dagbag.py:545} INFO - Filling up the DagBag from /opt/airflow/dags/batch_dag.py
[2024-07-17T00:38:59.493+0000] {processor.py:840} INFO - DAG(s) 'daily_batch' retrieved from /opt/airflow/dags/batch_dag.py
[2024-07-17T00:38:59.514+0000] {logging_mixin.py:188} INFO - [2024-07-17T00:38:59.513+0000] {dag.py:3096} INFO - Sync 1 DAGs
[2024-07-17T00:38:59.526+0000] {logging_mixin.py:188} INFO - [2024-07-17T00:38:59.526+0000] {dag.py:3954} INFO - Setting next_dagrun for daily_batch to 2024-07-17 00:00:00+00:00, run_after=2024-07-18 00:00:00+00:00
[2024-07-17T00:38:59.536+0000] {processor.py:183} INFO - Processing /opt/airflow/dags/batch_dag.py took 0.566 seconds
