[2024-07-14T09:02:00.339+0000] {local_task_job_runner.py:120} INFO - ::group::Pre task execution logs
[2024-07-14T09:02:00.350+0000] {taskinstance.py:2076} INFO - Dependencies all met for dep_context=non-requeueable deps ti=<TaskInstance: fetch_spread_values.fetch_and_compute_spread_btc_mxn scheduled__2024-07-14T05:40:00+00:00 [queued]>
[2024-07-14T09:02:00.354+0000] {taskinstance.py:2076} INFO - Dependencies all met for dep_context=requeueable deps ti=<TaskInstance: fetch_spread_values.fetch_and_compute_spread_btc_mxn scheduled__2024-07-14T05:40:00+00:00 [queued]>
[2024-07-14T09:02:00.354+0000] {taskinstance.py:2306} INFO - Starting attempt 1 of 2
[2024-07-14T09:02:00.361+0000] {taskinstance.py:2330} INFO - Executing <Task(PythonOperator): fetch_and_compute_spread_btc_mxn> on 2024-07-14 05:40:00+00:00
[2024-07-14T09:02:00.365+0000] {warnings.py:112} WARNING - /home/***/.local/lib/python3.12/site-packages/***/task/task_runner/standard_task_runner.py:61: DeprecationWarning: This process (pid=2222) is multi-threaded, use of fork() may lead to deadlocks in the child.
  pid = os.fork()

[2024-07-14T09:02:00.366+0000] {standard_task_runner.py:63} INFO - Started process 2225 to run task
[2024-07-14T09:02:00.366+0000] {standard_task_runner.py:90} INFO - Running: ['***', 'tasks', 'run', 'fetch_spread_values', 'fetch_and_compute_spread_btc_mxn', 'scheduled__2024-07-14T05:40:00+00:00', '--job-id', '709', '--raw', '--subdir', 'DAGS_FOLDER/***.py', '--cfg-path', '/tmp/tmpwye0bxqn']
[2024-07-14T09:02:00.368+0000] {standard_task_runner.py:91} INFO - Job 709: Subtask fetch_and_compute_spread_btc_mxn
[2024-07-14T09:02:00.395+0000] {task_command.py:426} INFO - Running <TaskInstance: fetch_spread_values.fetch_and_compute_spread_btc_mxn scheduled__2024-07-14T05:40:00+00:00 [running]> on host d537c34a4880
[2024-07-14T09:02:00.440+0000] {taskinstance.py:2648} INFO - Exporting env vars: AIRFLOW_CTX_DAG_OWNER='***' AIRFLOW_CTX_DAG_ID='fetch_spread_values' AIRFLOW_CTX_TASK_ID='fetch_and_compute_spread_btc_mxn' AIRFLOW_CTX_EXECUTION_DATE='2024-07-14T05:40:00+00:00' AIRFLOW_CTX_TRY_NUMBER='1' AIRFLOW_CTX_DAG_RUN_ID='scheduled__2024-07-14T05:40:00+00:00'
[2024-07-14T09:02:00.442+0000] {taskinstance.py:430} INFO - ::endgroup::
[2024-07-14T09:02:00.586+0000] {python.py:237} INFO - Done. Returned value was: None
[2024-07-14T09:02:00.587+0000] {taskinstance.py:441} INFO - ::group::Post task execution logs
[2024-07-14T09:02:00.594+0000] {taskinstance.py:1206} INFO - Marking task as SUCCESS. dag_id=fetch_spread_values, task_id=fetch_and_compute_spread_btc_mxn, run_id=scheduled__2024-07-14T05:40:00+00:00, execution_date=20240714T054000, start_date=20240714T090200, end_date=20240714T090200
[2024-07-14T09:02:00.638+0000] {local_task_job_runner.py:240} INFO - Task exited with return code 0
[2024-07-14T09:02:00.652+0000] {taskinstance.py:3503} INFO - 0 downstream tasks scheduled from follow-on schedule check
[2024-07-14T09:02:00.653+0000] {local_task_job_runner.py:222} INFO - ::endgroup::
[2024-07-14T20:34:33.019+0000] {local_task_job_runner.py:120} INFO - ::group::Pre task execution logs
[2024-07-14T20:34:33.077+0000] {taskinstance.py:2076} INFO - Dependencies all met for dep_context=non-requeueable deps ti=<TaskInstance: fetch_spread_values.fetch_and_compute_spread_btc_mxn scheduled__2024-07-14T05:40:00+00:00 [queued]>
[2024-07-14T20:34:33.095+0000] {taskinstance.py:2076} INFO - Dependencies all met for dep_context=requeueable deps ti=<TaskInstance: fetch_spread_values.fetch_and_compute_spread_btc_mxn scheduled__2024-07-14T05:40:00+00:00 [queued]>
[2024-07-14T20:34:33.098+0000] {taskinstance.py:2306} INFO - Starting attempt 1 of 2
[2024-07-14T20:34:33.160+0000] {taskinstance.py:2330} INFO - Executing <Task(PythonOperator): fetch_and_compute_spread_btc_mxn> on 2024-07-14 05:40:00+00:00
[2024-07-14T20:34:33.165+0000] {logging_mixin.py:188} WARNING - /home/***/.local/lib/python3.12/site-packages/***/task/task_runner/standard_task_runner.py:61 DeprecationWarning: This process (pid=1566) is multi-threaded, use of fork() may lead to deadlocks in the child.
[2024-07-14T20:34:33.166+0000] {standard_task_runner.py:63} INFO - Started process 1576 to run task
[2024-07-14T20:34:33.165+0000] {standard_task_runner.py:90} INFO - Running: ['***', 'tasks', 'run', 'fetch_spread_values', 'fetch_and_compute_spread_btc_mxn', 'scheduled__2024-07-14T05:40:00+00:00', '--job-id', '685', '--raw', '--subdir', 'DAGS_FOLDER/***.py', '--cfg-path', '/tmp/tmp58k6bmxz']
[2024-07-14T20:34:33.167+0000] {standard_task_runner.py:91} INFO - Job 685: Subtask fetch_and_compute_spread_btc_mxn
[2024-07-14T20:34:33.220+0000] {task_command.py:426} INFO - Running <TaskInstance: fetch_spread_values.fetch_and_compute_spread_btc_mxn scheduled__2024-07-14T05:40:00+00:00 [running]> on host 77caf7e4b282
[2024-07-14T20:34:33.316+0000] {taskinstance.py:2648} INFO - Exporting env vars: AIRFLOW_CTX_DAG_OWNER='***' AIRFLOW_CTX_DAG_ID='fetch_spread_values' AIRFLOW_CTX_TASK_ID='fetch_and_compute_spread_btc_mxn' AIRFLOW_CTX_EXECUTION_DATE='2024-07-14T05:40:00+00:00' AIRFLOW_CTX_TRY_NUMBER='1' AIRFLOW_CTX_DAG_RUN_ID='scheduled__2024-07-14T05:40:00+00:00'
[2024-07-14T20:34:33.317+0000] {taskinstance.py:430} INFO - ::endgroup::
[2024-07-14T20:34:33.504+0000] {python.py:237} INFO - Done. Returned value was: None
[2024-07-14T20:34:33.505+0000] {taskinstance.py:441} INFO - ::group::Post task execution logs
[2024-07-14T20:34:33.510+0000] {taskinstance.py:1206} INFO - Marking task as SUCCESS. dag_id=fetch_spread_values, task_id=fetch_and_compute_spread_btc_mxn, run_id=scheduled__2024-07-14T05:40:00+00:00, execution_date=20240714T054000, start_date=20240714T203433, end_date=20240714T203433
[2024-07-14T20:34:33.553+0000] {local_task_job_runner.py:240} INFO - Task exited with return code 0
[2024-07-14T20:34:33.572+0000] {taskinstance.py:3503} INFO - 0 downstream tasks scheduled from follow-on schedule check
[2024-07-14T20:34:33.573+0000] {local_task_job_runner.py:222} INFO - ::endgroup::
