[2024-07-14T09:01:09.634+0000] {local_task_job_runner.py:120} INFO - ::group::Pre task execution logs
[2024-07-14T09:01:09.703+0000] {taskinstance.py:2076} INFO - Dependencies all met for dep_context=non-requeueable deps ti=<TaskInstance: fetch_spread_values.fetch_and_compute_spread_usd_mxn scheduled__2024-07-14T04:41:00+00:00 [queued]>
[2024-07-14T09:01:09.745+0000] {taskinstance.py:2076} INFO - Dependencies all met for dep_context=requeueable deps ti=<TaskInstance: fetch_spread_values.fetch_and_compute_spread_usd_mxn scheduled__2024-07-14T04:41:00+00:00 [queued]>
[2024-07-14T09:01:09.760+0000] {taskinstance.py:2306} INFO - Starting attempt 1 of 2
[2024-07-14T09:01:09.822+0000] {taskinstance.py:2330} INFO - Executing <Task(PythonOperator): fetch_and_compute_spread_usd_mxn> on 2024-07-14 04:41:00+00:00
[2024-07-14T09:01:09.834+0000] {warnings.py:112} WARNING - /home/***/.local/lib/python3.12/site-packages/***/task/task_runner/standard_task_runner.py:61: DeprecationWarning: This process (pid=1856) is multi-threaded, use of fork() may lead to deadlocks in the child.
  pid = os.fork()

[2024-07-14T09:01:09.857+0000] {standard_task_runner.py:63} INFO - Started process 1883 to run task
[2024-07-14T09:01:09.838+0000] {standard_task_runner.py:90} INFO - Running: ['***', 'tasks', 'run', 'fetch_spread_values', 'fetch_and_compute_spread_usd_mxn', 'scheduled__2024-07-14T04:41:00+00:00', '--job-id', '592', '--raw', '--subdir', 'DAGS_FOLDER/***.py', '--cfg-path', '/tmp/tmpgxmduvr9']
[2024-07-14T09:01:09.869+0000] {standard_task_runner.py:91} INFO - Job 592: Subtask fetch_and_compute_spread_usd_mxn
[2024-07-14T09:01:10.006+0000] {task_command.py:426} INFO - Running <TaskInstance: fetch_spread_values.fetch_and_compute_spread_usd_mxn scheduled__2024-07-14T04:41:00+00:00 [running]> on host d537c34a4880
[2024-07-14T09:01:10.244+0000] {taskinstance.py:2648} INFO - Exporting env vars: AIRFLOW_CTX_DAG_OWNER='***' AIRFLOW_CTX_DAG_ID='fetch_spread_values' AIRFLOW_CTX_TASK_ID='fetch_and_compute_spread_usd_mxn' AIRFLOW_CTX_EXECUTION_DATE='2024-07-14T04:41:00+00:00' AIRFLOW_CTX_TRY_NUMBER='1' AIRFLOW_CTX_DAG_RUN_ID='scheduled__2024-07-14T04:41:00+00:00'
[2024-07-14T09:01:10.254+0000] {taskinstance.py:430} INFO - ::endgroup::
[2024-07-14T09:01:10.544+0000] {python.py:237} INFO - Done. Returned value was: None
[2024-07-14T09:01:10.549+0000] {taskinstance.py:441} INFO - ::group::Post task execution logs
[2024-07-14T09:01:10.562+0000] {taskinstance.py:1206} INFO - Marking task as SUCCESS. dag_id=fetch_spread_values, task_id=fetch_and_compute_spread_usd_mxn, run_id=scheduled__2024-07-14T04:41:00+00:00, execution_date=20240714T044100, start_date=20240714T090109, end_date=20240714T090110
[2024-07-14T09:01:10.642+0000] {local_task_job_runner.py:240} INFO - Task exited with return code 0
[2024-07-14T09:01:10.667+0000] {taskinstance.py:3503} INFO - 0 downstream tasks scheduled from follow-on schedule check
[2024-07-14T09:01:10.670+0000] {local_task_job_runner.py:222} INFO - ::endgroup::
[2024-07-14T20:34:05.760+0000] {local_task_job_runner.py:120} INFO - ::group::Pre task execution logs
[2024-07-14T20:34:05.804+0000] {taskinstance.py:2076} INFO - Dependencies all met for dep_context=non-requeueable deps ti=<TaskInstance: fetch_spread_values.fetch_and_compute_spread_usd_mxn scheduled__2024-07-14T04:41:00+00:00 [queued]>
[2024-07-14T20:34:05.831+0000] {taskinstance.py:2076} INFO - Dependencies all met for dep_context=requeueable deps ti=<TaskInstance: fetch_spread_values.fetch_and_compute_spread_usd_mxn scheduled__2024-07-14T04:41:00+00:00 [queued]>
[2024-07-14T20:34:05.832+0000] {taskinstance.py:2306} INFO - Starting attempt 1 of 2
[2024-07-14T20:34:05.843+0000] {taskinstance.py:2330} INFO - Executing <Task(PythonOperator): fetch_and_compute_spread_usd_mxn> on 2024-07-14 04:41:00+00:00
[2024-07-14T20:34:05.850+0000] {logging_mixin.py:188} WARNING - /home/***/.local/lib/python3.12/site-packages/***/task/task_runner/standard_task_runner.py:61 DeprecationWarning: This process (pid=1330) is multi-threaded, use of fork() may lead to deadlocks in the child.
[2024-07-14T20:34:05.853+0000] {standard_task_runner.py:63} INFO - Started process 1334 to run task
[2024-07-14T20:34:05.852+0000] {standard_task_runner.py:90} INFO - Running: ['***', 'tasks', 'run', 'fetch_spread_values', 'fetch_and_compute_spread_usd_mxn', 'scheduled__2024-07-14T04:41:00+00:00', '--job-id', '568', '--raw', '--subdir', 'DAGS_FOLDER/***.py', '--cfg-path', '/tmp/tmpef292to4']
[2024-07-14T20:34:05.855+0000] {standard_task_runner.py:91} INFO - Job 568: Subtask fetch_and_compute_spread_usd_mxn
[2024-07-14T20:34:05.944+0000] {task_command.py:426} INFO - Running <TaskInstance: fetch_spread_values.fetch_and_compute_spread_usd_mxn scheduled__2024-07-14T04:41:00+00:00 [running]> on host 77caf7e4b282
[2024-07-14T20:34:06.066+0000] {taskinstance.py:2648} INFO - Exporting env vars: AIRFLOW_CTX_DAG_OWNER='***' AIRFLOW_CTX_DAG_ID='fetch_spread_values' AIRFLOW_CTX_TASK_ID='fetch_and_compute_spread_usd_mxn' AIRFLOW_CTX_EXECUTION_DATE='2024-07-14T04:41:00+00:00' AIRFLOW_CTX_TRY_NUMBER='1' AIRFLOW_CTX_DAG_RUN_ID='scheduled__2024-07-14T04:41:00+00:00'
[2024-07-14T20:34:06.068+0000] {taskinstance.py:430} INFO - ::endgroup::
[2024-07-14T20:34:06.251+0000] {python.py:237} INFO - Done. Returned value was: None
[2024-07-14T20:34:06.252+0000] {taskinstance.py:441} INFO - ::group::Post task execution logs
[2024-07-14T20:34:06.258+0000] {taskinstance.py:1206} INFO - Marking task as SUCCESS. dag_id=fetch_spread_values, task_id=fetch_and_compute_spread_usd_mxn, run_id=scheduled__2024-07-14T04:41:00+00:00, execution_date=20240714T044100, start_date=20240714T203405, end_date=20240714T203406
[2024-07-14T20:34:06.301+0000] {local_task_job_runner.py:240} INFO - Task exited with return code 0
[2024-07-14T20:34:06.310+0000] {taskinstance.py:3503} INFO - 0 downstream tasks scheduled from follow-on schedule check
[2024-07-14T20:34:06.311+0000] {local_task_job_runner.py:222} INFO - ::endgroup::
