[2024-07-14T08:58:52.696+0000] {local_task_job_runner.py:120} INFO - ::group::Pre task execution logs
[2024-07-14T08:58:52.725+0000] {taskinstance.py:2076} INFO - Dependencies all met for dep_context=non-requeueable deps ti=<TaskInstance: fetch_spread_values.fetch_and_compute_spread_usd_mxn scheduled__2024-07-14T02:17:00+00:00 [queued]>
[2024-07-14T08:58:52.738+0000] {taskinstance.py:2076} INFO - Dependencies all met for dep_context=requeueable deps ti=<TaskInstance: fetch_spread_values.fetch_and_compute_spread_usd_mxn scheduled__2024-07-14T02:17:00+00:00 [queued]>
[2024-07-14T08:58:52.744+0000] {taskinstance.py:2306} INFO - Starting attempt 1 of 2
[2024-07-14T08:58:52.802+0000] {taskinstance.py:2330} INFO - Executing <Task(PythonOperator): fetch_and_compute_spread_usd_mxn> on 2024-07-14 02:17:00+00:00
[2024-07-14T08:58:52.847+0000] {standard_task_runner.py:90} INFO - Running: ['***', 'tasks', 'run', 'fetch_spread_values', 'fetch_and_compute_spread_usd_mxn', 'scheduled__2024-07-14T02:17:00+00:00', '--job-id', '300', '--raw', '--subdir', 'DAGS_FOLDER/***.py', '--cfg-path', '/tmp/tmpe1x1l4mw']
[2024-07-14T08:58:52.879+0000] {standard_task_runner.py:91} INFO - Job 300: Subtask fetch_and_compute_spread_usd_mxn
[2024-07-14T08:58:52.847+0000] {warnings.py:112} WARNING - /home/***/.local/lib/python3.12/site-packages/***/task/task_runner/standard_task_runner.py:61: DeprecationWarning: This process (pid=959) is multi-threaded, use of fork() may lead to deadlocks in the child.
  pid = os.fork()

[2024-07-14T08:58:52.898+0000] {standard_task_runner.py:63} INFO - Started process 979 to run task
[2024-07-14T08:58:52.995+0000] {task_command.py:426} INFO - Running <TaskInstance: fetch_spread_values.fetch_and_compute_spread_usd_mxn scheduled__2024-07-14T02:17:00+00:00 [running]> on host d537c34a4880
[2024-07-14T08:58:53.259+0000] {taskinstance.py:2648} INFO - Exporting env vars: AIRFLOW_CTX_DAG_OWNER='***' AIRFLOW_CTX_DAG_ID='fetch_spread_values' AIRFLOW_CTX_TASK_ID='fetch_and_compute_spread_usd_mxn' AIRFLOW_CTX_EXECUTION_DATE='2024-07-14T02:17:00+00:00' AIRFLOW_CTX_TRY_NUMBER='1' AIRFLOW_CTX_DAG_RUN_ID='scheduled__2024-07-14T02:17:00+00:00'
[2024-07-14T08:58:53.264+0000] {taskinstance.py:430} INFO - ::endgroup::
[2024-07-14T08:58:53.552+0000] {python.py:237} INFO - Done. Returned value was: None
[2024-07-14T08:58:53.565+0000] {taskinstance.py:441} INFO - ::group::Post task execution logs
[2024-07-14T08:58:53.604+0000] {taskinstance.py:1206} INFO - Marking task as SUCCESS. dag_id=fetch_spread_values, task_id=fetch_and_compute_spread_usd_mxn, run_id=scheduled__2024-07-14T02:17:00+00:00, execution_date=20240714T021700, start_date=20240714T085852, end_date=20240714T085853
[2024-07-14T08:58:53.678+0000] {local_task_job_runner.py:240} INFO - Task exited with return code 0
[2024-07-14T08:58:53.716+0000] {local_task_job_runner.py:222} INFO - ::endgroup::
[2024-07-14T20:33:17.560+0000] {local_task_job_runner.py:120} INFO - ::group::Pre task execution logs
[2024-07-14T20:33:17.592+0000] {taskinstance.py:2076} INFO - Dependencies all met for dep_context=non-requeueable deps ti=<TaskInstance: fetch_spread_values.fetch_and_compute_spread_usd_mxn scheduled__2024-07-14T02:17:00+00:00 [queued]>
[2024-07-14T20:33:17.597+0000] {taskinstance.py:2076} INFO - Dependencies all met for dep_context=requeueable deps ti=<TaskInstance: fetch_spread_values.fetch_and_compute_spread_usd_mxn scheduled__2024-07-14T02:17:00+00:00 [queued]>
[2024-07-14T20:33:17.597+0000] {taskinstance.py:2306} INFO - Starting attempt 1 of 2
[2024-07-14T20:33:17.615+0000] {taskinstance.py:2330} INFO - Executing <Task(PythonOperator): fetch_and_compute_spread_usd_mxn> on 2024-07-14 02:17:00+00:00
[2024-07-14T20:33:17.621+0000] {standard_task_runner.py:90} INFO - Running: ['***', 'tasks', 'run', 'fetch_spread_values', 'fetch_and_compute_spread_usd_mxn', 'scheduled__2024-07-14T02:17:00+00:00', '--job-id', '279', '--raw', '--subdir', 'DAGS_FOLDER/***.py', '--cfg-path', '/tmp/tmp2j65ncie']
[2024-07-14T20:33:17.623+0000] {standard_task_runner.py:91} INFO - Job 279: Subtask fetch_and_compute_spread_usd_mxn
[2024-07-14T20:33:17.620+0000] {logging_mixin.py:188} WARNING - /home/***/.local/lib/python3.12/site-packages/***/task/task_runner/standard_task_runner.py:61 DeprecationWarning: This process (pid=749) is multi-threaded, use of fork() may lead to deadlocks in the child.
[2024-07-14T20:33:17.626+0000] {standard_task_runner.py:63} INFO - Started process 757 to run task
[2024-07-14T20:33:17.682+0000] {task_command.py:426} INFO - Running <TaskInstance: fetch_spread_values.fetch_and_compute_spread_usd_mxn scheduled__2024-07-14T02:17:00+00:00 [running]> on host 77caf7e4b282
[2024-07-14T20:33:17.773+0000] {taskinstance.py:2648} INFO - Exporting env vars: AIRFLOW_CTX_DAG_OWNER='***' AIRFLOW_CTX_DAG_ID='fetch_spread_values' AIRFLOW_CTX_TASK_ID='fetch_and_compute_spread_usd_mxn' AIRFLOW_CTX_EXECUTION_DATE='2024-07-14T02:17:00+00:00' AIRFLOW_CTX_TRY_NUMBER='1' AIRFLOW_CTX_DAG_RUN_ID='scheduled__2024-07-14T02:17:00+00:00'
[2024-07-14T20:33:17.775+0000] {taskinstance.py:430} INFO - ::endgroup::
[2024-07-14T20:33:17.945+0000] {python.py:237} INFO - Done. Returned value was: None
[2024-07-14T20:33:17.949+0000] {taskinstance.py:441} INFO - ::group::Post task execution logs
[2024-07-14T20:33:17.960+0000] {taskinstance.py:1206} INFO - Marking task as SUCCESS. dag_id=fetch_spread_values, task_id=fetch_and_compute_spread_usd_mxn, run_id=scheduled__2024-07-14T02:17:00+00:00, execution_date=20240714T021700, start_date=20240714T203317, end_date=20240714T203317
[2024-07-14T20:33:18.016+0000] {local_task_job_runner.py:240} INFO - Task exited with return code 0
[2024-07-14T20:33:18.032+0000] {local_task_job_runner.py:222} INFO - ::endgroup::
