[2024-07-14T09:04:18.967+0000] {local_task_job_runner.py:120} INFO - ::group::Pre task execution logs
[2024-07-14T09:04:19.053+0000] {taskinstance.py:2076} INFO - Dependencies all met for dep_context=non-requeueable deps ti=<TaskInstance: fetch_spread_values.fetch_and_compute_spread_btc_mxn scheduled__2024-07-14T08:08:00+00:00 [queued]>
[2024-07-14T09:04:19.073+0000] {taskinstance.py:2076} INFO - Dependencies all met for dep_context=requeueable deps ti=<TaskInstance: fetch_spread_values.fetch_and_compute_spread_btc_mxn scheduled__2024-07-14T08:08:00+00:00 [queued]>
[2024-07-14T09:04:19.084+0000] {taskinstance.py:2306} INFO - Starting attempt 1 of 2
[2024-07-14T09:04:19.148+0000] {taskinstance.py:2330} INFO - Executing <Task(PythonOperator): fetch_and_compute_spread_btc_mxn> on 2024-07-14 08:08:00+00:00
[2024-07-14T09:04:19.171+0000] {warnings.py:112} WARNING - /home/***/.local/lib/python3.12/site-packages/***/task/task_runner/standard_task_runner.py:61: DeprecationWarning: This process (pid=3130) is multi-threaded, use of fork() may lead to deadlocks in the child.
  pid = os.fork()

[2024-07-14T09:04:19.179+0000] {standard_task_runner.py:63} INFO - Started process 3152 to run task
[2024-07-14T09:04:19.175+0000] {standard_task_runner.py:90} INFO - Running: ['***', 'tasks', 'run', 'fetch_spread_values', 'fetch_and_compute_spread_btc_mxn', 'scheduled__2024-07-14T08:08:00+00:00', '--job-id', '1004', '--raw', '--subdir', 'DAGS_FOLDER/***.py', '--cfg-path', '/tmp/tmpjxr_uy1x']
[2024-07-14T09:04:19.190+0000] {standard_task_runner.py:91} INFO - Job 1004: Subtask fetch_and_compute_spread_btc_mxn
[2024-07-14T09:04:19.405+0000] {task_command.py:426} INFO - Running <TaskInstance: fetch_spread_values.fetch_and_compute_spread_btc_mxn scheduled__2024-07-14T08:08:00+00:00 [running]> on host d537c34a4880
[2024-07-14T09:04:19.702+0000] {taskinstance.py:2648} INFO - Exporting env vars: AIRFLOW_CTX_DAG_OWNER='***' AIRFLOW_CTX_DAG_ID='fetch_spread_values' AIRFLOW_CTX_TASK_ID='fetch_and_compute_spread_btc_mxn' AIRFLOW_CTX_EXECUTION_DATE='2024-07-14T08:08:00+00:00' AIRFLOW_CTX_TRY_NUMBER='1' AIRFLOW_CTX_DAG_RUN_ID='scheduled__2024-07-14T08:08:00+00:00'
[2024-07-14T09:04:19.705+0000] {taskinstance.py:430} INFO - ::endgroup::
[2024-07-14T09:04:20.021+0000] {python.py:237} INFO - Done. Returned value was: None
[2024-07-14T09:04:20.043+0000] {taskinstance.py:441} INFO - ::group::Post task execution logs
[2024-07-14T09:04:20.061+0000] {taskinstance.py:1206} INFO - Marking task as SUCCESS. dag_id=fetch_spread_values, task_id=fetch_and_compute_spread_btc_mxn, run_id=scheduled__2024-07-14T08:08:00+00:00, execution_date=20240714T080800, start_date=20240714T090419, end_date=20240714T090420
[2024-07-14T09:04:20.134+0000] {local_task_job_runner.py:240} INFO - Task exited with return code 0
[2024-07-14T09:04:20.192+0000] {taskinstance.py:3503} INFO - 0 downstream tasks scheduled from follow-on schedule check
[2024-07-14T09:04:20.209+0000] {local_task_job_runner.py:222} INFO - ::endgroup::
[2024-07-14T20:35:59.913+0000] {local_task_job_runner.py:120} INFO - ::group::Pre task execution logs
[2024-07-14T20:35:59.930+0000] {taskinstance.py:2076} INFO - Dependencies all met for dep_context=non-requeueable deps ti=<TaskInstance: fetch_spread_values.fetch_and_compute_spread_btc_mxn scheduled__2024-07-14T08:08:00+00:00 [queued]>
[2024-07-14T20:35:59.933+0000] {taskinstance.py:2076} INFO - Dependencies all met for dep_context=requeueable deps ti=<TaskInstance: fetch_spread_values.fetch_and_compute_spread_btc_mxn scheduled__2024-07-14T08:08:00+00:00 [queued]>
[2024-07-14T20:35:59.934+0000] {taskinstance.py:2306} INFO - Starting attempt 1 of 2
[2024-07-14T20:35:59.939+0000] {taskinstance.py:2330} INFO - Executing <Task(PythonOperator): fetch_and_compute_spread_btc_mxn> on 2024-07-14 08:08:00+00:00
[2024-07-14T20:35:59.943+0000] {logging_mixin.py:188} WARNING - /home/***/.local/lib/python3.12/site-packages/***/task/task_runner/standard_task_runner.py:61 DeprecationWarning: This process (pid=2425) is multi-threaded, use of fork() may lead to deadlocks in the child.
[2024-07-14T20:35:59.943+0000] {standard_task_runner.py:90} INFO - Running: ['***', 'tasks', 'run', 'fetch_spread_values', 'fetch_and_compute_spread_btc_mxn', 'scheduled__2024-07-14T08:08:00+00:00', '--job-id', '1104', '--raw', '--subdir', 'DAGS_FOLDER/***.py', '--cfg-path', '/tmp/tmpgag305is']
[2024-07-14T20:35:59.945+0000] {standard_task_runner.py:63} INFO - Started process 2427 to run task
[2024-07-14T20:35:59.945+0000] {standard_task_runner.py:91} INFO - Job 1104: Subtask fetch_and_compute_spread_btc_mxn
[2024-07-14T20:35:59.970+0000] {task_command.py:426} INFO - Running <TaskInstance: fetch_spread_values.fetch_and_compute_spread_btc_mxn scheduled__2024-07-14T08:08:00+00:00 [running]> on host 77caf7e4b282
[2024-07-14T20:36:00.013+0000] {taskinstance.py:2648} INFO - Exporting env vars: AIRFLOW_CTX_DAG_OWNER='***' AIRFLOW_CTX_DAG_ID='fetch_spread_values' AIRFLOW_CTX_TASK_ID='fetch_and_compute_spread_btc_mxn' AIRFLOW_CTX_EXECUTION_DATE='2024-07-14T08:08:00+00:00' AIRFLOW_CTX_TRY_NUMBER='1' AIRFLOW_CTX_DAG_RUN_ID='scheduled__2024-07-14T08:08:00+00:00'
[2024-07-14T20:36:00.014+0000] {taskinstance.py:430} INFO - ::endgroup::
[2024-07-14T20:36:00.213+0000] {python.py:237} INFO - Done. Returned value was: None
[2024-07-14T20:36:00.214+0000] {taskinstance.py:441} INFO - ::group::Post task execution logs
[2024-07-14T20:36:00.220+0000] {taskinstance.py:1206} INFO - Marking task as SUCCESS. dag_id=fetch_spread_values, task_id=fetch_and_compute_spread_btc_mxn, run_id=scheduled__2024-07-14T08:08:00+00:00, execution_date=20240714T080800, start_date=20240714T203559, end_date=20240714T203600
[2024-07-14T20:36:00.255+0000] {local_task_job_runner.py:240} INFO - Task exited with return code 0
[2024-07-14T20:36:00.261+0000] {local_task_job_runner.py:222} INFO - ::endgroup::
