[2024-07-14T08:57:21.572+0000] {local_task_job_runner.py:120} INFO - ::group::Pre task execution logs
[2024-07-14T08:57:21.625+0000] {taskinstance.py:2076} INFO - Dependencies all met for dep_context=non-requeueable deps ti=<TaskInstance: fetch_spread_values.fetch_and_compute_spread_btc_mxn scheduled__2024-07-14T00:33:00+00:00 [queued]>
[2024-07-14T08:57:21.708+0000] {taskinstance.py:2076} INFO - Dependencies all met for dep_context=requeueable deps ti=<TaskInstance: fetch_spread_values.fetch_and_compute_spread_btc_mxn scheduled__2024-07-14T00:33:00+00:00 [queued]>
[2024-07-14T08:57:21.735+0000] {taskinstance.py:2306} INFO - Starting attempt 1 of 2
[2024-07-14T08:57:21.829+0000] {taskinstance.py:2330} INFO - Executing <Task(PythonOperator): fetch_and_compute_spread_btc_mxn> on 2024-07-14 00:33:00+00:00
[2024-07-14T08:57:21.854+0000] {warnings.py:112} WARNING - /home/***/.local/lib/python3.12/site-packages/***/task/task_runner/standard_task_runner.py:61: DeprecationWarning: This process (pid=321) is multi-threaded, use of fork() may lead to deadlocks in the child.
  pid = os.fork()

[2024-07-14T08:57:21.862+0000] {standard_task_runner.py:63} INFO - Started process 348 to run task
[2024-07-14T08:57:21.870+0000] {standard_task_runner.py:90} INFO - Running: ['***', 'tasks', 'run', 'fetch_spread_values', 'fetch_and_compute_spread_btc_mxn', 'scheduled__2024-07-14T00:33:00+00:00', '--job-id', '93', '--raw', '--subdir', 'DAGS_FOLDER/***.py', '--cfg-path', '/tmp/tmpoav6t9nc']
[2024-07-14T08:57:21.885+0000] {standard_task_runner.py:91} INFO - Job 93: Subtask fetch_and_compute_spread_btc_mxn
[2024-07-14T08:57:22.170+0000] {task_command.py:426} INFO - Running <TaskInstance: fetch_spread_values.fetch_and_compute_spread_btc_mxn scheduled__2024-07-14T00:33:00+00:00 [running]> on host d537c34a4880
[2024-07-14T08:57:22.850+0000] {taskinstance.py:2648} INFO - Exporting env vars: AIRFLOW_CTX_DAG_OWNER='***' AIRFLOW_CTX_DAG_ID='fetch_spread_values' AIRFLOW_CTX_TASK_ID='fetch_and_compute_spread_btc_mxn' AIRFLOW_CTX_EXECUTION_DATE='2024-07-14T00:33:00+00:00' AIRFLOW_CTX_TRY_NUMBER='1' AIRFLOW_CTX_DAG_RUN_ID='scheduled__2024-07-14T00:33:00+00:00'
[2024-07-14T08:57:22.865+0000] {taskinstance.py:430} INFO - ::endgroup::
[2024-07-14T08:57:23.241+0000] {python.py:237} INFO - Done. Returned value was: None
[2024-07-14T08:57:23.250+0000] {taskinstance.py:441} INFO - ::group::Post task execution logs
[2024-07-14T08:57:23.351+0000] {taskinstance.py:1206} INFO - Marking task as SUCCESS. dag_id=fetch_spread_values, task_id=fetch_and_compute_spread_btc_mxn, run_id=scheduled__2024-07-14T00:33:00+00:00, execution_date=20240714T003300, start_date=20240714T085721, end_date=20240714T085723
[2024-07-14T08:57:23.402+0000] {local_task_job_runner.py:240} INFO - Task exited with return code 0
[2024-07-14T08:57:23.487+0000] {taskinstance.py:3503} INFO - 0 downstream tasks scheduled from follow-on schedule check
[2024-07-14T08:57:23.515+0000] {local_task_job_runner.py:222} INFO - ::endgroup::
[2024-07-14T20:32:15.402+0000] {local_task_job_runner.py:120} INFO - ::group::Pre task execution logs
[2024-07-14T20:32:15.444+0000] {taskinstance.py:2076} INFO - Dependencies all met for dep_context=non-requeueable deps ti=<TaskInstance: fetch_spread_values.fetch_and_compute_spread_btc_mxn scheduled__2024-07-14T00:33:00+00:00 [queued]>
[2024-07-14T20:32:15.457+0000] {taskinstance.py:2076} INFO - Dependencies all met for dep_context=requeueable deps ti=<TaskInstance: fetch_spread_values.fetch_and_compute_spread_btc_mxn scheduled__2024-07-14T00:33:00+00:00 [queued]>
[2024-07-14T20:32:15.458+0000] {taskinstance.py:2306} INFO - Starting attempt 1 of 2
[2024-07-14T20:32:15.486+0000] {taskinstance.py:2330} INFO - Executing <Task(PythonOperator): fetch_and_compute_spread_btc_mxn> on 2024-07-14 00:33:00+00:00
[2024-07-14T20:32:15.496+0000] {logging_mixin.py:188} WARNING - /home/***/.local/lib/python3.12/site-packages/***/task/task_runner/standard_task_runner.py:61 DeprecationWarning: This process (pid=310) is multi-threaded, use of fork() may lead to deadlocks in the child.
[2024-07-14T20:32:15.498+0000] {standard_task_runner.py:63} INFO - Started process 321 to run task
[2024-07-14T20:32:15.496+0000] {standard_task_runner.py:90} INFO - Running: ['***', 'tasks', 'run', 'fetch_spread_values', 'fetch_and_compute_spread_btc_mxn', 'scheduled__2024-07-14T00:33:00+00:00', '--job-id', '69', '--raw', '--subdir', 'DAGS_FOLDER/***.py', '--cfg-path', '/tmp/tmpidjx8n_u']
[2024-07-14T20:32:15.500+0000] {standard_task_runner.py:91} INFO - Job 69: Subtask fetch_and_compute_spread_btc_mxn
[2024-07-14T20:32:15.552+0000] {task_command.py:426} INFO - Running <TaskInstance: fetch_spread_values.fetch_and_compute_spread_btc_mxn scheduled__2024-07-14T00:33:00+00:00 [running]> on host 77caf7e4b282
[2024-07-14T20:32:15.653+0000] {taskinstance.py:2648} INFO - Exporting env vars: AIRFLOW_CTX_DAG_OWNER='***' AIRFLOW_CTX_DAG_ID='fetch_spread_values' AIRFLOW_CTX_TASK_ID='fetch_and_compute_spread_btc_mxn' AIRFLOW_CTX_EXECUTION_DATE='2024-07-14T00:33:00+00:00' AIRFLOW_CTX_TRY_NUMBER='1' AIRFLOW_CTX_DAG_RUN_ID='scheduled__2024-07-14T00:33:00+00:00'
[2024-07-14T20:32:15.658+0000] {taskinstance.py:430} INFO - ::endgroup::
[2024-07-14T20:32:15.919+0000] {python.py:237} INFO - Done. Returned value was: None
[2024-07-14T20:32:15.921+0000] {taskinstance.py:441} INFO - ::group::Post task execution logs
[2024-07-14T20:32:15.943+0000] {taskinstance.py:1206} INFO - Marking task as SUCCESS. dag_id=fetch_spread_values, task_id=fetch_and_compute_spread_btc_mxn, run_id=scheduled__2024-07-14T00:33:00+00:00, execution_date=20240714T003300, start_date=20240714T203215, end_date=20240714T203215
[2024-07-14T20:32:15.980+0000] {local_task_job_runner.py:240} INFO - Task exited with return code 0
[2024-07-14T20:32:16.000+0000] {taskinstance.py:3503} INFO - 0 downstream tasks scheduled from follow-on schedule check
[2024-07-14T20:32:16.002+0000] {local_task_job_runner.py:222} INFO - ::endgroup::
