[2024-07-14T09:05:07.014+0000] {local_task_job_runner.py:120} INFO - ::group::Pre task execution logs
[2024-07-14T09:05:07.082+0000] {taskinstance.py:2076} INFO - Dependencies all met for dep_context=non-requeueable deps ti=<TaskInstance: save_spread_values.save_and_flush_task scheduled__2024-07-14T01:00:00+00:00 [queued]>
[2024-07-14T09:05:07.102+0000] {taskinstance.py:2076} INFO - Dependencies all met for dep_context=requeueable deps ti=<TaskInstance: save_spread_values.save_and_flush_task scheduled__2024-07-14T01:00:00+00:00 [queued]>
[2024-07-14T09:05:07.107+0000] {taskinstance.py:2306} INFO - Starting attempt 1 of 2
[2024-07-14T09:05:07.168+0000] {taskinstance.py:2330} INFO - Executing <Task(PythonOperator): save_and_flush_task> on 2024-07-14 01:00:00+00:00
[2024-07-14T09:05:07.186+0000] {warnings.py:112} WARNING - /home/***/.local/lib/python3.12/site-packages/***/task/task_runner/standard_task_runner.py:61: DeprecationWarning: This process (pid=3438) is multi-threaded, use of fork() may lead to deadlocks in the child.
  pid = os.fork()

[2024-07-14T09:05:07.193+0000] {standard_task_runner.py:90} INFO - Running: ['***', 'tasks', 'run', 'save_spread_values', 'save_and_flush_task', 'scheduled__2024-07-14T01:00:00+00:00', '--job-id', '1109', '--raw', '--subdir', 'DAGS_FOLDER/***.py', '--cfg-path', '/tmp/tmpnhhw8ej1']
[2024-07-14T09:05:07.209+0000] {standard_task_runner.py:91} INFO - Job 1109: Subtask save_and_flush_task
[2024-07-14T09:05:07.234+0000] {standard_task_runner.py:63} INFO - Started process 3478 to run task
[2024-07-14T09:05:07.306+0000] {task_command.py:426} INFO - Running <TaskInstance: save_spread_values.save_and_flush_task scheduled__2024-07-14T01:00:00+00:00 [running]> on host d537c34a4880
[2024-07-14T09:05:07.543+0000] {taskinstance.py:2648} INFO - Exporting env vars: AIRFLOW_CTX_DAG_OWNER='***' AIRFLOW_CTX_DAG_ID='save_spread_values' AIRFLOW_CTX_TASK_ID='save_and_flush_task' AIRFLOW_CTX_EXECUTION_DATE='2024-07-14T01:00:00+00:00' AIRFLOW_CTX_TRY_NUMBER='1' AIRFLOW_CTX_DAG_RUN_ID='scheduled__2024-07-14T01:00:00+00:00'
[2024-07-14T09:05:07.555+0000] {taskinstance.py:430} INFO - ::endgroup::
[2024-07-14T09:05:07.559+0000] {python.py:237} INFO - Done. Returned value was: None
[2024-07-14T09:05:07.562+0000] {taskinstance.py:441} INFO - ::group::Post task execution logs
[2024-07-14T09:05:07.587+0000] {taskinstance.py:1206} INFO - Marking task as SUCCESS. dag_id=save_spread_values, task_id=save_and_flush_task, run_id=scheduled__2024-07-14T01:00:00+00:00, execution_date=20240714T010000, start_date=20240714T090507, end_date=20240714T090507
[2024-07-14T09:05:07.658+0000] {local_task_job_runner.py:240} INFO - Task exited with return code 0
[2024-07-14T09:05:07.718+0000] {taskinstance.py:3503} INFO - 0 downstream tasks scheduled from follow-on schedule check
[2024-07-14T09:05:07.734+0000] {local_task_job_runner.py:222} INFO - ::endgroup::
[2024-07-14T20:34:36.219+0000] {local_task_job_runner.py:120} INFO - ::group::Pre task execution logs
[2024-07-14T20:34:36.260+0000] {taskinstance.py:2076} INFO - Dependencies all met for dep_context=non-requeueable deps ti=<TaskInstance: save_spread_values.save_and_flush_task scheduled__2024-07-14T01:00:00+00:00 [queued]>
[2024-07-14T20:34:36.272+0000] {taskinstance.py:2076} INFO - Dependencies all met for dep_context=requeueable deps ti=<TaskInstance: save_spread_values.save_and_flush_task scheduled__2024-07-14T01:00:00+00:00 [queued]>
[2024-07-14T20:34:36.274+0000] {taskinstance.py:2306} INFO - Starting attempt 1 of 2
[2024-07-14T20:34:36.298+0000] {taskinstance.py:2330} INFO - Executing <Task(PythonOperator): save_and_flush_task> on 2024-07-14 01:00:00+00:00
[2024-07-14T20:34:36.307+0000] {logging_mixin.py:188} WARNING - /home/***/.local/lib/python3.12/site-packages/***/task/task_runner/standard_task_runner.py:61 DeprecationWarning: This process (pid=1610) is multi-threaded, use of fork() may lead to deadlocks in the child.
[2024-07-14T20:34:36.309+0000] {standard_task_runner.py:90} INFO - Running: ['***', 'tasks', 'run', 'save_spread_values', 'save_and_flush_task', 'scheduled__2024-07-14T01:00:00+00:00', '--job-id', '708', '--raw', '--subdir', 'DAGS_FOLDER/***.py', '--cfg-path', '/tmp/tmpl2x6bm5s']
[2024-07-14T20:34:36.319+0000] {standard_task_runner.py:91} INFO - Job 708: Subtask save_and_flush_task
[2024-07-14T20:34:36.318+0000] {standard_task_runner.py:63} INFO - Started process 1621 to run task
[2024-07-14T20:34:36.371+0000] {task_command.py:426} INFO - Running <TaskInstance: save_spread_values.save_and_flush_task scheduled__2024-07-14T01:00:00+00:00 [running]> on host 77caf7e4b282
[2024-07-14T20:34:36.455+0000] {taskinstance.py:2648} INFO - Exporting env vars: AIRFLOW_CTX_DAG_OWNER='***' AIRFLOW_CTX_DAG_ID='save_spread_values' AIRFLOW_CTX_TASK_ID='save_and_flush_task' AIRFLOW_CTX_EXECUTION_DATE='2024-07-14T01:00:00+00:00' AIRFLOW_CTX_TRY_NUMBER='1' AIRFLOW_CTX_DAG_RUN_ID='scheduled__2024-07-14T01:00:00+00:00'
[2024-07-14T20:34:36.458+0000] {taskinstance.py:430} INFO - ::endgroup::
[2024-07-14T20:34:36.470+0000] {python.py:237} INFO - Done. Returned value was: None
[2024-07-14T20:34:36.471+0000] {taskinstance.py:441} INFO - ::group::Post task execution logs
[2024-07-14T20:34:36.476+0000] {taskinstance.py:1206} INFO - Marking task as SUCCESS. dag_id=save_spread_values, task_id=save_and_flush_task, run_id=scheduled__2024-07-14T01:00:00+00:00, execution_date=20240714T010000, start_date=20240714T203436, end_date=20240714T203436
[2024-07-14T20:34:36.507+0000] {local_task_job_runner.py:240} INFO - Task exited with return code 0
[2024-07-14T20:34:36.521+0000] {taskinstance.py:3503} INFO - 0 downstream tasks scheduled from follow-on schedule check
[2024-07-14T20:34:36.523+0000] {local_task_job_runner.py:222} INFO - ::endgroup::
