[2024-07-14T09:03:10.348+0000] {local_task_job_runner.py:120} INFO - ::group::Pre task execution logs
[2024-07-14T09:03:10.418+0000] {taskinstance.py:2076} INFO - Dependencies all met for dep_context=non-requeueable deps ti=<TaskInstance: fetch_spread_values.fetch_and_compute_spread_usd_mxn scheduled__2024-07-14T06:57:00+00:00 [queued]>
[2024-07-14T09:03:10.426+0000] {taskinstance.py:2076} INFO - Dependencies all met for dep_context=requeueable deps ti=<TaskInstance: fetch_spread_values.fetch_and_compute_spread_usd_mxn scheduled__2024-07-14T06:57:00+00:00 [queued]>
[2024-07-14T09:03:10.426+0000] {taskinstance.py:2306} INFO - Starting attempt 1 of 2
[2024-07-14T09:03:10.494+0000] {taskinstance.py:2330} INFO - Executing <Task(PythonOperator): fetch_and_compute_spread_usd_mxn> on 2024-07-14 06:57:00+00:00
[2024-07-14T09:03:10.533+0000] {warnings.py:112} WARNING - /home/***/.local/lib/python3.12/site-packages/***/task/task_runner/standard_task_runner.py:61: DeprecationWarning: This process (pid=2685) is multi-threaded, use of fork() may lead to deadlocks in the child.
  pid = os.fork()

[2024-07-14T09:03:10.561+0000] {standard_task_runner.py:63} INFO - Started process 2728 to run task
[2024-07-14T09:03:10.525+0000] {standard_task_runner.py:90} INFO - Running: ['***', 'tasks', 'run', 'fetch_spread_values', 'fetch_and_compute_spread_usd_mxn', 'scheduled__2024-07-14T06:57:00+00:00', '--job-id', '864', '--raw', '--subdir', 'DAGS_FOLDER/***.py', '--cfg-path', '/tmp/tmp69kerls5']
[2024-07-14T09:03:10.585+0000] {standard_task_runner.py:91} INFO - Job 864: Subtask fetch_and_compute_spread_usd_mxn
[2024-07-14T09:03:10.772+0000] {task_command.py:426} INFO - Running <TaskInstance: fetch_spread_values.fetch_and_compute_spread_usd_mxn scheduled__2024-07-14T06:57:00+00:00 [running]> on host d537c34a4880
[2024-07-14T09:03:11.139+0000] {taskinstance.py:2648} INFO - Exporting env vars: AIRFLOW_CTX_DAG_OWNER='***' AIRFLOW_CTX_DAG_ID='fetch_spread_values' AIRFLOW_CTX_TASK_ID='fetch_and_compute_spread_usd_mxn' AIRFLOW_CTX_EXECUTION_DATE='2024-07-14T06:57:00+00:00' AIRFLOW_CTX_TRY_NUMBER='1' AIRFLOW_CTX_DAG_RUN_ID='scheduled__2024-07-14T06:57:00+00:00'
[2024-07-14T09:03:11.178+0000] {taskinstance.py:430} INFO - ::endgroup::
[2024-07-14T09:03:11.604+0000] {python.py:237} INFO - Done. Returned value was: None
[2024-07-14T09:03:11.617+0000] {taskinstance.py:441} INFO - ::group::Post task execution logs
[2024-07-14T09:03:11.681+0000] {taskinstance.py:1206} INFO - Marking task as SUCCESS. dag_id=fetch_spread_values, task_id=fetch_and_compute_spread_usd_mxn, run_id=scheduled__2024-07-14T06:57:00+00:00, execution_date=20240714T065700, start_date=20240714T090310, end_date=20240714T090311
[2024-07-14T09:03:11.761+0000] {local_task_job_runner.py:240} INFO - Task exited with return code 0
[2024-07-14T09:03:11.814+0000] {taskinstance.py:3503} INFO - 0 downstream tasks scheduled from follow-on schedule check
[2024-07-14T09:03:11.823+0000] {local_task_job_runner.py:222} INFO - ::endgroup::
[2024-07-14T20:35:08.683+0000] {local_task_job_runner.py:120} INFO - ::group::Pre task execution logs
[2024-07-14T20:35:08.768+0000] {taskinstance.py:2076} INFO - Dependencies all met for dep_context=non-requeueable deps ti=<TaskInstance: fetch_spread_values.fetch_and_compute_spread_usd_mxn scheduled__2024-07-14T06:57:00+00:00 [queued]>
[2024-07-14T20:35:08.780+0000] {taskinstance.py:2076} INFO - Dependencies all met for dep_context=requeueable deps ti=<TaskInstance: fetch_spread_values.fetch_and_compute_spread_usd_mxn scheduled__2024-07-14T06:57:00+00:00 [queued]>
[2024-07-14T20:35:08.780+0000] {taskinstance.py:2306} INFO - Starting attempt 1 of 2
[2024-07-14T20:35:08.867+0000] {taskinstance.py:2330} INFO - Executing <Task(PythonOperator): fetch_and_compute_spread_usd_mxn> on 2024-07-14 06:57:00+00:00
[2024-07-14T20:35:08.874+0000] {logging_mixin.py:188} WARNING - /home/***/.local/lib/python3.12/site-packages/***/task/task_runner/standard_task_runner.py:61 DeprecationWarning: This process (pid=2026) is multi-threaded, use of fork() may lead to deadlocks in the child.
[2024-07-14T20:35:08.883+0000] {standard_task_runner.py:63} INFO - Started process 2039 to run task
[2024-07-14T20:35:08.878+0000] {standard_task_runner.py:90} INFO - Running: ['***', 'tasks', 'run', 'fetch_spread_values', 'fetch_and_compute_spread_usd_mxn', 'scheduled__2024-07-14T06:57:00+00:00', '--job-id', '913', '--raw', '--subdir', 'DAGS_FOLDER/***.py', '--cfg-path', '/tmp/tmp55gvhewv']
[2024-07-14T20:35:08.887+0000] {standard_task_runner.py:91} INFO - Job 913: Subtask fetch_and_compute_spread_usd_mxn
[2024-07-14T20:35:08.932+0000] {task_command.py:426} INFO - Running <TaskInstance: fetch_spread_values.fetch_and_compute_spread_usd_mxn scheduled__2024-07-14T06:57:00+00:00 [running]> on host 77caf7e4b282
[2024-07-14T20:35:09.077+0000] {taskinstance.py:2648} INFO - Exporting env vars: AIRFLOW_CTX_DAG_OWNER='***' AIRFLOW_CTX_DAG_ID='fetch_spread_values' AIRFLOW_CTX_TASK_ID='fetch_and_compute_spread_usd_mxn' AIRFLOW_CTX_EXECUTION_DATE='2024-07-14T06:57:00+00:00' AIRFLOW_CTX_TRY_NUMBER='1' AIRFLOW_CTX_DAG_RUN_ID='scheduled__2024-07-14T06:57:00+00:00'
[2024-07-14T20:35:09.081+0000] {taskinstance.py:430} INFO - ::endgroup::
[2024-07-14T20:35:09.365+0000] {python.py:237} INFO - Done. Returned value was: None
[2024-07-14T20:35:09.366+0000] {taskinstance.py:441} INFO - ::group::Post task execution logs
[2024-07-14T20:35:09.372+0000] {taskinstance.py:1206} INFO - Marking task as SUCCESS. dag_id=fetch_spread_values, task_id=fetch_and_compute_spread_usd_mxn, run_id=scheduled__2024-07-14T06:57:00+00:00, execution_date=20240714T065700, start_date=20240714T203508, end_date=20240714T203509
[2024-07-14T20:35:09.403+0000] {local_task_job_runner.py:240} INFO - Task exited with return code 0
[2024-07-14T20:35:09.413+0000] {taskinstance.py:3503} INFO - 0 downstream tasks scheduled from follow-on schedule check
[2024-07-14T20:35:09.414+0000] {local_task_job_runner.py:222} INFO - ::endgroup::
