[2024-07-14T16:13:10.770+0000] {local_task_job_runner.py:120} INFO - ::group::Pre task execution logs
[2024-07-14T16:13:10.844+0000] {taskinstance.py:2076} INFO - Dependencies all met for dep_context=non-requeueable deps ti=<TaskInstance: fetch_spread_values.fetch_and_compute_spread_btc_mxn scheduled__2024-07-14T16:06:00+00:00 [queued]>
[2024-07-14T16:13:10.894+0000] {taskinstance.py:2076} INFO - Dependencies all met for dep_context=requeueable deps ti=<TaskInstance: fetch_spread_values.fetch_and_compute_spread_btc_mxn scheduled__2024-07-14T16:06:00+00:00 [queued]>
[2024-07-14T16:13:10.895+0000] {taskinstance.py:2306} INFO - Starting attempt 1 of 2
[2024-07-14T16:13:10.975+0000] {taskinstance.py:2330} INFO - Executing <Task(PythonOperator): fetch_and_compute_spread_btc_mxn> on 2024-07-14 16:06:00+00:00
[2024-07-14T16:13:11.014+0000] {warnings.py:112} WARNING - /home/***/.local/lib/python3.12/site-packages/***/task/task_runner/standard_task_runner.py:61: DeprecationWarning: This process (pid=6864) is multi-threaded, use of fork() may lead to deadlocks in the child.
  pid = os.fork()

[2024-07-14T16:13:11.009+0000] {standard_task_runner.py:90} INFO - Running: ['***', 'tasks', 'run', 'fetch_spread_values', 'fetch_and_compute_spread_btc_mxn', 'scheduled__2024-07-14T16:06:00+00:00', '--job-id', '2070', '--raw', '--subdir', 'DAGS_FOLDER/***.py', '--cfg-path', '/tmp/tmpm9_8u77g']
[2024-07-14T16:13:11.028+0000] {standard_task_runner.py:63} INFO - Started process 6899 to run task
[2024-07-14T16:13:11.036+0000] {standard_task_runner.py:91} INFO - Job 2070: Subtask fetch_and_compute_spread_btc_mxn
[2024-07-14T16:13:11.223+0000] {task_command.py:426} INFO - Running <TaskInstance: fetch_spread_values.fetch_and_compute_spread_btc_mxn scheduled__2024-07-14T16:06:00+00:00 [running]> on host d537c34a4880
[2024-07-14T16:13:11.579+0000] {taskinstance.py:2648} INFO - Exporting env vars: AIRFLOW_CTX_DAG_OWNER='***' AIRFLOW_CTX_DAG_ID='fetch_spread_values' AIRFLOW_CTX_TASK_ID='fetch_and_compute_spread_btc_mxn' AIRFLOW_CTX_EXECUTION_DATE='2024-07-14T16:06:00+00:00' AIRFLOW_CTX_TRY_NUMBER='1' AIRFLOW_CTX_DAG_RUN_ID='scheduled__2024-07-14T16:06:00+00:00'
[2024-07-14T16:13:11.587+0000] {taskinstance.py:430} INFO - ::endgroup::
[2024-07-14T16:13:11.878+0000] {python.py:237} INFO - Done. Returned value was: None
[2024-07-14T16:13:11.884+0000] {taskinstance.py:441} INFO - ::group::Post task execution logs
[2024-07-14T16:13:11.898+0000] {taskinstance.py:1206} INFO - Marking task as SUCCESS. dag_id=fetch_spread_values, task_id=fetch_and_compute_spread_btc_mxn, run_id=scheduled__2024-07-14T16:06:00+00:00, execution_date=20240714T160600, start_date=20240714T161310, end_date=20240714T161311
[2024-07-14T16:13:12.010+0000] {local_task_job_runner.py:240} INFO - Task exited with return code 0
[2024-07-14T16:13:12.038+0000] {taskinstance.py:3503} INFO - 0 downstream tasks scheduled from follow-on schedule check
[2024-07-14T16:13:12.042+0000] {local_task_job_runner.py:222} INFO - ::endgroup::
[2024-07-14T20:38:55.815+0000] {local_task_job_runner.py:120} INFO - ::group::Pre task execution logs
[2024-07-14T20:38:55.842+0000] {taskinstance.py:2076} INFO - Dependencies all met for dep_context=non-requeueable deps ti=<TaskInstance: fetch_spread_values.fetch_and_compute_spread_btc_mxn scheduled__2024-07-14T16:06:00+00:00 [queued]>
[2024-07-14T20:38:55.848+0000] {taskinstance.py:2076} INFO - Dependencies all met for dep_context=requeueable deps ti=<TaskInstance: fetch_spread_values.fetch_and_compute_spread_btc_mxn scheduled__2024-07-14T16:06:00+00:00 [queued]>
[2024-07-14T20:38:55.849+0000] {taskinstance.py:2306} INFO - Starting attempt 1 of 2
[2024-07-14T20:38:55.858+0000] {taskinstance.py:2330} INFO - Executing <Task(PythonOperator): fetch_and_compute_spread_btc_mxn> on 2024-07-14 16:06:00+00:00
[2024-07-14T20:38:55.864+0000] {logging_mixin.py:188} WARNING - /home/***/.local/lib/python3.12/site-packages/***/task/task_runner/standard_task_runner.py:61 DeprecationWarning: This process (pid=4368) is multi-threaded, use of fork() may lead to deadlocks in the child.
[2024-07-14T20:38:55.867+0000] {standard_task_runner.py:63} INFO - Started process 4376 to run task
[2024-07-14T20:38:55.865+0000] {standard_task_runner.py:90} INFO - Running: ['***', 'tasks', 'run', 'fetch_spread_values', 'fetch_and_compute_spread_btc_mxn', 'scheduled__2024-07-14T16:06:00+00:00', '--job-id', '2061', '--raw', '--subdir', 'DAGS_FOLDER/***.py', '--cfg-path', '/tmp/tmp90o8y_gd']
[2024-07-14T20:38:55.870+0000] {standard_task_runner.py:91} INFO - Job 2061: Subtask fetch_and_compute_spread_btc_mxn
[2024-07-14T20:38:55.917+0000] {task_command.py:426} INFO - Running <TaskInstance: fetch_spread_values.fetch_and_compute_spread_btc_mxn scheduled__2024-07-14T16:06:00+00:00 [running]> on host 77caf7e4b282
[2024-07-14T20:38:55.998+0000] {taskinstance.py:2648} INFO - Exporting env vars: AIRFLOW_CTX_DAG_OWNER='***' AIRFLOW_CTX_DAG_ID='fetch_spread_values' AIRFLOW_CTX_TASK_ID='fetch_and_compute_spread_btc_mxn' AIRFLOW_CTX_EXECUTION_DATE='2024-07-14T16:06:00+00:00' AIRFLOW_CTX_TRY_NUMBER='1' AIRFLOW_CTX_DAG_RUN_ID='scheduled__2024-07-14T16:06:00+00:00'
[2024-07-14T20:38:56.000+0000] {taskinstance.py:430} INFO - ::endgroup::
[2024-07-14T20:38:56.218+0000] {python.py:237} INFO - Done. Returned value was: None
[2024-07-14T20:38:56.222+0000] {taskinstance.py:441} INFO - ::group::Post task execution logs
[2024-07-14T20:38:56.244+0000] {taskinstance.py:1206} INFO - Marking task as SUCCESS. dag_id=fetch_spread_values, task_id=fetch_and_compute_spread_btc_mxn, run_id=scheduled__2024-07-14T16:06:00+00:00, execution_date=20240714T160600, start_date=20240714T203855, end_date=20240714T203856
[2024-07-14T20:38:56.302+0000] {local_task_job_runner.py:240} INFO - Task exited with return code 0
[2024-07-14T20:38:56.336+0000] {taskinstance.py:3503} INFO - 0 downstream tasks scheduled from follow-on schedule check
[2024-07-14T20:38:56.350+0000] {local_task_job_runner.py:222} INFO - ::endgroup::
