[2024-07-14T09:05:04.271+0000] {local_task_job_runner.py:120} INFO - ::group::Pre task execution logs
[2024-07-14T09:05:04.450+0000] {taskinstance.py:2076} INFO - Dependencies all met for dep_context=non-requeueable deps ti=<TaskInstance: save_spread_values.save_and_flush_task scheduled__2024-07-14T00:30:00+00:00 [queued]>
[2024-07-14T09:05:04.548+0000] {taskinstance.py:2076} INFO - Dependencies all met for dep_context=requeueable deps ti=<TaskInstance: save_spread_values.save_and_flush_task scheduled__2024-07-14T00:30:00+00:00 [queued]>
[2024-07-14T09:05:04.569+0000] {taskinstance.py:2306} INFO - Starting attempt 1 of 2
[2024-07-14T09:05:04.724+0000] {taskinstance.py:2330} INFO - Executing <Task(PythonOperator): save_and_flush_task> on 2024-07-14 00:30:00+00:00
[2024-07-14T09:05:04.753+0000] {warnings.py:112} WARNING - /home/***/.local/lib/python3.12/site-packages/***/task/task_runner/standard_task_runner.py:61: DeprecationWarning: This process (pid=3412) is multi-threaded, use of fork() may lead to deadlocks in the child.
  pid = os.fork()

[2024-07-14T09:05:04.759+0000] {standard_task_runner.py:63} INFO - Started process 3453 to run task
[2024-07-14T09:05:04.770+0000] {standard_task_runner.py:90} INFO - Running: ['***', 'tasks', 'run', 'save_spread_values', 'save_and_flush_task', 'scheduled__2024-07-14T00:30:00+00:00', '--job-id', '1099', '--raw', '--subdir', 'DAGS_FOLDER/***.py', '--cfg-path', '/tmp/tmp93n0h1av']
[2024-07-14T09:05:04.781+0000] {standard_task_runner.py:91} INFO - Job 1099: Subtask save_and_flush_task
[2024-07-14T09:05:05.011+0000] {task_command.py:426} INFO - Running <TaskInstance: save_spread_values.save_and_flush_task scheduled__2024-07-14T00:30:00+00:00 [running]> on host d537c34a4880
[2024-07-14T09:05:05.295+0000] {taskinstance.py:2648} INFO - Exporting env vars: AIRFLOW_CTX_DAG_OWNER='***' AIRFLOW_CTX_DAG_ID='save_spread_values' AIRFLOW_CTX_TASK_ID='save_and_flush_task' AIRFLOW_CTX_EXECUTION_DATE='2024-07-14T00:30:00+00:00' AIRFLOW_CTX_TRY_NUMBER='1' AIRFLOW_CTX_DAG_RUN_ID='scheduled__2024-07-14T00:30:00+00:00'
[2024-07-14T09:05:05.310+0000] {taskinstance.py:430} INFO - ::endgroup::
[2024-07-14T09:05:05.315+0000] {python.py:237} INFO - Done. Returned value was: None
[2024-07-14T09:05:05.321+0000] {taskinstance.py:441} INFO - ::group::Post task execution logs
[2024-07-14T09:05:05.356+0000] {taskinstance.py:1206} INFO - Marking task as SUCCESS. dag_id=save_spread_values, task_id=save_and_flush_task, run_id=scheduled__2024-07-14T00:30:00+00:00, execution_date=20240714T003000, start_date=20240714T090504, end_date=20240714T090505
[2024-07-14T09:05:05.441+0000] {local_task_job_runner.py:240} INFO - Task exited with return code 0
[2024-07-14T09:05:05.479+0000] {local_task_job_runner.py:222} INFO - ::endgroup::
[2024-07-14T20:34:35.806+0000] {local_task_job_runner.py:120} INFO - ::group::Pre task execution logs
[2024-07-14T20:34:35.834+0000] {taskinstance.py:2076} INFO - Dependencies all met for dep_context=non-requeueable deps ti=<TaskInstance: save_spread_values.save_and_flush_task scheduled__2024-07-14T00:30:00+00:00 [queued]>
[2024-07-14T20:34:35.840+0000] {taskinstance.py:2076} INFO - Dependencies all met for dep_context=requeueable deps ti=<TaskInstance: save_spread_values.save_and_flush_task scheduled__2024-07-14T00:30:00+00:00 [queued]>
[2024-07-14T20:34:35.854+0000] {taskinstance.py:2306} INFO - Starting attempt 1 of 2
[2024-07-14T20:34:35.870+0000] {taskinstance.py:2330} INFO - Executing <Task(PythonOperator): save_and_flush_task> on 2024-07-14 00:30:00+00:00
[2024-07-14T20:34:35.881+0000] {standard_task_runner.py:90} INFO - Running: ['***', 'tasks', 'run', 'save_spread_values', 'save_and_flush_task', 'scheduled__2024-07-14T00:30:00+00:00', '--job-id', '699', '--raw', '--subdir', 'DAGS_FOLDER/***.py', '--cfg-path', '/tmp/tmpk0coa95s']
[2024-07-14T20:34:35.887+0000] {standard_task_runner.py:91} INFO - Job 699: Subtask save_and_flush_task
[2024-07-14T20:34:35.889+0000] {logging_mixin.py:188} WARNING - /home/***/.local/lib/python3.12/site-packages/***/task/task_runner/standard_task_runner.py:61 DeprecationWarning: This process (pid=1592) is multi-threaded, use of fork() may lead to deadlocks in the child.
[2024-07-14T20:34:35.893+0000] {standard_task_runner.py:63} INFO - Started process 1608 to run task
[2024-07-14T20:34:35.971+0000] {task_command.py:426} INFO - Running <TaskInstance: save_spread_values.save_and_flush_task scheduled__2024-07-14T00:30:00+00:00 [running]> on host 77caf7e4b282
[2024-07-14T20:34:36.145+0000] {taskinstance.py:2648} INFO - Exporting env vars: AIRFLOW_CTX_DAG_OWNER='***' AIRFLOW_CTX_DAG_ID='save_spread_values' AIRFLOW_CTX_TASK_ID='save_and_flush_task' AIRFLOW_CTX_EXECUTION_DATE='2024-07-14T00:30:00+00:00' AIRFLOW_CTX_TRY_NUMBER='1' AIRFLOW_CTX_DAG_RUN_ID='scheduled__2024-07-14T00:30:00+00:00'
[2024-07-14T20:34:36.146+0000] {taskinstance.py:430} INFO - ::endgroup::
[2024-07-14T20:34:36.160+0000] {python.py:237} INFO - Done. Returned value was: None
[2024-07-14T20:34:36.167+0000] {taskinstance.py:441} INFO - ::group::Post task execution logs
[2024-07-14T20:34:36.176+0000] {taskinstance.py:1206} INFO - Marking task as SUCCESS. dag_id=save_spread_values, task_id=save_and_flush_task, run_id=scheduled__2024-07-14T00:30:00+00:00, execution_date=20240714T003000, start_date=20240714T203435, end_date=20240714T203436
[2024-07-14T20:34:36.250+0000] {local_task_job_runner.py:240} INFO - Task exited with return code 0
[2024-07-14T20:34:36.277+0000] {taskinstance.py:3503} INFO - 0 downstream tasks scheduled from follow-on schedule check
[2024-07-14T20:34:36.298+0000] {local_task_job_runner.py:222} INFO - ::endgroup::
[2024-07-15T06:30:20.098+0000] {local_task_job_runner.py:120} INFO - ::group::Pre task execution logs
[2024-07-15T06:30:20.142+0000] {taskinstance.py:2076} INFO - Dependencies all met for dep_context=non-requeueable deps ti=<TaskInstance: save_spread_values.save_and_flush_task scheduled__2024-07-14T00:30:00+00:00 [queued]>
[2024-07-15T06:30:20.147+0000] {taskinstance.py:2076} INFO - Dependencies all met for dep_context=requeueable deps ti=<TaskInstance: save_spread_values.save_and_flush_task scheduled__2024-07-14T00:30:00+00:00 [queued]>
[2024-07-15T06:30:20.152+0000] {taskinstance.py:2306} INFO - Starting attempt 1 of 2
[2024-07-15T06:30:20.214+0000] {taskinstance.py:2330} INFO - Executing <Task(PythonOperator): save_and_flush_task> on 2024-07-14 00:30:00+00:00
[2024-07-15T06:30:20.229+0000] {logging_mixin.py:188} WARNING - /home/***/.local/lib/python3.12/site-packages/***/task/task_runner/standard_task_runner.py:61 DeprecationWarning: This process (pid=2566) is multi-threaded, use of fork() may lead to deadlocks in the child.
[2024-07-15T06:30:20.229+0000] {standard_task_runner.py:90} INFO - Running: ['***', 'tasks', 'run', 'save_spread_values', 'save_and_flush_task', 'scheduled__2024-07-14T00:30:00+00:00', '--job-id', '39', '--raw', '--subdir', 'DAGS_FOLDER/et_dag.py', '--cfg-path', '/tmp/tmpyeuqzdc4']
[2024-07-15T06:30:20.231+0000] {standard_task_runner.py:63} INFO - Started process 2579 to run task
[2024-07-15T06:30:20.231+0000] {standard_task_runner.py:91} INFO - Job 39: Subtask save_and_flush_task
[2024-07-15T06:30:20.292+0000] {task_command.py:426} INFO - Running <TaskInstance: save_spread_values.save_and_flush_task scheduled__2024-07-14T00:30:00+00:00 [running]> on host 52e7a9c3d832
[2024-07-15T06:30:20.375+0000] {taskinstance.py:2648} INFO - Exporting env vars: AIRFLOW_CTX_DAG_OWNER='***' AIRFLOW_CTX_DAG_ID='save_spread_values' AIRFLOW_CTX_TASK_ID='save_and_flush_task' AIRFLOW_CTX_EXECUTION_DATE='2024-07-14T00:30:00+00:00' AIRFLOW_CTX_TRY_NUMBER='1' AIRFLOW_CTX_DAG_RUN_ID='scheduled__2024-07-14T00:30:00+00:00'
[2024-07-15T06:30:20.379+0000] {taskinstance.py:430} INFO - ::endgroup::
[2024-07-15T06:30:20.391+0000] {taskinstance.py:441} INFO - ::group::Post task execution logs
[2024-07-15T06:30:20.393+0000] {taskinstance.py:2905} ERROR - Task failed with exception
Traceback (most recent call last):
  File "/home/airflow/.local/lib/python3.12/site-packages/airflow/models/taskinstance.py", line 465, in _execute_task
    result = _execute_callable(context=context, **execute_callable_kwargs)
             ^^^^^^^^^^^^^^^^^^^^^^^^^^^^^^^^^^^^^^^^^^^^^^^^^^^^^^^^^^^^^
  File "/home/airflow/.local/lib/python3.12/site-packages/airflow/models/taskinstance.py", line 432, in _execute_callable
    return execute_callable(context=context, **execute_callable_kwargs)
           ^^^^^^^^^^^^^^^^^^^^^^^^^^^^^^^^^^^^^^^^^^^^^^^^^^^^^^^^^^^^
  File "/home/airflow/.local/lib/python3.12/site-packages/airflow/models/baseoperator.py", line 401, in wrapper
    return func(self, *args, **kwargs)
           ^^^^^^^^^^^^^^^^^^^^^^^^^^^
  File "/home/airflow/.local/lib/python3.12/site-packages/airflow/operators/python.py", line 235, in execute
    return_value = self.execute_callable()
                   ^^^^^^^^^^^^^^^^^^^^^^^
  File "/home/airflow/.local/lib/python3.12/site-packages/airflow/operators/python.py", line 252, in execute_callable
    return self.python_callable(*self.op_args, **self.op_kwargs)
           ^^^^^^^^^^^^^^^^^^^^^^^^^^^^^^^^^^^^^^^^^^^^^^^^^^^^^
  File "/opt/airflow/dags/et_dag.py", line 38, in trigger_save_and_flush
    logging('Invoking method to save data from records')
TypeError: 'module' object is not callable
[2024-07-15T06:30:20.403+0000] {taskinstance.py:1206} INFO - Marking task as UP_FOR_RETRY. dag_id=save_spread_values, task_id=save_and_flush_task, run_id=scheduled__2024-07-14T00:30:00+00:00, execution_date=20240714T003000, start_date=20240715T063020, end_date=20240715T063020
[2024-07-15T06:30:20.425+0000] {standard_task_runner.py:110} ERROR - Failed to execute job 39 for task save_and_flush_task ('module' object is not callable; 2579)
[2024-07-15T06:30:20.452+0000] {local_task_job_runner.py:240} INFO - Task exited with return code 1
[2024-07-15T06:30:20.488+0000] {local_task_job_runner.py:222} INFO - ::endgroup::
