[2024-07-14T13:51:03.393+0000] {local_task_job_runner.py:120} INFO - ::group::Pre task execution logs
[2024-07-14T13:51:03.465+0000] {taskinstance.py:2076} INFO - Dependencies all met for dep_context=non-requeueable deps ti=<TaskInstance: fetch_spread_values.fetch_and_compute_spread_usd_mxn scheduled__2024-07-14T13:38:00+00:00 [queued]>
[2024-07-14T13:51:03.482+0000] {taskinstance.py:2076} INFO - Dependencies all met for dep_context=requeueable deps ti=<TaskInstance: fetch_spread_values.fetch_and_compute_spread_usd_mxn scheduled__2024-07-14T13:38:00+00:00 [queued]>
[2024-07-14T13:51:03.510+0000] {taskinstance.py:2306} INFO - Starting attempt 1 of 2
[2024-07-14T13:51:03.547+0000] {taskinstance.py:2330} INFO - Executing <Task(PythonOperator): fetch_and_compute_spread_usd_mxn> on 2024-07-14 13:38:00+00:00
[2024-07-14T13:51:03.555+0000] {warnings.py:112} WARNING - /home/***/.local/lib/python3.12/site-packages/***/task/task_runner/standard_task_runner.py:61: DeprecationWarning: This process (pid=5828) is multi-threaded, use of fork() may lead to deadlocks in the child.
  pid = os.fork()

[2024-07-14T13:51:03.562+0000] {standard_task_runner.py:63} INFO - Started process 5850 to run task
[2024-07-14T13:51:03.559+0000] {standard_task_runner.py:90} INFO - Running: ['***', 'tasks', 'run', 'fetch_spread_values', 'fetch_and_compute_spread_usd_mxn', 'scheduled__2024-07-14T13:38:00+00:00', '--job-id', '1752', '--raw', '--subdir', 'DAGS_FOLDER/***.py', '--cfg-path', '/tmp/tmps29jiu06']
[2024-07-14T13:51:03.586+0000] {standard_task_runner.py:91} INFO - Job 1752: Subtask fetch_and_compute_spread_usd_mxn
[2024-07-14T13:51:03.753+0000] {task_command.py:426} INFO - Running <TaskInstance: fetch_spread_values.fetch_and_compute_spread_usd_mxn scheduled__2024-07-14T13:38:00+00:00 [running]> on host d537c34a4880
[2024-07-14T13:51:03.960+0000] {taskinstance.py:2648} INFO - Exporting env vars: AIRFLOW_CTX_DAG_OWNER='***' AIRFLOW_CTX_DAG_ID='fetch_spread_values' AIRFLOW_CTX_TASK_ID='fetch_and_compute_spread_usd_mxn' AIRFLOW_CTX_EXECUTION_DATE='2024-07-14T13:38:00+00:00' AIRFLOW_CTX_TRY_NUMBER='1' AIRFLOW_CTX_DAG_RUN_ID='scheduled__2024-07-14T13:38:00+00:00'
[2024-07-14T13:51:03.975+0000] {taskinstance.py:430} INFO - ::endgroup::
[2024-07-14T13:51:04.222+0000] {python.py:237} INFO - Done. Returned value was: None
[2024-07-14T13:51:04.226+0000] {taskinstance.py:441} INFO - ::group::Post task execution logs
[2024-07-14T13:51:04.244+0000] {taskinstance.py:1206} INFO - Marking task as SUCCESS. dag_id=fetch_spread_values, task_id=fetch_and_compute_spread_usd_mxn, run_id=scheduled__2024-07-14T13:38:00+00:00, execution_date=20240714T133800, start_date=20240714T135103, end_date=20240714T135104
[2024-07-14T13:51:04.305+0000] {local_task_job_runner.py:240} INFO - Task exited with return code 0
[2024-07-14T13:51:04.321+0000] {taskinstance.py:3503} INFO - 0 downstream tasks scheduled from follow-on schedule check
[2024-07-14T13:51:04.324+0000] {local_task_job_runner.py:222} INFO - ::endgroup::
[2024-07-14T20:38:02.441+0000] {local_task_job_runner.py:120} INFO - ::group::Pre task execution logs
[2024-07-14T20:38:02.466+0000] {taskinstance.py:2076} INFO - Dependencies all met for dep_context=non-requeueable deps ti=<TaskInstance: fetch_spread_values.fetch_and_compute_spread_usd_mxn scheduled__2024-07-14T13:38:00+00:00 [queued]>
[2024-07-14T20:38:02.471+0000] {taskinstance.py:2076} INFO - Dependencies all met for dep_context=requeueable deps ti=<TaskInstance: fetch_spread_values.fetch_and_compute_spread_usd_mxn scheduled__2024-07-14T13:38:00+00:00 [queued]>
[2024-07-14T20:38:02.471+0000] {taskinstance.py:2306} INFO - Starting attempt 1 of 2
[2024-07-14T20:38:02.481+0000] {taskinstance.py:2330} INFO - Executing <Task(PythonOperator): fetch_and_compute_spread_usd_mxn> on 2024-07-14 13:38:00+00:00
[2024-07-14T20:38:02.485+0000] {logging_mixin.py:188} WARNING - /home/***/.local/lib/python3.12/site-packages/***/task/task_runner/standard_task_runner.py:61 DeprecationWarning: This process (pid=3761) is multi-threaded, use of fork() may lead to deadlocks in the child.
[2024-07-14T20:38:02.487+0000] {standard_task_runner.py:63} INFO - Started process 3768 to run task
[2024-07-14T20:38:02.486+0000] {standard_task_runner.py:90} INFO - Running: ['***', 'tasks', 'run', 'fetch_spread_values', 'fetch_and_compute_spread_usd_mxn', 'scheduled__2024-07-14T13:38:00+00:00', '--job-id', '1765', '--raw', '--subdir', 'DAGS_FOLDER/***.py', '--cfg-path', '/tmp/tmpe0mw7em4']
[2024-07-14T20:38:02.491+0000] {standard_task_runner.py:91} INFO - Job 1765: Subtask fetch_and_compute_spread_usd_mxn
[2024-07-14T20:38:02.525+0000] {task_command.py:426} INFO - Running <TaskInstance: fetch_spread_values.fetch_and_compute_spread_usd_mxn scheduled__2024-07-14T13:38:00+00:00 [running]> on host 77caf7e4b282
[2024-07-14T20:38:02.572+0000] {taskinstance.py:2648} INFO - Exporting env vars: AIRFLOW_CTX_DAG_OWNER='***' AIRFLOW_CTX_DAG_ID='fetch_spread_values' AIRFLOW_CTX_TASK_ID='fetch_and_compute_spread_usd_mxn' AIRFLOW_CTX_EXECUTION_DATE='2024-07-14T13:38:00+00:00' AIRFLOW_CTX_TRY_NUMBER='1' AIRFLOW_CTX_DAG_RUN_ID='scheduled__2024-07-14T13:38:00+00:00'
[2024-07-14T20:38:02.573+0000] {taskinstance.py:430} INFO - ::endgroup::
[2024-07-14T20:38:02.729+0000] {python.py:237} INFO - Done. Returned value was: None
[2024-07-14T20:38:02.730+0000] {taskinstance.py:441} INFO - ::group::Post task execution logs
[2024-07-14T20:38:02.735+0000] {taskinstance.py:1206} INFO - Marking task as SUCCESS. dag_id=fetch_spread_values, task_id=fetch_and_compute_spread_usd_mxn, run_id=scheduled__2024-07-14T13:38:00+00:00, execution_date=20240714T133800, start_date=20240714T203802, end_date=20240714T203802
[2024-07-14T20:38:02.755+0000] {local_task_job_runner.py:240} INFO - Task exited with return code 0
[2024-07-14T20:38:02.764+0000] {taskinstance.py:3503} INFO - 0 downstream tasks scheduled from follow-on schedule check
[2024-07-14T20:38:02.765+0000] {local_task_job_runner.py:222} INFO - ::endgroup::
