[2024-07-14T17:13:58.801+0000] {local_task_job_runner.py:120} INFO - ::group::Pre task execution logs
[2024-07-14T17:13:58.858+0000] {taskinstance.py:2076} INFO - Dependencies all met for dep_context=non-requeueable deps ti=<TaskInstance: fetch_spread_values.fetch_and_compute_spread_usd_mxn scheduled__2024-07-14T17:10:00+00:00 [queued]>
[2024-07-14T17:13:58.875+0000] {taskinstance.py:2076} INFO - Dependencies all met for dep_context=requeueable deps ti=<TaskInstance: fetch_spread_values.fetch_and_compute_spread_usd_mxn scheduled__2024-07-14T17:10:00+00:00 [queued]>
[2024-07-14T17:13:58.890+0000] {taskinstance.py:2306} INFO - Starting attempt 1 of 2
[2024-07-14T17:13:58.946+0000] {taskinstance.py:2330} INFO - Executing <Task(PythonOperator): fetch_and_compute_spread_usd_mxn> on 2024-07-14 17:10:00+00:00
[2024-07-14T17:13:58.964+0000] {warnings.py:112} WARNING - /home/***/.local/lib/python3.12/site-packages/***/task/task_runner/standard_task_runner.py:61: DeprecationWarning: This process (pid=7311) is multi-threaded, use of fork() may lead to deadlocks in the child.
  pid = os.fork()

[2024-07-14T17:13:58.983+0000] {standard_task_runner.py:63} INFO - Started process 7343 to run task
[2024-07-14T17:13:58.968+0000] {standard_task_runner.py:90} INFO - Running: ['***', 'tasks', 'run', 'fetch_spread_values', 'fetch_and_compute_spread_usd_mxn', 'scheduled__2024-07-14T17:10:00+00:00', '--job-id', '2204', '--raw', '--subdir', 'DAGS_FOLDER/***.py', '--cfg-path', '/tmp/tmpwqpka43_']
[2024-07-14T17:13:58.996+0000] {standard_task_runner.py:91} INFO - Job 2204: Subtask fetch_and_compute_spread_usd_mxn
[2024-07-14T17:13:59.347+0000] {task_command.py:426} INFO - Running <TaskInstance: fetch_spread_values.fetch_and_compute_spread_usd_mxn scheduled__2024-07-14T17:10:00+00:00 [running]> on host d537c34a4880
[2024-07-14T17:13:59.556+0000] {taskinstance.py:2648} INFO - Exporting env vars: AIRFLOW_CTX_DAG_OWNER='***' AIRFLOW_CTX_DAG_ID='fetch_spread_values' AIRFLOW_CTX_TASK_ID='fetch_and_compute_spread_usd_mxn' AIRFLOW_CTX_EXECUTION_DATE='2024-07-14T17:10:00+00:00' AIRFLOW_CTX_TRY_NUMBER='1' AIRFLOW_CTX_DAG_RUN_ID='scheduled__2024-07-14T17:10:00+00:00'
[2024-07-14T17:13:59.568+0000] {taskinstance.py:430} INFO - ::endgroup::
[2024-07-14T17:13:59.811+0000] {python.py:237} INFO - Done. Returned value was: None
[2024-07-14T17:13:59.817+0000] {taskinstance.py:441} INFO - ::group::Post task execution logs
[2024-07-14T17:13:59.831+0000] {taskinstance.py:1206} INFO - Marking task as SUCCESS. dag_id=fetch_spread_values, task_id=fetch_and_compute_spread_usd_mxn, run_id=scheduled__2024-07-14T17:10:00+00:00, execution_date=20240714T171000, start_date=20240714T171358, end_date=20240714T171359
[2024-07-14T17:13:59.885+0000] {local_task_job_runner.py:240} INFO - Task exited with return code 0
[2024-07-14T17:13:59.911+0000] {taskinstance.py:3503} INFO - 0 downstream tasks scheduled from follow-on schedule check
[2024-07-14T17:13:59.914+0000] {local_task_job_runner.py:222} INFO - ::endgroup::
[2024-07-14T20:39:21.670+0000] {local_task_job_runner.py:120} INFO - ::group::Pre task execution logs
[2024-07-14T20:39:21.699+0000] {taskinstance.py:2076} INFO - Dependencies all met for dep_context=non-requeueable deps ti=<TaskInstance: fetch_spread_values.fetch_and_compute_spread_usd_mxn scheduled__2024-07-14T17:10:00+00:00 [queued]>
[2024-07-14T20:39:21.709+0000] {taskinstance.py:2076} INFO - Dependencies all met for dep_context=requeueable deps ti=<TaskInstance: fetch_spread_values.fetch_and_compute_spread_usd_mxn scheduled__2024-07-14T17:10:00+00:00 [queued]>
[2024-07-14T20:39:21.709+0000] {taskinstance.py:2306} INFO - Starting attempt 1 of 2
[2024-07-14T20:39:21.724+0000] {taskinstance.py:2330} INFO - Executing <Task(PythonOperator): fetch_and_compute_spread_usd_mxn> on 2024-07-14 17:10:00+00:00
[2024-07-14T20:39:21.734+0000] {logging_mixin.py:188} WARNING - /home/***/.local/lib/python3.12/site-packages/***/task/task_runner/standard_task_runner.py:61 DeprecationWarning: This process (pid=4623) is multi-threaded, use of fork() may lead to deadlocks in the child.
[2024-07-14T20:39:21.741+0000] {standard_task_runner.py:63} INFO - Started process 4634 to run task
[2024-07-14T20:39:21.733+0000] {standard_task_runner.py:90} INFO - Running: ['***', 'tasks', 'run', 'fetch_spread_values', 'fetch_and_compute_spread_usd_mxn', 'scheduled__2024-07-14T17:10:00+00:00', '--job-id', '2189', '--raw', '--subdir', 'DAGS_FOLDER/***.py', '--cfg-path', '/tmp/tmpvm5pu9fa']
[2024-07-14T20:39:21.743+0000] {standard_task_runner.py:91} INFO - Job 2189: Subtask fetch_and_compute_spread_usd_mxn
[2024-07-14T20:39:21.844+0000] {task_command.py:426} INFO - Running <TaskInstance: fetch_spread_values.fetch_and_compute_spread_usd_mxn scheduled__2024-07-14T17:10:00+00:00 [running]> on host 77caf7e4b282
[2024-07-14T20:39:22.004+0000] {taskinstance.py:2648} INFO - Exporting env vars: AIRFLOW_CTX_DAG_OWNER='***' AIRFLOW_CTX_DAG_ID='fetch_spread_values' AIRFLOW_CTX_TASK_ID='fetch_and_compute_spread_usd_mxn' AIRFLOW_CTX_EXECUTION_DATE='2024-07-14T17:10:00+00:00' AIRFLOW_CTX_TRY_NUMBER='1' AIRFLOW_CTX_DAG_RUN_ID='scheduled__2024-07-14T17:10:00+00:00'
[2024-07-14T20:39:22.007+0000] {taskinstance.py:430} INFO - ::endgroup::
[2024-07-14T20:39:22.244+0000] {python.py:237} INFO - Done. Returned value was: None
[2024-07-14T20:39:22.245+0000] {taskinstance.py:441} INFO - ::group::Post task execution logs
[2024-07-14T20:39:22.264+0000] {taskinstance.py:1206} INFO - Marking task as SUCCESS. dag_id=fetch_spread_values, task_id=fetch_and_compute_spread_usd_mxn, run_id=scheduled__2024-07-14T17:10:00+00:00, execution_date=20240714T171000, start_date=20240714T203921, end_date=20240714T203922
[2024-07-14T20:39:22.303+0000] {local_task_job_runner.py:240} INFO - Task exited with return code 0
[2024-07-14T20:39:22.319+0000] {taskinstance.py:3503} INFO - 0 downstream tasks scheduled from follow-on schedule check
[2024-07-14T20:39:22.325+0000] {local_task_job_runner.py:222} INFO - ::endgroup::
