[2024-07-14T09:04:21.654+0000] {local_task_job_runner.py:120} INFO - ::group::Pre task execution logs
[2024-07-14T09:04:21.709+0000] {taskinstance.py:2076} INFO - Dependencies all met for dep_context=non-requeueable deps ti=<TaskInstance: fetch_spread_values.fetch_and_compute_spread_usd_mxn scheduled__2024-07-14T08:13:00+00:00 [queued]>
[2024-07-14T09:04:21.723+0000] {taskinstance.py:2076} INFO - Dependencies all met for dep_context=requeueable deps ti=<TaskInstance: fetch_spread_values.fetch_and_compute_spread_usd_mxn scheduled__2024-07-14T08:13:00+00:00 [queued]>
[2024-07-14T09:04:21.725+0000] {taskinstance.py:2306} INFO - Starting attempt 1 of 2
[2024-07-14T09:04:21.744+0000] {taskinstance.py:2330} INFO - Executing <Task(PythonOperator): fetch_and_compute_spread_usd_mxn> on 2024-07-14 08:13:00+00:00
[2024-07-14T09:04:21.817+0000] {warnings.py:112} WARNING - /home/***/.local/lib/python3.12/site-packages/***/task/task_runner/standard_task_runner.py:61: DeprecationWarning: This process (pid=3149) is multi-threaded, use of fork() may lead to deadlocks in the child.
  pid = os.fork()

[2024-07-14T09:04:21.818+0000] {standard_task_runner.py:63} INFO - Started process 3180 to run task
[2024-07-14T09:04:21.815+0000] {standard_task_runner.py:90} INFO - Running: ['***', 'tasks', 'run', 'fetch_spread_values', 'fetch_and_compute_spread_usd_mxn', 'scheduled__2024-07-14T08:13:00+00:00', '--job-id', '1014', '--raw', '--subdir', 'DAGS_FOLDER/***.py', '--cfg-path', '/tmp/tmpf0w66ray']
[2024-07-14T09:04:21.833+0000] {standard_task_runner.py:91} INFO - Job 1014: Subtask fetch_and_compute_spread_usd_mxn
[2024-07-14T09:04:21.970+0000] {task_command.py:426} INFO - Running <TaskInstance: fetch_spread_values.fetch_and_compute_spread_usd_mxn scheduled__2024-07-14T08:13:00+00:00 [running]> on host d537c34a4880
[2024-07-14T09:04:22.119+0000] {taskinstance.py:2648} INFO - Exporting env vars: AIRFLOW_CTX_DAG_OWNER='***' AIRFLOW_CTX_DAG_ID='fetch_spread_values' AIRFLOW_CTX_TASK_ID='fetch_and_compute_spread_usd_mxn' AIRFLOW_CTX_EXECUTION_DATE='2024-07-14T08:13:00+00:00' AIRFLOW_CTX_TRY_NUMBER='1' AIRFLOW_CTX_DAG_RUN_ID='scheduled__2024-07-14T08:13:00+00:00'
[2024-07-14T09:04:22.130+0000] {taskinstance.py:430} INFO - ::endgroup::
[2024-07-14T09:04:22.381+0000] {python.py:237} INFO - Done. Returned value was: None
[2024-07-14T09:04:22.383+0000] {taskinstance.py:441} INFO - ::group::Post task execution logs
[2024-07-14T09:04:22.401+0000] {taskinstance.py:1206} INFO - Marking task as SUCCESS. dag_id=fetch_spread_values, task_id=fetch_and_compute_spread_usd_mxn, run_id=scheduled__2024-07-14T08:13:00+00:00, execution_date=20240714T081300, start_date=20240714T090421, end_date=20240714T090422
[2024-07-14T09:04:22.440+0000] {local_task_job_runner.py:240} INFO - Task exited with return code 0
[2024-07-14T09:04:22.464+0000] {taskinstance.py:3503} INFO - 0 downstream tasks scheduled from follow-on schedule check
[2024-07-14T09:04:22.472+0000] {local_task_job_runner.py:222} INFO - ::endgroup::
[2024-07-14T20:36:03.602+0000] {local_task_job_runner.py:120} INFO - ::group::Pre task execution logs
[2024-07-14T20:36:03.626+0000] {taskinstance.py:2076} INFO - Dependencies all met for dep_context=non-requeueable deps ti=<TaskInstance: fetch_spread_values.fetch_and_compute_spread_usd_mxn scheduled__2024-07-14T08:13:00+00:00 [queued]>
[2024-07-14T20:36:03.633+0000] {taskinstance.py:2076} INFO - Dependencies all met for dep_context=requeueable deps ti=<TaskInstance: fetch_spread_values.fetch_and_compute_spread_usd_mxn scheduled__2024-07-14T08:13:00+00:00 [queued]>
[2024-07-14T20:36:03.634+0000] {taskinstance.py:2306} INFO - Starting attempt 1 of 2
[2024-07-14T20:36:03.661+0000] {taskinstance.py:2330} INFO - Executing <Task(PythonOperator): fetch_and_compute_spread_usd_mxn> on 2024-07-14 08:13:00+00:00
[2024-07-14T20:36:03.672+0000] {standard_task_runner.py:90} INFO - Running: ['***', 'tasks', 'run', 'fetch_spread_values', 'fetch_and_compute_spread_usd_mxn', 'scheduled__2024-07-14T08:13:00+00:00', '--job-id', '1114', '--raw', '--subdir', 'DAGS_FOLDER/***.py', '--cfg-path', '/tmp/tmpvm93hf0l']
[2024-07-14T20:36:03.678+0000] {standard_task_runner.py:91} INFO - Job 1114: Subtask fetch_and_compute_spread_usd_mxn
[2024-07-14T20:36:03.674+0000] {logging_mixin.py:188} WARNING - /home/***/.local/lib/python3.12/site-packages/***/task/task_runner/standard_task_runner.py:61 DeprecationWarning: This process (pid=2444) is multi-threaded, use of fork() may lead to deadlocks in the child.
[2024-07-14T20:36:03.681+0000] {standard_task_runner.py:63} INFO - Started process 2454 to run task
[2024-07-14T20:36:03.724+0000] {task_command.py:426} INFO - Running <TaskInstance: fetch_spread_values.fetch_and_compute_spread_usd_mxn scheduled__2024-07-14T08:13:00+00:00 [running]> on host 77caf7e4b282
[2024-07-14T20:36:03.834+0000] {taskinstance.py:2648} INFO - Exporting env vars: AIRFLOW_CTX_DAG_OWNER='***' AIRFLOW_CTX_DAG_ID='fetch_spread_values' AIRFLOW_CTX_TASK_ID='fetch_and_compute_spread_usd_mxn' AIRFLOW_CTX_EXECUTION_DATE='2024-07-14T08:13:00+00:00' AIRFLOW_CTX_TRY_NUMBER='1' AIRFLOW_CTX_DAG_RUN_ID='scheduled__2024-07-14T08:13:00+00:00'
[2024-07-14T20:36:03.835+0000] {taskinstance.py:430} INFO - ::endgroup::
[2024-07-14T20:36:04.042+0000] {python.py:237} INFO - Done. Returned value was: None
[2024-07-14T20:36:04.043+0000] {taskinstance.py:441} INFO - ::group::Post task execution logs
[2024-07-14T20:36:04.051+0000] {taskinstance.py:1206} INFO - Marking task as SUCCESS. dag_id=fetch_spread_values, task_id=fetch_and_compute_spread_usd_mxn, run_id=scheduled__2024-07-14T08:13:00+00:00, execution_date=20240714T081300, start_date=20240714T203603, end_date=20240714T203604
[2024-07-14T20:36:04.115+0000] {local_task_job_runner.py:240} INFO - Task exited with return code 0
[2024-07-14T20:36:04.130+0000] {taskinstance.py:3503} INFO - 0 downstream tasks scheduled from follow-on schedule check
[2024-07-14T20:36:04.132+0000] {local_task_job_runner.py:222} INFO - ::endgroup::
