[2024-07-14T18:29:43.959+0000] {local_task_job_runner.py:120} INFO - ::group::Pre task execution logs
[2024-07-14T18:29:44.034+0000] {taskinstance.py:2076} INFO - Dependencies all met for dep_context=non-requeueable deps ti=<TaskInstance: fetch_spread_values.fetch_and_compute_spread_usd_mxn scheduled__2024-07-14T18:13:00+00:00 [queued]>
[2024-07-14T18:29:44.055+0000] {taskinstance.py:2076} INFO - Dependencies all met for dep_context=requeueable deps ti=<TaskInstance: fetch_spread_values.fetch_and_compute_spread_usd_mxn scheduled__2024-07-14T18:13:00+00:00 [queued]>
[2024-07-14T18:29:44.056+0000] {taskinstance.py:2306} INFO - Starting attempt 1 of 2
[2024-07-14T18:29:44.094+0000] {taskinstance.py:2330} INFO - Executing <Task(PythonOperator): fetch_and_compute_spread_usd_mxn> on 2024-07-14 18:13:00+00:00
[2024-07-14T18:29:44.103+0000] {warnings.py:112} WARNING - /home/***/.local/lib/python3.12/site-packages/***/task/task_runner/standard_task_runner.py:61: DeprecationWarning: This process (pid=7767) is multi-threaded, use of fork() may lead to deadlocks in the child.
  pid = os.fork()

[2024-07-14T18:29:44.106+0000] {standard_task_runner.py:63} INFO - Started process 7795 to run task
[2024-07-14T18:29:44.124+0000] {standard_task_runner.py:90} INFO - Running: ['***', 'tasks', 'run', 'fetch_spread_values', 'fetch_and_compute_spread_usd_mxn', 'scheduled__2024-07-14T18:13:00+00:00', '--job-id', '2342', '--raw', '--subdir', 'DAGS_FOLDER/***.py', '--cfg-path', '/tmp/tmp_affq68f']
[2024-07-14T18:29:44.145+0000] {standard_task_runner.py:91} INFO - Job 2342: Subtask fetch_and_compute_spread_usd_mxn
[2024-07-14T18:29:44.257+0000] {task_command.py:426} INFO - Running <TaskInstance: fetch_spread_values.fetch_and_compute_spread_usd_mxn scheduled__2024-07-14T18:13:00+00:00 [running]> on host d537c34a4880
[2024-07-14T18:29:44.527+0000] {taskinstance.py:2648} INFO - Exporting env vars: AIRFLOW_CTX_DAG_OWNER='***' AIRFLOW_CTX_DAG_ID='fetch_spread_values' AIRFLOW_CTX_TASK_ID='fetch_and_compute_spread_usd_mxn' AIRFLOW_CTX_EXECUTION_DATE='2024-07-14T18:13:00+00:00' AIRFLOW_CTX_TRY_NUMBER='1' AIRFLOW_CTX_DAG_RUN_ID='scheduled__2024-07-14T18:13:00+00:00'
[2024-07-14T18:29:44.541+0000] {taskinstance.py:430} INFO - ::endgroup::
[2024-07-14T18:29:45.022+0000] {python.py:237} INFO - Done. Returned value was: None
[2024-07-14T18:29:45.039+0000] {taskinstance.py:441} INFO - ::group::Post task execution logs
[2024-07-14T18:29:45.071+0000] {taskinstance.py:1206} INFO - Marking task as SUCCESS. dag_id=fetch_spread_values, task_id=fetch_and_compute_spread_usd_mxn, run_id=scheduled__2024-07-14T18:13:00+00:00, execution_date=20240714T181300, start_date=20240714T182944, end_date=20240714T182945
[2024-07-14T18:29:45.176+0000] {local_task_job_runner.py:240} INFO - Task exited with return code 0
[2024-07-14T18:29:45.207+0000] {local_task_job_runner.py:222} INFO - ::endgroup::
[2024-07-14T20:39:41.376+0000] {local_task_job_runner.py:120} INFO - ::group::Pre task execution logs
[2024-07-14T20:39:41.407+0000] {taskinstance.py:2076} INFO - Dependencies all met for dep_context=non-requeueable deps ti=<TaskInstance: fetch_spread_values.fetch_and_compute_spread_usd_mxn scheduled__2024-07-14T18:13:00+00:00 [queued]>
[2024-07-14T20:39:41.417+0000] {taskinstance.py:2076} INFO - Dependencies all met for dep_context=requeueable deps ti=<TaskInstance: fetch_spread_values.fetch_and_compute_spread_usd_mxn scheduled__2024-07-14T18:13:00+00:00 [queued]>
[2024-07-14T20:39:41.419+0000] {taskinstance.py:2306} INFO - Starting attempt 1 of 2
[2024-07-14T20:39:41.429+0000] {taskinstance.py:2330} INFO - Executing <Task(PythonOperator): fetch_and_compute_spread_usd_mxn> on 2024-07-14 18:13:00+00:00
[2024-07-14T20:39:41.439+0000] {logging_mixin.py:188} WARNING - /home/***/.local/lib/python3.12/site-packages/***/task/task_runner/standard_task_runner.py:61 DeprecationWarning: This process (pid=4880) is multi-threaded, use of fork() may lead to deadlocks in the child.
[2024-07-14T20:39:41.441+0000] {standard_task_runner.py:90} INFO - Running: ['***', 'tasks', 'run', 'fetch_spread_values', 'fetch_and_compute_spread_usd_mxn', 'scheduled__2024-07-14T18:13:00+00:00', '--job-id', '2314', '--raw', '--subdir', 'DAGS_FOLDER/***.py', '--cfg-path', '/tmp/tmph0g2qs2u']
[2024-07-14T20:39:41.449+0000] {standard_task_runner.py:91} INFO - Job 2314: Subtask fetch_and_compute_spread_usd_mxn
[2024-07-14T20:39:41.444+0000] {standard_task_runner.py:63} INFO - Started process 4886 to run task
[2024-07-14T20:39:41.532+0000] {task_command.py:426} INFO - Running <TaskInstance: fetch_spread_values.fetch_and_compute_spread_usd_mxn scheduled__2024-07-14T18:13:00+00:00 [running]> on host 77caf7e4b282
[2024-07-14T20:39:41.647+0000] {taskinstance.py:2648} INFO - Exporting env vars: AIRFLOW_CTX_DAG_OWNER='***' AIRFLOW_CTX_DAG_ID='fetch_spread_values' AIRFLOW_CTX_TASK_ID='fetch_and_compute_spread_usd_mxn' AIRFLOW_CTX_EXECUTION_DATE='2024-07-14T18:13:00+00:00' AIRFLOW_CTX_TRY_NUMBER='1' AIRFLOW_CTX_DAG_RUN_ID='scheduled__2024-07-14T18:13:00+00:00'
[2024-07-14T20:39:41.650+0000] {taskinstance.py:430} INFO - ::endgroup::
[2024-07-14T20:39:41.928+0000] {python.py:237} INFO - Done. Returned value was: None
[2024-07-14T20:39:41.934+0000] {taskinstance.py:441} INFO - ::group::Post task execution logs
[2024-07-14T20:39:41.952+0000] {taskinstance.py:1206} INFO - Marking task as SUCCESS. dag_id=fetch_spread_values, task_id=fetch_and_compute_spread_usd_mxn, run_id=scheduled__2024-07-14T18:13:00+00:00, execution_date=20240714T181300, start_date=20240714T203941, end_date=20240714T203941
[2024-07-14T20:39:42.022+0000] {local_task_job_runner.py:240} INFO - Task exited with return code 0
[2024-07-14T20:39:42.045+0000] {local_task_job_runner.py:222} INFO - ::endgroup::
