[2024-07-14T09:03:11.137+0000] {local_task_job_runner.py:120} INFO - ::group::Pre task execution logs
[2024-07-14T09:03:11.231+0000] {taskinstance.py:2076} INFO - Dependencies all met for dep_context=non-requeueable deps ti=<TaskInstance: fetch_spread_values.fetch_and_compute_spread_usd_mxn scheduled__2024-07-14T06:59:00+00:00 [queued]>
[2024-07-14T09:03:11.241+0000] {taskinstance.py:2076} INFO - Dependencies all met for dep_context=requeueable deps ti=<TaskInstance: fetch_spread_values.fetch_and_compute_spread_usd_mxn scheduled__2024-07-14T06:59:00+00:00 [queued]>
[2024-07-14T09:03:11.252+0000] {taskinstance.py:2306} INFO - Starting attempt 1 of 2
[2024-07-14T09:03:11.321+0000] {taskinstance.py:2330} INFO - Executing <Task(PythonOperator): fetch_and_compute_spread_usd_mxn> on 2024-07-14 06:59:00+00:00
[2024-07-14T09:03:11.349+0000] {warnings.py:112} WARNING - /home/***/.local/lib/python3.12/site-packages/***/task/task_runner/standard_task_runner.py:61: DeprecationWarning: This process (pid=2694) is multi-threaded, use of fork() may lead to deadlocks in the child.
  pid = os.fork()

[2024-07-14T09:03:11.338+0000] {standard_task_runner.py:90} INFO - Running: ['***', 'tasks', 'run', 'fetch_spread_values', 'fetch_and_compute_spread_usd_mxn', 'scheduled__2024-07-14T06:59:00+00:00', '--job-id', '869', '--raw', '--subdir', 'DAGS_FOLDER/***.py', '--cfg-path', '/tmp/tmpqk84evbl']
[2024-07-14T09:03:11.369+0000] {standard_task_runner.py:91} INFO - Job 869: Subtask fetch_and_compute_spread_usd_mxn
[2024-07-14T09:03:11.365+0000] {standard_task_runner.py:63} INFO - Started process 2734 to run task
[2024-07-14T09:03:11.568+0000] {task_command.py:426} INFO - Running <TaskInstance: fetch_spread_values.fetch_and_compute_spread_usd_mxn scheduled__2024-07-14T06:59:00+00:00 [running]> on host d537c34a4880
[2024-07-14T09:03:11.847+0000] {taskinstance.py:2648} INFO - Exporting env vars: AIRFLOW_CTX_DAG_OWNER='***' AIRFLOW_CTX_DAG_ID='fetch_spread_values' AIRFLOW_CTX_TASK_ID='fetch_and_compute_spread_usd_mxn' AIRFLOW_CTX_EXECUTION_DATE='2024-07-14T06:59:00+00:00' AIRFLOW_CTX_TRY_NUMBER='1' AIRFLOW_CTX_DAG_RUN_ID='scheduled__2024-07-14T06:59:00+00:00'
[2024-07-14T09:03:11.851+0000] {taskinstance.py:430} INFO - ::endgroup::
[2024-07-14T09:03:12.104+0000] {python.py:237} INFO - Done. Returned value was: None
[2024-07-14T09:03:12.106+0000] {taskinstance.py:441} INFO - ::group::Post task execution logs
[2024-07-14T09:03:12.128+0000] {taskinstance.py:1206} INFO - Marking task as SUCCESS. dag_id=fetch_spread_values, task_id=fetch_and_compute_spread_usd_mxn, run_id=scheduled__2024-07-14T06:59:00+00:00, execution_date=20240714T065900, start_date=20240714T090311, end_date=20240714T090312
[2024-07-14T09:03:12.219+0000] {local_task_job_runner.py:240} INFO - Task exited with return code 0
[2024-07-14T09:03:12.268+0000] {taskinstance.py:3503} INFO - 0 downstream tasks scheduled from follow-on schedule check
[2024-07-14T09:03:12.274+0000] {local_task_job_runner.py:222} INFO - ::endgroup::
[2024-07-14T20:35:08.908+0000] {local_task_job_runner.py:120} INFO - ::group::Pre task execution logs
[2024-07-14T20:35:08.929+0000] {taskinstance.py:2076} INFO - Dependencies all met for dep_context=non-requeueable deps ti=<TaskInstance: fetch_spread_values.fetch_and_compute_spread_usd_mxn scheduled__2024-07-14T06:59:00+00:00 [queued]>
[2024-07-14T20:35:08.934+0000] {taskinstance.py:2076} INFO - Dependencies all met for dep_context=requeueable deps ti=<TaskInstance: fetch_spread_values.fetch_and_compute_spread_usd_mxn scheduled__2024-07-14T06:59:00+00:00 [queued]>
[2024-07-14T20:35:08.935+0000] {taskinstance.py:2306} INFO - Starting attempt 1 of 2
[2024-07-14T20:35:08.942+0000] {taskinstance.py:2330} INFO - Executing <Task(PythonOperator): fetch_and_compute_spread_usd_mxn> on 2024-07-14 06:59:00+00:00
[2024-07-14T20:35:08.948+0000] {logging_mixin.py:188} WARNING - /home/***/.local/lib/python3.12/site-packages/***/task/task_runner/standard_task_runner.py:61 DeprecationWarning: This process (pid=2036) is multi-threaded, use of fork() may lead to deadlocks in the child.
[2024-07-14T20:35:08.949+0000] {standard_task_runner.py:63} INFO - Started process 2042 to run task
[2024-07-14T20:35:08.951+0000] {standard_task_runner.py:90} INFO - Running: ['***', 'tasks', 'run', 'fetch_spread_values', 'fetch_and_compute_spread_usd_mxn', 'scheduled__2024-07-14T06:59:00+00:00', '--job-id', '917', '--raw', '--subdir', 'DAGS_FOLDER/***.py', '--cfg-path', '/tmp/tmpeuozrmix']
[2024-07-14T20:35:08.954+0000] {standard_task_runner.py:91} INFO - Job 917: Subtask fetch_and_compute_spread_usd_mxn
[2024-07-14T20:35:09.067+0000] {task_command.py:426} INFO - Running <TaskInstance: fetch_spread_values.fetch_and_compute_spread_usd_mxn scheduled__2024-07-14T06:59:00+00:00 [running]> on host 77caf7e4b282
[2024-07-14T20:35:09.204+0000] {taskinstance.py:2648} INFO - Exporting env vars: AIRFLOW_CTX_DAG_OWNER='***' AIRFLOW_CTX_DAG_ID='fetch_spread_values' AIRFLOW_CTX_TASK_ID='fetch_and_compute_spread_usd_mxn' AIRFLOW_CTX_EXECUTION_DATE='2024-07-14T06:59:00+00:00' AIRFLOW_CTX_TRY_NUMBER='1' AIRFLOW_CTX_DAG_RUN_ID='scheduled__2024-07-14T06:59:00+00:00'
[2024-07-14T20:35:09.209+0000] {taskinstance.py:430} INFO - ::endgroup::
[2024-07-14T20:35:09.389+0000] {python.py:237} INFO - Done. Returned value was: None
[2024-07-14T20:35:09.390+0000] {taskinstance.py:441} INFO - ::group::Post task execution logs
[2024-07-14T20:35:09.395+0000] {taskinstance.py:1206} INFO - Marking task as SUCCESS. dag_id=fetch_spread_values, task_id=fetch_and_compute_spread_usd_mxn, run_id=scheduled__2024-07-14T06:59:00+00:00, execution_date=20240714T065900, start_date=20240714T203508, end_date=20240714T203509
[2024-07-14T20:35:09.432+0000] {local_task_job_runner.py:240} INFO - Task exited with return code 0
[2024-07-14T20:35:09.442+0000] {taskinstance.py:3503} INFO - 0 downstream tasks scheduled from follow-on schedule check
[2024-07-14T20:35:09.443+0000] {local_task_job_runner.py:222} INFO - ::endgroup::
