[2024-07-14T09:02:14.701+0000] {local_task_job_runner.py:120} INFO - ::group::Pre task execution logs
[2024-07-14T09:02:14.729+0000] {taskinstance.py:2076} INFO - Dependencies all met for dep_context=non-requeueable deps ti=<TaskInstance: fetch_spread_values.fetch_and_compute_spread_btc_mxn scheduled__2024-07-14T05:56:00+00:00 [queued]>
[2024-07-14T09:02:14.741+0000] {taskinstance.py:2076} INFO - Dependencies all met for dep_context=requeueable deps ti=<TaskInstance: fetch_spread_values.fetch_and_compute_spread_btc_mxn scheduled__2024-07-14T05:56:00+00:00 [queued]>
[2024-07-14T09:02:14.748+0000] {taskinstance.py:2306} INFO - Starting attempt 1 of 2
[2024-07-14T09:02:14.783+0000] {taskinstance.py:2330} INFO - Executing <Task(PythonOperator): fetch_and_compute_spread_btc_mxn> on 2024-07-14 05:56:00+00:00
[2024-07-14T09:02:14.792+0000] {warnings.py:112} WARNING - /home/***/.local/lib/python3.12/site-packages/***/task/task_runner/standard_task_runner.py:61: DeprecationWarning: This process (pid=2309) is multi-threaded, use of fork() may lead to deadlocks in the child.
  pid = os.fork()

[2024-07-14T09:02:14.799+0000] {standard_task_runner.py:63} INFO - Started process 2342 to run task
[2024-07-14T09:02:14.793+0000] {standard_task_runner.py:90} INFO - Running: ['***', 'tasks', 'run', 'fetch_spread_values', 'fetch_and_compute_spread_btc_mxn', 'scheduled__2024-07-14T05:56:00+00:00', '--job-id', '743', '--raw', '--subdir', 'DAGS_FOLDER/***.py', '--cfg-path', '/tmp/tmp3iqec_6c']
[2024-07-14T09:02:14.809+0000] {standard_task_runner.py:91} INFO - Job 743: Subtask fetch_and_compute_spread_btc_mxn
[2024-07-14T09:02:15.022+0000] {task_command.py:426} INFO - Running <TaskInstance: fetch_spread_values.fetch_and_compute_spread_btc_mxn scheduled__2024-07-14T05:56:00+00:00 [running]> on host d537c34a4880
[2024-07-14T09:02:15.212+0000] {taskinstance.py:2648} INFO - Exporting env vars: AIRFLOW_CTX_DAG_OWNER='***' AIRFLOW_CTX_DAG_ID='fetch_spread_values' AIRFLOW_CTX_TASK_ID='fetch_and_compute_spread_btc_mxn' AIRFLOW_CTX_EXECUTION_DATE='2024-07-14T05:56:00+00:00' AIRFLOW_CTX_TRY_NUMBER='1' AIRFLOW_CTX_DAG_RUN_ID='scheduled__2024-07-14T05:56:00+00:00'
[2024-07-14T09:02:15.216+0000] {taskinstance.py:430} INFO - ::endgroup::
[2024-07-14T09:02:15.450+0000] {python.py:237} INFO - Done. Returned value was: None
[2024-07-14T09:02:15.454+0000] {taskinstance.py:441} INFO - ::group::Post task execution logs
[2024-07-14T09:02:15.461+0000] {taskinstance.py:1206} INFO - Marking task as SUCCESS. dag_id=fetch_spread_values, task_id=fetch_and_compute_spread_btc_mxn, run_id=scheduled__2024-07-14T05:56:00+00:00, execution_date=20240714T055600, start_date=20240714T090214, end_date=20240714T090215
[2024-07-14T09:02:15.500+0000] {local_task_job_runner.py:240} INFO - Task exited with return code 0
[2024-07-14T09:02:15.532+0000] {taskinstance.py:3503} INFO - 0 downstream tasks scheduled from follow-on schedule check
[2024-07-14T09:02:15.534+0000] {local_task_job_runner.py:222} INFO - ::endgroup::
[2024-07-14T20:34:40.466+0000] {local_task_job_runner.py:120} INFO - ::group::Pre task execution logs
[2024-07-14T20:34:40.505+0000] {taskinstance.py:2076} INFO - Dependencies all met for dep_context=non-requeueable deps ti=<TaskInstance: fetch_spread_values.fetch_and_compute_spread_btc_mxn scheduled__2024-07-14T05:56:00+00:00 [queued]>
[2024-07-14T20:34:40.529+0000] {taskinstance.py:2076} INFO - Dependencies all met for dep_context=requeueable deps ti=<TaskInstance: fetch_spread_values.fetch_and_compute_spread_btc_mxn scheduled__2024-07-14T05:56:00+00:00 [queued]>
[2024-07-14T20:34:40.535+0000] {taskinstance.py:2306} INFO - Starting attempt 1 of 2
[2024-07-14T20:34:40.562+0000] {taskinstance.py:2330} INFO - Executing <Task(PythonOperator): fetch_and_compute_spread_btc_mxn> on 2024-07-14 05:56:00+00:00
[2024-07-14T20:34:40.570+0000] {logging_mixin.py:188} WARNING - /home/***/.local/lib/python3.12/site-packages/***/task/task_runner/standard_task_runner.py:61 DeprecationWarning: This process (pid=1658) is multi-threaded, use of fork() may lead to deadlocks in the child.
[2024-07-14T20:34:40.571+0000] {standard_task_runner.py:63} INFO - Started process 1667 to run task
[2024-07-14T20:34:40.574+0000] {standard_task_runner.py:90} INFO - Running: ['***', 'tasks', 'run', 'fetch_spread_values', 'fetch_and_compute_spread_btc_mxn', 'scheduled__2024-07-14T05:56:00+00:00', '--job-id', '730', '--raw', '--subdir', 'DAGS_FOLDER/***.py', '--cfg-path', '/tmp/tmp5xo6clw_']
[2024-07-14T20:34:40.577+0000] {standard_task_runner.py:91} INFO - Job 730: Subtask fetch_and_compute_spread_btc_mxn
[2024-07-14T20:34:40.635+0000] {task_command.py:426} INFO - Running <TaskInstance: fetch_spread_values.fetch_and_compute_spread_btc_mxn scheduled__2024-07-14T05:56:00+00:00 [running]> on host 77caf7e4b282
[2024-07-14T20:34:40.694+0000] {taskinstance.py:2648} INFO - Exporting env vars: AIRFLOW_CTX_DAG_OWNER='***' AIRFLOW_CTX_DAG_ID='fetch_spread_values' AIRFLOW_CTX_TASK_ID='fetch_and_compute_spread_btc_mxn' AIRFLOW_CTX_EXECUTION_DATE='2024-07-14T05:56:00+00:00' AIRFLOW_CTX_TRY_NUMBER='1' AIRFLOW_CTX_DAG_RUN_ID='scheduled__2024-07-14T05:56:00+00:00'
[2024-07-14T20:34:40.696+0000] {taskinstance.py:430} INFO - ::endgroup::
[2024-07-14T20:34:40.881+0000] {python.py:237} INFO - Done. Returned value was: None
[2024-07-14T20:34:40.882+0000] {taskinstance.py:441} INFO - ::group::Post task execution logs
[2024-07-14T20:34:40.887+0000] {taskinstance.py:1206} INFO - Marking task as SUCCESS. dag_id=fetch_spread_values, task_id=fetch_and_compute_spread_btc_mxn, run_id=scheduled__2024-07-14T05:56:00+00:00, execution_date=20240714T055600, start_date=20240714T203440, end_date=20240714T203440
[2024-07-14T20:34:40.919+0000] {local_task_job_runner.py:240} INFO - Task exited with return code 0
[2024-07-14T20:34:40.929+0000] {taskinstance.py:3503} INFO - 0 downstream tasks scheduled from follow-on schedule check
[2024-07-14T20:34:40.930+0000] {local_task_job_runner.py:222} INFO - ::endgroup::
