[2024-07-14T08:57:52.719+0000] {local_task_job_runner.py:120} INFO - ::group::Pre task execution logs
[2024-07-14T08:57:52.802+0000] {taskinstance.py:2076} INFO - Dependencies all met for dep_context=non-requeueable deps ti=<TaskInstance: fetch_spread_values.fetch_and_compute_spread_usd_mxn scheduled__2024-07-14T01:10:00+00:00 [queued]>
[2024-07-14T08:57:52.817+0000] {taskinstance.py:2076} INFO - Dependencies all met for dep_context=requeueable deps ti=<TaskInstance: fetch_spread_values.fetch_and_compute_spread_usd_mxn scheduled__2024-07-14T01:10:00+00:00 [queued]>
[2024-07-14T08:57:52.828+0000] {taskinstance.py:2306} INFO - Starting attempt 1 of 2
[2024-07-14T08:57:52.857+0000] {taskinstance.py:2330} INFO - Executing <Task(PythonOperator): fetch_and_compute_spread_usd_mxn> on 2024-07-14 01:10:00+00:00
[2024-07-14T08:57:52.873+0000] {warnings.py:112} WARNING - /home/***/.local/lib/python3.12/site-packages/***/task/task_runner/standard_task_runner.py:61: DeprecationWarning: This process (pid=535) is multi-threaded, use of fork() may lead to deadlocks in the child.
  pid = os.fork()

[2024-07-14T08:57:52.883+0000] {standard_task_runner.py:63} INFO - Started process 565 to run task
[2024-07-14T08:57:52.875+0000] {standard_task_runner.py:90} INFO - Running: ['***', 'tasks', 'run', 'fetch_spread_values', 'fetch_and_compute_spread_usd_mxn', 'scheduled__2024-07-14T01:10:00+00:00', '--job-id', '169', '--raw', '--subdir', 'DAGS_FOLDER/***.py', '--cfg-path', '/tmp/tmp4p_t4o8_']
[2024-07-14T08:57:52.901+0000] {standard_task_runner.py:91} INFO - Job 169: Subtask fetch_and_compute_spread_usd_mxn
[2024-07-14T08:57:53.061+0000] {task_command.py:426} INFO - Running <TaskInstance: fetch_spread_values.fetch_and_compute_spread_usd_mxn scheduled__2024-07-14T01:10:00+00:00 [running]> on host d537c34a4880
[2024-07-14T08:57:53.247+0000] {taskinstance.py:2648} INFO - Exporting env vars: AIRFLOW_CTX_DAG_OWNER='***' AIRFLOW_CTX_DAG_ID='fetch_spread_values' AIRFLOW_CTX_TASK_ID='fetch_and_compute_spread_usd_mxn' AIRFLOW_CTX_EXECUTION_DATE='2024-07-14T01:10:00+00:00' AIRFLOW_CTX_TRY_NUMBER='1' AIRFLOW_CTX_DAG_RUN_ID='scheduled__2024-07-14T01:10:00+00:00'
[2024-07-14T08:57:53.252+0000] {taskinstance.py:430} INFO - ::endgroup::
[2024-07-14T08:57:53.438+0000] {python.py:237} INFO - Done. Returned value was: None
[2024-07-14T08:57:53.439+0000] {taskinstance.py:441} INFO - ::group::Post task execution logs
[2024-07-14T08:57:53.446+0000] {taskinstance.py:1206} INFO - Marking task as SUCCESS. dag_id=fetch_spread_values, task_id=fetch_and_compute_spread_usd_mxn, run_id=scheduled__2024-07-14T01:10:00+00:00, execution_date=20240714T011000, start_date=20240714T085752, end_date=20240714T085753
[2024-07-14T08:57:53.479+0000] {local_task_job_runner.py:240} INFO - Task exited with return code 0
[2024-07-14T08:57:53.496+0000] {taskinstance.py:3503} INFO - 0 downstream tasks scheduled from follow-on schedule check
[2024-07-14T08:57:53.497+0000] {local_task_job_runner.py:222} INFO - ::endgroup::
[2024-07-14T20:32:30.471+0000] {local_task_job_runner.py:120} INFO - ::group::Pre task execution logs
[2024-07-14T20:32:30.538+0000] {taskinstance.py:2076} INFO - Dependencies all met for dep_context=non-requeueable deps ti=<TaskInstance: fetch_spread_values.fetch_and_compute_spread_usd_mxn scheduled__2024-07-14T01:10:00+00:00 [queued]>
[2024-07-14T20:32:30.549+0000] {taskinstance.py:2076} INFO - Dependencies all met for dep_context=requeueable deps ti=<TaskInstance: fetch_spread_values.fetch_and_compute_spread_usd_mxn scheduled__2024-07-14T01:10:00+00:00 [queued]>
[2024-07-14T20:32:30.555+0000] {taskinstance.py:2306} INFO - Starting attempt 1 of 2
[2024-07-14T20:32:30.580+0000] {taskinstance.py:2330} INFO - Executing <Task(PythonOperator): fetch_and_compute_spread_usd_mxn> on 2024-07-14 01:10:00+00:00
[2024-07-14T20:32:30.590+0000] {logging_mixin.py:188} WARNING - /home/***/.local/lib/python3.12/site-packages/***/task/task_runner/standard_task_runner.py:61 DeprecationWarning: This process (pid=469) is multi-threaded, use of fork() may lead to deadlocks in the child.
[2024-07-14T20:32:30.593+0000] {standard_task_runner.py:63} INFO - Started process 481 to run task
[2024-07-14T20:32:30.593+0000] {standard_task_runner.py:90} INFO - Running: ['***', 'tasks', 'run', 'fetch_spread_values', 'fetch_and_compute_spread_usd_mxn', 'scheduled__2024-07-14T01:10:00+00:00', '--job-id', '146', '--raw', '--subdir', 'DAGS_FOLDER/***.py', '--cfg-path', '/tmp/tmpu15hkfar']
[2024-07-14T20:32:30.600+0000] {standard_task_runner.py:91} INFO - Job 146: Subtask fetch_and_compute_spread_usd_mxn
[2024-07-14T20:32:30.672+0000] {task_command.py:426} INFO - Running <TaskInstance: fetch_spread_values.fetch_and_compute_spread_usd_mxn scheduled__2024-07-14T01:10:00+00:00 [running]> on host 77caf7e4b282
[2024-07-14T20:32:30.805+0000] {taskinstance.py:2648} INFO - Exporting env vars: AIRFLOW_CTX_DAG_OWNER='***' AIRFLOW_CTX_DAG_ID='fetch_spread_values' AIRFLOW_CTX_TASK_ID='fetch_and_compute_spread_usd_mxn' AIRFLOW_CTX_EXECUTION_DATE='2024-07-14T01:10:00+00:00' AIRFLOW_CTX_TRY_NUMBER='1' AIRFLOW_CTX_DAG_RUN_ID='scheduled__2024-07-14T01:10:00+00:00'
[2024-07-14T20:32:30.807+0000] {taskinstance.py:430} INFO - ::endgroup::
[2024-07-14T20:32:31.022+0000] {python.py:237} INFO - Done. Returned value was: None
[2024-07-14T20:32:31.028+0000] {taskinstance.py:441} INFO - ::group::Post task execution logs
[2024-07-14T20:32:31.035+0000] {taskinstance.py:1206} INFO - Marking task as SUCCESS. dag_id=fetch_spread_values, task_id=fetch_and_compute_spread_usd_mxn, run_id=scheduled__2024-07-14T01:10:00+00:00, execution_date=20240714T011000, start_date=20240714T203230, end_date=20240714T203231
[2024-07-14T20:32:31.082+0000] {local_task_job_runner.py:240} INFO - Task exited with return code 0
[2024-07-14T20:32:31.094+0000] {taskinstance.py:3503} INFO - 0 downstream tasks scheduled from follow-on schedule check
[2024-07-14T20:32:31.094+0000] {local_task_job_runner.py:222} INFO - ::endgroup::
