[2024-07-14T13:51:03.602+0000] {local_task_job_runner.py:120} INFO - ::group::Pre task execution logs
[2024-07-14T13:51:03.639+0000] {taskinstance.py:2076} INFO - Dependencies all met for dep_context=non-requeueable deps ti=<TaskInstance: fetch_spread_values.fetch_and_compute_spread_btc_mxn scheduled__2024-07-14T13:39:00+00:00 [queued]>
[2024-07-14T13:51:03.645+0000] {taskinstance.py:2076} INFO - Dependencies all met for dep_context=requeueable deps ti=<TaskInstance: fetch_spread_values.fetch_and_compute_spread_btc_mxn scheduled__2024-07-14T13:39:00+00:00 [queued]>
[2024-07-14T13:51:03.648+0000] {taskinstance.py:2306} INFO - Starting attempt 1 of 2
[2024-07-14T13:51:03.713+0000] {taskinstance.py:2330} INFO - Executing <Task(PythonOperator): fetch_and_compute_spread_btc_mxn> on 2024-07-14 13:39:00+00:00
[2024-07-14T13:51:03.718+0000] {warnings.py:112} WARNING - /home/***/.local/lib/python3.12/site-packages/***/task/task_runner/standard_task_runner.py:61: DeprecationWarning: This process (pid=5829) is multi-threaded, use of fork() may lead to deadlocks in the child.
  pid = os.fork()

[2024-07-14T13:51:03.729+0000] {standard_task_runner.py:90} INFO - Running: ['***', 'tasks', 'run', 'fetch_spread_values', 'fetch_and_compute_spread_btc_mxn', 'scheduled__2024-07-14T13:39:00+00:00', '--job-id', '1753', '--raw', '--subdir', 'DAGS_FOLDER/***.py', '--cfg-path', '/tmp/tmp0tcrx28i']
[2024-07-14T13:51:03.735+0000] {standard_task_runner.py:63} INFO - Started process 5851 to run task
[2024-07-14T13:51:03.740+0000] {standard_task_runner.py:91} INFO - Job 1753: Subtask fetch_and_compute_spread_btc_mxn
[2024-07-14T13:51:03.817+0000] {task_command.py:426} INFO - Running <TaskInstance: fetch_spread_values.fetch_and_compute_spread_btc_mxn scheduled__2024-07-14T13:39:00+00:00 [running]> on host d537c34a4880
[2024-07-14T13:51:03.959+0000] {taskinstance.py:2648} INFO - Exporting env vars: AIRFLOW_CTX_DAG_OWNER='***' AIRFLOW_CTX_DAG_ID='fetch_spread_values' AIRFLOW_CTX_TASK_ID='fetch_and_compute_spread_btc_mxn' AIRFLOW_CTX_EXECUTION_DATE='2024-07-14T13:39:00+00:00' AIRFLOW_CTX_TRY_NUMBER='1' AIRFLOW_CTX_DAG_RUN_ID='scheduled__2024-07-14T13:39:00+00:00'
[2024-07-14T13:51:03.985+0000] {taskinstance.py:430} INFO - ::endgroup::
[2024-07-14T13:51:04.214+0000] {python.py:237} INFO - Done. Returned value was: None
[2024-07-14T13:51:04.215+0000] {taskinstance.py:441} INFO - ::group::Post task execution logs
[2024-07-14T13:51:04.242+0000] {taskinstance.py:1206} INFO - Marking task as SUCCESS. dag_id=fetch_spread_values, task_id=fetch_and_compute_spread_btc_mxn, run_id=scheduled__2024-07-14T13:39:00+00:00, execution_date=20240714T133900, start_date=20240714T135103, end_date=20240714T135104
[2024-07-14T13:51:04.303+0000] {local_task_job_runner.py:240} INFO - Task exited with return code 0
[2024-07-14T13:51:04.321+0000] {taskinstance.py:3503} INFO - 0 downstream tasks scheduled from follow-on schedule check
[2024-07-14T13:51:04.323+0000] {local_task_job_runner.py:222} INFO - ::endgroup::
[2024-07-14T20:38:03.497+0000] {local_task_job_runner.py:120} INFO - ::group::Pre task execution logs
[2024-07-14T20:38:03.514+0000] {taskinstance.py:2076} INFO - Dependencies all met for dep_context=non-requeueable deps ti=<TaskInstance: fetch_spread_values.fetch_and_compute_spread_btc_mxn scheduled__2024-07-14T13:39:00+00:00 [queued]>
[2024-07-14T20:38:03.518+0000] {taskinstance.py:2076} INFO - Dependencies all met for dep_context=requeueable deps ti=<TaskInstance: fetch_spread_values.fetch_and_compute_spread_btc_mxn scheduled__2024-07-14T13:39:00+00:00 [queued]>
[2024-07-14T20:38:03.518+0000] {taskinstance.py:2306} INFO - Starting attempt 1 of 2
[2024-07-14T20:38:03.525+0000] {taskinstance.py:2330} INFO - Executing <Task(PythonOperator): fetch_and_compute_spread_btc_mxn> on 2024-07-14 13:39:00+00:00
[2024-07-14T20:38:03.528+0000] {logging_mixin.py:188} WARNING - /home/***/.local/lib/python3.12/site-packages/***/task/task_runner/standard_task_runner.py:61 DeprecationWarning: This process (pid=3770) is multi-threaded, use of fork() may lead to deadlocks in the child.
[2024-07-14T20:38:03.528+0000] {standard_task_runner.py:90} INFO - Running: ['***', 'tasks', 'run', 'fetch_spread_values', 'fetch_and_compute_spread_btc_mxn', 'scheduled__2024-07-14T13:39:00+00:00', '--job-id', '1768', '--raw', '--subdir', 'DAGS_FOLDER/***.py', '--cfg-path', '/tmp/tmp3741k6_z']
[2024-07-14T20:38:03.531+0000] {standard_task_runner.py:63} INFO - Started process 3773 to run task
[2024-07-14T20:38:03.532+0000] {standard_task_runner.py:91} INFO - Job 1768: Subtask fetch_and_compute_spread_btc_mxn
[2024-07-14T20:38:03.559+0000] {task_command.py:426} INFO - Running <TaskInstance: fetch_spread_values.fetch_and_compute_spread_btc_mxn scheduled__2024-07-14T13:39:00+00:00 [running]> on host 77caf7e4b282
[2024-07-14T20:38:03.605+0000] {taskinstance.py:2648} INFO - Exporting env vars: AIRFLOW_CTX_DAG_OWNER='***' AIRFLOW_CTX_DAG_ID='fetch_spread_values' AIRFLOW_CTX_TASK_ID='fetch_and_compute_spread_btc_mxn' AIRFLOW_CTX_EXECUTION_DATE='2024-07-14T13:39:00+00:00' AIRFLOW_CTX_TRY_NUMBER='1' AIRFLOW_CTX_DAG_RUN_ID='scheduled__2024-07-14T13:39:00+00:00'
[2024-07-14T20:38:03.606+0000] {taskinstance.py:430} INFO - ::endgroup::
[2024-07-14T20:38:03.775+0000] {python.py:237} INFO - Done. Returned value was: None
[2024-07-14T20:38:03.775+0000] {taskinstance.py:441} INFO - ::group::Post task execution logs
[2024-07-14T20:38:03.784+0000] {taskinstance.py:1206} INFO - Marking task as SUCCESS. dag_id=fetch_spread_values, task_id=fetch_and_compute_spread_btc_mxn, run_id=scheduled__2024-07-14T13:39:00+00:00, execution_date=20240714T133900, start_date=20240714T203803, end_date=20240714T203803
[2024-07-14T20:38:03.798+0000] {local_task_job_runner.py:240} INFO - Task exited with return code 0
[2024-07-14T20:38:03.808+0000] {taskinstance.py:3503} INFO - 0 downstream tasks scheduled from follow-on schedule check
[2024-07-14T20:38:03.809+0000] {local_task_job_runner.py:222} INFO - ::endgroup::
