[2024-07-14T11:51:50.028+0000] {local_task_job_runner.py:120} INFO - ::group::Pre task execution logs
[2024-07-14T11:51:50.106+0000] {taskinstance.py:2076} INFO - Dependencies all met for dep_context=non-requeueable deps ti=<TaskInstance: fetch_spread_values.fetch_and_compute_spread_usd_mxn scheduled__2024-07-14T11:50:00+00:00 [queued]>
[2024-07-14T11:51:50.130+0000] {taskinstance.py:2076} INFO - Dependencies all met for dep_context=requeueable deps ti=<TaskInstance: fetch_spread_values.fetch_and_compute_spread_usd_mxn scheduled__2024-07-14T11:50:00+00:00 [queued]>
[2024-07-14T11:51:50.136+0000] {taskinstance.py:2306} INFO - Starting attempt 1 of 2
[2024-07-14T11:51:50.169+0000] {taskinstance.py:2330} INFO - Executing <Task(PythonOperator): fetch_and_compute_spread_usd_mxn> on 2024-07-14 11:50:00+00:00
[2024-07-14T11:51:50.201+0000] {warnings.py:112} WARNING - /home/***/.local/lib/python3.12/site-packages/***/task/task_runner/standard_task_runner.py:61: DeprecationWarning: This process (pid=5070) is multi-threaded, use of fork() may lead to deadlocks in the child.
  pid = os.fork()

[2024-07-14T11:51:50.191+0000] {standard_task_runner.py:90} INFO - Running: ['***', 'tasks', 'run', 'fetch_spread_values', 'fetch_and_compute_spread_usd_mxn', 'scheduled__2024-07-14T11:50:00+00:00', '--job-id', '1520', '--raw', '--subdir', 'DAGS_FOLDER/***.py', '--cfg-path', '/tmp/tmpfmpr06zf']
[2024-07-14T11:51:50.209+0000] {standard_task_runner.py:91} INFO - Job 1520: Subtask fetch_and_compute_spread_usd_mxn
[2024-07-14T11:51:50.208+0000] {standard_task_runner.py:63} INFO - Started process 5089 to run task
[2024-07-14T11:51:50.423+0000] {task_command.py:426} INFO - Running <TaskInstance: fetch_spread_values.fetch_and_compute_spread_usd_mxn scheduled__2024-07-14T11:50:00+00:00 [running]> on host d537c34a4880
[2024-07-14T11:51:50.701+0000] {taskinstance.py:2648} INFO - Exporting env vars: AIRFLOW_CTX_DAG_OWNER='***' AIRFLOW_CTX_DAG_ID='fetch_spread_values' AIRFLOW_CTX_TASK_ID='fetch_and_compute_spread_usd_mxn' AIRFLOW_CTX_EXECUTION_DATE='2024-07-14T11:50:00+00:00' AIRFLOW_CTX_TRY_NUMBER='1' AIRFLOW_CTX_DAG_RUN_ID='scheduled__2024-07-14T11:50:00+00:00'
[2024-07-14T11:51:50.727+0000] {taskinstance.py:430} INFO - ::endgroup::
[2024-07-14T11:51:50.918+0000] {python.py:237} INFO - Done. Returned value was: None
[2024-07-14T11:51:50.921+0000] {taskinstance.py:441} INFO - ::group::Post task execution logs
[2024-07-14T11:51:50.935+0000] {taskinstance.py:1206} INFO - Marking task as SUCCESS. dag_id=fetch_spread_values, task_id=fetch_and_compute_spread_usd_mxn, run_id=scheduled__2024-07-14T11:50:00+00:00, execution_date=20240714T115000, start_date=20240714T115150, end_date=20240714T115150
[2024-07-14T11:51:50.990+0000] {local_task_job_runner.py:240} INFO - Task exited with return code 0
[2024-07-14T11:51:51.006+0000] {local_task_job_runner.py:222} INFO - ::endgroup::
[2024-07-14T20:37:21.406+0000] {local_task_job_runner.py:120} INFO - ::group::Pre task execution logs
[2024-07-14T20:37:21.441+0000] {taskinstance.py:2076} INFO - Dependencies all met for dep_context=non-requeueable deps ti=<TaskInstance: fetch_spread_values.fetch_and_compute_spread_usd_mxn scheduled__2024-07-14T11:50:00+00:00 [queued]>
[2024-07-14T20:37:21.457+0000] {taskinstance.py:2076} INFO - Dependencies all met for dep_context=requeueable deps ti=<TaskInstance: fetch_spread_values.fetch_and_compute_spread_usd_mxn scheduled__2024-07-14T11:50:00+00:00 [queued]>
[2024-07-14T20:37:21.462+0000] {taskinstance.py:2306} INFO - Starting attempt 1 of 2
[2024-07-14T20:37:21.537+0000] {taskinstance.py:2330} INFO - Executing <Task(PythonOperator): fetch_and_compute_spread_usd_mxn> on 2024-07-14 11:50:00+00:00
[2024-07-14T20:37:21.551+0000] {logging_mixin.py:188} WARNING - /home/***/.local/lib/python3.12/site-packages/***/task/task_runner/standard_task_runner.py:61 DeprecationWarning: This process (pid=3325) is multi-threaded, use of fork() may lead to deadlocks in the child.
[2024-07-14T20:37:21.558+0000] {standard_task_runner.py:63} INFO - Started process 3335 to run task
[2024-07-14T20:37:21.555+0000] {standard_task_runner.py:90} INFO - Running: ['***', 'tasks', 'run', 'fetch_spread_values', 'fetch_and_compute_spread_usd_mxn', 'scheduled__2024-07-14T11:50:00+00:00', '--job-id', '1549', '--raw', '--subdir', 'DAGS_FOLDER/***.py', '--cfg-path', '/tmp/tmp66up089b']
[2024-07-14T20:37:21.565+0000] {standard_task_runner.py:91} INFO - Job 1549: Subtask fetch_and_compute_spread_usd_mxn
[2024-07-14T20:37:21.646+0000] {task_command.py:426} INFO - Running <TaskInstance: fetch_spread_values.fetch_and_compute_spread_usd_mxn scheduled__2024-07-14T11:50:00+00:00 [running]> on host 77caf7e4b282
[2024-07-14T20:37:21.728+0000] {taskinstance.py:2648} INFO - Exporting env vars: AIRFLOW_CTX_DAG_OWNER='***' AIRFLOW_CTX_DAG_ID='fetch_spread_values' AIRFLOW_CTX_TASK_ID='fetch_and_compute_spread_usd_mxn' AIRFLOW_CTX_EXECUTION_DATE='2024-07-14T11:50:00+00:00' AIRFLOW_CTX_TRY_NUMBER='1' AIRFLOW_CTX_DAG_RUN_ID='scheduled__2024-07-14T11:50:00+00:00'
[2024-07-14T20:37:21.728+0000] {taskinstance.py:430} INFO - ::endgroup::
[2024-07-14T20:37:21.918+0000] {python.py:237} INFO - Done. Returned value was: None
[2024-07-14T20:37:21.919+0000] {taskinstance.py:441} INFO - ::group::Post task execution logs
[2024-07-14T20:37:21.924+0000] {taskinstance.py:1206} INFO - Marking task as SUCCESS. dag_id=fetch_spread_values, task_id=fetch_and_compute_spread_usd_mxn, run_id=scheduled__2024-07-14T11:50:00+00:00, execution_date=20240714T115000, start_date=20240714T203721, end_date=20240714T203721
[2024-07-14T20:37:21.957+0000] {local_task_job_runner.py:240} INFO - Task exited with return code 0
[2024-07-14T20:37:21.968+0000] {taskinstance.py:3503} INFO - 0 downstream tasks scheduled from follow-on schedule check
[2024-07-14T20:37:21.968+0000] {local_task_job_runner.py:222} INFO - ::endgroup::
