[2024-07-14T09:01:27.174+0000] {local_task_job_runner.py:120} INFO - ::group::Pre task execution logs
[2024-07-14T09:01:27.210+0000] {taskinstance.py:2076} INFO - Dependencies all met for dep_context=non-requeueable deps ti=<TaskInstance: fetch_spread_values.fetch_and_compute_spread_usd_mxn scheduled__2024-07-14T05:03:00+00:00 [queued]>
[2024-07-14T09:01:27.261+0000] {taskinstance.py:2076} INFO - Dependencies all met for dep_context=requeueable deps ti=<TaskInstance: fetch_spread_values.fetch_and_compute_spread_usd_mxn scheduled__2024-07-14T05:03:00+00:00 [queued]>
[2024-07-14T09:01:27.277+0000] {taskinstance.py:2306} INFO - Starting attempt 1 of 2
[2024-07-14T09:01:27.308+0000] {taskinstance.py:2330} INFO - Executing <Task(PythonOperator): fetch_and_compute_spread_usd_mxn> on 2024-07-14 05:03:00+00:00
[2024-07-14T09:01:27.315+0000] {warnings.py:112} WARNING - /home/***/.local/lib/python3.12/site-packages/***/task/task_runner/standard_task_runner.py:61: DeprecationWarning: This process (pid=1984) is multi-threaded, use of fork() may lead to deadlocks in the child.
  pid = os.fork()

[2024-07-14T09:01:27.319+0000] {standard_task_runner.py:63} INFO - Started process 2013 to run task
[2024-07-14T09:01:27.318+0000] {standard_task_runner.py:90} INFO - Running: ['***', 'tasks', 'run', 'fetch_spread_values', 'fetch_and_compute_spread_usd_mxn', 'scheduled__2024-07-14T05:03:00+00:00', '--job-id', '636', '--raw', '--subdir', 'DAGS_FOLDER/***.py', '--cfg-path', '/tmp/tmpym87cel6']
[2024-07-14T09:01:27.326+0000] {standard_task_runner.py:91} INFO - Job 636: Subtask fetch_and_compute_spread_usd_mxn
[2024-07-14T09:01:27.430+0000] {task_command.py:426} INFO - Running <TaskInstance: fetch_spread_values.fetch_and_compute_spread_usd_mxn scheduled__2024-07-14T05:03:00+00:00 [running]> on host d537c34a4880
[2024-07-14T09:01:27.675+0000] {taskinstance.py:2648} INFO - Exporting env vars: AIRFLOW_CTX_DAG_OWNER='***' AIRFLOW_CTX_DAG_ID='fetch_spread_values' AIRFLOW_CTX_TASK_ID='fetch_and_compute_spread_usd_mxn' AIRFLOW_CTX_EXECUTION_DATE='2024-07-14T05:03:00+00:00' AIRFLOW_CTX_TRY_NUMBER='1' AIRFLOW_CTX_DAG_RUN_ID='scheduled__2024-07-14T05:03:00+00:00'
[2024-07-14T09:01:27.703+0000] {taskinstance.py:430} INFO - ::endgroup::
[2024-07-14T09:01:28.014+0000] {python.py:237} INFO - Done. Returned value was: None
[2024-07-14T09:01:28.019+0000] {taskinstance.py:441} INFO - ::group::Post task execution logs
[2024-07-14T09:01:28.061+0000] {taskinstance.py:1206} INFO - Marking task as SUCCESS. dag_id=fetch_spread_values, task_id=fetch_and_compute_spread_usd_mxn, run_id=scheduled__2024-07-14T05:03:00+00:00, execution_date=20240714T050300, start_date=20240714T090127, end_date=20240714T090128
[2024-07-14T09:01:28.101+0000] {local_task_job_runner.py:240} INFO - Task exited with return code 0
[2024-07-14T09:01:28.154+0000] {taskinstance.py:3503} INFO - 0 downstream tasks scheduled from follow-on schedule check
[2024-07-14T09:01:28.166+0000] {local_task_job_runner.py:222} INFO - ::endgroup::
[2024-07-14T20:34:17.101+0000] {local_task_job_runner.py:120} INFO - ::group::Pre task execution logs
[2024-07-14T20:34:17.134+0000] {taskinstance.py:2076} INFO - Dependencies all met for dep_context=non-requeueable deps ti=<TaskInstance: fetch_spread_values.fetch_and_compute_spread_usd_mxn scheduled__2024-07-14T05:03:00+00:00 [queued]>
[2024-07-14T20:34:17.141+0000] {taskinstance.py:2076} INFO - Dependencies all met for dep_context=requeueable deps ti=<TaskInstance: fetch_spread_values.fetch_and_compute_spread_usd_mxn scheduled__2024-07-14T05:03:00+00:00 [queued]>
[2024-07-14T20:34:17.142+0000] {taskinstance.py:2306} INFO - Starting attempt 1 of 2
[2024-07-14T20:34:17.166+0000] {taskinstance.py:2330} INFO - Executing <Task(PythonOperator): fetch_and_compute_spread_usd_mxn> on 2024-07-14 05:03:00+00:00
[2024-07-14T20:34:17.173+0000] {logging_mixin.py:188} WARNING - /home/***/.local/lib/python3.12/site-packages/***/task/task_runner/standard_task_runner.py:61 DeprecationWarning: This process (pid=1424) is multi-threaded, use of fork() may lead to deadlocks in the child.
[2024-07-14T20:34:17.174+0000] {standard_task_runner.py:90} INFO - Running: ['***', 'tasks', 'run', 'fetch_spread_values', 'fetch_and_compute_spread_usd_mxn', 'scheduled__2024-07-14T05:03:00+00:00', '--job-id', '611', '--raw', '--subdir', 'DAGS_FOLDER/***.py', '--cfg-path', '/tmp/tmp9wug3qvh']
[2024-07-14T20:34:17.184+0000] {standard_task_runner.py:91} INFO - Job 611: Subtask fetch_and_compute_spread_usd_mxn
[2024-07-14T20:34:17.178+0000] {standard_task_runner.py:63} INFO - Started process 1430 to run task
[2024-07-14T20:34:17.274+0000] {task_command.py:426} INFO - Running <TaskInstance: fetch_spread_values.fetch_and_compute_spread_usd_mxn scheduled__2024-07-14T05:03:00+00:00 [running]> on host 77caf7e4b282
[2024-07-14T20:34:17.379+0000] {taskinstance.py:2648} INFO - Exporting env vars: AIRFLOW_CTX_DAG_OWNER='***' AIRFLOW_CTX_DAG_ID='fetch_spread_values' AIRFLOW_CTX_TASK_ID='fetch_and_compute_spread_usd_mxn' AIRFLOW_CTX_EXECUTION_DATE='2024-07-14T05:03:00+00:00' AIRFLOW_CTX_TRY_NUMBER='1' AIRFLOW_CTX_DAG_RUN_ID='scheduled__2024-07-14T05:03:00+00:00'
[2024-07-14T20:34:17.380+0000] {taskinstance.py:430} INFO - ::endgroup::
[2024-07-14T20:34:17.658+0000] {python.py:237} INFO - Done. Returned value was: None
[2024-07-14T20:34:17.671+0000] {taskinstance.py:441} INFO - ::group::Post task execution logs
[2024-07-14T20:34:17.686+0000] {taskinstance.py:1206} INFO - Marking task as SUCCESS. dag_id=fetch_spread_values, task_id=fetch_and_compute_spread_usd_mxn, run_id=scheduled__2024-07-14T05:03:00+00:00, execution_date=20240714T050300, start_date=20240714T203417, end_date=20240714T203417
[2024-07-14T20:34:17.756+0000] {local_task_job_runner.py:240} INFO - Task exited with return code 0
[2024-07-14T20:34:17.774+0000] {taskinstance.py:3503} INFO - 0 downstream tasks scheduled from follow-on schedule check
[2024-07-14T20:34:17.789+0000] {local_task_job_runner.py:222} INFO - ::endgroup::
