[2024-07-17T01:21:37.209+0000] {local_task_job_runner.py:120} INFO - ::group::Pre task execution logs
[2024-07-17T01:21:37.243+0000] {taskinstance.py:2076} INFO - Dependencies all met for dep_context=non-requeueable deps ti=<TaskInstance: etl_ticker.etl_usd_mxn scheduled__2024-07-15T06:10:00+00:00 [queued]>
[2024-07-17T01:21:37.249+0000] {taskinstance.py:2076} INFO - Dependencies all met for dep_context=requeueable deps ti=<TaskInstance: etl_ticker.etl_usd_mxn scheduled__2024-07-15T06:10:00+00:00 [queued]>
[2024-07-17T01:21:37.255+0000] {taskinstance.py:2306} INFO - Starting attempt 1 of 2
[2024-07-17T01:21:37.276+0000] {taskinstance.py:2330} INFO - Executing <Task(PythonOperator): etl_usd_mxn> on 2024-07-15 06:10:00+00:00
[2024-07-17T01:21:37.291+0000] {logging_mixin.py:188} WARNING - /home/***/.local/lib/python3.12/site-packages/***/task/task_runner/standard_task_runner.py:61 DeprecationWarning: This process (pid=30439) is multi-threaded, use of fork() may lead to deadlocks in the child.
[2024-07-17T01:21:37.294+0000] {standard_task_runner.py:90} INFO - Running: ['***', 'tasks', 'run', 'etl_ticker', 'etl_usd_mxn', 'scheduled__2024-07-15T06:10:00+00:00', '--job-id', '656', '--raw', '--subdir', 'DAGS_FOLDER/bid_ask_dag.py', '--cfg-path', '/tmp/tmpe2lw_w45']
[2024-07-17T01:21:37.301+0000] {standard_task_runner.py:91} INFO - Job 656: Subtask etl_usd_mxn
[2024-07-17T01:21:37.300+0000] {standard_task_runner.py:63} INFO - Started process 30451 to run task
[2024-07-17T01:21:37.376+0000] {task_command.py:426} INFO - Running <TaskInstance: etl_ticker.etl_usd_mxn scheduled__2024-07-15T06:10:00+00:00 [running]> on host 6f712de23803
[2024-07-17T01:21:37.510+0000] {taskinstance.py:2648} INFO - Exporting env vars: AIRFLOW_CTX_DAG_OWNER='***' AIRFLOW_CTX_DAG_ID='etl_ticker' AIRFLOW_CTX_TASK_ID='etl_usd_mxn' AIRFLOW_CTX_EXECUTION_DATE='2024-07-15T06:10:00+00:00' AIRFLOW_CTX_TRY_NUMBER='1' AIRFLOW_CTX_DAG_RUN_ID='scheduled__2024-07-15T06:10:00+00:00'
[2024-07-17T01:21:37.513+0000] {taskinstance.py:430} INFO - ::endgroup::
[2024-07-17T01:21:37.531+0000] {logging_mixin.py:188} WARNING -   0%|          | 0/600 [00:00<?, ?it/s]
[2024-07-17T01:21:38.718+0000] {bid_ask_dag.py:87} INFO - Threshold! {'orderbook_timestamp': '2024-07-17T01:21:37+00:00', 'book': 'usd_mxn', 'bid': 17.62, 'ask': 17.64, 'spread': 0.11337868480725381}
[2024-07-17T01:21:38.720+0000] {logging_mixin.py:188} WARNING -   0%|          | 0/600 [00:01<?, ?it/s]
[2024-07-17T01:21:38.721+0000] {taskinstance.py:441} INFO - ::group::Post task execution logs
[2024-07-17T01:21:38.723+0000] {taskinstance.py:2905} ERROR - Task failed with exception
Traceback (most recent call last):
  File "/home/airflow/.local/lib/python3.12/site-packages/airflow/models/taskinstance.py", line 465, in _execute_task
    result = _execute_callable(context=context, **execute_callable_kwargs)
             ^^^^^^^^^^^^^^^^^^^^^^^^^^^^^^^^^^^^^^^^^^^^^^^^^^^^^^^^^^^^^
  File "/home/airflow/.local/lib/python3.12/site-packages/airflow/models/taskinstance.py", line 432, in _execute_callable
    return execute_callable(context=context, **execute_callable_kwargs)
           ^^^^^^^^^^^^^^^^^^^^^^^^^^^^^^^^^^^^^^^^^^^^^^^^^^^^^^^^^^^^
  File "/home/airflow/.local/lib/python3.12/site-packages/airflow/models/baseoperator.py", line 401, in wrapper
    return func(self, *args, **kwargs)
           ^^^^^^^^^^^^^^^^^^^^^^^^^^^
  File "/home/airflow/.local/lib/python3.12/site-packages/airflow/operators/python.py", line 235, in execute
    return_value = self.execute_callable()
                   ^^^^^^^^^^^^^^^^^^^^^^^
  File "/home/airflow/.local/lib/python3.12/site-packages/airflow/operators/python.py", line 252, in execute_callable
    return self.python_callable(*self.op_args, **self.op_kwargs)
           ^^^^^^^^^^^^^^^^^^^^^^^^^^^^^^^^^^^^^^^^^^^^^^^^^^^^^
  File "/opt/airflow/dags/bid_ask_dag.py", line 88, in etl_spread
    SlackWebhookHook(webhook_token=WEBHOOK_URL, message=f"Alert! bid-ask has appeared {record}").execute()
    ^^^^^^^^^^^^^^^^^^^^^^^^^^^^^^^^^^^^^^^^^^^^^^^^^^^^^^^^^^^^^^^^^^^^^^^^^^^^^^^^^^^^^^^^^^^^
TypeError: SlackWebhookHook.__init__() missing 1 required keyword-only argument: 'slack_webhook_conn_id'
[2024-07-17T01:21:38.731+0000] {taskinstance.py:1206} INFO - Marking task as UP_FOR_RETRY. dag_id=etl_ticker, task_id=etl_usd_mxn, run_id=scheduled__2024-07-15T06:10:00+00:00, execution_date=20240715T061000, start_date=20240717T012137, end_date=20240717T012138
[2024-07-17T01:21:38.759+0000] {standard_task_runner.py:110} ERROR - Failed to execute job 656 for task etl_usd_mxn (SlackWebhookHook.__init__() missing 1 required keyword-only argument: 'slack_webhook_conn_id'; 30451)
[2024-07-17T01:21:38.800+0000] {local_task_job_runner.py:240} INFO - Task exited with return code 1
[2024-07-17T01:21:38.810+0000] {local_task_job_runner.py:222} INFO - ::endgroup::
