[2024-07-14T08:57:29.893+0000] {local_task_job_runner.py:120} INFO - ::group::Pre task execution logs
[2024-07-14T08:57:29.983+0000] {taskinstance.py:2076} INFO - Dependencies all met for dep_context=non-requeueable deps ti=<TaskInstance: fetch_spread_values.fetch_and_compute_spread_btc_mxn scheduled__2024-07-14T00:43:00+00:00 [queued]>
[2024-07-14T08:57:30.006+0000] {taskinstance.py:2076} INFO - Dependencies all met for dep_context=requeueable deps ti=<TaskInstance: fetch_spread_values.fetch_and_compute_spread_btc_mxn scheduled__2024-07-14T00:43:00+00:00 [queued]>
[2024-07-14T08:57:30.011+0000] {taskinstance.py:2306} INFO - Starting attempt 1 of 2
[2024-07-14T08:57:30.067+0000] {taskinstance.py:2330} INFO - Executing <Task(PythonOperator): fetch_and_compute_spread_btc_mxn> on 2024-07-14 00:43:00+00:00
[2024-07-14T08:57:30.123+0000] {warnings.py:112} WARNING - /home/***/.local/lib/python3.12/site-packages/***/task/task_runner/standard_task_runner.py:61: DeprecationWarning: This process (pid=384) is multi-threaded, use of fork() may lead to deadlocks in the child.
  pid = os.fork()

[2024-07-14T08:57:30.132+0000] {standard_task_runner.py:63} INFO - Started process 410 to run task
[2024-07-14T08:57:30.129+0000] {standard_task_runner.py:90} INFO - Running: ['***', 'tasks', 'run', 'fetch_spread_values', 'fetch_and_compute_spread_btc_mxn', 'scheduled__2024-07-14T00:43:00+00:00', '--job-id', '115', '--raw', '--subdir', 'DAGS_FOLDER/***.py', '--cfg-path', '/tmp/tmpebl5glvd']
[2024-07-14T08:57:30.140+0000] {standard_task_runner.py:91} INFO - Job 115: Subtask fetch_and_compute_spread_btc_mxn
[2024-07-14T08:57:30.268+0000] {task_command.py:426} INFO - Running <TaskInstance: fetch_spread_values.fetch_and_compute_spread_btc_mxn scheduled__2024-07-14T00:43:00+00:00 [running]> on host d537c34a4880
[2024-07-14T08:57:30.853+0000] {taskinstance.py:2648} INFO - Exporting env vars: AIRFLOW_CTX_DAG_OWNER='***' AIRFLOW_CTX_DAG_ID='fetch_spread_values' AIRFLOW_CTX_TASK_ID='fetch_and_compute_spread_btc_mxn' AIRFLOW_CTX_EXECUTION_DATE='2024-07-14T00:43:00+00:00' AIRFLOW_CTX_TRY_NUMBER='1' AIRFLOW_CTX_DAG_RUN_ID='scheduled__2024-07-14T00:43:00+00:00'
[2024-07-14T08:57:30.863+0000] {taskinstance.py:430} INFO - ::endgroup::
[2024-07-14T08:57:31.335+0000] {python.py:237} INFO - Done. Returned value was: None
[2024-07-14T08:57:31.353+0000] {taskinstance.py:441} INFO - ::group::Post task execution logs
[2024-07-14T08:57:31.431+0000] {taskinstance.py:1206} INFO - Marking task as SUCCESS. dag_id=fetch_spread_values, task_id=fetch_and_compute_spread_btc_mxn, run_id=scheduled__2024-07-14T00:43:00+00:00, execution_date=20240714T004300, start_date=20240714T085729, end_date=20240714T085731
[2024-07-14T08:57:31.488+0000] {local_task_job_runner.py:240} INFO - Task exited with return code 0
[2024-07-14T08:57:31.583+0000] {taskinstance.py:3503} INFO - 0 downstream tasks scheduled from follow-on schedule check
[2024-07-14T08:57:31.609+0000] {local_task_job_runner.py:222} INFO - ::endgroup::
[2024-07-14T20:32:20.563+0000] {local_task_job_runner.py:120} INFO - ::group::Pre task execution logs
[2024-07-14T20:32:20.596+0000] {taskinstance.py:2076} INFO - Dependencies all met for dep_context=non-requeueable deps ti=<TaskInstance: fetch_spread_values.fetch_and_compute_spread_btc_mxn scheduled__2024-07-14T00:43:00+00:00 [queued]>
[2024-07-14T20:32:20.605+0000] {taskinstance.py:2076} INFO - Dependencies all met for dep_context=requeueable deps ti=<TaskInstance: fetch_spread_values.fetch_and_compute_spread_btc_mxn scheduled__2024-07-14T00:43:00+00:00 [queued]>
[2024-07-14T20:32:20.607+0000] {taskinstance.py:2306} INFO - Starting attempt 1 of 2
[2024-07-14T20:32:20.625+0000] {taskinstance.py:2330} INFO - Executing <Task(PythonOperator): fetch_and_compute_spread_btc_mxn> on 2024-07-14 00:43:00+00:00
[2024-07-14T20:32:20.635+0000] {logging_mixin.py:188} WARNING - /home/***/.local/lib/python3.12/site-packages/***/task/task_runner/standard_task_runner.py:61 DeprecationWarning: This process (pid=356) is multi-threaded, use of fork() may lead to deadlocks in the child.
[2024-07-14T20:32:20.636+0000] {standard_task_runner.py:90} INFO - Running: ['***', 'tasks', 'run', 'fetch_spread_values', 'fetch_and_compute_spread_btc_mxn', 'scheduled__2024-07-14T00:43:00+00:00', '--job-id', '90', '--raw', '--subdir', 'DAGS_FOLDER/***.py', '--cfg-path', '/tmp/tmpzyvjfbku']
[2024-07-14T20:32:20.639+0000] {standard_task_runner.py:63} INFO - Started process 367 to run task
[2024-07-14T20:32:20.646+0000] {standard_task_runner.py:91} INFO - Job 90: Subtask fetch_and_compute_spread_btc_mxn
[2024-07-14T20:32:20.704+0000] {task_command.py:426} INFO - Running <TaskInstance: fetch_spread_values.fetch_and_compute_spread_btc_mxn scheduled__2024-07-14T00:43:00+00:00 [running]> on host 77caf7e4b282
[2024-07-14T20:32:20.804+0000] {taskinstance.py:2648} INFO - Exporting env vars: AIRFLOW_CTX_DAG_OWNER='***' AIRFLOW_CTX_DAG_ID='fetch_spread_values' AIRFLOW_CTX_TASK_ID='fetch_and_compute_spread_btc_mxn' AIRFLOW_CTX_EXECUTION_DATE='2024-07-14T00:43:00+00:00' AIRFLOW_CTX_TRY_NUMBER='1' AIRFLOW_CTX_DAG_RUN_ID='scheduled__2024-07-14T00:43:00+00:00'
[2024-07-14T20:32:20.805+0000] {taskinstance.py:430} INFO - ::endgroup::
[2024-07-14T20:32:21.032+0000] {python.py:237} INFO - Done. Returned value was: None
[2024-07-14T20:32:21.034+0000] {taskinstance.py:441} INFO - ::group::Post task execution logs
[2024-07-14T20:32:21.051+0000] {taskinstance.py:1206} INFO - Marking task as SUCCESS. dag_id=fetch_spread_values, task_id=fetch_and_compute_spread_btc_mxn, run_id=scheduled__2024-07-14T00:43:00+00:00, execution_date=20240714T004300, start_date=20240714T203220, end_date=20240714T203221
[2024-07-14T20:32:21.088+0000] {local_task_job_runner.py:240} INFO - Task exited with return code 0
[2024-07-14T20:32:21.102+0000] {taskinstance.py:3503} INFO - 0 downstream tasks scheduled from follow-on schedule check
[2024-07-14T20:32:21.104+0000] {local_task_job_runner.py:222} INFO - ::endgroup::
