[2024-07-14T09:00:41.381+0000] {local_task_job_runner.py:120} INFO - ::group::Pre task execution logs
[2024-07-14T09:00:41.433+0000] {taskinstance.py:2076} INFO - Dependencies all met for dep_context=non-requeueable deps ti=<TaskInstance: fetch_spread_values.fetch_and_compute_spread_usd_mxn scheduled__2024-07-14T04:05:00+00:00 [queued]>
[2024-07-14T09:00:41.457+0000] {taskinstance.py:2076} INFO - Dependencies all met for dep_context=requeueable deps ti=<TaskInstance: fetch_spread_values.fetch_and_compute_spread_usd_mxn scheduled__2024-07-14T04:05:00+00:00 [queued]>
[2024-07-14T09:00:41.460+0000] {taskinstance.py:2306} INFO - Starting attempt 1 of 2
[2024-07-14T09:00:41.491+0000] {taskinstance.py:2330} INFO - Executing <Task(PythonOperator): fetch_and_compute_spread_usd_mxn> on 2024-07-14 04:05:00+00:00
[2024-07-14T09:00:41.506+0000] {warnings.py:112} WARNING - /home/***/.local/lib/python3.12/site-packages/***/task/task_runner/standard_task_runner.py:61: DeprecationWarning: This process (pid=1630) is multi-threaded, use of fork() may lead to deadlocks in the child.
  pid = os.fork()

[2024-07-14T09:00:41.532+0000] {standard_task_runner.py:63} INFO - Started process 1655 to run task
[2024-07-14T09:00:41.557+0000] {standard_task_runner.py:90} INFO - Running: ['***', 'tasks', 'run', 'fetch_spread_values', 'fetch_and_compute_spread_usd_mxn', 'scheduled__2024-07-14T04:05:00+00:00', '--job-id', '519', '--raw', '--subdir', 'DAGS_FOLDER/***.py', '--cfg-path', '/tmp/tmpwz49gfxh']
[2024-07-14T09:00:41.578+0000] {standard_task_runner.py:91} INFO - Job 519: Subtask fetch_and_compute_spread_usd_mxn
[2024-07-14T09:00:41.822+0000] {task_command.py:426} INFO - Running <TaskInstance: fetch_spread_values.fetch_and_compute_spread_usd_mxn scheduled__2024-07-14T04:05:00+00:00 [running]> on host d537c34a4880
[2024-07-14T09:00:42.007+0000] {taskinstance.py:2648} INFO - Exporting env vars: AIRFLOW_CTX_DAG_OWNER='***' AIRFLOW_CTX_DAG_ID='fetch_spread_values' AIRFLOW_CTX_TASK_ID='fetch_and_compute_spread_usd_mxn' AIRFLOW_CTX_EXECUTION_DATE='2024-07-14T04:05:00+00:00' AIRFLOW_CTX_TRY_NUMBER='1' AIRFLOW_CTX_DAG_RUN_ID='scheduled__2024-07-14T04:05:00+00:00'
[2024-07-14T09:00:42.014+0000] {taskinstance.py:430} INFO - ::endgroup::
[2024-07-14T09:00:42.220+0000] {python.py:237} INFO - Done. Returned value was: None
[2024-07-14T09:00:42.230+0000] {taskinstance.py:441} INFO - ::group::Post task execution logs
[2024-07-14T09:00:42.245+0000] {taskinstance.py:1206} INFO - Marking task as SUCCESS. dag_id=fetch_spread_values, task_id=fetch_and_compute_spread_usd_mxn, run_id=scheduled__2024-07-14T04:05:00+00:00, execution_date=20240714T040500, start_date=20240714T090041, end_date=20240714T090042
[2024-07-14T09:00:42.357+0000] {local_task_job_runner.py:240} INFO - Task exited with return code 0
[2024-07-14T09:00:42.447+0000] {taskinstance.py:3503} INFO - 0 downstream tasks scheduled from follow-on schedule check
[2024-07-14T09:00:42.451+0000] {local_task_job_runner.py:222} INFO - ::endgroup::
[2024-07-14T20:33:54.023+0000] {local_task_job_runner.py:120} INFO - ::group::Pre task execution logs
[2024-07-14T20:33:54.060+0000] {taskinstance.py:2076} INFO - Dependencies all met for dep_context=non-requeueable deps ti=<TaskInstance: fetch_spread_values.fetch_and_compute_spread_usd_mxn scheduled__2024-07-14T04:05:00+00:00 [queued]>
[2024-07-14T20:33:54.070+0000] {taskinstance.py:2076} INFO - Dependencies all met for dep_context=requeueable deps ti=<TaskInstance: fetch_spread_values.fetch_and_compute_spread_usd_mxn scheduled__2024-07-14T04:05:00+00:00 [queued]>
[2024-07-14T20:33:54.071+0000] {taskinstance.py:2306} INFO - Starting attempt 1 of 2
[2024-07-14T20:33:54.096+0000] {taskinstance.py:2330} INFO - Executing <Task(PythonOperator): fetch_and_compute_spread_usd_mxn> on 2024-07-14 04:05:00+00:00
[2024-07-14T20:33:54.109+0000] {standard_task_runner.py:90} INFO - Running: ['***', 'tasks', 'run', 'fetch_spread_values', 'fetch_and_compute_spread_usd_mxn', 'scheduled__2024-07-14T04:05:00+00:00', '--job-id', '496', '--raw', '--subdir', 'DAGS_FOLDER/***.py', '--cfg-path', '/tmp/tmpg2vn20f4']
[2024-07-14T20:33:54.113+0000] {standard_task_runner.py:91} INFO - Job 496: Subtask fetch_and_compute_spread_usd_mxn
[2024-07-14T20:33:54.110+0000] {logging_mixin.py:188} WARNING - /home/***/.local/lib/python3.12/site-packages/***/task/task_runner/standard_task_runner.py:61 DeprecationWarning: This process (pid=1185) is multi-threaded, use of fork() may lead to deadlocks in the child.
[2024-07-14T20:33:54.125+0000] {standard_task_runner.py:63} INFO - Started process 1195 to run task
[2024-07-14T20:33:54.201+0000] {task_command.py:426} INFO - Running <TaskInstance: fetch_spread_values.fetch_and_compute_spread_usd_mxn scheduled__2024-07-14T04:05:00+00:00 [running]> on host 77caf7e4b282
[2024-07-14T20:33:54.354+0000] {taskinstance.py:2648} INFO - Exporting env vars: AIRFLOW_CTX_DAG_OWNER='***' AIRFLOW_CTX_DAG_ID='fetch_spread_values' AIRFLOW_CTX_TASK_ID='fetch_and_compute_spread_usd_mxn' AIRFLOW_CTX_EXECUTION_DATE='2024-07-14T04:05:00+00:00' AIRFLOW_CTX_TRY_NUMBER='1' AIRFLOW_CTX_DAG_RUN_ID='scheduled__2024-07-14T04:05:00+00:00'
[2024-07-14T20:33:54.357+0000] {taskinstance.py:430} INFO - ::endgroup::
[2024-07-14T20:33:54.574+0000] {python.py:237} INFO - Done. Returned value was: None
[2024-07-14T20:33:54.580+0000] {taskinstance.py:441} INFO - ::group::Post task execution logs
[2024-07-14T20:33:54.600+0000] {taskinstance.py:1206} INFO - Marking task as SUCCESS. dag_id=fetch_spread_values, task_id=fetch_and_compute_spread_usd_mxn, run_id=scheduled__2024-07-14T04:05:00+00:00, execution_date=20240714T040500, start_date=20240714T203354, end_date=20240714T203354
[2024-07-14T20:33:54.691+0000] {local_task_job_runner.py:240} INFO - Task exited with return code 0
[2024-07-14T20:33:54.710+0000] {local_task_job_runner.py:222} INFO - ::endgroup::
