[2024-07-17T00:46:42.132+0000] {local_task_job_runner.py:120} INFO - ::group::Pre task execution logs
[2024-07-17T00:46:42.165+0000] {taskinstance.py:2076} INFO - Dependencies all met for dep_context=non-requeueable deps ti=<TaskInstance: etl_ticker.etl_btc_mxn scheduled__2024-07-14T16:10:00+00:00 [queued]>
[2024-07-17T00:46:42.176+0000] {taskinstance.py:2076} INFO - Dependencies all met for dep_context=requeueable deps ti=<TaskInstance: etl_ticker.etl_btc_mxn scheduled__2024-07-14T16:10:00+00:00 [queued]>
[2024-07-17T00:46:42.178+0000] {taskinstance.py:2306} INFO - Starting attempt 2 of 2
[2024-07-17T00:46:42.197+0000] {taskinstance.py:2330} INFO - Executing <Task(PythonOperator): etl_btc_mxn> on 2024-07-14 16:10:00+00:00
[2024-07-17T00:46:42.205+0000] {logging_mixin.py:188} WARNING - /home/***/.local/lib/python3.12/site-packages/***/task/task_runner/standard_task_runner.py:61 DeprecationWarning: This process (pid=28015) is multi-threaded, use of fork() may lead to deadlocks in the child.
[2024-07-17T00:46:42.207+0000] {standard_task_runner.py:63} INFO - Started process 28023 to run task
[2024-07-17T00:46:42.209+0000] {standard_task_runner.py:90} INFO - Running: ['***', 'tasks', 'run', 'etl_ticker', 'etl_btc_mxn', 'scheduled__2024-07-14T16:10:00+00:00', '--job-id', '334', '--raw', '--subdir', 'DAGS_FOLDER/bid_ask_dag.py', '--cfg-path', '/tmp/tmpkklb_fp1']
[2024-07-17T00:46:42.213+0000] {standard_task_runner.py:91} INFO - Job 334: Subtask etl_btc_mxn
[2024-07-17T00:46:42.274+0000] {task_command.py:426} INFO - Running <TaskInstance: etl_ticker.etl_btc_mxn scheduled__2024-07-14T16:10:00+00:00 [running]> on host 6f712de23803
[2024-07-17T00:46:42.374+0000] {taskinstance.py:2648} INFO - Exporting env vars: AIRFLOW_CTX_DAG_OWNER='***' AIRFLOW_CTX_DAG_ID='etl_ticker' AIRFLOW_CTX_TASK_ID='etl_btc_mxn' AIRFLOW_CTX_EXECUTION_DATE='2024-07-14T16:10:00+00:00' AIRFLOW_CTX_TRY_NUMBER='2' AIRFLOW_CTX_DAG_RUN_ID='scheduled__2024-07-14T16:10:00+00:00'
[2024-07-17T00:46:42.375+0000] {taskinstance.py:430} INFO - ::endgroup::
[2024-07-17T00:46:42.386+0000] {logging_mixin.py:188} WARNING -   0%|          | 0/600 [00:00<?, ?it/s]
[2024-07-17T00:46:43.528+0000] {bid_ask_dag.py:70} INFO - Threshold! {'orderbook_timestamp': '2024-07-17T00:46:42+00:00', 'book': 'btc_mxn', 'bid': 1154330.0, 'ask': 1155520.0, 'spread': 0.10298393796732207}
[2024-07-17T00:46:43.530+0000] {logging_mixin.py:188} WARNING -   0%|          | 0/600 [00:01<?, ?it/s]
[2024-07-17T00:46:43.530+0000] {taskinstance.py:441} INFO - ::group::Post task execution logs
[2024-07-17T00:46:43.531+0000] {taskinstance.py:2905} ERROR - Task failed with exception
Traceback (most recent call last):
  File "/home/airflow/.local/lib/python3.12/site-packages/airflow/models/taskinstance.py", line 465, in _execute_task
    result = _execute_callable(context=context, **execute_callable_kwargs)
             ^^^^^^^^^^^^^^^^^^^^^^^^^^^^^^^^^^^^^^^^^^^^^^^^^^^^^^^^^^^^^
  File "/home/airflow/.local/lib/python3.12/site-packages/airflow/models/taskinstance.py", line 432, in _execute_callable
    return execute_callable(context=context, **execute_callable_kwargs)
           ^^^^^^^^^^^^^^^^^^^^^^^^^^^^^^^^^^^^^^^^^^^^^^^^^^^^^^^^^^^^
  File "/home/airflow/.local/lib/python3.12/site-packages/airflow/models/baseoperator.py", line 401, in wrapper
    return func(self, *args, **kwargs)
           ^^^^^^^^^^^^^^^^^^^^^^^^^^^
  File "/home/airflow/.local/lib/python3.12/site-packages/airflow/operators/python.py", line 235, in execute
    return_value = self.execute_callable()
                   ^^^^^^^^^^^^^^^^^^^^^^^
  File "/home/airflow/.local/lib/python3.12/site-packages/airflow/operators/python.py", line 252, in execute_callable
    return self.python_callable(*self.op_args, **self.op_kwargs)
           ^^^^^^^^^^^^^^^^^^^^^^^^^^^^^^^^^^^^^^^^^^^^^^^^^^^^^
  File "/opt/airflow/dags/bid_ask_dag.py", line 71, in etl_spread
    SlackWebhookHook(
    ^^^^^^^^^^^^^^^^
NameError: name 'SlackWebhookHook' is not defined
[2024-07-17T00:46:43.541+0000] {taskinstance.py:1206} INFO - Marking task as FAILED. dag_id=etl_ticker, task_id=etl_btc_mxn, run_id=scheduled__2024-07-14T16:10:00+00:00, execution_date=20240714T161000, start_date=20240717T004642, end_date=20240717T004643
[2024-07-17T00:46:43.549+0000] {standard_task_runner.py:110} ERROR - Failed to execute job 334 for task etl_btc_mxn (name 'SlackWebhookHook' is not defined; 28023)
[2024-07-17T00:46:43.561+0000] {local_task_job_runner.py:240} INFO - Task exited with return code 1
[2024-07-17T00:46:43.574+0000] {taskinstance.py:3503} INFO - 0 downstream tasks scheduled from follow-on schedule check
[2024-07-17T00:46:43.575+0000] {local_task_job_runner.py:222} INFO - ::endgroup::
