[2024-07-17T00:46:50.744+0000] {local_task_job_runner.py:120} INFO - ::group::Pre task execution logs
[2024-07-17T00:46:50.775+0000] {taskinstance.py:2076} INFO - Dependencies all met for dep_context=non-requeueable deps ti=<TaskInstance: etl_ticker.etl_btc_mxn scheduled__2024-07-14T17:50:00+00:00 [queued]>
[2024-07-17T00:46:50.782+0000] {taskinstance.py:2076} INFO - Dependencies all met for dep_context=requeueable deps ti=<TaskInstance: etl_ticker.etl_btc_mxn scheduled__2024-07-14T17:50:00+00:00 [queued]>
[2024-07-17T00:46:50.787+0000] {taskinstance.py:2306} INFO - Starting attempt 1 of 2
[2024-07-17T00:46:50.802+0000] {taskinstance.py:2330} INFO - Executing <Task(PythonOperator): etl_btc_mxn> on 2024-07-14 17:50:00+00:00
[2024-07-17T00:46:50.809+0000] {standard_task_runner.py:90} INFO - Running: ['***', 'tasks', 'run', 'etl_ticker', 'etl_btc_mxn', 'scheduled__2024-07-14T17:50:00+00:00', '--job-id', '350', '--raw', '--subdir', 'DAGS_FOLDER/bid_ask_dag.py', '--cfg-path', '/tmp/tmpq3ew2ltu']
[2024-07-17T00:46:50.807+0000] {logging_mixin.py:188} WARNING - /home/***/.local/lib/python3.12/site-packages/***/task/task_runner/standard_task_runner.py:61 DeprecationWarning: This process (pid=28083) is multi-threaded, use of fork() may lead to deadlocks in the child.
[2024-07-17T00:46:50.812+0000] {standard_task_runner.py:63} INFO - Started process 28092 to run task
[2024-07-17T00:46:50.812+0000] {standard_task_runner.py:91} INFO - Job 350: Subtask etl_btc_mxn
[2024-07-17T00:46:50.881+0000] {task_command.py:426} INFO - Running <TaskInstance: etl_ticker.etl_btc_mxn scheduled__2024-07-14T17:50:00+00:00 [running]> on host 6f712de23803
[2024-07-17T00:46:50.958+0000] {taskinstance.py:2648} INFO - Exporting env vars: AIRFLOW_CTX_DAG_OWNER='***' AIRFLOW_CTX_DAG_ID='etl_ticker' AIRFLOW_CTX_TASK_ID='etl_btc_mxn' AIRFLOW_CTX_EXECUTION_DATE='2024-07-14T17:50:00+00:00' AIRFLOW_CTX_TRY_NUMBER='1' AIRFLOW_CTX_DAG_RUN_ID='scheduled__2024-07-14T17:50:00+00:00'
[2024-07-17T00:46:50.959+0000] {taskinstance.py:430} INFO - ::endgroup::
[2024-07-17T00:46:50.980+0000] {logging_mixin.py:188} WARNING -   0%|          | 0/600 [00:00<?, ?it/s]
[2024-07-17T00:46:52.149+0000] {bid_ask_dag.py:70} INFO - Threshold! {'orderbook_timestamp': '2024-07-17T00:46:50+00:00', 'book': 'btc_mxn', 'bid': 1154330.0, 'ask': 1155520.0, 'spread': 0.10298393796732207}
[2024-07-17T00:46:52.150+0000] {logging_mixin.py:188} WARNING -   0%|          | 0/600 [00:01<?, ?it/s]
[2024-07-17T00:46:52.150+0000] {taskinstance.py:441} INFO - ::group::Post task execution logs
[2024-07-17T00:46:52.151+0000] {taskinstance.py:2905} ERROR - Task failed with exception
Traceback (most recent call last):
  File "/home/airflow/.local/lib/python3.12/site-packages/airflow/models/taskinstance.py", line 465, in _execute_task
    result = _execute_callable(context=context, **execute_callable_kwargs)
             ^^^^^^^^^^^^^^^^^^^^^^^^^^^^^^^^^^^^^^^^^^^^^^^^^^^^^^^^^^^^^
  File "/home/airflow/.local/lib/python3.12/site-packages/airflow/models/taskinstance.py", line 432, in _execute_callable
    return execute_callable(context=context, **execute_callable_kwargs)
           ^^^^^^^^^^^^^^^^^^^^^^^^^^^^^^^^^^^^^^^^^^^^^^^^^^^^^^^^^^^^
  File "/home/airflow/.local/lib/python3.12/site-packages/airflow/models/baseoperator.py", line 401, in wrapper
    return func(self, *args, **kwargs)
           ^^^^^^^^^^^^^^^^^^^^^^^^^^^
  File "/home/airflow/.local/lib/python3.12/site-packages/airflow/operators/python.py", line 235, in execute
    return_value = self.execute_callable()
                   ^^^^^^^^^^^^^^^^^^^^^^^
  File "/home/airflow/.local/lib/python3.12/site-packages/airflow/operators/python.py", line 252, in execute_callable
    return self.python_callable(*self.op_args, **self.op_kwargs)
           ^^^^^^^^^^^^^^^^^^^^^^^^^^^^^^^^^^^^^^^^^^^^^^^^^^^^^
  File "/opt/airflow/dags/bid_ask_dag.py", line 71, in etl_spread
    SlackWebhookHook(
    ^^^^^^^^^^^^^^^^
NameError: name 'SlackWebhookHook' is not defined
[2024-07-17T00:46:52.160+0000] {taskinstance.py:1206} INFO - Marking task as UP_FOR_RETRY. dag_id=etl_ticker, task_id=etl_btc_mxn, run_id=scheduled__2024-07-14T17:50:00+00:00, execution_date=20240714T175000, start_date=20240717T004650, end_date=20240717T004652
[2024-07-17T00:46:52.169+0000] {standard_task_runner.py:110} ERROR - Failed to execute job 350 for task etl_btc_mxn (name 'SlackWebhookHook' is not defined; 28092)
[2024-07-17T00:46:52.193+0000] {local_task_job_runner.py:240} INFO - Task exited with return code 1
[2024-07-17T00:46:52.206+0000] {taskinstance.py:3503} INFO - 0 downstream tasks scheduled from follow-on schedule check
[2024-07-17T00:46:52.207+0000] {local_task_job_runner.py:222} INFO - ::endgroup::
