[2024-07-14T18:29:54.650+0000] {local_task_job_runner.py:120} INFO - ::group::Pre task execution logs
[2024-07-14T18:29:54.738+0000] {taskinstance.py:2076} INFO - Dependencies all met for dep_context=non-requeueable deps ti=<TaskInstance: fetch_spread_values.fetch_and_compute_spread_usd_mxn scheduled__2024-07-14T18:23:00+00:00 [queued]>
[2024-07-14T18:29:54.756+0000] {taskinstance.py:2076} INFO - Dependencies all met for dep_context=requeueable deps ti=<TaskInstance: fetch_spread_values.fetch_and_compute_spread_usd_mxn scheduled__2024-07-14T18:23:00+00:00 [queued]>
[2024-07-14T18:29:54.760+0000] {taskinstance.py:2306} INFO - Starting attempt 1 of 2
[2024-07-14T18:29:54.818+0000] {taskinstance.py:2330} INFO - Executing <Task(PythonOperator): fetch_and_compute_spread_usd_mxn> on 2024-07-14 18:23:00+00:00
[2024-07-14T18:29:54.905+0000] {warnings.py:112} WARNING - /home/***/.local/lib/python3.12/site-packages/***/task/task_runner/standard_task_runner.py:61: DeprecationWarning: This process (pid=7829) is multi-threaded, use of fork() may lead to deadlocks in the child.
  pid = os.fork()

[2024-07-14T18:29:54.929+0000] {standard_task_runner.py:63} INFO - Started process 7853 to run task
[2024-07-14T18:29:54.923+0000] {standard_task_runner.py:90} INFO - Running: ['***', 'tasks', 'run', 'fetch_spread_values', 'fetch_and_compute_spread_usd_mxn', 'scheduled__2024-07-14T18:23:00+00:00', '--job-id', '2361', '--raw', '--subdir', 'DAGS_FOLDER/***.py', '--cfg-path', '/tmp/tmpik6knu6x']
[2024-07-14T18:29:54.931+0000] {standard_task_runner.py:91} INFO - Job 2361: Subtask fetch_and_compute_spread_usd_mxn
[2024-07-14T18:29:55.125+0000] {task_command.py:426} INFO - Running <TaskInstance: fetch_spread_values.fetch_and_compute_spread_usd_mxn scheduled__2024-07-14T18:23:00+00:00 [running]> on host d537c34a4880
[2024-07-14T18:29:55.381+0000] {taskinstance.py:2648} INFO - Exporting env vars: AIRFLOW_CTX_DAG_OWNER='***' AIRFLOW_CTX_DAG_ID='fetch_spread_values' AIRFLOW_CTX_TASK_ID='fetch_and_compute_spread_usd_mxn' AIRFLOW_CTX_EXECUTION_DATE='2024-07-14T18:23:00+00:00' AIRFLOW_CTX_TRY_NUMBER='1' AIRFLOW_CTX_DAG_RUN_ID='scheduled__2024-07-14T18:23:00+00:00'
[2024-07-14T18:29:55.534+0000] {taskinstance.py:430} INFO - ::endgroup::
[2024-07-14T18:29:56.203+0000] {python.py:237} INFO - Done. Returned value was: None
[2024-07-14T18:29:56.225+0000] {taskinstance.py:441} INFO - ::group::Post task execution logs
[2024-07-14T18:29:56.257+0000] {taskinstance.py:1206} INFO - Marking task as SUCCESS. dag_id=fetch_spread_values, task_id=fetch_and_compute_spread_usd_mxn, run_id=scheduled__2024-07-14T18:23:00+00:00, execution_date=20240714T182300, start_date=20240714T182954, end_date=20240714T182956
[2024-07-14T18:29:56.440+0000] {local_task_job_runner.py:240} INFO - Task exited with return code 0
[2024-07-14T18:29:56.593+0000] {taskinstance.py:3503} INFO - 0 downstream tasks scheduled from follow-on schedule check
[2024-07-14T18:29:56.635+0000] {local_task_job_runner.py:222} INFO - ::endgroup::
[2024-07-14T20:39:44.581+0000] {local_task_job_runner.py:120} INFO - ::group::Pre task execution logs
[2024-07-14T20:39:44.612+0000] {taskinstance.py:2076} INFO - Dependencies all met for dep_context=non-requeueable deps ti=<TaskInstance: fetch_spread_values.fetch_and_compute_spread_usd_mxn scheduled__2024-07-14T18:23:00+00:00 [queued]>
[2024-07-14T20:39:44.619+0000] {taskinstance.py:2076} INFO - Dependencies all met for dep_context=requeueable deps ti=<TaskInstance: fetch_spread_values.fetch_and_compute_spread_usd_mxn scheduled__2024-07-14T18:23:00+00:00 [queued]>
[2024-07-14T20:39:44.622+0000] {taskinstance.py:2306} INFO - Starting attempt 1 of 2
[2024-07-14T20:39:44.643+0000] {taskinstance.py:2330} INFO - Executing <Task(PythonOperator): fetch_and_compute_spread_usd_mxn> on 2024-07-14 18:23:00+00:00
[2024-07-14T20:39:44.656+0000] {logging_mixin.py:188} WARNING - /home/***/.local/lib/python3.12/site-packages/***/task/task_runner/standard_task_runner.py:61 DeprecationWarning: This process (pid=4919) is multi-threaded, use of fork() may lead to deadlocks in the child.
[2024-07-14T20:39:44.660+0000] {standard_task_runner.py:63} INFO - Started process 4926 to run task
[2024-07-14T20:39:44.661+0000] {standard_task_runner.py:90} INFO - Running: ['***', 'tasks', 'run', 'fetch_spread_values', 'fetch_and_compute_spread_usd_mxn', 'scheduled__2024-07-14T18:23:00+00:00', '--job-id', '2335', '--raw', '--subdir', 'DAGS_FOLDER/***.py', '--cfg-path', '/tmp/tmprsd_39yy']
[2024-07-14T20:39:44.679+0000] {standard_task_runner.py:91} INFO - Job 2335: Subtask fetch_and_compute_spread_usd_mxn
[2024-07-14T20:39:44.751+0000] {task_command.py:426} INFO - Running <TaskInstance: fetch_spread_values.fetch_and_compute_spread_usd_mxn scheduled__2024-07-14T18:23:00+00:00 [running]> on host 77caf7e4b282
[2024-07-14T20:39:44.858+0000] {taskinstance.py:2648} INFO - Exporting env vars: AIRFLOW_CTX_DAG_OWNER='***' AIRFLOW_CTX_DAG_ID='fetch_spread_values' AIRFLOW_CTX_TASK_ID='fetch_and_compute_spread_usd_mxn' AIRFLOW_CTX_EXECUTION_DATE='2024-07-14T18:23:00+00:00' AIRFLOW_CTX_TRY_NUMBER='1' AIRFLOW_CTX_DAG_RUN_ID='scheduled__2024-07-14T18:23:00+00:00'
[2024-07-14T20:39:44.861+0000] {taskinstance.py:430} INFO - ::endgroup::
[2024-07-14T20:39:45.088+0000] {python.py:237} INFO - Done. Returned value was: None
[2024-07-14T20:39:45.093+0000] {taskinstance.py:441} INFO - ::group::Post task execution logs
[2024-07-14T20:39:45.115+0000] {taskinstance.py:1206} INFO - Marking task as SUCCESS. dag_id=fetch_spread_values, task_id=fetch_and_compute_spread_usd_mxn, run_id=scheduled__2024-07-14T18:23:00+00:00, execution_date=20240714T182300, start_date=20240714T203944, end_date=20240714T203945
[2024-07-14T20:39:45.152+0000] {local_task_job_runner.py:240} INFO - Task exited with return code 0
[2024-07-14T20:39:45.172+0000] {local_task_job_runner.py:222} INFO - ::endgroup::
