[2024-07-14T12:08:40.299+0000] {local_task_job_runner.py:120} INFO - ::group::Pre task execution logs
[2024-07-14T12:08:40.383+0000] {taskinstance.py:2076} INFO - Dependencies all met for dep_context=non-requeueable deps ti=<TaskInstance: fetch_spread_values.fetch_and_compute_spread_btc_mxn scheduled__2024-07-14T12:02:00+00:00 [queued]>
[2024-07-14T12:08:40.403+0000] {taskinstance.py:2076} INFO - Dependencies all met for dep_context=requeueable deps ti=<TaskInstance: fetch_spread_values.fetch_and_compute_spread_btc_mxn scheduled__2024-07-14T12:02:00+00:00 [queued]>
[2024-07-14T12:08:40.404+0000] {taskinstance.py:2306} INFO - Starting attempt 1 of 2
[2024-07-14T12:08:40.461+0000] {taskinstance.py:2330} INFO - Executing <Task(PythonOperator): fetch_and_compute_spread_btc_mxn> on 2024-07-14 12:02:00+00:00
[2024-07-14T12:08:40.533+0000] {standard_task_runner.py:90} INFO - Running: ['***', 'tasks', 'run', 'fetch_spread_values', 'fetch_and_compute_spread_btc_mxn', 'scheduled__2024-07-14T12:02:00+00:00', '--job-id', '1547', '--raw', '--subdir', 'DAGS_FOLDER/***.py', '--cfg-path', '/tmp/tmpjqd74t73']
[2024-07-14T12:08:40.574+0000] {standard_task_runner.py:91} INFO - Job 1547: Subtask fetch_and_compute_spread_btc_mxn
[2024-07-14T12:08:40.529+0000] {warnings.py:112} WARNING - /home/***/.local/lib/python3.12/site-packages/***/task/task_runner/standard_task_runner.py:61: DeprecationWarning: This process (pid=5169) is multi-threaded, use of fork() may lead to deadlocks in the child.
  pid = os.fork()

[2024-07-14T12:08:40.599+0000] {standard_task_runner.py:63} INFO - Started process 5188 to run task
[2024-07-14T12:08:40.776+0000] {task_command.py:426} INFO - Running <TaskInstance: fetch_spread_values.fetch_and_compute_spread_btc_mxn scheduled__2024-07-14T12:02:00+00:00 [running]> on host d537c34a4880
[2024-07-14T12:08:40.985+0000] {taskinstance.py:2648} INFO - Exporting env vars: AIRFLOW_CTX_DAG_OWNER='***' AIRFLOW_CTX_DAG_ID='fetch_spread_values' AIRFLOW_CTX_TASK_ID='fetch_and_compute_spread_btc_mxn' AIRFLOW_CTX_EXECUTION_DATE='2024-07-14T12:02:00+00:00' AIRFLOW_CTX_TRY_NUMBER='1' AIRFLOW_CTX_DAG_RUN_ID='scheduled__2024-07-14T12:02:00+00:00'
[2024-07-14T12:08:40.995+0000] {taskinstance.py:430} INFO - ::endgroup::
[2024-07-14T12:08:41.282+0000] {python.py:237} INFO - Done. Returned value was: None
[2024-07-14T12:08:41.287+0000] {taskinstance.py:441} INFO - ::group::Post task execution logs
[2024-07-14T12:08:41.302+0000] {taskinstance.py:1206} INFO - Marking task as SUCCESS. dag_id=fetch_spread_values, task_id=fetch_and_compute_spread_btc_mxn, run_id=scheduled__2024-07-14T12:02:00+00:00, execution_date=20240714T120200, start_date=20240714T120840, end_date=20240714T120841
[2024-07-14T12:08:41.366+0000] {local_task_job_runner.py:240} INFO - Task exited with return code 0
[2024-07-14T12:08:41.413+0000] {taskinstance.py:3503} INFO - 0 downstream tasks scheduled from follow-on schedule check
[2024-07-14T12:08:41.424+0000] {local_task_job_runner.py:222} INFO - ::endgroup::
[2024-07-14T20:37:25.741+0000] {local_task_job_runner.py:120} INFO - ::group::Pre task execution logs
[2024-07-14T20:37:25.772+0000] {taskinstance.py:2076} INFO - Dependencies all met for dep_context=non-requeueable deps ti=<TaskInstance: fetch_spread_values.fetch_and_compute_spread_btc_mxn scheduled__2024-07-14T12:02:00+00:00 [queued]>
[2024-07-14T20:37:25.780+0000] {taskinstance.py:2076} INFO - Dependencies all met for dep_context=requeueable deps ti=<TaskInstance: fetch_spread_values.fetch_and_compute_spread_btc_mxn scheduled__2024-07-14T12:02:00+00:00 [queued]>
[2024-07-14T20:37:25.782+0000] {taskinstance.py:2306} INFO - Starting attempt 1 of 2
[2024-07-14T20:37:25.795+0000] {taskinstance.py:2330} INFO - Executing <Task(PythonOperator): fetch_and_compute_spread_btc_mxn> on 2024-07-14 12:02:00+00:00
[2024-07-14T20:37:25.800+0000] {logging_mixin.py:188} WARNING - /home/***/.local/lib/python3.12/site-packages/***/task/task_runner/standard_task_runner.py:61 DeprecationWarning: This process (pid=3374) is multi-threaded, use of fork() may lead to deadlocks in the child.
[2024-07-14T20:37:25.802+0000] {standard_task_runner.py:63} INFO - Started process 3378 to run task
[2024-07-14T20:37:25.800+0000] {standard_task_runner.py:90} INFO - Running: ['***', 'tasks', 'run', 'fetch_spread_values', 'fetch_and_compute_spread_btc_mxn', 'scheduled__2024-07-14T12:02:00+00:00', '--job-id', '1572', '--raw', '--subdir', 'DAGS_FOLDER/***.py', '--cfg-path', '/tmp/tmpenzvu89v']
[2024-07-14T20:37:25.805+0000] {standard_task_runner.py:91} INFO - Job 1572: Subtask fetch_and_compute_spread_btc_mxn
[2024-07-14T20:37:25.848+0000] {task_command.py:426} INFO - Running <TaskInstance: fetch_spread_values.fetch_and_compute_spread_btc_mxn scheduled__2024-07-14T12:02:00+00:00 [running]> on host 77caf7e4b282
[2024-07-14T20:37:25.912+0000] {taskinstance.py:2648} INFO - Exporting env vars: AIRFLOW_CTX_DAG_OWNER='***' AIRFLOW_CTX_DAG_ID='fetch_spread_values' AIRFLOW_CTX_TASK_ID='fetch_and_compute_spread_btc_mxn' AIRFLOW_CTX_EXECUTION_DATE='2024-07-14T12:02:00+00:00' AIRFLOW_CTX_TRY_NUMBER='1' AIRFLOW_CTX_DAG_RUN_ID='scheduled__2024-07-14T12:02:00+00:00'
[2024-07-14T20:37:25.913+0000] {taskinstance.py:430} INFO - ::endgroup::
[2024-07-14T20:37:26.079+0000] {python.py:237} INFO - Done. Returned value was: None
[2024-07-14T20:37:26.080+0000] {taskinstance.py:441} INFO - ::group::Post task execution logs
[2024-07-14T20:37:26.086+0000] {taskinstance.py:1206} INFO - Marking task as SUCCESS. dag_id=fetch_spread_values, task_id=fetch_and_compute_spread_btc_mxn, run_id=scheduled__2024-07-14T12:02:00+00:00, execution_date=20240714T120200, start_date=20240714T203725, end_date=20240714T203726
[2024-07-14T20:37:26.111+0000] {local_task_job_runner.py:240} INFO - Task exited with return code 0
[2024-07-14T20:37:26.121+0000] {taskinstance.py:3503} INFO - 0 downstream tasks scheduled from follow-on schedule check
[2024-07-14T20:37:26.122+0000] {local_task_job_runner.py:222} INFO - ::endgroup::
