[2024-07-14T09:02:48.921+0000] {local_task_job_runner.py:120} INFO - ::group::Pre task execution logs
[2024-07-14T09:02:49.044+0000] {taskinstance.py:2076} INFO - Dependencies all met for dep_context=non-requeueable deps ti=<TaskInstance: fetch_spread_values.fetch_and_compute_spread_usd_mxn scheduled__2024-07-14T06:36:00+00:00 [queued]>
[2024-07-14T09:02:49.077+0000] {taskinstance.py:2076} INFO - Dependencies all met for dep_context=requeueable deps ti=<TaskInstance: fetch_spread_values.fetch_and_compute_spread_usd_mxn scheduled__2024-07-14T06:36:00+00:00 [queued]>
[2024-07-14T09:02:49.084+0000] {taskinstance.py:2306} INFO - Starting attempt 1 of 2
[2024-07-14T09:02:49.137+0000] {taskinstance.py:2330} INFO - Executing <Task(PythonOperator): fetch_and_compute_spread_usd_mxn> on 2024-07-14 06:36:00+00:00
[2024-07-14T09:02:49.149+0000] {warnings.py:112} WARNING - /home/***/.local/lib/python3.12/site-packages/***/task/task_runner/standard_task_runner.py:61: DeprecationWarning: This process (pid=2564) is multi-threaded, use of fork() may lead to deadlocks in the child.
  pid = os.fork()

[2024-07-14T09:02:49.161+0000] {standard_task_runner.py:63} INFO - Started process 2588 to run task
[2024-07-14T09:02:49.150+0000] {standard_task_runner.py:90} INFO - Running: ['***', 'tasks', 'run', 'fetch_spread_values', 'fetch_and_compute_spread_usd_mxn', 'scheduled__2024-07-14T06:36:00+00:00', '--job-id', '821', '--raw', '--subdir', 'DAGS_FOLDER/***.py', '--cfg-path', '/tmp/tmpyosi4h71']
[2024-07-14T09:02:49.173+0000] {standard_task_runner.py:91} INFO - Job 821: Subtask fetch_and_compute_spread_usd_mxn
[2024-07-14T09:02:49.530+0000] {task_command.py:426} INFO - Running <TaskInstance: fetch_spread_values.fetch_and_compute_spread_usd_mxn scheduled__2024-07-14T06:36:00+00:00 [running]> on host d537c34a4880
[2024-07-14T09:02:49.999+0000] {taskinstance.py:2648} INFO - Exporting env vars: AIRFLOW_CTX_DAG_OWNER='***' AIRFLOW_CTX_DAG_ID='fetch_spread_values' AIRFLOW_CTX_TASK_ID='fetch_and_compute_spread_usd_mxn' AIRFLOW_CTX_EXECUTION_DATE='2024-07-14T06:36:00+00:00' AIRFLOW_CTX_TRY_NUMBER='1' AIRFLOW_CTX_DAG_RUN_ID='scheduled__2024-07-14T06:36:00+00:00'
[2024-07-14T09:02:50.019+0000] {taskinstance.py:430} INFO - ::endgroup::
[2024-07-14T09:02:50.387+0000] {python.py:237} INFO - Done. Returned value was: None
[2024-07-14T09:02:50.393+0000] {taskinstance.py:441} INFO - ::group::Post task execution logs
[2024-07-14T09:02:50.432+0000] {taskinstance.py:1206} INFO - Marking task as SUCCESS. dag_id=fetch_spread_values, task_id=fetch_and_compute_spread_usd_mxn, run_id=scheduled__2024-07-14T06:36:00+00:00, execution_date=20240714T063600, start_date=20240714T090249, end_date=20240714T090250
[2024-07-14T09:02:50.575+0000] {local_task_job_runner.py:240} INFO - Task exited with return code 0
[2024-07-14T09:02:50.668+0000] {taskinstance.py:3503} INFO - 0 downstream tasks scheduled from follow-on schedule check
[2024-07-14T09:02:50.673+0000] {local_task_job_runner.py:222} INFO - ::endgroup::
[2024-07-14T20:35:02.176+0000] {local_task_job_runner.py:120} INFO - ::group::Pre task execution logs
[2024-07-14T20:35:02.203+0000] {taskinstance.py:2076} INFO - Dependencies all met for dep_context=non-requeueable deps ti=<TaskInstance: fetch_spread_values.fetch_and_compute_spread_usd_mxn scheduled__2024-07-14T06:36:00+00:00 [queued]>
[2024-07-14T20:35:02.213+0000] {taskinstance.py:2076} INFO - Dependencies all met for dep_context=requeueable deps ti=<TaskInstance: fetch_spread_values.fetch_and_compute_spread_usd_mxn scheduled__2024-07-14T06:36:00+00:00 [queued]>
[2024-07-14T20:35:02.216+0000] {taskinstance.py:2306} INFO - Starting attempt 1 of 2
[2024-07-14T20:35:02.227+0000] {taskinstance.py:2330} INFO - Executing <Task(PythonOperator): fetch_and_compute_spread_usd_mxn> on 2024-07-14 06:36:00+00:00
[2024-07-14T20:35:02.232+0000] {logging_mixin.py:188} WARNING - /home/***/.local/lib/python3.12/site-packages/***/task/task_runner/standard_task_runner.py:61 DeprecationWarning: This process (pid=1908) is multi-threaded, use of fork() may lead to deadlocks in the child.
[2024-07-14T20:35:02.238+0000] {standard_task_runner.py:63} INFO - Started process 1916 to run task
[2024-07-14T20:35:02.234+0000] {standard_task_runner.py:90} INFO - Running: ['***', 'tasks', 'run', 'fetch_spread_values', 'fetch_and_compute_spread_usd_mxn', 'scheduled__2024-07-14T06:36:00+00:00', '--job-id', '851', '--raw', '--subdir', 'DAGS_FOLDER/***.py', '--cfg-path', '/tmp/tmpl4f4ul53']
[2024-07-14T20:35:02.240+0000] {standard_task_runner.py:91} INFO - Job 851: Subtask fetch_and_compute_spread_usd_mxn
[2024-07-14T20:35:02.286+0000] {task_command.py:426} INFO - Running <TaskInstance: fetch_spread_values.fetch_and_compute_spread_usd_mxn scheduled__2024-07-14T06:36:00+00:00 [running]> on host 77caf7e4b282
[2024-07-14T20:35:02.418+0000] {taskinstance.py:2648} INFO - Exporting env vars: AIRFLOW_CTX_DAG_OWNER='***' AIRFLOW_CTX_DAG_ID='fetch_spread_values' AIRFLOW_CTX_TASK_ID='fetch_and_compute_spread_usd_mxn' AIRFLOW_CTX_EXECUTION_DATE='2024-07-14T06:36:00+00:00' AIRFLOW_CTX_TRY_NUMBER='1' AIRFLOW_CTX_DAG_RUN_ID='scheduled__2024-07-14T06:36:00+00:00'
[2024-07-14T20:35:02.419+0000] {taskinstance.py:430} INFO - ::endgroup::
[2024-07-14T20:35:02.703+0000] {python.py:237} INFO - Done. Returned value was: None
[2024-07-14T20:35:02.716+0000] {taskinstance.py:441} INFO - ::group::Post task execution logs
[2024-07-14T20:35:02.740+0000] {taskinstance.py:1206} INFO - Marking task as SUCCESS. dag_id=fetch_spread_values, task_id=fetch_and_compute_spread_usd_mxn, run_id=scheduled__2024-07-14T06:36:00+00:00, execution_date=20240714T063600, start_date=20240714T203502, end_date=20240714T203502
[2024-07-14T20:35:02.772+0000] {local_task_job_runner.py:240} INFO - Task exited with return code 0
[2024-07-14T20:35:02.810+0000] {taskinstance.py:3503} INFO - 0 downstream tasks scheduled from follow-on schedule check
[2024-07-14T20:35:02.820+0000] {local_task_job_runner.py:222} INFO - ::endgroup::
