[2024-07-14T18:29:45.428+0000] {local_task_job_runner.py:120} INFO - ::group::Pre task execution logs
[2024-07-14T18:29:45.487+0000] {taskinstance.py:2076} INFO - Dependencies all met for dep_context=non-requeueable deps ti=<TaskInstance: fetch_spread_values.fetch_and_compute_spread_usd_mxn scheduled__2024-07-14T18:18:00+00:00 [queued]>
[2024-07-14T18:29:45.520+0000] {taskinstance.py:2076} INFO - Dependencies all met for dep_context=requeueable deps ti=<TaskInstance: fetch_spread_values.fetch_and_compute_spread_usd_mxn scheduled__2024-07-14T18:18:00+00:00 [queued]>
[2024-07-14T18:29:45.525+0000] {taskinstance.py:2306} INFO - Starting attempt 1 of 2
[2024-07-14T18:29:45.604+0000] {taskinstance.py:2330} INFO - Executing <Task(PythonOperator): fetch_and_compute_spread_usd_mxn> on 2024-07-14 18:18:00+00:00
[2024-07-14T18:29:45.646+0000] {warnings.py:112} WARNING - /home/***/.local/lib/python3.12/site-packages/***/task/task_runner/standard_task_runner.py:61: DeprecationWarning: This process (pid=7785) is multi-threaded, use of fork() may lead to deadlocks in the child.
  pid = os.fork()

[2024-07-14T18:29:45.653+0000] {standard_task_runner.py:63} INFO - Started process 7808 to run task
[2024-07-14T18:29:45.629+0000] {standard_task_runner.py:90} INFO - Running: ['***', 'tasks', 'run', 'fetch_spread_values', 'fetch_and_compute_spread_usd_mxn', 'scheduled__2024-07-14T18:18:00+00:00', '--job-id', '2345', '--raw', '--subdir', 'DAGS_FOLDER/***.py', '--cfg-path', '/tmp/tmpgy0ivvg6']
[2024-07-14T18:29:45.669+0000] {standard_task_runner.py:91} INFO - Job 2345: Subtask fetch_and_compute_spread_usd_mxn
[2024-07-14T18:29:46.056+0000] {task_command.py:426} INFO - Running <TaskInstance: fetch_spread_values.fetch_and_compute_spread_usd_mxn scheduled__2024-07-14T18:18:00+00:00 [running]> on host d537c34a4880
[2024-07-14T18:29:46.703+0000] {taskinstance.py:2648} INFO - Exporting env vars: AIRFLOW_CTX_DAG_OWNER='***' AIRFLOW_CTX_DAG_ID='fetch_spread_values' AIRFLOW_CTX_TASK_ID='fetch_and_compute_spread_usd_mxn' AIRFLOW_CTX_EXECUTION_DATE='2024-07-14T18:18:00+00:00' AIRFLOW_CTX_TRY_NUMBER='1' AIRFLOW_CTX_DAG_RUN_ID='scheduled__2024-07-14T18:18:00+00:00'
[2024-07-14T18:29:46.713+0000] {taskinstance.py:430} INFO - ::endgroup::
[2024-07-14T18:29:47.083+0000] {python.py:237} INFO - Done. Returned value was: None
[2024-07-14T18:29:47.149+0000] {taskinstance.py:441} INFO - ::group::Post task execution logs
[2024-07-14T18:29:47.176+0000] {taskinstance.py:1206} INFO - Marking task as SUCCESS. dag_id=fetch_spread_values, task_id=fetch_and_compute_spread_usd_mxn, run_id=scheduled__2024-07-14T18:18:00+00:00, execution_date=20240714T181800, start_date=20240714T182945, end_date=20240714T182947
[2024-07-14T18:29:47.299+0000] {local_task_job_runner.py:240} INFO - Task exited with return code 0
[2024-07-14T18:29:47.327+0000] {taskinstance.py:3503} INFO - 0 downstream tasks scheduled from follow-on schedule check
[2024-07-14T18:29:47.350+0000] {local_task_job_runner.py:222} INFO - ::endgroup::
[2024-07-14T20:39:41.943+0000] {local_task_job_runner.py:120} INFO - ::group::Pre task execution logs
[2024-07-14T20:39:42.005+0000] {taskinstance.py:2076} INFO - Dependencies all met for dep_context=non-requeueable deps ti=<TaskInstance: fetch_spread_values.fetch_and_compute_spread_usd_mxn scheduled__2024-07-14T18:18:00+00:00 [queued]>
[2024-07-14T20:39:42.035+0000] {taskinstance.py:2076} INFO - Dependencies all met for dep_context=requeueable deps ti=<TaskInstance: fetch_spread_values.fetch_and_compute_spread_usd_mxn scheduled__2024-07-14T18:18:00+00:00 [queued]>
[2024-07-14T20:39:42.036+0000] {taskinstance.py:2306} INFO - Starting attempt 1 of 2
[2024-07-14T20:39:42.089+0000] {taskinstance.py:2330} INFO - Executing <Task(PythonOperator): fetch_and_compute_spread_usd_mxn> on 2024-07-14 18:18:00+00:00
[2024-07-14T20:39:42.097+0000] {standard_task_runner.py:90} INFO - Running: ['***', 'tasks', 'run', 'fetch_spread_values', 'fetch_and_compute_spread_usd_mxn', 'scheduled__2024-07-14T18:18:00+00:00', '--job-id', '2325', '--raw', '--subdir', 'DAGS_FOLDER/***.py', '--cfg-path', '/tmp/tmp14ddgc86']
[2024-07-14T20:39:42.099+0000] {standard_task_runner.py:91} INFO - Job 2325: Subtask fetch_and_compute_spread_usd_mxn
[2024-07-14T20:39:42.098+0000] {logging_mixin.py:188} WARNING - /home/***/.local/lib/python3.12/site-packages/***/task/task_runner/standard_task_runner.py:61 DeprecationWarning: This process (pid=4894) is multi-threaded, use of fork() may lead to deadlocks in the child.
[2024-07-14T20:39:42.101+0000] {standard_task_runner.py:63} INFO - Started process 4906 to run task
[2024-07-14T20:39:42.153+0000] {task_command.py:426} INFO - Running <TaskInstance: fetch_spread_values.fetch_and_compute_spread_usd_mxn scheduled__2024-07-14T18:18:00+00:00 [running]> on host 77caf7e4b282
[2024-07-14T20:39:42.269+0000] {taskinstance.py:2648} INFO - Exporting env vars: AIRFLOW_CTX_DAG_OWNER='***' AIRFLOW_CTX_DAG_ID='fetch_spread_values' AIRFLOW_CTX_TASK_ID='fetch_and_compute_spread_usd_mxn' AIRFLOW_CTX_EXECUTION_DATE='2024-07-14T18:18:00+00:00' AIRFLOW_CTX_TRY_NUMBER='1' AIRFLOW_CTX_DAG_RUN_ID='scheduled__2024-07-14T18:18:00+00:00'
[2024-07-14T20:39:42.273+0000] {taskinstance.py:430} INFO - ::endgroup::
[2024-07-14T20:39:42.561+0000] {python.py:237} INFO - Done. Returned value was: None
[2024-07-14T20:39:42.561+0000] {taskinstance.py:441} INFO - ::group::Post task execution logs
[2024-07-14T20:39:42.570+0000] {taskinstance.py:1206} INFO - Marking task as SUCCESS. dag_id=fetch_spread_values, task_id=fetch_and_compute_spread_usd_mxn, run_id=scheduled__2024-07-14T18:18:00+00:00, execution_date=20240714T181800, start_date=20240714T203942, end_date=20240714T203942
[2024-07-14T20:39:42.617+0000] {local_task_job_runner.py:240} INFO - Task exited with return code 0
[2024-07-14T20:39:42.629+0000] {taskinstance.py:3503} INFO - 0 downstream tasks scheduled from follow-on schedule check
[2024-07-14T20:39:42.631+0000] {local_task_job_runner.py:222} INFO - ::endgroup::
