[2024-07-14T14:48:35.373+0000] {local_task_job_runner.py:120} INFO - ::group::Pre task execution logs
[2024-07-14T14:48:35.419+0000] {taskinstance.py:2076} INFO - Dependencies all met for dep_context=non-requeueable deps ti=<TaskInstance: fetch_spread_values.fetch_and_compute_spread_btc_mxn scheduled__2024-07-14T14:32:00+00:00 [queued]>
[2024-07-14T14:48:35.471+0000] {taskinstance.py:2076} INFO - Dependencies all met for dep_context=requeueable deps ti=<TaskInstance: fetch_spread_values.fetch_and_compute_spread_btc_mxn scheduled__2024-07-14T14:32:00+00:00 [queued]>
[2024-07-14T14:48:35.490+0000] {taskinstance.py:2306} INFO - Starting attempt 1 of 2
[2024-07-14T14:48:35.536+0000] {taskinstance.py:2330} INFO - Executing <Task(PythonOperator): fetch_and_compute_spread_btc_mxn> on 2024-07-14 14:32:00+00:00
[2024-07-14T14:48:35.543+0000] {warnings.py:112} WARNING - /home/***/.local/lib/python3.12/site-packages/***/task/task_runner/standard_task_runner.py:61: DeprecationWarning: This process (pid=6225) is multi-threaded, use of fork() may lead to deadlocks in the child.
  pid = os.fork()

[2024-07-14T14:48:35.552+0000] {standard_task_runner.py:63} INFO - Started process 6251 to run task
[2024-07-14T14:48:35.556+0000] {standard_task_runner.py:90} INFO - Running: ['***', 'tasks', 'run', 'fetch_spread_values', 'fetch_and_compute_spread_btc_mxn', 'scheduled__2024-07-14T14:32:00+00:00', '--job-id', '1871', '--raw', '--subdir', 'DAGS_FOLDER/***.py', '--cfg-path', '/tmp/tmp351g_lih']
[2024-07-14T14:48:35.571+0000] {standard_task_runner.py:91} INFO - Job 1871: Subtask fetch_and_compute_spread_btc_mxn
[2024-07-14T14:48:35.754+0000] {task_command.py:426} INFO - Running <TaskInstance: fetch_spread_values.fetch_and_compute_spread_btc_mxn scheduled__2024-07-14T14:32:00+00:00 [running]> on host d537c34a4880
[2024-07-14T14:48:36.000+0000] {taskinstance.py:2648} INFO - Exporting env vars: AIRFLOW_CTX_DAG_OWNER='***' AIRFLOW_CTX_DAG_ID='fetch_spread_values' AIRFLOW_CTX_TASK_ID='fetch_and_compute_spread_btc_mxn' AIRFLOW_CTX_EXECUTION_DATE='2024-07-14T14:32:00+00:00' AIRFLOW_CTX_TRY_NUMBER='1' AIRFLOW_CTX_DAG_RUN_ID='scheduled__2024-07-14T14:32:00+00:00'
[2024-07-14T14:48:36.010+0000] {taskinstance.py:430} INFO - ::endgroup::
[2024-07-14T14:48:36.529+0000] {python.py:237} INFO - Done. Returned value was: None
[2024-07-14T14:48:36.539+0000] {taskinstance.py:441} INFO - ::group::Post task execution logs
[2024-07-14T14:48:36.610+0000] {taskinstance.py:1206} INFO - Marking task as SUCCESS. dag_id=fetch_spread_values, task_id=fetch_and_compute_spread_btc_mxn, run_id=scheduled__2024-07-14T14:32:00+00:00, execution_date=20240714T143200, start_date=20240714T144835, end_date=20240714T144836
[2024-07-14T14:48:36.713+0000] {local_task_job_runner.py:240} INFO - Task exited with return code 0
[2024-07-14T14:48:36.793+0000] {taskinstance.py:3503} INFO - 0 downstream tasks scheduled from follow-on schedule check
[2024-07-14T14:48:36.799+0000] {local_task_job_runner.py:222} INFO - ::endgroup::
[2024-07-14T20:38:19.548+0000] {local_task_job_runner.py:120} INFO - ::group::Pre task execution logs
[2024-07-14T20:38:19.595+0000] {taskinstance.py:2076} INFO - Dependencies all met for dep_context=non-requeueable deps ti=<TaskInstance: fetch_spread_values.fetch_and_compute_spread_btc_mxn scheduled__2024-07-14T14:32:00+00:00 [queued]>
[2024-07-14T20:38:19.601+0000] {taskinstance.py:2076} INFO - Dependencies all met for dep_context=requeueable deps ti=<TaskInstance: fetch_spread_values.fetch_and_compute_spread_btc_mxn scheduled__2024-07-14T14:32:00+00:00 [queued]>
[2024-07-14T20:38:19.603+0000] {taskinstance.py:2306} INFO - Starting attempt 1 of 2
[2024-07-14T20:38:19.629+0000] {taskinstance.py:2330} INFO - Executing <Task(PythonOperator): fetch_and_compute_spread_btc_mxn> on 2024-07-14 14:32:00+00:00
[2024-07-14T20:38:19.636+0000] {logging_mixin.py:188} WARNING - /home/***/.local/lib/python3.12/site-packages/***/task/task_runner/standard_task_runner.py:61 DeprecationWarning: This process (pid=3982) is multi-threaded, use of fork() may lead to deadlocks in the child.
[2024-07-14T20:38:19.637+0000] {standard_task_runner.py:63} INFO - Started process 3989 to run task
[2024-07-14T20:38:19.637+0000] {standard_task_runner.py:90} INFO - Running: ['***', 'tasks', 'run', 'fetch_spread_values', 'fetch_and_compute_spread_btc_mxn', 'scheduled__2024-07-14T14:32:00+00:00', '--job-id', '1871', '--raw', '--subdir', 'DAGS_FOLDER/***.py', '--cfg-path', '/tmp/tmp153r0lz0']
[2024-07-14T20:38:19.639+0000] {standard_task_runner.py:91} INFO - Job 1871: Subtask fetch_and_compute_spread_btc_mxn
[2024-07-14T20:38:19.703+0000] {task_command.py:426} INFO - Running <TaskInstance: fetch_spread_values.fetch_and_compute_spread_btc_mxn scheduled__2024-07-14T14:32:00+00:00 [running]> on host 77caf7e4b282
[2024-07-14T20:38:19.793+0000] {taskinstance.py:2648} INFO - Exporting env vars: AIRFLOW_CTX_DAG_OWNER='***' AIRFLOW_CTX_DAG_ID='fetch_spread_values' AIRFLOW_CTX_TASK_ID='fetch_and_compute_spread_btc_mxn' AIRFLOW_CTX_EXECUTION_DATE='2024-07-14T14:32:00+00:00' AIRFLOW_CTX_TRY_NUMBER='1' AIRFLOW_CTX_DAG_RUN_ID='scheduled__2024-07-14T14:32:00+00:00'
[2024-07-14T20:38:19.794+0000] {taskinstance.py:430} INFO - ::endgroup::
[2024-07-14T20:38:20.003+0000] {python.py:237} INFO - Done. Returned value was: None
[2024-07-14T20:38:20.004+0000] {taskinstance.py:441} INFO - ::group::Post task execution logs
[2024-07-14T20:38:20.009+0000] {taskinstance.py:1206} INFO - Marking task as SUCCESS. dag_id=fetch_spread_values, task_id=fetch_and_compute_spread_btc_mxn, run_id=scheduled__2024-07-14T14:32:00+00:00, execution_date=20240714T143200, start_date=20240714T203819, end_date=20240714T203820
[2024-07-14T20:38:20.035+0000] {local_task_job_runner.py:240} INFO - Task exited with return code 0
[2024-07-14T20:38:20.044+0000] {taskinstance.py:3503} INFO - 0 downstream tasks scheduled from follow-on schedule check
[2024-07-14T20:38:20.045+0000] {local_task_job_runner.py:222} INFO - ::endgroup::
