[2024-07-14T06:37:59.818+0000] {local_task_job_runner.py:120} INFO - ::group::Pre task execution logs
[2024-07-14T06:37:59.835+0000] {taskinstance.py:2076} INFO - Dependencies all met for dep_context=non-requeueable deps ti=<TaskInstance: tutorial.sleep manual__2024-07-14T06:37:56.019384+00:00 [queued]>
[2024-07-14T06:37:59.844+0000] {taskinstance.py:2076} INFO - Dependencies all met for dep_context=requeueable deps ti=<TaskInstance: tutorial.sleep manual__2024-07-14T06:37:56.019384+00:00 [queued]>
[2024-07-14T06:37:59.845+0000] {taskinstance.py:2306} INFO - Starting attempt 1 of 4
[2024-07-14T06:37:59.859+0000] {taskinstance.py:2330} INFO - Executing <Task(BashOperator): sleep> on 2024-07-14 06:37:56.019384+00:00
[2024-07-14T06:37:59.865+0000] {warnings.py:112} WARNING - /home/***/.local/lib/python3.12/site-packages/***/task/task_runner/standard_task_runner.py:61: DeprecationWarning: This process (pid=5183) is multi-threaded, use of fork() may lead to deadlocks in the child.
  pid = os.fork()

[2024-07-14T06:37:59.867+0000] {standard_task_runner.py:63} INFO - Started process 5191 to run task
[2024-07-14T06:37:59.868+0000] {standard_task_runner.py:90} INFO - Running: ['***', 'tasks', 'run', 'tutorial', 'sleep', 'manual__2024-07-14T06:37:56.019384+00:00', '--job-id', '5', '--raw', '--subdir', '/home/***/.local/lib/python3.12/site-packages/***/example_dags/tutorial.py', '--cfg-path', '/tmp/tmp_u3o4fe5']
[2024-07-14T06:37:59.874+0000] {standard_task_runner.py:91} INFO - Job 5: Subtask sleep
[2024-07-14T06:37:59.945+0000] {task_command.py:426} INFO - Running <TaskInstance: tutorial.sleep manual__2024-07-14T06:37:56.019384+00:00 [running]> on host 8bd08052def4
[2024-07-14T06:38:00.037+0000] {taskinstance.py:2648} INFO - Exporting env vars: AIRFLOW_CTX_DAG_EMAIL='***@example.com' AIRFLOW_CTX_DAG_OWNER='***' AIRFLOW_CTX_DAG_ID='tutorial' AIRFLOW_CTX_TASK_ID='sleep' AIRFLOW_CTX_EXECUTION_DATE='2024-07-14T06:37:56.019384+00:00' AIRFLOW_CTX_TRY_NUMBER='1' AIRFLOW_CTX_DAG_RUN_ID='manual__2024-07-14T06:37:56.019384+00:00'
[2024-07-14T06:38:00.040+0000] {taskinstance.py:430} INFO - ::endgroup::
[2024-07-14T06:38:00.042+0000] {subprocess.py:63} INFO - Tmp dir root location: /tmp
[2024-07-14T06:38:00.044+0000] {subprocess.py:75} INFO - Running command: ['/usr/bin/bash', '-c', 'sleep 5']
[2024-07-14T06:38:00.050+0000] {subprocess.py:86} INFO - Output:
[2024-07-14T06:38:05.056+0000] {subprocess.py:97} INFO - Command exited with return code 0
[2024-07-14T06:38:05.058+0000] {taskinstance.py:441} INFO - ::group::Post task execution logs
[2024-07-14T06:38:05.090+0000] {taskinstance.py:1206} INFO - Marking task as SUCCESS. dag_id=tutorial, task_id=sleep, run_id=manual__2024-07-14T06:37:56.019384+00:00, execution_date=20240714T063756, start_date=20240714T063759, end_date=20240714T063805
[2024-07-14T06:38:05.137+0000] {local_task_job_runner.py:240} INFO - Task exited with return code 0
[2024-07-14T06:38:05.148+0000] {taskinstance.py:3503} INFO - 0 downstream tasks scheduled from follow-on schedule check
[2024-07-14T06:38:05.149+0000] {local_task_job_runner.py:222} INFO - ::endgroup::
