[2024-07-14T12:50:32.288+0000] {local_task_job_runner.py:120} INFO - ::group::Pre task execution logs
[2024-07-14T12:50:32.357+0000] {taskinstance.py:2076} INFO - Dependencies all met for dep_context=non-requeueable deps ti=<TaskInstance: fetch_spread_values.fetch_and_compute_spread_usd_mxn scheduled__2024-07-14T12:43:00+00:00 [queued]>
[2024-07-14T12:50:32.402+0000] {taskinstance.py:2076} INFO - Dependencies all met for dep_context=requeueable deps ti=<TaskInstance: fetch_spread_values.fetch_and_compute_spread_usd_mxn scheduled__2024-07-14T12:43:00+00:00 [queued]>
[2024-07-14T12:50:32.411+0000] {taskinstance.py:2306} INFO - Starting attempt 1 of 2
[2024-07-14T12:50:32.482+0000] {taskinstance.py:2330} INFO - Executing <Task(PythonOperator): fetch_and_compute_spread_usd_mxn> on 2024-07-14 12:43:00+00:00
[2024-07-14T12:50:32.516+0000] {warnings.py:112} WARNING - /home/***/.local/lib/python3.12/site-packages/***/task/task_runner/standard_task_runner.py:61: DeprecationWarning: This process (pid=5457) is multi-threaded, use of fork() may lead to deadlocks in the child.
  pid = os.fork()

[2024-07-14T12:50:32.536+0000] {standard_task_runner.py:63} INFO - Started process 5475 to run task
[2024-07-14T12:50:32.548+0000] {standard_task_runner.py:90} INFO - Running: ['***', 'tasks', 'run', 'fetch_spread_values', 'fetch_and_compute_spread_usd_mxn', 'scheduled__2024-07-14T12:43:00+00:00', '--job-id', '1635', '--raw', '--subdir', 'DAGS_FOLDER/***.py', '--cfg-path', '/tmp/tmpuy6h_beh']
[2024-07-14T12:50:32.559+0000] {standard_task_runner.py:91} INFO - Job 1635: Subtask fetch_and_compute_spread_usd_mxn
[2024-07-14T12:50:32.754+0000] {task_command.py:426} INFO - Running <TaskInstance: fetch_spread_values.fetch_and_compute_spread_usd_mxn scheduled__2024-07-14T12:43:00+00:00 [running]> on host d537c34a4880
[2024-07-14T12:50:32.990+0000] {taskinstance.py:2648} INFO - Exporting env vars: AIRFLOW_CTX_DAG_OWNER='***' AIRFLOW_CTX_DAG_ID='fetch_spread_values' AIRFLOW_CTX_TASK_ID='fetch_and_compute_spread_usd_mxn' AIRFLOW_CTX_EXECUTION_DATE='2024-07-14T12:43:00+00:00' AIRFLOW_CTX_TRY_NUMBER='1' AIRFLOW_CTX_DAG_RUN_ID='scheduled__2024-07-14T12:43:00+00:00'
[2024-07-14T12:50:32.996+0000] {taskinstance.py:430} INFO - ::endgroup::
[2024-07-14T12:50:33.300+0000] {python.py:237} INFO - Done. Returned value was: None
[2024-07-14T12:50:33.306+0000] {taskinstance.py:441} INFO - ::group::Post task execution logs
[2024-07-14T12:50:33.377+0000] {taskinstance.py:1206} INFO - Marking task as SUCCESS. dag_id=fetch_spread_values, task_id=fetch_and_compute_spread_usd_mxn, run_id=scheduled__2024-07-14T12:43:00+00:00, execution_date=20240714T124300, start_date=20240714T125032, end_date=20240714T125033
[2024-07-14T12:50:33.476+0000] {local_task_job_runner.py:240} INFO - Task exited with return code 0
[2024-07-14T12:50:33.505+0000] {taskinstance.py:3503} INFO - 0 downstream tasks scheduled from follow-on schedule check
[2024-07-14T12:50:33.509+0000] {local_task_job_runner.py:222} INFO - ::endgroup::
[2024-07-14T20:37:42.814+0000] {local_task_job_runner.py:120} INFO - ::group::Pre task execution logs
[2024-07-14T20:37:42.838+0000] {taskinstance.py:2076} INFO - Dependencies all met for dep_context=non-requeueable deps ti=<TaskInstance: fetch_spread_values.fetch_and_compute_spread_usd_mxn scheduled__2024-07-14T12:43:00+00:00 [queued]>
[2024-07-14T20:37:42.844+0000] {taskinstance.py:2076} INFO - Dependencies all met for dep_context=requeueable deps ti=<TaskInstance: fetch_spread_values.fetch_and_compute_spread_usd_mxn scheduled__2024-07-14T12:43:00+00:00 [queued]>
[2024-07-14T20:37:42.844+0000] {taskinstance.py:2306} INFO - Starting attempt 1 of 2
[2024-07-14T20:37:42.856+0000] {taskinstance.py:2330} INFO - Executing <Task(PythonOperator): fetch_and_compute_spread_usd_mxn> on 2024-07-14 12:43:00+00:00
[2024-07-14T20:37:42.865+0000] {logging_mixin.py:188} WARNING - /home/***/.local/lib/python3.12/site-packages/***/task/task_runner/standard_task_runner.py:61 DeprecationWarning: This process (pid=3541) is multi-threaded, use of fork() may lead to deadlocks in the child.
[2024-07-14T20:37:42.871+0000] {standard_task_runner.py:63} INFO - Started process 3546 to run task
[2024-07-14T20:37:42.868+0000] {standard_task_runner.py:90} INFO - Running: ['***', 'tasks', 'run', 'fetch_spread_values', 'fetch_and_compute_spread_usd_mxn', 'scheduled__2024-07-14T12:43:00+00:00', '--job-id', '1655', '--raw', '--subdir', 'DAGS_FOLDER/***.py', '--cfg-path', '/tmp/tmptgz5rbzk']
[2024-07-14T20:37:42.878+0000] {standard_task_runner.py:91} INFO - Job 1655: Subtask fetch_and_compute_spread_usd_mxn
[2024-07-14T20:37:42.945+0000] {task_command.py:426} INFO - Running <TaskInstance: fetch_spread_values.fetch_and_compute_spread_usd_mxn scheduled__2024-07-14T12:43:00+00:00 [running]> on host 77caf7e4b282
[2024-07-14T20:37:43.052+0000] {taskinstance.py:2648} INFO - Exporting env vars: AIRFLOW_CTX_DAG_OWNER='***' AIRFLOW_CTX_DAG_ID='fetch_spread_values' AIRFLOW_CTX_TASK_ID='fetch_and_compute_spread_usd_mxn' AIRFLOW_CTX_EXECUTION_DATE='2024-07-14T12:43:00+00:00' AIRFLOW_CTX_TRY_NUMBER='1' AIRFLOW_CTX_DAG_RUN_ID='scheduled__2024-07-14T12:43:00+00:00'
[2024-07-14T20:37:43.055+0000] {taskinstance.py:430} INFO - ::endgroup::
[2024-07-14T20:37:43.291+0000] {python.py:237} INFO - Done. Returned value was: None
[2024-07-14T20:37:43.292+0000] {taskinstance.py:441} INFO - ::group::Post task execution logs
[2024-07-14T20:37:43.309+0000] {taskinstance.py:1206} INFO - Marking task as SUCCESS. dag_id=fetch_spread_values, task_id=fetch_and_compute_spread_usd_mxn, run_id=scheduled__2024-07-14T12:43:00+00:00, execution_date=20240714T124300, start_date=20240714T203742, end_date=20240714T203743
[2024-07-14T20:37:43.487+0000] {local_task_job_runner.py:240} INFO - Task exited with return code 0
[2024-07-14T20:37:43.515+0000] {taskinstance.py:3503} INFO - 0 downstream tasks scheduled from follow-on schedule check
[2024-07-14T20:37:43.535+0000] {local_task_job_runner.py:222} INFO - ::endgroup::
