[2024-07-14T08:59:46.733+0000] {local_task_job_runner.py:120} INFO - ::group::Pre task execution logs
[2024-07-14T08:59:46.759+0000] {taskinstance.py:2076} INFO - Dependencies all met for dep_context=non-requeueable deps ti=<TaskInstance: fetch_spread_values.fetch_and_compute_spread_btc_mxn scheduled__2024-07-14T03:08:00+00:00 [queued]>
[2024-07-14T08:59:46.770+0000] {taskinstance.py:2076} INFO - Dependencies all met for dep_context=requeueable deps ti=<TaskInstance: fetch_spread_values.fetch_and_compute_spread_btc_mxn scheduled__2024-07-14T03:08:00+00:00 [queued]>
[2024-07-14T08:59:46.777+0000] {taskinstance.py:2306} INFO - Starting attempt 1 of 2
[2024-07-14T08:59:46.799+0000] {taskinstance.py:2330} INFO - Executing <Task(PythonOperator): fetch_and_compute_spread_btc_mxn> on 2024-07-14 03:08:00+00:00
[2024-07-14T08:59:46.814+0000] {warnings.py:112} WARNING - /home/***/.local/lib/python3.12/site-packages/***/task/task_runner/standard_task_runner.py:61: DeprecationWarning: This process (pid=1266) is multi-threaded, use of fork() may lead to deadlocks in the child.
  pid = os.fork()

[2024-07-14T08:59:46.816+0000] {standard_task_runner.py:63} INFO - Started process 1291 to run task
[2024-07-14T08:59:46.817+0000] {standard_task_runner.py:90} INFO - Running: ['***', 'tasks', 'run', 'fetch_spread_values', 'fetch_and_compute_spread_btc_mxn', 'scheduled__2024-07-14T03:08:00+00:00', '--job-id', '403', '--raw', '--subdir', 'DAGS_FOLDER/***.py', '--cfg-path', '/tmp/tmpja36fe7u']
[2024-07-14T08:59:46.820+0000] {standard_task_runner.py:91} INFO - Job 403: Subtask fetch_and_compute_spread_btc_mxn
[2024-07-14T08:59:46.873+0000] {task_command.py:426} INFO - Running <TaskInstance: fetch_spread_values.fetch_and_compute_spread_btc_mxn scheduled__2024-07-14T03:08:00+00:00 [running]> on host d537c34a4880
[2024-07-14T08:59:46.963+0000] {taskinstance.py:2648} INFO - Exporting env vars: AIRFLOW_CTX_DAG_OWNER='***' AIRFLOW_CTX_DAG_ID='fetch_spread_values' AIRFLOW_CTX_TASK_ID='fetch_and_compute_spread_btc_mxn' AIRFLOW_CTX_EXECUTION_DATE='2024-07-14T03:08:00+00:00' AIRFLOW_CTX_TRY_NUMBER='1' AIRFLOW_CTX_DAG_RUN_ID='scheduled__2024-07-14T03:08:00+00:00'
[2024-07-14T08:59:46.965+0000] {taskinstance.py:430} INFO - ::endgroup::
[2024-07-14T08:59:47.165+0000] {python.py:237} INFO - Done. Returned value was: None
[2024-07-14T08:59:47.167+0000] {taskinstance.py:441} INFO - ::group::Post task execution logs
[2024-07-14T08:59:47.204+0000] {taskinstance.py:1206} INFO - Marking task as SUCCESS. dag_id=fetch_spread_values, task_id=fetch_and_compute_spread_btc_mxn, run_id=scheduled__2024-07-14T03:08:00+00:00, execution_date=20240714T030800, start_date=20240714T085946, end_date=20240714T085947
[2024-07-14T08:59:47.248+0000] {local_task_job_runner.py:240} INFO - Task exited with return code 0
[2024-07-14T08:59:47.283+0000] {taskinstance.py:3503} INFO - 0 downstream tasks scheduled from follow-on schedule check
[2024-07-14T08:59:47.285+0000] {local_task_job_runner.py:222} INFO - ::endgroup::
[2024-07-14T20:33:33.005+0000] {local_task_job_runner.py:120} INFO - ::group::Pre task execution logs
[2024-07-14T20:33:33.045+0000] {taskinstance.py:2076} INFO - Dependencies all met for dep_context=non-requeueable deps ti=<TaskInstance: fetch_spread_values.fetch_and_compute_spread_btc_mxn scheduled__2024-07-14T03:08:00+00:00 [queued]>
[2024-07-14T20:33:33.049+0000] {taskinstance.py:2076} INFO - Dependencies all met for dep_context=requeueable deps ti=<TaskInstance: fetch_spread_values.fetch_and_compute_spread_btc_mxn scheduled__2024-07-14T03:08:00+00:00 [queued]>
[2024-07-14T20:33:33.050+0000] {taskinstance.py:2306} INFO - Starting attempt 1 of 2
[2024-07-14T20:33:33.059+0000] {taskinstance.py:2330} INFO - Executing <Task(PythonOperator): fetch_and_compute_spread_btc_mxn> on 2024-07-14 03:08:00+00:00
[2024-07-14T20:33:33.066+0000] {standard_task_runner.py:90} INFO - Running: ['***', 'tasks', 'run', 'fetch_spread_values', 'fetch_and_compute_spread_btc_mxn', 'scheduled__2024-07-14T03:08:00+00:00', '--job-id', '381', '--raw', '--subdir', 'DAGS_FOLDER/***.py', '--cfg-path', '/tmp/tmp13p55uwk']
[2024-07-14T20:33:33.068+0000] {logging_mixin.py:188} WARNING - /home/***/.local/lib/python3.12/site-packages/***/task/task_runner/standard_task_runner.py:61 DeprecationWarning: This process (pid=951) is multi-threaded, use of fork() may lead to deadlocks in the child.
[2024-07-14T20:33:33.070+0000] {standard_task_runner.py:63} INFO - Started process 960 to run task
[2024-07-14T20:33:33.071+0000] {standard_task_runner.py:91} INFO - Job 381: Subtask fetch_and_compute_spread_btc_mxn
[2024-07-14T20:33:33.116+0000] {task_command.py:426} INFO - Running <TaskInstance: fetch_spread_values.fetch_and_compute_spread_btc_mxn scheduled__2024-07-14T03:08:00+00:00 [running]> on host 77caf7e4b282
[2024-07-14T20:33:33.214+0000] {taskinstance.py:2648} INFO - Exporting env vars: AIRFLOW_CTX_DAG_OWNER='***' AIRFLOW_CTX_DAG_ID='fetch_spread_values' AIRFLOW_CTX_TASK_ID='fetch_and_compute_spread_btc_mxn' AIRFLOW_CTX_EXECUTION_DATE='2024-07-14T03:08:00+00:00' AIRFLOW_CTX_TRY_NUMBER='1' AIRFLOW_CTX_DAG_RUN_ID='scheduled__2024-07-14T03:08:00+00:00'
[2024-07-14T20:33:33.218+0000] {taskinstance.py:430} INFO - ::endgroup::
[2024-07-14T20:33:33.458+0000] {python.py:237} INFO - Done. Returned value was: None
[2024-07-14T20:33:33.463+0000] {taskinstance.py:441} INFO - ::group::Post task execution logs
[2024-07-14T20:33:33.474+0000] {taskinstance.py:1206} INFO - Marking task as SUCCESS. dag_id=fetch_spread_values, task_id=fetch_and_compute_spread_btc_mxn, run_id=scheduled__2024-07-14T03:08:00+00:00, execution_date=20240714T030800, start_date=20240714T203333, end_date=20240714T203333
[2024-07-14T20:33:33.503+0000] {local_task_job_runner.py:240} INFO - Task exited with return code 0
[2024-07-14T20:33:33.515+0000] {taskinstance.py:3503} INFO - 0 downstream tasks scheduled from follow-on schedule check
[2024-07-14T20:33:33.517+0000] {local_task_job_runner.py:222} INFO - ::endgroup::
