[2024-07-14T12:08:41.848+0000] {local_task_job_runner.py:120} INFO - ::group::Pre task execution logs
[2024-07-14T12:08:41.864+0000] {taskinstance.py:2076} INFO - Dependencies all met for dep_context=non-requeueable deps ti=<TaskInstance: fetch_spread_values.fetch_and_compute_spread_btc_mxn scheduled__2024-07-14T12:07:00+00:00 [queued]>
[2024-07-14T12:08:41.872+0000] {taskinstance.py:2076} INFO - Dependencies all met for dep_context=requeueable deps ti=<TaskInstance: fetch_spread_values.fetch_and_compute_spread_btc_mxn scheduled__2024-07-14T12:07:00+00:00 [queued]>
[2024-07-14T12:08:41.873+0000] {taskinstance.py:2306} INFO - Starting attempt 1 of 2
[2024-07-14T12:08:41.881+0000] {taskinstance.py:2330} INFO - Executing <Task(PythonOperator): fetch_and_compute_spread_btc_mxn> on 2024-07-14 12:07:00+00:00
[2024-07-14T12:08:41.885+0000] {warnings.py:112} WARNING - /home/***/.local/lib/python3.12/site-packages/***/task/task_runner/standard_task_runner.py:61: DeprecationWarning: This process (pid=5183) is multi-threaded, use of fork() may lead to deadlocks in the child.
  pid = os.fork()

[2024-07-14T12:08:41.888+0000] {standard_task_runner.py:63} INFO - Started process 5203 to run task
[2024-07-14T12:08:41.887+0000] {standard_task_runner.py:90} INFO - Running: ['***', 'tasks', 'run', 'fetch_spread_values', 'fetch_and_compute_spread_btc_mxn', 'scheduled__2024-07-14T12:07:00+00:00', '--job-id', '1556', '--raw', '--subdir', 'DAGS_FOLDER/***.py', '--cfg-path', '/tmp/tmplpwiywrt']
[2024-07-14T12:08:41.893+0000] {standard_task_runner.py:91} INFO - Job 1556: Subtask fetch_and_compute_spread_btc_mxn
[2024-07-14T12:08:41.927+0000] {task_command.py:426} INFO - Running <TaskInstance: fetch_spread_values.fetch_and_compute_spread_btc_mxn scheduled__2024-07-14T12:07:00+00:00 [running]> on host d537c34a4880
[2024-07-14T12:08:41.980+0000] {taskinstance.py:2648} INFO - Exporting env vars: AIRFLOW_CTX_DAG_OWNER='***' AIRFLOW_CTX_DAG_ID='fetch_spread_values' AIRFLOW_CTX_TASK_ID='fetch_and_compute_spread_btc_mxn' AIRFLOW_CTX_EXECUTION_DATE='2024-07-14T12:07:00+00:00' AIRFLOW_CTX_TRY_NUMBER='1' AIRFLOW_CTX_DAG_RUN_ID='scheduled__2024-07-14T12:07:00+00:00'
[2024-07-14T12:08:41.981+0000] {taskinstance.py:430} INFO - ::endgroup::
[2024-07-14T12:08:42.126+0000] {python.py:237} INFO - Done. Returned value was: None
[2024-07-14T12:08:42.127+0000] {taskinstance.py:441} INFO - ::group::Post task execution logs
[2024-07-14T12:08:42.136+0000] {taskinstance.py:1206} INFO - Marking task as SUCCESS. dag_id=fetch_spread_values, task_id=fetch_and_compute_spread_btc_mxn, run_id=scheduled__2024-07-14T12:07:00+00:00, execution_date=20240714T120700, start_date=20240714T120841, end_date=20240714T120842
[2024-07-14T12:08:42.157+0000] {local_task_job_runner.py:240} INFO - Task exited with return code 0
[2024-07-14T12:08:42.167+0000] {taskinstance.py:3503} INFO - 0 downstream tasks scheduled from follow-on schedule check
[2024-07-14T12:08:42.168+0000] {local_task_job_runner.py:222} INFO - ::endgroup::
[2024-07-14T20:37:27.587+0000] {local_task_job_runner.py:120} INFO - ::group::Pre task execution logs
[2024-07-14T20:37:27.615+0000] {taskinstance.py:2076} INFO - Dependencies all met for dep_context=non-requeueable deps ti=<TaskInstance: fetch_spread_values.fetch_and_compute_spread_btc_mxn scheduled__2024-07-14T12:07:00+00:00 [queued]>
[2024-07-14T20:37:27.627+0000] {taskinstance.py:2076} INFO - Dependencies all met for dep_context=requeueable deps ti=<TaskInstance: fetch_spread_values.fetch_and_compute_spread_btc_mxn scheduled__2024-07-14T12:07:00+00:00 [queued]>
[2024-07-14T20:37:27.631+0000] {taskinstance.py:2306} INFO - Starting attempt 1 of 2
[2024-07-14T20:37:27.655+0000] {taskinstance.py:2330} INFO - Executing <Task(PythonOperator): fetch_and_compute_spread_btc_mxn> on 2024-07-14 12:07:00+00:00
[2024-07-14T20:37:27.662+0000] {standard_task_runner.py:90} INFO - Running: ['***', 'tasks', 'run', 'fetch_spread_values', 'fetch_and_compute_spread_btc_mxn', 'scheduled__2024-07-14T12:07:00+00:00', '--job-id', '1582', '--raw', '--subdir', 'DAGS_FOLDER/***.py', '--cfg-path', '/tmp/tmpu49qwe0g']
[2024-07-14T20:37:27.665+0000] {standard_task_runner.py:91} INFO - Job 1582: Subtask fetch_and_compute_spread_btc_mxn
[2024-07-14T20:37:27.664+0000] {logging_mixin.py:188} WARNING - /home/***/.local/lib/python3.12/site-packages/***/task/task_runner/standard_task_runner.py:61 DeprecationWarning: This process (pid=3393) is multi-threaded, use of fork() may lead to deadlocks in the child.
[2024-07-14T20:37:27.672+0000] {standard_task_runner.py:63} INFO - Started process 3402 to run task
[2024-07-14T20:37:27.752+0000] {task_command.py:426} INFO - Running <TaskInstance: fetch_spread_values.fetch_and_compute_spread_btc_mxn scheduled__2024-07-14T12:07:00+00:00 [running]> on host 77caf7e4b282
[2024-07-14T20:37:27.842+0000] {taskinstance.py:2648} INFO - Exporting env vars: AIRFLOW_CTX_DAG_OWNER='***' AIRFLOW_CTX_DAG_ID='fetch_spread_values' AIRFLOW_CTX_TASK_ID='fetch_and_compute_spread_btc_mxn' AIRFLOW_CTX_EXECUTION_DATE='2024-07-14T12:07:00+00:00' AIRFLOW_CTX_TRY_NUMBER='1' AIRFLOW_CTX_DAG_RUN_ID='scheduled__2024-07-14T12:07:00+00:00'
[2024-07-14T20:37:27.846+0000] {taskinstance.py:430} INFO - ::endgroup::
[2024-07-14T20:37:28.102+0000] {python.py:237} INFO - Done. Returned value was: None
[2024-07-14T20:37:28.103+0000] {taskinstance.py:441} INFO - ::group::Post task execution logs
[2024-07-14T20:37:28.109+0000] {taskinstance.py:1206} INFO - Marking task as SUCCESS. dag_id=fetch_spread_values, task_id=fetch_and_compute_spread_btc_mxn, run_id=scheduled__2024-07-14T12:07:00+00:00, execution_date=20240714T120700, start_date=20240714T203727, end_date=20240714T203728
[2024-07-14T20:37:28.116+0000] {local_task_job_runner.py:240} INFO - Task exited with return code 0
[2024-07-14T20:37:28.126+0000] {taskinstance.py:3503} INFO - 0 downstream tasks scheduled from follow-on schedule check
[2024-07-14T20:37:28.127+0000] {local_task_job_runner.py:222} INFO - ::endgroup::
