[2024-07-18T02:57:26.433+0000] {local_task_job_runner.py:120} INFO - ::group::Pre task execution logs
[2024-07-18T02:57:26.492+0000] {taskinstance.py:2076} INFO - Dependencies all met for dep_context=non-requeueable deps ti=<TaskInstance: daily_batch.run_query1 manual__2024-07-18T02:57:18.234898+00:00 [queued]>
[2024-07-18T02:57:26.509+0000] {taskinstance.py:2076} INFO - Dependencies all met for dep_context=requeueable deps ti=<TaskInstance: daily_batch.run_query1 manual__2024-07-18T02:57:18.234898+00:00 [queued]>
[2024-07-18T02:57:26.514+0000] {taskinstance.py:2306} INFO - Starting attempt 1 of 2
[2024-07-18T02:57:26.550+0000] {taskinstance.py:2330} INFO - Executing <Task(PythonOperator): run_query1> on 2024-07-18 02:57:18.234898+00:00
[2024-07-18T02:57:26.577+0000] {logging_mixin.py:188} WARNING - /home/***/.local/lib/python3.12/site-packages/***/task/task_runner/standard_task_runner.py:61 DeprecationWarning: This process (pid=4349) is multi-threaded, use of fork() may lead to deadlocks in the child.
[2024-07-18T02:57:26.585+0000] {standard_task_runner.py:63} INFO - Started process 4375 to run task
[2024-07-18T02:57:26.569+0000] {standard_task_runner.py:90} INFO - Running: ['***', 'tasks', 'run', 'daily_batch', 'run_query1', 'manual__2024-07-18T02:57:18.234898+00:00', '--job-id', '2545', '--raw', '--subdir', 'DAGS_FOLDER/batch_dag.py', '--cfg-path', '/tmp/tmpqds6s6tc']
[2024-07-18T02:57:26.594+0000] {standard_task_runner.py:91} INFO - Job 2545: Subtask run_query1
[2024-07-18T02:57:26.635+0000] {logging_mixin.py:188} WARNING - /home/***/.local/lib/python3.12/site-packages/***/settings.py:195 DeprecationWarning: The sql_alchemy_conn option in [core] has been moved to the sql_alchemy_conn option in [database] - the old setting has been used, but please update your config.
[2024-07-18T02:57:26.700+0000] {task_command.py:426} INFO - Running <TaskInstance: daily_batch.run_query1 manual__2024-07-18T02:57:18.234898+00:00 [running]> on host 3a23888a6869
[2024-07-18T02:57:27.790+0000] {taskinstance.py:2648} INFO - Exporting env vars: AIRFLOW_CTX_DAG_OWNER='angel' AIRFLOW_CTX_DAG_ID='daily_batch' AIRFLOW_CTX_TASK_ID='run_query1' AIRFLOW_CTX_EXECUTION_DATE='2024-07-18T02:57:18.234898+00:00' AIRFLOW_CTX_TRY_NUMBER='1' AIRFLOW_CTX_DAG_RUN_ID='manual__2024-07-18T02:57:18.234898+00:00'
[2024-07-18T02:57:27.798+0000] {taskinstance.py:430} INFO - ::endgroup::
[2024-07-18T02:57:27.852+0000] {base.py:84} INFO - Using connection ID 'postgres_default' for task execution.
[2024-07-18T02:57:28.884+0000] {batch_dag.py:50} INFO - Query query1 executed and results saved to CSV.
[2024-07-18T02:57:28.888+0000] {python.py:237} INFO - Done. Returned value was: None
[2024-07-18T02:57:28.900+0000] {taskinstance.py:441} INFO - ::group::Post task execution logs
[2024-07-18T02:57:28.957+0000] {taskinstance.py:1206} INFO - Marking task as SUCCESS. dag_id=daily_batch, task_id=run_query1, run_id=manual__2024-07-18T02:57:18.234898+00:00, execution_date=20240718T025718, start_date=20240718T025726, end_date=20240718T025728
[2024-07-18T02:57:28.994+0000] {local_task_job_runner.py:240} INFO - Task exited with return code 0
[2024-07-18T02:57:29.036+0000] {local_task_job_runner.py:222} INFO - ::endgroup::
