[2024-07-14T15:54:31.617+0000] {local_task_job_runner.py:120} INFO - ::group::Pre task execution logs
[2024-07-14T15:54:31.749+0000] {taskinstance.py:2076} INFO - Dependencies all met for dep_context=non-requeueable deps ti=<TaskInstance: fetch_spread_values.fetch_and_compute_spread_usd_mxn scheduled__2024-07-14T15:51:00+00:00 [queued]>
[2024-07-14T15:54:31.817+0000] {taskinstance.py:2076} INFO - Dependencies all met for dep_context=requeueable deps ti=<TaskInstance: fetch_spread_values.fetch_and_compute_spread_usd_mxn scheduled__2024-07-14T15:51:00+00:00 [queued]>
[2024-07-14T15:54:31.821+0000] {taskinstance.py:2306} INFO - Starting attempt 1 of 2
[2024-07-14T15:54:31.870+0000] {taskinstance.py:2330} INFO - Executing <Task(PythonOperator): fetch_and_compute_spread_usd_mxn> on 2024-07-14 15:51:00+00:00
[2024-07-14T15:54:31.890+0000] {warnings.py:112} WARNING - /home/***/.local/lib/python3.12/site-packages/***/task/task_runner/standard_task_runner.py:61: DeprecationWarning: This process (pid=6750) is multi-threaded, use of fork() may lead to deadlocks in the child.
  pid = os.fork()

[2024-07-14T15:54:31.898+0000] {standard_task_runner.py:63} INFO - Started process 6783 to run task
[2024-07-14T15:54:31.896+0000] {standard_task_runner.py:90} INFO - Running: ['***', 'tasks', 'run', 'fetch_spread_values', 'fetch_and_compute_spread_usd_mxn', 'scheduled__2024-07-14T15:51:00+00:00', '--job-id', '2035', '--raw', '--subdir', 'DAGS_FOLDER/***.py', '--cfg-path', '/tmp/tmpy5tertyt']
[2024-07-14T15:54:31.905+0000] {standard_task_runner.py:91} INFO - Job 2035: Subtask fetch_and_compute_spread_usd_mxn
[2024-07-14T15:54:32.074+0000] {task_command.py:426} INFO - Running <TaskInstance: fetch_spread_values.fetch_and_compute_spread_usd_mxn scheduled__2024-07-14T15:51:00+00:00 [running]> on host d537c34a4880
[2024-07-14T15:54:32.175+0000] {taskinstance.py:2648} INFO - Exporting env vars: AIRFLOW_CTX_DAG_OWNER='***' AIRFLOW_CTX_DAG_ID='fetch_spread_values' AIRFLOW_CTX_TASK_ID='fetch_and_compute_spread_usd_mxn' AIRFLOW_CTX_EXECUTION_DATE='2024-07-14T15:51:00+00:00' AIRFLOW_CTX_TRY_NUMBER='1' AIRFLOW_CTX_DAG_RUN_ID='scheduled__2024-07-14T15:51:00+00:00'
[2024-07-14T15:54:32.181+0000] {taskinstance.py:430} INFO - ::endgroup::
[2024-07-14T15:54:32.487+0000] {python.py:237} INFO - Done. Returned value was: None
[2024-07-14T15:54:32.488+0000] {taskinstance.py:441} INFO - ::group::Post task execution logs
[2024-07-14T15:54:32.503+0000] {taskinstance.py:1206} INFO - Marking task as SUCCESS. dag_id=fetch_spread_values, task_id=fetch_and_compute_spread_usd_mxn, run_id=scheduled__2024-07-14T15:51:00+00:00, execution_date=20240714T155100, start_date=20240714T155431, end_date=20240714T155432
[2024-07-14T15:54:32.549+0000] {local_task_job_runner.py:240} INFO - Task exited with return code 0
[2024-07-14T15:54:32.564+0000] {taskinstance.py:3503} INFO - 0 downstream tasks scheduled from follow-on schedule check
[2024-07-14T15:54:32.570+0000] {local_task_job_runner.py:222} INFO - ::endgroup::
[2024-07-14T20:38:49.230+0000] {local_task_job_runner.py:120} INFO - ::group::Pre task execution logs
[2024-07-14T20:38:49.261+0000] {taskinstance.py:2076} INFO - Dependencies all met for dep_context=non-requeueable deps ti=<TaskInstance: fetch_spread_values.fetch_and_compute_spread_usd_mxn scheduled__2024-07-14T15:51:00+00:00 [queued]>
[2024-07-14T20:38:49.268+0000] {taskinstance.py:2076} INFO - Dependencies all met for dep_context=requeueable deps ti=<TaskInstance: fetch_spread_values.fetch_and_compute_spread_usd_mxn scheduled__2024-07-14T15:51:00+00:00 [queued]>
[2024-07-14T20:38:49.274+0000] {taskinstance.py:2306} INFO - Starting attempt 1 of 2
[2024-07-14T20:38:49.302+0000] {taskinstance.py:2330} INFO - Executing <Task(PythonOperator): fetch_and_compute_spread_usd_mxn> on 2024-07-14 15:51:00+00:00
[2024-07-14T20:38:49.309+0000] {standard_task_runner.py:90} INFO - Running: ['***', 'tasks', 'run', 'fetch_spread_values', 'fetch_and_compute_spread_usd_mxn', 'scheduled__2024-07-14T15:51:00+00:00', '--job-id', '2030', '--raw', '--subdir', 'DAGS_FOLDER/***.py', '--cfg-path', '/tmp/tmp0f2hkckc']
[2024-07-14T20:38:49.318+0000] {standard_task_runner.py:91} INFO - Job 2030: Subtask fetch_and_compute_spread_usd_mxn
[2024-07-14T20:38:49.313+0000] {logging_mixin.py:188} WARNING - /home/***/.local/lib/python3.12/site-packages/***/task/task_runner/standard_task_runner.py:61 DeprecationWarning: This process (pid=4297) is multi-threaded, use of fork() may lead to deadlocks in the child.
[2024-07-14T20:38:49.326+0000] {standard_task_runner.py:63} INFO - Started process 4308 to run task
[2024-07-14T20:38:49.388+0000] {task_command.py:426} INFO - Running <TaskInstance: fetch_spread_values.fetch_and_compute_spread_usd_mxn scheduled__2024-07-14T15:51:00+00:00 [running]> on host 77caf7e4b282
[2024-07-14T20:38:49.496+0000] {taskinstance.py:2648} INFO - Exporting env vars: AIRFLOW_CTX_DAG_OWNER='***' AIRFLOW_CTX_DAG_ID='fetch_spread_values' AIRFLOW_CTX_TASK_ID='fetch_and_compute_spread_usd_mxn' AIRFLOW_CTX_EXECUTION_DATE='2024-07-14T15:51:00+00:00' AIRFLOW_CTX_TRY_NUMBER='1' AIRFLOW_CTX_DAG_RUN_ID='scheduled__2024-07-14T15:51:00+00:00'
[2024-07-14T20:38:49.497+0000] {taskinstance.py:430} INFO - ::endgroup::
[2024-07-14T20:38:49.683+0000] {python.py:237} INFO - Done. Returned value was: None
[2024-07-14T20:38:49.689+0000] {taskinstance.py:441} INFO - ::group::Post task execution logs
[2024-07-14T20:38:49.703+0000] {taskinstance.py:1206} INFO - Marking task as SUCCESS. dag_id=fetch_spread_values, task_id=fetch_and_compute_spread_usd_mxn, run_id=scheduled__2024-07-14T15:51:00+00:00, execution_date=20240714T155100, start_date=20240714T203849, end_date=20240714T203849
[2024-07-14T20:38:49.724+0000] {local_task_job_runner.py:240} INFO - Task exited with return code 0
[2024-07-14T20:38:49.756+0000] {taskinstance.py:3503} INFO - 0 downstream tasks scheduled from follow-on schedule check
[2024-07-14T20:38:49.762+0000] {local_task_job_runner.py:222} INFO - ::endgroup::
