[2024-07-14T17:51:48.210+0000] {local_task_job_runner.py:120} INFO - ::group::Pre task execution logs
[2024-07-14T17:51:48.232+0000] {taskinstance.py:2076} INFO - Dependencies all met for dep_context=non-requeueable deps ti=<TaskInstance: fetch_spread_values.fetch_and_compute_spread_btc_mxn scheduled__2024-07-14T17:49:00+00:00 [queued]>
[2024-07-14T17:51:48.238+0000] {taskinstance.py:2076} INFO - Dependencies all met for dep_context=requeueable deps ti=<TaskInstance: fetch_spread_values.fetch_and_compute_spread_btc_mxn scheduled__2024-07-14T17:49:00+00:00 [queued]>
[2024-07-14T17:51:48.238+0000] {taskinstance.py:2306} INFO - Starting attempt 1 of 2
[2024-07-14T17:51:48.246+0000] {taskinstance.py:2330} INFO - Executing <Task(PythonOperator): fetch_and_compute_spread_btc_mxn> on 2024-07-14 17:49:00+00:00
[2024-07-14T17:51:48.252+0000] {warnings.py:112} WARNING - /home/***/.local/lib/python3.12/site-packages/***/task/task_runner/standard_task_runner.py:61: DeprecationWarning: This process (pid=7597) is multi-threaded, use of fork() may lead to deadlocks in the child.
  pid = os.fork()

[2024-07-14T17:51:48.254+0000] {standard_task_runner.py:63} INFO - Started process 7606 to run task
[2024-07-14T17:51:48.255+0000] {standard_task_runner.py:90} INFO - Running: ['***', 'tasks', 'run', 'fetch_spread_values', 'fetch_and_compute_spread_btc_mxn', 'scheduled__2024-07-14T17:49:00+00:00', '--job-id', '2287', '--raw', '--subdir', 'DAGS_FOLDER/***.py', '--cfg-path', '/tmp/tmpnp2y2tdw']
[2024-07-14T17:51:48.258+0000] {standard_task_runner.py:91} INFO - Job 2287: Subtask fetch_and_compute_spread_btc_mxn
[2024-07-14T17:51:48.323+0000] {task_command.py:426} INFO - Running <TaskInstance: fetch_spread_values.fetch_and_compute_spread_btc_mxn scheduled__2024-07-14T17:49:00+00:00 [running]> on host d537c34a4880
[2024-07-14T17:51:48.491+0000] {taskinstance.py:2648} INFO - Exporting env vars: AIRFLOW_CTX_DAG_OWNER='***' AIRFLOW_CTX_DAG_ID='fetch_spread_values' AIRFLOW_CTX_TASK_ID='fetch_and_compute_spread_btc_mxn' AIRFLOW_CTX_EXECUTION_DATE='2024-07-14T17:49:00+00:00' AIRFLOW_CTX_TRY_NUMBER='1' AIRFLOW_CTX_DAG_RUN_ID='scheduled__2024-07-14T17:49:00+00:00'
[2024-07-14T17:51:48.494+0000] {taskinstance.py:430} INFO - ::endgroup::
[2024-07-14T17:51:48.713+0000] {python.py:237} INFO - Done. Returned value was: None
[2024-07-14T17:51:48.714+0000] {taskinstance.py:441} INFO - ::group::Post task execution logs
[2024-07-14T17:51:48.720+0000] {taskinstance.py:1206} INFO - Marking task as SUCCESS. dag_id=fetch_spread_values, task_id=fetch_and_compute_spread_btc_mxn, run_id=scheduled__2024-07-14T17:49:00+00:00, execution_date=20240714T174900, start_date=20240714T175148, end_date=20240714T175148
[2024-07-14T17:51:48.768+0000] {local_task_job_runner.py:240} INFO - Task exited with return code 0
[2024-07-14T17:51:48.780+0000] {taskinstance.py:3503} INFO - 0 downstream tasks scheduled from follow-on schedule check
[2024-07-14T17:51:48.781+0000] {local_task_job_runner.py:222} INFO - ::endgroup::
[2024-07-14T20:39:33.864+0000] {local_task_job_runner.py:120} INFO - ::group::Pre task execution logs
[2024-07-14T20:39:33.896+0000] {taskinstance.py:2076} INFO - Dependencies all met for dep_context=non-requeueable deps ti=<TaskInstance: fetch_spread_values.fetch_and_compute_spread_btc_mxn scheduled__2024-07-14T17:49:00+00:00 [queued]>
[2024-07-14T20:39:33.904+0000] {taskinstance.py:2076} INFO - Dependencies all met for dep_context=requeueable deps ti=<TaskInstance: fetch_spread_values.fetch_and_compute_spread_btc_mxn scheduled__2024-07-14T17:49:00+00:00 [queued]>
[2024-07-14T20:39:33.906+0000] {taskinstance.py:2306} INFO - Starting attempt 1 of 2
[2024-07-14T20:39:33.942+0000] {taskinstance.py:2330} INFO - Executing <Task(PythonOperator): fetch_and_compute_spread_btc_mxn> on 2024-07-14 17:49:00+00:00
[2024-07-14T20:39:33.955+0000] {logging_mixin.py:188} WARNING - /home/***/.local/lib/python3.12/site-packages/***/task/task_runner/standard_task_runner.py:61 DeprecationWarning: This process (pid=4781) is multi-threaded, use of fork() may lead to deadlocks in the child.
[2024-07-14T20:39:33.960+0000] {standard_task_runner.py:63} INFO - Started process 4788 to run task
[2024-07-14T20:39:33.956+0000] {standard_task_runner.py:90} INFO - Running: ['***', 'tasks', 'run', 'fetch_spread_values', 'fetch_and_compute_spread_btc_mxn', 'scheduled__2024-07-14T17:49:00+00:00', '--job-id', '2266', '--raw', '--subdir', 'DAGS_FOLDER/***.py', '--cfg-path', '/tmp/tmpo6q9qmcu']
[2024-07-14T20:39:33.966+0000] {standard_task_runner.py:91} INFO - Job 2266: Subtask fetch_and_compute_spread_btc_mxn
[2024-07-14T20:39:34.020+0000] {task_command.py:426} INFO - Running <TaskInstance: fetch_spread_values.fetch_and_compute_spread_btc_mxn scheduled__2024-07-14T17:49:00+00:00 [running]> on host 77caf7e4b282
[2024-07-14T20:39:34.153+0000] {taskinstance.py:2648} INFO - Exporting env vars: AIRFLOW_CTX_DAG_OWNER='***' AIRFLOW_CTX_DAG_ID='fetch_spread_values' AIRFLOW_CTX_TASK_ID='fetch_and_compute_spread_btc_mxn' AIRFLOW_CTX_EXECUTION_DATE='2024-07-14T17:49:00+00:00' AIRFLOW_CTX_TRY_NUMBER='1' AIRFLOW_CTX_DAG_RUN_ID='scheduled__2024-07-14T17:49:00+00:00'
[2024-07-14T20:39:34.168+0000] {taskinstance.py:430} INFO - ::endgroup::
[2024-07-14T20:39:34.372+0000] {python.py:237} INFO - Done. Returned value was: None
[2024-07-14T20:39:34.375+0000] {taskinstance.py:441} INFO - ::group::Post task execution logs
[2024-07-14T20:39:34.385+0000] {taskinstance.py:1206} INFO - Marking task as SUCCESS. dag_id=fetch_spread_values, task_id=fetch_and_compute_spread_btc_mxn, run_id=scheduled__2024-07-14T17:49:00+00:00, execution_date=20240714T174900, start_date=20240714T203933, end_date=20240714T203934
[2024-07-14T20:39:34.395+0000] {local_task_job_runner.py:240} INFO - Task exited with return code 0
[2024-07-14T20:39:34.407+0000] {taskinstance.py:3503} INFO - 0 downstream tasks scheduled from follow-on schedule check
[2024-07-14T20:39:34.407+0000] {local_task_job_runner.py:222} INFO - ::endgroup::
