[2024-07-13T23:33:28.988+0000] {processor.py:161} INFO - Started process (PID=51) to work on /home/airflow/.local/lib/python3.12/site-packages/airflow/example_dags/example_python_operator.py
[2024-07-13T23:33:28.989+0000] {processor.py:830} INFO - Processing file /home/airflow/.local/lib/python3.12/site-packages/airflow/example_dags/example_python_operator.py for tasks to queue
[2024-07-13T23:33:28.990+0000] {logging_mixin.py:188} INFO - [2024-07-13T23:33:28.990+0000] {dagbag.py:545} INFO - Filling up the DagBag from /home/airflow/.local/lib/python3.12/site-packages/airflow/example_dags/example_python_operator.py
[2024-07-13T23:33:29.002+0000] {processor.py:840} INFO - DAG(s) 'example_python_operator' retrieved from /home/airflow/.local/lib/python3.12/site-packages/airflow/example_dags/example_python_operator.py
[2024-07-13T23:33:29.088+0000] {logging_mixin.py:188} INFO - [2024-07-13T23:33:29.087+0000] {override.py:1829} INFO - Created Permission View: can edit on DAG:example_python_operator
[2024-07-13T23:33:29.093+0000] {logging_mixin.py:188} INFO - [2024-07-13T23:33:29.093+0000] {override.py:1829} INFO - Created Permission View: can read on DAG:example_python_operator
[2024-07-13T23:33:29.097+0000] {logging_mixin.py:188} INFO - [2024-07-13T23:33:29.097+0000] {override.py:1829} INFO - Created Permission View: can delete on DAG:example_python_operator
[2024-07-13T23:33:29.097+0000] {logging_mixin.py:188} INFO - [2024-07-13T23:33:29.097+0000] {dag.py:3096} INFO - Sync 1 DAGs
[2024-07-13T23:33:29.104+0000] {logging_mixin.py:188} INFO - [2024-07-13T23:33:29.104+0000] {dag.py:3118} INFO - Creating ORM DAG for example_python_operator
[2024-07-13T23:33:29.105+0000] {logging_mixin.py:188} INFO - [2024-07-13T23:33:29.105+0000] {dag.py:3954} INFO - Setting next_dagrun for example_python_operator to None, run_after=None
[2024-07-13T23:33:29.121+0000] {processor.py:183} INFO - Processing /home/airflow/.local/lib/python3.12/site-packages/airflow/example_dags/example_python_operator.py took 0.137 seconds
[2024-07-13T23:33:59.829+0000] {processor.py:161} INFO - Started process (PID=109) to work on /home/airflow/.local/lib/python3.12/site-packages/airflow/example_dags/example_python_operator.py
[2024-07-13T23:33:59.830+0000] {processor.py:830} INFO - Processing file /home/airflow/.local/lib/python3.12/site-packages/airflow/example_dags/example_python_operator.py for tasks to queue
[2024-07-13T23:33:59.831+0000] {logging_mixin.py:188} INFO - [2024-07-13T23:33:59.831+0000] {dagbag.py:545} INFO - Filling up the DagBag from /home/airflow/.local/lib/python3.12/site-packages/airflow/example_dags/example_python_operator.py
[2024-07-13T23:33:59.837+0000] {processor.py:840} INFO - DAG(s) 'example_python_operator' retrieved from /home/airflow/.local/lib/python3.12/site-packages/airflow/example_dags/example_python_operator.py
[2024-07-13T23:33:59.848+0000] {logging_mixin.py:188} INFO - [2024-07-13T23:33:59.848+0000] {dag.py:3096} INFO - Sync 1 DAGs
[2024-07-13T23:33:59.854+0000] {logging_mixin.py:188} INFO - [2024-07-13T23:33:59.854+0000] {dag.py:3954} INFO - Setting next_dagrun for example_python_operator to None, run_after=None
[2024-07-13T23:33:59.864+0000] {processor.py:183} INFO - Processing /home/airflow/.local/lib/python3.12/site-packages/airflow/example_dags/example_python_operator.py took 0.038 seconds
[2024-07-13T23:34:30.424+0000] {processor.py:161} INFO - Started process (PID=167) to work on /home/airflow/.local/lib/python3.12/site-packages/airflow/example_dags/example_python_operator.py
[2024-07-13T23:34:30.424+0000] {processor.py:830} INFO - Processing file /home/airflow/.local/lib/python3.12/site-packages/airflow/example_dags/example_python_operator.py for tasks to queue
[2024-07-13T23:34:30.425+0000] {logging_mixin.py:188} INFO - [2024-07-13T23:34:30.425+0000] {dagbag.py:545} INFO - Filling up the DagBag from /home/airflow/.local/lib/python3.12/site-packages/airflow/example_dags/example_python_operator.py
[2024-07-13T23:34:30.431+0000] {processor.py:840} INFO - DAG(s) 'example_python_operator' retrieved from /home/airflow/.local/lib/python3.12/site-packages/airflow/example_dags/example_python_operator.py
[2024-07-13T23:34:30.442+0000] {logging_mixin.py:188} INFO - [2024-07-13T23:34:30.441+0000] {dag.py:3096} INFO - Sync 1 DAGs
[2024-07-13T23:34:30.447+0000] {logging_mixin.py:188} INFO - [2024-07-13T23:34:30.447+0000] {dag.py:3954} INFO - Setting next_dagrun for example_python_operator to None, run_after=None
[2024-07-13T23:34:30.455+0000] {processor.py:183} INFO - Processing /home/airflow/.local/lib/python3.12/site-packages/airflow/example_dags/example_python_operator.py took 0.034 seconds
[2024-07-13T23:35:01.274+0000] {processor.py:161} INFO - Started process (PID=225) to work on /home/airflow/.local/lib/python3.12/site-packages/airflow/example_dags/example_python_operator.py
[2024-07-13T23:35:01.275+0000] {processor.py:830} INFO - Processing file /home/airflow/.local/lib/python3.12/site-packages/airflow/example_dags/example_python_operator.py for tasks to queue
[2024-07-13T23:35:01.276+0000] {logging_mixin.py:188} INFO - [2024-07-13T23:35:01.276+0000] {dagbag.py:545} INFO - Filling up the DagBag from /home/airflow/.local/lib/python3.12/site-packages/airflow/example_dags/example_python_operator.py
[2024-07-13T23:35:01.282+0000] {processor.py:840} INFO - DAG(s) 'example_python_operator' retrieved from /home/airflow/.local/lib/python3.12/site-packages/airflow/example_dags/example_python_operator.py
[2024-07-13T23:35:01.292+0000] {logging_mixin.py:188} INFO - [2024-07-13T23:35:01.292+0000] {dag.py:3096} INFO - Sync 1 DAGs
[2024-07-13T23:35:01.298+0000] {logging_mixin.py:188} INFO - [2024-07-13T23:35:01.298+0000] {dag.py:3954} INFO - Setting next_dagrun for example_python_operator to None, run_after=None
[2024-07-13T23:35:01.306+0000] {processor.py:183} INFO - Processing /home/airflow/.local/lib/python3.12/site-packages/airflow/example_dags/example_python_operator.py took 0.034 seconds
[2024-07-13T23:35:31.446+0000] {processor.py:161} INFO - Started process (PID=283) to work on /home/airflow/.local/lib/python3.12/site-packages/airflow/example_dags/example_python_operator.py
[2024-07-13T23:35:31.446+0000] {processor.py:830} INFO - Processing file /home/airflow/.local/lib/python3.12/site-packages/airflow/example_dags/example_python_operator.py for tasks to queue
[2024-07-13T23:35:31.447+0000] {logging_mixin.py:188} INFO - [2024-07-13T23:35:31.447+0000] {dagbag.py:545} INFO - Filling up the DagBag from /home/airflow/.local/lib/python3.12/site-packages/airflow/example_dags/example_python_operator.py
[2024-07-13T23:35:31.452+0000] {processor.py:840} INFO - DAG(s) 'example_python_operator' retrieved from /home/airflow/.local/lib/python3.12/site-packages/airflow/example_dags/example_python_operator.py
[2024-07-13T23:35:31.463+0000] {logging_mixin.py:188} INFO - [2024-07-13T23:35:31.463+0000] {dag.py:3096} INFO - Sync 1 DAGs
[2024-07-13T23:35:31.469+0000] {logging_mixin.py:188} INFO - [2024-07-13T23:35:31.468+0000] {dag.py:3954} INFO - Setting next_dagrun for example_python_operator to None, run_after=None
[2024-07-13T23:35:31.476+0000] {processor.py:183} INFO - Processing /home/airflow/.local/lib/python3.12/site-packages/airflow/example_dags/example_python_operator.py took 0.034 seconds
[2024-07-13T23:36:02.257+0000] {processor.py:161} INFO - Started process (PID=341) to work on /home/airflow/.local/lib/python3.12/site-packages/airflow/example_dags/example_python_operator.py
[2024-07-13T23:36:02.258+0000] {processor.py:830} INFO - Processing file /home/airflow/.local/lib/python3.12/site-packages/airflow/example_dags/example_python_operator.py for tasks to queue
[2024-07-13T23:36:02.259+0000] {logging_mixin.py:188} INFO - [2024-07-13T23:36:02.259+0000] {dagbag.py:545} INFO - Filling up the DagBag from /home/airflow/.local/lib/python3.12/site-packages/airflow/example_dags/example_python_operator.py
[2024-07-13T23:36:02.264+0000] {processor.py:840} INFO - DAG(s) 'example_python_operator' retrieved from /home/airflow/.local/lib/python3.12/site-packages/airflow/example_dags/example_python_operator.py
[2024-07-13T23:36:02.275+0000] {logging_mixin.py:188} INFO - [2024-07-13T23:36:02.275+0000] {dag.py:3096} INFO - Sync 1 DAGs
[2024-07-13T23:36:02.280+0000] {logging_mixin.py:188} INFO - [2024-07-13T23:36:02.280+0000] {dag.py:3954} INFO - Setting next_dagrun for example_python_operator to None, run_after=None
[2024-07-13T23:36:02.288+0000] {processor.py:183} INFO - Processing /home/airflow/.local/lib/python3.12/site-packages/airflow/example_dags/example_python_operator.py took 0.034 seconds
[2024-07-13T23:36:32.935+0000] {processor.py:161} INFO - Started process (PID=399) to work on /home/airflow/.local/lib/python3.12/site-packages/airflow/example_dags/example_python_operator.py
[2024-07-13T23:36:32.936+0000] {processor.py:830} INFO - Processing file /home/airflow/.local/lib/python3.12/site-packages/airflow/example_dags/example_python_operator.py for tasks to queue
[2024-07-13T23:36:32.937+0000] {logging_mixin.py:188} INFO - [2024-07-13T23:36:32.937+0000] {dagbag.py:545} INFO - Filling up the DagBag from /home/airflow/.local/lib/python3.12/site-packages/airflow/example_dags/example_python_operator.py
[2024-07-13T23:36:32.943+0000] {processor.py:840} INFO - DAG(s) 'example_python_operator' retrieved from /home/airflow/.local/lib/python3.12/site-packages/airflow/example_dags/example_python_operator.py
[2024-07-13T23:36:32.953+0000] {logging_mixin.py:188} INFO - [2024-07-13T23:36:32.953+0000] {dag.py:3096} INFO - Sync 1 DAGs
[2024-07-13T23:36:32.959+0000] {logging_mixin.py:188} INFO - [2024-07-13T23:36:32.959+0000] {dag.py:3954} INFO - Setting next_dagrun for example_python_operator to None, run_after=None
[2024-07-13T23:36:32.969+0000] {processor.py:183} INFO - Processing /home/airflow/.local/lib/python3.12/site-packages/airflow/example_dags/example_python_operator.py took 0.037 seconds
[2024-07-13T23:37:03.718+0000] {processor.py:161} INFO - Started process (PID=457) to work on /home/airflow/.local/lib/python3.12/site-packages/airflow/example_dags/example_python_operator.py
[2024-07-13T23:37:03.719+0000] {processor.py:830} INFO - Processing file /home/airflow/.local/lib/python3.12/site-packages/airflow/example_dags/example_python_operator.py for tasks to queue
[2024-07-13T23:37:03.720+0000] {logging_mixin.py:188} INFO - [2024-07-13T23:37:03.719+0000] {dagbag.py:545} INFO - Filling up the DagBag from /home/airflow/.local/lib/python3.12/site-packages/airflow/example_dags/example_python_operator.py
[2024-07-13T23:37:03.725+0000] {processor.py:840} INFO - DAG(s) 'example_python_operator' retrieved from /home/airflow/.local/lib/python3.12/site-packages/airflow/example_dags/example_python_operator.py
[2024-07-13T23:37:03.736+0000] {logging_mixin.py:188} INFO - [2024-07-13T23:37:03.736+0000] {dag.py:3096} INFO - Sync 1 DAGs
[2024-07-13T23:37:03.742+0000] {logging_mixin.py:188} INFO - [2024-07-13T23:37:03.742+0000] {dag.py:3954} INFO - Setting next_dagrun for example_python_operator to None, run_after=None
[2024-07-13T23:37:03.750+0000] {processor.py:183} INFO - Processing /home/airflow/.local/lib/python3.12/site-packages/airflow/example_dags/example_python_operator.py took 0.035 seconds
[2024-07-13T23:37:34.474+0000] {processor.py:161} INFO - Started process (PID=515) to work on /home/airflow/.local/lib/python3.12/site-packages/airflow/example_dags/example_python_operator.py
[2024-07-13T23:37:34.475+0000] {processor.py:830} INFO - Processing file /home/airflow/.local/lib/python3.12/site-packages/airflow/example_dags/example_python_operator.py for tasks to queue
[2024-07-13T23:37:34.476+0000] {logging_mixin.py:188} INFO - [2024-07-13T23:37:34.475+0000] {dagbag.py:545} INFO - Filling up the DagBag from /home/airflow/.local/lib/python3.12/site-packages/airflow/example_dags/example_python_operator.py
[2024-07-13T23:37:34.481+0000] {processor.py:840} INFO - DAG(s) 'example_python_operator' retrieved from /home/airflow/.local/lib/python3.12/site-packages/airflow/example_dags/example_python_operator.py
[2024-07-13T23:37:34.492+0000] {logging_mixin.py:188} INFO - [2024-07-13T23:37:34.492+0000] {dag.py:3096} INFO - Sync 1 DAGs
[2024-07-13T23:37:34.497+0000] {logging_mixin.py:188} INFO - [2024-07-13T23:37:34.497+0000] {dag.py:3954} INFO - Setting next_dagrun for example_python_operator to None, run_after=None
[2024-07-13T23:37:34.505+0000] {processor.py:183} INFO - Processing /home/airflow/.local/lib/python3.12/site-packages/airflow/example_dags/example_python_operator.py took 0.034 seconds
[2024-07-13T23:38:05.195+0000] {processor.py:161} INFO - Started process (PID=573) to work on /home/airflow/.local/lib/python3.12/site-packages/airflow/example_dags/example_python_operator.py
[2024-07-13T23:38:05.195+0000] {processor.py:830} INFO - Processing file /home/airflow/.local/lib/python3.12/site-packages/airflow/example_dags/example_python_operator.py for tasks to queue
[2024-07-13T23:38:05.197+0000] {logging_mixin.py:188} INFO - [2024-07-13T23:38:05.196+0000] {dagbag.py:545} INFO - Filling up the DagBag from /home/airflow/.local/lib/python3.12/site-packages/airflow/example_dags/example_python_operator.py
[2024-07-13T23:38:05.202+0000] {processor.py:840} INFO - DAG(s) 'example_python_operator' retrieved from /home/airflow/.local/lib/python3.12/site-packages/airflow/example_dags/example_python_operator.py
[2024-07-13T23:38:05.213+0000] {logging_mixin.py:188} INFO - [2024-07-13T23:38:05.213+0000] {dag.py:3096} INFO - Sync 1 DAGs
[2024-07-13T23:38:05.220+0000] {logging_mixin.py:188} INFO - [2024-07-13T23:38:05.220+0000] {dag.py:3954} INFO - Setting next_dagrun for example_python_operator to None, run_after=None
[2024-07-13T23:38:05.229+0000] {processor.py:183} INFO - Processing /home/airflow/.local/lib/python3.12/site-packages/airflow/example_dags/example_python_operator.py took 0.037 seconds
[2024-07-13T23:38:35.873+0000] {processor.py:161} INFO - Started process (PID=631) to work on /home/airflow/.local/lib/python3.12/site-packages/airflow/example_dags/example_python_operator.py
[2024-07-13T23:38:35.873+0000] {processor.py:830} INFO - Processing file /home/airflow/.local/lib/python3.12/site-packages/airflow/example_dags/example_python_operator.py for tasks to queue
[2024-07-13T23:38:35.874+0000] {logging_mixin.py:188} INFO - [2024-07-13T23:38:35.874+0000] {dagbag.py:545} INFO - Filling up the DagBag from /home/airflow/.local/lib/python3.12/site-packages/airflow/example_dags/example_python_operator.py
[2024-07-13T23:38:35.879+0000] {processor.py:840} INFO - DAG(s) 'example_python_operator' retrieved from /home/airflow/.local/lib/python3.12/site-packages/airflow/example_dags/example_python_operator.py
[2024-07-13T23:38:35.891+0000] {logging_mixin.py:188} INFO - [2024-07-13T23:38:35.890+0000] {dag.py:3096} INFO - Sync 1 DAGs
[2024-07-13T23:38:35.896+0000] {logging_mixin.py:188} INFO - [2024-07-13T23:38:35.896+0000] {dag.py:3954} INFO - Setting next_dagrun for example_python_operator to None, run_after=None
[2024-07-13T23:38:35.905+0000] {processor.py:183} INFO - Processing /home/airflow/.local/lib/python3.12/site-packages/airflow/example_dags/example_python_operator.py took 0.035 seconds
[2024-07-13T23:39:06.538+0000] {processor.py:161} INFO - Started process (PID=688) to work on /home/airflow/.local/lib/python3.12/site-packages/airflow/example_dags/example_python_operator.py
[2024-07-13T23:39:06.538+0000] {processor.py:830} INFO - Processing file /home/airflow/.local/lib/python3.12/site-packages/airflow/example_dags/example_python_operator.py for tasks to queue
[2024-07-13T23:39:06.539+0000] {logging_mixin.py:188} INFO - [2024-07-13T23:39:06.539+0000] {dagbag.py:545} INFO - Filling up the DagBag from /home/airflow/.local/lib/python3.12/site-packages/airflow/example_dags/example_python_operator.py
[2024-07-13T23:39:06.544+0000] {processor.py:840} INFO - DAG(s) 'example_python_operator' retrieved from /home/airflow/.local/lib/python3.12/site-packages/airflow/example_dags/example_python_operator.py
[2024-07-13T23:39:06.555+0000] {logging_mixin.py:188} INFO - [2024-07-13T23:39:06.555+0000] {dag.py:3096} INFO - Sync 1 DAGs
[2024-07-13T23:39:06.561+0000] {logging_mixin.py:188} INFO - [2024-07-13T23:39:06.561+0000] {dag.py:3954} INFO - Setting next_dagrun for example_python_operator to None, run_after=None
[2024-07-13T23:39:06.568+0000] {processor.py:183} INFO - Processing /home/airflow/.local/lib/python3.12/site-packages/airflow/example_dags/example_python_operator.py took 0.033 seconds
[2024-07-13T23:39:37.258+0000] {processor.py:161} INFO - Started process (PID=746) to work on /home/airflow/.local/lib/python3.12/site-packages/airflow/example_dags/example_python_operator.py
[2024-07-13T23:39:37.258+0000] {processor.py:830} INFO - Processing file /home/airflow/.local/lib/python3.12/site-packages/airflow/example_dags/example_python_operator.py for tasks to queue
[2024-07-13T23:39:37.259+0000] {logging_mixin.py:188} INFO - [2024-07-13T23:39:37.259+0000] {dagbag.py:545} INFO - Filling up the DagBag from /home/airflow/.local/lib/python3.12/site-packages/airflow/example_dags/example_python_operator.py
[2024-07-13T23:39:37.265+0000] {processor.py:840} INFO - DAG(s) 'example_python_operator' retrieved from /home/airflow/.local/lib/python3.12/site-packages/airflow/example_dags/example_python_operator.py
[2024-07-13T23:39:37.276+0000] {logging_mixin.py:188} INFO - [2024-07-13T23:39:37.276+0000] {dag.py:3096} INFO - Sync 1 DAGs
[2024-07-13T23:39:37.282+0000] {logging_mixin.py:188} INFO - [2024-07-13T23:39:37.282+0000] {dag.py:3954} INFO - Setting next_dagrun for example_python_operator to None, run_after=None
[2024-07-13T23:39:37.290+0000] {processor.py:183} INFO - Processing /home/airflow/.local/lib/python3.12/site-packages/airflow/example_dags/example_python_operator.py took 0.036 seconds
[2024-07-13T23:40:07.935+0000] {processor.py:161} INFO - Started process (PID=804) to work on /home/airflow/.local/lib/python3.12/site-packages/airflow/example_dags/example_python_operator.py
[2024-07-13T23:40:07.935+0000] {processor.py:830} INFO - Processing file /home/airflow/.local/lib/python3.12/site-packages/airflow/example_dags/example_python_operator.py for tasks to queue
[2024-07-13T23:40:07.937+0000] {logging_mixin.py:188} INFO - [2024-07-13T23:40:07.937+0000] {dagbag.py:545} INFO - Filling up the DagBag from /home/airflow/.local/lib/python3.12/site-packages/airflow/example_dags/example_python_operator.py
[2024-07-13T23:40:07.943+0000] {processor.py:840} INFO - DAG(s) 'example_python_operator' retrieved from /home/airflow/.local/lib/python3.12/site-packages/airflow/example_dags/example_python_operator.py
[2024-07-13T23:40:07.955+0000] {logging_mixin.py:188} INFO - [2024-07-13T23:40:07.955+0000] {dag.py:3096} INFO - Sync 1 DAGs
[2024-07-13T23:40:07.963+0000] {logging_mixin.py:188} INFO - [2024-07-13T23:40:07.963+0000] {dag.py:3954} INFO - Setting next_dagrun for example_python_operator to None, run_after=None
[2024-07-13T23:40:07.972+0000] {processor.py:183} INFO - Processing /home/airflow/.local/lib/python3.12/site-packages/airflow/example_dags/example_python_operator.py took 0.039 seconds
[2024-07-13T23:40:38.404+0000] {processor.py:161} INFO - Started process (PID=862) to work on /home/airflow/.local/lib/python3.12/site-packages/airflow/example_dags/example_python_operator.py
[2024-07-13T23:40:38.405+0000] {processor.py:830} INFO - Processing file /home/airflow/.local/lib/python3.12/site-packages/airflow/example_dags/example_python_operator.py for tasks to queue
[2024-07-13T23:40:38.407+0000] {logging_mixin.py:188} INFO - [2024-07-13T23:40:38.406+0000] {dagbag.py:545} INFO - Filling up the DagBag from /home/airflow/.local/lib/python3.12/site-packages/airflow/example_dags/example_python_operator.py
[2024-07-13T23:40:38.415+0000] {processor.py:840} INFO - DAG(s) 'example_python_operator' retrieved from /home/airflow/.local/lib/python3.12/site-packages/airflow/example_dags/example_python_operator.py
[2024-07-13T23:40:38.484+0000] {logging_mixin.py:188} INFO - [2024-07-13T23:40:38.484+0000] {dag.py:3096} INFO - Sync 1 DAGs
[2024-07-13T23:40:38.496+0000] {logging_mixin.py:188} INFO - [2024-07-13T23:40:38.496+0000] {dag.py:3954} INFO - Setting next_dagrun for example_python_operator to None, run_after=None
[2024-07-13T23:40:38.516+0000] {processor.py:183} INFO - Processing /home/airflow/.local/lib/python3.12/site-packages/airflow/example_dags/example_python_operator.py took 0.116 seconds
[2024-07-13T23:41:09.068+0000] {processor.py:161} INFO - Started process (PID=920) to work on /home/airflow/.local/lib/python3.12/site-packages/airflow/example_dags/example_python_operator.py
[2024-07-13T23:41:09.068+0000] {processor.py:830} INFO - Processing file /home/airflow/.local/lib/python3.12/site-packages/airflow/example_dags/example_python_operator.py for tasks to queue
[2024-07-13T23:41:09.069+0000] {logging_mixin.py:188} INFO - [2024-07-13T23:41:09.069+0000] {dagbag.py:545} INFO - Filling up the DagBag from /home/airflow/.local/lib/python3.12/site-packages/airflow/example_dags/example_python_operator.py
[2024-07-13T23:41:09.075+0000] {processor.py:840} INFO - DAG(s) 'example_python_operator' retrieved from /home/airflow/.local/lib/python3.12/site-packages/airflow/example_dags/example_python_operator.py
[2024-07-13T23:41:09.086+0000] {logging_mixin.py:188} INFO - [2024-07-13T23:41:09.086+0000] {dag.py:3096} INFO - Sync 1 DAGs
[2024-07-13T23:41:09.092+0000] {logging_mixin.py:188} INFO - [2024-07-13T23:41:09.092+0000] {dag.py:3954} INFO - Setting next_dagrun for example_python_operator to None, run_after=None
[2024-07-13T23:41:09.101+0000] {processor.py:183} INFO - Processing /home/airflow/.local/lib/python3.12/site-packages/airflow/example_dags/example_python_operator.py took 0.036 seconds
[2024-07-13T23:41:39.877+0000] {processor.py:161} INFO - Started process (PID=978) to work on /home/airflow/.local/lib/python3.12/site-packages/airflow/example_dags/example_python_operator.py
[2024-07-13T23:41:39.877+0000] {processor.py:830} INFO - Processing file /home/airflow/.local/lib/python3.12/site-packages/airflow/example_dags/example_python_operator.py for tasks to queue
[2024-07-13T23:41:39.878+0000] {logging_mixin.py:188} INFO - [2024-07-13T23:41:39.878+0000] {dagbag.py:545} INFO - Filling up the DagBag from /home/airflow/.local/lib/python3.12/site-packages/airflow/example_dags/example_python_operator.py
[2024-07-13T23:41:39.884+0000] {processor.py:840} INFO - DAG(s) 'example_python_operator' retrieved from /home/airflow/.local/lib/python3.12/site-packages/airflow/example_dags/example_python_operator.py
[2024-07-13T23:41:39.896+0000] {logging_mixin.py:188} INFO - [2024-07-13T23:41:39.895+0000] {dag.py:3096} INFO - Sync 1 DAGs
[2024-07-13T23:41:39.902+0000] {logging_mixin.py:188} INFO - [2024-07-13T23:41:39.902+0000] {dag.py:3954} INFO - Setting next_dagrun for example_python_operator to None, run_after=None
[2024-07-13T23:41:39.911+0000] {processor.py:183} INFO - Processing /home/airflow/.local/lib/python3.12/site-packages/airflow/example_dags/example_python_operator.py took 0.037 seconds
[2024-07-13T23:42:10.604+0000] {processor.py:161} INFO - Started process (PID=1036) to work on /home/airflow/.local/lib/python3.12/site-packages/airflow/example_dags/example_python_operator.py
[2024-07-13T23:42:10.605+0000] {processor.py:830} INFO - Processing file /home/airflow/.local/lib/python3.12/site-packages/airflow/example_dags/example_python_operator.py for tasks to queue
[2024-07-13T23:42:10.606+0000] {logging_mixin.py:188} INFO - [2024-07-13T23:42:10.605+0000] {dagbag.py:545} INFO - Filling up the DagBag from /home/airflow/.local/lib/python3.12/site-packages/airflow/example_dags/example_python_operator.py
[2024-07-13T23:42:10.611+0000] {processor.py:840} INFO - DAG(s) 'example_python_operator' retrieved from /home/airflow/.local/lib/python3.12/site-packages/airflow/example_dags/example_python_operator.py
[2024-07-13T23:42:10.622+0000] {logging_mixin.py:188} INFO - [2024-07-13T23:42:10.622+0000] {dag.py:3096} INFO - Sync 1 DAGs
[2024-07-13T23:42:10.628+0000] {logging_mixin.py:188} INFO - [2024-07-13T23:42:10.628+0000] {dag.py:3954} INFO - Setting next_dagrun for example_python_operator to None, run_after=None
[2024-07-13T23:42:10.636+0000] {processor.py:183} INFO - Processing /home/airflow/.local/lib/python3.12/site-packages/airflow/example_dags/example_python_operator.py took 0.035 seconds
[2024-07-13T23:42:41.257+0000] {processor.py:161} INFO - Started process (PID=1094) to work on /home/airflow/.local/lib/python3.12/site-packages/airflow/example_dags/example_python_operator.py
[2024-07-13T23:42:41.258+0000] {processor.py:830} INFO - Processing file /home/airflow/.local/lib/python3.12/site-packages/airflow/example_dags/example_python_operator.py for tasks to queue
[2024-07-13T23:42:41.259+0000] {logging_mixin.py:188} INFO - [2024-07-13T23:42:41.258+0000] {dagbag.py:545} INFO - Filling up the DagBag from /home/airflow/.local/lib/python3.12/site-packages/airflow/example_dags/example_python_operator.py
[2024-07-13T23:42:41.264+0000] {processor.py:840} INFO - DAG(s) 'example_python_operator' retrieved from /home/airflow/.local/lib/python3.12/site-packages/airflow/example_dags/example_python_operator.py
[2024-07-13T23:42:41.275+0000] {logging_mixin.py:188} INFO - [2024-07-13T23:42:41.275+0000] {dag.py:3096} INFO - Sync 1 DAGs
[2024-07-13T23:42:41.281+0000] {logging_mixin.py:188} INFO - [2024-07-13T23:42:41.281+0000] {dag.py:3954} INFO - Setting next_dagrun for example_python_operator to None, run_after=None
[2024-07-13T23:42:41.290+0000] {processor.py:183} INFO - Processing /home/airflow/.local/lib/python3.12/site-packages/airflow/example_dags/example_python_operator.py took 0.036 seconds
[2024-07-13T23:43:11.996+0000] {processor.py:161} INFO - Started process (PID=1152) to work on /home/airflow/.local/lib/python3.12/site-packages/airflow/example_dags/example_python_operator.py
[2024-07-13T23:43:11.997+0000] {processor.py:830} INFO - Processing file /home/airflow/.local/lib/python3.12/site-packages/airflow/example_dags/example_python_operator.py for tasks to queue
[2024-07-13T23:43:11.997+0000] {logging_mixin.py:188} INFO - [2024-07-13T23:43:11.997+0000] {dagbag.py:545} INFO - Filling up the DagBag from /home/airflow/.local/lib/python3.12/site-packages/airflow/example_dags/example_python_operator.py
[2024-07-13T23:43:12.003+0000] {processor.py:840} INFO - DAG(s) 'example_python_operator' retrieved from /home/airflow/.local/lib/python3.12/site-packages/airflow/example_dags/example_python_operator.py
[2024-07-13T23:43:12.014+0000] {logging_mixin.py:188} INFO - [2024-07-13T23:43:12.013+0000] {dag.py:3096} INFO - Sync 1 DAGs
[2024-07-13T23:43:12.020+0000] {logging_mixin.py:188} INFO - [2024-07-13T23:43:12.020+0000] {dag.py:3954} INFO - Setting next_dagrun for example_python_operator to None, run_after=None
[2024-07-13T23:43:12.028+0000] {processor.py:183} INFO - Processing /home/airflow/.local/lib/python3.12/site-packages/airflow/example_dags/example_python_operator.py took 0.035 seconds
[2024-07-13T23:43:42.827+0000] {processor.py:161} INFO - Started process (PID=1210) to work on /home/airflow/.local/lib/python3.12/site-packages/airflow/example_dags/example_python_operator.py
[2024-07-13T23:43:42.829+0000] {processor.py:830} INFO - Processing file /home/airflow/.local/lib/python3.12/site-packages/airflow/example_dags/example_python_operator.py for tasks to queue
[2024-07-13T23:43:42.830+0000] {logging_mixin.py:188} INFO - [2024-07-13T23:43:42.830+0000] {dagbag.py:545} INFO - Filling up the DagBag from /home/airflow/.local/lib/python3.12/site-packages/airflow/example_dags/example_python_operator.py
[2024-07-13T23:43:42.835+0000] {processor.py:840} INFO - DAG(s) 'example_python_operator' retrieved from /home/airflow/.local/lib/python3.12/site-packages/airflow/example_dags/example_python_operator.py
[2024-07-13T23:43:42.847+0000] {logging_mixin.py:188} INFO - [2024-07-13T23:43:42.846+0000] {dag.py:3096} INFO - Sync 1 DAGs
[2024-07-13T23:43:42.853+0000] {logging_mixin.py:188} INFO - [2024-07-13T23:43:42.853+0000] {dag.py:3954} INFO - Setting next_dagrun for example_python_operator to None, run_after=None
[2024-07-13T23:43:42.863+0000] {processor.py:183} INFO - Processing /home/airflow/.local/lib/python3.12/site-packages/airflow/example_dags/example_python_operator.py took 0.039 seconds
[2024-07-13T23:44:13.858+0000] {processor.py:161} INFO - Started process (PID=1268) to work on /home/airflow/.local/lib/python3.12/site-packages/airflow/example_dags/example_python_operator.py
[2024-07-13T23:44:13.858+0000] {processor.py:830} INFO - Processing file /home/airflow/.local/lib/python3.12/site-packages/airflow/example_dags/example_python_operator.py for tasks to queue
[2024-07-13T23:44:13.859+0000] {logging_mixin.py:188} INFO - [2024-07-13T23:44:13.859+0000] {dagbag.py:545} INFO - Filling up the DagBag from /home/airflow/.local/lib/python3.12/site-packages/airflow/example_dags/example_python_operator.py
[2024-07-13T23:44:13.865+0000] {processor.py:840} INFO - DAG(s) 'example_python_operator' retrieved from /home/airflow/.local/lib/python3.12/site-packages/airflow/example_dags/example_python_operator.py
[2024-07-13T23:44:13.875+0000] {logging_mixin.py:188} INFO - [2024-07-13T23:44:13.875+0000] {dag.py:3096} INFO - Sync 1 DAGs
[2024-07-13T23:44:13.881+0000] {logging_mixin.py:188} INFO - [2024-07-13T23:44:13.881+0000] {dag.py:3954} INFO - Setting next_dagrun for example_python_operator to None, run_after=None
[2024-07-13T23:44:13.893+0000] {processor.py:183} INFO - Processing /home/airflow/.local/lib/python3.12/site-packages/airflow/example_dags/example_python_operator.py took 0.038 seconds
[2024-07-13T23:44:44.771+0000] {processor.py:161} INFO - Started process (PID=1326) to work on /home/airflow/.local/lib/python3.12/site-packages/airflow/example_dags/example_python_operator.py
[2024-07-13T23:44:44.771+0000] {processor.py:830} INFO - Processing file /home/airflow/.local/lib/python3.12/site-packages/airflow/example_dags/example_python_operator.py for tasks to queue
[2024-07-13T23:44:44.772+0000] {logging_mixin.py:188} INFO - [2024-07-13T23:44:44.772+0000] {dagbag.py:545} INFO - Filling up the DagBag from /home/airflow/.local/lib/python3.12/site-packages/airflow/example_dags/example_python_operator.py
[2024-07-13T23:44:44.778+0000] {processor.py:840} INFO - DAG(s) 'example_python_operator' retrieved from /home/airflow/.local/lib/python3.12/site-packages/airflow/example_dags/example_python_operator.py
[2024-07-13T23:44:44.789+0000] {logging_mixin.py:188} INFO - [2024-07-13T23:44:44.789+0000] {dag.py:3096} INFO - Sync 1 DAGs
[2024-07-13T23:44:44.796+0000] {logging_mixin.py:188} INFO - [2024-07-13T23:44:44.796+0000] {dag.py:3954} INFO - Setting next_dagrun for example_python_operator to None, run_after=None
[2024-07-13T23:44:44.808+0000] {processor.py:183} INFO - Processing /home/airflow/.local/lib/python3.12/site-packages/airflow/example_dags/example_python_operator.py took 0.040 seconds
[2024-07-13T23:45:14.852+0000] {processor.py:161} INFO - Started process (PID=1383) to work on /home/airflow/.local/lib/python3.12/site-packages/airflow/example_dags/example_python_operator.py
[2024-07-13T23:45:14.853+0000] {processor.py:830} INFO - Processing file /home/airflow/.local/lib/python3.12/site-packages/airflow/example_dags/example_python_operator.py for tasks to queue
[2024-07-13T23:45:14.854+0000] {logging_mixin.py:188} INFO - [2024-07-13T23:45:14.854+0000] {dagbag.py:545} INFO - Filling up the DagBag from /home/airflow/.local/lib/python3.12/site-packages/airflow/example_dags/example_python_operator.py
[2024-07-13T23:45:14.859+0000] {processor.py:840} INFO - DAG(s) 'example_python_operator' retrieved from /home/airflow/.local/lib/python3.12/site-packages/airflow/example_dags/example_python_operator.py
[2024-07-13T23:45:14.871+0000] {logging_mixin.py:188} INFO - [2024-07-13T23:45:14.871+0000] {dag.py:3096} INFO - Sync 1 DAGs
[2024-07-13T23:45:14.878+0000] {logging_mixin.py:188} INFO - [2024-07-13T23:45:14.878+0000] {dag.py:3954} INFO - Setting next_dagrun for example_python_operator to None, run_after=None
[2024-07-13T23:45:14.886+0000] {processor.py:183} INFO - Processing /home/airflow/.local/lib/python3.12/site-packages/airflow/example_dags/example_python_operator.py took 0.037 seconds
[2024-07-13T23:45:45.418+0000] {processor.py:161} INFO - Started process (PID=1441) to work on /home/airflow/.local/lib/python3.12/site-packages/airflow/example_dags/example_python_operator.py
[2024-07-13T23:45:45.419+0000] {processor.py:830} INFO - Processing file /home/airflow/.local/lib/python3.12/site-packages/airflow/example_dags/example_python_operator.py for tasks to queue
[2024-07-13T23:45:45.421+0000] {logging_mixin.py:188} INFO - [2024-07-13T23:45:45.420+0000] {dagbag.py:545} INFO - Filling up the DagBag from /home/airflow/.local/lib/python3.12/site-packages/airflow/example_dags/example_python_operator.py
[2024-07-13T23:45:45.428+0000] {processor.py:840} INFO - DAG(s) 'example_python_operator' retrieved from /home/airflow/.local/lib/python3.12/site-packages/airflow/example_dags/example_python_operator.py
[2024-07-13T23:45:45.441+0000] {logging_mixin.py:188} INFO - [2024-07-13T23:45:45.441+0000] {dag.py:3096} INFO - Sync 1 DAGs
[2024-07-13T23:45:45.447+0000] {logging_mixin.py:188} INFO - [2024-07-13T23:45:45.447+0000] {dag.py:3954} INFO - Setting next_dagrun for example_python_operator to None, run_after=None
[2024-07-13T23:45:45.457+0000] {processor.py:183} INFO - Processing /home/airflow/.local/lib/python3.12/site-packages/airflow/example_dags/example_python_operator.py took 0.045 seconds
[2024-07-13T23:46:15.985+0000] {processor.py:161} INFO - Started process (PID=1499) to work on /home/airflow/.local/lib/python3.12/site-packages/airflow/example_dags/example_python_operator.py
[2024-07-13T23:46:15.986+0000] {processor.py:830} INFO - Processing file /home/airflow/.local/lib/python3.12/site-packages/airflow/example_dags/example_python_operator.py for tasks to queue
[2024-07-13T23:46:15.987+0000] {logging_mixin.py:188} INFO - [2024-07-13T23:46:15.987+0000] {dagbag.py:545} INFO - Filling up the DagBag from /home/airflow/.local/lib/python3.12/site-packages/airflow/example_dags/example_python_operator.py
[2024-07-13T23:46:15.994+0000] {processor.py:840} INFO - DAG(s) 'example_python_operator' retrieved from /home/airflow/.local/lib/python3.12/site-packages/airflow/example_dags/example_python_operator.py
[2024-07-13T23:46:16.007+0000] {logging_mixin.py:188} INFO - [2024-07-13T23:46:16.007+0000] {dag.py:3096} INFO - Sync 1 DAGs
[2024-07-13T23:46:16.014+0000] {logging_mixin.py:188} INFO - [2024-07-13T23:46:16.014+0000] {dag.py:3954} INFO - Setting next_dagrun for example_python_operator to None, run_after=None
[2024-07-13T23:46:16.024+0000] {processor.py:183} INFO - Processing /home/airflow/.local/lib/python3.12/site-packages/airflow/example_dags/example_python_operator.py took 0.044 seconds
[2024-07-13T23:46:46.565+0000] {processor.py:161} INFO - Started process (PID=1557) to work on /home/airflow/.local/lib/python3.12/site-packages/airflow/example_dags/example_python_operator.py
[2024-07-13T23:46:46.566+0000] {processor.py:830} INFO - Processing file /home/airflow/.local/lib/python3.12/site-packages/airflow/example_dags/example_python_operator.py for tasks to queue
[2024-07-13T23:46:46.568+0000] {logging_mixin.py:188} INFO - [2024-07-13T23:46:46.568+0000] {dagbag.py:545} INFO - Filling up the DagBag from /home/airflow/.local/lib/python3.12/site-packages/airflow/example_dags/example_python_operator.py
[2024-07-13T23:46:46.579+0000] {processor.py:840} INFO - DAG(s) 'example_python_operator' retrieved from /home/airflow/.local/lib/python3.12/site-packages/airflow/example_dags/example_python_operator.py
[2024-07-13T23:46:46.593+0000] {logging_mixin.py:188} INFO - [2024-07-13T23:46:46.592+0000] {dag.py:3096} INFO - Sync 1 DAGs
[2024-07-13T23:46:46.599+0000] {logging_mixin.py:188} INFO - [2024-07-13T23:46:46.599+0000] {dag.py:3954} INFO - Setting next_dagrun for example_python_operator to None, run_after=None
[2024-07-13T23:46:46.608+0000] {processor.py:183} INFO - Processing /home/airflow/.local/lib/python3.12/site-packages/airflow/example_dags/example_python_operator.py took 0.049 seconds
[2024-07-13T23:47:17.117+0000] {processor.py:161} INFO - Started process (PID=1615) to work on /home/airflow/.local/lib/python3.12/site-packages/airflow/example_dags/example_python_operator.py
[2024-07-13T23:47:17.118+0000] {processor.py:830} INFO - Processing file /home/airflow/.local/lib/python3.12/site-packages/airflow/example_dags/example_python_operator.py for tasks to queue
[2024-07-13T23:47:17.119+0000] {logging_mixin.py:188} INFO - [2024-07-13T23:47:17.119+0000] {dagbag.py:545} INFO - Filling up the DagBag from /home/airflow/.local/lib/python3.12/site-packages/airflow/example_dags/example_python_operator.py
[2024-07-13T23:47:17.125+0000] {processor.py:840} INFO - DAG(s) 'example_python_operator' retrieved from /home/airflow/.local/lib/python3.12/site-packages/airflow/example_dags/example_python_operator.py
[2024-07-13T23:47:17.137+0000] {logging_mixin.py:188} INFO - [2024-07-13T23:47:17.137+0000] {dag.py:3096} INFO - Sync 1 DAGs
[2024-07-13T23:47:17.143+0000] {logging_mixin.py:188} INFO - [2024-07-13T23:47:17.143+0000] {dag.py:3954} INFO - Setting next_dagrun for example_python_operator to None, run_after=None
[2024-07-13T23:47:17.152+0000] {processor.py:183} INFO - Processing /home/airflow/.local/lib/python3.12/site-packages/airflow/example_dags/example_python_operator.py took 0.038 seconds
[2024-07-13T23:47:47.719+0000] {processor.py:161} INFO - Started process (PID=1673) to work on /home/airflow/.local/lib/python3.12/site-packages/airflow/example_dags/example_python_operator.py
[2024-07-13T23:47:47.720+0000] {processor.py:830} INFO - Processing file /home/airflow/.local/lib/python3.12/site-packages/airflow/example_dags/example_python_operator.py for tasks to queue
[2024-07-13T23:47:47.722+0000] {logging_mixin.py:188} INFO - [2024-07-13T23:47:47.722+0000] {dagbag.py:545} INFO - Filling up the DagBag from /home/airflow/.local/lib/python3.12/site-packages/airflow/example_dags/example_python_operator.py
[2024-07-13T23:47:47.732+0000] {processor.py:840} INFO - DAG(s) 'example_python_operator' retrieved from /home/airflow/.local/lib/python3.12/site-packages/airflow/example_dags/example_python_operator.py
[2024-07-13T23:47:47.745+0000] {logging_mixin.py:188} INFO - [2024-07-13T23:47:47.745+0000] {dag.py:3096} INFO - Sync 1 DAGs
[2024-07-13T23:47:47.752+0000] {logging_mixin.py:188} INFO - [2024-07-13T23:47:47.752+0000] {dag.py:3954} INFO - Setting next_dagrun for example_python_operator to None, run_after=None
[2024-07-13T23:47:47.762+0000] {processor.py:183} INFO - Processing /home/airflow/.local/lib/python3.12/site-packages/airflow/example_dags/example_python_operator.py took 0.048 seconds
[2024-07-13T23:48:18.370+0000] {processor.py:161} INFO - Started process (PID=1731) to work on /home/airflow/.local/lib/python3.12/site-packages/airflow/example_dags/example_python_operator.py
[2024-07-13T23:48:18.371+0000] {processor.py:830} INFO - Processing file /home/airflow/.local/lib/python3.12/site-packages/airflow/example_dags/example_python_operator.py for tasks to queue
[2024-07-13T23:48:18.373+0000] {logging_mixin.py:188} INFO - [2024-07-13T23:48:18.372+0000] {dagbag.py:545} INFO - Filling up the DagBag from /home/airflow/.local/lib/python3.12/site-packages/airflow/example_dags/example_python_operator.py
[2024-07-13T23:48:18.381+0000] {processor.py:840} INFO - DAG(s) 'example_python_operator' retrieved from /home/airflow/.local/lib/python3.12/site-packages/airflow/example_dags/example_python_operator.py
[2024-07-13T23:48:18.395+0000] {logging_mixin.py:188} INFO - [2024-07-13T23:48:18.395+0000] {dag.py:3096} INFO - Sync 1 DAGs
[2024-07-13T23:48:18.401+0000] {logging_mixin.py:188} INFO - [2024-07-13T23:48:18.401+0000] {dag.py:3954} INFO - Setting next_dagrun for example_python_operator to None, run_after=None
[2024-07-13T23:48:18.411+0000] {processor.py:183} INFO - Processing /home/airflow/.local/lib/python3.12/site-packages/airflow/example_dags/example_python_operator.py took 0.047 seconds
[2024-07-13T23:48:49.285+0000] {processor.py:161} INFO - Started process (PID=1789) to work on /home/airflow/.local/lib/python3.12/site-packages/airflow/example_dags/example_python_operator.py
[2024-07-13T23:48:49.286+0000] {processor.py:830} INFO - Processing file /home/airflow/.local/lib/python3.12/site-packages/airflow/example_dags/example_python_operator.py for tasks to queue
[2024-07-13T23:48:49.287+0000] {logging_mixin.py:188} INFO - [2024-07-13T23:48:49.287+0000] {dagbag.py:545} INFO - Filling up the DagBag from /home/airflow/.local/lib/python3.12/site-packages/airflow/example_dags/example_python_operator.py
[2024-07-13T23:48:49.293+0000] {processor.py:840} INFO - DAG(s) 'example_python_operator' retrieved from /home/airflow/.local/lib/python3.12/site-packages/airflow/example_dags/example_python_operator.py
[2024-07-13T23:48:49.305+0000] {logging_mixin.py:188} INFO - [2024-07-13T23:48:49.305+0000] {dag.py:3096} INFO - Sync 1 DAGs
[2024-07-13T23:48:49.311+0000] {logging_mixin.py:188} INFO - [2024-07-13T23:48:49.311+0000] {dag.py:3954} INFO - Setting next_dagrun for example_python_operator to None, run_after=None
[2024-07-13T23:48:49.320+0000] {processor.py:183} INFO - Processing /home/airflow/.local/lib/python3.12/site-packages/airflow/example_dags/example_python_operator.py took 0.039 seconds
[2024-07-13T23:49:19.489+0000] {processor.py:161} INFO - Started process (PID=1847) to work on /home/airflow/.local/lib/python3.12/site-packages/airflow/example_dags/example_python_operator.py
[2024-07-13T23:49:19.490+0000] {processor.py:830} INFO - Processing file /home/airflow/.local/lib/python3.12/site-packages/airflow/example_dags/example_python_operator.py for tasks to queue
[2024-07-13T23:49:19.492+0000] {logging_mixin.py:188} INFO - [2024-07-13T23:49:19.491+0000] {dagbag.py:545} INFO - Filling up the DagBag from /home/airflow/.local/lib/python3.12/site-packages/airflow/example_dags/example_python_operator.py
[2024-07-13T23:49:19.497+0000] {processor.py:840} INFO - DAG(s) 'example_python_operator' retrieved from /home/airflow/.local/lib/python3.12/site-packages/airflow/example_dags/example_python_operator.py
[2024-07-13T23:49:19.509+0000] {logging_mixin.py:188} INFO - [2024-07-13T23:49:19.509+0000] {dag.py:3096} INFO - Sync 1 DAGs
[2024-07-13T23:49:19.516+0000] {logging_mixin.py:188} INFO - [2024-07-13T23:49:19.516+0000] {dag.py:3954} INFO - Setting next_dagrun for example_python_operator to None, run_after=None
[2024-07-13T23:49:19.613+0000] {processor.py:183} INFO - Processing /home/airflow/.local/lib/python3.12/site-packages/airflow/example_dags/example_python_operator.py took 0.131 seconds
[2024-07-13T23:49:50.530+0000] {processor.py:161} INFO - Started process (PID=1911) to work on /home/airflow/.local/lib/python3.12/site-packages/airflow/example_dags/example_python_operator.py
[2024-07-13T23:49:50.531+0000] {processor.py:830} INFO - Processing file /home/airflow/.local/lib/python3.12/site-packages/airflow/example_dags/example_python_operator.py for tasks to queue
[2024-07-13T23:49:50.533+0000] {logging_mixin.py:188} INFO - [2024-07-13T23:49:50.532+0000] {dagbag.py:545} INFO - Filling up the DagBag from /home/airflow/.local/lib/python3.12/site-packages/airflow/example_dags/example_python_operator.py
[2024-07-13T23:49:50.539+0000] {processor.py:840} INFO - DAG(s) 'example_python_operator' retrieved from /home/airflow/.local/lib/python3.12/site-packages/airflow/example_dags/example_python_operator.py
[2024-07-13T23:49:50.553+0000] {logging_mixin.py:188} INFO - [2024-07-13T23:49:50.553+0000] {dag.py:3096} INFO - Sync 1 DAGs
[2024-07-13T23:49:50.561+0000] {logging_mixin.py:188} INFO - [2024-07-13T23:49:50.561+0000] {dag.py:3954} INFO - Setting next_dagrun for example_python_operator to None, run_after=None
[2024-07-13T23:49:50.575+0000] {processor.py:183} INFO - Processing /home/airflow/.local/lib/python3.12/site-packages/airflow/example_dags/example_python_operator.py took 0.047 seconds
[2024-07-13T23:50:20.972+0000] {processor.py:161} INFO - Started process (PID=1969) to work on /home/airflow/.local/lib/python3.12/site-packages/airflow/example_dags/example_python_operator.py
[2024-07-13T23:50:20.972+0000] {processor.py:830} INFO - Processing file /home/airflow/.local/lib/python3.12/site-packages/airflow/example_dags/example_python_operator.py for tasks to queue
[2024-07-13T23:50:20.974+0000] {logging_mixin.py:188} INFO - [2024-07-13T23:50:20.973+0000] {dagbag.py:545} INFO - Filling up the DagBag from /home/airflow/.local/lib/python3.12/site-packages/airflow/example_dags/example_python_operator.py
[2024-07-13T23:50:20.979+0000] {processor.py:840} INFO - DAG(s) 'example_python_operator' retrieved from /home/airflow/.local/lib/python3.12/site-packages/airflow/example_dags/example_python_operator.py
[2024-07-13T23:50:20.990+0000] {logging_mixin.py:188} INFO - [2024-07-13T23:50:20.990+0000] {dag.py:3096} INFO - Sync 1 DAGs
[2024-07-13T23:50:20.996+0000] {logging_mixin.py:188} INFO - [2024-07-13T23:50:20.996+0000] {dag.py:3954} INFO - Setting next_dagrun for example_python_operator to None, run_after=None
[2024-07-13T23:50:21.004+0000] {processor.py:183} INFO - Processing /home/airflow/.local/lib/python3.12/site-packages/airflow/example_dags/example_python_operator.py took 0.035 seconds
[2024-07-13T23:50:51.289+0000] {processor.py:161} INFO - Started process (PID=2027) to work on /home/airflow/.local/lib/python3.12/site-packages/airflow/example_dags/example_python_operator.py
[2024-07-13T23:50:51.290+0000] {processor.py:830} INFO - Processing file /home/airflow/.local/lib/python3.12/site-packages/airflow/example_dags/example_python_operator.py for tasks to queue
[2024-07-13T23:50:51.291+0000] {logging_mixin.py:188} INFO - [2024-07-13T23:50:51.291+0000] {dagbag.py:545} INFO - Filling up the DagBag from /home/airflow/.local/lib/python3.12/site-packages/airflow/example_dags/example_python_operator.py
[2024-07-13T23:50:51.297+0000] {processor.py:840} INFO - DAG(s) 'example_python_operator' retrieved from /home/airflow/.local/lib/python3.12/site-packages/airflow/example_dags/example_python_operator.py
[2024-07-13T23:50:51.309+0000] {logging_mixin.py:188} INFO - [2024-07-13T23:50:51.309+0000] {dag.py:3096} INFO - Sync 1 DAGs
[2024-07-13T23:50:51.315+0000] {logging_mixin.py:188} INFO - [2024-07-13T23:50:51.315+0000] {dag.py:3954} INFO - Setting next_dagrun for example_python_operator to None, run_after=None
[2024-07-13T23:50:51.325+0000] {processor.py:183} INFO - Processing /home/airflow/.local/lib/python3.12/site-packages/airflow/example_dags/example_python_operator.py took 0.038 seconds
[2024-07-13T23:51:21.970+0000] {processor.py:161} INFO - Started process (PID=2085) to work on /home/airflow/.local/lib/python3.12/site-packages/airflow/example_dags/example_python_operator.py
[2024-07-13T23:51:21.971+0000] {processor.py:830} INFO - Processing file /home/airflow/.local/lib/python3.12/site-packages/airflow/example_dags/example_python_operator.py for tasks to queue
[2024-07-13T23:51:21.972+0000] {logging_mixin.py:188} INFO - [2024-07-13T23:51:21.972+0000] {dagbag.py:545} INFO - Filling up the DagBag from /home/airflow/.local/lib/python3.12/site-packages/airflow/example_dags/example_python_operator.py
[2024-07-13T23:51:21.977+0000] {processor.py:840} INFO - DAG(s) 'example_python_operator' retrieved from /home/airflow/.local/lib/python3.12/site-packages/airflow/example_dags/example_python_operator.py
[2024-07-13T23:51:21.988+0000] {logging_mixin.py:188} INFO - [2024-07-13T23:51:21.988+0000] {dag.py:3096} INFO - Sync 1 DAGs
[2024-07-13T23:51:21.994+0000] {logging_mixin.py:188} INFO - [2024-07-13T23:51:21.994+0000] {dag.py:3954} INFO - Setting next_dagrun for example_python_operator to None, run_after=None
[2024-07-13T23:51:22.002+0000] {processor.py:183} INFO - Processing /home/airflow/.local/lib/python3.12/site-packages/airflow/example_dags/example_python_operator.py took 0.035 seconds
[2024-07-13T23:51:52.405+0000] {processor.py:161} INFO - Started process (PID=2143) to work on /home/airflow/.local/lib/python3.12/site-packages/airflow/example_dags/example_python_operator.py
[2024-07-13T23:51:52.406+0000] {processor.py:830} INFO - Processing file /home/airflow/.local/lib/python3.12/site-packages/airflow/example_dags/example_python_operator.py for tasks to queue
[2024-07-13T23:51:52.407+0000] {logging_mixin.py:188} INFO - [2024-07-13T23:51:52.407+0000] {dagbag.py:545} INFO - Filling up the DagBag from /home/airflow/.local/lib/python3.12/site-packages/airflow/example_dags/example_python_operator.py
[2024-07-13T23:51:52.413+0000] {processor.py:840} INFO - DAG(s) 'example_python_operator' retrieved from /home/airflow/.local/lib/python3.12/site-packages/airflow/example_dags/example_python_operator.py
[2024-07-13T23:51:52.514+0000] {logging_mixin.py:188} INFO - [2024-07-13T23:51:52.514+0000] {dag.py:3096} INFO - Sync 1 DAGs
[2024-07-13T23:51:52.519+0000] {logging_mixin.py:188} INFO - [2024-07-13T23:51:52.519+0000] {dag.py:3954} INFO - Setting next_dagrun for example_python_operator to None, run_after=None
[2024-07-13T23:51:52.527+0000] {processor.py:183} INFO - Processing /home/airflow/.local/lib/python3.12/site-packages/airflow/example_dags/example_python_operator.py took 0.125 seconds
[2024-07-13T23:52:23.108+0000] {processor.py:161} INFO - Started process (PID=2201) to work on /home/airflow/.local/lib/python3.12/site-packages/airflow/example_dags/example_python_operator.py
[2024-07-13T23:52:23.109+0000] {processor.py:830} INFO - Processing file /home/airflow/.local/lib/python3.12/site-packages/airflow/example_dags/example_python_operator.py for tasks to queue
[2024-07-13T23:52:23.110+0000] {logging_mixin.py:188} INFO - [2024-07-13T23:52:23.109+0000] {dagbag.py:545} INFO - Filling up the DagBag from /home/airflow/.local/lib/python3.12/site-packages/airflow/example_dags/example_python_operator.py
[2024-07-13T23:52:23.115+0000] {processor.py:840} INFO - DAG(s) 'example_python_operator' retrieved from /home/airflow/.local/lib/python3.12/site-packages/airflow/example_dags/example_python_operator.py
[2024-07-13T23:52:23.125+0000] {logging_mixin.py:188} INFO - [2024-07-13T23:52:23.125+0000] {dag.py:3096} INFO - Sync 1 DAGs
[2024-07-13T23:52:23.132+0000] {logging_mixin.py:188} INFO - [2024-07-13T23:52:23.132+0000] {dag.py:3954} INFO - Setting next_dagrun for example_python_operator to None, run_after=None
[2024-07-13T23:52:23.141+0000] {processor.py:183} INFO - Processing /home/airflow/.local/lib/python3.12/site-packages/airflow/example_dags/example_python_operator.py took 0.036 seconds
[2024-07-13T23:52:53.845+0000] {processor.py:161} INFO - Started process (PID=2259) to work on /home/airflow/.local/lib/python3.12/site-packages/airflow/example_dags/example_python_operator.py
[2024-07-13T23:52:53.846+0000] {processor.py:830} INFO - Processing file /home/airflow/.local/lib/python3.12/site-packages/airflow/example_dags/example_python_operator.py for tasks to queue
[2024-07-13T23:52:53.847+0000] {logging_mixin.py:188} INFO - [2024-07-13T23:52:53.847+0000] {dagbag.py:545} INFO - Filling up the DagBag from /home/airflow/.local/lib/python3.12/site-packages/airflow/example_dags/example_python_operator.py
[2024-07-13T23:52:53.853+0000] {processor.py:840} INFO - DAG(s) 'example_python_operator' retrieved from /home/airflow/.local/lib/python3.12/site-packages/airflow/example_dags/example_python_operator.py
[2024-07-13T23:52:53.864+0000] {logging_mixin.py:188} INFO - [2024-07-13T23:52:53.864+0000] {dag.py:3096} INFO - Sync 1 DAGs
[2024-07-13T23:52:53.870+0000] {logging_mixin.py:188} INFO - [2024-07-13T23:52:53.870+0000] {dag.py:3954} INFO - Setting next_dagrun for example_python_operator to None, run_after=None
[2024-07-13T23:52:53.880+0000] {processor.py:183} INFO - Processing /home/airflow/.local/lib/python3.12/site-packages/airflow/example_dags/example_python_operator.py took 0.038 seconds
[2024-07-13T23:53:24.506+0000] {processor.py:161} INFO - Started process (PID=2317) to work on /home/airflow/.local/lib/python3.12/site-packages/airflow/example_dags/example_python_operator.py
[2024-07-13T23:53:24.507+0000] {processor.py:830} INFO - Processing file /home/airflow/.local/lib/python3.12/site-packages/airflow/example_dags/example_python_operator.py for tasks to queue
[2024-07-13T23:53:24.508+0000] {logging_mixin.py:188} INFO - [2024-07-13T23:53:24.508+0000] {dagbag.py:545} INFO - Filling up the DagBag from /home/airflow/.local/lib/python3.12/site-packages/airflow/example_dags/example_python_operator.py
[2024-07-13T23:53:24.514+0000] {processor.py:840} INFO - DAG(s) 'example_python_operator' retrieved from /home/airflow/.local/lib/python3.12/site-packages/airflow/example_dags/example_python_operator.py
[2024-07-13T23:53:24.525+0000] {logging_mixin.py:188} INFO - [2024-07-13T23:53:24.525+0000] {dag.py:3096} INFO - Sync 1 DAGs
[2024-07-13T23:53:24.531+0000] {logging_mixin.py:188} INFO - [2024-07-13T23:53:24.531+0000] {dag.py:3954} INFO - Setting next_dagrun for example_python_operator to None, run_after=None
[2024-07-13T23:53:24.540+0000] {processor.py:183} INFO - Processing /home/airflow/.local/lib/python3.12/site-packages/airflow/example_dags/example_python_operator.py took 0.037 seconds
[2024-07-13T23:53:55.476+0000] {processor.py:161} INFO - Started process (PID=2374) to work on /home/airflow/.local/lib/python3.12/site-packages/airflow/example_dags/example_python_operator.py
[2024-07-13T23:53:55.476+0000] {processor.py:830} INFO - Processing file /home/airflow/.local/lib/python3.12/site-packages/airflow/example_dags/example_python_operator.py for tasks to queue
[2024-07-13T23:53:55.477+0000] {logging_mixin.py:188} INFO - [2024-07-13T23:53:55.477+0000] {dagbag.py:545} INFO - Filling up the DagBag from /home/airflow/.local/lib/python3.12/site-packages/airflow/example_dags/example_python_operator.py
[2024-07-13T23:53:55.483+0000] {processor.py:840} INFO - DAG(s) 'example_python_operator' retrieved from /home/airflow/.local/lib/python3.12/site-packages/airflow/example_dags/example_python_operator.py
[2024-07-13T23:53:55.494+0000] {logging_mixin.py:188} INFO - [2024-07-13T23:53:55.494+0000] {dag.py:3096} INFO - Sync 1 DAGs
[2024-07-13T23:53:55.501+0000] {logging_mixin.py:188} INFO - [2024-07-13T23:53:55.501+0000] {dag.py:3954} INFO - Setting next_dagrun for example_python_operator to None, run_after=None
[2024-07-13T23:53:55.512+0000] {processor.py:183} INFO - Processing /home/airflow/.local/lib/python3.12/site-packages/airflow/example_dags/example_python_operator.py took 0.039 seconds
[2024-07-13T23:54:26.074+0000] {processor.py:161} INFO - Started process (PID=2431) to work on /home/airflow/.local/lib/python3.12/site-packages/airflow/example_dags/example_python_operator.py
[2024-07-13T23:54:26.074+0000] {processor.py:830} INFO - Processing file /home/airflow/.local/lib/python3.12/site-packages/airflow/example_dags/example_python_operator.py for tasks to queue
[2024-07-13T23:54:26.075+0000] {logging_mixin.py:188} INFO - [2024-07-13T23:54:26.075+0000] {dagbag.py:545} INFO - Filling up the DagBag from /home/airflow/.local/lib/python3.12/site-packages/airflow/example_dags/example_python_operator.py
[2024-07-13T23:54:26.081+0000] {processor.py:840} INFO - DAG(s) 'example_python_operator' retrieved from /home/airflow/.local/lib/python3.12/site-packages/airflow/example_dags/example_python_operator.py
[2024-07-13T23:54:26.092+0000] {logging_mixin.py:188} INFO - [2024-07-13T23:54:26.091+0000] {dag.py:3096} INFO - Sync 1 DAGs
[2024-07-13T23:54:26.098+0000] {logging_mixin.py:188} INFO - [2024-07-13T23:54:26.098+0000] {dag.py:3954} INFO - Setting next_dagrun for example_python_operator to None, run_after=None
[2024-07-13T23:54:26.107+0000] {processor.py:183} INFO - Processing /home/airflow/.local/lib/python3.12/site-packages/airflow/example_dags/example_python_operator.py took 0.035 seconds
[2024-07-13T23:54:56.949+0000] {processor.py:161} INFO - Started process (PID=2489) to work on /home/airflow/.local/lib/python3.12/site-packages/airflow/example_dags/example_python_operator.py
[2024-07-13T23:54:56.950+0000] {processor.py:830} INFO - Processing file /home/airflow/.local/lib/python3.12/site-packages/airflow/example_dags/example_python_operator.py for tasks to queue
[2024-07-13T23:54:56.951+0000] {logging_mixin.py:188} INFO - [2024-07-13T23:54:56.951+0000] {dagbag.py:545} INFO - Filling up the DagBag from /home/airflow/.local/lib/python3.12/site-packages/airflow/example_dags/example_python_operator.py
[2024-07-13T23:54:56.956+0000] {processor.py:840} INFO - DAG(s) 'example_python_operator' retrieved from /home/airflow/.local/lib/python3.12/site-packages/airflow/example_dags/example_python_operator.py
[2024-07-13T23:54:56.967+0000] {logging_mixin.py:188} INFO - [2024-07-13T23:54:56.966+0000] {dag.py:3096} INFO - Sync 1 DAGs
[2024-07-13T23:54:56.973+0000] {logging_mixin.py:188} INFO - [2024-07-13T23:54:56.973+0000] {dag.py:3954} INFO - Setting next_dagrun for example_python_operator to None, run_after=None
[2024-07-13T23:54:56.982+0000] {processor.py:183} INFO - Processing /home/airflow/.local/lib/python3.12/site-packages/airflow/example_dags/example_python_operator.py took 0.035 seconds
[2024-07-13T23:55:27.748+0000] {processor.py:161} INFO - Started process (PID=2547) to work on /home/airflow/.local/lib/python3.12/site-packages/airflow/example_dags/example_python_operator.py
[2024-07-13T23:55:27.749+0000] {processor.py:830} INFO - Processing file /home/airflow/.local/lib/python3.12/site-packages/airflow/example_dags/example_python_operator.py for tasks to queue
[2024-07-13T23:55:27.750+0000] {logging_mixin.py:188} INFO - [2024-07-13T23:55:27.750+0000] {dagbag.py:545} INFO - Filling up the DagBag from /home/airflow/.local/lib/python3.12/site-packages/airflow/example_dags/example_python_operator.py
[2024-07-13T23:55:27.755+0000] {processor.py:840} INFO - DAG(s) 'example_python_operator' retrieved from /home/airflow/.local/lib/python3.12/site-packages/airflow/example_dags/example_python_operator.py
[2024-07-13T23:55:27.767+0000] {logging_mixin.py:188} INFO - [2024-07-13T23:55:27.767+0000] {dag.py:3096} INFO - Sync 1 DAGs
[2024-07-13T23:55:27.773+0000] {logging_mixin.py:188} INFO - [2024-07-13T23:55:27.773+0000] {dag.py:3954} INFO - Setting next_dagrun for example_python_operator to None, run_after=None
[2024-07-13T23:55:27.782+0000] {processor.py:183} INFO - Processing /home/airflow/.local/lib/python3.12/site-packages/airflow/example_dags/example_python_operator.py took 0.037 seconds
[2024-07-13T23:55:58.399+0000] {processor.py:161} INFO - Started process (PID=2604) to work on /home/airflow/.local/lib/python3.12/site-packages/airflow/example_dags/example_python_operator.py
[2024-07-13T23:55:58.400+0000] {processor.py:830} INFO - Processing file /home/airflow/.local/lib/python3.12/site-packages/airflow/example_dags/example_python_operator.py for tasks to queue
[2024-07-13T23:55:58.401+0000] {logging_mixin.py:188} INFO - [2024-07-13T23:55:58.401+0000] {dagbag.py:545} INFO - Filling up the DagBag from /home/airflow/.local/lib/python3.12/site-packages/airflow/example_dags/example_python_operator.py
[2024-07-13T23:55:58.406+0000] {processor.py:840} INFO - DAG(s) 'example_python_operator' retrieved from /home/airflow/.local/lib/python3.12/site-packages/airflow/example_dags/example_python_operator.py
[2024-07-13T23:55:58.417+0000] {logging_mixin.py:188} INFO - [2024-07-13T23:55:58.417+0000] {dag.py:3096} INFO - Sync 1 DAGs
[2024-07-13T23:55:58.424+0000] {logging_mixin.py:188} INFO - [2024-07-13T23:55:58.424+0000] {dag.py:3954} INFO - Setting next_dagrun for example_python_operator to None, run_after=None
[2024-07-13T23:55:58.434+0000] {processor.py:183} INFO - Processing /home/airflow/.local/lib/python3.12/site-packages/airflow/example_dags/example_python_operator.py took 0.037 seconds
[2024-07-13T23:56:29.139+0000] {processor.py:161} INFO - Started process (PID=2662) to work on /home/airflow/.local/lib/python3.12/site-packages/airflow/example_dags/example_python_operator.py
[2024-07-13T23:56:29.139+0000] {processor.py:830} INFO - Processing file /home/airflow/.local/lib/python3.12/site-packages/airflow/example_dags/example_python_operator.py for tasks to queue
[2024-07-13T23:56:29.140+0000] {logging_mixin.py:188} INFO - [2024-07-13T23:56:29.140+0000] {dagbag.py:545} INFO - Filling up the DagBag from /home/airflow/.local/lib/python3.12/site-packages/airflow/example_dags/example_python_operator.py
[2024-07-13T23:56:29.146+0000] {processor.py:840} INFO - DAG(s) 'example_python_operator' retrieved from /home/airflow/.local/lib/python3.12/site-packages/airflow/example_dags/example_python_operator.py
[2024-07-13T23:56:29.157+0000] {logging_mixin.py:188} INFO - [2024-07-13T23:56:29.157+0000] {dag.py:3096} INFO - Sync 1 DAGs
[2024-07-13T23:56:29.163+0000] {logging_mixin.py:188} INFO - [2024-07-13T23:56:29.163+0000] {dag.py:3954} INFO - Setting next_dagrun for example_python_operator to None, run_after=None
[2024-07-13T23:56:29.172+0000] {processor.py:183} INFO - Processing /home/airflow/.local/lib/python3.12/site-packages/airflow/example_dags/example_python_operator.py took 0.036 seconds
[2024-07-13T23:56:59.842+0000] {processor.py:161} INFO - Started process (PID=2720) to work on /home/airflow/.local/lib/python3.12/site-packages/airflow/example_dags/example_python_operator.py
[2024-07-13T23:56:59.843+0000] {processor.py:830} INFO - Processing file /home/airflow/.local/lib/python3.12/site-packages/airflow/example_dags/example_python_operator.py for tasks to queue
[2024-07-13T23:56:59.844+0000] {logging_mixin.py:188} INFO - [2024-07-13T23:56:59.844+0000] {dagbag.py:545} INFO - Filling up the DagBag from /home/airflow/.local/lib/python3.12/site-packages/airflow/example_dags/example_python_operator.py
[2024-07-13T23:56:59.850+0000] {processor.py:840} INFO - DAG(s) 'example_python_operator' retrieved from /home/airflow/.local/lib/python3.12/site-packages/airflow/example_dags/example_python_operator.py
[2024-07-13T23:56:59.861+0000] {logging_mixin.py:188} INFO - [2024-07-13T23:56:59.861+0000] {dag.py:3096} INFO - Sync 1 DAGs
[2024-07-13T23:56:59.867+0000] {logging_mixin.py:188} INFO - [2024-07-13T23:56:59.867+0000] {dag.py:3954} INFO - Setting next_dagrun for example_python_operator to None, run_after=None
[2024-07-13T23:56:59.876+0000] {processor.py:183} INFO - Processing /home/airflow/.local/lib/python3.12/site-packages/airflow/example_dags/example_python_operator.py took 0.036 seconds
[2024-07-13T23:57:30.589+0000] {processor.py:161} INFO - Started process (PID=2777) to work on /home/airflow/.local/lib/python3.12/site-packages/airflow/example_dags/example_python_operator.py
[2024-07-13T23:57:30.589+0000] {processor.py:830} INFO - Processing file /home/airflow/.local/lib/python3.12/site-packages/airflow/example_dags/example_python_operator.py for tasks to queue
[2024-07-13T23:57:30.590+0000] {logging_mixin.py:188} INFO - [2024-07-13T23:57:30.590+0000] {dagbag.py:545} INFO - Filling up the DagBag from /home/airflow/.local/lib/python3.12/site-packages/airflow/example_dags/example_python_operator.py
[2024-07-13T23:57:30.596+0000] {processor.py:840} INFO - DAG(s) 'example_python_operator' retrieved from /home/airflow/.local/lib/python3.12/site-packages/airflow/example_dags/example_python_operator.py
[2024-07-13T23:57:30.606+0000] {logging_mixin.py:188} INFO - [2024-07-13T23:57:30.606+0000] {dag.py:3096} INFO - Sync 1 DAGs
[2024-07-13T23:57:30.613+0000] {logging_mixin.py:188} INFO - [2024-07-13T23:57:30.612+0000] {dag.py:3954} INFO - Setting next_dagrun for example_python_operator to None, run_after=None
[2024-07-13T23:57:30.622+0000] {processor.py:183} INFO - Processing /home/airflow/.local/lib/python3.12/site-packages/airflow/example_dags/example_python_operator.py took 0.036 seconds
[2024-07-13T23:58:01.371+0000] {processor.py:161} INFO - Started process (PID=2835) to work on /home/airflow/.local/lib/python3.12/site-packages/airflow/example_dags/example_python_operator.py
[2024-07-13T23:58:01.372+0000] {processor.py:830} INFO - Processing file /home/airflow/.local/lib/python3.12/site-packages/airflow/example_dags/example_python_operator.py for tasks to queue
[2024-07-13T23:58:01.373+0000] {logging_mixin.py:188} INFO - [2024-07-13T23:58:01.373+0000] {dagbag.py:545} INFO - Filling up the DagBag from /home/airflow/.local/lib/python3.12/site-packages/airflow/example_dags/example_python_operator.py
[2024-07-13T23:58:01.378+0000] {processor.py:840} INFO - DAG(s) 'example_python_operator' retrieved from /home/airflow/.local/lib/python3.12/site-packages/airflow/example_dags/example_python_operator.py
[2024-07-13T23:58:01.390+0000] {logging_mixin.py:188} INFO - [2024-07-13T23:58:01.390+0000] {dag.py:3096} INFO - Sync 1 DAGs
[2024-07-13T23:58:01.397+0000] {logging_mixin.py:188} INFO - [2024-07-13T23:58:01.397+0000] {dag.py:3954} INFO - Setting next_dagrun for example_python_operator to None, run_after=None
[2024-07-13T23:58:01.407+0000] {processor.py:183} INFO - Processing /home/airflow/.local/lib/python3.12/site-packages/airflow/example_dags/example_python_operator.py took 0.038 seconds
[2024-07-13T23:58:32.125+0000] {processor.py:161} INFO - Started process (PID=2893) to work on /home/airflow/.local/lib/python3.12/site-packages/airflow/example_dags/example_python_operator.py
[2024-07-13T23:58:32.125+0000] {processor.py:830} INFO - Processing file /home/airflow/.local/lib/python3.12/site-packages/airflow/example_dags/example_python_operator.py for tasks to queue
[2024-07-13T23:58:32.126+0000] {logging_mixin.py:188} INFO - [2024-07-13T23:58:32.126+0000] {dagbag.py:545} INFO - Filling up the DagBag from /home/airflow/.local/lib/python3.12/site-packages/airflow/example_dags/example_python_operator.py
[2024-07-13T23:58:32.132+0000] {processor.py:840} INFO - DAG(s) 'example_python_operator' retrieved from /home/airflow/.local/lib/python3.12/site-packages/airflow/example_dags/example_python_operator.py
[2024-07-13T23:58:32.144+0000] {logging_mixin.py:188} INFO - [2024-07-13T23:58:32.144+0000] {dag.py:3096} INFO - Sync 1 DAGs
[2024-07-13T23:58:32.150+0000] {logging_mixin.py:188} INFO - [2024-07-13T23:58:32.150+0000] {dag.py:3954} INFO - Setting next_dagrun for example_python_operator to None, run_after=None
[2024-07-13T23:58:32.159+0000] {processor.py:183} INFO - Processing /home/airflow/.local/lib/python3.12/site-packages/airflow/example_dags/example_python_operator.py took 0.037 seconds
[2024-07-13T23:59:02.853+0000] {processor.py:161} INFO - Started process (PID=2951) to work on /home/airflow/.local/lib/python3.12/site-packages/airflow/example_dags/example_python_operator.py
[2024-07-13T23:59:02.853+0000] {processor.py:830} INFO - Processing file /home/airflow/.local/lib/python3.12/site-packages/airflow/example_dags/example_python_operator.py for tasks to queue
[2024-07-13T23:59:02.854+0000] {logging_mixin.py:188} INFO - [2024-07-13T23:59:02.854+0000] {dagbag.py:545} INFO - Filling up the DagBag from /home/airflow/.local/lib/python3.12/site-packages/airflow/example_dags/example_python_operator.py
[2024-07-13T23:59:02.860+0000] {processor.py:840} INFO - DAG(s) 'example_python_operator' retrieved from /home/airflow/.local/lib/python3.12/site-packages/airflow/example_dags/example_python_operator.py
[2024-07-13T23:59:02.870+0000] {logging_mixin.py:188} INFO - [2024-07-13T23:59:02.870+0000] {dag.py:3096} INFO - Sync 1 DAGs
[2024-07-13T23:59:02.877+0000] {logging_mixin.py:188} INFO - [2024-07-13T23:59:02.877+0000] {dag.py:3954} INFO - Setting next_dagrun for example_python_operator to None, run_after=None
[2024-07-13T23:59:02.886+0000] {processor.py:183} INFO - Processing /home/airflow/.local/lib/python3.12/site-packages/airflow/example_dags/example_python_operator.py took 0.036 seconds
[2024-07-13T23:59:33.564+0000] {processor.py:161} INFO - Started process (PID=3009) to work on /home/airflow/.local/lib/python3.12/site-packages/airflow/example_dags/example_python_operator.py
[2024-07-13T23:59:33.565+0000] {processor.py:830} INFO - Processing file /home/airflow/.local/lib/python3.12/site-packages/airflow/example_dags/example_python_operator.py for tasks to queue
[2024-07-13T23:59:33.566+0000] {logging_mixin.py:188} INFO - [2024-07-13T23:59:33.566+0000] {dagbag.py:545} INFO - Filling up the DagBag from /home/airflow/.local/lib/python3.12/site-packages/airflow/example_dags/example_python_operator.py
[2024-07-13T23:59:33.572+0000] {processor.py:840} INFO - DAG(s) 'example_python_operator' retrieved from /home/airflow/.local/lib/python3.12/site-packages/airflow/example_dags/example_python_operator.py
[2024-07-13T23:59:33.584+0000] {logging_mixin.py:188} INFO - [2024-07-13T23:59:33.584+0000] {dag.py:3096} INFO - Sync 1 DAGs
[2024-07-13T23:59:33.590+0000] {logging_mixin.py:188} INFO - [2024-07-13T23:59:33.590+0000] {dag.py:3954} INFO - Setting next_dagrun for example_python_operator to None, run_after=None
[2024-07-13T23:59:33.601+0000] {processor.py:183} INFO - Processing /home/airflow/.local/lib/python3.12/site-packages/airflow/example_dags/example_python_operator.py took 0.040 seconds
