[2024-07-13T23:33:29.972+0000] {processor.py:161} INFO - Started process (PID=65) to work on /home/airflow/.local/lib/python3.12/site-packages/airflow/example_dags/example_complex.py
[2024-07-13T23:33:29.973+0000] {processor.py:830} INFO - Processing file /home/airflow/.local/lib/python3.12/site-packages/airflow/example_dags/example_complex.py for tasks to queue
[2024-07-13T23:33:29.974+0000] {logging_mixin.py:188} INFO - [2024-07-13T23:33:29.973+0000] {dagbag.py:545} INFO - Filling up the DagBag from /home/airflow/.local/lib/python3.12/site-packages/airflow/example_dags/example_complex.py
[2024-07-13T23:33:29.980+0000] {processor.py:840} INFO - DAG(s) 'example_complex' retrieved from /home/airflow/.local/lib/python3.12/site-packages/airflow/example_dags/example_complex.py
[2024-07-13T23:33:30.027+0000] {logging_mixin.py:188} INFO - [2024-07-13T23:33:30.027+0000] {override.py:1829} INFO - Created Permission View: can edit on DAG:example_complex
[2024-07-13T23:33:30.031+0000] {logging_mixin.py:188} INFO - [2024-07-13T23:33:30.031+0000] {override.py:1829} INFO - Created Permission View: can read on DAG:example_complex
[2024-07-13T23:33:30.033+0000] {logging_mixin.py:188} INFO - [2024-07-13T23:33:30.033+0000] {override.py:1829} INFO - Created Permission View: can delete on DAG:example_complex
[2024-07-13T23:33:30.033+0000] {logging_mixin.py:188} INFO - [2024-07-13T23:33:30.033+0000] {dag.py:3096} INFO - Sync 1 DAGs
[2024-07-13T23:33:30.038+0000] {logging_mixin.py:188} INFO - [2024-07-13T23:33:30.038+0000] {dag.py:3118} INFO - Creating ORM DAG for example_complex
[2024-07-13T23:33:30.038+0000] {logging_mixin.py:188} INFO - [2024-07-13T23:33:30.038+0000] {dag.py:3954} INFO - Setting next_dagrun for example_complex to None, run_after=None
[2024-07-13T23:33:30.045+0000] {processor.py:183} INFO - Processing /home/airflow/.local/lib/python3.12/site-packages/airflow/example_dags/example_complex.py took 0.076 seconds
[2024-07-13T23:34:00.158+0000] {processor.py:161} INFO - Started process (PID=123) to work on /home/airflow/.local/lib/python3.12/site-packages/airflow/example_dags/example_complex.py
[2024-07-13T23:34:00.158+0000] {processor.py:830} INFO - Processing file /home/airflow/.local/lib/python3.12/site-packages/airflow/example_dags/example_complex.py for tasks to queue
[2024-07-13T23:34:00.159+0000] {logging_mixin.py:188} INFO - [2024-07-13T23:34:00.159+0000] {dagbag.py:545} INFO - Filling up the DagBag from /home/airflow/.local/lib/python3.12/site-packages/airflow/example_dags/example_complex.py
[2024-07-13T23:34:00.164+0000] {processor.py:840} INFO - DAG(s) 'example_complex' retrieved from /home/airflow/.local/lib/python3.12/site-packages/airflow/example_dags/example_complex.py
[2024-07-13T23:34:00.178+0000] {logging_mixin.py:188} INFO - [2024-07-13T23:34:00.178+0000] {dag.py:3096} INFO - Sync 1 DAGs
[2024-07-13T23:34:00.183+0000] {logging_mixin.py:188} INFO - [2024-07-13T23:34:00.183+0000] {dag.py:3954} INFO - Setting next_dagrun for example_complex to None, run_after=None
[2024-07-13T23:34:00.192+0000] {processor.py:183} INFO - Processing /home/airflow/.local/lib/python3.12/site-packages/airflow/example_dags/example_complex.py took 0.037 seconds
[2024-07-13T23:34:30.832+0000] {processor.py:161} INFO - Started process (PID=181) to work on /home/airflow/.local/lib/python3.12/site-packages/airflow/example_dags/example_complex.py
[2024-07-13T23:34:30.832+0000] {processor.py:830} INFO - Processing file /home/airflow/.local/lib/python3.12/site-packages/airflow/example_dags/example_complex.py for tasks to queue
[2024-07-13T23:34:30.834+0000] {logging_mixin.py:188} INFO - [2024-07-13T23:34:30.833+0000] {dagbag.py:545} INFO - Filling up the DagBag from /home/airflow/.local/lib/python3.12/site-packages/airflow/example_dags/example_complex.py
[2024-07-13T23:34:30.838+0000] {processor.py:840} INFO - DAG(s) 'example_complex' retrieved from /home/airflow/.local/lib/python3.12/site-packages/airflow/example_dags/example_complex.py
[2024-07-13T23:34:30.852+0000] {logging_mixin.py:188} INFO - [2024-07-13T23:34:30.852+0000] {dag.py:3096} INFO - Sync 1 DAGs
[2024-07-13T23:34:30.858+0000] {logging_mixin.py:188} INFO - [2024-07-13T23:34:30.858+0000] {dag.py:3954} INFO - Setting next_dagrun for example_complex to None, run_after=None
[2024-07-13T23:34:30.866+0000] {processor.py:183} INFO - Processing /home/airflow/.local/lib/python3.12/site-packages/airflow/example_dags/example_complex.py took 0.037 seconds
[2024-07-13T23:35:01.678+0000] {processor.py:161} INFO - Started process (PID=239) to work on /home/airflow/.local/lib/python3.12/site-packages/airflow/example_dags/example_complex.py
[2024-07-13T23:35:01.678+0000] {processor.py:830} INFO - Processing file /home/airflow/.local/lib/python3.12/site-packages/airflow/example_dags/example_complex.py for tasks to queue
[2024-07-13T23:35:01.679+0000] {logging_mixin.py:188} INFO - [2024-07-13T23:35:01.679+0000] {dagbag.py:545} INFO - Filling up the DagBag from /home/airflow/.local/lib/python3.12/site-packages/airflow/example_dags/example_complex.py
[2024-07-13T23:35:01.684+0000] {processor.py:840} INFO - DAG(s) 'example_complex' retrieved from /home/airflow/.local/lib/python3.12/site-packages/airflow/example_dags/example_complex.py
[2024-07-13T23:35:01.698+0000] {logging_mixin.py:188} INFO - [2024-07-13T23:35:01.698+0000] {dag.py:3096} INFO - Sync 1 DAGs
[2024-07-13T23:35:01.704+0000] {logging_mixin.py:188} INFO - [2024-07-13T23:35:01.703+0000] {dag.py:3954} INFO - Setting next_dagrun for example_complex to None, run_after=None
[2024-07-13T23:35:01.712+0000] {processor.py:183} INFO - Processing /home/airflow/.local/lib/python3.12/site-packages/airflow/example_dags/example_complex.py took 0.037 seconds
[2024-07-13T23:35:31.855+0000] {processor.py:161} INFO - Started process (PID=297) to work on /home/airflow/.local/lib/python3.12/site-packages/airflow/example_dags/example_complex.py
[2024-07-13T23:35:31.856+0000] {processor.py:830} INFO - Processing file /home/airflow/.local/lib/python3.12/site-packages/airflow/example_dags/example_complex.py for tasks to queue
[2024-07-13T23:35:31.857+0000] {logging_mixin.py:188} INFO - [2024-07-13T23:35:31.857+0000] {dagbag.py:545} INFO - Filling up the DagBag from /home/airflow/.local/lib/python3.12/site-packages/airflow/example_dags/example_complex.py
[2024-07-13T23:35:31.862+0000] {processor.py:840} INFO - DAG(s) 'example_complex' retrieved from /home/airflow/.local/lib/python3.12/site-packages/airflow/example_dags/example_complex.py
[2024-07-13T23:35:31.875+0000] {logging_mixin.py:188} INFO - [2024-07-13T23:35:31.875+0000] {dag.py:3096} INFO - Sync 1 DAGs
[2024-07-13T23:35:31.881+0000] {logging_mixin.py:188} INFO - [2024-07-13T23:35:31.880+0000] {dag.py:3954} INFO - Setting next_dagrun for example_complex to None, run_after=None
[2024-07-13T23:35:31.889+0000] {processor.py:183} INFO - Processing /home/airflow/.local/lib/python3.12/site-packages/airflow/example_dags/example_complex.py took 0.036 seconds
[2024-07-13T23:36:02.653+0000] {processor.py:161} INFO - Started process (PID=355) to work on /home/airflow/.local/lib/python3.12/site-packages/airflow/example_dags/example_complex.py
[2024-07-13T23:36:02.654+0000] {processor.py:830} INFO - Processing file /home/airflow/.local/lib/python3.12/site-packages/airflow/example_dags/example_complex.py for tasks to queue
[2024-07-13T23:36:02.655+0000] {logging_mixin.py:188} INFO - [2024-07-13T23:36:02.654+0000] {dagbag.py:545} INFO - Filling up the DagBag from /home/airflow/.local/lib/python3.12/site-packages/airflow/example_dags/example_complex.py
[2024-07-13T23:36:02.659+0000] {processor.py:840} INFO - DAG(s) 'example_complex' retrieved from /home/airflow/.local/lib/python3.12/site-packages/airflow/example_dags/example_complex.py
[2024-07-13T23:36:02.672+0000] {logging_mixin.py:188} INFO - [2024-07-13T23:36:02.672+0000] {dag.py:3096} INFO - Sync 1 DAGs
[2024-07-13T23:36:02.678+0000] {logging_mixin.py:188} INFO - [2024-07-13T23:36:02.678+0000] {dag.py:3954} INFO - Setting next_dagrun for example_complex to None, run_after=None
[2024-07-13T23:36:02.687+0000] {processor.py:183} INFO - Processing /home/airflow/.local/lib/python3.12/site-packages/airflow/example_dags/example_complex.py took 0.036 seconds
[2024-07-13T23:36:33.303+0000] {processor.py:161} INFO - Started process (PID=413) to work on /home/airflow/.local/lib/python3.12/site-packages/airflow/example_dags/example_complex.py
[2024-07-13T23:36:33.303+0000] {processor.py:830} INFO - Processing file /home/airflow/.local/lib/python3.12/site-packages/airflow/example_dags/example_complex.py for tasks to queue
[2024-07-13T23:36:33.305+0000] {logging_mixin.py:188} INFO - [2024-07-13T23:36:33.304+0000] {dagbag.py:545} INFO - Filling up the DagBag from /home/airflow/.local/lib/python3.12/site-packages/airflow/example_dags/example_complex.py
[2024-07-13T23:36:33.310+0000] {processor.py:840} INFO - DAG(s) 'example_complex' retrieved from /home/airflow/.local/lib/python3.12/site-packages/airflow/example_dags/example_complex.py
[2024-07-13T23:36:33.324+0000] {logging_mixin.py:188} INFO - [2024-07-13T23:36:33.324+0000] {dag.py:3096} INFO - Sync 1 DAGs
[2024-07-13T23:36:33.330+0000] {logging_mixin.py:188} INFO - [2024-07-13T23:36:33.330+0000] {dag.py:3954} INFO - Setting next_dagrun for example_complex to None, run_after=None
[2024-07-13T23:36:33.339+0000] {processor.py:183} INFO - Processing /home/airflow/.local/lib/python3.12/site-packages/airflow/example_dags/example_complex.py took 0.040 seconds
[2024-07-13T23:37:04.140+0000] {processor.py:161} INFO - Started process (PID=471) to work on /home/airflow/.local/lib/python3.12/site-packages/airflow/example_dags/example_complex.py
[2024-07-13T23:37:04.140+0000] {processor.py:830} INFO - Processing file /home/airflow/.local/lib/python3.12/site-packages/airflow/example_dags/example_complex.py for tasks to queue
[2024-07-13T23:37:04.141+0000] {logging_mixin.py:188} INFO - [2024-07-13T23:37:04.141+0000] {dagbag.py:545} INFO - Filling up the DagBag from /home/airflow/.local/lib/python3.12/site-packages/airflow/example_dags/example_complex.py
[2024-07-13T23:37:04.146+0000] {processor.py:840} INFO - DAG(s) 'example_complex' retrieved from /home/airflow/.local/lib/python3.12/site-packages/airflow/example_dags/example_complex.py
[2024-07-13T23:37:04.160+0000] {logging_mixin.py:188} INFO - [2024-07-13T23:37:04.160+0000] {dag.py:3096} INFO - Sync 1 DAGs
[2024-07-13T23:37:04.165+0000] {logging_mixin.py:188} INFO - [2024-07-13T23:37:04.165+0000] {dag.py:3954} INFO - Setting next_dagrun for example_complex to None, run_after=None
[2024-07-13T23:37:04.174+0000] {processor.py:183} INFO - Processing /home/airflow/.local/lib/python3.12/site-packages/airflow/example_dags/example_complex.py took 0.037 seconds
[2024-07-13T23:37:34.828+0000] {processor.py:161} INFO - Started process (PID=529) to work on /home/airflow/.local/lib/python3.12/site-packages/airflow/example_dags/example_complex.py
[2024-07-13T23:37:34.828+0000] {processor.py:830} INFO - Processing file /home/airflow/.local/lib/python3.12/site-packages/airflow/example_dags/example_complex.py for tasks to queue
[2024-07-13T23:37:34.829+0000] {logging_mixin.py:188} INFO - [2024-07-13T23:37:34.829+0000] {dagbag.py:545} INFO - Filling up the DagBag from /home/airflow/.local/lib/python3.12/site-packages/airflow/example_dags/example_complex.py
[2024-07-13T23:37:34.834+0000] {processor.py:840} INFO - DAG(s) 'example_complex' retrieved from /home/airflow/.local/lib/python3.12/site-packages/airflow/example_dags/example_complex.py
[2024-07-13T23:37:34.849+0000] {logging_mixin.py:188} INFO - [2024-07-13T23:37:34.849+0000] {dag.py:3096} INFO - Sync 1 DAGs
[2024-07-13T23:37:34.856+0000] {logging_mixin.py:188} INFO - [2024-07-13T23:37:34.856+0000] {dag.py:3954} INFO - Setting next_dagrun for example_complex to None, run_after=None
[2024-07-13T23:37:34.864+0000] {processor.py:183} INFO - Processing /home/airflow/.local/lib/python3.12/site-packages/airflow/example_dags/example_complex.py took 0.039 seconds
[2024-07-13T23:38:05.509+0000] {processor.py:161} INFO - Started process (PID=587) to work on /home/airflow/.local/lib/python3.12/site-packages/airflow/example_dags/example_complex.py
[2024-07-13T23:38:05.509+0000] {processor.py:830} INFO - Processing file /home/airflow/.local/lib/python3.12/site-packages/airflow/example_dags/example_complex.py for tasks to queue
[2024-07-13T23:38:05.510+0000] {logging_mixin.py:188} INFO - [2024-07-13T23:38:05.510+0000] {dagbag.py:545} INFO - Filling up the DagBag from /home/airflow/.local/lib/python3.12/site-packages/airflow/example_dags/example_complex.py
[2024-07-13T23:38:05.515+0000] {processor.py:840} INFO - DAG(s) 'example_complex' retrieved from /home/airflow/.local/lib/python3.12/site-packages/airflow/example_dags/example_complex.py
[2024-07-13T23:38:05.529+0000] {logging_mixin.py:188} INFO - [2024-07-13T23:38:05.529+0000] {dag.py:3096} INFO - Sync 1 DAGs
[2024-07-13T23:38:05.539+0000] {logging_mixin.py:188} INFO - [2024-07-13T23:38:05.538+0000] {dag.py:3954} INFO - Setting next_dagrun for example_complex to None, run_after=None
[2024-07-13T23:38:05.548+0000] {processor.py:183} INFO - Processing /home/airflow/.local/lib/python3.12/site-packages/airflow/example_dags/example_complex.py took 0.042 seconds
[2024-07-13T23:38:36.243+0000] {processor.py:161} INFO - Started process (PID=645) to work on /home/airflow/.local/lib/python3.12/site-packages/airflow/example_dags/example_complex.py
[2024-07-13T23:38:36.244+0000] {processor.py:830} INFO - Processing file /home/airflow/.local/lib/python3.12/site-packages/airflow/example_dags/example_complex.py for tasks to queue
[2024-07-13T23:38:36.245+0000] {logging_mixin.py:188} INFO - [2024-07-13T23:38:36.245+0000] {dagbag.py:545} INFO - Filling up the DagBag from /home/airflow/.local/lib/python3.12/site-packages/airflow/example_dags/example_complex.py
[2024-07-13T23:38:36.250+0000] {processor.py:840} INFO - DAG(s) 'example_complex' retrieved from /home/airflow/.local/lib/python3.12/site-packages/airflow/example_dags/example_complex.py
[2024-07-13T23:38:36.264+0000] {logging_mixin.py:188} INFO - [2024-07-13T23:38:36.264+0000] {dag.py:3096} INFO - Sync 1 DAGs
[2024-07-13T23:38:36.270+0000] {logging_mixin.py:188} INFO - [2024-07-13T23:38:36.270+0000] {dag.py:3954} INFO - Setting next_dagrun for example_complex to None, run_after=None
[2024-07-13T23:38:36.278+0000] {processor.py:183} INFO - Processing /home/airflow/.local/lib/python3.12/site-packages/airflow/example_dags/example_complex.py took 0.038 seconds
[2024-07-13T23:39:06.940+0000] {processor.py:161} INFO - Started process (PID=702) to work on /home/airflow/.local/lib/python3.12/site-packages/airflow/example_dags/example_complex.py
[2024-07-13T23:39:06.941+0000] {processor.py:830} INFO - Processing file /home/airflow/.local/lib/python3.12/site-packages/airflow/example_dags/example_complex.py for tasks to queue
[2024-07-13T23:39:06.942+0000] {logging_mixin.py:188} INFO - [2024-07-13T23:39:06.941+0000] {dagbag.py:545} INFO - Filling up the DagBag from /home/airflow/.local/lib/python3.12/site-packages/airflow/example_dags/example_complex.py
[2024-07-13T23:39:06.947+0000] {processor.py:840} INFO - DAG(s) 'example_complex' retrieved from /home/airflow/.local/lib/python3.12/site-packages/airflow/example_dags/example_complex.py
[2024-07-13T23:39:06.960+0000] {logging_mixin.py:188} INFO - [2024-07-13T23:39:06.960+0000] {dag.py:3096} INFO - Sync 1 DAGs
[2024-07-13T23:39:06.967+0000] {logging_mixin.py:188} INFO - [2024-07-13T23:39:06.966+0000] {dag.py:3954} INFO - Setting next_dagrun for example_complex to None, run_after=None
[2024-07-13T23:39:06.975+0000] {processor.py:183} INFO - Processing /home/airflow/.local/lib/python3.12/site-packages/airflow/example_dags/example_complex.py took 0.038 seconds
[2024-07-13T23:39:37.627+0000] {processor.py:161} INFO - Started process (PID=760) to work on /home/airflow/.local/lib/python3.12/site-packages/airflow/example_dags/example_complex.py
[2024-07-13T23:39:37.628+0000] {processor.py:830} INFO - Processing file /home/airflow/.local/lib/python3.12/site-packages/airflow/example_dags/example_complex.py for tasks to queue
[2024-07-13T23:39:37.629+0000] {logging_mixin.py:188} INFO - [2024-07-13T23:39:37.628+0000] {dagbag.py:545} INFO - Filling up the DagBag from /home/airflow/.local/lib/python3.12/site-packages/airflow/example_dags/example_complex.py
[2024-07-13T23:39:37.633+0000] {processor.py:840} INFO - DAG(s) 'example_complex' retrieved from /home/airflow/.local/lib/python3.12/site-packages/airflow/example_dags/example_complex.py
[2024-07-13T23:39:37.648+0000] {logging_mixin.py:188} INFO - [2024-07-13T23:39:37.648+0000] {dag.py:3096} INFO - Sync 1 DAGs
[2024-07-13T23:39:37.654+0000] {logging_mixin.py:188} INFO - [2024-07-13T23:39:37.653+0000] {dag.py:3954} INFO - Setting next_dagrun for example_complex to None, run_after=None
[2024-07-13T23:39:37.661+0000] {processor.py:183} INFO - Processing /home/airflow/.local/lib/python3.12/site-packages/airflow/example_dags/example_complex.py took 0.037 seconds
[2024-07-13T23:40:08.227+0000] {processor.py:161} INFO - Started process (PID=818) to work on /home/airflow/.local/lib/python3.12/site-packages/airflow/example_dags/example_complex.py
[2024-07-13T23:40:08.228+0000] {processor.py:830} INFO - Processing file /home/airflow/.local/lib/python3.12/site-packages/airflow/example_dags/example_complex.py for tasks to queue
[2024-07-13T23:40:08.229+0000] {logging_mixin.py:188} INFO - [2024-07-13T23:40:08.229+0000] {dagbag.py:545} INFO - Filling up the DagBag from /home/airflow/.local/lib/python3.12/site-packages/airflow/example_dags/example_complex.py
[2024-07-13T23:40:08.234+0000] {processor.py:840} INFO - DAG(s) 'example_complex' retrieved from /home/airflow/.local/lib/python3.12/site-packages/airflow/example_dags/example_complex.py
[2024-07-13T23:40:08.239+0000] {logging_mixin.py:188} INFO - [2024-07-13T23:40:08.239+0000] {dag.py:3096} INFO - Sync 1 DAGs
[2024-07-13T23:40:08.246+0000] {logging_mixin.py:188} INFO - [2024-07-13T23:40:08.246+0000] {dag.py:3954} INFO - Setting next_dagrun for example_complex to None, run_after=None
[2024-07-13T23:40:08.255+0000] {processor.py:183} INFO - Processing /home/airflow/.local/lib/python3.12/site-packages/airflow/example_dags/example_complex.py took 0.031 seconds
[2024-07-13T23:40:39.366+0000] {processor.py:161} INFO - Started process (PID=876) to work on /home/airflow/.local/lib/python3.12/site-packages/airflow/example_dags/example_complex.py
[2024-07-13T23:40:39.367+0000] {processor.py:830} INFO - Processing file /home/airflow/.local/lib/python3.12/site-packages/airflow/example_dags/example_complex.py for tasks to queue
[2024-07-13T23:40:39.368+0000] {logging_mixin.py:188} INFO - [2024-07-13T23:40:39.368+0000] {dagbag.py:545} INFO - Filling up the DagBag from /home/airflow/.local/lib/python3.12/site-packages/airflow/example_dags/example_complex.py
[2024-07-13T23:40:39.373+0000] {processor.py:840} INFO - DAG(s) 'example_complex' retrieved from /home/airflow/.local/lib/python3.12/site-packages/airflow/example_dags/example_complex.py
[2024-07-13T23:40:39.425+0000] {logging_mixin.py:188} INFO - [2024-07-13T23:40:39.425+0000] {dag.py:3096} INFO - Sync 1 DAGs
[2024-07-13T23:40:39.430+0000] {logging_mixin.py:188} INFO - [2024-07-13T23:40:39.430+0000] {dag.py:3954} INFO - Setting next_dagrun for example_complex to None, run_after=None
[2024-07-13T23:40:39.444+0000] {processor.py:183} INFO - Processing /home/airflow/.local/lib/python3.12/site-packages/airflow/example_dags/example_complex.py took 0.081 seconds
[2024-07-13T23:41:09.521+0000] {processor.py:161} INFO - Started process (PID=934) to work on /home/airflow/.local/lib/python3.12/site-packages/airflow/example_dags/example_complex.py
[2024-07-13T23:41:09.521+0000] {processor.py:830} INFO - Processing file /home/airflow/.local/lib/python3.12/site-packages/airflow/example_dags/example_complex.py for tasks to queue
[2024-07-13T23:41:09.523+0000] {logging_mixin.py:188} INFO - [2024-07-13T23:41:09.522+0000] {dagbag.py:545} INFO - Filling up the DagBag from /home/airflow/.local/lib/python3.12/site-packages/airflow/example_dags/example_complex.py
[2024-07-13T23:41:09.528+0000] {processor.py:840} INFO - DAG(s) 'example_complex' retrieved from /home/airflow/.local/lib/python3.12/site-packages/airflow/example_dags/example_complex.py
[2024-07-13T23:41:09.545+0000] {logging_mixin.py:188} INFO - [2024-07-13T23:41:09.544+0000] {dag.py:3096} INFO - Sync 1 DAGs
[2024-07-13T23:41:09.551+0000] {logging_mixin.py:188} INFO - [2024-07-13T23:41:09.551+0000] {dag.py:3954} INFO - Setting next_dagrun for example_complex to None, run_after=None
[2024-07-13T23:41:09.560+0000] {processor.py:183} INFO - Processing /home/airflow/.local/lib/python3.12/site-packages/airflow/example_dags/example_complex.py took 0.044 seconds
[2024-07-13T23:41:40.185+0000] {processor.py:161} INFO - Started process (PID=992) to work on /home/airflow/.local/lib/python3.12/site-packages/airflow/example_dags/example_complex.py
[2024-07-13T23:41:40.188+0000] {processor.py:830} INFO - Processing file /home/airflow/.local/lib/python3.12/site-packages/airflow/example_dags/example_complex.py for tasks to queue
[2024-07-13T23:41:40.189+0000] {logging_mixin.py:188} INFO - [2024-07-13T23:41:40.188+0000] {dagbag.py:545} INFO - Filling up the DagBag from /home/airflow/.local/lib/python3.12/site-packages/airflow/example_dags/example_complex.py
[2024-07-13T23:41:40.193+0000] {processor.py:840} INFO - DAG(s) 'example_complex' retrieved from /home/airflow/.local/lib/python3.12/site-packages/airflow/example_dags/example_complex.py
[2024-07-13T23:41:40.207+0000] {logging_mixin.py:188} INFO - [2024-07-13T23:41:40.207+0000] {dag.py:3096} INFO - Sync 1 DAGs
[2024-07-13T23:41:40.214+0000] {logging_mixin.py:188} INFO - [2024-07-13T23:41:40.214+0000] {dag.py:3954} INFO - Setting next_dagrun for example_complex to None, run_after=None
[2024-07-13T23:41:40.224+0000] {processor.py:183} INFO - Processing /home/airflow/.local/lib/python3.12/site-packages/airflow/example_dags/example_complex.py took 0.042 seconds
[2024-07-13T23:42:10.911+0000] {processor.py:161} INFO - Started process (PID=1050) to work on /home/airflow/.local/lib/python3.12/site-packages/airflow/example_dags/example_complex.py
[2024-07-13T23:42:10.912+0000] {processor.py:830} INFO - Processing file /home/airflow/.local/lib/python3.12/site-packages/airflow/example_dags/example_complex.py for tasks to queue
[2024-07-13T23:42:10.913+0000] {logging_mixin.py:188} INFO - [2024-07-13T23:42:10.912+0000] {dagbag.py:545} INFO - Filling up the DagBag from /home/airflow/.local/lib/python3.12/site-packages/airflow/example_dags/example_complex.py
[2024-07-13T23:42:10.917+0000] {processor.py:840} INFO - DAG(s) 'example_complex' retrieved from /home/airflow/.local/lib/python3.12/site-packages/airflow/example_dags/example_complex.py
[2024-07-13T23:42:10.931+0000] {logging_mixin.py:188} INFO - [2024-07-13T23:42:10.931+0000] {dag.py:3096} INFO - Sync 1 DAGs
[2024-07-13T23:42:10.937+0000] {logging_mixin.py:188} INFO - [2024-07-13T23:42:10.937+0000] {dag.py:3954} INFO - Setting next_dagrun for example_complex to None, run_after=None
[2024-07-13T23:42:10.945+0000] {processor.py:183} INFO - Processing /home/airflow/.local/lib/python3.12/site-packages/airflow/example_dags/example_complex.py took 0.037 seconds
[2024-07-13T23:42:41.609+0000] {processor.py:161} INFO - Started process (PID=1108) to work on /home/airflow/.local/lib/python3.12/site-packages/airflow/example_dags/example_complex.py
[2024-07-13T23:42:41.609+0000] {processor.py:830} INFO - Processing file /home/airflow/.local/lib/python3.12/site-packages/airflow/example_dags/example_complex.py for tasks to queue
[2024-07-13T23:42:41.610+0000] {logging_mixin.py:188} INFO - [2024-07-13T23:42:41.610+0000] {dagbag.py:545} INFO - Filling up the DagBag from /home/airflow/.local/lib/python3.12/site-packages/airflow/example_dags/example_complex.py
[2024-07-13T23:42:41.615+0000] {processor.py:840} INFO - DAG(s) 'example_complex' retrieved from /home/airflow/.local/lib/python3.12/site-packages/airflow/example_dags/example_complex.py
[2024-07-13T23:42:41.629+0000] {logging_mixin.py:188} INFO - [2024-07-13T23:42:41.629+0000] {dag.py:3096} INFO - Sync 1 DAGs
[2024-07-13T23:42:41.635+0000] {logging_mixin.py:188} INFO - [2024-07-13T23:42:41.635+0000] {dag.py:3954} INFO - Setting next_dagrun for example_complex to None, run_after=None
[2024-07-13T23:42:41.642+0000] {processor.py:183} INFO - Processing /home/airflow/.local/lib/python3.12/site-packages/airflow/example_dags/example_complex.py took 0.037 seconds
[2024-07-13T23:43:12.309+0000] {processor.py:161} INFO - Started process (PID=1166) to work on /home/airflow/.local/lib/python3.12/site-packages/airflow/example_dags/example_complex.py
[2024-07-13T23:43:12.310+0000] {processor.py:830} INFO - Processing file /home/airflow/.local/lib/python3.12/site-packages/airflow/example_dags/example_complex.py for tasks to queue
[2024-07-13T23:43:12.311+0000] {logging_mixin.py:188} INFO - [2024-07-13T23:43:12.310+0000] {dagbag.py:545} INFO - Filling up the DagBag from /home/airflow/.local/lib/python3.12/site-packages/airflow/example_dags/example_complex.py
[2024-07-13T23:43:12.315+0000] {processor.py:840} INFO - DAG(s) 'example_complex' retrieved from /home/airflow/.local/lib/python3.12/site-packages/airflow/example_dags/example_complex.py
[2024-07-13T23:43:12.330+0000] {logging_mixin.py:188} INFO - [2024-07-13T23:43:12.329+0000] {dag.py:3096} INFO - Sync 1 DAGs
[2024-07-13T23:43:12.336+0000] {logging_mixin.py:188} INFO - [2024-07-13T23:43:12.335+0000] {dag.py:3954} INFO - Setting next_dagrun for example_complex to None, run_after=None
[2024-07-13T23:43:12.344+0000] {processor.py:183} INFO - Processing /home/airflow/.local/lib/python3.12/site-packages/airflow/example_dags/example_complex.py took 0.038 seconds
[2024-07-13T23:43:43.268+0000] {processor.py:161} INFO - Started process (PID=1224) to work on /home/airflow/.local/lib/python3.12/site-packages/airflow/example_dags/example_complex.py
[2024-07-13T23:43:43.269+0000] {processor.py:830} INFO - Processing file /home/airflow/.local/lib/python3.12/site-packages/airflow/example_dags/example_complex.py for tasks to queue
[2024-07-13T23:43:43.270+0000] {logging_mixin.py:188} INFO - [2024-07-13T23:43:43.269+0000] {dagbag.py:545} INFO - Filling up the DagBag from /home/airflow/.local/lib/python3.12/site-packages/airflow/example_dags/example_complex.py
[2024-07-13T23:43:43.274+0000] {processor.py:840} INFO - DAG(s) 'example_complex' retrieved from /home/airflow/.local/lib/python3.12/site-packages/airflow/example_dags/example_complex.py
[2024-07-13T23:43:43.288+0000] {logging_mixin.py:188} INFO - [2024-07-13T23:43:43.288+0000] {dag.py:3096} INFO - Sync 1 DAGs
[2024-07-13T23:43:43.294+0000] {logging_mixin.py:188} INFO - [2024-07-13T23:43:43.294+0000] {dag.py:3954} INFO - Setting next_dagrun for example_complex to None, run_after=None
[2024-07-13T23:43:43.302+0000] {processor.py:183} INFO - Processing /home/airflow/.local/lib/python3.12/site-packages/airflow/example_dags/example_complex.py took 0.037 seconds
[2024-07-13T23:44:14.347+0000] {processor.py:161} INFO - Started process (PID=1282) to work on /home/airflow/.local/lib/python3.12/site-packages/airflow/example_dags/example_complex.py
[2024-07-13T23:44:14.348+0000] {processor.py:830} INFO - Processing file /home/airflow/.local/lib/python3.12/site-packages/airflow/example_dags/example_complex.py for tasks to queue
[2024-07-13T23:44:14.349+0000] {logging_mixin.py:188} INFO - [2024-07-13T23:44:14.349+0000] {dagbag.py:545} INFO - Filling up the DagBag from /home/airflow/.local/lib/python3.12/site-packages/airflow/example_dags/example_complex.py
[2024-07-13T23:44:14.354+0000] {processor.py:840} INFO - DAG(s) 'example_complex' retrieved from /home/airflow/.local/lib/python3.12/site-packages/airflow/example_dags/example_complex.py
[2024-07-13T23:44:14.367+0000] {logging_mixin.py:188} INFO - [2024-07-13T23:44:14.367+0000] {dag.py:3096} INFO - Sync 1 DAGs
[2024-07-13T23:44:14.373+0000] {logging_mixin.py:188} INFO - [2024-07-13T23:44:14.373+0000] {dag.py:3954} INFO - Setting next_dagrun for example_complex to None, run_after=None
[2024-07-13T23:44:14.380+0000] {processor.py:183} INFO - Processing /home/airflow/.local/lib/python3.12/site-packages/airflow/example_dags/example_complex.py took 0.036 seconds
[2024-07-13T23:44:45.283+0000] {processor.py:161} INFO - Started process (PID=1340) to work on /home/airflow/.local/lib/python3.12/site-packages/airflow/example_dags/example_complex.py
[2024-07-13T23:44:45.283+0000] {processor.py:830} INFO - Processing file /home/airflow/.local/lib/python3.12/site-packages/airflow/example_dags/example_complex.py for tasks to queue
[2024-07-13T23:44:45.284+0000] {logging_mixin.py:188} INFO - [2024-07-13T23:44:45.284+0000] {dagbag.py:545} INFO - Filling up the DagBag from /home/airflow/.local/lib/python3.12/site-packages/airflow/example_dags/example_complex.py
[2024-07-13T23:44:45.289+0000] {processor.py:840} INFO - DAG(s) 'example_complex' retrieved from /home/airflow/.local/lib/python3.12/site-packages/airflow/example_dags/example_complex.py
[2024-07-13T23:44:45.302+0000] {logging_mixin.py:188} INFO - [2024-07-13T23:44:45.302+0000] {dag.py:3096} INFO - Sync 1 DAGs
[2024-07-13T23:44:45.309+0000] {logging_mixin.py:188} INFO - [2024-07-13T23:44:45.309+0000] {dag.py:3954} INFO - Setting next_dagrun for example_complex to None, run_after=None
[2024-07-13T23:44:45.323+0000] {processor.py:183} INFO - Processing /home/airflow/.local/lib/python3.12/site-packages/airflow/example_dags/example_complex.py took 0.043 seconds
[2024-07-13T23:45:16.306+0000] {processor.py:161} INFO - Started process (PID=1398) to work on /home/airflow/.local/lib/python3.12/site-packages/airflow/example_dags/example_complex.py
[2024-07-13T23:45:16.307+0000] {processor.py:830} INFO - Processing file /home/airflow/.local/lib/python3.12/site-packages/airflow/example_dags/example_complex.py for tasks to queue
[2024-07-13T23:45:16.308+0000] {logging_mixin.py:188} INFO - [2024-07-13T23:45:16.308+0000] {dagbag.py:545} INFO - Filling up the DagBag from /home/airflow/.local/lib/python3.12/site-packages/airflow/example_dags/example_complex.py
[2024-07-13T23:45:16.313+0000] {processor.py:840} INFO - DAG(s) 'example_complex' retrieved from /home/airflow/.local/lib/python3.12/site-packages/airflow/example_dags/example_complex.py
[2024-07-13T23:45:16.327+0000] {logging_mixin.py:188} INFO - [2024-07-13T23:45:16.327+0000] {dag.py:3096} INFO - Sync 1 DAGs
[2024-07-13T23:45:16.335+0000] {logging_mixin.py:188} INFO - [2024-07-13T23:45:16.335+0000] {dag.py:3954} INFO - Setting next_dagrun for example_complex to None, run_after=None
[2024-07-13T23:45:16.344+0000] {processor.py:183} INFO - Processing /home/airflow/.local/lib/python3.12/site-packages/airflow/example_dags/example_complex.py took 0.041 seconds
[2024-07-13T23:45:46.880+0000] {processor.py:161} INFO - Started process (PID=1456) to work on /home/airflow/.local/lib/python3.12/site-packages/airflow/example_dags/example_complex.py
[2024-07-13T23:45:46.881+0000] {processor.py:830} INFO - Processing file /home/airflow/.local/lib/python3.12/site-packages/airflow/example_dags/example_complex.py for tasks to queue
[2024-07-13T23:45:46.881+0000] {logging_mixin.py:188} INFO - [2024-07-13T23:45:46.881+0000] {dagbag.py:545} INFO - Filling up the DagBag from /home/airflow/.local/lib/python3.12/site-packages/airflow/example_dags/example_complex.py
[2024-07-13T23:45:46.886+0000] {processor.py:840} INFO - DAG(s) 'example_complex' retrieved from /home/airflow/.local/lib/python3.12/site-packages/airflow/example_dags/example_complex.py
[2024-07-13T23:45:46.901+0000] {logging_mixin.py:188} INFO - [2024-07-13T23:45:46.900+0000] {dag.py:3096} INFO - Sync 1 DAGs
[2024-07-13T23:45:46.907+0000] {logging_mixin.py:188} INFO - [2024-07-13T23:45:46.907+0000] {dag.py:3954} INFO - Setting next_dagrun for example_complex to None, run_after=None
[2024-07-13T23:45:46.916+0000] {processor.py:183} INFO - Processing /home/airflow/.local/lib/python3.12/site-packages/airflow/example_dags/example_complex.py took 0.039 seconds
[2024-07-13T23:46:17.437+0000] {processor.py:161} INFO - Started process (PID=1514) to work on /home/airflow/.local/lib/python3.12/site-packages/airflow/example_dags/example_complex.py
[2024-07-13T23:46:17.437+0000] {processor.py:830} INFO - Processing file /home/airflow/.local/lib/python3.12/site-packages/airflow/example_dags/example_complex.py for tasks to queue
[2024-07-13T23:46:17.438+0000] {logging_mixin.py:188} INFO - [2024-07-13T23:46:17.438+0000] {dagbag.py:545} INFO - Filling up the DagBag from /home/airflow/.local/lib/python3.12/site-packages/airflow/example_dags/example_complex.py
[2024-07-13T23:46:17.443+0000] {processor.py:840} INFO - DAG(s) 'example_complex' retrieved from /home/airflow/.local/lib/python3.12/site-packages/airflow/example_dags/example_complex.py
[2024-07-13T23:46:17.457+0000] {logging_mixin.py:188} INFO - [2024-07-13T23:46:17.457+0000] {dag.py:3096} INFO - Sync 1 DAGs
[2024-07-13T23:46:17.463+0000] {logging_mixin.py:188} INFO - [2024-07-13T23:46:17.463+0000] {dag.py:3954} INFO - Setting next_dagrun for example_complex to None, run_after=None
[2024-07-13T23:46:17.472+0000] {processor.py:183} INFO - Processing /home/airflow/.local/lib/python3.12/site-packages/airflow/example_dags/example_complex.py took 0.038 seconds
[2024-07-13T23:46:48.042+0000] {processor.py:161} INFO - Started process (PID=1572) to work on /home/airflow/.local/lib/python3.12/site-packages/airflow/example_dags/example_complex.py
[2024-07-13T23:46:48.042+0000] {processor.py:830} INFO - Processing file /home/airflow/.local/lib/python3.12/site-packages/airflow/example_dags/example_complex.py for tasks to queue
[2024-07-13T23:46:48.043+0000] {logging_mixin.py:188} INFO - [2024-07-13T23:46:48.043+0000] {dagbag.py:545} INFO - Filling up the DagBag from /home/airflow/.local/lib/python3.12/site-packages/airflow/example_dags/example_complex.py
[2024-07-13T23:46:48.048+0000] {processor.py:840} INFO - DAG(s) 'example_complex' retrieved from /home/airflow/.local/lib/python3.12/site-packages/airflow/example_dags/example_complex.py
[2024-07-13T23:46:48.062+0000] {logging_mixin.py:188} INFO - [2024-07-13T23:46:48.062+0000] {dag.py:3096} INFO - Sync 1 DAGs
[2024-07-13T23:46:48.069+0000] {logging_mixin.py:188} INFO - [2024-07-13T23:46:48.068+0000] {dag.py:3954} INFO - Setting next_dagrun for example_complex to None, run_after=None
[2024-07-13T23:46:48.077+0000] {processor.py:183} INFO - Processing /home/airflow/.local/lib/python3.12/site-packages/airflow/example_dags/example_complex.py took 0.039 seconds
[2024-07-13T23:47:18.576+0000] {processor.py:161} INFO - Started process (PID=1630) to work on /home/airflow/.local/lib/python3.12/site-packages/airflow/example_dags/example_complex.py
[2024-07-13T23:47:18.577+0000] {processor.py:830} INFO - Processing file /home/airflow/.local/lib/python3.12/site-packages/airflow/example_dags/example_complex.py for tasks to queue
[2024-07-13T23:47:18.577+0000] {logging_mixin.py:188} INFO - [2024-07-13T23:47:18.577+0000] {dagbag.py:545} INFO - Filling up the DagBag from /home/airflow/.local/lib/python3.12/site-packages/airflow/example_dags/example_complex.py
[2024-07-13T23:47:18.582+0000] {processor.py:840} INFO - DAG(s) 'example_complex' retrieved from /home/airflow/.local/lib/python3.12/site-packages/airflow/example_dags/example_complex.py
[2024-07-13T23:47:18.596+0000] {logging_mixin.py:188} INFO - [2024-07-13T23:47:18.596+0000] {dag.py:3096} INFO - Sync 1 DAGs
[2024-07-13T23:47:18.602+0000] {logging_mixin.py:188} INFO - [2024-07-13T23:47:18.602+0000] {dag.py:3954} INFO - Setting next_dagrun for example_complex to None, run_after=None
[2024-07-13T23:47:18.611+0000] {processor.py:183} INFO - Processing /home/airflow/.local/lib/python3.12/site-packages/airflow/example_dags/example_complex.py took 0.038 seconds
[2024-07-13T23:47:49.183+0000] {processor.py:161} INFO - Started process (PID=1688) to work on /home/airflow/.local/lib/python3.12/site-packages/airflow/example_dags/example_complex.py
[2024-07-13T23:47:49.184+0000] {processor.py:830} INFO - Processing file /home/airflow/.local/lib/python3.12/site-packages/airflow/example_dags/example_complex.py for tasks to queue
[2024-07-13T23:47:49.185+0000] {logging_mixin.py:188} INFO - [2024-07-13T23:47:49.185+0000] {dagbag.py:545} INFO - Filling up the DagBag from /home/airflow/.local/lib/python3.12/site-packages/airflow/example_dags/example_complex.py
[2024-07-13T23:47:49.190+0000] {processor.py:840} INFO - DAG(s) 'example_complex' retrieved from /home/airflow/.local/lib/python3.12/site-packages/airflow/example_dags/example_complex.py
[2024-07-13T23:47:49.204+0000] {logging_mixin.py:188} INFO - [2024-07-13T23:47:49.204+0000] {dag.py:3096} INFO - Sync 1 DAGs
[2024-07-13T23:47:49.211+0000] {logging_mixin.py:188} INFO - [2024-07-13T23:47:49.211+0000] {dag.py:3954} INFO - Setting next_dagrun for example_complex to None, run_after=None
[2024-07-13T23:47:49.220+0000] {processor.py:183} INFO - Processing /home/airflow/.local/lib/python3.12/site-packages/airflow/example_dags/example_complex.py took 0.040 seconds
[2024-07-13T23:48:19.830+0000] {processor.py:161} INFO - Started process (PID=1752) to work on /home/airflow/.local/lib/python3.12/site-packages/airflow/example_dags/example_complex.py
[2024-07-13T23:48:19.830+0000] {processor.py:830} INFO - Processing file /home/airflow/.local/lib/python3.12/site-packages/airflow/example_dags/example_complex.py for tasks to queue
[2024-07-13T23:48:19.831+0000] {logging_mixin.py:188} INFO - [2024-07-13T23:48:19.831+0000] {dagbag.py:545} INFO - Filling up the DagBag from /home/airflow/.local/lib/python3.12/site-packages/airflow/example_dags/example_complex.py
[2024-07-13T23:48:19.836+0000] {processor.py:840} INFO - DAG(s) 'example_complex' retrieved from /home/airflow/.local/lib/python3.12/site-packages/airflow/example_dags/example_complex.py
[2024-07-13T23:48:19.850+0000] {logging_mixin.py:188} INFO - [2024-07-13T23:48:19.850+0000] {dag.py:3096} INFO - Sync 1 DAGs
[2024-07-13T23:48:19.856+0000] {logging_mixin.py:188} INFO - [2024-07-13T23:48:19.856+0000] {dag.py:3954} INFO - Setting next_dagrun for example_complex to None, run_after=None
[2024-07-13T23:48:19.865+0000] {processor.py:183} INFO - Processing /home/airflow/.local/lib/python3.12/site-packages/airflow/example_dags/example_complex.py took 0.038 seconds
[2024-07-13T23:48:50.735+0000] {processor.py:161} INFO - Started process (PID=1810) to work on /home/airflow/.local/lib/python3.12/site-packages/airflow/example_dags/example_complex.py
[2024-07-13T23:48:50.736+0000] {processor.py:830} INFO - Processing file /home/airflow/.local/lib/python3.12/site-packages/airflow/example_dags/example_complex.py for tasks to queue
[2024-07-13T23:48:50.737+0000] {logging_mixin.py:188} INFO - [2024-07-13T23:48:50.737+0000] {dagbag.py:545} INFO - Filling up the DagBag from /home/airflow/.local/lib/python3.12/site-packages/airflow/example_dags/example_complex.py
[2024-07-13T23:48:50.743+0000] {processor.py:840} INFO - DAG(s) 'example_complex' retrieved from /home/airflow/.local/lib/python3.12/site-packages/airflow/example_dags/example_complex.py
[2024-07-13T23:48:50.758+0000] {logging_mixin.py:188} INFO - [2024-07-13T23:48:50.758+0000] {dag.py:3096} INFO - Sync 1 DAGs
[2024-07-13T23:48:50.764+0000] {logging_mixin.py:188} INFO - [2024-07-13T23:48:50.764+0000] {dag.py:3954} INFO - Setting next_dagrun for example_complex to None, run_after=None
[2024-07-13T23:48:50.774+0000] {processor.py:183} INFO - Processing /home/airflow/.local/lib/python3.12/site-packages/airflow/example_dags/example_complex.py took 0.042 seconds
[2024-07-13T23:49:21.084+0000] {processor.py:161} INFO - Started process (PID=1868) to work on /home/airflow/.local/lib/python3.12/site-packages/airflow/example_dags/example_complex.py
[2024-07-13T23:49:21.084+0000] {processor.py:830} INFO - Processing file /home/airflow/.local/lib/python3.12/site-packages/airflow/example_dags/example_complex.py for tasks to queue
[2024-07-13T23:49:21.085+0000] {logging_mixin.py:188} INFO - [2024-07-13T23:49:21.085+0000] {dagbag.py:545} INFO - Filling up the DagBag from /home/airflow/.local/lib/python3.12/site-packages/airflow/example_dags/example_complex.py
[2024-07-13T23:49:21.089+0000] {processor.py:840} INFO - DAG(s) 'example_complex' retrieved from /home/airflow/.local/lib/python3.12/site-packages/airflow/example_dags/example_complex.py
[2024-07-13T23:49:21.103+0000] {logging_mixin.py:188} INFO - [2024-07-13T23:49:21.102+0000] {dag.py:3096} INFO - Sync 1 DAGs
[2024-07-13T23:49:21.108+0000] {logging_mixin.py:188} INFO - [2024-07-13T23:49:21.108+0000] {dag.py:3954} INFO - Setting next_dagrun for example_complex to None, run_after=None
[2024-07-13T23:49:21.115+0000] {processor.py:183} INFO - Processing /home/airflow/.local/lib/python3.12/site-packages/airflow/example_dags/example_complex.py took 0.035 seconds
[2024-07-13T23:49:52.577+0000] {processor.py:161} INFO - Started process (PID=1926) to work on /home/airflow/.local/lib/python3.12/site-packages/airflow/example_dags/example_complex.py
[2024-07-13T23:49:52.580+0000] {processor.py:830} INFO - Processing file /home/airflow/.local/lib/python3.12/site-packages/airflow/example_dags/example_complex.py for tasks to queue
[2024-07-13T23:49:52.581+0000] {logging_mixin.py:188} INFO - [2024-07-13T23:49:52.581+0000] {dagbag.py:545} INFO - Filling up the DagBag from /home/airflow/.local/lib/python3.12/site-packages/airflow/example_dags/example_complex.py
[2024-07-13T23:49:52.587+0000] {processor.py:840} INFO - DAG(s) 'example_complex' retrieved from /home/airflow/.local/lib/python3.12/site-packages/airflow/example_dags/example_complex.py
[2024-07-13T23:49:52.607+0000] {logging_mixin.py:188} INFO - [2024-07-13T23:49:52.607+0000] {dag.py:3096} INFO - Sync 1 DAGs
[2024-07-13T23:49:52.613+0000] {logging_mixin.py:188} INFO - [2024-07-13T23:49:52.613+0000] {dag.py:3954} INFO - Setting next_dagrun for example_complex to None, run_after=None
[2024-07-13T23:49:52.622+0000] {processor.py:183} INFO - Processing /home/airflow/.local/lib/python3.12/site-packages/airflow/example_dags/example_complex.py took 0.048 seconds
[2024-07-13T23:50:23.616+0000] {processor.py:161} INFO - Started process (PID=1984) to work on /home/airflow/.local/lib/python3.12/site-packages/airflow/example_dags/example_complex.py
[2024-07-13T23:50:23.617+0000] {processor.py:830} INFO - Processing file /home/airflow/.local/lib/python3.12/site-packages/airflow/example_dags/example_complex.py for tasks to queue
[2024-07-13T23:50:23.618+0000] {logging_mixin.py:188} INFO - [2024-07-13T23:50:23.617+0000] {dagbag.py:545} INFO - Filling up the DagBag from /home/airflow/.local/lib/python3.12/site-packages/airflow/example_dags/example_complex.py
[2024-07-13T23:50:23.622+0000] {processor.py:840} INFO - DAG(s) 'example_complex' retrieved from /home/airflow/.local/lib/python3.12/site-packages/airflow/example_dags/example_complex.py
[2024-07-13T23:50:23.636+0000] {logging_mixin.py:188} INFO - [2024-07-13T23:50:23.636+0000] {dag.py:3096} INFO - Sync 1 DAGs
[2024-07-13T23:50:23.642+0000] {logging_mixin.py:188} INFO - [2024-07-13T23:50:23.641+0000] {dag.py:3954} INFO - Setting next_dagrun for example_complex to None, run_after=None
[2024-07-13T23:50:23.726+0000] {processor.py:183} INFO - Processing /home/airflow/.local/lib/python3.12/site-packages/airflow/example_dags/example_complex.py took 0.113 seconds
[2024-07-13T23:50:53.835+0000] {processor.py:161} INFO - Started process (PID=2042) to work on /home/airflow/.local/lib/python3.12/site-packages/airflow/example_dags/example_complex.py
[2024-07-13T23:50:53.835+0000] {processor.py:830} INFO - Processing file /home/airflow/.local/lib/python3.12/site-packages/airflow/example_dags/example_complex.py for tasks to queue
[2024-07-13T23:50:53.836+0000] {logging_mixin.py:188} INFO - [2024-07-13T23:50:53.836+0000] {dagbag.py:545} INFO - Filling up the DagBag from /home/airflow/.local/lib/python3.12/site-packages/airflow/example_dags/example_complex.py
[2024-07-13T23:50:53.842+0000] {processor.py:840} INFO - DAG(s) 'example_complex' retrieved from /home/airflow/.local/lib/python3.12/site-packages/airflow/example_dags/example_complex.py
[2024-07-13T23:50:53.857+0000] {logging_mixin.py:188} INFO - [2024-07-13T23:50:53.857+0000] {dag.py:3096} INFO - Sync 1 DAGs
[2024-07-13T23:50:53.863+0000] {logging_mixin.py:188} INFO - [2024-07-13T23:50:53.863+0000] {dag.py:3954} INFO - Setting next_dagrun for example_complex to None, run_after=None
[2024-07-13T23:50:53.871+0000] {processor.py:183} INFO - Processing /home/airflow/.local/lib/python3.12/site-packages/airflow/example_dags/example_complex.py took 0.040 seconds
[2024-07-13T23:51:24.498+0000] {processor.py:161} INFO - Started process (PID=2100) to work on /home/airflow/.local/lib/python3.12/site-packages/airflow/example_dags/example_complex.py
[2024-07-13T23:51:24.499+0000] {processor.py:830} INFO - Processing file /home/airflow/.local/lib/python3.12/site-packages/airflow/example_dags/example_complex.py for tasks to queue
[2024-07-13T23:51:24.500+0000] {logging_mixin.py:188} INFO - [2024-07-13T23:51:24.500+0000] {dagbag.py:545} INFO - Filling up the DagBag from /home/airflow/.local/lib/python3.12/site-packages/airflow/example_dags/example_complex.py
[2024-07-13T23:51:24.509+0000] {processor.py:840} INFO - DAG(s) 'example_complex' retrieved from /home/airflow/.local/lib/python3.12/site-packages/airflow/example_dags/example_complex.py
[2024-07-13T23:51:24.523+0000] {logging_mixin.py:188} INFO - [2024-07-13T23:51:24.523+0000] {dag.py:3096} INFO - Sync 1 DAGs
[2024-07-13T23:51:24.529+0000] {logging_mixin.py:188} INFO - [2024-07-13T23:51:24.529+0000] {dag.py:3954} INFO - Setting next_dagrun for example_complex to None, run_after=None
[2024-07-13T23:51:24.536+0000] {processor.py:183} INFO - Processing /home/airflow/.local/lib/python3.12/site-packages/airflow/example_dags/example_complex.py took 0.041 seconds
[2024-07-13T23:51:55.669+0000] {processor.py:161} INFO - Started process (PID=2158) to work on /home/airflow/.local/lib/python3.12/site-packages/airflow/example_dags/example_complex.py
[2024-07-13T23:51:55.670+0000] {processor.py:830} INFO - Processing file /home/airflow/.local/lib/python3.12/site-packages/airflow/example_dags/example_complex.py for tasks to queue
[2024-07-13T23:51:55.671+0000] {logging_mixin.py:188} INFO - [2024-07-13T23:51:55.671+0000] {dagbag.py:545} INFO - Filling up the DagBag from /home/airflow/.local/lib/python3.12/site-packages/airflow/example_dags/example_complex.py
[2024-07-13T23:51:55.676+0000] {processor.py:840} INFO - DAG(s) 'example_complex' retrieved from /home/airflow/.local/lib/python3.12/site-packages/airflow/example_dags/example_complex.py
[2024-07-13T23:51:55.690+0000] {logging_mixin.py:188} INFO - [2024-07-13T23:51:55.690+0000] {dag.py:3096} INFO - Sync 1 DAGs
[2024-07-13T23:51:55.696+0000] {logging_mixin.py:188} INFO - [2024-07-13T23:51:55.695+0000] {dag.py:3954} INFO - Setting next_dagrun for example_complex to None, run_after=None
[2024-07-13T23:51:55.704+0000] {processor.py:183} INFO - Processing /home/airflow/.local/lib/python3.12/site-packages/airflow/example_dags/example_complex.py took 0.038 seconds
[2024-07-13T23:52:26.578+0000] {processor.py:161} INFO - Started process (PID=2216) to work on /home/airflow/.local/lib/python3.12/site-packages/airflow/example_dags/example_complex.py
[2024-07-13T23:52:26.578+0000] {processor.py:830} INFO - Processing file /home/airflow/.local/lib/python3.12/site-packages/airflow/example_dags/example_complex.py for tasks to queue
[2024-07-13T23:52:26.580+0000] {logging_mixin.py:188} INFO - [2024-07-13T23:52:26.579+0000] {dagbag.py:545} INFO - Filling up the DagBag from /home/airflow/.local/lib/python3.12/site-packages/airflow/example_dags/example_complex.py
[2024-07-13T23:52:26.584+0000] {processor.py:840} INFO - DAG(s) 'example_complex' retrieved from /home/airflow/.local/lib/python3.12/site-packages/airflow/example_dags/example_complex.py
[2024-07-13T23:52:26.598+0000] {logging_mixin.py:188} INFO - [2024-07-13T23:52:26.598+0000] {dag.py:3096} INFO - Sync 1 DAGs
[2024-07-13T23:52:26.604+0000] {logging_mixin.py:188} INFO - [2024-07-13T23:52:26.603+0000] {dag.py:3954} INFO - Setting next_dagrun for example_complex to None, run_after=None
[2024-07-13T23:52:26.612+0000] {processor.py:183} INFO - Processing /home/airflow/.local/lib/python3.12/site-packages/airflow/example_dags/example_complex.py took 0.037 seconds
[2024-07-13T23:52:57.305+0000] {processor.py:161} INFO - Started process (PID=2274) to work on /home/airflow/.local/lib/python3.12/site-packages/airflow/example_dags/example_complex.py
[2024-07-13T23:52:57.306+0000] {processor.py:830} INFO - Processing file /home/airflow/.local/lib/python3.12/site-packages/airflow/example_dags/example_complex.py for tasks to queue
[2024-07-13T23:52:57.307+0000] {logging_mixin.py:188} INFO - [2024-07-13T23:52:57.306+0000] {dagbag.py:545} INFO - Filling up the DagBag from /home/airflow/.local/lib/python3.12/site-packages/airflow/example_dags/example_complex.py
[2024-07-13T23:52:57.312+0000] {processor.py:840} INFO - DAG(s) 'example_complex' retrieved from /home/airflow/.local/lib/python3.12/site-packages/airflow/example_dags/example_complex.py
[2024-07-13T23:52:57.327+0000] {logging_mixin.py:188} INFO - [2024-07-13T23:52:57.326+0000] {dag.py:3096} INFO - Sync 1 DAGs
[2024-07-13T23:52:57.332+0000] {logging_mixin.py:188} INFO - [2024-07-13T23:52:57.332+0000] {dag.py:3954} INFO - Setting next_dagrun for example_complex to None, run_after=None
[2024-07-13T23:52:57.340+0000] {processor.py:183} INFO - Processing /home/airflow/.local/lib/python3.12/site-packages/airflow/example_dags/example_complex.py took 0.038 seconds
[2024-07-13T23:53:27.954+0000] {processor.py:161} INFO - Started process (PID=2332) to work on /home/airflow/.local/lib/python3.12/site-packages/airflow/example_dags/example_complex.py
[2024-07-13T23:53:27.955+0000] {processor.py:830} INFO - Processing file /home/airflow/.local/lib/python3.12/site-packages/airflow/example_dags/example_complex.py for tasks to queue
[2024-07-13T23:53:27.956+0000] {logging_mixin.py:188} INFO - [2024-07-13T23:53:27.956+0000] {dagbag.py:545} INFO - Filling up the DagBag from /home/airflow/.local/lib/python3.12/site-packages/airflow/example_dags/example_complex.py
[2024-07-13T23:53:27.961+0000] {processor.py:840} INFO - DAG(s) 'example_complex' retrieved from /home/airflow/.local/lib/python3.12/site-packages/airflow/example_dags/example_complex.py
[2024-07-13T23:53:27.976+0000] {logging_mixin.py:188} INFO - [2024-07-13T23:53:27.976+0000] {dag.py:3096} INFO - Sync 1 DAGs
[2024-07-13T23:53:27.982+0000] {logging_mixin.py:188} INFO - [2024-07-13T23:53:27.982+0000] {dag.py:3954} INFO - Setting next_dagrun for example_complex to None, run_after=None
[2024-07-13T23:53:27.990+0000] {processor.py:183} INFO - Processing /home/airflow/.local/lib/python3.12/site-packages/airflow/example_dags/example_complex.py took 0.039 seconds
[2024-07-13T23:53:58.956+0000] {processor.py:161} INFO - Started process (PID=2389) to work on /home/airflow/.local/lib/python3.12/site-packages/airflow/example_dags/example_complex.py
[2024-07-13T23:53:58.957+0000] {processor.py:830} INFO - Processing file /home/airflow/.local/lib/python3.12/site-packages/airflow/example_dags/example_complex.py for tasks to queue
[2024-07-13T23:53:58.958+0000] {logging_mixin.py:188} INFO - [2024-07-13T23:53:58.958+0000] {dagbag.py:545} INFO - Filling up the DagBag from /home/airflow/.local/lib/python3.12/site-packages/airflow/example_dags/example_complex.py
[2024-07-13T23:53:58.963+0000] {processor.py:840} INFO - DAG(s) 'example_complex' retrieved from /home/airflow/.local/lib/python3.12/site-packages/airflow/example_dags/example_complex.py
[2024-07-13T23:53:58.979+0000] {logging_mixin.py:188} INFO - [2024-07-13T23:53:58.979+0000] {dag.py:3096} INFO - Sync 1 DAGs
[2024-07-13T23:53:58.986+0000] {logging_mixin.py:188} INFO - [2024-07-13T23:53:58.986+0000] {dag.py:3954} INFO - Setting next_dagrun for example_complex to None, run_after=None
[2024-07-13T23:53:58.994+0000] {processor.py:183} INFO - Processing /home/airflow/.local/lib/python3.12/site-packages/airflow/example_dags/example_complex.py took 0.041 seconds
[2024-07-13T23:54:29.516+0000] {processor.py:161} INFO - Started process (PID=2446) to work on /home/airflow/.local/lib/python3.12/site-packages/airflow/example_dags/example_complex.py
[2024-07-13T23:54:29.516+0000] {processor.py:830} INFO - Processing file /home/airflow/.local/lib/python3.12/site-packages/airflow/example_dags/example_complex.py for tasks to queue
[2024-07-13T23:54:29.517+0000] {logging_mixin.py:188} INFO - [2024-07-13T23:54:29.517+0000] {dagbag.py:545} INFO - Filling up the DagBag from /home/airflow/.local/lib/python3.12/site-packages/airflow/example_dags/example_complex.py
[2024-07-13T23:54:29.522+0000] {processor.py:840} INFO - DAG(s) 'example_complex' retrieved from /home/airflow/.local/lib/python3.12/site-packages/airflow/example_dags/example_complex.py
[2024-07-13T23:54:29.535+0000] {logging_mixin.py:188} INFO - [2024-07-13T23:54:29.535+0000] {dag.py:3096} INFO - Sync 1 DAGs
[2024-07-13T23:54:29.541+0000] {logging_mixin.py:188} INFO - [2024-07-13T23:54:29.541+0000] {dag.py:3954} INFO - Setting next_dagrun for example_complex to None, run_after=None
[2024-07-13T23:54:29.549+0000] {processor.py:183} INFO - Processing /home/airflow/.local/lib/python3.12/site-packages/airflow/example_dags/example_complex.py took 0.036 seconds
[2024-07-13T23:55:00.384+0000] {processor.py:161} INFO - Started process (PID=2504) to work on /home/airflow/.local/lib/python3.12/site-packages/airflow/example_dags/example_complex.py
[2024-07-13T23:55:00.384+0000] {processor.py:830} INFO - Processing file /home/airflow/.local/lib/python3.12/site-packages/airflow/example_dags/example_complex.py for tasks to queue
[2024-07-13T23:55:00.385+0000] {logging_mixin.py:188} INFO - [2024-07-13T23:55:00.385+0000] {dagbag.py:545} INFO - Filling up the DagBag from /home/airflow/.local/lib/python3.12/site-packages/airflow/example_dags/example_complex.py
[2024-07-13T23:55:00.390+0000] {processor.py:840} INFO - DAG(s) 'example_complex' retrieved from /home/airflow/.local/lib/python3.12/site-packages/airflow/example_dags/example_complex.py
[2024-07-13T23:55:00.404+0000] {logging_mixin.py:188} INFO - [2024-07-13T23:55:00.404+0000] {dag.py:3096} INFO - Sync 1 DAGs
[2024-07-13T23:55:00.409+0000] {logging_mixin.py:188} INFO - [2024-07-13T23:55:00.409+0000] {dag.py:3954} INFO - Setting next_dagrun for example_complex to None, run_after=None
[2024-07-13T23:55:00.417+0000] {processor.py:183} INFO - Processing /home/airflow/.local/lib/python3.12/site-packages/airflow/example_dags/example_complex.py took 0.037 seconds
[2024-07-13T23:55:31.208+0000] {processor.py:161} INFO - Started process (PID=2562) to work on /home/airflow/.local/lib/python3.12/site-packages/airflow/example_dags/example_complex.py
[2024-07-13T23:55:31.209+0000] {processor.py:830} INFO - Processing file /home/airflow/.local/lib/python3.12/site-packages/airflow/example_dags/example_complex.py for tasks to queue
[2024-07-13T23:55:31.210+0000] {logging_mixin.py:188} INFO - [2024-07-13T23:55:31.210+0000] {dagbag.py:545} INFO - Filling up the DagBag from /home/airflow/.local/lib/python3.12/site-packages/airflow/example_dags/example_complex.py
[2024-07-13T23:55:31.215+0000] {processor.py:840} INFO - DAG(s) 'example_complex' retrieved from /home/airflow/.local/lib/python3.12/site-packages/airflow/example_dags/example_complex.py
[2024-07-13T23:55:31.230+0000] {logging_mixin.py:188} INFO - [2024-07-13T23:55:31.230+0000] {dag.py:3096} INFO - Sync 1 DAGs
[2024-07-13T23:55:31.236+0000] {logging_mixin.py:188} INFO - [2024-07-13T23:55:31.236+0000] {dag.py:3954} INFO - Setting next_dagrun for example_complex to None, run_after=None
[2024-07-13T23:55:31.244+0000] {processor.py:183} INFO - Processing /home/airflow/.local/lib/python3.12/site-packages/airflow/example_dags/example_complex.py took 0.039 seconds
[2024-07-13T23:56:01.842+0000] {processor.py:161} INFO - Started process (PID=2619) to work on /home/airflow/.local/lib/python3.12/site-packages/airflow/example_dags/example_complex.py
[2024-07-13T23:56:01.843+0000] {processor.py:830} INFO - Processing file /home/airflow/.local/lib/python3.12/site-packages/airflow/example_dags/example_complex.py for tasks to queue
[2024-07-13T23:56:01.844+0000] {logging_mixin.py:188} INFO - [2024-07-13T23:56:01.844+0000] {dagbag.py:545} INFO - Filling up the DagBag from /home/airflow/.local/lib/python3.12/site-packages/airflow/example_dags/example_complex.py
[2024-07-13T23:56:01.849+0000] {processor.py:840} INFO - DAG(s) 'example_complex' retrieved from /home/airflow/.local/lib/python3.12/site-packages/airflow/example_dags/example_complex.py
[2024-07-13T23:56:01.864+0000] {logging_mixin.py:188} INFO - [2024-07-13T23:56:01.864+0000] {dag.py:3096} INFO - Sync 1 DAGs
[2024-07-13T23:56:01.870+0000] {logging_mixin.py:188} INFO - [2024-07-13T23:56:01.870+0000] {dag.py:3954} INFO - Setting next_dagrun for example_complex to None, run_after=None
[2024-07-13T23:56:01.878+0000] {processor.py:183} INFO - Processing /home/airflow/.local/lib/python3.12/site-packages/airflow/example_dags/example_complex.py took 0.039 seconds
[2024-07-13T23:56:32.616+0000] {processor.py:161} INFO - Started process (PID=2677) to work on /home/airflow/.local/lib/python3.12/site-packages/airflow/example_dags/example_complex.py
[2024-07-13T23:56:32.616+0000] {processor.py:830} INFO - Processing file /home/airflow/.local/lib/python3.12/site-packages/airflow/example_dags/example_complex.py for tasks to queue
[2024-07-13T23:56:32.617+0000] {logging_mixin.py:188} INFO - [2024-07-13T23:56:32.617+0000] {dagbag.py:545} INFO - Filling up the DagBag from /home/airflow/.local/lib/python3.12/site-packages/airflow/example_dags/example_complex.py
[2024-07-13T23:56:32.622+0000] {processor.py:840} INFO - DAG(s) 'example_complex' retrieved from /home/airflow/.local/lib/python3.12/site-packages/airflow/example_dags/example_complex.py
[2024-07-13T23:56:32.636+0000] {logging_mixin.py:188} INFO - [2024-07-13T23:56:32.636+0000] {dag.py:3096} INFO - Sync 1 DAGs
[2024-07-13T23:56:32.642+0000] {logging_mixin.py:188} INFO - [2024-07-13T23:56:32.642+0000] {dag.py:3954} INFO - Setting next_dagrun for example_complex to None, run_after=None
[2024-07-13T23:56:32.651+0000] {processor.py:183} INFO - Processing /home/airflow/.local/lib/python3.12/site-packages/airflow/example_dags/example_complex.py took 0.038 seconds
[2024-07-13T23:57:03.321+0000] {processor.py:161} INFO - Started process (PID=2735) to work on /home/airflow/.local/lib/python3.12/site-packages/airflow/example_dags/example_complex.py
[2024-07-13T23:57:03.322+0000] {processor.py:830} INFO - Processing file /home/airflow/.local/lib/python3.12/site-packages/airflow/example_dags/example_complex.py for tasks to queue
[2024-07-13T23:57:03.323+0000] {logging_mixin.py:188} INFO - [2024-07-13T23:57:03.322+0000] {dagbag.py:545} INFO - Filling up the DagBag from /home/airflow/.local/lib/python3.12/site-packages/airflow/example_dags/example_complex.py
[2024-07-13T23:57:03.328+0000] {processor.py:840} INFO - DAG(s) 'example_complex' retrieved from /home/airflow/.local/lib/python3.12/site-packages/airflow/example_dags/example_complex.py
[2024-07-13T23:57:03.342+0000] {logging_mixin.py:188} INFO - [2024-07-13T23:57:03.341+0000] {dag.py:3096} INFO - Sync 1 DAGs
[2024-07-13T23:57:03.348+0000] {logging_mixin.py:188} INFO - [2024-07-13T23:57:03.348+0000] {dag.py:3954} INFO - Setting next_dagrun for example_complex to None, run_after=None
[2024-07-13T23:57:03.357+0000] {processor.py:183} INFO - Processing /home/airflow/.local/lib/python3.12/site-packages/airflow/example_dags/example_complex.py took 0.039 seconds
[2024-07-13T23:57:34.071+0000] {processor.py:161} INFO - Started process (PID=2792) to work on /home/airflow/.local/lib/python3.12/site-packages/airflow/example_dags/example_complex.py
[2024-07-13T23:57:34.072+0000] {processor.py:830} INFO - Processing file /home/airflow/.local/lib/python3.12/site-packages/airflow/example_dags/example_complex.py for tasks to queue
[2024-07-13T23:57:34.073+0000] {logging_mixin.py:188} INFO - [2024-07-13T23:57:34.073+0000] {dagbag.py:545} INFO - Filling up the DagBag from /home/airflow/.local/lib/python3.12/site-packages/airflow/example_dags/example_complex.py
[2024-07-13T23:57:34.079+0000] {processor.py:840} INFO - DAG(s) 'example_complex' retrieved from /home/airflow/.local/lib/python3.12/site-packages/airflow/example_dags/example_complex.py
[2024-07-13T23:57:34.094+0000] {logging_mixin.py:188} INFO - [2024-07-13T23:57:34.094+0000] {dag.py:3096} INFO - Sync 1 DAGs
[2024-07-13T23:57:34.101+0000] {logging_mixin.py:188} INFO - [2024-07-13T23:57:34.101+0000] {dag.py:3954} INFO - Setting next_dagrun for example_complex to None, run_after=None
[2024-07-13T23:57:34.125+0000] {processor.py:183} INFO - Processing /home/airflow/.local/lib/python3.12/site-packages/airflow/example_dags/example_complex.py took 0.057 seconds
[2024-07-13T23:58:04.850+0000] {processor.py:161} INFO - Started process (PID=2850) to work on /home/airflow/.local/lib/python3.12/site-packages/airflow/example_dags/example_complex.py
[2024-07-13T23:58:04.851+0000] {processor.py:830} INFO - Processing file /home/airflow/.local/lib/python3.12/site-packages/airflow/example_dags/example_complex.py for tasks to queue
[2024-07-13T23:58:04.852+0000] {logging_mixin.py:188} INFO - [2024-07-13T23:58:04.852+0000] {dagbag.py:545} INFO - Filling up the DagBag from /home/airflow/.local/lib/python3.12/site-packages/airflow/example_dags/example_complex.py
[2024-07-13T23:58:04.856+0000] {processor.py:840} INFO - DAG(s) 'example_complex' retrieved from /home/airflow/.local/lib/python3.12/site-packages/airflow/example_dags/example_complex.py
[2024-07-13T23:58:04.872+0000] {logging_mixin.py:188} INFO - [2024-07-13T23:58:04.872+0000] {dag.py:3096} INFO - Sync 1 DAGs
[2024-07-13T23:58:04.878+0000] {logging_mixin.py:188} INFO - [2024-07-13T23:58:04.878+0000] {dag.py:3954} INFO - Setting next_dagrun for example_complex to None, run_after=None
[2024-07-13T23:58:04.888+0000] {processor.py:183} INFO - Processing /home/airflow/.local/lib/python3.12/site-packages/airflow/example_dags/example_complex.py took 0.041 seconds
[2024-07-13T23:58:35.620+0000] {processor.py:161} INFO - Started process (PID=2908) to work on /home/airflow/.local/lib/python3.12/site-packages/airflow/example_dags/example_complex.py
[2024-07-13T23:58:35.622+0000] {processor.py:830} INFO - Processing file /home/airflow/.local/lib/python3.12/site-packages/airflow/example_dags/example_complex.py for tasks to queue
[2024-07-13T23:58:35.623+0000] {logging_mixin.py:188} INFO - [2024-07-13T23:58:35.623+0000] {dagbag.py:545} INFO - Filling up the DagBag from /home/airflow/.local/lib/python3.12/site-packages/airflow/example_dags/example_complex.py
[2024-07-13T23:58:35.628+0000] {processor.py:840} INFO - DAG(s) 'example_complex' retrieved from /home/airflow/.local/lib/python3.12/site-packages/airflow/example_dags/example_complex.py
[2024-07-13T23:58:35.643+0000] {logging_mixin.py:188} INFO - [2024-07-13T23:58:35.643+0000] {dag.py:3096} INFO - Sync 1 DAGs
[2024-07-13T23:58:35.649+0000] {logging_mixin.py:188} INFO - [2024-07-13T23:58:35.648+0000] {dag.py:3954} INFO - Setting next_dagrun for example_complex to None, run_after=None
[2024-07-13T23:58:35.657+0000] {processor.py:183} INFO - Processing /home/airflow/.local/lib/python3.12/site-packages/airflow/example_dags/example_complex.py took 0.041 seconds
[2024-07-13T23:59:06.307+0000] {processor.py:161} INFO - Started process (PID=2966) to work on /home/airflow/.local/lib/python3.12/site-packages/airflow/example_dags/example_complex.py
[2024-07-13T23:59:06.307+0000] {processor.py:830} INFO - Processing file /home/airflow/.local/lib/python3.12/site-packages/airflow/example_dags/example_complex.py for tasks to queue
[2024-07-13T23:59:06.308+0000] {logging_mixin.py:188} INFO - [2024-07-13T23:59:06.308+0000] {dagbag.py:545} INFO - Filling up the DagBag from /home/airflow/.local/lib/python3.12/site-packages/airflow/example_dags/example_complex.py
[2024-07-13T23:59:06.313+0000] {processor.py:840} INFO - DAG(s) 'example_complex' retrieved from /home/airflow/.local/lib/python3.12/site-packages/airflow/example_dags/example_complex.py
[2024-07-13T23:59:06.328+0000] {logging_mixin.py:188} INFO - [2024-07-13T23:59:06.328+0000] {dag.py:3096} INFO - Sync 1 DAGs
[2024-07-13T23:59:06.334+0000] {logging_mixin.py:188} INFO - [2024-07-13T23:59:06.334+0000] {dag.py:3954} INFO - Setting next_dagrun for example_complex to None, run_after=None
[2024-07-13T23:59:06.344+0000] {processor.py:183} INFO - Processing /home/airflow/.local/lib/python3.12/site-packages/airflow/example_dags/example_complex.py took 0.040 seconds
[2024-07-13T23:59:37.066+0000] {processor.py:161} INFO - Started process (PID=3024) to work on /home/airflow/.local/lib/python3.12/site-packages/airflow/example_dags/example_complex.py
[2024-07-13T23:59:37.067+0000] {processor.py:830} INFO - Processing file /home/airflow/.local/lib/python3.12/site-packages/airflow/example_dags/example_complex.py for tasks to queue
[2024-07-13T23:59:37.068+0000] {logging_mixin.py:188} INFO - [2024-07-13T23:59:37.068+0000] {dagbag.py:545} INFO - Filling up the DagBag from /home/airflow/.local/lib/python3.12/site-packages/airflow/example_dags/example_complex.py
[2024-07-13T23:59:37.073+0000] {processor.py:840} INFO - DAG(s) 'example_complex' retrieved from /home/airflow/.local/lib/python3.12/site-packages/airflow/example_dags/example_complex.py
[2024-07-13T23:59:37.089+0000] {logging_mixin.py:188} INFO - [2024-07-13T23:59:37.088+0000] {dag.py:3096} INFO - Sync 1 DAGs
[2024-07-13T23:59:37.095+0000] {logging_mixin.py:188} INFO - [2024-07-13T23:59:37.095+0000] {dag.py:3954} INFO - Setting next_dagrun for example_complex to None, run_after=None
[2024-07-13T23:59:37.106+0000] {processor.py:183} INFO - Processing /home/airflow/.local/lib/python3.12/site-packages/airflow/example_dags/example_complex.py took 0.042 seconds
