[2024-07-14T11:51:40.448+0000] {local_task_job_runner.py:120} INFO - ::group::Pre task execution logs
[2024-07-14T11:51:40.496+0000] {taskinstance.py:2076} INFO - Dependencies all met for dep_context=non-requeueable deps ti=<TaskInstance: fetch_spread_values.fetch_and_compute_spread_usd_mxn scheduled__2024-07-14T11:38:00+00:00 [queued]>
[2024-07-14T11:51:40.539+0000] {taskinstance.py:2076} INFO - Dependencies all met for dep_context=requeueable deps ti=<TaskInstance: fetch_spread_values.fetch_and_compute_spread_usd_mxn scheduled__2024-07-14T11:38:00+00:00 [queued]>
[2024-07-14T11:51:40.550+0000] {taskinstance.py:2306} INFO - Starting attempt 1 of 2
[2024-07-14T11:51:40.597+0000] {taskinstance.py:2330} INFO - Executing <Task(PythonOperator): fetch_and_compute_spread_usd_mxn> on 2024-07-14 11:38:00+00:00
[2024-07-14T11:51:40.615+0000] {warnings.py:112} WARNING - /home/***/.local/lib/python3.12/site-packages/***/task/task_runner/standard_task_runner.py:61: DeprecationWarning: This process (pid=5001) is multi-threaded, use of fork() may lead to deadlocks in the child.
  pid = os.fork()

[2024-07-14T11:51:40.626+0000] {standard_task_runner.py:63} INFO - Started process 5036 to run task
[2024-07-14T11:51:40.656+0000] {standard_task_runner.py:90} INFO - Running: ['***', 'tasks', 'run', 'fetch_spread_values', 'fetch_and_compute_spread_usd_mxn', 'scheduled__2024-07-14T11:38:00+00:00', '--job-id', '1500', '--raw', '--subdir', 'DAGS_FOLDER/***.py', '--cfg-path', '/tmp/tmpvu_15dtf']
[2024-07-14T11:51:40.720+0000] {standard_task_runner.py:91} INFO - Job 1500: Subtask fetch_and_compute_spread_usd_mxn
[2024-07-14T11:51:40.846+0000] {task_command.py:426} INFO - Running <TaskInstance: fetch_spread_values.fetch_and_compute_spread_usd_mxn scheduled__2024-07-14T11:38:00+00:00 [running]> on host d537c34a4880
[2024-07-14T11:51:41.845+0000] {taskinstance.py:2648} INFO - Exporting env vars: AIRFLOW_CTX_DAG_OWNER='***' AIRFLOW_CTX_DAG_ID='fetch_spread_values' AIRFLOW_CTX_TASK_ID='fetch_and_compute_spread_usd_mxn' AIRFLOW_CTX_EXECUTION_DATE='2024-07-14T11:38:00+00:00' AIRFLOW_CTX_TRY_NUMBER='1' AIRFLOW_CTX_DAG_RUN_ID='scheduled__2024-07-14T11:38:00+00:00'
[2024-07-14T11:51:41.849+0000] {taskinstance.py:430} INFO - ::endgroup::
[2024-07-14T11:51:42.199+0000] {python.py:237} INFO - Done. Returned value was: None
[2024-07-14T11:51:42.222+0000] {taskinstance.py:441} INFO - ::group::Post task execution logs
[2024-07-14T11:51:42.277+0000] {taskinstance.py:1206} INFO - Marking task as SUCCESS. dag_id=fetch_spread_values, task_id=fetch_and_compute_spread_usd_mxn, run_id=scheduled__2024-07-14T11:38:00+00:00, execution_date=20240714T113800, start_date=20240714T115140, end_date=20240714T115142
[2024-07-14T11:51:42.381+0000] {local_task_job_runner.py:240} INFO - Task exited with return code 0
[2024-07-14T11:51:42.498+0000] {taskinstance.py:3503} INFO - 0 downstream tasks scheduled from follow-on schedule check
[2024-07-14T11:51:42.540+0000] {local_task_job_runner.py:222} INFO - ::endgroup::
[2024-07-14T20:37:18.649+0000] {local_task_job_runner.py:120} INFO - ::group::Pre task execution logs
[2024-07-14T20:37:18.683+0000] {taskinstance.py:2076} INFO - Dependencies all met for dep_context=non-requeueable deps ti=<TaskInstance: fetch_spread_values.fetch_and_compute_spread_usd_mxn scheduled__2024-07-14T11:38:00+00:00 [queued]>
[2024-07-14T20:37:18.688+0000] {taskinstance.py:2076} INFO - Dependencies all met for dep_context=requeueable deps ti=<TaskInstance: fetch_spread_values.fetch_and_compute_spread_usd_mxn scheduled__2024-07-14T11:38:00+00:00 [queued]>
[2024-07-14T20:37:18.689+0000] {taskinstance.py:2306} INFO - Starting attempt 1 of 2
[2024-07-14T20:37:18.716+0000] {taskinstance.py:2330} INFO - Executing <Task(PythonOperator): fetch_and_compute_spread_usd_mxn> on 2024-07-14 11:38:00+00:00
[2024-07-14T20:37:18.722+0000] {logging_mixin.py:188} WARNING - /home/***/.local/lib/python3.12/site-packages/***/task/task_runner/standard_task_runner.py:61 DeprecationWarning: This process (pid=3270) is multi-threaded, use of fork() may lead to deadlocks in the child.
[2024-07-14T20:37:18.723+0000] {standard_task_runner.py:63} INFO - Started process 3287 to run task
[2024-07-14T20:37:18.726+0000] {standard_task_runner.py:90} INFO - Running: ['***', 'tasks', 'run', 'fetch_spread_values', 'fetch_and_compute_spread_usd_mxn', 'scheduled__2024-07-14T11:38:00+00:00', '--job-id', '1525', '--raw', '--subdir', 'DAGS_FOLDER/***.py', '--cfg-path', '/tmp/tmp5a__afyl']
[2024-07-14T20:37:18.729+0000] {standard_task_runner.py:91} INFO - Job 1525: Subtask fetch_and_compute_spread_usd_mxn
[2024-07-14T20:37:18.842+0000] {task_command.py:426} INFO - Running <TaskInstance: fetch_spread_values.fetch_and_compute_spread_usd_mxn scheduled__2024-07-14T11:38:00+00:00 [running]> on host 77caf7e4b282
[2024-07-14T20:37:18.998+0000] {taskinstance.py:2648} INFO - Exporting env vars: AIRFLOW_CTX_DAG_OWNER='***' AIRFLOW_CTX_DAG_ID='fetch_spread_values' AIRFLOW_CTX_TASK_ID='fetch_and_compute_spread_usd_mxn' AIRFLOW_CTX_EXECUTION_DATE='2024-07-14T11:38:00+00:00' AIRFLOW_CTX_TRY_NUMBER='1' AIRFLOW_CTX_DAG_RUN_ID='scheduled__2024-07-14T11:38:00+00:00'
[2024-07-14T20:37:19.000+0000] {taskinstance.py:430} INFO - ::endgroup::
[2024-07-14T20:37:19.254+0000] {python.py:237} INFO - Done. Returned value was: None
[2024-07-14T20:37:19.256+0000] {taskinstance.py:441} INFO - ::group::Post task execution logs
[2024-07-14T20:37:19.262+0000] {taskinstance.py:1206} INFO - Marking task as SUCCESS. dag_id=fetch_spread_values, task_id=fetch_and_compute_spread_usd_mxn, run_id=scheduled__2024-07-14T11:38:00+00:00, execution_date=20240714T113800, start_date=20240714T203718, end_date=20240714T203719
[2024-07-14T20:37:19.291+0000] {local_task_job_runner.py:240} INFO - Task exited with return code 0
[2024-07-14T20:37:19.301+0000] {taskinstance.py:3503} INFO - 0 downstream tasks scheduled from follow-on schedule check
[2024-07-14T20:37:19.301+0000] {local_task_job_runner.py:222} INFO - ::endgroup::
