[2024-07-14T16:53:01.235+0000] {local_task_job_runner.py:120} INFO - ::group::Pre task execution logs
[2024-07-14T16:53:01.248+0000] {taskinstance.py:2076} INFO - Dependencies all met for dep_context=non-requeueable deps ti=<TaskInstance: fetch_spread_values.fetch_and_compute_spread_btc_mxn scheduled__2024-07-14T16:52:00+00:00 [queued]>
[2024-07-14T16:53:01.252+0000] {taskinstance.py:2076} INFO - Dependencies all met for dep_context=requeueable deps ti=<TaskInstance: fetch_spread_values.fetch_and_compute_spread_btc_mxn scheduled__2024-07-14T16:52:00+00:00 [queued]>
[2024-07-14T16:53:01.253+0000] {taskinstance.py:2306} INFO - Starting attempt 1 of 2
[2024-07-14T16:53:01.261+0000] {taskinstance.py:2330} INFO - Executing <Task(PythonOperator): fetch_and_compute_spread_btc_mxn> on 2024-07-14 16:52:00+00:00
[2024-07-14T16:53:01.267+0000] {warnings.py:112} WARNING - /home/***/.local/lib/python3.12/site-packages/***/task/task_runner/standard_task_runner.py:61: DeprecationWarning: This process (pid=7192) is multi-threaded, use of fork() may lead to deadlocks in the child.
  pid = os.fork()

[2024-07-14T16:53:01.268+0000] {standard_task_runner.py:63} INFO - Started process 7197 to run task
[2024-07-14T16:53:01.268+0000] {standard_task_runner.py:90} INFO - Running: ['***', 'tasks', 'run', 'fetch_spread_values', 'fetch_and_compute_spread_btc_mxn', 'scheduled__2024-07-14T16:52:00+00:00', '--job-id', '2165', '--raw', '--subdir', 'DAGS_FOLDER/***.py', '--cfg-path', '/tmp/tmpk_oyym0d']
[2024-07-14T16:53:01.270+0000] {standard_task_runner.py:91} INFO - Job 2165: Subtask fetch_and_compute_spread_btc_mxn
[2024-07-14T16:53:01.298+0000] {task_command.py:426} INFO - Running <TaskInstance: fetch_spread_values.fetch_and_compute_spread_btc_mxn scheduled__2024-07-14T16:52:00+00:00 [running]> on host d537c34a4880
[2024-07-14T16:53:01.363+0000] {taskinstance.py:2648} INFO - Exporting env vars: AIRFLOW_CTX_DAG_OWNER='***' AIRFLOW_CTX_DAG_ID='fetch_spread_values' AIRFLOW_CTX_TASK_ID='fetch_and_compute_spread_btc_mxn' AIRFLOW_CTX_EXECUTION_DATE='2024-07-14T16:52:00+00:00' AIRFLOW_CTX_TRY_NUMBER='1' AIRFLOW_CTX_DAG_RUN_ID='scheduled__2024-07-14T16:52:00+00:00'
[2024-07-14T16:53:01.364+0000] {taskinstance.py:430} INFO - ::endgroup::
[2024-07-14T16:53:01.717+0000] {python.py:237} INFO - Done. Returned value was: None
[2024-07-14T16:53:01.719+0000] {taskinstance.py:441} INFO - ::group::Post task execution logs
[2024-07-14T16:53:01.725+0000] {taskinstance.py:1206} INFO - Marking task as SUCCESS. dag_id=fetch_spread_values, task_id=fetch_and_compute_spread_btc_mxn, run_id=scheduled__2024-07-14T16:52:00+00:00, execution_date=20240714T165200, start_date=20240714T165301, end_date=20240714T165301
[2024-07-14T16:53:01.749+0000] {local_task_job_runner.py:240} INFO - Task exited with return code 0
[2024-07-14T16:53:01.758+0000] {taskinstance.py:3503} INFO - 0 downstream tasks scheduled from follow-on schedule check
[2024-07-14T16:53:01.759+0000] {local_task_job_runner.py:222} INFO - ::endgroup::
[2024-07-14T20:39:15.031+0000] {local_task_job_runner.py:120} INFO - ::group::Pre task execution logs
[2024-07-14T20:39:15.072+0000] {taskinstance.py:2076} INFO - Dependencies all met for dep_context=non-requeueable deps ti=<TaskInstance: fetch_spread_values.fetch_and_compute_spread_btc_mxn scheduled__2024-07-14T16:52:00+00:00 [queued]>
[2024-07-14T20:39:15.089+0000] {taskinstance.py:2076} INFO - Dependencies all met for dep_context=requeueable deps ti=<TaskInstance: fetch_spread_values.fetch_and_compute_spread_btc_mxn scheduled__2024-07-14T16:52:00+00:00 [queued]>
[2024-07-14T20:39:15.090+0000] {taskinstance.py:2306} INFO - Starting attempt 1 of 2
[2024-07-14T20:39:15.122+0000] {taskinstance.py:2330} INFO - Executing <Task(PythonOperator): fetch_and_compute_spread_btc_mxn> on 2024-07-14 16:52:00+00:00
[2024-07-14T20:39:15.130+0000] {logging_mixin.py:188} WARNING - /home/***/.local/lib/python3.12/site-packages/***/task/task_runner/standard_task_runner.py:61 DeprecationWarning: This process (pid=4545) is multi-threaded, use of fork() may lead to deadlocks in the child.
[2024-07-14T20:39:15.135+0000] {standard_task_runner.py:63} INFO - Started process 4557 to run task
[2024-07-14T20:39:15.132+0000] {standard_task_runner.py:90} INFO - Running: ['***', 'tasks', 'run', 'fetch_spread_values', 'fetch_and_compute_spread_btc_mxn', 'scheduled__2024-07-14T16:52:00+00:00', '--job-id', '2152', '--raw', '--subdir', 'DAGS_FOLDER/***.py', '--cfg-path', '/tmp/tmptvnujdft']
[2024-07-14T20:39:15.140+0000] {standard_task_runner.py:91} INFO - Job 2152: Subtask fetch_and_compute_spread_btc_mxn
[2024-07-14T20:39:15.210+0000] {task_command.py:426} INFO - Running <TaskInstance: fetch_spread_values.fetch_and_compute_spread_btc_mxn scheduled__2024-07-14T16:52:00+00:00 [running]> on host 77caf7e4b282
[2024-07-14T20:39:15.370+0000] {taskinstance.py:2648} INFO - Exporting env vars: AIRFLOW_CTX_DAG_OWNER='***' AIRFLOW_CTX_DAG_ID='fetch_spread_values' AIRFLOW_CTX_TASK_ID='fetch_and_compute_spread_btc_mxn' AIRFLOW_CTX_EXECUTION_DATE='2024-07-14T16:52:00+00:00' AIRFLOW_CTX_TRY_NUMBER='1' AIRFLOW_CTX_DAG_RUN_ID='scheduled__2024-07-14T16:52:00+00:00'
[2024-07-14T20:39:15.373+0000] {taskinstance.py:430} INFO - ::endgroup::
[2024-07-14T20:39:15.601+0000] {python.py:237} INFO - Done. Returned value was: None
[2024-07-14T20:39:15.603+0000] {taskinstance.py:441} INFO - ::group::Post task execution logs
[2024-07-14T20:39:15.609+0000] {taskinstance.py:1206} INFO - Marking task as SUCCESS. dag_id=fetch_spread_values, task_id=fetch_and_compute_spread_btc_mxn, run_id=scheduled__2024-07-14T16:52:00+00:00, execution_date=20240714T165200, start_date=20240714T203915, end_date=20240714T203915
[2024-07-14T20:39:15.653+0000] {local_task_job_runner.py:240} INFO - Task exited with return code 0
[2024-07-14T20:39:15.664+0000] {taskinstance.py:3503} INFO - 0 downstream tasks scheduled from follow-on schedule check
[2024-07-14T20:39:15.664+0000] {local_task_job_runner.py:222} INFO - ::endgroup::
