[2024-07-14T09:02:59.792+0000] {local_task_job_runner.py:120} INFO - ::group::Pre task execution logs
[2024-07-14T09:02:59.860+0000] {taskinstance.py:2076} INFO - Dependencies all met for dep_context=non-requeueable deps ti=<TaskInstance: fetch_spread_values.fetch_and_compute_spread_usd_mxn scheduled__2024-07-14T06:49:00+00:00 [queued]>
[2024-07-14T09:02:59.897+0000] {taskinstance.py:2076} INFO - Dependencies all met for dep_context=requeueable deps ti=<TaskInstance: fetch_spread_values.fetch_and_compute_spread_usd_mxn scheduled__2024-07-14T06:49:00+00:00 [queued]>
[2024-07-14T09:02:59.898+0000] {taskinstance.py:2306} INFO - Starting attempt 1 of 2
[2024-07-14T09:02:59.937+0000] {taskinstance.py:2330} INFO - Executing <Task(PythonOperator): fetch_and_compute_spread_usd_mxn> on 2024-07-14 06:49:00+00:00
[2024-07-14T09:02:59.961+0000] {warnings.py:112} WARNING - /home/***/.local/lib/python3.12/site-packages/***/task/task_runner/standard_task_runner.py:61: DeprecationWarning: This process (pid=2639) is multi-threaded, use of fork() may lead to deadlocks in the child.
  pid = os.fork()

[2024-07-14T09:02:59.970+0000] {standard_task_runner.py:63} INFO - Started process 2666 to run task
[2024-07-14T09:02:59.969+0000] {standard_task_runner.py:90} INFO - Running: ['***', 'tasks', 'run', 'fetch_spread_values', 'fetch_and_compute_spread_usd_mxn', 'scheduled__2024-07-14T06:49:00+00:00', '--job-id', '849', '--raw', '--subdir', 'DAGS_FOLDER/***.py', '--cfg-path', '/tmp/tmpr5j0o63i']
[2024-07-14T09:02:59.982+0000] {standard_task_runner.py:91} INFO - Job 849: Subtask fetch_and_compute_spread_usd_mxn
[2024-07-14T09:03:00.133+0000] {task_command.py:426} INFO - Running <TaskInstance: fetch_spread_values.fetch_and_compute_spread_usd_mxn scheduled__2024-07-14T06:49:00+00:00 [running]> on host d537c34a4880
[2024-07-14T09:03:00.428+0000] {taskinstance.py:2648} INFO - Exporting env vars: AIRFLOW_CTX_DAG_OWNER='***' AIRFLOW_CTX_DAG_ID='fetch_spread_values' AIRFLOW_CTX_TASK_ID='fetch_and_compute_spread_usd_mxn' AIRFLOW_CTX_EXECUTION_DATE='2024-07-14T06:49:00+00:00' AIRFLOW_CTX_TRY_NUMBER='1' AIRFLOW_CTX_DAG_RUN_ID='scheduled__2024-07-14T06:49:00+00:00'
[2024-07-14T09:03:00.435+0000] {taskinstance.py:430} INFO - ::endgroup::
[2024-07-14T09:03:00.690+0000] {python.py:237} INFO - Done. Returned value was: None
[2024-07-14T09:03:00.699+0000] {taskinstance.py:441} INFO - ::group::Post task execution logs
[2024-07-14T09:03:00.738+0000] {taskinstance.py:1206} INFO - Marking task as SUCCESS. dag_id=fetch_spread_values, task_id=fetch_and_compute_spread_usd_mxn, run_id=scheduled__2024-07-14T06:49:00+00:00, execution_date=20240714T064900, start_date=20240714T090259, end_date=20240714T090300
[2024-07-14T09:03:00.848+0000] {local_task_job_runner.py:240} INFO - Task exited with return code 0
[2024-07-14T09:03:00.965+0000] {taskinstance.py:3503} INFO - 0 downstream tasks scheduled from follow-on schedule check
[2024-07-14T09:03:00.981+0000] {local_task_job_runner.py:222} INFO - ::endgroup::
[2024-07-14T20:35:06.270+0000] {local_task_job_runner.py:120} INFO - ::group::Pre task execution logs
[2024-07-14T20:35:06.297+0000] {taskinstance.py:2076} INFO - Dependencies all met for dep_context=non-requeueable deps ti=<TaskInstance: fetch_spread_values.fetch_and_compute_spread_usd_mxn scheduled__2024-07-14T06:49:00+00:00 [queued]>
[2024-07-14T20:35:06.308+0000] {taskinstance.py:2076} INFO - Dependencies all met for dep_context=requeueable deps ti=<TaskInstance: fetch_spread_values.fetch_and_compute_spread_usd_mxn scheduled__2024-07-14T06:49:00+00:00 [queued]>
[2024-07-14T20:35:06.311+0000] {taskinstance.py:2306} INFO - Starting attempt 1 of 2
[2024-07-14T20:35:06.378+0000] {taskinstance.py:2330} INFO - Executing <Task(PythonOperator): fetch_and_compute_spread_usd_mxn> on 2024-07-14 06:49:00+00:00
[2024-07-14T20:35:06.389+0000] {logging_mixin.py:188} WARNING - /home/***/.local/lib/python3.12/site-packages/***/task/task_runner/standard_task_runner.py:61 DeprecationWarning: This process (pid=1984) is multi-threaded, use of fork() may lead to deadlocks in the child.
[2024-07-14T20:35:06.390+0000] {standard_task_runner.py:63} INFO - Started process 1990 to run task
[2024-07-14T20:35:06.388+0000] {standard_task_runner.py:90} INFO - Running: ['***', 'tasks', 'run', 'fetch_spread_values', 'fetch_and_compute_spread_usd_mxn', 'scheduled__2024-07-14T06:49:00+00:00', '--job-id', '890', '--raw', '--subdir', 'DAGS_FOLDER/***.py', '--cfg-path', '/tmp/tmpx21bbncd']
[2024-07-14T20:35:06.394+0000] {standard_task_runner.py:91} INFO - Job 890: Subtask fetch_and_compute_spread_usd_mxn
[2024-07-14T20:35:06.444+0000] {task_command.py:426} INFO - Running <TaskInstance: fetch_spread_values.fetch_and_compute_spread_usd_mxn scheduled__2024-07-14T06:49:00+00:00 [running]> on host 77caf7e4b282
[2024-07-14T20:35:06.568+0000] {taskinstance.py:2648} INFO - Exporting env vars: AIRFLOW_CTX_DAG_OWNER='***' AIRFLOW_CTX_DAG_ID='fetch_spread_values' AIRFLOW_CTX_TASK_ID='fetch_and_compute_spread_usd_mxn' AIRFLOW_CTX_EXECUTION_DATE='2024-07-14T06:49:00+00:00' AIRFLOW_CTX_TRY_NUMBER='1' AIRFLOW_CTX_DAG_RUN_ID='scheduled__2024-07-14T06:49:00+00:00'
[2024-07-14T20:35:06.569+0000] {taskinstance.py:430} INFO - ::endgroup::
[2024-07-14T20:35:06.754+0000] {python.py:237} INFO - Done. Returned value was: None
[2024-07-14T20:35:06.755+0000] {taskinstance.py:441} INFO - ::group::Post task execution logs
[2024-07-14T20:35:06.759+0000] {taskinstance.py:1206} INFO - Marking task as SUCCESS. dag_id=fetch_spread_values, task_id=fetch_and_compute_spread_usd_mxn, run_id=scheduled__2024-07-14T06:49:00+00:00, execution_date=20240714T064900, start_date=20240714T203506, end_date=20240714T203506
[2024-07-14T20:35:06.776+0000] {local_task_job_runner.py:240} INFO - Task exited with return code 0
[2024-07-14T20:35:06.786+0000] {taskinstance.py:3503} INFO - 0 downstream tasks scheduled from follow-on schedule check
[2024-07-14T20:35:06.787+0000] {local_task_job_runner.py:222} INFO - ::endgroup::
