[2024-07-14T09:01:19.003+0000] {local_task_job_runner.py:120} INFO - ::group::Pre task execution logs
[2024-07-14T09:01:19.097+0000] {taskinstance.py:2076} INFO - Dependencies all met for dep_context=non-requeueable deps ti=<TaskInstance: fetch_spread_values.fetch_and_compute_spread_usd_mxn scheduled__2024-07-14T04:54:00+00:00 [queued]>
[2024-07-14T09:01:19.182+0000] {taskinstance.py:2076} INFO - Dependencies all met for dep_context=requeueable deps ti=<TaskInstance: fetch_spread_values.fetch_and_compute_spread_usd_mxn scheduled__2024-07-14T04:54:00+00:00 [queued]>
[2024-07-14T09:01:19.188+0000] {taskinstance.py:2306} INFO - Starting attempt 1 of 2
[2024-07-14T09:01:19.407+0000] {taskinstance.py:2330} INFO - Executing <Task(PythonOperator): fetch_and_compute_spread_usd_mxn> on 2024-07-14 04:54:00+00:00
[2024-07-14T09:01:19.445+0000] {standard_task_runner.py:90} INFO - Running: ['***', 'tasks', 'run', 'fetch_spread_values', 'fetch_and_compute_spread_usd_mxn', 'scheduled__2024-07-14T04:54:00+00:00', '--job-id', '616', '--raw', '--subdir', 'DAGS_FOLDER/***.py', '--cfg-path', '/tmp/tmpj0_vmf14']
[2024-07-14T09:01:19.451+0000] {standard_task_runner.py:91} INFO - Job 616: Subtask fetch_and_compute_spread_usd_mxn
[2024-07-14T09:01:19.441+0000] {warnings.py:112} WARNING - /home/***/.local/lib/python3.12/site-packages/***/task/task_runner/standard_task_runner.py:61: DeprecationWarning: This process (pid=1924) is multi-threaded, use of fork() may lead to deadlocks in the child.
  pid = os.fork()

[2024-07-14T09:01:19.475+0000] {standard_task_runner.py:63} INFO - Started process 1955 to run task
[2024-07-14T09:01:19.677+0000] {task_command.py:426} INFO - Running <TaskInstance: fetch_spread_values.fetch_and_compute_spread_usd_mxn scheduled__2024-07-14T04:54:00+00:00 [running]> on host d537c34a4880
[2024-07-14T09:01:20.015+0000] {taskinstance.py:2648} INFO - Exporting env vars: AIRFLOW_CTX_DAG_OWNER='***' AIRFLOW_CTX_DAG_ID='fetch_spread_values' AIRFLOW_CTX_TASK_ID='fetch_and_compute_spread_usd_mxn' AIRFLOW_CTX_EXECUTION_DATE='2024-07-14T04:54:00+00:00' AIRFLOW_CTX_TRY_NUMBER='1' AIRFLOW_CTX_DAG_RUN_ID='scheduled__2024-07-14T04:54:00+00:00'
[2024-07-14T09:01:20.021+0000] {taskinstance.py:430} INFO - ::endgroup::
[2024-07-14T09:01:20.312+0000] {python.py:237} INFO - Done. Returned value was: None
[2024-07-14T09:01:20.325+0000] {taskinstance.py:441} INFO - ::group::Post task execution logs
[2024-07-14T09:01:20.353+0000] {taskinstance.py:1206} INFO - Marking task as SUCCESS. dag_id=fetch_spread_values, task_id=fetch_and_compute_spread_usd_mxn, run_id=scheduled__2024-07-14T04:54:00+00:00, execution_date=20240714T045400, start_date=20240714T090119, end_date=20240714T090120
[2024-07-14T09:01:20.432+0000] {local_task_job_runner.py:240} INFO - Task exited with return code 0
[2024-07-14T09:01:20.480+0000] {taskinstance.py:3503} INFO - 0 downstream tasks scheduled from follow-on schedule check
[2024-07-14T09:01:20.505+0000] {local_task_job_runner.py:222} INFO - ::endgroup::
[2024-07-14T20:34:12.096+0000] {local_task_job_runner.py:120} INFO - ::group::Pre task execution logs
[2024-07-14T20:34:12.125+0000] {taskinstance.py:2076} INFO - Dependencies all met for dep_context=non-requeueable deps ti=<TaskInstance: fetch_spread_values.fetch_and_compute_spread_usd_mxn scheduled__2024-07-14T04:54:00+00:00 [queued]>
[2024-07-14T20:34:12.130+0000] {taskinstance.py:2076} INFO - Dependencies all met for dep_context=requeueable deps ti=<TaskInstance: fetch_spread_values.fetch_and_compute_spread_usd_mxn scheduled__2024-07-14T04:54:00+00:00 [queued]>
[2024-07-14T20:34:12.132+0000] {taskinstance.py:2306} INFO - Starting attempt 1 of 2
[2024-07-14T20:34:12.139+0000] {taskinstance.py:2330} INFO - Executing <Task(PythonOperator): fetch_and_compute_spread_usd_mxn> on 2024-07-14 04:54:00+00:00
[2024-07-14T20:34:12.145+0000] {standard_task_runner.py:90} INFO - Running: ['***', 'tasks', 'run', 'fetch_spread_values', 'fetch_and_compute_spread_usd_mxn', 'scheduled__2024-07-14T04:54:00+00:00', '--job-id', '593', '--raw', '--subdir', 'DAGS_FOLDER/***.py', '--cfg-path', '/tmp/tmpfyjbijt6']
[2024-07-14T20:34:12.144+0000] {logging_mixin.py:188} WARNING - /home/***/.local/lib/python3.12/site-packages/***/task/task_runner/standard_task_runner.py:61 DeprecationWarning: This process (pid=1383) is multi-threaded, use of fork() may lead to deadlocks in the child.
[2024-07-14T20:34:12.151+0000] {standard_task_runner.py:63} INFO - Started process 1389 to run task
[2024-07-14T20:34:12.149+0000] {standard_task_runner.py:91} INFO - Job 593: Subtask fetch_and_compute_spread_usd_mxn
[2024-07-14T20:34:12.200+0000] {task_command.py:426} INFO - Running <TaskInstance: fetch_spread_values.fetch_and_compute_spread_usd_mxn scheduled__2024-07-14T04:54:00+00:00 [running]> on host 77caf7e4b282
[2024-07-14T20:34:12.278+0000] {taskinstance.py:2648} INFO - Exporting env vars: AIRFLOW_CTX_DAG_OWNER='***' AIRFLOW_CTX_DAG_ID='fetch_spread_values' AIRFLOW_CTX_TASK_ID='fetch_and_compute_spread_usd_mxn' AIRFLOW_CTX_EXECUTION_DATE='2024-07-14T04:54:00+00:00' AIRFLOW_CTX_TRY_NUMBER='1' AIRFLOW_CTX_DAG_RUN_ID='scheduled__2024-07-14T04:54:00+00:00'
[2024-07-14T20:34:12.282+0000] {taskinstance.py:430} INFO - ::endgroup::
[2024-07-14T20:34:12.512+0000] {python.py:237} INFO - Done. Returned value was: None
[2024-07-14T20:34:12.520+0000] {taskinstance.py:441} INFO - ::group::Post task execution logs
[2024-07-14T20:34:12.534+0000] {taskinstance.py:1206} INFO - Marking task as SUCCESS. dag_id=fetch_spread_values, task_id=fetch_and_compute_spread_usd_mxn, run_id=scheduled__2024-07-14T04:54:00+00:00, execution_date=20240714T045400, start_date=20240714T203412, end_date=20240714T203412
[2024-07-14T20:34:12.587+0000] {local_task_job_runner.py:240} INFO - Task exited with return code 0
[2024-07-14T20:34:12.606+0000] {taskinstance.py:3503} INFO - 0 downstream tasks scheduled from follow-on schedule check
[2024-07-14T20:34:12.627+0000] {local_task_job_runner.py:222} INFO - ::endgroup::
