[2024-07-14T09:05:13.725+0000] {local_task_job_runner.py:120} INFO - ::group::Pre task execution logs
[2024-07-14T09:05:13.806+0000] {taskinstance.py:2076} INFO - Dependencies all met for dep_context=non-requeueable deps ti=<TaskInstance: save_spread_values.save_and_flush_task scheduled__2024-07-14T02:10:00+00:00 [queued]>
[2024-07-14T09:05:13.890+0000] {taskinstance.py:2076} INFO - Dependencies all met for dep_context=requeueable deps ti=<TaskInstance: save_spread_values.save_and_flush_task scheduled__2024-07-14T02:10:00+00:00 [queued]>
[2024-07-14T09:05:13.902+0000] {taskinstance.py:2306} INFO - Starting attempt 1 of 2
[2024-07-14T09:05:13.954+0000] {taskinstance.py:2330} INFO - Executing <Task(PythonOperator): save_and_flush_task> on 2024-07-14 02:10:00+00:00
[2024-07-14T09:05:13.983+0000] {warnings.py:112} WARNING - /home/***/.local/lib/python3.12/site-packages/***/task/task_runner/standard_task_runner.py:61: DeprecationWarning: This process (pid=3502) is multi-threaded, use of fork() may lead to deadlocks in the child.
  pid = os.fork()

[2024-07-14T09:05:13.989+0000] {standard_task_runner.py:63} INFO - Started process 3528 to run task
[2024-07-14T09:05:13.993+0000] {standard_task_runner.py:90} INFO - Running: ['***', 'tasks', 'run', 'save_spread_values', 'save_and_flush_task', 'scheduled__2024-07-14T02:10:00+00:00', '--job-id', '1124', '--raw', '--subdir', 'DAGS_FOLDER/***.py', '--cfg-path', '/tmp/tmpds0ht6w_']
[2024-07-14T09:05:14.004+0000] {standard_task_runner.py:91} INFO - Job 1124: Subtask save_and_flush_task
[2024-07-14T09:05:14.155+0000] {task_command.py:426} INFO - Running <TaskInstance: save_spread_values.save_and_flush_task scheduled__2024-07-14T02:10:00+00:00 [running]> on host d537c34a4880
[2024-07-14T09:05:14.655+0000] {taskinstance.py:2648} INFO - Exporting env vars: AIRFLOW_CTX_DAG_OWNER='***' AIRFLOW_CTX_DAG_ID='save_spread_values' AIRFLOW_CTX_TASK_ID='save_and_flush_task' AIRFLOW_CTX_EXECUTION_DATE='2024-07-14T02:10:00+00:00' AIRFLOW_CTX_TRY_NUMBER='1' AIRFLOW_CTX_DAG_RUN_ID='scheduled__2024-07-14T02:10:00+00:00'
[2024-07-14T09:05:14.668+0000] {taskinstance.py:430} INFO - ::endgroup::
[2024-07-14T09:05:14.672+0000] {python.py:237} INFO - Done. Returned value was: None
[2024-07-14T09:05:14.689+0000] {taskinstance.py:441} INFO - ::group::Post task execution logs
[2024-07-14T09:05:14.746+0000] {taskinstance.py:1206} INFO - Marking task as SUCCESS. dag_id=save_spread_values, task_id=save_and_flush_task, run_id=scheduled__2024-07-14T02:10:00+00:00, execution_date=20240714T021000, start_date=20240714T090513, end_date=20240714T090514
[2024-07-14T09:05:14.836+0000] {local_task_job_runner.py:240} INFO - Task exited with return code 0
[2024-07-14T09:05:14.901+0000] {taskinstance.py:3503} INFO - 0 downstream tasks scheduled from follow-on schedule check
[2024-07-14T09:05:14.931+0000] {local_task_job_runner.py:222} INFO - ::endgroup::
[2024-07-14T20:34:40.507+0000] {local_task_job_runner.py:120} INFO - ::group::Pre task execution logs
[2024-07-14T20:34:40.565+0000] {taskinstance.py:2076} INFO - Dependencies all met for dep_context=non-requeueable deps ti=<TaskInstance: save_spread_values.save_and_flush_task scheduled__2024-07-14T02:10:00+00:00 [queued]>
[2024-07-14T20:34:40.582+0000] {taskinstance.py:2076} INFO - Dependencies all met for dep_context=requeueable deps ti=<TaskInstance: save_spread_values.save_and_flush_task scheduled__2024-07-14T02:10:00+00:00 [queued]>
[2024-07-14T20:34:40.586+0000] {taskinstance.py:2306} INFO - Starting attempt 1 of 2
[2024-07-14T20:34:40.605+0000] {taskinstance.py:2330} INFO - Executing <Task(PythonOperator): save_and_flush_task> on 2024-07-14 02:10:00+00:00
[2024-07-14T20:34:40.612+0000] {logging_mixin.py:188} WARNING - /home/***/.local/lib/python3.12/site-packages/***/task/task_runner/standard_task_runner.py:61 DeprecationWarning: This process (pid=1659) is multi-threaded, use of fork() may lead to deadlocks in the child.
[2024-07-14T20:34:40.617+0000] {standard_task_runner.py:63} INFO - Started process 1669 to run task
[2024-07-14T20:34:40.612+0000] {standard_task_runner.py:90} INFO - Running: ['***', 'tasks', 'run', 'save_spread_values', 'save_and_flush_task', 'scheduled__2024-07-14T02:10:00+00:00', '--job-id', '732', '--raw', '--subdir', 'DAGS_FOLDER/***.py', '--cfg-path', '/tmp/tmpazn34_5i']
[2024-07-14T20:34:40.619+0000] {standard_task_runner.py:91} INFO - Job 732: Subtask save_and_flush_task
[2024-07-14T20:34:40.662+0000] {task_command.py:426} INFO - Running <TaskInstance: save_spread_values.save_and_flush_task scheduled__2024-07-14T02:10:00+00:00 [running]> on host 77caf7e4b282
[2024-07-14T20:34:40.719+0000] {taskinstance.py:2648} INFO - Exporting env vars: AIRFLOW_CTX_DAG_OWNER='***' AIRFLOW_CTX_DAG_ID='save_spread_values' AIRFLOW_CTX_TASK_ID='save_and_flush_task' AIRFLOW_CTX_EXECUTION_DATE='2024-07-14T02:10:00+00:00' AIRFLOW_CTX_TRY_NUMBER='1' AIRFLOW_CTX_DAG_RUN_ID='scheduled__2024-07-14T02:10:00+00:00'
[2024-07-14T20:34:40.721+0000] {taskinstance.py:430} INFO - ::endgroup::
[2024-07-14T20:34:40.727+0000] {python.py:237} INFO - Done. Returned value was: None
[2024-07-14T20:34:40.728+0000] {taskinstance.py:441} INFO - ::group::Post task execution logs
[2024-07-14T20:34:40.734+0000] {taskinstance.py:1206} INFO - Marking task as SUCCESS. dag_id=save_spread_values, task_id=save_and_flush_task, run_id=scheduled__2024-07-14T02:10:00+00:00, execution_date=20240714T021000, start_date=20240714T203440, end_date=20240714T203440
[2024-07-14T20:34:40.759+0000] {local_task_job_runner.py:240} INFO - Task exited with return code 0
[2024-07-14T20:34:40.769+0000] {taskinstance.py:3503} INFO - 0 downstream tasks scheduled from follow-on schedule check
[2024-07-14T20:34:40.770+0000] {local_task_job_runner.py:222} INFO - ::endgroup::
[2024-07-15T06:30:21.232+0000] {local_task_job_runner.py:120} INFO - ::group::Pre task execution logs
[2024-07-15T06:30:21.249+0000] {taskinstance.py:2076} INFO - Dependencies all met for dep_context=non-requeueable deps ti=<TaskInstance: save_spread_values.save_and_flush_task scheduled__2024-07-14T02:10:00+00:00 [queued]>
[2024-07-15T06:30:21.253+0000] {taskinstance.py:2076} INFO - Dependencies all met for dep_context=requeueable deps ti=<TaskInstance: save_spread_values.save_and_flush_task scheduled__2024-07-14T02:10:00+00:00 [queued]>
[2024-07-15T06:30:21.253+0000] {taskinstance.py:2306} INFO - Starting attempt 1 of 2
[2024-07-15T06:30:21.261+0000] {taskinstance.py:2330} INFO - Executing <Task(PythonOperator): save_and_flush_task> on 2024-07-14 02:10:00+00:00
[2024-07-15T06:30:21.265+0000] {logging_mixin.py:188} WARNING - /home/***/.local/lib/python3.12/site-packages/***/task/task_runner/standard_task_runner.py:61 DeprecationWarning: This process (pid=2607) is multi-threaded, use of fork() may lead to deadlocks in the child.
[2024-07-15T06:30:21.265+0000] {standard_task_runner.py:90} INFO - Running: ['***', 'tasks', 'run', 'save_spread_values', 'save_and_flush_task', 'scheduled__2024-07-14T02:10:00+00:00', '--job-id', '55', '--raw', '--subdir', 'DAGS_FOLDER/et_dag.py', '--cfg-path', '/tmp/tmpyujw49m0']
[2024-07-15T06:30:21.267+0000] {standard_task_runner.py:63} INFO - Started process 2610 to run task
[2024-07-15T06:30:21.267+0000] {standard_task_runner.py:91} INFO - Job 55: Subtask save_and_flush_task
[2024-07-15T06:30:21.295+0000] {task_command.py:426} INFO - Running <TaskInstance: save_spread_values.save_and_flush_task scheduled__2024-07-14T02:10:00+00:00 [running]> on host 52e7a9c3d832
[2024-07-15T06:30:21.337+0000] {taskinstance.py:2648} INFO - Exporting env vars: AIRFLOW_CTX_DAG_OWNER='***' AIRFLOW_CTX_DAG_ID='save_spread_values' AIRFLOW_CTX_TASK_ID='save_and_flush_task' AIRFLOW_CTX_EXECUTION_DATE='2024-07-14T02:10:00+00:00' AIRFLOW_CTX_TRY_NUMBER='1' AIRFLOW_CTX_DAG_RUN_ID='scheduled__2024-07-14T02:10:00+00:00'
[2024-07-15T06:30:21.337+0000] {taskinstance.py:430} INFO - ::endgroup::
[2024-07-15T06:30:21.344+0000] {taskinstance.py:441} INFO - ::group::Post task execution logs
[2024-07-15T06:30:21.348+0000] {taskinstance.py:2905} ERROR - Task failed with exception
Traceback (most recent call last):
  File "/home/airflow/.local/lib/python3.12/site-packages/airflow/models/taskinstance.py", line 465, in _execute_task
    result = _execute_callable(context=context, **execute_callable_kwargs)
             ^^^^^^^^^^^^^^^^^^^^^^^^^^^^^^^^^^^^^^^^^^^^^^^^^^^^^^^^^^^^^
  File "/home/airflow/.local/lib/python3.12/site-packages/airflow/models/taskinstance.py", line 432, in _execute_callable
    return execute_callable(context=context, **execute_callable_kwargs)
           ^^^^^^^^^^^^^^^^^^^^^^^^^^^^^^^^^^^^^^^^^^^^^^^^^^^^^^^^^^^^
  File "/home/airflow/.local/lib/python3.12/site-packages/airflow/models/baseoperator.py", line 401, in wrapper
    return func(self, *args, **kwargs)
           ^^^^^^^^^^^^^^^^^^^^^^^^^^^
  File "/home/airflow/.local/lib/python3.12/site-packages/airflow/operators/python.py", line 235, in execute
    return_value = self.execute_callable()
                   ^^^^^^^^^^^^^^^^^^^^^^^
  File "/home/airflow/.local/lib/python3.12/site-packages/airflow/operators/python.py", line 252, in execute_callable
    return self.python_callable(*self.op_args, **self.op_kwargs)
           ^^^^^^^^^^^^^^^^^^^^^^^^^^^^^^^^^^^^^^^^^^^^^^^^^^^^^
  File "/opt/airflow/dags/et_dag.py", line 38, in trigger_save_and_flush
    logging('Invoking method to save data from records')
TypeError: 'module' object is not callable
[2024-07-15T06:30:21.403+0000] {taskinstance.py:1206} INFO - Marking task as UP_FOR_RETRY. dag_id=save_spread_values, task_id=save_and_flush_task, run_id=scheduled__2024-07-14T02:10:00+00:00, execution_date=20240714T021000, start_date=20240715T063021, end_date=20240715T063021
[2024-07-15T06:30:21.459+0000] {standard_task_runner.py:110} ERROR - Failed to execute job 55 for task save_and_flush_task ('module' object is not callable; 2610)
[2024-07-15T06:30:21.476+0000] {local_task_job_runner.py:240} INFO - Task exited with return code 1
[2024-07-15T06:30:21.484+0000] {taskinstance.py:3503} INFO - 0 downstream tasks scheduled from follow-on schedule check
[2024-07-15T06:30:21.485+0000] {local_task_job_runner.py:222} INFO - ::endgroup::
