[2024-07-14T09:02:06.292+0000] {local_task_job_runner.py:120} INFO - ::group::Pre task execution logs
[2024-07-14T09:02:06.366+0000] {taskinstance.py:2076} INFO - Dependencies all met for dep_context=non-requeueable deps ti=<TaskInstance: fetch_spread_values.fetch_and_compute_spread_btc_mxn scheduled__2024-07-14T05:46:00+00:00 [queued]>
[2024-07-14T09:02:06.383+0000] {taskinstance.py:2076} INFO - Dependencies all met for dep_context=requeueable deps ti=<TaskInstance: fetch_spread_values.fetch_and_compute_spread_btc_mxn scheduled__2024-07-14T05:46:00+00:00 [queued]>
[2024-07-14T09:02:06.384+0000] {taskinstance.py:2306} INFO - Starting attempt 1 of 2
[2024-07-14T09:02:06.400+0000] {taskinstance.py:2330} INFO - Executing <Task(PythonOperator): fetch_and_compute_spread_btc_mxn> on 2024-07-14 05:46:00+00:00
[2024-07-14T09:02:06.410+0000] {warnings.py:112} WARNING - /home/***/.local/lib/python3.12/site-packages/***/task/task_runner/standard_task_runner.py:61: DeprecationWarning: This process (pid=2250) is multi-threaded, use of fork() may lead to deadlocks in the child.
  pid = os.fork()

[2024-07-14T09:02:06.417+0000] {standard_task_runner.py:63} INFO - Started process 2280 to run task
[2024-07-14T09:02:06.409+0000] {standard_task_runner.py:90} INFO - Running: ['***', 'tasks', 'run', 'fetch_spread_values', 'fetch_and_compute_spread_btc_mxn', 'scheduled__2024-07-14T05:46:00+00:00', '--job-id', '721', '--raw', '--subdir', 'DAGS_FOLDER/***.py', '--cfg-path', '/tmp/tmpx2zprd9s']
[2024-07-14T09:02:06.435+0000] {standard_task_runner.py:91} INFO - Job 721: Subtask fetch_and_compute_spread_btc_mxn
[2024-07-14T09:02:06.552+0000] {task_command.py:426} INFO - Running <TaskInstance: fetch_spread_values.fetch_and_compute_spread_btc_mxn scheduled__2024-07-14T05:46:00+00:00 [running]> on host d537c34a4880
[2024-07-14T09:02:06.788+0000] {taskinstance.py:2648} INFO - Exporting env vars: AIRFLOW_CTX_DAG_OWNER='***' AIRFLOW_CTX_DAG_ID='fetch_spread_values' AIRFLOW_CTX_TASK_ID='fetch_and_compute_spread_btc_mxn' AIRFLOW_CTX_EXECUTION_DATE='2024-07-14T05:46:00+00:00' AIRFLOW_CTX_TRY_NUMBER='1' AIRFLOW_CTX_DAG_RUN_ID='scheduled__2024-07-14T05:46:00+00:00'
[2024-07-14T09:02:06.794+0000] {taskinstance.py:430} INFO - ::endgroup::
[2024-07-14T09:02:07.012+0000] {python.py:237} INFO - Done. Returned value was: None
[2024-07-14T09:02:07.020+0000] {taskinstance.py:441} INFO - ::group::Post task execution logs
[2024-07-14T09:02:07.040+0000] {taskinstance.py:1206} INFO - Marking task as SUCCESS. dag_id=fetch_spread_values, task_id=fetch_and_compute_spread_btc_mxn, run_id=scheduled__2024-07-14T05:46:00+00:00, execution_date=20240714T054600, start_date=20240714T090206, end_date=20240714T090207
[2024-07-14T09:02:07.104+0000] {local_task_job_runner.py:240} INFO - Task exited with return code 0
[2024-07-14T09:02:07.159+0000] {taskinstance.py:3503} INFO - 0 downstream tasks scheduled from follow-on schedule check
[2024-07-14T09:02:07.170+0000] {local_task_job_runner.py:222} INFO - ::endgroup::
[2024-07-14T20:34:35.945+0000] {local_task_job_runner.py:120} INFO - ::group::Pre task execution logs
[2024-07-14T20:34:36.002+0000] {taskinstance.py:2076} INFO - Dependencies all met for dep_context=non-requeueable deps ti=<TaskInstance: fetch_spread_values.fetch_and_compute_spread_btc_mxn scheduled__2024-07-14T05:46:00+00:00 [queued]>
[2024-07-14T20:34:36.032+0000] {taskinstance.py:2076} INFO - Dependencies all met for dep_context=requeueable deps ti=<TaskInstance: fetch_spread_values.fetch_and_compute_spread_btc_mxn scheduled__2024-07-14T05:46:00+00:00 [queued]>
[2024-07-14T20:34:36.034+0000] {taskinstance.py:2306} INFO - Starting attempt 1 of 2
[2024-07-14T20:34:36.088+0000] {taskinstance.py:2330} INFO - Executing <Task(PythonOperator): fetch_and_compute_spread_btc_mxn> on 2024-07-14 05:46:00+00:00
[2024-07-14T20:34:36.103+0000] {standard_task_runner.py:90} INFO - Running: ['***', 'tasks', 'run', 'fetch_spread_values', 'fetch_and_compute_spread_btc_mxn', 'scheduled__2024-07-14T05:46:00+00:00', '--job-id', '703', '--raw', '--subdir', 'DAGS_FOLDER/***.py', '--cfg-path', '/tmp/tmpnqiepj8q']
[2024-07-14T20:34:36.116+0000] {standard_task_runner.py:91} INFO - Job 703: Subtask fetch_and_compute_spread_btc_mxn
[2024-07-14T20:34:36.107+0000] {logging_mixin.py:188} WARNING - /home/***/.local/lib/python3.12/site-packages/***/task/task_runner/standard_task_runner.py:61 DeprecationWarning: This process (pid=1600) is multi-threaded, use of fork() may lead to deadlocks in the child.
[2024-07-14T20:34:36.119+0000] {standard_task_runner.py:63} INFO - Started process 1615 to run task
[2024-07-14T20:34:36.181+0000] {task_command.py:426} INFO - Running <TaskInstance: fetch_spread_values.fetch_and_compute_spread_btc_mxn scheduled__2024-07-14T05:46:00+00:00 [running]> on host 77caf7e4b282
[2024-07-14T20:34:36.334+0000] {taskinstance.py:2648} INFO - Exporting env vars: AIRFLOW_CTX_DAG_OWNER='***' AIRFLOW_CTX_DAG_ID='fetch_spread_values' AIRFLOW_CTX_TASK_ID='fetch_and_compute_spread_btc_mxn' AIRFLOW_CTX_EXECUTION_DATE='2024-07-14T05:46:00+00:00' AIRFLOW_CTX_TRY_NUMBER='1' AIRFLOW_CTX_DAG_RUN_ID='scheduled__2024-07-14T05:46:00+00:00'
[2024-07-14T20:34:36.337+0000] {taskinstance.py:430} INFO - ::endgroup::
[2024-07-14T20:34:36.524+0000] {python.py:237} INFO - Done. Returned value was: None
[2024-07-14T20:34:36.524+0000] {taskinstance.py:441} INFO - ::group::Post task execution logs
[2024-07-14T20:34:36.531+0000] {taskinstance.py:1206} INFO - Marking task as SUCCESS. dag_id=fetch_spread_values, task_id=fetch_and_compute_spread_btc_mxn, run_id=scheduled__2024-07-14T05:46:00+00:00, execution_date=20240714T054600, start_date=20240714T203436, end_date=20240714T203436
[2024-07-14T20:34:36.555+0000] {local_task_job_runner.py:240} INFO - Task exited with return code 0
[2024-07-14T20:34:36.564+0000] {taskinstance.py:3503} INFO - 0 downstream tasks scheduled from follow-on schedule check
[2024-07-14T20:34:36.565+0000] {local_task_job_runner.py:222} INFO - ::endgroup::
