[2024-07-14T09:02:15.769+0000] {local_task_job_runner.py:120} INFO - ::group::Pre task execution logs
[2024-07-14T09:02:15.782+0000] {taskinstance.py:2076} INFO - Dependencies all met for dep_context=non-requeueable deps ti=<TaskInstance: fetch_spread_values.fetch_and_compute_spread_usd_mxn scheduled__2024-07-14T05:59:00+00:00 [queued]>
[2024-07-14T09:02:15.788+0000] {taskinstance.py:2076} INFO - Dependencies all met for dep_context=requeueable deps ti=<TaskInstance: fetch_spread_values.fetch_and_compute_spread_usd_mxn scheduled__2024-07-14T05:59:00+00:00 [queued]>
[2024-07-14T09:02:15.788+0000] {taskinstance.py:2306} INFO - Starting attempt 1 of 2
[2024-07-14T09:02:15.798+0000] {taskinstance.py:2330} INFO - Executing <Task(PythonOperator): fetch_and_compute_spread_usd_mxn> on 2024-07-14 05:59:00+00:00
[2024-07-14T09:02:15.804+0000] {warnings.py:112} WARNING - /home/***/.local/lib/python3.12/site-packages/***/task/task_runner/standard_task_runner.py:61: DeprecationWarning: This process (pid=2333) is multi-threaded, use of fork() may lead to deadlocks in the child.
  pid = os.fork()

[2024-07-14T09:02:15.804+0000] {standard_task_runner.py:90} INFO - Running: ['***', 'tasks', 'run', 'fetch_spread_values', 'fetch_and_compute_spread_usd_mxn', 'scheduled__2024-07-14T05:59:00+00:00', '--job-id', '749', '--raw', '--subdir', 'DAGS_FOLDER/***.py', '--cfg-path', '/tmp/tmpbpeagmzi']
[2024-07-14T09:02:15.806+0000] {standard_task_runner.py:63} INFO - Started process 2352 to run task
[2024-07-14T09:02:15.806+0000] {standard_task_runner.py:91} INFO - Job 749: Subtask fetch_and_compute_spread_usd_mxn
[2024-07-14T09:02:15.850+0000] {task_command.py:426} INFO - Running <TaskInstance: fetch_spread_values.fetch_and_compute_spread_usd_mxn scheduled__2024-07-14T05:59:00+00:00 [running]> on host d537c34a4880
[2024-07-14T09:02:15.926+0000] {taskinstance.py:2648} INFO - Exporting env vars: AIRFLOW_CTX_DAG_OWNER='***' AIRFLOW_CTX_DAG_ID='fetch_spread_values' AIRFLOW_CTX_TASK_ID='fetch_and_compute_spread_usd_mxn' AIRFLOW_CTX_EXECUTION_DATE='2024-07-14T05:59:00+00:00' AIRFLOW_CTX_TRY_NUMBER='1' AIRFLOW_CTX_DAG_RUN_ID='scheduled__2024-07-14T05:59:00+00:00'
[2024-07-14T09:02:15.927+0000] {taskinstance.py:430} INFO - ::endgroup::
[2024-07-14T09:02:16.072+0000] {python.py:237} INFO - Done. Returned value was: None
[2024-07-14T09:02:16.073+0000] {taskinstance.py:441} INFO - ::group::Post task execution logs
[2024-07-14T09:02:16.079+0000] {taskinstance.py:1206} INFO - Marking task as SUCCESS. dag_id=fetch_spread_values, task_id=fetch_and_compute_spread_usd_mxn, run_id=scheduled__2024-07-14T05:59:00+00:00, execution_date=20240714T055900, start_date=20240714T090215, end_date=20240714T090216
[2024-07-14T09:02:16.112+0000] {local_task_job_runner.py:240} INFO - Task exited with return code 0
[2024-07-14T09:02:16.127+0000] {taskinstance.py:3503} INFO - 0 downstream tasks scheduled from follow-on schedule check
[2024-07-14T09:02:16.128+0000] {local_task_job_runner.py:222} INFO - ::endgroup::
[2024-07-14T20:34:42.643+0000] {local_task_job_runner.py:120} INFO - ::group::Pre task execution logs
[2024-07-14T20:34:42.672+0000] {taskinstance.py:2076} INFO - Dependencies all met for dep_context=non-requeueable deps ti=<TaskInstance: fetch_spread_values.fetch_and_compute_spread_usd_mxn scheduled__2024-07-14T05:59:00+00:00 [queued]>
[2024-07-14T20:34:42.680+0000] {taskinstance.py:2076} INFO - Dependencies all met for dep_context=requeueable deps ti=<TaskInstance: fetch_spread_values.fetch_and_compute_spread_usd_mxn scheduled__2024-07-14T05:59:00+00:00 [queued]>
[2024-07-14T20:34:42.683+0000] {taskinstance.py:2306} INFO - Starting attempt 1 of 2
[2024-07-14T20:34:42.693+0000] {taskinstance.py:2330} INFO - Executing <Task(PythonOperator): fetch_and_compute_spread_usd_mxn> on 2024-07-14 05:59:00+00:00
[2024-07-14T20:34:42.698+0000] {logging_mixin.py:188} WARNING - /home/***/.local/lib/python3.12/site-packages/***/task/task_runner/standard_task_runner.py:61 DeprecationWarning: This process (pid=1677) is multi-threaded, use of fork() may lead to deadlocks in the child.
[2024-07-14T20:34:42.699+0000] {standard_task_runner.py:63} INFO - Started process 1687 to run task
[2024-07-14T20:34:42.706+0000] {standard_task_runner.py:90} INFO - Running: ['***', 'tasks', 'run', 'fetch_spread_values', 'fetch_and_compute_spread_usd_mxn', 'scheduled__2024-07-14T05:59:00+00:00', '--job-id', '739', '--raw', '--subdir', 'DAGS_FOLDER/***.py', '--cfg-path', '/tmp/tmpbwc951nb']
[2024-07-14T20:34:42.711+0000] {standard_task_runner.py:91} INFO - Job 739: Subtask fetch_and_compute_spread_usd_mxn
[2024-07-14T20:34:42.756+0000] {task_command.py:426} INFO - Running <TaskInstance: fetch_spread_values.fetch_and_compute_spread_usd_mxn scheduled__2024-07-14T05:59:00+00:00 [running]> on host 77caf7e4b282
[2024-07-14T20:34:42.868+0000] {taskinstance.py:2648} INFO - Exporting env vars: AIRFLOW_CTX_DAG_OWNER='***' AIRFLOW_CTX_DAG_ID='fetch_spread_values' AIRFLOW_CTX_TASK_ID='fetch_and_compute_spread_usd_mxn' AIRFLOW_CTX_EXECUTION_DATE='2024-07-14T05:59:00+00:00' AIRFLOW_CTX_TRY_NUMBER='1' AIRFLOW_CTX_DAG_RUN_ID='scheduled__2024-07-14T05:59:00+00:00'
[2024-07-14T20:34:42.871+0000] {taskinstance.py:430} INFO - ::endgroup::
[2024-07-14T20:34:43.084+0000] {python.py:237} INFO - Done. Returned value was: None
[2024-07-14T20:34:43.090+0000] {taskinstance.py:441} INFO - ::group::Post task execution logs
[2024-07-14T20:34:43.104+0000] {taskinstance.py:1206} INFO - Marking task as SUCCESS. dag_id=fetch_spread_values, task_id=fetch_and_compute_spread_usd_mxn, run_id=scheduled__2024-07-14T05:59:00+00:00, execution_date=20240714T055900, start_date=20240714T203442, end_date=20240714T203443
[2024-07-14T20:34:43.212+0000] {local_task_job_runner.py:240} INFO - Task exited with return code 0
[2024-07-14T20:34:43.240+0000] {taskinstance.py:3503} INFO - 0 downstream tasks scheduled from follow-on schedule check
[2024-07-14T20:34:43.254+0000] {local_task_job_runner.py:222} INFO - ::endgroup::
