[2024-07-14T18:10:47.471+0000] {local_task_job_runner.py:120} INFO - ::group::Pre task execution logs
[2024-07-14T18:10:47.578+0000] {taskinstance.py:2076} INFO - Dependencies all met for dep_context=non-requeueable deps ti=<TaskInstance: fetch_spread_values.fetch_and_compute_spread_btc_mxn scheduled__2024-07-14T17:55:00+00:00 [queued]>
[2024-07-14T18:10:47.630+0000] {taskinstance.py:2076} INFO - Dependencies all met for dep_context=requeueable deps ti=<TaskInstance: fetch_spread_values.fetch_and_compute_spread_btc_mxn scheduled__2024-07-14T17:55:00+00:00 [queued]>
[2024-07-14T18:10:47.639+0000] {taskinstance.py:2306} INFO - Starting attempt 1 of 2
[2024-07-14T18:10:47.721+0000] {taskinstance.py:2330} INFO - Executing <Task(PythonOperator): fetch_and_compute_spread_btc_mxn> on 2024-07-14 17:55:00+00:00
[2024-07-14T18:10:47.769+0000] {warnings.py:112} WARNING - /home/***/.local/lib/python3.12/site-packages/***/task/task_runner/standard_task_runner.py:61: DeprecationWarning: This process (pid=7630) is multi-threaded, use of fork() may lead to deadlocks in the child.
  pid = os.fork()

[2024-07-14T18:10:47.784+0000] {standard_task_runner.py:63} INFO - Started process 7666 to run task
[2024-07-14T18:10:47.773+0000] {standard_task_runner.py:90} INFO - Running: ['***', 'tasks', 'run', 'fetch_spread_values', 'fetch_and_compute_spread_btc_mxn', 'scheduled__2024-07-14T17:55:00+00:00', '--job-id', '2305', '--raw', '--subdir', 'DAGS_FOLDER/***.py', '--cfg-path', '/tmp/tmpkwpy_s2j']
[2024-07-14T18:10:47.786+0000] {standard_task_runner.py:91} INFO - Job 2305: Subtask fetch_and_compute_spread_btc_mxn
[2024-07-14T18:10:47.946+0000] {task_command.py:426} INFO - Running <TaskInstance: fetch_spread_values.fetch_and_compute_spread_btc_mxn scheduled__2024-07-14T17:55:00+00:00 [running]> on host d537c34a4880
[2024-07-14T18:10:48.266+0000] {taskinstance.py:2648} INFO - Exporting env vars: AIRFLOW_CTX_DAG_OWNER='***' AIRFLOW_CTX_DAG_ID='fetch_spread_values' AIRFLOW_CTX_TASK_ID='fetch_and_compute_spread_btc_mxn' AIRFLOW_CTX_EXECUTION_DATE='2024-07-14T17:55:00+00:00' AIRFLOW_CTX_TRY_NUMBER='1' AIRFLOW_CTX_DAG_RUN_ID='scheduled__2024-07-14T17:55:00+00:00'
[2024-07-14T18:10:48.275+0000] {taskinstance.py:430} INFO - ::endgroup::
[2024-07-14T18:10:48.646+0000] {python.py:237} INFO - Done. Returned value was: None
[2024-07-14T18:10:48.664+0000] {taskinstance.py:441} INFO - ::group::Post task execution logs
[2024-07-14T18:10:48.761+0000] {taskinstance.py:1206} INFO - Marking task as SUCCESS. dag_id=fetch_spread_values, task_id=fetch_and_compute_spread_btc_mxn, run_id=scheduled__2024-07-14T17:55:00+00:00, execution_date=20240714T175500, start_date=20240714T181047, end_date=20240714T181048
[2024-07-14T18:10:48.864+0000] {local_task_job_runner.py:240} INFO - Task exited with return code 0
[2024-07-14T18:10:48.903+0000] {taskinstance.py:3503} INFO - 0 downstream tasks scheduled from follow-on schedule check
[2024-07-14T18:10:48.932+0000] {local_task_job_runner.py:222} INFO - ::endgroup::
[2024-07-14T20:39:36.497+0000] {local_task_job_runner.py:120} INFO - ::group::Pre task execution logs
[2024-07-14T20:39:36.531+0000] {taskinstance.py:2076} INFO - Dependencies all met for dep_context=non-requeueable deps ti=<TaskInstance: fetch_spread_values.fetch_and_compute_spread_btc_mxn scheduled__2024-07-14T17:55:00+00:00 [queued]>
[2024-07-14T20:39:36.540+0000] {taskinstance.py:2076} INFO - Dependencies all met for dep_context=requeueable deps ti=<TaskInstance: fetch_spread_values.fetch_and_compute_spread_btc_mxn scheduled__2024-07-14T17:55:00+00:00 [queued]>
[2024-07-14T20:39:36.542+0000] {taskinstance.py:2306} INFO - Starting attempt 1 of 2
[2024-07-14T20:39:36.575+0000] {taskinstance.py:2330} INFO - Executing <Task(PythonOperator): fetch_and_compute_spread_btc_mxn> on 2024-07-14 17:55:00+00:00
[2024-07-14T20:39:36.579+0000] {logging_mixin.py:188} WARNING - /home/***/.local/lib/python3.12/site-packages/***/task/task_runner/standard_task_runner.py:61 DeprecationWarning: This process (pid=4804) is multi-threaded, use of fork() may lead to deadlocks in the child.
[2024-07-14T20:39:36.581+0000] {standard_task_runner.py:63} INFO - Started process 4814 to run task
[2024-07-14T20:39:36.584+0000] {standard_task_runner.py:90} INFO - Running: ['***', 'tasks', 'run', 'fetch_spread_values', 'fetch_and_compute_spread_btc_mxn', 'scheduled__2024-07-14T17:55:00+00:00', '--job-id', '2279', '--raw', '--subdir', 'DAGS_FOLDER/***.py', '--cfg-path', '/tmp/tmpzpoa7va1']
[2024-07-14T20:39:36.590+0000] {standard_task_runner.py:91} INFO - Job 2279: Subtask fetch_and_compute_spread_btc_mxn
[2024-07-14T20:39:36.651+0000] {task_command.py:426} INFO - Running <TaskInstance: fetch_spread_values.fetch_and_compute_spread_btc_mxn scheduled__2024-07-14T17:55:00+00:00 [running]> on host 77caf7e4b282
[2024-07-14T20:39:36.744+0000] {taskinstance.py:2648} INFO - Exporting env vars: AIRFLOW_CTX_DAG_OWNER='***' AIRFLOW_CTX_DAG_ID='fetch_spread_values' AIRFLOW_CTX_TASK_ID='fetch_and_compute_spread_btc_mxn' AIRFLOW_CTX_EXECUTION_DATE='2024-07-14T17:55:00+00:00' AIRFLOW_CTX_TRY_NUMBER='1' AIRFLOW_CTX_DAG_RUN_ID='scheduled__2024-07-14T17:55:00+00:00'
[2024-07-14T20:39:36.746+0000] {taskinstance.py:430} INFO - ::endgroup::
[2024-07-14T20:39:36.923+0000] {python.py:237} INFO - Done. Returned value was: None
[2024-07-14T20:39:36.923+0000] {taskinstance.py:441} INFO - ::group::Post task execution logs
[2024-07-14T20:39:36.933+0000] {taskinstance.py:1206} INFO - Marking task as SUCCESS. dag_id=fetch_spread_values, task_id=fetch_and_compute_spread_btc_mxn, run_id=scheduled__2024-07-14T17:55:00+00:00, execution_date=20240714T175500, start_date=20240714T203936, end_date=20240714T203936
[2024-07-14T20:39:36.983+0000] {local_task_job_runner.py:240} INFO - Task exited with return code 0
[2024-07-14T20:39:37.016+0000] {taskinstance.py:3503} INFO - 0 downstream tasks scheduled from follow-on schedule check
[2024-07-14T20:39:37.018+0000] {local_task_job_runner.py:222} INFO - ::endgroup::
