[2024-07-14T10:48:13.243+0000] {local_task_job_runner.py:120} INFO - ::group::Pre task execution logs
[2024-07-14T10:48:13.328+0000] {taskinstance.py:2076} INFO - Dependencies all met for dep_context=non-requeueable deps ti=<TaskInstance: fetch_spread_values.fetch_and_compute_spread_usd_mxn scheduled__2024-07-14T10:35:00+00:00 [queued]>
[2024-07-14T10:48:13.347+0000] {taskinstance.py:2076} INFO - Dependencies all met for dep_context=requeueable deps ti=<TaskInstance: fetch_spread_values.fetch_and_compute_spread_usd_mxn scheduled__2024-07-14T10:35:00+00:00 [queued]>
[2024-07-14T10:48:13.353+0000] {taskinstance.py:2306} INFO - Starting attempt 1 of 2
[2024-07-14T10:48:13.376+0000] {taskinstance.py:2330} INFO - Executing <Task(PythonOperator): fetch_and_compute_spread_usd_mxn> on 2024-07-14 10:35:00+00:00
[2024-07-14T10:48:13.386+0000] {warnings.py:112} WARNING - /home/***/.local/lib/python3.12/site-packages/***/task/task_runner/standard_task_runner.py:61: DeprecationWarning: This process (pid=4568) is multi-threaded, use of fork() may lead to deadlocks in the child.
  pid = os.fork()

[2024-07-14T10:48:13.387+0000] {standard_task_runner.py:63} INFO - Started process 4595 to run task
[2024-07-14T10:48:13.387+0000] {standard_task_runner.py:90} INFO - Running: ['***', 'tasks', 'run', 'fetch_spread_values', 'fetch_and_compute_spread_usd_mxn', 'scheduled__2024-07-14T10:35:00+00:00', '--job-id', '1362', '--raw', '--subdir', 'DAGS_FOLDER/***.py', '--cfg-path', '/tmp/tmpmgjdcqo9']
[2024-07-14T10:48:13.396+0000] {standard_task_runner.py:91} INFO - Job 1362: Subtask fetch_and_compute_spread_usd_mxn
[2024-07-14T10:48:13.588+0000] {task_command.py:426} INFO - Running <TaskInstance: fetch_spread_values.fetch_and_compute_spread_usd_mxn scheduled__2024-07-14T10:35:00+00:00 [running]> on host d537c34a4880
[2024-07-14T10:48:13.866+0000] {taskinstance.py:2648} INFO - Exporting env vars: AIRFLOW_CTX_DAG_OWNER='***' AIRFLOW_CTX_DAG_ID='fetch_spread_values' AIRFLOW_CTX_TASK_ID='fetch_and_compute_spread_usd_mxn' AIRFLOW_CTX_EXECUTION_DATE='2024-07-14T10:35:00+00:00' AIRFLOW_CTX_TRY_NUMBER='1' AIRFLOW_CTX_DAG_RUN_ID='scheduled__2024-07-14T10:35:00+00:00'
[2024-07-14T10:48:13.877+0000] {taskinstance.py:430} INFO - ::endgroup::
[2024-07-14T10:48:14.138+0000] {python.py:237} INFO - Done. Returned value was: None
[2024-07-14T10:48:14.147+0000] {taskinstance.py:441} INFO - ::group::Post task execution logs
[2024-07-14T10:48:14.182+0000] {taskinstance.py:1206} INFO - Marking task as SUCCESS. dag_id=fetch_spread_values, task_id=fetch_and_compute_spread_usd_mxn, run_id=scheduled__2024-07-14T10:35:00+00:00, execution_date=20240714T103500, start_date=20240714T104813, end_date=20240714T104814
[2024-07-14T10:48:14.254+0000] {local_task_job_runner.py:240} INFO - Task exited with return code 0
[2024-07-14T10:48:14.287+0000] {taskinstance.py:3503} INFO - 0 downstream tasks scheduled from follow-on schedule check
[2024-07-14T10:48:14.296+0000] {local_task_job_runner.py:222} INFO - ::endgroup::
[2024-07-14T20:36:53.344+0000] {local_task_job_runner.py:120} INFO - ::group::Pre task execution logs
[2024-07-14T20:36:53.403+0000] {taskinstance.py:2076} INFO - Dependencies all met for dep_context=non-requeueable deps ti=<TaskInstance: fetch_spread_values.fetch_and_compute_spread_usd_mxn scheduled__2024-07-14T10:35:00+00:00 [queued]>
[2024-07-14T20:36:53.410+0000] {taskinstance.py:2076} INFO - Dependencies all met for dep_context=requeueable deps ti=<TaskInstance: fetch_spread_values.fetch_and_compute_spread_usd_mxn scheduled__2024-07-14T10:35:00+00:00 [queued]>
[2024-07-14T20:36:53.411+0000] {taskinstance.py:2306} INFO - Starting attempt 1 of 2
[2024-07-14T20:36:53.428+0000] {taskinstance.py:2330} INFO - Executing <Task(PythonOperator): fetch_and_compute_spread_usd_mxn> on 2024-07-14 10:35:00+00:00
[2024-07-14T20:36:53.437+0000] {logging_mixin.py:188} WARNING - /home/***/.local/lib/python3.12/site-packages/***/task/task_runner/standard_task_runner.py:61 DeprecationWarning: This process (pid=3021) is multi-threaded, use of fork() may lead to deadlocks in the child.
[2024-07-14T20:36:53.440+0000] {standard_task_runner.py:63} INFO - Started process 3028 to run task
[2024-07-14T20:36:53.439+0000] {standard_task_runner.py:90} INFO - Running: ['***', 'tasks', 'run', 'fetch_spread_values', 'fetch_and_compute_spread_usd_mxn', 'scheduled__2024-07-14T10:35:00+00:00', '--job-id', '1399', '--raw', '--subdir', 'DAGS_FOLDER/***.py', '--cfg-path', '/tmp/tmp3ob5pmt8']
[2024-07-14T20:36:53.444+0000] {standard_task_runner.py:91} INFO - Job 1399: Subtask fetch_and_compute_spread_usd_mxn
[2024-07-14T20:36:53.512+0000] {task_command.py:426} INFO - Running <TaskInstance: fetch_spread_values.fetch_and_compute_spread_usd_mxn scheduled__2024-07-14T10:35:00+00:00 [running]> on host 77caf7e4b282
[2024-07-14T20:36:53.613+0000] {taskinstance.py:2648} INFO - Exporting env vars: AIRFLOW_CTX_DAG_OWNER='***' AIRFLOW_CTX_DAG_ID='fetch_spread_values' AIRFLOW_CTX_TASK_ID='fetch_and_compute_spread_usd_mxn' AIRFLOW_CTX_EXECUTION_DATE='2024-07-14T10:35:00+00:00' AIRFLOW_CTX_TRY_NUMBER='1' AIRFLOW_CTX_DAG_RUN_ID='scheduled__2024-07-14T10:35:00+00:00'
[2024-07-14T20:36:53.615+0000] {taskinstance.py:430} INFO - ::endgroup::
[2024-07-14T20:36:53.792+0000] {python.py:237} INFO - Done. Returned value was: None
[2024-07-14T20:36:53.793+0000] {taskinstance.py:441} INFO - ::group::Post task execution logs
[2024-07-14T20:36:53.800+0000] {taskinstance.py:1206} INFO - Marking task as SUCCESS. dag_id=fetch_spread_values, task_id=fetch_and_compute_spread_usd_mxn, run_id=scheduled__2024-07-14T10:35:00+00:00, execution_date=20240714T103500, start_date=20240714T203653, end_date=20240714T203653
[2024-07-14T20:36:53.836+0000] {local_task_job_runner.py:240} INFO - Task exited with return code 0
[2024-07-14T20:36:53.847+0000] {taskinstance.py:3503} INFO - 0 downstream tasks scheduled from follow-on schedule check
[2024-07-14T20:36:53.848+0000] {local_task_job_runner.py:222} INFO - ::endgroup::
