[2024-07-14T13:31:29.185+0000] {local_task_job_runner.py:120} INFO - ::group::Pre task execution logs
[2024-07-14T13:31:29.203+0000] {taskinstance.py:2076} INFO - Dependencies all met for dep_context=non-requeueable deps ti=<TaskInstance: fetch_spread_values.fetch_and_compute_spread_btc_mxn scheduled__2024-07-14T13:27:00+00:00 [queued]>
[2024-07-14T13:31:29.210+0000] {taskinstance.py:2076} INFO - Dependencies all met for dep_context=requeueable deps ti=<TaskInstance: fetch_spread_values.fetch_and_compute_spread_btc_mxn scheduled__2024-07-14T13:27:00+00:00 [queued]>
[2024-07-14T13:31:29.215+0000] {taskinstance.py:2306} INFO - Starting attempt 1 of 2
[2024-07-14T13:31:29.229+0000] {taskinstance.py:2330} INFO - Executing <Task(PythonOperator): fetch_and_compute_spread_btc_mxn> on 2024-07-14 13:27:00+00:00
[2024-07-14T13:31:29.234+0000] {warnings.py:112} WARNING - /home/***/.local/lib/python3.12/site-packages/***/task/task_runner/standard_task_runner.py:61: DeprecationWarning: This process (pid=5744) is multi-threaded, use of fork() may lead to deadlocks in the child.
  pid = os.fork()

[2024-07-14T13:31:29.239+0000] {standard_task_runner.py:63} INFO - Started process 5774 to run task
[2024-07-14T13:31:29.237+0000] {standard_task_runner.py:90} INFO - Running: ['***', 'tasks', 'run', 'fetch_spread_values', 'fetch_and_compute_spread_btc_mxn', 'scheduled__2024-07-14T13:27:00+00:00', '--job-id', '1730', '--raw', '--subdir', 'DAGS_FOLDER/***.py', '--cfg-path', '/tmp/tmpt1ri2eby']
[2024-07-14T13:31:29.242+0000] {standard_task_runner.py:91} INFO - Job 1730: Subtask fetch_and_compute_spread_btc_mxn
[2024-07-14T13:31:29.314+0000] {task_command.py:426} INFO - Running <TaskInstance: fetch_spread_values.fetch_and_compute_spread_btc_mxn scheduled__2024-07-14T13:27:00+00:00 [running]> on host d537c34a4880
[2024-07-14T13:31:29.412+0000] {taskinstance.py:2648} INFO - Exporting env vars: AIRFLOW_CTX_DAG_OWNER='***' AIRFLOW_CTX_DAG_ID='fetch_spread_values' AIRFLOW_CTX_TASK_ID='fetch_and_compute_spread_btc_mxn' AIRFLOW_CTX_EXECUTION_DATE='2024-07-14T13:27:00+00:00' AIRFLOW_CTX_TRY_NUMBER='1' AIRFLOW_CTX_DAG_RUN_ID='scheduled__2024-07-14T13:27:00+00:00'
[2024-07-14T13:31:29.415+0000] {taskinstance.py:430} INFO - ::endgroup::
[2024-07-14T13:31:29.580+0000] {python.py:237} INFO - Done. Returned value was: None
[2024-07-14T13:31:29.581+0000] {taskinstance.py:441} INFO - ::group::Post task execution logs
[2024-07-14T13:31:29.587+0000] {taskinstance.py:1206} INFO - Marking task as SUCCESS. dag_id=fetch_spread_values, task_id=fetch_and_compute_spread_btc_mxn, run_id=scheduled__2024-07-14T13:27:00+00:00, execution_date=20240714T132700, start_date=20240714T133129, end_date=20240714T133129
[2024-07-14T13:31:29.634+0000] {local_task_job_runner.py:240} INFO - Task exited with return code 0
[2024-07-14T13:31:29.646+0000] {taskinstance.py:3503} INFO - 0 downstream tasks scheduled from follow-on schedule check
[2024-07-14T13:31:29.647+0000] {local_task_job_runner.py:222} INFO - ::endgroup::
[2024-07-14T20:37:57.897+0000] {local_task_job_runner.py:120} INFO - ::group::Pre task execution logs
[2024-07-14T20:37:57.934+0000] {taskinstance.py:2076} INFO - Dependencies all met for dep_context=non-requeueable deps ti=<TaskInstance: fetch_spread_values.fetch_and_compute_spread_btc_mxn scheduled__2024-07-14T13:27:00+00:00 [queued]>
[2024-07-14T20:37:57.941+0000] {taskinstance.py:2076} INFO - Dependencies all met for dep_context=requeueable deps ti=<TaskInstance: fetch_spread_values.fetch_and_compute_spread_btc_mxn scheduled__2024-07-14T13:27:00+00:00 [queued]>
[2024-07-14T20:37:57.946+0000] {taskinstance.py:2306} INFO - Starting attempt 1 of 2
[2024-07-14T20:37:57.981+0000] {taskinstance.py:2330} INFO - Executing <Task(PythonOperator): fetch_and_compute_spread_btc_mxn> on 2024-07-14 13:27:00+00:00
[2024-07-14T20:37:57.988+0000] {standard_task_runner.py:90} INFO - Running: ['***', 'tasks', 'run', 'fetch_spread_values', 'fetch_and_compute_spread_btc_mxn', 'scheduled__2024-07-14T13:27:00+00:00', '--job-id', '1743', '--raw', '--subdir', 'DAGS_FOLDER/***.py', '--cfg-path', '/tmp/tmpqkqj9yk9']
[2024-07-14T20:37:57.986+0000] {logging_mixin.py:188} WARNING - /home/***/.local/lib/python3.12/site-packages/***/task/task_runner/standard_task_runner.py:61 DeprecationWarning: This process (pid=3714) is multi-threaded, use of fork() may lead to deadlocks in the child.
[2024-07-14T20:37:57.996+0000] {standard_task_runner.py:63} INFO - Started process 3726 to run task
[2024-07-14T20:37:57.993+0000] {standard_task_runner.py:91} INFO - Job 1743: Subtask fetch_and_compute_spread_btc_mxn
[2024-07-14T20:37:58.046+0000] {task_command.py:426} INFO - Running <TaskInstance: fetch_spread_values.fetch_and_compute_spread_btc_mxn scheduled__2024-07-14T13:27:00+00:00 [running]> on host 77caf7e4b282
[2024-07-14T20:37:58.107+0000] {taskinstance.py:2648} INFO - Exporting env vars: AIRFLOW_CTX_DAG_OWNER='***' AIRFLOW_CTX_DAG_ID='fetch_spread_values' AIRFLOW_CTX_TASK_ID='fetch_and_compute_spread_btc_mxn' AIRFLOW_CTX_EXECUTION_DATE='2024-07-14T13:27:00+00:00' AIRFLOW_CTX_TRY_NUMBER='1' AIRFLOW_CTX_DAG_RUN_ID='scheduled__2024-07-14T13:27:00+00:00'
[2024-07-14T20:37:58.108+0000] {taskinstance.py:430} INFO - ::endgroup::
[2024-07-14T20:37:58.267+0000] {python.py:237} INFO - Done. Returned value was: None
[2024-07-14T20:37:58.268+0000] {taskinstance.py:441} INFO - ::group::Post task execution logs
[2024-07-14T20:37:58.273+0000] {taskinstance.py:1206} INFO - Marking task as SUCCESS. dag_id=fetch_spread_values, task_id=fetch_and_compute_spread_btc_mxn, run_id=scheduled__2024-07-14T13:27:00+00:00, execution_date=20240714T132700, start_date=20240714T203757, end_date=20240714T203758
[2024-07-14T20:37:58.300+0000] {local_task_job_runner.py:240} INFO - Task exited with return code 0
[2024-07-14T20:37:58.309+0000] {taskinstance.py:3503} INFO - 0 downstream tasks scheduled from follow-on schedule check
[2024-07-14T20:37:58.310+0000] {local_task_job_runner.py:222} INFO - ::endgroup::
