[2024-07-14T11:30:54.538+0000] {local_task_job_runner.py:120} INFO - ::group::Pre task execution logs
[2024-07-14T11:30:54.594+0000] {taskinstance.py:2076} INFO - Dependencies all met for dep_context=non-requeueable deps ti=<TaskInstance: fetch_spread_values.fetch_and_compute_spread_usd_mxn scheduled__2024-07-14T11:11:00+00:00 [queued]>
[2024-07-14T11:30:54.637+0000] {taskinstance.py:2076} INFO - Dependencies all met for dep_context=requeueable deps ti=<TaskInstance: fetch_spread_values.fetch_and_compute_spread_usd_mxn scheduled__2024-07-14T11:11:00+00:00 [queued]>
[2024-07-14T11:30:54.644+0000] {taskinstance.py:2306} INFO - Starting attempt 1 of 2
[2024-07-14T11:30:54.699+0000] {taskinstance.py:2330} INFO - Executing <Task(PythonOperator): fetch_and_compute_spread_usd_mxn> on 2024-07-14 11:11:00+00:00
[2024-07-14T11:30:54.719+0000] {standard_task_runner.py:90} INFO - Running: ['***', 'tasks', 'run', 'fetch_spread_values', 'fetch_and_compute_spread_usd_mxn', 'scheduled__2024-07-14T11:11:00+00:00', '--job-id', '1445', '--raw', '--subdir', 'DAGS_FOLDER/***.py', '--cfg-path', '/tmp/tmp3errhdws']
[2024-07-14T11:30:54.731+0000] {standard_task_runner.py:91} INFO - Job 1445: Subtask fetch_and_compute_spread_usd_mxn
[2024-07-14T11:30:54.724+0000] {warnings.py:112} WARNING - /home/***/.local/lib/python3.12/site-packages/***/task/task_runner/standard_task_runner.py:61: DeprecationWarning: This process (pid=4821) is multi-threaded, use of fork() may lead to deadlocks in the child.
  pid = os.fork()

[2024-07-14T11:30:54.767+0000] {standard_task_runner.py:63} INFO - Started process 4859 to run task
[2024-07-14T11:30:54.842+0000] {task_command.py:426} INFO - Running <TaskInstance: fetch_spread_values.fetch_and_compute_spread_usd_mxn scheduled__2024-07-14T11:11:00+00:00 [running]> on host d537c34a4880
[2024-07-14T11:30:55.145+0000] {taskinstance.py:2648} INFO - Exporting env vars: AIRFLOW_CTX_DAG_OWNER='***' AIRFLOW_CTX_DAG_ID='fetch_spread_values' AIRFLOW_CTX_TASK_ID='fetch_and_compute_spread_usd_mxn' AIRFLOW_CTX_EXECUTION_DATE='2024-07-14T11:11:00+00:00' AIRFLOW_CTX_TRY_NUMBER='1' AIRFLOW_CTX_DAG_RUN_ID='scheduled__2024-07-14T11:11:00+00:00'
[2024-07-14T11:30:55.175+0000] {taskinstance.py:430} INFO - ::endgroup::
[2024-07-14T11:30:55.455+0000] {python.py:237} INFO - Done. Returned value was: None
[2024-07-14T11:30:55.466+0000] {taskinstance.py:441} INFO - ::group::Post task execution logs
[2024-07-14T11:30:55.479+0000] {taskinstance.py:1206} INFO - Marking task as SUCCESS. dag_id=fetch_spread_values, task_id=fetch_and_compute_spread_usd_mxn, run_id=scheduled__2024-07-14T11:11:00+00:00, execution_date=20240714T111100, start_date=20240714T113054, end_date=20240714T113055
[2024-07-14T11:30:55.596+0000] {local_task_job_runner.py:240} INFO - Task exited with return code 0
[2024-07-14T11:30:55.681+0000] {taskinstance.py:3503} INFO - 0 downstream tasks scheduled from follow-on schedule check
[2024-07-14T11:30:55.691+0000] {local_task_job_runner.py:222} INFO - ::endgroup::
[2024-07-14T20:37:07.454+0000] {local_task_job_runner.py:120} INFO - ::group::Pre task execution logs
[2024-07-14T20:37:07.499+0000] {taskinstance.py:2076} INFO - Dependencies all met for dep_context=non-requeueable deps ti=<TaskInstance: fetch_spread_values.fetch_and_compute_spread_usd_mxn scheduled__2024-07-14T11:11:00+00:00 [queued]>
[2024-07-14T20:37:07.512+0000] {taskinstance.py:2076} INFO - Dependencies all met for dep_context=requeueable deps ti=<TaskInstance: fetch_spread_values.fetch_and_compute_spread_usd_mxn scheduled__2024-07-14T11:11:00+00:00 [queued]>
[2024-07-14T20:37:07.521+0000] {taskinstance.py:2306} INFO - Starting attempt 1 of 2
[2024-07-14T20:37:07.542+0000] {taskinstance.py:2330} INFO - Executing <Task(PythonOperator): fetch_and_compute_spread_usd_mxn> on 2024-07-14 11:11:00+00:00
[2024-07-14T20:37:07.550+0000] {logging_mixin.py:188} WARNING - /home/***/.local/lib/python3.12/site-packages/***/task/task_runner/standard_task_runner.py:61 DeprecationWarning: This process (pid=3164) is multi-threaded, use of fork() may lead to deadlocks in the child.
[2024-07-14T20:37:07.555+0000] {standard_task_runner.py:63} INFO - Started process 3174 to run task
[2024-07-14T20:37:07.558+0000] {standard_task_runner.py:90} INFO - Running: ['***', 'tasks', 'run', 'fetch_spread_values', 'fetch_and_compute_spread_usd_mxn', 'scheduled__2024-07-14T11:11:00+00:00', '--job-id', '1471', '--raw', '--subdir', 'DAGS_FOLDER/***.py', '--cfg-path', '/tmp/tmpqf1r60kq']
[2024-07-14T20:37:07.565+0000] {standard_task_runner.py:91} INFO - Job 1471: Subtask fetch_and_compute_spread_usd_mxn
[2024-07-14T20:37:07.638+0000] {task_command.py:426} INFO - Running <TaskInstance: fetch_spread_values.fetch_and_compute_spread_usd_mxn scheduled__2024-07-14T11:11:00+00:00 [running]> on host 77caf7e4b282
[2024-07-14T20:37:07.734+0000] {taskinstance.py:2648} INFO - Exporting env vars: AIRFLOW_CTX_DAG_OWNER='***' AIRFLOW_CTX_DAG_ID='fetch_spread_values' AIRFLOW_CTX_TASK_ID='fetch_and_compute_spread_usd_mxn' AIRFLOW_CTX_EXECUTION_DATE='2024-07-14T11:11:00+00:00' AIRFLOW_CTX_TRY_NUMBER='1' AIRFLOW_CTX_DAG_RUN_ID='scheduled__2024-07-14T11:11:00+00:00'
[2024-07-14T20:37:07.736+0000] {taskinstance.py:430} INFO - ::endgroup::
[2024-07-14T20:37:07.917+0000] {python.py:237} INFO - Done. Returned value was: None
[2024-07-14T20:37:07.918+0000] {taskinstance.py:441} INFO - ::group::Post task execution logs
[2024-07-14T20:37:07.925+0000] {taskinstance.py:1206} INFO - Marking task as SUCCESS. dag_id=fetch_spread_values, task_id=fetch_and_compute_spread_usd_mxn, run_id=scheduled__2024-07-14T11:11:00+00:00, execution_date=20240714T111100, start_date=20240714T203707, end_date=20240714T203707
[2024-07-14T20:37:07.961+0000] {local_task_job_runner.py:240} INFO - Task exited with return code 0
[2024-07-14T20:37:07.970+0000] {taskinstance.py:3503} INFO - 0 downstream tasks scheduled from follow-on schedule check
[2024-07-14T20:37:07.971+0000] {local_task_job_runner.py:222} INFO - ::endgroup::
