[2024-07-14T18:36:01.878+0000] {local_task_job_runner.py:120} INFO - ::group::Pre task execution logs
[2024-07-14T18:36:01.897+0000] {taskinstance.py:2076} INFO - Dependencies all met for dep_context=non-requeueable deps ti=<TaskInstance: fetch_spread_values.fetch_and_compute_spread_usd_mxn scheduled__2024-07-14T18:35:00+00:00 [queued]>
[2024-07-14T18:36:01.901+0000] {taskinstance.py:2076} INFO - Dependencies all met for dep_context=requeueable deps ti=<TaskInstance: fetch_spread_values.fetch_and_compute_spread_usd_mxn scheduled__2024-07-14T18:35:00+00:00 [queued]>
[2024-07-14T18:36:01.901+0000] {taskinstance.py:2306} INFO - Starting attempt 1 of 2
[2024-07-14T18:36:01.908+0000] {taskinstance.py:2330} INFO - Executing <Task(PythonOperator): fetch_and_compute_spread_usd_mxn> on 2024-07-14 18:35:00+00:00
[2024-07-14T18:36:01.914+0000] {warnings.py:112} WARNING - /home/***/.local/lib/python3.12/site-packages/***/task/task_runner/standard_task_runner.py:61: DeprecationWarning: This process (pid=7936) is multi-threaded, use of fork() may lead to deadlocks in the child.
  pid = os.fork()

[2024-07-14T18:36:01.916+0000] {standard_task_runner.py:63} INFO - Started process 7939 to run task
[2024-07-14T18:36:01.916+0000] {standard_task_runner.py:90} INFO - Running: ['***', 'tasks', 'run', 'fetch_spread_values', 'fetch_and_compute_spread_usd_mxn', 'scheduled__2024-07-14T18:35:00+00:00', '--job-id', '2386', '--raw', '--subdir', 'DAGS_FOLDER/***.py', '--cfg-path', '/tmp/tmprsm3c_74']
[2024-07-14T18:36:01.918+0000] {standard_task_runner.py:91} INFO - Job 2386: Subtask fetch_and_compute_spread_usd_mxn
[2024-07-14T18:36:01.947+0000] {task_command.py:426} INFO - Running <TaskInstance: fetch_spread_values.fetch_and_compute_spread_usd_mxn scheduled__2024-07-14T18:35:00+00:00 [running]> on host d537c34a4880
[2024-07-14T18:36:02.008+0000] {taskinstance.py:2648} INFO - Exporting env vars: AIRFLOW_CTX_DAG_OWNER='***' AIRFLOW_CTX_DAG_ID='fetch_spread_values' AIRFLOW_CTX_TASK_ID='fetch_and_compute_spread_usd_mxn' AIRFLOW_CTX_EXECUTION_DATE='2024-07-14T18:35:00+00:00' AIRFLOW_CTX_TRY_NUMBER='1' AIRFLOW_CTX_DAG_RUN_ID='scheduled__2024-07-14T18:35:00+00:00'
[2024-07-14T18:36:02.010+0000] {taskinstance.py:430} INFO - ::endgroup::
[2024-07-14T18:36:02.172+0000] {python.py:237} INFO - Done. Returned value was: None
[2024-07-14T18:36:02.173+0000] {taskinstance.py:441} INFO - ::group::Post task execution logs
[2024-07-14T18:36:02.179+0000] {taskinstance.py:1206} INFO - Marking task as SUCCESS. dag_id=fetch_spread_values, task_id=fetch_and_compute_spread_usd_mxn, run_id=scheduled__2024-07-14T18:35:00+00:00, execution_date=20240714T183500, start_date=20240714T183601, end_date=20240714T183602
[2024-07-14T18:36:02.195+0000] {local_task_job_runner.py:240} INFO - Task exited with return code 0
[2024-07-14T18:36:02.206+0000] {taskinstance.py:3503} INFO - 0 downstream tasks scheduled from follow-on schedule check
[2024-07-14T18:36:02.206+0000] {local_task_job_runner.py:222} INFO - ::endgroup::
[2024-07-14T20:39:47.938+0000] {local_task_job_runner.py:120} INFO - ::group::Pre task execution logs
[2024-07-14T20:39:47.991+0000] {taskinstance.py:2076} INFO - Dependencies all met for dep_context=non-requeueable deps ti=<TaskInstance: fetch_spread_values.fetch_and_compute_spread_usd_mxn scheduled__2024-07-14T18:35:00+00:00 [queued]>
[2024-07-14T20:39:48.017+0000] {taskinstance.py:2076} INFO - Dependencies all met for dep_context=requeueable deps ti=<TaskInstance: fetch_spread_values.fetch_and_compute_spread_usd_mxn scheduled__2024-07-14T18:35:00+00:00 [queued]>
[2024-07-14T20:39:48.019+0000] {taskinstance.py:2306} INFO - Starting attempt 1 of 2
[2024-07-14T20:39:48.049+0000] {taskinstance.py:2330} INFO - Executing <Task(PythonOperator): fetch_and_compute_spread_usd_mxn> on 2024-07-14 18:35:00+00:00
[2024-07-14T20:39:48.056+0000] {standard_task_runner.py:90} INFO - Running: ['***', 'tasks', 'run', 'fetch_spread_values', 'fetch_and_compute_spread_usd_mxn', 'scheduled__2024-07-14T18:35:00+00:00', '--job-id', '2359', '--raw', '--subdir', 'DAGS_FOLDER/***.py', '--cfg-path', '/tmp/tmptn8m6erc']
[2024-07-14T20:39:48.060+0000] {standard_task_runner.py:91} INFO - Job 2359: Subtask fetch_and_compute_spread_usd_mxn
[2024-07-14T20:39:48.055+0000] {logging_mixin.py:188} WARNING - /home/***/.local/lib/python3.12/site-packages/***/task/task_runner/standard_task_runner.py:61 DeprecationWarning: This process (pid=4965) is multi-threaded, use of fork() may lead to deadlocks in the child.
[2024-07-14T20:39:48.066+0000] {standard_task_runner.py:63} INFO - Started process 4977 to run task
[2024-07-14T20:39:48.117+0000] {task_command.py:426} INFO - Running <TaskInstance: fetch_spread_values.fetch_and_compute_spread_usd_mxn scheduled__2024-07-14T18:35:00+00:00 [running]> on host 77caf7e4b282
[2024-07-14T20:39:48.257+0000] {taskinstance.py:2648} INFO - Exporting env vars: AIRFLOW_CTX_DAG_OWNER='***' AIRFLOW_CTX_DAG_ID='fetch_spread_values' AIRFLOW_CTX_TASK_ID='fetch_and_compute_spread_usd_mxn' AIRFLOW_CTX_EXECUTION_DATE='2024-07-14T18:35:00+00:00' AIRFLOW_CTX_TRY_NUMBER='1' AIRFLOW_CTX_DAG_RUN_ID='scheduled__2024-07-14T18:35:00+00:00'
[2024-07-14T20:39:48.259+0000] {taskinstance.py:430} INFO - ::endgroup::
[2024-07-14T20:39:48.494+0000] {python.py:237} INFO - Done. Returned value was: None
[2024-07-14T20:39:48.497+0000] {taskinstance.py:441} INFO - ::group::Post task execution logs
[2024-07-14T20:39:48.530+0000] {taskinstance.py:1206} INFO - Marking task as SUCCESS. dag_id=fetch_spread_values, task_id=fetch_and_compute_spread_usd_mxn, run_id=scheduled__2024-07-14T18:35:00+00:00, execution_date=20240714T183500, start_date=20240714T203947, end_date=20240714T203948
[2024-07-14T20:39:48.587+0000] {local_task_job_runner.py:240} INFO - Task exited with return code 0
[2024-07-14T20:39:48.614+0000] {taskinstance.py:3503} INFO - 0 downstream tasks scheduled from follow-on schedule check
[2024-07-14T20:39:48.619+0000] {local_task_job_runner.py:222} INFO - ::endgroup::
