[2024-07-14T15:27:02.731+0000] {local_task_job_runner.py:120} INFO - ::group::Pre task execution logs
[2024-07-14T15:27:02.814+0000] {taskinstance.py:2076} INFO - Dependencies all met for dep_context=non-requeueable deps ti=<TaskInstance: fetch_spread_values.fetch_and_compute_spread_btc_mxn scheduled__2024-07-14T15:12:00+00:00 [queued]>
[2024-07-14T15:27:02.839+0000] {taskinstance.py:2076} INFO - Dependencies all met for dep_context=requeueable deps ti=<TaskInstance: fetch_spread_values.fetch_and_compute_spread_btc_mxn scheduled__2024-07-14T15:12:00+00:00 [queued]>
[2024-07-14T15:27:02.839+0000] {taskinstance.py:2306} INFO - Starting attempt 1 of 2
[2024-07-14T15:27:02.879+0000] {taskinstance.py:2330} INFO - Executing <Task(PythonOperator): fetch_and_compute_spread_btc_mxn> on 2024-07-14 15:12:00+00:00
[2024-07-14T15:27:02.919+0000] {warnings.py:112} WARNING - /home/***/.local/lib/python3.12/site-packages/***/task/task_runner/standard_task_runner.py:61: DeprecationWarning: This process (pid=6484) is multi-threaded, use of fork() may lead to deadlocks in the child.
  pid = os.fork()

[2024-07-14T15:27:02.925+0000] {standard_task_runner.py:63} INFO - Started process 6523 to run task
[2024-07-14T15:27:02.926+0000] {standard_task_runner.py:90} INFO - Running: ['***', 'tasks', 'run', 'fetch_spread_values', 'fetch_and_compute_spread_btc_mxn', 'scheduled__2024-07-14T15:12:00+00:00', '--job-id', '1959', '--raw', '--subdir', 'DAGS_FOLDER/***.py', '--cfg-path', '/tmp/tmp3p38r925']
[2024-07-14T15:27:02.957+0000] {standard_task_runner.py:91} INFO - Job 1959: Subtask fetch_and_compute_spread_btc_mxn
[2024-07-14T15:27:03.092+0000] {task_command.py:426} INFO - Running <TaskInstance: fetch_spread_values.fetch_and_compute_spread_btc_mxn scheduled__2024-07-14T15:12:00+00:00 [running]> on host d537c34a4880
[2024-07-14T15:27:03.291+0000] {taskinstance.py:2648} INFO - Exporting env vars: AIRFLOW_CTX_DAG_OWNER='***' AIRFLOW_CTX_DAG_ID='fetch_spread_values' AIRFLOW_CTX_TASK_ID='fetch_and_compute_spread_btc_mxn' AIRFLOW_CTX_EXECUTION_DATE='2024-07-14T15:12:00+00:00' AIRFLOW_CTX_TRY_NUMBER='1' AIRFLOW_CTX_DAG_RUN_ID='scheduled__2024-07-14T15:12:00+00:00'
[2024-07-14T15:27:03.303+0000] {taskinstance.py:430} INFO - ::endgroup::
[2024-07-14T15:27:03.681+0000] {python.py:237} INFO - Done. Returned value was: None
[2024-07-14T15:27:03.689+0000] {taskinstance.py:441} INFO - ::group::Post task execution logs
[2024-07-14T15:27:03.704+0000] {taskinstance.py:1206} INFO - Marking task as SUCCESS. dag_id=fetch_spread_values, task_id=fetch_and_compute_spread_btc_mxn, run_id=scheduled__2024-07-14T15:12:00+00:00, execution_date=20240714T151200, start_date=20240714T152702, end_date=20240714T152703
[2024-07-14T15:27:03.800+0000] {local_task_job_runner.py:240} INFO - Task exited with return code 0
[2024-07-14T15:27:03.916+0000] {taskinstance.py:3503} INFO - 0 downstream tasks scheduled from follow-on schedule check
[2024-07-14T15:27:03.922+0000] {local_task_job_runner.py:222} INFO - ::endgroup::
[2024-07-14T20:38:35.616+0000] {local_task_job_runner.py:120} INFO - ::group::Pre task execution logs
[2024-07-14T20:38:35.659+0000] {taskinstance.py:2076} INFO - Dependencies all met for dep_context=non-requeueable deps ti=<TaskInstance: fetch_spread_values.fetch_and_compute_spread_btc_mxn scheduled__2024-07-14T15:12:00+00:00 [queued]>
[2024-07-14T20:38:35.663+0000] {taskinstance.py:2076} INFO - Dependencies all met for dep_context=requeueable deps ti=<TaskInstance: fetch_spread_values.fetch_and_compute_spread_btc_mxn scheduled__2024-07-14T15:12:00+00:00 [queued]>
[2024-07-14T20:38:35.667+0000] {taskinstance.py:2306} INFO - Starting attempt 1 of 2
[2024-07-14T20:38:35.714+0000] {taskinstance.py:2330} INFO - Executing <Task(PythonOperator): fetch_and_compute_spread_btc_mxn> on 2024-07-14 15:12:00+00:00
[2024-07-14T20:38:35.726+0000] {logging_mixin.py:188} WARNING - /home/***/.local/lib/python3.12/site-packages/***/task/task_runner/standard_task_runner.py:61 DeprecationWarning: This process (pid=4143) is multi-threaded, use of fork() may lead to deadlocks in the child.
[2024-07-14T20:38:35.732+0000] {standard_task_runner.py:63} INFO - Started process 4154 to run task
[2024-07-14T20:38:35.728+0000] {standard_task_runner.py:90} INFO - Running: ['***', 'tasks', 'run', 'fetch_spread_values', 'fetch_and_compute_spread_btc_mxn', 'scheduled__2024-07-14T15:12:00+00:00', '--job-id', '1953', '--raw', '--subdir', 'DAGS_FOLDER/***.py', '--cfg-path', '/tmp/tmpc83jgzt2']
[2024-07-14T20:38:35.737+0000] {standard_task_runner.py:91} INFO - Job 1953: Subtask fetch_and_compute_spread_btc_mxn
[2024-07-14T20:38:35.806+0000] {task_command.py:426} INFO - Running <TaskInstance: fetch_spread_values.fetch_and_compute_spread_btc_mxn scheduled__2024-07-14T15:12:00+00:00 [running]> on host 77caf7e4b282
[2024-07-14T20:38:35.899+0000] {taskinstance.py:2648} INFO - Exporting env vars: AIRFLOW_CTX_DAG_OWNER='***' AIRFLOW_CTX_DAG_ID='fetch_spread_values' AIRFLOW_CTX_TASK_ID='fetch_and_compute_spread_btc_mxn' AIRFLOW_CTX_EXECUTION_DATE='2024-07-14T15:12:00+00:00' AIRFLOW_CTX_TRY_NUMBER='1' AIRFLOW_CTX_DAG_RUN_ID='scheduled__2024-07-14T15:12:00+00:00'
[2024-07-14T20:38:35.904+0000] {taskinstance.py:430} INFO - ::endgroup::
[2024-07-14T20:38:36.153+0000] {python.py:237} INFO - Done. Returned value was: None
[2024-07-14T20:38:36.154+0000] {taskinstance.py:441} INFO - ::group::Post task execution logs
[2024-07-14T20:38:36.159+0000] {taskinstance.py:1206} INFO - Marking task as SUCCESS. dag_id=fetch_spread_values, task_id=fetch_and_compute_spread_btc_mxn, run_id=scheduled__2024-07-14T15:12:00+00:00, execution_date=20240714T151200, start_date=20240714T203835, end_date=20240714T203836
[2024-07-14T20:38:36.171+0000] {local_task_job_runner.py:240} INFO - Task exited with return code 0
[2024-07-14T20:38:36.180+0000] {taskinstance.py:3503} INFO - 0 downstream tasks scheduled from follow-on schedule check
[2024-07-14T20:38:36.181+0000] {local_task_job_runner.py:222} INFO - ::endgroup::
