[2024-07-17T01:16:04.322+0000] {local_task_job_runner.py:120} INFO - ::group::Pre task execution logs
[2024-07-17T01:16:04.340+0000] {taskinstance.py:2076} INFO - Dependencies all met for dep_context=non-requeueable deps ti=<TaskInstance: etl_ticker.etl_btc_mxn scheduled__2024-07-14T22:50:00+00:00 [queued]>
[2024-07-17T01:16:04.343+0000] {taskinstance.py:2076} INFO - Dependencies all met for dep_context=requeueable deps ti=<TaskInstance: etl_ticker.etl_btc_mxn scheduled__2024-07-14T22:50:00+00:00 [queued]>
[2024-07-17T01:16:04.344+0000] {taskinstance.py:2306} INFO - Starting attempt 1 of 2
[2024-07-17T01:16:04.369+0000] {taskinstance.py:2330} INFO - Executing <Task(PythonOperator): etl_btc_mxn> on 2024-07-14 22:50:00+00:00
[2024-07-17T01:16:04.373+0000] {logging_mixin.py:188} WARNING - /home/***/.local/lib/python3.12/site-packages/***/task/task_runner/standard_task_runner.py:61 DeprecationWarning: This process (pid=29647) is multi-threaded, use of fork() may lead to deadlocks in the child.
[2024-07-17T01:16:04.374+0000] {standard_task_runner.py:63} INFO - Started process 29652 to run task
[2024-07-17T01:16:04.373+0000] {standard_task_runner.py:90} INFO - Running: ['***', 'tasks', 'run', 'etl_ticker', 'etl_btc_mxn', 'scheduled__2024-07-14T22:50:00+00:00', '--job-id', '465', '--raw', '--subdir', 'DAGS_FOLDER/bid_ask_dag.py', '--cfg-path', '/tmp/tmpnx7x5dse']
[2024-07-17T01:16:04.375+0000] {standard_task_runner.py:91} INFO - Job 465: Subtask etl_btc_mxn
[2024-07-17T01:16:04.404+0000] {task_command.py:426} INFO - Running <TaskInstance: etl_ticker.etl_btc_mxn scheduled__2024-07-14T22:50:00+00:00 [running]> on host 6f712de23803
[2024-07-17T01:16:04.449+0000] {taskinstance.py:2648} INFO - Exporting env vars: AIRFLOW_CTX_DAG_OWNER='***' AIRFLOW_CTX_DAG_ID='etl_ticker' AIRFLOW_CTX_TASK_ID='etl_btc_mxn' AIRFLOW_CTX_EXECUTION_DATE='2024-07-14T22:50:00+00:00' AIRFLOW_CTX_TRY_NUMBER='1' AIRFLOW_CTX_DAG_RUN_ID='scheduled__2024-07-14T22:50:00+00:00'
[2024-07-17T01:16:04.449+0000] {taskinstance.py:430} INFO - ::endgroup::
[2024-07-17T01:16:04.458+0000] {logging_mixin.py:188} WARNING -   0%|          | 0/600 [00:00<?, ?it/s]
[2024-07-17T01:16:05.917+0000] {logging_mixin.py:188} WARNING -   0%|          | 1/600 [00:01<14:33,  1.46s/it]
[2024-07-17T01:16:07.072+0000] {logging_mixin.py:188} WARNING -   0%|          | 2/600 [00:02<12:45,  1.28s/it]
[2024-07-17T01:16:08.235+0000] {logging_mixin.py:188} WARNING -   0%|          | 3/600 [00:03<12:12,  1.23s/it]
[2024-07-17T01:16:09.380+0000] {logging_mixin.py:188} WARNING -   1%|          | 4/600 [00:04<11:51,  1.19s/it]
[2024-07-17T01:16:10.539+0000] {logging_mixin.py:188} WARNING -   1%|          | 5/600 [00:06<11:43,  1.18s/it]
[2024-07-17T01:16:11.704+0000] {logging_mixin.py:188} WARNING -   1%|1         | 6/600 [00:07<11:38,  1.18s/it]
[2024-07-17T01:16:12.864+0000] {logging_mixin.py:188} WARNING -   1%|1         | 7/600 [00:08<11:34,  1.17s/it]
[2024-07-17T01:16:14.026+0000] {logging_mixin.py:188} WARNING -   1%|1         | 8/600 [00:09<11:31,  1.17s/it]
[2024-07-17T01:16:15.175+0000] {logging_mixin.py:188} WARNING -   2%|1         | 9/600 [00:10<11:26,  1.16s/it]
[2024-07-17T01:16:16.351+0000] {logging_mixin.py:188} WARNING -   2%|1         | 10/600 [00:11<11:28,  1.17s/it]
[2024-07-17T01:16:17.506+0000] {logging_mixin.py:188} WARNING -   2%|1         | 11/600 [00:13<11:24,  1.16s/it]
[2024-07-17T01:16:18.661+0000] {logging_mixin.py:188} WARNING -   2%|2         | 12/600 [00:14<11:22,  1.16s/it]
[2024-07-17T01:16:19.828+0000] {logging_mixin.py:188} WARNING -   2%|2         | 13/600 [00:15<11:22,  1.16s/it]
[2024-07-17T01:16:21.033+0000] {bid_ask_dag.py:87} INFO - Threshold! {'orderbook_timestamp': '2024-07-17T01:16:19+00:00', 'book': 'btc_mxn', 'bid': 1160110.0, 'ask': 1161850.0, 'spread': 0.14976115677583166}
[2024-07-17T01:16:21.038+0000] {logging_mixin.py:188} WARNING -   2%|2         | 13/600 [00:16<12:28,  1.28s/it]
[2024-07-17T01:16:21.038+0000] {taskinstance.py:441} INFO - ::group::Post task execution logs
[2024-07-17T01:16:21.044+0000] {taskinstance.py:2905} ERROR - Task failed with exception
Traceback (most recent call last):
  File "/home/airflow/.local/lib/python3.12/site-packages/airflow/models/taskinstance.py", line 465, in _execute_task
    result = _execute_callable(context=context, **execute_callable_kwargs)
             ^^^^^^^^^^^^^^^^^^^^^^^^^^^^^^^^^^^^^^^^^^^^^^^^^^^^^^^^^^^^^
  File "/home/airflow/.local/lib/python3.12/site-packages/airflow/models/taskinstance.py", line 432, in _execute_callable
    return execute_callable(context=context, **execute_callable_kwargs)
           ^^^^^^^^^^^^^^^^^^^^^^^^^^^^^^^^^^^^^^^^^^^^^^^^^^^^^^^^^^^^
  File "/home/airflow/.local/lib/python3.12/site-packages/airflow/models/baseoperator.py", line 401, in wrapper
    return func(self, *args, **kwargs)
           ^^^^^^^^^^^^^^^^^^^^^^^^^^^
  File "/home/airflow/.local/lib/python3.12/site-packages/airflow/operators/python.py", line 235, in execute
    return_value = self.execute_callable()
                   ^^^^^^^^^^^^^^^^^^^^^^^
  File "/home/airflow/.local/lib/python3.12/site-packages/airflow/operators/python.py", line 252, in execute_callable
    return self.python_callable(*self.op_args, **self.op_kwargs)
           ^^^^^^^^^^^^^^^^^^^^^^^^^^^^^^^^^^^^^^^^^^^^^^^^^^^^^
  File "/opt/airflow/dags/bid_ask_dag.py", line 88, in etl_spread
    SlackWebhookHook(webhook_token=WEBHOOK_URL, message=f"Alert! bid-ask has appeared {record}").execute()
    ^^^^^^^^^^^^^^^^^^^^^^^^^^^^^^^^^^^^^^^^^^^^^^^^^^^^^^^^^^^^^^^^^^^^^^^^^^^^^^^^^^^^^^^^^^^^
TypeError: SlackWebhookHook.__init__() missing 1 required keyword-only argument: 'slack_webhook_conn_id'
[2024-07-17T01:16:21.079+0000] {taskinstance.py:1206} INFO - Marking task as UP_FOR_RETRY. dag_id=etl_ticker, task_id=etl_btc_mxn, run_id=scheduled__2024-07-14T22:50:00+00:00, execution_date=20240714T225000, start_date=20240717T011604, end_date=20240717T011621
[2024-07-17T01:16:21.105+0000] {standard_task_runner.py:110} ERROR - Failed to execute job 465 for task etl_btc_mxn (SlackWebhookHook.__init__() missing 1 required keyword-only argument: 'slack_webhook_conn_id'; 29652)
[2024-07-17T01:16:21.143+0000] {local_task_job_runner.py:240} INFO - Task exited with return code 1
[2024-07-17T01:16:21.182+0000] {taskinstance.py:3503} INFO - 0 downstream tasks scheduled from follow-on schedule check
[2024-07-17T01:16:21.187+0000] {local_task_job_runner.py:222} INFO - ::endgroup::
