[2024-07-14T08:57:31.843+0000] {local_task_job_runner.py:120} INFO - ::group::Pre task execution logs
[2024-07-14T08:57:31.993+0000] {taskinstance.py:2076} INFO - Dependencies all met for dep_context=non-requeueable deps ti=<TaskInstance: fetch_spread_values.fetch_and_compute_spread_usd_mxn scheduled__2024-07-14T00:45:00+00:00 [queued]>
[2024-07-14T08:57:32.015+0000] {taskinstance.py:2076} INFO - Dependencies all met for dep_context=requeueable deps ti=<TaskInstance: fetch_spread_values.fetch_and_compute_spread_usd_mxn scheduled__2024-07-14T00:45:00+00:00 [queued]>
[2024-07-14T08:57:32.019+0000] {taskinstance.py:2306} INFO - Starting attempt 1 of 2
[2024-07-14T08:57:32.099+0000] {taskinstance.py:2330} INFO - Executing <Task(PythonOperator): fetch_and_compute_spread_usd_mxn> on 2024-07-14 00:45:00+00:00
[2024-07-14T08:57:32.136+0000] {warnings.py:112} WARNING - /home/***/.local/lib/python3.12/site-packages/***/task/task_runner/standard_task_runner.py:61: DeprecationWarning: This process (pid=393) is multi-threaded, use of fork() may lead to deadlocks in the child.
  pid = os.fork()

[2024-07-14T08:57:32.148+0000] {standard_task_runner.py:63} INFO - Started process 424 to run task
[2024-07-14T08:57:32.144+0000] {standard_task_runner.py:90} INFO - Running: ['***', 'tasks', 'run', 'fetch_spread_values', 'fetch_and_compute_spread_usd_mxn', 'scheduled__2024-07-14T00:45:00+00:00', '--job-id', '119', '--raw', '--subdir', 'DAGS_FOLDER/***.py', '--cfg-path', '/tmp/tmpw4rtq4b8']
[2024-07-14T08:57:32.152+0000] {standard_task_runner.py:91} INFO - Job 119: Subtask fetch_and_compute_spread_usd_mxn
[2024-07-14T08:57:32.387+0000] {task_command.py:426} INFO - Running <TaskInstance: fetch_spread_values.fetch_and_compute_spread_usd_mxn scheduled__2024-07-14T00:45:00+00:00 [running]> on host d537c34a4880
[2024-07-14T08:57:32.833+0000] {taskinstance.py:2648} INFO - Exporting env vars: AIRFLOW_CTX_DAG_OWNER='***' AIRFLOW_CTX_DAG_ID='fetch_spread_values' AIRFLOW_CTX_TASK_ID='fetch_and_compute_spread_usd_mxn' AIRFLOW_CTX_EXECUTION_DATE='2024-07-14T00:45:00+00:00' AIRFLOW_CTX_TRY_NUMBER='1' AIRFLOW_CTX_DAG_RUN_ID='scheduled__2024-07-14T00:45:00+00:00'
[2024-07-14T08:57:32.843+0000] {taskinstance.py:430} INFO - ::endgroup::
[2024-07-14T08:57:33.150+0000] {python.py:237} INFO - Done. Returned value was: None
[2024-07-14T08:57:33.158+0000] {taskinstance.py:441} INFO - ::group::Post task execution logs
[2024-07-14T08:57:33.183+0000] {taskinstance.py:1206} INFO - Marking task as SUCCESS. dag_id=fetch_spread_values, task_id=fetch_and_compute_spread_usd_mxn, run_id=scheduled__2024-07-14T00:45:00+00:00, execution_date=20240714T004500, start_date=20240714T085731, end_date=20240714T085733
[2024-07-14T08:57:33.290+0000] {local_task_job_runner.py:240} INFO - Task exited with return code 0
[2024-07-14T08:57:33.345+0000] {taskinstance.py:3503} INFO - 0 downstream tasks scheduled from follow-on schedule check
[2024-07-14T08:57:33.372+0000] {local_task_job_runner.py:222} INFO - ::endgroup::
[2024-07-14T20:32:20.744+0000] {local_task_job_runner.py:120} INFO - ::group::Pre task execution logs
[2024-07-14T20:32:20.780+0000] {taskinstance.py:2076} INFO - Dependencies all met for dep_context=non-requeueable deps ti=<TaskInstance: fetch_spread_values.fetch_and_compute_spread_usd_mxn scheduled__2024-07-14T00:45:00+00:00 [queued]>
[2024-07-14T20:32:20.792+0000] {taskinstance.py:2076} INFO - Dependencies all met for dep_context=requeueable deps ti=<TaskInstance: fetch_spread_values.fetch_and_compute_spread_usd_mxn scheduled__2024-07-14T00:45:00+00:00 [queued]>
[2024-07-14T20:32:20.792+0000] {taskinstance.py:2306} INFO - Starting attempt 1 of 2
[2024-07-14T20:32:20.812+0000] {taskinstance.py:2330} INFO - Executing <Task(PythonOperator): fetch_and_compute_spread_usd_mxn> on 2024-07-14 00:45:00+00:00
[2024-07-14T20:32:20.820+0000] {logging_mixin.py:188} WARNING - /home/***/.local/lib/python3.12/site-packages/***/task/task_runner/standard_task_runner.py:61 DeprecationWarning: This process (pid=364) is multi-threaded, use of fork() may lead to deadlocks in the child.
[2024-07-14T20:32:20.827+0000] {standard_task_runner.py:63} INFO - Started process 372 to run task
[2024-07-14T20:32:20.822+0000] {standard_task_runner.py:90} INFO - Running: ['***', 'tasks', 'run', 'fetch_spread_values', 'fetch_and_compute_spread_usd_mxn', 'scheduled__2024-07-14T00:45:00+00:00', '--job-id', '93', '--raw', '--subdir', 'DAGS_FOLDER/***.py', '--cfg-path', '/tmp/tmpevza2hb4']
[2024-07-14T20:32:20.835+0000] {standard_task_runner.py:91} INFO - Job 93: Subtask fetch_and_compute_spread_usd_mxn
[2024-07-14T20:32:20.910+0000] {task_command.py:426} INFO - Running <TaskInstance: fetch_spread_values.fetch_and_compute_spread_usd_mxn scheduled__2024-07-14T00:45:00+00:00 [running]> on host 77caf7e4b282
[2024-07-14T20:32:21.021+0000] {taskinstance.py:2648} INFO - Exporting env vars: AIRFLOW_CTX_DAG_OWNER='***' AIRFLOW_CTX_DAG_ID='fetch_spread_values' AIRFLOW_CTX_TASK_ID='fetch_and_compute_spread_usd_mxn' AIRFLOW_CTX_EXECUTION_DATE='2024-07-14T00:45:00+00:00' AIRFLOW_CTX_TRY_NUMBER='1' AIRFLOW_CTX_DAG_RUN_ID='scheduled__2024-07-14T00:45:00+00:00'
[2024-07-14T20:32:21.022+0000] {taskinstance.py:430} INFO - ::endgroup::
[2024-07-14T20:32:21.202+0000] {python.py:237} INFO - Done. Returned value was: None
[2024-07-14T20:32:21.203+0000] {taskinstance.py:441} INFO - ::group::Post task execution logs
[2024-07-14T20:32:21.209+0000] {taskinstance.py:1206} INFO - Marking task as SUCCESS. dag_id=fetch_spread_values, task_id=fetch_and_compute_spread_usd_mxn, run_id=scheduled__2024-07-14T00:45:00+00:00, execution_date=20240714T004500, start_date=20240714T203220, end_date=20240714T203221
[2024-07-14T20:32:21.225+0000] {local_task_job_runner.py:240} INFO - Task exited with return code 0
[2024-07-14T20:32:21.236+0000] {taskinstance.py:3503} INFO - 0 downstream tasks scheduled from follow-on schedule check
[2024-07-14T20:32:21.238+0000] {local_task_job_runner.py:222} INFO - ::endgroup::
