[2024-07-14T16:33:52.764+0000] {local_task_job_runner.py:120} INFO - ::group::Pre task execution logs
[2024-07-14T16:33:52.848+0000] {taskinstance.py:2076} INFO - Dependencies all met for dep_context=non-requeueable deps ti=<TaskInstance: save_spread_values.save_and_flush_task scheduled__2024-07-14T16:20:00+00:00 [queued]>
[2024-07-14T16:33:52.880+0000] {taskinstance.py:2076} INFO - Dependencies all met for dep_context=requeueable deps ti=<TaskInstance: save_spread_values.save_and_flush_task scheduled__2024-07-14T16:20:00+00:00 [queued]>
[2024-07-14T16:33:52.883+0000] {taskinstance.py:2306} INFO - Starting attempt 1 of 2
[2024-07-14T16:33:52.986+0000] {taskinstance.py:2330} INFO - Executing <Task(PythonOperator): save_and_flush_task> on 2024-07-14 16:20:00+00:00
[2024-07-14T16:33:53.004+0000] {warnings.py:112} WARNING - /home/***/.local/lib/python3.12/site-packages/***/task/task_runner/standard_task_runner.py:61: DeprecationWarning: This process (pid=6949) is multi-threaded, use of fork() may lead to deadlocks in the child.
  pid = os.fork()

[2024-07-14T16:33:53.010+0000] {standard_task_runner.py:63} INFO - Started process 6975 to run task
[2024-07-14T16:33:53.029+0000] {standard_task_runner.py:90} INFO - Running: ['***', 'tasks', 'run', 'save_spread_values', 'save_and_flush_task', 'scheduled__2024-07-14T16:20:00+00:00', '--job-id', '2092', '--raw', '--subdir', 'DAGS_FOLDER/***.py', '--cfg-path', '/tmp/tmprb1_t26o']
[2024-07-14T16:33:53.060+0000] {standard_task_runner.py:91} INFO - Job 2092: Subtask save_and_flush_task
[2024-07-14T16:33:53.160+0000] {task_command.py:426} INFO - Running <TaskInstance: save_spread_values.save_and_flush_task scheduled__2024-07-14T16:20:00+00:00 [running]> on host d537c34a4880
[2024-07-14T16:33:53.357+0000] {taskinstance.py:2648} INFO - Exporting env vars: AIRFLOW_CTX_DAG_OWNER='***' AIRFLOW_CTX_DAG_ID='save_spread_values' AIRFLOW_CTX_TASK_ID='save_and_flush_task' AIRFLOW_CTX_EXECUTION_DATE='2024-07-14T16:20:00+00:00' AIRFLOW_CTX_TRY_NUMBER='1' AIRFLOW_CTX_DAG_RUN_ID='scheduled__2024-07-14T16:20:00+00:00'
[2024-07-14T16:33:53.387+0000] {taskinstance.py:430} INFO - ::endgroup::
[2024-07-14T16:33:53.739+0000] {python.py:237} INFO - Done. Returned value was: None
[2024-07-14T16:33:53.785+0000] {taskinstance.py:441} INFO - ::group::Post task execution logs
[2024-07-14T16:33:53.853+0000] {taskinstance.py:1206} INFO - Marking task as SUCCESS. dag_id=save_spread_values, task_id=save_and_flush_task, run_id=scheduled__2024-07-14T16:20:00+00:00, execution_date=20240714T162000, start_date=20240714T163352, end_date=20240714T163353
[2024-07-14T16:33:53.967+0000] {local_task_job_runner.py:240} INFO - Task exited with return code 0
[2024-07-14T16:33:54.132+0000] {local_task_job_runner.py:222} INFO - ::endgroup::
[2024-07-14T20:35:24.378+0000] {local_task_job_runner.py:120} INFO - ::group::Pre task execution logs
[2024-07-14T20:35:24.395+0000] {taskinstance.py:2076} INFO - Dependencies all met for dep_context=non-requeueable deps ti=<TaskInstance: save_spread_values.save_and_flush_task scheduled__2024-07-14T16:20:00+00:00 [queued]>
[2024-07-14T20:35:24.399+0000] {taskinstance.py:2076} INFO - Dependencies all met for dep_context=requeueable deps ti=<TaskInstance: save_spread_values.save_and_flush_task scheduled__2024-07-14T16:20:00+00:00 [queued]>
[2024-07-14T20:35:24.399+0000] {taskinstance.py:2306} INFO - Starting attempt 1 of 2
[2024-07-14T20:35:24.405+0000] {taskinstance.py:2330} INFO - Executing <Task(PythonOperator): save_and_flush_task> on 2024-07-14 16:20:00+00:00
[2024-07-14T20:35:24.410+0000] {logging_mixin.py:188} WARNING - /home/***/.local/lib/python3.12/site-packages/***/task/task_runner/standard_task_runner.py:61 DeprecationWarning: This process (pid=2220) is multi-threaded, use of fork() may lead to deadlocks in the child.
[2024-07-14T20:35:24.411+0000] {standard_task_runner.py:63} INFO - Started process 2221 to run task
[2024-07-14T20:35:24.410+0000] {standard_task_runner.py:90} INFO - Running: ['***', 'tasks', 'run', 'save_spread_values', 'save_and_flush_task', 'scheduled__2024-07-14T16:20:00+00:00', '--job-id', '1004', '--raw', '--subdir', 'DAGS_FOLDER/***.py', '--cfg-path', '/tmp/tmpm4uevsns']
[2024-07-14T20:35:24.411+0000] {standard_task_runner.py:91} INFO - Job 1004: Subtask save_and_flush_task
[2024-07-14T20:35:24.440+0000] {task_command.py:426} INFO - Running <TaskInstance: save_spread_values.save_and_flush_task scheduled__2024-07-14T16:20:00+00:00 [running]> on host 77caf7e4b282
[2024-07-14T20:35:24.486+0000] {taskinstance.py:2648} INFO - Exporting env vars: AIRFLOW_CTX_DAG_OWNER='***' AIRFLOW_CTX_DAG_ID='save_spread_values' AIRFLOW_CTX_TASK_ID='save_and_flush_task' AIRFLOW_CTX_EXECUTION_DATE='2024-07-14T16:20:00+00:00' AIRFLOW_CTX_TRY_NUMBER='1' AIRFLOW_CTX_DAG_RUN_ID='scheduled__2024-07-14T16:20:00+00:00'
[2024-07-14T20:35:24.487+0000] {taskinstance.py:430} INFO - ::endgroup::
[2024-07-14T20:35:24.492+0000] {python.py:237} INFO - Done. Returned value was: None
[2024-07-14T20:35:24.493+0000] {taskinstance.py:441} INFO - ::group::Post task execution logs
[2024-07-14T20:35:24.498+0000] {taskinstance.py:1206} INFO - Marking task as SUCCESS. dag_id=save_spread_values, task_id=save_and_flush_task, run_id=scheduled__2024-07-14T16:20:00+00:00, execution_date=20240714T162000, start_date=20240714T203524, end_date=20240714T203524
[2024-07-14T20:35:24.508+0000] {local_task_job_runner.py:240} INFO - Task exited with return code 0
[2024-07-14T20:35:24.521+0000] {taskinstance.py:3503} INFO - 0 downstream tasks scheduled from follow-on schedule check
[2024-07-14T20:35:24.522+0000] {local_task_job_runner.py:222} INFO - ::endgroup::
