[2024-07-14T14:12:22.105+0000] {local_task_job_runner.py:120} INFO - ::group::Pre task execution logs
[2024-07-14T14:12:22.149+0000] {taskinstance.py:2076} INFO - Dependencies all met for dep_context=non-requeueable deps ti=<TaskInstance: fetch_spread_values.fetch_and_compute_spread_btc_mxn scheduled__2024-07-14T13:59:00+00:00 [queued]>
[2024-07-14T14:12:22.181+0000] {taskinstance.py:2076} INFO - Dependencies all met for dep_context=requeueable deps ti=<TaskInstance: fetch_spread_values.fetch_and_compute_spread_btc_mxn scheduled__2024-07-14T13:59:00+00:00 [queued]>
[2024-07-14T14:12:22.184+0000] {taskinstance.py:2306} INFO - Starting attempt 1 of 2
[2024-07-14T14:12:22.232+0000] {taskinstance.py:2330} INFO - Executing <Task(PythonOperator): fetch_and_compute_spread_btc_mxn> on 2024-07-14 13:59:00+00:00
[2024-07-14T14:12:22.252+0000] {warnings.py:112} WARNING - /home/***/.local/lib/python3.12/site-packages/***/task/task_runner/standard_task_runner.py:61: DeprecationWarning: This process (pid=5981) is multi-threaded, use of fork() may lead to deadlocks in the child.
  pid = os.fork()

[2024-07-14T14:12:22.256+0000] {standard_task_runner.py:63} INFO - Started process 6013 to run task
[2024-07-14T14:12:22.253+0000] {standard_task_runner.py:90} INFO - Running: ['***', 'tasks', 'run', 'fetch_spread_values', 'fetch_and_compute_spread_btc_mxn', 'scheduled__2024-07-14T13:59:00+00:00', '--job-id', '1800', '--raw', '--subdir', 'DAGS_FOLDER/***.py', '--cfg-path', '/tmp/tmpuejihlp1']
[2024-07-14T14:12:22.264+0000] {standard_task_runner.py:91} INFO - Job 1800: Subtask fetch_and_compute_spread_btc_mxn
[2024-07-14T14:12:22.369+0000] {task_command.py:426} INFO - Running <TaskInstance: fetch_spread_values.fetch_and_compute_spread_btc_mxn scheduled__2024-07-14T13:59:00+00:00 [running]> on host d537c34a4880
[2024-07-14T14:12:22.621+0000] {taskinstance.py:2648} INFO - Exporting env vars: AIRFLOW_CTX_DAG_OWNER='***' AIRFLOW_CTX_DAG_ID='fetch_spread_values' AIRFLOW_CTX_TASK_ID='fetch_and_compute_spread_btc_mxn' AIRFLOW_CTX_EXECUTION_DATE='2024-07-14T13:59:00+00:00' AIRFLOW_CTX_TRY_NUMBER='1' AIRFLOW_CTX_DAG_RUN_ID='scheduled__2024-07-14T13:59:00+00:00'
[2024-07-14T14:12:22.640+0000] {taskinstance.py:430} INFO - ::endgroup::
[2024-07-14T14:12:22.941+0000] {python.py:237} INFO - Done. Returned value was: None
[2024-07-14T14:12:22.944+0000] {taskinstance.py:441} INFO - ::group::Post task execution logs
[2024-07-14T14:12:22.971+0000] {taskinstance.py:1206} INFO - Marking task as SUCCESS. dag_id=fetch_spread_values, task_id=fetch_and_compute_spread_btc_mxn, run_id=scheduled__2024-07-14T13:59:00+00:00, execution_date=20240714T135900, start_date=20240714T141222, end_date=20240714T141222
[2024-07-14T14:12:23.029+0000] {local_task_job_runner.py:240} INFO - Task exited with return code 0
[2024-07-14T14:12:23.082+0000] {taskinstance.py:3503} INFO - 0 downstream tasks scheduled from follow-on schedule check
[2024-07-14T14:12:23.101+0000] {local_task_job_runner.py:222} INFO - ::endgroup::
[2024-07-14T20:38:10.967+0000] {local_task_job_runner.py:120} INFO - ::group::Pre task execution logs
[2024-07-14T20:38:10.986+0000] {taskinstance.py:2076} INFO - Dependencies all met for dep_context=non-requeueable deps ti=<TaskInstance: fetch_spread_values.fetch_and_compute_spread_btc_mxn scheduled__2024-07-14T13:59:00+00:00 [queued]>
[2024-07-14T20:38:10.991+0000] {taskinstance.py:2076} INFO - Dependencies all met for dep_context=requeueable deps ti=<TaskInstance: fetch_spread_values.fetch_and_compute_spread_btc_mxn scheduled__2024-07-14T13:59:00+00:00 [queued]>
[2024-07-14T20:38:10.991+0000] {taskinstance.py:2306} INFO - Starting attempt 1 of 2
[2024-07-14T20:38:11.003+0000] {taskinstance.py:2330} INFO - Executing <Task(PythonOperator): fetch_and_compute_spread_btc_mxn> on 2024-07-14 13:59:00+00:00
[2024-07-14T20:38:11.008+0000] {logging_mixin.py:188} WARNING - /home/***/.local/lib/python3.12/site-packages/***/task/task_runner/standard_task_runner.py:61 DeprecationWarning: This process (pid=3845) is multi-threaded, use of fork() may lead to deadlocks in the child.
[2024-07-14T20:38:11.009+0000] {standard_task_runner.py:63} INFO - Started process 3852 to run task
[2024-07-14T20:38:11.009+0000] {standard_task_runner.py:90} INFO - Running: ['***', 'tasks', 'run', 'fetch_spread_values', 'fetch_and_compute_spread_btc_mxn', 'scheduled__2024-07-14T13:59:00+00:00', '--job-id', '1807', '--raw', '--subdir', 'DAGS_FOLDER/***.py', '--cfg-path', '/tmp/tmppf0w04mx']
[2024-07-14T20:38:11.013+0000] {standard_task_runner.py:91} INFO - Job 1807: Subtask fetch_and_compute_spread_btc_mxn
[2024-07-14T20:38:11.043+0000] {task_command.py:426} INFO - Running <TaskInstance: fetch_spread_values.fetch_and_compute_spread_btc_mxn scheduled__2024-07-14T13:59:00+00:00 [running]> on host 77caf7e4b282
[2024-07-14T20:38:11.088+0000] {taskinstance.py:2648} INFO - Exporting env vars: AIRFLOW_CTX_DAG_OWNER='***' AIRFLOW_CTX_DAG_ID='fetch_spread_values' AIRFLOW_CTX_TASK_ID='fetch_and_compute_spread_btc_mxn' AIRFLOW_CTX_EXECUTION_DATE='2024-07-14T13:59:00+00:00' AIRFLOW_CTX_TRY_NUMBER='1' AIRFLOW_CTX_DAG_RUN_ID='scheduled__2024-07-14T13:59:00+00:00'
[2024-07-14T20:38:11.088+0000] {taskinstance.py:430} INFO - ::endgroup::
[2024-07-14T20:38:11.236+0000] {python.py:237} INFO - Done. Returned value was: None
[2024-07-14T20:38:11.237+0000] {taskinstance.py:441} INFO - ::group::Post task execution logs
[2024-07-14T20:38:11.242+0000] {taskinstance.py:1206} INFO - Marking task as SUCCESS. dag_id=fetch_spread_values, task_id=fetch_and_compute_spread_btc_mxn, run_id=scheduled__2024-07-14T13:59:00+00:00, execution_date=20240714T135900, start_date=20240714T203810, end_date=20240714T203811
[2024-07-14T20:38:11.274+0000] {local_task_job_runner.py:240} INFO - Task exited with return code 0
[2024-07-14T20:38:11.283+0000] {taskinstance.py:3503} INFO - 0 downstream tasks scheduled from follow-on schedule check
[2024-07-14T20:38:11.283+0000] {local_task_job_runner.py:222} INFO - ::endgroup::
