[2024-07-17T01:16:06.600+0000] {local_task_job_runner.py:120} INFO - ::group::Pre task execution logs
[2024-07-17T01:16:06.615+0000] {taskinstance.py:2076} INFO - Dependencies all met for dep_context=non-requeueable deps ti=<TaskInstance: etl_ticker.etl_btc_mxn scheduled__2024-07-14T23:10:00+00:00 [queued]>
[2024-07-17T01:16:06.619+0000] {taskinstance.py:2076} INFO - Dependencies all met for dep_context=requeueable deps ti=<TaskInstance: etl_ticker.etl_btc_mxn scheduled__2024-07-14T23:10:00+00:00 [queued]>
[2024-07-17T01:16:06.619+0000] {taskinstance.py:2306} INFO - Starting attempt 1 of 2
[2024-07-17T01:16:06.625+0000] {taskinstance.py:2330} INFO - Executing <Task(PythonOperator): etl_btc_mxn> on 2024-07-14 23:10:00+00:00
[2024-07-17T01:16:06.629+0000] {logging_mixin.py:188} WARNING - /home/***/.local/lib/python3.12/site-packages/***/task/task_runner/standard_task_runner.py:61 DeprecationWarning: This process (pid=29658) is multi-threaded, use of fork() may lead to deadlocks in the child.
[2024-07-17T01:16:06.630+0000] {standard_task_runner.py:63} INFO - Started process 29660 to run task
[2024-07-17T01:16:06.629+0000] {standard_task_runner.py:90} INFO - Running: ['***', 'tasks', 'run', 'etl_ticker', 'etl_btc_mxn', 'scheduled__2024-07-14T23:10:00+00:00', '--job-id', '468', '--raw', '--subdir', 'DAGS_FOLDER/bid_ask_dag.py', '--cfg-path', '/tmp/tmp6u_1nufr']
[2024-07-17T01:16:06.631+0000] {standard_task_runner.py:91} INFO - Job 468: Subtask etl_btc_mxn
[2024-07-17T01:16:06.656+0000] {task_command.py:426} INFO - Running <TaskInstance: etl_ticker.etl_btc_mxn scheduled__2024-07-14T23:10:00+00:00 [running]> on host 6f712de23803
[2024-07-17T01:16:06.700+0000] {taskinstance.py:2648} INFO - Exporting env vars: AIRFLOW_CTX_DAG_OWNER='***' AIRFLOW_CTX_DAG_ID='etl_ticker' AIRFLOW_CTX_TASK_ID='etl_btc_mxn' AIRFLOW_CTX_EXECUTION_DATE='2024-07-14T23:10:00+00:00' AIRFLOW_CTX_TRY_NUMBER='1' AIRFLOW_CTX_DAG_RUN_ID='scheduled__2024-07-14T23:10:00+00:00'
[2024-07-17T01:16:06.701+0000] {taskinstance.py:430} INFO - ::endgroup::
[2024-07-17T01:16:06.709+0000] {logging_mixin.py:188} WARNING -   0%|          | 0/600 [00:00<?, ?it/s]
[2024-07-17T01:16:07.914+0000] {logging_mixin.py:188} WARNING -   0%|          | 1/600 [00:01<12:01,  1.20s/it]
[2024-07-17T01:16:09.059+0000] {logging_mixin.py:188} WARNING -   0%|          | 2/600 [00:02<11:39,  1.17s/it]
[2024-07-17T01:16:10.228+0000] {logging_mixin.py:188} WARNING -   0%|          | 3/600 [00:03<11:38,  1.17s/it]
[2024-07-17T01:16:11.400+0000] {logging_mixin.py:188} WARNING -   1%|          | 4/600 [00:04<11:37,  1.17s/it]
[2024-07-17T01:16:12.560+0000] {logging_mixin.py:188} WARNING -   1%|          | 5/600 [00:05<11:34,  1.17s/it]
[2024-07-17T01:16:13.755+0000] {logging_mixin.py:188} WARNING -   1%|1         | 6/600 [00:07<11:38,  1.18s/it]
[2024-07-17T01:16:14.938+0000] {logging_mixin.py:188} WARNING -   1%|1         | 7/600 [00:08<11:38,  1.18s/it]
[2024-07-17T01:16:16.099+0000] {logging_mixin.py:188} WARNING -   1%|1         | 8/600 [00:09<11:34,  1.17s/it]
[2024-07-17T01:16:17.268+0000] {logging_mixin.py:188} WARNING -   2%|1         | 9/600 [00:10<11:32,  1.17s/it]
[2024-07-17T01:16:18.434+0000] {logging_mixin.py:188} WARNING -   2%|1         | 10/600 [00:11<11:30,  1.17s/it]
[2024-07-17T01:16:19.586+0000] {logging_mixin.py:188} WARNING -   2%|1         | 11/600 [00:12<11:25,  1.16s/it]
[2024-07-17T01:16:20.738+0000] {bid_ask_dag.py:87} INFO - Threshold! {'orderbook_timestamp': '2024-07-17T01:16:19+00:00', 'book': 'btc_mxn', 'bid': 1160110.0, 'ask': 1161850.0, 'spread': 0.14976115677583166}
[2024-07-17T01:16:20.740+0000] {logging_mixin.py:188} WARNING -   2%|1         | 11/600 [00:14<12:31,  1.28s/it]
[2024-07-17T01:16:20.740+0000] {taskinstance.py:441} INFO - ::group::Post task execution logs
[2024-07-17T01:16:20.742+0000] {taskinstance.py:2905} ERROR - Task failed with exception
Traceback (most recent call last):
  File "/home/airflow/.local/lib/python3.12/site-packages/airflow/models/taskinstance.py", line 465, in _execute_task
    result = _execute_callable(context=context, **execute_callable_kwargs)
             ^^^^^^^^^^^^^^^^^^^^^^^^^^^^^^^^^^^^^^^^^^^^^^^^^^^^^^^^^^^^^
  File "/home/airflow/.local/lib/python3.12/site-packages/airflow/models/taskinstance.py", line 432, in _execute_callable
    return execute_callable(context=context, **execute_callable_kwargs)
           ^^^^^^^^^^^^^^^^^^^^^^^^^^^^^^^^^^^^^^^^^^^^^^^^^^^^^^^^^^^^
  File "/home/airflow/.local/lib/python3.12/site-packages/airflow/models/baseoperator.py", line 401, in wrapper
    return func(self, *args, **kwargs)
           ^^^^^^^^^^^^^^^^^^^^^^^^^^^
  File "/home/airflow/.local/lib/python3.12/site-packages/airflow/operators/python.py", line 235, in execute
    return_value = self.execute_callable()
                   ^^^^^^^^^^^^^^^^^^^^^^^
  File "/home/airflow/.local/lib/python3.12/site-packages/airflow/operators/python.py", line 252, in execute_callable
    return self.python_callable(*self.op_args, **self.op_kwargs)
           ^^^^^^^^^^^^^^^^^^^^^^^^^^^^^^^^^^^^^^^^^^^^^^^^^^^^^
  File "/opt/airflow/dags/bid_ask_dag.py", line 88, in etl_spread
    SlackWebhookHook(webhook_token=WEBHOOK_URL, message=f"Alert! bid-ask has appeared {record}").execute()
    ^^^^^^^^^^^^^^^^^^^^^^^^^^^^^^^^^^^^^^^^^^^^^^^^^^^^^^^^^^^^^^^^^^^^^^^^^^^^^^^^^^^^^^^^^^^^
TypeError: SlackWebhookHook.__init__() missing 1 required keyword-only argument: 'slack_webhook_conn_id'
[2024-07-17T01:16:20.759+0000] {taskinstance.py:1206} INFO - Marking task as UP_FOR_RETRY. dag_id=etl_ticker, task_id=etl_btc_mxn, run_id=scheduled__2024-07-14T23:10:00+00:00, execution_date=20240714T231000, start_date=20240717T011606, end_date=20240717T011620
[2024-07-17T01:16:20.771+0000] {standard_task_runner.py:110} ERROR - Failed to execute job 468 for task etl_btc_mxn (SlackWebhookHook.__init__() missing 1 required keyword-only argument: 'slack_webhook_conn_id'; 29660)
[2024-07-17T01:16:20.801+0000] {local_task_job_runner.py:240} INFO - Task exited with return code 1
[2024-07-17T01:16:20.815+0000] {taskinstance.py:3503} INFO - 0 downstream tasks scheduled from follow-on schedule check
[2024-07-17T01:16:20.816+0000] {local_task_job_runner.py:222} INFO - ::endgroup::
