[2024-07-14T09:03:36.280+0000] {local_task_job_runner.py:120} INFO - ::group::Pre task execution logs
[2024-07-14T09:03:36.324+0000] {taskinstance.py:2076} INFO - Dependencies all met for dep_context=non-requeueable deps ti=<TaskInstance: fetch_spread_values.fetch_and_compute_spread_usd_mxn scheduled__2024-07-14T07:28:00+00:00 [queued]>
[2024-07-14T09:03:36.343+0000] {taskinstance.py:2076} INFO - Dependencies all met for dep_context=requeueable deps ti=<TaskInstance: fetch_spread_values.fetch_and_compute_spread_usd_mxn scheduled__2024-07-14T07:28:00+00:00 [queued]>
[2024-07-14T09:03:36.343+0000] {taskinstance.py:2306} INFO - Starting attempt 1 of 2
[2024-07-14T09:03:36.400+0000] {taskinstance.py:2330} INFO - Executing <Task(PythonOperator): fetch_and_compute_spread_usd_mxn> on 2024-07-14 07:28:00+00:00
[2024-07-14T09:03:36.438+0000] {warnings.py:112} WARNING - /home/***/.local/lib/python3.12/site-packages/***/task/task_runner/standard_task_runner.py:61: DeprecationWarning: This process (pid=2876) is multi-threaded, use of fork() may lead to deadlocks in the child.
  pid = os.fork()

[2024-07-14T09:03:36.459+0000] {standard_task_runner.py:63} INFO - Started process 2908 to run task
[2024-07-14T09:03:36.442+0000] {standard_task_runner.py:90} INFO - Running: ['***', 'tasks', 'run', 'fetch_spread_values', 'fetch_and_compute_spread_usd_mxn', 'scheduled__2024-07-14T07:28:00+00:00', '--job-id', '925', '--raw', '--subdir', 'DAGS_FOLDER/***.py', '--cfg-path', '/tmp/tmpdsmc66vg']
[2024-07-14T09:03:36.473+0000] {standard_task_runner.py:91} INFO - Job 925: Subtask fetch_and_compute_spread_usd_mxn
[2024-07-14T09:03:36.629+0000] {task_command.py:426} INFO - Running <TaskInstance: fetch_spread_values.fetch_and_compute_spread_usd_mxn scheduled__2024-07-14T07:28:00+00:00 [running]> on host d537c34a4880
[2024-07-14T09:03:36.822+0000] {taskinstance.py:2648} INFO - Exporting env vars: AIRFLOW_CTX_DAG_OWNER='***' AIRFLOW_CTX_DAG_ID='fetch_spread_values' AIRFLOW_CTX_TASK_ID='fetch_and_compute_spread_usd_mxn' AIRFLOW_CTX_EXECUTION_DATE='2024-07-14T07:28:00+00:00' AIRFLOW_CTX_TRY_NUMBER='1' AIRFLOW_CTX_DAG_RUN_ID='scheduled__2024-07-14T07:28:00+00:00'
[2024-07-14T09:03:36.826+0000] {taskinstance.py:430} INFO - ::endgroup::
[2024-07-14T09:03:37.100+0000] {python.py:237} INFO - Done. Returned value was: None
[2024-07-14T09:03:37.121+0000] {taskinstance.py:441} INFO - ::group::Post task execution logs
[2024-07-14T09:03:37.159+0000] {taskinstance.py:1206} INFO - Marking task as SUCCESS. dag_id=fetch_spread_values, task_id=fetch_and_compute_spread_usd_mxn, run_id=scheduled__2024-07-14T07:28:00+00:00, execution_date=20240714T072800, start_date=20240714T090336, end_date=20240714T090337
[2024-07-14T09:03:37.257+0000] {local_task_job_runner.py:240} INFO - Task exited with return code 0
[2024-07-14T09:03:37.301+0000] {taskinstance.py:3503} INFO - 0 downstream tasks scheduled from follow-on schedule check
[2024-07-14T09:03:37.315+0000] {local_task_job_runner.py:222} INFO - ::endgroup::
[2024-07-14T20:35:22.652+0000] {local_task_job_runner.py:120} INFO - ::group::Pre task execution logs
[2024-07-14T20:35:22.669+0000] {taskinstance.py:2076} INFO - Dependencies all met for dep_context=non-requeueable deps ti=<TaskInstance: fetch_spread_values.fetch_and_compute_spread_usd_mxn scheduled__2024-07-14T07:28:00+00:00 [queued]>
[2024-07-14T20:35:22.673+0000] {taskinstance.py:2076} INFO - Dependencies all met for dep_context=requeueable deps ti=<TaskInstance: fetch_spread_values.fetch_and_compute_spread_usd_mxn scheduled__2024-07-14T07:28:00+00:00 [queued]>
[2024-07-14T20:35:22.673+0000] {taskinstance.py:2306} INFO - Starting attempt 1 of 2
[2024-07-14T20:35:22.680+0000] {taskinstance.py:2330} INFO - Executing <Task(PythonOperator): fetch_and_compute_spread_usd_mxn> on 2024-07-14 07:28:00+00:00
[2024-07-14T20:35:22.685+0000] {logging_mixin.py:188} WARNING - /home/***/.local/lib/python3.12/site-packages/***/task/task_runner/standard_task_runner.py:61 DeprecationWarning: This process (pid=2206) is multi-threaded, use of fork() may lead to deadlocks in the child.
[2024-07-14T20:35:22.685+0000] {standard_task_runner.py:90} INFO - Running: ['***', 'tasks', 'run', 'fetch_spread_values', 'fetch_and_compute_spread_usd_mxn', 'scheduled__2024-07-14T07:28:00+00:00', '--job-id', '997', '--raw', '--subdir', 'DAGS_FOLDER/***.py', '--cfg-path', '/tmp/tmp_pn0c2nx']
[2024-07-14T20:35:22.687+0000] {standard_task_runner.py:63} INFO - Started process 2210 to run task
[2024-07-14T20:35:22.687+0000] {standard_task_runner.py:91} INFO - Job 997: Subtask fetch_and_compute_spread_usd_mxn
[2024-07-14T20:35:22.716+0000] {task_command.py:426} INFO - Running <TaskInstance: fetch_spread_values.fetch_and_compute_spread_usd_mxn scheduled__2024-07-14T07:28:00+00:00 [running]> on host 77caf7e4b282
[2024-07-14T20:35:22.760+0000] {taskinstance.py:2648} INFO - Exporting env vars: AIRFLOW_CTX_DAG_OWNER='***' AIRFLOW_CTX_DAG_ID='fetch_spread_values' AIRFLOW_CTX_TASK_ID='fetch_and_compute_spread_usd_mxn' AIRFLOW_CTX_EXECUTION_DATE='2024-07-14T07:28:00+00:00' AIRFLOW_CTX_TRY_NUMBER='1' AIRFLOW_CTX_DAG_RUN_ID='scheduled__2024-07-14T07:28:00+00:00'
[2024-07-14T20:35:22.761+0000] {taskinstance.py:430} INFO - ::endgroup::
[2024-07-14T20:35:22.917+0000] {python.py:237} INFO - Done. Returned value was: None
[2024-07-14T20:35:22.918+0000] {taskinstance.py:441} INFO - ::group::Post task execution logs
[2024-07-14T20:35:22.927+0000] {taskinstance.py:1206} INFO - Marking task as SUCCESS. dag_id=fetch_spread_values, task_id=fetch_and_compute_spread_usd_mxn, run_id=scheduled__2024-07-14T07:28:00+00:00, execution_date=20240714T072800, start_date=20240714T203522, end_date=20240714T203522
[2024-07-14T20:35:22.954+0000] {local_task_job_runner.py:240} INFO - Task exited with return code 0
[2024-07-14T20:35:22.965+0000] {taskinstance.py:3503} INFO - 0 downstream tasks scheduled from follow-on schedule check
[2024-07-14T20:35:22.966+0000] {local_task_job_runner.py:222} INFO - ::endgroup::
