[2024-07-14T09:05:33.586+0000] {local_task_job_runner.py:120} INFO - ::group::Pre task execution logs
[2024-07-14T09:05:33.663+0000] {taskinstance.py:2076} INFO - Dependencies all met for dep_context=non-requeueable deps ti=<TaskInstance: save_spread_values.save_and_flush_task scheduled__2024-07-14T05:50:00+00:00 [queued]>
[2024-07-14T09:05:33.696+0000] {taskinstance.py:2076} INFO - Dependencies all met for dep_context=requeueable deps ti=<TaskInstance: save_spread_values.save_and_flush_task scheduled__2024-07-14T05:50:00+00:00 [queued]>
[2024-07-14T09:05:33.706+0000] {taskinstance.py:2306} INFO - Starting attempt 1 of 2
[2024-07-14T09:05:33.787+0000] {taskinstance.py:2330} INFO - Executing <Task(PythonOperator): save_and_flush_task> on 2024-07-14 05:50:00+00:00
[2024-07-14T09:05:33.808+0000] {warnings.py:112} WARNING - /home/***/.local/lib/python3.12/site-packages/***/task/task_runner/standard_task_runner.py:61: DeprecationWarning: This process (pid=3601) is multi-threaded, use of fork() may lead to deadlocks in the child.
  pid = os.fork()

[2024-07-14T09:05:33.829+0000] {standard_task_runner.py:90} INFO - Running: ['***', 'tasks', 'run', 'save_spread_values', 'save_and_flush_task', 'scheduled__2024-07-14T05:50:00+00:00', '--job-id', '1155', '--raw', '--subdir', 'DAGS_FOLDER/***.py', '--cfg-path', '/tmp/tmpii_k4tr5']
[2024-07-14T09:05:33.841+0000] {standard_task_runner.py:91} INFO - Job 1155: Subtask save_and_flush_task
[2024-07-14T09:05:33.842+0000] {standard_task_runner.py:63} INFO - Started process 3620 to run task
[2024-07-14T09:05:34.218+0000] {task_command.py:426} INFO - Running <TaskInstance: save_spread_values.save_and_flush_task scheduled__2024-07-14T05:50:00+00:00 [running]> on host d537c34a4880
[2024-07-14T09:05:34.667+0000] {taskinstance.py:2648} INFO - Exporting env vars: AIRFLOW_CTX_DAG_OWNER='***' AIRFLOW_CTX_DAG_ID='save_spread_values' AIRFLOW_CTX_TASK_ID='save_and_flush_task' AIRFLOW_CTX_EXECUTION_DATE='2024-07-14T05:50:00+00:00' AIRFLOW_CTX_TRY_NUMBER='1' AIRFLOW_CTX_DAG_RUN_ID='scheduled__2024-07-14T05:50:00+00:00'
[2024-07-14T09:05:34.674+0000] {taskinstance.py:430} INFO - ::endgroup::
[2024-07-14T09:05:34.683+0000] {python.py:237} INFO - Done. Returned value was: None
[2024-07-14T09:05:34.688+0000] {taskinstance.py:441} INFO - ::group::Post task execution logs
[2024-07-14T09:05:34.730+0000] {taskinstance.py:1206} INFO - Marking task as SUCCESS. dag_id=save_spread_values, task_id=save_and_flush_task, run_id=scheduled__2024-07-14T05:50:00+00:00, execution_date=20240714T055000, start_date=20240714T090533, end_date=20240714T090534
[2024-07-14T09:05:34.779+0000] {local_task_job_runner.py:240} INFO - Task exited with return code 0
[2024-07-14T09:05:34.804+0000] {taskinstance.py:3503} INFO - 0 downstream tasks scheduled from follow-on schedule check
[2024-07-14T09:05:34.809+0000] {local_task_job_runner.py:222} INFO - ::endgroup::
[2024-07-14T20:34:50.956+0000] {local_task_job_runner.py:120} INFO - ::group::Pre task execution logs
[2024-07-14T20:34:50.973+0000] {taskinstance.py:2076} INFO - Dependencies all met for dep_context=non-requeueable deps ti=<TaskInstance: save_spread_values.save_and_flush_task scheduled__2024-07-14T05:50:00+00:00 [queued]>
[2024-07-14T20:34:50.978+0000] {taskinstance.py:2076} INFO - Dependencies all met for dep_context=requeueable deps ti=<TaskInstance: save_spread_values.save_and_flush_task scheduled__2024-07-14T05:50:00+00:00 [queued]>
[2024-07-14T20:34:50.978+0000] {taskinstance.py:2306} INFO - Starting attempt 1 of 2
[2024-07-14T20:34:50.984+0000] {taskinstance.py:2330} INFO - Executing <Task(PythonOperator): save_and_flush_task> on 2024-07-14 05:50:00+00:00
[2024-07-14T20:34:50.989+0000] {logging_mixin.py:188} WARNING - /home/***/.local/lib/python3.12/site-packages/***/task/task_runner/standard_task_runner.py:61 DeprecationWarning: This process (pid=1795) is multi-threaded, use of fork() may lead to deadlocks in the child.
[2024-07-14T20:34:50.989+0000] {standard_task_runner.py:90} INFO - Running: ['***', 'tasks', 'run', 'save_spread_values', 'save_and_flush_task', 'scheduled__2024-07-14T05:50:00+00:00', '--job-id', '795', '--raw', '--subdir', 'DAGS_FOLDER/***.py', '--cfg-path', '/tmp/tmpyhlnohta']
[2024-07-14T20:34:50.990+0000] {standard_task_runner.py:63} INFO - Started process 1800 to run task
[2024-07-14T20:34:50.990+0000] {standard_task_runner.py:91} INFO - Job 795: Subtask save_and_flush_task
[2024-07-14T20:34:51.016+0000] {task_command.py:426} INFO - Running <TaskInstance: save_spread_values.save_and_flush_task scheduled__2024-07-14T05:50:00+00:00 [running]> on host 77caf7e4b282
[2024-07-14T20:34:51.062+0000] {taskinstance.py:2648} INFO - Exporting env vars: AIRFLOW_CTX_DAG_OWNER='***' AIRFLOW_CTX_DAG_ID='save_spread_values' AIRFLOW_CTX_TASK_ID='save_and_flush_task' AIRFLOW_CTX_EXECUTION_DATE='2024-07-14T05:50:00+00:00' AIRFLOW_CTX_TRY_NUMBER='1' AIRFLOW_CTX_DAG_RUN_ID='scheduled__2024-07-14T05:50:00+00:00'
[2024-07-14T20:34:51.062+0000] {taskinstance.py:430} INFO - ::endgroup::
[2024-07-14T20:34:51.069+0000] {python.py:237} INFO - Done. Returned value was: None
[2024-07-14T20:34:51.069+0000] {taskinstance.py:441} INFO - ::group::Post task execution logs
[2024-07-14T20:34:51.075+0000] {taskinstance.py:1206} INFO - Marking task as SUCCESS. dag_id=save_spread_values, task_id=save_and_flush_task, run_id=scheduled__2024-07-14T05:50:00+00:00, execution_date=20240714T055000, start_date=20240714T203450, end_date=20240714T203451
[2024-07-14T20:34:51.088+0000] {local_task_job_runner.py:240} INFO - Task exited with return code 0
[2024-07-14T20:34:51.097+0000] {taskinstance.py:3503} INFO - 0 downstream tasks scheduled from follow-on schedule check
[2024-07-14T20:34:51.098+0000] {local_task_job_runner.py:222} INFO - ::endgroup::
[2024-07-15T06:32:29.135+0000] {local_task_job_runner.py:120} INFO - ::group::Pre task execution logs
[2024-07-15T06:32:29.179+0000] {taskinstance.py:2076} INFO - Dependencies all met for dep_context=non-requeueable deps ti=<TaskInstance: save_spread_values.save_and_flush_task scheduled__2024-07-14T05:50:00+00:00 [queued]>
[2024-07-15T06:32:29.225+0000] {taskinstance.py:2076} INFO - Dependencies all met for dep_context=requeueable deps ti=<TaskInstance: save_spread_values.save_and_flush_task scheduled__2024-07-14T05:50:00+00:00 [queued]>
[2024-07-15T06:32:29.228+0000] {taskinstance.py:2306} INFO - Starting attempt 1 of 2
[2024-07-15T06:32:29.249+0000] {taskinstance.py:2330} INFO - Executing <Task(PythonOperator): save_and_flush_task> on 2024-07-14 05:50:00+00:00
[2024-07-15T06:32:29.254+0000] {logging_mixin.py:188} WARNING - /home/***/.local/lib/python3.12/site-packages/***/task/task_runner/standard_task_runner.py:61 DeprecationWarning: This process (pid=2959) is multi-threaded, use of fork() may lead to deadlocks in the child.
[2024-07-15T06:32:29.260+0000] {standard_task_runner.py:63} INFO - Started process 2971 to run task
[2024-07-15T06:32:29.256+0000] {standard_task_runner.py:90} INFO - Running: ['***', 'tasks', 'run', 'save_spread_values', 'save_and_flush_task', 'scheduled__2024-07-14T05:50:00+00:00', '--job-id', '213', '--raw', '--subdir', 'DAGS_FOLDER/et_dag.py', '--cfg-path', '/tmp/tmp8ipuq_c7']
[2024-07-15T06:32:29.270+0000] {standard_task_runner.py:91} INFO - Job 213: Subtask save_and_flush_task
[2024-07-15T06:32:29.327+0000] {task_command.py:426} INFO - Running <TaskInstance: save_spread_values.save_and_flush_task scheduled__2024-07-14T05:50:00+00:00 [running]> on host 52e7a9c3d832
[2024-07-15T06:32:29.401+0000] {taskinstance.py:2648} INFO - Exporting env vars: AIRFLOW_CTX_DAG_OWNER='***' AIRFLOW_CTX_DAG_ID='save_spread_values' AIRFLOW_CTX_TASK_ID='save_and_flush_task' AIRFLOW_CTX_EXECUTION_DATE='2024-07-14T05:50:00+00:00' AIRFLOW_CTX_TRY_NUMBER='1' AIRFLOW_CTX_DAG_RUN_ID='scheduled__2024-07-14T05:50:00+00:00'
[2024-07-15T06:32:29.409+0000] {taskinstance.py:430} INFO - ::endgroup::
[2024-07-15T06:32:29.423+0000] {taskinstance.py:441} INFO - ::group::Post task execution logs
[2024-07-15T06:32:29.427+0000] {taskinstance.py:2905} ERROR - Task failed with exception
Traceback (most recent call last):
  File "/home/airflow/.local/lib/python3.12/site-packages/airflow/models/taskinstance.py", line 465, in _execute_task
    result = _execute_callable(context=context, **execute_callable_kwargs)
             ^^^^^^^^^^^^^^^^^^^^^^^^^^^^^^^^^^^^^^^^^^^^^^^^^^^^^^^^^^^^^
  File "/home/airflow/.local/lib/python3.12/site-packages/airflow/models/taskinstance.py", line 432, in _execute_callable
    return execute_callable(context=context, **execute_callable_kwargs)
           ^^^^^^^^^^^^^^^^^^^^^^^^^^^^^^^^^^^^^^^^^^^^^^^^^^^^^^^^^^^^
  File "/home/airflow/.local/lib/python3.12/site-packages/airflow/models/baseoperator.py", line 401, in wrapper
    return func(self, *args, **kwargs)
           ^^^^^^^^^^^^^^^^^^^^^^^^^^^
  File "/home/airflow/.local/lib/python3.12/site-packages/airflow/operators/python.py", line 235, in execute
    return_value = self.execute_callable()
                   ^^^^^^^^^^^^^^^^^^^^^^^
  File "/home/airflow/.local/lib/python3.12/site-packages/airflow/operators/python.py", line 252, in execute_callable
    return self.python_callable(*self.op_args, **self.op_kwargs)
           ^^^^^^^^^^^^^^^^^^^^^^^^^^^^^^^^^^^^^^^^^^^^^^^^^^^^^
  File "/opt/airflow/dags/et_dag.py", line 38, in trigger_save_and_flush
    logging('Invoking method to save data from records')
TypeError: 'module' object is not callable
[2024-07-15T06:32:29.455+0000] {taskinstance.py:1206} INFO - Marking task as UP_FOR_RETRY. dag_id=save_spread_values, task_id=save_and_flush_task, run_id=scheduled__2024-07-14T05:50:00+00:00, execution_date=20240714T055000, start_date=20240715T063229, end_date=20240715T063229
[2024-07-15T06:32:29.479+0000] {standard_task_runner.py:110} ERROR - Failed to execute job 213 for task save_and_flush_task ('module' object is not callable; 2971)
[2024-07-15T06:32:29.491+0000] {local_task_job_runner.py:240} INFO - Task exited with return code 1
[2024-07-15T06:32:29.518+0000] {taskinstance.py:3503} INFO - 0 downstream tasks scheduled from follow-on schedule check
[2024-07-15T06:32:29.522+0000] {local_task_job_runner.py:222} INFO - ::endgroup::
