[2024-07-14T12:50:33.947+0000] {local_task_job_runner.py:120} INFO - ::group::Pre task execution logs
[2024-07-14T12:50:33.970+0000] {taskinstance.py:2076} INFO - Dependencies all met for dep_context=non-requeueable deps ti=<TaskInstance: fetch_spread_values.fetch_and_compute_spread_btc_mxn scheduled__2024-07-14T12:47:00+00:00 [queued]>
[2024-07-14T12:50:33.986+0000] {taskinstance.py:2076} INFO - Dependencies all met for dep_context=requeueable deps ti=<TaskInstance: fetch_spread_values.fetch_and_compute_spread_btc_mxn scheduled__2024-07-14T12:47:00+00:00 [queued]>
[2024-07-14T12:50:33.987+0000] {taskinstance.py:2306} INFO - Starting attempt 1 of 2
[2024-07-14T12:50:34.002+0000] {taskinstance.py:2330} INFO - Executing <Task(PythonOperator): fetch_and_compute_spread_btc_mxn> on 2024-07-14 12:47:00+00:00
[2024-07-14T12:50:34.011+0000] {warnings.py:112} WARNING - /home/***/.local/lib/python3.12/site-packages/***/task/task_runner/standard_task_runner.py:61: DeprecationWarning: This process (pid=5468) is multi-threaded, use of fork() may lead to deadlocks in the child.
  pid = os.fork()

[2024-07-14T12:50:34.019+0000] {standard_task_runner.py:63} INFO - Started process 5492 to run task
[2024-07-14T12:50:34.014+0000] {standard_task_runner.py:90} INFO - Running: ['***', 'tasks', 'run', 'fetch_spread_values', 'fetch_and_compute_spread_btc_mxn', 'scheduled__2024-07-14T12:47:00+00:00', '--job-id', '1643', '--raw', '--subdir', 'DAGS_FOLDER/***.py', '--cfg-path', '/tmp/tmprn6x4az2']
[2024-07-14T12:50:34.023+0000] {standard_task_runner.py:91} INFO - Job 1643: Subtask fetch_and_compute_spread_btc_mxn
[2024-07-14T12:50:34.096+0000] {task_command.py:426} INFO - Running <TaskInstance: fetch_spread_values.fetch_and_compute_spread_btc_mxn scheduled__2024-07-14T12:47:00+00:00 [running]> on host d537c34a4880
[2024-07-14T12:50:34.190+0000] {taskinstance.py:2648} INFO - Exporting env vars: AIRFLOW_CTX_DAG_OWNER='***' AIRFLOW_CTX_DAG_ID='fetch_spread_values' AIRFLOW_CTX_TASK_ID='fetch_and_compute_spread_btc_mxn' AIRFLOW_CTX_EXECUTION_DATE='2024-07-14T12:47:00+00:00' AIRFLOW_CTX_TRY_NUMBER='1' AIRFLOW_CTX_DAG_RUN_ID='scheduled__2024-07-14T12:47:00+00:00'
[2024-07-14T12:50:34.195+0000] {taskinstance.py:430} INFO - ::endgroup::
[2024-07-14T12:50:34.361+0000] {python.py:237} INFO - Done. Returned value was: None
[2024-07-14T12:50:34.362+0000] {taskinstance.py:441} INFO - ::group::Post task execution logs
[2024-07-14T12:50:34.367+0000] {taskinstance.py:1206} INFO - Marking task as SUCCESS. dag_id=fetch_spread_values, task_id=fetch_and_compute_spread_btc_mxn, run_id=scheduled__2024-07-14T12:47:00+00:00, execution_date=20240714T124700, start_date=20240714T125033, end_date=20240714T125034
[2024-07-14T12:50:34.415+0000] {local_task_job_runner.py:240} INFO - Task exited with return code 0
[2024-07-14T12:50:34.424+0000] {taskinstance.py:3503} INFO - 0 downstream tasks scheduled from follow-on schedule check
[2024-07-14T12:50:34.427+0000] {local_task_job_runner.py:222} INFO - ::endgroup::
[2024-07-14T20:37:43.202+0000] {local_task_job_runner.py:120} INFO - ::group::Pre task execution logs
[2024-07-14T20:37:43.274+0000] {taskinstance.py:2076} INFO - Dependencies all met for dep_context=non-requeueable deps ti=<TaskInstance: fetch_spread_values.fetch_and_compute_spread_btc_mxn scheduled__2024-07-14T12:47:00+00:00 [queued]>
[2024-07-14T20:37:43.286+0000] {taskinstance.py:2076} INFO - Dependencies all met for dep_context=requeueable deps ti=<TaskInstance: fetch_spread_values.fetch_and_compute_spread_btc_mxn scheduled__2024-07-14T12:47:00+00:00 [queued]>
[2024-07-14T20:37:43.292+0000] {taskinstance.py:2306} INFO - Starting attempt 1 of 2
[2024-07-14T20:37:43.303+0000] {taskinstance.py:2330} INFO - Executing <Task(PythonOperator): fetch_and_compute_spread_btc_mxn> on 2024-07-14 12:47:00+00:00
[2024-07-14T20:37:43.310+0000] {standard_task_runner.py:90} INFO - Running: ['***', 'tasks', 'run', 'fetch_spread_values', 'fetch_and_compute_spread_btc_mxn', 'scheduled__2024-07-14T12:47:00+00:00', '--job-id', '1663', '--raw', '--subdir', 'DAGS_FOLDER/***.py', '--cfg-path', '/tmp/tmpv2ncntec']
[2024-07-14T20:37:43.311+0000] {logging_mixin.py:188} WARNING - /home/***/.local/lib/python3.12/site-packages/***/task/task_runner/standard_task_runner.py:61 DeprecationWarning: This process (pid=3551) is multi-threaded, use of fork() may lead to deadlocks in the child.
[2024-07-14T20:37:43.312+0000] {standard_task_runner.py:63} INFO - Started process 3564 to run task
[2024-07-14T20:37:43.312+0000] {standard_task_runner.py:91} INFO - Job 1663: Subtask fetch_and_compute_spread_btc_mxn
[2024-07-14T20:37:43.388+0000] {task_command.py:426} INFO - Running <TaskInstance: fetch_spread_values.fetch_and_compute_spread_btc_mxn scheduled__2024-07-14T12:47:00+00:00 [running]> on host 77caf7e4b282
[2024-07-14T20:37:43.509+0000] {taskinstance.py:2648} INFO - Exporting env vars: AIRFLOW_CTX_DAG_OWNER='***' AIRFLOW_CTX_DAG_ID='fetch_spread_values' AIRFLOW_CTX_TASK_ID='fetch_and_compute_spread_btc_mxn' AIRFLOW_CTX_EXECUTION_DATE='2024-07-14T12:47:00+00:00' AIRFLOW_CTX_TRY_NUMBER='1' AIRFLOW_CTX_DAG_RUN_ID='scheduled__2024-07-14T12:47:00+00:00'
[2024-07-14T20:37:43.513+0000] {taskinstance.py:430} INFO - ::endgroup::
[2024-07-14T20:37:43.792+0000] {python.py:237} INFO - Done. Returned value was: None
[2024-07-14T20:37:43.805+0000] {taskinstance.py:441} INFO - ::group::Post task execution logs
[2024-07-14T20:37:43.826+0000] {taskinstance.py:1206} INFO - Marking task as SUCCESS. dag_id=fetch_spread_values, task_id=fetch_and_compute_spread_btc_mxn, run_id=scheduled__2024-07-14T12:47:00+00:00, execution_date=20240714T124700, start_date=20240714T203743, end_date=20240714T203743
[2024-07-14T20:37:43.971+0000] {local_task_job_runner.py:240} INFO - Task exited with return code 0
[2024-07-14T20:37:43.990+0000] {local_task_job_runner.py:222} INFO - ::endgroup::
