[2024-07-14T09:04:48.494+0000] {local_task_job_runner.py:120} INFO - ::group::Pre task execution logs
[2024-07-14T09:04:48.537+0000] {taskinstance.py:2076} INFO - Dependencies all met for dep_context=non-requeueable deps ti=<TaskInstance: fetch_spread_values.fetch_and_compute_spread_btc_mxn scheduled__2024-07-14T08:37:00+00:00 [queued]>
[2024-07-14T09:04:48.548+0000] {taskinstance.py:2076} INFO - Dependencies all met for dep_context=requeueable deps ti=<TaskInstance: fetch_spread_values.fetch_and_compute_spread_btc_mxn scheduled__2024-07-14T08:37:00+00:00 [queued]>
[2024-07-14T09:04:48.550+0000] {taskinstance.py:2306} INFO - Starting attempt 1 of 2
[2024-07-14T09:04:48.595+0000] {taskinstance.py:2330} INFO - Executing <Task(PythonOperator): fetch_and_compute_spread_btc_mxn> on 2024-07-14 08:37:00+00:00
[2024-07-14T09:04:48.608+0000] {warnings.py:112} WARNING - /home/***/.local/lib/python3.12/site-packages/***/task/task_runner/standard_task_runner.py:61: DeprecationWarning: This process (pid=3317) is multi-threaded, use of fork() may lead to deadlocks in the child.
  pid = os.fork()

[2024-07-14T09:04:48.617+0000] {standard_task_runner.py:63} INFO - Started process 3339 to run task
[2024-07-14T09:04:48.612+0000] {standard_task_runner.py:90} INFO - Running: ['***', 'tasks', 'run', 'fetch_spread_values', 'fetch_and_compute_spread_btc_mxn', 'scheduled__2024-07-14T08:37:00+00:00', '--job-id', '1063', '--raw', '--subdir', 'DAGS_FOLDER/***.py', '--cfg-path', '/tmp/tmpft7ka3iv']
[2024-07-14T09:04:48.622+0000] {standard_task_runner.py:91} INFO - Job 1063: Subtask fetch_and_compute_spread_btc_mxn
[2024-07-14T09:04:48.894+0000] {task_command.py:426} INFO - Running <TaskInstance: fetch_spread_values.fetch_and_compute_spread_btc_mxn scheduled__2024-07-14T08:37:00+00:00 [running]> on host d537c34a4880
[2024-07-14T09:04:49.222+0000] {taskinstance.py:2648} INFO - Exporting env vars: AIRFLOW_CTX_DAG_OWNER='***' AIRFLOW_CTX_DAG_ID='fetch_spread_values' AIRFLOW_CTX_TASK_ID='fetch_and_compute_spread_btc_mxn' AIRFLOW_CTX_EXECUTION_DATE='2024-07-14T08:37:00+00:00' AIRFLOW_CTX_TRY_NUMBER='1' AIRFLOW_CTX_DAG_RUN_ID='scheduled__2024-07-14T08:37:00+00:00'
[2024-07-14T09:04:49.237+0000] {taskinstance.py:430} INFO - ::endgroup::
[2024-07-14T09:04:49.468+0000] {python.py:237} INFO - Done. Returned value was: None
[2024-07-14T09:04:49.490+0000] {taskinstance.py:441} INFO - ::group::Post task execution logs
[2024-07-14T09:04:49.519+0000] {taskinstance.py:1206} INFO - Marking task as SUCCESS. dag_id=fetch_spread_values, task_id=fetch_and_compute_spread_btc_mxn, run_id=scheduled__2024-07-14T08:37:00+00:00, execution_date=20240714T083700, start_date=20240714T090448, end_date=20240714T090449
[2024-07-14T09:04:49.617+0000] {local_task_job_runner.py:240} INFO - Task exited with return code 0
[2024-07-14T09:04:49.686+0000] {local_task_job_runner.py:222} INFO - ::endgroup::
[2024-07-14T20:36:11.745+0000] {local_task_job_runner.py:120} INFO - ::group::Pre task execution logs
[2024-07-14T20:36:11.796+0000] {taskinstance.py:2076} INFO - Dependencies all met for dep_context=non-requeueable deps ti=<TaskInstance: fetch_spread_values.fetch_and_compute_spread_btc_mxn scheduled__2024-07-14T08:37:00+00:00 [queued]>
[2024-07-14T20:36:11.806+0000] {taskinstance.py:2076} INFO - Dependencies all met for dep_context=requeueable deps ti=<TaskInstance: fetch_spread_values.fetch_and_compute_spread_btc_mxn scheduled__2024-07-14T08:37:00+00:00 [queued]>
[2024-07-14T20:36:11.813+0000] {taskinstance.py:2306} INFO - Starting attempt 1 of 2
[2024-07-14T20:36:11.844+0000] {taskinstance.py:2330} INFO - Executing <Task(PythonOperator): fetch_and_compute_spread_btc_mxn> on 2024-07-14 08:37:00+00:00
[2024-07-14T20:36:11.853+0000] {standard_task_runner.py:90} INFO - Running: ['***', 'tasks', 'run', 'fetch_spread_values', 'fetch_and_compute_spread_btc_mxn', 'scheduled__2024-07-14T08:37:00+00:00', '--job-id', '1162', '--raw', '--subdir', 'DAGS_FOLDER/***.py', '--cfg-path', '/tmp/tmpitweatzz']
[2024-07-14T20:36:11.854+0000] {logging_mixin.py:188} WARNING - /home/***/.local/lib/python3.12/site-packages/***/task/task_runner/standard_task_runner.py:61 DeprecationWarning: This process (pid=2538) is multi-threaded, use of fork() may lead to deadlocks in the child.
[2024-07-14T20:36:11.865+0000] {standard_task_runner.py:63} INFO - Started process 2548 to run task
[2024-07-14T20:36:11.861+0000] {standard_task_runner.py:91} INFO - Job 1162: Subtask fetch_and_compute_spread_btc_mxn
[2024-07-14T20:36:11.965+0000] {task_command.py:426} INFO - Running <TaskInstance: fetch_spread_values.fetch_and_compute_spread_btc_mxn scheduled__2024-07-14T08:37:00+00:00 [running]> on host 77caf7e4b282
[2024-07-14T20:36:12.050+0000] {taskinstance.py:2648} INFO - Exporting env vars: AIRFLOW_CTX_DAG_OWNER='***' AIRFLOW_CTX_DAG_ID='fetch_spread_values' AIRFLOW_CTX_TASK_ID='fetch_and_compute_spread_btc_mxn' AIRFLOW_CTX_EXECUTION_DATE='2024-07-14T08:37:00+00:00' AIRFLOW_CTX_TRY_NUMBER='1' AIRFLOW_CTX_DAG_RUN_ID='scheduled__2024-07-14T08:37:00+00:00'
[2024-07-14T20:36:12.053+0000] {taskinstance.py:430} INFO - ::endgroup::
[2024-07-14T20:36:12.231+0000] {python.py:237} INFO - Done. Returned value was: None
[2024-07-14T20:36:12.232+0000] {taskinstance.py:441} INFO - ::group::Post task execution logs
[2024-07-14T20:36:12.237+0000] {taskinstance.py:1206} INFO - Marking task as SUCCESS. dag_id=fetch_spread_values, task_id=fetch_and_compute_spread_btc_mxn, run_id=scheduled__2024-07-14T08:37:00+00:00, execution_date=20240714T083700, start_date=20240714T203611, end_date=20240714T203612
[2024-07-14T20:36:12.262+0000] {local_task_job_runner.py:240} INFO - Task exited with return code 0
[2024-07-14T20:36:12.271+0000] {taskinstance.py:3503} INFO - 0 downstream tasks scheduled from follow-on schedule check
[2024-07-14T20:36:12.273+0000] {local_task_job_runner.py:222} INFO - ::endgroup::
