[2024-07-18T00:49:58.730+0000] {local_task_job_runner.py:120} INFO - ::group::Pre task execution logs
[2024-07-18T00:49:58.779+0000] {taskinstance.py:2076} INFO - Dependencies all met for dep_context=non-requeueable deps ti=<TaskInstance: daily_batch.truncate_data manual__2024-07-18T00:49:55.547074+00:00 [queued]>
[2024-07-18T00:49:58.788+0000] {taskinstance.py:2076} INFO - Dependencies all met for dep_context=requeueable deps ti=<TaskInstance: daily_batch.truncate_data manual__2024-07-18T00:49:55.547074+00:00 [queued]>
[2024-07-18T00:49:58.789+0000] {taskinstance.py:2306} INFO - Starting attempt 1 of 2
[2024-07-18T00:49:58.821+0000] {taskinstance.py:2330} INFO - Executing <Task(PostgresOperator): truncate_data> on 2024-07-18 00:49:55.547074+00:00
[2024-07-18T00:49:58.842+0000] {logging_mixin.py:188} WARNING - /home/***/.local/lib/python3.12/site-packages/***/task/task_runner/standard_task_runner.py:61 DeprecationWarning: This process (pid=1409) is multi-threaded, use of fork() may lead to deadlocks in the child.
[2024-07-18T00:49:58.843+0000] {standard_task_runner.py:63} INFO - Started process 1419 to run task
[2024-07-18T00:49:58.842+0000] {standard_task_runner.py:90} INFO - Running: ['***', 'tasks', 'run', 'daily_batch', 'truncate_data', 'manual__2024-07-18T00:49:55.547074+00:00', '--job-id', '52', '--raw', '--subdir', 'DAGS_FOLDER/batch_dag.py', '--cfg-path', '/tmp/tmpf0amaaaz']
[2024-07-18T00:49:58.847+0000] {standard_task_runner.py:91} INFO - Job 52: Subtask truncate_data
[2024-07-18T00:49:58.899+0000] {task_command.py:426} INFO - Running <TaskInstance: daily_batch.truncate_data manual__2024-07-18T00:49:55.547074+00:00 [running]> on host 33967652fb43
[2024-07-18T00:49:58.994+0000] {taskinstance.py:2648} INFO - Exporting env vars: AIRFLOW_CTX_DAG_OWNER='angel' AIRFLOW_CTX_DAG_ID='daily_batch' AIRFLOW_CTX_TASK_ID='truncate_data' AIRFLOW_CTX_EXECUTION_DATE='2024-07-18T00:49:55.547074+00:00' AIRFLOW_CTX_TRY_NUMBER='1' AIRFLOW_CTX_DAG_RUN_ID='manual__2024-07-18T00:49:55.547074+00:00'
[2024-07-18T00:49:58.995+0000] {taskinstance.py:430} INFO - ::endgroup::
[2024-07-18T00:49:59.006+0000] {sql.py:276} INFO - Executing: 
TRUNCATE TABLE target."user" CASCADE;
TRUNCATE TABLE target.currency CASCADE;
TRUNCATE TABLE target.tx_status CASCADE;
TRUNCATE TABLE target.deposit CASCADE;
TRUNCATE TABLE target.withdrawal CASCADE;
TRUNCATE TABLE target.base_transaction CASCADE;
TRUNCATE TABLE target.login_event CASCADE;
TRUNCATE TABLE target.event CASCADE;
TRUNCATE TABLE target.base_event CASCADE;

-- SELECT * FROM target."user";
-- SELECT * FROM target.currency;
-- SELECT * FROM target.tx_status;
-- SELECT * FROM target.deposit;
-- SELECT * FROM target.withdrawal;
-- SELECT * FROM target.base_transaction;
-- SELECT * FROM target.login_event;
-- SELECT * FROM target.event;
-- SELECT * FROM target.base_event;
[2024-07-18T00:49:59.013+0000] {taskinstance.py:441} INFO - ::group::Post task execution logs
[2024-07-18T00:49:59.023+0000] {taskinstance.py:2905} ERROR - Task failed with exception
Traceback (most recent call last):
  File "/home/airflow/.local/lib/python3.12/site-packages/airflow/models/taskinstance.py", line 465, in _execute_task
    result = _execute_callable(context=context, **execute_callable_kwargs)
             ^^^^^^^^^^^^^^^^^^^^^^^^^^^^^^^^^^^^^^^^^^^^^^^^^^^^^^^^^^^^^
  File "/home/airflow/.local/lib/python3.12/site-packages/airflow/models/taskinstance.py", line 432, in _execute_callable
    return execute_callable(context=context, **execute_callable_kwargs)
           ^^^^^^^^^^^^^^^^^^^^^^^^^^^^^^^^^^^^^^^^^^^^^^^^^^^^^^^^^^^^
  File "/home/airflow/.local/lib/python3.12/site-packages/airflow/models/baseoperator.py", line 401, in wrapper
    return func(self, *args, **kwargs)
           ^^^^^^^^^^^^^^^^^^^^^^^^^^^
  File "/home/airflow/.local/lib/python3.12/site-packages/airflow/providers/common/sql/operators/sql.py", line 277, in execute
    hook = self.get_db_hook()
           ^^^^^^^^^^^^^^^^^^
  File "/home/airflow/.local/lib/python3.12/site-packages/airflow/providers/common/sql/operators/sql.py", line 188, in get_db_hook
    return self._hook
           ^^^^^^^^^^
  File "/usr/local/lib/python3.12/functools.py", line 995, in __get__
    val = self.func(instance)
          ^^^^^^^^^^^^^^^^^^^
  File "/home/airflow/.local/lib/python3.12/site-packages/airflow/providers/common/sql/operators/sql.py", line 150, in _hook
    conn = BaseHook.get_connection(conn_id)
           ^^^^^^^^^^^^^^^^^^^^^^^^^^^^^^^^
  File "/home/airflow/.local/lib/python3.12/site-packages/airflow/hooks/base.py", line 83, in get_connection
    conn = Connection.get_connection_from_secrets(conn_id)
           ^^^^^^^^^^^^^^^^^^^^^^^^^^^^^^^^^^^^^^^^^^^^^^^
  File "/home/airflow/.local/lib/python3.12/site-packages/airflow/models/connection.py", line 519, in get_connection_from_secrets
    raise AirflowNotFoundException(f"The conn_id `{conn_id}` isn't defined")
airflow.exceptions.AirflowNotFoundException: The conn_id `postgres_default` isn't defined
[2024-07-18T00:49:59.029+0000] {taskinstance.py:1206} INFO - Marking task as UP_FOR_RETRY. dag_id=daily_batch, task_id=truncate_data, run_id=manual__2024-07-18T00:49:55.547074+00:00, execution_date=20240718T004955, start_date=20240718T004958, end_date=20240718T004959
[2024-07-18T00:49:59.038+0000] {standard_task_runner.py:110} ERROR - Failed to execute job 52 for task truncate_data (The conn_id `postgres_default` isn't defined; 1419)
[2024-07-18T00:49:59.069+0000] {local_task_job_runner.py:240} INFO - Task exited with return code 1
[2024-07-18T00:49:59.083+0000] {logging_mixin.py:188} WARNING - /home/***/.local/lib/python3.12/site-packages/***/models/baseoperator.py:1297 AirflowProviderDeprecationWarning: Call to deprecated class PostgresOperator. (Please use `***.providers.common.sql.operators.sql.SQLExecuteQueryOperator`.Also, you can provide `hook_params={'schema': <database>}`.)
[2024-07-18T00:49:59.096+0000] {taskinstance.py:3503} INFO - 0 downstream tasks scheduled from follow-on schedule check
[2024-07-18T00:49:59.097+0000] {local_task_job_runner.py:222} INFO - ::endgroup::
