[2024-07-14T09:01:55.592+0000] {local_task_job_runner.py:120} INFO - ::group::Pre task execution logs
[2024-07-14T09:01:55.655+0000] {taskinstance.py:2076} INFO - Dependencies all met for dep_context=non-requeueable deps ti=<TaskInstance: fetch_spread_values.fetch_and_compute_spread_btc_mxn scheduled__2024-07-14T05:34:00+00:00 [queued]>
[2024-07-14T09:01:55.675+0000] {taskinstance.py:2076} INFO - Dependencies all met for dep_context=requeueable deps ti=<TaskInstance: fetch_spread_values.fetch_and_compute_spread_btc_mxn scheduled__2024-07-14T05:34:00+00:00 [queued]>
[2024-07-14T09:01:55.712+0000] {taskinstance.py:2306} INFO - Starting attempt 1 of 2
[2024-07-14T09:01:55.793+0000] {taskinstance.py:2330} INFO - Executing <Task(PythonOperator): fetch_and_compute_spread_btc_mxn> on 2024-07-14 05:34:00+00:00
[2024-07-14T09:01:55.801+0000] {standard_task_runner.py:90} INFO - Running: ['***', 'tasks', 'run', 'fetch_spread_values', 'fetch_and_compute_spread_btc_mxn', 'scheduled__2024-07-14T05:34:00+00:00', '--job-id', '699', '--raw', '--subdir', 'DAGS_FOLDER/***.py', '--cfg-path', '/tmp/tmpjbas62gi']
[2024-07-14T09:01:55.801+0000] {warnings.py:112} WARNING - /home/***/.local/lib/python3.12/site-packages/***/task/task_runner/standard_task_runner.py:61: DeprecationWarning: This process (pid=2173) is multi-threaded, use of fork() may lead to deadlocks in the child.
  pid = os.fork()

[2024-07-14T09:01:55.806+0000] {standard_task_runner.py:91} INFO - Job 699: Subtask fetch_and_compute_spread_btc_mxn
[2024-07-14T09:01:55.808+0000] {standard_task_runner.py:63} INFO - Started process 2207 to run task
[2024-07-14T09:01:56.070+0000] {task_command.py:426} INFO - Running <TaskInstance: fetch_spread_values.fetch_and_compute_spread_btc_mxn scheduled__2024-07-14T05:34:00+00:00 [running]> on host d537c34a4880
[2024-07-14T09:01:56.393+0000] {taskinstance.py:2648} INFO - Exporting env vars: AIRFLOW_CTX_DAG_OWNER='***' AIRFLOW_CTX_DAG_ID='fetch_spread_values' AIRFLOW_CTX_TASK_ID='fetch_and_compute_spread_btc_mxn' AIRFLOW_CTX_EXECUTION_DATE='2024-07-14T05:34:00+00:00' AIRFLOW_CTX_TRY_NUMBER='1' AIRFLOW_CTX_DAG_RUN_ID='scheduled__2024-07-14T05:34:00+00:00'
[2024-07-14T09:01:56.438+0000] {taskinstance.py:430} INFO - ::endgroup::
[2024-07-14T09:01:56.756+0000] {python.py:237} INFO - Done. Returned value was: None
[2024-07-14T09:01:56.760+0000] {taskinstance.py:441} INFO - ::group::Post task execution logs
[2024-07-14T09:01:56.778+0000] {taskinstance.py:1206} INFO - Marking task as SUCCESS. dag_id=fetch_spread_values, task_id=fetch_and_compute_spread_btc_mxn, run_id=scheduled__2024-07-14T05:34:00+00:00, execution_date=20240714T053400, start_date=20240714T090155, end_date=20240714T090156
[2024-07-14T09:01:56.880+0000] {local_task_job_runner.py:240} INFO - Task exited with return code 0
[2024-07-14T09:01:56.961+0000] {taskinstance.py:3503} INFO - 0 downstream tasks scheduled from follow-on schedule check
[2024-07-14T09:01:56.967+0000] {local_task_job_runner.py:222} INFO - ::endgroup::
[2024-07-14T20:34:32.442+0000] {local_task_job_runner.py:120} INFO - ::group::Pre task execution logs
[2024-07-14T20:34:32.467+0000] {taskinstance.py:2076} INFO - Dependencies all met for dep_context=non-requeueable deps ti=<TaskInstance: fetch_spread_values.fetch_and_compute_spread_btc_mxn scheduled__2024-07-14T05:34:00+00:00 [queued]>
[2024-07-14T20:34:32.473+0000] {taskinstance.py:2076} INFO - Dependencies all met for dep_context=requeueable deps ti=<TaskInstance: fetch_spread_values.fetch_and_compute_spread_btc_mxn scheduled__2024-07-14T05:34:00+00:00 [queued]>
[2024-07-14T20:34:32.474+0000] {taskinstance.py:2306} INFO - Starting attempt 1 of 2
[2024-07-14T20:34:32.503+0000] {taskinstance.py:2330} INFO - Executing <Task(PythonOperator): fetch_and_compute_spread_btc_mxn> on 2024-07-14 05:34:00+00:00
[2024-07-14T20:34:32.508+0000] {logging_mixin.py:188} WARNING - /home/***/.local/lib/python3.12/site-packages/***/task/task_runner/standard_task_runner.py:61 DeprecationWarning: This process (pid=1544) is multi-threaded, use of fork() may lead to deadlocks in the child.
[2024-07-14T20:34:32.510+0000] {standard_task_runner.py:63} INFO - Started process 1555 to run task
[2024-07-14T20:34:32.509+0000] {standard_task_runner.py:90} INFO - Running: ['***', 'tasks', 'run', 'fetch_spread_values', 'fetch_and_compute_spread_btc_mxn', 'scheduled__2024-07-14T05:34:00+00:00', '--job-id', '674', '--raw', '--subdir', 'DAGS_FOLDER/***.py', '--cfg-path', '/tmp/tmpdvceg1s_']
[2024-07-14T20:34:32.512+0000] {standard_task_runner.py:91} INFO - Job 674: Subtask fetch_and_compute_spread_btc_mxn
[2024-07-14T20:34:32.567+0000] {task_command.py:426} INFO - Running <TaskInstance: fetch_spread_values.fetch_and_compute_spread_btc_mxn scheduled__2024-07-14T05:34:00+00:00 [running]> on host 77caf7e4b282
[2024-07-14T20:34:32.647+0000] {taskinstance.py:2648} INFO - Exporting env vars: AIRFLOW_CTX_DAG_OWNER='***' AIRFLOW_CTX_DAG_ID='fetch_spread_values' AIRFLOW_CTX_TASK_ID='fetch_and_compute_spread_btc_mxn' AIRFLOW_CTX_EXECUTION_DATE='2024-07-14T05:34:00+00:00' AIRFLOW_CTX_TRY_NUMBER='1' AIRFLOW_CTX_DAG_RUN_ID='scheduled__2024-07-14T05:34:00+00:00'
[2024-07-14T20:34:32.650+0000] {taskinstance.py:430} INFO - ::endgroup::
[2024-07-14T20:34:32.902+0000] {python.py:237} INFO - Done. Returned value was: None
[2024-07-14T20:34:32.908+0000] {taskinstance.py:441} INFO - ::group::Post task execution logs
[2024-07-14T20:34:32.922+0000] {taskinstance.py:1206} INFO - Marking task as SUCCESS. dag_id=fetch_spread_values, task_id=fetch_and_compute_spread_btc_mxn, run_id=scheduled__2024-07-14T05:34:00+00:00, execution_date=20240714T053400, start_date=20240714T203432, end_date=20240714T203432
[2024-07-14T20:34:33.030+0000] {local_task_job_runner.py:240} INFO - Task exited with return code 0
[2024-07-14T20:34:33.050+0000] {local_task_job_runner.py:222} INFO - ::endgroup::
