[2024-07-14T09:02:42.605+0000] {local_task_job_runner.py:120} INFO - ::group::Pre task execution logs
[2024-07-14T09:02:42.653+0000] {taskinstance.py:2076} INFO - Dependencies all met for dep_context=non-requeueable deps ti=<TaskInstance: fetch_spread_values.fetch_and_compute_spread_usd_mxn scheduled__2024-07-14T06:28:00+00:00 [queued]>
[2024-07-14T09:02:42.673+0000] {taskinstance.py:2076} INFO - Dependencies all met for dep_context=requeueable deps ti=<TaskInstance: fetch_spread_values.fetch_and_compute_spread_usd_mxn scheduled__2024-07-14T06:28:00+00:00 [queued]>
[2024-07-14T09:02:42.676+0000] {taskinstance.py:2306} INFO - Starting attempt 1 of 2
[2024-07-14T09:02:42.698+0000] {taskinstance.py:2330} INFO - Executing <Task(PythonOperator): fetch_and_compute_spread_usd_mxn> on 2024-07-14 06:28:00+00:00
[2024-07-14T09:02:42.713+0000] {standard_task_runner.py:90} INFO - Running: ['***', 'tasks', 'run', 'fetch_spread_values', 'fetch_and_compute_spread_usd_mxn', 'scheduled__2024-07-14T06:28:00+00:00', '--job-id', '809', '--raw', '--subdir', 'DAGS_FOLDER/***.py', '--cfg-path', '/tmp/tmpy0j0pr4v']
[2024-07-14T09:02:42.709+0000] {warnings.py:112} WARNING - /home/***/.local/lib/python3.12/site-packages/***/task/task_runner/standard_task_runner.py:61: DeprecationWarning: This process (pid=2508) is multi-threaded, use of fork() may lead to deadlocks in the child.
  pid = os.fork()

[2024-07-14T09:02:42.718+0000] {standard_task_runner.py:91} INFO - Job 809: Subtask fetch_and_compute_spread_usd_mxn
[2024-07-14T09:02:42.720+0000] {standard_task_runner.py:63} INFO - Started process 2548 to run task
[2024-07-14T09:02:42.811+0000] {task_command.py:426} INFO - Running <TaskInstance: fetch_spread_values.fetch_and_compute_spread_usd_mxn scheduled__2024-07-14T06:28:00+00:00 [running]> on host d537c34a4880
[2024-07-14T09:02:43.179+0000] {taskinstance.py:2648} INFO - Exporting env vars: AIRFLOW_CTX_DAG_OWNER='***' AIRFLOW_CTX_DAG_ID='fetch_spread_values' AIRFLOW_CTX_TASK_ID='fetch_and_compute_spread_usd_mxn' AIRFLOW_CTX_EXECUTION_DATE='2024-07-14T06:28:00+00:00' AIRFLOW_CTX_TRY_NUMBER='1' AIRFLOW_CTX_DAG_RUN_ID='scheduled__2024-07-14T06:28:00+00:00'
[2024-07-14T09:02:43.188+0000] {taskinstance.py:430} INFO - ::endgroup::
[2024-07-14T09:02:43.452+0000] {python.py:237} INFO - Done. Returned value was: None
[2024-07-14T09:02:43.458+0000] {taskinstance.py:441} INFO - ::group::Post task execution logs
[2024-07-14T09:02:43.472+0000] {taskinstance.py:1206} INFO - Marking task as SUCCESS. dag_id=fetch_spread_values, task_id=fetch_and_compute_spread_usd_mxn, run_id=scheduled__2024-07-14T06:28:00+00:00, execution_date=20240714T062800, start_date=20240714T090242, end_date=20240714T090243
[2024-07-14T09:02:43.539+0000] {local_task_job_runner.py:240} INFO - Task exited with return code 0
[2024-07-14T09:02:43.563+0000] {taskinstance.py:3503} INFO - 0 downstream tasks scheduled from follow-on schedule check
[2024-07-14T09:02:43.565+0000] {local_task_job_runner.py:222} INFO - ::endgroup::
[2024-07-14T20:34:58.897+0000] {local_task_job_runner.py:120} INFO - ::group::Pre task execution logs
[2024-07-14T20:34:58.926+0000] {taskinstance.py:2076} INFO - Dependencies all met for dep_context=non-requeueable deps ti=<TaskInstance: fetch_spread_values.fetch_and_compute_spread_usd_mxn scheduled__2024-07-14T06:28:00+00:00 [queued]>
[2024-07-14T20:34:58.934+0000] {taskinstance.py:2076} INFO - Dependencies all met for dep_context=requeueable deps ti=<TaskInstance: fetch_spread_values.fetch_and_compute_spread_usd_mxn scheduled__2024-07-14T06:28:00+00:00 [queued]>
[2024-07-14T20:34:58.935+0000] {taskinstance.py:2306} INFO - Starting attempt 1 of 2
[2024-07-14T20:34:58.969+0000] {taskinstance.py:2330} INFO - Executing <Task(PythonOperator): fetch_and_compute_spread_usd_mxn> on 2024-07-14 06:28:00+00:00
[2024-07-14T20:34:58.974+0000] {logging_mixin.py:188} WARNING - /home/***/.local/lib/python3.12/site-packages/***/task/task_runner/standard_task_runner.py:61 DeprecationWarning: This process (pid=1863) is multi-threaded, use of fork() may lead to deadlocks in the child.
[2024-07-14T20:34:58.981+0000] {standard_task_runner.py:63} INFO - Started process 1873 to run task
[2024-07-14T20:34:58.977+0000] {standard_task_runner.py:90} INFO - Running: ['***', 'tasks', 'run', 'fetch_spread_values', 'fetch_and_compute_spread_usd_mxn', 'scheduled__2024-07-14T06:28:00+00:00', '--job-id', '828', '--raw', '--subdir', 'DAGS_FOLDER/***.py', '--cfg-path', '/tmp/tmpg2q073rz']
[2024-07-14T20:34:58.994+0000] {standard_task_runner.py:91} INFO - Job 828: Subtask fetch_and_compute_spread_usd_mxn
[2024-07-14T20:34:59.062+0000] {task_command.py:426} INFO - Running <TaskInstance: fetch_spread_values.fetch_and_compute_spread_usd_mxn scheduled__2024-07-14T06:28:00+00:00 [running]> on host 77caf7e4b282
[2024-07-14T20:34:59.231+0000] {taskinstance.py:2648} INFO - Exporting env vars: AIRFLOW_CTX_DAG_OWNER='***' AIRFLOW_CTX_DAG_ID='fetch_spread_values' AIRFLOW_CTX_TASK_ID='fetch_and_compute_spread_usd_mxn' AIRFLOW_CTX_EXECUTION_DATE='2024-07-14T06:28:00+00:00' AIRFLOW_CTX_TRY_NUMBER='1' AIRFLOW_CTX_DAG_RUN_ID='scheduled__2024-07-14T06:28:00+00:00'
[2024-07-14T20:34:59.235+0000] {taskinstance.py:430} INFO - ::endgroup::
[2024-07-14T20:34:59.519+0000] {python.py:237} INFO - Done. Returned value was: None
[2024-07-14T20:34:59.527+0000] {taskinstance.py:441} INFO - ::group::Post task execution logs
[2024-07-14T20:34:59.543+0000] {taskinstance.py:1206} INFO - Marking task as SUCCESS. dag_id=fetch_spread_values, task_id=fetch_and_compute_spread_usd_mxn, run_id=scheduled__2024-07-14T06:28:00+00:00, execution_date=20240714T062800, start_date=20240714T203458, end_date=20240714T203459
[2024-07-14T20:34:59.639+0000] {local_task_job_runner.py:240} INFO - Task exited with return code 0
[2024-07-14T20:34:59.670+0000] {local_task_job_runner.py:222} INFO - ::endgroup::
