[2024-07-14T09:04:11.265+0000] {local_task_job_runner.py:120} INFO - ::group::Pre task execution logs
[2024-07-14T09:04:11.329+0000] {taskinstance.py:2076} INFO - Dependencies all met for dep_context=non-requeueable deps ti=<TaskInstance: fetch_spread_values.fetch_and_compute_spread_usd_mxn scheduled__2024-07-14T07:57:00+00:00 [queued]>
[2024-07-14T09:04:11.367+0000] {taskinstance.py:2076} INFO - Dependencies all met for dep_context=requeueable deps ti=<TaskInstance: fetch_spread_values.fetch_and_compute_spread_usd_mxn scheduled__2024-07-14T07:57:00+00:00 [queued]>
[2024-07-14T09:04:11.369+0000] {taskinstance.py:2306} INFO - Starting attempt 1 of 2
[2024-07-14T09:04:11.407+0000] {taskinstance.py:2330} INFO - Executing <Task(PythonOperator): fetch_and_compute_spread_usd_mxn> on 2024-07-14 07:57:00+00:00
[2024-07-14T09:04:11.420+0000] {warnings.py:112} WARNING - /home/***/.local/lib/python3.12/site-packages/***/task/task_runner/standard_task_runner.py:61: DeprecationWarning: This process (pid=3063) is multi-threaded, use of fork() may lead to deadlocks in the child.
  pid = os.fork()

[2024-07-14T09:04:11.422+0000] {standard_task_runner.py:63} INFO - Started process 3092 to run task
[2024-07-14T09:04:11.424+0000] {standard_task_runner.py:90} INFO - Running: ['***', 'tasks', 'run', 'fetch_spread_values', 'fetch_and_compute_spread_usd_mxn', 'scheduled__2024-07-14T07:57:00+00:00', '--job-id', '984', '--raw', '--subdir', 'DAGS_FOLDER/***.py', '--cfg-path', '/tmp/tmpca7w96gh']
[2024-07-14T09:04:11.432+0000] {standard_task_runner.py:91} INFO - Job 984: Subtask fetch_and_compute_spread_usd_mxn
[2024-07-14T09:04:11.891+0000] {task_command.py:426} INFO - Running <TaskInstance: fetch_spread_values.fetch_and_compute_spread_usd_mxn scheduled__2024-07-14T07:57:00+00:00 [running]> on host d537c34a4880
[2024-07-14T09:04:12.354+0000] {taskinstance.py:2648} INFO - Exporting env vars: AIRFLOW_CTX_DAG_OWNER='***' AIRFLOW_CTX_DAG_ID='fetch_spread_values' AIRFLOW_CTX_TASK_ID='fetch_and_compute_spread_usd_mxn' AIRFLOW_CTX_EXECUTION_DATE='2024-07-14T07:57:00+00:00' AIRFLOW_CTX_TRY_NUMBER='1' AIRFLOW_CTX_DAG_RUN_ID='scheduled__2024-07-14T07:57:00+00:00'
[2024-07-14T09:04:12.408+0000] {taskinstance.py:430} INFO - ::endgroup::
[2024-07-14T09:04:12.764+0000] {python.py:237} INFO - Done. Returned value was: None
[2024-07-14T09:04:12.777+0000] {taskinstance.py:441} INFO - ::group::Post task execution logs
[2024-07-14T09:04:12.822+0000] {taskinstance.py:1206} INFO - Marking task as SUCCESS. dag_id=fetch_spread_values, task_id=fetch_and_compute_spread_usd_mxn, run_id=scheduled__2024-07-14T07:57:00+00:00, execution_date=20240714T075700, start_date=20240714T090411, end_date=20240714T090412
[2024-07-14T09:04:12.943+0000] {local_task_job_runner.py:240} INFO - Task exited with return code 0
[2024-07-14T09:04:13.072+0000] {taskinstance.py:3503} INFO - 0 downstream tasks scheduled from follow-on schedule check
[2024-07-14T09:04:13.087+0000] {local_task_job_runner.py:222} INFO - ::endgroup::
[2024-07-14T20:35:48.655+0000] {local_task_job_runner.py:120} INFO - ::group::Pre task execution logs
[2024-07-14T20:35:48.672+0000] {taskinstance.py:2076} INFO - Dependencies all met for dep_context=non-requeueable deps ti=<TaskInstance: fetch_spread_values.fetch_and_compute_spread_usd_mxn scheduled__2024-07-14T07:57:00+00:00 [queued]>
[2024-07-14T20:35:48.676+0000] {taskinstance.py:2076} INFO - Dependencies all met for dep_context=requeueable deps ti=<TaskInstance: fetch_spread_values.fetch_and_compute_spread_usd_mxn scheduled__2024-07-14T07:57:00+00:00 [queued]>
[2024-07-14T20:35:48.676+0000] {taskinstance.py:2306} INFO - Starting attempt 1 of 2
[2024-07-14T20:35:48.682+0000] {taskinstance.py:2330} INFO - Executing <Task(PythonOperator): fetch_and_compute_spread_usd_mxn> on 2024-07-14 07:57:00+00:00
[2024-07-14T20:35:48.685+0000] {logging_mixin.py:188} WARNING - /home/***/.local/lib/python3.12/site-packages/***/task/task_runner/standard_task_runner.py:61 DeprecationWarning: This process (pid=2382) is multi-threaded, use of fork() may lead to deadlocks in the child.
[2024-07-14T20:35:48.686+0000] {standard_task_runner.py:63} INFO - Started process 2384 to run task
[2024-07-14T20:35:48.686+0000] {standard_task_runner.py:90} INFO - Running: ['***', 'tasks', 'run', 'fetch_spread_values', 'fetch_and_compute_spread_usd_mxn', 'scheduled__2024-07-14T07:57:00+00:00', '--job-id', '1083', '--raw', '--subdir', 'DAGS_FOLDER/***.py', '--cfg-path', '/tmp/tmp9qjwykv4']
[2024-07-14T20:35:48.687+0000] {standard_task_runner.py:91} INFO - Job 1083: Subtask fetch_and_compute_spread_usd_mxn
[2024-07-14T20:35:48.711+0000] {task_command.py:426} INFO - Running <TaskInstance: fetch_spread_values.fetch_and_compute_spread_usd_mxn scheduled__2024-07-14T07:57:00+00:00 [running]> on host 77caf7e4b282
[2024-07-14T20:35:48.755+0000] {taskinstance.py:2648} INFO - Exporting env vars: AIRFLOW_CTX_DAG_OWNER='***' AIRFLOW_CTX_DAG_ID='fetch_spread_values' AIRFLOW_CTX_TASK_ID='fetch_and_compute_spread_usd_mxn' AIRFLOW_CTX_EXECUTION_DATE='2024-07-14T07:57:00+00:00' AIRFLOW_CTX_TRY_NUMBER='1' AIRFLOW_CTX_DAG_RUN_ID='scheduled__2024-07-14T07:57:00+00:00'
[2024-07-14T20:35:48.756+0000] {taskinstance.py:430} INFO - ::endgroup::
[2024-07-14T20:35:48.951+0000] {python.py:237} INFO - Done. Returned value was: None
[2024-07-14T20:35:48.952+0000] {taskinstance.py:441} INFO - ::group::Post task execution logs
[2024-07-14T20:35:48.959+0000] {taskinstance.py:1206} INFO - Marking task as SUCCESS. dag_id=fetch_spread_values, task_id=fetch_and_compute_spread_usd_mxn, run_id=scheduled__2024-07-14T07:57:00+00:00, execution_date=20240714T075700, start_date=20240714T203548, end_date=20240714T203548
[2024-07-14T20:35:48.997+0000] {local_task_job_runner.py:240} INFO - Task exited with return code 0
[2024-07-14T20:35:49.006+0000] {taskinstance.py:3503} INFO - 0 downstream tasks scheduled from follow-on schedule check
[2024-07-14T20:35:49.007+0000] {local_task_job_runner.py:222} INFO - ::endgroup::
