[2024-07-14T10:31:17.679+0000] {local_task_job_runner.py:120} INFO - ::group::Pre task execution logs
[2024-07-14T10:31:17.692+0000] {taskinstance.py:2076} INFO - Dependencies all met for dep_context=non-requeueable deps ti=<TaskInstance: fetch_spread_values.fetch_and_compute_spread_btc_mxn scheduled__2024-07-14T10:19:00+00:00 [queued]>
[2024-07-14T10:31:17.698+0000] {taskinstance.py:2076} INFO - Dependencies all met for dep_context=requeueable deps ti=<TaskInstance: fetch_spread_values.fetch_and_compute_spread_btc_mxn scheduled__2024-07-14T10:19:00+00:00 [queued]>
[2024-07-14T10:31:17.698+0000] {taskinstance.py:2306} INFO - Starting attempt 1 of 2
[2024-07-14T10:31:17.709+0000] {taskinstance.py:2330} INFO - Executing <Task(PythonOperator): fetch_and_compute_spread_btc_mxn> on 2024-07-14 10:19:00+00:00
[2024-07-14T10:31:17.715+0000] {warnings.py:112} WARNING - /home/***/.local/lib/python3.12/site-packages/***/task/task_runner/standard_task_runner.py:61: DeprecationWarning: This process (pid=4470) is multi-threaded, use of fork() may lead to deadlocks in the child.
  pid = os.fork()

[2024-07-14T10:31:17.717+0000] {standard_task_runner.py:63} INFO - Started process 4479 to run task
[2024-07-14T10:31:17.717+0000] {standard_task_runner.py:90} INFO - Running: ['***', 'tasks', 'run', 'fetch_spread_values', 'fetch_and_compute_spread_btc_mxn', 'scheduled__2024-07-14T10:19:00+00:00', '--job-id', '1331', '--raw', '--subdir', 'DAGS_FOLDER/***.py', '--cfg-path', '/tmp/tmpuljm9nfv']
[2024-07-14T10:31:17.721+0000] {standard_task_runner.py:91} INFO - Job 1331: Subtask fetch_and_compute_spread_btc_mxn
[2024-07-14T10:31:18.184+0000] {task_command.py:426} INFO - Running <TaskInstance: fetch_spread_values.fetch_and_compute_spread_btc_mxn scheduled__2024-07-14T10:19:00+00:00 [running]> on host d537c34a4880
[2024-07-14T10:31:18.273+0000] {taskinstance.py:2648} INFO - Exporting env vars: AIRFLOW_CTX_DAG_OWNER='***' AIRFLOW_CTX_DAG_ID='fetch_spread_values' AIRFLOW_CTX_TASK_ID='fetch_and_compute_spread_btc_mxn' AIRFLOW_CTX_EXECUTION_DATE='2024-07-14T10:19:00+00:00' AIRFLOW_CTX_TRY_NUMBER='1' AIRFLOW_CTX_DAG_RUN_ID='scheduled__2024-07-14T10:19:00+00:00'
[2024-07-14T10:31:18.276+0000] {taskinstance.py:430} INFO - ::endgroup::
[2024-07-14T10:31:18.585+0000] {python.py:237} INFO - Done. Returned value was: None
[2024-07-14T10:31:18.587+0000] {taskinstance.py:441} INFO - ::group::Post task execution logs
[2024-07-14T10:31:18.596+0000] {taskinstance.py:1206} INFO - Marking task as SUCCESS. dag_id=fetch_spread_values, task_id=fetch_and_compute_spread_btc_mxn, run_id=scheduled__2024-07-14T10:19:00+00:00, execution_date=20240714T101900, start_date=20240714T103117, end_date=20240714T103118
[2024-07-14T10:31:18.616+0000] {local_task_job_runner.py:240} INFO - Task exited with return code 0
[2024-07-14T10:31:18.628+0000] {taskinstance.py:3503} INFO - 0 downstream tasks scheduled from follow-on schedule check
[2024-07-14T10:31:18.629+0000] {local_task_job_runner.py:222} INFO - ::endgroup::
[2024-07-14T20:36:48.047+0000] {local_task_job_runner.py:120} INFO - ::group::Pre task execution logs
[2024-07-14T20:36:48.070+0000] {taskinstance.py:2076} INFO - Dependencies all met for dep_context=non-requeueable deps ti=<TaskInstance: fetch_spread_values.fetch_and_compute_spread_btc_mxn scheduled__2024-07-14T10:19:00+00:00 [queued]>
[2024-07-14T20:36:48.079+0000] {taskinstance.py:2076} INFO - Dependencies all met for dep_context=requeueable deps ti=<TaskInstance: fetch_spread_values.fetch_and_compute_spread_btc_mxn scheduled__2024-07-14T10:19:00+00:00 [queued]>
[2024-07-14T20:36:48.080+0000] {taskinstance.py:2306} INFO - Starting attempt 1 of 2
[2024-07-14T20:36:48.090+0000] {taskinstance.py:2330} INFO - Executing <Task(PythonOperator): fetch_and_compute_spread_btc_mxn> on 2024-07-14 10:19:00+00:00
[2024-07-14T20:36:48.095+0000] {logging_mixin.py:188} WARNING - /home/***/.local/lib/python3.12/site-packages/***/task/task_runner/standard_task_runner.py:61 DeprecationWarning: This process (pid=2954) is multi-threaded, use of fork() may lead to deadlocks in the child.
[2024-07-14T20:36:48.097+0000] {standard_task_runner.py:63} INFO - Started process 2957 to run task
[2024-07-14T20:36:48.096+0000] {standard_task_runner.py:90} INFO - Running: ['***', 'tasks', 'run', 'fetch_spread_values', 'fetch_and_compute_spread_btc_mxn', 'scheduled__2024-07-14T10:19:00+00:00', '--job-id', '1367', '--raw', '--subdir', 'DAGS_FOLDER/***.py', '--cfg-path', '/tmp/tmp5ffv4u5u']
[2024-07-14T20:36:48.098+0000] {standard_task_runner.py:91} INFO - Job 1367: Subtask fetch_and_compute_spread_btc_mxn
[2024-07-14T20:36:48.211+0000] {task_command.py:426} INFO - Running <TaskInstance: fetch_spread_values.fetch_and_compute_spread_btc_mxn scheduled__2024-07-14T10:19:00+00:00 [running]> on host 77caf7e4b282
[2024-07-14T20:36:48.287+0000] {taskinstance.py:2648} INFO - Exporting env vars: AIRFLOW_CTX_DAG_OWNER='***' AIRFLOW_CTX_DAG_ID='fetch_spread_values' AIRFLOW_CTX_TASK_ID='fetch_and_compute_spread_btc_mxn' AIRFLOW_CTX_EXECUTION_DATE='2024-07-14T10:19:00+00:00' AIRFLOW_CTX_TRY_NUMBER='1' AIRFLOW_CTX_DAG_RUN_ID='scheduled__2024-07-14T10:19:00+00:00'
[2024-07-14T20:36:48.288+0000] {taskinstance.py:430} INFO - ::endgroup::
[2024-07-14T20:36:48.456+0000] {python.py:237} INFO - Done. Returned value was: None
[2024-07-14T20:36:48.457+0000] {taskinstance.py:441} INFO - ::group::Post task execution logs
[2024-07-14T20:36:48.463+0000] {taskinstance.py:1206} INFO - Marking task as SUCCESS. dag_id=fetch_spread_values, task_id=fetch_and_compute_spread_btc_mxn, run_id=scheduled__2024-07-14T10:19:00+00:00, execution_date=20240714T101900, start_date=20240714T203648, end_date=20240714T203648
[2024-07-14T20:36:48.497+0000] {local_task_job_runner.py:240} INFO - Task exited with return code 0
[2024-07-14T20:36:48.511+0000] {taskinstance.py:3503} INFO - 0 downstream tasks scheduled from follow-on schedule check
[2024-07-14T20:36:48.513+0000] {local_task_job_runner.py:222} INFO - ::endgroup::
