[2024-07-14T15:07:40.471+0000] {local_task_job_runner.py:120} INFO - ::group::Pre task execution logs
[2024-07-14T15:07:40.536+0000] {taskinstance.py:2076} INFO - Dependencies all met for dep_context=non-requeueable deps ti=<TaskInstance: fetch_spread_values.fetch_and_compute_spread_btc_mxn scheduled__2024-07-14T15:01:00+00:00 [queued]>
[2024-07-14T15:07:40.555+0000] {taskinstance.py:2076} INFO - Dependencies all met for dep_context=requeueable deps ti=<TaskInstance: fetch_spread_values.fetch_and_compute_spread_btc_mxn scheduled__2024-07-14T15:01:00+00:00 [queued]>
[2024-07-14T15:07:40.560+0000] {taskinstance.py:2306} INFO - Starting attempt 1 of 2
[2024-07-14T15:07:40.596+0000] {taskinstance.py:2330} INFO - Executing <Task(PythonOperator): fetch_and_compute_spread_btc_mxn> on 2024-07-14 15:01:00+00:00
[2024-07-14T15:07:40.629+0000] {warnings.py:112} WARNING - /home/***/.local/lib/python3.12/site-packages/***/task/task_runner/standard_task_runner.py:61: DeprecationWarning: This process (pid=6414) is multi-threaded, use of fork() may lead to deadlocks in the child.
  pid = os.fork()

[2024-07-14T15:07:40.640+0000] {standard_task_runner.py:63} INFO - Started process 6434 to run task
[2024-07-14T15:07:40.635+0000] {standard_task_runner.py:90} INFO - Running: ['***', 'tasks', 'run', 'fetch_spread_values', 'fetch_and_compute_spread_btc_mxn', 'scheduled__2024-07-14T15:01:00+00:00', '--job-id', '1928', '--raw', '--subdir', 'DAGS_FOLDER/***.py', '--cfg-path', '/tmp/tmpecczmdaf']
[2024-07-14T15:07:40.642+0000] {standard_task_runner.py:91} INFO - Job 1928: Subtask fetch_and_compute_spread_btc_mxn
[2024-07-14T15:07:40.804+0000] {task_command.py:426} INFO - Running <TaskInstance: fetch_spread_values.fetch_and_compute_spread_btc_mxn scheduled__2024-07-14T15:01:00+00:00 [running]> on host d537c34a4880
[2024-07-14T15:07:41.049+0000] {taskinstance.py:2648} INFO - Exporting env vars: AIRFLOW_CTX_DAG_OWNER='***' AIRFLOW_CTX_DAG_ID='fetch_spread_values' AIRFLOW_CTX_TASK_ID='fetch_and_compute_spread_btc_mxn' AIRFLOW_CTX_EXECUTION_DATE='2024-07-14T15:01:00+00:00' AIRFLOW_CTX_TRY_NUMBER='1' AIRFLOW_CTX_DAG_RUN_ID='scheduled__2024-07-14T15:01:00+00:00'
[2024-07-14T15:07:41.063+0000] {taskinstance.py:430} INFO - ::endgroup::
[2024-07-14T15:07:41.415+0000] {python.py:237} INFO - Done. Returned value was: None
[2024-07-14T15:07:41.420+0000] {taskinstance.py:441} INFO - ::group::Post task execution logs
[2024-07-14T15:07:41.431+0000] {taskinstance.py:1206} INFO - Marking task as SUCCESS. dag_id=fetch_spread_values, task_id=fetch_and_compute_spread_btc_mxn, run_id=scheduled__2024-07-14T15:01:00+00:00, execution_date=20240714T150100, start_date=20240714T150740, end_date=20240714T150741
[2024-07-14T15:07:41.514+0000] {local_task_job_runner.py:240} INFO - Task exited with return code 0
[2024-07-14T15:07:41.582+0000] {taskinstance.py:3503} INFO - 0 downstream tasks scheduled from follow-on schedule check
[2024-07-14T15:07:41.592+0000] {local_task_job_runner.py:222} INFO - ::endgroup::
[2024-07-14T20:38:30.779+0000] {local_task_job_runner.py:120} INFO - ::group::Pre task execution logs
[2024-07-14T20:38:30.816+0000] {taskinstance.py:2076} INFO - Dependencies all met for dep_context=non-requeueable deps ti=<TaskInstance: fetch_spread_values.fetch_and_compute_spread_btc_mxn scheduled__2024-07-14T15:01:00+00:00 [queued]>
[2024-07-14T20:38:30.832+0000] {taskinstance.py:2076} INFO - Dependencies all met for dep_context=requeueable deps ti=<TaskInstance: fetch_spread_values.fetch_and_compute_spread_btc_mxn scheduled__2024-07-14T15:01:00+00:00 [queued]>
[2024-07-14T20:38:30.836+0000] {taskinstance.py:2306} INFO - Starting attempt 1 of 2
[2024-07-14T20:38:30.866+0000] {taskinstance.py:2330} INFO - Executing <Task(PythonOperator): fetch_and_compute_spread_btc_mxn> on 2024-07-14 15:01:00+00:00
[2024-07-14T20:38:30.889+0000] {standard_task_runner.py:90} INFO - Running: ['***', 'tasks', 'run', 'fetch_spread_values', 'fetch_and_compute_spread_btc_mxn', 'scheduled__2024-07-14T15:01:00+00:00', '--job-id', '1930', '--raw', '--subdir', 'DAGS_FOLDER/***.py', '--cfg-path', '/tmp/tmppxpcq0bu']
[2024-07-14T20:38:30.894+0000] {logging_mixin.py:188} WARNING - /home/***/.local/lib/python3.12/site-packages/***/task/task_runner/standard_task_runner.py:61 DeprecationWarning: This process (pid=4098) is multi-threaded, use of fork() may lead to deadlocks in the child.
[2024-07-14T20:38:30.895+0000] {standard_task_runner.py:63} INFO - Started process 4111 to run task
[2024-07-14T20:38:30.895+0000] {standard_task_runner.py:91} INFO - Job 1930: Subtask fetch_and_compute_spread_btc_mxn
[2024-07-14T20:38:30.948+0000] {task_command.py:426} INFO - Running <TaskInstance: fetch_spread_values.fetch_and_compute_spread_btc_mxn scheduled__2024-07-14T15:01:00+00:00 [running]> on host 77caf7e4b282
[2024-07-14T20:38:31.020+0000] {taskinstance.py:2648} INFO - Exporting env vars: AIRFLOW_CTX_DAG_OWNER='***' AIRFLOW_CTX_DAG_ID='fetch_spread_values' AIRFLOW_CTX_TASK_ID='fetch_and_compute_spread_btc_mxn' AIRFLOW_CTX_EXECUTION_DATE='2024-07-14T15:01:00+00:00' AIRFLOW_CTX_TRY_NUMBER='1' AIRFLOW_CTX_DAG_RUN_ID='scheduled__2024-07-14T15:01:00+00:00'
[2024-07-14T20:38:31.028+0000] {taskinstance.py:430} INFO - ::endgroup::
[2024-07-14T20:38:31.202+0000] {python.py:237} INFO - Done. Returned value was: None
[2024-07-14T20:38:31.203+0000] {taskinstance.py:441} INFO - ::group::Post task execution logs
[2024-07-14T20:38:31.208+0000] {taskinstance.py:1206} INFO - Marking task as SUCCESS. dag_id=fetch_spread_values, task_id=fetch_and_compute_spread_btc_mxn, run_id=scheduled__2024-07-14T15:01:00+00:00, execution_date=20240714T150100, start_date=20240714T203830, end_date=20240714T203831
[2024-07-14T20:38:31.245+0000] {local_task_job_runner.py:240} INFO - Task exited with return code 0
[2024-07-14T20:38:31.254+0000] {taskinstance.py:3503} INFO - 0 downstream tasks scheduled from follow-on schedule check
[2024-07-14T20:38:31.254+0000] {local_task_job_runner.py:222} INFO - ::endgroup::
