[2024-07-14T09:01:16.639+0000] {local_task_job_runner.py:120} INFO - ::group::Pre task execution logs
[2024-07-14T09:01:16.703+0000] {taskinstance.py:2076} INFO - Dependencies all met for dep_context=non-requeueable deps ti=<TaskInstance: fetch_spread_values.fetch_and_compute_spread_btc_mxn scheduled__2024-07-14T04:50:00+00:00 [queued]>
[2024-07-14T09:01:16.721+0000] {taskinstance.py:2076} INFO - Dependencies all met for dep_context=requeueable deps ti=<TaskInstance: fetch_spread_values.fetch_and_compute_spread_btc_mxn scheduled__2024-07-14T04:50:00+00:00 [queued]>
[2024-07-14T09:01:16.722+0000] {taskinstance.py:2306} INFO - Starting attempt 1 of 2
[2024-07-14T09:01:16.766+0000] {taskinstance.py:2330} INFO - Executing <Task(PythonOperator): fetch_and_compute_spread_btc_mxn> on 2024-07-14 04:50:00+00:00
[2024-07-14T09:01:16.792+0000] {warnings.py:112} WARNING - /home/***/.local/lib/python3.12/site-packages/***/task/task_runner/standard_task_runner.py:61: DeprecationWarning: This process (pid=1914) is multi-threaded, use of fork() may lead to deadlocks in the child.
  pid = os.fork()

[2024-07-14T09:01:16.794+0000] {standard_task_runner.py:63} INFO - Started process 1932 to run task
[2024-07-14T09:01:16.800+0000] {standard_task_runner.py:90} INFO - Running: ['***', 'tasks', 'run', 'fetch_spread_values', 'fetch_and_compute_spread_btc_mxn', 'scheduled__2024-07-14T04:50:00+00:00', '--job-id', '609', '--raw', '--subdir', 'DAGS_FOLDER/***.py', '--cfg-path', '/tmp/tmp8x45m4ag']
[2024-07-14T09:01:16.807+0000] {standard_task_runner.py:91} INFO - Job 609: Subtask fetch_and_compute_spread_btc_mxn
[2024-07-14T09:01:17.110+0000] {task_command.py:426} INFO - Running <TaskInstance: fetch_spread_values.fetch_and_compute_spread_btc_mxn scheduled__2024-07-14T04:50:00+00:00 [running]> on host d537c34a4880
[2024-07-14T09:01:17.401+0000] {taskinstance.py:2648} INFO - Exporting env vars: AIRFLOW_CTX_DAG_OWNER='***' AIRFLOW_CTX_DAG_ID='fetch_spread_values' AIRFLOW_CTX_TASK_ID='fetch_and_compute_spread_btc_mxn' AIRFLOW_CTX_EXECUTION_DATE='2024-07-14T04:50:00+00:00' AIRFLOW_CTX_TRY_NUMBER='1' AIRFLOW_CTX_DAG_RUN_ID='scheduled__2024-07-14T04:50:00+00:00'
[2024-07-14T09:01:17.411+0000] {taskinstance.py:430} INFO - ::endgroup::
[2024-07-14T09:01:17.867+0000] {python.py:237} INFO - Done. Returned value was: None
[2024-07-14T09:01:17.870+0000] {taskinstance.py:441} INFO - ::group::Post task execution logs
[2024-07-14T09:01:17.904+0000] {taskinstance.py:1206} INFO - Marking task as SUCCESS. dag_id=fetch_spread_values, task_id=fetch_and_compute_spread_btc_mxn, run_id=scheduled__2024-07-14T04:50:00+00:00, execution_date=20240714T045000, start_date=20240714T090116, end_date=20240714T090117
[2024-07-14T09:01:18.008+0000] {local_task_job_runner.py:240} INFO - Task exited with return code 0
[2024-07-14T09:01:18.074+0000] {taskinstance.py:3503} INFO - 0 downstream tasks scheduled from follow-on schedule check
[2024-07-14T09:01:18.103+0000] {local_task_job_runner.py:222} INFO - ::endgroup::
[2024-07-14T20:34:09.548+0000] {local_task_job_runner.py:120} INFO - ::group::Pre task execution logs
[2024-07-14T20:34:09.582+0000] {taskinstance.py:2076} INFO - Dependencies all met for dep_context=non-requeueable deps ti=<TaskInstance: fetch_spread_values.fetch_and_compute_spread_btc_mxn scheduled__2024-07-14T04:50:00+00:00 [queued]>
[2024-07-14T20:34:09.586+0000] {taskinstance.py:2076} INFO - Dependencies all met for dep_context=requeueable deps ti=<TaskInstance: fetch_spread_values.fetch_and_compute_spread_btc_mxn scheduled__2024-07-14T04:50:00+00:00 [queued]>
[2024-07-14T20:34:09.587+0000] {taskinstance.py:2306} INFO - Starting attempt 1 of 2
[2024-07-14T20:34:09.601+0000] {taskinstance.py:2330} INFO - Executing <Task(PythonOperator): fetch_and_compute_spread_btc_mxn> on 2024-07-14 04:50:00+00:00
[2024-07-14T20:34:09.605+0000] {logging_mixin.py:188} WARNING - /home/***/.local/lib/python3.12/site-packages/***/task/task_runner/standard_task_runner.py:61 DeprecationWarning: This process (pid=1363) is multi-threaded, use of fork() may lead to deadlocks in the child.
[2024-07-14T20:34:09.607+0000] {standard_task_runner.py:63} INFO - Started process 1369 to run task
[2024-07-14T20:34:09.606+0000] {standard_task_runner.py:90} INFO - Running: ['***', 'tasks', 'run', 'fetch_spread_values', 'fetch_and_compute_spread_btc_mxn', 'scheduled__2024-07-14T04:50:00+00:00', '--job-id', '584', '--raw', '--subdir', 'DAGS_FOLDER/***.py', '--cfg-path', '/tmp/tmp80kfrgfw']
[2024-07-14T20:34:09.609+0000] {standard_task_runner.py:91} INFO - Job 584: Subtask fetch_and_compute_spread_btc_mxn
[2024-07-14T20:34:09.648+0000] {task_command.py:426} INFO - Running <TaskInstance: fetch_spread_values.fetch_and_compute_spread_btc_mxn scheduled__2024-07-14T04:50:00+00:00 [running]> on host 77caf7e4b282
[2024-07-14T20:34:09.730+0000] {taskinstance.py:2648} INFO - Exporting env vars: AIRFLOW_CTX_DAG_OWNER='***' AIRFLOW_CTX_DAG_ID='fetch_spread_values' AIRFLOW_CTX_TASK_ID='fetch_and_compute_spread_btc_mxn' AIRFLOW_CTX_EXECUTION_DATE='2024-07-14T04:50:00+00:00' AIRFLOW_CTX_TRY_NUMBER='1' AIRFLOW_CTX_DAG_RUN_ID='scheduled__2024-07-14T04:50:00+00:00'
[2024-07-14T20:34:09.731+0000] {taskinstance.py:430} INFO - ::endgroup::
[2024-07-14T20:34:09.962+0000] {python.py:237} INFO - Done. Returned value was: None
[2024-07-14T20:34:09.963+0000] {taskinstance.py:441} INFO - ::group::Post task execution logs
[2024-07-14T20:34:09.968+0000] {taskinstance.py:1206} INFO - Marking task as SUCCESS. dag_id=fetch_spread_values, task_id=fetch_and_compute_spread_btc_mxn, run_id=scheduled__2024-07-14T04:50:00+00:00, execution_date=20240714T045000, start_date=20240714T203409, end_date=20240714T203409
[2024-07-14T20:34:09.999+0000] {local_task_job_runner.py:240} INFO - Task exited with return code 0
[2024-07-14T20:34:10.009+0000] {taskinstance.py:3503} INFO - 0 downstream tasks scheduled from follow-on schedule check
[2024-07-14T20:34:10.010+0000] {local_task_job_runner.py:222} INFO - ::endgroup::
