[2024-07-14T16:33:51.589+0000] {local_task_job_runner.py:120} INFO - ::group::Pre task execution logs
[2024-07-14T16:33:51.700+0000] {taskinstance.py:2076} INFO - Dependencies all met for dep_context=non-requeueable deps ti=<TaskInstance: fetch_spread_values.fetch_and_compute_spread_btc_mxn scheduled__2024-07-14T16:15:00+00:00 [queued]>
[2024-07-14T16:33:51.721+0000] {taskinstance.py:2076} INFO - Dependencies all met for dep_context=requeueable deps ti=<TaskInstance: fetch_spread_values.fetch_and_compute_spread_btc_mxn scheduled__2024-07-14T16:15:00+00:00 [queued]>
[2024-07-14T16:33:51.724+0000] {taskinstance.py:2306} INFO - Starting attempt 1 of 2
[2024-07-14T16:33:51.787+0000] {taskinstance.py:2330} INFO - Executing <Task(PythonOperator): fetch_and_compute_spread_btc_mxn> on 2024-07-14 16:15:00+00:00
[2024-07-14T16:33:51.833+0000] {warnings.py:112} WARNING - /home/***/.local/lib/python3.12/site-packages/***/task/task_runner/standard_task_runner.py:61: DeprecationWarning: This process (pid=6944) is multi-threaded, use of fork() may lead to deadlocks in the child.
  pid = os.fork()

[2024-07-14T16:33:51.841+0000] {standard_task_runner.py:90} INFO - Running: ['***', 'tasks', 'run', 'fetch_spread_values', 'fetch_and_compute_spread_btc_mxn', 'scheduled__2024-07-14T16:15:00+00:00', '--job-id', '2088', '--raw', '--subdir', 'DAGS_FOLDER/***.py', '--cfg-path', '/tmp/tmpd6ysyw8f']
[2024-07-14T16:33:51.878+0000] {standard_task_runner.py:91} INFO - Job 2088: Subtask fetch_and_compute_spread_btc_mxn
[2024-07-14T16:33:51.864+0000] {standard_task_runner.py:63} INFO - Started process 6966 to run task
[2024-07-14T16:33:52.073+0000] {task_command.py:426} INFO - Running <TaskInstance: fetch_spread_values.fetch_and_compute_spread_btc_mxn scheduled__2024-07-14T16:15:00+00:00 [running]> on host d537c34a4880
[2024-07-14T16:33:52.416+0000] {taskinstance.py:2648} INFO - Exporting env vars: AIRFLOW_CTX_DAG_OWNER='***' AIRFLOW_CTX_DAG_ID='fetch_spread_values' AIRFLOW_CTX_TASK_ID='fetch_and_compute_spread_btc_mxn' AIRFLOW_CTX_EXECUTION_DATE='2024-07-14T16:15:00+00:00' AIRFLOW_CTX_TRY_NUMBER='1' AIRFLOW_CTX_DAG_RUN_ID='scheduled__2024-07-14T16:15:00+00:00'
[2024-07-14T16:33:52.433+0000] {taskinstance.py:430} INFO - ::endgroup::
[2024-07-14T16:33:53.110+0000] {python.py:237} INFO - Done. Returned value was: None
[2024-07-14T16:33:53.126+0000] {taskinstance.py:441} INFO - ::group::Post task execution logs
[2024-07-14T16:33:53.147+0000] {taskinstance.py:1206} INFO - Marking task as SUCCESS. dag_id=fetch_spread_values, task_id=fetch_and_compute_spread_btc_mxn, run_id=scheduled__2024-07-14T16:15:00+00:00, execution_date=20240714T161500, start_date=20240714T163351, end_date=20240714T163353
[2024-07-14T16:33:53.199+0000] {local_task_job_runner.py:240} INFO - Task exited with return code 0
[2024-07-14T16:33:53.240+0000] {taskinstance.py:3503} INFO - 0 downstream tasks scheduled from follow-on schedule check
[2024-07-14T16:33:53.251+0000] {local_task_job_runner.py:222} INFO - ::endgroup::
[2024-07-14T20:38:56.819+0000] {local_task_job_runner.py:120} INFO - ::group::Pre task execution logs
[2024-07-14T20:38:56.841+0000] {taskinstance.py:2076} INFO - Dependencies all met for dep_context=non-requeueable deps ti=<TaskInstance: fetch_spread_values.fetch_and_compute_spread_btc_mxn scheduled__2024-07-14T16:15:00+00:00 [queued]>
[2024-07-14T20:38:56.846+0000] {taskinstance.py:2076} INFO - Dependencies all met for dep_context=requeueable deps ti=<TaskInstance: fetch_spread_values.fetch_and_compute_spread_btc_mxn scheduled__2024-07-14T16:15:00+00:00 [queued]>
[2024-07-14T20:38:56.846+0000] {taskinstance.py:2306} INFO - Starting attempt 1 of 2
[2024-07-14T20:38:56.853+0000] {taskinstance.py:2330} INFO - Executing <Task(PythonOperator): fetch_and_compute_spread_btc_mxn> on 2024-07-14 16:15:00+00:00
[2024-07-14T20:38:56.859+0000] {standard_task_runner.py:90} INFO - Running: ['***', 'tasks', 'run', 'fetch_spread_values', 'fetch_and_compute_spread_btc_mxn', 'scheduled__2024-07-14T16:15:00+00:00', '--job-id', '2078', '--raw', '--subdir', 'DAGS_FOLDER/***.py', '--cfg-path', '/tmp/tmpy6_hoa20']
[2024-07-14T20:38:56.860+0000] {standard_task_runner.py:91} INFO - Job 2078: Subtask fetch_and_compute_spread_btc_mxn
[2024-07-14T20:38:56.857+0000] {logging_mixin.py:188} WARNING - /home/***/.local/lib/python3.12/site-packages/***/task/task_runner/standard_task_runner.py:61 DeprecationWarning: This process (pid=4402) is multi-threaded, use of fork() may lead to deadlocks in the child.
[2024-07-14T20:38:56.864+0000] {standard_task_runner.py:63} INFO - Started process 4405 to run task
[2024-07-14T20:38:56.892+0000] {task_command.py:426} INFO - Running <TaskInstance: fetch_spread_values.fetch_and_compute_spread_btc_mxn scheduled__2024-07-14T16:15:00+00:00 [running]> on host 77caf7e4b282
[2024-07-14T20:38:56.938+0000] {taskinstance.py:2648} INFO - Exporting env vars: AIRFLOW_CTX_DAG_OWNER='***' AIRFLOW_CTX_DAG_ID='fetch_spread_values' AIRFLOW_CTX_TASK_ID='fetch_and_compute_spread_btc_mxn' AIRFLOW_CTX_EXECUTION_DATE='2024-07-14T16:15:00+00:00' AIRFLOW_CTX_TRY_NUMBER='1' AIRFLOW_CTX_DAG_RUN_ID='scheduled__2024-07-14T16:15:00+00:00'
[2024-07-14T20:38:56.939+0000] {taskinstance.py:430} INFO - ::endgroup::
[2024-07-14T20:38:57.082+0000] {python.py:237} INFO - Done. Returned value was: None
[2024-07-14T20:38:57.082+0000] {taskinstance.py:441} INFO - ::group::Post task execution logs
[2024-07-14T20:38:57.088+0000] {taskinstance.py:1206} INFO - Marking task as SUCCESS. dag_id=fetch_spread_values, task_id=fetch_and_compute_spread_btc_mxn, run_id=scheduled__2024-07-14T16:15:00+00:00, execution_date=20240714T161500, start_date=20240714T203856, end_date=20240714T203857
[2024-07-14T20:38:57.096+0000] {local_task_job_runner.py:240} INFO - Task exited with return code 0
[2024-07-14T20:38:57.107+0000] {taskinstance.py:3503} INFO - 0 downstream tasks scheduled from follow-on schedule check
[2024-07-14T20:38:57.108+0000] {local_task_job_runner.py:222} INFO - ::endgroup::
