[2024-07-14T09:23:00.771+0000] {local_task_job_runner.py:120} INFO - ::group::Pre task execution logs
[2024-07-14T09:23:00.781+0000] {taskinstance.py:2076} INFO - Dependencies all met for dep_context=non-requeueable deps ti=<TaskInstance: fetch_spread_values.fetch_and_compute_spread_btc_mxn scheduled__2024-07-14T09:22:00+00:00 [queued]>
[2024-07-14T09:23:00.785+0000] {taskinstance.py:2076} INFO - Dependencies all met for dep_context=requeueable deps ti=<TaskInstance: fetch_spread_values.fetch_and_compute_spread_btc_mxn scheduled__2024-07-14T09:22:00+00:00 [queued]>
[2024-07-14T09:23:00.786+0000] {taskinstance.py:2306} INFO - Starting attempt 1 of 2
[2024-07-14T09:23:00.798+0000] {taskinstance.py:2330} INFO - Executing <Task(PythonOperator): fetch_and_compute_spread_btc_mxn> on 2024-07-14 09:22:00+00:00
[2024-07-14T09:23:00.802+0000] {warnings.py:112} WARNING - /home/***/.local/lib/python3.12/site-packages/***/task/task_runner/standard_task_runner.py:61: DeprecationWarning: This process (pid=4001) is multi-threaded, use of fork() may lead to deadlocks in the child.
  pid = os.fork()

[2024-07-14T09:23:00.803+0000] {standard_task_runner.py:63} INFO - Started process 4005 to run task
[2024-07-14T09:23:00.803+0000] {standard_task_runner.py:90} INFO - Running: ['***', 'tasks', 'run', 'fetch_spread_values', 'fetch_and_compute_spread_btc_mxn', 'scheduled__2024-07-14T09:22:00+00:00', '--job-id', '1211', '--raw', '--subdir', 'DAGS_FOLDER/***.py', '--cfg-path', '/tmp/tmpzup7k4o7']
[2024-07-14T09:23:00.807+0000] {standard_task_runner.py:91} INFO - Job 1211: Subtask fetch_and_compute_spread_btc_mxn
[2024-07-14T09:23:00.840+0000] {task_command.py:426} INFO - Running <TaskInstance: fetch_spread_values.fetch_and_compute_spread_btc_mxn scheduled__2024-07-14T09:22:00+00:00 [running]> on host d537c34a4880
[2024-07-14T09:23:00.886+0000] {taskinstance.py:2648} INFO - Exporting env vars: AIRFLOW_CTX_DAG_OWNER='***' AIRFLOW_CTX_DAG_ID='fetch_spread_values' AIRFLOW_CTX_TASK_ID='fetch_and_compute_spread_btc_mxn' AIRFLOW_CTX_EXECUTION_DATE='2024-07-14T09:22:00+00:00' AIRFLOW_CTX_TRY_NUMBER='1' AIRFLOW_CTX_DAG_RUN_ID='scheduled__2024-07-14T09:22:00+00:00'
[2024-07-14T09:23:00.887+0000] {taskinstance.py:430} INFO - ::endgroup::
[2024-07-14T09:23:01.119+0000] {python.py:237} INFO - Done. Returned value was: None
[2024-07-14T09:23:01.120+0000] {taskinstance.py:441} INFO - ::group::Post task execution logs
[2024-07-14T09:23:01.128+0000] {taskinstance.py:1206} INFO - Marking task as SUCCESS. dag_id=fetch_spread_values, task_id=fetch_and_compute_spread_btc_mxn, run_id=scheduled__2024-07-14T09:22:00+00:00, execution_date=20240714T092200, start_date=20240714T092300, end_date=20240714T092301
[2024-07-14T09:23:01.155+0000] {local_task_job_runner.py:240} INFO - Task exited with return code 0
[2024-07-14T09:23:01.171+0000] {taskinstance.py:3503} INFO - 0 downstream tasks scheduled from follow-on schedule check
[2024-07-14T09:23:01.173+0000] {local_task_job_runner.py:222} INFO - ::endgroup::
[2024-07-14T20:36:27.044+0000] {local_task_job_runner.py:120} INFO - ::group::Pre task execution logs
[2024-07-14T20:36:27.086+0000] {taskinstance.py:2076} INFO - Dependencies all met for dep_context=non-requeueable deps ti=<TaskInstance: fetch_spread_values.fetch_and_compute_spread_btc_mxn scheduled__2024-07-14T09:22:00+00:00 [queued]>
[2024-07-14T20:36:27.091+0000] {taskinstance.py:2076} INFO - Dependencies all met for dep_context=requeueable deps ti=<TaskInstance: fetch_spread_values.fetch_and_compute_spread_btc_mxn scheduled__2024-07-14T09:22:00+00:00 [queued]>
[2024-07-14T20:36:27.093+0000] {taskinstance.py:2306} INFO - Starting attempt 1 of 2
[2024-07-14T20:36:27.124+0000] {taskinstance.py:2330} INFO - Executing <Task(PythonOperator): fetch_and_compute_spread_btc_mxn> on 2024-07-14 09:22:00+00:00
[2024-07-14T20:36:27.129+0000] {logging_mixin.py:188} WARNING - /home/***/.local/lib/python3.12/site-packages/***/task/task_runner/standard_task_runner.py:61 DeprecationWarning: This process (pid=2722) is multi-threaded, use of fork() may lead to deadlocks in the child.
[2024-07-14T20:36:27.129+0000] {standard_task_runner.py:90} INFO - Running: ['***', 'tasks', 'run', 'fetch_spread_values', 'fetch_and_compute_spread_btc_mxn', 'scheduled__2024-07-14T09:22:00+00:00', '--job-id', '1252', '--raw', '--subdir', 'DAGS_FOLDER/***.py', '--cfg-path', '/tmp/tmpfg_9vkt8']
[2024-07-14T20:36:27.132+0000] {standard_task_runner.py:91} INFO - Job 1252: Subtask fetch_and_compute_spread_btc_mxn
[2024-07-14T20:36:27.131+0000] {standard_task_runner.py:63} INFO - Started process 2732 to run task
[2024-07-14T20:36:27.197+0000] {task_command.py:426} INFO - Running <TaskInstance: fetch_spread_values.fetch_and_compute_spread_btc_mxn scheduled__2024-07-14T09:22:00+00:00 [running]> on host 77caf7e4b282
[2024-07-14T20:36:27.294+0000] {taskinstance.py:2648} INFO - Exporting env vars: AIRFLOW_CTX_DAG_OWNER='***' AIRFLOW_CTX_DAG_ID='fetch_spread_values' AIRFLOW_CTX_TASK_ID='fetch_and_compute_spread_btc_mxn' AIRFLOW_CTX_EXECUTION_DATE='2024-07-14T09:22:00+00:00' AIRFLOW_CTX_TRY_NUMBER='1' AIRFLOW_CTX_DAG_RUN_ID='scheduled__2024-07-14T09:22:00+00:00'
[2024-07-14T20:36:27.296+0000] {taskinstance.py:430} INFO - ::endgroup::
[2024-07-14T20:36:27.524+0000] {python.py:237} INFO - Done. Returned value was: None
[2024-07-14T20:36:27.528+0000] {taskinstance.py:441} INFO - ::group::Post task execution logs
[2024-07-14T20:36:27.555+0000] {taskinstance.py:1206} INFO - Marking task as SUCCESS. dag_id=fetch_spread_values, task_id=fetch_and_compute_spread_btc_mxn, run_id=scheduled__2024-07-14T09:22:00+00:00, execution_date=20240714T092200, start_date=20240714T203627, end_date=20240714T203627
[2024-07-14T20:36:27.612+0000] {local_task_job_runner.py:240} INFO - Task exited with return code 0
[2024-07-14T20:36:27.623+0000] {taskinstance.py:3503} INFO - 0 downstream tasks scheduled from follow-on schedule check
[2024-07-14T20:36:27.625+0000] {local_task_job_runner.py:222} INFO - ::endgroup::
