[2024-07-14T14:30:34.436+0000] {local_task_job_runner.py:120} INFO - ::group::Pre task execution logs
[2024-07-14T14:30:34.532+0000] {taskinstance.py:2076} INFO - Dependencies all met for dep_context=non-requeueable deps ti=<TaskInstance: fetch_spread_values.fetch_and_compute_spread_btc_mxn scheduled__2024-07-14T14:17:00+00:00 [queued]>
[2024-07-14T14:30:34.582+0000] {taskinstance.py:2076} INFO - Dependencies all met for dep_context=requeueable deps ti=<TaskInstance: fetch_spread_values.fetch_and_compute_spread_btc_mxn scheduled__2024-07-14T14:17:00+00:00 [queued]>
[2024-07-14T14:30:34.589+0000] {taskinstance.py:2306} INFO - Starting attempt 1 of 2
[2024-07-14T14:30:34.668+0000] {taskinstance.py:2330} INFO - Executing <Task(PythonOperator): fetch_and_compute_spread_btc_mxn> on 2024-07-14 14:17:00+00:00
[2024-07-14T14:30:34.678+0000] {warnings.py:112} WARNING - /home/***/.local/lib/python3.12/site-packages/***/task/task_runner/standard_task_runner.py:61: DeprecationWarning: This process (pid=6101) is multi-threaded, use of fork() may lead to deadlocks in the child.
  pid = os.fork()

[2024-07-14T14:30:34.690+0000] {standard_task_runner.py:63} INFO - Started process 6137 to run task
[2024-07-14T14:30:34.685+0000] {standard_task_runner.py:90} INFO - Running: ['***', 'tasks', 'run', 'fetch_spread_values', 'fetch_and_compute_spread_btc_mxn', 'scheduled__2024-07-14T14:17:00+00:00', '--job-id', '1838', '--raw', '--subdir', 'DAGS_FOLDER/***.py', '--cfg-path', '/tmp/tmp_hmtt2bh']
[2024-07-14T14:30:34.696+0000] {standard_task_runner.py:91} INFO - Job 1838: Subtask fetch_and_compute_spread_btc_mxn
[2024-07-14T14:30:34.961+0000] {task_command.py:426} INFO - Running <TaskInstance: fetch_spread_values.fetch_and_compute_spread_btc_mxn scheduled__2024-07-14T14:17:00+00:00 [running]> on host d537c34a4880
[2024-07-14T14:30:35.286+0000] {taskinstance.py:2648} INFO - Exporting env vars: AIRFLOW_CTX_DAG_OWNER='***' AIRFLOW_CTX_DAG_ID='fetch_spread_values' AIRFLOW_CTX_TASK_ID='fetch_and_compute_spread_btc_mxn' AIRFLOW_CTX_EXECUTION_DATE='2024-07-14T14:17:00+00:00' AIRFLOW_CTX_TRY_NUMBER='1' AIRFLOW_CTX_DAG_RUN_ID='scheduled__2024-07-14T14:17:00+00:00'
[2024-07-14T14:30:35.299+0000] {taskinstance.py:430} INFO - ::endgroup::
[2024-07-14T14:30:35.572+0000] {python.py:237} INFO - Done. Returned value was: None
[2024-07-14T14:30:35.605+0000] {taskinstance.py:441} INFO - ::group::Post task execution logs
[2024-07-14T14:30:35.628+0000] {taskinstance.py:1206} INFO - Marking task as SUCCESS. dag_id=fetch_spread_values, task_id=fetch_and_compute_spread_btc_mxn, run_id=scheduled__2024-07-14T14:17:00+00:00, execution_date=20240714T141700, start_date=20240714T143034, end_date=20240714T143035
[2024-07-14T14:30:35.748+0000] {local_task_job_runner.py:240} INFO - Task exited with return code 0
[2024-07-14T14:30:35.825+0000] {taskinstance.py:3503} INFO - 0 downstream tasks scheduled from follow-on schedule check
[2024-07-14T14:30:35.830+0000] {local_task_job_runner.py:222} INFO - ::endgroup::
[2024-07-14T20:38:15.880+0000] {local_task_job_runner.py:120} INFO - ::group::Pre task execution logs
[2024-07-14T20:38:15.915+0000] {taskinstance.py:2076} INFO - Dependencies all met for dep_context=non-requeueable deps ti=<TaskInstance: fetch_spread_values.fetch_and_compute_spread_btc_mxn scheduled__2024-07-14T14:17:00+00:00 [queued]>
[2024-07-14T20:38:15.929+0000] {taskinstance.py:2076} INFO - Dependencies all met for dep_context=requeueable deps ti=<TaskInstance: fetch_spread_values.fetch_and_compute_spread_btc_mxn scheduled__2024-07-14T14:17:00+00:00 [queued]>
[2024-07-14T20:38:15.931+0000] {taskinstance.py:2306} INFO - Starting attempt 1 of 2
[2024-07-14T20:38:15.949+0000] {taskinstance.py:2330} INFO - Executing <Task(PythonOperator): fetch_and_compute_spread_btc_mxn> on 2024-07-14 14:17:00+00:00
[2024-07-14T20:38:15.955+0000] {logging_mixin.py:188} WARNING - /home/***/.local/lib/python3.12/site-packages/***/task/task_runner/standard_task_runner.py:61 DeprecationWarning: This process (pid=3917) is multi-threaded, use of fork() may lead to deadlocks in the child.
[2024-07-14T20:38:15.958+0000] {standard_task_runner.py:90} INFO - Running: ['***', 'tasks', 'run', 'fetch_spread_values', 'fetch_and_compute_spread_btc_mxn', 'scheduled__2024-07-14T14:17:00+00:00', '--job-id', '1842', '--raw', '--subdir', 'DAGS_FOLDER/***.py', '--cfg-path', '/tmp/tmp_ojw63jv']
[2024-07-14T20:38:15.960+0000] {standard_task_runner.py:91} INFO - Job 1842: Subtask fetch_and_compute_spread_btc_mxn
[2024-07-14T20:38:15.960+0000] {standard_task_runner.py:63} INFO - Started process 3925 to run task
[2024-07-14T20:38:16.011+0000] {task_command.py:426} INFO - Running <TaskInstance: fetch_spread_values.fetch_and_compute_spread_btc_mxn scheduled__2024-07-14T14:17:00+00:00 [running]> on host 77caf7e4b282
[2024-07-14T20:38:16.078+0000] {taskinstance.py:2648} INFO - Exporting env vars: AIRFLOW_CTX_DAG_OWNER='***' AIRFLOW_CTX_DAG_ID='fetch_spread_values' AIRFLOW_CTX_TASK_ID='fetch_and_compute_spread_btc_mxn' AIRFLOW_CTX_EXECUTION_DATE='2024-07-14T14:17:00+00:00' AIRFLOW_CTX_TRY_NUMBER='1' AIRFLOW_CTX_DAG_RUN_ID='scheduled__2024-07-14T14:17:00+00:00'
[2024-07-14T20:38:16.078+0000] {taskinstance.py:430} INFO - ::endgroup::
[2024-07-14T20:38:16.255+0000] {python.py:237} INFO - Done. Returned value was: None
[2024-07-14T20:38:16.256+0000] {taskinstance.py:441} INFO - ::group::Post task execution logs
[2024-07-14T20:38:16.261+0000] {taskinstance.py:1206} INFO - Marking task as SUCCESS. dag_id=fetch_spread_values, task_id=fetch_and_compute_spread_btc_mxn, run_id=scheduled__2024-07-14T14:17:00+00:00, execution_date=20240714T141700, start_date=20240714T203815, end_date=20240714T203816
[2024-07-14T20:38:16.270+0000] {local_task_job_runner.py:240} INFO - Task exited with return code 0
[2024-07-14T20:38:16.279+0000] {taskinstance.py:3503} INFO - 0 downstream tasks scheduled from follow-on schedule check
[2024-07-14T20:38:16.279+0000] {local_task_job_runner.py:222} INFO - ::endgroup::
