[2024-07-14T09:01:27.636+0000] {local_task_job_runner.py:120} INFO - ::group::Pre task execution logs
[2024-07-14T09:01:27.690+0000] {taskinstance.py:2076} INFO - Dependencies all met for dep_context=non-requeueable deps ti=<TaskInstance: fetch_spread_values.fetch_and_compute_spread_btc_mxn scheduled__2024-07-14T05:04:00+00:00 [queued]>
[2024-07-14T09:01:27.732+0000] {taskinstance.py:2076} INFO - Dependencies all met for dep_context=requeueable deps ti=<TaskInstance: fetch_spread_values.fetch_and_compute_spread_btc_mxn scheduled__2024-07-14T05:04:00+00:00 [queued]>
[2024-07-14T09:01:27.741+0000] {taskinstance.py:2306} INFO - Starting attempt 1 of 2
[2024-07-14T09:01:27.776+0000] {taskinstance.py:2330} INFO - Executing <Task(PythonOperator): fetch_and_compute_spread_btc_mxn> on 2024-07-14 05:04:00+00:00
[2024-07-14T09:01:27.799+0000] {warnings.py:112} WARNING - /home/***/.local/lib/python3.12/site-packages/***/task/task_runner/standard_task_runner.py:61: DeprecationWarning: This process (pid=1988) is multi-threaded, use of fork() may lead to deadlocks in the child.
  pid = os.fork()

[2024-07-14T09:01:27.813+0000] {standard_task_runner.py:63} INFO - Started process 2017 to run task
[2024-07-14T09:01:27.788+0000] {standard_task_runner.py:90} INFO - Running: ['***', 'tasks', 'run', 'fetch_spread_values', 'fetch_and_compute_spread_btc_mxn', 'scheduled__2024-07-14T05:04:00+00:00', '--job-id', '637', '--raw', '--subdir', 'DAGS_FOLDER/***.py', '--cfg-path', '/tmp/tmpimn7okyp']
[2024-07-14T09:01:27.844+0000] {standard_task_runner.py:91} INFO - Job 637: Subtask fetch_and_compute_spread_btc_mxn
[2024-07-14T09:01:27.990+0000] {task_command.py:426} INFO - Running <TaskInstance: fetch_spread_values.fetch_and_compute_spread_btc_mxn scheduled__2024-07-14T05:04:00+00:00 [running]> on host d537c34a4880
[2024-07-14T09:01:28.238+0000] {taskinstance.py:2648} INFO - Exporting env vars: AIRFLOW_CTX_DAG_OWNER='***' AIRFLOW_CTX_DAG_ID='fetch_spread_values' AIRFLOW_CTX_TASK_ID='fetch_and_compute_spread_btc_mxn' AIRFLOW_CTX_EXECUTION_DATE='2024-07-14T05:04:00+00:00' AIRFLOW_CTX_TRY_NUMBER='1' AIRFLOW_CTX_DAG_RUN_ID='scheduled__2024-07-14T05:04:00+00:00'
[2024-07-14T09:01:28.263+0000] {taskinstance.py:430} INFO - ::endgroup::
[2024-07-14T09:01:28.546+0000] {python.py:237} INFO - Done. Returned value was: None
[2024-07-14T09:01:28.552+0000] {taskinstance.py:441} INFO - ::group::Post task execution logs
[2024-07-14T09:01:28.571+0000] {taskinstance.py:1206} INFO - Marking task as SUCCESS. dag_id=fetch_spread_values, task_id=fetch_and_compute_spread_btc_mxn, run_id=scheduled__2024-07-14T05:04:00+00:00, execution_date=20240714T050400, start_date=20240714T090127, end_date=20240714T090128
[2024-07-14T09:01:28.664+0000] {local_task_job_runner.py:240} INFO - Task exited with return code 0
[2024-07-14T09:01:28.700+0000] {taskinstance.py:3503} INFO - 0 downstream tasks scheduled from follow-on schedule check
[2024-07-14T09:01:28.708+0000] {local_task_job_runner.py:222} INFO - ::endgroup::
[2024-07-14T20:34:17.200+0000] {local_task_job_runner.py:120} INFO - ::group::Pre task execution logs
[2024-07-14T20:34:17.236+0000] {taskinstance.py:2076} INFO - Dependencies all met for dep_context=non-requeueable deps ti=<TaskInstance: fetch_spread_values.fetch_and_compute_spread_btc_mxn scheduled__2024-07-14T05:04:00+00:00 [queued]>
[2024-07-14T20:34:17.247+0000] {taskinstance.py:2076} INFO - Dependencies all met for dep_context=requeueable deps ti=<TaskInstance: fetch_spread_values.fetch_and_compute_spread_btc_mxn scheduled__2024-07-14T05:04:00+00:00 [queued]>
[2024-07-14T20:34:17.247+0000] {taskinstance.py:2306} INFO - Starting attempt 1 of 2
[2024-07-14T20:34:17.284+0000] {taskinstance.py:2330} INFO - Executing <Task(PythonOperator): fetch_and_compute_spread_btc_mxn> on 2024-07-14 05:04:00+00:00
[2024-07-14T20:34:17.300+0000] {logging_mixin.py:188} WARNING - /home/***/.local/lib/python3.12/site-packages/***/task/task_runner/standard_task_runner.py:61 DeprecationWarning: This process (pid=1426) is multi-threaded, use of fork() may lead to deadlocks in the child.
[2024-07-14T20:34:17.303+0000] {standard_task_runner.py:63} INFO - Started process 1437 to run task
[2024-07-14T20:34:17.301+0000] {standard_task_runner.py:90} INFO - Running: ['***', 'tasks', 'run', 'fetch_spread_values', 'fetch_and_compute_spread_btc_mxn', 'scheduled__2024-07-14T05:04:00+00:00', '--job-id', '613', '--raw', '--subdir', 'DAGS_FOLDER/***.py', '--cfg-path', '/tmp/tmppyg7r93x']
[2024-07-14T20:34:17.308+0000] {standard_task_runner.py:91} INFO - Job 613: Subtask fetch_and_compute_spread_btc_mxn
[2024-07-14T20:34:17.407+0000] {task_command.py:426} INFO - Running <TaskInstance: fetch_spread_values.fetch_and_compute_spread_btc_mxn scheduled__2024-07-14T05:04:00+00:00 [running]> on host 77caf7e4b282
[2024-07-14T20:34:17.518+0000] {taskinstance.py:2648} INFO - Exporting env vars: AIRFLOW_CTX_DAG_OWNER='***' AIRFLOW_CTX_DAG_ID='fetch_spread_values' AIRFLOW_CTX_TASK_ID='fetch_and_compute_spread_btc_mxn' AIRFLOW_CTX_EXECUTION_DATE='2024-07-14T05:04:00+00:00' AIRFLOW_CTX_TRY_NUMBER='1' AIRFLOW_CTX_DAG_RUN_ID='scheduled__2024-07-14T05:04:00+00:00'
[2024-07-14T20:34:17.519+0000] {taskinstance.py:430} INFO - ::endgroup::
[2024-07-14T20:34:17.714+0000] {python.py:237} INFO - Done. Returned value was: None
[2024-07-14T20:34:17.716+0000] {taskinstance.py:441} INFO - ::group::Post task execution logs
[2024-07-14T20:34:17.736+0000] {taskinstance.py:1206} INFO - Marking task as SUCCESS. dag_id=fetch_spread_values, task_id=fetch_and_compute_spread_btc_mxn, run_id=scheduled__2024-07-14T05:04:00+00:00, execution_date=20240714T050400, start_date=20240714T203417, end_date=20240714T203417
[2024-07-14T20:34:17.794+0000] {local_task_job_runner.py:240} INFO - Task exited with return code 0
[2024-07-14T20:34:17.825+0000] {taskinstance.py:3503} INFO - 0 downstream tasks scheduled from follow-on schedule check
[2024-07-14T20:34:17.839+0000] {local_task_job_runner.py:222} INFO - ::endgroup::
