[2024-07-14T13:11:46.053+0000] {local_task_job_runner.py:120} INFO - ::group::Pre task execution logs
[2024-07-14T13:11:46.090+0000] {taskinstance.py:2076} INFO - Dependencies all met for dep_context=non-requeueable deps ti=<TaskInstance: fetch_spread_values.fetch_and_compute_spread_btc_mxn scheduled__2024-07-14T13:07:00+00:00 [queued]>
[2024-07-14T13:11:46.100+0000] {taskinstance.py:2076} INFO - Dependencies all met for dep_context=requeueable deps ti=<TaskInstance: fetch_spread_values.fetch_and_compute_spread_btc_mxn scheduled__2024-07-14T13:07:00+00:00 [queued]>
[2024-07-14T13:11:46.103+0000] {taskinstance.py:2306} INFO - Starting attempt 1 of 2
[2024-07-14T13:11:46.124+0000] {taskinstance.py:2330} INFO - Executing <Task(PythonOperator): fetch_and_compute_spread_btc_mxn> on 2024-07-14 13:07:00+00:00
[2024-07-14T13:11:46.142+0000] {warnings.py:112} WARNING - /home/***/.local/lib/python3.12/site-packages/***/task/task_runner/standard_task_runner.py:61: DeprecationWarning: This process (pid=5602) is multi-threaded, use of fork() may lead to deadlocks in the child.
  pid = os.fork()

[2024-07-14T13:11:46.146+0000] {standard_task_runner.py:63} INFO - Started process 5633 to run task
[2024-07-14T13:11:46.157+0000] {standard_task_runner.py:90} INFO - Running: ['***', 'tasks', 'run', 'fetch_spread_values', 'fetch_and_compute_spread_btc_mxn', 'scheduled__2024-07-14T13:07:00+00:00', '--job-id', '1689', '--raw', '--subdir', 'DAGS_FOLDER/***.py', '--cfg-path', '/tmp/tmpw00cd04u']
[2024-07-14T13:11:46.184+0000] {standard_task_runner.py:91} INFO - Job 1689: Subtask fetch_and_compute_spread_btc_mxn
[2024-07-14T13:11:46.256+0000] {task_command.py:426} INFO - Running <TaskInstance: fetch_spread_values.fetch_and_compute_spread_btc_mxn scheduled__2024-07-14T13:07:00+00:00 [running]> on host d537c34a4880
[2024-07-14T13:11:46.391+0000] {taskinstance.py:2648} INFO - Exporting env vars: AIRFLOW_CTX_DAG_OWNER='***' AIRFLOW_CTX_DAG_ID='fetch_spread_values' AIRFLOW_CTX_TASK_ID='fetch_and_compute_spread_btc_mxn' AIRFLOW_CTX_EXECUTION_DATE='2024-07-14T13:07:00+00:00' AIRFLOW_CTX_TRY_NUMBER='1' AIRFLOW_CTX_DAG_RUN_ID='scheduled__2024-07-14T13:07:00+00:00'
[2024-07-14T13:11:46.395+0000] {taskinstance.py:430} INFO - ::endgroup::
[2024-07-14T13:11:46.575+0000] {python.py:237} INFO - Done. Returned value was: None
[2024-07-14T13:11:46.581+0000] {taskinstance.py:441} INFO - ::group::Post task execution logs
[2024-07-14T13:11:46.596+0000] {taskinstance.py:1206} INFO - Marking task as SUCCESS. dag_id=fetch_spread_values, task_id=fetch_and_compute_spread_btc_mxn, run_id=scheduled__2024-07-14T13:07:00+00:00, execution_date=20240714T130700, start_date=20240714T131146, end_date=20240714T131146
[2024-07-14T13:11:46.638+0000] {local_task_job_runner.py:240} INFO - Task exited with return code 0
[2024-07-14T13:11:46.651+0000] {taskinstance.py:3503} INFO - 0 downstream tasks scheduled from follow-on schedule check
[2024-07-14T13:11:46.652+0000] {local_task_job_runner.py:222} INFO - ::endgroup::
[2024-07-14T20:37:50.378+0000] {local_task_job_runner.py:120} INFO - ::group::Pre task execution logs
[2024-07-14T20:37:50.429+0000] {taskinstance.py:2076} INFO - Dependencies all met for dep_context=non-requeueable deps ti=<TaskInstance: fetch_spread_values.fetch_and_compute_spread_btc_mxn scheduled__2024-07-14T13:07:00+00:00 [queued]>
[2024-07-14T20:37:50.440+0000] {taskinstance.py:2076} INFO - Dependencies all met for dep_context=requeueable deps ti=<TaskInstance: fetch_spread_values.fetch_and_compute_spread_btc_mxn scheduled__2024-07-14T13:07:00+00:00 [queued]>
[2024-07-14T20:37:50.441+0000] {taskinstance.py:2306} INFO - Starting attempt 1 of 2
[2024-07-14T20:37:50.456+0000] {taskinstance.py:2330} INFO - Executing <Task(PythonOperator): fetch_and_compute_spread_btc_mxn> on 2024-07-14 13:07:00+00:00
[2024-07-14T20:37:50.470+0000] {logging_mixin.py:188} WARNING - /home/***/.local/lib/python3.12/site-packages/***/task/task_runner/standard_task_runner.py:61 DeprecationWarning: This process (pid=3638) is multi-threaded, use of fork() may lead to deadlocks in the child.
[2024-07-14T20:37:50.473+0000] {standard_task_runner.py:63} INFO - Started process 3648 to run task
[2024-07-14T20:37:50.474+0000] {standard_task_runner.py:90} INFO - Running: ['***', 'tasks', 'run', 'fetch_spread_values', 'fetch_and_compute_spread_btc_mxn', 'scheduled__2024-07-14T13:07:00+00:00', '--job-id', '1703', '--raw', '--subdir', 'DAGS_FOLDER/***.py', '--cfg-path', '/tmp/tmp30t10n8w']
[2024-07-14T20:37:50.480+0000] {standard_task_runner.py:91} INFO - Job 1703: Subtask fetch_and_compute_spread_btc_mxn
[2024-07-14T20:37:50.529+0000] {task_command.py:426} INFO - Running <TaskInstance: fetch_spread_values.fetch_and_compute_spread_btc_mxn scheduled__2024-07-14T13:07:00+00:00 [running]> on host 77caf7e4b282
[2024-07-14T20:37:50.602+0000] {taskinstance.py:2648} INFO - Exporting env vars: AIRFLOW_CTX_DAG_OWNER='***' AIRFLOW_CTX_DAG_ID='fetch_spread_values' AIRFLOW_CTX_TASK_ID='fetch_and_compute_spread_btc_mxn' AIRFLOW_CTX_EXECUTION_DATE='2024-07-14T13:07:00+00:00' AIRFLOW_CTX_TRY_NUMBER='1' AIRFLOW_CTX_DAG_RUN_ID='scheduled__2024-07-14T13:07:00+00:00'
[2024-07-14T20:37:50.604+0000] {taskinstance.py:430} INFO - ::endgroup::
[2024-07-14T20:37:50.756+0000] {python.py:237} INFO - Done. Returned value was: None
[2024-07-14T20:37:50.757+0000] {taskinstance.py:441} INFO - ::group::Post task execution logs
[2024-07-14T20:37:50.763+0000] {taskinstance.py:1206} INFO - Marking task as SUCCESS. dag_id=fetch_spread_values, task_id=fetch_and_compute_spread_btc_mxn, run_id=scheduled__2024-07-14T13:07:00+00:00, execution_date=20240714T130700, start_date=20240714T203750, end_date=20240714T203750
[2024-07-14T20:37:50.779+0000] {local_task_job_runner.py:240} INFO - Task exited with return code 0
[2024-07-14T20:37:50.788+0000] {taskinstance.py:3503} INFO - 0 downstream tasks scheduled from follow-on schedule check
[2024-07-14T20:37:50.789+0000] {local_task_job_runner.py:222} INFO - ::endgroup::
