[2024-07-14T14:48:47.419+0000] {local_task_job_runner.py:120} INFO - ::group::Pre task execution logs
[2024-07-14T14:48:47.488+0000] {taskinstance.py:2076} INFO - Dependencies all met for dep_context=non-requeueable deps ti=<TaskInstance: fetch_spread_values.fetch_and_compute_spread_btc_mxn scheduled__2024-07-14T14:43:00+00:00 [queued]>
[2024-07-14T14:48:47.499+0000] {taskinstance.py:2076} INFO - Dependencies all met for dep_context=requeueable deps ti=<TaskInstance: fetch_spread_values.fetch_and_compute_spread_btc_mxn scheduled__2024-07-14T14:43:00+00:00 [queued]>
[2024-07-14T14:48:47.502+0000] {taskinstance.py:2306} INFO - Starting attempt 1 of 2
[2024-07-14T14:48:47.555+0000] {taskinstance.py:2330} INFO - Executing <Task(PythonOperator): fetch_and_compute_spread_btc_mxn> on 2024-07-14 14:43:00+00:00
[2024-07-14T14:48:47.573+0000] {warnings.py:112} WARNING - /home/***/.local/lib/python3.12/site-packages/***/task/task_runner/standard_task_runner.py:61: DeprecationWarning: This process (pid=6298) is multi-threaded, use of fork() may lead to deadlocks in the child.
  pid = os.fork()

[2024-07-14T14:48:47.580+0000] {standard_task_runner.py:63} INFO - Started process 6317 to run task
[2024-07-14T14:48:47.576+0000] {standard_task_runner.py:90} INFO - Running: ['***', 'tasks', 'run', 'fetch_spread_values', 'fetch_and_compute_spread_btc_mxn', 'scheduled__2024-07-14T14:43:00+00:00', '--job-id', '1893', '--raw', '--subdir', 'DAGS_FOLDER/***.py', '--cfg-path', '/tmp/tmpnmihha3r']
[2024-07-14T14:48:47.588+0000] {standard_task_runner.py:91} INFO - Job 1893: Subtask fetch_and_compute_spread_btc_mxn
[2024-07-14T14:48:47.720+0000] {task_command.py:426} INFO - Running <TaskInstance: fetch_spread_values.fetch_and_compute_spread_btc_mxn scheduled__2024-07-14T14:43:00+00:00 [running]> on host d537c34a4880
[2024-07-14T14:48:47.905+0000] {taskinstance.py:2648} INFO - Exporting env vars: AIRFLOW_CTX_DAG_OWNER='***' AIRFLOW_CTX_DAG_ID='fetch_spread_values' AIRFLOW_CTX_TASK_ID='fetch_and_compute_spread_btc_mxn' AIRFLOW_CTX_EXECUTION_DATE='2024-07-14T14:43:00+00:00' AIRFLOW_CTX_TRY_NUMBER='1' AIRFLOW_CTX_DAG_RUN_ID='scheduled__2024-07-14T14:43:00+00:00'
[2024-07-14T14:48:47.919+0000] {taskinstance.py:430} INFO - ::endgroup::
[2024-07-14T14:48:48.314+0000] {python.py:237} INFO - Done. Returned value was: None
[2024-07-14T14:48:48.316+0000] {taskinstance.py:441} INFO - ::group::Post task execution logs
[2024-07-14T14:48:48.325+0000] {taskinstance.py:1206} INFO - Marking task as SUCCESS. dag_id=fetch_spread_values, task_id=fetch_and_compute_spread_btc_mxn, run_id=scheduled__2024-07-14T14:43:00+00:00, execution_date=20240714T144300, start_date=20240714T144847, end_date=20240714T144848
[2024-07-14T14:48:48.348+0000] {local_task_job_runner.py:240} INFO - Task exited with return code 0
[2024-07-14T14:48:48.379+0000] {taskinstance.py:3503} INFO - 0 downstream tasks scheduled from follow-on schedule check
[2024-07-14T14:48:48.382+0000] {local_task_job_runner.py:222} INFO - ::endgroup::
[2024-07-14T20:38:24.043+0000] {local_task_job_runner.py:120} INFO - ::group::Pre task execution logs
[2024-07-14T20:38:24.079+0000] {taskinstance.py:2076} INFO - Dependencies all met for dep_context=non-requeueable deps ti=<TaskInstance: fetch_spread_values.fetch_and_compute_spread_btc_mxn scheduled__2024-07-14T14:43:00+00:00 [queued]>
[2024-07-14T20:38:24.086+0000] {taskinstance.py:2076} INFO - Dependencies all met for dep_context=requeueable deps ti=<TaskInstance: fetch_spread_values.fetch_and_compute_spread_btc_mxn scheduled__2024-07-14T14:43:00+00:00 [queued]>
[2024-07-14T20:38:24.087+0000] {taskinstance.py:2306} INFO - Starting attempt 1 of 2
[2024-07-14T20:38:24.099+0000] {taskinstance.py:2330} INFO - Executing <Task(PythonOperator): fetch_and_compute_spread_btc_mxn> on 2024-07-14 14:43:00+00:00
[2024-07-14T20:38:24.104+0000] {logging_mixin.py:188} WARNING - /home/***/.local/lib/python3.12/site-packages/***/task/task_runner/standard_task_runner.py:61 DeprecationWarning: This process (pid=4025) is multi-threaded, use of fork() may lead to deadlocks in the child.
[2024-07-14T20:38:24.105+0000] {standard_task_runner.py:63} INFO - Started process 4034 to run task
[2024-07-14T20:38:24.105+0000] {standard_task_runner.py:90} INFO - Running: ['***', 'tasks', 'run', 'fetch_spread_values', 'fetch_and_compute_spread_btc_mxn', 'scheduled__2024-07-14T14:43:00+00:00', '--job-id', '1894', '--raw', '--subdir', 'DAGS_FOLDER/***.py', '--cfg-path', '/tmp/tmp6exbured']
[2024-07-14T20:38:24.108+0000] {standard_task_runner.py:91} INFO - Job 1894: Subtask fetch_and_compute_spread_btc_mxn
[2024-07-14T20:38:24.172+0000] {task_command.py:426} INFO - Running <TaskInstance: fetch_spread_values.fetch_and_compute_spread_btc_mxn scheduled__2024-07-14T14:43:00+00:00 [running]> on host 77caf7e4b282
[2024-07-14T20:38:24.258+0000] {taskinstance.py:2648} INFO - Exporting env vars: AIRFLOW_CTX_DAG_OWNER='***' AIRFLOW_CTX_DAG_ID='fetch_spread_values' AIRFLOW_CTX_TASK_ID='fetch_and_compute_spread_btc_mxn' AIRFLOW_CTX_EXECUTION_DATE='2024-07-14T14:43:00+00:00' AIRFLOW_CTX_TRY_NUMBER='1' AIRFLOW_CTX_DAG_RUN_ID='scheduled__2024-07-14T14:43:00+00:00'
[2024-07-14T20:38:24.259+0000] {taskinstance.py:430} INFO - ::endgroup::
[2024-07-14T20:38:24.431+0000] {python.py:237} INFO - Done. Returned value was: None
[2024-07-14T20:38:24.432+0000] {taskinstance.py:441} INFO - ::group::Post task execution logs
[2024-07-14T20:38:24.438+0000] {taskinstance.py:1206} INFO - Marking task as SUCCESS. dag_id=fetch_spread_values, task_id=fetch_and_compute_spread_btc_mxn, run_id=scheduled__2024-07-14T14:43:00+00:00, execution_date=20240714T144300, start_date=20240714T203824, end_date=20240714T203824
[2024-07-14T20:38:24.454+0000] {local_task_job_runner.py:240} INFO - Task exited with return code 0
[2024-07-14T20:38:24.463+0000] {taskinstance.py:3503} INFO - 0 downstream tasks scheduled from follow-on schedule check
[2024-07-14T20:38:24.464+0000] {local_task_job_runner.py:222} INFO - ::endgroup::
