[2024-07-14T10:48:21.418+0000] {local_task_job_runner.py:120} INFO - ::group::Pre task execution logs
[2024-07-14T10:48:21.495+0000] {taskinstance.py:2076} INFO - Dependencies all met for dep_context=non-requeueable deps ti=<TaskInstance: fetch_spread_values.fetch_and_compute_spread_btc_mxn scheduled__2024-07-14T10:43:00+00:00 [queued]>
[2024-07-14T10:48:21.501+0000] {taskinstance.py:2076} INFO - Dependencies all met for dep_context=requeueable deps ti=<TaskInstance: fetch_spread_values.fetch_and_compute_spread_btc_mxn scheduled__2024-07-14T10:43:00+00:00 [queued]>
[2024-07-14T10:48:21.504+0000] {taskinstance.py:2306} INFO - Starting attempt 1 of 2
[2024-07-14T10:48:21.545+0000] {taskinstance.py:2330} INFO - Executing <Task(PythonOperator): fetch_and_compute_spread_btc_mxn> on 2024-07-14 10:43:00+00:00
[2024-07-14T10:48:21.552+0000] {warnings.py:112} WARNING - /home/***/.local/lib/python3.12/site-packages/***/task/task_runner/standard_task_runner.py:61: DeprecationWarning: This process (pid=4629) is multi-threaded, use of fork() may lead to deadlocks in the child.
  pid = os.fork()

[2024-07-14T10:48:21.560+0000] {standard_task_runner.py:63} INFO - Started process 4646 to run task
[2024-07-14T10:48:21.556+0000] {standard_task_runner.py:90} INFO - Running: ['***', 'tasks', 'run', 'fetch_spread_values', 'fetch_and_compute_spread_btc_mxn', 'scheduled__2024-07-14T10:43:00+00:00', '--job-id', '1380', '--raw', '--subdir', 'DAGS_FOLDER/***.py', '--cfg-path', '/tmp/tmp2y54mz4d']
[2024-07-14T10:48:21.575+0000] {standard_task_runner.py:91} INFO - Job 1380: Subtask fetch_and_compute_spread_btc_mxn
[2024-07-14T10:48:21.672+0000] {task_command.py:426} INFO - Running <TaskInstance: fetch_spread_values.fetch_and_compute_spread_btc_mxn scheduled__2024-07-14T10:43:00+00:00 [running]> on host d537c34a4880
[2024-07-14T10:48:21.895+0000] {taskinstance.py:2648} INFO - Exporting env vars: AIRFLOW_CTX_DAG_OWNER='***' AIRFLOW_CTX_DAG_ID='fetch_spread_values' AIRFLOW_CTX_TASK_ID='fetch_and_compute_spread_btc_mxn' AIRFLOW_CTX_EXECUTION_DATE='2024-07-14T10:43:00+00:00' AIRFLOW_CTX_TRY_NUMBER='1' AIRFLOW_CTX_DAG_RUN_ID='scheduled__2024-07-14T10:43:00+00:00'
[2024-07-14T10:48:21.903+0000] {taskinstance.py:430} INFO - ::endgroup::
[2024-07-14T10:48:22.119+0000] {python.py:237} INFO - Done. Returned value was: None
[2024-07-14T10:48:22.120+0000] {taskinstance.py:441} INFO - ::group::Post task execution logs
[2024-07-14T10:48:22.129+0000] {taskinstance.py:1206} INFO - Marking task as SUCCESS. dag_id=fetch_spread_values, task_id=fetch_and_compute_spread_btc_mxn, run_id=scheduled__2024-07-14T10:43:00+00:00, execution_date=20240714T104300, start_date=20240714T104821, end_date=20240714T104822
[2024-07-14T10:48:22.162+0000] {local_task_job_runner.py:240} INFO - Task exited with return code 0
[2024-07-14T10:48:22.181+0000] {taskinstance.py:3503} INFO - 0 downstream tasks scheduled from follow-on schedule check
[2024-07-14T10:48:22.186+0000] {local_task_job_runner.py:222} INFO - ::endgroup::
[2024-07-14T20:36:56.191+0000] {local_task_job_runner.py:120} INFO - ::group::Pre task execution logs
[2024-07-14T20:36:56.253+0000] {taskinstance.py:2076} INFO - Dependencies all met for dep_context=non-requeueable deps ti=<TaskInstance: fetch_spread_values.fetch_and_compute_spread_btc_mxn scheduled__2024-07-14T10:43:00+00:00 [queued]>
[2024-07-14T20:36:56.287+0000] {taskinstance.py:2076} INFO - Dependencies all met for dep_context=requeueable deps ti=<TaskInstance: fetch_spread_values.fetch_and_compute_spread_btc_mxn scheduled__2024-07-14T10:43:00+00:00 [queued]>
[2024-07-14T20:36:56.290+0000] {taskinstance.py:2306} INFO - Starting attempt 1 of 2
[2024-07-14T20:36:56.321+0000] {taskinstance.py:2330} INFO - Executing <Task(PythonOperator): fetch_and_compute_spread_btc_mxn> on 2024-07-14 10:43:00+00:00
[2024-07-14T20:36:56.334+0000] {logging_mixin.py:188} WARNING - /home/***/.local/lib/python3.12/site-packages/***/task/task_runner/standard_task_runner.py:61 DeprecationWarning: This process (pid=3050) is multi-threaded, use of fork() may lead to deadlocks in the child.
[2024-07-14T20:36:56.335+0000] {standard_task_runner.py:90} INFO - Running: ['***', 'tasks', 'run', 'fetch_spread_values', 'fetch_and_compute_spread_btc_mxn', 'scheduled__2024-07-14T10:43:00+00:00', '--job-id', '1415', '--raw', '--subdir', 'DAGS_FOLDER/***.py', '--cfg-path', '/tmp/tmp_mz5yerl']
[2024-07-14T20:36:56.343+0000] {standard_task_runner.py:91} INFO - Job 1415: Subtask fetch_and_compute_spread_btc_mxn
[2024-07-14T20:36:56.343+0000] {standard_task_runner.py:63} INFO - Started process 3061 to run task
[2024-07-14T20:36:56.451+0000] {task_command.py:426} INFO - Running <TaskInstance: fetch_spread_values.fetch_and_compute_spread_btc_mxn scheduled__2024-07-14T10:43:00+00:00 [running]> on host 77caf7e4b282
[2024-07-14T20:36:56.543+0000] {taskinstance.py:2648} INFO - Exporting env vars: AIRFLOW_CTX_DAG_OWNER='***' AIRFLOW_CTX_DAG_ID='fetch_spread_values' AIRFLOW_CTX_TASK_ID='fetch_and_compute_spread_btc_mxn' AIRFLOW_CTX_EXECUTION_DATE='2024-07-14T10:43:00+00:00' AIRFLOW_CTX_TRY_NUMBER='1' AIRFLOW_CTX_DAG_RUN_ID='scheduled__2024-07-14T10:43:00+00:00'
[2024-07-14T20:36:56.545+0000] {taskinstance.py:430} INFO - ::endgroup::
[2024-07-14T20:36:56.712+0000] {python.py:237} INFO - Done. Returned value was: None
[2024-07-14T20:36:56.713+0000] {taskinstance.py:441} INFO - ::group::Post task execution logs
[2024-07-14T20:36:56.720+0000] {taskinstance.py:1206} INFO - Marking task as SUCCESS. dag_id=fetch_spread_values, task_id=fetch_and_compute_spread_btc_mxn, run_id=scheduled__2024-07-14T10:43:00+00:00, execution_date=20240714T104300, start_date=20240714T203656, end_date=20240714T203656
[2024-07-14T20:36:56.738+0000] {local_task_job_runner.py:240} INFO - Task exited with return code 0
[2024-07-14T20:36:56.749+0000] {taskinstance.py:3503} INFO - 0 downstream tasks scheduled from follow-on schedule check
[2024-07-14T20:36:56.750+0000] {local_task_job_runner.py:222} INFO - ::endgroup::
