[2024-07-14T16:12:58.954+0000] {local_task_job_runner.py:120} INFO - ::group::Pre task execution logs
[2024-07-14T16:12:59.005+0000] {taskinstance.py:2076} INFO - Dependencies all met for dep_context=non-requeueable deps ti=<TaskInstance: fetch_spread_values.fetch_and_compute_spread_btc_mxn scheduled__2024-07-14T15:55:00+00:00 [queued]>
[2024-07-14T16:12:59.023+0000] {taskinstance.py:2076} INFO - Dependencies all met for dep_context=requeueable deps ti=<TaskInstance: fetch_spread_values.fetch_and_compute_spread_btc_mxn scheduled__2024-07-14T15:55:00+00:00 [queued]>
[2024-07-14T16:12:59.028+0000] {taskinstance.py:2306} INFO - Starting attempt 1 of 2
[2024-07-14T16:12:59.145+0000] {taskinstance.py:2330} INFO - Executing <Task(PythonOperator): fetch_and_compute_spread_btc_mxn> on 2024-07-14 15:55:00+00:00
[2024-07-14T16:12:59.162+0000] {warnings.py:112} WARNING - /home/***/.local/lib/python3.12/site-packages/***/task/task_runner/standard_task_runner.py:61: DeprecationWarning: This process (pid=6798) is multi-threaded, use of fork() may lead to deadlocks in the child.
  pid = os.fork()

[2024-07-14T16:12:59.164+0000] {standard_task_runner.py:63} INFO - Started process 6823 to run task
[2024-07-14T16:12:59.181+0000] {standard_task_runner.py:90} INFO - Running: ['***', 'tasks', 'run', 'fetch_spread_values', 'fetch_and_compute_spread_btc_mxn', 'scheduled__2024-07-14T15:55:00+00:00', '--job-id', '2047', '--raw', '--subdir', 'DAGS_FOLDER/***.py', '--cfg-path', '/tmp/tmpndy5ck63']
[2024-07-14T16:12:59.216+0000] {standard_task_runner.py:91} INFO - Job 2047: Subtask fetch_and_compute_spread_btc_mxn
[2024-07-14T16:12:59.400+0000] {task_command.py:426} INFO - Running <TaskInstance: fetch_spread_values.fetch_and_compute_spread_btc_mxn scheduled__2024-07-14T15:55:00+00:00 [running]> on host d537c34a4880
[2024-07-14T16:12:59.599+0000] {taskinstance.py:2648} INFO - Exporting env vars: AIRFLOW_CTX_DAG_OWNER='***' AIRFLOW_CTX_DAG_ID='fetch_spread_values' AIRFLOW_CTX_TASK_ID='fetch_and_compute_spread_btc_mxn' AIRFLOW_CTX_EXECUTION_DATE='2024-07-14T15:55:00+00:00' AIRFLOW_CTX_TRY_NUMBER='1' AIRFLOW_CTX_DAG_RUN_ID='scheduled__2024-07-14T15:55:00+00:00'
[2024-07-14T16:12:59.609+0000] {taskinstance.py:430} INFO - ::endgroup::
[2024-07-14T16:12:59.999+0000] {python.py:237} INFO - Done. Returned value was: None
[2024-07-14T16:13:00.028+0000] {taskinstance.py:441} INFO - ::group::Post task execution logs
[2024-07-14T16:13:00.060+0000] {taskinstance.py:1206} INFO - Marking task as SUCCESS. dag_id=fetch_spread_values, task_id=fetch_and_compute_spread_btc_mxn, run_id=scheduled__2024-07-14T15:55:00+00:00, execution_date=20240714T155500, start_date=20240714T161259, end_date=20240714T161300
[2024-07-14T16:13:00.154+0000] {local_task_job_runner.py:240} INFO - Task exited with return code 0
[2024-07-14T16:13:00.243+0000] {taskinstance.py:3503} INFO - 0 downstream tasks scheduled from follow-on schedule check
[2024-07-14T16:13:00.250+0000] {local_task_job_runner.py:222} INFO - ::endgroup::
[2024-07-14T20:38:49.725+0000] {local_task_job_runner.py:120} INFO - ::group::Pre task execution logs
[2024-07-14T20:38:49.782+0000] {taskinstance.py:2076} INFO - Dependencies all met for dep_context=non-requeueable deps ti=<TaskInstance: fetch_spread_values.fetch_and_compute_spread_btc_mxn scheduled__2024-07-14T15:55:00+00:00 [queued]>
[2024-07-14T20:38:49.795+0000] {taskinstance.py:2076} INFO - Dependencies all met for dep_context=requeueable deps ti=<TaskInstance: fetch_spread_values.fetch_and_compute_spread_btc_mxn scheduled__2024-07-14T15:55:00+00:00 [queued]>
[2024-07-14T20:38:49.795+0000] {taskinstance.py:2306} INFO - Starting attempt 1 of 2
[2024-07-14T20:38:49.807+0000] {taskinstance.py:2330} INFO - Executing <Task(PythonOperator): fetch_and_compute_spread_btc_mxn> on 2024-07-14 15:55:00+00:00
[2024-07-14T20:38:49.814+0000] {logging_mixin.py:188} WARNING - /home/***/.local/lib/python3.12/site-packages/***/task/task_runner/standard_task_runner.py:61 DeprecationWarning: This process (pid=4318) is multi-threaded, use of fork() may lead to deadlocks in the child.
[2024-07-14T20:38:49.815+0000] {standard_task_runner.py:90} INFO - Running: ['***', 'tasks', 'run', 'fetch_spread_values', 'fetch_and_compute_spread_btc_mxn', 'scheduled__2024-07-14T15:55:00+00:00', '--job-id', '2038', '--raw', '--subdir', 'DAGS_FOLDER/***.py', '--cfg-path', '/tmp/tmpumn9j684']
[2024-07-14T20:38:49.816+0000] {standard_task_runner.py:63} INFO - Started process 4327 to run task
[2024-07-14T20:38:49.817+0000] {standard_task_runner.py:91} INFO - Job 2038: Subtask fetch_and_compute_spread_btc_mxn
[2024-07-14T20:38:49.848+0000] {task_command.py:426} INFO - Running <TaskInstance: fetch_spread_values.fetch_and_compute_spread_btc_mxn scheduled__2024-07-14T15:55:00+00:00 [running]> on host 77caf7e4b282
[2024-07-14T20:38:49.901+0000] {taskinstance.py:2648} INFO - Exporting env vars: AIRFLOW_CTX_DAG_OWNER='***' AIRFLOW_CTX_DAG_ID='fetch_spread_values' AIRFLOW_CTX_TASK_ID='fetch_and_compute_spread_btc_mxn' AIRFLOW_CTX_EXECUTION_DATE='2024-07-14T15:55:00+00:00' AIRFLOW_CTX_TRY_NUMBER='1' AIRFLOW_CTX_DAG_RUN_ID='scheduled__2024-07-14T15:55:00+00:00'
[2024-07-14T20:38:49.902+0000] {taskinstance.py:430} INFO - ::endgroup::
[2024-07-14T20:38:50.074+0000] {python.py:237} INFO - Done. Returned value was: None
[2024-07-14T20:38:50.075+0000] {taskinstance.py:441} INFO - ::group::Post task execution logs
[2024-07-14T20:38:50.081+0000] {taskinstance.py:1206} INFO - Marking task as SUCCESS. dag_id=fetch_spread_values, task_id=fetch_and_compute_spread_btc_mxn, run_id=scheduled__2024-07-14T15:55:00+00:00, execution_date=20240714T155500, start_date=20240714T203849, end_date=20240714T203850
[2024-07-14T20:38:50.124+0000] {local_task_job_runner.py:240} INFO - Task exited with return code 0
[2024-07-14T20:38:50.135+0000] {taskinstance.py:3503} INFO - 0 downstream tasks scheduled from follow-on schedule check
[2024-07-14T20:38:50.136+0000] {local_task_job_runner.py:222} INFO - ::endgroup::
