[2024-07-14T18:40:01.337+0000] {local_task_job_runner.py:120} INFO - ::group::Pre task execution logs
[2024-07-14T18:40:01.347+0000] {taskinstance.py:2076} INFO - Dependencies all met for dep_context=non-requeueable deps ti=<TaskInstance: fetch_spread_values.fetch_and_compute_spread_btc_mxn scheduled__2024-07-14T18:39:00+00:00 [queued]>
[2024-07-14T18:40:01.351+0000] {taskinstance.py:2076} INFO - Dependencies all met for dep_context=requeueable deps ti=<TaskInstance: fetch_spread_values.fetch_and_compute_spread_btc_mxn scheduled__2024-07-14T18:39:00+00:00 [queued]>
[2024-07-14T18:40:01.351+0000] {taskinstance.py:2306} INFO - Starting attempt 1 of 2
[2024-07-14T18:40:01.359+0000] {taskinstance.py:2330} INFO - Executing <Task(PythonOperator): fetch_and_compute_spread_btc_mxn> on 2024-07-14 18:39:00+00:00
[2024-07-14T18:40:01.362+0000] {warnings.py:112} WARNING - /home/***/.local/lib/python3.12/site-packages/***/task/task_runner/standard_task_runner.py:61: DeprecationWarning: This process (pid=7972) is multi-threaded, use of fork() may lead to deadlocks in the child.
  pid = os.fork()

[2024-07-14T18:40:01.363+0000] {standard_task_runner.py:63} INFO - Started process 7979 to run task
[2024-07-14T18:40:01.363+0000] {standard_task_runner.py:90} INFO - Running: ['***', 'tasks', 'run', 'fetch_spread_values', 'fetch_and_compute_spread_btc_mxn', 'scheduled__2024-07-14T18:39:00+00:00', '--job-id', '2393', '--raw', '--subdir', 'DAGS_FOLDER/***.py', '--cfg-path', '/tmp/tmp09r9c_wv']
[2024-07-14T18:40:01.365+0000] {standard_task_runner.py:91} INFO - Job 2393: Subtask fetch_and_compute_spread_btc_mxn
[2024-07-14T18:40:01.392+0000] {task_command.py:426} INFO - Running <TaskInstance: fetch_spread_values.fetch_and_compute_spread_btc_mxn scheduled__2024-07-14T18:39:00+00:00 [running]> on host d537c34a4880
[2024-07-14T18:40:01.450+0000] {taskinstance.py:2648} INFO - Exporting env vars: AIRFLOW_CTX_DAG_OWNER='***' AIRFLOW_CTX_DAG_ID='fetch_spread_values' AIRFLOW_CTX_TASK_ID='fetch_and_compute_spread_btc_mxn' AIRFLOW_CTX_EXECUTION_DATE='2024-07-14T18:39:00+00:00' AIRFLOW_CTX_TRY_NUMBER='1' AIRFLOW_CTX_DAG_RUN_ID='scheduled__2024-07-14T18:39:00+00:00'
[2024-07-14T18:40:01.454+0000] {taskinstance.py:430} INFO - ::endgroup::
[2024-07-14T18:40:01.614+0000] {python.py:237} INFO - Done. Returned value was: None
[2024-07-14T18:40:01.615+0000] {taskinstance.py:441} INFO - ::group::Post task execution logs
[2024-07-14T18:40:01.622+0000] {taskinstance.py:1206} INFO - Marking task as SUCCESS. dag_id=fetch_spread_values, task_id=fetch_and_compute_spread_btc_mxn, run_id=scheduled__2024-07-14T18:39:00+00:00, execution_date=20240714T183900, start_date=20240714T184001, end_date=20240714T184001
[2024-07-14T18:40:01.633+0000] {local_task_job_runner.py:240} INFO - Task exited with return code 0
[2024-07-14T18:40:01.643+0000] {taskinstance.py:3503} INFO - 0 downstream tasks scheduled from follow-on schedule check
[2024-07-14T18:40:01.644+0000] {local_task_job_runner.py:222} INFO - ::endgroup::
[2024-07-14T20:39:48.358+0000] {local_task_job_runner.py:120} INFO - ::group::Pre task execution logs
[2024-07-14T20:39:48.395+0000] {taskinstance.py:2076} INFO - Dependencies all met for dep_context=non-requeueable deps ti=<TaskInstance: fetch_spread_values.fetch_and_compute_spread_btc_mxn scheduled__2024-07-14T18:39:00+00:00 [queued]>
[2024-07-14T20:39:48.406+0000] {taskinstance.py:2076} INFO - Dependencies all met for dep_context=requeueable deps ti=<TaskInstance: fetch_spread_values.fetch_and_compute_spread_btc_mxn scheduled__2024-07-14T18:39:00+00:00 [queued]>
[2024-07-14T20:39:48.407+0000] {taskinstance.py:2306} INFO - Starting attempt 1 of 2
[2024-07-14T20:39:48.421+0000] {taskinstance.py:2330} INFO - Executing <Task(PythonOperator): fetch_and_compute_spread_btc_mxn> on 2024-07-14 18:39:00+00:00
[2024-07-14T20:39:48.432+0000] {standard_task_runner.py:90} INFO - Running: ['***', 'tasks', 'run', 'fetch_spread_values', 'fetch_and_compute_spread_btc_mxn', 'scheduled__2024-07-14T18:39:00+00:00', '--job-id', '2367', '--raw', '--subdir', 'DAGS_FOLDER/***.py', '--cfg-path', '/tmp/tmpo9tyj0i7']
[2024-07-14T20:39:48.436+0000] {standard_task_runner.py:91} INFO - Job 2367: Subtask fetch_and_compute_spread_btc_mxn
[2024-07-14T20:39:48.434+0000] {logging_mixin.py:188} WARNING - /home/***/.local/lib/python3.12/site-packages/***/task/task_runner/standard_task_runner.py:61 DeprecationWarning: This process (pid=4978) is multi-threaded, use of fork() may lead to deadlocks in the child.
[2024-07-14T20:39:48.443+0000] {standard_task_runner.py:63} INFO - Started process 4989 to run task
[2024-07-14T20:39:48.535+0000] {task_command.py:426} INFO - Running <TaskInstance: fetch_spread_values.fetch_and_compute_spread_btc_mxn scheduled__2024-07-14T18:39:00+00:00 [running]> on host 77caf7e4b282
[2024-07-14T20:39:48.655+0000] {taskinstance.py:2648} INFO - Exporting env vars: AIRFLOW_CTX_DAG_OWNER='***' AIRFLOW_CTX_DAG_ID='fetch_spread_values' AIRFLOW_CTX_TASK_ID='fetch_and_compute_spread_btc_mxn' AIRFLOW_CTX_EXECUTION_DATE='2024-07-14T18:39:00+00:00' AIRFLOW_CTX_TRY_NUMBER='1' AIRFLOW_CTX_DAG_RUN_ID='scheduled__2024-07-14T18:39:00+00:00'
[2024-07-14T20:39:48.660+0000] {taskinstance.py:430} INFO - ::endgroup::
[2024-07-14T20:39:48.935+0000] {python.py:237} INFO - Done. Returned value was: None
[2024-07-14T20:39:48.935+0000] {taskinstance.py:441} INFO - ::group::Post task execution logs
[2024-07-14T20:39:48.942+0000] {taskinstance.py:1206} INFO - Marking task as SUCCESS. dag_id=fetch_spread_values, task_id=fetch_and_compute_spread_btc_mxn, run_id=scheduled__2024-07-14T18:39:00+00:00, execution_date=20240714T183900, start_date=20240714T203948, end_date=20240714T203948
[2024-07-14T20:39:48.961+0000] {local_task_job_runner.py:240} INFO - Task exited with return code 0
[2024-07-14T20:39:48.972+0000] {taskinstance.py:3503} INFO - 0 downstream tasks scheduled from follow-on schedule check
[2024-07-14T20:39:48.973+0000] {local_task_job_runner.py:222} INFO - ::endgroup::
