[2024-07-14T09:00:43.474+0000] {local_task_job_runner.py:120} INFO - ::group::Pre task execution logs
[2024-07-14T09:00:43.500+0000] {taskinstance.py:2076} INFO - Dependencies all met for dep_context=non-requeueable deps ti=<TaskInstance: fetch_spread_values.fetch_and_compute_spread_btc_mxn scheduled__2024-07-14T04:10:00+00:00 [queued]>
[2024-07-14T09:00:43.513+0000] {taskinstance.py:2076} INFO - Dependencies all met for dep_context=requeueable deps ti=<TaskInstance: fetch_spread_values.fetch_and_compute_spread_btc_mxn scheduled__2024-07-14T04:10:00+00:00 [queued]>
[2024-07-14T09:00:43.513+0000] {taskinstance.py:2306} INFO - Starting attempt 1 of 2
[2024-07-14T09:00:43.534+0000] {taskinstance.py:2330} INFO - Executing <Task(PythonOperator): fetch_and_compute_spread_btc_mxn> on 2024-07-14 04:10:00+00:00
[2024-07-14T09:00:43.547+0000] {warnings.py:112} WARNING - /home/***/.local/lib/python3.12/site-packages/***/task/task_runner/standard_task_runner.py:61: DeprecationWarning: This process (pid=1652) is multi-threaded, use of fork() may lead to deadlocks in the child.
  pid = os.fork()

[2024-07-14T09:00:43.550+0000] {standard_task_runner.py:63} INFO - Started process 1675 to run task
[2024-07-14T09:00:43.550+0000] {standard_task_runner.py:90} INFO - Running: ['***', 'tasks', 'run', 'fetch_spread_values', 'fetch_and_compute_spread_btc_mxn', 'scheduled__2024-07-14T04:10:00+00:00', '--job-id', '528', '--raw', '--subdir', 'DAGS_FOLDER/***.py', '--cfg-path', '/tmp/tmpo3ohub1z']
[2024-07-14T09:00:43.558+0000] {standard_task_runner.py:91} INFO - Job 528: Subtask fetch_and_compute_spread_btc_mxn
[2024-07-14T09:00:43.604+0000] {task_command.py:426} INFO - Running <TaskInstance: fetch_spread_values.fetch_and_compute_spread_btc_mxn scheduled__2024-07-14T04:10:00+00:00 [running]> on host d537c34a4880
[2024-07-14T09:00:43.706+0000] {taskinstance.py:2648} INFO - Exporting env vars: AIRFLOW_CTX_DAG_OWNER='***' AIRFLOW_CTX_DAG_ID='fetch_spread_values' AIRFLOW_CTX_TASK_ID='fetch_and_compute_spread_btc_mxn' AIRFLOW_CTX_EXECUTION_DATE='2024-07-14T04:10:00+00:00' AIRFLOW_CTX_TRY_NUMBER='1' AIRFLOW_CTX_DAG_RUN_ID='scheduled__2024-07-14T04:10:00+00:00'
[2024-07-14T09:00:43.708+0000] {taskinstance.py:430} INFO - ::endgroup::
[2024-07-14T09:00:43.897+0000] {python.py:237} INFO - Done. Returned value was: None
[2024-07-14T09:00:43.899+0000] {taskinstance.py:441} INFO - ::group::Post task execution logs
[2024-07-14T09:00:43.911+0000] {taskinstance.py:1206} INFO - Marking task as SUCCESS. dag_id=fetch_spread_values, task_id=fetch_and_compute_spread_btc_mxn, run_id=scheduled__2024-07-14T04:10:00+00:00, execution_date=20240714T041000, start_date=20240714T090043, end_date=20240714T090043
[2024-07-14T09:00:43.955+0000] {local_task_job_runner.py:240} INFO - Task exited with return code 0
[2024-07-14T09:00:43.985+0000] {taskinstance.py:3503} INFO - 0 downstream tasks scheduled from follow-on schedule check
[2024-07-14T09:00:44.006+0000] {local_task_job_runner.py:222} INFO - ::endgroup::
[2024-07-14T20:33:54.689+0000] {local_task_job_runner.py:120} INFO - ::group::Pre task execution logs
[2024-07-14T20:33:54.764+0000] {taskinstance.py:2076} INFO - Dependencies all met for dep_context=non-requeueable deps ti=<TaskInstance: fetch_spread_values.fetch_and_compute_spread_btc_mxn scheduled__2024-07-14T04:10:00+00:00 [queued]>
[2024-07-14T20:33:54.776+0000] {taskinstance.py:2076} INFO - Dependencies all met for dep_context=requeueable deps ti=<TaskInstance: fetch_spread_values.fetch_and_compute_spread_btc_mxn scheduled__2024-07-14T04:10:00+00:00 [queued]>
[2024-07-14T20:33:54.780+0000] {taskinstance.py:2306} INFO - Starting attempt 1 of 2
[2024-07-14T20:33:54.861+0000] {taskinstance.py:2330} INFO - Executing <Task(PythonOperator): fetch_and_compute_spread_btc_mxn> on 2024-07-14 04:10:00+00:00
[2024-07-14T20:33:54.873+0000] {logging_mixin.py:188} WARNING - /home/***/.local/lib/python3.12/site-packages/***/task/task_runner/standard_task_runner.py:61 DeprecationWarning: This process (pid=1201) is multi-threaded, use of fork() may lead to deadlocks in the child.
[2024-07-14T20:33:54.876+0000] {standard_task_runner.py:63} INFO - Started process 1216 to run task
[2024-07-14T20:33:54.875+0000] {standard_task_runner.py:90} INFO - Running: ['***', 'tasks', 'run', 'fetch_spread_values', 'fetch_and_compute_spread_btc_mxn', 'scheduled__2024-07-14T04:10:00+00:00', '--job-id', '506', '--raw', '--subdir', 'DAGS_FOLDER/***.py', '--cfg-path', '/tmp/tmpj2wc5aj5']
[2024-07-14T20:33:54.882+0000] {standard_task_runner.py:91} INFO - Job 506: Subtask fetch_and_compute_spread_btc_mxn
[2024-07-14T20:33:54.986+0000] {task_command.py:426} INFO - Running <TaskInstance: fetch_spread_values.fetch_and_compute_spread_btc_mxn scheduled__2024-07-14T04:10:00+00:00 [running]> on host 77caf7e4b282
[2024-07-14T20:33:55.108+0000] {taskinstance.py:2648} INFO - Exporting env vars: AIRFLOW_CTX_DAG_OWNER='***' AIRFLOW_CTX_DAG_ID='fetch_spread_values' AIRFLOW_CTX_TASK_ID='fetch_and_compute_spread_btc_mxn' AIRFLOW_CTX_EXECUTION_DATE='2024-07-14T04:10:00+00:00' AIRFLOW_CTX_TRY_NUMBER='1' AIRFLOW_CTX_DAG_RUN_ID='scheduled__2024-07-14T04:10:00+00:00'
[2024-07-14T20:33:55.110+0000] {taskinstance.py:430} INFO - ::endgroup::
[2024-07-14T20:33:55.354+0000] {python.py:237} INFO - Done. Returned value was: None
[2024-07-14T20:33:55.356+0000] {taskinstance.py:441} INFO - ::group::Post task execution logs
[2024-07-14T20:33:55.363+0000] {taskinstance.py:1206} INFO - Marking task as SUCCESS. dag_id=fetch_spread_values, task_id=fetch_and_compute_spread_btc_mxn, run_id=scheduled__2024-07-14T04:10:00+00:00, execution_date=20240714T041000, start_date=20240714T203354, end_date=20240714T203355
[2024-07-14T20:33:55.391+0000] {local_task_job_runner.py:240} INFO - Task exited with return code 0
[2024-07-14T20:33:55.402+0000] {taskinstance.py:3503} INFO - 0 downstream tasks scheduled from follow-on schedule check
[2024-07-14T20:33:55.403+0000] {local_task_job_runner.py:222} INFO - ::endgroup::
