[2024-07-14T08:58:46.340+0000] {local_task_job_runner.py:120} INFO - ::group::Pre task execution logs
[2024-07-14T08:58:46.387+0000] {taskinstance.py:2076} INFO - Dependencies all met for dep_context=non-requeueable deps ti=<TaskInstance: fetch_spread_values.fetch_and_compute_spread_usd_mxn scheduled__2024-07-14T02:11:00+00:00 [queued]>
[2024-07-14T08:58:46.394+0000] {taskinstance.py:2076} INFO - Dependencies all met for dep_context=requeueable deps ti=<TaskInstance: fetch_spread_values.fetch_and_compute_spread_usd_mxn scheduled__2024-07-14T02:11:00+00:00 [queued]>
[2024-07-14T08:58:46.398+0000] {taskinstance.py:2306} INFO - Starting attempt 1 of 2
[2024-07-14T08:58:46.427+0000] {taskinstance.py:2330} INFO - Executing <Task(PythonOperator): fetch_and_compute_spread_usd_mxn> on 2024-07-14 02:11:00+00:00
[2024-07-14T08:58:46.439+0000] {warnings.py:112} WARNING - /home/***/.local/lib/python3.12/site-packages/***/task/task_runner/standard_task_runner.py:61: DeprecationWarning: This process (pid=912) is multi-threaded, use of fork() may lead to deadlocks in the child.
  pid = os.fork()

[2024-07-14T08:58:46.444+0000] {standard_task_runner.py:63} INFO - Started process 945 to run task
[2024-07-14T08:58:46.444+0000] {standard_task_runner.py:90} INFO - Running: ['***', 'tasks', 'run', 'fetch_spread_values', 'fetch_and_compute_spread_usd_mxn', 'scheduled__2024-07-14T02:11:00+00:00', '--job-id', '291', '--raw', '--subdir', 'DAGS_FOLDER/***.py', '--cfg-path', '/tmp/tmpe4o3fzht']
[2024-07-14T08:58:46.446+0000] {standard_task_runner.py:91} INFO - Job 291: Subtask fetch_and_compute_spread_usd_mxn
[2024-07-14T08:58:46.587+0000] {task_command.py:426} INFO - Running <TaskInstance: fetch_spread_values.fetch_and_compute_spread_usd_mxn scheduled__2024-07-14T02:11:00+00:00 [running]> on host d537c34a4880
[2024-07-14T08:58:46.697+0000] {taskinstance.py:2648} INFO - Exporting env vars: AIRFLOW_CTX_DAG_OWNER='***' AIRFLOW_CTX_DAG_ID='fetch_spread_values' AIRFLOW_CTX_TASK_ID='fetch_and_compute_spread_usd_mxn' AIRFLOW_CTX_EXECUTION_DATE='2024-07-14T02:11:00+00:00' AIRFLOW_CTX_TRY_NUMBER='1' AIRFLOW_CTX_DAG_RUN_ID='scheduled__2024-07-14T02:11:00+00:00'
[2024-07-14T08:58:46.699+0000] {taskinstance.py:430} INFO - ::endgroup::
[2024-07-14T08:58:46.861+0000] {python.py:237} INFO - Done. Returned value was: None
[2024-07-14T08:58:46.866+0000] {taskinstance.py:441} INFO - ::group::Post task execution logs
[2024-07-14T08:58:46.875+0000] {taskinstance.py:1206} INFO - Marking task as SUCCESS. dag_id=fetch_spread_values, task_id=fetch_and_compute_spread_usd_mxn, run_id=scheduled__2024-07-14T02:11:00+00:00, execution_date=20240714T021100, start_date=20240714T085846, end_date=20240714T085846
[2024-07-14T08:58:46.898+0000] {local_task_job_runner.py:240} INFO - Task exited with return code 0
[2024-07-14T08:58:46.913+0000] {taskinstance.py:3503} INFO - 0 downstream tasks scheduled from follow-on schedule check
[2024-07-14T08:58:46.914+0000] {local_task_job_runner.py:222} INFO - ::endgroup::
[2024-07-14T20:33:15.189+0000] {local_task_job_runner.py:120} INFO - ::group::Pre task execution logs
[2024-07-14T20:33:15.207+0000] {taskinstance.py:2076} INFO - Dependencies all met for dep_context=non-requeueable deps ti=<TaskInstance: fetch_spread_values.fetch_and_compute_spread_usd_mxn scheduled__2024-07-14T02:11:00+00:00 [queued]>
[2024-07-14T20:33:15.212+0000] {taskinstance.py:2076} INFO - Dependencies all met for dep_context=requeueable deps ti=<TaskInstance: fetch_spread_values.fetch_and_compute_spread_usd_mxn scheduled__2024-07-14T02:11:00+00:00 [queued]>
[2024-07-14T20:33:15.212+0000] {taskinstance.py:2306} INFO - Starting attempt 1 of 2
[2024-07-14T20:33:15.218+0000] {taskinstance.py:2330} INFO - Executing <Task(PythonOperator): fetch_and_compute_spread_usd_mxn> on 2024-07-14 02:11:00+00:00
[2024-07-14T20:33:15.222+0000] {logging_mixin.py:188} WARNING - /home/***/.local/lib/python3.12/site-packages/***/task/task_runner/standard_task_runner.py:61 DeprecationWarning: This process (pid=722) is multi-threaded, use of fork() may lead to deadlocks in the child.
[2024-07-14T20:33:15.223+0000] {standard_task_runner.py:63} INFO - Started process 723 to run task
[2024-07-14T20:33:15.222+0000] {standard_task_runner.py:90} INFO - Running: ['***', 'tasks', 'run', 'fetch_spread_values', 'fetch_and_compute_spread_usd_mxn', 'scheduled__2024-07-14T02:11:00+00:00', '--job-id', '267', '--raw', '--subdir', 'DAGS_FOLDER/***.py', '--cfg-path', '/tmp/tmpuip7p26i']
[2024-07-14T20:33:15.223+0000] {standard_task_runner.py:91} INFO - Job 267: Subtask fetch_and_compute_spread_usd_mxn
[2024-07-14T20:33:15.252+0000] {task_command.py:426} INFO - Running <TaskInstance: fetch_spread_values.fetch_and_compute_spread_usd_mxn scheduled__2024-07-14T02:11:00+00:00 [running]> on host 77caf7e4b282
[2024-07-14T20:33:15.301+0000] {taskinstance.py:2648} INFO - Exporting env vars: AIRFLOW_CTX_DAG_OWNER='***' AIRFLOW_CTX_DAG_ID='fetch_spread_values' AIRFLOW_CTX_TASK_ID='fetch_and_compute_spread_usd_mxn' AIRFLOW_CTX_EXECUTION_DATE='2024-07-14T02:11:00+00:00' AIRFLOW_CTX_TRY_NUMBER='1' AIRFLOW_CTX_DAG_RUN_ID='scheduled__2024-07-14T02:11:00+00:00'
[2024-07-14T20:33:15.302+0000] {taskinstance.py:430} INFO - ::endgroup::
[2024-07-14T20:33:15.482+0000] {python.py:237} INFO - Done. Returned value was: None
[2024-07-14T20:33:15.483+0000] {taskinstance.py:441} INFO - ::group::Post task execution logs
[2024-07-14T20:33:15.491+0000] {taskinstance.py:1206} INFO - Marking task as SUCCESS. dag_id=fetch_spread_values, task_id=fetch_and_compute_spread_usd_mxn, run_id=scheduled__2024-07-14T02:11:00+00:00, execution_date=20240714T021100, start_date=20240714T203315, end_date=20240714T203315
[2024-07-14T20:33:15.529+0000] {local_task_job_runner.py:240} INFO - Task exited with return code 0
[2024-07-14T20:33:15.540+0000] {local_task_job_runner.py:222} INFO - ::endgroup::
