[2024-07-14T09:02:40.443+0000] {local_task_job_runner.py:120} INFO - ::group::Pre task execution logs
[2024-07-14T09:02:40.524+0000] {taskinstance.py:2076} INFO - Dependencies all met for dep_context=non-requeueable deps ti=<TaskInstance: fetch_spread_values.fetch_and_compute_spread_btc_mxn scheduled__2024-07-14T06:25:00+00:00 [queued]>
[2024-07-14T09:02:40.564+0000] {taskinstance.py:2076} INFO - Dependencies all met for dep_context=requeueable deps ti=<TaskInstance: fetch_spread_values.fetch_and_compute_spread_btc_mxn scheduled__2024-07-14T06:25:00+00:00 [queued]>
[2024-07-14T09:02:40.573+0000] {taskinstance.py:2306} INFO - Starting attempt 1 of 2
[2024-07-14T09:02:40.714+0000] {taskinstance.py:2330} INFO - Executing <Task(PythonOperator): fetch_and_compute_spread_btc_mxn> on 2024-07-14 06:25:00+00:00
[2024-07-14T09:02:40.749+0000] {standard_task_runner.py:90} INFO - Running: ['***', 'tasks', 'run', 'fetch_spread_values', 'fetch_and_compute_spread_btc_mxn', 'scheduled__2024-07-14T06:25:00+00:00', '--job-id', '800', '--raw', '--subdir', 'DAGS_FOLDER/***.py', '--cfg-path', '/tmp/tmpqfjpzos1']
[2024-07-14T09:02:40.752+0000] {standard_task_runner.py:91} INFO - Job 800: Subtask fetch_and_compute_spread_btc_mxn
[2024-07-14T09:02:40.748+0000] {warnings.py:112} WARNING - /home/***/.local/lib/python3.12/site-packages/***/task/task_runner/standard_task_runner.py:61: DeprecationWarning: This process (pid=2497) is multi-threaded, use of fork() may lead to deadlocks in the child.
  pid = os.fork()

[2024-07-14T09:02:40.768+0000] {standard_task_runner.py:63} INFO - Started process 2531 to run task
[2024-07-14T09:02:40.975+0000] {task_command.py:426} INFO - Running <TaskInstance: fetch_spread_values.fetch_and_compute_spread_btc_mxn scheduled__2024-07-14T06:25:00+00:00 [running]> on host d537c34a4880
[2024-07-14T09:02:41.325+0000] {taskinstance.py:2648} INFO - Exporting env vars: AIRFLOW_CTX_DAG_OWNER='***' AIRFLOW_CTX_DAG_ID='fetch_spread_values' AIRFLOW_CTX_TASK_ID='fetch_and_compute_spread_btc_mxn' AIRFLOW_CTX_EXECUTION_DATE='2024-07-14T06:25:00+00:00' AIRFLOW_CTX_TRY_NUMBER='1' AIRFLOW_CTX_DAG_RUN_ID='scheduled__2024-07-14T06:25:00+00:00'
[2024-07-14T09:02:41.329+0000] {taskinstance.py:430} INFO - ::endgroup::
[2024-07-14T09:02:41.687+0000] {python.py:237} INFO - Done. Returned value was: None
[2024-07-14T09:02:41.698+0000] {taskinstance.py:441} INFO - ::group::Post task execution logs
[2024-07-14T09:02:41.743+0000] {taskinstance.py:1206} INFO - Marking task as SUCCESS. dag_id=fetch_spread_values, task_id=fetch_and_compute_spread_btc_mxn, run_id=scheduled__2024-07-14T06:25:00+00:00, execution_date=20240714T062500, start_date=20240714T090240, end_date=20240714T090241
[2024-07-14T09:02:41.848+0000] {local_task_job_runner.py:240} INFO - Task exited with return code 0
[2024-07-14T09:02:41.925+0000] {taskinstance.py:3503} INFO - 0 downstream tasks scheduled from follow-on schedule check
[2024-07-14T09:02:41.953+0000] {local_task_job_runner.py:222} INFO - ::endgroup::
[2024-07-14T20:34:56.434+0000] {local_task_job_runner.py:120} INFO - ::group::Pre task execution logs
[2024-07-14T20:34:56.515+0000] {taskinstance.py:2076} INFO - Dependencies all met for dep_context=non-requeueable deps ti=<TaskInstance: fetch_spread_values.fetch_and_compute_spread_btc_mxn scheduled__2024-07-14T06:25:00+00:00 [queued]>
[2024-07-14T20:34:56.525+0000] {taskinstance.py:2076} INFO - Dependencies all met for dep_context=requeueable deps ti=<TaskInstance: fetch_spread_values.fetch_and_compute_spread_btc_mxn scheduled__2024-07-14T06:25:00+00:00 [queued]>
[2024-07-14T20:34:56.526+0000] {taskinstance.py:2306} INFO - Starting attempt 1 of 2
[2024-07-14T20:34:56.543+0000] {taskinstance.py:2330} INFO - Executing <Task(PythonOperator): fetch_and_compute_spread_btc_mxn> on 2024-07-14 06:25:00+00:00
[2024-07-14T20:34:56.558+0000] {standard_task_runner.py:90} INFO - Running: ['***', 'tasks', 'run', 'fetch_spread_values', 'fetch_and_compute_spread_btc_mxn', 'scheduled__2024-07-14T06:25:00+00:00', '--job-id', '817', '--raw', '--subdir', 'DAGS_FOLDER/***.py', '--cfg-path', '/tmp/tmpxxwjxxc_']
[2024-07-14T20:34:56.571+0000] {standard_task_runner.py:91} INFO - Job 817: Subtask fetch_and_compute_spread_btc_mxn
[2024-07-14T20:34:56.559+0000] {logging_mixin.py:188} WARNING - /home/***/.local/lib/python3.12/site-packages/***/task/task_runner/standard_task_runner.py:61 DeprecationWarning: This process (pid=1836) is multi-threaded, use of fork() may lead to deadlocks in the child.
[2024-07-14T20:34:56.578+0000] {standard_task_runner.py:63} INFO - Started process 1851 to run task
[2024-07-14T20:34:56.638+0000] {task_command.py:426} INFO - Running <TaskInstance: fetch_spread_values.fetch_and_compute_spread_btc_mxn scheduled__2024-07-14T06:25:00+00:00 [running]> on host 77caf7e4b282
[2024-07-14T20:34:56.750+0000] {taskinstance.py:2648} INFO - Exporting env vars: AIRFLOW_CTX_DAG_OWNER='***' AIRFLOW_CTX_DAG_ID='fetch_spread_values' AIRFLOW_CTX_TASK_ID='fetch_and_compute_spread_btc_mxn' AIRFLOW_CTX_EXECUTION_DATE='2024-07-14T06:25:00+00:00' AIRFLOW_CTX_TRY_NUMBER='1' AIRFLOW_CTX_DAG_RUN_ID='scheduled__2024-07-14T06:25:00+00:00'
[2024-07-14T20:34:56.755+0000] {taskinstance.py:430} INFO - ::endgroup::
[2024-07-14T20:34:56.987+0000] {python.py:237} INFO - Done. Returned value was: None
[2024-07-14T20:34:56.988+0000] {taskinstance.py:441} INFO - ::group::Post task execution logs
[2024-07-14T20:34:56.997+0000] {taskinstance.py:1206} INFO - Marking task as SUCCESS. dag_id=fetch_spread_values, task_id=fetch_and_compute_spread_btc_mxn, run_id=scheduled__2024-07-14T06:25:00+00:00, execution_date=20240714T062500, start_date=20240714T203456, end_date=20240714T203456
[2024-07-14T20:34:57.027+0000] {local_task_job_runner.py:240} INFO - Task exited with return code 0
[2024-07-14T20:34:57.036+0000] {taskinstance.py:3503} INFO - 0 downstream tasks scheduled from follow-on schedule check
[2024-07-14T20:34:57.037+0000] {local_task_job_runner.py:222} INFO - ::endgroup::
