[2024-07-14T09:02:27.740+0000] {local_task_job_runner.py:120} INFO - ::group::Pre task execution logs
[2024-07-14T09:02:27.873+0000] {taskinstance.py:2076} INFO - Dependencies all met for dep_context=non-requeueable deps ti=<TaskInstance: fetch_spread_values.fetch_and_compute_spread_usd_mxn scheduled__2024-07-14T06:12:00+00:00 [queued]>
[2024-07-14T09:02:27.893+0000] {taskinstance.py:2076} INFO - Dependencies all met for dep_context=requeueable deps ti=<TaskInstance: fetch_spread_values.fetch_and_compute_spread_usd_mxn scheduled__2024-07-14T06:12:00+00:00 [queued]>
[2024-07-14T09:02:27.905+0000] {taskinstance.py:2306} INFO - Starting attempt 1 of 2
[2024-07-14T09:02:27.965+0000] {taskinstance.py:2330} INFO - Executing <Task(PythonOperator): fetch_and_compute_spread_usd_mxn> on 2024-07-14 06:12:00+00:00
[2024-07-14T09:02:27.994+0000] {warnings.py:112} WARNING - /home/***/.local/lib/python3.12/site-packages/***/task/task_runner/standard_task_runner.py:61: DeprecationWarning: This process (pid=2420) is multi-threaded, use of fork() may lead to deadlocks in the child.
  pid = os.fork()

[2024-07-14T09:02:28.004+0000] {standard_task_runner.py:63} INFO - Started process 2439 to run task
[2024-07-14T09:02:27.987+0000] {standard_task_runner.py:90} INFO - Running: ['***', 'tasks', 'run', 'fetch_spread_values', 'fetch_and_compute_spread_usd_mxn', 'scheduled__2024-07-14T06:12:00+00:00', '--job-id', '774', '--raw', '--subdir', 'DAGS_FOLDER/***.py', '--cfg-path', '/tmp/tmph71qpn56']
[2024-07-14T09:02:28.021+0000] {standard_task_runner.py:91} INFO - Job 774: Subtask fetch_and_compute_spread_usd_mxn
[2024-07-14T09:02:28.210+0000] {task_command.py:426} INFO - Running <TaskInstance: fetch_spread_values.fetch_and_compute_spread_usd_mxn scheduled__2024-07-14T06:12:00+00:00 [running]> on host d537c34a4880
[2024-07-14T09:02:28.483+0000] {taskinstance.py:2648} INFO - Exporting env vars: AIRFLOW_CTX_DAG_OWNER='***' AIRFLOW_CTX_DAG_ID='fetch_spread_values' AIRFLOW_CTX_TASK_ID='fetch_and_compute_spread_usd_mxn' AIRFLOW_CTX_EXECUTION_DATE='2024-07-14T06:12:00+00:00' AIRFLOW_CTX_TRY_NUMBER='1' AIRFLOW_CTX_DAG_RUN_ID='scheduled__2024-07-14T06:12:00+00:00'
[2024-07-14T09:02:28.498+0000] {taskinstance.py:430} INFO - ::endgroup::
[2024-07-14T09:02:28.999+0000] {python.py:237} INFO - Done. Returned value was: None
[2024-07-14T09:02:29.035+0000] {taskinstance.py:441} INFO - ::group::Post task execution logs
[2024-07-14T09:02:29.071+0000] {taskinstance.py:1206} INFO - Marking task as SUCCESS. dag_id=fetch_spread_values, task_id=fetch_and_compute_spread_usd_mxn, run_id=scheduled__2024-07-14T06:12:00+00:00, execution_date=20240714T061200, start_date=20240714T090227, end_date=20240714T090229
[2024-07-14T09:02:29.215+0000] {local_task_job_runner.py:240} INFO - Task exited with return code 0
[2024-07-14T09:02:29.304+0000] {taskinstance.py:3503} INFO - 0 downstream tasks scheduled from follow-on schedule check
[2024-07-14T09:02:29.315+0000] {local_task_job_runner.py:222} INFO - ::endgroup::
[2024-07-14T20:34:45.912+0000] {local_task_job_runner.py:120} INFO - ::group::Pre task execution logs
[2024-07-14T20:34:45.963+0000] {taskinstance.py:2076} INFO - Dependencies all met for dep_context=non-requeueable deps ti=<TaskInstance: fetch_spread_values.fetch_and_compute_spread_usd_mxn scheduled__2024-07-14T06:12:00+00:00 [queued]>
[2024-07-14T20:34:45.971+0000] {taskinstance.py:2076} INFO - Dependencies all met for dep_context=requeueable deps ti=<TaskInstance: fetch_spread_values.fetch_and_compute_spread_usd_mxn scheduled__2024-07-14T06:12:00+00:00 [queued]>
[2024-07-14T20:34:45.975+0000] {taskinstance.py:2306} INFO - Starting attempt 1 of 2
[2024-07-14T20:34:45.984+0000] {taskinstance.py:2330} INFO - Executing <Task(PythonOperator): fetch_and_compute_spread_usd_mxn> on 2024-07-14 06:12:00+00:00
[2024-07-14T20:34:45.993+0000] {logging_mixin.py:188} WARNING - /home/***/.local/lib/python3.12/site-packages/***/task/task_runner/standard_task_runner.py:61 DeprecationWarning: This process (pid=1748) is multi-threaded, use of fork() may lead to deadlocks in the child.
[2024-07-14T20:34:45.996+0000] {standard_task_runner.py:63} INFO - Started process 1760 to run task
[2024-07-14T20:34:45.994+0000] {standard_task_runner.py:90} INFO - Running: ['***', 'tasks', 'run', 'fetch_spread_values', 'fetch_and_compute_spread_usd_mxn', 'scheduled__2024-07-14T06:12:00+00:00', '--job-id', '777', '--raw', '--subdir', 'DAGS_FOLDER/***.py', '--cfg-path', '/tmp/tmp3o38uslo']
[2024-07-14T20:34:45.997+0000] {standard_task_runner.py:91} INFO - Job 777: Subtask fetch_and_compute_spread_usd_mxn
[2024-07-14T20:34:46.049+0000] {task_command.py:426} INFO - Running <TaskInstance: fetch_spread_values.fetch_and_compute_spread_usd_mxn scheduled__2024-07-14T06:12:00+00:00 [running]> on host 77caf7e4b282
[2024-07-14T20:34:46.128+0000] {taskinstance.py:2648} INFO - Exporting env vars: AIRFLOW_CTX_DAG_OWNER='***' AIRFLOW_CTX_DAG_ID='fetch_spread_values' AIRFLOW_CTX_TASK_ID='fetch_and_compute_spread_usd_mxn' AIRFLOW_CTX_EXECUTION_DATE='2024-07-14T06:12:00+00:00' AIRFLOW_CTX_TRY_NUMBER='1' AIRFLOW_CTX_DAG_RUN_ID='scheduled__2024-07-14T06:12:00+00:00'
[2024-07-14T20:34:46.128+0000] {taskinstance.py:430} INFO - ::endgroup::
[2024-07-14T20:34:46.345+0000] {python.py:237} INFO - Done. Returned value was: None
[2024-07-14T20:34:46.347+0000] {taskinstance.py:441} INFO - ::group::Post task execution logs
[2024-07-14T20:34:46.360+0000] {taskinstance.py:1206} INFO - Marking task as SUCCESS. dag_id=fetch_spread_values, task_id=fetch_and_compute_spread_usd_mxn, run_id=scheduled__2024-07-14T06:12:00+00:00, execution_date=20240714T061200, start_date=20240714T203445, end_date=20240714T203446
[2024-07-14T20:34:46.382+0000] {local_task_job_runner.py:240} INFO - Task exited with return code 0
[2024-07-14T20:34:46.397+0000] {local_task_job_runner.py:222} INFO - ::endgroup::
