[2024-07-14T16:33:54.211+0000] {local_task_job_runner.py:120} INFO - ::group::Pre task execution logs
[2024-07-14T16:33:54.362+0000] {taskinstance.py:2076} INFO - Dependencies all met for dep_context=non-requeueable deps ti=<TaskInstance: fetch_spread_values.fetch_and_compute_spread_btc_mxn scheduled__2024-07-14T16:17:00+00:00 [queued]>
[2024-07-14T16:33:54.400+0000] {taskinstance.py:2076} INFO - Dependencies all met for dep_context=requeueable deps ti=<TaskInstance: fetch_spread_values.fetch_and_compute_spread_btc_mxn scheduled__2024-07-14T16:17:00+00:00 [queued]>
[2024-07-14T16:33:54.405+0000] {taskinstance.py:2306} INFO - Starting attempt 1 of 2
[2024-07-14T16:33:54.548+0000] {taskinstance.py:2330} INFO - Executing <Task(PythonOperator): fetch_and_compute_spread_btc_mxn> on 2024-07-14 16:17:00+00:00
[2024-07-14T16:33:54.590+0000] {warnings.py:112} WARNING - /home/***/.local/lib/python3.12/site-packages/***/task/task_runner/standard_task_runner.py:61: DeprecationWarning: This process (pid=6951) is multi-threaded, use of fork() may lead to deadlocks in the child.
  pid = os.fork()

[2024-07-14T16:33:54.596+0000] {standard_task_runner.py:63} INFO - Started process 6986 to run task
[2024-07-14T16:33:54.622+0000] {standard_task_runner.py:90} INFO - Running: ['***', 'tasks', 'run', 'fetch_spread_values', 'fetch_and_compute_spread_btc_mxn', 'scheduled__2024-07-14T16:17:00+00:00', '--job-id', '2094', '--raw', '--subdir', 'DAGS_FOLDER/***.py', '--cfg-path', '/tmp/tmp346k3cpv']
[2024-07-14T16:33:54.644+0000] {standard_task_runner.py:91} INFO - Job 2094: Subtask fetch_and_compute_spread_btc_mxn
[2024-07-14T16:33:54.844+0000] {task_command.py:426} INFO - Running <TaskInstance: fetch_spread_values.fetch_and_compute_spread_btc_mxn scheduled__2024-07-14T16:17:00+00:00 [running]> on host d537c34a4880
[2024-07-14T16:33:55.274+0000] {taskinstance.py:2648} INFO - Exporting env vars: AIRFLOW_CTX_DAG_OWNER='***' AIRFLOW_CTX_DAG_ID='fetch_spread_values' AIRFLOW_CTX_TASK_ID='fetch_and_compute_spread_btc_mxn' AIRFLOW_CTX_EXECUTION_DATE='2024-07-14T16:17:00+00:00' AIRFLOW_CTX_TRY_NUMBER='1' AIRFLOW_CTX_DAG_RUN_ID='scheduled__2024-07-14T16:17:00+00:00'
[2024-07-14T16:33:55.300+0000] {taskinstance.py:430} INFO - ::endgroup::
[2024-07-14T16:33:55.636+0000] {python.py:237} INFO - Done. Returned value was: None
[2024-07-14T16:33:55.656+0000] {taskinstance.py:441} INFO - ::group::Post task execution logs
[2024-07-14T16:33:55.677+0000] {taskinstance.py:1206} INFO - Marking task as SUCCESS. dag_id=fetch_spread_values, task_id=fetch_and_compute_spread_btc_mxn, run_id=scheduled__2024-07-14T16:17:00+00:00, execution_date=20240714T161700, start_date=20240714T163354, end_date=20240714T163355
[2024-07-14T16:33:55.772+0000] {local_task_job_runner.py:240} INFO - Task exited with return code 0
[2024-07-14T16:33:55.798+0000] {taskinstance.py:3503} INFO - 0 downstream tasks scheduled from follow-on schedule check
[2024-07-14T16:33:55.802+0000] {local_task_job_runner.py:222} INFO - ::endgroup::
[2024-07-14T20:38:59.015+0000] {local_task_job_runner.py:120} INFO - ::group::Pre task execution logs
[2024-07-14T20:38:59.037+0000] {taskinstance.py:2076} INFO - Dependencies all met for dep_context=non-requeueable deps ti=<TaskInstance: fetch_spread_values.fetch_and_compute_spread_btc_mxn scheduled__2024-07-14T16:17:00+00:00 [queued]>
[2024-07-14T20:38:59.043+0000] {taskinstance.py:2076} INFO - Dependencies all met for dep_context=requeueable deps ti=<TaskInstance: fetch_spread_values.fetch_and_compute_spread_btc_mxn scheduled__2024-07-14T16:17:00+00:00 [queued]>
[2024-07-14T20:38:59.045+0000] {taskinstance.py:2306} INFO - Starting attempt 1 of 2
[2024-07-14T20:38:59.062+0000] {taskinstance.py:2330} INFO - Executing <Task(PythonOperator): fetch_and_compute_spread_btc_mxn> on 2024-07-14 16:17:00+00:00
[2024-07-14T20:38:59.066+0000] {logging_mixin.py:188} WARNING - /home/***/.local/lib/python3.12/site-packages/***/task/task_runner/standard_task_runner.py:61 DeprecationWarning: This process (pid=4409) is multi-threaded, use of fork() may lead to deadlocks in the child.
[2024-07-14T20:38:59.068+0000] {standard_task_runner.py:63} INFO - Started process 4417 to run task
[2024-07-14T20:38:59.066+0000] {standard_task_runner.py:90} INFO - Running: ['***', 'tasks', 'run', 'fetch_spread_values', 'fetch_and_compute_spread_btc_mxn', 'scheduled__2024-07-14T16:17:00+00:00', '--job-id', '2082', '--raw', '--subdir', 'DAGS_FOLDER/***.py', '--cfg-path', '/tmp/tmpy4zqlfi9']
[2024-07-14T20:38:59.072+0000] {standard_task_runner.py:91} INFO - Job 2082: Subtask fetch_and_compute_spread_btc_mxn
[2024-07-14T20:38:59.116+0000] {task_command.py:426} INFO - Running <TaskInstance: fetch_spread_values.fetch_and_compute_spread_btc_mxn scheduled__2024-07-14T16:17:00+00:00 [running]> on host 77caf7e4b282
[2024-07-14T20:38:59.221+0000] {taskinstance.py:2648} INFO - Exporting env vars: AIRFLOW_CTX_DAG_OWNER='***' AIRFLOW_CTX_DAG_ID='fetch_spread_values' AIRFLOW_CTX_TASK_ID='fetch_and_compute_spread_btc_mxn' AIRFLOW_CTX_EXECUTION_DATE='2024-07-14T16:17:00+00:00' AIRFLOW_CTX_TRY_NUMBER='1' AIRFLOW_CTX_DAG_RUN_ID='scheduled__2024-07-14T16:17:00+00:00'
[2024-07-14T20:38:59.229+0000] {taskinstance.py:430} INFO - ::endgroup::
[2024-07-14T20:38:59.486+0000] {python.py:237} INFO - Done. Returned value was: None
[2024-07-14T20:38:59.496+0000] {taskinstance.py:441} INFO - ::group::Post task execution logs
[2024-07-14T20:38:59.511+0000] {taskinstance.py:1206} INFO - Marking task as SUCCESS. dag_id=fetch_spread_values, task_id=fetch_and_compute_spread_btc_mxn, run_id=scheduled__2024-07-14T16:17:00+00:00, execution_date=20240714T161700, start_date=20240714T203859, end_date=20240714T203859
[2024-07-14T20:38:59.551+0000] {local_task_job_runner.py:240} INFO - Task exited with return code 0
[2024-07-14T20:38:59.591+0000] {taskinstance.py:3503} INFO - 0 downstream tasks scheduled from follow-on schedule check
[2024-07-14T20:38:59.601+0000] {local_task_job_runner.py:222} INFO - ::endgroup::
