[2024-07-14T12:29:54.800+0000] {local_task_job_runner.py:120} INFO - ::group::Pre task execution logs
[2024-07-14T12:29:54.847+0000] {taskinstance.py:2076} INFO - Dependencies all met for dep_context=non-requeueable deps ti=<TaskInstance: fetch_spread_values.fetch_and_compute_spread_btc_mxn scheduled__2024-07-14T12:14:00+00:00 [queued]>
[2024-07-14T12:29:54.883+0000] {taskinstance.py:2076} INFO - Dependencies all met for dep_context=requeueable deps ti=<TaskInstance: fetch_spread_values.fetch_and_compute_spread_btc_mxn scheduled__2024-07-14T12:14:00+00:00 [queued]>
[2024-07-14T12:29:54.889+0000] {taskinstance.py:2306} INFO - Starting attempt 1 of 2
[2024-07-14T12:29:54.923+0000] {taskinstance.py:2330} INFO - Executing <Task(PythonOperator): fetch_and_compute_spread_btc_mxn> on 2024-07-14 12:14:00+00:00
[2024-07-14T12:29:54.931+0000] {warnings.py:112} WARNING - /home/***/.local/lib/python3.12/site-packages/***/task/task_runner/standard_task_runner.py:61: DeprecationWarning: This process (pid=5241) is multi-threaded, use of fork() may lead to deadlocks in the child.
  pid = os.fork()

[2024-07-14T12:29:54.934+0000] {standard_task_runner.py:63} INFO - Started process 5268 to run task
[2024-07-14T12:29:54.935+0000] {standard_task_runner.py:90} INFO - Running: ['***', 'tasks', 'run', 'fetch_spread_values', 'fetch_and_compute_spread_btc_mxn', 'scheduled__2024-07-14T12:14:00+00:00', '--job-id', '1573', '--raw', '--subdir', 'DAGS_FOLDER/***.py', '--cfg-path', '/tmp/tmp6zoqz1w4']
[2024-07-14T12:29:54.950+0000] {standard_task_runner.py:91} INFO - Job 1573: Subtask fetch_and_compute_spread_btc_mxn
[2024-07-14T12:29:55.107+0000] {task_command.py:426} INFO - Running <TaskInstance: fetch_spread_values.fetch_and_compute_spread_btc_mxn scheduled__2024-07-14T12:14:00+00:00 [running]> on host d537c34a4880
[2024-07-14T12:29:55.332+0000] {taskinstance.py:2648} INFO - Exporting env vars: AIRFLOW_CTX_DAG_OWNER='***' AIRFLOW_CTX_DAG_ID='fetch_spread_values' AIRFLOW_CTX_TASK_ID='fetch_and_compute_spread_btc_mxn' AIRFLOW_CTX_EXECUTION_DATE='2024-07-14T12:14:00+00:00' AIRFLOW_CTX_TRY_NUMBER='1' AIRFLOW_CTX_DAG_RUN_ID='scheduled__2024-07-14T12:14:00+00:00'
[2024-07-14T12:29:55.346+0000] {taskinstance.py:430} INFO - ::endgroup::
[2024-07-14T12:29:55.594+0000] {python.py:237} INFO - Done. Returned value was: None
[2024-07-14T12:29:55.596+0000] {taskinstance.py:441} INFO - ::group::Post task execution logs
[2024-07-14T12:29:55.606+0000] {taskinstance.py:1206} INFO - Marking task as SUCCESS. dag_id=fetch_spread_values, task_id=fetch_and_compute_spread_btc_mxn, run_id=scheduled__2024-07-14T12:14:00+00:00, execution_date=20240714T121400, start_date=20240714T122954, end_date=20240714T122955
[2024-07-14T12:29:55.651+0000] {local_task_job_runner.py:240} INFO - Task exited with return code 0
[2024-07-14T12:29:55.674+0000] {taskinstance.py:3503} INFO - 0 downstream tasks scheduled from follow-on schedule check
[2024-07-14T12:29:55.677+0000] {local_task_job_runner.py:222} INFO - ::endgroup::
[2024-07-14T20:37:31.830+0000] {local_task_job_runner.py:120} INFO - ::group::Pre task execution logs
[2024-07-14T20:37:31.851+0000] {taskinstance.py:2076} INFO - Dependencies all met for dep_context=non-requeueable deps ti=<TaskInstance: fetch_spread_values.fetch_and_compute_spread_btc_mxn scheduled__2024-07-14T12:14:00+00:00 [queued]>
[2024-07-14T20:37:31.855+0000] {taskinstance.py:2076} INFO - Dependencies all met for dep_context=requeueable deps ti=<TaskInstance: fetch_spread_values.fetch_and_compute_spread_btc_mxn scheduled__2024-07-14T12:14:00+00:00 [queued]>
[2024-07-14T20:37:31.856+0000] {taskinstance.py:2306} INFO - Starting attempt 1 of 2
[2024-07-14T20:37:31.874+0000] {taskinstance.py:2330} INFO - Executing <Task(PythonOperator): fetch_and_compute_spread_btc_mxn> on 2024-07-14 12:14:00+00:00
[2024-07-14T20:37:31.882+0000] {logging_mixin.py:188} WARNING - /home/***/.local/lib/python3.12/site-packages/***/task/task_runner/standard_task_runner.py:61 DeprecationWarning: This process (pid=3422) is multi-threaded, use of fork() may lead to deadlocks in the child.
[2024-07-14T20:37:31.885+0000] {standard_task_runner.py:90} INFO - Running: ['***', 'tasks', 'run', 'fetch_spread_values', 'fetch_and_compute_spread_btc_mxn', 'scheduled__2024-07-14T12:14:00+00:00', '--job-id', '1597', '--raw', '--subdir', 'DAGS_FOLDER/***.py', '--cfg-path', '/tmp/tmpc9ee063e']
[2024-07-14T20:37:31.887+0000] {standard_task_runner.py:63} INFO - Started process 3432 to run task
[2024-07-14T20:37:31.893+0000] {standard_task_runner.py:91} INFO - Job 1597: Subtask fetch_and_compute_spread_btc_mxn
[2024-07-14T20:37:31.942+0000] {task_command.py:426} INFO - Running <TaskInstance: fetch_spread_values.fetch_and_compute_spread_btc_mxn scheduled__2024-07-14T12:14:00+00:00 [running]> on host 77caf7e4b282
[2024-07-14T20:37:32.053+0000] {taskinstance.py:2648} INFO - Exporting env vars: AIRFLOW_CTX_DAG_OWNER='***' AIRFLOW_CTX_DAG_ID='fetch_spread_values' AIRFLOW_CTX_TASK_ID='fetch_and_compute_spread_btc_mxn' AIRFLOW_CTX_EXECUTION_DATE='2024-07-14T12:14:00+00:00' AIRFLOW_CTX_TRY_NUMBER='1' AIRFLOW_CTX_DAG_RUN_ID='scheduled__2024-07-14T12:14:00+00:00'
[2024-07-14T20:37:32.057+0000] {taskinstance.py:430} INFO - ::endgroup::
[2024-07-14T20:37:32.287+0000] {python.py:237} INFO - Done. Returned value was: None
[2024-07-14T20:37:32.290+0000] {taskinstance.py:441} INFO - ::group::Post task execution logs
[2024-07-14T20:37:32.302+0000] {taskinstance.py:1206} INFO - Marking task as SUCCESS. dag_id=fetch_spread_values, task_id=fetch_and_compute_spread_btc_mxn, run_id=scheduled__2024-07-14T12:14:00+00:00, execution_date=20240714T121400, start_date=20240714T203731, end_date=20240714T203732
[2024-07-14T20:37:32.367+0000] {local_task_job_runner.py:240} INFO - Task exited with return code 0
[2024-07-14T20:37:32.384+0000] {taskinstance.py:3503} INFO - 0 downstream tasks scheduled from follow-on schedule check
[2024-07-14T20:37:32.386+0000] {local_task_job_runner.py:222} INFO - ::endgroup::
