[2024-07-14T09:51:02.414+0000] {local_task_job_runner.py:120} INFO - ::group::Pre task execution logs
[2024-07-14T09:51:02.462+0000] {taskinstance.py:2076} INFO - Dependencies all met for dep_context=non-requeueable deps ti=<TaskInstance: fetch_spread_values.fetch_and_compute_spread_usd_mxn scheduled__2024-07-14T09:40:00+00:00 [queued]>
[2024-07-14T09:51:02.477+0000] {taskinstance.py:2076} INFO - Dependencies all met for dep_context=requeueable deps ti=<TaskInstance: fetch_spread_values.fetch_and_compute_spread_usd_mxn scheduled__2024-07-14T09:40:00+00:00 [queued]>
[2024-07-14T09:51:02.480+0000] {taskinstance.py:2306} INFO - Starting attempt 1 of 2
[2024-07-14T09:51:02.489+0000] {taskinstance.py:2330} INFO - Executing <Task(PythonOperator): fetch_and_compute_spread_usd_mxn> on 2024-07-14 09:40:00+00:00
[2024-07-14T09:51:02.496+0000] {warnings.py:112} WARNING - /home/***/.local/lib/python3.12/site-packages/***/task/task_runner/standard_task_runner.py:61: DeprecationWarning: This process (pid=4196) is multi-threaded, use of fork() may lead to deadlocks in the child.
  pid = os.fork()

[2024-07-14T09:51:02.497+0000] {standard_task_runner.py:90} INFO - Running: ['***', 'tasks', 'run', 'fetch_spread_values', 'fetch_and_compute_spread_usd_mxn', 'scheduled__2024-07-14T09:40:00+00:00', '--job-id', '1246', '--raw', '--subdir', 'DAGS_FOLDER/***.py', '--cfg-path', '/tmp/tmp6xbk37mw']
[2024-07-14T09:51:02.502+0000] {standard_task_runner.py:91} INFO - Job 1246: Subtask fetch_and_compute_spread_usd_mxn
[2024-07-14T09:51:02.500+0000] {standard_task_runner.py:63} INFO - Started process 4214 to run task
[2024-07-14T09:51:02.598+0000] {task_command.py:426} INFO - Running <TaskInstance: fetch_spread_values.fetch_and_compute_spread_usd_mxn scheduled__2024-07-14T09:40:00+00:00 [running]> on host d537c34a4880
[2024-07-14T09:51:02.693+0000] {taskinstance.py:2648} INFO - Exporting env vars: AIRFLOW_CTX_DAG_OWNER='***' AIRFLOW_CTX_DAG_ID='fetch_spread_values' AIRFLOW_CTX_TASK_ID='fetch_and_compute_spread_usd_mxn' AIRFLOW_CTX_EXECUTION_DATE='2024-07-14T09:40:00+00:00' AIRFLOW_CTX_TRY_NUMBER='1' AIRFLOW_CTX_DAG_RUN_ID='scheduled__2024-07-14T09:40:00+00:00'
[2024-07-14T09:51:02.712+0000] {taskinstance.py:430} INFO - ::endgroup::
[2024-07-14T09:51:02.899+0000] {python.py:237} INFO - Done. Returned value was: None
[2024-07-14T09:51:02.900+0000] {taskinstance.py:441} INFO - ::group::Post task execution logs
[2024-07-14T09:51:02.909+0000] {taskinstance.py:1206} INFO - Marking task as SUCCESS. dag_id=fetch_spread_values, task_id=fetch_and_compute_spread_usd_mxn, run_id=scheduled__2024-07-14T09:40:00+00:00, execution_date=20240714T094000, start_date=20240714T095102, end_date=20240714T095102
[2024-07-14T09:51:02.921+0000] {local_task_job_runner.py:240} INFO - Task exited with return code 0
[2024-07-14T09:51:02.942+0000] {taskinstance.py:3503} INFO - 0 downstream tasks scheduled from follow-on schedule check
[2024-07-14T09:51:02.945+0000] {local_task_job_runner.py:222} INFO - ::endgroup::
[2024-07-14T20:36:33.688+0000] {local_task_job_runner.py:120} INFO - ::group::Pre task execution logs
[2024-07-14T20:36:33.721+0000] {taskinstance.py:2076} INFO - Dependencies all met for dep_context=non-requeueable deps ti=<TaskInstance: fetch_spread_values.fetch_and_compute_spread_usd_mxn scheduled__2024-07-14T09:40:00+00:00 [queued]>
[2024-07-14T20:36:33.729+0000] {taskinstance.py:2076} INFO - Dependencies all met for dep_context=requeueable deps ti=<TaskInstance: fetch_spread_values.fetch_and_compute_spread_usd_mxn scheduled__2024-07-14T09:40:00+00:00 [queued]>
[2024-07-14T20:36:33.732+0000] {taskinstance.py:2306} INFO - Starting attempt 1 of 2
[2024-07-14T20:36:33.752+0000] {taskinstance.py:2330} INFO - Executing <Task(PythonOperator): fetch_and_compute_spread_usd_mxn> on 2024-07-14 09:40:00+00:00
[2024-07-14T20:36:33.759+0000] {logging_mixin.py:188} WARNING - /home/***/.local/lib/python3.12/site-packages/***/task/task_runner/standard_task_runner.py:61 DeprecationWarning: This process (pid=2795) is multi-threaded, use of fork() may lead to deadlocks in the child.
[2024-07-14T20:36:33.760+0000] {standard_task_runner.py:63} INFO - Started process 2806 to run task
[2024-07-14T20:36:33.761+0000] {standard_task_runner.py:90} INFO - Running: ['***', 'tasks', 'run', 'fetch_spread_values', 'fetch_and_compute_spread_usd_mxn', 'scheduled__2024-07-14T09:40:00+00:00', '--job-id', '1288', '--raw', '--subdir', 'DAGS_FOLDER/***.py', '--cfg-path', '/tmp/tmptiqepo60']
[2024-07-14T20:36:33.767+0000] {standard_task_runner.py:91} INFO - Job 1288: Subtask fetch_and_compute_spread_usd_mxn
[2024-07-14T20:36:33.827+0000] {task_command.py:426} INFO - Running <TaskInstance: fetch_spread_values.fetch_and_compute_spread_usd_mxn scheduled__2024-07-14T09:40:00+00:00 [running]> on host 77caf7e4b282
[2024-07-14T20:36:33.939+0000] {taskinstance.py:2648} INFO - Exporting env vars: AIRFLOW_CTX_DAG_OWNER='***' AIRFLOW_CTX_DAG_ID='fetch_spread_values' AIRFLOW_CTX_TASK_ID='fetch_and_compute_spread_usd_mxn' AIRFLOW_CTX_EXECUTION_DATE='2024-07-14T09:40:00+00:00' AIRFLOW_CTX_TRY_NUMBER='1' AIRFLOW_CTX_DAG_RUN_ID='scheduled__2024-07-14T09:40:00+00:00'
[2024-07-14T20:36:33.946+0000] {taskinstance.py:430} INFO - ::endgroup::
[2024-07-14T20:36:34.175+0000] {python.py:237} INFO - Done. Returned value was: None
[2024-07-14T20:36:34.190+0000] {taskinstance.py:441} INFO - ::group::Post task execution logs
[2024-07-14T20:36:34.202+0000] {taskinstance.py:1206} INFO - Marking task as SUCCESS. dag_id=fetch_spread_values, task_id=fetch_and_compute_spread_usd_mxn, run_id=scheduled__2024-07-14T09:40:00+00:00, execution_date=20240714T094000, start_date=20240714T203633, end_date=20240714T203634
[2024-07-14T20:36:34.233+0000] {local_task_job_runner.py:240} INFO - Task exited with return code 0
[2024-07-14T20:36:34.284+0000] {taskinstance.py:3503} INFO - 0 downstream tasks scheduled from follow-on schedule check
[2024-07-14T20:36:34.288+0000] {local_task_job_runner.py:222} INFO - ::endgroup::
