[2024-07-14T09:04:48.473+0000] {local_task_job_runner.py:120} INFO - ::group::Pre task execution logs
[2024-07-14T09:04:48.517+0000] {taskinstance.py:2076} INFO - Dependencies all met for dep_context=non-requeueable deps ti=<TaskInstance: fetch_spread_values.fetch_and_compute_spread_usd_mxn scheduled__2024-07-14T08:37:00+00:00 [queued]>
[2024-07-14T09:04:48.531+0000] {taskinstance.py:2076} INFO - Dependencies all met for dep_context=requeueable deps ti=<TaskInstance: fetch_spread_values.fetch_and_compute_spread_usd_mxn scheduled__2024-07-14T08:37:00+00:00 [queued]>
[2024-07-14T09:04:48.532+0000] {taskinstance.py:2306} INFO - Starting attempt 1 of 2
[2024-07-14T09:04:48.554+0000] {taskinstance.py:2330} INFO - Executing <Task(PythonOperator): fetch_and_compute_spread_usd_mxn> on 2024-07-14 08:37:00+00:00
[2024-07-14T09:04:48.589+0000] {warnings.py:112} WARNING - /home/***/.local/lib/python3.12/site-packages/***/task/task_runner/standard_task_runner.py:61: DeprecationWarning: This process (pid=3318) is multi-threaded, use of fork() may lead to deadlocks in the child.
  pid = os.fork()

[2024-07-14T09:04:48.610+0000] {standard_task_runner.py:63} INFO - Started process 3338 to run task
[2024-07-14T09:04:48.594+0000] {standard_task_runner.py:90} INFO - Running: ['***', 'tasks', 'run', 'fetch_spread_values', 'fetch_and_compute_spread_usd_mxn', 'scheduled__2024-07-14T08:37:00+00:00', '--job-id', '1064', '--raw', '--subdir', 'DAGS_FOLDER/***.py', '--cfg-path', '/tmp/tmpo9b97qag']
[2024-07-14T09:04:48.626+0000] {standard_task_runner.py:91} INFO - Job 1064: Subtask fetch_and_compute_spread_usd_mxn
[2024-07-14T09:04:48.795+0000] {task_command.py:426} INFO - Running <TaskInstance: fetch_spread_values.fetch_and_compute_spread_usd_mxn scheduled__2024-07-14T08:37:00+00:00 [running]> on host d537c34a4880
[2024-07-14T09:04:49.045+0000] {taskinstance.py:2648} INFO - Exporting env vars: AIRFLOW_CTX_DAG_OWNER='***' AIRFLOW_CTX_DAG_ID='fetch_spread_values' AIRFLOW_CTX_TASK_ID='fetch_and_compute_spread_usd_mxn' AIRFLOW_CTX_EXECUTION_DATE='2024-07-14T08:37:00+00:00' AIRFLOW_CTX_TRY_NUMBER='1' AIRFLOW_CTX_DAG_RUN_ID='scheduled__2024-07-14T08:37:00+00:00'
[2024-07-14T09:04:49.070+0000] {taskinstance.py:430} INFO - ::endgroup::
[2024-07-14T09:04:49.450+0000] {python.py:237} INFO - Done. Returned value was: None
[2024-07-14T09:04:49.454+0000] {taskinstance.py:441} INFO - ::group::Post task execution logs
[2024-07-14T09:04:49.479+0000] {taskinstance.py:1206} INFO - Marking task as SUCCESS. dag_id=fetch_spread_values, task_id=fetch_and_compute_spread_usd_mxn, run_id=scheduled__2024-07-14T08:37:00+00:00, execution_date=20240714T083700, start_date=20240714T090448, end_date=20240714T090449
[2024-07-14T09:04:49.582+0000] {local_task_job_runner.py:240} INFO - Task exited with return code 0
[2024-07-14T09:04:49.601+0000] {taskinstance.py:3503} INFO - 0 downstream tasks scheduled from follow-on schedule check
[2024-07-14T09:04:49.616+0000] {local_task_job_runner.py:222} INFO - ::endgroup::
[2024-07-14T20:36:11.715+0000] {local_task_job_runner.py:120} INFO - ::group::Pre task execution logs
[2024-07-14T20:36:11.760+0000] {taskinstance.py:2076} INFO - Dependencies all met for dep_context=non-requeueable deps ti=<TaskInstance: fetch_spread_values.fetch_and_compute_spread_usd_mxn scheduled__2024-07-14T08:37:00+00:00 [queued]>
[2024-07-14T20:36:11.767+0000] {taskinstance.py:2076} INFO - Dependencies all met for dep_context=requeueable deps ti=<TaskInstance: fetch_spread_values.fetch_and_compute_spread_usd_mxn scheduled__2024-07-14T08:37:00+00:00 [queued]>
[2024-07-14T20:36:11.768+0000] {taskinstance.py:2306} INFO - Starting attempt 1 of 2
[2024-07-14T20:36:11.797+0000] {taskinstance.py:2330} INFO - Executing <Task(PythonOperator): fetch_and_compute_spread_usd_mxn> on 2024-07-14 08:37:00+00:00
[2024-07-14T20:36:11.810+0000] {logging_mixin.py:188} WARNING - /home/***/.local/lib/python3.12/site-packages/***/task/task_runner/standard_task_runner.py:61 DeprecationWarning: This process (pid=2537) is multi-threaded, use of fork() may lead to deadlocks in the child.
[2024-07-14T20:36:11.813+0000] {standard_task_runner.py:63} INFO - Started process 2547 to run task
[2024-07-14T20:36:11.811+0000] {standard_task_runner.py:90} INFO - Running: ['***', 'tasks', 'run', 'fetch_spread_values', 'fetch_and_compute_spread_usd_mxn', 'scheduled__2024-07-14T08:37:00+00:00', '--job-id', '1163', '--raw', '--subdir', 'DAGS_FOLDER/***.py', '--cfg-path', '/tmp/tmplzrlzwwe']
[2024-07-14T20:36:11.823+0000] {standard_task_runner.py:91} INFO - Job 1163: Subtask fetch_and_compute_spread_usd_mxn
[2024-07-14T20:36:11.935+0000] {task_command.py:426} INFO - Running <TaskInstance: fetch_spread_values.fetch_and_compute_spread_usd_mxn scheduled__2024-07-14T08:37:00+00:00 [running]> on host 77caf7e4b282
[2024-07-14T20:36:12.034+0000] {taskinstance.py:2648} INFO - Exporting env vars: AIRFLOW_CTX_DAG_OWNER='***' AIRFLOW_CTX_DAG_ID='fetch_spread_values' AIRFLOW_CTX_TASK_ID='fetch_and_compute_spread_usd_mxn' AIRFLOW_CTX_EXECUTION_DATE='2024-07-14T08:37:00+00:00' AIRFLOW_CTX_TRY_NUMBER='1' AIRFLOW_CTX_DAG_RUN_ID='scheduled__2024-07-14T08:37:00+00:00'
[2024-07-14T20:36:12.036+0000] {taskinstance.py:430} INFO - ::endgroup::
[2024-07-14T20:36:12.202+0000] {python.py:237} INFO - Done. Returned value was: None
[2024-07-14T20:36:12.203+0000] {taskinstance.py:441} INFO - ::group::Post task execution logs
[2024-07-14T20:36:12.209+0000] {taskinstance.py:1206} INFO - Marking task as SUCCESS. dag_id=fetch_spread_values, task_id=fetch_and_compute_spread_usd_mxn, run_id=scheduled__2024-07-14T08:37:00+00:00, execution_date=20240714T083700, start_date=20240714T203611, end_date=20240714T203612
[2024-07-14T20:36:12.254+0000] {local_task_job_runner.py:240} INFO - Task exited with return code 0
[2024-07-14T20:36:12.264+0000] {taskinstance.py:3503} INFO - 0 downstream tasks scheduled from follow-on schedule check
[2024-07-14T20:36:12.265+0000] {local_task_job_runner.py:222} INFO - ::endgroup::
