[2024-07-14T10:11:58.600+0000] {local_task_job_runner.py:120} INFO - ::group::Pre task execution logs
[2024-07-14T10:11:58.636+0000] {taskinstance.py:2076} INFO - Dependencies all met for dep_context=non-requeueable deps ti=<TaskInstance: fetch_spread_values.fetch_and_compute_spread_btc_mxn scheduled__2024-07-14T09:56:00+00:00 [queued]>
[2024-07-14T10:11:58.659+0000] {taskinstance.py:2076} INFO - Dependencies all met for dep_context=requeueable deps ti=<TaskInstance: fetch_spread_values.fetch_and_compute_spread_btc_mxn scheduled__2024-07-14T09:56:00+00:00 [queued]>
[2024-07-14T10:11:58.665+0000] {taskinstance.py:2306} INFO - Starting attempt 1 of 2
[2024-07-14T10:11:58.716+0000] {taskinstance.py:2330} INFO - Executing <Task(PythonOperator): fetch_and_compute_spread_btc_mxn> on 2024-07-14 09:56:00+00:00
[2024-07-14T10:11:58.737+0000] {warnings.py:112} WARNING - /home/***/.local/lib/python3.12/site-packages/***/task/task_runner/standard_task_runner.py:61: DeprecationWarning: This process (pid=4311) is multi-threaded, use of fork() may lead to deadlocks in the child.
  pid = os.fork()

[2024-07-14T10:11:58.753+0000] {standard_task_runner.py:63} INFO - Started process 4347 to run task
[2024-07-14T10:11:58.740+0000] {standard_task_runner.py:90} INFO - Running: ['***', 'tasks', 'run', 'fetch_spread_values', 'fetch_and_compute_spread_btc_mxn', 'scheduled__2024-07-14T09:56:00+00:00', '--job-id', '1284', '--raw', '--subdir', 'DAGS_FOLDER/***.py', '--cfg-path', '/tmp/tmprw95uq7f']
[2024-07-14T10:11:58.761+0000] {standard_task_runner.py:91} INFO - Job 1284: Subtask fetch_and_compute_spread_btc_mxn
[2024-07-14T10:11:58.900+0000] {task_command.py:426} INFO - Running <TaskInstance: fetch_spread_values.fetch_and_compute_spread_btc_mxn scheduled__2024-07-14T09:56:00+00:00 [running]> on host d537c34a4880
[2024-07-14T10:11:59.286+0000] {taskinstance.py:2648} INFO - Exporting env vars: AIRFLOW_CTX_DAG_OWNER='***' AIRFLOW_CTX_DAG_ID='fetch_spread_values' AIRFLOW_CTX_TASK_ID='fetch_and_compute_spread_btc_mxn' AIRFLOW_CTX_EXECUTION_DATE='2024-07-14T09:56:00+00:00' AIRFLOW_CTX_TRY_NUMBER='1' AIRFLOW_CTX_DAG_RUN_ID='scheduled__2024-07-14T09:56:00+00:00'
[2024-07-14T10:11:59.295+0000] {taskinstance.py:430} INFO - ::endgroup::
[2024-07-14T10:11:59.581+0000] {python.py:237} INFO - Done. Returned value was: None
[2024-07-14T10:11:59.585+0000] {taskinstance.py:441} INFO - ::group::Post task execution logs
[2024-07-14T10:11:59.668+0000] {taskinstance.py:1206} INFO - Marking task as SUCCESS. dag_id=fetch_spread_values, task_id=fetch_and_compute_spread_btc_mxn, run_id=scheduled__2024-07-14T09:56:00+00:00, execution_date=20240714T095600, start_date=20240714T101158, end_date=20240714T101159
[2024-07-14T10:11:59.791+0000] {local_task_job_runner.py:240} INFO - Task exited with return code 0
[2024-07-14T10:11:59.872+0000] {taskinstance.py:3503} INFO - 0 downstream tasks scheduled from follow-on schedule check
[2024-07-14T10:11:59.931+0000] {local_task_job_runner.py:222} INFO - ::endgroup::
[2024-07-14T20:36:39.738+0000] {local_task_job_runner.py:120} INFO - ::group::Pre task execution logs
[2024-07-14T20:36:39.777+0000] {taskinstance.py:2076} INFO - Dependencies all met for dep_context=non-requeueable deps ti=<TaskInstance: fetch_spread_values.fetch_and_compute_spread_btc_mxn scheduled__2024-07-14T09:56:00+00:00 [queued]>
[2024-07-14T20:36:39.782+0000] {taskinstance.py:2076} INFO - Dependencies all met for dep_context=requeueable deps ti=<TaskInstance: fetch_spread_values.fetch_and_compute_spread_btc_mxn scheduled__2024-07-14T09:56:00+00:00 [queued]>
[2024-07-14T20:36:39.783+0000] {taskinstance.py:2306} INFO - Starting attempt 1 of 2
[2024-07-14T20:36:39.799+0000] {taskinstance.py:2330} INFO - Executing <Task(PythonOperator): fetch_and_compute_spread_btc_mxn> on 2024-07-14 09:56:00+00:00
[2024-07-14T20:36:39.805+0000] {logging_mixin.py:188} WARNING - /home/***/.local/lib/python3.12/site-packages/***/task/task_runner/standard_task_runner.py:61 DeprecationWarning: This process (pid=2858) is multi-threaded, use of fork() may lead to deadlocks in the child.
[2024-07-14T20:36:39.805+0000] {standard_task_runner.py:90} INFO - Running: ['***', 'tasks', 'run', 'fetch_spread_values', 'fetch_and_compute_spread_btc_mxn', 'scheduled__2024-07-14T09:56:00+00:00', '--job-id', '1320', '--raw', '--subdir', 'DAGS_FOLDER/***.py', '--cfg-path', '/tmp/tmpd9dxkhoq']
[2024-07-14T20:36:39.806+0000] {standard_task_runner.py:63} INFO - Started process 2867 to run task
[2024-07-14T20:36:39.807+0000] {standard_task_runner.py:91} INFO - Job 1320: Subtask fetch_and_compute_spread_btc_mxn
[2024-07-14T20:36:39.858+0000] {task_command.py:426} INFO - Running <TaskInstance: fetch_spread_values.fetch_and_compute_spread_btc_mxn scheduled__2024-07-14T09:56:00+00:00 [running]> on host 77caf7e4b282
[2024-07-14T20:36:39.918+0000] {taskinstance.py:2648} INFO - Exporting env vars: AIRFLOW_CTX_DAG_OWNER='***' AIRFLOW_CTX_DAG_ID='fetch_spread_values' AIRFLOW_CTX_TASK_ID='fetch_and_compute_spread_btc_mxn' AIRFLOW_CTX_EXECUTION_DATE='2024-07-14T09:56:00+00:00' AIRFLOW_CTX_TRY_NUMBER='1' AIRFLOW_CTX_DAG_RUN_ID='scheduled__2024-07-14T09:56:00+00:00'
[2024-07-14T20:36:39.919+0000] {taskinstance.py:430} INFO - ::endgroup::
[2024-07-14T20:36:40.075+0000] {python.py:237} INFO - Done. Returned value was: None
[2024-07-14T20:36:40.076+0000] {taskinstance.py:441} INFO - ::group::Post task execution logs
[2024-07-14T20:36:40.081+0000] {taskinstance.py:1206} INFO - Marking task as SUCCESS. dag_id=fetch_spread_values, task_id=fetch_and_compute_spread_btc_mxn, run_id=scheduled__2024-07-14T09:56:00+00:00, execution_date=20240714T095600, start_date=20240714T203639, end_date=20240714T203640
[2024-07-14T20:36:40.113+0000] {local_task_job_runner.py:240} INFO - Task exited with return code 0
[2024-07-14T20:36:40.122+0000] {taskinstance.py:3503} INFO - 0 downstream tasks scheduled from follow-on schedule check
[2024-07-14T20:36:40.123+0000] {local_task_job_runner.py:222} INFO - ::endgroup::
