[2024-07-14T08:57:24.752+0000] {local_task_job_runner.py:120} INFO - ::group::Pre task execution logs
[2024-07-14T08:57:24.779+0000] {taskinstance.py:2076} INFO - Dependencies all met for dep_context=non-requeueable deps ti=<TaskInstance: fetch_spread_values.fetch_and_compute_spread_btc_mxn scheduled__2024-07-14T00:37:00+00:00 [queued]>
[2024-07-14T08:57:24.800+0000] {taskinstance.py:2076} INFO - Dependencies all met for dep_context=requeueable deps ti=<TaskInstance: fetch_spread_values.fetch_and_compute_spread_btc_mxn scheduled__2024-07-14T00:37:00+00:00 [queued]>
[2024-07-14T08:57:24.809+0000] {taskinstance.py:2306} INFO - Starting attempt 1 of 2
[2024-07-14T08:57:24.859+0000] {taskinstance.py:2330} INFO - Executing <Task(PythonOperator): fetch_and_compute_spread_btc_mxn> on 2024-07-14 00:37:00+00:00
[2024-07-14T08:57:24.873+0000] {warnings.py:112} WARNING - /home/***/.local/lib/python3.12/site-packages/***/task/task_runner/standard_task_runner.py:61: DeprecationWarning: This process (pid=339) is multi-threaded, use of fork() may lead to deadlocks in the child.
  pid = os.fork()

[2024-07-14T08:57:24.877+0000] {standard_task_runner.py:63} INFO - Started process 370 to run task
[2024-07-14T08:57:24.875+0000] {standard_task_runner.py:90} INFO - Running: ['***', 'tasks', 'run', 'fetch_spread_values', 'fetch_and_compute_spread_btc_mxn', 'scheduled__2024-07-14T00:37:00+00:00', '--job-id', '104', '--raw', '--subdir', 'DAGS_FOLDER/***.py', '--cfg-path', '/tmp/tmpy86pjvmd']
[2024-07-14T08:57:24.881+0000] {standard_task_runner.py:91} INFO - Job 104: Subtask fetch_and_compute_spread_btc_mxn
[2024-07-14T08:57:24.944+0000] {task_command.py:426} INFO - Running <TaskInstance: fetch_spread_values.fetch_and_compute_spread_btc_mxn scheduled__2024-07-14T00:37:00+00:00 [running]> on host d537c34a4880
[2024-07-14T08:57:25.139+0000] {taskinstance.py:2648} INFO - Exporting env vars: AIRFLOW_CTX_DAG_OWNER='***' AIRFLOW_CTX_DAG_ID='fetch_spread_values' AIRFLOW_CTX_TASK_ID='fetch_and_compute_spread_btc_mxn' AIRFLOW_CTX_EXECUTION_DATE='2024-07-14T00:37:00+00:00' AIRFLOW_CTX_TRY_NUMBER='1' AIRFLOW_CTX_DAG_RUN_ID='scheduled__2024-07-14T00:37:00+00:00'
[2024-07-14T08:57:25.143+0000] {taskinstance.py:430} INFO - ::endgroup::
[2024-07-14T08:57:25.358+0000] {python.py:237} INFO - Done. Returned value was: None
[2024-07-14T08:57:25.371+0000] {taskinstance.py:441} INFO - ::group::Post task execution logs
[2024-07-14T08:57:25.454+0000] {taskinstance.py:1206} INFO - Marking task as SUCCESS. dag_id=fetch_spread_values, task_id=fetch_and_compute_spread_btc_mxn, run_id=scheduled__2024-07-14T00:37:00+00:00, execution_date=20240714T003700, start_date=20240714T085724, end_date=20240714T085725
[2024-07-14T08:57:25.620+0000] {local_task_job_runner.py:240} INFO - Task exited with return code 0
[2024-07-14T08:57:25.723+0000] {taskinstance.py:3503} INFO - 0 downstream tasks scheduled from follow-on schedule check
[2024-07-14T08:57:25.727+0000] {local_task_job_runner.py:222} INFO - ::endgroup::
[2024-07-14T20:32:15.863+0000] {local_task_job_runner.py:120} INFO - ::group::Pre task execution logs
[2024-07-14T20:32:15.891+0000] {taskinstance.py:2076} INFO - Dependencies all met for dep_context=non-requeueable deps ti=<TaskInstance: fetch_spread_values.fetch_and_compute_spread_btc_mxn scheduled__2024-07-14T00:37:00+00:00 [queued]>
[2024-07-14T20:32:15.899+0000] {taskinstance.py:2076} INFO - Dependencies all met for dep_context=requeueable deps ti=<TaskInstance: fetch_spread_values.fetch_and_compute_spread_btc_mxn scheduled__2024-07-14T00:37:00+00:00 [queued]>
[2024-07-14T20:32:15.903+0000] {taskinstance.py:2306} INFO - Starting attempt 1 of 2
[2024-07-14T20:32:15.931+0000] {taskinstance.py:2330} INFO - Executing <Task(PythonOperator): fetch_and_compute_spread_btc_mxn> on 2024-07-14 00:37:00+00:00
[2024-07-14T20:32:15.936+0000] {logging_mixin.py:188} WARNING - /home/***/.local/lib/python3.12/site-packages/***/task/task_runner/standard_task_runner.py:61 DeprecationWarning: This process (pid=330) is multi-threaded, use of fork() may lead to deadlocks in the child.
[2024-07-14T20:32:15.935+0000] {standard_task_runner.py:90} INFO - Running: ['***', 'tasks', 'run', 'fetch_spread_values', 'fetch_and_compute_spread_btc_mxn', 'scheduled__2024-07-14T00:37:00+00:00', '--job-id', '77', '--raw', '--subdir', 'DAGS_FOLDER/***.py', '--cfg-path', '/tmp/tmpk7l80q8p']
[2024-07-14T20:32:15.938+0000] {standard_task_runner.py:63} INFO - Started process 340 to run task
[2024-07-14T20:32:15.943+0000] {standard_task_runner.py:91} INFO - Job 77: Subtask fetch_and_compute_spread_btc_mxn
[2024-07-14T20:32:15.990+0000] {task_command.py:426} INFO - Running <TaskInstance: fetch_spread_values.fetch_and_compute_spread_btc_mxn scheduled__2024-07-14T00:37:00+00:00 [running]> on host 77caf7e4b282
[2024-07-14T20:32:16.050+0000] {taskinstance.py:2648} INFO - Exporting env vars: AIRFLOW_CTX_DAG_OWNER='***' AIRFLOW_CTX_DAG_ID='fetch_spread_values' AIRFLOW_CTX_TASK_ID='fetch_and_compute_spread_btc_mxn' AIRFLOW_CTX_EXECUTION_DATE='2024-07-14T00:37:00+00:00' AIRFLOW_CTX_TRY_NUMBER='1' AIRFLOW_CTX_DAG_RUN_ID='scheduled__2024-07-14T00:37:00+00:00'
[2024-07-14T20:32:16.052+0000] {taskinstance.py:430} INFO - ::endgroup::
[2024-07-14T20:32:16.263+0000] {python.py:237} INFO - Done. Returned value was: None
[2024-07-14T20:32:16.264+0000] {taskinstance.py:441} INFO - ::group::Post task execution logs
[2024-07-14T20:32:16.269+0000] {taskinstance.py:1206} INFO - Marking task as SUCCESS. dag_id=fetch_spread_values, task_id=fetch_and_compute_spread_btc_mxn, run_id=scheduled__2024-07-14T00:37:00+00:00, execution_date=20240714T003700, start_date=20240714T203215, end_date=20240714T203216
[2024-07-14T20:32:16.290+0000] {local_task_job_runner.py:240} INFO - Task exited with return code 0
[2024-07-14T20:32:16.299+0000] {taskinstance.py:3503} INFO - 0 downstream tasks scheduled from follow-on schedule check
[2024-07-14T20:32:16.300+0000] {local_task_job_runner.py:222} INFO - ::endgroup::
