[2024-07-14T09:01:45.295+0000] {local_task_job_runner.py:120} INFO - ::group::Pre task execution logs
[2024-07-14T09:01:45.355+0000] {taskinstance.py:2076} INFO - Dependencies all met for dep_context=non-requeueable deps ti=<TaskInstance: fetch_spread_values.fetch_and_compute_spread_btc_mxn scheduled__2024-07-14T05:23:00+00:00 [queued]>
[2024-07-14T09:01:45.383+0000] {taskinstance.py:2076} INFO - Dependencies all met for dep_context=requeueable deps ti=<TaskInstance: fetch_spread_values.fetch_and_compute_spread_btc_mxn scheduled__2024-07-14T05:23:00+00:00 [queued]>
[2024-07-14T09:01:45.389+0000] {taskinstance.py:2306} INFO - Starting attempt 1 of 2
[2024-07-14T09:01:45.431+0000] {taskinstance.py:2330} INFO - Executing <Task(PythonOperator): fetch_and_compute_spread_btc_mxn> on 2024-07-14 05:23:00+00:00
[2024-07-14T09:01:45.465+0000] {warnings.py:112} WARNING - /home/***/.local/lib/python3.12/site-packages/***/task/task_runner/standard_task_runner.py:61: DeprecationWarning: This process (pid=2110) is multi-threaded, use of fork() may lead to deadlocks in the child.
  pid = os.fork()

[2024-07-14T09:01:45.471+0000] {standard_task_runner.py:63} INFO - Started process 2142 to run task
[2024-07-14T09:01:45.474+0000] {standard_task_runner.py:90} INFO - Running: ['***', 'tasks', 'run', 'fetch_spread_values', 'fetch_and_compute_spread_btc_mxn', 'scheduled__2024-07-14T05:23:00+00:00', '--job-id', '675', '--raw', '--subdir', 'DAGS_FOLDER/***.py', '--cfg-path', '/tmp/tmpdq08f6u7']
[2024-07-14T09:01:45.496+0000] {standard_task_runner.py:91} INFO - Job 675: Subtask fetch_and_compute_spread_btc_mxn
[2024-07-14T09:01:45.754+0000] {task_command.py:426} INFO - Running <TaskInstance: fetch_spread_values.fetch_and_compute_spread_btc_mxn scheduled__2024-07-14T05:23:00+00:00 [running]> on host d537c34a4880
[2024-07-14T09:01:46.012+0000] {taskinstance.py:2648} INFO - Exporting env vars: AIRFLOW_CTX_DAG_OWNER='***' AIRFLOW_CTX_DAG_ID='fetch_spread_values' AIRFLOW_CTX_TASK_ID='fetch_and_compute_spread_btc_mxn' AIRFLOW_CTX_EXECUTION_DATE='2024-07-14T05:23:00+00:00' AIRFLOW_CTX_TRY_NUMBER='1' AIRFLOW_CTX_DAG_RUN_ID='scheduled__2024-07-14T05:23:00+00:00'
[2024-07-14T09:01:46.021+0000] {taskinstance.py:430} INFO - ::endgroup::
[2024-07-14T09:01:46.454+0000] {python.py:237} INFO - Done. Returned value was: None
[2024-07-14T09:01:46.455+0000] {taskinstance.py:441} INFO - ::group::Post task execution logs
[2024-07-14T09:01:46.468+0000] {taskinstance.py:1206} INFO - Marking task as SUCCESS. dag_id=fetch_spread_values, task_id=fetch_and_compute_spread_btc_mxn, run_id=scheduled__2024-07-14T05:23:00+00:00, execution_date=20240714T052300, start_date=20240714T090145, end_date=20240714T090146
[2024-07-14T09:01:46.551+0000] {local_task_job_runner.py:240} INFO - Task exited with return code 0
[2024-07-14T09:01:46.603+0000] {taskinstance.py:3503} INFO - 0 downstream tasks scheduled from follow-on schedule check
[2024-07-14T09:01:46.613+0000] {local_task_job_runner.py:222} INFO - ::endgroup::
[2024-07-14T20:34:28.419+0000] {local_task_job_runner.py:120} INFO - ::group::Pre task execution logs
[2024-07-14T20:34:28.492+0000] {taskinstance.py:2076} INFO - Dependencies all met for dep_context=non-requeueable deps ti=<TaskInstance: fetch_spread_values.fetch_and_compute_spread_btc_mxn scheduled__2024-07-14T05:23:00+00:00 [queued]>
[2024-07-14T20:34:28.502+0000] {taskinstance.py:2076} INFO - Dependencies all met for dep_context=requeueable deps ti=<TaskInstance: fetch_spread_values.fetch_and_compute_spread_btc_mxn scheduled__2024-07-14T05:23:00+00:00 [queued]>
[2024-07-14T20:34:28.502+0000] {taskinstance.py:2306} INFO - Starting attempt 1 of 2
[2024-07-14T20:34:28.511+0000] {taskinstance.py:2330} INFO - Executing <Task(PythonOperator): fetch_and_compute_spread_btc_mxn> on 2024-07-14 05:23:00+00:00
[2024-07-14T20:34:28.516+0000] {logging_mixin.py:188} WARNING - /home/***/.local/lib/python3.12/site-packages/***/task/task_runner/standard_task_runner.py:61 DeprecationWarning: This process (pid=1502) is multi-threaded, use of fork() may lead to deadlocks in the child.
[2024-07-14T20:34:28.518+0000] {standard_task_runner.py:63} INFO - Started process 1513 to run task
[2024-07-14T20:34:28.517+0000] {standard_task_runner.py:90} INFO - Running: ['***', 'tasks', 'run', 'fetch_spread_values', 'fetch_and_compute_spread_btc_mxn', 'scheduled__2024-07-14T05:23:00+00:00', '--job-id', '652', '--raw', '--subdir', 'DAGS_FOLDER/***.py', '--cfg-path', '/tmp/tmpqyrb6207']
[2024-07-14T20:34:28.528+0000] {standard_task_runner.py:91} INFO - Job 652: Subtask fetch_and_compute_spread_btc_mxn
[2024-07-14T20:34:28.593+0000] {task_command.py:426} INFO - Running <TaskInstance: fetch_spread_values.fetch_and_compute_spread_btc_mxn scheduled__2024-07-14T05:23:00+00:00 [running]> on host 77caf7e4b282
[2024-07-14T20:34:28.715+0000] {taskinstance.py:2648} INFO - Exporting env vars: AIRFLOW_CTX_DAG_OWNER='***' AIRFLOW_CTX_DAG_ID='fetch_spread_values' AIRFLOW_CTX_TASK_ID='fetch_and_compute_spread_btc_mxn' AIRFLOW_CTX_EXECUTION_DATE='2024-07-14T05:23:00+00:00' AIRFLOW_CTX_TRY_NUMBER='1' AIRFLOW_CTX_DAG_RUN_ID='scheduled__2024-07-14T05:23:00+00:00'
[2024-07-14T20:34:28.718+0000] {taskinstance.py:430} INFO - ::endgroup::
[2024-07-14T20:34:28.928+0000] {python.py:237} INFO - Done. Returned value was: None
[2024-07-14T20:34:28.935+0000] {taskinstance.py:441} INFO - ::group::Post task execution logs
[2024-07-14T20:34:28.951+0000] {taskinstance.py:1206} INFO - Marking task as SUCCESS. dag_id=fetch_spread_values, task_id=fetch_and_compute_spread_btc_mxn, run_id=scheduled__2024-07-14T05:23:00+00:00, execution_date=20240714T052300, start_date=20240714T203428, end_date=20240714T203428
[2024-07-14T20:34:28.993+0000] {local_task_job_runner.py:240} INFO - Task exited with return code 0
[2024-07-14T20:34:29.011+0000] {taskinstance.py:3503} INFO - 0 downstream tasks scheduled from follow-on schedule check
[2024-07-14T20:34:29.014+0000] {local_task_job_runner.py:222} INFO - ::endgroup::
