[2024-07-14T12:50:34.272+0000] {local_task_job_runner.py:120} INFO - ::group::Pre task execution logs
[2024-07-14T12:50:34.285+0000] {taskinstance.py:2076} INFO - Dependencies all met for dep_context=non-requeueable deps ti=<TaskInstance: fetch_spread_values.fetch_and_compute_spread_btc_mxn scheduled__2024-07-14T12:49:00+00:00 [queued]>
[2024-07-14T12:50:34.289+0000] {taskinstance.py:2076} INFO - Dependencies all met for dep_context=requeueable deps ti=<TaskInstance: fetch_spread_values.fetch_and_compute_spread_btc_mxn scheduled__2024-07-14T12:49:00+00:00 [queued]>
[2024-07-14T12:50:34.290+0000] {taskinstance.py:2306} INFO - Starting attempt 1 of 2
[2024-07-14T12:50:34.298+0000] {taskinstance.py:2330} INFO - Executing <Task(PythonOperator): fetch_and_compute_spread_btc_mxn> on 2024-07-14 12:49:00+00:00
[2024-07-14T12:50:34.302+0000] {warnings.py:112} WARNING - /home/***/.local/lib/python3.12/site-packages/***/task/task_runner/standard_task_runner.py:61: DeprecationWarning: This process (pid=5478) is multi-threaded, use of fork() may lead to deadlocks in the child.
  pid = os.fork()

[2024-07-14T12:50:34.303+0000] {standard_task_runner.py:63} INFO - Started process 5496 to run task
[2024-07-14T12:50:34.303+0000] {standard_task_runner.py:90} INFO - Running: ['***', 'tasks', 'run', 'fetch_spread_values', 'fetch_and_compute_spread_btc_mxn', 'scheduled__2024-07-14T12:49:00+00:00', '--job-id', '1647', '--raw', '--subdir', 'DAGS_FOLDER/***.py', '--cfg-path', '/tmp/tmpyyb3_0rk']
[2024-07-14T12:50:34.305+0000] {standard_task_runner.py:91} INFO - Job 1647: Subtask fetch_and_compute_spread_btc_mxn
[2024-07-14T12:50:34.328+0000] {task_command.py:426} INFO - Running <TaskInstance: fetch_spread_values.fetch_and_compute_spread_btc_mxn scheduled__2024-07-14T12:49:00+00:00 [running]> on host d537c34a4880
[2024-07-14T12:50:34.372+0000] {taskinstance.py:2648} INFO - Exporting env vars: AIRFLOW_CTX_DAG_OWNER='***' AIRFLOW_CTX_DAG_ID='fetch_spread_values' AIRFLOW_CTX_TASK_ID='fetch_and_compute_spread_btc_mxn' AIRFLOW_CTX_EXECUTION_DATE='2024-07-14T12:49:00+00:00' AIRFLOW_CTX_TRY_NUMBER='1' AIRFLOW_CTX_DAG_RUN_ID='scheduled__2024-07-14T12:49:00+00:00'
[2024-07-14T12:50:34.374+0000] {taskinstance.py:430} INFO - ::endgroup::
[2024-07-14T12:50:34.517+0000] {python.py:237} INFO - Done. Returned value was: None
[2024-07-14T12:50:34.518+0000] {taskinstance.py:441} INFO - ::group::Post task execution logs
[2024-07-14T12:50:34.523+0000] {taskinstance.py:1206} INFO - Marking task as SUCCESS. dag_id=fetch_spread_values, task_id=fetch_and_compute_spread_btc_mxn, run_id=scheduled__2024-07-14T12:49:00+00:00, execution_date=20240714T124900, start_date=20240714T125034, end_date=20240714T125034
[2024-07-14T12:50:34.571+0000] {local_task_job_runner.py:240} INFO - Task exited with return code 0
[2024-07-14T12:50:34.581+0000] {taskinstance.py:3503} INFO - 0 downstream tasks scheduled from follow-on schedule check
[2024-07-14T12:50:34.582+0000] {local_task_job_runner.py:222} INFO - ::endgroup::
[2024-07-14T20:37:43.547+0000] {local_task_job_runner.py:120} INFO - ::group::Pre task execution logs
[2024-07-14T20:37:43.597+0000] {taskinstance.py:2076} INFO - Dependencies all met for dep_context=non-requeueable deps ti=<TaskInstance: fetch_spread_values.fetch_and_compute_spread_btc_mxn scheduled__2024-07-14T12:49:00+00:00 [queued]>
[2024-07-14T20:37:43.610+0000] {taskinstance.py:2076} INFO - Dependencies all met for dep_context=requeueable deps ti=<TaskInstance: fetch_spread_values.fetch_and_compute_spread_btc_mxn scheduled__2024-07-14T12:49:00+00:00 [queued]>
[2024-07-14T20:37:43.613+0000] {taskinstance.py:2306} INFO - Starting attempt 1 of 2
[2024-07-14T20:37:43.641+0000] {taskinstance.py:2330} INFO - Executing <Task(PythonOperator): fetch_and_compute_spread_btc_mxn> on 2024-07-14 12:49:00+00:00
[2024-07-14T20:37:43.651+0000] {logging_mixin.py:188} WARNING - /home/***/.local/lib/python3.12/site-packages/***/task/task_runner/standard_task_runner.py:61 DeprecationWarning: This process (pid=3560) is multi-threaded, use of fork() may lead to deadlocks in the child.
[2024-07-14T20:37:43.654+0000] {standard_task_runner.py:63} INFO - Started process 3570 to run task
[2024-07-14T20:37:43.651+0000] {standard_task_runner.py:90} INFO - Running: ['***', 'tasks', 'run', 'fetch_spread_values', 'fetch_and_compute_spread_btc_mxn', 'scheduled__2024-07-14T12:49:00+00:00', '--job-id', '1668', '--raw', '--subdir', 'DAGS_FOLDER/***.py', '--cfg-path', '/tmp/tmpgwzjcisx']
[2024-07-14T20:37:43.662+0000] {standard_task_runner.py:91} INFO - Job 1668: Subtask fetch_and_compute_spread_btc_mxn
[2024-07-14T20:37:43.730+0000] {task_command.py:426} INFO - Running <TaskInstance: fetch_spread_values.fetch_and_compute_spread_btc_mxn scheduled__2024-07-14T12:49:00+00:00 [running]> on host 77caf7e4b282
[2024-07-14T20:37:43.808+0000] {taskinstance.py:2648} INFO - Exporting env vars: AIRFLOW_CTX_DAG_OWNER='***' AIRFLOW_CTX_DAG_ID='fetch_spread_values' AIRFLOW_CTX_TASK_ID='fetch_and_compute_spread_btc_mxn' AIRFLOW_CTX_EXECUTION_DATE='2024-07-14T12:49:00+00:00' AIRFLOW_CTX_TRY_NUMBER='1' AIRFLOW_CTX_DAG_RUN_ID='scheduled__2024-07-14T12:49:00+00:00'
[2024-07-14T20:37:43.812+0000] {taskinstance.py:430} INFO - ::endgroup::
[2024-07-14T20:37:44.091+0000] {python.py:237} INFO - Done. Returned value was: None
[2024-07-14T20:37:44.095+0000] {taskinstance.py:441} INFO - ::group::Post task execution logs
[2024-07-14T20:37:44.112+0000] {taskinstance.py:1206} INFO - Marking task as SUCCESS. dag_id=fetch_spread_values, task_id=fetch_and_compute_spread_btc_mxn, run_id=scheduled__2024-07-14T12:49:00+00:00, execution_date=20240714T124900, start_date=20240714T203743, end_date=20240714T203744
[2024-07-14T20:37:44.170+0000] {local_task_job_runner.py:240} INFO - Task exited with return code 0
[2024-07-14T20:37:44.226+0000] {taskinstance.py:3503} INFO - 0 downstream tasks scheduled from follow-on schedule check
[2024-07-14T20:37:44.244+0000] {local_task_job_runner.py:222} INFO - ::endgroup::
