[2024-07-14T08:59:44.843+0000] {local_task_job_runner.py:120} INFO - ::group::Pre task execution logs
[2024-07-14T08:59:44.891+0000] {taskinstance.py:2076} INFO - Dependencies all met for dep_context=non-requeueable deps ti=<TaskInstance: fetch_spread_values.fetch_and_compute_spread_usd_mxn scheduled__2024-07-14T03:03:00+00:00 [queued]>
[2024-07-14T08:59:44.934+0000] {taskinstance.py:2076} INFO - Dependencies all met for dep_context=requeueable deps ti=<TaskInstance: fetch_spread_values.fetch_and_compute_spread_usd_mxn scheduled__2024-07-14T03:03:00+00:00 [queued]>
[2024-07-14T08:59:44.943+0000] {taskinstance.py:2306} INFO - Starting attempt 1 of 2
[2024-07-14T08:59:45.019+0000] {taskinstance.py:2330} INFO - Executing <Task(PythonOperator): fetch_and_compute_spread_usd_mxn> on 2024-07-14 03:03:00+00:00
[2024-07-14T08:59:45.063+0000] {warnings.py:112} WARNING - /home/***/.local/lib/python3.12/site-packages/***/task/task_runner/standard_task_runner.py:61: DeprecationWarning: This process (pid=1240) is multi-threaded, use of fork() may lead to deadlocks in the child.
  pid = os.fork()

[2024-07-14T08:59:45.065+0000] {standard_task_runner.py:63} INFO - Started process 1279 to run task
[2024-07-14T08:59:45.067+0000] {standard_task_runner.py:90} INFO - Running: ['***', 'tasks', 'run', 'fetch_spread_values', 'fetch_and_compute_spread_usd_mxn', 'scheduled__2024-07-14T03:03:00+00:00', '--job-id', '399', '--raw', '--subdir', 'DAGS_FOLDER/***.py', '--cfg-path', '/tmp/tmpklzzbw4_']
[2024-07-14T08:59:45.076+0000] {standard_task_runner.py:91} INFO - Job 399: Subtask fetch_and_compute_spread_usd_mxn
[2024-07-14T08:59:45.215+0000] {task_command.py:426} INFO - Running <TaskInstance: fetch_spread_values.fetch_and_compute_spread_usd_mxn scheduled__2024-07-14T03:03:00+00:00 [running]> on host d537c34a4880
[2024-07-14T08:59:45.474+0000] {taskinstance.py:2648} INFO - Exporting env vars: AIRFLOW_CTX_DAG_OWNER='***' AIRFLOW_CTX_DAG_ID='fetch_spread_values' AIRFLOW_CTX_TASK_ID='fetch_and_compute_spread_usd_mxn' AIRFLOW_CTX_EXECUTION_DATE='2024-07-14T03:03:00+00:00' AIRFLOW_CTX_TRY_NUMBER='1' AIRFLOW_CTX_DAG_RUN_ID='scheduled__2024-07-14T03:03:00+00:00'
[2024-07-14T08:59:45.483+0000] {taskinstance.py:430} INFO - ::endgroup::
[2024-07-14T08:59:45.754+0000] {python.py:237} INFO - Done. Returned value was: None
[2024-07-14T08:59:45.762+0000] {taskinstance.py:441} INFO - ::group::Post task execution logs
[2024-07-14T08:59:45.838+0000] {taskinstance.py:1206} INFO - Marking task as SUCCESS. dag_id=fetch_spread_values, task_id=fetch_and_compute_spread_usd_mxn, run_id=scheduled__2024-07-14T03:03:00+00:00, execution_date=20240714T030300, start_date=20240714T085944, end_date=20240714T085945
[2024-07-14T08:59:45.923+0000] {local_task_job_runner.py:240} INFO - Task exited with return code 0
[2024-07-14T08:59:45.991+0000] {local_task_job_runner.py:222} INFO - ::endgroup::
[2024-07-14T20:33:30.439+0000] {local_task_job_runner.py:120} INFO - ::group::Pre task execution logs
[2024-07-14T20:33:30.511+0000] {taskinstance.py:2076} INFO - Dependencies all met for dep_context=non-requeueable deps ti=<TaskInstance: fetch_spread_values.fetch_and_compute_spread_usd_mxn scheduled__2024-07-14T03:03:00+00:00 [queued]>
[2024-07-14T20:33:30.519+0000] {taskinstance.py:2076} INFO - Dependencies all met for dep_context=requeueable deps ti=<TaskInstance: fetch_spread_values.fetch_and_compute_spread_usd_mxn scheduled__2024-07-14T03:03:00+00:00 [queued]>
[2024-07-14T20:33:30.521+0000] {taskinstance.py:2306} INFO - Starting attempt 1 of 2
[2024-07-14T20:33:30.560+0000] {taskinstance.py:2330} INFO - Executing <Task(PythonOperator): fetch_and_compute_spread_usd_mxn> on 2024-07-14 03:03:00+00:00
[2024-07-14T20:33:30.567+0000] {standard_task_runner.py:90} INFO - Running: ['***', 'tasks', 'run', 'fetch_spread_values', 'fetch_and_compute_spread_usd_mxn', 'scheduled__2024-07-14T03:03:00+00:00', '--job-id', '371', '--raw', '--subdir', 'DAGS_FOLDER/***.py', '--cfg-path', '/tmp/tmp4ffjkxo8']
[2024-07-14T20:33:30.569+0000] {logging_mixin.py:188} WARNING - /home/***/.local/lib/python3.12/site-packages/***/task/task_runner/standard_task_runner.py:61 DeprecationWarning: This process (pid=930) is multi-threaded, use of fork() may lead to deadlocks in the child.
[2024-07-14T20:33:30.570+0000] {standard_task_runner.py:91} INFO - Job 371: Subtask fetch_and_compute_spread_usd_mxn
[2024-07-14T20:33:30.571+0000] {standard_task_runner.py:63} INFO - Started process 936 to run task
[2024-07-14T20:33:30.604+0000] {task_command.py:426} INFO - Running <TaskInstance: fetch_spread_values.fetch_and_compute_spread_usd_mxn scheduled__2024-07-14T03:03:00+00:00 [running]> on host 77caf7e4b282
[2024-07-14T20:33:30.656+0000] {taskinstance.py:2648} INFO - Exporting env vars: AIRFLOW_CTX_DAG_OWNER='***' AIRFLOW_CTX_DAG_ID='fetch_spread_values' AIRFLOW_CTX_TASK_ID='fetch_and_compute_spread_usd_mxn' AIRFLOW_CTX_EXECUTION_DATE='2024-07-14T03:03:00+00:00' AIRFLOW_CTX_TRY_NUMBER='1' AIRFLOW_CTX_DAG_RUN_ID='scheduled__2024-07-14T03:03:00+00:00'
[2024-07-14T20:33:30.657+0000] {taskinstance.py:430} INFO - ::endgroup::
[2024-07-14T20:33:30.828+0000] {python.py:237} INFO - Done. Returned value was: None
[2024-07-14T20:33:30.829+0000] {taskinstance.py:441} INFO - ::group::Post task execution logs
[2024-07-14T20:33:30.834+0000] {taskinstance.py:1206} INFO - Marking task as SUCCESS. dag_id=fetch_spread_values, task_id=fetch_and_compute_spread_usd_mxn, run_id=scheduled__2024-07-14T03:03:00+00:00, execution_date=20240714T030300, start_date=20240714T203330, end_date=20240714T203330
[2024-07-14T20:33:30.876+0000] {local_task_job_runner.py:240} INFO - Task exited with return code 0
[2024-07-14T20:33:30.885+0000] {taskinstance.py:3503} INFO - 0 downstream tasks scheduled from follow-on schedule check
[2024-07-14T20:33:30.886+0000] {local_task_job_runner.py:222} INFO - ::endgroup::
