[2024-07-14T16:13:12.938+0000] {local_task_job_runner.py:120} INFO - ::group::Pre task execution logs
[2024-07-14T16:13:12.950+0000] {taskinstance.py:2076} INFO - Dependencies all met for dep_context=non-requeueable deps ti=<TaskInstance: fetch_spread_values.fetch_and_compute_spread_btc_mxn scheduled__2024-07-14T16:11:00+00:00 [queued]>
[2024-07-14T16:13:12.955+0000] {taskinstance.py:2076} INFO - Dependencies all met for dep_context=requeueable deps ti=<TaskInstance: fetch_spread_values.fetch_and_compute_spread_btc_mxn scheduled__2024-07-14T16:11:00+00:00 [queued]>
[2024-07-14T16:13:12.955+0000] {taskinstance.py:2306} INFO - Starting attempt 1 of 2
[2024-07-14T16:13:12.964+0000] {taskinstance.py:2330} INFO - Executing <Task(PythonOperator): fetch_and_compute_spread_btc_mxn> on 2024-07-14 16:11:00+00:00
[2024-07-14T16:13:12.974+0000] {warnings.py:112} WARNING - /home/***/.local/lib/python3.12/site-packages/***/task/task_runner/standard_task_runner.py:61: DeprecationWarning: This process (pid=6894) is multi-threaded, use of fork() may lead to deadlocks in the child.
  pid = os.fork()

[2024-07-14T16:13:12.976+0000] {standard_task_runner.py:63} INFO - Started process 6914 to run task
[2024-07-14T16:13:12.975+0000] {standard_task_runner.py:90} INFO - Running: ['***', 'tasks', 'run', 'fetch_spread_values', 'fetch_and_compute_spread_btc_mxn', 'scheduled__2024-07-14T16:11:00+00:00', '--job-id', '2079', '--raw', '--subdir', 'DAGS_FOLDER/***.py', '--cfg-path', '/tmp/tmpge7xedsj']
[2024-07-14T16:13:12.980+0000] {standard_task_runner.py:91} INFO - Job 2079: Subtask fetch_and_compute_spread_btc_mxn
[2024-07-14T16:13:13.011+0000] {task_command.py:426} INFO - Running <TaskInstance: fetch_spread_values.fetch_and_compute_spread_btc_mxn scheduled__2024-07-14T16:11:00+00:00 [running]> on host d537c34a4880
[2024-07-14T16:13:13.064+0000] {taskinstance.py:2648} INFO - Exporting env vars: AIRFLOW_CTX_DAG_OWNER='***' AIRFLOW_CTX_DAG_ID='fetch_spread_values' AIRFLOW_CTX_TASK_ID='fetch_and_compute_spread_btc_mxn' AIRFLOW_CTX_EXECUTION_DATE='2024-07-14T16:11:00+00:00' AIRFLOW_CTX_TRY_NUMBER='1' AIRFLOW_CTX_DAG_RUN_ID='scheduled__2024-07-14T16:11:00+00:00'
[2024-07-14T16:13:13.065+0000] {taskinstance.py:430} INFO - ::endgroup::
[2024-07-14T16:13:13.232+0000] {python.py:237} INFO - Done. Returned value was: None
[2024-07-14T16:13:13.233+0000] {taskinstance.py:441} INFO - ::group::Post task execution logs
[2024-07-14T16:13:13.239+0000] {taskinstance.py:1206} INFO - Marking task as SUCCESS. dag_id=fetch_spread_values, task_id=fetch_and_compute_spread_btc_mxn, run_id=scheduled__2024-07-14T16:11:00+00:00, execution_date=20240714T161100, start_date=20240714T161312, end_date=20240714T161313
[2024-07-14T16:13:13.282+0000] {local_task_job_runner.py:240} INFO - Task exited with return code 0
[2024-07-14T16:13:13.292+0000] {taskinstance.py:3503} INFO - 0 downstream tasks scheduled from follow-on schedule check
[2024-07-14T16:13:13.294+0000] {local_task_job_runner.py:222} INFO - ::endgroup::
[2024-07-14T20:38:56.245+0000] {local_task_job_runner.py:120} INFO - ::group::Pre task execution logs
[2024-07-14T20:38:56.295+0000] {taskinstance.py:2076} INFO - Dependencies all met for dep_context=non-requeueable deps ti=<TaskInstance: fetch_spread_values.fetch_and_compute_spread_btc_mxn scheduled__2024-07-14T16:11:00+00:00 [queued]>
[2024-07-14T20:38:56.309+0000] {taskinstance.py:2076} INFO - Dependencies all met for dep_context=requeueable deps ti=<TaskInstance: fetch_spread_values.fetch_and_compute_spread_btc_mxn scheduled__2024-07-14T16:11:00+00:00 [queued]>
[2024-07-14T20:38:56.316+0000] {taskinstance.py:2306} INFO - Starting attempt 1 of 2
[2024-07-14T20:38:56.375+0000] {taskinstance.py:2330} INFO - Executing <Task(PythonOperator): fetch_and_compute_spread_btc_mxn> on 2024-07-14 16:11:00+00:00
[2024-07-14T20:38:56.383+0000] {standard_task_runner.py:90} INFO - Running: ['***', 'tasks', 'run', 'fetch_spread_values', 'fetch_and_compute_spread_btc_mxn', 'scheduled__2024-07-14T16:11:00+00:00', '--job-id', '2070', '--raw', '--subdir', 'DAGS_FOLDER/***.py', '--cfg-path', '/tmp/tmp53ct3l7d']
[2024-07-14T20:38:56.394+0000] {standard_task_runner.py:91} INFO - Job 2070: Subtask fetch_and_compute_spread_btc_mxn
[2024-07-14T20:38:56.384+0000] {logging_mixin.py:188} WARNING - /home/***/.local/lib/python3.12/site-packages/***/task/task_runner/standard_task_runner.py:61 DeprecationWarning: This process (pid=4383) is multi-threaded, use of fork() may lead to deadlocks in the child.
[2024-07-14T20:38:56.405+0000] {standard_task_runner.py:63} INFO - Started process 4393 to run task
[2024-07-14T20:38:56.490+0000] {task_command.py:426} INFO - Running <TaskInstance: fetch_spread_values.fetch_and_compute_spread_btc_mxn scheduled__2024-07-14T16:11:00+00:00 [running]> on host 77caf7e4b282
[2024-07-14T20:38:56.608+0000] {taskinstance.py:2648} INFO - Exporting env vars: AIRFLOW_CTX_DAG_OWNER='***' AIRFLOW_CTX_DAG_ID='fetch_spread_values' AIRFLOW_CTX_TASK_ID='fetch_and_compute_spread_btc_mxn' AIRFLOW_CTX_EXECUTION_DATE='2024-07-14T16:11:00+00:00' AIRFLOW_CTX_TRY_NUMBER='1' AIRFLOW_CTX_DAG_RUN_ID='scheduled__2024-07-14T16:11:00+00:00'
[2024-07-14T20:38:56.614+0000] {taskinstance.py:430} INFO - ::endgroup::
[2024-07-14T20:38:56.814+0000] {python.py:237} INFO - Done. Returned value was: None
[2024-07-14T20:38:56.816+0000] {taskinstance.py:441} INFO - ::group::Post task execution logs
[2024-07-14T20:38:56.825+0000] {taskinstance.py:1206} INFO - Marking task as SUCCESS. dag_id=fetch_spread_values, task_id=fetch_and_compute_spread_btc_mxn, run_id=scheduled__2024-07-14T16:11:00+00:00, execution_date=20240714T161100, start_date=20240714T203856, end_date=20240714T203856
[2024-07-14T20:38:56.853+0000] {local_task_job_runner.py:240} INFO - Task exited with return code 0
[2024-07-14T20:38:56.865+0000] {taskinstance.py:3503} INFO - 0 downstream tasks scheduled from follow-on schedule check
[2024-07-14T20:38:56.867+0000] {local_task_job_runner.py:222} INFO - ::endgroup::
