[2024-07-14T14:30:29.642+0000] {local_task_job_runner.py:120} INFO - ::group::Pre task execution logs
[2024-07-14T14:30:29.699+0000] {taskinstance.py:2076} INFO - Dependencies all met for dep_context=non-requeueable deps ti=<TaskInstance: fetch_spread_values.fetch_and_compute_spread_btc_mxn scheduled__2024-07-14T14:12:00+00:00 [queued]>
[2024-07-14T14:30:29.728+0000] {taskinstance.py:2076} INFO - Dependencies all met for dep_context=requeueable deps ti=<TaskInstance: fetch_spread_values.fetch_and_compute_spread_btc_mxn scheduled__2024-07-14T14:12:00+00:00 [queued]>
[2024-07-14T14:30:29.742+0000] {taskinstance.py:2306} INFO - Starting attempt 1 of 2
[2024-07-14T14:30:29.801+0000] {taskinstance.py:2330} INFO - Executing <Task(PythonOperator): fetch_and_compute_spread_btc_mxn> on 2024-07-14 14:12:00+00:00
[2024-07-14T14:30:29.826+0000] {standard_task_runner.py:90} INFO - Running: ['***', 'tasks', 'run', 'fetch_spread_values', 'fetch_and_compute_spread_btc_mxn', 'scheduled__2024-07-14T14:12:00+00:00', '--job-id', '1825', '--raw', '--subdir', 'DAGS_FOLDER/***.py', '--cfg-path', '/tmp/tmphmjdjc_7']
[2024-07-14T14:30:29.825+0000] {warnings.py:112} WARNING - /home/***/.local/lib/python3.12/site-packages/***/task/task_runner/standard_task_runner.py:61: DeprecationWarning: This process (pid=6084) is multi-threaded, use of fork() may lead to deadlocks in the child.
  pid = os.fork()

[2024-07-14T14:30:29.848+0000] {standard_task_runner.py:91} INFO - Job 1825: Subtask fetch_and_compute_spread_btc_mxn
[2024-07-14T14:30:29.848+0000] {standard_task_runner.py:63} INFO - Started process 6104 to run task
[2024-07-14T14:30:29.962+0000] {task_command.py:426} INFO - Running <TaskInstance: fetch_spread_values.fetch_and_compute_spread_btc_mxn scheduled__2024-07-14T14:12:00+00:00 [running]> on host d537c34a4880
[2024-07-14T14:30:30.254+0000] {taskinstance.py:2648} INFO - Exporting env vars: AIRFLOW_CTX_DAG_OWNER='***' AIRFLOW_CTX_DAG_ID='fetch_spread_values' AIRFLOW_CTX_TASK_ID='fetch_and_compute_spread_btc_mxn' AIRFLOW_CTX_EXECUTION_DATE='2024-07-14T14:12:00+00:00' AIRFLOW_CTX_TRY_NUMBER='1' AIRFLOW_CTX_DAG_RUN_ID='scheduled__2024-07-14T14:12:00+00:00'
[2024-07-14T14:30:30.270+0000] {taskinstance.py:430} INFO - ::endgroup::
[2024-07-14T14:30:30.848+0000] {python.py:237} INFO - Done. Returned value was: None
[2024-07-14T14:30:30.872+0000] {taskinstance.py:441} INFO - ::group::Post task execution logs
[2024-07-14T14:30:30.895+0000] {taskinstance.py:1206} INFO - Marking task as SUCCESS. dag_id=fetch_spread_values, task_id=fetch_and_compute_spread_btc_mxn, run_id=scheduled__2024-07-14T14:12:00+00:00, execution_date=20240714T141200, start_date=20240714T143029, end_date=20240714T143030
[2024-07-14T14:30:30.982+0000] {local_task_job_runner.py:240} INFO - Task exited with return code 0
[2024-07-14T14:30:31.118+0000] {taskinstance.py:3503} INFO - 0 downstream tasks scheduled from follow-on schedule check
[2024-07-14T14:30:31.160+0000] {local_task_job_runner.py:222} INFO - ::endgroup::
[2024-07-14T20:38:15.429+0000] {local_task_job_runner.py:120} INFO - ::group::Pre task execution logs
[2024-07-14T20:38:15.453+0000] {taskinstance.py:2076} INFO - Dependencies all met for dep_context=non-requeueable deps ti=<TaskInstance: fetch_spread_values.fetch_and_compute_spread_btc_mxn scheduled__2024-07-14T14:12:00+00:00 [queued]>
[2024-07-14T20:38:15.459+0000] {taskinstance.py:2076} INFO - Dependencies all met for dep_context=requeueable deps ti=<TaskInstance: fetch_spread_values.fetch_and_compute_spread_btc_mxn scheduled__2024-07-14T14:12:00+00:00 [queued]>
[2024-07-14T20:38:15.461+0000] {taskinstance.py:2306} INFO - Starting attempt 1 of 2
[2024-07-14T20:38:15.478+0000] {taskinstance.py:2330} INFO - Executing <Task(PythonOperator): fetch_and_compute_spread_btc_mxn> on 2024-07-14 14:12:00+00:00
[2024-07-14T20:38:15.484+0000] {logging_mixin.py:188} WARNING - /home/***/.local/lib/python3.12/site-packages/***/task/task_runner/standard_task_runner.py:61 DeprecationWarning: This process (pid=3897) is multi-threaded, use of fork() may lead to deadlocks in the child.
[2024-07-14T20:38:15.489+0000] {standard_task_runner.py:63} INFO - Started process 3908 to run task
[2024-07-14T20:38:15.487+0000] {standard_task_runner.py:90} INFO - Running: ['***', 'tasks', 'run', 'fetch_spread_values', 'fetch_and_compute_spread_btc_mxn', 'scheduled__2024-07-14T14:12:00+00:00', '--job-id', '1833', '--raw', '--subdir', 'DAGS_FOLDER/***.py', '--cfg-path', '/tmp/tmpejmlmq4t']
[2024-07-14T20:38:15.491+0000] {standard_task_runner.py:91} INFO - Job 1833: Subtask fetch_and_compute_spread_btc_mxn
[2024-07-14T20:38:15.534+0000] {task_command.py:426} INFO - Running <TaskInstance: fetch_spread_values.fetch_and_compute_spread_btc_mxn scheduled__2024-07-14T14:12:00+00:00 [running]> on host 77caf7e4b282
[2024-07-14T20:38:15.644+0000] {taskinstance.py:2648} INFO - Exporting env vars: AIRFLOW_CTX_DAG_OWNER='***' AIRFLOW_CTX_DAG_ID='fetch_spread_values' AIRFLOW_CTX_TASK_ID='fetch_and_compute_spread_btc_mxn' AIRFLOW_CTX_EXECUTION_DATE='2024-07-14T14:12:00+00:00' AIRFLOW_CTX_TRY_NUMBER='1' AIRFLOW_CTX_DAG_RUN_ID='scheduled__2024-07-14T14:12:00+00:00'
[2024-07-14T20:38:15.646+0000] {taskinstance.py:430} INFO - ::endgroup::
[2024-07-14T20:38:15.836+0000] {python.py:237} INFO - Done. Returned value was: None
[2024-07-14T20:38:15.836+0000] {taskinstance.py:441} INFO - ::group::Post task execution logs
[2024-07-14T20:38:15.852+0000] {taskinstance.py:1206} INFO - Marking task as SUCCESS. dag_id=fetch_spread_values, task_id=fetch_and_compute_spread_btc_mxn, run_id=scheduled__2024-07-14T14:12:00+00:00, execution_date=20240714T141200, start_date=20240714T203815, end_date=20240714T203815
[2024-07-14T20:38:15.879+0000] {local_task_job_runner.py:240} INFO - Task exited with return code 0
[2024-07-14T20:38:15.894+0000] {local_task_job_runner.py:222} INFO - ::endgroup::
