[2024-07-14T09:02:38.720+0000] {local_task_job_runner.py:120} INFO - ::group::Pre task execution logs
[2024-07-14T09:02:38.879+0000] {taskinstance.py:2076} INFO - Dependencies all met for dep_context=non-requeueable deps ti=<TaskInstance: fetch_spread_values.fetch_and_compute_spread_usd_mxn scheduled__2024-07-14T06:24:00+00:00 [queued]>
[2024-07-14T09:02:38.928+0000] {taskinstance.py:2076} INFO - Dependencies all met for dep_context=requeueable deps ti=<TaskInstance: fetch_spread_values.fetch_and_compute_spread_usd_mxn scheduled__2024-07-14T06:24:00+00:00 [queued]>
[2024-07-14T09:02:38.938+0000] {taskinstance.py:2306} INFO - Starting attempt 1 of 2
[2024-07-14T09:02:39.079+0000] {taskinstance.py:2330} INFO - Executing <Task(PythonOperator): fetch_and_compute_spread_usd_mxn> on 2024-07-14 06:24:00+00:00
[2024-07-14T09:02:39.119+0000] {warnings.py:112} WARNING - /home/***/.local/lib/python3.12/site-packages/***/task/task_runner/standard_task_runner.py:61: DeprecationWarning: This process (pid=2496) is multi-threaded, use of fork() may lead to deadlocks in the child.
  pid = os.fork()

[2024-07-14T09:02:39.131+0000] {standard_task_runner.py:63} INFO - Started process 2520 to run task
[2024-07-14T09:02:39.132+0000] {standard_task_runner.py:90} INFO - Running: ['***', 'tasks', 'run', 'fetch_spread_values', 'fetch_and_compute_spread_usd_mxn', 'scheduled__2024-07-14T06:24:00+00:00', '--job-id', '798', '--raw', '--subdir', 'DAGS_FOLDER/***.py', '--cfg-path', '/tmp/tmp9tpg58t0']
[2024-07-14T09:02:39.172+0000] {standard_task_runner.py:91} INFO - Job 798: Subtask fetch_and_compute_spread_usd_mxn
[2024-07-14T09:02:39.363+0000] {task_command.py:426} INFO - Running <TaskInstance: fetch_spread_values.fetch_and_compute_spread_usd_mxn scheduled__2024-07-14T06:24:00+00:00 [running]> on host d537c34a4880
[2024-07-14T09:02:39.743+0000] {taskinstance.py:2648} INFO - Exporting env vars: AIRFLOW_CTX_DAG_OWNER='***' AIRFLOW_CTX_DAG_ID='fetch_spread_values' AIRFLOW_CTX_TASK_ID='fetch_and_compute_spread_usd_mxn' AIRFLOW_CTX_EXECUTION_DATE='2024-07-14T06:24:00+00:00' AIRFLOW_CTX_TRY_NUMBER='1' AIRFLOW_CTX_DAG_RUN_ID='scheduled__2024-07-14T06:24:00+00:00'
[2024-07-14T09:02:39.750+0000] {taskinstance.py:430} INFO - ::endgroup::
[2024-07-14T09:02:40.436+0000] {python.py:237} INFO - Done. Returned value was: None
[2024-07-14T09:02:40.499+0000] {taskinstance.py:441} INFO - ::group::Post task execution logs
[2024-07-14T09:02:40.575+0000] {taskinstance.py:1206} INFO - Marking task as SUCCESS. dag_id=fetch_spread_values, task_id=fetch_and_compute_spread_usd_mxn, run_id=scheduled__2024-07-14T06:24:00+00:00, execution_date=20240714T062400, start_date=20240714T090238, end_date=20240714T090240
[2024-07-14T09:02:40.707+0000] {local_task_job_runner.py:240} INFO - Task exited with return code 0
[2024-07-14T09:02:40.758+0000] {taskinstance.py:3503} INFO - 0 downstream tasks scheduled from follow-on schedule check
[2024-07-14T09:02:40.872+0000] {local_task_job_runner.py:222} INFO - ::endgroup::
[2024-07-14T20:34:56.340+0000] {local_task_job_runner.py:120} INFO - ::group::Pre task execution logs
[2024-07-14T20:34:56.371+0000] {taskinstance.py:2076} INFO - Dependencies all met for dep_context=non-requeueable deps ti=<TaskInstance: fetch_spread_values.fetch_and_compute_spread_usd_mxn scheduled__2024-07-14T06:24:00+00:00 [queued]>
[2024-07-14T20:34:56.376+0000] {taskinstance.py:2076} INFO - Dependencies all met for dep_context=requeueable deps ti=<TaskInstance: fetch_spread_values.fetch_and_compute_spread_usd_mxn scheduled__2024-07-14T06:24:00+00:00 [queued]>
[2024-07-14T20:34:56.380+0000] {taskinstance.py:2306} INFO - Starting attempt 1 of 2
[2024-07-14T20:34:56.391+0000] {taskinstance.py:2330} INFO - Executing <Task(PythonOperator): fetch_and_compute_spread_usd_mxn> on 2024-07-14 06:24:00+00:00
[2024-07-14T20:34:56.398+0000] {logging_mixin.py:188} WARNING - /home/***/.local/lib/python3.12/site-packages/***/task/task_runner/standard_task_runner.py:61 DeprecationWarning: This process (pid=1834) is multi-threaded, use of fork() may lead to deadlocks in the child.
[2024-07-14T20:34:56.399+0000] {standard_task_runner.py:63} INFO - Started process 1845 to run task
[2024-07-14T20:34:56.400+0000] {standard_task_runner.py:90} INFO - Running: ['***', 'tasks', 'run', 'fetch_spread_values', 'fetch_and_compute_spread_usd_mxn', 'scheduled__2024-07-14T06:24:00+00:00', '--job-id', '815', '--raw', '--subdir', 'DAGS_FOLDER/***.py', '--cfg-path', '/tmp/tmph0v_cj7p']
[2024-07-14T20:34:56.411+0000] {standard_task_runner.py:91} INFO - Job 815: Subtask fetch_and_compute_spread_usd_mxn
[2024-07-14T20:34:56.493+0000] {task_command.py:426} INFO - Running <TaskInstance: fetch_spread_values.fetch_and_compute_spread_usd_mxn scheduled__2024-07-14T06:24:00+00:00 [running]> on host 77caf7e4b282
[2024-07-14T20:34:56.639+0000] {taskinstance.py:2648} INFO - Exporting env vars: AIRFLOW_CTX_DAG_OWNER='***' AIRFLOW_CTX_DAG_ID='fetch_spread_values' AIRFLOW_CTX_TASK_ID='fetch_and_compute_spread_usd_mxn' AIRFLOW_CTX_EXECUTION_DATE='2024-07-14T06:24:00+00:00' AIRFLOW_CTX_TRY_NUMBER='1' AIRFLOW_CTX_DAG_RUN_ID='scheduled__2024-07-14T06:24:00+00:00'
[2024-07-14T20:34:56.644+0000] {taskinstance.py:430} INFO - ::endgroup::
[2024-07-14T20:34:56.880+0000] {python.py:237} INFO - Done. Returned value was: None
[2024-07-14T20:34:56.884+0000] {taskinstance.py:441} INFO - ::group::Post task execution logs
[2024-07-14T20:34:56.901+0000] {taskinstance.py:1206} INFO - Marking task as SUCCESS. dag_id=fetch_spread_values, task_id=fetch_and_compute_spread_usd_mxn, run_id=scheduled__2024-07-14T06:24:00+00:00, execution_date=20240714T062400, start_date=20240714T203456, end_date=20240714T203456
[2024-07-14T20:34:56.965+0000] {local_task_job_runner.py:240} INFO - Task exited with return code 0
[2024-07-14T20:34:56.979+0000] {taskinstance.py:3503} INFO - 0 downstream tasks scheduled from follow-on schedule check
[2024-07-14T20:34:56.980+0000] {local_task_job_runner.py:222} INFO - ::endgroup::
