[2024-07-14T08:59:01.606+0000] {local_task_job_runner.py:120} INFO - ::group::Pre task execution logs
[2024-07-14T08:59:01.689+0000] {taskinstance.py:2076} INFO - Dependencies all met for dep_context=non-requeueable deps ti=<TaskInstance: fetch_spread_values.fetch_and_compute_spread_usd_mxn scheduled__2024-07-14T02:26:00+00:00 [queued]>
[2024-07-14T08:59:01.708+0000] {taskinstance.py:2076} INFO - Dependencies all met for dep_context=requeueable deps ti=<TaskInstance: fetch_spread_values.fetch_and_compute_spread_usd_mxn scheduled__2024-07-14T02:26:00+00:00 [queued]>
[2024-07-14T08:59:01.708+0000] {taskinstance.py:2306} INFO - Starting attempt 1 of 2
[2024-07-14T08:59:01.740+0000] {taskinstance.py:2330} INFO - Executing <Task(PythonOperator): fetch_and_compute_spread_usd_mxn> on 2024-07-14 02:26:00+00:00
[2024-07-14T08:59:01.764+0000] {standard_task_runner.py:90} INFO - Running: ['***', 'tasks', 'run', 'fetch_spread_values', 'fetch_and_compute_spread_usd_mxn', 'scheduled__2024-07-14T02:26:00+00:00', '--job-id', '323', '--raw', '--subdir', 'DAGS_FOLDER/***.py', '--cfg-path', '/tmp/tmpx9ui_9um']
[2024-07-14T08:59:01.784+0000] {standard_task_runner.py:91} INFO - Job 323: Subtask fetch_and_compute_spread_usd_mxn
[2024-07-14T08:59:01.782+0000] {warnings.py:112} WARNING - /home/***/.local/lib/python3.12/site-packages/***/task/task_runner/standard_task_runner.py:61: DeprecationWarning: This process (pid=1017) is multi-threaded, use of fork() may lead to deadlocks in the child.
  pid = os.fork()

[2024-07-14T08:59:01.790+0000] {standard_task_runner.py:63} INFO - Started process 1046 to run task
[2024-07-14T08:59:02.095+0000] {task_command.py:426} INFO - Running <TaskInstance: fetch_spread_values.fetch_and_compute_spread_usd_mxn scheduled__2024-07-14T02:26:00+00:00 [running]> on host d537c34a4880
[2024-07-14T08:59:02.289+0000] {taskinstance.py:2648} INFO - Exporting env vars: AIRFLOW_CTX_DAG_OWNER='***' AIRFLOW_CTX_DAG_ID='fetch_spread_values' AIRFLOW_CTX_TASK_ID='fetch_and_compute_spread_usd_mxn' AIRFLOW_CTX_EXECUTION_DATE='2024-07-14T02:26:00+00:00' AIRFLOW_CTX_TRY_NUMBER='1' AIRFLOW_CTX_DAG_RUN_ID='scheduled__2024-07-14T02:26:00+00:00'
[2024-07-14T08:59:02.296+0000] {taskinstance.py:430} INFO - ::endgroup::
[2024-07-14T08:59:02.640+0000] {python.py:237} INFO - Done. Returned value was: None
[2024-07-14T08:59:02.643+0000] {taskinstance.py:441} INFO - ::group::Post task execution logs
[2024-07-14T08:59:02.675+0000] {taskinstance.py:1206} INFO - Marking task as SUCCESS. dag_id=fetch_spread_values, task_id=fetch_and_compute_spread_usd_mxn, run_id=scheduled__2024-07-14T02:26:00+00:00, execution_date=20240714T022600, start_date=20240714T085901, end_date=20240714T085902
[2024-07-14T08:59:02.747+0000] {local_task_job_runner.py:240} INFO - Task exited with return code 0
[2024-07-14T08:59:02.777+0000] {local_task_job_runner.py:222} INFO - ::endgroup::
[2024-07-14T20:33:20.469+0000] {local_task_job_runner.py:120} INFO - ::group::Pre task execution logs
[2024-07-14T20:33:20.489+0000] {taskinstance.py:2076} INFO - Dependencies all met for dep_context=non-requeueable deps ti=<TaskInstance: fetch_spread_values.fetch_and_compute_spread_usd_mxn scheduled__2024-07-14T02:26:00+00:00 [queued]>
[2024-07-14T20:33:20.497+0000] {taskinstance.py:2076} INFO - Dependencies all met for dep_context=requeueable deps ti=<TaskInstance: fetch_spread_values.fetch_and_compute_spread_usd_mxn scheduled__2024-07-14T02:26:00+00:00 [queued]>
[2024-07-14T20:33:20.498+0000] {taskinstance.py:2306} INFO - Starting attempt 1 of 2
[2024-07-14T20:33:20.515+0000] {taskinstance.py:2330} INFO - Executing <Task(PythonOperator): fetch_and_compute_spread_usd_mxn> on 2024-07-14 02:26:00+00:00
[2024-07-14T20:33:20.524+0000] {logging_mixin.py:188} WARNING - /home/***/.local/lib/python3.12/site-packages/***/task/task_runner/standard_task_runner.py:61 DeprecationWarning: This process (pid=787) is multi-threaded, use of fork() may lead to deadlocks in the child.
[2024-07-14T20:33:20.525+0000] {standard_task_runner.py:90} INFO - Running: ['***', 'tasks', 'run', 'fetch_spread_values', 'fetch_and_compute_spread_usd_mxn', 'scheduled__2024-07-14T02:26:00+00:00', '--job-id', '297', '--raw', '--subdir', 'DAGS_FOLDER/***.py', '--cfg-path', '/tmp/tmpu58x4_x6']
[2024-07-14T20:33:20.527+0000] {standard_task_runner.py:63} INFO - Started process 795 to run task
[2024-07-14T20:33:20.529+0000] {standard_task_runner.py:91} INFO - Job 297: Subtask fetch_and_compute_spread_usd_mxn
[2024-07-14T20:33:20.571+0000] {task_command.py:426} INFO - Running <TaskInstance: fetch_spread_values.fetch_and_compute_spread_usd_mxn scheduled__2024-07-14T02:26:00+00:00 [running]> on host 77caf7e4b282
[2024-07-14T20:33:20.666+0000] {taskinstance.py:2648} INFO - Exporting env vars: AIRFLOW_CTX_DAG_OWNER='***' AIRFLOW_CTX_DAG_ID='fetch_spread_values' AIRFLOW_CTX_TASK_ID='fetch_and_compute_spread_usd_mxn' AIRFLOW_CTX_EXECUTION_DATE='2024-07-14T02:26:00+00:00' AIRFLOW_CTX_TRY_NUMBER='1' AIRFLOW_CTX_DAG_RUN_ID='scheduled__2024-07-14T02:26:00+00:00'
[2024-07-14T20:33:20.671+0000] {taskinstance.py:430} INFO - ::endgroup::
[2024-07-14T20:33:20.945+0000] {python.py:237} INFO - Done. Returned value was: None
[2024-07-14T20:33:20.948+0000] {taskinstance.py:441} INFO - ::group::Post task execution logs
[2024-07-14T20:33:20.965+0000] {taskinstance.py:1206} INFO - Marking task as SUCCESS. dag_id=fetch_spread_values, task_id=fetch_and_compute_spread_usd_mxn, run_id=scheduled__2024-07-14T02:26:00+00:00, execution_date=20240714T022600, start_date=20240714T203320, end_date=20240714T203320
[2024-07-14T20:33:21.001+0000] {local_task_job_runner.py:240} INFO - Task exited with return code 0
[2024-07-14T20:33:21.018+0000] {local_task_job_runner.py:222} INFO - ::endgroup::
