[2024-07-14T14:12:23.546+0000] {local_task_job_runner.py:120} INFO - ::group::Pre task execution logs
[2024-07-14T14:12:23.563+0000] {taskinstance.py:2076} INFO - Dependencies all met for dep_context=non-requeueable deps ti=<TaskInstance: fetch_spread_values.fetch_and_compute_spread_usd_mxn scheduled__2024-07-14T14:03:00+00:00 [queued]>
[2024-07-14T14:12:23.570+0000] {taskinstance.py:2076} INFO - Dependencies all met for dep_context=requeueable deps ti=<TaskInstance: fetch_spread_values.fetch_and_compute_spread_usd_mxn scheduled__2024-07-14T14:03:00+00:00 [queued]>
[2024-07-14T14:12:23.570+0000] {taskinstance.py:2306} INFO - Starting attempt 1 of 2
[2024-07-14T14:12:23.580+0000] {taskinstance.py:2330} INFO - Executing <Task(PythonOperator): fetch_and_compute_spread_usd_mxn> on 2024-07-14 14:03:00+00:00
[2024-07-14T14:12:23.585+0000] {warnings.py:112} WARNING - /home/***/.local/lib/python3.12/site-packages/***/task/task_runner/standard_task_runner.py:61: DeprecationWarning: This process (pid=6005) is multi-threaded, use of fork() may lead to deadlocks in the child.
  pid = os.fork()

[2024-07-14T14:12:23.586+0000] {standard_task_runner.py:63} INFO - Started process 6025 to run task
[2024-07-14T14:12:23.587+0000] {standard_task_runner.py:90} INFO - Running: ['***', 'tasks', 'run', 'fetch_spread_values', 'fetch_and_compute_spread_usd_mxn', 'scheduled__2024-07-14T14:03:00+00:00', '--job-id', '1807', '--raw', '--subdir', 'DAGS_FOLDER/***.py', '--cfg-path', '/tmp/tmpee08q4rl']
[2024-07-14T14:12:23.589+0000] {standard_task_runner.py:91} INFO - Job 1807: Subtask fetch_and_compute_spread_usd_mxn
[2024-07-14T14:12:23.640+0000] {task_command.py:426} INFO - Running <TaskInstance: fetch_spread_values.fetch_and_compute_spread_usd_mxn scheduled__2024-07-14T14:03:00+00:00 [running]> on host d537c34a4880
[2024-07-14T14:12:23.718+0000] {taskinstance.py:2648} INFO - Exporting env vars: AIRFLOW_CTX_DAG_OWNER='***' AIRFLOW_CTX_DAG_ID='fetch_spread_values' AIRFLOW_CTX_TASK_ID='fetch_and_compute_spread_usd_mxn' AIRFLOW_CTX_EXECUTION_DATE='2024-07-14T14:03:00+00:00' AIRFLOW_CTX_TRY_NUMBER='1' AIRFLOW_CTX_DAG_RUN_ID='scheduled__2024-07-14T14:03:00+00:00'
[2024-07-14T14:12:23.722+0000] {taskinstance.py:430} INFO - ::endgroup::
[2024-07-14T14:12:23.876+0000] {python.py:237} INFO - Done. Returned value was: None
[2024-07-14T14:12:23.877+0000] {taskinstance.py:441} INFO - ::group::Post task execution logs
[2024-07-14T14:12:23.884+0000] {taskinstance.py:1206} INFO - Marking task as SUCCESS. dag_id=fetch_spread_values, task_id=fetch_and_compute_spread_usd_mxn, run_id=scheduled__2024-07-14T14:03:00+00:00, execution_date=20240714T140300, start_date=20240714T141223, end_date=20240714T141223
[2024-07-14T14:12:23.933+0000] {local_task_job_runner.py:240} INFO - Task exited with return code 0
[2024-07-14T14:12:23.951+0000] {taskinstance.py:3503} INFO - 0 downstream tasks scheduled from follow-on schedule check
[2024-07-14T14:12:23.955+0000] {local_task_job_runner.py:222} INFO - ::endgroup::
[2024-07-14T20:38:13.334+0000] {local_task_job_runner.py:120} INFO - ::group::Pre task execution logs
[2024-07-14T20:38:13.355+0000] {taskinstance.py:2076} INFO - Dependencies all met for dep_context=non-requeueable deps ti=<TaskInstance: fetch_spread_values.fetch_and_compute_spread_usd_mxn scheduled__2024-07-14T14:03:00+00:00 [queued]>
[2024-07-14T20:38:13.365+0000] {taskinstance.py:2076} INFO - Dependencies all met for dep_context=requeueable deps ti=<TaskInstance: fetch_spread_values.fetch_and_compute_spread_usd_mxn scheduled__2024-07-14T14:03:00+00:00 [queued]>
[2024-07-14T20:38:13.366+0000] {taskinstance.py:2306} INFO - Starting attempt 1 of 2
[2024-07-14T20:38:13.400+0000] {taskinstance.py:2330} INFO - Executing <Task(PythonOperator): fetch_and_compute_spread_usd_mxn> on 2024-07-14 14:03:00+00:00
[2024-07-14T20:38:13.408+0000] {logging_mixin.py:188} WARNING - /home/***/.local/lib/python3.12/site-packages/***/task/task_runner/standard_task_runner.py:61 DeprecationWarning: This process (pid=3860) is multi-threaded, use of fork() may lead to deadlocks in the child.
[2024-07-14T20:38:13.408+0000] {standard_task_runner.py:90} INFO - Running: ['***', 'tasks', 'run', 'fetch_spread_values', 'fetch_and_compute_spread_usd_mxn', 'scheduled__2024-07-14T14:03:00+00:00', '--job-id', '1815', '--raw', '--subdir', 'DAGS_FOLDER/***.py', '--cfg-path', '/tmp/tmp47tytee8']
[2024-07-14T20:38:13.410+0000] {standard_task_runner.py:63} INFO - Started process 3874 to run task
[2024-07-14T20:38:13.415+0000] {standard_task_runner.py:91} INFO - Job 1815: Subtask fetch_and_compute_spread_usd_mxn
[2024-07-14T20:38:13.464+0000] {task_command.py:426} INFO - Running <TaskInstance: fetch_spread_values.fetch_and_compute_spread_usd_mxn scheduled__2024-07-14T14:03:00+00:00 [running]> on host 77caf7e4b282
[2024-07-14T20:38:13.548+0000] {taskinstance.py:2648} INFO - Exporting env vars: AIRFLOW_CTX_DAG_OWNER='***' AIRFLOW_CTX_DAG_ID='fetch_spread_values' AIRFLOW_CTX_TASK_ID='fetch_and_compute_spread_usd_mxn' AIRFLOW_CTX_EXECUTION_DATE='2024-07-14T14:03:00+00:00' AIRFLOW_CTX_TRY_NUMBER='1' AIRFLOW_CTX_DAG_RUN_ID='scheduled__2024-07-14T14:03:00+00:00'
[2024-07-14T20:38:13.551+0000] {taskinstance.py:430} INFO - ::endgroup::
[2024-07-14T20:38:13.726+0000] {python.py:237} INFO - Done. Returned value was: None
[2024-07-14T20:38:13.730+0000] {taskinstance.py:441} INFO - ::group::Post task execution logs
[2024-07-14T20:38:13.743+0000] {taskinstance.py:1206} INFO - Marking task as SUCCESS. dag_id=fetch_spread_values, task_id=fetch_and_compute_spread_usd_mxn, run_id=scheduled__2024-07-14T14:03:00+00:00, execution_date=20240714T140300, start_date=20240714T203813, end_date=20240714T203813
[2024-07-14T20:38:13.770+0000] {local_task_job_runner.py:240} INFO - Task exited with return code 0
[2024-07-14T20:38:13.785+0000] {taskinstance.py:3503} INFO - 0 downstream tasks scheduled from follow-on schedule check
[2024-07-14T20:38:13.795+0000] {local_task_job_runner.py:222} INFO - ::endgroup::
