[2024-07-14T13:51:11.533+0000] {local_task_job_runner.py:120} INFO - ::group::Pre task execution logs
[2024-07-14T13:51:11.602+0000] {taskinstance.py:2076} INFO - Dependencies all met for dep_context=non-requeueable deps ti=<TaskInstance: fetch_spread_values.fetch_and_compute_spread_usd_mxn scheduled__2024-07-14T13:47:00+00:00 [queued]>
[2024-07-14T13:51:11.620+0000] {taskinstance.py:2076} INFO - Dependencies all met for dep_context=requeueable deps ti=<TaskInstance: fetch_spread_values.fetch_and_compute_spread_usd_mxn scheduled__2024-07-14T13:47:00+00:00 [queued]>
[2024-07-14T13:51:11.622+0000] {taskinstance.py:2306} INFO - Starting attempt 1 of 2
[2024-07-14T13:51:11.682+0000] {taskinstance.py:2330} INFO - Executing <Task(PythonOperator): fetch_and_compute_spread_usd_mxn> on 2024-07-14 13:47:00+00:00
[2024-07-14T13:51:11.771+0000] {warnings.py:112} WARNING - /home/***/.local/lib/python3.12/site-packages/***/task/task_runner/standard_task_runner.py:61: DeprecationWarning: This process (pid=5878) is multi-threaded, use of fork() may lead to deadlocks in the child.
  pid = os.fork()

[2024-07-14T13:51:11.780+0000] {standard_task_runner.py:63} INFO - Started process 5907 to run task
[2024-07-14T13:51:11.774+0000] {standard_task_runner.py:90} INFO - Running: ['***', 'tasks', 'run', 'fetch_spread_values', 'fetch_and_compute_spread_usd_mxn', 'scheduled__2024-07-14T13:47:00+00:00', '--job-id', '1772', '--raw', '--subdir', 'DAGS_FOLDER/***.py', '--cfg-path', '/tmp/tmp0qik42ph']
[2024-07-14T13:51:11.783+0000] {standard_task_runner.py:91} INFO - Job 1772: Subtask fetch_and_compute_spread_usd_mxn
[2024-07-14T13:51:11.906+0000] {task_command.py:426} INFO - Running <TaskInstance: fetch_spread_values.fetch_and_compute_spread_usd_mxn scheduled__2024-07-14T13:47:00+00:00 [running]> on host d537c34a4880
[2024-07-14T13:51:12.000+0000] {taskinstance.py:2648} INFO - Exporting env vars: AIRFLOW_CTX_DAG_OWNER='***' AIRFLOW_CTX_DAG_ID='fetch_spread_values' AIRFLOW_CTX_TASK_ID='fetch_and_compute_spread_usd_mxn' AIRFLOW_CTX_EXECUTION_DATE='2024-07-14T13:47:00+00:00' AIRFLOW_CTX_TRY_NUMBER='1' AIRFLOW_CTX_DAG_RUN_ID='scheduled__2024-07-14T13:47:00+00:00'
[2024-07-14T13:51:12.005+0000] {taskinstance.py:430} INFO - ::endgroup::
[2024-07-14T13:51:12.192+0000] {python.py:237} INFO - Done. Returned value was: None
[2024-07-14T13:51:12.197+0000] {taskinstance.py:441} INFO - ::group::Post task execution logs
[2024-07-14T13:51:12.218+0000] {taskinstance.py:1206} INFO - Marking task as SUCCESS. dag_id=fetch_spread_values, task_id=fetch_and_compute_spread_usd_mxn, run_id=scheduled__2024-07-14T13:47:00+00:00, execution_date=20240714T134700, start_date=20240714T135111, end_date=20240714T135112
[2024-07-14T13:51:12.880+0000] {local_task_job_runner.py:240} INFO - Task exited with return code 0
[2024-07-14T13:51:12.992+0000] {taskinstance.py:3503} INFO - 0 downstream tasks scheduled from follow-on schedule check
[2024-07-14T13:51:13.020+0000] {local_task_job_runner.py:222} INFO - ::endgroup::
[2024-07-14T20:38:06.681+0000] {local_task_job_runner.py:120} INFO - ::group::Pre task execution logs
[2024-07-14T20:38:06.709+0000] {taskinstance.py:2076} INFO - Dependencies all met for dep_context=non-requeueable deps ti=<TaskInstance: fetch_spread_values.fetch_and_compute_spread_usd_mxn scheduled__2024-07-14T13:47:00+00:00 [queued]>
[2024-07-14T20:38:06.723+0000] {taskinstance.py:2076} INFO - Dependencies all met for dep_context=requeueable deps ti=<TaskInstance: fetch_spread_values.fetch_and_compute_spread_usd_mxn scheduled__2024-07-14T13:47:00+00:00 [queued]>
[2024-07-14T20:38:06.726+0000] {taskinstance.py:2306} INFO - Starting attempt 1 of 2
[2024-07-14T20:38:06.742+0000] {taskinstance.py:2330} INFO - Executing <Task(PythonOperator): fetch_and_compute_spread_usd_mxn> on 2024-07-14 13:47:00+00:00
[2024-07-14T20:38:06.746+0000] {standard_task_runner.py:90} INFO - Running: ['***', 'tasks', 'run', 'fetch_spread_values', 'fetch_and_compute_spread_usd_mxn', 'scheduled__2024-07-14T13:47:00+00:00', '--job-id', '1783', '--raw', '--subdir', 'DAGS_FOLDER/***.py', '--cfg-path', '/tmp/tmp81g87_qo']
[2024-07-14T20:38:06.746+0000] {logging_mixin.py:188} WARNING - /home/***/.local/lib/python3.12/site-packages/***/task/task_runner/standard_task_runner.py:61 DeprecationWarning: This process (pid=3797) is multi-threaded, use of fork() may lead to deadlocks in the child.
[2024-07-14T20:38:06.751+0000] {standard_task_runner.py:91} INFO - Job 1783: Subtask fetch_and_compute_spread_usd_mxn
[2024-07-14T20:38:06.752+0000] {standard_task_runner.py:63} INFO - Started process 3806 to run task
[2024-07-14T20:38:06.810+0000] {task_command.py:426} INFO - Running <TaskInstance: fetch_spread_values.fetch_and_compute_spread_usd_mxn scheduled__2024-07-14T13:47:00+00:00 [running]> on host 77caf7e4b282
[2024-07-14T20:38:06.865+0000] {taskinstance.py:2648} INFO - Exporting env vars: AIRFLOW_CTX_DAG_OWNER='***' AIRFLOW_CTX_DAG_ID='fetch_spread_values' AIRFLOW_CTX_TASK_ID='fetch_and_compute_spread_usd_mxn' AIRFLOW_CTX_EXECUTION_DATE='2024-07-14T13:47:00+00:00' AIRFLOW_CTX_TRY_NUMBER='1' AIRFLOW_CTX_DAG_RUN_ID='scheduled__2024-07-14T13:47:00+00:00'
[2024-07-14T20:38:06.866+0000] {taskinstance.py:430} INFO - ::endgroup::
[2024-07-14T20:38:07.053+0000] {python.py:237} INFO - Done. Returned value was: None
[2024-07-14T20:38:07.054+0000] {taskinstance.py:441} INFO - ::group::Post task execution logs
[2024-07-14T20:38:07.060+0000] {taskinstance.py:1206} INFO - Marking task as SUCCESS. dag_id=fetch_spread_values, task_id=fetch_and_compute_spread_usd_mxn, run_id=scheduled__2024-07-14T13:47:00+00:00, execution_date=20240714T134700, start_date=20240714T203806, end_date=20240714T203807
[2024-07-14T20:38:07.108+0000] {local_task_job_runner.py:240} INFO - Task exited with return code 0
[2024-07-14T20:38:07.132+0000] {taskinstance.py:3503} INFO - 0 downstream tasks scheduled from follow-on schedule check
[2024-07-14T20:38:07.133+0000] {local_task_job_runner.py:222} INFO - ::endgroup::
