[2024-07-14T09:00:04.690+0000] {local_task_job_runner.py:120} INFO - ::group::Pre task execution logs
[2024-07-14T09:00:04.727+0000] {taskinstance.py:2076} INFO - Dependencies all met for dep_context=non-requeueable deps ti=<TaskInstance: fetch_spread_values.fetch_and_compute_spread_usd_mxn scheduled__2024-07-14T03:26:00+00:00 [queued]>
[2024-07-14T09:00:04.747+0000] {taskinstance.py:2076} INFO - Dependencies all met for dep_context=requeueable deps ti=<TaskInstance: fetch_spread_values.fetch_and_compute_spread_usd_mxn scheduled__2024-07-14T03:26:00+00:00 [queued]>
[2024-07-14T09:00:04.754+0000] {taskinstance.py:2306} INFO - Starting attempt 1 of 2
[2024-07-14T09:00:04.775+0000] {taskinstance.py:2330} INFO - Executing <Task(PythonOperator): fetch_and_compute_spread_usd_mxn> on 2024-07-14 03:26:00+00:00
[2024-07-14T09:00:04.783+0000] {warnings.py:112} WARNING - /home/***/.local/lib/python3.12/site-packages/***/task/task_runner/standard_task_runner.py:61: DeprecationWarning: This process (pid=1382) is multi-threaded, use of fork() may lead to deadlocks in the child.
  pid = os.fork()

[2024-07-14T09:00:04.792+0000] {standard_task_runner.py:63} INFO - Started process 1416 to run task
[2024-07-14T09:00:04.790+0000] {standard_task_runner.py:90} INFO - Running: ['***', 'tasks', 'run', 'fetch_spread_values', 'fetch_and_compute_spread_usd_mxn', 'scheduled__2024-07-14T03:26:00+00:00', '--job-id', '443', '--raw', '--subdir', 'DAGS_FOLDER/***.py', '--cfg-path', '/tmp/tmph_hmb3gm']
[2024-07-14T09:00:04.800+0000] {standard_task_runner.py:91} INFO - Job 443: Subtask fetch_and_compute_spread_usd_mxn
[2024-07-14T09:00:05.035+0000] {task_command.py:426} INFO - Running <TaskInstance: fetch_spread_values.fetch_and_compute_spread_usd_mxn scheduled__2024-07-14T03:26:00+00:00 [running]> on host d537c34a4880
[2024-07-14T09:00:05.207+0000] {taskinstance.py:2648} INFO - Exporting env vars: AIRFLOW_CTX_DAG_OWNER='***' AIRFLOW_CTX_DAG_ID='fetch_spread_values' AIRFLOW_CTX_TASK_ID='fetch_and_compute_spread_usd_mxn' AIRFLOW_CTX_EXECUTION_DATE='2024-07-14T03:26:00+00:00' AIRFLOW_CTX_TRY_NUMBER='1' AIRFLOW_CTX_DAG_RUN_ID='scheduled__2024-07-14T03:26:00+00:00'
[2024-07-14T09:00:05.220+0000] {taskinstance.py:430} INFO - ::endgroup::
[2024-07-14T09:00:05.540+0000] {python.py:237} INFO - Done. Returned value was: None
[2024-07-14T09:00:05.545+0000] {taskinstance.py:441} INFO - ::group::Post task execution logs
[2024-07-14T09:00:05.563+0000] {taskinstance.py:1206} INFO - Marking task as SUCCESS. dag_id=fetch_spread_values, task_id=fetch_and_compute_spread_usd_mxn, run_id=scheduled__2024-07-14T03:26:00+00:00, execution_date=20240714T032600, start_date=20240714T090004, end_date=20240714T090005
[2024-07-14T09:00:05.647+0000] {local_task_job_runner.py:240} INFO - Task exited with return code 0
[2024-07-14T09:00:05.708+0000] {taskinstance.py:3503} INFO - 0 downstream tasks scheduled from follow-on schedule check
[2024-07-14T09:00:05.716+0000] {local_task_job_runner.py:222} INFO - ::endgroup::
[2024-07-14T20:33:38.934+0000] {local_task_job_runner.py:120} INFO - ::group::Pre task execution logs
[2024-07-14T20:33:38.978+0000] {taskinstance.py:2076} INFO - Dependencies all met for dep_context=non-requeueable deps ti=<TaskInstance: fetch_spread_values.fetch_and_compute_spread_usd_mxn scheduled__2024-07-14T03:26:00+00:00 [queued]>
[2024-07-14T20:33:38.983+0000] {taskinstance.py:2076} INFO - Dependencies all met for dep_context=requeueable deps ti=<TaskInstance: fetch_spread_values.fetch_and_compute_spread_usd_mxn scheduled__2024-07-14T03:26:00+00:00 [queued]>
[2024-07-14T20:33:38.985+0000] {taskinstance.py:2306} INFO - Starting attempt 1 of 2
[2024-07-14T20:33:39.000+0000] {taskinstance.py:2330} INFO - Executing <Task(PythonOperator): fetch_and_compute_spread_usd_mxn> on 2024-07-14 03:26:00+00:00
[2024-07-14T20:33:39.006+0000] {logging_mixin.py:188} WARNING - /home/***/.local/lib/python3.12/site-packages/***/task/task_runner/standard_task_runner.py:61 DeprecationWarning: This process (pid=1023) is multi-threaded, use of fork() may lead to deadlocks in the child.
[2024-07-14T20:33:39.007+0000] {standard_task_runner.py:90} INFO - Running: ['***', 'tasks', 'run', 'fetch_spread_values', 'fetch_and_compute_spread_usd_mxn', 'scheduled__2024-07-14T03:26:00+00:00', '--job-id', '417', '--raw', '--subdir', 'DAGS_FOLDER/***.py', '--cfg-path', '/tmp/tmpn1yx0afp']
[2024-07-14T20:33:39.011+0000] {standard_task_runner.py:63} INFO - Started process 1033 to run task
[2024-07-14T20:33:39.012+0000] {standard_task_runner.py:91} INFO - Job 417: Subtask fetch_and_compute_spread_usd_mxn
[2024-07-14T20:33:39.068+0000] {task_command.py:426} INFO - Running <TaskInstance: fetch_spread_values.fetch_and_compute_spread_usd_mxn scheduled__2024-07-14T03:26:00+00:00 [running]> on host 77caf7e4b282
[2024-07-14T20:33:39.161+0000] {taskinstance.py:2648} INFO - Exporting env vars: AIRFLOW_CTX_DAG_OWNER='***' AIRFLOW_CTX_DAG_ID='fetch_spread_values' AIRFLOW_CTX_TASK_ID='fetch_and_compute_spread_usd_mxn' AIRFLOW_CTX_EXECUTION_DATE='2024-07-14T03:26:00+00:00' AIRFLOW_CTX_TRY_NUMBER='1' AIRFLOW_CTX_DAG_RUN_ID='scheduled__2024-07-14T03:26:00+00:00'
[2024-07-14T20:33:39.162+0000] {taskinstance.py:430} INFO - ::endgroup::
[2024-07-14T20:33:39.426+0000] {python.py:237} INFO - Done. Returned value was: None
[2024-07-14T20:33:39.427+0000] {taskinstance.py:441} INFO - ::group::Post task execution logs
[2024-07-14T20:33:39.436+0000] {taskinstance.py:1206} INFO - Marking task as SUCCESS. dag_id=fetch_spread_values, task_id=fetch_and_compute_spread_usd_mxn, run_id=scheduled__2024-07-14T03:26:00+00:00, execution_date=20240714T032600, start_date=20240714T203338, end_date=20240714T203339
[2024-07-14T20:33:39.455+0000] {local_task_job_runner.py:240} INFO - Task exited with return code 0
[2024-07-14T20:33:39.472+0000] {taskinstance.py:3503} INFO - 0 downstream tasks scheduled from follow-on schedule check
[2024-07-14T20:33:39.475+0000] {local_task_job_runner.py:222} INFO - ::endgroup::
