[2024-07-14T11:30:52.372+0000] {local_task_job_runner.py:120} INFO - ::group::Pre task execution logs
[2024-07-14T11:30:52.486+0000] {taskinstance.py:2076} INFO - Dependencies all met for dep_context=non-requeueable deps ti=<TaskInstance: save_spread_values.save_and_flush_task scheduled__2024-07-14T11:10:00+00:00 [queued]>
[2024-07-14T11:30:52.494+0000] {taskinstance.py:2076} INFO - Dependencies all met for dep_context=requeueable deps ti=<TaskInstance: save_spread_values.save_and_flush_task scheduled__2024-07-14T11:10:00+00:00 [queued]>
[2024-07-14T11:30:52.495+0000] {taskinstance.py:2306} INFO - Starting attempt 1 of 2
[2024-07-14T11:30:52.528+0000] {taskinstance.py:2330} INFO - Executing <Task(PythonOperator): save_and_flush_task> on 2024-07-14 11:10:00+00:00
[2024-07-14T11:30:52.545+0000] {warnings.py:112} WARNING - /home/***/.local/lib/python3.12/site-packages/***/task/task_runner/standard_task_runner.py:61: DeprecationWarning: This process (pid=4810) is multi-threaded, use of fork() may lead to deadlocks in the child.
  pid = os.fork()

[2024-07-14T11:30:52.556+0000] {standard_task_runner.py:63} INFO - Started process 4839 to run task
[2024-07-14T11:30:52.553+0000] {standard_task_runner.py:90} INFO - Running: ['***', 'tasks', 'run', 'save_spread_values', 'save_and_flush_task', 'scheduled__2024-07-14T11:10:00+00:00', '--job-id', '1437', '--raw', '--subdir', 'DAGS_FOLDER/***.py', '--cfg-path', '/tmp/tmpn57w6et1']
[2024-07-14T11:30:52.572+0000] {standard_task_runner.py:91} INFO - Job 1437: Subtask save_and_flush_task
[2024-07-14T11:30:52.741+0000] {task_command.py:426} INFO - Running <TaskInstance: save_spread_values.save_and_flush_task scheduled__2024-07-14T11:10:00+00:00 [running]> on host d537c34a4880
[2024-07-14T11:30:53.098+0000] {taskinstance.py:2648} INFO - Exporting env vars: AIRFLOW_CTX_DAG_OWNER='***' AIRFLOW_CTX_DAG_ID='save_spread_values' AIRFLOW_CTX_TASK_ID='save_and_flush_task' AIRFLOW_CTX_EXECUTION_DATE='2024-07-14T11:10:00+00:00' AIRFLOW_CTX_TRY_NUMBER='1' AIRFLOW_CTX_DAG_RUN_ID='scheduled__2024-07-14T11:10:00+00:00'
[2024-07-14T11:30:53.146+0000] {taskinstance.py:430} INFO - ::endgroup::
[2024-07-14T11:30:53.170+0000] {python.py:237} INFO - Done. Returned value was: None
[2024-07-14T11:30:53.181+0000] {taskinstance.py:441} INFO - ::group::Post task execution logs
[2024-07-14T11:30:53.197+0000] {taskinstance.py:1206} INFO - Marking task as SUCCESS. dag_id=save_spread_values, task_id=save_and_flush_task, run_id=scheduled__2024-07-14T11:10:00+00:00, execution_date=20240714T111000, start_date=20240714T113052, end_date=20240714T113053
[2024-07-14T11:30:53.298+0000] {local_task_job_runner.py:240} INFO - Task exited with return code 0
[2024-07-14T11:30:53.316+0000] {local_task_job_runner.py:222} INFO - ::endgroup::
[2024-07-14T20:35:08.018+0000] {local_task_job_runner.py:120} INFO - ::group::Pre task execution logs
[2024-07-14T20:35:08.048+0000] {taskinstance.py:2076} INFO - Dependencies all met for dep_context=non-requeueable deps ti=<TaskInstance: save_spread_values.save_and_flush_task scheduled__2024-07-14T11:10:00+00:00 [queued]>
[2024-07-14T20:35:08.054+0000] {taskinstance.py:2076} INFO - Dependencies all met for dep_context=requeueable deps ti=<TaskInstance: save_spread_values.save_and_flush_task scheduled__2024-07-14T11:10:00+00:00 [queued]>
[2024-07-14T20:35:08.057+0000] {taskinstance.py:2306} INFO - Starting attempt 1 of 2
[2024-07-14T20:35:08.086+0000] {taskinstance.py:2330} INFO - Executing <Task(PythonOperator): save_and_flush_task> on 2024-07-14 11:10:00+00:00
[2024-07-14T20:35:08.093+0000] {standard_task_runner.py:90} INFO - Running: ['***', 'tasks', 'run', 'save_spread_values', 'save_and_flush_task', 'scheduled__2024-07-14T11:10:00+00:00', '--job-id', '898', '--raw', '--subdir', 'DAGS_FOLDER/***.py', '--cfg-path', '/tmp/tmp78apml8p']
[2024-07-14T20:35:08.102+0000] {standard_task_runner.py:91} INFO - Job 898: Subtask save_and_flush_task
[2024-07-14T20:35:08.094+0000] {logging_mixin.py:188} WARNING - /home/***/.local/lib/python3.12/site-packages/***/task/task_runner/standard_task_runner.py:61 DeprecationWarning: This process (pid=2001) is multi-threaded, use of fork() may lead to deadlocks in the child.
[2024-07-14T20:35:08.116+0000] {standard_task_runner.py:63} INFO - Started process 2010 to run task
[2024-07-14T20:35:08.162+0000] {task_command.py:426} INFO - Running <TaskInstance: save_spread_values.save_and_flush_task scheduled__2024-07-14T11:10:00+00:00 [running]> on host 77caf7e4b282
[2024-07-14T20:35:08.307+0000] {taskinstance.py:2648} INFO - Exporting env vars: AIRFLOW_CTX_DAG_OWNER='***' AIRFLOW_CTX_DAG_ID='save_spread_values' AIRFLOW_CTX_TASK_ID='save_and_flush_task' AIRFLOW_CTX_EXECUTION_DATE='2024-07-14T11:10:00+00:00' AIRFLOW_CTX_TRY_NUMBER='1' AIRFLOW_CTX_DAG_RUN_ID='scheduled__2024-07-14T11:10:00+00:00'
[2024-07-14T20:35:08.307+0000] {taskinstance.py:430} INFO - ::endgroup::
[2024-07-14T20:35:08.334+0000] {python.py:237} INFO - Done. Returned value was: None
[2024-07-14T20:35:08.338+0000] {taskinstance.py:441} INFO - ::group::Post task execution logs
[2024-07-14T20:35:08.352+0000] {taskinstance.py:1206} INFO - Marking task as SUCCESS. dag_id=save_spread_values, task_id=save_and_flush_task, run_id=scheduled__2024-07-14T11:10:00+00:00, execution_date=20240714T111000, start_date=20240714T203508, end_date=20240714T203508
[2024-07-14T20:35:08.390+0000] {local_task_job_runner.py:240} INFO - Task exited with return code 0
[2024-07-14T20:35:08.411+0000] {taskinstance.py:3503} INFO - 0 downstream tasks scheduled from follow-on schedule check
[2024-07-14T20:35:08.418+0000] {local_task_job_runner.py:222} INFO - ::endgroup::
[2024-07-15T06:34:38.755+0000] {local_task_job_runner.py:120} INFO - ::group::Pre task execution logs
[2024-07-15T06:34:38.799+0000] {taskinstance.py:2076} INFO - Dependencies all met for dep_context=non-requeueable deps ti=<TaskInstance: save_spread_values.save_and_flush_task scheduled__2024-07-14T11:10:00+00:00 [queued]>
[2024-07-15T06:34:38.818+0000] {taskinstance.py:2076} INFO - Dependencies all met for dep_context=requeueable deps ti=<TaskInstance: save_spread_values.save_and_flush_task scheduled__2024-07-14T11:10:00+00:00 [queued]>
[2024-07-15T06:34:38.820+0000] {taskinstance.py:2306} INFO - Starting attempt 1 of 2
[2024-07-15T06:34:38.901+0000] {taskinstance.py:2330} INFO - Executing <Task(PythonOperator): save_and_flush_task> on 2024-07-14 11:10:00+00:00
[2024-07-15T06:34:38.917+0000] {logging_mixin.py:188} WARNING - /home/***/.local/lib/python3.12/site-packages/***/task/task_runner/standard_task_runner.py:61 DeprecationWarning: This process (pid=3381) is multi-threaded, use of fork() may lead to deadlocks in the child.
[2024-07-15T06:34:38.920+0000] {standard_task_runner.py:63} INFO - Started process 3398 to run task
[2024-07-15T06:34:38.915+0000] {standard_task_runner.py:90} INFO - Running: ['***', 'tasks', 'run', 'save_spread_values', 'save_and_flush_task', 'scheduled__2024-07-14T11:10:00+00:00', '--job-id', '401', '--raw', '--subdir', 'DAGS_FOLDER/et_dag.py', '--cfg-path', '/tmp/tmp5c5n5bh4']
[2024-07-15T06:34:38.924+0000] {standard_task_runner.py:91} INFO - Job 401: Subtask save_and_flush_task
[2024-07-15T06:34:39.014+0000] {task_command.py:426} INFO - Running <TaskInstance: save_spread_values.save_and_flush_task scheduled__2024-07-14T11:10:00+00:00 [running]> on host 52e7a9c3d832
[2024-07-15T06:34:39.140+0000] {taskinstance.py:2648} INFO - Exporting env vars: AIRFLOW_CTX_DAG_OWNER='***' AIRFLOW_CTX_DAG_ID='save_spread_values' AIRFLOW_CTX_TASK_ID='save_and_flush_task' AIRFLOW_CTX_EXECUTION_DATE='2024-07-14T11:10:00+00:00' AIRFLOW_CTX_TRY_NUMBER='1' AIRFLOW_CTX_DAG_RUN_ID='scheduled__2024-07-14T11:10:00+00:00'
[2024-07-15T06:34:39.143+0000] {taskinstance.py:430} INFO - ::endgroup::
[2024-07-15T06:34:39.168+0000] {taskinstance.py:441} INFO - ::group::Post task execution logs
[2024-07-15T06:34:39.169+0000] {taskinstance.py:2905} ERROR - Task failed with exception
Traceback (most recent call last):
  File "/home/airflow/.local/lib/python3.12/site-packages/airflow/models/taskinstance.py", line 465, in _execute_task
    result = _execute_callable(context=context, **execute_callable_kwargs)
             ^^^^^^^^^^^^^^^^^^^^^^^^^^^^^^^^^^^^^^^^^^^^^^^^^^^^^^^^^^^^^
  File "/home/airflow/.local/lib/python3.12/site-packages/airflow/models/taskinstance.py", line 432, in _execute_callable
    return execute_callable(context=context, **execute_callable_kwargs)
           ^^^^^^^^^^^^^^^^^^^^^^^^^^^^^^^^^^^^^^^^^^^^^^^^^^^^^^^^^^^^
  File "/home/airflow/.local/lib/python3.12/site-packages/airflow/models/baseoperator.py", line 401, in wrapper
    return func(self, *args, **kwargs)
           ^^^^^^^^^^^^^^^^^^^^^^^^^^^
  File "/home/airflow/.local/lib/python3.12/site-packages/airflow/operators/python.py", line 235, in execute
    return_value = self.execute_callable()
                   ^^^^^^^^^^^^^^^^^^^^^^^
  File "/home/airflow/.local/lib/python3.12/site-packages/airflow/operators/python.py", line 252, in execute_callable
    return self.python_callable(*self.op_args, **self.op_kwargs)
           ^^^^^^^^^^^^^^^^^^^^^^^^^^^^^^^^^^^^^^^^^^^^^^^^^^^^^
  File "/opt/airflow/dags/et_dag.py", line 38, in trigger_save_and_flush
    logging('Invoking method to save data from records')
TypeError: 'module' object is not callable
[2024-07-15T06:34:39.180+0000] {taskinstance.py:1206} INFO - Marking task as UP_FOR_RETRY. dag_id=save_spread_values, task_id=save_and_flush_task, run_id=scheduled__2024-07-14T11:10:00+00:00, execution_date=20240714T111000, start_date=20240715T063438, end_date=20240715T063439
[2024-07-15T06:34:39.201+0000] {standard_task_runner.py:110} ERROR - Failed to execute job 401 for task save_and_flush_task ('module' object is not callable; 3398)
[2024-07-15T06:34:39.236+0000] {local_task_job_runner.py:240} INFO - Task exited with return code 1
[2024-07-15T06:34:39.254+0000] {taskinstance.py:3503} INFO - 0 downstream tasks scheduled from follow-on schedule check
[2024-07-15T06:34:39.259+0000] {local_task_job_runner.py:222} INFO - ::endgroup::
