[2024-07-14T14:48:48.058+0000] {local_task_job_runner.py:120} INFO - ::group::Pre task execution logs
[2024-07-14T14:48:48.116+0000] {taskinstance.py:2076} INFO - Dependencies all met for dep_context=non-requeueable deps ti=<TaskInstance: fetch_spread_values.fetch_and_compute_spread_usd_mxn scheduled__2024-07-14T14:46:00+00:00 [queued]>
[2024-07-14T14:48:48.125+0000] {taskinstance.py:2076} INFO - Dependencies all met for dep_context=requeueable deps ti=<TaskInstance: fetch_spread_values.fetch_and_compute_spread_usd_mxn scheduled__2024-07-14T14:46:00+00:00 [queued]>
[2024-07-14T14:48:48.129+0000] {taskinstance.py:2306} INFO - Starting attempt 1 of 2
[2024-07-14T14:48:48.164+0000] {taskinstance.py:2330} INFO - Executing <Task(PythonOperator): fetch_and_compute_spread_usd_mxn> on 2024-07-14 14:46:00+00:00
[2024-07-14T14:48:48.177+0000] {warnings.py:112} WARNING - /home/***/.local/lib/python3.12/site-packages/***/task/task_runner/standard_task_runner.py:61: DeprecationWarning: This process (pid=6303) is multi-threaded, use of fork() may lead to deadlocks in the child.
  pid = os.fork()

[2024-07-14T14:48:48.181+0000] {standard_task_runner.py:63} INFO - Started process 6323 to run task
[2024-07-14T14:48:48.195+0000] {standard_task_runner.py:90} INFO - Running: ['***', 'tasks', 'run', 'fetch_spread_values', 'fetch_and_compute_spread_usd_mxn', 'scheduled__2024-07-14T14:46:00+00:00', '--job-id', '1898', '--raw', '--subdir', 'DAGS_FOLDER/***.py', '--cfg-path', '/tmp/tmp_g57uqm9']
[2024-07-14T14:48:48.206+0000] {standard_task_runner.py:91} INFO - Job 1898: Subtask fetch_and_compute_spread_usd_mxn
[2024-07-14T14:48:48.273+0000] {task_command.py:426} INFO - Running <TaskInstance: fetch_spread_values.fetch_and_compute_spread_usd_mxn scheduled__2024-07-14T14:46:00+00:00 [running]> on host d537c34a4880
[2024-07-14T14:48:48.371+0000] {taskinstance.py:2648} INFO - Exporting env vars: AIRFLOW_CTX_DAG_OWNER='***' AIRFLOW_CTX_DAG_ID='fetch_spread_values' AIRFLOW_CTX_TASK_ID='fetch_and_compute_spread_usd_mxn' AIRFLOW_CTX_EXECUTION_DATE='2024-07-14T14:46:00+00:00' AIRFLOW_CTX_TRY_NUMBER='1' AIRFLOW_CTX_DAG_RUN_ID='scheduled__2024-07-14T14:46:00+00:00'
[2024-07-14T14:48:48.376+0000] {taskinstance.py:430} INFO - ::endgroup::
[2024-07-14T14:48:48.738+0000] {python.py:237} INFO - Done. Returned value was: None
[2024-07-14T14:48:48.739+0000] {taskinstance.py:441} INFO - ::group::Post task execution logs
[2024-07-14T14:48:48.744+0000] {taskinstance.py:1206} INFO - Marking task as SUCCESS. dag_id=fetch_spread_values, task_id=fetch_and_compute_spread_usd_mxn, run_id=scheduled__2024-07-14T14:46:00+00:00, execution_date=20240714T144600, start_date=20240714T144848, end_date=20240714T144848
[2024-07-14T14:48:48.781+0000] {local_task_job_runner.py:240} INFO - Task exited with return code 0
[2024-07-14T14:48:48.793+0000] {taskinstance.py:3503} INFO - 0 downstream tasks scheduled from follow-on schedule check
[2024-07-14T14:48:48.794+0000] {local_task_job_runner.py:222} INFO - ::endgroup::
[2024-07-14T20:38:25.244+0000] {local_task_job_runner.py:120} INFO - ::group::Pre task execution logs
[2024-07-14T20:38:25.260+0000] {taskinstance.py:2076} INFO - Dependencies all met for dep_context=non-requeueable deps ti=<TaskInstance: fetch_spread_values.fetch_and_compute_spread_usd_mxn scheduled__2024-07-14T14:46:00+00:00 [queued]>
[2024-07-14T20:38:25.264+0000] {taskinstance.py:2076} INFO - Dependencies all met for dep_context=requeueable deps ti=<TaskInstance: fetch_spread_values.fetch_and_compute_spread_usd_mxn scheduled__2024-07-14T14:46:00+00:00 [queued]>
[2024-07-14T20:38:25.265+0000] {taskinstance.py:2306} INFO - Starting attempt 1 of 2
[2024-07-14T20:38:25.272+0000] {taskinstance.py:2330} INFO - Executing <Task(PythonOperator): fetch_and_compute_spread_usd_mxn> on 2024-07-14 14:46:00+00:00
[2024-07-14T20:38:25.278+0000] {logging_mixin.py:188} WARNING - /home/***/.local/lib/python3.12/site-packages/***/task/task_runner/standard_task_runner.py:61 DeprecationWarning: This process (pid=4041) is multi-threaded, use of fork() may lead to deadlocks in the child.
[2024-07-14T20:38:25.278+0000] {standard_task_runner.py:63} INFO - Started process 4045 to run task
[2024-07-14T20:38:25.278+0000] {standard_task_runner.py:90} INFO - Running: ['***', 'tasks', 'run', 'fetch_spread_values', 'fetch_and_compute_spread_usd_mxn', 'scheduled__2024-07-14T14:46:00+00:00', '--job-id', '1900', '--raw', '--subdir', 'DAGS_FOLDER/***.py', '--cfg-path', '/tmp/tmp7zravgjq']
[2024-07-14T20:38:25.279+0000] {standard_task_runner.py:91} INFO - Job 1900: Subtask fetch_and_compute_spread_usd_mxn
[2024-07-14T20:38:25.305+0000] {task_command.py:426} INFO - Running <TaskInstance: fetch_spread_values.fetch_and_compute_spread_usd_mxn scheduled__2024-07-14T14:46:00+00:00 [running]> on host 77caf7e4b282
[2024-07-14T20:38:25.354+0000] {taskinstance.py:2648} INFO - Exporting env vars: AIRFLOW_CTX_DAG_OWNER='***' AIRFLOW_CTX_DAG_ID='fetch_spread_values' AIRFLOW_CTX_TASK_ID='fetch_and_compute_spread_usd_mxn' AIRFLOW_CTX_EXECUTION_DATE='2024-07-14T14:46:00+00:00' AIRFLOW_CTX_TRY_NUMBER='1' AIRFLOW_CTX_DAG_RUN_ID='scheduled__2024-07-14T14:46:00+00:00'
[2024-07-14T20:38:25.354+0000] {taskinstance.py:430} INFO - ::endgroup::
[2024-07-14T20:38:25.518+0000] {python.py:237} INFO - Done. Returned value was: None
[2024-07-14T20:38:25.519+0000] {taskinstance.py:441} INFO - ::group::Post task execution logs
[2024-07-14T20:38:25.526+0000] {taskinstance.py:1206} INFO - Marking task as SUCCESS. dag_id=fetch_spread_values, task_id=fetch_and_compute_spread_usd_mxn, run_id=scheduled__2024-07-14T14:46:00+00:00, execution_date=20240714T144600, start_date=20240714T203825, end_date=20240714T203825
[2024-07-14T20:38:25.542+0000] {local_task_job_runner.py:240} INFO - Task exited with return code 0
[2024-07-14T20:38:25.549+0000] {local_task_job_runner.py:222} INFO - ::endgroup::
