[2024-07-14T09:05:33.768+0000] {local_task_job_runner.py:120} INFO - ::group::Pre task execution logs
[2024-07-14T09:05:33.868+0000] {taskinstance.py:2076} INFO - Dependencies all met for dep_context=non-requeueable deps ti=<TaskInstance: save_spread_values.save_and_flush_task scheduled__2024-07-14T06:20:00+00:00 [queued]>
[2024-07-14T09:05:33.893+0000] {taskinstance.py:2076} INFO - Dependencies all met for dep_context=requeueable deps ti=<TaskInstance: save_spread_values.save_and_flush_task scheduled__2024-07-14T06:20:00+00:00 [queued]>
[2024-07-14T09:05:33.893+0000] {taskinstance.py:2306} INFO - Starting attempt 1 of 2
[2024-07-14T09:05:34.248+0000] {taskinstance.py:2330} INFO - Executing <Task(PythonOperator): save_and_flush_task> on 2024-07-14 06:20:00+00:00
[2024-07-14T09:05:34.265+0000] {warnings.py:112} WARNING - /home/***/.local/lib/python3.12/site-packages/***/task/task_runner/standard_task_runner.py:61: DeprecationWarning: This process (pid=3604) is multi-threaded, use of fork() may lead to deadlocks in the child.
  pid = os.fork()

[2024-07-14T09:05:34.270+0000] {standard_task_runner.py:63} INFO - Started process 3624 to run task
[2024-07-14T09:05:34.276+0000] {standard_task_runner.py:90} INFO - Running: ['***', 'tasks', 'run', 'save_spread_values', 'save_and_flush_task', 'scheduled__2024-07-14T06:20:00+00:00', '--job-id', '1156', '--raw', '--subdir', 'DAGS_FOLDER/***.py', '--cfg-path', '/tmp/tmpfjgs15p6']
[2024-07-14T09:05:34.287+0000] {standard_task_runner.py:91} INFO - Job 1156: Subtask save_and_flush_task
[2024-07-14T09:05:34.444+0000] {task_command.py:426} INFO - Running <TaskInstance: save_spread_values.save_and_flush_task scheduled__2024-07-14T06:20:00+00:00 [running]> on host d537c34a4880
[2024-07-14T09:05:34.737+0000] {taskinstance.py:2648} INFO - Exporting env vars: AIRFLOW_CTX_DAG_OWNER='***' AIRFLOW_CTX_DAG_ID='save_spread_values' AIRFLOW_CTX_TASK_ID='save_and_flush_task' AIRFLOW_CTX_EXECUTION_DATE='2024-07-14T06:20:00+00:00' AIRFLOW_CTX_TRY_NUMBER='1' AIRFLOW_CTX_DAG_RUN_ID='scheduled__2024-07-14T06:20:00+00:00'
[2024-07-14T09:05:34.744+0000] {taskinstance.py:430} INFO - ::endgroup::
[2024-07-14T09:05:34.755+0000] {python.py:237} INFO - Done. Returned value was: None
[2024-07-14T09:05:34.765+0000] {taskinstance.py:441} INFO - ::group::Post task execution logs
[2024-07-14T09:05:34.783+0000] {taskinstance.py:1206} INFO - Marking task as SUCCESS. dag_id=save_spread_values, task_id=save_and_flush_task, run_id=scheduled__2024-07-14T06:20:00+00:00, execution_date=20240714T062000, start_date=20240714T090533, end_date=20240714T090534
[2024-07-14T09:05:34.824+0000] {local_task_job_runner.py:240} INFO - Task exited with return code 0
[2024-07-14T09:05:34.867+0000] {taskinstance.py:3503} INFO - 0 downstream tasks scheduled from follow-on schedule check
[2024-07-14T09:05:34.875+0000] {local_task_job_runner.py:222} INFO - ::endgroup::
[2024-07-14T20:34:53.782+0000] {local_task_job_runner.py:120} INFO - ::group::Pre task execution logs
[2024-07-14T20:34:53.799+0000] {taskinstance.py:2076} INFO - Dependencies all met for dep_context=non-requeueable deps ti=<TaskInstance: save_spread_values.save_and_flush_task scheduled__2024-07-14T06:20:00+00:00 [queued]>
[2024-07-14T20:34:53.803+0000] {taskinstance.py:2076} INFO - Dependencies all met for dep_context=requeueable deps ti=<TaskInstance: save_spread_values.save_and_flush_task scheduled__2024-07-14T06:20:00+00:00 [queued]>
[2024-07-14T20:34:53.803+0000] {taskinstance.py:2306} INFO - Starting attempt 1 of 2
[2024-07-14T20:34:53.809+0000] {taskinstance.py:2330} INFO - Executing <Task(PythonOperator): save_and_flush_task> on 2024-07-14 06:20:00+00:00
[2024-07-14T20:34:53.813+0000] {logging_mixin.py:188} WARNING - /home/***/.local/lib/python3.12/site-packages/***/task/task_runner/standard_task_runner.py:61 DeprecationWarning: This process (pid=1815) is multi-threaded, use of fork() may lead to deadlocks in the child.
[2024-07-14T20:34:53.813+0000] {standard_task_runner.py:63} INFO - Started process 1816 to run task
[2024-07-14T20:34:53.813+0000] {standard_task_runner.py:90} INFO - Running: ['***', 'tasks', 'run', 'save_spread_values', 'save_and_flush_task', 'scheduled__2024-07-14T06:20:00+00:00', '--job-id', '803', '--raw', '--subdir', 'DAGS_FOLDER/***.py', '--cfg-path', '/tmp/tmp29yo2zq6']
[2024-07-14T20:34:53.815+0000] {standard_task_runner.py:91} INFO - Job 803: Subtask save_and_flush_task
[2024-07-14T20:34:53.844+0000] {task_command.py:426} INFO - Running <TaskInstance: save_spread_values.save_and_flush_task scheduled__2024-07-14T06:20:00+00:00 [running]> on host 77caf7e4b282
[2024-07-14T20:34:53.941+0000] {taskinstance.py:2648} INFO - Exporting env vars: AIRFLOW_CTX_DAG_OWNER='***' AIRFLOW_CTX_DAG_ID='save_spread_values' AIRFLOW_CTX_TASK_ID='save_and_flush_task' AIRFLOW_CTX_EXECUTION_DATE='2024-07-14T06:20:00+00:00' AIRFLOW_CTX_TRY_NUMBER='1' AIRFLOW_CTX_DAG_RUN_ID='scheduled__2024-07-14T06:20:00+00:00'
[2024-07-14T20:34:53.941+0000] {taskinstance.py:430} INFO - ::endgroup::
[2024-07-14T20:34:53.947+0000] {python.py:237} INFO - Done. Returned value was: None
[2024-07-14T20:34:53.948+0000] {taskinstance.py:441} INFO - ::group::Post task execution logs
[2024-07-14T20:34:53.954+0000] {taskinstance.py:1206} INFO - Marking task as SUCCESS. dag_id=save_spread_values, task_id=save_and_flush_task, run_id=scheduled__2024-07-14T06:20:00+00:00, execution_date=20240714T062000, start_date=20240714T203453, end_date=20240714T203453
[2024-07-14T20:34:53.963+0000] {local_task_job_runner.py:240} INFO - Task exited with return code 0
[2024-07-14T20:34:53.974+0000] {taskinstance.py:3503} INFO - 0 downstream tasks scheduled from follow-on schedule check
[2024-07-14T20:34:53.978+0000] {local_task_job_runner.py:222} INFO - ::endgroup::
[2024-07-15T06:32:29.679+0000] {local_task_job_runner.py:120} INFO - ::group::Pre task execution logs
[2024-07-15T06:32:29.722+0000] {taskinstance.py:2076} INFO - Dependencies all met for dep_context=non-requeueable deps ti=<TaskInstance: save_spread_values.save_and_flush_task scheduled__2024-07-14T06:20:00+00:00 [queued]>
[2024-07-15T06:32:29.744+0000] {taskinstance.py:2076} INFO - Dependencies all met for dep_context=requeueable deps ti=<TaskInstance: save_spread_values.save_and_flush_task scheduled__2024-07-14T06:20:00+00:00 [queued]>
[2024-07-15T06:32:29.763+0000] {taskinstance.py:2306} INFO - Starting attempt 1 of 2
[2024-07-15T06:32:29.803+0000] {taskinstance.py:2330} INFO - Executing <Task(PythonOperator): save_and_flush_task> on 2024-07-14 06:20:00+00:00
[2024-07-15T06:32:29.809+0000] {logging_mixin.py:188} WARNING - /home/***/.local/lib/python3.12/site-packages/***/task/task_runner/standard_task_runner.py:61 DeprecationWarning: This process (pid=2979) is multi-threaded, use of fork() may lead to deadlocks in the child.
[2024-07-15T06:32:29.810+0000] {standard_task_runner.py:63} INFO - Started process 2986 to run task
[2024-07-15T06:32:29.811+0000] {standard_task_runner.py:90} INFO - Running: ['***', 'tasks', 'run', 'save_spread_values', 'save_and_flush_task', 'scheduled__2024-07-14T06:20:00+00:00', '--job-id', '222', '--raw', '--subdir', 'DAGS_FOLDER/et_dag.py', '--cfg-path', '/tmp/tmp6uqeuvw8']
[2024-07-15T06:32:29.814+0000] {standard_task_runner.py:91} INFO - Job 222: Subtask save_and_flush_task
[2024-07-15T06:32:29.903+0000] {task_command.py:426} INFO - Running <TaskInstance: save_spread_values.save_and_flush_task scheduled__2024-07-14T06:20:00+00:00 [running]> on host 52e7a9c3d832
[2024-07-15T06:32:30.005+0000] {taskinstance.py:2648} INFO - Exporting env vars: AIRFLOW_CTX_DAG_OWNER='***' AIRFLOW_CTX_DAG_ID='save_spread_values' AIRFLOW_CTX_TASK_ID='save_and_flush_task' AIRFLOW_CTX_EXECUTION_DATE='2024-07-14T06:20:00+00:00' AIRFLOW_CTX_TRY_NUMBER='1' AIRFLOW_CTX_DAG_RUN_ID='scheduled__2024-07-14T06:20:00+00:00'
[2024-07-15T06:32:30.006+0000] {taskinstance.py:430} INFO - ::endgroup::
[2024-07-15T06:32:30.014+0000] {taskinstance.py:441} INFO - ::group::Post task execution logs
[2024-07-15T06:32:30.014+0000] {taskinstance.py:2905} ERROR - Task failed with exception
Traceback (most recent call last):
  File "/home/airflow/.local/lib/python3.12/site-packages/airflow/models/taskinstance.py", line 465, in _execute_task
    result = _execute_callable(context=context, **execute_callable_kwargs)
             ^^^^^^^^^^^^^^^^^^^^^^^^^^^^^^^^^^^^^^^^^^^^^^^^^^^^^^^^^^^^^
  File "/home/airflow/.local/lib/python3.12/site-packages/airflow/models/taskinstance.py", line 432, in _execute_callable
    return execute_callable(context=context, **execute_callable_kwargs)
           ^^^^^^^^^^^^^^^^^^^^^^^^^^^^^^^^^^^^^^^^^^^^^^^^^^^^^^^^^^^^
  File "/home/airflow/.local/lib/python3.12/site-packages/airflow/models/baseoperator.py", line 401, in wrapper
    return func(self, *args, **kwargs)
           ^^^^^^^^^^^^^^^^^^^^^^^^^^^
  File "/home/airflow/.local/lib/python3.12/site-packages/airflow/operators/python.py", line 235, in execute
    return_value = self.execute_callable()
                   ^^^^^^^^^^^^^^^^^^^^^^^
  File "/home/airflow/.local/lib/python3.12/site-packages/airflow/operators/python.py", line 252, in execute_callable
    return self.python_callable(*self.op_args, **self.op_kwargs)
           ^^^^^^^^^^^^^^^^^^^^^^^^^^^^^^^^^^^^^^^^^^^^^^^^^^^^^
  File "/opt/airflow/dags/et_dag.py", line 38, in trigger_save_and_flush
    logging('Invoking method to save data from records')
TypeError: 'module' object is not callable
[2024-07-15T06:32:30.025+0000] {taskinstance.py:1206} INFO - Marking task as UP_FOR_RETRY. dag_id=save_spread_values, task_id=save_and_flush_task, run_id=scheduled__2024-07-14T06:20:00+00:00, execution_date=20240714T062000, start_date=20240715T063229, end_date=20240715T063230
[2024-07-15T06:32:30.041+0000] {standard_task_runner.py:110} ERROR - Failed to execute job 222 for task save_and_flush_task ('module' object is not callable; 2986)
[2024-07-15T06:32:30.076+0000] {local_task_job_runner.py:240} INFO - Task exited with return code 1
[2024-07-15T06:32:30.109+0000] {taskinstance.py:3503} INFO - 0 downstream tasks scheduled from follow-on schedule check
[2024-07-15T06:32:30.112+0000] {local_task_job_runner.py:222} INFO - ::endgroup::
