[2024-07-14T08:58:15.265+0000] {local_task_job_runner.py:120} INFO - ::group::Pre task execution logs
[2024-07-14T08:58:15.361+0000] {taskinstance.py:2076} INFO - Dependencies all met for dep_context=non-requeueable deps ti=<TaskInstance: fetch_spread_values.fetch_and_compute_spread_usd_mxn scheduled__2024-07-14T01:36:00+00:00 [queued]>
[2024-07-14T08:58:15.375+0000] {taskinstance.py:2076} INFO - Dependencies all met for dep_context=requeueable deps ti=<TaskInstance: fetch_spread_values.fetch_and_compute_spread_usd_mxn scheduled__2024-07-14T01:36:00+00:00 [queued]>
[2024-07-14T08:58:15.383+0000] {taskinstance.py:2306} INFO - Starting attempt 1 of 2
[2024-07-14T08:58:15.446+0000] {taskinstance.py:2330} INFO - Executing <Task(PythonOperator): fetch_and_compute_spread_usd_mxn> on 2024-07-14 01:36:00+00:00
[2024-07-14T08:58:15.548+0000] {warnings.py:112} WARNING - /home/***/.local/lib/python3.12/site-packages/***/task/task_runner/standard_task_runner.py:61: DeprecationWarning: This process (pid=705) is multi-threaded, use of fork() may lead to deadlocks in the child.
  pid = os.fork()

[2024-07-14T08:58:15.573+0000] {standard_task_runner.py:63} INFO - Started process 733 to run task
[2024-07-14T08:58:15.574+0000] {standard_task_runner.py:90} INFO - Running: ['***', 'tasks', 'run', 'fetch_spread_values', 'fetch_and_compute_spread_usd_mxn', 'scheduled__2024-07-14T01:36:00+00:00', '--job-id', '221', '--raw', '--subdir', 'DAGS_FOLDER/***.py', '--cfg-path', '/tmp/tmptpld90wv']
[2024-07-14T08:58:15.586+0000] {standard_task_runner.py:91} INFO - Job 221: Subtask fetch_and_compute_spread_usd_mxn
[2024-07-14T08:58:15.815+0000] {task_command.py:426} INFO - Running <TaskInstance: fetch_spread_values.fetch_and_compute_spread_usd_mxn scheduled__2024-07-14T01:36:00+00:00 [running]> on host d537c34a4880
[2024-07-14T08:58:16.119+0000] {taskinstance.py:2648} INFO - Exporting env vars: AIRFLOW_CTX_DAG_OWNER='***' AIRFLOW_CTX_DAG_ID='fetch_spread_values' AIRFLOW_CTX_TASK_ID='fetch_and_compute_spread_usd_mxn' AIRFLOW_CTX_EXECUTION_DATE='2024-07-14T01:36:00+00:00' AIRFLOW_CTX_TRY_NUMBER='1' AIRFLOW_CTX_DAG_RUN_ID='scheduled__2024-07-14T01:36:00+00:00'
[2024-07-14T08:58:16.151+0000] {taskinstance.py:430} INFO - ::endgroup::
[2024-07-14T08:58:16.654+0000] {python.py:237} INFO - Done. Returned value was: None
[2024-07-14T08:58:16.661+0000] {taskinstance.py:441} INFO - ::group::Post task execution logs
[2024-07-14T08:58:16.688+0000] {taskinstance.py:1206} INFO - Marking task as SUCCESS. dag_id=fetch_spread_values, task_id=fetch_and_compute_spread_usd_mxn, run_id=scheduled__2024-07-14T01:36:00+00:00, execution_date=20240714T013600, start_date=20240714T085815, end_date=20240714T085816
[2024-07-14T08:58:16.781+0000] {local_task_job_runner.py:240} INFO - Task exited with return code 0
[2024-07-14T08:58:16.830+0000] {taskinstance.py:3503} INFO - 0 downstream tasks scheduled from follow-on schedule check
[2024-07-14T08:58:16.837+0000] {local_task_job_runner.py:222} INFO - ::endgroup::
[2024-07-14T20:32:45.476+0000] {local_task_job_runner.py:120} INFO - ::group::Pre task execution logs
[2024-07-14T20:32:45.535+0000] {taskinstance.py:2076} INFO - Dependencies all met for dep_context=non-requeueable deps ti=<TaskInstance: fetch_spread_values.fetch_and_compute_spread_usd_mxn scheduled__2024-07-14T01:36:00+00:00 [queued]>
[2024-07-14T20:32:45.549+0000] {taskinstance.py:2076} INFO - Dependencies all met for dep_context=requeueable deps ti=<TaskInstance: fetch_spread_values.fetch_and_compute_spread_usd_mxn scheduled__2024-07-14T01:36:00+00:00 [queued]>
[2024-07-14T20:32:45.551+0000] {taskinstance.py:2306} INFO - Starting attempt 1 of 2
[2024-07-14T20:32:45.561+0000] {taskinstance.py:2330} INFO - Executing <Task(PythonOperator): fetch_and_compute_spread_usd_mxn> on 2024-07-14 01:36:00+00:00
[2024-07-14T20:32:45.566+0000] {logging_mixin.py:188} WARNING - /home/***/.local/lib/python3.12/site-packages/***/task/task_runner/standard_task_runner.py:61 DeprecationWarning: This process (pid=574) is multi-threaded, use of fork() may lead to deadlocks in the child.
[2024-07-14T20:32:45.571+0000] {standard_task_runner.py:63} INFO - Started process 582 to run task
[2024-07-14T20:32:45.568+0000] {standard_task_runner.py:90} INFO - Running: ['***', 'tasks', 'run', 'fetch_spread_values', 'fetch_and_compute_spread_usd_mxn', 'scheduled__2024-07-14T01:36:00+00:00', '--job-id', '197', '--raw', '--subdir', 'DAGS_FOLDER/***.py', '--cfg-path', '/tmp/tmpoa2x45k2']
[2024-07-14T20:32:45.586+0000] {standard_task_runner.py:91} INFO - Job 197: Subtask fetch_and_compute_spread_usd_mxn
[2024-07-14T20:32:45.661+0000] {task_command.py:426} INFO - Running <TaskInstance: fetch_spread_values.fetch_and_compute_spread_usd_mxn scheduled__2024-07-14T01:36:00+00:00 [running]> on host 77caf7e4b282
[2024-07-14T20:32:45.811+0000] {taskinstance.py:2648} INFO - Exporting env vars: AIRFLOW_CTX_DAG_OWNER='***' AIRFLOW_CTX_DAG_ID='fetch_spread_values' AIRFLOW_CTX_TASK_ID='fetch_and_compute_spread_usd_mxn' AIRFLOW_CTX_EXECUTION_DATE='2024-07-14T01:36:00+00:00' AIRFLOW_CTX_TRY_NUMBER='1' AIRFLOW_CTX_DAG_RUN_ID='scheduled__2024-07-14T01:36:00+00:00'
[2024-07-14T20:32:45.812+0000] {taskinstance.py:430} INFO - ::endgroup::
[2024-07-14T20:32:46.071+0000] {python.py:237} INFO - Done. Returned value was: None
[2024-07-14T20:32:46.074+0000] {taskinstance.py:441} INFO - ::group::Post task execution logs
[2024-07-14T20:32:46.086+0000] {taskinstance.py:1206} INFO - Marking task as SUCCESS. dag_id=fetch_spread_values, task_id=fetch_and_compute_spread_usd_mxn, run_id=scheduled__2024-07-14T01:36:00+00:00, execution_date=20240714T013600, start_date=20240714T203245, end_date=20240714T203246
[2024-07-14T20:32:46.138+0000] {local_task_job_runner.py:240} INFO - Task exited with return code 0
[2024-07-14T20:32:46.151+0000] {taskinstance.py:3503} INFO - 0 downstream tasks scheduled from follow-on schedule check
[2024-07-14T20:32:46.153+0000] {local_task_job_runner.py:222} INFO - ::endgroup::
