[2024-07-14T08:58:24.626+0000] {local_task_job_runner.py:120} INFO - ::group::Pre task execution logs
[2024-07-14T08:58:24.668+0000] {taskinstance.py:2076} INFO - Dependencies all met for dep_context=non-requeueable deps ti=<TaskInstance: fetch_spread_values.fetch_and_compute_spread_usd_mxn scheduled__2024-07-14T01:47:00+00:00 [queued]>
[2024-07-14T08:58:24.704+0000] {taskinstance.py:2076} INFO - Dependencies all met for dep_context=requeueable deps ti=<TaskInstance: fetch_spread_values.fetch_and_compute_spread_usd_mxn scheduled__2024-07-14T01:47:00+00:00 [queued]>
[2024-07-14T08:58:24.705+0000] {taskinstance.py:2306} INFO - Starting attempt 1 of 2
[2024-07-14T08:58:24.747+0000] {taskinstance.py:2330} INFO - Executing <Task(PythonOperator): fetch_and_compute_spread_usd_mxn> on 2024-07-14 01:47:00+00:00
[2024-07-14T08:58:24.761+0000] {warnings.py:112} WARNING - /home/***/.local/lib/python3.12/site-packages/***/task/task_runner/standard_task_runner.py:61: DeprecationWarning: This process (pid=772) is multi-threaded, use of fork() may lead to deadlocks in the child.
  pid = os.fork()

[2024-07-14T08:58:24.767+0000] {standard_task_runner.py:63} INFO - Started process 802 to run task
[2024-07-14T08:58:24.761+0000] {standard_task_runner.py:90} INFO - Running: ['***', 'tasks', 'run', 'fetch_spread_values', 'fetch_and_compute_spread_usd_mxn', 'scheduled__2024-07-14T01:47:00+00:00', '--job-id', '243', '--raw', '--subdir', 'DAGS_FOLDER/***.py', '--cfg-path', '/tmp/tmplso7nyi2']
[2024-07-14T08:58:24.783+0000] {standard_task_runner.py:91} INFO - Job 243: Subtask fetch_and_compute_spread_usd_mxn
[2024-07-14T08:58:24.956+0000] {task_command.py:426} INFO - Running <TaskInstance: fetch_spread_values.fetch_and_compute_spread_usd_mxn scheduled__2024-07-14T01:47:00+00:00 [running]> on host d537c34a4880
[2024-07-14T08:58:25.196+0000] {taskinstance.py:2648} INFO - Exporting env vars: AIRFLOW_CTX_DAG_OWNER='***' AIRFLOW_CTX_DAG_ID='fetch_spread_values' AIRFLOW_CTX_TASK_ID='fetch_and_compute_spread_usd_mxn' AIRFLOW_CTX_EXECUTION_DATE='2024-07-14T01:47:00+00:00' AIRFLOW_CTX_TRY_NUMBER='1' AIRFLOW_CTX_DAG_RUN_ID='scheduled__2024-07-14T01:47:00+00:00'
[2024-07-14T08:58:25.207+0000] {taskinstance.py:430} INFO - ::endgroup::
[2024-07-14T08:58:25.445+0000] {python.py:237} INFO - Done. Returned value was: None
[2024-07-14T08:58:25.453+0000] {taskinstance.py:441} INFO - ::group::Post task execution logs
[2024-07-14T08:58:25.475+0000] {taskinstance.py:1206} INFO - Marking task as SUCCESS. dag_id=fetch_spread_values, task_id=fetch_and_compute_spread_usd_mxn, run_id=scheduled__2024-07-14T01:47:00+00:00, execution_date=20240714T014700, start_date=20240714T085824, end_date=20240714T085825
[2024-07-14T08:58:25.552+0000] {local_task_job_runner.py:240} INFO - Task exited with return code 0
[2024-07-14T08:58:25.650+0000] {taskinstance.py:3503} INFO - 0 downstream tasks scheduled from follow-on schedule check
[2024-07-14T08:58:25.655+0000] {local_task_job_runner.py:222} INFO - ::endgroup::
[2024-07-14T20:32:51.063+0000] {local_task_job_runner.py:120} INFO - ::group::Pre task execution logs
[2024-07-14T20:32:51.079+0000] {taskinstance.py:2076} INFO - Dependencies all met for dep_context=non-requeueable deps ti=<TaskInstance: fetch_spread_values.fetch_and_compute_spread_usd_mxn scheduled__2024-07-14T01:47:00+00:00 [queued]>
[2024-07-14T20:32:51.083+0000] {taskinstance.py:2076} INFO - Dependencies all met for dep_context=requeueable deps ti=<TaskInstance: fetch_spread_values.fetch_and_compute_spread_usd_mxn scheduled__2024-07-14T01:47:00+00:00 [queued]>
[2024-07-14T20:32:51.084+0000] {taskinstance.py:2306} INFO - Starting attempt 1 of 2
[2024-07-14T20:32:51.090+0000] {taskinstance.py:2330} INFO - Executing <Task(PythonOperator): fetch_and_compute_spread_usd_mxn> on 2024-07-14 01:47:00+00:00
[2024-07-14T20:32:51.093+0000] {logging_mixin.py:188} WARNING - /home/***/.local/lib/python3.12/site-packages/***/task/task_runner/standard_task_runner.py:61 DeprecationWarning: This process (pid=625) is multi-threaded, use of fork() may lead to deadlocks in the child.
[2024-07-14T20:32:51.093+0000] {standard_task_runner.py:90} INFO - Running: ['***', 'tasks', 'run', 'fetch_spread_values', 'fetch_and_compute_spread_usd_mxn', 'scheduled__2024-07-14T01:47:00+00:00', '--job-id', '220', '--raw', '--subdir', 'DAGS_FOLDER/***.py', '--cfg-path', '/tmp/tmpn_1mcgdz']
[2024-07-14T20:32:51.094+0000] {standard_task_runner.py:63} INFO - Started process 628 to run task
[2024-07-14T20:32:51.095+0000] {standard_task_runner.py:91} INFO - Job 220: Subtask fetch_and_compute_spread_usd_mxn
[2024-07-14T20:32:51.119+0000] {task_command.py:426} INFO - Running <TaskInstance: fetch_spread_values.fetch_and_compute_spread_usd_mxn scheduled__2024-07-14T01:47:00+00:00 [running]> on host 77caf7e4b282
[2024-07-14T20:32:51.166+0000] {taskinstance.py:2648} INFO - Exporting env vars: AIRFLOW_CTX_DAG_OWNER='***' AIRFLOW_CTX_DAG_ID='fetch_spread_values' AIRFLOW_CTX_TASK_ID='fetch_and_compute_spread_usd_mxn' AIRFLOW_CTX_EXECUTION_DATE='2024-07-14T01:47:00+00:00' AIRFLOW_CTX_TRY_NUMBER='1' AIRFLOW_CTX_DAG_RUN_ID='scheduled__2024-07-14T01:47:00+00:00'
[2024-07-14T20:32:51.166+0000] {taskinstance.py:430} INFO - ::endgroup::
[2024-07-14T20:32:51.331+0000] {python.py:237} INFO - Done. Returned value was: None
[2024-07-14T20:32:51.332+0000] {taskinstance.py:441} INFO - ::group::Post task execution logs
[2024-07-14T20:32:51.340+0000] {taskinstance.py:1206} INFO - Marking task as SUCCESS. dag_id=fetch_spread_values, task_id=fetch_and_compute_spread_usd_mxn, run_id=scheduled__2024-07-14T01:47:00+00:00, execution_date=20240714T014700, start_date=20240714T203251, end_date=20240714T203251
[2024-07-14T20:32:51.358+0000] {local_task_job_runner.py:240} INFO - Task exited with return code 0
[2024-07-14T20:32:51.369+0000] {taskinstance.py:3503} INFO - 0 downstream tasks scheduled from follow-on schedule check
[2024-07-14T20:32:51.370+0000] {local_task_job_runner.py:222} INFO - ::endgroup::
