[2024-07-14T17:51:42.537+0000] {local_task_job_runner.py:120} INFO - ::group::Pre task execution logs
[2024-07-14T17:51:42.622+0000] {taskinstance.py:2076} INFO - Dependencies all met for dep_context=non-requeueable deps ti=<TaskInstance: fetch_spread_values.fetch_and_compute_spread_btc_mxn scheduled__2024-07-14T17:46:00+00:00 [queued]>
[2024-07-14T17:51:42.642+0000] {taskinstance.py:2076} INFO - Dependencies all met for dep_context=requeueable deps ti=<TaskInstance: fetch_spread_values.fetch_and_compute_spread_btc_mxn scheduled__2024-07-14T17:46:00+00:00 [queued]>
[2024-07-14T17:51:42.649+0000] {taskinstance.py:2306} INFO - Starting attempt 1 of 2
[2024-07-14T17:51:42.708+0000] {taskinstance.py:2330} INFO - Executing <Task(PythonOperator): fetch_and_compute_spread_btc_mxn> on 2024-07-14 17:46:00+00:00
[2024-07-14T17:51:42.743+0000] {standard_task_runner.py:90} INFO - Running: ['***', 'tasks', 'run', 'fetch_spread_values', 'fetch_and_compute_spread_btc_mxn', 'scheduled__2024-07-14T17:46:00+00:00', '--job-id', '2275', '--raw', '--subdir', 'DAGS_FOLDER/***.py', '--cfg-path', '/tmp/tmp6s22n3px']
[2024-07-14T17:51:42.754+0000] {standard_task_runner.py:91} INFO - Job 2275: Subtask fetch_and_compute_spread_btc_mxn
[2024-07-14T17:51:42.744+0000] {warnings.py:112} WARNING - /home/***/.local/lib/python3.12/site-packages/***/task/task_runner/standard_task_runner.py:61: DeprecationWarning: This process (pid=7562) is multi-threaded, use of fork() may lead to deadlocks in the child.
  pid = os.fork()

[2024-07-14T17:51:42.782+0000] {standard_task_runner.py:63} INFO - Started process 7581 to run task
[2024-07-14T17:51:42.944+0000] {task_command.py:426} INFO - Running <TaskInstance: fetch_spread_values.fetch_and_compute_spread_btc_mxn scheduled__2024-07-14T17:46:00+00:00 [running]> on host d537c34a4880
[2024-07-14T17:51:43.327+0000] {taskinstance.py:2648} INFO - Exporting env vars: AIRFLOW_CTX_DAG_OWNER='***' AIRFLOW_CTX_DAG_ID='fetch_spread_values' AIRFLOW_CTX_TASK_ID='fetch_and_compute_spread_btc_mxn' AIRFLOW_CTX_EXECUTION_DATE='2024-07-14T17:46:00+00:00' AIRFLOW_CTX_TRY_NUMBER='1' AIRFLOW_CTX_DAG_RUN_ID='scheduled__2024-07-14T17:46:00+00:00'
[2024-07-14T17:51:43.369+0000] {taskinstance.py:430} INFO - ::endgroup::
[2024-07-14T17:51:43.679+0000] {python.py:237} INFO - Done. Returned value was: None
[2024-07-14T17:51:43.701+0000] {taskinstance.py:441} INFO - ::group::Post task execution logs
[2024-07-14T17:51:43.717+0000] {taskinstance.py:1206} INFO - Marking task as SUCCESS. dag_id=fetch_spread_values, task_id=fetch_and_compute_spread_btc_mxn, run_id=scheduled__2024-07-14T17:46:00+00:00, execution_date=20240714T174600, start_date=20240714T175142, end_date=20240714T175143
[2024-07-14T17:51:43.840+0000] {local_task_job_runner.py:240} INFO - Task exited with return code 0
[2024-07-14T17:51:43.897+0000] {taskinstance.py:3503} INFO - 0 downstream tasks scheduled from follow-on schedule check
[2024-07-14T17:51:43.901+0000] {local_task_job_runner.py:222} INFO - ::endgroup::
[2024-07-14T20:39:33.613+0000] {local_task_job_runner.py:120} INFO - ::group::Pre task execution logs
[2024-07-14T20:39:33.661+0000] {taskinstance.py:2076} INFO - Dependencies all met for dep_context=non-requeueable deps ti=<TaskInstance: fetch_spread_values.fetch_and_compute_spread_btc_mxn scheduled__2024-07-14T17:46:00+00:00 [queued]>
[2024-07-14T20:39:33.679+0000] {taskinstance.py:2076} INFO - Dependencies all met for dep_context=requeueable deps ti=<TaskInstance: fetch_spread_values.fetch_and_compute_spread_btc_mxn scheduled__2024-07-14T17:46:00+00:00 [queued]>
[2024-07-14T20:39:33.681+0000] {taskinstance.py:2306} INFO - Starting attempt 1 of 2
[2024-07-14T20:39:33.703+0000] {taskinstance.py:2330} INFO - Executing <Task(PythonOperator): fetch_and_compute_spread_btc_mxn> on 2024-07-14 17:46:00+00:00
[2024-07-14T20:39:33.713+0000] {logging_mixin.py:188} WARNING - /home/***/.local/lib/python3.12/site-packages/***/task/task_runner/standard_task_runner.py:61 DeprecationWarning: This process (pid=4766) is multi-threaded, use of fork() may lead to deadlocks in the child.
[2024-07-14T20:39:33.717+0000] {standard_task_runner.py:63} INFO - Started process 4780 to run task
[2024-07-14T20:39:33.711+0000] {standard_task_runner.py:90} INFO - Running: ['***', 'tasks', 'run', 'fetch_spread_values', 'fetch_and_compute_spread_btc_mxn', 'scheduled__2024-07-14T17:46:00+00:00', '--job-id', '2261', '--raw', '--subdir', 'DAGS_FOLDER/***.py', '--cfg-path', '/tmp/tmpgfbektch']
[2024-07-14T20:39:33.717+0000] {standard_task_runner.py:91} INFO - Job 2261: Subtask fetch_and_compute_spread_btc_mxn
[2024-07-14T20:39:33.784+0000] {task_command.py:426} INFO - Running <TaskInstance: fetch_spread_values.fetch_and_compute_spread_btc_mxn scheduled__2024-07-14T17:46:00+00:00 [running]> on host 77caf7e4b282
[2024-07-14T20:39:33.874+0000] {taskinstance.py:2648} INFO - Exporting env vars: AIRFLOW_CTX_DAG_OWNER='***' AIRFLOW_CTX_DAG_ID='fetch_spread_values' AIRFLOW_CTX_TASK_ID='fetch_and_compute_spread_btc_mxn' AIRFLOW_CTX_EXECUTION_DATE='2024-07-14T17:46:00+00:00' AIRFLOW_CTX_TRY_NUMBER='1' AIRFLOW_CTX_DAG_RUN_ID='scheduled__2024-07-14T17:46:00+00:00'
[2024-07-14T20:39:33.877+0000] {taskinstance.py:430} INFO - ::endgroup::
[2024-07-14T20:39:34.106+0000] {python.py:237} INFO - Done. Returned value was: None
[2024-07-14T20:39:34.110+0000] {taskinstance.py:441} INFO - ::group::Post task execution logs
[2024-07-14T20:39:34.137+0000] {taskinstance.py:1206} INFO - Marking task as SUCCESS. dag_id=fetch_spread_values, task_id=fetch_and_compute_spread_btc_mxn, run_id=scheduled__2024-07-14T17:46:00+00:00, execution_date=20240714T174600, start_date=20240714T203933, end_date=20240714T203934
[2024-07-14T20:39:34.200+0000] {local_task_job_runner.py:240} INFO - Task exited with return code 0
[2024-07-14T20:39:34.224+0000] {taskinstance.py:3503} INFO - 0 downstream tasks scheduled from follow-on schedule check
[2024-07-14T20:39:34.229+0000] {local_task_job_runner.py:222} INFO - ::endgroup::
