[2024-07-14T14:12:30.899+0000] {local_task_job_runner.py:120} INFO - ::group::Pre task execution logs
[2024-07-14T14:12:31.001+0000] {taskinstance.py:2076} INFO - Dependencies all met for dep_context=non-requeueable deps ti=<TaskInstance: fetch_spread_values.fetch_and_compute_spread_usd_mxn scheduled__2024-07-14T14:09:00+00:00 [queued]>
[2024-07-14T14:12:31.018+0000] {taskinstance.py:2076} INFO - Dependencies all met for dep_context=requeueable deps ti=<TaskInstance: fetch_spread_values.fetch_and_compute_spread_usd_mxn scheduled__2024-07-14T14:09:00+00:00 [queued]>
[2024-07-14T14:12:31.023+0000] {taskinstance.py:2306} INFO - Starting attempt 1 of 2
[2024-07-14T14:12:31.049+0000] {taskinstance.py:2330} INFO - Executing <Task(PythonOperator): fetch_and_compute_spread_usd_mxn> on 2024-07-14 14:09:00+00:00
[2024-07-14T14:12:31.059+0000] {warnings.py:112} WARNING - /home/***/.local/lib/python3.12/site-packages/***/task/task_runner/standard_task_runner.py:61: DeprecationWarning: This process (pid=6042) is multi-threaded, use of fork() may lead to deadlocks in the child.
  pid = os.fork()

[2024-07-14T14:12:31.065+0000] {standard_task_runner.py:63} INFO - Started process 6070 to run task
[2024-07-14T14:12:31.061+0000] {standard_task_runner.py:90} INFO - Running: ['***', 'tasks', 'run', 'fetch_spread_values', 'fetch_and_compute_spread_usd_mxn', 'scheduled__2024-07-14T14:09:00+00:00', '--job-id', '1820', '--raw', '--subdir', 'DAGS_FOLDER/***.py', '--cfg-path', '/tmp/tmp514el2c1']
[2024-07-14T14:12:31.071+0000] {standard_task_runner.py:91} INFO - Job 1820: Subtask fetch_and_compute_spread_usd_mxn
[2024-07-14T14:12:31.145+0000] {task_command.py:426} INFO - Running <TaskInstance: fetch_spread_values.fetch_and_compute_spread_usd_mxn scheduled__2024-07-14T14:09:00+00:00 [running]> on host d537c34a4880
[2024-07-14T14:12:31.246+0000] {taskinstance.py:2648} INFO - Exporting env vars: AIRFLOW_CTX_DAG_OWNER='***' AIRFLOW_CTX_DAG_ID='fetch_spread_values' AIRFLOW_CTX_TASK_ID='fetch_and_compute_spread_usd_mxn' AIRFLOW_CTX_EXECUTION_DATE='2024-07-14T14:09:00+00:00' AIRFLOW_CTX_TRY_NUMBER='1' AIRFLOW_CTX_DAG_RUN_ID='scheduled__2024-07-14T14:09:00+00:00'
[2024-07-14T14:12:31.248+0000] {taskinstance.py:430} INFO - ::endgroup::
[2024-07-14T14:12:31.406+0000] {python.py:237} INFO - Done. Returned value was: None
[2024-07-14T14:12:31.407+0000] {taskinstance.py:441} INFO - ::group::Post task execution logs
[2024-07-14T14:12:31.414+0000] {taskinstance.py:1206} INFO - Marking task as SUCCESS. dag_id=fetch_spread_values, task_id=fetch_and_compute_spread_usd_mxn, run_id=scheduled__2024-07-14T14:09:00+00:00, execution_date=20240714T140900, start_date=20240714T141231, end_date=20240714T141231
[2024-07-14T14:12:31.873+0000] {local_task_job_runner.py:240} INFO - Task exited with return code 0
[2024-07-14T14:12:31.966+0000] {local_task_job_runner.py:222} INFO - ::endgroup::
[2024-07-14T20:38:13.949+0000] {local_task_job_runner.py:120} INFO - ::group::Pre task execution logs
[2024-07-14T20:38:13.969+0000] {taskinstance.py:2076} INFO - Dependencies all met for dep_context=non-requeueable deps ti=<TaskInstance: fetch_spread_values.fetch_and_compute_spread_usd_mxn scheduled__2024-07-14T14:09:00+00:00 [queued]>
[2024-07-14T20:38:13.974+0000] {taskinstance.py:2076} INFO - Dependencies all met for dep_context=requeueable deps ti=<TaskInstance: fetch_spread_values.fetch_and_compute_spread_usd_mxn scheduled__2024-07-14T14:09:00+00:00 [queued]>
[2024-07-14T20:38:13.974+0000] {taskinstance.py:2306} INFO - Starting attempt 1 of 2
[2024-07-14T20:38:13.982+0000] {taskinstance.py:2330} INFO - Executing <Task(PythonOperator): fetch_and_compute_spread_usd_mxn> on 2024-07-14 14:09:00+00:00
[2024-07-14T20:38:13.985+0000] {logging_mixin.py:188} WARNING - /home/***/.local/lib/python3.12/site-packages/***/task/task_runner/standard_task_runner.py:61 DeprecationWarning: This process (pid=3887) is multi-threaded, use of fork() may lead to deadlocks in the child.
[2024-07-14T20:38:13.986+0000] {standard_task_runner.py:63} INFO - Started process 3892 to run task
[2024-07-14T20:38:13.986+0000] {standard_task_runner.py:90} INFO - Running: ['***', 'tasks', 'run', 'fetch_spread_values', 'fetch_and_compute_spread_usd_mxn', 'scheduled__2024-07-14T14:09:00+00:00', '--job-id', '1827', '--raw', '--subdir', 'DAGS_FOLDER/***.py', '--cfg-path', '/tmp/tmp36su15nh']
[2024-07-14T20:38:13.988+0000] {standard_task_runner.py:91} INFO - Job 1827: Subtask fetch_and_compute_spread_usd_mxn
[2024-07-14T20:38:14.019+0000] {task_command.py:426} INFO - Running <TaskInstance: fetch_spread_values.fetch_and_compute_spread_usd_mxn scheduled__2024-07-14T14:09:00+00:00 [running]> on host 77caf7e4b282
[2024-07-14T20:38:14.065+0000] {taskinstance.py:2648} INFO - Exporting env vars: AIRFLOW_CTX_DAG_OWNER='***' AIRFLOW_CTX_DAG_ID='fetch_spread_values' AIRFLOW_CTX_TASK_ID='fetch_and_compute_spread_usd_mxn' AIRFLOW_CTX_EXECUTION_DATE='2024-07-14T14:09:00+00:00' AIRFLOW_CTX_TRY_NUMBER='1' AIRFLOW_CTX_DAG_RUN_ID='scheduled__2024-07-14T14:09:00+00:00'
[2024-07-14T20:38:14.065+0000] {taskinstance.py:430} INFO - ::endgroup::
[2024-07-14T20:38:14.211+0000] {python.py:237} INFO - Done. Returned value was: None
[2024-07-14T20:38:14.211+0000] {taskinstance.py:441} INFO - ::group::Post task execution logs
[2024-07-14T20:38:14.217+0000] {taskinstance.py:1206} INFO - Marking task as SUCCESS. dag_id=fetch_spread_values, task_id=fetch_and_compute_spread_usd_mxn, run_id=scheduled__2024-07-14T14:09:00+00:00, execution_date=20240714T140900, start_date=20240714T203813, end_date=20240714T203814
[2024-07-14T20:38:14.248+0000] {local_task_job_runner.py:240} INFO - Task exited with return code 0
[2024-07-14T20:38:14.257+0000] {taskinstance.py:3503} INFO - 0 downstream tasks scheduled from follow-on schedule check
[2024-07-14T20:38:14.258+0000] {local_task_job_runner.py:222} INFO - ::endgroup::
