[2024-07-14T09:01:46.291+0000] {local_task_job_runner.py:120} INFO - ::group::Pre task execution logs
[2024-07-14T09:01:46.348+0000] {taskinstance.py:2076} INFO - Dependencies all met for dep_context=non-requeueable deps ti=<TaskInstance: fetch_spread_values.fetch_and_compute_spread_btc_mxn scheduled__2024-07-14T05:24:00+00:00 [queued]>
[2024-07-14T09:01:46.377+0000] {taskinstance.py:2076} INFO - Dependencies all met for dep_context=requeueable deps ti=<TaskInstance: fetch_spread_values.fetch_and_compute_spread_btc_mxn scheduled__2024-07-14T05:24:00+00:00 [queued]>
[2024-07-14T09:01:46.379+0000] {taskinstance.py:2306} INFO - Starting attempt 1 of 2
[2024-07-14T09:01:46.449+0000] {taskinstance.py:2330} INFO - Executing <Task(PythonOperator): fetch_and_compute_spread_btc_mxn> on 2024-07-14 05:24:00+00:00
[2024-07-14T09:01:46.468+0000] {warnings.py:112} WARNING - /home/***/.local/lib/python3.12/site-packages/***/task/task_runner/standard_task_runner.py:61: DeprecationWarning: This process (pid=2113) is multi-threaded, use of fork() may lead to deadlocks in the child.
  pid = os.fork()

[2024-07-14T09:01:46.471+0000] {standard_task_runner.py:63} INFO - Started process 2148 to run task
[2024-07-14T09:01:46.471+0000] {standard_task_runner.py:90} INFO - Running: ['***', 'tasks', 'run', 'fetch_spread_values', 'fetch_and_compute_spread_btc_mxn', 'scheduled__2024-07-14T05:24:00+00:00', '--job-id', '680', '--raw', '--subdir', 'DAGS_FOLDER/***.py', '--cfg-path', '/tmp/tmpke7q0w2t']
[2024-07-14T09:01:46.483+0000] {standard_task_runner.py:91} INFO - Job 680: Subtask fetch_and_compute_spread_btc_mxn
[2024-07-14T09:01:46.630+0000] {task_command.py:426} INFO - Running <TaskInstance: fetch_spread_values.fetch_and_compute_spread_btc_mxn scheduled__2024-07-14T05:24:00+00:00 [running]> on host d537c34a4880
[2024-07-14T09:01:46.914+0000] {taskinstance.py:2648} INFO - Exporting env vars: AIRFLOW_CTX_DAG_OWNER='***' AIRFLOW_CTX_DAG_ID='fetch_spread_values' AIRFLOW_CTX_TASK_ID='fetch_and_compute_spread_btc_mxn' AIRFLOW_CTX_EXECUTION_DATE='2024-07-14T05:24:00+00:00' AIRFLOW_CTX_TRY_NUMBER='1' AIRFLOW_CTX_DAG_RUN_ID='scheduled__2024-07-14T05:24:00+00:00'
[2024-07-14T09:01:46.923+0000] {taskinstance.py:430} INFO - ::endgroup::
[2024-07-14T09:01:47.229+0000] {python.py:237} INFO - Done. Returned value was: None
[2024-07-14T09:01:47.234+0000] {taskinstance.py:441} INFO - ::group::Post task execution logs
[2024-07-14T09:01:47.241+0000] {taskinstance.py:1206} INFO - Marking task as SUCCESS. dag_id=fetch_spread_values, task_id=fetch_and_compute_spread_btc_mxn, run_id=scheduled__2024-07-14T05:24:00+00:00, execution_date=20240714T052400, start_date=20240714T090146, end_date=20240714T090147
[2024-07-14T09:01:47.306+0000] {local_task_job_runner.py:240} INFO - Task exited with return code 0
[2024-07-14T09:01:47.324+0000] {local_task_job_runner.py:222} INFO - ::endgroup::
[2024-07-14T20:34:28.494+0000] {local_task_job_runner.py:120} INFO - ::group::Pre task execution logs
[2024-07-14T20:34:28.554+0000] {taskinstance.py:2076} INFO - Dependencies all met for dep_context=non-requeueable deps ti=<TaskInstance: fetch_spread_values.fetch_and_compute_spread_btc_mxn scheduled__2024-07-14T05:24:00+00:00 [queued]>
[2024-07-14T20:34:28.587+0000] {taskinstance.py:2076} INFO - Dependencies all met for dep_context=requeueable deps ti=<TaskInstance: fetch_spread_values.fetch_and_compute_spread_btc_mxn scheduled__2024-07-14T05:24:00+00:00 [queued]>
[2024-07-14T20:34:28.589+0000] {taskinstance.py:2306} INFO - Starting attempt 1 of 2
[2024-07-14T20:34:28.601+0000] {taskinstance.py:2330} INFO - Executing <Task(PythonOperator): fetch_and_compute_spread_btc_mxn> on 2024-07-14 05:24:00+00:00
[2024-07-14T20:34:28.611+0000] {standard_task_runner.py:90} INFO - Running: ['***', 'tasks', 'run', 'fetch_spread_values', 'fetch_and_compute_spread_btc_mxn', 'scheduled__2024-07-14T05:24:00+00:00', '--job-id', '654', '--raw', '--subdir', 'DAGS_FOLDER/***.py', '--cfg-path', '/tmp/tmpccuoocvn']
[2024-07-14T20:34:28.608+0000] {logging_mixin.py:188} WARNING - /home/***/.local/lib/python3.12/site-packages/***/task/task_runner/standard_task_runner.py:61 DeprecationWarning: This process (pid=1504) is multi-threaded, use of fork() may lead to deadlocks in the child.
[2024-07-14T20:34:28.618+0000] {standard_task_runner.py:91} INFO - Job 654: Subtask fetch_and_compute_spread_btc_mxn
[2024-07-14T20:34:28.619+0000] {standard_task_runner.py:63} INFO - Started process 1514 to run task
[2024-07-14T20:34:28.699+0000] {task_command.py:426} INFO - Running <TaskInstance: fetch_spread_values.fetch_and_compute_spread_btc_mxn scheduled__2024-07-14T05:24:00+00:00 [running]> on host 77caf7e4b282
[2024-07-14T20:34:28.787+0000] {taskinstance.py:2648} INFO - Exporting env vars: AIRFLOW_CTX_DAG_OWNER='***' AIRFLOW_CTX_DAG_ID='fetch_spread_values' AIRFLOW_CTX_TASK_ID='fetch_and_compute_spread_btc_mxn' AIRFLOW_CTX_EXECUTION_DATE='2024-07-14T05:24:00+00:00' AIRFLOW_CTX_TRY_NUMBER='1' AIRFLOW_CTX_DAG_RUN_ID='scheduled__2024-07-14T05:24:00+00:00'
[2024-07-14T20:34:28.791+0000] {taskinstance.py:430} INFO - ::endgroup::
[2024-07-14T20:34:28.986+0000] {python.py:237} INFO - Done. Returned value was: None
[2024-07-14T20:34:28.989+0000] {taskinstance.py:441} INFO - ::group::Post task execution logs
[2024-07-14T20:34:29.008+0000] {taskinstance.py:1206} INFO - Marking task as SUCCESS. dag_id=fetch_spread_values, task_id=fetch_and_compute_spread_btc_mxn, run_id=scheduled__2024-07-14T05:24:00+00:00, execution_date=20240714T052400, start_date=20240714T203428, end_date=20240714T203429
[2024-07-14T20:34:29.061+0000] {local_task_job_runner.py:240} INFO - Task exited with return code 0
[2024-07-14T20:34:29.082+0000] {taskinstance.py:3503} INFO - 0 downstream tasks scheduled from follow-on schedule check
[2024-07-14T20:34:29.087+0000] {local_task_job_runner.py:222} INFO - ::endgroup::
