[2024-07-14T09:00:47.713+0000] {local_task_job_runner.py:120} INFO - ::group::Pre task execution logs
[2024-07-14T09:00:47.807+0000] {taskinstance.py:2076} INFO - Dependencies all met for dep_context=non-requeueable deps ti=<TaskInstance: fetch_spread_values.fetch_and_compute_spread_usd_mxn scheduled__2024-07-14T04:13:00+00:00 [queued]>
[2024-07-14T09:00:47.900+0000] {taskinstance.py:2076} INFO - Dependencies all met for dep_context=requeueable deps ti=<TaskInstance: fetch_spread_values.fetch_and_compute_spread_usd_mxn scheduled__2024-07-14T04:13:00+00:00 [queued]>
[2024-07-14T09:00:47.914+0000] {taskinstance.py:2306} INFO - Starting attempt 1 of 2
[2024-07-14T09:00:47.980+0000] {taskinstance.py:2330} INFO - Executing <Task(PythonOperator): fetch_and_compute_spread_usd_mxn> on 2024-07-14 04:13:00+00:00
[2024-07-14T09:00:48.006+0000] {warnings.py:112} WARNING - /home/***/.local/lib/python3.12/site-packages/***/task/task_runner/standard_task_runner.py:61: DeprecationWarning: This process (pid=1686) is multi-threaded, use of fork() may lead to deadlocks in the child.
  pid = os.fork()

[2024-07-14T09:00:48.016+0000] {standard_task_runner.py:63} INFO - Started process 1710 to run task
[2024-07-14T09:00:48.017+0000] {standard_task_runner.py:90} INFO - Running: ['***', 'tasks', 'run', 'fetch_spread_values', 'fetch_and_compute_spread_usd_mxn', 'scheduled__2024-07-14T04:13:00+00:00', '--job-id', '536', '--raw', '--subdir', 'DAGS_FOLDER/***.py', '--cfg-path', '/tmp/tmp9d55ads2']
[2024-07-14T09:00:48.038+0000] {standard_task_runner.py:91} INFO - Job 536: Subtask fetch_and_compute_spread_usd_mxn
[2024-07-14T09:00:48.164+0000] {task_command.py:426} INFO - Running <TaskInstance: fetch_spread_values.fetch_and_compute_spread_usd_mxn scheduled__2024-07-14T04:13:00+00:00 [running]> on host d537c34a4880
[2024-07-14T09:00:48.379+0000] {taskinstance.py:2648} INFO - Exporting env vars: AIRFLOW_CTX_DAG_OWNER='***' AIRFLOW_CTX_DAG_ID='fetch_spread_values' AIRFLOW_CTX_TASK_ID='fetch_and_compute_spread_usd_mxn' AIRFLOW_CTX_EXECUTION_DATE='2024-07-14T04:13:00+00:00' AIRFLOW_CTX_TRY_NUMBER='1' AIRFLOW_CTX_DAG_RUN_ID='scheduled__2024-07-14T04:13:00+00:00'
[2024-07-14T09:00:48.406+0000] {taskinstance.py:430} INFO - ::endgroup::
[2024-07-14T09:00:48.709+0000] {python.py:237} INFO - Done. Returned value was: None
[2024-07-14T09:00:48.766+0000] {taskinstance.py:441} INFO - ::group::Post task execution logs
[2024-07-14T09:00:48.819+0000] {taskinstance.py:1206} INFO - Marking task as SUCCESS. dag_id=fetch_spread_values, task_id=fetch_and_compute_spread_usd_mxn, run_id=scheduled__2024-07-14T04:13:00+00:00, execution_date=20240714T041300, start_date=20240714T090047, end_date=20240714T090048
[2024-07-14T09:00:48.848+0000] {local_task_job_runner.py:240} INFO - Task exited with return code 0
[2024-07-14T09:00:48.903+0000] {taskinstance.py:3503} INFO - 0 downstream tasks scheduled from follow-on schedule check
[2024-07-14T09:00:48.905+0000] {local_task_job_runner.py:222} INFO - ::endgroup::
[2024-07-14T20:33:55.114+0000] {local_task_job_runner.py:120} INFO - ::group::Pre task execution logs
[2024-07-14T20:33:55.148+0000] {taskinstance.py:2076} INFO - Dependencies all met for dep_context=non-requeueable deps ti=<TaskInstance: fetch_spread_values.fetch_and_compute_spread_usd_mxn scheduled__2024-07-14T04:13:00+00:00 [queued]>
[2024-07-14T20:33:55.160+0000] {taskinstance.py:2076} INFO - Dependencies all met for dep_context=requeueable deps ti=<TaskInstance: fetch_spread_values.fetch_and_compute_spread_usd_mxn scheduled__2024-07-14T04:13:00+00:00 [queued]>
[2024-07-14T20:33:55.160+0000] {taskinstance.py:2306} INFO - Starting attempt 1 of 2
[2024-07-14T20:33:55.177+0000] {taskinstance.py:2330} INFO - Executing <Task(PythonOperator): fetch_and_compute_spread_usd_mxn> on 2024-07-14 04:13:00+00:00
[2024-07-14T20:33:55.184+0000] {logging_mixin.py:188} WARNING - /home/***/.local/lib/python3.12/site-packages/***/task/task_runner/standard_task_runner.py:61 DeprecationWarning: This process (pid=1215) is multi-threaded, use of fork() may lead to deadlocks in the child.
[2024-07-14T20:33:55.185+0000] {standard_task_runner.py:63} INFO - Started process 1222 to run task
[2024-07-14T20:33:55.186+0000] {standard_task_runner.py:90} INFO - Running: ['***', 'tasks', 'run', 'fetch_spread_values', 'fetch_and_compute_spread_usd_mxn', 'scheduled__2024-07-14T04:13:00+00:00', '--job-id', '512', '--raw', '--subdir', 'DAGS_FOLDER/***.py', '--cfg-path', '/tmp/tmpd0azieyy']
[2024-07-14T20:33:55.189+0000] {standard_task_runner.py:91} INFO - Job 512: Subtask fetch_and_compute_spread_usd_mxn
[2024-07-14T20:33:55.230+0000] {task_command.py:426} INFO - Running <TaskInstance: fetch_spread_values.fetch_and_compute_spread_usd_mxn scheduled__2024-07-14T04:13:00+00:00 [running]> on host 77caf7e4b282
[2024-07-14T20:33:55.307+0000] {taskinstance.py:2648} INFO - Exporting env vars: AIRFLOW_CTX_DAG_OWNER='***' AIRFLOW_CTX_DAG_ID='fetch_spread_values' AIRFLOW_CTX_TASK_ID='fetch_and_compute_spread_usd_mxn' AIRFLOW_CTX_EXECUTION_DATE='2024-07-14T04:13:00+00:00' AIRFLOW_CTX_TRY_NUMBER='1' AIRFLOW_CTX_DAG_RUN_ID='scheduled__2024-07-14T04:13:00+00:00'
[2024-07-14T20:33:55.308+0000] {taskinstance.py:430} INFO - ::endgroup::
[2024-07-14T20:33:55.502+0000] {python.py:237} INFO - Done. Returned value was: None
[2024-07-14T20:33:55.503+0000] {taskinstance.py:441} INFO - ::group::Post task execution logs
[2024-07-14T20:33:55.655+0000] {taskinstance.py:1206} INFO - Marking task as SUCCESS. dag_id=fetch_spread_values, task_id=fetch_and_compute_spread_usd_mxn, run_id=scheduled__2024-07-14T04:13:00+00:00, execution_date=20240714T041300, start_date=20240714T203355, end_date=20240714T203355
[2024-07-14T20:33:55.695+0000] {local_task_job_runner.py:240} INFO - Task exited with return code 0
[2024-07-14T20:33:55.706+0000] {taskinstance.py:3503} INFO - 0 downstream tasks scheduled from follow-on schedule check
[2024-07-14T20:33:55.706+0000] {local_task_job_runner.py:222} INFO - ::endgroup::
