[2024-07-14T09:04:57.223+0000] {local_task_job_runner.py:120} INFO - ::group::Pre task execution logs
[2024-07-14T09:04:57.235+0000] {taskinstance.py:2076} INFO - Dependencies all met for dep_context=non-requeueable deps ti=<TaskInstance: fetch_spread_values.fetch_and_compute_spread_btc_mxn scheduled__2024-07-14T08:47:00+00:00 [queued]>
[2024-07-14T09:04:57.240+0000] {taskinstance.py:2076} INFO - Dependencies all met for dep_context=requeueable deps ti=<TaskInstance: fetch_spread_values.fetch_and_compute_spread_btc_mxn scheduled__2024-07-14T08:47:00+00:00 [queued]>
[2024-07-14T09:04:57.240+0000] {taskinstance.py:2306} INFO - Starting attempt 1 of 2
[2024-07-14T09:04:57.248+0000] {taskinstance.py:2330} INFO - Executing <Task(PythonOperator): fetch_and_compute_spread_btc_mxn> on 2024-07-14 08:47:00+00:00
[2024-07-14T09:04:57.252+0000] {warnings.py:112} WARNING - /home/***/.local/lib/python3.12/site-packages/***/task/task_runner/standard_task_runner.py:61: DeprecationWarning: This process (pid=3384) is multi-threaded, use of fork() may lead to deadlocks in the child.
  pid = os.fork()

[2024-07-14T09:04:57.253+0000] {standard_task_runner.py:63} INFO - Started process 3392 to run task
[2024-07-14T09:04:57.253+0000] {standard_task_runner.py:90} INFO - Running: ['***', 'tasks', 'run', 'fetch_spread_values', 'fetch_and_compute_spread_btc_mxn', 'scheduled__2024-07-14T08:47:00+00:00', '--job-id', '1084', '--raw', '--subdir', 'DAGS_FOLDER/***.py', '--cfg-path', '/tmp/tmpew71uake']
[2024-07-14T09:04:57.255+0000] {standard_task_runner.py:91} INFO - Job 1084: Subtask fetch_and_compute_spread_btc_mxn
[2024-07-14T09:04:57.321+0000] {task_command.py:426} INFO - Running <TaskInstance: fetch_spread_values.fetch_and_compute_spread_btc_mxn scheduled__2024-07-14T08:47:00+00:00 [running]> on host d537c34a4880
[2024-07-14T09:04:57.412+0000] {taskinstance.py:2648} INFO - Exporting env vars: AIRFLOW_CTX_DAG_OWNER='***' AIRFLOW_CTX_DAG_ID='fetch_spread_values' AIRFLOW_CTX_TASK_ID='fetch_and_compute_spread_btc_mxn' AIRFLOW_CTX_EXECUTION_DATE='2024-07-14T08:47:00+00:00' AIRFLOW_CTX_TRY_NUMBER='1' AIRFLOW_CTX_DAG_RUN_ID='scheduled__2024-07-14T08:47:00+00:00'
[2024-07-14T09:04:57.418+0000] {taskinstance.py:430} INFO - ::endgroup::
[2024-07-14T09:04:57.590+0000] {python.py:237} INFO - Done. Returned value was: None
[2024-07-14T09:04:57.591+0000] {taskinstance.py:441} INFO - ::group::Post task execution logs
[2024-07-14T09:04:57.598+0000] {taskinstance.py:1206} INFO - Marking task as SUCCESS. dag_id=fetch_spread_values, task_id=fetch_and_compute_spread_btc_mxn, run_id=scheduled__2024-07-14T08:47:00+00:00, execution_date=20240714T084700, start_date=20240714T090457, end_date=20240714T090457
[2024-07-14T09:04:57.647+0000] {local_task_job_runner.py:240} INFO - Task exited with return code 0
[2024-07-14T09:04:57.661+0000] {local_task_job_runner.py:222} INFO - ::endgroup::
[2024-07-14T20:36:14.723+0000] {local_task_job_runner.py:120} INFO - ::group::Pre task execution logs
[2024-07-14T20:36:14.752+0000] {taskinstance.py:2076} INFO - Dependencies all met for dep_context=non-requeueable deps ti=<TaskInstance: fetch_spread_values.fetch_and_compute_spread_btc_mxn scheduled__2024-07-14T08:47:00+00:00 [queued]>
[2024-07-14T20:36:14.758+0000] {taskinstance.py:2076} INFO - Dependencies all met for dep_context=requeueable deps ti=<TaskInstance: fetch_spread_values.fetch_and_compute_spread_btc_mxn scheduled__2024-07-14T08:47:00+00:00 [queued]>
[2024-07-14T20:36:14.760+0000] {taskinstance.py:2306} INFO - Starting attempt 1 of 2
[2024-07-14T20:36:14.778+0000] {taskinstance.py:2330} INFO - Executing <Task(PythonOperator): fetch_and_compute_spread_btc_mxn> on 2024-07-14 08:47:00+00:00
[2024-07-14T20:36:14.785+0000] {standard_task_runner.py:90} INFO - Running: ['***', 'tasks', 'run', 'fetch_spread_values', 'fetch_and_compute_spread_btc_mxn', 'scheduled__2024-07-14T08:47:00+00:00', '--job-id', '1182', '--raw', '--subdir', 'DAGS_FOLDER/***.py', '--cfg-path', '/tmp/tmp5auancoa']
[2024-07-14T20:36:14.786+0000] {standard_task_runner.py:91} INFO - Job 1182: Subtask fetch_and_compute_spread_btc_mxn
[2024-07-14T20:36:14.788+0000] {logging_mixin.py:188} WARNING - /home/***/.local/lib/python3.12/site-packages/***/task/task_runner/standard_task_runner.py:61 DeprecationWarning: This process (pid=2577) is multi-threaded, use of fork() may lead to deadlocks in the child.
[2024-07-14T20:36:14.790+0000] {standard_task_runner.py:63} INFO - Started process 2585 to run task
[2024-07-14T20:36:14.836+0000] {task_command.py:426} INFO - Running <TaskInstance: fetch_spread_values.fetch_and_compute_spread_btc_mxn scheduled__2024-07-14T08:47:00+00:00 [running]> on host 77caf7e4b282
[2024-07-14T20:36:14.893+0000] {taskinstance.py:2648} INFO - Exporting env vars: AIRFLOW_CTX_DAG_OWNER='***' AIRFLOW_CTX_DAG_ID='fetch_spread_values' AIRFLOW_CTX_TASK_ID='fetch_and_compute_spread_btc_mxn' AIRFLOW_CTX_EXECUTION_DATE='2024-07-14T08:47:00+00:00' AIRFLOW_CTX_TRY_NUMBER='1' AIRFLOW_CTX_DAG_RUN_ID='scheduled__2024-07-14T08:47:00+00:00'
[2024-07-14T20:36:14.894+0000] {taskinstance.py:430} INFO - ::endgroup::
[2024-07-14T20:36:15.064+0000] {python.py:237} INFO - Done. Returned value was: None
[2024-07-14T20:36:15.066+0000] {taskinstance.py:441} INFO - ::group::Post task execution logs
[2024-07-14T20:36:15.072+0000] {taskinstance.py:1206} INFO - Marking task as SUCCESS. dag_id=fetch_spread_values, task_id=fetch_and_compute_spread_btc_mxn, run_id=scheduled__2024-07-14T08:47:00+00:00, execution_date=20240714T084700, start_date=20240714T203614, end_date=20240714T203615
[2024-07-14T20:36:15.098+0000] {local_task_job_runner.py:240} INFO - Task exited with return code 0
[2024-07-14T20:36:15.104+0000] {local_task_job_runner.py:222} INFO - ::endgroup::
