[2024-07-14T09:03:21.003+0000] {local_task_job_runner.py:120} INFO - ::group::Pre task execution logs
[2024-07-14T09:03:21.041+0000] {taskinstance.py:2076} INFO - Dependencies all met for dep_context=non-requeueable deps ti=<TaskInstance: fetch_spread_values.fetch_and_compute_spread_usd_mxn scheduled__2024-07-14T07:10:00+00:00 [queued]>
[2024-07-14T09:03:21.049+0000] {taskinstance.py:2076} INFO - Dependencies all met for dep_context=requeueable deps ti=<TaskInstance: fetch_spread_values.fetch_and_compute_spread_usd_mxn scheduled__2024-07-14T07:10:00+00:00 [queued]>
[2024-07-14T09:03:21.049+0000] {taskinstance.py:2306} INFO - Starting attempt 1 of 2
[2024-07-14T09:03:21.068+0000] {taskinstance.py:2330} INFO - Executing <Task(PythonOperator): fetch_and_compute_spread_usd_mxn> on 2024-07-14 07:10:00+00:00
[2024-07-14T09:03:21.101+0000] {warnings.py:112} WARNING - /home/***/.local/lib/python3.12/site-packages/***/task/task_runner/standard_task_runner.py:61: DeprecationWarning: This process (pid=2764) is multi-threaded, use of fork() may lead to deadlocks in the child.
  pid = os.fork()

[2024-07-14T09:03:21.109+0000] {standard_task_runner.py:63} INFO - Started process 2794 to run task
[2024-07-14T09:03:21.105+0000] {standard_task_runner.py:90} INFO - Running: ['***', 'tasks', 'run', 'fetch_spread_values', 'fetch_and_compute_spread_usd_mxn', 'scheduled__2024-07-14T07:10:00+00:00', '--job-id', '889', '--raw', '--subdir', 'DAGS_FOLDER/***.py', '--cfg-path', '/tmp/tmp1t8coyvu']
[2024-07-14T09:03:21.120+0000] {standard_task_runner.py:91} INFO - Job 889: Subtask fetch_and_compute_spread_usd_mxn
[2024-07-14T09:03:21.215+0000] {task_command.py:426} INFO - Running <TaskInstance: fetch_spread_values.fetch_and_compute_spread_usd_mxn scheduled__2024-07-14T07:10:00+00:00 [running]> on host d537c34a4880
[2024-07-14T09:03:21.392+0000] {taskinstance.py:2648} INFO - Exporting env vars: AIRFLOW_CTX_DAG_OWNER='***' AIRFLOW_CTX_DAG_ID='fetch_spread_values' AIRFLOW_CTX_TASK_ID='fetch_and_compute_spread_usd_mxn' AIRFLOW_CTX_EXECUTION_DATE='2024-07-14T07:10:00+00:00' AIRFLOW_CTX_TRY_NUMBER='1' AIRFLOW_CTX_DAG_RUN_ID='scheduled__2024-07-14T07:10:00+00:00'
[2024-07-14T09:03:21.394+0000] {taskinstance.py:430} INFO - ::endgroup::
[2024-07-14T09:03:21.596+0000] {python.py:237} INFO - Done. Returned value was: None
[2024-07-14T09:03:21.598+0000] {taskinstance.py:441} INFO - ::group::Post task execution logs
[2024-07-14T09:03:21.614+0000] {taskinstance.py:1206} INFO - Marking task as SUCCESS. dag_id=fetch_spread_values, task_id=fetch_and_compute_spread_usd_mxn, run_id=scheduled__2024-07-14T07:10:00+00:00, execution_date=20240714T071000, start_date=20240714T090321, end_date=20240714T090321
[2024-07-14T09:03:21.677+0000] {local_task_job_runner.py:240} INFO - Task exited with return code 0
[2024-07-14T09:03:21.713+0000] {taskinstance.py:3503} INFO - 0 downstream tasks scheduled from follow-on schedule check
[2024-07-14T09:03:21.715+0000] {local_task_job_runner.py:222} INFO - ::endgroup::
[2024-07-14T20:35:14.283+0000] {local_task_job_runner.py:120} INFO - ::group::Pre task execution logs
[2024-07-14T20:35:14.322+0000] {taskinstance.py:2076} INFO - Dependencies all met for dep_context=non-requeueable deps ti=<TaskInstance: fetch_spread_values.fetch_and_compute_spread_usd_mxn scheduled__2024-07-14T07:10:00+00:00 [queued]>
[2024-07-14T20:35:14.327+0000] {taskinstance.py:2076} INFO - Dependencies all met for dep_context=requeueable deps ti=<TaskInstance: fetch_spread_values.fetch_and_compute_spread_usd_mxn scheduled__2024-07-14T07:10:00+00:00 [queued]>
[2024-07-14T20:35:14.329+0000] {taskinstance.py:2306} INFO - Starting attempt 1 of 2
[2024-07-14T20:35:14.435+0000] {taskinstance.py:2330} INFO - Executing <Task(PythonOperator): fetch_and_compute_spread_usd_mxn> on 2024-07-14 07:10:00+00:00
[2024-07-14T20:35:14.441+0000] {logging_mixin.py:188} WARNING - /home/***/.local/lib/python3.12/site-packages/***/task/task_runner/standard_task_runner.py:61 DeprecationWarning: This process (pid=2096) is multi-threaded, use of fork() may lead to deadlocks in the child.
[2024-07-14T20:35:14.445+0000] {standard_task_runner.py:63} INFO - Started process 2109 to run task
[2024-07-14T20:35:14.441+0000] {standard_task_runner.py:90} INFO - Running: ['***', 'tasks', 'run', 'fetch_spread_values', 'fetch_and_compute_spread_usd_mxn', 'scheduled__2024-07-14T07:10:00+00:00', '--job-id', '946', '--raw', '--subdir', 'DAGS_FOLDER/***.py', '--cfg-path', '/tmp/tmpx5juyvmy']
[2024-07-14T20:35:14.447+0000] {standard_task_runner.py:91} INFO - Job 946: Subtask fetch_and_compute_spread_usd_mxn
[2024-07-14T20:35:14.499+0000] {task_command.py:426} INFO - Running <TaskInstance: fetch_spread_values.fetch_and_compute_spread_usd_mxn scheduled__2024-07-14T07:10:00+00:00 [running]> on host 77caf7e4b282
[2024-07-14T20:35:14.654+0000] {taskinstance.py:2648} INFO - Exporting env vars: AIRFLOW_CTX_DAG_OWNER='***' AIRFLOW_CTX_DAG_ID='fetch_spread_values' AIRFLOW_CTX_TASK_ID='fetch_and_compute_spread_usd_mxn' AIRFLOW_CTX_EXECUTION_DATE='2024-07-14T07:10:00+00:00' AIRFLOW_CTX_TRY_NUMBER='1' AIRFLOW_CTX_DAG_RUN_ID='scheduled__2024-07-14T07:10:00+00:00'
[2024-07-14T20:35:14.658+0000] {taskinstance.py:430} INFO - ::endgroup::
[2024-07-14T20:35:14.847+0000] {python.py:237} INFO - Done. Returned value was: None
[2024-07-14T20:35:14.851+0000] {taskinstance.py:441} INFO - ::group::Post task execution logs
[2024-07-14T20:35:14.863+0000] {taskinstance.py:1206} INFO - Marking task as SUCCESS. dag_id=fetch_spread_values, task_id=fetch_and_compute_spread_usd_mxn, run_id=scheduled__2024-07-14T07:10:00+00:00, execution_date=20240714T071000, start_date=20240714T203514, end_date=20240714T203514
[2024-07-14T20:35:14.887+0000] {local_task_job_runner.py:240} INFO - Task exited with return code 0
[2024-07-14T20:35:14.905+0000] {local_task_job_runner.py:222} INFO - ::endgroup::
