[2024-07-14T08:58:36.543+0000] {local_task_job_runner.py:120} INFO - ::group::Pre task execution logs
[2024-07-14T08:58:36.602+0000] {taskinstance.py:2076} INFO - Dependencies all met for dep_context=non-requeueable deps ti=<TaskInstance: fetch_spread_values.fetch_and_compute_spread_btc_mxn scheduled__2024-07-14T01:59:00+00:00 [queued]>
[2024-07-14T08:58:36.612+0000] {taskinstance.py:2076} INFO - Dependencies all met for dep_context=requeueable deps ti=<TaskInstance: fetch_spread_values.fetch_and_compute_spread_btc_mxn scheduled__2024-07-14T01:59:00+00:00 [queued]>
[2024-07-14T08:58:36.614+0000] {taskinstance.py:2306} INFO - Starting attempt 1 of 2
[2024-07-14T08:58:36.679+0000] {taskinstance.py:2330} INFO - Executing <Task(PythonOperator): fetch_and_compute_spread_btc_mxn> on 2024-07-14 01:59:00+00:00
[2024-07-14T08:58:36.720+0000] {warnings.py:112} WARNING - /home/***/.local/lib/python3.12/site-packages/***/task/task_runner/standard_task_runner.py:61: DeprecationWarning: This process (pid=846) is multi-threaded, use of fork() may lead to deadlocks in the child.
  pid = os.fork()

[2024-07-14T08:58:36.756+0000] {standard_task_runner.py:63} INFO - Started process 877 to run task
[2024-07-14T08:58:36.738+0000] {standard_task_runner.py:90} INFO - Running: ['***', 'tasks', 'run', 'fetch_spread_values', 'fetch_and_compute_spread_btc_mxn', 'scheduled__2024-07-14T01:59:00+00:00', '--job-id', '267', '--raw', '--subdir', 'DAGS_FOLDER/***.py', '--cfg-path', '/tmp/tmpfp56zvxw']
[2024-07-14T08:58:36.767+0000] {standard_task_runner.py:91} INFO - Job 267: Subtask fetch_and_compute_spread_btc_mxn
[2024-07-14T08:58:37.467+0000] {task_command.py:426} INFO - Running <TaskInstance: fetch_spread_values.fetch_and_compute_spread_btc_mxn scheduled__2024-07-14T01:59:00+00:00 [running]> on host d537c34a4880
[2024-07-14T08:58:37.876+0000] {taskinstance.py:2648} INFO - Exporting env vars: AIRFLOW_CTX_DAG_OWNER='***' AIRFLOW_CTX_DAG_ID='fetch_spread_values' AIRFLOW_CTX_TASK_ID='fetch_and_compute_spread_btc_mxn' AIRFLOW_CTX_EXECUTION_DATE='2024-07-14T01:59:00+00:00' AIRFLOW_CTX_TRY_NUMBER='1' AIRFLOW_CTX_DAG_RUN_ID='scheduled__2024-07-14T01:59:00+00:00'
[2024-07-14T08:58:37.906+0000] {taskinstance.py:430} INFO - ::endgroup::
[2024-07-14T08:58:38.292+0000] {python.py:237} INFO - Done. Returned value was: None
[2024-07-14T08:58:38.299+0000] {taskinstance.py:441} INFO - ::group::Post task execution logs
[2024-07-14T08:58:38.361+0000] {taskinstance.py:1206} INFO - Marking task as SUCCESS. dag_id=fetch_spread_values, task_id=fetch_and_compute_spread_btc_mxn, run_id=scheduled__2024-07-14T01:59:00+00:00, execution_date=20240714T015900, start_date=20240714T085836, end_date=20240714T085838
[2024-07-14T08:58:38.469+0000] {local_task_job_runner.py:240} INFO - Task exited with return code 0
[2024-07-14T08:58:38.566+0000] {taskinstance.py:3503} INFO - 0 downstream tasks scheduled from follow-on schedule check
[2024-07-14T08:58:38.604+0000] {local_task_job_runner.py:222} INFO - ::endgroup::
[2024-07-14T20:33:03.376+0000] {local_task_job_runner.py:120} INFO - ::group::Pre task execution logs
[2024-07-14T20:33:03.393+0000] {taskinstance.py:2076} INFO - Dependencies all met for dep_context=non-requeueable deps ti=<TaskInstance: fetch_spread_values.fetch_and_compute_spread_btc_mxn scheduled__2024-07-14T01:59:00+00:00 [queued]>
[2024-07-14T20:33:03.397+0000] {taskinstance.py:2076} INFO - Dependencies all met for dep_context=requeueable deps ti=<TaskInstance: fetch_spread_values.fetch_and_compute_spread_btc_mxn scheduled__2024-07-14T01:59:00+00:00 [queued]>
[2024-07-14T20:33:03.397+0000] {taskinstance.py:2306} INFO - Starting attempt 1 of 2
[2024-07-14T20:33:03.403+0000] {taskinstance.py:2330} INFO - Executing <Task(PythonOperator): fetch_and_compute_spread_btc_mxn> on 2024-07-14 01:59:00+00:00
[2024-07-14T20:33:03.407+0000] {logging_mixin.py:188} WARNING - /home/***/.local/lib/python3.12/site-packages/***/task/task_runner/standard_task_runner.py:61 DeprecationWarning: This process (pid=673) is multi-threaded, use of fork() may lead to deadlocks in the child.
[2024-07-14T20:33:03.408+0000] {standard_task_runner.py:63} INFO - Started process 675 to run task
[2024-07-14T20:33:03.407+0000] {standard_task_runner.py:90} INFO - Running: ['***', 'tasks', 'run', 'fetch_spread_values', 'fetch_and_compute_spread_btc_mxn', 'scheduled__2024-07-14T01:59:00+00:00', '--job-id', '243', '--raw', '--subdir', 'DAGS_FOLDER/***.py', '--cfg-path', '/tmp/tmplb9bmb5k']
[2024-07-14T20:33:03.409+0000] {standard_task_runner.py:91} INFO - Job 243: Subtask fetch_and_compute_spread_btc_mxn
[2024-07-14T20:33:03.435+0000] {task_command.py:426} INFO - Running <TaskInstance: fetch_spread_values.fetch_and_compute_spread_btc_mxn scheduled__2024-07-14T01:59:00+00:00 [running]> on host 77caf7e4b282
[2024-07-14T20:33:03.481+0000] {taskinstance.py:2648} INFO - Exporting env vars: AIRFLOW_CTX_DAG_OWNER='***' AIRFLOW_CTX_DAG_ID='fetch_spread_values' AIRFLOW_CTX_TASK_ID='fetch_and_compute_spread_btc_mxn' AIRFLOW_CTX_EXECUTION_DATE='2024-07-14T01:59:00+00:00' AIRFLOW_CTX_TRY_NUMBER='1' AIRFLOW_CTX_DAG_RUN_ID='scheduled__2024-07-14T01:59:00+00:00'
[2024-07-14T20:33:03.482+0000] {taskinstance.py:430} INFO - ::endgroup::
[2024-07-14T20:33:03.727+0000] {python.py:237} INFO - Done. Returned value was: None
[2024-07-14T20:33:03.728+0000] {taskinstance.py:441} INFO - ::group::Post task execution logs
[2024-07-14T20:33:03.738+0000] {taskinstance.py:1206} INFO - Marking task as SUCCESS. dag_id=fetch_spread_values, task_id=fetch_and_compute_spread_btc_mxn, run_id=scheduled__2024-07-14T01:59:00+00:00, execution_date=20240714T015900, start_date=20240714T203303, end_date=20240714T203303
[2024-07-14T20:33:03.762+0000] {local_task_job_runner.py:240} INFO - Task exited with return code 0
[2024-07-14T20:33:03.771+0000] {taskinstance.py:3503} INFO - 0 downstream tasks scheduled from follow-on schedule check
[2024-07-14T20:33:03.772+0000] {local_task_job_runner.py:222} INFO - ::endgroup::
