[2024-07-14T09:02:04.181+0000] {local_task_job_runner.py:120} INFO - ::group::Pre task execution logs
[2024-07-14T09:02:04.238+0000] {taskinstance.py:2076} INFO - Dependencies all met for dep_context=non-requeueable deps ti=<TaskInstance: fetch_spread_values.fetch_and_compute_spread_btc_mxn scheduled__2024-07-14T05:43:00+00:00 [queued]>
[2024-07-14T09:02:04.261+0000] {taskinstance.py:2076} INFO - Dependencies all met for dep_context=requeueable deps ti=<TaskInstance: fetch_spread_values.fetch_and_compute_spread_btc_mxn scheduled__2024-07-14T05:43:00+00:00 [queued]>
[2024-07-14T09:02:04.272+0000] {taskinstance.py:2306} INFO - Starting attempt 1 of 2
[2024-07-14T09:02:04.325+0000] {taskinstance.py:2330} INFO - Executing <Task(PythonOperator): fetch_and_compute_spread_btc_mxn> on 2024-07-14 05:43:00+00:00
[2024-07-14T09:02:04.375+0000] {standard_task_runner.py:90} INFO - Running: ['***', 'tasks', 'run', 'fetch_spread_values', 'fetch_and_compute_spread_btc_mxn', 'scheduled__2024-07-14T05:43:00+00:00', '--job-id', '715', '--raw', '--subdir', 'DAGS_FOLDER/***.py', '--cfg-path', '/tmp/tmppcgp71rb']
[2024-07-14T09:02:04.401+0000] {standard_task_runner.py:91} INFO - Job 715: Subtask fetch_and_compute_spread_btc_mxn
[2024-07-14T09:02:04.369+0000] {warnings.py:112} WARNING - /home/***/.local/lib/python3.12/site-packages/***/task/task_runner/standard_task_runner.py:61: DeprecationWarning: This process (pid=2239) is multi-threaded, use of fork() may lead to deadlocks in the child.
  pid = os.fork()

[2024-07-14T09:02:04.407+0000] {standard_task_runner.py:63} INFO - Started process 2264 to run task
[2024-07-14T09:02:04.596+0000] {task_command.py:426} INFO - Running <TaskInstance: fetch_spread_values.fetch_and_compute_spread_btc_mxn scheduled__2024-07-14T05:43:00+00:00 [running]> on host d537c34a4880
[2024-07-14T09:02:04.860+0000] {taskinstance.py:2648} INFO - Exporting env vars: AIRFLOW_CTX_DAG_OWNER='***' AIRFLOW_CTX_DAG_ID='fetch_spread_values' AIRFLOW_CTX_TASK_ID='fetch_and_compute_spread_btc_mxn' AIRFLOW_CTX_EXECUTION_DATE='2024-07-14T05:43:00+00:00' AIRFLOW_CTX_TRY_NUMBER='1' AIRFLOW_CTX_DAG_RUN_ID='scheduled__2024-07-14T05:43:00+00:00'
[2024-07-14T09:02:04.875+0000] {taskinstance.py:430} INFO - ::endgroup::
[2024-07-14T09:02:05.249+0000] {python.py:237} INFO - Done. Returned value was: None
[2024-07-14T09:02:05.293+0000] {taskinstance.py:441} INFO - ::group::Post task execution logs
[2024-07-14T09:02:05.325+0000] {taskinstance.py:1206} INFO - Marking task as SUCCESS. dag_id=fetch_spread_values, task_id=fetch_and_compute_spread_btc_mxn, run_id=scheduled__2024-07-14T05:43:00+00:00, execution_date=20240714T054300, start_date=20240714T090204, end_date=20240714T090205
[2024-07-14T09:02:05.384+0000] {local_task_job_runner.py:240} INFO - Task exited with return code 0
[2024-07-14T09:02:05.451+0000] {taskinstance.py:3503} INFO - 0 downstream tasks scheduled from follow-on schedule check
[2024-07-14T09:02:05.461+0000] {local_task_job_runner.py:222} INFO - ::endgroup::
[2024-07-14T20:34:35.564+0000] {local_task_job_runner.py:120} INFO - ::group::Pre task execution logs
[2024-07-14T20:34:35.604+0000] {taskinstance.py:2076} INFO - Dependencies all met for dep_context=non-requeueable deps ti=<TaskInstance: fetch_spread_values.fetch_and_compute_spread_btc_mxn scheduled__2024-07-14T05:43:00+00:00 [queued]>
[2024-07-14T20:34:35.620+0000] {taskinstance.py:2076} INFO - Dependencies all met for dep_context=requeueable deps ti=<TaskInstance: fetch_spread_values.fetch_and_compute_spread_btc_mxn scheduled__2024-07-14T05:43:00+00:00 [queued]>
[2024-07-14T20:34:35.623+0000] {taskinstance.py:2306} INFO - Starting attempt 1 of 2
[2024-07-14T20:34:35.632+0000] {taskinstance.py:2330} INFO - Executing <Task(PythonOperator): fetch_and_compute_spread_btc_mxn> on 2024-07-14 05:43:00+00:00
[2024-07-14T20:34:35.638+0000] {logging_mixin.py:188} WARNING - /home/***/.local/lib/python3.12/site-packages/***/task/task_runner/standard_task_runner.py:61 DeprecationWarning: This process (pid=1584) is multi-threaded, use of fork() may lead to deadlocks in the child.
[2024-07-14T20:34:35.640+0000] {standard_task_runner.py:63} INFO - Started process 1597 to run task
[2024-07-14T20:34:35.640+0000] {standard_task_runner.py:90} INFO - Running: ['***', 'tasks', 'run', 'fetch_spread_values', 'fetch_and_compute_spread_btc_mxn', 'scheduled__2024-07-14T05:43:00+00:00', '--job-id', '693', '--raw', '--subdir', 'DAGS_FOLDER/***.py', '--cfg-path', '/tmp/tmp31h6ykqc']
[2024-07-14T20:34:35.651+0000] {standard_task_runner.py:91} INFO - Job 693: Subtask fetch_and_compute_spread_btc_mxn
[2024-07-14T20:34:35.717+0000] {task_command.py:426} INFO - Running <TaskInstance: fetch_spread_values.fetch_and_compute_spread_btc_mxn scheduled__2024-07-14T05:43:00+00:00 [running]> on host 77caf7e4b282
[2024-07-14T20:34:35.808+0000] {taskinstance.py:2648} INFO - Exporting env vars: AIRFLOW_CTX_DAG_OWNER='***' AIRFLOW_CTX_DAG_ID='fetch_spread_values' AIRFLOW_CTX_TASK_ID='fetch_and_compute_spread_btc_mxn' AIRFLOW_CTX_EXECUTION_DATE='2024-07-14T05:43:00+00:00' AIRFLOW_CTX_TRY_NUMBER='1' AIRFLOW_CTX_DAG_RUN_ID='scheduled__2024-07-14T05:43:00+00:00'
[2024-07-14T20:34:35.811+0000] {taskinstance.py:430} INFO - ::endgroup::
[2024-07-14T20:34:36.057+0000] {python.py:237} INFO - Done. Returned value was: None
[2024-07-14T20:34:36.072+0000] {taskinstance.py:441} INFO - ::group::Post task execution logs
[2024-07-14T20:34:36.106+0000] {taskinstance.py:1206} INFO - Marking task as SUCCESS. dag_id=fetch_spread_values, task_id=fetch_and_compute_spread_btc_mxn, run_id=scheduled__2024-07-14T05:43:00+00:00, execution_date=20240714T054300, start_date=20240714T203435, end_date=20240714T203436
[2024-07-14T20:34:36.159+0000] {local_task_job_runner.py:240} INFO - Task exited with return code 0
[2024-07-14T20:34:36.178+0000] {local_task_job_runner.py:222} INFO - ::endgroup::
