[2024-07-14T09:04:49.325+0000] {local_task_job_runner.py:120} INFO - ::group::Pre task execution logs
[2024-07-14T09:04:49.362+0000] {taskinstance.py:2076} INFO - Dependencies all met for dep_context=non-requeueable deps ti=<TaskInstance: fetch_spread_values.fetch_and_compute_spread_usd_mxn scheduled__2024-07-14T08:39:00+00:00 [queued]>
[2024-07-14T09:04:49.376+0000] {taskinstance.py:2076} INFO - Dependencies all met for dep_context=requeueable deps ti=<TaskInstance: fetch_spread_values.fetch_and_compute_spread_usd_mxn scheduled__2024-07-14T08:39:00+00:00 [queued]>
[2024-07-14T09:04:49.380+0000] {taskinstance.py:2306} INFO - Starting attempt 1 of 2
[2024-07-14T09:04:49.414+0000] {taskinstance.py:2330} INFO - Executing <Task(PythonOperator): fetch_and_compute_spread_usd_mxn> on 2024-07-14 08:39:00+00:00
[2024-07-14T09:04:49.446+0000] {warnings.py:112} WARNING - /home/***/.local/lib/python3.12/site-packages/***/task/task_runner/standard_task_runner.py:61: DeprecationWarning: This process (pid=3322) is multi-threaded, use of fork() may lead to deadlocks in the child.
  pid = os.fork()

[2024-07-14T09:04:49.463+0000] {standard_task_runner.py:63} INFO - Started process 3345 to run task
[2024-07-14T09:04:49.456+0000] {standard_task_runner.py:90} INFO - Running: ['***', 'tasks', 'run', 'fetch_spread_values', 'fetch_and_compute_spread_usd_mxn', 'scheduled__2024-07-14T08:39:00+00:00', '--job-id', '1067', '--raw', '--subdir', 'DAGS_FOLDER/***.py', '--cfg-path', '/tmp/tmpdzgq32is']
[2024-07-14T09:04:49.474+0000] {standard_task_runner.py:91} INFO - Job 1067: Subtask fetch_and_compute_spread_usd_mxn
[2024-07-14T09:04:49.623+0000] {task_command.py:426} INFO - Running <TaskInstance: fetch_spread_values.fetch_and_compute_spread_usd_mxn scheduled__2024-07-14T08:39:00+00:00 [running]> on host d537c34a4880
[2024-07-14T09:04:49.885+0000] {taskinstance.py:2648} INFO - Exporting env vars: AIRFLOW_CTX_DAG_OWNER='***' AIRFLOW_CTX_DAG_ID='fetch_spread_values' AIRFLOW_CTX_TASK_ID='fetch_and_compute_spread_usd_mxn' AIRFLOW_CTX_EXECUTION_DATE='2024-07-14T08:39:00+00:00' AIRFLOW_CTX_TRY_NUMBER='1' AIRFLOW_CTX_DAG_RUN_ID='scheduled__2024-07-14T08:39:00+00:00'
[2024-07-14T09:04:49.908+0000] {taskinstance.py:430} INFO - ::endgroup::
[2024-07-14T09:04:50.191+0000] {python.py:237} INFO - Done. Returned value was: None
[2024-07-14T09:04:50.204+0000] {taskinstance.py:441} INFO - ::group::Post task execution logs
[2024-07-14T09:04:50.241+0000] {taskinstance.py:1206} INFO - Marking task as SUCCESS. dag_id=fetch_spread_values, task_id=fetch_and_compute_spread_usd_mxn, run_id=scheduled__2024-07-14T08:39:00+00:00, execution_date=20240714T083900, start_date=20240714T090449, end_date=20240714T090450
[2024-07-14T09:04:50.392+0000] {local_task_job_runner.py:240} INFO - Task exited with return code 0
[2024-07-14T09:04:50.443+0000] {taskinstance.py:3503} INFO - 0 downstream tasks scheduled from follow-on schedule check
[2024-07-14T09:04:50.448+0000] {local_task_job_runner.py:222} INFO - ::endgroup::
[2024-07-14T20:36:11.949+0000] {local_task_job_runner.py:120} INFO - ::group::Pre task execution logs
[2024-07-14T20:36:11.983+0000] {taskinstance.py:2076} INFO - Dependencies all met for dep_context=non-requeueable deps ti=<TaskInstance: fetch_spread_values.fetch_and_compute_spread_usd_mxn scheduled__2024-07-14T08:39:00+00:00 [queued]>
[2024-07-14T20:36:11.993+0000] {taskinstance.py:2076} INFO - Dependencies all met for dep_context=requeueable deps ti=<TaskInstance: fetch_spread_values.fetch_and_compute_spread_usd_mxn scheduled__2024-07-14T08:39:00+00:00 [queued]>
[2024-07-14T20:36:11.997+0000] {taskinstance.py:2306} INFO - Starting attempt 1 of 2
[2024-07-14T20:36:12.018+0000] {taskinstance.py:2330} INFO - Executing <Task(PythonOperator): fetch_and_compute_spread_usd_mxn> on 2024-07-14 08:39:00+00:00
[2024-07-14T20:36:12.025+0000] {logging_mixin.py:188} WARNING - /home/***/.local/lib/python3.12/site-packages/***/task/task_runner/standard_task_runner.py:61 DeprecationWarning: This process (pid=2545) is multi-threaded, use of fork() may lead to deadlocks in the child.
[2024-07-14T20:36:12.025+0000] {standard_task_runner.py:90} INFO - Running: ['***', 'tasks', 'run', 'fetch_spread_values', 'fetch_and_compute_spread_usd_mxn', 'scheduled__2024-07-14T08:39:00+00:00', '--job-id', '1167', '--raw', '--subdir', 'DAGS_FOLDER/***.py', '--cfg-path', '/tmp/tmp66ecrpq0']
[2024-07-14T20:36:12.028+0000] {standard_task_runner.py:63} INFO - Started process 2551 to run task
[2024-07-14T20:36:12.030+0000] {standard_task_runner.py:91} INFO - Job 1167: Subtask fetch_and_compute_spread_usd_mxn
[2024-07-14T20:36:12.078+0000] {task_command.py:426} INFO - Running <TaskInstance: fetch_spread_values.fetch_and_compute_spread_usd_mxn scheduled__2024-07-14T08:39:00+00:00 [running]> on host 77caf7e4b282
[2024-07-14T20:36:12.134+0000] {taskinstance.py:2648} INFO - Exporting env vars: AIRFLOW_CTX_DAG_OWNER='***' AIRFLOW_CTX_DAG_ID='fetch_spread_values' AIRFLOW_CTX_TASK_ID='fetch_and_compute_spread_usd_mxn' AIRFLOW_CTX_EXECUTION_DATE='2024-07-14T08:39:00+00:00' AIRFLOW_CTX_TRY_NUMBER='1' AIRFLOW_CTX_DAG_RUN_ID='scheduled__2024-07-14T08:39:00+00:00'
[2024-07-14T20:36:12.134+0000] {taskinstance.py:430} INFO - ::endgroup::
[2024-07-14T20:36:12.309+0000] {python.py:237} INFO - Done. Returned value was: None
[2024-07-14T20:36:12.309+0000] {taskinstance.py:441} INFO - ::group::Post task execution logs
[2024-07-14T20:36:12.315+0000] {taskinstance.py:1206} INFO - Marking task as SUCCESS. dag_id=fetch_spread_values, task_id=fetch_and_compute_spread_usd_mxn, run_id=scheduled__2024-07-14T08:39:00+00:00, execution_date=20240714T083900, start_date=20240714T203611, end_date=20240714T203612
[2024-07-14T20:36:12.336+0000] {local_task_job_runner.py:240} INFO - Task exited with return code 0
[2024-07-14T20:36:12.345+0000] {taskinstance.py:3503} INFO - 0 downstream tasks scheduled from follow-on schedule check
[2024-07-14T20:36:12.346+0000] {local_task_job_runner.py:222} INFO - ::endgroup::
