[2024-07-14T09:02:40.959+0000] {local_task_job_runner.py:120} INFO - ::group::Pre task execution logs
[2024-07-14T09:02:41.001+0000] {taskinstance.py:2076} INFO - Dependencies all met for dep_context=non-requeueable deps ti=<TaskInstance: fetch_spread_values.fetch_and_compute_spread_btc_mxn scheduled__2024-07-14T06:26:00+00:00 [queued]>
[2024-07-14T09:02:41.036+0000] {taskinstance.py:2076} INFO - Dependencies all met for dep_context=requeueable deps ti=<TaskInstance: fetch_spread_values.fetch_and_compute_spread_btc_mxn scheduled__2024-07-14T06:26:00+00:00 [queued]>
[2024-07-14T09:02:41.044+0000] {taskinstance.py:2306} INFO - Starting attempt 1 of 2
[2024-07-14T09:02:41.068+0000] {taskinstance.py:2330} INFO - Executing <Task(PythonOperator): fetch_and_compute_spread_btc_mxn> on 2024-07-14 06:26:00+00:00
[2024-07-14T09:02:41.086+0000] {warnings.py:112} WARNING - /home/***/.local/lib/python3.12/site-packages/***/task/task_runner/standard_task_runner.py:61: DeprecationWarning: This process (pid=2501) is multi-threaded, use of fork() may lead to deadlocks in the child.
  pid = os.fork()

[2024-07-14T09:02:41.099+0000] {standard_task_runner.py:63} INFO - Started process 2534 to run task
[2024-07-14T09:02:41.091+0000] {standard_task_runner.py:90} INFO - Running: ['***', 'tasks', 'run', 'fetch_spread_values', 'fetch_and_compute_spread_btc_mxn', 'scheduled__2024-07-14T06:26:00+00:00', '--job-id', '802', '--raw', '--subdir', 'DAGS_FOLDER/***.py', '--cfg-path', '/tmp/tmpw5rqzmul']
[2024-07-14T09:02:41.105+0000] {standard_task_runner.py:91} INFO - Job 802: Subtask fetch_and_compute_spread_btc_mxn
[2024-07-14T09:02:41.281+0000] {task_command.py:426} INFO - Running <TaskInstance: fetch_spread_values.fetch_and_compute_spread_btc_mxn scheduled__2024-07-14T06:26:00+00:00 [running]> on host d537c34a4880
[2024-07-14T09:02:41.620+0000] {taskinstance.py:2648} INFO - Exporting env vars: AIRFLOW_CTX_DAG_OWNER='***' AIRFLOW_CTX_DAG_ID='fetch_spread_values' AIRFLOW_CTX_TASK_ID='fetch_and_compute_spread_btc_mxn' AIRFLOW_CTX_EXECUTION_DATE='2024-07-14T06:26:00+00:00' AIRFLOW_CTX_TRY_NUMBER='1' AIRFLOW_CTX_DAG_RUN_ID='scheduled__2024-07-14T06:26:00+00:00'
[2024-07-14T09:02:41.627+0000] {taskinstance.py:430} INFO - ::endgroup::
[2024-07-14T09:02:41.919+0000] {python.py:237} INFO - Done. Returned value was: None
[2024-07-14T09:02:41.934+0000] {taskinstance.py:441} INFO - ::group::Post task execution logs
[2024-07-14T09:02:42.002+0000] {taskinstance.py:1206} INFO - Marking task as SUCCESS. dag_id=fetch_spread_values, task_id=fetch_and_compute_spread_btc_mxn, run_id=scheduled__2024-07-14T06:26:00+00:00, execution_date=20240714T062600, start_date=20240714T090241, end_date=20240714T090242
[2024-07-14T09:02:42.211+0000] {local_task_job_runner.py:240} INFO - Task exited with return code 0
[2024-07-14T09:02:42.287+0000] {taskinstance.py:3503} INFO - 0 downstream tasks scheduled from follow-on schedule check
[2024-07-14T09:02:42.327+0000] {local_task_job_runner.py:222} INFO - ::endgroup::
[2024-07-14T20:34:56.642+0000] {local_task_job_runner.py:120} INFO - ::group::Pre task execution logs
[2024-07-14T20:34:56.685+0000] {taskinstance.py:2076} INFO - Dependencies all met for dep_context=non-requeueable deps ti=<TaskInstance: fetch_spread_values.fetch_and_compute_spread_btc_mxn scheduled__2024-07-14T06:26:00+00:00 [queued]>
[2024-07-14T20:34:56.700+0000] {taskinstance.py:2076} INFO - Dependencies all met for dep_context=requeueable deps ti=<TaskInstance: fetch_spread_values.fetch_and_compute_spread_btc_mxn scheduled__2024-07-14T06:26:00+00:00 [queued]>
[2024-07-14T20:34:56.701+0000] {taskinstance.py:2306} INFO - Starting attempt 1 of 2
[2024-07-14T20:34:56.725+0000] {taskinstance.py:2330} INFO - Executing <Task(PythonOperator): fetch_and_compute_spread_btc_mxn> on 2024-07-14 06:26:00+00:00
[2024-07-14T20:34:56.732+0000] {standard_task_runner.py:90} INFO - Running: ['***', 'tasks', 'run', 'fetch_spread_values', 'fetch_and_compute_spread_btc_mxn', 'scheduled__2024-07-14T06:26:00+00:00', '--job-id', '821', '--raw', '--subdir', 'DAGS_FOLDER/***.py', '--cfg-path', '/tmp/tmpw56ouow1']
[2024-07-14T20:34:56.736+0000] {standard_task_runner.py:91} INFO - Job 821: Subtask fetch_and_compute_spread_btc_mxn
[2024-07-14T20:34:56.737+0000] {logging_mixin.py:188} WARNING - /home/***/.local/lib/python3.12/site-packages/***/task/task_runner/standard_task_runner.py:61 DeprecationWarning: This process (pid=1844) is multi-threaded, use of fork() may lead to deadlocks in the child.
[2024-07-14T20:34:56.744+0000] {standard_task_runner.py:63} INFO - Started process 1854 to run task
[2024-07-14T20:34:56.812+0000] {task_command.py:426} INFO - Running <TaskInstance: fetch_spread_values.fetch_and_compute_spread_btc_mxn scheduled__2024-07-14T06:26:00+00:00 [running]> on host 77caf7e4b282
[2024-07-14T20:34:56.918+0000] {taskinstance.py:2648} INFO - Exporting env vars: AIRFLOW_CTX_DAG_OWNER='***' AIRFLOW_CTX_DAG_ID='fetch_spread_values' AIRFLOW_CTX_TASK_ID='fetch_and_compute_spread_btc_mxn' AIRFLOW_CTX_EXECUTION_DATE='2024-07-14T06:26:00+00:00' AIRFLOW_CTX_TRY_NUMBER='1' AIRFLOW_CTX_DAG_RUN_ID='scheduled__2024-07-14T06:26:00+00:00'
[2024-07-14T20:34:56.920+0000] {taskinstance.py:430} INFO - ::endgroup::
[2024-07-14T20:34:57.088+0000] {python.py:237} INFO - Done. Returned value was: None
[2024-07-14T20:34:57.089+0000] {taskinstance.py:441} INFO - ::group::Post task execution logs
[2024-07-14T20:34:57.095+0000] {taskinstance.py:1206} INFO - Marking task as SUCCESS. dag_id=fetch_spread_values, task_id=fetch_and_compute_spread_btc_mxn, run_id=scheduled__2024-07-14T06:26:00+00:00, execution_date=20240714T062600, start_date=20240714T203456, end_date=20240714T203457
[2024-07-14T20:34:57.139+0000] {local_task_job_runner.py:240} INFO - Task exited with return code 0
[2024-07-14T20:34:57.148+0000] {taskinstance.py:3503} INFO - 0 downstream tasks scheduled from follow-on schedule check
[2024-07-14T20:34:57.149+0000] {local_task_job_runner.py:222} INFO - ::endgroup::
