[2024-07-14T11:31:04.795+0000] {local_task_job_runner.py:120} INFO - ::group::Pre task execution logs
[2024-07-14T11:31:04.827+0000] {taskinstance.py:2076} INFO - Dependencies all met for dep_context=non-requeueable deps ti=<TaskInstance: fetch_spread_values.fetch_and_compute_spread_btc_mxn scheduled__2024-07-14T11:27:00+00:00 [queued]>
[2024-07-14T11:31:04.834+0000] {taskinstance.py:2076} INFO - Dependencies all met for dep_context=requeueable deps ti=<TaskInstance: fetch_spread_values.fetch_and_compute_spread_btc_mxn scheduled__2024-07-14T11:27:00+00:00 [queued]>
[2024-07-14T11:31:04.838+0000] {taskinstance.py:2306} INFO - Starting attempt 1 of 2
[2024-07-14T11:31:04.850+0000] {taskinstance.py:2330} INFO - Executing <Task(PythonOperator): fetch_and_compute_spread_btc_mxn> on 2024-07-14 11:27:00+00:00
[2024-07-14T11:31:04.855+0000] {warnings.py:112} WARNING - /home/***/.local/lib/python3.12/site-packages/***/task/task_runner/standard_task_runner.py:61: DeprecationWarning: This process (pid=4911) is multi-threaded, use of fork() may lead to deadlocks in the child.
  pid = os.fork()

[2024-07-14T11:31:04.860+0000] {standard_task_runner.py:63} INFO - Started process 4937 to run task
[2024-07-14T11:31:04.857+0000] {standard_task_runner.py:90} INFO - Running: ['***', 'tasks', 'run', 'fetch_spread_values', 'fetch_and_compute_spread_btc_mxn', 'scheduled__2024-07-14T11:27:00+00:00', '--job-id', '1472', '--raw', '--subdir', 'DAGS_FOLDER/***.py', '--cfg-path', '/tmp/tmpwc5kiv94']
[2024-07-14T11:31:04.862+0000] {standard_task_runner.py:91} INFO - Job 1472: Subtask fetch_and_compute_spread_btc_mxn
[2024-07-14T11:31:04.897+0000] {task_command.py:426} INFO - Running <TaskInstance: fetch_spread_values.fetch_and_compute_spread_btc_mxn scheduled__2024-07-14T11:27:00+00:00 [running]> on host d537c34a4880
[2024-07-14T11:31:04.964+0000] {taskinstance.py:2648} INFO - Exporting env vars: AIRFLOW_CTX_DAG_OWNER='***' AIRFLOW_CTX_DAG_ID='fetch_spread_values' AIRFLOW_CTX_TASK_ID='fetch_and_compute_spread_btc_mxn' AIRFLOW_CTX_EXECUTION_DATE='2024-07-14T11:27:00+00:00' AIRFLOW_CTX_TRY_NUMBER='1' AIRFLOW_CTX_DAG_RUN_ID='scheduled__2024-07-14T11:27:00+00:00'
[2024-07-14T11:31:04.967+0000] {taskinstance.py:430} INFO - ::endgroup::
[2024-07-14T11:31:05.269+0000] {python.py:237} INFO - Done. Returned value was: None
[2024-07-14T11:31:05.270+0000] {taskinstance.py:441} INFO - ::group::Post task execution logs
[2024-07-14T11:31:05.277+0000] {taskinstance.py:1206} INFO - Marking task as SUCCESS. dag_id=fetch_spread_values, task_id=fetch_and_compute_spread_btc_mxn, run_id=scheduled__2024-07-14T11:27:00+00:00, execution_date=20240714T112700, start_date=20240714T113104, end_date=20240714T113105
[2024-07-14T11:31:05.292+0000] {local_task_job_runner.py:240} INFO - Task exited with return code 0
[2024-07-14T11:31:05.301+0000] {taskinstance.py:3503} INFO - 0 downstream tasks scheduled from follow-on schedule check
[2024-07-14T11:31:05.301+0000] {local_task_job_runner.py:222} INFO - ::endgroup::
[2024-07-14T20:37:13.676+0000] {local_task_job_runner.py:120} INFO - ::group::Pre task execution logs
[2024-07-14T20:37:13.727+0000] {taskinstance.py:2076} INFO - Dependencies all met for dep_context=non-requeueable deps ti=<TaskInstance: fetch_spread_values.fetch_and_compute_spread_btc_mxn scheduled__2024-07-14T11:27:00+00:00 [queued]>
[2024-07-14T20:37:13.732+0000] {taskinstance.py:2076} INFO - Dependencies all met for dep_context=requeueable deps ti=<TaskInstance: fetch_spread_values.fetch_and_compute_spread_btc_mxn scheduled__2024-07-14T11:27:00+00:00 [queued]>
[2024-07-14T20:37:13.734+0000] {taskinstance.py:2306} INFO - Starting attempt 1 of 2
[2024-07-14T20:37:13.752+0000] {taskinstance.py:2330} INFO - Executing <Task(PythonOperator): fetch_and_compute_spread_btc_mxn> on 2024-07-14 11:27:00+00:00
[2024-07-14T20:37:13.757+0000] {logging_mixin.py:188} WARNING - /home/***/.local/lib/python3.12/site-packages/***/task/task_runner/standard_task_runner.py:61 DeprecationWarning: This process (pid=3225) is multi-threaded, use of fork() may lead to deadlocks in the child.
[2024-07-14T20:37:13.760+0000] {standard_task_runner.py:63} INFO - Started process 3238 to run task
[2024-07-14T20:37:13.759+0000] {standard_task_runner.py:90} INFO - Running: ['***', 'tasks', 'run', 'fetch_spread_values', 'fetch_and_compute_spread_btc_mxn', 'scheduled__2024-07-14T11:27:00+00:00', '--job-id', '1502', '--raw', '--subdir', 'DAGS_FOLDER/***.py', '--cfg-path', '/tmp/tmpvfk0k0ug']
[2024-07-14T20:37:13.772+0000] {standard_task_runner.py:91} INFO - Job 1502: Subtask fetch_and_compute_spread_btc_mxn
[2024-07-14T20:37:13.838+0000] {task_command.py:426} INFO - Running <TaskInstance: fetch_spread_values.fetch_and_compute_spread_btc_mxn scheduled__2024-07-14T11:27:00+00:00 [running]> on host 77caf7e4b282
[2024-07-14T20:37:13.988+0000] {taskinstance.py:2648} INFO - Exporting env vars: AIRFLOW_CTX_DAG_OWNER='***' AIRFLOW_CTX_DAG_ID='fetch_spread_values' AIRFLOW_CTX_TASK_ID='fetch_and_compute_spread_btc_mxn' AIRFLOW_CTX_EXECUTION_DATE='2024-07-14T11:27:00+00:00' AIRFLOW_CTX_TRY_NUMBER='1' AIRFLOW_CTX_DAG_RUN_ID='scheduled__2024-07-14T11:27:00+00:00'
[2024-07-14T20:37:13.994+0000] {taskinstance.py:430} INFO - ::endgroup::
[2024-07-14T20:37:14.217+0000] {python.py:237} INFO - Done. Returned value was: None
[2024-07-14T20:37:14.223+0000] {taskinstance.py:441} INFO - ::group::Post task execution logs
[2024-07-14T20:37:14.235+0000] {taskinstance.py:1206} INFO - Marking task as SUCCESS. dag_id=fetch_spread_values, task_id=fetch_and_compute_spread_btc_mxn, run_id=scheduled__2024-07-14T11:27:00+00:00, execution_date=20240714T112700, start_date=20240714T203713, end_date=20240714T203714
[2024-07-14T20:37:14.277+0000] {local_task_job_runner.py:240} INFO - Task exited with return code 0
[2024-07-14T20:37:14.296+0000] {taskinstance.py:3503} INFO - 0 downstream tasks scheduled from follow-on schedule check
[2024-07-14T20:37:14.300+0000] {local_task_job_runner.py:222} INFO - ::endgroup::
