[2024-07-14T13:31:27.993+0000] {local_task_job_runner.py:120} INFO - ::group::Pre task execution logs
[2024-07-14T13:31:28.060+0000] {taskinstance.py:2076} INFO - Dependencies all met for dep_context=non-requeueable deps ti=<TaskInstance: fetch_spread_values.fetch_and_compute_spread_btc_mxn scheduled__2024-07-14T13:26:00+00:00 [queued]>
[2024-07-14T13:31:28.092+0000] {taskinstance.py:2076} INFO - Dependencies all met for dep_context=requeueable deps ti=<TaskInstance: fetch_spread_values.fetch_and_compute_spread_btc_mxn scheduled__2024-07-14T13:26:00+00:00 [queued]>
[2024-07-14T13:31:28.098+0000] {taskinstance.py:2306} INFO - Starting attempt 1 of 2
[2024-07-14T13:31:28.126+0000] {taskinstance.py:2330} INFO - Executing <Task(PythonOperator): fetch_and_compute_spread_btc_mxn> on 2024-07-14 13:26:00+00:00
[2024-07-14T13:31:28.138+0000] {warnings.py:112} WARNING - /home/***/.local/lib/python3.12/site-packages/***/task/task_runner/standard_task_runner.py:61: DeprecationWarning: This process (pid=5743) is multi-threaded, use of fork() may lead to deadlocks in the child.
  pid = os.fork()

[2024-07-14T13:31:28.145+0000] {standard_task_runner.py:63} INFO - Started process 5763 to run task
[2024-07-14T13:31:28.138+0000] {standard_task_runner.py:90} INFO - Running: ['***', 'tasks', 'run', 'fetch_spread_values', 'fetch_and_compute_spread_btc_mxn', 'scheduled__2024-07-14T13:26:00+00:00', '--job-id', '1725', '--raw', '--subdir', 'DAGS_FOLDER/***.py', '--cfg-path', '/tmp/tmpxw7j89x4']
[2024-07-14T13:31:28.156+0000] {standard_task_runner.py:91} INFO - Job 1725: Subtask fetch_and_compute_spread_btc_mxn
[2024-07-14T13:31:28.290+0000] {task_command.py:426} INFO - Running <TaskInstance: fetch_spread_values.fetch_and_compute_spread_btc_mxn scheduled__2024-07-14T13:26:00+00:00 [running]> on host d537c34a4880
[2024-07-14T13:31:28.493+0000] {taskinstance.py:2648} INFO - Exporting env vars: AIRFLOW_CTX_DAG_OWNER='***' AIRFLOW_CTX_DAG_ID='fetch_spread_values' AIRFLOW_CTX_TASK_ID='fetch_and_compute_spread_btc_mxn' AIRFLOW_CTX_EXECUTION_DATE='2024-07-14T13:26:00+00:00' AIRFLOW_CTX_TRY_NUMBER='1' AIRFLOW_CTX_DAG_RUN_ID='scheduled__2024-07-14T13:26:00+00:00'
[2024-07-14T13:31:28.498+0000] {taskinstance.py:430} INFO - ::endgroup::
[2024-07-14T13:31:28.763+0000] {python.py:237} INFO - Done. Returned value was: None
[2024-07-14T13:31:28.771+0000] {taskinstance.py:441} INFO - ::group::Post task execution logs
[2024-07-14T13:31:28.781+0000] {taskinstance.py:1206} INFO - Marking task as SUCCESS. dag_id=fetch_spread_values, task_id=fetch_and_compute_spread_btc_mxn, run_id=scheduled__2024-07-14T13:26:00+00:00, execution_date=20240714T132600, start_date=20240714T133128, end_date=20240714T133128
[2024-07-14T13:31:28.838+0000] {local_task_job_runner.py:240} INFO - Task exited with return code 0
[2024-07-14T13:31:28.868+0000] {taskinstance.py:3503} INFO - 0 downstream tasks scheduled from follow-on schedule check
[2024-07-14T13:31:28.873+0000] {local_task_job_runner.py:222} INFO - ::endgroup::
[2024-07-14T20:37:57.814+0000] {local_task_job_runner.py:120} INFO - ::group::Pre task execution logs
[2024-07-14T20:37:57.854+0000] {taskinstance.py:2076} INFO - Dependencies all met for dep_context=non-requeueable deps ti=<TaskInstance: fetch_spread_values.fetch_and_compute_spread_btc_mxn scheduled__2024-07-14T13:26:00+00:00 [queued]>
[2024-07-14T20:37:57.863+0000] {taskinstance.py:2076} INFO - Dependencies all met for dep_context=requeueable deps ti=<TaskInstance: fetch_spread_values.fetch_and_compute_spread_btc_mxn scheduled__2024-07-14T13:26:00+00:00 [queued]>
[2024-07-14T20:37:57.864+0000] {taskinstance.py:2306} INFO - Starting attempt 1 of 2
[2024-07-14T20:37:57.892+0000] {taskinstance.py:2330} INFO - Executing <Task(PythonOperator): fetch_and_compute_spread_btc_mxn> on 2024-07-14 13:26:00+00:00
[2024-07-14T20:37:57.899+0000] {standard_task_runner.py:90} INFO - Running: ['***', 'tasks', 'run', 'fetch_spread_values', 'fetch_and_compute_spread_btc_mxn', 'scheduled__2024-07-14T13:26:00+00:00', '--job-id', '1740', '--raw', '--subdir', 'DAGS_FOLDER/***.py', '--cfg-path', '/tmp/tmpyo3tel_r']
[2024-07-14T20:37:57.900+0000] {logging_mixin.py:188} WARNING - /home/***/.local/lib/python3.12/site-packages/***/task/task_runner/standard_task_runner.py:61 DeprecationWarning: This process (pid=3711) is multi-threaded, use of fork() may lead to deadlocks in the child.
[2024-07-14T20:37:57.901+0000] {standard_task_runner.py:91} INFO - Job 1740: Subtask fetch_and_compute_spread_btc_mxn
[2024-07-14T20:37:57.901+0000] {standard_task_runner.py:63} INFO - Started process 3724 to run task
[2024-07-14T20:37:57.980+0000] {task_command.py:426} INFO - Running <TaskInstance: fetch_spread_values.fetch_and_compute_spread_btc_mxn scheduled__2024-07-14T13:26:00+00:00 [running]> on host 77caf7e4b282
[2024-07-14T20:37:58.073+0000] {taskinstance.py:2648} INFO - Exporting env vars: AIRFLOW_CTX_DAG_OWNER='***' AIRFLOW_CTX_DAG_ID='fetch_spread_values' AIRFLOW_CTX_TASK_ID='fetch_and_compute_spread_btc_mxn' AIRFLOW_CTX_EXECUTION_DATE='2024-07-14T13:26:00+00:00' AIRFLOW_CTX_TRY_NUMBER='1' AIRFLOW_CTX_DAG_RUN_ID='scheduled__2024-07-14T13:26:00+00:00'
[2024-07-14T20:37:58.074+0000] {taskinstance.py:430} INFO - ::endgroup::
[2024-07-14T20:37:58.287+0000] {python.py:237} INFO - Done. Returned value was: None
[2024-07-14T20:37:58.288+0000] {taskinstance.py:441} INFO - ::group::Post task execution logs
[2024-07-14T20:37:58.294+0000] {taskinstance.py:1206} INFO - Marking task as SUCCESS. dag_id=fetch_spread_values, task_id=fetch_and_compute_spread_btc_mxn, run_id=scheduled__2024-07-14T13:26:00+00:00, execution_date=20240714T132600, start_date=20240714T203757, end_date=20240714T203758
[2024-07-14T20:37:58.336+0000] {local_task_job_runner.py:240} INFO - Task exited with return code 0
[2024-07-14T20:37:58.345+0000] {taskinstance.py:3503} INFO - 0 downstream tasks scheduled from follow-on schedule check
[2024-07-14T20:37:58.346+0000] {local_task_job_runner.py:222} INFO - ::endgroup::
