[2024-07-14T08:59:18.768+0000] {local_task_job_runner.py:120} INFO - ::group::Pre task execution logs
[2024-07-14T08:59:18.802+0000] {taskinstance.py:2076} INFO - Dependencies all met for dep_context=non-requeueable deps ti=<TaskInstance: fetch_spread_values.fetch_and_compute_spread_usd_mxn scheduled__2024-07-14T02:44:00+00:00 [queued]>
[2024-07-14T08:59:18.838+0000] {taskinstance.py:2076} INFO - Dependencies all met for dep_context=requeueable deps ti=<TaskInstance: fetch_spread_values.fetch_and_compute_spread_usd_mxn scheduled__2024-07-14T02:44:00+00:00 [queued]>
[2024-07-14T08:59:18.840+0000] {taskinstance.py:2306} INFO - Starting attempt 1 of 2
[2024-07-14T08:59:18.861+0000] {taskinstance.py:2330} INFO - Executing <Task(PythonOperator): fetch_and_compute_spread_usd_mxn> on 2024-07-14 02:44:00+00:00
[2024-07-14T08:59:18.876+0000] {warnings.py:112} WARNING - /home/***/.local/lib/python3.12/site-packages/***/task/task_runner/standard_task_runner.py:61: DeprecationWarning: This process (pid=1131) is multi-threaded, use of fork() may lead to deadlocks in the child.
  pid = os.fork()

[2024-07-14T08:59:18.879+0000] {standard_task_runner.py:90} INFO - Running: ['***', 'tasks', 'run', 'fetch_spread_values', 'fetch_and_compute_spread_usd_mxn', 'scheduled__2024-07-14T02:44:00+00:00', '--job-id', '358', '--raw', '--subdir', 'DAGS_FOLDER/***.py', '--cfg-path', '/tmp/tmpxtqjuune']
[2024-07-14T08:59:18.885+0000] {standard_task_runner.py:63} INFO - Started process 1152 to run task
[2024-07-14T08:59:18.886+0000] {standard_task_runner.py:91} INFO - Job 358: Subtask fetch_and_compute_spread_usd_mxn
[2024-07-14T08:59:18.990+0000] {task_command.py:426} INFO - Running <TaskInstance: fetch_spread_values.fetch_and_compute_spread_usd_mxn scheduled__2024-07-14T02:44:00+00:00 [running]> on host d537c34a4880
[2024-07-14T08:59:19.216+0000] {taskinstance.py:2648} INFO - Exporting env vars: AIRFLOW_CTX_DAG_OWNER='***' AIRFLOW_CTX_DAG_ID='fetch_spread_values' AIRFLOW_CTX_TASK_ID='fetch_and_compute_spread_usd_mxn' AIRFLOW_CTX_EXECUTION_DATE='2024-07-14T02:44:00+00:00' AIRFLOW_CTX_TRY_NUMBER='1' AIRFLOW_CTX_DAG_RUN_ID='scheduled__2024-07-14T02:44:00+00:00'
[2024-07-14T08:59:19.221+0000] {taskinstance.py:430} INFO - ::endgroup::
[2024-07-14T08:59:19.402+0000] {python.py:237} INFO - Done. Returned value was: None
[2024-07-14T08:59:19.413+0000] {taskinstance.py:441} INFO - ::group::Post task execution logs
[2024-07-14T08:59:19.424+0000] {taskinstance.py:1206} INFO - Marking task as SUCCESS. dag_id=fetch_spread_values, task_id=fetch_and_compute_spread_usd_mxn, run_id=scheduled__2024-07-14T02:44:00+00:00, execution_date=20240714T024400, start_date=20240714T085918, end_date=20240714T085919
[2024-07-14T08:59:19.521+0000] {local_task_job_runner.py:240} INFO - Task exited with return code 0
[2024-07-14T08:59:19.560+0000] {taskinstance.py:3503} INFO - 0 downstream tasks scheduled from follow-on schedule check
[2024-07-14T08:59:19.563+0000] {local_task_job_runner.py:222} INFO - ::endgroup::
[2024-07-14T20:33:24.582+0000] {local_task_job_runner.py:120} INFO - ::group::Pre task execution logs
[2024-07-14T20:33:24.600+0000] {taskinstance.py:2076} INFO - Dependencies all met for dep_context=non-requeueable deps ti=<TaskInstance: fetch_spread_values.fetch_and_compute_spread_usd_mxn scheduled__2024-07-14T02:44:00+00:00 [queued]>
[2024-07-14T20:33:24.605+0000] {taskinstance.py:2076} INFO - Dependencies all met for dep_context=requeueable deps ti=<TaskInstance: fetch_spread_values.fetch_and_compute_spread_usd_mxn scheduled__2024-07-14T02:44:00+00:00 [queued]>
[2024-07-14T20:33:24.607+0000] {taskinstance.py:2306} INFO - Starting attempt 1 of 2
[2024-07-14T20:33:24.614+0000] {taskinstance.py:2330} INFO - Executing <Task(PythonOperator): fetch_and_compute_spread_usd_mxn> on 2024-07-14 02:44:00+00:00
[2024-07-14T20:33:24.618+0000] {logging_mixin.py:188} WARNING - /home/***/.local/lib/python3.12/site-packages/***/task/task_runner/standard_task_runner.py:61 DeprecationWarning: This process (pid=857) is multi-threaded, use of fork() may lead to deadlocks in the child.
[2024-07-14T20:33:24.620+0000] {standard_task_runner.py:63} INFO - Started process 860 to run task
[2024-07-14T20:33:24.618+0000] {standard_task_runner.py:90} INFO - Running: ['***', 'tasks', 'run', 'fetch_spread_values', 'fetch_and_compute_spread_usd_mxn', 'scheduled__2024-07-14T02:44:00+00:00', '--job-id', '334', '--raw', '--subdir', 'DAGS_FOLDER/***.py', '--cfg-path', '/tmp/tmpi91psxlm']
[2024-07-14T20:33:24.622+0000] {standard_task_runner.py:91} INFO - Job 334: Subtask fetch_and_compute_spread_usd_mxn
[2024-07-14T20:33:24.652+0000] {task_command.py:426} INFO - Running <TaskInstance: fetch_spread_values.fetch_and_compute_spread_usd_mxn scheduled__2024-07-14T02:44:00+00:00 [running]> on host 77caf7e4b282
[2024-07-14T20:33:24.702+0000] {taskinstance.py:2648} INFO - Exporting env vars: AIRFLOW_CTX_DAG_OWNER='***' AIRFLOW_CTX_DAG_ID='fetch_spread_values' AIRFLOW_CTX_TASK_ID='fetch_and_compute_spread_usd_mxn' AIRFLOW_CTX_EXECUTION_DATE='2024-07-14T02:44:00+00:00' AIRFLOW_CTX_TRY_NUMBER='1' AIRFLOW_CTX_DAG_RUN_ID='scheduled__2024-07-14T02:44:00+00:00'
[2024-07-14T20:33:24.703+0000] {taskinstance.py:430} INFO - ::endgroup::
[2024-07-14T20:33:24.860+0000] {python.py:237} INFO - Done. Returned value was: None
[2024-07-14T20:33:24.861+0000] {taskinstance.py:441} INFO - ::group::Post task execution logs
[2024-07-14T20:33:24.866+0000] {taskinstance.py:1206} INFO - Marking task as SUCCESS. dag_id=fetch_spread_values, task_id=fetch_and_compute_spread_usd_mxn, run_id=scheduled__2024-07-14T02:44:00+00:00, execution_date=20240714T024400, start_date=20240714T203324, end_date=20240714T203324
[2024-07-14T20:33:24.882+0000] {local_task_job_runner.py:240} INFO - Task exited with return code 0
[2024-07-14T20:33:24.890+0000] {local_task_job_runner.py:222} INFO - ::endgroup::
