[2024-07-14T11:08:24.928+0000] {local_task_job_runner.py:120} INFO - ::group::Pre task execution logs
[2024-07-14T11:08:24.966+0000] {taskinstance.py:2076} INFO - Dependencies all met for dep_context=non-requeueable deps ti=<TaskInstance: fetch_spread_values.fetch_and_compute_spread_btc_mxn scheduled__2024-07-14T11:00:00+00:00 [queued]>
[2024-07-14T11:08:24.993+0000] {taskinstance.py:2076} INFO - Dependencies all met for dep_context=requeueable deps ti=<TaskInstance: fetch_spread_values.fetch_and_compute_spread_btc_mxn scheduled__2024-07-14T11:00:00+00:00 [queued]>
[2024-07-14T11:08:24.996+0000] {taskinstance.py:2306} INFO - Starting attempt 1 of 2
[2024-07-14T11:08:25.056+0000] {taskinstance.py:2330} INFO - Executing <Task(PythonOperator): fetch_and_compute_spread_btc_mxn> on 2024-07-14 11:00:00+00:00
[2024-07-14T11:08:25.069+0000] {warnings.py:112} WARNING - /home/***/.local/lib/python3.12/site-packages/***/task/task_runner/standard_task_runner.py:61: DeprecationWarning: This process (pid=4752) is multi-threaded, use of fork() may lead to deadlocks in the child.
  pid = os.fork()

[2024-07-14T11:08:25.078+0000] {standard_task_runner.py:63} INFO - Started process 4770 to run task
[2024-07-14T11:08:25.086+0000] {standard_task_runner.py:90} INFO - Running: ['***', 'tasks', 'run', 'fetch_spread_values', 'fetch_and_compute_spread_btc_mxn', 'scheduled__2024-07-14T11:00:00+00:00', '--job-id', '1416', '--raw', '--subdir', 'DAGS_FOLDER/***.py', '--cfg-path', '/tmp/tmpriw7q41d']
[2024-07-14T11:08:25.099+0000] {standard_task_runner.py:91} INFO - Job 1416: Subtask fetch_and_compute_spread_btc_mxn
[2024-07-14T11:08:25.338+0000] {task_command.py:426} INFO - Running <TaskInstance: fetch_spread_values.fetch_and_compute_spread_btc_mxn scheduled__2024-07-14T11:00:00+00:00 [running]> on host d537c34a4880
[2024-07-14T11:08:25.735+0000] {taskinstance.py:2648} INFO - Exporting env vars: AIRFLOW_CTX_DAG_OWNER='***' AIRFLOW_CTX_DAG_ID='fetch_spread_values' AIRFLOW_CTX_TASK_ID='fetch_and_compute_spread_btc_mxn' AIRFLOW_CTX_EXECUTION_DATE='2024-07-14T11:00:00+00:00' AIRFLOW_CTX_TRY_NUMBER='1' AIRFLOW_CTX_DAG_RUN_ID='scheduled__2024-07-14T11:00:00+00:00'
[2024-07-14T11:08:25.747+0000] {taskinstance.py:430} INFO - ::endgroup::
[2024-07-14T11:08:26.113+0000] {python.py:237} INFO - Done. Returned value was: None
[2024-07-14T11:08:26.116+0000] {taskinstance.py:441} INFO - ::group::Post task execution logs
[2024-07-14T11:08:26.142+0000] {taskinstance.py:1206} INFO - Marking task as SUCCESS. dag_id=fetch_spread_values, task_id=fetch_and_compute_spread_btc_mxn, run_id=scheduled__2024-07-14T11:00:00+00:00, execution_date=20240714T110000, start_date=20240714T110824, end_date=20240714T110826
[2024-07-14T11:08:26.232+0000] {local_task_job_runner.py:240} INFO - Task exited with return code 0
[2024-07-14T11:08:26.321+0000] {taskinstance.py:3503} INFO - 0 downstream tasks scheduled from follow-on schedule check
[2024-07-14T11:08:26.326+0000] {local_task_job_runner.py:222} INFO - ::endgroup::
[2024-07-14T20:37:04.114+0000] {local_task_job_runner.py:120} INFO - ::group::Pre task execution logs
[2024-07-14T20:37:04.158+0000] {taskinstance.py:2076} INFO - Dependencies all met for dep_context=non-requeueable deps ti=<TaskInstance: fetch_spread_values.fetch_and_compute_spread_btc_mxn scheduled__2024-07-14T11:00:00+00:00 [queued]>
[2024-07-14T20:37:04.168+0000] {taskinstance.py:2076} INFO - Dependencies all met for dep_context=requeueable deps ti=<TaskInstance: fetch_spread_values.fetch_and_compute_spread_btc_mxn scheduled__2024-07-14T11:00:00+00:00 [queued]>
[2024-07-14T20:37:04.169+0000] {taskinstance.py:2306} INFO - Starting attempt 1 of 2
[2024-07-14T20:37:04.177+0000] {taskinstance.py:2330} INFO - Executing <Task(PythonOperator): fetch_and_compute_spread_btc_mxn> on 2024-07-14 11:00:00+00:00
[2024-07-14T20:37:04.191+0000] {logging_mixin.py:188} WARNING - /home/***/.local/lib/python3.12/site-packages/***/task/task_runner/standard_task_runner.py:61 DeprecationWarning: This process (pid=3117) is multi-threaded, use of fork() may lead to deadlocks in the child.
[2024-07-14T20:37:04.194+0000] {standard_task_runner.py:63} INFO - Started process 3126 to run task
[2024-07-14T20:37:04.192+0000] {standard_task_runner.py:90} INFO - Running: ['***', 'tasks', 'run', 'fetch_spread_values', 'fetch_and_compute_spread_btc_mxn', 'scheduled__2024-07-14T11:00:00+00:00', '--job-id', '1448', '--raw', '--subdir', 'DAGS_FOLDER/***.py', '--cfg-path', '/tmp/tmp5h6kqfpo']
[2024-07-14T20:37:04.200+0000] {standard_task_runner.py:91} INFO - Job 1448: Subtask fetch_and_compute_spread_btc_mxn
[2024-07-14T20:37:04.268+0000] {task_command.py:426} INFO - Running <TaskInstance: fetch_spread_values.fetch_and_compute_spread_btc_mxn scheduled__2024-07-14T11:00:00+00:00 [running]> on host 77caf7e4b282
[2024-07-14T20:37:04.424+0000] {taskinstance.py:2648} INFO - Exporting env vars: AIRFLOW_CTX_DAG_OWNER='***' AIRFLOW_CTX_DAG_ID='fetch_spread_values' AIRFLOW_CTX_TASK_ID='fetch_and_compute_spread_btc_mxn' AIRFLOW_CTX_EXECUTION_DATE='2024-07-14T11:00:00+00:00' AIRFLOW_CTX_TRY_NUMBER='1' AIRFLOW_CTX_DAG_RUN_ID='scheduled__2024-07-14T11:00:00+00:00'
[2024-07-14T20:37:04.429+0000] {taskinstance.py:430} INFO - ::endgroup::
[2024-07-14T20:37:04.669+0000] {python.py:237} INFO - Done. Returned value was: None
[2024-07-14T20:37:04.677+0000] {taskinstance.py:441} INFO - ::group::Post task execution logs
[2024-07-14T20:37:04.705+0000] {taskinstance.py:1206} INFO - Marking task as SUCCESS. dag_id=fetch_spread_values, task_id=fetch_and_compute_spread_btc_mxn, run_id=scheduled__2024-07-14T11:00:00+00:00, execution_date=20240714T110000, start_date=20240714T203704, end_date=20240714T203704
[2024-07-14T20:37:04.753+0000] {local_task_job_runner.py:240} INFO - Task exited with return code 0
[2024-07-14T20:37:04.777+0000] {taskinstance.py:3503} INFO - 0 downstream tasks scheduled from follow-on schedule check
[2024-07-14T20:37:04.790+0000] {local_task_job_runner.py:222} INFO - ::endgroup::
