[2024-07-14T16:50:58.341+0000] {local_task_job_runner.py:120} INFO - ::group::Pre task execution logs
[2024-07-14T16:50:58.439+0000] {taskinstance.py:2076} INFO - Dependencies all met for dep_context=non-requeueable deps ti=<TaskInstance: fetch_spread_values.fetch_and_compute_spread_btc_mxn scheduled__2024-07-14T16:36:00+00:00 [queued]>
[2024-07-14T16:50:58.478+0000] {taskinstance.py:2076} INFO - Dependencies all met for dep_context=requeueable deps ti=<TaskInstance: fetch_spread_values.fetch_and_compute_spread_btc_mxn scheduled__2024-07-14T16:36:00+00:00 [queued]>
[2024-07-14T16:50:58.486+0000] {taskinstance.py:2306} INFO - Starting attempt 1 of 2
[2024-07-14T16:50:58.536+0000] {taskinstance.py:2330} INFO - Executing <Task(PythonOperator): fetch_and_compute_spread_btc_mxn> on 2024-07-14 16:36:00+00:00
[2024-07-14T16:50:58.553+0000] {warnings.py:112} WARNING - /home/***/.local/lib/python3.12/site-packages/***/task/task_runner/standard_task_runner.py:61: DeprecationWarning: This process (pid=7077) is multi-threaded, use of fork() may lead to deadlocks in the child.
  pid = os.fork()

[2024-07-14T16:50:58.556+0000] {standard_task_runner.py:63} INFO - Started process 7112 to run task
[2024-07-14T16:50:58.565+0000] {standard_task_runner.py:90} INFO - Running: ['***', 'tasks', 'run', 'fetch_spread_values', 'fetch_and_compute_spread_btc_mxn', 'scheduled__2024-07-14T16:36:00+00:00', '--job-id', '2134', '--raw', '--subdir', 'DAGS_FOLDER/***.py', '--cfg-path', '/tmp/tmp5c03tjwa']
[2024-07-14T16:50:58.576+0000] {standard_task_runner.py:91} INFO - Job 2134: Subtask fetch_and_compute_spread_btc_mxn
[2024-07-14T16:50:58.760+0000] {task_command.py:426} INFO - Running <TaskInstance: fetch_spread_values.fetch_and_compute_spread_btc_mxn scheduled__2024-07-14T16:36:00+00:00 [running]> on host d537c34a4880
[2024-07-14T16:50:59.022+0000] {taskinstance.py:2648} INFO - Exporting env vars: AIRFLOW_CTX_DAG_OWNER='***' AIRFLOW_CTX_DAG_ID='fetch_spread_values' AIRFLOW_CTX_TASK_ID='fetch_and_compute_spread_btc_mxn' AIRFLOW_CTX_EXECUTION_DATE='2024-07-14T16:36:00+00:00' AIRFLOW_CTX_TRY_NUMBER='1' AIRFLOW_CTX_DAG_RUN_ID='scheduled__2024-07-14T16:36:00+00:00'
[2024-07-14T16:50:59.029+0000] {taskinstance.py:430} INFO - ::endgroup::
[2024-07-14T16:50:59.620+0000] {python.py:237} INFO - Done. Returned value was: None
[2024-07-14T16:50:59.639+0000] {taskinstance.py:441} INFO - ::group::Post task execution logs
[2024-07-14T16:50:59.678+0000] {taskinstance.py:1206} INFO - Marking task as SUCCESS. dag_id=fetch_spread_values, task_id=fetch_and_compute_spread_btc_mxn, run_id=scheduled__2024-07-14T16:36:00+00:00, execution_date=20240714T163600, start_date=20240714T165058, end_date=20240714T165059
[2024-07-14T16:50:59.820+0000] {local_task_job_runner.py:240} INFO - Task exited with return code 0
[2024-07-14T16:50:59.888+0000] {taskinstance.py:3503} INFO - 0 downstream tasks scheduled from follow-on schedule check
[2024-07-14T16:50:59.892+0000] {local_task_job_runner.py:222} INFO - ::endgroup::
[2024-07-14T20:39:07.039+0000] {local_task_job_runner.py:120} INFO - ::group::Pre task execution logs
[2024-07-14T20:39:07.062+0000] {taskinstance.py:2076} INFO - Dependencies all met for dep_context=non-requeueable deps ti=<TaskInstance: fetch_spread_values.fetch_and_compute_spread_btc_mxn scheduled__2024-07-14T16:36:00+00:00 [queued]>
[2024-07-14T20:39:07.069+0000] {taskinstance.py:2076} INFO - Dependencies all met for dep_context=requeueable deps ti=<TaskInstance: fetch_spread_values.fetch_and_compute_spread_btc_mxn scheduled__2024-07-14T16:36:00+00:00 [queued]>
[2024-07-14T20:39:07.070+0000] {taskinstance.py:2306} INFO - Starting attempt 1 of 2
[2024-07-14T20:39:07.079+0000] {taskinstance.py:2330} INFO - Executing <Task(PythonOperator): fetch_and_compute_spread_btc_mxn> on 2024-07-14 16:36:00+00:00
[2024-07-14T20:39:07.088+0000] {logging_mixin.py:188} WARNING - /home/***/.local/lib/python3.12/site-packages/***/task/task_runner/standard_task_runner.py:61 DeprecationWarning: This process (pid=4487) is multi-threaded, use of fork() may lead to deadlocks in the child.
[2024-07-14T20:39:07.091+0000] {standard_task_runner.py:63} INFO - Started process 4494 to run task
[2024-07-14T20:39:07.090+0000] {standard_task_runner.py:90} INFO - Running: ['***', 'tasks', 'run', 'fetch_spread_values', 'fetch_and_compute_spread_btc_mxn', 'scheduled__2024-07-14T16:36:00+00:00', '--job-id', '2121', '--raw', '--subdir', 'DAGS_FOLDER/***.py', '--cfg-path', '/tmp/tmpbsdm2n_c']
[2024-07-14T20:39:07.093+0000] {standard_task_runner.py:91} INFO - Job 2121: Subtask fetch_and_compute_spread_btc_mxn
[2024-07-14T20:39:07.136+0000] {task_command.py:426} INFO - Running <TaskInstance: fetch_spread_values.fetch_and_compute_spread_btc_mxn scheduled__2024-07-14T16:36:00+00:00 [running]> on host 77caf7e4b282
[2024-07-14T20:39:07.231+0000] {taskinstance.py:2648} INFO - Exporting env vars: AIRFLOW_CTX_DAG_OWNER='***' AIRFLOW_CTX_DAG_ID='fetch_spread_values' AIRFLOW_CTX_TASK_ID='fetch_and_compute_spread_btc_mxn' AIRFLOW_CTX_EXECUTION_DATE='2024-07-14T16:36:00+00:00' AIRFLOW_CTX_TRY_NUMBER='1' AIRFLOW_CTX_DAG_RUN_ID='scheduled__2024-07-14T16:36:00+00:00'
[2024-07-14T20:39:07.233+0000] {taskinstance.py:430} INFO - ::endgroup::
[2024-07-14T20:39:07.476+0000] {python.py:237} INFO - Done. Returned value was: None
[2024-07-14T20:39:07.482+0000] {taskinstance.py:441} INFO - ::group::Post task execution logs
[2024-07-14T20:39:07.535+0000] {taskinstance.py:1206} INFO - Marking task as SUCCESS. dag_id=fetch_spread_values, task_id=fetch_and_compute_spread_btc_mxn, run_id=scheduled__2024-07-14T16:36:00+00:00, execution_date=20240714T163600, start_date=20240714T203907, end_date=20240714T203907
[2024-07-14T20:39:07.564+0000] {local_task_job_runner.py:240} INFO - Task exited with return code 0
[2024-07-14T20:39:07.587+0000] {taskinstance.py:3503} INFO - 0 downstream tasks scheduled from follow-on schedule check
[2024-07-14T20:39:07.594+0000] {local_task_job_runner.py:222} INFO - ::endgroup::
