[2024-07-14T09:00:44.327+0000] {local_task_job_runner.py:120} INFO - ::group::Pre task execution logs
[2024-07-14T09:00:44.351+0000] {taskinstance.py:2076} INFO - Dependencies all met for dep_context=non-requeueable deps ti=<TaskInstance: fetch_spread_values.fetch_and_compute_spread_btc_mxn scheduled__2024-07-14T04:12:00+00:00 [queued]>
[2024-07-14T09:00:44.356+0000] {taskinstance.py:2076} INFO - Dependencies all met for dep_context=requeueable deps ti=<TaskInstance: fetch_spread_values.fetch_and_compute_spread_btc_mxn scheduled__2024-07-14T04:12:00+00:00 [queued]>
[2024-07-14T09:00:44.356+0000] {taskinstance.py:2306} INFO - Starting attempt 1 of 2
[2024-07-14T09:00:44.366+0000] {taskinstance.py:2330} INFO - Executing <Task(PythonOperator): fetch_and_compute_spread_btc_mxn> on 2024-07-14 04:12:00+00:00
[2024-07-14T09:00:44.369+0000] {warnings.py:112} WARNING - /home/***/.local/lib/python3.12/site-packages/***/task/task_runner/standard_task_runner.py:61: DeprecationWarning: This process (pid=1668) is multi-threaded, use of fork() may lead to deadlocks in the child.
  pid = os.fork()

[2024-07-14T09:00:44.372+0000] {standard_task_runner.py:63} INFO - Started process 1683 to run task
[2024-07-14T09:00:44.371+0000] {standard_task_runner.py:90} INFO - Running: ['***', 'tasks', 'run', 'fetch_spread_values', 'fetch_and_compute_spread_btc_mxn', 'scheduled__2024-07-14T04:12:00+00:00', '--job-id', '532', '--raw', '--subdir', 'DAGS_FOLDER/***.py', '--cfg-path', '/tmp/tmp2bkgrz_e']
[2024-07-14T09:00:44.373+0000] {standard_task_runner.py:91} INFO - Job 532: Subtask fetch_and_compute_spread_btc_mxn
[2024-07-14T09:00:44.408+0000] {task_command.py:426} INFO - Running <TaskInstance: fetch_spread_values.fetch_and_compute_spread_btc_mxn scheduled__2024-07-14T04:12:00+00:00 [running]> on host d537c34a4880
[2024-07-14T09:00:44.485+0000] {taskinstance.py:2648} INFO - Exporting env vars: AIRFLOW_CTX_DAG_OWNER='***' AIRFLOW_CTX_DAG_ID='fetch_spread_values' AIRFLOW_CTX_TASK_ID='fetch_and_compute_spread_btc_mxn' AIRFLOW_CTX_EXECUTION_DATE='2024-07-14T04:12:00+00:00' AIRFLOW_CTX_TRY_NUMBER='1' AIRFLOW_CTX_DAG_RUN_ID='scheduled__2024-07-14T04:12:00+00:00'
[2024-07-14T09:00:44.487+0000] {taskinstance.py:430} INFO - ::endgroup::
[2024-07-14T09:00:44.635+0000] {python.py:237} INFO - Done. Returned value was: None
[2024-07-14T09:00:44.636+0000] {taskinstance.py:441} INFO - ::group::Post task execution logs
[2024-07-14T09:00:44.641+0000] {taskinstance.py:1206} INFO - Marking task as SUCCESS. dag_id=fetch_spread_values, task_id=fetch_and_compute_spread_btc_mxn, run_id=scheduled__2024-07-14T04:12:00+00:00, execution_date=20240714T041200, start_date=20240714T090044, end_date=20240714T090044
[2024-07-14T09:00:44.680+0000] {local_task_job_runner.py:240} INFO - Task exited with return code 0
[2024-07-14T09:00:44.691+0000] {taskinstance.py:3503} INFO - 0 downstream tasks scheduled from follow-on schedule check
[2024-07-14T09:00:44.692+0000] {local_task_job_runner.py:222} INFO - ::endgroup::
[2024-07-14T20:33:55.043+0000] {local_task_job_runner.py:120} INFO - ::group::Pre task execution logs
[2024-07-14T20:33:55.093+0000] {taskinstance.py:2076} INFO - Dependencies all met for dep_context=non-requeueable deps ti=<TaskInstance: fetch_spread_values.fetch_and_compute_spread_btc_mxn scheduled__2024-07-14T04:12:00+00:00 [queued]>
[2024-07-14T20:33:55.100+0000] {taskinstance.py:2076} INFO - Dependencies all met for dep_context=requeueable deps ti=<TaskInstance: fetch_spread_values.fetch_and_compute_spread_btc_mxn scheduled__2024-07-14T04:12:00+00:00 [queued]>
[2024-07-14T20:33:55.101+0000] {taskinstance.py:2306} INFO - Starting attempt 1 of 2
[2024-07-14T20:33:55.108+0000] {taskinstance.py:2330} INFO - Executing <Task(PythonOperator): fetch_and_compute_spread_btc_mxn> on 2024-07-14 04:12:00+00:00
[2024-07-14T20:33:55.113+0000] {logging_mixin.py:188} WARNING - /home/***/.local/lib/python3.12/site-packages/***/task/task_runner/standard_task_runner.py:61 DeprecationWarning: This process (pid=1212) is multi-threaded, use of fork() may lead to deadlocks in the child.
[2024-07-14T20:33:55.116+0000] {standard_task_runner.py:63} INFO - Started process 1219 to run task
[2024-07-14T20:33:55.115+0000] {standard_task_runner.py:90} INFO - Running: ['***', 'tasks', 'run', 'fetch_spread_values', 'fetch_and_compute_spread_btc_mxn', 'scheduled__2024-07-14T04:12:00+00:00', '--job-id', '509', '--raw', '--subdir', 'DAGS_FOLDER/***.py', '--cfg-path', '/tmp/tmpfhkjh5io']
[2024-07-14T20:33:55.119+0000] {standard_task_runner.py:91} INFO - Job 509: Subtask fetch_and_compute_spread_btc_mxn
[2024-07-14T20:33:55.169+0000] {task_command.py:426} INFO - Running <TaskInstance: fetch_spread_values.fetch_and_compute_spread_btc_mxn scheduled__2024-07-14T04:12:00+00:00 [running]> on host 77caf7e4b282
[2024-07-14T20:33:55.252+0000] {taskinstance.py:2648} INFO - Exporting env vars: AIRFLOW_CTX_DAG_OWNER='***' AIRFLOW_CTX_DAG_ID='fetch_spread_values' AIRFLOW_CTX_TASK_ID='fetch_and_compute_spread_btc_mxn' AIRFLOW_CTX_EXECUTION_DATE='2024-07-14T04:12:00+00:00' AIRFLOW_CTX_TRY_NUMBER='1' AIRFLOW_CTX_DAG_RUN_ID='scheduled__2024-07-14T04:12:00+00:00'
[2024-07-14T20:33:55.255+0000] {taskinstance.py:430} INFO - ::endgroup::
[2024-07-14T20:33:55.426+0000] {python.py:237} INFO - Done. Returned value was: None
[2024-07-14T20:33:55.427+0000] {taskinstance.py:441} INFO - ::group::Post task execution logs
[2024-07-14T20:33:55.434+0000] {taskinstance.py:1206} INFO - Marking task as SUCCESS. dag_id=fetch_spread_values, task_id=fetch_and_compute_spread_btc_mxn, run_id=scheduled__2024-07-14T04:12:00+00:00, execution_date=20240714T041200, start_date=20240714T203355, end_date=20240714T203355
[2024-07-14T20:33:55.470+0000] {local_task_job_runner.py:240} INFO - Task exited with return code 0
[2024-07-14T20:33:55.481+0000] {taskinstance.py:3503} INFO - 0 downstream tasks scheduled from follow-on schedule check
[2024-07-14T20:33:55.482+0000] {local_task_job_runner.py:222} INFO - ::endgroup::
