[2024-07-14T15:27:00.583+0000] {local_task_job_runner.py:120} INFO - ::group::Pre task execution logs
[2024-07-14T15:27:00.676+0000] {taskinstance.py:2076} INFO - Dependencies all met for dep_context=non-requeueable deps ti=<TaskInstance: fetch_spread_values.fetch_and_compute_spread_btc_mxn scheduled__2024-07-14T15:10:00+00:00 [queued]>
[2024-07-14T15:27:00.742+0000] {taskinstance.py:2076} INFO - Dependencies all met for dep_context=requeueable deps ti=<TaskInstance: fetch_spread_values.fetch_and_compute_spread_btc_mxn scheduled__2024-07-14T15:10:00+00:00 [queued]>
[2024-07-14T15:27:00.743+0000] {taskinstance.py:2306} INFO - Starting attempt 1 of 2
[2024-07-14T15:27:00.824+0000] {taskinstance.py:2330} INFO - Executing <Task(PythonOperator): fetch_and_compute_spread_btc_mxn> on 2024-07-14 15:10:00+00:00
[2024-07-14T15:27:00.878+0000] {standard_task_runner.py:90} INFO - Running: ['***', 'tasks', 'run', 'fetch_spread_values', 'fetch_and_compute_spread_btc_mxn', 'scheduled__2024-07-14T15:10:00+00:00', '--job-id', '1951', '--raw', '--subdir', 'DAGS_FOLDER/***.py', '--cfg-path', '/tmp/tmp581bf_8r']
[2024-07-14T15:27:00.886+0000] {standard_task_runner.py:91} INFO - Job 1951: Subtask fetch_and_compute_spread_btc_mxn
[2024-07-14T15:27:00.893+0000] {warnings.py:112} WARNING - /home/***/.local/lib/python3.12/site-packages/***/task/task_runner/standard_task_runner.py:61: DeprecationWarning: This process (pid=6476) is multi-threaded, use of fork() may lead to deadlocks in the child.
  pid = os.fork()

[2024-07-14T15:27:00.894+0000] {standard_task_runner.py:63} INFO - Started process 6507 to run task
[2024-07-14T15:27:01.024+0000] {task_command.py:426} INFO - Running <TaskInstance: fetch_spread_values.fetch_and_compute_spread_btc_mxn scheduled__2024-07-14T15:10:00+00:00 [running]> on host d537c34a4880
[2024-07-14T15:27:01.351+0000] {taskinstance.py:2648} INFO - Exporting env vars: AIRFLOW_CTX_DAG_OWNER='***' AIRFLOW_CTX_DAG_ID='fetch_spread_values' AIRFLOW_CTX_TASK_ID='fetch_and_compute_spread_btc_mxn' AIRFLOW_CTX_EXECUTION_DATE='2024-07-14T15:10:00+00:00' AIRFLOW_CTX_TRY_NUMBER='1' AIRFLOW_CTX_DAG_RUN_ID='scheduled__2024-07-14T15:10:00+00:00'
[2024-07-14T15:27:01.358+0000] {taskinstance.py:430} INFO - ::endgroup::
[2024-07-14T15:27:02.092+0000] {python.py:237} INFO - Done. Returned value was: None
[2024-07-14T15:27:02.107+0000] {taskinstance.py:441} INFO - ::group::Post task execution logs
[2024-07-14T15:27:02.232+0000] {taskinstance.py:1206} INFO - Marking task as SUCCESS. dag_id=fetch_spread_values, task_id=fetch_and_compute_spread_btc_mxn, run_id=scheduled__2024-07-14T15:10:00+00:00, execution_date=20240714T151000, start_date=20240714T152700, end_date=20240714T152702
[2024-07-14T15:27:02.398+0000] {local_task_job_runner.py:240} INFO - Task exited with return code 0
[2024-07-14T15:27:02.482+0000] {taskinstance.py:3503} INFO - 0 downstream tasks scheduled from follow-on schedule check
[2024-07-14T15:27:02.487+0000] {local_task_job_runner.py:222} INFO - ::endgroup::
[2024-07-14T20:38:35.430+0000] {local_task_job_runner.py:120} INFO - ::group::Pre task execution logs
[2024-07-14T20:38:35.471+0000] {taskinstance.py:2076} INFO - Dependencies all met for dep_context=non-requeueable deps ti=<TaskInstance: fetch_spread_values.fetch_and_compute_spread_btc_mxn scheduled__2024-07-14T15:10:00+00:00 [queued]>
[2024-07-14T20:38:35.488+0000] {taskinstance.py:2076} INFO - Dependencies all met for dep_context=requeueable deps ti=<TaskInstance: fetch_spread_values.fetch_and_compute_spread_btc_mxn scheduled__2024-07-14T15:10:00+00:00 [queued]>
[2024-07-14T20:38:35.490+0000] {taskinstance.py:2306} INFO - Starting attempt 1 of 2
[2024-07-14T20:38:35.515+0000] {taskinstance.py:2330} INFO - Executing <Task(PythonOperator): fetch_and_compute_spread_btc_mxn> on 2024-07-14 15:10:00+00:00
[2024-07-14T20:38:35.521+0000] {logging_mixin.py:188} WARNING - /home/***/.local/lib/python3.12/site-packages/***/task/task_runner/standard_task_runner.py:61 DeprecationWarning: This process (pid=4134) is multi-threaded, use of fork() may lead to deadlocks in the child.
[2024-07-14T20:38:35.524+0000] {standard_task_runner.py:63} INFO - Started process 4145 to run task
[2024-07-14T20:38:35.527+0000] {standard_task_runner.py:90} INFO - Running: ['***', 'tasks', 'run', 'fetch_spread_values', 'fetch_and_compute_spread_btc_mxn', 'scheduled__2024-07-14T15:10:00+00:00', '--job-id', '1949', '--raw', '--subdir', 'DAGS_FOLDER/***.py', '--cfg-path', '/tmp/tmpixibdidb']
[2024-07-14T20:38:35.535+0000] {standard_task_runner.py:91} INFO - Job 1949: Subtask fetch_and_compute_spread_btc_mxn
[2024-07-14T20:38:35.593+0000] {task_command.py:426} INFO - Running <TaskInstance: fetch_spread_values.fetch_and_compute_spread_btc_mxn scheduled__2024-07-14T15:10:00+00:00 [running]> on host 77caf7e4b282
[2024-07-14T20:38:35.728+0000] {taskinstance.py:2648} INFO - Exporting env vars: AIRFLOW_CTX_DAG_OWNER='***' AIRFLOW_CTX_DAG_ID='fetch_spread_values' AIRFLOW_CTX_TASK_ID='fetch_and_compute_spread_btc_mxn' AIRFLOW_CTX_EXECUTION_DATE='2024-07-14T15:10:00+00:00' AIRFLOW_CTX_TRY_NUMBER='1' AIRFLOW_CTX_DAG_RUN_ID='scheduled__2024-07-14T15:10:00+00:00'
[2024-07-14T20:38:35.734+0000] {taskinstance.py:430} INFO - ::endgroup::
[2024-07-14T20:38:35.997+0000] {python.py:237} INFO - Done. Returned value was: None
[2024-07-14T20:38:36.003+0000] {taskinstance.py:441} INFO - ::group::Post task execution logs
[2024-07-14T20:38:36.010+0000] {taskinstance.py:1206} INFO - Marking task as SUCCESS. dag_id=fetch_spread_values, task_id=fetch_and_compute_spread_btc_mxn, run_id=scheduled__2024-07-14T15:10:00+00:00, execution_date=20240714T151000, start_date=20240714T203835, end_date=20240714T203836
[2024-07-14T20:38:36.045+0000] {local_task_job_runner.py:240} INFO - Task exited with return code 0
[2024-07-14T20:38:36.059+0000] {taskinstance.py:3503} INFO - 0 downstream tasks scheduled from follow-on schedule check
[2024-07-14T20:38:36.060+0000] {local_task_job_runner.py:222} INFO - ::endgroup::
