[2024-07-14T08:58:46.912+0000] {local_task_job_runner.py:120} INFO - ::group::Pre task execution logs
[2024-07-14T08:58:46.928+0000] {taskinstance.py:2076} INFO - Dependencies all met for dep_context=non-requeueable deps ti=<TaskInstance: fetch_spread_values.fetch_and_compute_spread_btc_mxn scheduled__2024-07-14T02:12:00+00:00 [queued]>
[2024-07-14T08:58:46.936+0000] {taskinstance.py:2076} INFO - Dependencies all met for dep_context=requeueable deps ti=<TaskInstance: fetch_spread_values.fetch_and_compute_spread_btc_mxn scheduled__2024-07-14T02:12:00+00:00 [queued]>
[2024-07-14T08:58:46.937+0000] {taskinstance.py:2306} INFO - Starting attempt 1 of 2
[2024-07-14T08:58:46.953+0000] {taskinstance.py:2330} INFO - Executing <Task(PythonOperator): fetch_and_compute_spread_btc_mxn> on 2024-07-14 02:12:00+00:00
[2024-07-14T08:58:46.973+0000] {standard_task_runner.py:90} INFO - Running: ['***', 'tasks', 'run', 'fetch_spread_values', 'fetch_and_compute_spread_btc_mxn', 'scheduled__2024-07-14T02:12:00+00:00', '--job-id', '294', '--raw', '--subdir', 'DAGS_FOLDER/***.py', '--cfg-path', '/tmp/tmpx6oxwt0k']
[2024-07-14T08:58:46.981+0000] {standard_task_runner.py:91} INFO - Job 294: Subtask fetch_and_compute_spread_btc_mxn
[2024-07-14T08:58:46.966+0000] {warnings.py:112} WARNING - /home/***/.local/lib/python3.12/site-packages/***/task/task_runner/standard_task_runner.py:61: DeprecationWarning: This process (pid=929) is multi-threaded, use of fork() may lead to deadlocks in the child.
  pid = os.fork()

[2024-07-14T08:58:46.988+0000] {standard_task_runner.py:63} INFO - Started process 949 to run task
[2024-07-14T08:58:47.030+0000] {task_command.py:426} INFO - Running <TaskInstance: fetch_spread_values.fetch_and_compute_spread_btc_mxn scheduled__2024-07-14T02:12:00+00:00 [running]> on host d537c34a4880
[2024-07-14T08:58:47.086+0000] {taskinstance.py:2648} INFO - Exporting env vars: AIRFLOW_CTX_DAG_OWNER='***' AIRFLOW_CTX_DAG_ID='fetch_spread_values' AIRFLOW_CTX_TASK_ID='fetch_and_compute_spread_btc_mxn' AIRFLOW_CTX_EXECUTION_DATE='2024-07-14T02:12:00+00:00' AIRFLOW_CTX_TRY_NUMBER='1' AIRFLOW_CTX_DAG_RUN_ID='scheduled__2024-07-14T02:12:00+00:00'
[2024-07-14T08:58:47.089+0000] {taskinstance.py:430} INFO - ::endgroup::
[2024-07-14T08:58:47.266+0000] {python.py:237} INFO - Done. Returned value was: None
[2024-07-14T08:58:47.267+0000] {taskinstance.py:441} INFO - ::group::Post task execution logs
[2024-07-14T08:58:47.274+0000] {taskinstance.py:1206} INFO - Marking task as SUCCESS. dag_id=fetch_spread_values, task_id=fetch_and_compute_spread_btc_mxn, run_id=scheduled__2024-07-14T02:12:00+00:00, execution_date=20240714T021200, start_date=20240714T085846, end_date=20240714T085847
[2024-07-14T08:58:47.303+0000] {local_task_job_runner.py:240} INFO - Task exited with return code 0
[2024-07-14T08:58:47.314+0000] {taskinstance.py:3503} INFO - 0 downstream tasks scheduled from follow-on schedule check
[2024-07-14T08:58:47.314+0000] {local_task_job_runner.py:222} INFO - ::endgroup::
[2024-07-14T20:33:15.525+0000] {local_task_job_runner.py:120} INFO - ::group::Pre task execution logs
[2024-07-14T20:33:15.556+0000] {taskinstance.py:2076} INFO - Dependencies all met for dep_context=non-requeueable deps ti=<TaskInstance: fetch_spread_values.fetch_and_compute_spread_btc_mxn scheduled__2024-07-14T02:12:00+00:00 [queued]>
[2024-07-14T20:33:15.564+0000] {taskinstance.py:2076} INFO - Dependencies all met for dep_context=requeueable deps ti=<TaskInstance: fetch_spread_values.fetch_and_compute_spread_btc_mxn scheduled__2024-07-14T02:12:00+00:00 [queued]>
[2024-07-14T20:33:15.566+0000] {taskinstance.py:2306} INFO - Starting attempt 1 of 2
[2024-07-14T20:33:15.581+0000] {taskinstance.py:2330} INFO - Executing <Task(PythonOperator): fetch_and_compute_spread_btc_mxn> on 2024-07-14 02:12:00+00:00
[2024-07-14T20:33:15.588+0000] {logging_mixin.py:188} WARNING - /home/***/.local/lib/python3.12/site-packages/***/task/task_runner/standard_task_runner.py:61 DeprecationWarning: This process (pid=726) is multi-threaded, use of fork() may lead to deadlocks in the child.
[2024-07-14T20:33:15.590+0000] {standard_task_runner.py:63} INFO - Started process 732 to run task
[2024-07-14T20:33:15.588+0000] {standard_task_runner.py:90} INFO - Running: ['***', 'tasks', 'run', 'fetch_spread_values', 'fetch_and_compute_spread_btc_mxn', 'scheduled__2024-07-14T02:12:00+00:00', '--job-id', '270', '--raw', '--subdir', 'DAGS_FOLDER/***.py', '--cfg-path', '/tmp/tmpao5xnrr6']
[2024-07-14T20:33:15.594+0000] {standard_task_runner.py:91} INFO - Job 270: Subtask fetch_and_compute_spread_btc_mxn
[2024-07-14T20:33:15.646+0000] {task_command.py:426} INFO - Running <TaskInstance: fetch_spread_values.fetch_and_compute_spread_btc_mxn scheduled__2024-07-14T02:12:00+00:00 [running]> on host 77caf7e4b282
[2024-07-14T20:33:15.734+0000] {taskinstance.py:2648} INFO - Exporting env vars: AIRFLOW_CTX_DAG_OWNER='***' AIRFLOW_CTX_DAG_ID='fetch_spread_values' AIRFLOW_CTX_TASK_ID='fetch_and_compute_spread_btc_mxn' AIRFLOW_CTX_EXECUTION_DATE='2024-07-14T02:12:00+00:00' AIRFLOW_CTX_TRY_NUMBER='1' AIRFLOW_CTX_DAG_RUN_ID='scheduled__2024-07-14T02:12:00+00:00'
[2024-07-14T20:33:15.736+0000] {taskinstance.py:430} INFO - ::endgroup::
[2024-07-14T20:33:15.945+0000] {python.py:237} INFO - Done. Returned value was: None
[2024-07-14T20:33:15.945+0000] {taskinstance.py:441} INFO - ::group::Post task execution logs
[2024-07-14T20:33:15.951+0000] {taskinstance.py:1206} INFO - Marking task as SUCCESS. dag_id=fetch_spread_values, task_id=fetch_and_compute_spread_btc_mxn, run_id=scheduled__2024-07-14T02:12:00+00:00, execution_date=20240714T021200, start_date=20240714T203315, end_date=20240714T203315
[2024-07-14T20:33:15.985+0000] {local_task_job_runner.py:240} INFO - Task exited with return code 0
[2024-07-14T20:33:15.995+0000] {taskinstance.py:3503} INFO - 0 downstream tasks scheduled from follow-on schedule check
[2024-07-14T20:33:15.998+0000] {local_task_job_runner.py:222} INFO - ::endgroup::
