[2024-07-14T09:05:05.699+0000] {local_task_job_runner.py:120} INFO - ::group::Pre task execution logs
[2024-07-14T09:05:05.774+0000] {taskinstance.py:2076} INFO - Dependencies all met for dep_context=non-requeueable deps ti=<TaskInstance: fetch_spread_values.fetch_and_compute_spread_btc_mxn scheduled__2024-07-14T08:55:00+00:00 [queued]>
[2024-07-14T09:05:05.826+0000] {taskinstance.py:2076} INFO - Dependencies all met for dep_context=requeueable deps ti=<TaskInstance: fetch_spread_values.fetch_and_compute_spread_btc_mxn scheduled__2024-07-14T08:55:00+00:00 [queued]>
[2024-07-14T09:05:05.838+0000] {taskinstance.py:2306} INFO - Starting attempt 1 of 2
[2024-07-14T09:05:05.901+0000] {taskinstance.py:2330} INFO - Executing <Task(PythonOperator): fetch_and_compute_spread_btc_mxn> on 2024-07-14 08:55:00+00:00
[2024-07-14T09:05:05.934+0000] {warnings.py:112} WARNING - /home/***/.local/lib/python3.12/site-packages/***/task/task_runner/standard_task_runner.py:61: DeprecationWarning: This process (pid=3428) is multi-threaded, use of fork() may lead to deadlocks in the child.
  pid = os.fork()

[2024-07-14T09:05:05.941+0000] {standard_task_runner.py:63} INFO - Started process 3467 to run task
[2024-07-14T09:05:05.959+0000] {standard_task_runner.py:90} INFO - Running: ['***', 'tasks', 'run', 'fetch_spread_values', 'fetch_and_compute_spread_btc_mxn', 'scheduled__2024-07-14T08:55:00+00:00', '--job-id', '1106', '--raw', '--subdir', 'DAGS_FOLDER/***.py', '--cfg-path', '/tmp/tmpqdcnj1jp']
[2024-07-14T09:05:05.987+0000] {standard_task_runner.py:91} INFO - Job 1106: Subtask fetch_and_compute_spread_btc_mxn
[2024-07-14T09:05:06.216+0000] {task_command.py:426} INFO - Running <TaskInstance: fetch_spread_values.fetch_and_compute_spread_btc_mxn scheduled__2024-07-14T08:55:00+00:00 [running]> on host d537c34a4880
[2024-07-14T09:05:06.514+0000] {taskinstance.py:2648} INFO - Exporting env vars: AIRFLOW_CTX_DAG_OWNER='***' AIRFLOW_CTX_DAG_ID='fetch_spread_values' AIRFLOW_CTX_TASK_ID='fetch_and_compute_spread_btc_mxn' AIRFLOW_CTX_EXECUTION_DATE='2024-07-14T08:55:00+00:00' AIRFLOW_CTX_TRY_NUMBER='1' AIRFLOW_CTX_DAG_RUN_ID='scheduled__2024-07-14T08:55:00+00:00'
[2024-07-14T09:05:06.566+0000] {taskinstance.py:430} INFO - ::endgroup::
[2024-07-14T09:05:06.912+0000] {python.py:237} INFO - Done. Returned value was: None
[2024-07-14T09:05:06.923+0000] {taskinstance.py:441} INFO - ::group::Post task execution logs
[2024-07-14T09:05:06.987+0000] {taskinstance.py:1206} INFO - Marking task as SUCCESS. dag_id=fetch_spread_values, task_id=fetch_and_compute_spread_btc_mxn, run_id=scheduled__2024-07-14T08:55:00+00:00, execution_date=20240714T085500, start_date=20240714T090505, end_date=20240714T090506
[2024-07-14T09:05:07.091+0000] {local_task_job_runner.py:240} INFO - Task exited with return code 0
[2024-07-14T09:05:07.153+0000] {taskinstance.py:3503} INFO - 0 downstream tasks scheduled from follow-on schedule check
[2024-07-14T09:05:07.181+0000] {local_task_job_runner.py:222} INFO - ::endgroup::
[2024-07-14T20:36:17.453+0000] {local_task_job_runner.py:120} INFO - ::group::Pre task execution logs
[2024-07-14T20:36:17.501+0000] {taskinstance.py:2076} INFO - Dependencies all met for dep_context=non-requeueable deps ti=<TaskInstance: fetch_spread_values.fetch_and_compute_spread_btc_mxn scheduled__2024-07-14T08:55:00+00:00 [queued]>
[2024-07-14T20:36:17.530+0000] {taskinstance.py:2076} INFO - Dependencies all met for dep_context=requeueable deps ti=<TaskInstance: fetch_spread_values.fetch_and_compute_spread_btc_mxn scheduled__2024-07-14T08:55:00+00:00 [queued]>
[2024-07-14T20:36:17.537+0000] {taskinstance.py:2306} INFO - Starting attempt 1 of 2
[2024-07-14T20:36:17.567+0000] {taskinstance.py:2330} INFO - Executing <Task(PythonOperator): fetch_and_compute_spread_btc_mxn> on 2024-07-14 08:55:00+00:00
[2024-07-14T20:36:17.576+0000] {logging_mixin.py:188} WARNING - /home/***/.local/lib/python3.12/site-packages/***/task/task_runner/standard_task_runner.py:61 DeprecationWarning: This process (pid=2608) is multi-threaded, use of fork() may lead to deadlocks in the child.
[2024-07-14T20:36:17.579+0000] {standard_task_runner.py:63} INFO - Started process 2619 to run task
[2024-07-14T20:36:17.576+0000] {standard_task_runner.py:90} INFO - Running: ['***', 'tasks', 'run', 'fetch_spread_values', 'fetch_and_compute_spread_btc_mxn', 'scheduled__2024-07-14T08:55:00+00:00', '--job-id', '1198', '--raw', '--subdir', 'DAGS_FOLDER/***.py', '--cfg-path', '/tmp/tmpvtu8jhcs']
[2024-07-14T20:36:17.588+0000] {standard_task_runner.py:91} INFO - Job 1198: Subtask fetch_and_compute_spread_btc_mxn
[2024-07-14T20:36:17.678+0000] {task_command.py:426} INFO - Running <TaskInstance: fetch_spread_values.fetch_and_compute_spread_btc_mxn scheduled__2024-07-14T08:55:00+00:00 [running]> on host 77caf7e4b282
[2024-07-14T20:36:17.771+0000] {taskinstance.py:2648} INFO - Exporting env vars: AIRFLOW_CTX_DAG_OWNER='***' AIRFLOW_CTX_DAG_ID='fetch_spread_values' AIRFLOW_CTX_TASK_ID='fetch_and_compute_spread_btc_mxn' AIRFLOW_CTX_EXECUTION_DATE='2024-07-14T08:55:00+00:00' AIRFLOW_CTX_TRY_NUMBER='1' AIRFLOW_CTX_DAG_RUN_ID='scheduled__2024-07-14T08:55:00+00:00'
[2024-07-14T20:36:17.773+0000] {taskinstance.py:430} INFO - ::endgroup::
[2024-07-14T20:36:17.958+0000] {python.py:237} INFO - Done. Returned value was: None
[2024-07-14T20:36:17.959+0000] {taskinstance.py:441} INFO - ::group::Post task execution logs
[2024-07-14T20:36:17.965+0000] {taskinstance.py:1206} INFO - Marking task as SUCCESS. dag_id=fetch_spread_values, task_id=fetch_and_compute_spread_btc_mxn, run_id=scheduled__2024-07-14T08:55:00+00:00, execution_date=20240714T085500, start_date=20240714T203617, end_date=20240714T203617
[2024-07-14T20:36:17.979+0000] {local_task_job_runner.py:240} INFO - Task exited with return code 0
[2024-07-14T20:36:17.993+0000] {taskinstance.py:3503} INFO - 0 downstream tasks scheduled from follow-on schedule check
[2024-07-14T20:36:17.996+0000] {local_task_job_runner.py:222} INFO - ::endgroup::
