[2024-07-14T14:48:39.785+0000] {local_task_job_runner.py:120} INFO - ::group::Pre task execution logs
[2024-07-14T14:48:39.859+0000] {taskinstance.py:2076} INFO - Dependencies all met for dep_context=non-requeueable deps ti=<TaskInstance: fetch_spread_values.fetch_and_compute_spread_usd_mxn scheduled__2024-07-14T14:38:00+00:00 [queued]>
[2024-07-14T14:48:39.873+0000] {taskinstance.py:2076} INFO - Dependencies all met for dep_context=requeueable deps ti=<TaskInstance: fetch_spread_values.fetch_and_compute_spread_usd_mxn scheduled__2024-07-14T14:38:00+00:00 [queued]>
[2024-07-14T14:48:39.874+0000] {taskinstance.py:2306} INFO - Starting attempt 1 of 2
[2024-07-14T14:48:39.991+0000] {taskinstance.py:2330} INFO - Executing <Task(PythonOperator): fetch_and_compute_spread_usd_mxn> on 2024-07-14 14:38:00+00:00
[2024-07-14T14:48:40.003+0000] {warnings.py:112} WARNING - /home/***/.local/lib/python3.12/site-packages/***/task/task_runner/standard_task_runner.py:61: DeprecationWarning: This process (pid=6253) is multi-threaded, use of fork() may lead to deadlocks in the child.
  pid = os.fork()

[2024-07-14T14:48:40.007+0000] {standard_task_runner.py:63} INFO - Started process 6284 to run task
[2024-07-14T14:48:40.030+0000] {standard_task_runner.py:90} INFO - Running: ['***', 'tasks', 'run', 'fetch_spread_values', 'fetch_and_compute_spread_usd_mxn', 'scheduled__2024-07-14T14:38:00+00:00', '--job-id', '1883', '--raw', '--subdir', 'DAGS_FOLDER/***.py', '--cfg-path', '/tmp/tmp12oovoeb']
[2024-07-14T14:48:40.033+0000] {standard_task_runner.py:91} INFO - Job 1883: Subtask fetch_and_compute_spread_usd_mxn
[2024-07-14T14:48:40.219+0000] {task_command.py:426} INFO - Running <TaskInstance: fetch_spread_values.fetch_and_compute_spread_usd_mxn scheduled__2024-07-14T14:38:00+00:00 [running]> on host d537c34a4880
[2024-07-14T14:48:40.437+0000] {taskinstance.py:2648} INFO - Exporting env vars: AIRFLOW_CTX_DAG_OWNER='***' AIRFLOW_CTX_DAG_ID='fetch_spread_values' AIRFLOW_CTX_TASK_ID='fetch_and_compute_spread_usd_mxn' AIRFLOW_CTX_EXECUTION_DATE='2024-07-14T14:38:00+00:00' AIRFLOW_CTX_TRY_NUMBER='1' AIRFLOW_CTX_DAG_RUN_ID='scheduled__2024-07-14T14:38:00+00:00'
[2024-07-14T14:48:40.450+0000] {taskinstance.py:430} INFO - ::endgroup::
[2024-07-14T14:48:40.853+0000] {python.py:237} INFO - Done. Returned value was: None
[2024-07-14T14:48:40.863+0000] {taskinstance.py:441} INFO - ::group::Post task execution logs
[2024-07-14T14:48:40.886+0000] {taskinstance.py:1206} INFO - Marking task as SUCCESS. dag_id=fetch_spread_values, task_id=fetch_and_compute_spread_usd_mxn, run_id=scheduled__2024-07-14T14:38:00+00:00, execution_date=20240714T143800, start_date=20240714T144839, end_date=20240714T144840
[2024-07-14T14:48:40.972+0000] {local_task_job_runner.py:240} INFO - Task exited with return code 0
[2024-07-14T14:48:41.008+0000] {taskinstance.py:3503} INFO - 0 downstream tasks scheduled from follow-on schedule check
[2024-07-14T14:48:41.017+0000] {local_task_job_runner.py:222} INFO - ::endgroup::
[2024-07-14T20:38:23.661+0000] {local_task_job_runner.py:120} INFO - ::group::Pre task execution logs
[2024-07-14T20:38:23.687+0000] {taskinstance.py:2076} INFO - Dependencies all met for dep_context=non-requeueable deps ti=<TaskInstance: fetch_spread_values.fetch_and_compute_spread_usd_mxn scheduled__2024-07-14T14:38:00+00:00 [queued]>
[2024-07-14T20:38:23.693+0000] {taskinstance.py:2076} INFO - Dependencies all met for dep_context=requeueable deps ti=<TaskInstance: fetch_spread_values.fetch_and_compute_spread_usd_mxn scheduled__2024-07-14T14:38:00+00:00 [queued]>
[2024-07-14T20:38:23.694+0000] {taskinstance.py:2306} INFO - Starting attempt 1 of 2
[2024-07-14T20:38:23.702+0000] {taskinstance.py:2330} INFO - Executing <Task(PythonOperator): fetch_and_compute_spread_usd_mxn> on 2024-07-14 14:38:00+00:00
[2024-07-14T20:38:23.710+0000] {logging_mixin.py:188} WARNING - /home/***/.local/lib/python3.12/site-packages/***/task/task_runner/standard_task_runner.py:61 DeprecationWarning: This process (pid=4008) is multi-threaded, use of fork() may lead to deadlocks in the child.
[2024-07-14T20:38:23.717+0000] {standard_task_runner.py:63} INFO - Started process 4016 to run task
[2024-07-14T20:38:23.713+0000] {standard_task_runner.py:90} INFO - Running: ['***', 'tasks', 'run', 'fetch_spread_values', 'fetch_and_compute_spread_usd_mxn', 'scheduled__2024-07-14T14:38:00+00:00', '--job-id', '1885', '--raw', '--subdir', 'DAGS_FOLDER/***.py', '--cfg-path', '/tmp/tmprtwo0r3r']
[2024-07-14T20:38:23.718+0000] {standard_task_runner.py:91} INFO - Job 1885: Subtask fetch_and_compute_spread_usd_mxn
[2024-07-14T20:38:23.761+0000] {task_command.py:426} INFO - Running <TaskInstance: fetch_spread_values.fetch_and_compute_spread_usd_mxn scheduled__2024-07-14T14:38:00+00:00 [running]> on host 77caf7e4b282
[2024-07-14T20:38:23.849+0000] {taskinstance.py:2648} INFO - Exporting env vars: AIRFLOW_CTX_DAG_OWNER='***' AIRFLOW_CTX_DAG_ID='fetch_spread_values' AIRFLOW_CTX_TASK_ID='fetch_and_compute_spread_usd_mxn' AIRFLOW_CTX_EXECUTION_DATE='2024-07-14T14:38:00+00:00' AIRFLOW_CTX_TRY_NUMBER='1' AIRFLOW_CTX_DAG_RUN_ID='scheduled__2024-07-14T14:38:00+00:00'
[2024-07-14T20:38:23.851+0000] {taskinstance.py:430} INFO - ::endgroup::
[2024-07-14T20:38:24.100+0000] {python.py:237} INFO - Done. Returned value was: None
[2024-07-14T20:38:24.101+0000] {taskinstance.py:441} INFO - ::group::Post task execution logs
[2024-07-14T20:38:24.120+0000] {taskinstance.py:1206} INFO - Marking task as SUCCESS. dag_id=fetch_spread_values, task_id=fetch_and_compute_spread_usd_mxn, run_id=scheduled__2024-07-14T14:38:00+00:00, execution_date=20240714T143800, start_date=20240714T203823, end_date=20240714T203824
[2024-07-14T20:38:24.159+0000] {local_task_job_runner.py:240} INFO - Task exited with return code 0
[2024-07-14T20:38:24.180+0000] {taskinstance.py:3503} INFO - 0 downstream tasks scheduled from follow-on schedule check
[2024-07-14T20:38:24.184+0000] {local_task_job_runner.py:222} INFO - ::endgroup::
