[2024-07-14T09:04:53.036+0000] {local_task_job_runner.py:120} INFO - ::group::Pre task execution logs
[2024-07-14T09:04:53.055+0000] {taskinstance.py:2076} INFO - Dependencies all met for dep_context=non-requeueable deps ti=<TaskInstance: fetch_spread_values.fetch_and_compute_spread_usd_mxn scheduled__2024-07-14T08:46:00+00:00 [queued]>
[2024-07-14T09:04:53.060+0000] {taskinstance.py:2076} INFO - Dependencies all met for dep_context=requeueable deps ti=<TaskInstance: fetch_spread_values.fetch_and_compute_spread_usd_mxn scheduled__2024-07-14T08:46:00+00:00 [queued]>
[2024-07-14T09:04:53.061+0000] {taskinstance.py:2306} INFO - Starting attempt 1 of 2
[2024-07-14T09:04:53.074+0000] {taskinstance.py:2330} INFO - Executing <Task(PythonOperator): fetch_and_compute_spread_usd_mxn> on 2024-07-14 08:46:00+00:00
[2024-07-14T09:04:53.082+0000] {warnings.py:112} WARNING - /home/***/.local/lib/python3.12/site-packages/***/task/task_runner/standard_task_runner.py:61: DeprecationWarning: This process (pid=3360) is multi-threaded, use of fork() may lead to deadlocks in the child.
  pid = os.fork()

[2024-07-14T09:04:53.084+0000] {standard_task_runner.py:63} INFO - Started process 3376 to run task
[2024-07-14T09:04:53.084+0000] {standard_task_runner.py:90} INFO - Running: ['***', 'tasks', 'run', 'fetch_spread_values', 'fetch_and_compute_spread_usd_mxn', 'scheduled__2024-07-14T08:46:00+00:00', '--job-id', '1082', '--raw', '--subdir', 'DAGS_FOLDER/***.py', '--cfg-path', '/tmp/tmp41v88v09']
[2024-07-14T09:04:53.088+0000] {standard_task_runner.py:91} INFO - Job 1082: Subtask fetch_and_compute_spread_usd_mxn
[2024-07-14T09:04:53.132+0000] {task_command.py:426} INFO - Running <TaskInstance: fetch_spread_values.fetch_and_compute_spread_usd_mxn scheduled__2024-07-14T08:46:00+00:00 [running]> on host d537c34a4880
[2024-07-14T09:04:53.189+0000] {taskinstance.py:2648} INFO - Exporting env vars: AIRFLOW_CTX_DAG_OWNER='***' AIRFLOW_CTX_DAG_ID='fetch_spread_values' AIRFLOW_CTX_TASK_ID='fetch_and_compute_spread_usd_mxn' AIRFLOW_CTX_EXECUTION_DATE='2024-07-14T08:46:00+00:00' AIRFLOW_CTX_TRY_NUMBER='1' AIRFLOW_CTX_DAG_RUN_ID='scheduled__2024-07-14T08:46:00+00:00'
[2024-07-14T09:04:53.190+0000] {taskinstance.py:430} INFO - ::endgroup::
[2024-07-14T09:04:53.325+0000] {python.py:237} INFO - Done. Returned value was: None
[2024-07-14T09:04:53.326+0000] {taskinstance.py:441} INFO - ::group::Post task execution logs
[2024-07-14T09:04:53.332+0000] {taskinstance.py:1206} INFO - Marking task as SUCCESS. dag_id=fetch_spread_values, task_id=fetch_and_compute_spread_usd_mxn, run_id=scheduled__2024-07-14T08:46:00+00:00, execution_date=20240714T084600, start_date=20240714T090453, end_date=20240714T090453
[2024-07-14T09:04:53.351+0000] {local_task_job_runner.py:240} INFO - Task exited with return code 0
[2024-07-14T09:04:53.357+0000] {local_task_job_runner.py:222} INFO - ::endgroup::
[2024-07-14T20:36:14.639+0000] {local_task_job_runner.py:120} INFO - ::group::Pre task execution logs
[2024-07-14T20:36:14.695+0000] {taskinstance.py:2076} INFO - Dependencies all met for dep_context=non-requeueable deps ti=<TaskInstance: fetch_spread_values.fetch_and_compute_spread_usd_mxn scheduled__2024-07-14T08:46:00+00:00 [queued]>
[2024-07-14T20:36:14.707+0000] {taskinstance.py:2076} INFO - Dependencies all met for dep_context=requeueable deps ti=<TaskInstance: fetch_spread_values.fetch_and_compute_spread_usd_mxn scheduled__2024-07-14T08:46:00+00:00 [queued]>
[2024-07-14T20:36:14.708+0000] {taskinstance.py:2306} INFO - Starting attempt 1 of 2
[2024-07-14T20:36:14.742+0000] {taskinstance.py:2330} INFO - Executing <Task(PythonOperator): fetch_and_compute_spread_usd_mxn> on 2024-07-14 08:46:00+00:00
[2024-07-14T20:36:14.750+0000] {logging_mixin.py:188} WARNING - /home/***/.local/lib/python3.12/site-packages/***/task/task_runner/standard_task_runner.py:61 DeprecationWarning: This process (pid=2574) is multi-threaded, use of fork() may lead to deadlocks in the child.
[2024-07-14T20:36:14.749+0000] {standard_task_runner.py:90} INFO - Running: ['***', 'tasks', 'run', 'fetch_spread_values', 'fetch_and_compute_spread_usd_mxn', 'scheduled__2024-07-14T08:46:00+00:00', '--job-id', '1181', '--raw', '--subdir', 'DAGS_FOLDER/***.py', '--cfg-path', '/tmp/tmpb3xhgt17']
[2024-07-14T20:36:14.753+0000] {standard_task_runner.py:63} INFO - Started process 2584 to run task
[2024-07-14T20:36:14.760+0000] {standard_task_runner.py:91} INFO - Job 1181: Subtask fetch_and_compute_spread_usd_mxn
[2024-07-14T20:36:14.819+0000] {task_command.py:426} INFO - Running <TaskInstance: fetch_spread_values.fetch_and_compute_spread_usd_mxn scheduled__2024-07-14T08:46:00+00:00 [running]> on host 77caf7e4b282
[2024-07-14T20:36:14.879+0000] {taskinstance.py:2648} INFO - Exporting env vars: AIRFLOW_CTX_DAG_OWNER='***' AIRFLOW_CTX_DAG_ID='fetch_spread_values' AIRFLOW_CTX_TASK_ID='fetch_and_compute_spread_usd_mxn' AIRFLOW_CTX_EXECUTION_DATE='2024-07-14T08:46:00+00:00' AIRFLOW_CTX_TRY_NUMBER='1' AIRFLOW_CTX_DAG_RUN_ID='scheduled__2024-07-14T08:46:00+00:00'
[2024-07-14T20:36:14.880+0000] {taskinstance.py:430} INFO - ::endgroup::
[2024-07-14T20:36:15.065+0000] {python.py:237} INFO - Done. Returned value was: None
[2024-07-14T20:36:15.066+0000] {taskinstance.py:441} INFO - ::group::Post task execution logs
[2024-07-14T20:36:15.072+0000] {taskinstance.py:1206} INFO - Marking task as SUCCESS. dag_id=fetch_spread_values, task_id=fetch_and_compute_spread_usd_mxn, run_id=scheduled__2024-07-14T08:46:00+00:00, execution_date=20240714T084600, start_date=20240714T203614, end_date=20240714T203615
[2024-07-14T20:36:15.107+0000] {local_task_job_runner.py:240} INFO - Task exited with return code 0
[2024-07-14T20:36:15.116+0000] {taskinstance.py:3503} INFO - 0 downstream tasks scheduled from follow-on schedule check
[2024-07-14T20:36:15.120+0000] {local_task_job_runner.py:222} INFO - ::endgroup::
