[2024-07-14T09:03:13.143+0000] {local_task_job_runner.py:120} INFO - ::group::Pre task execution logs
[2024-07-14T09:03:13.155+0000] {taskinstance.py:2076} INFO - Dependencies all met for dep_context=non-requeueable deps ti=<TaskInstance: fetch_spread_values.fetch_and_compute_spread_usd_mxn scheduled__2024-07-14T07:03:00+00:00 [queued]>
[2024-07-14T09:03:13.160+0000] {taskinstance.py:2076} INFO - Dependencies all met for dep_context=requeueable deps ti=<TaskInstance: fetch_spread_values.fetch_and_compute_spread_usd_mxn scheduled__2024-07-14T07:03:00+00:00 [queued]>
[2024-07-14T09:03:13.161+0000] {taskinstance.py:2306} INFO - Starting attempt 1 of 2
[2024-07-14T09:03:13.167+0000] {taskinstance.py:2330} INFO - Executing <Task(PythonOperator): fetch_and_compute_spread_usd_mxn> on 2024-07-14 07:03:00+00:00
[2024-07-14T09:03:13.171+0000] {warnings.py:112} WARNING - /home/***/.local/lib/python3.12/site-packages/***/task/task_runner/standard_task_runner.py:61: DeprecationWarning: This process (pid=2733) is multi-threaded, use of fork() may lead to deadlocks in the child.
  pid = os.fork()

[2024-07-14T09:03:13.172+0000] {standard_task_runner.py:63} INFO - Started process 2745 to run task
[2024-07-14T09:03:13.172+0000] {standard_task_runner.py:90} INFO - Running: ['***', 'tasks', 'run', 'fetch_spread_values', 'fetch_and_compute_spread_usd_mxn', 'scheduled__2024-07-14T07:03:00+00:00', '--job-id', '876', '--raw', '--subdir', 'DAGS_FOLDER/***.py', '--cfg-path', '/tmp/tmpkt28661m']
[2024-07-14T09:03:13.174+0000] {standard_task_runner.py:91} INFO - Job 876: Subtask fetch_and_compute_spread_usd_mxn
[2024-07-14T09:03:13.202+0000] {task_command.py:426} INFO - Running <TaskInstance: fetch_spread_values.fetch_and_compute_spread_usd_mxn scheduled__2024-07-14T07:03:00+00:00 [running]> on host d537c34a4880
[2024-07-14T09:03:13.258+0000] {taskinstance.py:2648} INFO - Exporting env vars: AIRFLOW_CTX_DAG_OWNER='***' AIRFLOW_CTX_DAG_ID='fetch_spread_values' AIRFLOW_CTX_TASK_ID='fetch_and_compute_spread_usd_mxn' AIRFLOW_CTX_EXECUTION_DATE='2024-07-14T07:03:00+00:00' AIRFLOW_CTX_TRY_NUMBER='1' AIRFLOW_CTX_DAG_RUN_ID='scheduled__2024-07-14T07:03:00+00:00'
[2024-07-14T09:03:13.260+0000] {taskinstance.py:430} INFO - ::endgroup::
[2024-07-14T09:03:13.404+0000] {python.py:237} INFO - Done. Returned value was: None
[2024-07-14T09:03:13.405+0000] {taskinstance.py:441} INFO - ::group::Post task execution logs
[2024-07-14T09:03:13.413+0000] {taskinstance.py:1206} INFO - Marking task as SUCCESS. dag_id=fetch_spread_values, task_id=fetch_and_compute_spread_usd_mxn, run_id=scheduled__2024-07-14T07:03:00+00:00, execution_date=20240714T070300, start_date=20240714T090313, end_date=20240714T090313
[2024-07-14T09:03:13.448+0000] {local_task_job_runner.py:240} INFO - Task exited with return code 0
[2024-07-14T09:03:13.462+0000] {taskinstance.py:3503} INFO - 0 downstream tasks scheduled from follow-on schedule check
[2024-07-14T09:03:13.463+0000] {local_task_job_runner.py:222} INFO - ::endgroup::
[2024-07-14T20:35:11.648+0000] {local_task_job_runner.py:120} INFO - ::group::Pre task execution logs
[2024-07-14T20:35:11.677+0000] {taskinstance.py:2076} INFO - Dependencies all met for dep_context=non-requeueable deps ti=<TaskInstance: fetch_spread_values.fetch_and_compute_spread_usd_mxn scheduled__2024-07-14T07:03:00+00:00 [queued]>
[2024-07-14T20:35:11.693+0000] {taskinstance.py:2076} INFO - Dependencies all met for dep_context=requeueable deps ti=<TaskInstance: fetch_spread_values.fetch_and_compute_spread_usd_mxn scheduled__2024-07-14T07:03:00+00:00 [queued]>
[2024-07-14T20:35:11.699+0000] {taskinstance.py:2306} INFO - Starting attempt 1 of 2
[2024-07-14T20:35:11.829+0000] {taskinstance.py:2330} INFO - Executing <Task(PythonOperator): fetch_and_compute_spread_usd_mxn> on 2024-07-14 07:03:00+00:00
[2024-07-14T20:35:11.834+0000] {logging_mixin.py:188} WARNING - /home/***/.local/lib/python3.12/site-packages/***/task/task_runner/standard_task_runner.py:61 DeprecationWarning: This process (pid=2056) is multi-threaded, use of fork() may lead to deadlocks in the child.
[2024-07-14T20:35:11.836+0000] {standard_task_runner.py:63} INFO - Started process 2074 to run task
[2024-07-14T20:35:11.838+0000] {standard_task_runner.py:90} INFO - Running: ['***', 'tasks', 'run', 'fetch_spread_values', 'fetch_and_compute_spread_usd_mxn', 'scheduled__2024-07-14T07:03:00+00:00', '--job-id', '930', '--raw', '--subdir', 'DAGS_FOLDER/***.py', '--cfg-path', '/tmp/tmpwt5tib59']
[2024-07-14T20:35:11.846+0000] {standard_task_runner.py:91} INFO - Job 930: Subtask fetch_and_compute_spread_usd_mxn
[2024-07-14T20:35:11.949+0000] {task_command.py:426} INFO - Running <TaskInstance: fetch_spread_values.fetch_and_compute_spread_usd_mxn scheduled__2024-07-14T07:03:00+00:00 [running]> on host 77caf7e4b282
[2024-07-14T20:35:12.146+0000] {taskinstance.py:2648} INFO - Exporting env vars: AIRFLOW_CTX_DAG_OWNER='***' AIRFLOW_CTX_DAG_ID='fetch_spread_values' AIRFLOW_CTX_TASK_ID='fetch_and_compute_spread_usd_mxn' AIRFLOW_CTX_EXECUTION_DATE='2024-07-14T07:03:00+00:00' AIRFLOW_CTX_TRY_NUMBER='1' AIRFLOW_CTX_DAG_RUN_ID='scheduled__2024-07-14T07:03:00+00:00'
[2024-07-14T20:35:12.147+0000] {taskinstance.py:430} INFO - ::endgroup::
[2024-07-14T20:35:12.437+0000] {python.py:237} INFO - Done. Returned value was: None
[2024-07-14T20:35:12.442+0000] {taskinstance.py:441} INFO - ::group::Post task execution logs
[2024-07-14T20:35:12.450+0000] {taskinstance.py:1206} INFO - Marking task as SUCCESS. dag_id=fetch_spread_values, task_id=fetch_and_compute_spread_usd_mxn, run_id=scheduled__2024-07-14T07:03:00+00:00, execution_date=20240714T070300, start_date=20240714T203511, end_date=20240714T203512
[2024-07-14T20:35:12.479+0000] {local_task_job_runner.py:240} INFO - Task exited with return code 0
[2024-07-14T20:35:12.491+0000] {taskinstance.py:3503} INFO - 0 downstream tasks scheduled from follow-on schedule check
[2024-07-14T20:35:12.498+0000] {local_task_job_runner.py:222} INFO - ::endgroup::
