[2024-07-14T12:30:06.075+0000] {local_task_job_runner.py:120} INFO - ::group::Pre task execution logs
[2024-07-14T12:30:06.089+0000] {taskinstance.py:2076} INFO - Dependencies all met for dep_context=non-requeueable deps ti=<TaskInstance: fetch_spread_values.fetch_and_compute_spread_usd_mxn scheduled__2024-07-14T12:26:00+00:00 [queued]>
[2024-07-14T12:30:06.094+0000] {taskinstance.py:2076} INFO - Dependencies all met for dep_context=requeueable deps ti=<TaskInstance: fetch_spread_values.fetch_and_compute_spread_usd_mxn scheduled__2024-07-14T12:26:00+00:00 [queued]>
[2024-07-14T12:30:06.095+0000] {taskinstance.py:2306} INFO - Starting attempt 1 of 2
[2024-07-14T12:30:06.106+0000] {taskinstance.py:2330} INFO - Executing <Task(PythonOperator): fetch_and_compute_spread_usd_mxn> on 2024-07-14 12:26:00+00:00
[2024-07-14T12:30:06.111+0000] {warnings.py:112} WARNING - /home/***/.local/lib/python3.12/site-packages/***/task/task_runner/standard_task_runner.py:61: DeprecationWarning: This process (pid=5316) is multi-threaded, use of fork() may lead to deadlocks in the child.
  pid = os.fork()

[2024-07-14T12:30:06.112+0000] {standard_task_runner.py:90} INFO - Running: ['***', 'tasks', 'run', 'fetch_spread_values', 'fetch_and_compute_spread_usd_mxn', 'scheduled__2024-07-14T12:26:00+00:00', '--job-id', '1598', '--raw', '--subdir', 'DAGS_FOLDER/***.py', '--cfg-path', '/tmp/tmps1vbcse2']
[2024-07-14T12:30:06.114+0000] {standard_task_runner.py:63} INFO - Started process 5335 to run task
[2024-07-14T12:30:06.115+0000] {standard_task_runner.py:91} INFO - Job 1598: Subtask fetch_and_compute_spread_usd_mxn
[2024-07-14T12:30:06.154+0000] {task_command.py:426} INFO - Running <TaskInstance: fetch_spread_values.fetch_and_compute_spread_usd_mxn scheduled__2024-07-14T12:26:00+00:00 [running]> on host d537c34a4880
[2024-07-14T12:30:06.202+0000] {taskinstance.py:2648} INFO - Exporting env vars: AIRFLOW_CTX_DAG_OWNER='***' AIRFLOW_CTX_DAG_ID='fetch_spread_values' AIRFLOW_CTX_TASK_ID='fetch_and_compute_spread_usd_mxn' AIRFLOW_CTX_EXECUTION_DATE='2024-07-14T12:26:00+00:00' AIRFLOW_CTX_TRY_NUMBER='1' AIRFLOW_CTX_DAG_RUN_ID='scheduled__2024-07-14T12:26:00+00:00'
[2024-07-14T12:30:06.203+0000] {taskinstance.py:430} INFO - ::endgroup::
[2024-07-14T12:30:06.339+0000] {python.py:237} INFO - Done. Returned value was: None
[2024-07-14T12:30:06.340+0000] {taskinstance.py:441} INFO - ::group::Post task execution logs
[2024-07-14T12:30:06.345+0000] {taskinstance.py:1206} INFO - Marking task as SUCCESS. dag_id=fetch_spread_values, task_id=fetch_and_compute_spread_usd_mxn, run_id=scheduled__2024-07-14T12:26:00+00:00, execution_date=20240714T122600, start_date=20240714T123006, end_date=20240714T123006
[2024-07-14T12:30:06.378+0000] {local_task_job_runner.py:240} INFO - Task exited with return code 0
[2024-07-14T12:30:06.387+0000] {taskinstance.py:3503} INFO - 0 downstream tasks scheduled from follow-on schedule check
[2024-07-14T12:30:06.388+0000] {local_task_job_runner.py:222} INFO - ::endgroup::
[2024-07-14T20:37:36.120+0000] {local_task_job_runner.py:120} INFO - ::group::Pre task execution logs
[2024-07-14T20:37:36.152+0000] {taskinstance.py:2076} INFO - Dependencies all met for dep_context=non-requeueable deps ti=<TaskInstance: fetch_spread_values.fetch_and_compute_spread_usd_mxn scheduled__2024-07-14T12:26:00+00:00 [queued]>
[2024-07-14T20:37:36.162+0000] {taskinstance.py:2076} INFO - Dependencies all met for dep_context=requeueable deps ti=<TaskInstance: fetch_spread_values.fetch_and_compute_spread_usd_mxn scheduled__2024-07-14T12:26:00+00:00 [queued]>
[2024-07-14T20:37:36.164+0000] {taskinstance.py:2306} INFO - Starting attempt 1 of 2
[2024-07-14T20:37:36.178+0000] {taskinstance.py:2330} INFO - Executing <Task(PythonOperator): fetch_and_compute_spread_usd_mxn> on 2024-07-14 12:26:00+00:00
[2024-07-14T20:37:36.197+0000] {standard_task_runner.py:90} INFO - Running: ['***', 'tasks', 'run', 'fetch_spread_values', 'fetch_and_compute_spread_usd_mxn', 'scheduled__2024-07-14T12:26:00+00:00', '--job-id', '1620', '--raw', '--subdir', 'DAGS_FOLDER/***.py', '--cfg-path', '/tmp/tmprm3cvfxz']
[2024-07-14T20:37:36.198+0000] {logging_mixin.py:188} WARNING - /home/***/.local/lib/python3.12/site-packages/***/task/task_runner/standard_task_runner.py:61 DeprecationWarning: This process (pid=3468) is multi-threaded, use of fork() may lead to deadlocks in the child.
[2024-07-14T20:37:36.202+0000] {standard_task_runner.py:63} INFO - Started process 3478 to run task
[2024-07-14T20:37:36.201+0000] {standard_task_runner.py:91} INFO - Job 1620: Subtask fetch_and_compute_spread_usd_mxn
[2024-07-14T20:37:36.295+0000] {task_command.py:426} INFO - Running <TaskInstance: fetch_spread_values.fetch_and_compute_spread_usd_mxn scheduled__2024-07-14T12:26:00+00:00 [running]> on host 77caf7e4b282
[2024-07-14T20:37:36.450+0000] {taskinstance.py:2648} INFO - Exporting env vars: AIRFLOW_CTX_DAG_OWNER='***' AIRFLOW_CTX_DAG_ID='fetch_spread_values' AIRFLOW_CTX_TASK_ID='fetch_and_compute_spread_usd_mxn' AIRFLOW_CTX_EXECUTION_DATE='2024-07-14T12:26:00+00:00' AIRFLOW_CTX_TRY_NUMBER='1' AIRFLOW_CTX_DAG_RUN_ID='scheduled__2024-07-14T12:26:00+00:00'
[2024-07-14T20:37:36.459+0000] {taskinstance.py:430} INFO - ::endgroup::
[2024-07-14T20:37:36.689+0000] {python.py:237} INFO - Done. Returned value was: None
[2024-07-14T20:37:36.709+0000] {taskinstance.py:441} INFO - ::group::Post task execution logs
[2024-07-14T20:37:36.742+0000] {taskinstance.py:1206} INFO - Marking task as SUCCESS. dag_id=fetch_spread_values, task_id=fetch_and_compute_spread_usd_mxn, run_id=scheduled__2024-07-14T12:26:00+00:00, execution_date=20240714T122600, start_date=20240714T203736, end_date=20240714T203736
[2024-07-14T20:37:36.806+0000] {local_task_job_runner.py:240} INFO - Task exited with return code 0
[2024-07-14T20:37:36.829+0000] {local_task_job_runner.py:222} INFO - ::endgroup::
