[2024-07-14T18:53:01.619+0000] {local_task_job_runner.py:120} INFO - ::group::Pre task execution logs
[2024-07-14T18:53:01.630+0000] {taskinstance.py:2076} INFO - Dependencies all met for dep_context=non-requeueable deps ti=<TaskInstance: fetch_spread_values.fetch_and_compute_spread_btc_mxn scheduled__2024-07-14T18:52:00+00:00 [queued]>
[2024-07-14T18:53:01.634+0000] {taskinstance.py:2076} INFO - Dependencies all met for dep_context=requeueable deps ti=<TaskInstance: fetch_spread_values.fetch_and_compute_spread_btc_mxn scheduled__2024-07-14T18:52:00+00:00 [queued]>
[2024-07-14T18:53:01.634+0000] {taskinstance.py:2306} INFO - Starting attempt 1 of 2
[2024-07-14T18:53:01.642+0000] {taskinstance.py:2330} INFO - Executing <Task(PythonOperator): fetch_and_compute_spread_btc_mxn> on 2024-07-14 18:52:00+00:00
[2024-07-14T18:53:01.646+0000] {warnings.py:112} WARNING - /home/***/.local/lib/python3.12/site-packages/***/task/task_runner/standard_task_runner.py:61: DeprecationWarning: This process (pid=8183) is multi-threaded, use of fork() may lead to deadlocks in the child.
  pid = os.fork()

[2024-07-14T18:53:01.649+0000] {standard_task_runner.py:63} INFO - Started process 8188 to run task
[2024-07-14T18:53:01.647+0000] {standard_task_runner.py:90} INFO - Running: ['***', 'tasks', 'run', 'fetch_spread_values', 'fetch_and_compute_spread_btc_mxn', 'scheduled__2024-07-14T18:52:00+00:00', '--job-id', '2421', '--raw', '--subdir', 'DAGS_FOLDER/***.py', '--cfg-path', '/tmp/tmp3pqowg3p']
[2024-07-14T18:53:01.650+0000] {standard_task_runner.py:91} INFO - Job 2421: Subtask fetch_and_compute_spread_btc_mxn
[2024-07-14T18:53:01.684+0000] {task_command.py:426} INFO - Running <TaskInstance: fetch_spread_values.fetch_and_compute_spread_btc_mxn scheduled__2024-07-14T18:52:00+00:00 [running]> on host d537c34a4880
[2024-07-14T18:53:01.737+0000] {taskinstance.py:2648} INFO - Exporting env vars: AIRFLOW_CTX_DAG_OWNER='***' AIRFLOW_CTX_DAG_ID='fetch_spread_values' AIRFLOW_CTX_TASK_ID='fetch_and_compute_spread_btc_mxn' AIRFLOW_CTX_EXECUTION_DATE='2024-07-14T18:52:00+00:00' AIRFLOW_CTX_TRY_NUMBER='1' AIRFLOW_CTX_DAG_RUN_ID='scheduled__2024-07-14T18:52:00+00:00'
[2024-07-14T18:53:01.739+0000] {taskinstance.py:430} INFO - ::endgroup::
[2024-07-14T18:53:01.944+0000] {python.py:237} INFO - Done. Returned value was: None
[2024-07-14T18:53:01.945+0000] {taskinstance.py:441} INFO - ::group::Post task execution logs
[2024-07-14T18:53:01.950+0000] {taskinstance.py:1206} INFO - Marking task as SUCCESS. dag_id=fetch_spread_values, task_id=fetch_and_compute_spread_btc_mxn, run_id=scheduled__2024-07-14T18:52:00+00:00, execution_date=20240714T185200, start_date=20240714T185301, end_date=20240714T185301
[2024-07-14T18:53:02.002+0000] {local_task_job_runner.py:240} INFO - Task exited with return code 0
[2024-07-14T18:53:02.011+0000] {taskinstance.py:3503} INFO - 0 downstream tasks scheduled from follow-on schedule check
[2024-07-14T18:53:02.012+0000] {local_task_job_runner.py:222} INFO - ::endgroup::
[2024-07-14T20:39:55.944+0000] {local_task_job_runner.py:120} INFO - ::group::Pre task execution logs
[2024-07-14T20:39:56.070+0000] {taskinstance.py:2076} INFO - Dependencies all met for dep_context=non-requeueable deps ti=<TaskInstance: fetch_spread_values.fetch_and_compute_spread_btc_mxn scheduled__2024-07-14T18:52:00+00:00 [queued]>
[2024-07-14T20:39:56.116+0000] {taskinstance.py:2076} INFO - Dependencies all met for dep_context=requeueable deps ti=<TaskInstance: fetch_spread_values.fetch_and_compute_spread_btc_mxn scheduled__2024-07-14T18:52:00+00:00 [queued]>
[2024-07-14T20:39:56.130+0000] {taskinstance.py:2306} INFO - Starting attempt 1 of 2
[2024-07-14T20:39:56.172+0000] {taskinstance.py:2330} INFO - Executing <Task(PythonOperator): fetch_and_compute_spread_btc_mxn> on 2024-07-14 18:52:00+00:00
[2024-07-14T20:39:56.179+0000] {logging_mixin.py:188} WARNING - /home/***/.local/lib/python3.12/site-packages/***/task/task_runner/standard_task_runner.py:61 DeprecationWarning: This process (pid=5039) is multi-threaded, use of fork() may lead to deadlocks in the child.
[2024-07-14T20:39:56.186+0000] {standard_task_runner.py:63} INFO - Started process 5049 to run task
[2024-07-14T20:39:56.184+0000] {standard_task_runner.py:90} INFO - Running: ['***', 'tasks', 'run', 'fetch_spread_values', 'fetch_and_compute_spread_btc_mxn', 'scheduled__2024-07-14T18:52:00+00:00', '--job-id', '2392', '--raw', '--subdir', 'DAGS_FOLDER/***.py', '--cfg-path', '/tmp/tmptuh24vpg']
[2024-07-14T20:39:56.198+0000] {standard_task_runner.py:91} INFO - Job 2392: Subtask fetch_and_compute_spread_btc_mxn
[2024-07-14T20:39:56.285+0000] {task_command.py:426} INFO - Running <TaskInstance: fetch_spread_values.fetch_and_compute_spread_btc_mxn scheduled__2024-07-14T18:52:00+00:00 [running]> on host 77caf7e4b282
[2024-07-14T20:39:56.465+0000] {taskinstance.py:2648} INFO - Exporting env vars: AIRFLOW_CTX_DAG_OWNER='***' AIRFLOW_CTX_DAG_ID='fetch_spread_values' AIRFLOW_CTX_TASK_ID='fetch_and_compute_spread_btc_mxn' AIRFLOW_CTX_EXECUTION_DATE='2024-07-14T18:52:00+00:00' AIRFLOW_CTX_TRY_NUMBER='1' AIRFLOW_CTX_DAG_RUN_ID='scheduled__2024-07-14T18:52:00+00:00'
[2024-07-14T20:39:56.466+0000] {taskinstance.py:430} INFO - ::endgroup::
[2024-07-14T20:39:56.686+0000] {python.py:237} INFO - Done. Returned value was: None
[2024-07-14T20:39:56.688+0000] {taskinstance.py:441} INFO - ::group::Post task execution logs
[2024-07-14T20:39:56.705+0000] {taskinstance.py:1206} INFO - Marking task as SUCCESS. dag_id=fetch_spread_values, task_id=fetch_and_compute_spread_btc_mxn, run_id=scheduled__2024-07-14T18:52:00+00:00, execution_date=20240714T185200, start_date=20240714T203956, end_date=20240714T203956
[2024-07-14T20:39:56.737+0000] {local_task_job_runner.py:240} INFO - Task exited with return code 0
[2024-07-14T20:39:56.779+0000] {taskinstance.py:3503} INFO - 0 downstream tasks scheduled from follow-on schedule check
[2024-07-14T20:39:56.791+0000] {local_task_job_runner.py:222} INFO - ::endgroup::
