[2024-07-14T09:04:03.236+0000] {local_task_job_runner.py:120} INFO - ::group::Pre task execution logs
[2024-07-14T09:04:03.260+0000] {taskinstance.py:2076} INFO - Dependencies all met for dep_context=non-requeueable deps ti=<TaskInstance: fetch_spread_values.fetch_and_compute_spread_btc_mxn scheduled__2024-07-14T07:54:00+00:00 [queued]>
[2024-07-14T09:04:03.270+0000] {taskinstance.py:2076} INFO - Dependencies all met for dep_context=requeueable deps ti=<TaskInstance: fetch_spread_values.fetch_and_compute_spread_btc_mxn scheduled__2024-07-14T07:54:00+00:00 [queued]>
[2024-07-14T09:04:03.272+0000] {taskinstance.py:2306} INFO - Starting attempt 1 of 2
[2024-07-14T09:04:03.287+0000] {taskinstance.py:2330} INFO - Executing <Task(PythonOperator): fetch_and_compute_spread_btc_mxn> on 2024-07-14 07:54:00+00:00
[2024-07-14T09:04:03.295+0000] {warnings.py:112} WARNING - /home/***/.local/lib/python3.12/site-packages/***/task/task_runner/standard_task_runner.py:61: DeprecationWarning: This process (pid=3037) is multi-threaded, use of fork() may lead to deadlocks in the child.
  pid = os.fork()

[2024-07-14T09:04:03.300+0000] {standard_task_runner.py:63} INFO - Started process 3056 to run task
[2024-07-14T09:04:03.298+0000] {standard_task_runner.py:90} INFO - Running: ['***', 'tasks', 'run', 'fetch_spread_values', 'fetch_and_compute_spread_btc_mxn', 'scheduled__2024-07-14T07:54:00+00:00', '--job-id', '977', '--raw', '--subdir', 'DAGS_FOLDER/***.py', '--cfg-path', '/tmp/tmp3r_h_auv']
[2024-07-14T09:04:03.320+0000] {standard_task_runner.py:91} INFO - Job 977: Subtask fetch_and_compute_spread_btc_mxn
[2024-07-14T09:04:03.384+0000] {task_command.py:426} INFO - Running <TaskInstance: fetch_spread_values.fetch_and_compute_spread_btc_mxn scheduled__2024-07-14T07:54:00+00:00 [running]> on host d537c34a4880
[2024-07-14T09:04:03.519+0000] {taskinstance.py:2648} INFO - Exporting env vars: AIRFLOW_CTX_DAG_OWNER='***' AIRFLOW_CTX_DAG_ID='fetch_spread_values' AIRFLOW_CTX_TASK_ID='fetch_and_compute_spread_btc_mxn' AIRFLOW_CTX_EXECUTION_DATE='2024-07-14T07:54:00+00:00' AIRFLOW_CTX_TRY_NUMBER='1' AIRFLOW_CTX_DAG_RUN_ID='scheduled__2024-07-14T07:54:00+00:00'
[2024-07-14T09:04:03.523+0000] {taskinstance.py:430} INFO - ::endgroup::
[2024-07-14T09:04:03.706+0000] {python.py:237} INFO - Done. Returned value was: None
[2024-07-14T09:04:03.708+0000] {taskinstance.py:441} INFO - ::group::Post task execution logs
[2024-07-14T09:04:03.741+0000] {taskinstance.py:1206} INFO - Marking task as SUCCESS. dag_id=fetch_spread_values, task_id=fetch_and_compute_spread_btc_mxn, run_id=scheduled__2024-07-14T07:54:00+00:00, execution_date=20240714T075400, start_date=20240714T090403, end_date=20240714T090403
[2024-07-14T09:04:03.781+0000] {local_task_job_runner.py:240} INFO - Task exited with return code 0
[2024-07-14T09:04:03.794+0000] {taskinstance.py:3503} INFO - 0 downstream tasks scheduled from follow-on schedule check
[2024-07-14T09:04:03.795+0000] {local_task_job_runner.py:222} INFO - ::endgroup::
[2024-07-14T20:35:46.701+0000] {local_task_job_runner.py:120} INFO - ::group::Pre task execution logs
[2024-07-14T20:35:46.726+0000] {taskinstance.py:2076} INFO - Dependencies all met for dep_context=non-requeueable deps ti=<TaskInstance: fetch_spread_values.fetch_and_compute_spread_btc_mxn scheduled__2024-07-14T07:54:00+00:00 [queued]>
[2024-07-14T20:35:46.730+0000] {taskinstance.py:2076} INFO - Dependencies all met for dep_context=requeueable deps ti=<TaskInstance: fetch_spread_values.fetch_and_compute_spread_btc_mxn scheduled__2024-07-14T07:54:00+00:00 [queued]>
[2024-07-14T20:35:46.731+0000] {taskinstance.py:2306} INFO - Starting attempt 1 of 2
[2024-07-14T20:35:46.738+0000] {taskinstance.py:2330} INFO - Executing <Task(PythonOperator): fetch_and_compute_spread_btc_mxn> on 2024-07-14 07:54:00+00:00
[2024-07-14T20:35:46.744+0000] {standard_task_runner.py:90} INFO - Running: ['***', 'tasks', 'run', 'fetch_spread_values', 'fetch_and_compute_spread_btc_mxn', 'scheduled__2024-07-14T07:54:00+00:00', '--job-id', '1075', '--raw', '--subdir', 'DAGS_FOLDER/***.py', '--cfg-path', '/tmp/tmpzwti8rg0']
[2024-07-14T20:35:46.747+0000] {standard_task_runner.py:91} INFO - Job 1075: Subtask fetch_and_compute_spread_btc_mxn
[2024-07-14T20:35:46.742+0000] {logging_mixin.py:188} WARNING - /home/***/.local/lib/python3.12/site-packages/***/task/task_runner/standard_task_runner.py:61 DeprecationWarning: This process (pid=2360) is multi-threaded, use of fork() may lead to deadlocks in the child.
[2024-07-14T20:35:46.748+0000] {standard_task_runner.py:63} INFO - Started process 2367 to run task
[2024-07-14T20:35:46.786+0000] {task_command.py:426} INFO - Running <TaskInstance: fetch_spread_values.fetch_and_compute_spread_btc_mxn scheduled__2024-07-14T07:54:00+00:00 [running]> on host 77caf7e4b282
[2024-07-14T20:35:46.853+0000] {taskinstance.py:2648} INFO - Exporting env vars: AIRFLOW_CTX_DAG_OWNER='***' AIRFLOW_CTX_DAG_ID='fetch_spread_values' AIRFLOW_CTX_TASK_ID='fetch_and_compute_spread_btc_mxn' AIRFLOW_CTX_EXECUTION_DATE='2024-07-14T07:54:00+00:00' AIRFLOW_CTX_TRY_NUMBER='1' AIRFLOW_CTX_DAG_RUN_ID='scheduled__2024-07-14T07:54:00+00:00'
[2024-07-14T20:35:46.855+0000] {taskinstance.py:430} INFO - ::endgroup::
[2024-07-14T20:35:47.042+0000] {python.py:237} INFO - Done. Returned value was: None
[2024-07-14T20:35:47.043+0000] {taskinstance.py:441} INFO - ::group::Post task execution logs
[2024-07-14T20:35:47.049+0000] {taskinstance.py:1206} INFO - Marking task as SUCCESS. dag_id=fetch_spread_values, task_id=fetch_and_compute_spread_btc_mxn, run_id=scheduled__2024-07-14T07:54:00+00:00, execution_date=20240714T075400, start_date=20240714T203546, end_date=20240714T203547
[2024-07-14T20:35:47.057+0000] {local_task_job_runner.py:240} INFO - Task exited with return code 0
[2024-07-14T20:35:47.066+0000] {taskinstance.py:3503} INFO - 0 downstream tasks scheduled from follow-on schedule check
[2024-07-14T20:35:47.068+0000] {local_task_job_runner.py:222} INFO - ::endgroup::
