[2024-07-14T09:02:53.223+0000] {local_task_job_runner.py:120} INFO - ::group::Pre task execution logs
[2024-07-14T09:02:53.254+0000] {taskinstance.py:2076} INFO - Dependencies all met for dep_context=non-requeueable deps ti=<TaskInstance: fetch_spread_values.fetch_and_compute_spread_btc_mxn scheduled__2024-07-14T06:43:00+00:00 [queued]>
[2024-07-14T09:02:53.279+0000] {taskinstance.py:2076} INFO - Dependencies all met for dep_context=requeueable deps ti=<TaskInstance: fetch_spread_values.fetch_and_compute_spread_btc_mxn scheduled__2024-07-14T06:43:00+00:00 [queued]>
[2024-07-14T09:02:53.280+0000] {taskinstance.py:2306} INFO - Starting attempt 1 of 2
[2024-07-14T09:02:53.306+0000] {taskinstance.py:2330} INFO - Executing <Task(PythonOperator): fetch_and_compute_spread_btc_mxn> on 2024-07-14 06:43:00+00:00
[2024-07-14T09:02:53.314+0000] {warnings.py:112} WARNING - /home/***/.local/lib/python3.12/site-packages/***/task/task_runner/standard_task_runner.py:61: DeprecationWarning: This process (pid=2597) is multi-threaded, use of fork() may lead to deadlocks in the child.
  pid = os.fork()

[2024-07-14T09:02:53.321+0000] {standard_task_runner.py:63} INFO - Started process 2621 to run task
[2024-07-14T09:02:53.320+0000] {standard_task_runner.py:90} INFO - Running: ['***', 'tasks', 'run', 'fetch_spread_values', 'fetch_and_compute_spread_btc_mxn', 'scheduled__2024-07-14T06:43:00+00:00', '--job-id', '833', '--raw', '--subdir', 'DAGS_FOLDER/***.py', '--cfg-path', '/tmp/tmp02p70mkv']
[2024-07-14T09:02:53.334+0000] {standard_task_runner.py:91} INFO - Job 833: Subtask fetch_and_compute_spread_btc_mxn
[2024-07-14T09:02:53.415+0000] {task_command.py:426} INFO - Running <TaskInstance: fetch_spread_values.fetch_and_compute_spread_btc_mxn scheduled__2024-07-14T06:43:00+00:00 [running]> on host d537c34a4880
[2024-07-14T09:02:53.562+0000] {taskinstance.py:2648} INFO - Exporting env vars: AIRFLOW_CTX_DAG_OWNER='***' AIRFLOW_CTX_DAG_ID='fetch_spread_values' AIRFLOW_CTX_TASK_ID='fetch_and_compute_spread_btc_mxn' AIRFLOW_CTX_EXECUTION_DATE='2024-07-14T06:43:00+00:00' AIRFLOW_CTX_TRY_NUMBER='1' AIRFLOW_CTX_DAG_RUN_ID='scheduled__2024-07-14T06:43:00+00:00'
[2024-07-14T09:02:53.568+0000] {taskinstance.py:430} INFO - ::endgroup::
[2024-07-14T09:02:53.781+0000] {python.py:237} INFO - Done. Returned value was: None
[2024-07-14T09:02:53.785+0000] {taskinstance.py:441} INFO - ::group::Post task execution logs
[2024-07-14T09:02:53.815+0000] {taskinstance.py:1206} INFO - Marking task as SUCCESS. dag_id=fetch_spread_values, task_id=fetch_and_compute_spread_btc_mxn, run_id=scheduled__2024-07-14T06:43:00+00:00, execution_date=20240714T064300, start_date=20240714T090253, end_date=20240714T090253
[2024-07-14T09:02:53.851+0000] {local_task_job_runner.py:240} INFO - Task exited with return code 0
[2024-07-14T09:02:53.864+0000] {taskinstance.py:3503} INFO - 0 downstream tasks scheduled from follow-on schedule check
[2024-07-14T09:02:53.865+0000] {local_task_job_runner.py:222} INFO - ::endgroup::
[2024-07-14T20:35:03.384+0000] {local_task_job_runner.py:120} INFO - ::group::Pre task execution logs
[2024-07-14T20:35:03.432+0000] {taskinstance.py:2076} INFO - Dependencies all met for dep_context=non-requeueable deps ti=<TaskInstance: fetch_spread_values.fetch_and_compute_spread_btc_mxn scheduled__2024-07-14T06:43:00+00:00 [queued]>
[2024-07-14T20:35:03.444+0000] {taskinstance.py:2076} INFO - Dependencies all met for dep_context=requeueable deps ti=<TaskInstance: fetch_spread_values.fetch_and_compute_spread_btc_mxn scheduled__2024-07-14T06:43:00+00:00 [queued]>
[2024-07-14T20:35:03.445+0000] {taskinstance.py:2306} INFO - Starting attempt 1 of 2
[2024-07-14T20:35:03.463+0000] {taskinstance.py:2330} INFO - Executing <Task(PythonOperator): fetch_and_compute_spread_btc_mxn> on 2024-07-14 06:43:00+00:00
[2024-07-14T20:35:03.471+0000] {logging_mixin.py:188} WARNING - /home/***/.local/lib/python3.12/site-packages/***/task/task_runner/standard_task_runner.py:61 DeprecationWarning: This process (pid=1946) is multi-threaded, use of fork() may lead to deadlocks in the child.
[2024-07-14T20:35:03.477+0000] {standard_task_runner.py:63} INFO - Started process 1952 to run task
[2024-07-14T20:35:03.472+0000] {standard_task_runner.py:90} INFO - Running: ['***', 'tasks', 'run', 'fetch_spread_values', 'fetch_and_compute_spread_btc_mxn', 'scheduled__2024-07-14T06:43:00+00:00', '--job-id', '872', '--raw', '--subdir', 'DAGS_FOLDER/***.py', '--cfg-path', '/tmp/tmp2muwygcf']
[2024-07-14T20:35:03.483+0000] {standard_task_runner.py:91} INFO - Job 872: Subtask fetch_and_compute_spread_btc_mxn
[2024-07-14T20:35:03.533+0000] {task_command.py:426} INFO - Running <TaskInstance: fetch_spread_values.fetch_and_compute_spread_btc_mxn scheduled__2024-07-14T06:43:00+00:00 [running]> on host 77caf7e4b282
[2024-07-14T20:35:03.587+0000] {taskinstance.py:2648} INFO - Exporting env vars: AIRFLOW_CTX_DAG_OWNER='***' AIRFLOW_CTX_DAG_ID='fetch_spread_values' AIRFLOW_CTX_TASK_ID='fetch_and_compute_spread_btc_mxn' AIRFLOW_CTX_EXECUTION_DATE='2024-07-14T06:43:00+00:00' AIRFLOW_CTX_TRY_NUMBER='1' AIRFLOW_CTX_DAG_RUN_ID='scheduled__2024-07-14T06:43:00+00:00'
[2024-07-14T20:35:03.589+0000] {taskinstance.py:430} INFO - ::endgroup::
[2024-07-14T20:35:03.794+0000] {python.py:237} INFO - Done. Returned value was: None
[2024-07-14T20:35:03.795+0000] {taskinstance.py:441} INFO - ::group::Post task execution logs
[2024-07-14T20:35:03.801+0000] {taskinstance.py:1206} INFO - Marking task as SUCCESS. dag_id=fetch_spread_values, task_id=fetch_and_compute_spread_btc_mxn, run_id=scheduled__2024-07-14T06:43:00+00:00, execution_date=20240714T064300, start_date=20240714T203503, end_date=20240714T203503
[2024-07-14T20:35:03.826+0000] {local_task_job_runner.py:240} INFO - Task exited with return code 0
[2024-07-14T20:35:03.837+0000] {taskinstance.py:3503} INFO - 0 downstream tasks scheduled from follow-on schedule check
[2024-07-14T20:35:03.838+0000] {local_task_job_runner.py:222} INFO - ::endgroup::
