[2024-07-17T01:16:02.963+0000] {local_task_job_runner.py:120} INFO - ::group::Pre task execution logs
[2024-07-17T01:16:02.981+0000] {taskinstance.py:2076} INFO - Dependencies all met for dep_context=non-requeueable deps ti=<TaskInstance: etl_ticker.etl_btc_mxn scheduled__2024-07-14T22:40:00+00:00 [queued]>
[2024-07-17T01:16:02.985+0000] {taskinstance.py:2076} INFO - Dependencies all met for dep_context=requeueable deps ti=<TaskInstance: etl_ticker.etl_btc_mxn scheduled__2024-07-14T22:40:00+00:00 [queued]>
[2024-07-17T01:16:02.987+0000] {taskinstance.py:2306} INFO - Starting attempt 1 of 2
[2024-07-17T01:16:02.995+0000] {taskinstance.py:2330} INFO - Executing <Task(PythonOperator): etl_btc_mxn> on 2024-07-14 22:40:00+00:00
[2024-07-17T01:16:03.002+0000] {logging_mixin.py:188} WARNING - /home/***/.local/lib/python3.12/site-packages/***/task/task_runner/standard_task_runner.py:61 DeprecationWarning: This process (pid=29633) is multi-threaded, use of fork() may lead to deadlocks in the child.
[2024-07-17T01:16:03.003+0000] {standard_task_runner.py:63} INFO - Started process 29642 to run task
[2024-07-17T01:16:03.002+0000] {standard_task_runner.py:90} INFO - Running: ['***', 'tasks', 'run', 'etl_ticker', 'etl_btc_mxn', 'scheduled__2024-07-14T22:40:00+00:00', '--job-id', '463', '--raw', '--subdir', 'DAGS_FOLDER/bid_ask_dag.py', '--cfg-path', '/tmp/tmph8wd31b_']
[2024-07-17T01:16:03.003+0000] {standard_task_runner.py:91} INFO - Job 463: Subtask etl_btc_mxn
[2024-07-17T01:16:03.031+0000] {task_command.py:426} INFO - Running <TaskInstance: etl_ticker.etl_btc_mxn scheduled__2024-07-14T22:40:00+00:00 [running]> on host 6f712de23803
[2024-07-17T01:16:03.081+0000] {taskinstance.py:2648} INFO - Exporting env vars: AIRFLOW_CTX_DAG_OWNER='***' AIRFLOW_CTX_DAG_ID='etl_ticker' AIRFLOW_CTX_TASK_ID='etl_btc_mxn' AIRFLOW_CTX_EXECUTION_DATE='2024-07-14T22:40:00+00:00' AIRFLOW_CTX_TRY_NUMBER='1' AIRFLOW_CTX_DAG_RUN_ID='scheduled__2024-07-14T22:40:00+00:00'
[2024-07-17T01:16:03.082+0000] {taskinstance.py:430} INFO - ::endgroup::
[2024-07-17T01:16:03.091+0000] {logging_mixin.py:188} WARNING -   0%|          | 0/600 [00:00<?, ?it/s]
[2024-07-17T01:16:04.231+0000] {logging_mixin.py:188} WARNING -   0%|          | 1/600 [00:01<11:22,  1.14s/it]
[2024-07-17T01:16:05.378+0000] {logging_mixin.py:188} WARNING -   0%|          | 2/600 [00:02<11:24,  1.14s/it]
[2024-07-17T01:16:06.519+0000] {logging_mixin.py:188} WARNING -   0%|          | 3/600 [00:03<11:22,  1.14s/it]
[2024-07-17T01:16:07.651+0000] {logging_mixin.py:188} WARNING -   1%|          | 4/600 [00:04<11:18,  1.14s/it]
[2024-07-17T01:16:08.794+0000] {logging_mixin.py:188} WARNING -   1%|          | 5/600 [00:05<11:18,  1.14s/it]
[2024-07-17T01:16:09.935+0000] {logging_mixin.py:188} WARNING -   1%|1         | 6/600 [00:06<11:17,  1.14s/it]
[2024-07-17T01:16:11.073+0000] {logging_mixin.py:188} WARNING -   1%|1         | 7/600 [00:07<11:15,  1.14s/it]
[2024-07-17T01:16:12.218+0000] {logging_mixin.py:188} WARNING -   1%|1         | 8/600 [00:09<11:15,  1.14s/it]
[2024-07-17T01:16:13.370+0000] {logging_mixin.py:188} WARNING -   2%|1         | 9/600 [00:10<11:16,  1.14s/it]
[2024-07-17T01:16:14.518+0000] {logging_mixin.py:188} WARNING -   2%|1         | 10/600 [00:11<11:15,  1.15s/it]
[2024-07-17T01:16:15.667+0000] {logging_mixin.py:188} WARNING -   2%|1         | 11/600 [00:12<11:15,  1.15s/it]
[2024-07-17T01:16:16.829+0000] {logging_mixin.py:188} WARNING -   2%|2         | 12/600 [00:13<11:17,  1.15s/it]
[2024-07-17T01:16:18.126+0000] {logging_mixin.py:188} WARNING -   2%|2         | 13/600 [00:15<11:41,  1.20s/it]
[2024-07-17T01:16:19.269+0000] {logging_mixin.py:188} WARNING -   2%|2         | 14/600 [00:16<11:31,  1.18s/it]
[2024-07-17T01:16:20.431+0000] {logging_mixin.py:188} WARNING -   2%|2         | 15/600 [00:17<11:26,  1.17s/it]
[2024-07-17T01:16:21.638+0000] {bid_ask_dag.py:87} INFO - Threshold! {'orderbook_timestamp': '2024-07-17T01:16:20+00:00', 'book': 'btc_mxn', 'bid': 1160110.0, 'ask': 1161850.0, 'spread': 0.14976115677583166}
[2024-07-17T01:16:21.640+0000] {logging_mixin.py:188} WARNING -   2%|2         | 15/600 [00:18<12:03,  1.24s/it]
[2024-07-17T01:16:21.641+0000] {taskinstance.py:441} INFO - ::group::Post task execution logs
[2024-07-17T01:16:21.643+0000] {taskinstance.py:2905} ERROR - Task failed with exception
Traceback (most recent call last):
  File "/home/airflow/.local/lib/python3.12/site-packages/airflow/models/taskinstance.py", line 465, in _execute_task
    result = _execute_callable(context=context, **execute_callable_kwargs)
             ^^^^^^^^^^^^^^^^^^^^^^^^^^^^^^^^^^^^^^^^^^^^^^^^^^^^^^^^^^^^^
  File "/home/airflow/.local/lib/python3.12/site-packages/airflow/models/taskinstance.py", line 432, in _execute_callable
    return execute_callable(context=context, **execute_callable_kwargs)
           ^^^^^^^^^^^^^^^^^^^^^^^^^^^^^^^^^^^^^^^^^^^^^^^^^^^^^^^^^^^^
  File "/home/airflow/.local/lib/python3.12/site-packages/airflow/models/baseoperator.py", line 401, in wrapper
    return func(self, *args, **kwargs)
           ^^^^^^^^^^^^^^^^^^^^^^^^^^^
  File "/home/airflow/.local/lib/python3.12/site-packages/airflow/operators/python.py", line 235, in execute
    return_value = self.execute_callable()
                   ^^^^^^^^^^^^^^^^^^^^^^^
  File "/home/airflow/.local/lib/python3.12/site-packages/airflow/operators/python.py", line 252, in execute_callable
    return self.python_callable(*self.op_args, **self.op_kwargs)
           ^^^^^^^^^^^^^^^^^^^^^^^^^^^^^^^^^^^^^^^^^^^^^^^^^^^^^
  File "/opt/airflow/dags/bid_ask_dag.py", line 88, in etl_spread
    SlackWebhookHook(webhook_token=WEBHOOK_URL, message=f"Alert! bid-ask has appeared {record}").execute()
    ^^^^^^^^^^^^^^^^^^^^^^^^^^^^^^^^^^^^^^^^^^^^^^^^^^^^^^^^^^^^^^^^^^^^^^^^^^^^^^^^^^^^^^^^^^^^
TypeError: SlackWebhookHook.__init__() missing 1 required keyword-only argument: 'slack_webhook_conn_id'
[2024-07-17T01:16:21.655+0000] {taskinstance.py:1206} INFO - Marking task as UP_FOR_RETRY. dag_id=etl_ticker, task_id=etl_btc_mxn, run_id=scheduled__2024-07-14T22:40:00+00:00, execution_date=20240714T224000, start_date=20240717T011602, end_date=20240717T011621
[2024-07-17T01:16:21.665+0000] {standard_task_runner.py:110} ERROR - Failed to execute job 463 for task etl_btc_mxn (SlackWebhookHook.__init__() missing 1 required keyword-only argument: 'slack_webhook_conn_id'; 29642)
[2024-07-17T01:16:21.688+0000] {local_task_job_runner.py:240} INFO - Task exited with return code 1
[2024-07-17T01:16:21.729+0000] {taskinstance.py:3503} INFO - 0 downstream tasks scheduled from follow-on schedule check
[2024-07-17T01:16:21.730+0000] {local_task_job_runner.py:222} INFO - ::endgroup::
