[2024-07-14T12:08:33.333+0000] {local_task_job_runner.py:120} INFO - ::group::Pre task execution logs
[2024-07-14T12:08:33.425+0000] {taskinstance.py:2076} INFO - Dependencies all met for dep_context=non-requeueable deps ti=<TaskInstance: fetch_spread_values.fetch_and_compute_spread_usd_mxn scheduled__2024-07-14T11:56:00+00:00 [queued]>
[2024-07-14T12:08:33.484+0000] {taskinstance.py:2076} INFO - Dependencies all met for dep_context=requeueable deps ti=<TaskInstance: fetch_spread_values.fetch_and_compute_spread_usd_mxn scheduled__2024-07-14T11:56:00+00:00 [queued]>
[2024-07-14T12:08:33.489+0000] {taskinstance.py:2306} INFO - Starting attempt 1 of 2
[2024-07-14T12:08:33.592+0000] {taskinstance.py:2330} INFO - Executing <Task(PythonOperator): fetch_and_compute_spread_usd_mxn> on 2024-07-14 11:56:00+00:00
[2024-07-14T12:08:33.641+0000] {warnings.py:112} WARNING - /home/***/.local/lib/python3.12/site-packages/***/task/task_runner/standard_task_runner.py:61: DeprecationWarning: This process (pid=5120) is multi-threaded, use of fork() may lead to deadlocks in the child.
  pid = os.fork()

[2024-07-14T12:08:33.643+0000] {standard_task_runner.py:63} INFO - Started process 5150 to run task
[2024-07-14T12:08:33.642+0000] {standard_task_runner.py:90} INFO - Running: ['***', 'tasks', 'run', 'fetch_spread_values', 'fetch_and_compute_spread_usd_mxn', 'scheduled__2024-07-14T11:56:00+00:00', '--job-id', '1535', '--raw', '--subdir', 'DAGS_FOLDER/***.py', '--cfg-path', '/tmp/tmppyl98_6_']
[2024-07-14T12:08:33.648+0000] {standard_task_runner.py:91} INFO - Job 1535: Subtask fetch_and_compute_spread_usd_mxn
[2024-07-14T12:08:33.790+0000] {task_command.py:426} INFO - Running <TaskInstance: fetch_spread_values.fetch_and_compute_spread_usd_mxn scheduled__2024-07-14T11:56:00+00:00 [running]> on host d537c34a4880
[2024-07-14T12:08:34.049+0000] {taskinstance.py:2648} INFO - Exporting env vars: AIRFLOW_CTX_DAG_OWNER='***' AIRFLOW_CTX_DAG_ID='fetch_spread_values' AIRFLOW_CTX_TASK_ID='fetch_and_compute_spread_usd_mxn' AIRFLOW_CTX_EXECUTION_DATE='2024-07-14T11:56:00+00:00' AIRFLOW_CTX_TRY_NUMBER='1' AIRFLOW_CTX_DAG_RUN_ID='scheduled__2024-07-14T11:56:00+00:00'
[2024-07-14T12:08:34.056+0000] {taskinstance.py:430} INFO - ::endgroup::
[2024-07-14T12:08:34.384+0000] {python.py:237} INFO - Done. Returned value was: None
[2024-07-14T12:08:34.386+0000] {taskinstance.py:441} INFO - ::group::Post task execution logs
[2024-07-14T12:08:34.404+0000] {taskinstance.py:1206} INFO - Marking task as SUCCESS. dag_id=fetch_spread_values, task_id=fetch_and_compute_spread_usd_mxn, run_id=scheduled__2024-07-14T11:56:00+00:00, execution_date=20240714T115600, start_date=20240714T120833, end_date=20240714T120834
[2024-07-14T12:08:34.468+0000] {local_task_job_runner.py:240} INFO - Task exited with return code 0
[2024-07-14T12:08:34.522+0000] {taskinstance.py:3503} INFO - 0 downstream tasks scheduled from follow-on schedule check
[2024-07-14T12:08:34.532+0000] {local_task_job_runner.py:222} INFO - ::endgroup::
[2024-07-14T20:37:24.961+0000] {local_task_job_runner.py:120} INFO - ::group::Pre task execution logs
[2024-07-14T20:37:25.044+0000] {taskinstance.py:2076} INFO - Dependencies all met for dep_context=non-requeueable deps ti=<TaskInstance: fetch_spread_values.fetch_and_compute_spread_usd_mxn scheduled__2024-07-14T11:56:00+00:00 [queued]>
[2024-07-14T20:37:25.051+0000] {taskinstance.py:2076} INFO - Dependencies all met for dep_context=requeueable deps ti=<TaskInstance: fetch_spread_values.fetch_and_compute_spread_usd_mxn scheduled__2024-07-14T11:56:00+00:00 [queued]>
[2024-07-14T20:37:25.053+0000] {taskinstance.py:2306} INFO - Starting attempt 1 of 2
[2024-07-14T20:37:25.078+0000] {taskinstance.py:2330} INFO - Executing <Task(PythonOperator): fetch_and_compute_spread_usd_mxn> on 2024-07-14 11:56:00+00:00
[2024-07-14T20:37:25.087+0000] {logging_mixin.py:188} WARNING - /home/***/.local/lib/python3.12/site-packages/***/task/task_runner/standard_task_runner.py:61 DeprecationWarning: This process (pid=3348) is multi-threaded, use of fork() may lead to deadlocks in the child.
[2024-07-14T20:37:25.089+0000] {standard_task_runner.py:63} INFO - Started process 3360 to run task
[2024-07-14T20:37:25.085+0000] {standard_task_runner.py:90} INFO - Running: ['***', 'tasks', 'run', 'fetch_spread_values', 'fetch_and_compute_spread_usd_mxn', 'scheduled__2024-07-14T11:56:00+00:00', '--job-id', '1560', '--raw', '--subdir', 'DAGS_FOLDER/***.py', '--cfg-path', '/tmp/tmpvo2tl6at']
[2024-07-14T20:37:25.097+0000] {standard_task_runner.py:91} INFO - Job 1560: Subtask fetch_and_compute_spread_usd_mxn
[2024-07-14T20:37:25.165+0000] {task_command.py:426} INFO - Running <TaskInstance: fetch_spread_values.fetch_and_compute_spread_usd_mxn scheduled__2024-07-14T11:56:00+00:00 [running]> on host 77caf7e4b282
[2024-07-14T20:37:25.263+0000] {taskinstance.py:2648} INFO - Exporting env vars: AIRFLOW_CTX_DAG_OWNER='***' AIRFLOW_CTX_DAG_ID='fetch_spread_values' AIRFLOW_CTX_TASK_ID='fetch_and_compute_spread_usd_mxn' AIRFLOW_CTX_EXECUTION_DATE='2024-07-14T11:56:00+00:00' AIRFLOW_CTX_TRY_NUMBER='1' AIRFLOW_CTX_DAG_RUN_ID='scheduled__2024-07-14T11:56:00+00:00'
[2024-07-14T20:37:25.268+0000] {taskinstance.py:430} INFO - ::endgroup::
[2024-07-14T20:37:25.541+0000] {python.py:237} INFO - Done. Returned value was: None
[2024-07-14T20:37:25.560+0000] {taskinstance.py:441} INFO - ::group::Post task execution logs
[2024-07-14T20:37:25.575+0000] {taskinstance.py:1206} INFO - Marking task as SUCCESS. dag_id=fetch_spread_values, task_id=fetch_and_compute_spread_usd_mxn, run_id=scheduled__2024-07-14T11:56:00+00:00, execution_date=20240714T115600, start_date=20240714T203725, end_date=20240714T203725
[2024-07-14T20:37:25.609+0000] {local_task_job_runner.py:240} INFO - Task exited with return code 0
[2024-07-14T20:37:25.648+0000] {local_task_job_runner.py:222} INFO - ::endgroup::
