[2024-07-14T09:04:57.220+0000] {local_task_job_runner.py:120} INFO - ::group::Pre task execution logs
[2024-07-14T09:04:57.233+0000] {taskinstance.py:2076} INFO - Dependencies all met for dep_context=non-requeueable deps ti=<TaskInstance: fetch_spread_values.fetch_and_compute_spread_usd_mxn scheduled__2024-07-14T08:47:00+00:00 [queued]>
[2024-07-14T09:04:57.237+0000] {taskinstance.py:2076} INFO - Dependencies all met for dep_context=requeueable deps ti=<TaskInstance: fetch_spread_values.fetch_and_compute_spread_usd_mxn scheduled__2024-07-14T08:47:00+00:00 [queued]>
[2024-07-14T09:04:57.238+0000] {taskinstance.py:2306} INFO - Starting attempt 1 of 2
[2024-07-14T09:04:57.245+0000] {taskinstance.py:2330} INFO - Executing <Task(PythonOperator): fetch_and_compute_spread_usd_mxn> on 2024-07-14 08:47:00+00:00
[2024-07-14T09:04:57.249+0000] {warnings.py:112} WARNING - /home/***/.local/lib/python3.12/site-packages/***/task/task_runner/standard_task_runner.py:61: DeprecationWarning: This process (pid=3383) is multi-threaded, use of fork() may lead to deadlocks in the child.
  pid = os.fork()

[2024-07-14T09:04:57.250+0000] {standard_task_runner.py:63} INFO - Started process 3391 to run task
[2024-07-14T09:04:57.251+0000] {standard_task_runner.py:90} INFO - Running: ['***', 'tasks', 'run', 'fetch_spread_values', 'fetch_and_compute_spread_usd_mxn', 'scheduled__2024-07-14T08:47:00+00:00', '--job-id', '1083', '--raw', '--subdir', 'DAGS_FOLDER/***.py', '--cfg-path', '/tmp/tmpw0jeuu4s']
[2024-07-14T09:04:57.253+0000] {standard_task_runner.py:91} INFO - Job 1083: Subtask fetch_and_compute_spread_usd_mxn
[2024-07-14T09:04:57.327+0000] {task_command.py:426} INFO - Running <TaskInstance: fetch_spread_values.fetch_and_compute_spread_usd_mxn scheduled__2024-07-14T08:47:00+00:00 [running]> on host d537c34a4880
[2024-07-14T09:04:57.410+0000] {taskinstance.py:2648} INFO - Exporting env vars: AIRFLOW_CTX_DAG_OWNER='***' AIRFLOW_CTX_DAG_ID='fetch_spread_values' AIRFLOW_CTX_TASK_ID='fetch_and_compute_spread_usd_mxn' AIRFLOW_CTX_EXECUTION_DATE='2024-07-14T08:47:00+00:00' AIRFLOW_CTX_TRY_NUMBER='1' AIRFLOW_CTX_DAG_RUN_ID='scheduled__2024-07-14T08:47:00+00:00'
[2024-07-14T09:04:57.411+0000] {taskinstance.py:430} INFO - ::endgroup::
[2024-07-14T09:04:57.605+0000] {python.py:237} INFO - Done. Returned value was: None
[2024-07-14T09:04:57.607+0000] {taskinstance.py:441} INFO - ::group::Post task execution logs
[2024-07-14T09:04:57.615+0000] {taskinstance.py:1206} INFO - Marking task as SUCCESS. dag_id=fetch_spread_values, task_id=fetch_and_compute_spread_usd_mxn, run_id=scheduled__2024-07-14T08:47:00+00:00, execution_date=20240714T084700, start_date=20240714T090457, end_date=20240714T090457
[2024-07-14T09:04:57.641+0000] {local_task_job_runner.py:240} INFO - Task exited with return code 0
[2024-07-14T09:04:57.655+0000] {taskinstance.py:3503} INFO - 0 downstream tasks scheduled from follow-on schedule check
[2024-07-14T09:04:57.662+0000] {local_task_job_runner.py:222} INFO - ::endgroup::
[2024-07-14T20:36:14.735+0000] {local_task_job_runner.py:120} INFO - ::group::Pre task execution logs
[2024-07-14T20:36:14.775+0000] {taskinstance.py:2076} INFO - Dependencies all met for dep_context=non-requeueable deps ti=<TaskInstance: fetch_spread_values.fetch_and_compute_spread_usd_mxn scheduled__2024-07-14T08:47:00+00:00 [queued]>
[2024-07-14T20:36:14.788+0000] {taskinstance.py:2076} INFO - Dependencies all met for dep_context=requeueable deps ti=<TaskInstance: fetch_spread_values.fetch_and_compute_spread_usd_mxn scheduled__2024-07-14T08:47:00+00:00 [queued]>
[2024-07-14T20:36:14.789+0000] {taskinstance.py:2306} INFO - Starting attempt 1 of 2
[2024-07-14T20:36:14.806+0000] {taskinstance.py:2330} INFO - Executing <Task(PythonOperator): fetch_and_compute_spread_usd_mxn> on 2024-07-14 08:47:00+00:00
[2024-07-14T20:36:14.812+0000] {logging_mixin.py:188} WARNING - /home/***/.local/lib/python3.12/site-packages/***/task/task_runner/standard_task_runner.py:61 DeprecationWarning: This process (pid=2578) is multi-threaded, use of fork() may lead to deadlocks in the child.
[2024-07-14T20:36:14.817+0000] {standard_task_runner.py:63} INFO - Started process 2586 to run task
[2024-07-14T20:36:14.814+0000] {standard_task_runner.py:90} INFO - Running: ['***', 'tasks', 'run', 'fetch_spread_values', 'fetch_and_compute_spread_usd_mxn', 'scheduled__2024-07-14T08:47:00+00:00', '--job-id', '1183', '--raw', '--subdir', 'DAGS_FOLDER/***.py', '--cfg-path', '/tmp/tmp7xtsb7gn']
[2024-07-14T20:36:14.819+0000] {standard_task_runner.py:91} INFO - Job 1183: Subtask fetch_and_compute_spread_usd_mxn
[2024-07-14T20:36:14.853+0000] {task_command.py:426} INFO - Running <TaskInstance: fetch_spread_values.fetch_and_compute_spread_usd_mxn scheduled__2024-07-14T08:47:00+00:00 [running]> on host 77caf7e4b282
[2024-07-14T20:36:14.906+0000] {taskinstance.py:2648} INFO - Exporting env vars: AIRFLOW_CTX_DAG_OWNER='***' AIRFLOW_CTX_DAG_ID='fetch_spread_values' AIRFLOW_CTX_TASK_ID='fetch_and_compute_spread_usd_mxn' AIRFLOW_CTX_EXECUTION_DATE='2024-07-14T08:47:00+00:00' AIRFLOW_CTX_TRY_NUMBER='1' AIRFLOW_CTX_DAG_RUN_ID='scheduled__2024-07-14T08:47:00+00:00'
[2024-07-14T20:36:14.907+0000] {taskinstance.py:430} INFO - ::endgroup::
[2024-07-14T20:36:15.122+0000] {python.py:237} INFO - Done. Returned value was: None
[2024-07-14T20:36:15.123+0000] {taskinstance.py:441} INFO - ::group::Post task execution logs
[2024-07-14T20:36:15.128+0000] {taskinstance.py:1206} INFO - Marking task as SUCCESS. dag_id=fetch_spread_values, task_id=fetch_and_compute_spread_usd_mxn, run_id=scheduled__2024-07-14T08:47:00+00:00, execution_date=20240714T084700, start_date=20240714T203614, end_date=20240714T203615
[2024-07-14T20:36:15.167+0000] {local_task_job_runner.py:240} INFO - Task exited with return code 0
[2024-07-14T20:36:15.176+0000] {taskinstance.py:3503} INFO - 0 downstream tasks scheduled from follow-on schedule check
[2024-07-14T20:36:15.176+0000] {local_task_job_runner.py:222} INFO - ::endgroup::
