[2024-07-14T09:01:46.396+0000] {local_task_job_runner.py:120} INFO - ::group::Pre task execution logs
[2024-07-14T09:01:46.472+0000] {taskinstance.py:2076} INFO - Dependencies all met for dep_context=non-requeueable deps ti=<TaskInstance: fetch_spread_values.fetch_and_compute_spread_usd_mxn scheduled__2024-07-14T05:27:00+00:00 [queued]>
[2024-07-14T09:01:46.494+0000] {taskinstance.py:2076} INFO - Dependencies all met for dep_context=requeueable deps ti=<TaskInstance: fetch_spread_values.fetch_and_compute_spread_usd_mxn scheduled__2024-07-14T05:27:00+00:00 [queued]>
[2024-07-14T09:01:46.498+0000] {taskinstance.py:2306} INFO - Starting attempt 1 of 2
[2024-07-14T09:01:46.547+0000] {taskinstance.py:2330} INFO - Executing <Task(PythonOperator): fetch_and_compute_spread_usd_mxn> on 2024-07-14 05:27:00+00:00
[2024-07-14T09:01:46.575+0000] {warnings.py:112} WARNING - /home/***/.local/lib/python3.12/site-packages/***/task/task_runner/standard_task_runner.py:61: DeprecationWarning: This process (pid=2125) is multi-threaded, use of fork() may lead to deadlocks in the child.
  pid = os.fork()

[2024-07-14T09:01:46.585+0000] {standard_task_runner.py:63} INFO - Started process 2149 to run task
[2024-07-14T09:01:46.578+0000] {standard_task_runner.py:90} INFO - Running: ['***', 'tasks', 'run', 'fetch_spread_values', 'fetch_and_compute_spread_usd_mxn', 'scheduled__2024-07-14T05:27:00+00:00', '--job-id', '682', '--raw', '--subdir', 'DAGS_FOLDER/***.py', '--cfg-path', '/tmp/tmp2fbltl77']
[2024-07-14T09:01:46.609+0000] {standard_task_runner.py:91} INFO - Job 682: Subtask fetch_and_compute_spread_usd_mxn
[2024-07-14T09:01:46.780+0000] {task_command.py:426} INFO - Running <TaskInstance: fetch_spread_values.fetch_and_compute_spread_usd_mxn scheduled__2024-07-14T05:27:00+00:00 [running]> on host d537c34a4880
[2024-07-14T09:01:47.047+0000] {taskinstance.py:2648} INFO - Exporting env vars: AIRFLOW_CTX_DAG_OWNER='***' AIRFLOW_CTX_DAG_ID='fetch_spread_values' AIRFLOW_CTX_TASK_ID='fetch_and_compute_spread_usd_mxn' AIRFLOW_CTX_EXECUTION_DATE='2024-07-14T05:27:00+00:00' AIRFLOW_CTX_TRY_NUMBER='1' AIRFLOW_CTX_DAG_RUN_ID='scheduled__2024-07-14T05:27:00+00:00'
[2024-07-14T09:01:47.085+0000] {taskinstance.py:430} INFO - ::endgroup::
[2024-07-14T09:01:47.325+0000] {python.py:237} INFO - Done. Returned value was: None
[2024-07-14T09:01:47.327+0000] {taskinstance.py:441} INFO - ::group::Post task execution logs
[2024-07-14T09:01:47.336+0000] {taskinstance.py:1206} INFO - Marking task as SUCCESS. dag_id=fetch_spread_values, task_id=fetch_and_compute_spread_usd_mxn, run_id=scheduled__2024-07-14T05:27:00+00:00, execution_date=20240714T052700, start_date=20240714T090146, end_date=20240714T090147
[2024-07-14T09:01:47.422+0000] {local_task_job_runner.py:240} INFO - Task exited with return code 0
[2024-07-14T09:01:47.477+0000] {taskinstance.py:3503} INFO - 0 downstream tasks scheduled from follow-on schedule check
[2024-07-14T09:01:47.485+0000] {local_task_job_runner.py:222} INFO - ::endgroup::
[2024-07-14T20:34:28.852+0000] {local_task_job_runner.py:120} INFO - ::group::Pre task execution logs
[2024-07-14T20:34:28.891+0000] {taskinstance.py:2076} INFO - Dependencies all met for dep_context=non-requeueable deps ti=<TaskInstance: fetch_spread_values.fetch_and_compute_spread_usd_mxn scheduled__2024-07-14T05:27:00+00:00 [queued]>
[2024-07-14T20:34:28.897+0000] {taskinstance.py:2076} INFO - Dependencies all met for dep_context=requeueable deps ti=<TaskInstance: fetch_spread_values.fetch_and_compute_spread_usd_mxn scheduled__2024-07-14T05:27:00+00:00 [queued]>
[2024-07-14T20:34:28.898+0000] {taskinstance.py:2306} INFO - Starting attempt 1 of 2
[2024-07-14T20:34:28.910+0000] {taskinstance.py:2330} INFO - Executing <Task(PythonOperator): fetch_and_compute_spread_usd_mxn> on 2024-07-14 05:27:00+00:00
[2024-07-14T20:34:28.917+0000] {logging_mixin.py:188} WARNING - /home/***/.local/lib/python3.12/site-packages/***/task/task_runner/standard_task_runner.py:61 DeprecationWarning: This process (pid=1516) is multi-threaded, use of fork() may lead to deadlocks in the child.
[2024-07-14T20:34:28.923+0000] {standard_task_runner.py:63} INFO - Started process 1527 to run task
[2024-07-14T20:34:28.928+0000] {standard_task_runner.py:90} INFO - Running: ['***', 'tasks', 'run', 'fetch_spread_values', 'fetch_and_compute_spread_usd_mxn', 'scheduled__2024-07-14T05:27:00+00:00', '--job-id', '660', '--raw', '--subdir', 'DAGS_FOLDER/***.py', '--cfg-path', '/tmp/tmpo5lvgtmw']
[2024-07-14T20:34:28.941+0000] {standard_task_runner.py:91} INFO - Job 660: Subtask fetch_and_compute_spread_usd_mxn
[2024-07-14T20:34:29.048+0000] {task_command.py:426} INFO - Running <TaskInstance: fetch_spread_values.fetch_and_compute_spread_usd_mxn scheduled__2024-07-14T05:27:00+00:00 [running]> on host 77caf7e4b282
[2024-07-14T20:34:29.252+0000] {taskinstance.py:2648} INFO - Exporting env vars: AIRFLOW_CTX_DAG_OWNER='***' AIRFLOW_CTX_DAG_ID='fetch_spread_values' AIRFLOW_CTX_TASK_ID='fetch_and_compute_spread_usd_mxn' AIRFLOW_CTX_EXECUTION_DATE='2024-07-14T05:27:00+00:00' AIRFLOW_CTX_TRY_NUMBER='1' AIRFLOW_CTX_DAG_RUN_ID='scheduled__2024-07-14T05:27:00+00:00'
[2024-07-14T20:34:29.256+0000] {taskinstance.py:430} INFO - ::endgroup::
[2024-07-14T20:34:29.429+0000] {python.py:237} INFO - Done. Returned value was: None
[2024-07-14T20:34:29.430+0000] {taskinstance.py:441} INFO - ::group::Post task execution logs
[2024-07-14T20:34:29.436+0000] {taskinstance.py:1206} INFO - Marking task as SUCCESS. dag_id=fetch_spread_values, task_id=fetch_and_compute_spread_usd_mxn, run_id=scheduled__2024-07-14T05:27:00+00:00, execution_date=20240714T052700, start_date=20240714T203428, end_date=20240714T203429
[2024-07-14T20:34:29.458+0000] {local_task_job_runner.py:240} INFO - Task exited with return code 0
[2024-07-14T20:34:29.469+0000] {taskinstance.py:3503} INFO - 0 downstream tasks scheduled from follow-on schedule check
[2024-07-14T20:34:29.469+0000] {local_task_job_runner.py:222} INFO - ::endgroup::
