[2024-07-14T16:51:00.239+0000] {local_task_job_runner.py:120} INFO - ::group::Pre task execution logs
[2024-07-14T16:51:00.324+0000] {taskinstance.py:2076} INFO - Dependencies all met for dep_context=non-requeueable deps ti=<TaskInstance: fetch_spread_values.fetch_and_compute_spread_usd_mxn scheduled__2024-07-14T16:37:00+00:00 [queued]>
[2024-07-14T16:51:00.366+0000] {taskinstance.py:2076} INFO - Dependencies all met for dep_context=requeueable deps ti=<TaskInstance: fetch_spread_values.fetch_and_compute_spread_usd_mxn scheduled__2024-07-14T16:37:00+00:00 [queued]>
[2024-07-14T16:51:00.367+0000] {taskinstance.py:2306} INFO - Starting attempt 1 of 2
[2024-07-14T16:51:00.395+0000] {taskinstance.py:2330} INFO - Executing <Task(PythonOperator): fetch_and_compute_spread_usd_mxn> on 2024-07-14 16:37:00+00:00
[2024-07-14T16:51:00.445+0000] {standard_task_runner.py:90} INFO - Running: ['***', 'tasks', 'run', 'fetch_spread_values', 'fetch_and_compute_spread_usd_mxn', 'scheduled__2024-07-14T16:37:00+00:00', '--job-id', '2141', '--raw', '--subdir', 'DAGS_FOLDER/***.py', '--cfg-path', '/tmp/tmpi495te9v']
[2024-07-14T16:51:00.462+0000] {standard_task_runner.py:91} INFO - Job 2141: Subtask fetch_and_compute_spread_usd_mxn
[2024-07-14T16:51:00.454+0000] {warnings.py:112} WARNING - /home/***/.local/lib/python3.12/site-packages/***/task/task_runner/standard_task_runner.py:61: DeprecationWarning: This process (pid=7082) is multi-threaded, use of fork() may lead to deadlocks in the child.
  pid = os.fork()

[2024-07-14T16:51:00.466+0000] {standard_task_runner.py:63} INFO - Started process 7124 to run task
[2024-07-14T16:51:00.564+0000] {task_command.py:426} INFO - Running <TaskInstance: fetch_spread_values.fetch_and_compute_spread_usd_mxn scheduled__2024-07-14T16:37:00+00:00 [running]> on host d537c34a4880
[2024-07-14T16:51:00.793+0000] {taskinstance.py:2648} INFO - Exporting env vars: AIRFLOW_CTX_DAG_OWNER='***' AIRFLOW_CTX_DAG_ID='fetch_spread_values' AIRFLOW_CTX_TASK_ID='fetch_and_compute_spread_usd_mxn' AIRFLOW_CTX_EXECUTION_DATE='2024-07-14T16:37:00+00:00' AIRFLOW_CTX_TRY_NUMBER='1' AIRFLOW_CTX_DAG_RUN_ID='scheduled__2024-07-14T16:37:00+00:00'
[2024-07-14T16:51:00.794+0000] {taskinstance.py:430} INFO - ::endgroup::
[2024-07-14T16:51:01.081+0000] {python.py:237} INFO - Done. Returned value was: None
[2024-07-14T16:51:01.089+0000] {taskinstance.py:441} INFO - ::group::Post task execution logs
[2024-07-14T16:51:01.116+0000] {taskinstance.py:1206} INFO - Marking task as SUCCESS. dag_id=fetch_spread_values, task_id=fetch_and_compute_spread_usd_mxn, run_id=scheduled__2024-07-14T16:37:00+00:00, execution_date=20240714T163700, start_date=20240714T165100, end_date=20240714T165101
[2024-07-14T16:51:01.158+0000] {local_task_job_runner.py:240} INFO - Task exited with return code 0
[2024-07-14T16:51:01.210+0000] {taskinstance.py:3503} INFO - 0 downstream tasks scheduled from follow-on schedule check
[2024-07-14T16:51:01.228+0000] {local_task_job_runner.py:222} INFO - ::endgroup::
[2024-07-14T20:39:07.095+0000] {local_task_job_runner.py:120} INFO - ::group::Pre task execution logs
[2024-07-14T20:39:07.114+0000] {taskinstance.py:2076} INFO - Dependencies all met for dep_context=non-requeueable deps ti=<TaskInstance: fetch_spread_values.fetch_and_compute_spread_usd_mxn scheduled__2024-07-14T16:37:00+00:00 [queued]>
[2024-07-14T20:39:07.120+0000] {taskinstance.py:2076} INFO - Dependencies all met for dep_context=requeueable deps ti=<TaskInstance: fetch_spread_values.fetch_and_compute_spread_usd_mxn scheduled__2024-07-14T16:37:00+00:00 [queued]>
[2024-07-14T20:39:07.124+0000] {taskinstance.py:2306} INFO - Starting attempt 1 of 2
[2024-07-14T20:39:07.141+0000] {taskinstance.py:2330} INFO - Executing <Task(PythonOperator): fetch_and_compute_spread_usd_mxn> on 2024-07-14 16:37:00+00:00
[2024-07-14T20:39:07.147+0000] {standard_task_runner.py:90} INFO - Running: ['***', 'tasks', 'run', 'fetch_spread_values', 'fetch_and_compute_spread_usd_mxn', 'scheduled__2024-07-14T16:37:00+00:00', '--job-id', '2123', '--raw', '--subdir', 'DAGS_FOLDER/***.py', '--cfg-path', '/tmp/tmpmtwkghb5']
[2024-07-14T20:39:07.155+0000] {standard_task_runner.py:91} INFO - Job 2123: Subtask fetch_and_compute_spread_usd_mxn
[2024-07-14T20:39:07.147+0000] {logging_mixin.py:188} WARNING - /home/***/.local/lib/python3.12/site-packages/***/task/task_runner/standard_task_runner.py:61 DeprecationWarning: This process (pid=4490) is multi-threaded, use of fork() may lead to deadlocks in the child.
[2024-07-14T20:39:07.161+0000] {standard_task_runner.py:63} INFO - Started process 4497 to run task
[2024-07-14T20:39:07.205+0000] {task_command.py:426} INFO - Running <TaskInstance: fetch_spread_values.fetch_and_compute_spread_usd_mxn scheduled__2024-07-14T16:37:00+00:00 [running]> on host 77caf7e4b282
[2024-07-14T20:39:07.300+0000] {taskinstance.py:2648} INFO - Exporting env vars: AIRFLOW_CTX_DAG_OWNER='***' AIRFLOW_CTX_DAG_ID='fetch_spread_values' AIRFLOW_CTX_TASK_ID='fetch_and_compute_spread_usd_mxn' AIRFLOW_CTX_EXECUTION_DATE='2024-07-14T16:37:00+00:00' AIRFLOW_CTX_TRY_NUMBER='1' AIRFLOW_CTX_DAG_RUN_ID='scheduled__2024-07-14T16:37:00+00:00'
[2024-07-14T20:39:07.302+0000] {taskinstance.py:430} INFO - ::endgroup::
[2024-07-14T20:39:07.537+0000] {python.py:237} INFO - Done. Returned value was: None
[2024-07-14T20:39:07.541+0000] {taskinstance.py:441} INFO - ::group::Post task execution logs
[2024-07-14T20:39:07.552+0000] {taskinstance.py:1206} INFO - Marking task as SUCCESS. dag_id=fetch_spread_values, task_id=fetch_and_compute_spread_usd_mxn, run_id=scheduled__2024-07-14T16:37:00+00:00, execution_date=20240714T163700, start_date=20240714T203907, end_date=20240714T203907
[2024-07-14T20:39:07.599+0000] {local_task_job_runner.py:240} INFO - Task exited with return code 0
[2024-07-14T20:39:07.638+0000] {taskinstance.py:3503} INFO - 0 downstream tasks scheduled from follow-on schedule check
[2024-07-14T20:39:07.641+0000] {local_task_job_runner.py:222} INFO - ::endgroup::
