[2024-07-14T09:02:47.909+0000] {local_task_job_runner.py:120} INFO - ::group::Pre task execution logs
[2024-07-14T09:02:47.959+0000] {taskinstance.py:2076} INFO - Dependencies all met for dep_context=non-requeueable deps ti=<TaskInstance: fetch_spread_values.fetch_and_compute_spread_btc_mxn scheduled__2024-07-14T06:34:00+00:00 [queued]>
[2024-07-14T09:02:48.006+0000] {taskinstance.py:2076} INFO - Dependencies all met for dep_context=requeueable deps ti=<TaskInstance: fetch_spread_values.fetch_and_compute_spread_btc_mxn scheduled__2024-07-14T06:34:00+00:00 [queued]>
[2024-07-14T09:02:48.017+0000] {taskinstance.py:2306} INFO - Starting attempt 1 of 2
[2024-07-14T09:02:48.081+0000] {taskinstance.py:2330} INFO - Executing <Task(PythonOperator): fetch_and_compute_spread_btc_mxn> on 2024-07-14 06:34:00+00:00
[2024-07-14T09:02:48.117+0000] {standard_task_runner.py:90} INFO - Running: ['***', 'tasks', 'run', 'fetch_spread_values', 'fetch_and_compute_spread_btc_mxn', 'scheduled__2024-07-14T06:34:00+00:00', '--job-id', '817', '--raw', '--subdir', 'DAGS_FOLDER/***.py', '--cfg-path', '/tmp/tmp0cysaymj']
[2024-07-14T09:02:48.128+0000] {standard_task_runner.py:91} INFO - Job 817: Subtask fetch_and_compute_spread_btc_mxn
[2024-07-14T09:02:48.118+0000] {warnings.py:112} WARNING - /home/***/.local/lib/python3.12/site-packages/***/task/task_runner/standard_task_runner.py:61: DeprecationWarning: This process (pid=2559) is multi-threaded, use of fork() may lead to deadlocks in the child.
  pid = os.fork()

[2024-07-14T09:02:48.147+0000] {standard_task_runner.py:63} INFO - Started process 2580 to run task
[2024-07-14T09:02:48.305+0000] {task_command.py:426} INFO - Running <TaskInstance: fetch_spread_values.fetch_and_compute_spread_btc_mxn scheduled__2024-07-14T06:34:00+00:00 [running]> on host d537c34a4880
[2024-07-14T09:02:48.564+0000] {taskinstance.py:2648} INFO - Exporting env vars: AIRFLOW_CTX_DAG_OWNER='***' AIRFLOW_CTX_DAG_ID='fetch_spread_values' AIRFLOW_CTX_TASK_ID='fetch_and_compute_spread_btc_mxn' AIRFLOW_CTX_EXECUTION_DATE='2024-07-14T06:34:00+00:00' AIRFLOW_CTX_TRY_NUMBER='1' AIRFLOW_CTX_DAG_RUN_ID='scheduled__2024-07-14T06:34:00+00:00'
[2024-07-14T09:02:48.570+0000] {taskinstance.py:430} INFO - ::endgroup::
[2024-07-14T09:02:48.925+0000] {python.py:237} INFO - Done. Returned value was: None
[2024-07-14T09:02:48.930+0000] {taskinstance.py:441} INFO - ::group::Post task execution logs
[2024-07-14T09:02:49.015+0000] {taskinstance.py:1206} INFO - Marking task as SUCCESS. dag_id=fetch_spread_values, task_id=fetch_and_compute_spread_btc_mxn, run_id=scheduled__2024-07-14T06:34:00+00:00, execution_date=20240714T063400, start_date=20240714T090247, end_date=20240714T090249
[2024-07-14T09:02:49.131+0000] {local_task_job_runner.py:240} INFO - Task exited with return code 0
[2024-07-14T09:02:49.198+0000] {taskinstance.py:3503} INFO - 0 downstream tasks scheduled from follow-on schedule check
[2024-07-14T09:02:49.222+0000] {local_task_job_runner.py:222} INFO - ::endgroup::
[2024-07-14T20:34:59.804+0000] {local_task_job_runner.py:120} INFO - ::group::Pre task execution logs
[2024-07-14T20:34:59.845+0000] {taskinstance.py:2076} INFO - Dependencies all met for dep_context=non-requeueable deps ti=<TaskInstance: fetch_spread_values.fetch_and_compute_spread_btc_mxn scheduled__2024-07-14T06:34:00+00:00 [queued]>
[2024-07-14T20:34:59.853+0000] {taskinstance.py:2076} INFO - Dependencies all met for dep_context=requeueable deps ti=<TaskInstance: fetch_spread_values.fetch_and_compute_spread_btc_mxn scheduled__2024-07-14T06:34:00+00:00 [queued]>
[2024-07-14T20:34:59.854+0000] {taskinstance.py:2306} INFO - Starting attempt 1 of 2
[2024-07-14T20:34:59.879+0000] {taskinstance.py:2330} INFO - Executing <Task(PythonOperator): fetch_and_compute_spread_btc_mxn> on 2024-07-14 06:34:00+00:00
[2024-07-14T20:34:59.883+0000] {logging_mixin.py:188} WARNING - /home/***/.local/lib/python3.12/site-packages/***/task/task_runner/standard_task_runner.py:61 DeprecationWarning: This process (pid=1893) is multi-threaded, use of fork() may lead to deadlocks in the child.
[2024-07-14T20:34:59.886+0000] {standard_task_runner.py:90} INFO - Running: ['***', 'tasks', 'run', 'fetch_spread_values', 'fetch_and_compute_spread_btc_mxn', 'scheduled__2024-07-14T06:34:00+00:00', '--job-id', '846', '--raw', '--subdir', 'DAGS_FOLDER/***.py', '--cfg-path', '/tmp/tmpvy8z20d8']
[2024-07-14T20:34:59.889+0000] {standard_task_runner.py:91} INFO - Job 846: Subtask fetch_and_compute_spread_btc_mxn
[2024-07-14T20:34:59.887+0000] {standard_task_runner.py:63} INFO - Started process 1903 to run task
[2024-07-14T20:34:59.929+0000] {task_command.py:426} INFO - Running <TaskInstance: fetch_spread_values.fetch_and_compute_spread_btc_mxn scheduled__2024-07-14T06:34:00+00:00 [running]> on host 77caf7e4b282
[2024-07-14T20:35:00.006+0000] {taskinstance.py:2648} INFO - Exporting env vars: AIRFLOW_CTX_DAG_OWNER='***' AIRFLOW_CTX_DAG_ID='fetch_spread_values' AIRFLOW_CTX_TASK_ID='fetch_and_compute_spread_btc_mxn' AIRFLOW_CTX_EXECUTION_DATE='2024-07-14T06:34:00+00:00' AIRFLOW_CTX_TRY_NUMBER='1' AIRFLOW_CTX_DAG_RUN_ID='scheduled__2024-07-14T06:34:00+00:00'
[2024-07-14T20:35:00.009+0000] {taskinstance.py:430} INFO - ::endgroup::
[2024-07-14T20:35:00.258+0000] {python.py:237} INFO - Done. Returned value was: None
[2024-07-14T20:35:00.259+0000] {taskinstance.py:441} INFO - ::group::Post task execution logs
[2024-07-14T20:35:00.264+0000] {taskinstance.py:1206} INFO - Marking task as SUCCESS. dag_id=fetch_spread_values, task_id=fetch_and_compute_spread_btc_mxn, run_id=scheduled__2024-07-14T06:34:00+00:00, execution_date=20240714T063400, start_date=20240714T203459, end_date=20240714T203500
[2024-07-14T20:35:00.280+0000] {local_task_job_runner.py:240} INFO - Task exited with return code 0
[2024-07-14T20:35:00.289+0000] {taskinstance.py:3503} INFO - 0 downstream tasks scheduled from follow-on schedule check
[2024-07-14T20:35:00.290+0000] {local_task_job_runner.py:222} INFO - ::endgroup::
