[2024-07-14T09:11:01.462+0000] {local_task_job_runner.py:120} INFO - ::group::Pre task execution logs
[2024-07-14T09:11:01.474+0000] {taskinstance.py:2076} INFO - Dependencies all met for dep_context=non-requeueable deps ti=<TaskInstance: fetch_spread_values.fetch_and_compute_spread_btc_mxn scheduled__2024-07-14T09:10:00+00:00 [queued]>
[2024-07-14T09:11:01.477+0000] {taskinstance.py:2076} INFO - Dependencies all met for dep_context=requeueable deps ti=<TaskInstance: fetch_spread_values.fetch_and_compute_spread_btc_mxn scheduled__2024-07-14T09:10:00+00:00 [queued]>
[2024-07-14T09:11:01.477+0000] {taskinstance.py:2306} INFO - Starting attempt 1 of 2
[2024-07-14T09:11:01.484+0000] {taskinstance.py:2330} INFO - Executing <Task(PythonOperator): fetch_and_compute_spread_btc_mxn> on 2024-07-14 09:10:00+00:00
[2024-07-14T09:11:01.488+0000] {warnings.py:112} WARNING - /home/***/.local/lib/python3.12/site-packages/***/task/task_runner/standard_task_runner.py:61: DeprecationWarning: This process (pid=3767) is multi-threaded, use of fork() may lead to deadlocks in the child.
  pid = os.fork()

[2024-07-14T09:11:01.490+0000] {standard_task_runner.py:63} INFO - Started process 3770 to run task
[2024-07-14T09:11:01.490+0000] {standard_task_runner.py:90} INFO - Running: ['***', 'tasks', 'run', 'fetch_spread_values', 'fetch_and_compute_spread_btc_mxn', 'scheduled__2024-07-14T09:10:00+00:00', '--job-id', '1185', '--raw', '--subdir', 'DAGS_FOLDER/***.py', '--cfg-path', '/tmp/tmpm96nleu2']
[2024-07-14T09:11:01.493+0000] {standard_task_runner.py:91} INFO - Job 1185: Subtask fetch_and_compute_spread_btc_mxn
[2024-07-14T09:11:01.534+0000] {task_command.py:426} INFO - Running <TaskInstance: fetch_spread_values.fetch_and_compute_spread_btc_mxn scheduled__2024-07-14T09:10:00+00:00 [running]> on host d537c34a4880
[2024-07-14T09:11:01.586+0000] {taskinstance.py:2648} INFO - Exporting env vars: AIRFLOW_CTX_DAG_OWNER='***' AIRFLOW_CTX_DAG_ID='fetch_spread_values' AIRFLOW_CTX_TASK_ID='fetch_and_compute_spread_btc_mxn' AIRFLOW_CTX_EXECUTION_DATE='2024-07-14T09:10:00+00:00' AIRFLOW_CTX_TRY_NUMBER='1' AIRFLOW_CTX_DAG_RUN_ID='scheduled__2024-07-14T09:10:00+00:00'
[2024-07-14T09:11:01.588+0000] {taskinstance.py:430} INFO - ::endgroup::
[2024-07-14T09:11:01.995+0000] {python.py:237} INFO - Done. Returned value was: None
[2024-07-14T09:11:01.997+0000] {taskinstance.py:441} INFO - ::group::Post task execution logs
[2024-07-14T09:11:02.010+0000] {taskinstance.py:1206} INFO - Marking task as SUCCESS. dag_id=fetch_spread_values, task_id=fetch_and_compute_spread_btc_mxn, run_id=scheduled__2024-07-14T09:10:00+00:00, execution_date=20240714T091000, start_date=20240714T091101, end_date=20240714T091102
[2024-07-14T09:11:02.059+0000] {local_task_job_runner.py:240} INFO - Task exited with return code 0
[2024-07-14T09:11:02.067+0000] {local_task_job_runner.py:222} INFO - ::endgroup::
[2024-07-14T20:36:24.126+0000] {local_task_job_runner.py:120} INFO - ::group::Pre task execution logs
[2024-07-14T20:36:24.151+0000] {taskinstance.py:2076} INFO - Dependencies all met for dep_context=non-requeueable deps ti=<TaskInstance: fetch_spread_values.fetch_and_compute_spread_btc_mxn scheduled__2024-07-14T09:10:00+00:00 [queued]>
[2024-07-14T20:36:24.159+0000] {taskinstance.py:2076} INFO - Dependencies all met for dep_context=requeueable deps ti=<TaskInstance: fetch_spread_values.fetch_and_compute_spread_btc_mxn scheduled__2024-07-14T09:10:00+00:00 [queued]>
[2024-07-14T20:36:24.160+0000] {taskinstance.py:2306} INFO - Starting attempt 1 of 2
[2024-07-14T20:36:24.184+0000] {taskinstance.py:2330} INFO - Executing <Task(PythonOperator): fetch_and_compute_spread_btc_mxn> on 2024-07-14 09:10:00+00:00
[2024-07-14T20:36:24.188+0000] {logging_mixin.py:188} WARNING - /home/***/.local/lib/python3.12/site-packages/***/task/task_runner/standard_task_runner.py:61 DeprecationWarning: This process (pid=2677) is multi-threaded, use of fork() may lead to deadlocks in the child.
[2024-07-14T20:36:24.190+0000] {standard_task_runner.py:63} INFO - Started process 2685 to run task
[2024-07-14T20:36:24.190+0000] {standard_task_runner.py:90} INFO - Running: ['***', 'tasks', 'run', 'fetch_spread_values', 'fetch_and_compute_spread_btc_mxn', 'scheduled__2024-07-14T09:10:00+00:00', '--job-id', '1229', '--raw', '--subdir', 'DAGS_FOLDER/***.py', '--cfg-path', '/tmp/tmp1fskq2l0']
[2024-07-14T20:36:24.200+0000] {standard_task_runner.py:91} INFO - Job 1229: Subtask fetch_and_compute_spread_btc_mxn
[2024-07-14T20:36:24.251+0000] {task_command.py:426} INFO - Running <TaskInstance: fetch_spread_values.fetch_and_compute_spread_btc_mxn scheduled__2024-07-14T09:10:00+00:00 [running]> on host 77caf7e4b282
[2024-07-14T20:36:24.353+0000] {taskinstance.py:2648} INFO - Exporting env vars: AIRFLOW_CTX_DAG_OWNER='***' AIRFLOW_CTX_DAG_ID='fetch_spread_values' AIRFLOW_CTX_TASK_ID='fetch_and_compute_spread_btc_mxn' AIRFLOW_CTX_EXECUTION_DATE='2024-07-14T09:10:00+00:00' AIRFLOW_CTX_TRY_NUMBER='1' AIRFLOW_CTX_DAG_RUN_ID='scheduled__2024-07-14T09:10:00+00:00'
[2024-07-14T20:36:24.361+0000] {taskinstance.py:430} INFO - ::endgroup::
[2024-07-14T20:36:24.588+0000] {python.py:237} INFO - Done. Returned value was: None
[2024-07-14T20:36:24.595+0000] {taskinstance.py:441} INFO - ::group::Post task execution logs
[2024-07-14T20:36:24.608+0000] {taskinstance.py:1206} INFO - Marking task as SUCCESS. dag_id=fetch_spread_values, task_id=fetch_and_compute_spread_btc_mxn, run_id=scheduled__2024-07-14T09:10:00+00:00, execution_date=20240714T091000, start_date=20240714T203624, end_date=20240714T203624
[2024-07-14T20:36:24.673+0000] {local_task_job_runner.py:240} INFO - Task exited with return code 0
[2024-07-14T20:36:24.682+0000] {local_task_job_runner.py:222} INFO - ::endgroup::
