[2024-07-14T09:02:44.039+0000] {local_task_job_runner.py:120} INFO - ::group::Pre task execution logs
[2024-07-14T09:02:44.084+0000] {taskinstance.py:2076} INFO - Dependencies all met for dep_context=non-requeueable deps ti=<TaskInstance: fetch_spread_values.fetch_and_compute_spread_btc_mxn scheduled__2024-07-14T06:33:00+00:00 [queued]>
[2024-07-14T09:02:44.094+0000] {taskinstance.py:2076} INFO - Dependencies all met for dep_context=requeueable deps ti=<TaskInstance: fetch_spread_values.fetch_and_compute_spread_btc_mxn scheduled__2024-07-14T06:33:00+00:00 [queued]>
[2024-07-14T09:02:44.095+0000] {taskinstance.py:2306} INFO - Starting attempt 1 of 2
[2024-07-14T09:02:44.107+0000] {taskinstance.py:2330} INFO - Executing <Task(PythonOperator): fetch_and_compute_spread_btc_mxn> on 2024-07-14 06:33:00+00:00
[2024-07-14T09:02:44.113+0000] {warnings.py:112} WARNING - /home/***/.local/lib/python3.12/site-packages/***/task/task_runner/standard_task_runner.py:61: DeprecationWarning: This process (pid=2538) is multi-threaded, use of fork() may lead to deadlocks in the child.
  pid = os.fork()

[2024-07-14T09:02:44.117+0000] {standard_task_runner.py:63} INFO - Started process 2556 to run task
[2024-07-14T09:02:44.115+0000] {standard_task_runner.py:90} INFO - Running: ['***', 'tasks', 'run', 'fetch_spread_values', 'fetch_and_compute_spread_btc_mxn', 'scheduled__2024-07-14T06:33:00+00:00', '--job-id', '814', '--raw', '--subdir', 'DAGS_FOLDER/***.py', '--cfg-path', '/tmp/tmpgelqzs6w']
[2024-07-14T09:02:44.118+0000] {standard_task_runner.py:91} INFO - Job 814: Subtask fetch_and_compute_spread_btc_mxn
[2024-07-14T09:02:44.151+0000] {task_command.py:426} INFO - Running <TaskInstance: fetch_spread_values.fetch_and_compute_spread_btc_mxn scheduled__2024-07-14T06:33:00+00:00 [running]> on host d537c34a4880
[2024-07-14T09:02:44.211+0000] {taskinstance.py:2648} INFO - Exporting env vars: AIRFLOW_CTX_DAG_OWNER='***' AIRFLOW_CTX_DAG_ID='fetch_spread_values' AIRFLOW_CTX_TASK_ID='fetch_and_compute_spread_btc_mxn' AIRFLOW_CTX_EXECUTION_DATE='2024-07-14T06:33:00+00:00' AIRFLOW_CTX_TRY_NUMBER='1' AIRFLOW_CTX_DAG_RUN_ID='scheduled__2024-07-14T06:33:00+00:00'
[2024-07-14T09:02:44.213+0000] {taskinstance.py:430} INFO - ::endgroup::
[2024-07-14T09:02:44.360+0000] {python.py:237} INFO - Done. Returned value was: None
[2024-07-14T09:02:44.362+0000] {taskinstance.py:441} INFO - ::group::Post task execution logs
[2024-07-14T09:02:44.370+0000] {taskinstance.py:1206} INFO - Marking task as SUCCESS. dag_id=fetch_spread_values, task_id=fetch_and_compute_spread_btc_mxn, run_id=scheduled__2024-07-14T06:33:00+00:00, execution_date=20240714T063300, start_date=20240714T090244, end_date=20240714T090244
[2024-07-14T09:02:44.421+0000] {local_task_job_runner.py:240} INFO - Task exited with return code 0
[2024-07-14T09:02:44.428+0000] {local_task_job_runner.py:222} INFO - ::endgroup::
[2024-07-14T20:34:59.598+0000] {local_task_job_runner.py:120} INFO - ::group::Pre task execution logs
[2024-07-14T20:34:59.652+0000] {taskinstance.py:2076} INFO - Dependencies all met for dep_context=non-requeueable deps ti=<TaskInstance: fetch_spread_values.fetch_and_compute_spread_btc_mxn scheduled__2024-07-14T06:33:00+00:00 [queued]>
[2024-07-14T20:34:59.659+0000] {taskinstance.py:2076} INFO - Dependencies all met for dep_context=requeueable deps ti=<TaskInstance: fetch_spread_values.fetch_and_compute_spread_btc_mxn scheduled__2024-07-14T06:33:00+00:00 [queued]>
[2024-07-14T20:34:59.660+0000] {taskinstance.py:2306} INFO - Starting attempt 1 of 2
[2024-07-14T20:34:59.747+0000] {taskinstance.py:2330} INFO - Executing <Task(PythonOperator): fetch_and_compute_spread_btc_mxn> on 2024-07-14 06:33:00+00:00
[2024-07-14T20:34:59.764+0000] {logging_mixin.py:188} WARNING - /home/***/.local/lib/python3.12/site-packages/***/task/task_runner/standard_task_runner.py:61 DeprecationWarning: This process (pid=1887) is multi-threaded, use of fork() may lead to deadlocks in the child.
[2024-07-14T20:34:59.772+0000] {standard_task_runner.py:63} INFO - Started process 1899 to run task
[2024-07-14T20:34:59.755+0000] {standard_task_runner.py:90} INFO - Running: ['***', 'tasks', 'run', 'fetch_spread_values', 'fetch_and_compute_spread_btc_mxn', 'scheduled__2024-07-14T06:33:00+00:00', '--job-id', '844', '--raw', '--subdir', 'DAGS_FOLDER/***.py', '--cfg-path', '/tmp/tmp8misay0i']
[2024-07-14T20:34:59.782+0000] {standard_task_runner.py:91} INFO - Job 844: Subtask fetch_and_compute_spread_btc_mxn
[2024-07-14T20:34:59.864+0000] {task_command.py:426} INFO - Running <TaskInstance: fetch_spread_values.fetch_and_compute_spread_btc_mxn scheduled__2024-07-14T06:33:00+00:00 [running]> on host 77caf7e4b282
[2024-07-14T20:34:59.964+0000] {taskinstance.py:2648} INFO - Exporting env vars: AIRFLOW_CTX_DAG_OWNER='***' AIRFLOW_CTX_DAG_ID='fetch_spread_values' AIRFLOW_CTX_TASK_ID='fetch_and_compute_spread_btc_mxn' AIRFLOW_CTX_EXECUTION_DATE='2024-07-14T06:33:00+00:00' AIRFLOW_CTX_TRY_NUMBER='1' AIRFLOW_CTX_DAG_RUN_ID='scheduled__2024-07-14T06:33:00+00:00'
[2024-07-14T20:34:59.968+0000] {taskinstance.py:430} INFO - ::endgroup::
[2024-07-14T20:35:00.187+0000] {python.py:237} INFO - Done. Returned value was: None
[2024-07-14T20:35:00.188+0000] {taskinstance.py:441} INFO - ::group::Post task execution logs
[2024-07-14T20:35:00.193+0000] {taskinstance.py:1206} INFO - Marking task as SUCCESS. dag_id=fetch_spread_values, task_id=fetch_and_compute_spread_btc_mxn, run_id=scheduled__2024-07-14T06:33:00+00:00, execution_date=20240714T063300, start_date=20240714T203459, end_date=20240714T203500
[2024-07-14T20:35:00.204+0000] {local_task_job_runner.py:240} INFO - Task exited with return code 0
[2024-07-14T20:35:00.213+0000] {taskinstance.py:3503} INFO - 0 downstream tasks scheduled from follow-on schedule check
[2024-07-14T20:35:00.214+0000] {local_task_job_runner.py:222} INFO - ::endgroup::
