[2024-07-14T15:07:28.506+0000] {local_task_job_runner.py:120} INFO - ::group::Pre task execution logs
[2024-07-14T15:07:28.623+0000] {taskinstance.py:2076} INFO - Dependencies all met for dep_context=non-requeueable deps ti=<TaskInstance: save_spread_values.save_and_flush_task scheduled__2024-07-14T14:40:00+00:00 [queued]>
[2024-07-14T15:07:28.655+0000] {taskinstance.py:2076} INFO - Dependencies all met for dep_context=requeueable deps ti=<TaskInstance: save_spread_values.save_and_flush_task scheduled__2024-07-14T14:40:00+00:00 [queued]>
[2024-07-14T15:07:28.661+0000] {taskinstance.py:2306} INFO - Starting attempt 1 of 2
[2024-07-14T15:07:28.737+0000] {taskinstance.py:2330} INFO - Executing <Task(PythonOperator): save_and_flush_task> on 2024-07-14 14:40:00+00:00
[2024-07-14T15:07:28.790+0000] {warnings.py:112} WARNING - /home/***/.local/lib/python3.12/site-packages/***/task/task_runner/standard_task_runner.py:61: DeprecationWarning: This process (pid=6335) is multi-threaded, use of fork() may lead to deadlocks in the child.
  pid = os.fork()

[2024-07-14T15:07:28.825+0000] {standard_task_runner.py:63} INFO - Started process 6363 to run task
[2024-07-14T15:07:28.793+0000] {standard_task_runner.py:90} INFO - Running: ['***', 'tasks', 'run', 'save_spread_values', 'save_and_flush_task', 'scheduled__2024-07-14T14:40:00+00:00', '--job-id', '1906', '--raw', '--subdir', 'DAGS_FOLDER/***.py', '--cfg-path', '/tmp/tmplztvkaym']
[2024-07-14T15:07:28.842+0000] {standard_task_runner.py:91} INFO - Job 1906: Subtask save_and_flush_task
[2024-07-14T15:07:28.964+0000] {task_command.py:426} INFO - Running <TaskInstance: save_spread_values.save_and_flush_task scheduled__2024-07-14T14:40:00+00:00 [running]> on host d537c34a4880
[2024-07-14T15:07:29.250+0000] {taskinstance.py:2648} INFO - Exporting env vars: AIRFLOW_CTX_DAG_OWNER='***' AIRFLOW_CTX_DAG_ID='save_spread_values' AIRFLOW_CTX_TASK_ID='save_and_flush_task' AIRFLOW_CTX_EXECUTION_DATE='2024-07-14T14:40:00+00:00' AIRFLOW_CTX_TRY_NUMBER='1' AIRFLOW_CTX_DAG_RUN_ID='scheduled__2024-07-14T14:40:00+00:00'
[2024-07-14T15:07:29.283+0000] {taskinstance.py:430} INFO - ::endgroup::
[2024-07-14T15:07:29.285+0000] {python.py:237} INFO - Done. Returned value was: None
[2024-07-14T15:07:29.286+0000] {taskinstance.py:441} INFO - ::group::Post task execution logs
[2024-07-14T15:07:29.299+0000] {taskinstance.py:1206} INFO - Marking task as SUCCESS. dag_id=save_spread_values, task_id=save_and_flush_task, run_id=scheduled__2024-07-14T14:40:00+00:00, execution_date=20240714T144000, start_date=20240714T150728, end_date=20240714T150729
[2024-07-14T15:07:29.380+0000] {local_task_job_runner.py:240} INFO - Task exited with return code 0
[2024-07-14T15:07:29.448+0000] {taskinstance.py:3503} INFO - 0 downstream tasks scheduled from follow-on schedule check
[2024-07-14T15:07:29.458+0000] {local_task_job_runner.py:222} INFO - ::endgroup::
[2024-07-14T20:35:16.637+0000] {local_task_job_runner.py:120} INFO - ::group::Pre task execution logs
[2024-07-14T20:35:16.671+0000] {taskinstance.py:2076} INFO - Dependencies all met for dep_context=non-requeueable deps ti=<TaskInstance: save_spread_values.save_and_flush_task scheduled__2024-07-14T14:40:00+00:00 [queued]>
[2024-07-14T20:35:16.688+0000] {taskinstance.py:2076} INFO - Dependencies all met for dep_context=requeueable deps ti=<TaskInstance: save_spread_values.save_and_flush_task scheduled__2024-07-14T14:40:00+00:00 [queued]>
[2024-07-14T20:35:16.689+0000] {taskinstance.py:2306} INFO - Starting attempt 1 of 2
[2024-07-14T20:35:16.759+0000] {taskinstance.py:2330} INFO - Executing <Task(PythonOperator): save_and_flush_task> on 2024-07-14 14:40:00+00:00
[2024-07-14T20:35:16.766+0000] {logging_mixin.py:188} WARNING - /home/***/.local/lib/python3.12/site-packages/***/task/task_runner/standard_task_runner.py:61 DeprecationWarning: This process (pid=2142) is multi-threaded, use of fork() may lead to deadlocks in the child.
[2024-07-14T20:35:16.766+0000] {standard_task_runner.py:90} INFO - Running: ['***', 'tasks', 'run', 'save_spread_values', 'save_and_flush_task', 'scheduled__2024-07-14T14:40:00+00:00', '--job-id', '971', '--raw', '--subdir', 'DAGS_FOLDER/***.py', '--cfg-path', '/tmp/tmp10sngej1']
[2024-07-14T20:35:16.778+0000] {standard_task_runner.py:91} INFO - Job 971: Subtask save_and_flush_task
[2024-07-14T20:35:16.773+0000] {standard_task_runner.py:63} INFO - Started process 2156 to run task
[2024-07-14T20:35:16.868+0000] {task_command.py:426} INFO - Running <TaskInstance: save_spread_values.save_and_flush_task scheduled__2024-07-14T14:40:00+00:00 [running]> on host 77caf7e4b282
[2024-07-14T20:35:16.949+0000] {taskinstance.py:2648} INFO - Exporting env vars: AIRFLOW_CTX_DAG_OWNER='***' AIRFLOW_CTX_DAG_ID='save_spread_values' AIRFLOW_CTX_TASK_ID='save_and_flush_task' AIRFLOW_CTX_EXECUTION_DATE='2024-07-14T14:40:00+00:00' AIRFLOW_CTX_TRY_NUMBER='1' AIRFLOW_CTX_DAG_RUN_ID='scheduled__2024-07-14T14:40:00+00:00'
[2024-07-14T20:35:16.961+0000] {taskinstance.py:430} INFO - ::endgroup::
[2024-07-14T20:35:16.971+0000] {python.py:237} INFO - Done. Returned value was: None
[2024-07-14T20:35:16.987+0000] {taskinstance.py:441} INFO - ::group::Post task execution logs
[2024-07-14T20:35:17.078+0000] {taskinstance.py:1206} INFO - Marking task as SUCCESS. dag_id=save_spread_values, task_id=save_and_flush_task, run_id=scheduled__2024-07-14T14:40:00+00:00, execution_date=20240714T144000, start_date=20240714T203516, end_date=20240714T203517
[2024-07-14T20:35:17.151+0000] {local_task_job_runner.py:240} INFO - Task exited with return code 0
[2024-07-14T20:35:17.186+0000] {local_task_job_runner.py:222} INFO - ::endgroup::
[2024-07-15T06:35:44.563+0000] {local_task_job_runner.py:120} INFO - ::group::Pre task execution logs
[2024-07-15T06:35:44.595+0000] {taskinstance.py:2076} INFO - Dependencies all met for dep_context=non-requeueable deps ti=<TaskInstance: save_spread_values.save_and_flush_task scheduled__2024-07-14T14:40:00+00:00 [queued]>
[2024-07-15T06:35:44.603+0000] {taskinstance.py:2076} INFO - Dependencies all met for dep_context=requeueable deps ti=<TaskInstance: save_spread_values.save_and_flush_task scheduled__2024-07-14T14:40:00+00:00 [queued]>
[2024-07-15T06:35:44.604+0000] {taskinstance.py:2306} INFO - Starting attempt 1 of 2
[2024-07-15T06:35:44.626+0000] {taskinstance.py:2330} INFO - Executing <Task(PythonOperator): save_and_flush_task> on 2024-07-14 14:40:00+00:00
[2024-07-15T06:35:44.636+0000] {standard_task_runner.py:90} INFO - Running: ['***', 'tasks', 'run', 'save_spread_values', 'save_and_flush_task', 'scheduled__2024-07-14T14:40:00+00:00', '--job-id', '515', '--raw', '--subdir', 'DAGS_FOLDER/et_dag.py', '--cfg-path', '/tmp/tmpew1uih1n']
[2024-07-15T06:35:44.642+0000] {standard_task_runner.py:91} INFO - Job 515: Subtask save_and_flush_task
[2024-07-15T06:35:44.638+0000] {logging_mixin.py:188} WARNING - /home/***/.local/lib/python3.12/site-packages/***/task/task_runner/standard_task_runner.py:61 DeprecationWarning: This process (pid=3627) is multi-threaded, use of fork() may lead to deadlocks in the child.
[2024-07-15T06:35:44.645+0000] {standard_task_runner.py:63} INFO - Started process 3638 to run task
[2024-07-15T06:35:44.718+0000] {task_command.py:426} INFO - Running <TaskInstance: save_spread_values.save_and_flush_task scheduled__2024-07-14T14:40:00+00:00 [running]> on host 52e7a9c3d832
[2024-07-15T06:35:44.791+0000] {taskinstance.py:2648} INFO - Exporting env vars: AIRFLOW_CTX_DAG_OWNER='***' AIRFLOW_CTX_DAG_ID='save_spread_values' AIRFLOW_CTX_TASK_ID='save_and_flush_task' AIRFLOW_CTX_EXECUTION_DATE='2024-07-14T14:40:00+00:00' AIRFLOW_CTX_TRY_NUMBER='1' AIRFLOW_CTX_DAG_RUN_ID='scheduled__2024-07-14T14:40:00+00:00'
[2024-07-15T06:35:44.793+0000] {taskinstance.py:430} INFO - ::endgroup::
[2024-07-15T06:35:44.804+0000] {taskinstance.py:441} INFO - ::group::Post task execution logs
[2024-07-15T06:35:44.805+0000] {taskinstance.py:2905} ERROR - Task failed with exception
Traceback (most recent call last):
  File "/home/airflow/.local/lib/python3.12/site-packages/airflow/models/taskinstance.py", line 465, in _execute_task
    result = _execute_callable(context=context, **execute_callable_kwargs)
             ^^^^^^^^^^^^^^^^^^^^^^^^^^^^^^^^^^^^^^^^^^^^^^^^^^^^^^^^^^^^^
  File "/home/airflow/.local/lib/python3.12/site-packages/airflow/models/taskinstance.py", line 432, in _execute_callable
    return execute_callable(context=context, **execute_callable_kwargs)
           ^^^^^^^^^^^^^^^^^^^^^^^^^^^^^^^^^^^^^^^^^^^^^^^^^^^^^^^^^^^^
  File "/home/airflow/.local/lib/python3.12/site-packages/airflow/models/baseoperator.py", line 401, in wrapper
    return func(self, *args, **kwargs)
           ^^^^^^^^^^^^^^^^^^^^^^^^^^^
  File "/home/airflow/.local/lib/python3.12/site-packages/airflow/operators/python.py", line 235, in execute
    return_value = self.execute_callable()
                   ^^^^^^^^^^^^^^^^^^^^^^^
  File "/home/airflow/.local/lib/python3.12/site-packages/airflow/operators/python.py", line 252, in execute_callable
    return self.python_callable(*self.op_args, **self.op_kwargs)
           ^^^^^^^^^^^^^^^^^^^^^^^^^^^^^^^^^^^^^^^^^^^^^^^^^^^^^
  File "/opt/airflow/dags/et_dag.py", line 38, in trigger_save_and_flush
    logging('Invoking method to save data from records')
TypeError: 'module' object is not callable
[2024-07-15T06:35:44.823+0000] {taskinstance.py:1206} INFO - Marking task as UP_FOR_RETRY. dag_id=save_spread_values, task_id=save_and_flush_task, run_id=scheduled__2024-07-14T14:40:00+00:00, execution_date=20240714T144000, start_date=20240715T063544, end_date=20240715T063544
[2024-07-15T06:35:44.839+0000] {standard_task_runner.py:110} ERROR - Failed to execute job 515 for task save_and_flush_task ('module' object is not callable; 3638)
[2024-07-15T06:35:44.875+0000] {local_task_job_runner.py:240} INFO - Task exited with return code 1
[2024-07-15T06:35:44.896+0000] {taskinstance.py:3503} INFO - 0 downstream tasks scheduled from follow-on schedule check
[2024-07-15T06:35:44.904+0000] {local_task_job_runner.py:222} INFO - ::endgroup::
