[2024-07-14T22:43:00.752+0000] {local_task_job_runner.py:120} INFO - ::group::Pre task execution logs
[2024-07-14T22:43:00.770+0000] {taskinstance.py:2076} INFO - Dependencies all met for dep_context=non-requeueable deps ti=<TaskInstance: fetch_spread_values.fetch_and_compute_spread_usd_mxn scheduled__2024-07-14T22:42:00+00:00 [queued]>
[2024-07-14T22:43:00.774+0000] {taskinstance.py:2076} INFO - Dependencies all met for dep_context=requeueable deps ti=<TaskInstance: fetch_spread_values.fetch_and_compute_spread_usd_mxn scheduled__2024-07-14T22:42:00+00:00 [queued]>
[2024-07-14T22:43:00.775+0000] {taskinstance.py:2306} INFO - Starting attempt 1 of 2
[2024-07-14T22:43:00.780+0000] {taskinstance.py:2330} INFO - Executing <Task(PythonOperator): fetch_and_compute_spread_usd_mxn> on 2024-07-14 22:42:00+00:00
[2024-07-14T22:43:00.784+0000] {logging_mixin.py:188} WARNING - /home/***/.local/lib/python3.12/site-packages/***/task/task_runner/standard_task_runner.py:61 DeprecationWarning: This process (pid=8355) is multi-threaded, use of fork() may lead to deadlocks in the child.
[2024-07-14T22:43:00.785+0000] {standard_task_runner.py:63} INFO - Started process 8357 to run task
[2024-07-14T22:43:00.784+0000] {standard_task_runner.py:90} INFO - Running: ['***', 'tasks', 'run', 'fetch_spread_values', 'fetch_and_compute_spread_usd_mxn', 'scheduled__2024-07-14T22:42:00+00:00', '--job-id', '2885', '--raw', '--subdir', 'DAGS_FOLDER/et_dag.py', '--cfg-path', '/tmp/tmpgo0ic2o_']
[2024-07-14T22:43:00.786+0000] {standard_task_runner.py:91} INFO - Job 2885: Subtask fetch_and_compute_spread_usd_mxn
[2024-07-14T22:43:00.812+0000] {task_command.py:426} INFO - Running <TaskInstance: fetch_spread_values.fetch_and_compute_spread_usd_mxn scheduled__2024-07-14T22:42:00+00:00 [running]> on host 77caf7e4b282
[2024-07-14T22:43:00.858+0000] {taskinstance.py:2648} INFO - Exporting env vars: AIRFLOW_CTX_DAG_OWNER='***' AIRFLOW_CTX_DAG_ID='fetch_spread_values' AIRFLOW_CTX_TASK_ID='fetch_and_compute_spread_usd_mxn' AIRFLOW_CTX_EXECUTION_DATE='2024-07-14T22:42:00+00:00' AIRFLOW_CTX_TRY_NUMBER='1' AIRFLOW_CTX_DAG_RUN_ID='scheduled__2024-07-14T22:42:00+00:00'
[2024-07-14T22:43:00.859+0000] {taskinstance.py:430} INFO - ::endgroup::
[2024-07-14T22:43:01.097+0000] {et_dag.py:21} INFO - Data fetched for book usd_mxn
[2024-07-14T22:43:01.099+0000] {et_dag.py:22} INFO - {'success': True, 'payload': {'high': '18.34', 'last': '18.34', 'created_at': '2024-07-14T22:43:00+00:00', 'book': 'usd_mxn', 'volume': '0', 'vwap': '0', 'low': '18.34', 'ask': '17.61', 'bid': '17.60', 'change_24': '0.00', 'rolling_average_change': {}}}
[2024-07-14T22:43:01.099+0000] {et_dag.py:25} INFO - Spread computed
[2024-07-14T22:43:01.100+0000] {et_dag.py:26} INFO - {'orderbook_timestamp': '2024-07-14T22:43:00+00:00', 'book': 'usd_mxn', 'bid': 17.6, 'ask': 17.61, 'spread': 0.05678591709254975}
[2024-07-14T22:43:01.100+0000] {et_dag.py:28} INFO - Amount of rows to be saved: 1
[2024-07-14T22:43:01.101+0000] {et_dag.py:29} INFO - [{'orderbook_timestamp': '2024-07-14T22:43:00+00:00', 'book': 'usd_mxn', 'bid': 17.6, 'ask': 17.61, 'spread': 0.05678591709254975}]
[2024-07-14T22:43:01.101+0000] {python.py:237} INFO - Done. Returned value was: None
[2024-07-14T22:43:01.102+0000] {taskinstance.py:441} INFO - ::group::Post task execution logs
[2024-07-14T22:43:01.114+0000] {taskinstance.py:1206} INFO - Marking task as SUCCESS. dag_id=fetch_spread_values, task_id=fetch_and_compute_spread_usd_mxn, run_id=scheduled__2024-07-14T22:42:00+00:00, execution_date=20240714T224200, start_date=20240714T224300, end_date=20240714T224301
[2024-07-14T22:43:01.142+0000] {local_task_job_runner.py:240} INFO - Task exited with return code 0
[2024-07-14T22:43:01.152+0000] {taskinstance.py:3503} INFO - 0 downstream tasks scheduled from follow-on schedule check
[2024-07-14T22:43:01.153+0000] {local_task_job_runner.py:222} INFO - ::endgroup::
