[2024-07-14T09:51:02.595+0000] {local_task_job_runner.py:120} INFO - ::group::Pre task execution logs
[2024-07-14T09:51:02.624+0000] {taskinstance.py:2076} INFO - Dependencies all met for dep_context=non-requeueable deps ti=<TaskInstance: fetch_spread_values.fetch_and_compute_spread_btc_mxn scheduled__2024-07-14T09:40:00+00:00 [queued]>
[2024-07-14T09:51:02.635+0000] {taskinstance.py:2076} INFO - Dependencies all met for dep_context=requeueable deps ti=<TaskInstance: fetch_spread_values.fetch_and_compute_spread_btc_mxn scheduled__2024-07-14T09:40:00+00:00 [queued]>
[2024-07-14T09:51:02.636+0000] {taskinstance.py:2306} INFO - Starting attempt 1 of 2
[2024-07-14T09:51:02.651+0000] {taskinstance.py:2330} INFO - Executing <Task(PythonOperator): fetch_and_compute_spread_btc_mxn> on 2024-07-14 09:40:00+00:00
[2024-07-14T09:51:02.660+0000] {warnings.py:112} WARNING - /home/***/.local/lib/python3.12/site-packages/***/task/task_runner/standard_task_runner.py:61: DeprecationWarning: This process (pid=4195) is multi-threaded, use of fork() may lead to deadlocks in the child.
  pid = os.fork()

[2024-07-14T09:51:02.665+0000] {standard_task_runner.py:63} INFO - Started process 4218 to run task
[2024-07-14T09:51:02.664+0000] {standard_task_runner.py:90} INFO - Running: ['***', 'tasks', 'run', 'fetch_spread_values', 'fetch_and_compute_spread_btc_mxn', 'scheduled__2024-07-14T09:40:00+00:00', '--job-id', '1249', '--raw', '--subdir', 'DAGS_FOLDER/***.py', '--cfg-path', '/tmp/tmp8ejoezqx']
[2024-07-14T09:51:02.668+0000] {standard_task_runner.py:91} INFO - Job 1249: Subtask fetch_and_compute_spread_btc_mxn
[2024-07-14T09:51:02.744+0000] {task_command.py:426} INFO - Running <TaskInstance: fetch_spread_values.fetch_and_compute_spread_btc_mxn scheduled__2024-07-14T09:40:00+00:00 [running]> on host d537c34a4880
[2024-07-14T09:51:02.810+0000] {taskinstance.py:2648} INFO - Exporting env vars: AIRFLOW_CTX_DAG_OWNER='***' AIRFLOW_CTX_DAG_ID='fetch_spread_values' AIRFLOW_CTX_TASK_ID='fetch_and_compute_spread_btc_mxn' AIRFLOW_CTX_EXECUTION_DATE='2024-07-14T09:40:00+00:00' AIRFLOW_CTX_TRY_NUMBER='1' AIRFLOW_CTX_DAG_RUN_ID='scheduled__2024-07-14T09:40:00+00:00'
[2024-07-14T09:51:02.811+0000] {taskinstance.py:430} INFO - ::endgroup::
[2024-07-14T09:51:03.098+0000] {python.py:237} INFO - Done. Returned value was: None
[2024-07-14T09:51:03.099+0000] {taskinstance.py:441} INFO - ::group::Post task execution logs
[2024-07-14T09:51:03.105+0000] {taskinstance.py:1206} INFO - Marking task as SUCCESS. dag_id=fetch_spread_values, task_id=fetch_and_compute_spread_btc_mxn, run_id=scheduled__2024-07-14T09:40:00+00:00, execution_date=20240714T094000, start_date=20240714T095102, end_date=20240714T095103
[2024-07-14T09:51:03.139+0000] {local_task_job_runner.py:240} INFO - Task exited with return code 0
[2024-07-14T09:51:03.150+0000] {taskinstance.py:3503} INFO - 0 downstream tasks scheduled from follow-on schedule check
[2024-07-14T09:51:03.151+0000] {local_task_job_runner.py:222} INFO - ::endgroup::
[2024-07-14T20:36:33.694+0000] {local_task_job_runner.py:120} INFO - ::group::Pre task execution logs
[2024-07-14T20:36:33.728+0000] {taskinstance.py:2076} INFO - Dependencies all met for dep_context=non-requeueable deps ti=<TaskInstance: fetch_spread_values.fetch_and_compute_spread_btc_mxn scheduled__2024-07-14T09:40:00+00:00 [queued]>
[2024-07-14T20:36:33.735+0000] {taskinstance.py:2076} INFO - Dependencies all met for dep_context=requeueable deps ti=<TaskInstance: fetch_spread_values.fetch_and_compute_spread_btc_mxn scheduled__2024-07-14T09:40:00+00:00 [queued]>
[2024-07-14T20:36:33.741+0000] {taskinstance.py:2306} INFO - Starting attempt 1 of 2
[2024-07-14T20:36:33.754+0000] {taskinstance.py:2330} INFO - Executing <Task(PythonOperator): fetch_and_compute_spread_btc_mxn> on 2024-07-14 09:40:00+00:00
[2024-07-14T20:36:33.768+0000] {logging_mixin.py:188} WARNING - /home/***/.local/lib/python3.12/site-packages/***/task/task_runner/standard_task_runner.py:61 DeprecationWarning: This process (pid=2794) is multi-threaded, use of fork() may lead to deadlocks in the child.
[2024-07-14T20:36:33.765+0000] {standard_task_runner.py:90} INFO - Running: ['***', 'tasks', 'run', 'fetch_spread_values', 'fetch_and_compute_spread_btc_mxn', 'scheduled__2024-07-14T09:40:00+00:00', '--job-id', '1289', '--raw', '--subdir', 'DAGS_FOLDER/***.py', '--cfg-path', '/tmp/tmp7yvaogg0']
[2024-07-14T20:36:33.769+0000] {standard_task_runner.py:91} INFO - Job 1289: Subtask fetch_and_compute_spread_btc_mxn
[2024-07-14T20:36:33.769+0000] {standard_task_runner.py:63} INFO - Started process 2807 to run task
[2024-07-14T20:36:33.827+0000] {task_command.py:426} INFO - Running <TaskInstance: fetch_spread_values.fetch_and_compute_spread_btc_mxn scheduled__2024-07-14T09:40:00+00:00 [running]> on host 77caf7e4b282
[2024-07-14T20:36:33.900+0000] {taskinstance.py:2648} INFO - Exporting env vars: AIRFLOW_CTX_DAG_OWNER='***' AIRFLOW_CTX_DAG_ID='fetch_spread_values' AIRFLOW_CTX_TASK_ID='fetch_and_compute_spread_btc_mxn' AIRFLOW_CTX_EXECUTION_DATE='2024-07-14T09:40:00+00:00' AIRFLOW_CTX_TRY_NUMBER='1' AIRFLOW_CTX_DAG_RUN_ID='scheduled__2024-07-14T09:40:00+00:00'
[2024-07-14T20:36:33.904+0000] {taskinstance.py:430} INFO - ::endgroup::
[2024-07-14T20:36:34.104+0000] {python.py:237} INFO - Done. Returned value was: None
[2024-07-14T20:36:34.107+0000] {taskinstance.py:441} INFO - ::group::Post task execution logs
[2024-07-14T20:36:34.115+0000] {taskinstance.py:1206} INFO - Marking task as SUCCESS. dag_id=fetch_spread_values, task_id=fetch_and_compute_spread_btc_mxn, run_id=scheduled__2024-07-14T09:40:00+00:00, execution_date=20240714T094000, start_date=20240714T203633, end_date=20240714T203634
[2024-07-14T20:36:34.168+0000] {local_task_job_runner.py:240} INFO - Task exited with return code 0
[2024-07-14T20:36:34.185+0000] {local_task_job_runner.py:222} INFO - ::endgroup::
