[2024-07-14T16:33:51.583+0000] {local_task_job_runner.py:120} INFO - ::group::Pre task execution logs
[2024-07-14T16:33:51.713+0000] {taskinstance.py:2076} INFO - Dependencies all met for dep_context=non-requeueable deps ti=<TaskInstance: save_spread_values.save_and_flush_task scheduled__2024-07-14T16:10:00+00:00 [queued]>
[2024-07-14T16:33:51.746+0000] {taskinstance.py:2076} INFO - Dependencies all met for dep_context=requeueable deps ti=<TaskInstance: save_spread_values.save_and_flush_task scheduled__2024-07-14T16:10:00+00:00 [queued]>
[2024-07-14T16:33:51.754+0000] {taskinstance.py:2306} INFO - Starting attempt 1 of 2
[2024-07-14T16:33:52.003+0000] {taskinstance.py:2330} INFO - Executing <Task(PythonOperator): save_and_flush_task> on 2024-07-14 16:10:00+00:00
[2024-07-14T16:33:52.056+0000] {standard_task_runner.py:90} INFO - Running: ['***', 'tasks', 'run', 'save_spread_values', 'save_and_flush_task', 'scheduled__2024-07-14T16:10:00+00:00', '--job-id', '2087', '--raw', '--subdir', 'DAGS_FOLDER/***.py', '--cfg-path', '/tmp/tmp5yumfxr_']
[2024-07-14T16:33:52.071+0000] {standard_task_runner.py:91} INFO - Job 2087: Subtask save_and_flush_task
[2024-07-14T16:33:52.063+0000] {warnings.py:112} WARNING - /home/***/.local/lib/python3.12/site-packages/***/task/task_runner/standard_task_runner.py:61: DeprecationWarning: This process (pid=6946) is multi-threaded, use of fork() may lead to deadlocks in the child.
  pid = os.fork()

[2024-07-14T16:33:52.093+0000] {standard_task_runner.py:63} INFO - Started process 6967 to run task
[2024-07-14T16:33:52.236+0000] {task_command.py:426} INFO - Running <TaskInstance: save_spread_values.save_and_flush_task scheduled__2024-07-14T16:10:00+00:00 [running]> on host d537c34a4880
[2024-07-14T16:33:52.537+0000] {taskinstance.py:2648} INFO - Exporting env vars: AIRFLOW_CTX_DAG_OWNER='***' AIRFLOW_CTX_DAG_ID='save_spread_values' AIRFLOW_CTX_TASK_ID='save_and_flush_task' AIRFLOW_CTX_EXECUTION_DATE='2024-07-14T16:10:00+00:00' AIRFLOW_CTX_TRY_NUMBER='1' AIRFLOW_CTX_DAG_RUN_ID='scheduled__2024-07-14T16:10:00+00:00'
[2024-07-14T16:33:52.540+0000] {taskinstance.py:430} INFO - ::endgroup::
[2024-07-14T16:33:52.541+0000] {python.py:237} INFO - Done. Returned value was: None
[2024-07-14T16:33:52.545+0000] {taskinstance.py:441} INFO - ::group::Post task execution logs
[2024-07-14T16:33:52.560+0000] {taskinstance.py:1206} INFO - Marking task as SUCCESS. dag_id=save_spread_values, task_id=save_and_flush_task, run_id=scheduled__2024-07-14T16:10:00+00:00, execution_date=20240714T161000, start_date=20240714T163351, end_date=20240714T163352
[2024-07-14T16:33:52.663+0000] {local_task_job_runner.py:240} INFO - Task exited with return code 0
[2024-07-14T16:33:52.745+0000] {taskinstance.py:3503} INFO - 0 downstream tasks scheduled from follow-on schedule check
[2024-07-14T16:33:52.757+0000] {local_task_job_runner.py:222} INFO - ::endgroup::
[2024-07-14T20:35:23.276+0000] {local_task_job_runner.py:120} INFO - ::group::Pre task execution logs
[2024-07-14T20:35:23.293+0000] {taskinstance.py:2076} INFO - Dependencies all met for dep_context=non-requeueable deps ti=<TaskInstance: save_spread_values.save_and_flush_task scheduled__2024-07-14T16:10:00+00:00 [queued]>
[2024-07-14T20:35:23.297+0000] {taskinstance.py:2076} INFO - Dependencies all met for dep_context=requeueable deps ti=<TaskInstance: save_spread_values.save_and_flush_task scheduled__2024-07-14T16:10:00+00:00 [queued]>
[2024-07-14T20:35:23.297+0000] {taskinstance.py:2306} INFO - Starting attempt 1 of 2
[2024-07-14T20:35:23.304+0000] {taskinstance.py:2330} INFO - Executing <Task(PythonOperator): save_and_flush_task> on 2024-07-14 16:10:00+00:00
[2024-07-14T20:35:23.307+0000] {logging_mixin.py:188} WARNING - /home/***/.local/lib/python3.12/site-packages/***/task/task_runner/standard_task_runner.py:61 DeprecationWarning: This process (pid=2214) is multi-threaded, use of fork() may lead to deadlocks in the child.
[2024-07-14T20:35:23.308+0000] {standard_task_runner.py:90} INFO - Running: ['***', 'tasks', 'run', 'save_spread_values', 'save_and_flush_task', 'scheduled__2024-07-14T16:10:00+00:00', '--job-id', '1001', '--raw', '--subdir', 'DAGS_FOLDER/***.py', '--cfg-path', '/tmp/tmpj_h7yx0w']
[2024-07-14T20:35:23.309+0000] {standard_task_runner.py:63} INFO - Started process 2216 to run task
[2024-07-14T20:35:23.309+0000] {standard_task_runner.py:91} INFO - Job 1001: Subtask save_and_flush_task
[2024-07-14T20:35:23.336+0000] {task_command.py:426} INFO - Running <TaskInstance: save_spread_values.save_and_flush_task scheduled__2024-07-14T16:10:00+00:00 [running]> on host 77caf7e4b282
[2024-07-14T20:35:23.386+0000] {taskinstance.py:2648} INFO - Exporting env vars: AIRFLOW_CTX_DAG_OWNER='***' AIRFLOW_CTX_DAG_ID='save_spread_values' AIRFLOW_CTX_TASK_ID='save_and_flush_task' AIRFLOW_CTX_EXECUTION_DATE='2024-07-14T16:10:00+00:00' AIRFLOW_CTX_TRY_NUMBER='1' AIRFLOW_CTX_DAG_RUN_ID='scheduled__2024-07-14T16:10:00+00:00'
[2024-07-14T20:35:23.386+0000] {taskinstance.py:430} INFO - ::endgroup::
[2024-07-14T20:35:23.392+0000] {python.py:237} INFO - Done. Returned value was: None
[2024-07-14T20:35:23.393+0000] {taskinstance.py:441} INFO - ::group::Post task execution logs
[2024-07-14T20:35:23.399+0000] {taskinstance.py:1206} INFO - Marking task as SUCCESS. dag_id=save_spread_values, task_id=save_and_flush_task, run_id=scheduled__2024-07-14T16:10:00+00:00, execution_date=20240714T161000, start_date=20240714T203523, end_date=20240714T203523
[2024-07-14T20:35:23.409+0000] {local_task_job_runner.py:240} INFO - Task exited with return code 0
[2024-07-14T20:35:23.421+0000] {taskinstance.py:3503} INFO - 0 downstream tasks scheduled from follow-on schedule check
[2024-07-14T20:35:23.424+0000] {local_task_job_runner.py:222} INFO - ::endgroup::
[2024-07-15T06:36:48.943+0000] {local_task_job_runner.py:120} INFO - ::group::Pre task execution logs
[2024-07-15T06:36:49.005+0000] {taskinstance.py:2076} INFO - Dependencies all met for dep_context=non-requeueable deps ti=<TaskInstance: save_spread_values.save_and_flush_task scheduled__2024-07-14T16:10:00+00:00 [queued]>
[2024-07-15T06:36:49.014+0000] {taskinstance.py:2076} INFO - Dependencies all met for dep_context=requeueable deps ti=<TaskInstance: save_spread_values.save_and_flush_task scheduled__2024-07-14T16:10:00+00:00 [queued]>
[2024-07-15T06:36:49.017+0000] {taskinstance.py:2306} INFO - Starting attempt 1 of 2
[2024-07-15T06:36:49.087+0000] {taskinstance.py:2330} INFO - Executing <Task(PythonOperator): save_and_flush_task> on 2024-07-14 16:10:00+00:00
[2024-07-15T06:36:49.092+0000] {logging_mixin.py:188} WARNING - /home/***/.local/lib/python3.12/site-packages/***/task/task_runner/standard_task_runner.py:61 DeprecationWarning: This process (pid=3802) is multi-threaded, use of fork() may lead to deadlocks in the child.
[2024-07-15T06:36:49.097+0000] {standard_task_runner.py:63} INFO - Started process 3819 to run task
[2024-07-15T06:36:49.092+0000] {standard_task_runner.py:90} INFO - Running: ['***', 'tasks', 'run', 'save_spread_values', 'save_and_flush_task', 'scheduled__2024-07-14T16:10:00+00:00', '--job-id', '593', '--raw', '--subdir', 'DAGS_FOLDER/et_dag.py', '--cfg-path', '/tmp/tmph7srexp2']
[2024-07-15T06:36:49.099+0000] {standard_task_runner.py:91} INFO - Job 593: Subtask save_and_flush_task
[2024-07-15T06:36:49.194+0000] {task_command.py:426} INFO - Running <TaskInstance: save_spread_values.save_and_flush_task scheduled__2024-07-14T16:10:00+00:00 [running]> on host 52e7a9c3d832
[2024-07-15T06:36:49.296+0000] {taskinstance.py:2648} INFO - Exporting env vars: AIRFLOW_CTX_DAG_OWNER='***' AIRFLOW_CTX_DAG_ID='save_spread_values' AIRFLOW_CTX_TASK_ID='save_and_flush_task' AIRFLOW_CTX_EXECUTION_DATE='2024-07-14T16:10:00+00:00' AIRFLOW_CTX_TRY_NUMBER='1' AIRFLOW_CTX_DAG_RUN_ID='scheduled__2024-07-14T16:10:00+00:00'
[2024-07-15T06:36:49.302+0000] {taskinstance.py:430} INFO - ::endgroup::
[2024-07-15T06:36:49.330+0000] {taskinstance.py:441} INFO - ::group::Post task execution logs
[2024-07-15T06:36:49.336+0000] {taskinstance.py:2905} ERROR - Task failed with exception
Traceback (most recent call last):
  File "/home/airflow/.local/lib/python3.12/site-packages/airflow/models/taskinstance.py", line 465, in _execute_task
    result = _execute_callable(context=context, **execute_callable_kwargs)
             ^^^^^^^^^^^^^^^^^^^^^^^^^^^^^^^^^^^^^^^^^^^^^^^^^^^^^^^^^^^^^
  File "/home/airflow/.local/lib/python3.12/site-packages/airflow/models/taskinstance.py", line 432, in _execute_callable
    return execute_callable(context=context, **execute_callable_kwargs)
           ^^^^^^^^^^^^^^^^^^^^^^^^^^^^^^^^^^^^^^^^^^^^^^^^^^^^^^^^^^^^
  File "/home/airflow/.local/lib/python3.12/site-packages/airflow/models/baseoperator.py", line 401, in wrapper
    return func(self, *args, **kwargs)
           ^^^^^^^^^^^^^^^^^^^^^^^^^^^
  File "/home/airflow/.local/lib/python3.12/site-packages/airflow/operators/python.py", line 235, in execute
    return_value = self.execute_callable()
                   ^^^^^^^^^^^^^^^^^^^^^^^
  File "/home/airflow/.local/lib/python3.12/site-packages/airflow/operators/python.py", line 252, in execute_callable
    return self.python_callable(*self.op_args, **self.op_kwargs)
           ^^^^^^^^^^^^^^^^^^^^^^^^^^^^^^^^^^^^^^^^^^^^^^^^^^^^^
  File "/opt/airflow/dags/et_dag.py", line 38, in trigger_save_and_flush
    logging('Invoking method to save data from records')
TypeError: 'module' object is not callable
[2024-07-15T06:36:49.349+0000] {taskinstance.py:1206} INFO - Marking task as UP_FOR_RETRY. dag_id=save_spread_values, task_id=save_and_flush_task, run_id=scheduled__2024-07-14T16:10:00+00:00, execution_date=20240714T161000, start_date=20240715T063649, end_date=20240715T063649
[2024-07-15T06:36:49.402+0000] {standard_task_runner.py:110} ERROR - Failed to execute job 593 for task save_and_flush_task ('module' object is not callable; 3819)
[2024-07-15T06:36:49.447+0000] {local_task_job_runner.py:240} INFO - Task exited with return code 1
[2024-07-15T06:36:49.478+0000] {taskinstance.py:3503} INFO - 0 downstream tasks scheduled from follow-on schedule check
[2024-07-15T06:36:49.488+0000] {local_task_job_runner.py:222} INFO - ::endgroup::
