[2024-07-14T17:51:27.102+0000] {local_task_job_runner.py:120} INFO - ::group::Pre task execution logs
[2024-07-14T17:51:27.189+0000] {taskinstance.py:2076} INFO - Dependencies all met for dep_context=non-requeueable deps ti=<TaskInstance: fetch_spread_values.fetch_and_compute_spread_btc_mxn scheduled__2024-07-14T17:29:00+00:00 [queued]>
[2024-07-14T17:51:27.228+0000] {taskinstance.py:2076} INFO - Dependencies all met for dep_context=requeueable deps ti=<TaskInstance: fetch_spread_values.fetch_and_compute_spread_btc_mxn scheduled__2024-07-14T17:29:00+00:00 [queued]>
[2024-07-14T17:51:27.232+0000] {taskinstance.py:2306} INFO - Starting attempt 1 of 2
[2024-07-14T17:51:27.264+0000] {taskinstance.py:2330} INFO - Executing <Task(PythonOperator): fetch_and_compute_spread_btc_mxn> on 2024-07-14 17:29:00+00:00
[2024-07-14T17:51:27.279+0000] {warnings.py:112} WARNING - /home/***/.local/lib/python3.12/site-packages/***/task/task_runner/standard_task_runner.py:61: DeprecationWarning: This process (pid=7462) is multi-threaded, use of fork() may lead to deadlocks in the child.
  pid = os.fork()

[2024-07-14T17:51:27.295+0000] {standard_task_runner.py:63} INFO - Started process 7487 to run task
[2024-07-14T17:51:27.302+0000] {standard_task_runner.py:90} INFO - Running: ['***', 'tasks', 'run', 'fetch_spread_values', 'fetch_and_compute_spread_btc_mxn', 'scheduled__2024-07-14T17:29:00+00:00', '--job-id', '2243', '--raw', '--subdir', 'DAGS_FOLDER/***.py', '--cfg-path', '/tmp/tmp3e0z7q9i']
[2024-07-14T17:51:27.317+0000] {standard_task_runner.py:91} INFO - Job 2243: Subtask fetch_and_compute_spread_btc_mxn
[2024-07-14T17:51:27.512+0000] {task_command.py:426} INFO - Running <TaskInstance: fetch_spread_values.fetch_and_compute_spread_btc_mxn scheduled__2024-07-14T17:29:00+00:00 [running]> on host d537c34a4880
[2024-07-14T17:51:27.857+0000] {taskinstance.py:2648} INFO - Exporting env vars: AIRFLOW_CTX_DAG_OWNER='***' AIRFLOW_CTX_DAG_ID='fetch_spread_values' AIRFLOW_CTX_TASK_ID='fetch_and_compute_spread_btc_mxn' AIRFLOW_CTX_EXECUTION_DATE='2024-07-14T17:29:00+00:00' AIRFLOW_CTX_TRY_NUMBER='1' AIRFLOW_CTX_DAG_RUN_ID='scheduled__2024-07-14T17:29:00+00:00'
[2024-07-14T17:51:27.894+0000] {taskinstance.py:430} INFO - ::endgroup::
[2024-07-14T17:51:28.546+0000] {python.py:237} INFO - Done. Returned value was: None
[2024-07-14T17:51:28.572+0000] {taskinstance.py:441} INFO - ::group::Post task execution logs
[2024-07-14T17:51:28.609+0000] {taskinstance.py:1206} INFO - Marking task as SUCCESS. dag_id=fetch_spread_values, task_id=fetch_and_compute_spread_btc_mxn, run_id=scheduled__2024-07-14T17:29:00+00:00, execution_date=20240714T172900, start_date=20240714T175127, end_date=20240714T175128
[2024-07-14T17:51:28.701+0000] {local_task_job_runner.py:240} INFO - Task exited with return code 0
[2024-07-14T17:51:28.813+0000] {taskinstance.py:3503} INFO - 0 downstream tasks scheduled from follow-on schedule check
[2024-07-14T17:51:28.824+0000] {local_task_job_runner.py:222} INFO - ::endgroup::
[2024-07-14T20:39:27.999+0000] {local_task_job_runner.py:120} INFO - ::group::Pre task execution logs
[2024-07-14T20:39:28.047+0000] {taskinstance.py:2076} INFO - Dependencies all met for dep_context=non-requeueable deps ti=<TaskInstance: fetch_spread_values.fetch_and_compute_spread_btc_mxn scheduled__2024-07-14T17:29:00+00:00 [queued]>
[2024-07-14T20:39:28.065+0000] {taskinstance.py:2076} INFO - Dependencies all met for dep_context=requeueable deps ti=<TaskInstance: fetch_spread_values.fetch_and_compute_spread_btc_mxn scheduled__2024-07-14T17:29:00+00:00 [queued]>
[2024-07-14T20:39:28.074+0000] {taskinstance.py:2306} INFO - Starting attempt 1 of 2
[2024-07-14T20:39:28.101+0000] {taskinstance.py:2330} INFO - Executing <Task(PythonOperator): fetch_and_compute_spread_btc_mxn> on 2024-07-14 17:29:00+00:00
[2024-07-14T20:39:28.116+0000] {standard_task_runner.py:90} INFO - Running: ['***', 'tasks', 'run', 'fetch_spread_values', 'fetch_and_compute_spread_btc_mxn', 'scheduled__2024-07-14T17:29:00+00:00', '--job-id', '2226', '--raw', '--subdir', 'DAGS_FOLDER/***.py', '--cfg-path', '/tmp/tmp0d4pqb2k']
[2024-07-14T20:39:28.120+0000] {standard_task_runner.py:91} INFO - Job 2226: Subtask fetch_and_compute_spread_btc_mxn
[2024-07-14T20:39:28.122+0000] {logging_mixin.py:188} WARNING - /home/***/.local/lib/python3.12/site-packages/***/task/task_runner/standard_task_runner.py:61 DeprecationWarning: This process (pid=4699) is multi-threaded, use of fork() may lead to deadlocks in the child.
[2024-07-14T20:39:28.141+0000] {standard_task_runner.py:63} INFO - Started process 4710 to run task
[2024-07-14T20:39:28.176+0000] {task_command.py:426} INFO - Running <TaskInstance: fetch_spread_values.fetch_and_compute_spread_btc_mxn scheduled__2024-07-14T17:29:00+00:00 [running]> on host 77caf7e4b282
[2024-07-14T20:39:28.286+0000] {taskinstance.py:2648} INFO - Exporting env vars: AIRFLOW_CTX_DAG_OWNER='***' AIRFLOW_CTX_DAG_ID='fetch_spread_values' AIRFLOW_CTX_TASK_ID='fetch_and_compute_spread_btc_mxn' AIRFLOW_CTX_EXECUTION_DATE='2024-07-14T17:29:00+00:00' AIRFLOW_CTX_TRY_NUMBER='1' AIRFLOW_CTX_DAG_RUN_ID='scheduled__2024-07-14T17:29:00+00:00'
[2024-07-14T20:39:28.287+0000] {taskinstance.py:430} INFO - ::endgroup::
[2024-07-14T20:39:28.499+0000] {python.py:237} INFO - Done. Returned value was: None
[2024-07-14T20:39:28.501+0000] {taskinstance.py:441} INFO - ::group::Post task execution logs
[2024-07-14T20:39:28.512+0000] {taskinstance.py:1206} INFO - Marking task as SUCCESS. dag_id=fetch_spread_values, task_id=fetch_and_compute_spread_btc_mxn, run_id=scheduled__2024-07-14T17:29:00+00:00, execution_date=20240714T172900, start_date=20240714T203928, end_date=20240714T203928
[2024-07-14T20:39:28.539+0000] {local_task_job_runner.py:240} INFO - Task exited with return code 0
[2024-07-14T20:39:28.556+0000] {taskinstance.py:3503} INFO - 0 downstream tasks scheduled from follow-on schedule check
[2024-07-14T20:39:28.559+0000] {local_task_job_runner.py:222} INFO - ::endgroup::
