[2024-07-14T09:51:09.127+0000] {local_task_job_runner.py:120} INFO - ::group::Pre task execution logs
[2024-07-14T09:51:09.181+0000] {taskinstance.py:2076} INFO - Dependencies all met for dep_context=non-requeueable deps ti=<TaskInstance: fetch_spread_values.fetch_and_compute_spread_btc_mxn scheduled__2024-07-14T09:46:00+00:00 [queued]>
[2024-07-14T09:51:09.239+0000] {taskinstance.py:2076} INFO - Dependencies all met for dep_context=requeueable deps ti=<TaskInstance: fetch_spread_values.fetch_and_compute_spread_btc_mxn scheduled__2024-07-14T09:46:00+00:00 [queued]>
[2024-07-14T09:51:09.246+0000] {taskinstance.py:2306} INFO - Starting attempt 1 of 2
[2024-07-14T09:51:09.275+0000] {taskinstance.py:2330} INFO - Executing <Task(PythonOperator): fetch_and_compute_spread_btc_mxn> on 2024-07-14 09:46:00+00:00
[2024-07-14T09:51:09.306+0000] {warnings.py:112} WARNING - /home/***/.local/lib/python3.12/site-packages/***/task/task_runner/standard_task_runner.py:61: DeprecationWarning: This process (pid=4232) is multi-threaded, use of fork() may lead to deadlocks in the child.
  pid = os.fork()

[2024-07-14T09:51:09.313+0000] {standard_task_runner.py:63} INFO - Started process 4269 to run task
[2024-07-14T09:51:09.304+0000] {standard_task_runner.py:90} INFO - Running: ['***', 'tasks', 'run', 'fetch_spread_values', 'fetch_and_compute_spread_btc_mxn', 'scheduled__2024-07-14T09:46:00+00:00', '--job-id', '1261', '--raw', '--subdir', 'DAGS_FOLDER/***.py', '--cfg-path', '/tmp/tmp6nytf9vc']
[2024-07-14T09:51:09.321+0000] {standard_task_runner.py:91} INFO - Job 1261: Subtask fetch_and_compute_spread_btc_mxn
[2024-07-14T09:51:09.440+0000] {task_command.py:426} INFO - Running <TaskInstance: fetch_spread_values.fetch_and_compute_spread_btc_mxn scheduled__2024-07-14T09:46:00+00:00 [running]> on host d537c34a4880
[2024-07-14T09:51:09.624+0000] {taskinstance.py:2648} INFO - Exporting env vars: AIRFLOW_CTX_DAG_OWNER='***' AIRFLOW_CTX_DAG_ID='fetch_spread_values' AIRFLOW_CTX_TASK_ID='fetch_and_compute_spread_btc_mxn' AIRFLOW_CTX_EXECUTION_DATE='2024-07-14T09:46:00+00:00' AIRFLOW_CTX_TRY_NUMBER='1' AIRFLOW_CTX_DAG_RUN_ID='scheduled__2024-07-14T09:46:00+00:00'
[2024-07-14T09:51:09.627+0000] {taskinstance.py:430} INFO - ::endgroup::
[2024-07-14T09:51:09.917+0000] {python.py:237} INFO - Done. Returned value was: None
[2024-07-14T09:51:09.924+0000] {taskinstance.py:441} INFO - ::group::Post task execution logs
[2024-07-14T09:51:09.941+0000] {taskinstance.py:1206} INFO - Marking task as SUCCESS. dag_id=fetch_spread_values, task_id=fetch_and_compute_spread_btc_mxn, run_id=scheduled__2024-07-14T09:46:00+00:00, execution_date=20240714T094600, start_date=20240714T095109, end_date=20240714T095109
[2024-07-14T09:51:10.040+0000] {local_task_job_runner.py:240} INFO - Task exited with return code 0
[2024-07-14T09:51:10.076+0000] {taskinstance.py:3503} INFO - 0 downstream tasks scheduled from follow-on schedule check
[2024-07-14T09:51:10.105+0000] {local_task_job_runner.py:222} INFO - ::endgroup::
[2024-07-14T20:36:34.262+0000] {local_task_job_runner.py:120} INFO - ::group::Pre task execution logs
[2024-07-14T20:36:34.289+0000] {taskinstance.py:2076} INFO - Dependencies all met for dep_context=non-requeueable deps ti=<TaskInstance: fetch_spread_values.fetch_and_compute_spread_btc_mxn scheduled__2024-07-14T09:46:00+00:00 [queued]>
[2024-07-14T20:36:34.295+0000] {taskinstance.py:2076} INFO - Dependencies all met for dep_context=requeueable deps ti=<TaskInstance: fetch_spread_values.fetch_and_compute_spread_btc_mxn scheduled__2024-07-14T09:46:00+00:00 [queued]>
[2024-07-14T20:36:34.296+0000] {taskinstance.py:2306} INFO - Starting attempt 1 of 2
[2024-07-14T20:36:34.338+0000] {taskinstance.py:2330} INFO - Executing <Task(PythonOperator): fetch_and_compute_spread_btc_mxn> on 2024-07-14 09:46:00+00:00
[2024-07-14T20:36:34.344+0000] {standard_task_runner.py:90} INFO - Running: ['***', 'tasks', 'run', 'fetch_spread_values', 'fetch_and_compute_spread_btc_mxn', 'scheduled__2024-07-14T09:46:00+00:00', '--job-id', '1300', '--raw', '--subdir', 'DAGS_FOLDER/***.py', '--cfg-path', '/tmp/tmp9beudpbv']
[2024-07-14T20:36:34.342+0000] {logging_mixin.py:188} WARNING - /home/***/.local/lib/python3.12/site-packages/***/task/task_runner/standard_task_runner.py:61 DeprecationWarning: This process (pid=2819) is multi-threaded, use of fork() may lead to deadlocks in the child.
[2024-07-14T20:36:34.346+0000] {standard_task_runner.py:91} INFO - Job 1300: Subtask fetch_and_compute_spread_btc_mxn
[2024-07-14T20:36:34.347+0000] {standard_task_runner.py:63} INFO - Started process 2826 to run task
[2024-07-14T20:36:34.388+0000] {task_command.py:426} INFO - Running <TaskInstance: fetch_spread_values.fetch_and_compute_spread_btc_mxn scheduled__2024-07-14T09:46:00+00:00 [running]> on host 77caf7e4b282
[2024-07-14T20:36:34.447+0000] {taskinstance.py:2648} INFO - Exporting env vars: AIRFLOW_CTX_DAG_OWNER='***' AIRFLOW_CTX_DAG_ID='fetch_spread_values' AIRFLOW_CTX_TASK_ID='fetch_and_compute_spread_btc_mxn' AIRFLOW_CTX_EXECUTION_DATE='2024-07-14T09:46:00+00:00' AIRFLOW_CTX_TRY_NUMBER='1' AIRFLOW_CTX_DAG_RUN_ID='scheduled__2024-07-14T09:46:00+00:00'
[2024-07-14T20:36:34.449+0000] {taskinstance.py:430} INFO - ::endgroup::
[2024-07-14T20:36:34.599+0000] {python.py:237} INFO - Done. Returned value was: None
[2024-07-14T20:36:34.600+0000] {taskinstance.py:441} INFO - ::group::Post task execution logs
[2024-07-14T20:36:34.605+0000] {taskinstance.py:1206} INFO - Marking task as SUCCESS. dag_id=fetch_spread_values, task_id=fetch_and_compute_spread_btc_mxn, run_id=scheduled__2024-07-14T09:46:00+00:00, execution_date=20240714T094600, start_date=20240714T203634, end_date=20240714T203634
[2024-07-14T20:36:34.655+0000] {local_task_job_runner.py:240} INFO - Task exited with return code 0
[2024-07-14T20:36:34.664+0000] {taskinstance.py:3503} INFO - 0 downstream tasks scheduled from follow-on schedule check
[2024-07-14T20:36:34.665+0000] {local_task_job_runner.py:222} INFO - ::endgroup::
