[2024-07-14T08:57:06.957+0000] {local_task_job_runner.py:120} INFO - ::group::Pre task execution logs
[2024-07-14T08:57:06.969+0000] {taskinstance.py:2076} INFO - Dependencies all met for dep_context=non-requeueable deps ti=<TaskInstance: fetch_spread_values.fetch_and_compute_spread_btc_mxn scheduled__2024-07-14T00:18:00+00:00 [queued]>
[2024-07-14T08:57:06.973+0000] {taskinstance.py:2076} INFO - Dependencies all met for dep_context=requeueable deps ti=<TaskInstance: fetch_spread_values.fetch_and_compute_spread_btc_mxn scheduled__2024-07-14T00:18:00+00:00 [queued]>
[2024-07-14T08:57:06.973+0000] {taskinstance.py:2306} INFO - Starting attempt 1 of 2
[2024-07-14T08:57:06.980+0000] {taskinstance.py:2330} INFO - Executing <Task(PythonOperator): fetch_and_compute_spread_btc_mxn> on 2024-07-14 00:18:00+00:00
[2024-07-14T08:57:06.985+0000] {warnings.py:112} WARNING - /home/***/.local/lib/python3.12/site-packages/***/task/task_runner/standard_task_runner.py:61: DeprecationWarning: This process (pid=227) is multi-threaded, use of fork() may lead to deadlocks in the child.
  pid = os.fork()

[2024-07-14T08:57:06.987+0000] {standard_task_runner.py:63} INFO - Started process 243 to run task
[2024-07-14T08:57:06.988+0000] {standard_task_runner.py:90} INFO - Running: ['***', 'tasks', 'run', 'fetch_spread_values', 'fetch_and_compute_spread_btc_mxn', 'scheduled__2024-07-14T00:18:00+00:00', '--job-id', '65', '--raw', '--subdir', 'DAGS_FOLDER/***.py', '--cfg-path', '/tmp/tmp8myi905z']
[2024-07-14T08:57:06.992+0000] {standard_task_runner.py:91} INFO - Job 65: Subtask fetch_and_compute_spread_btc_mxn
[2024-07-14T08:57:07.023+0000] {task_command.py:426} INFO - Running <TaskInstance: fetch_spread_values.fetch_and_compute_spread_btc_mxn scheduled__2024-07-14T00:18:00+00:00 [running]> on host d537c34a4880
[2024-07-14T08:57:07.079+0000] {taskinstance.py:2648} INFO - Exporting env vars: AIRFLOW_CTX_DAG_OWNER='***' AIRFLOW_CTX_DAG_ID='fetch_spread_values' AIRFLOW_CTX_TASK_ID='fetch_and_compute_spread_btc_mxn' AIRFLOW_CTX_EXECUTION_DATE='2024-07-14T00:18:00+00:00' AIRFLOW_CTX_TRY_NUMBER='1' AIRFLOW_CTX_DAG_RUN_ID='scheduled__2024-07-14T00:18:00+00:00'
[2024-07-14T08:57:07.082+0000] {taskinstance.py:430} INFO - ::endgroup::
[2024-07-14T08:57:07.239+0000] {python.py:237} INFO - Done. Returned value was: None
[2024-07-14T08:57:07.242+0000] {taskinstance.py:441} INFO - ::group::Post task execution logs
[2024-07-14T08:57:07.249+0000] {taskinstance.py:1206} INFO - Marking task as SUCCESS. dag_id=fetch_spread_values, task_id=fetch_and_compute_spread_btc_mxn, run_id=scheduled__2024-07-14T00:18:00+00:00, execution_date=20240714T001800, start_date=20240714T085706, end_date=20240714T085707
[2024-07-14T08:57:07.291+0000] {local_task_job_runner.py:240} INFO - Task exited with return code 0
[2024-07-14T08:57:07.302+0000] {taskinstance.py:3503} INFO - 0 downstream tasks scheduled from follow-on schedule check
[2024-07-14T08:57:07.303+0000] {local_task_job_runner.py:222} INFO - ::endgroup::
[2024-07-14T20:32:07.383+0000] {local_task_job_runner.py:120} INFO - ::group::Pre task execution logs
[2024-07-14T20:32:07.401+0000] {taskinstance.py:2076} INFO - Dependencies all met for dep_context=non-requeueable deps ti=<TaskInstance: fetch_spread_values.fetch_and_compute_spread_btc_mxn scheduled__2024-07-14T00:18:00+00:00 [queued]>
[2024-07-14T20:32:07.406+0000] {taskinstance.py:2076} INFO - Dependencies all met for dep_context=requeueable deps ti=<TaskInstance: fetch_spread_values.fetch_and_compute_spread_btc_mxn scheduled__2024-07-14T00:18:00+00:00 [queued]>
[2024-07-14T20:32:07.406+0000] {taskinstance.py:2306} INFO - Starting attempt 1 of 2
[2024-07-14T20:32:07.413+0000] {taskinstance.py:2330} INFO - Executing <Task(PythonOperator): fetch_and_compute_spread_btc_mxn> on 2024-07-14 00:18:00+00:00
[2024-07-14T20:32:07.416+0000] {logging_mixin.py:188} WARNING - /home/***/.local/lib/python3.12/site-packages/***/task/task_runner/standard_task_runner.py:61 DeprecationWarning: This process (pid=255) is multi-threaded, use of fork() may lead to deadlocks in the child.
[2024-07-14T20:32:07.418+0000] {standard_task_runner.py:63} INFO - Started process 259 to run task
[2024-07-14T20:32:07.417+0000] {standard_task_runner.py:90} INFO - Running: ['***', 'tasks', 'run', 'fetch_spread_values', 'fetch_and_compute_spread_btc_mxn', 'scheduled__2024-07-14T00:18:00+00:00', '--job-id', '42', '--raw', '--subdir', 'DAGS_FOLDER/***.py', '--cfg-path', '/tmp/tmpg_hmiluf']
[2024-07-14T20:32:07.418+0000] {standard_task_runner.py:91} INFO - Job 42: Subtask fetch_and_compute_spread_btc_mxn
[2024-07-14T20:32:07.448+0000] {task_command.py:426} INFO - Running <TaskInstance: fetch_spread_values.fetch_and_compute_spread_btc_mxn scheduled__2024-07-14T00:18:00+00:00 [running]> on host 77caf7e4b282
[2024-07-14T20:32:07.494+0000] {taskinstance.py:2648} INFO - Exporting env vars: AIRFLOW_CTX_DAG_OWNER='***' AIRFLOW_CTX_DAG_ID='fetch_spread_values' AIRFLOW_CTX_TASK_ID='fetch_and_compute_spread_btc_mxn' AIRFLOW_CTX_EXECUTION_DATE='2024-07-14T00:18:00+00:00' AIRFLOW_CTX_TRY_NUMBER='1' AIRFLOW_CTX_DAG_RUN_ID='scheduled__2024-07-14T00:18:00+00:00'
[2024-07-14T20:32:07.495+0000] {taskinstance.py:430} INFO - ::endgroup::
[2024-07-14T20:32:07.681+0000] {python.py:237} INFO - Done. Returned value was: None
[2024-07-14T20:32:07.682+0000] {taskinstance.py:441} INFO - ::group::Post task execution logs
[2024-07-14T20:32:07.688+0000] {taskinstance.py:1206} INFO - Marking task as SUCCESS. dag_id=fetch_spread_values, task_id=fetch_and_compute_spread_btc_mxn, run_id=scheduled__2024-07-14T00:18:00+00:00, execution_date=20240714T001800, start_date=20240714T203207, end_date=20240714T203207
[2024-07-14T20:32:07.724+0000] {local_task_job_runner.py:240} INFO - Task exited with return code 0
[2024-07-14T20:32:07.733+0000] {taskinstance.py:3503} INFO - 0 downstream tasks scheduled from follow-on schedule check
[2024-07-14T20:32:07.734+0000] {local_task_job_runner.py:222} INFO - ::endgroup::
