[2024-07-14T09:04:09.994+0000] {local_task_job_runner.py:120} INFO - ::group::Pre task execution logs
[2024-07-14T09:04:10.055+0000] {taskinstance.py:2076} INFO - Dependencies all met for dep_context=non-requeueable deps ti=<TaskInstance: fetch_spread_values.fetch_and_compute_spread_btc_mxn scheduled__2024-07-14T07:56:00+00:00 [queued]>
[2024-07-14T09:04:10.088+0000] {taskinstance.py:2076} INFO - Dependencies all met for dep_context=requeueable deps ti=<TaskInstance: fetch_spread_values.fetch_and_compute_spread_btc_mxn scheduled__2024-07-14T07:56:00+00:00 [queued]>
[2024-07-14T09:04:10.097+0000] {taskinstance.py:2306} INFO - Starting attempt 1 of 2
[2024-07-14T09:04:10.145+0000] {taskinstance.py:2330} INFO - Executing <Task(PythonOperator): fetch_and_compute_spread_btc_mxn> on 2024-07-14 07:56:00+00:00
[2024-07-14T09:04:10.185+0000] {warnings.py:112} WARNING - /home/***/.local/lib/python3.12/site-packages/***/task/task_runner/standard_task_runner.py:61: DeprecationWarning: This process (pid=3061) is multi-threaded, use of fork() may lead to deadlocks in the child.
  pid = os.fork()

[2024-07-14T09:04:10.196+0000] {standard_task_runner.py:63} INFO - Started process 3085 to run task
[2024-07-14T09:04:10.193+0000] {standard_task_runner.py:90} INFO - Running: ['***', 'tasks', 'run', 'fetch_spread_values', 'fetch_and_compute_spread_btc_mxn', 'scheduled__2024-07-14T07:56:00+00:00', '--job-id', '981', '--raw', '--subdir', 'DAGS_FOLDER/***.py', '--cfg-path', '/tmp/tmp7u4dsb8b']
[2024-07-14T09:04:10.220+0000] {standard_task_runner.py:91} INFO - Job 981: Subtask fetch_and_compute_spread_btc_mxn
[2024-07-14T09:04:10.433+0000] {task_command.py:426} INFO - Running <TaskInstance: fetch_spread_values.fetch_and_compute_spread_btc_mxn scheduled__2024-07-14T07:56:00+00:00 [running]> on host d537c34a4880
[2024-07-14T09:04:10.894+0000] {taskinstance.py:2648} INFO - Exporting env vars: AIRFLOW_CTX_DAG_OWNER='***' AIRFLOW_CTX_DAG_ID='fetch_spread_values' AIRFLOW_CTX_TASK_ID='fetch_and_compute_spread_btc_mxn' AIRFLOW_CTX_EXECUTION_DATE='2024-07-14T07:56:00+00:00' AIRFLOW_CTX_TRY_NUMBER='1' AIRFLOW_CTX_DAG_RUN_ID='scheduled__2024-07-14T07:56:00+00:00'
[2024-07-14T09:04:10.949+0000] {taskinstance.py:430} INFO - ::endgroup::
[2024-07-14T09:04:11.603+0000] {python.py:237} INFO - Done. Returned value was: None
[2024-07-14T09:04:11.616+0000] {taskinstance.py:441} INFO - ::group::Post task execution logs
[2024-07-14T09:04:11.720+0000] {taskinstance.py:1206} INFO - Marking task as SUCCESS. dag_id=fetch_spread_values, task_id=fetch_and_compute_spread_btc_mxn, run_id=scheduled__2024-07-14T07:56:00+00:00, execution_date=20240714T075600, start_date=20240714T090410, end_date=20240714T090411
[2024-07-14T09:04:11.822+0000] {local_task_job_runner.py:240} INFO - Task exited with return code 0
[2024-07-14T09:04:11.904+0000] {taskinstance.py:3503} INFO - 0 downstream tasks scheduled from follow-on schedule check
[2024-07-14T09:04:11.913+0000] {local_task_job_runner.py:222} INFO - ::endgroup::
[2024-07-14T20:35:47.850+0000] {local_task_job_runner.py:120} INFO - ::group::Pre task execution logs
[2024-07-14T20:35:47.868+0000] {taskinstance.py:2076} INFO - Dependencies all met for dep_context=non-requeueable deps ti=<TaskInstance: fetch_spread_values.fetch_and_compute_spread_btc_mxn scheduled__2024-07-14T07:56:00+00:00 [queued]>
[2024-07-14T20:35:47.871+0000] {taskinstance.py:2076} INFO - Dependencies all met for dep_context=requeueable deps ti=<TaskInstance: fetch_spread_values.fetch_and_compute_spread_btc_mxn scheduled__2024-07-14T07:56:00+00:00 [queued]>
[2024-07-14T20:35:47.872+0000] {taskinstance.py:2306} INFO - Starting attempt 1 of 2
[2024-07-14T20:35:47.877+0000] {taskinstance.py:2330} INFO - Executing <Task(PythonOperator): fetch_and_compute_spread_btc_mxn> on 2024-07-14 07:56:00+00:00
[2024-07-14T20:35:47.881+0000] {logging_mixin.py:188} WARNING - /home/***/.local/lib/python3.12/site-packages/***/task/task_runner/standard_task_runner.py:61 DeprecationWarning: This process (pid=2377) is multi-threaded, use of fork() may lead to deadlocks in the child.
[2024-07-14T20:35:47.882+0000] {standard_task_runner.py:63} INFO - Started process 2380 to run task
[2024-07-14T20:35:47.881+0000] {standard_task_runner.py:90} INFO - Running: ['***', 'tasks', 'run', 'fetch_spread_values', 'fetch_and_compute_spread_btc_mxn', 'scheduled__2024-07-14T07:56:00+00:00', '--job-id', '1080', '--raw', '--subdir', 'DAGS_FOLDER/***.py', '--cfg-path', '/tmp/tmp8yiw3sva']
[2024-07-14T20:35:47.883+0000] {standard_task_runner.py:91} INFO - Job 1080: Subtask fetch_and_compute_spread_btc_mxn
[2024-07-14T20:35:47.906+0000] {task_command.py:426} INFO - Running <TaskInstance: fetch_spread_values.fetch_and_compute_spread_btc_mxn scheduled__2024-07-14T07:56:00+00:00 [running]> on host 77caf7e4b282
[2024-07-14T20:35:47.950+0000] {taskinstance.py:2648} INFO - Exporting env vars: AIRFLOW_CTX_DAG_OWNER='***' AIRFLOW_CTX_DAG_ID='fetch_spread_values' AIRFLOW_CTX_TASK_ID='fetch_and_compute_spread_btc_mxn' AIRFLOW_CTX_EXECUTION_DATE='2024-07-14T07:56:00+00:00' AIRFLOW_CTX_TRY_NUMBER='1' AIRFLOW_CTX_DAG_RUN_ID='scheduled__2024-07-14T07:56:00+00:00'
[2024-07-14T20:35:47.951+0000] {taskinstance.py:430} INFO - ::endgroup::
[2024-07-14T20:35:48.119+0000] {python.py:237} INFO - Done. Returned value was: None
[2024-07-14T20:35:48.120+0000] {taskinstance.py:441} INFO - ::group::Post task execution logs
[2024-07-14T20:35:48.128+0000] {taskinstance.py:1206} INFO - Marking task as SUCCESS. dag_id=fetch_spread_values, task_id=fetch_and_compute_spread_btc_mxn, run_id=scheduled__2024-07-14T07:56:00+00:00, execution_date=20240714T075600, start_date=20240714T203547, end_date=20240714T203548
[2024-07-14T20:35:48.148+0000] {local_task_job_runner.py:240} INFO - Task exited with return code 0
[2024-07-14T20:35:48.158+0000] {taskinstance.py:3503} INFO - 0 downstream tasks scheduled from follow-on schedule check
[2024-07-14T20:35:48.159+0000] {local_task_job_runner.py:222} INFO - ::endgroup::
