[2024-07-14T11:31:03.613+0000] {local_task_job_runner.py:120} INFO - ::group::Pre task execution logs
[2024-07-14T11:31:03.675+0000] {taskinstance.py:2076} INFO - Dependencies all met for dep_context=non-requeueable deps ti=<TaskInstance: fetch_spread_values.fetch_and_compute_spread_usd_mxn scheduled__2024-07-14T11:23:00+00:00 [queued]>
[2024-07-14T11:31:03.704+0000] {taskinstance.py:2076} INFO - Dependencies all met for dep_context=requeueable deps ti=<TaskInstance: fetch_spread_values.fetch_and_compute_spread_usd_mxn scheduled__2024-07-14T11:23:00+00:00 [queued]>
[2024-07-14T11:31:03.713+0000] {taskinstance.py:2306} INFO - Starting attempt 1 of 2
[2024-07-14T11:31:03.772+0000] {taskinstance.py:2330} INFO - Executing <Task(PythonOperator): fetch_and_compute_spread_usd_mxn> on 2024-07-14 11:23:00+00:00
[2024-07-14T11:31:03.782+0000] {warnings.py:112} WARNING - /home/***/.local/lib/python3.12/site-packages/***/task/task_runner/standard_task_runner.py:61: DeprecationWarning: This process (pid=4891) is multi-threaded, use of fork() may lead to deadlocks in the child.
  pid = os.fork()

[2024-07-14T11:31:03.790+0000] {standard_task_runner.py:63} INFO - Started process 4926 to run task
[2024-07-14T11:31:03.787+0000] {standard_task_runner.py:90} INFO - Running: ['***', 'tasks', 'run', 'fetch_spread_values', 'fetch_and_compute_spread_usd_mxn', 'scheduled__2024-07-14T11:23:00+00:00', '--job-id', '1467', '--raw', '--subdir', 'DAGS_FOLDER/***.py', '--cfg-path', '/tmp/tmpum41zfhq']
[2024-07-14T11:31:03.795+0000] {standard_task_runner.py:91} INFO - Job 1467: Subtask fetch_and_compute_spread_usd_mxn
[2024-07-14T11:31:03.880+0000] {task_command.py:426} INFO - Running <TaskInstance: fetch_spread_values.fetch_and_compute_spread_usd_mxn scheduled__2024-07-14T11:23:00+00:00 [running]> on host d537c34a4880
[2024-07-14T11:31:04.054+0000] {taskinstance.py:2648} INFO - Exporting env vars: AIRFLOW_CTX_DAG_OWNER='***' AIRFLOW_CTX_DAG_ID='fetch_spread_values' AIRFLOW_CTX_TASK_ID='fetch_and_compute_spread_usd_mxn' AIRFLOW_CTX_EXECUTION_DATE='2024-07-14T11:23:00+00:00' AIRFLOW_CTX_TRY_NUMBER='1' AIRFLOW_CTX_DAG_RUN_ID='scheduled__2024-07-14T11:23:00+00:00'
[2024-07-14T11:31:04.056+0000] {taskinstance.py:430} INFO - ::endgroup::
[2024-07-14T11:31:04.249+0000] {python.py:237} INFO - Done. Returned value was: None
[2024-07-14T11:31:04.260+0000] {taskinstance.py:441} INFO - ::group::Post task execution logs
[2024-07-14T11:31:04.278+0000] {taskinstance.py:1206} INFO - Marking task as SUCCESS. dag_id=fetch_spread_values, task_id=fetch_and_compute_spread_usd_mxn, run_id=scheduled__2024-07-14T11:23:00+00:00, execution_date=20240714T112300, start_date=20240714T113103, end_date=20240714T113104
[2024-07-14T11:31:04.358+0000] {local_task_job_runner.py:240} INFO - Task exited with return code 0
[2024-07-14T11:31:04.403+0000] {taskinstance.py:3503} INFO - 0 downstream tasks scheduled from follow-on schedule check
[2024-07-14T11:31:04.414+0000] {local_task_job_runner.py:222} INFO - ::endgroup::
[2024-07-14T20:37:11.308+0000] {local_task_job_runner.py:120} INFO - ::group::Pre task execution logs
[2024-07-14T20:37:11.334+0000] {taskinstance.py:2076} INFO - Dependencies all met for dep_context=non-requeueable deps ti=<TaskInstance: fetch_spread_values.fetch_and_compute_spread_usd_mxn scheduled__2024-07-14T11:23:00+00:00 [queued]>
[2024-07-14T20:37:11.339+0000] {taskinstance.py:2076} INFO - Dependencies all met for dep_context=requeueable deps ti=<TaskInstance: fetch_spread_values.fetch_and_compute_spread_usd_mxn scheduled__2024-07-14T11:23:00+00:00 [queued]>
[2024-07-14T20:37:11.340+0000] {taskinstance.py:2306} INFO - Starting attempt 1 of 2
[2024-07-14T20:37:11.350+0000] {taskinstance.py:2330} INFO - Executing <Task(PythonOperator): fetch_and_compute_spread_usd_mxn> on 2024-07-14 11:23:00+00:00
[2024-07-14T20:37:11.354+0000] {logging_mixin.py:188} WARNING - /home/***/.local/lib/python3.12/site-packages/***/task/task_runner/standard_task_runner.py:61 DeprecationWarning: This process (pid=3212) is multi-threaded, use of fork() may lead to deadlocks in the child.
[2024-07-14T20:37:11.355+0000] {standard_task_runner.py:90} INFO - Running: ['***', 'tasks', 'run', 'fetch_spread_values', 'fetch_and_compute_spread_usd_mxn', 'scheduled__2024-07-14T11:23:00+00:00', '--job-id', '1494', '--raw', '--subdir', 'DAGS_FOLDER/***.py', '--cfg-path', '/tmp/tmpfybv1r0u']
[2024-07-14T20:37:11.360+0000] {standard_task_runner.py:91} INFO - Job 1494: Subtask fetch_and_compute_spread_usd_mxn
[2024-07-14T20:37:11.359+0000] {standard_task_runner.py:63} INFO - Started process 3217 to run task
[2024-07-14T20:37:11.401+0000] {task_command.py:426} INFO - Running <TaskInstance: fetch_spread_values.fetch_and_compute_spread_usd_mxn scheduled__2024-07-14T11:23:00+00:00 [running]> on host 77caf7e4b282
[2024-07-14T20:37:11.455+0000] {taskinstance.py:2648} INFO - Exporting env vars: AIRFLOW_CTX_DAG_OWNER='***' AIRFLOW_CTX_DAG_ID='fetch_spread_values' AIRFLOW_CTX_TASK_ID='fetch_and_compute_spread_usd_mxn' AIRFLOW_CTX_EXECUTION_DATE='2024-07-14T11:23:00+00:00' AIRFLOW_CTX_TRY_NUMBER='1' AIRFLOW_CTX_DAG_RUN_ID='scheduled__2024-07-14T11:23:00+00:00'
[2024-07-14T20:37:11.456+0000] {taskinstance.py:430} INFO - ::endgroup::
[2024-07-14T20:37:11.615+0000] {python.py:237} INFO - Done. Returned value was: None
[2024-07-14T20:37:11.616+0000] {taskinstance.py:441} INFO - ::group::Post task execution logs
[2024-07-14T20:37:11.622+0000] {taskinstance.py:1206} INFO - Marking task as SUCCESS. dag_id=fetch_spread_values, task_id=fetch_and_compute_spread_usd_mxn, run_id=scheduled__2024-07-14T11:23:00+00:00, execution_date=20240714T112300, start_date=20240714T203711, end_date=20240714T203711
[2024-07-14T20:37:11.630+0000] {local_task_job_runner.py:240} INFO - Task exited with return code 0
[2024-07-14T20:37:11.640+0000] {taskinstance.py:3503} INFO - 0 downstream tasks scheduled from follow-on schedule check
[2024-07-14T20:37:11.641+0000] {local_task_job_runner.py:222} INFO - ::endgroup::
