[2024-07-14T09:00:50.523+0000] {local_task_job_runner.py:120} INFO - ::group::Pre task execution logs
[2024-07-14T09:00:50.615+0000] {taskinstance.py:2076} INFO - Dependencies all met for dep_context=non-requeueable deps ti=<TaskInstance: fetch_spread_values.fetch_and_compute_spread_btc_mxn scheduled__2024-07-14T04:20:00+00:00 [queued]>
[2024-07-14T09:00:50.764+0000] {taskinstance.py:2076} INFO - Dependencies all met for dep_context=requeueable deps ti=<TaskInstance: fetch_spread_values.fetch_and_compute_spread_btc_mxn scheduled__2024-07-14T04:20:00+00:00 [queued]>
[2024-07-14T09:00:50.765+0000] {taskinstance.py:2306} INFO - Starting attempt 1 of 2
[2024-07-14T09:00:50.796+0000] {taskinstance.py:2330} INFO - Executing <Task(PythonOperator): fetch_and_compute_spread_btc_mxn> on 2024-07-14 04:20:00+00:00
[2024-07-14T09:00:50.810+0000] {warnings.py:112} WARNING - /home/***/.local/lib/python3.12/site-packages/***/task/task_runner/standard_task_runner.py:61: DeprecationWarning: This process (pid=1709) is multi-threaded, use of fork() may lead to deadlocks in the child.
  pid = os.fork()

[2024-07-14T09:00:50.823+0000] {standard_task_runner.py:63} INFO - Started process 1736 to run task
[2024-07-14T09:00:50.813+0000] {standard_task_runner.py:90} INFO - Running: ['***', 'tasks', 'run', 'fetch_spread_values', 'fetch_and_compute_spread_btc_mxn', 'scheduled__2024-07-14T04:20:00+00:00', '--job-id', '548', '--raw', '--subdir', 'DAGS_FOLDER/***.py', '--cfg-path', '/tmp/tmp92wj66a6']
[2024-07-14T09:00:50.832+0000] {standard_task_runner.py:91} INFO - Job 548: Subtask fetch_and_compute_spread_btc_mxn
[2024-07-14T09:00:50.895+0000] {task_command.py:426} INFO - Running <TaskInstance: fetch_spread_values.fetch_and_compute_spread_btc_mxn scheduled__2024-07-14T04:20:00+00:00 [running]> on host d537c34a4880
[2024-07-14T09:00:51.015+0000] {taskinstance.py:2648} INFO - Exporting env vars: AIRFLOW_CTX_DAG_OWNER='***' AIRFLOW_CTX_DAG_ID='fetch_spread_values' AIRFLOW_CTX_TASK_ID='fetch_and_compute_spread_btc_mxn' AIRFLOW_CTX_EXECUTION_DATE='2024-07-14T04:20:00+00:00' AIRFLOW_CTX_TRY_NUMBER='1' AIRFLOW_CTX_DAG_RUN_ID='scheduled__2024-07-14T04:20:00+00:00'
[2024-07-14T09:00:51.018+0000] {taskinstance.py:430} INFO - ::endgroup::
[2024-07-14T09:00:51.201+0000] {python.py:237} INFO - Done. Returned value was: None
[2024-07-14T09:00:51.205+0000] {taskinstance.py:441} INFO - ::group::Post task execution logs
[2024-07-14T09:00:51.221+0000] {taskinstance.py:1206} INFO - Marking task as SUCCESS. dag_id=fetch_spread_values, task_id=fetch_and_compute_spread_btc_mxn, run_id=scheduled__2024-07-14T04:20:00+00:00, execution_date=20240714T042000, start_date=20240714T090050, end_date=20240714T090051
[2024-07-14T09:00:51.268+0000] {local_task_job_runner.py:240} INFO - Task exited with return code 0
[2024-07-14T09:00:51.329+0000] {taskinstance.py:3503} INFO - 0 downstream tasks scheduled from follow-on schedule check
[2024-07-14T09:00:51.334+0000] {local_task_job_runner.py:222} INFO - ::endgroup::
[2024-07-14T20:33:57.359+0000] {local_task_job_runner.py:120} INFO - ::group::Pre task execution logs
[2024-07-14T20:33:57.406+0000] {taskinstance.py:2076} INFO - Dependencies all met for dep_context=non-requeueable deps ti=<TaskInstance: fetch_spread_values.fetch_and_compute_spread_btc_mxn scheduled__2024-07-14T04:20:00+00:00 [queued]>
[2024-07-14T20:33:57.417+0000] {taskinstance.py:2076} INFO - Dependencies all met for dep_context=requeueable deps ti=<TaskInstance: fetch_spread_values.fetch_and_compute_spread_btc_mxn scheduled__2024-07-14T04:20:00+00:00 [queued]>
[2024-07-14T20:33:57.420+0000] {taskinstance.py:2306} INFO - Starting attempt 1 of 2
[2024-07-14T20:33:57.447+0000] {taskinstance.py:2330} INFO - Executing <Task(PythonOperator): fetch_and_compute_spread_btc_mxn> on 2024-07-14 04:20:00+00:00
[2024-07-14T20:33:57.456+0000] {logging_mixin.py:188} WARNING - /home/***/.local/lib/python3.12/site-packages/***/task/task_runner/standard_task_runner.py:61 DeprecationWarning: This process (pid=1242) is multi-threaded, use of fork() may lead to deadlocks in the child.
[2024-07-14T20:33:57.459+0000] {standard_task_runner.py:63} INFO - Started process 1254 to run task
[2024-07-14T20:33:57.463+0000] {standard_task_runner.py:90} INFO - Running: ['***', 'tasks', 'run', 'fetch_spread_values', 'fetch_and_compute_spread_btc_mxn', 'scheduled__2024-07-14T04:20:00+00:00', '--job-id', '525', '--raw', '--subdir', 'DAGS_FOLDER/***.py', '--cfg-path', '/tmp/tmp9llj0syz']
[2024-07-14T20:33:57.469+0000] {standard_task_runner.py:91} INFO - Job 525: Subtask fetch_and_compute_spread_btc_mxn
[2024-07-14T20:33:57.558+0000] {task_command.py:426} INFO - Running <TaskInstance: fetch_spread_values.fetch_and_compute_spread_btc_mxn scheduled__2024-07-14T04:20:00+00:00 [running]> on host 77caf7e4b282
[2024-07-14T20:33:57.675+0000] {taskinstance.py:2648} INFO - Exporting env vars: AIRFLOW_CTX_DAG_OWNER='***' AIRFLOW_CTX_DAG_ID='fetch_spread_values' AIRFLOW_CTX_TASK_ID='fetch_and_compute_spread_btc_mxn' AIRFLOW_CTX_EXECUTION_DATE='2024-07-14T04:20:00+00:00' AIRFLOW_CTX_TRY_NUMBER='1' AIRFLOW_CTX_DAG_RUN_ID='scheduled__2024-07-14T04:20:00+00:00'
[2024-07-14T20:33:57.678+0000] {taskinstance.py:430} INFO - ::endgroup::
[2024-07-14T20:33:57.875+0000] {python.py:237} INFO - Done. Returned value was: None
[2024-07-14T20:33:57.876+0000] {taskinstance.py:441} INFO - ::group::Post task execution logs
[2024-07-14T20:33:57.881+0000] {taskinstance.py:1206} INFO - Marking task as SUCCESS. dag_id=fetch_spread_values, task_id=fetch_and_compute_spread_btc_mxn, run_id=scheduled__2024-07-14T04:20:00+00:00, execution_date=20240714T042000, start_date=20240714T203357, end_date=20240714T203357
[2024-07-14T20:33:57.906+0000] {local_task_job_runner.py:240} INFO - Task exited with return code 0
[2024-07-14T20:33:57.915+0000] {taskinstance.py:3503} INFO - 0 downstream tasks scheduled from follow-on schedule check
[2024-07-14T20:33:57.916+0000] {local_task_job_runner.py:222} INFO - ::endgroup::
