[2024-07-14T09:02:33.442+0000] {local_task_job_runner.py:120} INFO - ::group::Pre task execution logs
[2024-07-14T09:02:33.473+0000] {taskinstance.py:2076} INFO - Dependencies all met for dep_context=non-requeueable deps ti=<TaskInstance: fetch_spread_values.fetch_and_compute_spread_usd_mxn scheduled__2024-07-14T06:18:00+00:00 [queued]>
[2024-07-14T09:02:33.546+0000] {taskinstance.py:2076} INFO - Dependencies all met for dep_context=requeueable deps ti=<TaskInstance: fetch_spread_values.fetch_and_compute_spread_usd_mxn scheduled__2024-07-14T06:18:00+00:00 [queued]>
[2024-07-14T09:02:33.550+0000] {taskinstance.py:2306} INFO - Starting attempt 1 of 2
[2024-07-14T09:02:33.594+0000] {taskinstance.py:2330} INFO - Executing <Task(PythonOperator): fetch_and_compute_spread_usd_mxn> on 2024-07-14 06:18:00+00:00
[2024-07-14T09:02:33.647+0000] {warnings.py:112} WARNING - /home/***/.local/lib/python3.12/site-packages/***/task/task_runner/standard_task_runner.py:61: DeprecationWarning: This process (pid=2441) is multi-threaded, use of fork() may lead to deadlocks in the child.
  pid = os.fork()

[2024-07-14T09:02:33.649+0000] {standard_task_runner.py:90} INFO - Running: ['***', 'tasks', 'run', 'fetch_spread_values', 'fetch_and_compute_spread_usd_mxn', 'scheduled__2024-07-14T06:18:00+00:00', '--job-id', '787', '--raw', '--subdir', 'DAGS_FOLDER/***.py', '--cfg-path', '/tmp/tmpjsks44oz']
[2024-07-14T09:02:33.663+0000] {standard_task_runner.py:91} INFO - Job 787: Subtask fetch_and_compute_spread_usd_mxn
[2024-07-14T09:02:33.654+0000] {standard_task_runner.py:63} INFO - Started process 2477 to run task
[2024-07-14T09:02:33.790+0000] {task_command.py:426} INFO - Running <TaskInstance: fetch_spread_values.fetch_and_compute_spread_usd_mxn scheduled__2024-07-14T06:18:00+00:00 [running]> on host d537c34a4880
[2024-07-14T09:02:34.022+0000] {taskinstance.py:2648} INFO - Exporting env vars: AIRFLOW_CTX_DAG_OWNER='***' AIRFLOW_CTX_DAG_ID='fetch_spread_values' AIRFLOW_CTX_TASK_ID='fetch_and_compute_spread_usd_mxn' AIRFLOW_CTX_EXECUTION_DATE='2024-07-14T06:18:00+00:00' AIRFLOW_CTX_TRY_NUMBER='1' AIRFLOW_CTX_DAG_RUN_ID='scheduled__2024-07-14T06:18:00+00:00'
[2024-07-14T09:02:34.027+0000] {taskinstance.py:430} INFO - ::endgroup::
[2024-07-14T09:02:34.329+0000] {python.py:237} INFO - Done. Returned value was: None
[2024-07-14T09:02:34.358+0000] {taskinstance.py:441} INFO - ::group::Post task execution logs
[2024-07-14T09:02:34.388+0000] {taskinstance.py:1206} INFO - Marking task as SUCCESS. dag_id=fetch_spread_values, task_id=fetch_and_compute_spread_usd_mxn, run_id=scheduled__2024-07-14T06:18:00+00:00, execution_date=20240714T061800, start_date=20240714T090233, end_date=20240714T090234
[2024-07-14T09:02:34.491+0000] {local_task_job_runner.py:240} INFO - Task exited with return code 0
[2024-07-14T09:02:34.520+0000] {local_task_job_runner.py:222} INFO - ::endgroup::
[2024-07-14T20:34:52.063+0000] {local_task_job_runner.py:120} INFO - ::group::Pre task execution logs
[2024-07-14T20:34:52.083+0000] {taskinstance.py:2076} INFO - Dependencies all met for dep_context=non-requeueable deps ti=<TaskInstance: fetch_spread_values.fetch_and_compute_spread_usd_mxn scheduled__2024-07-14T06:18:00+00:00 [queued]>
[2024-07-14T20:34:52.090+0000] {taskinstance.py:2076} INFO - Dependencies all met for dep_context=requeueable deps ti=<TaskInstance: fetch_spread_values.fetch_and_compute_spread_usd_mxn scheduled__2024-07-14T06:18:00+00:00 [queued]>
[2024-07-14T20:34:52.090+0000] {taskinstance.py:2306} INFO - Starting attempt 1 of 2
[2024-07-14T20:34:52.099+0000] {taskinstance.py:2330} INFO - Executing <Task(PythonOperator): fetch_and_compute_spread_usd_mxn> on 2024-07-14 06:18:00+00:00
[2024-07-14T20:34:52.102+0000] {logging_mixin.py:188} WARNING - /home/***/.local/lib/python3.12/site-packages/***/task/task_runner/standard_task_runner.py:61 DeprecationWarning: This process (pid=1803) is multi-threaded, use of fork() may lead to deadlocks in the child.
[2024-07-14T20:34:52.103+0000] {standard_task_runner.py:63} INFO - Started process 1804 to run task
[2024-07-14T20:34:52.102+0000] {standard_task_runner.py:90} INFO - Running: ['***', 'tasks', 'run', 'fetch_spread_values', 'fetch_and_compute_spread_usd_mxn', 'scheduled__2024-07-14T06:18:00+00:00', '--job-id', '797', '--raw', '--subdir', 'DAGS_FOLDER/***.py', '--cfg-path', '/tmp/tmp23wv38vw']
[2024-07-14T20:34:52.104+0000] {standard_task_runner.py:91} INFO - Job 797: Subtask fetch_and_compute_spread_usd_mxn
[2024-07-14T20:34:52.149+0000] {task_command.py:426} INFO - Running <TaskInstance: fetch_spread_values.fetch_and_compute_spread_usd_mxn scheduled__2024-07-14T06:18:00+00:00 [running]> on host 77caf7e4b282
[2024-07-14T20:34:52.222+0000] {taskinstance.py:2648} INFO - Exporting env vars: AIRFLOW_CTX_DAG_OWNER='***' AIRFLOW_CTX_DAG_ID='fetch_spread_values' AIRFLOW_CTX_TASK_ID='fetch_and_compute_spread_usd_mxn' AIRFLOW_CTX_EXECUTION_DATE='2024-07-14T06:18:00+00:00' AIRFLOW_CTX_TRY_NUMBER='1' AIRFLOW_CTX_DAG_RUN_ID='scheduled__2024-07-14T06:18:00+00:00'
[2024-07-14T20:34:52.224+0000] {taskinstance.py:430} INFO - ::endgroup::
[2024-07-14T20:34:52.482+0000] {python.py:237} INFO - Done. Returned value was: None
[2024-07-14T20:34:52.483+0000] {taskinstance.py:441} INFO - ::group::Post task execution logs
[2024-07-14T20:34:52.489+0000] {taskinstance.py:1206} INFO - Marking task as SUCCESS. dag_id=fetch_spread_values, task_id=fetch_and_compute_spread_usd_mxn, run_id=scheduled__2024-07-14T06:18:00+00:00, execution_date=20240714T061800, start_date=20240714T203452, end_date=20240714T203452
[2024-07-14T20:34:52.538+0000] {local_task_job_runner.py:240} INFO - Task exited with return code 0
[2024-07-14T20:34:52.547+0000] {taskinstance.py:3503} INFO - 0 downstream tasks scheduled from follow-on schedule check
[2024-07-14T20:34:52.548+0000] {local_task_job_runner.py:222} INFO - ::endgroup::
