[2024-07-14T09:03:35.327+0000] {local_task_job_runner.py:120} INFO - ::group::Pre task execution logs
[2024-07-14T09:03:35.434+0000] {taskinstance.py:2076} INFO - Dependencies all met for dep_context=non-requeueable deps ti=<TaskInstance: fetch_spread_values.fetch_and_compute_spread_usd_mxn scheduled__2024-07-14T07:25:00+00:00 [queued]>
[2024-07-14T09:03:35.453+0000] {taskinstance.py:2076} INFO - Dependencies all met for dep_context=requeueable deps ti=<TaskInstance: fetch_spread_values.fetch_and_compute_spread_usd_mxn scheduled__2024-07-14T07:25:00+00:00 [queued]>
[2024-07-14T09:03:35.460+0000] {taskinstance.py:2306} INFO - Starting attempt 1 of 2
[2024-07-14T09:03:35.579+0000] {taskinstance.py:2330} INFO - Executing <Task(PythonOperator): fetch_and_compute_spread_usd_mxn> on 2024-07-14 07:25:00+00:00
[2024-07-14T09:03:35.591+0000] {warnings.py:112} WARNING - /home/***/.local/lib/python3.12/site-packages/***/task/task_runner/standard_task_runner.py:61: DeprecationWarning: This process (pid=2868) is multi-threaded, use of fork() may lead to deadlocks in the child.
  pid = os.fork()

[2024-07-14T09:03:35.599+0000] {standard_task_runner.py:63} INFO - Started process 2898 to run task
[2024-07-14T09:03:35.597+0000] {standard_task_runner.py:90} INFO - Running: ['***', 'tasks', 'run', 'fetch_spread_values', 'fetch_and_compute_spread_usd_mxn', 'scheduled__2024-07-14T07:25:00+00:00', '--job-id', '922', '--raw', '--subdir', 'DAGS_FOLDER/***.py', '--cfg-path', '/tmp/tmpe9n99qlu']
[2024-07-14T09:03:35.605+0000] {standard_task_runner.py:91} INFO - Job 922: Subtask fetch_and_compute_spread_usd_mxn
[2024-07-14T09:03:35.818+0000] {task_command.py:426} INFO - Running <TaskInstance: fetch_spread_values.fetch_and_compute_spread_usd_mxn scheduled__2024-07-14T07:25:00+00:00 [running]> on host d537c34a4880
[2024-07-14T09:03:35.989+0000] {taskinstance.py:2648} INFO - Exporting env vars: AIRFLOW_CTX_DAG_OWNER='***' AIRFLOW_CTX_DAG_ID='fetch_spread_values' AIRFLOW_CTX_TASK_ID='fetch_and_compute_spread_usd_mxn' AIRFLOW_CTX_EXECUTION_DATE='2024-07-14T07:25:00+00:00' AIRFLOW_CTX_TRY_NUMBER='1' AIRFLOW_CTX_DAG_RUN_ID='scheduled__2024-07-14T07:25:00+00:00'
[2024-07-14T09:03:35.997+0000] {taskinstance.py:430} INFO - ::endgroup::
[2024-07-14T09:03:36.326+0000] {python.py:237} INFO - Done. Returned value was: None
[2024-07-14T09:03:36.344+0000] {taskinstance.py:441} INFO - ::group::Post task execution logs
[2024-07-14T09:03:36.386+0000] {taskinstance.py:1206} INFO - Marking task as SUCCESS. dag_id=fetch_spread_values, task_id=fetch_and_compute_spread_usd_mxn, run_id=scheduled__2024-07-14T07:25:00+00:00, execution_date=20240714T072500, start_date=20240714T090335, end_date=20240714T090336
[2024-07-14T09:03:36.440+0000] {local_task_job_runner.py:240} INFO - Task exited with return code 0
[2024-07-14T09:03:36.484+0000] {taskinstance.py:3503} INFO - 0 downstream tasks scheduled from follow-on schedule check
[2024-07-14T09:03:36.513+0000] {local_task_job_runner.py:222} INFO - ::endgroup::
[2024-07-14T20:35:19.284+0000] {local_task_job_runner.py:120} INFO - ::group::Pre task execution logs
[2024-07-14T20:35:19.302+0000] {taskinstance.py:2076} INFO - Dependencies all met for dep_context=non-requeueable deps ti=<TaskInstance: fetch_spread_values.fetch_and_compute_spread_usd_mxn scheduled__2024-07-14T07:25:00+00:00 [queued]>
[2024-07-14T20:35:19.306+0000] {taskinstance.py:2076} INFO - Dependencies all met for dep_context=requeueable deps ti=<TaskInstance: fetch_spread_values.fetch_and_compute_spread_usd_mxn scheduled__2024-07-14T07:25:00+00:00 [queued]>
[2024-07-14T20:35:19.307+0000] {taskinstance.py:2306} INFO - Starting attempt 1 of 2
[2024-07-14T20:35:19.313+0000] {taskinstance.py:2330} INFO - Executing <Task(PythonOperator): fetch_and_compute_spread_usd_mxn> on 2024-07-14 07:25:00+00:00
[2024-07-14T20:35:19.317+0000] {logging_mixin.py:188} WARNING - /home/***/.local/lib/python3.12/site-packages/***/task/task_runner/standard_task_runner.py:61 DeprecationWarning: This process (pid=2188) is multi-threaded, use of fork() may lead to deadlocks in the child.
[2024-07-14T20:35:19.318+0000] {standard_task_runner.py:63} INFO - Started process 2193 to run task
[2024-07-14T20:35:19.317+0000] {standard_task_runner.py:90} INFO - Running: ['***', 'tasks', 'run', 'fetch_spread_values', 'fetch_and_compute_spread_usd_mxn', 'scheduled__2024-07-14T07:25:00+00:00', '--job-id', '989', '--raw', '--subdir', 'DAGS_FOLDER/***.py', '--cfg-path', '/tmp/tmpfixh7ieg']
[2024-07-14T20:35:19.319+0000] {standard_task_runner.py:91} INFO - Job 989: Subtask fetch_and_compute_spread_usd_mxn
[2024-07-14T20:35:19.344+0000] {task_command.py:426} INFO - Running <TaskInstance: fetch_spread_values.fetch_and_compute_spread_usd_mxn scheduled__2024-07-14T07:25:00+00:00 [running]> on host 77caf7e4b282
[2024-07-14T20:35:19.389+0000] {taskinstance.py:2648} INFO - Exporting env vars: AIRFLOW_CTX_DAG_OWNER='***' AIRFLOW_CTX_DAG_ID='fetch_spread_values' AIRFLOW_CTX_TASK_ID='fetch_and_compute_spread_usd_mxn' AIRFLOW_CTX_EXECUTION_DATE='2024-07-14T07:25:00+00:00' AIRFLOW_CTX_TRY_NUMBER='1' AIRFLOW_CTX_DAG_RUN_ID='scheduled__2024-07-14T07:25:00+00:00'
[2024-07-14T20:35:19.390+0000] {taskinstance.py:430} INFO - ::endgroup::
[2024-07-14T20:35:19.568+0000] {python.py:237} INFO - Done. Returned value was: None
[2024-07-14T20:35:19.570+0000] {taskinstance.py:441} INFO - ::group::Post task execution logs
[2024-07-14T20:35:19.579+0000] {taskinstance.py:1206} INFO - Marking task as SUCCESS. dag_id=fetch_spread_values, task_id=fetch_and_compute_spread_usd_mxn, run_id=scheduled__2024-07-14T07:25:00+00:00, execution_date=20240714T072500, start_date=20240714T203519, end_date=20240714T203519
[2024-07-14T20:35:19.586+0000] {local_task_job_runner.py:240} INFO - Task exited with return code 0
[2024-07-14T20:35:19.596+0000] {taskinstance.py:3503} INFO - 0 downstream tasks scheduled from follow-on schedule check
[2024-07-14T20:35:19.597+0000] {local_task_job_runner.py:222} INFO - ::endgroup::
