[2024-07-14T09:05:28.226+0000] {local_task_job_runner.py:120} INFO - ::group::Pre task execution logs
[2024-07-14T09:05:28.240+0000] {taskinstance.py:2076} INFO - Dependencies all met for dep_context=non-requeueable deps ti=<TaskInstance: save_spread_values.save_and_flush_task scheduled__2024-07-14T05:10:00+00:00 [queued]>
[2024-07-14T09:05:28.247+0000] {taskinstance.py:2076} INFO - Dependencies all met for dep_context=requeueable deps ti=<TaskInstance: save_spread_values.save_and_flush_task scheduled__2024-07-14T05:10:00+00:00 [queued]>
[2024-07-14T09:05:28.247+0000] {taskinstance.py:2306} INFO - Starting attempt 1 of 2
[2024-07-14T09:05:28.254+0000] {taskinstance.py:2330} INFO - Executing <Task(PythonOperator): save_and_flush_task> on 2024-07-14 05:10:00+00:00
[2024-07-14T09:05:28.258+0000] {warnings.py:112} WARNING - /home/***/.local/lib/python3.12/site-packages/***/task/task_runner/standard_task_runner.py:61: DeprecationWarning: This process (pid=3577) is multi-threaded, use of fork() may lead to deadlocks in the child.
  pid = os.fork()

[2024-07-14T09:05:28.258+0000] {standard_task_runner.py:63} INFO - Started process 3596 to run task
[2024-07-14T09:05:28.259+0000] {standard_task_runner.py:90} INFO - Running: ['***', 'tasks', 'run', 'save_spread_values', 'save_and_flush_task', 'scheduled__2024-07-14T05:10:00+00:00', '--job-id', '1150', '--raw', '--subdir', 'DAGS_FOLDER/***.py', '--cfg-path', '/tmp/tmptu7u1ymf']
[2024-07-14T09:05:28.261+0000] {standard_task_runner.py:91} INFO - Job 1150: Subtask save_and_flush_task
[2024-07-14T09:05:28.291+0000] {task_command.py:426} INFO - Running <TaskInstance: save_spread_values.save_and_flush_task scheduled__2024-07-14T05:10:00+00:00 [running]> on host d537c34a4880
[2024-07-14T09:05:28.343+0000] {taskinstance.py:2648} INFO - Exporting env vars: AIRFLOW_CTX_DAG_OWNER='***' AIRFLOW_CTX_DAG_ID='save_spread_values' AIRFLOW_CTX_TASK_ID='save_and_flush_task' AIRFLOW_CTX_EXECUTION_DATE='2024-07-14T05:10:00+00:00' AIRFLOW_CTX_TRY_NUMBER='1' AIRFLOW_CTX_DAG_RUN_ID='scheduled__2024-07-14T05:10:00+00:00'
[2024-07-14T09:05:28.344+0000] {taskinstance.py:430} INFO - ::endgroup::
[2024-07-14T09:05:28.344+0000] {python.py:237} INFO - Done. Returned value was: None
[2024-07-14T09:05:28.345+0000] {taskinstance.py:441} INFO - ::group::Post task execution logs
[2024-07-14T09:05:28.349+0000] {taskinstance.py:1206} INFO - Marking task as SUCCESS. dag_id=save_spread_values, task_id=save_and_flush_task, run_id=scheduled__2024-07-14T05:10:00+00:00, execution_date=20240714T051000, start_date=20240714T090528, end_date=20240714T090528
[2024-07-14T09:05:28.398+0000] {local_task_job_runner.py:240} INFO - Task exited with return code 0
[2024-07-14T09:05:28.411+0000] {taskinstance.py:3503} INFO - 0 downstream tasks scheduled from follow-on schedule check
[2024-07-14T09:05:28.412+0000] {local_task_job_runner.py:222} INFO - ::endgroup::
[2024-07-14T20:34:46.565+0000] {local_task_job_runner.py:120} INFO - ::group::Pre task execution logs
[2024-07-14T20:34:46.585+0000] {taskinstance.py:2076} INFO - Dependencies all met for dep_context=non-requeueable deps ti=<TaskInstance: save_spread_values.save_and_flush_task scheduled__2024-07-14T05:10:00+00:00 [queued]>
[2024-07-14T20:34:46.589+0000] {taskinstance.py:2076} INFO - Dependencies all met for dep_context=requeueable deps ti=<TaskInstance: save_spread_values.save_and_flush_task scheduled__2024-07-14T05:10:00+00:00 [queued]>
[2024-07-14T20:34:46.590+0000] {taskinstance.py:2306} INFO - Starting attempt 1 of 2
[2024-07-14T20:34:46.597+0000] {taskinstance.py:2330} INFO - Executing <Task(PythonOperator): save_and_flush_task> on 2024-07-14 05:10:00+00:00
[2024-07-14T20:34:46.601+0000] {logging_mixin.py:188} WARNING - /home/***/.local/lib/python3.12/site-packages/***/task/task_runner/standard_task_runner.py:61 DeprecationWarning: This process (pid=1768) is multi-threaded, use of fork() may lead to deadlocks in the child.
[2024-07-14T20:34:46.602+0000] {standard_task_runner.py:63} INFO - Started process 1771 to run task
[2024-07-14T20:34:46.601+0000] {standard_task_runner.py:90} INFO - Running: ['***', 'tasks', 'run', 'save_spread_values', 'save_and_flush_task', 'scheduled__2024-07-14T05:10:00+00:00', '--job-id', '784', '--raw', '--subdir', 'DAGS_FOLDER/***.py', '--cfg-path', '/tmp/tmpsxc5i3or']
[2024-07-14T20:34:46.603+0000] {standard_task_runner.py:91} INFO - Job 784: Subtask save_and_flush_task
[2024-07-14T20:34:46.632+0000] {task_command.py:426} INFO - Running <TaskInstance: save_spread_values.save_and_flush_task scheduled__2024-07-14T05:10:00+00:00 [running]> on host 77caf7e4b282
[2024-07-14T20:34:46.681+0000] {taskinstance.py:2648} INFO - Exporting env vars: AIRFLOW_CTX_DAG_OWNER='***' AIRFLOW_CTX_DAG_ID='save_spread_values' AIRFLOW_CTX_TASK_ID='save_and_flush_task' AIRFLOW_CTX_EXECUTION_DATE='2024-07-14T05:10:00+00:00' AIRFLOW_CTX_TRY_NUMBER='1' AIRFLOW_CTX_DAG_RUN_ID='scheduled__2024-07-14T05:10:00+00:00'
[2024-07-14T20:34:46.681+0000] {taskinstance.py:430} INFO - ::endgroup::
[2024-07-14T20:34:46.688+0000] {python.py:237} INFO - Done. Returned value was: None
[2024-07-14T20:34:46.688+0000] {taskinstance.py:441} INFO - ::group::Post task execution logs
[2024-07-14T20:34:46.694+0000] {taskinstance.py:1206} INFO - Marking task as SUCCESS. dag_id=save_spread_values, task_id=save_and_flush_task, run_id=scheduled__2024-07-14T05:10:00+00:00, execution_date=20240714T051000, start_date=20240714T203446, end_date=20240714T203446
[2024-07-14T20:34:46.703+0000] {local_task_job_runner.py:240} INFO - Task exited with return code 0
[2024-07-14T20:34:46.713+0000] {taskinstance.py:3503} INFO - 0 downstream tasks scheduled from follow-on schedule check
[2024-07-14T20:34:46.714+0000] {local_task_job_runner.py:222} INFO - ::endgroup::
[2024-07-15T06:31:27.424+0000] {local_task_job_runner.py:120} INFO - ::group::Pre task execution logs
[2024-07-15T06:31:27.446+0000] {taskinstance.py:2076} INFO - Dependencies all met for dep_context=non-requeueable deps ti=<TaskInstance: save_spread_values.save_and_flush_task scheduled__2024-07-14T05:10:00+00:00 [queued]>
[2024-07-15T06:31:27.451+0000] {taskinstance.py:2076} INFO - Dependencies all met for dep_context=requeueable deps ti=<TaskInstance: save_spread_values.save_and_flush_task scheduled__2024-07-14T05:10:00+00:00 [queued]>
[2024-07-15T06:31:27.452+0000] {taskinstance.py:2306} INFO - Starting attempt 1 of 2
[2024-07-15T06:31:27.461+0000] {taskinstance.py:2330} INFO - Executing <Task(PythonOperator): save_and_flush_task> on 2024-07-14 05:10:00+00:00
[2024-07-15T06:31:27.465+0000] {logging_mixin.py:188} WARNING - /home/***/.local/lib/python3.12/site-packages/***/task/task_runner/standard_task_runner.py:61 DeprecationWarning: This process (pid=2821) is multi-threaded, use of fork() may lead to deadlocks in the child.
[2024-07-15T06:31:27.466+0000] {standard_task_runner.py:63} INFO - Started process 2825 to run task
[2024-07-15T06:31:27.465+0000] {standard_task_runner.py:90} INFO - Running: ['***', 'tasks', 'run', 'save_spread_values', 'save_and_flush_task', 'scheduled__2024-07-14T05:10:00+00:00', '--job-id', '153', '--raw', '--subdir', 'DAGS_FOLDER/et_dag.py', '--cfg-path', '/tmp/tmpb32uor9f']
[2024-07-15T06:31:27.469+0000] {standard_task_runner.py:91} INFO - Job 153: Subtask save_and_flush_task
[2024-07-15T06:31:27.496+0000] {task_command.py:426} INFO - Running <TaskInstance: save_spread_values.save_and_flush_task scheduled__2024-07-14T05:10:00+00:00 [running]> on host 52e7a9c3d832
[2024-07-15T06:31:27.542+0000] {taskinstance.py:2648} INFO - Exporting env vars: AIRFLOW_CTX_DAG_OWNER='***' AIRFLOW_CTX_DAG_ID='save_spread_values' AIRFLOW_CTX_TASK_ID='save_and_flush_task' AIRFLOW_CTX_EXECUTION_DATE='2024-07-14T05:10:00+00:00' AIRFLOW_CTX_TRY_NUMBER='1' AIRFLOW_CTX_DAG_RUN_ID='scheduled__2024-07-14T05:10:00+00:00'
[2024-07-15T06:31:27.543+0000] {taskinstance.py:430} INFO - ::endgroup::
[2024-07-15T06:31:27.549+0000] {taskinstance.py:441} INFO - ::group::Post task execution logs
[2024-07-15T06:31:27.549+0000] {taskinstance.py:2905} ERROR - Task failed with exception
Traceback (most recent call last):
  File "/home/airflow/.local/lib/python3.12/site-packages/airflow/models/taskinstance.py", line 465, in _execute_task
    result = _execute_callable(context=context, **execute_callable_kwargs)
             ^^^^^^^^^^^^^^^^^^^^^^^^^^^^^^^^^^^^^^^^^^^^^^^^^^^^^^^^^^^^^
  File "/home/airflow/.local/lib/python3.12/site-packages/airflow/models/taskinstance.py", line 432, in _execute_callable
    return execute_callable(context=context, **execute_callable_kwargs)
           ^^^^^^^^^^^^^^^^^^^^^^^^^^^^^^^^^^^^^^^^^^^^^^^^^^^^^^^^^^^^
  File "/home/airflow/.local/lib/python3.12/site-packages/airflow/models/baseoperator.py", line 401, in wrapper
    return func(self, *args, **kwargs)
           ^^^^^^^^^^^^^^^^^^^^^^^^^^^
  File "/home/airflow/.local/lib/python3.12/site-packages/airflow/operators/python.py", line 235, in execute
    return_value = self.execute_callable()
                   ^^^^^^^^^^^^^^^^^^^^^^^
  File "/home/airflow/.local/lib/python3.12/site-packages/airflow/operators/python.py", line 252, in execute_callable
    return self.python_callable(*self.op_args, **self.op_kwargs)
           ^^^^^^^^^^^^^^^^^^^^^^^^^^^^^^^^^^^^^^^^^^^^^^^^^^^^^
  File "/opt/airflow/dags/et_dag.py", line 38, in trigger_save_and_flush
    logging('Invoking method to save data from records')
TypeError: 'module' object is not callable
[2024-07-15T06:31:27.555+0000] {taskinstance.py:1206} INFO - Marking task as UP_FOR_RETRY. dag_id=save_spread_values, task_id=save_and_flush_task, run_id=scheduled__2024-07-14T05:10:00+00:00, execution_date=20240714T051000, start_date=20240715T063127, end_date=20240715T063127
[2024-07-15T06:31:27.561+0000] {standard_task_runner.py:110} ERROR - Failed to execute job 153 for task save_and_flush_task ('module' object is not callable; 2825)
[2024-07-15T06:31:27.605+0000] {local_task_job_runner.py:240} INFO - Task exited with return code 1
[2024-07-15T06:31:27.615+0000] {taskinstance.py:3503} INFO - 0 downstream tasks scheduled from follow-on schedule check
[2024-07-15T06:31:27.617+0000] {local_task_job_runner.py:222} INFO - ::endgroup::
