[2024-07-14T09:01:57.404+0000] {local_task_job_runner.py:120} INFO - ::group::Pre task execution logs
[2024-07-14T09:01:57.528+0000] {taskinstance.py:2076} INFO - Dependencies all met for dep_context=non-requeueable deps ti=<TaskInstance: fetch_spread_values.fetch_and_compute_spread_usd_mxn scheduled__2024-07-14T05:37:00+00:00 [queued]>
[2024-07-14T09:01:57.537+0000] {taskinstance.py:2076} INFO - Dependencies all met for dep_context=requeueable deps ti=<TaskInstance: fetch_spread_values.fetch_and_compute_spread_usd_mxn scheduled__2024-07-14T05:37:00+00:00 [queued]>
[2024-07-14T09:01:57.537+0000] {taskinstance.py:2306} INFO - Starting attempt 1 of 2
[2024-07-14T09:01:57.557+0000] {taskinstance.py:2330} INFO - Executing <Task(PythonOperator): fetch_and_compute_spread_usd_mxn> on 2024-07-14 05:37:00+00:00
[2024-07-14T09:01:57.565+0000] {warnings.py:112} WARNING - /home/***/.local/lib/python3.12/site-packages/***/task/task_runner/standard_task_runner.py:61: DeprecationWarning: This process (pid=2184) is multi-threaded, use of fork() may lead to deadlocks in the child.
  pid = os.fork()

[2024-07-14T09:01:57.567+0000] {standard_task_runner.py:63} INFO - Started process 2216 to run task
[2024-07-14T09:01:57.573+0000] {standard_task_runner.py:90} INFO - Running: ['***', 'tasks', 'run', 'fetch_spread_values', 'fetch_and_compute_spread_usd_mxn', 'scheduled__2024-07-14T05:37:00+00:00', '--job-id', '704', '--raw', '--subdir', 'DAGS_FOLDER/***.py', '--cfg-path', '/tmp/tmpynw0v_li']
[2024-07-14T09:01:57.596+0000] {standard_task_runner.py:91} INFO - Job 704: Subtask fetch_and_compute_spread_usd_mxn
[2024-07-14T09:01:57.737+0000] {task_command.py:426} INFO - Running <TaskInstance: fetch_spread_values.fetch_and_compute_spread_usd_mxn scheduled__2024-07-14T05:37:00+00:00 [running]> on host d537c34a4880
[2024-07-14T09:01:57.946+0000] {taskinstance.py:2648} INFO - Exporting env vars: AIRFLOW_CTX_DAG_OWNER='***' AIRFLOW_CTX_DAG_ID='fetch_spread_values' AIRFLOW_CTX_TASK_ID='fetch_and_compute_spread_usd_mxn' AIRFLOW_CTX_EXECUTION_DATE='2024-07-14T05:37:00+00:00' AIRFLOW_CTX_TRY_NUMBER='1' AIRFLOW_CTX_DAG_RUN_ID='scheduled__2024-07-14T05:37:00+00:00'
[2024-07-14T09:01:57.948+0000] {taskinstance.py:430} INFO - ::endgroup::
[2024-07-14T09:01:58.155+0000] {python.py:237} INFO - Done. Returned value was: None
[2024-07-14T09:01:58.160+0000] {taskinstance.py:441} INFO - ::group::Post task execution logs
[2024-07-14T09:01:58.176+0000] {taskinstance.py:1206} INFO - Marking task as SUCCESS. dag_id=fetch_spread_values, task_id=fetch_and_compute_spread_usd_mxn, run_id=scheduled__2024-07-14T05:37:00+00:00, execution_date=20240714T053700, start_date=20240714T090157, end_date=20240714T090158
[2024-07-14T09:01:58.237+0000] {local_task_job_runner.py:240} INFO - Task exited with return code 0
[2024-07-14T09:01:58.273+0000] {taskinstance.py:3503} INFO - 0 downstream tasks scheduled from follow-on schedule check
[2024-07-14T09:01:58.276+0000] {local_task_job_runner.py:222} INFO - ::endgroup::
[2024-07-14T20:34:32.789+0000] {local_task_job_runner.py:120} INFO - ::group::Pre task execution logs
[2024-07-14T20:34:32.825+0000] {taskinstance.py:2076} INFO - Dependencies all met for dep_context=non-requeueable deps ti=<TaskInstance: fetch_spread_values.fetch_and_compute_spread_usd_mxn scheduled__2024-07-14T05:37:00+00:00 [queued]>
[2024-07-14T20:34:32.837+0000] {taskinstance.py:2076} INFO - Dependencies all met for dep_context=requeueable deps ti=<TaskInstance: fetch_spread_values.fetch_and_compute_spread_usd_mxn scheduled__2024-07-14T05:37:00+00:00 [queued]>
[2024-07-14T20:34:32.839+0000] {taskinstance.py:2306} INFO - Starting attempt 1 of 2
[2024-07-14T20:34:32.853+0000] {taskinstance.py:2330} INFO - Executing <Task(PythonOperator): fetch_and_compute_spread_usd_mxn> on 2024-07-14 05:37:00+00:00
[2024-07-14T20:34:32.859+0000] {logging_mixin.py:188} WARNING - /home/***/.local/lib/python3.12/site-packages/***/task/task_runner/standard_task_runner.py:61 DeprecationWarning: This process (pid=1556) is multi-threaded, use of fork() may lead to deadlocks in the child.
[2024-07-14T20:34:32.861+0000] {standard_task_runner.py:63} INFO - Started process 1570 to run task
[2024-07-14T20:34:32.859+0000] {standard_task_runner.py:90} INFO - Running: ['***', 'tasks', 'run', 'fetch_spread_values', 'fetch_and_compute_spread_usd_mxn', 'scheduled__2024-07-14T05:37:00+00:00', '--job-id', '680', '--raw', '--subdir', 'DAGS_FOLDER/***.py', '--cfg-path', '/tmp/tmp_n5uhsy7']
[2024-07-14T20:34:32.873+0000] {standard_task_runner.py:91} INFO - Job 680: Subtask fetch_and_compute_spread_usd_mxn
[2024-07-14T20:34:32.944+0000] {task_command.py:426} INFO - Running <TaskInstance: fetch_spread_values.fetch_and_compute_spread_usd_mxn scheduled__2024-07-14T05:37:00+00:00 [running]> on host 77caf7e4b282
[2024-07-14T20:34:33.077+0000] {taskinstance.py:2648} INFO - Exporting env vars: AIRFLOW_CTX_DAG_OWNER='***' AIRFLOW_CTX_DAG_ID='fetch_spread_values' AIRFLOW_CTX_TASK_ID='fetch_and_compute_spread_usd_mxn' AIRFLOW_CTX_EXECUTION_DATE='2024-07-14T05:37:00+00:00' AIRFLOW_CTX_TRY_NUMBER='1' AIRFLOW_CTX_DAG_RUN_ID='scheduled__2024-07-14T05:37:00+00:00'
[2024-07-14T20:34:33.081+0000] {taskinstance.py:430} INFO - ::endgroup::
[2024-07-14T20:34:33.304+0000] {python.py:237} INFO - Done. Returned value was: None
[2024-07-14T20:34:33.306+0000] {taskinstance.py:441} INFO - ::group::Post task execution logs
[2024-07-14T20:34:33.313+0000] {taskinstance.py:1206} INFO - Marking task as SUCCESS. dag_id=fetch_spread_values, task_id=fetch_and_compute_spread_usd_mxn, run_id=scheduled__2024-07-14T05:37:00+00:00, execution_date=20240714T053700, start_date=20240714T203432, end_date=20240714T203433
[2024-07-14T20:34:33.338+0000] {local_task_job_runner.py:240} INFO - Task exited with return code 0
[2024-07-14T20:34:33.351+0000] {taskinstance.py:3503} INFO - 0 downstream tasks scheduled from follow-on schedule check
[2024-07-14T20:34:33.352+0000] {local_task_job_runner.py:222} INFO - ::endgroup::
