[2024-07-14T09:05:00.859+0000] {local_task_job_runner.py:120} INFO - ::group::Pre task execution logs
[2024-07-14T09:05:00.973+0000] {taskinstance.py:2076} INFO - Dependencies all met for dep_context=non-requeueable deps ti=<TaskInstance: save_spread_values.save_and_flush_task scheduled__2024-07-14T00:10:00+00:00 [queued]>
[2024-07-14T09:05:01.009+0000] {taskinstance.py:2076} INFO - Dependencies all met for dep_context=requeueable deps ti=<TaskInstance: save_spread_values.save_and_flush_task scheduled__2024-07-14T00:10:00+00:00 [queued]>
[2024-07-14T09:05:01.017+0000] {taskinstance.py:2306} INFO - Starting attempt 1 of 2
[2024-07-14T09:05:01.101+0000] {taskinstance.py:2330} INFO - Executing <Task(PythonOperator): save_and_flush_task> on 2024-07-14 00:10:00+00:00
[2024-07-14T09:05:01.170+0000] {warnings.py:112} WARNING - /home/***/.local/lib/python3.12/site-packages/***/task/task_runner/standard_task_runner.py:61: DeprecationWarning: This process (pid=3408) is multi-threaded, use of fork() may lead to deadlocks in the child.
  pid = os.fork()

[2024-07-14T09:05:01.185+0000] {standard_task_runner.py:63} INFO - Started process 3427 to run task
[2024-07-14T09:05:01.180+0000] {standard_task_runner.py:90} INFO - Running: ['***', 'tasks', 'run', 'save_spread_values', 'save_and_flush_task', 'scheduled__2024-07-14T00:10:00+00:00', '--job-id', '1091', '--raw', '--subdir', 'DAGS_FOLDER/***.py', '--cfg-path', '/tmp/tmp45q_geq9']
[2024-07-14T09:05:01.199+0000] {standard_task_runner.py:91} INFO - Job 1091: Subtask save_and_flush_task
[2024-07-14T09:05:01.569+0000] {task_command.py:426} INFO - Running <TaskInstance: save_spread_values.save_and_flush_task scheduled__2024-07-14T00:10:00+00:00 [running]> on host d537c34a4880
[2024-07-14T09:05:01.854+0000] {taskinstance.py:2648} INFO - Exporting env vars: AIRFLOW_CTX_DAG_OWNER='***' AIRFLOW_CTX_DAG_ID='save_spread_values' AIRFLOW_CTX_TASK_ID='save_and_flush_task' AIRFLOW_CTX_EXECUTION_DATE='2024-07-14T00:10:00+00:00' AIRFLOW_CTX_TRY_NUMBER='1' AIRFLOW_CTX_DAG_RUN_ID='scheduled__2024-07-14T00:10:00+00:00'
[2024-07-14T09:05:01.875+0000] {taskinstance.py:430} INFO - ::endgroup::
[2024-07-14T09:05:01.889+0000] {python.py:237} INFO - Done. Returned value was: None
[2024-07-14T09:05:01.890+0000] {taskinstance.py:441} INFO - ::group::Post task execution logs
[2024-07-14T09:05:01.931+0000] {taskinstance.py:1206} INFO - Marking task as SUCCESS. dag_id=save_spread_values, task_id=save_and_flush_task, run_id=scheduled__2024-07-14T00:10:00+00:00, execution_date=20240714T001000, start_date=20240714T090500, end_date=20240714T090501
[2024-07-14T09:05:02.071+0000] {local_task_job_runner.py:240} INFO - Task exited with return code 0
[2024-07-14T09:05:02.193+0000] {taskinstance.py:3503} INFO - 0 downstream tasks scheduled from follow-on schedule check
[2024-07-14T09:05:02.216+0000] {local_task_job_runner.py:222} INFO - ::endgroup::
[2024-07-14T20:34:35.552+0000] {local_task_job_runner.py:120} INFO - ::group::Pre task execution logs
[2024-07-14T20:34:35.587+0000] {taskinstance.py:2076} INFO - Dependencies all met for dep_context=non-requeueable deps ti=<TaskInstance: save_spread_values.save_and_flush_task scheduled__2024-07-14T00:10:00+00:00 [queued]>
[2024-07-14T20:34:35.593+0000] {taskinstance.py:2076} INFO - Dependencies all met for dep_context=requeueable deps ti=<TaskInstance: save_spread_values.save_and_flush_task scheduled__2024-07-14T00:10:00+00:00 [queued]>
[2024-07-14T20:34:35.594+0000] {taskinstance.py:2306} INFO - Starting attempt 1 of 2
[2024-07-14T20:34:35.610+0000] {taskinstance.py:2330} INFO - Executing <Task(PythonOperator): save_and_flush_task> on 2024-07-14 00:10:00+00:00
[2024-07-14T20:34:35.614+0000] {standard_task_runner.py:90} INFO - Running: ['***', 'tasks', 'run', 'save_spread_values', 'save_and_flush_task', 'scheduled__2024-07-14T00:10:00+00:00', '--job-id', '692', '--raw', '--subdir', 'DAGS_FOLDER/***.py', '--cfg-path', '/tmp/tmpmdpspryg']
[2024-07-14T20:34:35.622+0000] {standard_task_runner.py:91} INFO - Job 692: Subtask save_and_flush_task
[2024-07-14T20:34:35.614+0000] {logging_mixin.py:188} WARNING - /home/***/.local/lib/python3.12/site-packages/***/task/task_runner/standard_task_runner.py:61 DeprecationWarning: This process (pid=1583) is multi-threaded, use of fork() may lead to deadlocks in the child.
[2024-07-14T20:34:35.629+0000] {standard_task_runner.py:63} INFO - Started process 1595 to run task
[2024-07-14T20:34:35.702+0000] {task_command.py:426} INFO - Running <TaskInstance: save_spread_values.save_and_flush_task scheduled__2024-07-14T00:10:00+00:00 [running]> on host 77caf7e4b282
[2024-07-14T20:34:35.901+0000] {taskinstance.py:2648} INFO - Exporting env vars: AIRFLOW_CTX_DAG_OWNER='***' AIRFLOW_CTX_DAG_ID='save_spread_values' AIRFLOW_CTX_TASK_ID='save_and_flush_task' AIRFLOW_CTX_EXECUTION_DATE='2024-07-14T00:10:00+00:00' AIRFLOW_CTX_TRY_NUMBER='1' AIRFLOW_CTX_DAG_RUN_ID='scheduled__2024-07-14T00:10:00+00:00'
[2024-07-14T20:34:35.906+0000] {taskinstance.py:430} INFO - ::endgroup::
[2024-07-14T20:34:35.938+0000] {python.py:237} INFO - Done. Returned value was: None
[2024-07-14T20:34:35.940+0000] {taskinstance.py:441} INFO - ::group::Post task execution logs
[2024-07-14T20:34:35.960+0000] {taskinstance.py:1206} INFO - Marking task as SUCCESS. dag_id=save_spread_values, task_id=save_and_flush_task, run_id=scheduled__2024-07-14T00:10:00+00:00, execution_date=20240714T001000, start_date=20240714T203435, end_date=20240714T203435
[2024-07-14T20:34:36.022+0000] {local_task_job_runner.py:240} INFO - Task exited with return code 0
[2024-07-14T20:34:36.054+0000] {taskinstance.py:3503} INFO - 0 downstream tasks scheduled from follow-on schedule check
[2024-07-14T20:34:36.077+0000] {local_task_job_runner.py:222} INFO - ::endgroup::
[2024-07-15T06:30:19.841+0000] {local_task_job_runner.py:120} INFO - ::group::Pre task execution logs
[2024-07-15T06:30:19.863+0000] {taskinstance.py:2076} INFO - Dependencies all met for dep_context=non-requeueable deps ti=<TaskInstance: save_spread_values.save_and_flush_task scheduled__2024-07-14T00:10:00+00:00 [queued]>
[2024-07-15T06:30:19.872+0000] {taskinstance.py:2076} INFO - Dependencies all met for dep_context=requeueable deps ti=<TaskInstance: save_spread_values.save_and_flush_task scheduled__2024-07-14T00:10:00+00:00 [queued]>
[2024-07-15T06:30:19.875+0000] {taskinstance.py:2306} INFO - Starting attempt 1 of 2
[2024-07-15T06:30:19.934+0000] {taskinstance.py:2330} INFO - Executing <Task(PythonOperator): save_and_flush_task> on 2024-07-14 00:10:00+00:00
[2024-07-15T06:30:19.940+0000] {logging_mixin.py:188} WARNING - /home/***/.local/lib/python3.12/site-packages/***/task/task_runner/standard_task_runner.py:61 DeprecationWarning: This process (pid=2552) is multi-threaded, use of fork() may lead to deadlocks in the child.
[2024-07-15T06:30:19.942+0000] {standard_task_runner.py:63} INFO - Started process 2561 to run task
[2024-07-15T06:30:19.944+0000] {standard_task_runner.py:90} INFO - Running: ['***', 'tasks', 'run', 'save_spread_values', 'save_and_flush_task', 'scheduled__2024-07-14T00:10:00+00:00', '--job-id', '32', '--raw', '--subdir', 'DAGS_FOLDER/et_dag.py', '--cfg-path', '/tmp/tmpaj17q2ps']
[2024-07-15T06:30:19.949+0000] {standard_task_runner.py:91} INFO - Job 32: Subtask save_and_flush_task
[2024-07-15T06:30:20.012+0000] {task_command.py:426} INFO - Running <TaskInstance: save_spread_values.save_and_flush_task scheduled__2024-07-14T00:10:00+00:00 [running]> on host 52e7a9c3d832
[2024-07-15T06:30:20.080+0000] {taskinstance.py:2648} INFO - Exporting env vars: AIRFLOW_CTX_DAG_OWNER='***' AIRFLOW_CTX_DAG_ID='save_spread_values' AIRFLOW_CTX_TASK_ID='save_and_flush_task' AIRFLOW_CTX_EXECUTION_DATE='2024-07-14T00:10:00+00:00' AIRFLOW_CTX_TRY_NUMBER='1' AIRFLOW_CTX_DAG_RUN_ID='scheduled__2024-07-14T00:10:00+00:00'
[2024-07-15T06:30:20.082+0000] {taskinstance.py:430} INFO - ::endgroup::
[2024-07-15T06:30:20.088+0000] {taskinstance.py:441} INFO - ::group::Post task execution logs
[2024-07-15T06:30:20.090+0000] {taskinstance.py:2905} ERROR - Task failed with exception
Traceback (most recent call last):
  File "/home/airflow/.local/lib/python3.12/site-packages/airflow/models/taskinstance.py", line 465, in _execute_task
    result = _execute_callable(context=context, **execute_callable_kwargs)
             ^^^^^^^^^^^^^^^^^^^^^^^^^^^^^^^^^^^^^^^^^^^^^^^^^^^^^^^^^^^^^
  File "/home/airflow/.local/lib/python3.12/site-packages/airflow/models/taskinstance.py", line 432, in _execute_callable
    return execute_callable(context=context, **execute_callable_kwargs)
           ^^^^^^^^^^^^^^^^^^^^^^^^^^^^^^^^^^^^^^^^^^^^^^^^^^^^^^^^^^^^
  File "/home/airflow/.local/lib/python3.12/site-packages/airflow/models/baseoperator.py", line 401, in wrapper
    return func(self, *args, **kwargs)
           ^^^^^^^^^^^^^^^^^^^^^^^^^^^
  File "/home/airflow/.local/lib/python3.12/site-packages/airflow/operators/python.py", line 235, in execute
    return_value = self.execute_callable()
                   ^^^^^^^^^^^^^^^^^^^^^^^
  File "/home/airflow/.local/lib/python3.12/site-packages/airflow/operators/python.py", line 252, in execute_callable
    return self.python_callable(*self.op_args, **self.op_kwargs)
           ^^^^^^^^^^^^^^^^^^^^^^^^^^^^^^^^^^^^^^^^^^^^^^^^^^^^^
  File "/opt/airflow/dags/et_dag.py", line 38, in trigger_save_and_flush
    logging('Invoking method to save data from records')
TypeError: 'module' object is not callable
[2024-07-15T06:30:20.103+0000] {taskinstance.py:1206} INFO - Marking task as UP_FOR_RETRY. dag_id=save_spread_values, task_id=save_and_flush_task, run_id=scheduled__2024-07-14T00:10:00+00:00, execution_date=20240714T001000, start_date=20240715T063019, end_date=20240715T063020
[2024-07-15T06:30:20.133+0000] {standard_task_runner.py:110} ERROR - Failed to execute job 32 for task save_and_flush_task ('module' object is not callable; 2561)
[2024-07-15T06:30:20.175+0000] {local_task_job_runner.py:240} INFO - Task exited with return code 1
[2024-07-15T06:30:20.188+0000] {local_task_job_runner.py:222} INFO - ::endgroup::
