[2024-07-14T12:50:21.193+0000] {local_task_job_runner.py:120} INFO - ::group::Pre task execution logs
[2024-07-14T12:50:21.294+0000] {taskinstance.py:2076} INFO - Dependencies all met for dep_context=non-requeueable deps ti=<TaskInstance: fetch_spread_values.fetch_and_compute_spread_btc_mxn scheduled__2024-07-14T12:34:00+00:00 [queued]>
[2024-07-14T12:50:21.304+0000] {taskinstance.py:2076} INFO - Dependencies all met for dep_context=requeueable deps ti=<TaskInstance: fetch_spread_values.fetch_and_compute_spread_btc_mxn scheduled__2024-07-14T12:34:00+00:00 [queued]>
[2024-07-14T12:50:21.307+0000] {taskinstance.py:2306} INFO - Starting attempt 1 of 2
[2024-07-14T12:50:21.389+0000] {taskinstance.py:2330} INFO - Executing <Task(PythonOperator): fetch_and_compute_spread_btc_mxn> on 2024-07-14 12:34:00+00:00
[2024-07-14T12:50:21.410+0000] {warnings.py:112} WARNING - /home/***/.local/lib/python3.12/site-packages/***/task/task_runner/standard_task_runner.py:61: DeprecationWarning: This process (pid=5384) is multi-threaded, use of fork() may lead to deadlocks in the child.
  pid = os.fork()

[2024-07-14T12:50:21.420+0000] {standard_task_runner.py:63} INFO - Started process 5413 to run task
[2024-07-14T12:50:21.418+0000] {standard_task_runner.py:90} INFO - Running: ['***', 'tasks', 'run', 'fetch_spread_values', 'fetch_and_compute_spread_btc_mxn', 'scheduled__2024-07-14T12:34:00+00:00', '--job-id', '1618', '--raw', '--subdir', 'DAGS_FOLDER/***.py', '--cfg-path', '/tmp/tmpzuq9_wpk']
[2024-07-14T12:50:21.497+0000] {standard_task_runner.py:91} INFO - Job 1618: Subtask fetch_and_compute_spread_btc_mxn
[2024-07-14T12:50:21.733+0000] {task_command.py:426} INFO - Running <TaskInstance: fetch_spread_values.fetch_and_compute_spread_btc_mxn scheduled__2024-07-14T12:34:00+00:00 [running]> on host d537c34a4880
[2024-07-14T12:50:21.963+0000] {taskinstance.py:2648} INFO - Exporting env vars: AIRFLOW_CTX_DAG_OWNER='***' AIRFLOW_CTX_DAG_ID='fetch_spread_values' AIRFLOW_CTX_TASK_ID='fetch_and_compute_spread_btc_mxn' AIRFLOW_CTX_EXECUTION_DATE='2024-07-14T12:34:00+00:00' AIRFLOW_CTX_TRY_NUMBER='1' AIRFLOW_CTX_DAG_RUN_ID='scheduled__2024-07-14T12:34:00+00:00'
[2024-07-14T12:50:21.975+0000] {taskinstance.py:430} INFO - ::endgroup::
[2024-07-14T12:50:22.665+0000] {python.py:237} INFO - Done. Returned value was: None
[2024-07-14T12:50:22.734+0000] {taskinstance.py:441} INFO - ::group::Post task execution logs
[2024-07-14T12:50:22.785+0000] {taskinstance.py:1206} INFO - Marking task as SUCCESS. dag_id=fetch_spread_values, task_id=fetch_and_compute_spread_btc_mxn, run_id=scheduled__2024-07-14T12:34:00+00:00, execution_date=20240714T123400, start_date=20240714T125021, end_date=20240714T125022
[2024-07-14T12:50:22.955+0000] {local_task_job_runner.py:240} INFO - Task exited with return code 0
[2024-07-14T12:50:23.035+0000] {taskinstance.py:3503} INFO - 0 downstream tasks scheduled from follow-on schedule check
[2024-07-14T12:50:23.081+0000] {local_task_job_runner.py:222} INFO - ::endgroup::
[2024-07-14T20:37:39.566+0000] {local_task_job_runner.py:120} INFO - ::group::Pre task execution logs
[2024-07-14T20:37:39.589+0000] {taskinstance.py:2076} INFO - Dependencies all met for dep_context=non-requeueable deps ti=<TaskInstance: fetch_spread_values.fetch_and_compute_spread_btc_mxn scheduled__2024-07-14T12:34:00+00:00 [queued]>
[2024-07-14T20:37:39.606+0000] {taskinstance.py:2076} INFO - Dependencies all met for dep_context=requeueable deps ti=<TaskInstance: fetch_spread_values.fetch_and_compute_spread_btc_mxn scheduled__2024-07-14T12:34:00+00:00 [queued]>
[2024-07-14T20:37:39.611+0000] {taskinstance.py:2306} INFO - Starting attempt 1 of 2
[2024-07-14T20:37:39.627+0000] {taskinstance.py:2330} INFO - Executing <Task(PythonOperator): fetch_and_compute_spread_btc_mxn> on 2024-07-14 12:34:00+00:00
[2024-07-14T20:37:39.634+0000] {logging_mixin.py:188} WARNING - /home/***/.local/lib/python3.12/site-packages/***/task/task_runner/standard_task_runner.py:61 DeprecationWarning: This process (pid=3502) is multi-threaded, use of fork() may lead to deadlocks in the child.
[2024-07-14T20:37:39.636+0000] {standard_task_runner.py:63} INFO - Started process 3510 to run task
[2024-07-14T20:37:39.636+0000] {standard_task_runner.py:90} INFO - Running: ['***', 'tasks', 'run', 'fetch_spread_values', 'fetch_and_compute_spread_btc_mxn', 'scheduled__2024-07-14T12:34:00+00:00', '--job-id', '1636', '--raw', '--subdir', 'DAGS_FOLDER/***.py', '--cfg-path', '/tmp/tmp7ubos3s6']
[2024-07-14T20:37:39.646+0000] {standard_task_runner.py:91} INFO - Job 1636: Subtask fetch_and_compute_spread_btc_mxn
[2024-07-14T20:37:39.722+0000] {task_command.py:426} INFO - Running <TaskInstance: fetch_spread_values.fetch_and_compute_spread_btc_mxn scheduled__2024-07-14T12:34:00+00:00 [running]> on host 77caf7e4b282
[2024-07-14T20:37:40.003+0000] {taskinstance.py:2648} INFO - Exporting env vars: AIRFLOW_CTX_DAG_OWNER='***' AIRFLOW_CTX_DAG_ID='fetch_spread_values' AIRFLOW_CTX_TASK_ID='fetch_and_compute_spread_btc_mxn' AIRFLOW_CTX_EXECUTION_DATE='2024-07-14T12:34:00+00:00' AIRFLOW_CTX_TRY_NUMBER='1' AIRFLOW_CTX_DAG_RUN_ID='scheduled__2024-07-14T12:34:00+00:00'
[2024-07-14T20:37:40.005+0000] {taskinstance.py:430} INFO - ::endgroup::
[2024-07-14T20:37:40.247+0000] {python.py:237} INFO - Done. Returned value was: None
[2024-07-14T20:37:40.251+0000] {taskinstance.py:441} INFO - ::group::Post task execution logs
[2024-07-14T20:37:40.268+0000] {taskinstance.py:1206} INFO - Marking task as SUCCESS. dag_id=fetch_spread_values, task_id=fetch_and_compute_spread_btc_mxn, run_id=scheduled__2024-07-14T12:34:00+00:00, execution_date=20240714T123400, start_date=20240714T203739, end_date=20240714T203740
[2024-07-14T20:37:40.354+0000] {local_task_job_runner.py:240} INFO - Task exited with return code 0
[2024-07-14T20:37:40.369+0000] {local_task_job_runner.py:222} INFO - ::endgroup::
