[2024-07-14T13:31:17.689+0000] {local_task_job_runner.py:120} INFO - ::group::Pre task execution logs
[2024-07-14T13:31:17.754+0000] {taskinstance.py:2076} INFO - Dependencies all met for dep_context=non-requeueable deps ti=<TaskInstance: fetch_spread_values.fetch_and_compute_spread_btc_mxn scheduled__2024-07-14T13:14:00+00:00 [queued]>
[2024-07-14T13:31:17.779+0000] {taskinstance.py:2076} INFO - Dependencies all met for dep_context=requeueable deps ti=<TaskInstance: fetch_spread_values.fetch_and_compute_spread_btc_mxn scheduled__2024-07-14T13:14:00+00:00 [queued]>
[2024-07-14T13:31:17.789+0000] {taskinstance.py:2306} INFO - Starting attempt 1 of 2
[2024-07-14T13:31:17.887+0000] {taskinstance.py:2330} INFO - Executing <Task(PythonOperator): fetch_and_compute_spread_btc_mxn> on 2024-07-14 13:14:00+00:00
[2024-07-14T13:31:17.910+0000] {warnings.py:112} WARNING - /home/***/.local/lib/python3.12/site-packages/***/task/task_runner/standard_task_runner.py:61: DeprecationWarning: This process (pid=5674) is multi-threaded, use of fork() may lead to deadlocks in the child.
  pid = os.fork()

[2024-07-14T13:31:17.915+0000] {standard_task_runner.py:63} INFO - Started process 5700 to run task
[2024-07-14T13:31:17.914+0000] {standard_task_runner.py:90} INFO - Running: ['***', 'tasks', 'run', 'fetch_spread_values', 'fetch_and_compute_spread_btc_mxn', 'scheduled__2024-07-14T13:14:00+00:00', '--job-id', '1703', '--raw', '--subdir', 'DAGS_FOLDER/***.py', '--cfg-path', '/tmp/tmpvbqzu7wr']
[2024-07-14T13:31:17.921+0000] {standard_task_runner.py:91} INFO - Job 1703: Subtask fetch_and_compute_spread_btc_mxn
[2024-07-14T13:31:18.073+0000] {task_command.py:426} INFO - Running <TaskInstance: fetch_spread_values.fetch_and_compute_spread_btc_mxn scheduled__2024-07-14T13:14:00+00:00 [running]> on host d537c34a4880
[2024-07-14T13:31:18.420+0000] {taskinstance.py:2648} INFO - Exporting env vars: AIRFLOW_CTX_DAG_OWNER='***' AIRFLOW_CTX_DAG_ID='fetch_spread_values' AIRFLOW_CTX_TASK_ID='fetch_and_compute_spread_btc_mxn' AIRFLOW_CTX_EXECUTION_DATE='2024-07-14T13:14:00+00:00' AIRFLOW_CTX_TRY_NUMBER='1' AIRFLOW_CTX_DAG_RUN_ID='scheduled__2024-07-14T13:14:00+00:00'
[2024-07-14T13:31:18.429+0000] {taskinstance.py:430} INFO - ::endgroup::
[2024-07-14T13:31:18.708+0000] {python.py:237} INFO - Done. Returned value was: None
[2024-07-14T13:31:18.720+0000] {taskinstance.py:441} INFO - ::group::Post task execution logs
[2024-07-14T13:31:18.738+0000] {taskinstance.py:1206} INFO - Marking task as SUCCESS. dag_id=fetch_spread_values, task_id=fetch_and_compute_spread_btc_mxn, run_id=scheduled__2024-07-14T13:14:00+00:00, execution_date=20240714T131400, start_date=20240714T133117, end_date=20240714T133118
[2024-07-14T13:31:18.800+0000] {local_task_job_runner.py:240} INFO - Task exited with return code 0
[2024-07-14T13:31:18.890+0000] {taskinstance.py:3503} INFO - 0 downstream tasks scheduled from follow-on schedule check
[2024-07-14T13:31:18.918+0000] {local_task_job_runner.py:222} INFO - ::endgroup::
[2024-07-14T20:37:54.939+0000] {local_task_job_runner.py:120} INFO - ::group::Pre task execution logs
[2024-07-14T20:37:54.970+0000] {taskinstance.py:2076} INFO - Dependencies all met for dep_context=non-requeueable deps ti=<TaskInstance: fetch_spread_values.fetch_and_compute_spread_btc_mxn scheduled__2024-07-14T13:14:00+00:00 [queued]>
[2024-07-14T20:37:54.979+0000] {taskinstance.py:2076} INFO - Dependencies all met for dep_context=requeueable deps ti=<TaskInstance: fetch_spread_values.fetch_and_compute_spread_btc_mxn scheduled__2024-07-14T13:14:00+00:00 [queued]>
[2024-07-14T20:37:54.980+0000] {taskinstance.py:2306} INFO - Starting attempt 1 of 2
[2024-07-14T20:37:54.994+0000] {taskinstance.py:2330} INFO - Executing <Task(PythonOperator): fetch_and_compute_spread_btc_mxn> on 2024-07-14 13:14:00+00:00
[2024-07-14T20:37:55.000+0000] {logging_mixin.py:188} WARNING - /home/***/.local/lib/python3.12/site-packages/***/task/task_runner/standard_task_runner.py:61 DeprecationWarning: This process (pid=3666) is multi-threaded, use of fork() may lead to deadlocks in the child.
[2024-07-14T20:37:55.003+0000] {standard_task_runner.py:63} INFO - Started process 3676 to run task
[2024-07-14T20:37:55.000+0000] {standard_task_runner.py:90} INFO - Running: ['***', 'tasks', 'run', 'fetch_spread_values', 'fetch_and_compute_spread_btc_mxn', 'scheduled__2024-07-14T13:14:00+00:00', '--job-id', '1717', '--raw', '--subdir', 'DAGS_FOLDER/***.py', '--cfg-path', '/tmp/tmpaehmsht6']
[2024-07-14T20:37:55.004+0000] {standard_task_runner.py:91} INFO - Job 1717: Subtask fetch_and_compute_spread_btc_mxn
[2024-07-14T20:37:55.054+0000] {task_command.py:426} INFO - Running <TaskInstance: fetch_spread_values.fetch_and_compute_spread_btc_mxn scheduled__2024-07-14T13:14:00+00:00 [running]> on host 77caf7e4b282
[2024-07-14T20:37:55.156+0000] {taskinstance.py:2648} INFO - Exporting env vars: AIRFLOW_CTX_DAG_OWNER='***' AIRFLOW_CTX_DAG_ID='fetch_spread_values' AIRFLOW_CTX_TASK_ID='fetch_and_compute_spread_btc_mxn' AIRFLOW_CTX_EXECUTION_DATE='2024-07-14T13:14:00+00:00' AIRFLOW_CTX_TRY_NUMBER='1' AIRFLOW_CTX_DAG_RUN_ID='scheduled__2024-07-14T13:14:00+00:00'
[2024-07-14T20:37:55.162+0000] {taskinstance.py:430} INFO - ::endgroup::
[2024-07-14T20:37:55.343+0000] {python.py:237} INFO - Done. Returned value was: None
[2024-07-14T20:37:55.346+0000] {taskinstance.py:441} INFO - ::group::Post task execution logs
[2024-07-14T20:37:55.355+0000] {taskinstance.py:1206} INFO - Marking task as SUCCESS. dag_id=fetch_spread_values, task_id=fetch_and_compute_spread_btc_mxn, run_id=scheduled__2024-07-14T13:14:00+00:00, execution_date=20240714T131400, start_date=20240714T203754, end_date=20240714T203755
[2024-07-14T20:37:55.399+0000] {local_task_job_runner.py:240} INFO - Task exited with return code 0
[2024-07-14T20:37:55.431+0000] {local_task_job_runner.py:222} INFO - ::endgroup::
