[2024-07-14T13:50:57.841+0000] {local_task_job_runner.py:120} INFO - ::group::Pre task execution logs
[2024-07-14T13:50:57.945+0000] {taskinstance.py:2076} INFO - Dependencies all met for dep_context=non-requeueable deps ti=<TaskInstance: save_spread_values.save_and_flush_task scheduled__2024-07-14T13:30:00+00:00 [queued]>
[2024-07-14T13:50:57.990+0000] {taskinstance.py:2076} INFO - Dependencies all met for dep_context=requeueable deps ti=<TaskInstance: save_spread_values.save_and_flush_task scheduled__2024-07-14T13:30:00+00:00 [queued]>
[2024-07-14T13:50:57.991+0000] {taskinstance.py:2306} INFO - Starting attempt 1 of 2
[2024-07-14T13:50:58.068+0000] {taskinstance.py:2330} INFO - Executing <Task(PythonOperator): save_and_flush_task> on 2024-07-14 13:30:00+00:00
[2024-07-14T13:50:58.092+0000] {standard_task_runner.py:90} INFO - Running: ['***', 'tasks', 'run', 'save_spread_values', 'save_and_flush_task', 'scheduled__2024-07-14T13:30:00+00:00', '--job-id', '1739', '--raw', '--subdir', 'DAGS_FOLDER/***.py', '--cfg-path', '/tmp/tmpo1h7z231']
[2024-07-14T13:50:58.106+0000] {standard_task_runner.py:91} INFO - Job 1739: Subtask save_and_flush_task
[2024-07-14T13:50:58.093+0000] {warnings.py:112} WARNING - /home/***/.local/lib/python3.12/site-packages/***/task/task_runner/standard_task_runner.py:61: DeprecationWarning: This process (pid=5788) is multi-threaded, use of fork() may lead to deadlocks in the child.
  pid = os.fork()

[2024-07-14T13:50:58.116+0000] {standard_task_runner.py:63} INFO - Started process 5819 to run task
[2024-07-14T13:50:58.343+0000] {task_command.py:426} INFO - Running <TaskInstance: save_spread_values.save_and_flush_task scheduled__2024-07-14T13:30:00+00:00 [running]> on host d537c34a4880
[2024-07-14T13:50:58.606+0000] {taskinstance.py:2648} INFO - Exporting env vars: AIRFLOW_CTX_DAG_OWNER='***' AIRFLOW_CTX_DAG_ID='save_spread_values' AIRFLOW_CTX_TASK_ID='save_and_flush_task' AIRFLOW_CTX_EXECUTION_DATE='2024-07-14T13:30:00+00:00' AIRFLOW_CTX_TRY_NUMBER='1' AIRFLOW_CTX_DAG_RUN_ID='scheduled__2024-07-14T13:30:00+00:00'
[2024-07-14T13:50:58.633+0000] {taskinstance.py:430} INFO - ::endgroup::
[2024-07-14T13:50:58.643+0000] {python.py:237} INFO - Done. Returned value was: None
[2024-07-14T13:50:58.649+0000] {taskinstance.py:441} INFO - ::group::Post task execution logs
[2024-07-14T13:50:58.668+0000] {taskinstance.py:1206} INFO - Marking task as SUCCESS. dag_id=save_spread_values, task_id=save_and_flush_task, run_id=scheduled__2024-07-14T13:30:00+00:00, execution_date=20240714T133000, start_date=20240714T135057, end_date=20240714T135058
[2024-07-14T13:50:58.801+0000] {local_task_job_runner.py:240} INFO - Task exited with return code 0
[2024-07-14T13:50:58.862+0000] {taskinstance.py:3503} INFO - 0 downstream tasks scheduled from follow-on schedule check
[2024-07-14T13:50:58.918+0000] {local_task_job_runner.py:222} INFO - ::endgroup::
[2024-07-14T20:35:14.393+0000] {local_task_job_runner.py:120} INFO - ::group::Pre task execution logs
[2024-07-14T20:35:14.422+0000] {taskinstance.py:2076} INFO - Dependencies all met for dep_context=non-requeueable deps ti=<TaskInstance: save_spread_values.save_and_flush_task scheduled__2024-07-14T13:30:00+00:00 [queued]>
[2024-07-14T20:35:14.427+0000] {taskinstance.py:2076} INFO - Dependencies all met for dep_context=requeueable deps ti=<TaskInstance: save_spread_values.save_and_flush_task scheduled__2024-07-14T13:30:00+00:00 [queued]>
[2024-07-14T20:35:14.429+0000] {taskinstance.py:2306} INFO - Starting attempt 1 of 2
[2024-07-14T20:35:14.443+0000] {taskinstance.py:2330} INFO - Executing <Task(PythonOperator): save_and_flush_task> on 2024-07-14 13:30:00+00:00
[2024-07-14T20:35:14.448+0000] {standard_task_runner.py:90} INFO - Running: ['***', 'tasks', 'run', 'save_spread_values', 'save_and_flush_task', 'scheduled__2024-07-14T13:30:00+00:00', '--job-id', '950', '--raw', '--subdir', 'DAGS_FOLDER/***.py', '--cfg-path', '/tmp/tmpgxq5wjzh']
[2024-07-14T20:35:14.451+0000] {standard_task_runner.py:91} INFO - Job 950: Subtask save_and_flush_task
[2024-07-14T20:35:14.450+0000] {logging_mixin.py:188} WARNING - /home/***/.local/lib/python3.12/site-packages/***/task/task_runner/standard_task_runner.py:61 DeprecationWarning: This process (pid=2100) is multi-threaded, use of fork() may lead to deadlocks in the child.
[2024-07-14T20:35:14.455+0000] {standard_task_runner.py:63} INFO - Started process 2111 to run task
[2024-07-14T20:35:14.499+0000] {task_command.py:426} INFO - Running <TaskInstance: save_spread_values.save_and_flush_task scheduled__2024-07-14T13:30:00+00:00 [running]> on host 77caf7e4b282
[2024-07-14T20:35:14.603+0000] {taskinstance.py:2648} INFO - Exporting env vars: AIRFLOW_CTX_DAG_OWNER='***' AIRFLOW_CTX_DAG_ID='save_spread_values' AIRFLOW_CTX_TASK_ID='save_and_flush_task' AIRFLOW_CTX_EXECUTION_DATE='2024-07-14T13:30:00+00:00' AIRFLOW_CTX_TRY_NUMBER='1' AIRFLOW_CTX_DAG_RUN_ID='scheduled__2024-07-14T13:30:00+00:00'
[2024-07-14T20:35:14.604+0000] {taskinstance.py:430} INFO - ::endgroup::
[2024-07-14T20:35:14.614+0000] {python.py:237} INFO - Done. Returned value was: None
[2024-07-14T20:35:14.615+0000] {taskinstance.py:441} INFO - ::group::Post task execution logs
[2024-07-14T20:35:14.628+0000] {taskinstance.py:1206} INFO - Marking task as SUCCESS. dag_id=save_spread_values, task_id=save_and_flush_task, run_id=scheduled__2024-07-14T13:30:00+00:00, execution_date=20240714T133000, start_date=20240714T203514, end_date=20240714T203514
[2024-07-14T20:35:14.680+0000] {local_task_job_runner.py:240} INFO - Task exited with return code 0
[2024-07-14T20:35:14.700+0000] {taskinstance.py:3503} INFO - 0 downstream tasks scheduled from follow-on schedule check
[2024-07-14T20:35:14.710+0000] {local_task_job_runner.py:222} INFO - ::endgroup::
[2024-07-15T06:35:43.642+0000] {local_task_job_runner.py:120} INFO - ::group::Pre task execution logs
[2024-07-15T06:35:43.665+0000] {taskinstance.py:2076} INFO - Dependencies all met for dep_context=non-requeueable deps ti=<TaskInstance: save_spread_values.save_and_flush_task scheduled__2024-07-14T13:30:00+00:00 [queued]>
[2024-07-15T06:35:43.672+0000] {taskinstance.py:2076} INFO - Dependencies all met for dep_context=requeueable deps ti=<TaskInstance: save_spread_values.save_and_flush_task scheduled__2024-07-14T13:30:00+00:00 [queued]>
[2024-07-15T06:35:43.672+0000] {taskinstance.py:2306} INFO - Starting attempt 1 of 2
[2024-07-15T06:35:43.690+0000] {taskinstance.py:2330} INFO - Executing <Task(PythonOperator): save_and_flush_task> on 2024-07-14 13:30:00+00:00
[2024-07-15T06:35:43.698+0000] {logging_mixin.py:188} WARNING - /home/***/.local/lib/python3.12/site-packages/***/task/task_runner/standard_task_runner.py:61 DeprecationWarning: This process (pid=3588) is multi-threaded, use of fork() may lead to deadlocks in the child.
[2024-07-15T06:35:43.700+0000] {standard_task_runner.py:63} INFO - Started process 3595 to run task
[2024-07-15T06:35:43.699+0000] {standard_task_runner.py:90} INFO - Running: ['***', 'tasks', 'run', 'save_spread_values', 'save_and_flush_task', 'scheduled__2024-07-14T13:30:00+00:00', '--job-id', '495', '--raw', '--subdir', 'DAGS_FOLDER/et_dag.py', '--cfg-path', '/tmp/tmpljflimhj']
[2024-07-15T06:35:43.704+0000] {standard_task_runner.py:91} INFO - Job 495: Subtask save_and_flush_task
[2024-07-15T06:35:43.764+0000] {task_command.py:426} INFO - Running <TaskInstance: save_spread_values.save_and_flush_task scheduled__2024-07-14T13:30:00+00:00 [running]> on host 52e7a9c3d832
[2024-07-15T06:35:43.849+0000] {taskinstance.py:2648} INFO - Exporting env vars: AIRFLOW_CTX_DAG_OWNER='***' AIRFLOW_CTX_DAG_ID='save_spread_values' AIRFLOW_CTX_TASK_ID='save_and_flush_task' AIRFLOW_CTX_EXECUTION_DATE='2024-07-14T13:30:00+00:00' AIRFLOW_CTX_TRY_NUMBER='1' AIRFLOW_CTX_DAG_RUN_ID='scheduled__2024-07-14T13:30:00+00:00'
[2024-07-15T06:35:43.850+0000] {taskinstance.py:430} INFO - ::endgroup::
[2024-07-15T06:35:43.860+0000] {taskinstance.py:441} INFO - ::group::Post task execution logs
[2024-07-15T06:35:43.862+0000] {taskinstance.py:2905} ERROR - Task failed with exception
Traceback (most recent call last):
  File "/home/airflow/.local/lib/python3.12/site-packages/airflow/models/taskinstance.py", line 465, in _execute_task
    result = _execute_callable(context=context, **execute_callable_kwargs)
             ^^^^^^^^^^^^^^^^^^^^^^^^^^^^^^^^^^^^^^^^^^^^^^^^^^^^^^^^^^^^^
  File "/home/airflow/.local/lib/python3.12/site-packages/airflow/models/taskinstance.py", line 432, in _execute_callable
    return execute_callable(context=context, **execute_callable_kwargs)
           ^^^^^^^^^^^^^^^^^^^^^^^^^^^^^^^^^^^^^^^^^^^^^^^^^^^^^^^^^^^^
  File "/home/airflow/.local/lib/python3.12/site-packages/airflow/models/baseoperator.py", line 401, in wrapper
    return func(self, *args, **kwargs)
           ^^^^^^^^^^^^^^^^^^^^^^^^^^^
  File "/home/airflow/.local/lib/python3.12/site-packages/airflow/operators/python.py", line 235, in execute
    return_value = self.execute_callable()
                   ^^^^^^^^^^^^^^^^^^^^^^^
  File "/home/airflow/.local/lib/python3.12/site-packages/airflow/operators/python.py", line 252, in execute_callable
    return self.python_callable(*self.op_args, **self.op_kwargs)
           ^^^^^^^^^^^^^^^^^^^^^^^^^^^^^^^^^^^^^^^^^^^^^^^^^^^^^
  File "/opt/airflow/dags/et_dag.py", line 38, in trigger_save_and_flush
    logging('Invoking method to save data from records')
TypeError: 'module' object is not callable
[2024-07-15T06:35:43.881+0000] {taskinstance.py:1206} INFO - Marking task as UP_FOR_RETRY. dag_id=save_spread_values, task_id=save_and_flush_task, run_id=scheduled__2024-07-14T13:30:00+00:00, execution_date=20240714T133000, start_date=20240715T063543, end_date=20240715T063543
[2024-07-15T06:35:43.894+0000] {standard_task_runner.py:110} ERROR - Failed to execute job 495 for task save_and_flush_task ('module' object is not callable; 3595)
[2024-07-15T06:35:43.927+0000] {local_task_job_runner.py:240} INFO - Task exited with return code 1
[2024-07-15T06:35:43.949+0000] {local_task_job_runner.py:222} INFO - ::endgroup::
