[2024-07-16T22:23:17.503+0000] {local_task_job_runner.py:120} INFO - ::group::Pre task execution logs
[2024-07-16T22:23:17.513+0000] {taskinstance.py:2076} INFO - Dependencies all met for dep_context=non-requeueable deps ti=<TaskInstance: post_spread_data.post_spread_task manual__2024-07-16T22:23:16.599554+00:00 [queued]>
[2024-07-16T22:23:17.518+0000] {taskinstance.py:2076} INFO - Dependencies all met for dep_context=requeueable deps ti=<TaskInstance: post_spread_data.post_spread_task manual__2024-07-16T22:23:16.599554+00:00 [queued]>
[2024-07-16T22:23:17.519+0000] {taskinstance.py:2306} INFO - Starting attempt 1 of 2
[2024-07-16T22:23:17.526+0000] {taskinstance.py:2330} INFO - Executing <Task(SimpleHttpOperator): post_spread_task> on 2024-07-16 22:23:16.599554+00:00
[2024-07-16T22:23:17.531+0000] {logging_mixin.py:188} WARNING - /home/***/.local/lib/python3.12/site-packages/***/task/task_runner/standard_task_runner.py:61 DeprecationWarning: This process (pid=21283) is multi-threaded, use of fork() may lead to deadlocks in the child.
[2024-07-16T22:23:17.531+0000] {standard_task_runner.py:90} INFO - Running: ['***', 'tasks', 'run', 'post_spread_data', 'post_spread_task', 'manual__2024-07-16T22:23:16.599554+00:00', '--job-id', '72', '--raw', '--subdir', 'DAGS_FOLDER/post_test_dag.py', '--cfg-path', '/tmp/tmp1j1qf5av']
[2024-07-16T22:23:17.533+0000] {standard_task_runner.py:63} INFO - Started process 21285 to run task
[2024-07-16T22:23:17.533+0000] {standard_task_runner.py:91} INFO - Job 72: Subtask post_spread_task
[2024-07-16T22:23:17.567+0000] {task_command.py:426} INFO - Running <TaskInstance: post_spread_data.post_spread_task manual__2024-07-16T22:23:16.599554+00:00 [running]> on host 6f712de23803
[2024-07-16T22:23:17.628+0000] {taskinstance.py:2648} INFO - Exporting env vars: AIRFLOW_CTX_DAG_OWNER='***' AIRFLOW_CTX_DAG_ID='post_spread_data' AIRFLOW_CTX_TASK_ID='post_spread_task' AIRFLOW_CTX_EXECUTION_DATE='2024-07-16T22:23:16.599554+00:00' AIRFLOW_CTX_TRY_NUMBER='1' AIRFLOW_CTX_DAG_RUN_ID='manual__2024-07-16T22:23:16.599554+00:00'
[2024-07-16T22:23:17.629+0000] {taskinstance.py:430} INFO - ::endgroup::
[2024-07-16T22:23:17.639+0000] {http.py:169} INFO - Calling HTTP method
[2024-07-16T22:23:17.646+0000] {taskinstance.py:441} INFO - ::group::Post task execution logs
[2024-07-16T22:23:17.651+0000] {taskinstance.py:2905} ERROR - Task failed with exception
Traceback (most recent call last):
  File "/home/airflow/.local/lib/python3.12/site-packages/airflow/models/taskinstance.py", line 465, in _execute_task
    result = _execute_callable(context=context, **execute_callable_kwargs)
             ^^^^^^^^^^^^^^^^^^^^^^^^^^^^^^^^^^^^^^^^^^^^^^^^^^^^^^^^^^^^^
  File "/home/airflow/.local/lib/python3.12/site-packages/airflow/models/taskinstance.py", line 432, in _execute_callable
    return execute_callable(context=context, **execute_callable_kwargs)
           ^^^^^^^^^^^^^^^^^^^^^^^^^^^^^^^^^^^^^^^^^^^^^^^^^^^^^^^^^^^^
  File "/home/airflow/.local/lib/python3.12/site-packages/airflow/models/baseoperator.py", line 401, in wrapper
    return func(self, *args, **kwargs)
           ^^^^^^^^^^^^^^^^^^^^^^^^^^^
  File "/home/airflow/.local/lib/python3.12/site-packages/airflow/providers/http/operators/http.py", line 166, in execute
    return self.execute_sync(context=context)
           ^^^^^^^^^^^^^^^^^^^^^^^^^^^^^^^^^^
  File "/home/airflow/.local/lib/python3.12/site-packages/airflow/providers/http/operators/http.py", line 170, in execute_sync
    response = self.hook.run(self.endpoint, self.data, self.headers, self.extra_options)
               ^^^^^^^^^
  File "/home/airflow/.local/lib/python3.12/site-packages/airflow/providers/http/operators/http.py", line 148, in hook
    conn = BaseHook.get_connection(conn_id)
           ^^^^^^^^^^^^^^^^^^^^^^^^^^^^^^^^
  File "/home/airflow/.local/lib/python3.12/site-packages/airflow/hooks/base.py", line 83, in get_connection
    conn = Connection.get_connection_from_secrets(conn_id)
           ^^^^^^^^^^^^^^^^^^^^^^^^^^^^^^^^^^^^^^^^^^^^^^^
  File "/home/airflow/.local/lib/python3.12/site-packages/airflow/models/connection.py", line 519, in get_connection_from_secrets
    raise AirflowNotFoundException(f"The conn_id `{conn_id}` isn't defined")
airflow.exceptions.AirflowNotFoundException: The conn_id `http_default` isn't defined
[2024-07-16T22:23:17.655+0000] {taskinstance.py:1206} INFO - Marking task as UP_FOR_RETRY. dag_id=post_spread_data, task_id=post_spread_task, run_id=manual__2024-07-16T22:23:16.599554+00:00, execution_date=20240716T222316, start_date=20240716T222317, end_date=20240716T222317
[2024-07-16T22:23:17.661+0000] {standard_task_runner.py:110} ERROR - Failed to execute job 72 for task post_spread_task (The conn_id `http_default` isn't defined; 21285)
[2024-07-16T22:23:17.674+0000] {local_task_job_runner.py:240} INFO - Task exited with return code 1
[2024-07-16T22:23:17.685+0000] {taskinstance.py:3503} INFO - 0 downstream tasks scheduled from follow-on schedule check
[2024-07-16T22:23:17.685+0000] {local_task_job_runner.py:222} INFO - ::endgroup::
