[2024-07-14T08:59:14.761+0000] {local_task_job_runner.py:120} INFO - ::group::Pre task execution logs
[2024-07-14T08:59:14.888+0000] {taskinstance.py:2076} INFO - Dependencies all met for dep_context=non-requeueable deps ti=<TaskInstance: fetch_spread_values.fetch_and_compute_spread_btc_mxn scheduled__2024-07-14T02:42:00+00:00 [queued]>
[2024-07-14T08:59:14.978+0000] {taskinstance.py:2076} INFO - Dependencies all met for dep_context=requeueable deps ti=<TaskInstance: fetch_spread_values.fetch_and_compute_spread_btc_mxn scheduled__2024-07-14T02:42:00+00:00 [queued]>
[2024-07-14T08:59:14.982+0000] {taskinstance.py:2306} INFO - Starting attempt 1 of 2
[2024-07-14T08:59:15.166+0000] {taskinstance.py:2330} INFO - Executing <Task(PythonOperator): fetch_and_compute_spread_btc_mxn> on 2024-07-14 02:42:00+00:00
[2024-07-14T08:59:15.190+0000] {warnings.py:112} WARNING - /home/***/.local/lib/python3.12/site-packages/***/task/task_runner/standard_task_runner.py:61: DeprecationWarning: This process (pid=1107) is multi-threaded, use of fork() may lead to deadlocks in the child.
  pid = os.fork()

[2024-07-14T08:59:15.220+0000] {standard_task_runner.py:63} INFO - Started process 1141 to run task
[2024-07-14T08:59:15.212+0000] {standard_task_runner.py:90} INFO - Running: ['***', 'tasks', 'run', 'fetch_spread_values', 'fetch_and_compute_spread_btc_mxn', 'scheduled__2024-07-14T02:42:00+00:00', '--job-id', '354', '--raw', '--subdir', 'DAGS_FOLDER/***.py', '--cfg-path', '/tmp/tmpu0mcvbyu']
[2024-07-14T08:59:15.237+0000] {standard_task_runner.py:91} INFO - Job 354: Subtask fetch_and_compute_spread_btc_mxn
[2024-07-14T08:59:15.530+0000] {task_command.py:426} INFO - Running <TaskInstance: fetch_spread_values.fetch_and_compute_spread_btc_mxn scheduled__2024-07-14T02:42:00+00:00 [running]> on host d537c34a4880
[2024-07-14T08:59:16.129+0000] {taskinstance.py:2648} INFO - Exporting env vars: AIRFLOW_CTX_DAG_OWNER='***' AIRFLOW_CTX_DAG_ID='fetch_spread_values' AIRFLOW_CTX_TASK_ID='fetch_and_compute_spread_btc_mxn' AIRFLOW_CTX_EXECUTION_DATE='2024-07-14T02:42:00+00:00' AIRFLOW_CTX_TRY_NUMBER='1' AIRFLOW_CTX_DAG_RUN_ID='scheduled__2024-07-14T02:42:00+00:00'
[2024-07-14T08:59:16.135+0000] {taskinstance.py:430} INFO - ::endgroup::
[2024-07-14T08:59:16.782+0000] {python.py:237} INFO - Done. Returned value was: None
[2024-07-14T08:59:16.791+0000] {taskinstance.py:441} INFO - ::group::Post task execution logs
[2024-07-14T08:59:16.830+0000] {taskinstance.py:1206} INFO - Marking task as SUCCESS. dag_id=fetch_spread_values, task_id=fetch_and_compute_spread_btc_mxn, run_id=scheduled__2024-07-14T02:42:00+00:00, execution_date=20240714T024200, start_date=20240714T085914, end_date=20240714T085916
[2024-07-14T08:59:17.453+0000] {local_task_job_runner.py:240} INFO - Task exited with return code 0
[2024-07-14T08:59:17.504+0000] {taskinstance.py:3503} INFO - 0 downstream tasks scheduled from follow-on schedule check
[2024-07-14T08:59:17.521+0000] {local_task_job_runner.py:222} INFO - ::endgroup::
[2024-07-14T20:33:24.204+0000] {local_task_job_runner.py:120} INFO - ::group::Pre task execution logs
[2024-07-14T20:33:24.237+0000] {taskinstance.py:2076} INFO - Dependencies all met for dep_context=non-requeueable deps ti=<TaskInstance: fetch_spread_values.fetch_and_compute_spread_btc_mxn scheduled__2024-07-14T02:42:00+00:00 [queued]>
[2024-07-14T20:33:24.243+0000] {taskinstance.py:2076} INFO - Dependencies all met for dep_context=requeueable deps ti=<TaskInstance: fetch_spread_values.fetch_and_compute_spread_btc_mxn scheduled__2024-07-14T02:42:00+00:00 [queued]>
[2024-07-14T20:33:24.244+0000] {taskinstance.py:2306} INFO - Starting attempt 1 of 2
[2024-07-14T20:33:24.251+0000] {taskinstance.py:2330} INFO - Executing <Task(PythonOperator): fetch_and_compute_spread_btc_mxn> on 2024-07-14 02:42:00+00:00
[2024-07-14T20:33:24.255+0000] {logging_mixin.py:188} WARNING - /home/***/.local/lib/python3.12/site-packages/***/task/task_runner/standard_task_runner.py:61 DeprecationWarning: This process (pid=847) is multi-threaded, use of fork() may lead to deadlocks in the child.
[2024-07-14T20:33:24.256+0000] {standard_task_runner.py:63} INFO - Started process 851 to run task
[2024-07-14T20:33:24.256+0000] {standard_task_runner.py:90} INFO - Running: ['***', 'tasks', 'run', 'fetch_spread_values', 'fetch_and_compute_spread_btc_mxn', 'scheduled__2024-07-14T02:42:00+00:00', '--job-id', '330', '--raw', '--subdir', 'DAGS_FOLDER/***.py', '--cfg-path', '/tmp/tmpgdrhf1db']
[2024-07-14T20:33:24.258+0000] {standard_task_runner.py:91} INFO - Job 330: Subtask fetch_and_compute_spread_btc_mxn
[2024-07-14T20:33:24.302+0000] {task_command.py:426} INFO - Running <TaskInstance: fetch_spread_values.fetch_and_compute_spread_btc_mxn scheduled__2024-07-14T02:42:00+00:00 [running]> on host 77caf7e4b282
[2024-07-14T20:33:24.435+0000] {taskinstance.py:2648} INFO - Exporting env vars: AIRFLOW_CTX_DAG_OWNER='***' AIRFLOW_CTX_DAG_ID='fetch_spread_values' AIRFLOW_CTX_TASK_ID='fetch_and_compute_spread_btc_mxn' AIRFLOW_CTX_EXECUTION_DATE='2024-07-14T02:42:00+00:00' AIRFLOW_CTX_TRY_NUMBER='1' AIRFLOW_CTX_DAG_RUN_ID='scheduled__2024-07-14T02:42:00+00:00'
[2024-07-14T20:33:24.436+0000] {taskinstance.py:430} INFO - ::endgroup::
[2024-07-14T20:33:24.649+0000] {python.py:237} INFO - Done. Returned value was: None
[2024-07-14T20:33:24.651+0000] {taskinstance.py:441} INFO - ::group::Post task execution logs
[2024-07-14T20:33:24.659+0000] {taskinstance.py:1206} INFO - Marking task as SUCCESS. dag_id=fetch_spread_values, task_id=fetch_and_compute_spread_btc_mxn, run_id=scheduled__2024-07-14T02:42:00+00:00, execution_date=20240714T024200, start_date=20240714T203324, end_date=20240714T203324
[2024-07-14T20:33:24.688+0000] {local_task_job_runner.py:240} INFO - Task exited with return code 0
[2024-07-14T20:33:24.697+0000] {taskinstance.py:3503} INFO - 0 downstream tasks scheduled from follow-on schedule check
[2024-07-14T20:33:24.699+0000] {local_task_job_runner.py:222} INFO - ::endgroup::
