[2024-07-14T09:51:09.758+0000] {local_task_job_runner.py:120} INFO - ::group::Pre task execution logs
[2024-07-14T09:51:09.785+0000] {taskinstance.py:2076} INFO - Dependencies all met for dep_context=non-requeueable deps ti=<TaskInstance: fetch_spread_values.fetch_and_compute_spread_usd_mxn scheduled__2024-07-14T09:49:00+00:00 [queued]>
[2024-07-14T09:51:09.806+0000] {taskinstance.py:2076} INFO - Dependencies all met for dep_context=requeueable deps ti=<TaskInstance: fetch_spread_values.fetch_and_compute_spread_usd_mxn scheduled__2024-07-14T09:49:00+00:00 [queued]>
[2024-07-14T09:51:09.818+0000] {taskinstance.py:2306} INFO - Starting attempt 1 of 2
[2024-07-14T09:51:09.872+0000] {taskinstance.py:2330} INFO - Executing <Task(PythonOperator): fetch_and_compute_spread_usd_mxn> on 2024-07-14 09:49:00+00:00
[2024-07-14T09:51:09.882+0000] {warnings.py:112} WARNING - /home/***/.local/lib/python3.12/site-packages/***/task/task_runner/standard_task_runner.py:61: DeprecationWarning: This process (pid=4252) is multi-threaded, use of fork() may lead to deadlocks in the child.
  pid = os.fork()

[2024-07-14T09:51:09.885+0000] {standard_task_runner.py:63} INFO - Started process 4275 to run task
[2024-07-14T09:51:09.894+0000] {standard_task_runner.py:90} INFO - Running: ['***', 'tasks', 'run', 'fetch_spread_values', 'fetch_and_compute_spread_usd_mxn', 'scheduled__2024-07-14T09:49:00+00:00', '--job-id', '1266', '--raw', '--subdir', 'DAGS_FOLDER/***.py', '--cfg-path', '/tmp/tmpamlyftj2']
[2024-07-14T09:51:09.913+0000] {standard_task_runner.py:91} INFO - Job 1266: Subtask fetch_and_compute_spread_usd_mxn
[2024-07-14T09:51:10.007+0000] {task_command.py:426} INFO - Running <TaskInstance: fetch_spread_values.fetch_and_compute_spread_usd_mxn scheduled__2024-07-14T09:49:00+00:00 [running]> on host d537c34a4880
[2024-07-14T09:51:10.167+0000] {taskinstance.py:2648} INFO - Exporting env vars: AIRFLOW_CTX_DAG_OWNER='***' AIRFLOW_CTX_DAG_ID='fetch_spread_values' AIRFLOW_CTX_TASK_ID='fetch_and_compute_spread_usd_mxn' AIRFLOW_CTX_EXECUTION_DATE='2024-07-14T09:49:00+00:00' AIRFLOW_CTX_TRY_NUMBER='1' AIRFLOW_CTX_DAG_RUN_ID='scheduled__2024-07-14T09:49:00+00:00'
[2024-07-14T09:51:10.171+0000] {taskinstance.py:430} INFO - ::endgroup::
[2024-07-14T09:51:10.414+0000] {python.py:237} INFO - Done. Returned value was: None
[2024-07-14T09:51:10.419+0000] {taskinstance.py:441} INFO - ::group::Post task execution logs
[2024-07-14T09:51:10.430+0000] {taskinstance.py:1206} INFO - Marking task as SUCCESS. dag_id=fetch_spread_values, task_id=fetch_and_compute_spread_usd_mxn, run_id=scheduled__2024-07-14T09:49:00+00:00, execution_date=20240714T094900, start_date=20240714T095109, end_date=20240714T095110
[2024-07-14T09:51:10.494+0000] {local_task_job_runner.py:240} INFO - Task exited with return code 0
[2024-07-14T09:51:10.525+0000] {taskinstance.py:3503} INFO - 0 downstream tasks scheduled from follow-on schedule check
[2024-07-14T09:51:10.533+0000] {local_task_job_runner.py:222} INFO - ::endgroup::
[2024-07-14T20:36:39.049+0000] {local_task_job_runner.py:120} INFO - ::group::Pre task execution logs
[2024-07-14T20:36:39.081+0000] {taskinstance.py:2076} INFO - Dependencies all met for dep_context=non-requeueable deps ti=<TaskInstance: fetch_spread_values.fetch_and_compute_spread_usd_mxn scheduled__2024-07-14T09:49:00+00:00 [queued]>
[2024-07-14T20:36:39.087+0000] {taskinstance.py:2076} INFO - Dependencies all met for dep_context=requeueable deps ti=<TaskInstance: fetch_spread_values.fetch_and_compute_spread_usd_mxn scheduled__2024-07-14T09:49:00+00:00 [queued]>
[2024-07-14T20:36:39.087+0000] {taskinstance.py:2306} INFO - Starting attempt 1 of 2
[2024-07-14T20:36:39.109+0000] {taskinstance.py:2330} INFO - Executing <Task(PythonOperator): fetch_and_compute_spread_usd_mxn> on 2024-07-14 09:49:00+00:00
[2024-07-14T20:36:39.121+0000] {logging_mixin.py:188} WARNING - /home/***/.local/lib/python3.12/site-packages/***/task/task_runner/standard_task_runner.py:61 DeprecationWarning: This process (pid=2832) is multi-threaded, use of fork() may lead to deadlocks in the child.
[2024-07-14T20:36:39.126+0000] {standard_task_runner.py:63} INFO - Started process 2842 to run task
[2024-07-14T20:36:39.120+0000] {standard_task_runner.py:90} INFO - Running: ['***', 'tasks', 'run', 'fetch_spread_values', 'fetch_and_compute_spread_usd_mxn', 'scheduled__2024-07-14T09:49:00+00:00', '--job-id', '1306', '--raw', '--subdir', 'DAGS_FOLDER/***.py', '--cfg-path', '/tmp/tmp9lrm3dx2']
[2024-07-14T20:36:39.135+0000] {standard_task_runner.py:91} INFO - Job 1306: Subtask fetch_and_compute_spread_usd_mxn
[2024-07-14T20:36:39.212+0000] {task_command.py:426} INFO - Running <TaskInstance: fetch_spread_values.fetch_and_compute_spread_usd_mxn scheduled__2024-07-14T09:49:00+00:00 [running]> on host 77caf7e4b282
[2024-07-14T20:36:39.350+0000] {taskinstance.py:2648} INFO - Exporting env vars: AIRFLOW_CTX_DAG_OWNER='***' AIRFLOW_CTX_DAG_ID='fetch_spread_values' AIRFLOW_CTX_TASK_ID='fetch_and_compute_spread_usd_mxn' AIRFLOW_CTX_EXECUTION_DATE='2024-07-14T09:49:00+00:00' AIRFLOW_CTX_TRY_NUMBER='1' AIRFLOW_CTX_DAG_RUN_ID='scheduled__2024-07-14T09:49:00+00:00'
[2024-07-14T20:36:39.351+0000] {taskinstance.py:430} INFO - ::endgroup::
[2024-07-14T20:36:39.557+0000] {python.py:237} INFO - Done. Returned value was: None
[2024-07-14T20:36:39.560+0000] {taskinstance.py:441} INFO - ::group::Post task execution logs
[2024-07-14T20:36:39.571+0000] {taskinstance.py:1206} INFO - Marking task as SUCCESS. dag_id=fetch_spread_values, task_id=fetch_and_compute_spread_usd_mxn, run_id=scheduled__2024-07-14T09:49:00+00:00, execution_date=20240714T094900, start_date=20240714T203639, end_date=20240714T203639
[2024-07-14T20:36:39.649+0000] {local_task_job_runner.py:240} INFO - Task exited with return code 0
[2024-07-14T20:36:39.663+0000] {local_task_job_runner.py:222} INFO - ::endgroup::
