[2024-07-14T09:01:10.140+0000] {local_task_job_runner.py:120} INFO - ::group::Pre task execution logs
[2024-07-14T09:01:10.184+0000] {taskinstance.py:2076} INFO - Dependencies all met for dep_context=non-requeueable deps ti=<TaskInstance: fetch_spread_values.fetch_and_compute_spread_btc_mxn scheduled__2024-07-14T04:42:00+00:00 [queued]>
[2024-07-14T09:01:10.202+0000] {taskinstance.py:2076} INFO - Dependencies all met for dep_context=requeueable deps ti=<TaskInstance: fetch_spread_values.fetch_and_compute_spread_btc_mxn scheduled__2024-07-14T04:42:00+00:00 [queued]>
[2024-07-14T09:01:10.204+0000] {taskinstance.py:2306} INFO - Starting attempt 1 of 2
[2024-07-14T09:01:10.237+0000] {taskinstance.py:2330} INFO - Executing <Task(PythonOperator): fetch_and_compute_spread_btc_mxn> on 2024-07-14 04:42:00+00:00
[2024-07-14T09:01:10.250+0000] {warnings.py:112} WARNING - /home/***/.local/lib/python3.12/site-packages/***/task/task_runner/standard_task_runner.py:61: DeprecationWarning: This process (pid=1858) is multi-threaded, use of fork() may lead to deadlocks in the child.
  pid = os.fork()

[2024-07-14T09:01:10.256+0000] {standard_task_runner.py:63} INFO - Started process 1887 to run task
[2024-07-14T09:01:10.253+0000] {standard_task_runner.py:90} INFO - Running: ['***', 'tasks', 'run', 'fetch_spread_values', 'fetch_and_compute_spread_btc_mxn', 'scheduled__2024-07-14T04:42:00+00:00', '--job-id', '594', '--raw', '--subdir', 'DAGS_FOLDER/***.py', '--cfg-path', '/tmp/tmp21951pgg']
[2024-07-14T09:01:10.260+0000] {standard_task_runner.py:91} INFO - Job 594: Subtask fetch_and_compute_spread_btc_mxn
[2024-07-14T09:01:10.371+0000] {task_command.py:426} INFO - Running <TaskInstance: fetch_spread_values.fetch_and_compute_spread_btc_mxn scheduled__2024-07-14T04:42:00+00:00 [running]> on host d537c34a4880
[2024-07-14T09:01:10.564+0000] {taskinstance.py:2648} INFO - Exporting env vars: AIRFLOW_CTX_DAG_OWNER='***' AIRFLOW_CTX_DAG_ID='fetch_spread_values' AIRFLOW_CTX_TASK_ID='fetch_and_compute_spread_btc_mxn' AIRFLOW_CTX_EXECUTION_DATE='2024-07-14T04:42:00+00:00' AIRFLOW_CTX_TRY_NUMBER='1' AIRFLOW_CTX_DAG_RUN_ID='scheduled__2024-07-14T04:42:00+00:00'
[2024-07-14T09:01:10.566+0000] {taskinstance.py:430} INFO - ::endgroup::
[2024-07-14T09:01:10.880+0000] {python.py:237} INFO - Done. Returned value was: None
[2024-07-14T09:01:10.886+0000] {taskinstance.py:441} INFO - ::group::Post task execution logs
[2024-07-14T09:01:10.919+0000] {taskinstance.py:1206} INFO - Marking task as SUCCESS. dag_id=fetch_spread_values, task_id=fetch_and_compute_spread_btc_mxn, run_id=scheduled__2024-07-14T04:42:00+00:00, execution_date=20240714T044200, start_date=20240714T090110, end_date=20240714T090110
[2024-07-14T09:01:10.990+0000] {local_task_job_runner.py:240} INFO - Task exited with return code 0
[2024-07-14T09:01:11.037+0000] {taskinstance.py:3503} INFO - 0 downstream tasks scheduled from follow-on schedule check
[2024-07-14T09:01:11.042+0000] {local_task_job_runner.py:222} INFO - ::endgroup::
[2024-07-14T20:34:06.077+0000] {local_task_job_runner.py:120} INFO - ::group::Pre task execution logs
[2024-07-14T20:34:06.099+0000] {taskinstance.py:2076} INFO - Dependencies all met for dep_context=non-requeueable deps ti=<TaskInstance: fetch_spread_values.fetch_and_compute_spread_btc_mxn scheduled__2024-07-14T04:42:00+00:00 [queued]>
[2024-07-14T20:34:06.104+0000] {taskinstance.py:2076} INFO - Dependencies all met for dep_context=requeueable deps ti=<TaskInstance: fetch_spread_values.fetch_and_compute_spread_btc_mxn scheduled__2024-07-14T04:42:00+00:00 [queued]>
[2024-07-14T20:34:06.104+0000] {taskinstance.py:2306} INFO - Starting attempt 1 of 2
[2024-07-14T20:34:06.111+0000] {taskinstance.py:2330} INFO - Executing <Task(PythonOperator): fetch_and_compute_spread_btc_mxn> on 2024-07-14 04:42:00+00:00
[2024-07-14T20:34:06.115+0000] {logging_mixin.py:188} WARNING - /home/***/.local/lib/python3.12/site-packages/***/task/task_runner/standard_task_runner.py:61 DeprecationWarning: This process (pid=1335) is multi-threaded, use of fork() may lead to deadlocks in the child.
[2024-07-14T20:34:06.115+0000] {standard_task_runner.py:90} INFO - Running: ['***', 'tasks', 'run', 'fetch_spread_values', 'fetch_and_compute_spread_btc_mxn', 'scheduled__2024-07-14T04:42:00+00:00', '--job-id', '569', '--raw', '--subdir', 'DAGS_FOLDER/***.py', '--cfg-path', '/tmp/tmpv56sg4cm']
[2024-07-14T20:34:06.117+0000] {standard_task_runner.py:63} INFO - Started process 1340 to run task
[2024-07-14T20:34:06.117+0000] {standard_task_runner.py:91} INFO - Job 569: Subtask fetch_and_compute_spread_btc_mxn
[2024-07-14T20:34:06.148+0000] {task_command.py:426} INFO - Running <TaskInstance: fetch_spread_values.fetch_and_compute_spread_btc_mxn scheduled__2024-07-14T04:42:00+00:00 [running]> on host 77caf7e4b282
[2024-07-14T20:34:06.200+0000] {taskinstance.py:2648} INFO - Exporting env vars: AIRFLOW_CTX_DAG_OWNER='***' AIRFLOW_CTX_DAG_ID='fetch_spread_values' AIRFLOW_CTX_TASK_ID='fetch_and_compute_spread_btc_mxn' AIRFLOW_CTX_EXECUTION_DATE='2024-07-14T04:42:00+00:00' AIRFLOW_CTX_TRY_NUMBER='1' AIRFLOW_CTX_DAG_RUN_ID='scheduled__2024-07-14T04:42:00+00:00'
[2024-07-14T20:34:06.201+0000] {taskinstance.py:430} INFO - ::endgroup::
[2024-07-14T20:34:06.392+0000] {python.py:237} INFO - Done. Returned value was: None
[2024-07-14T20:34:06.393+0000] {taskinstance.py:441} INFO - ::group::Post task execution logs
[2024-07-14T20:34:06.407+0000] {taskinstance.py:1206} INFO - Marking task as SUCCESS. dag_id=fetch_spread_values, task_id=fetch_and_compute_spread_btc_mxn, run_id=scheduled__2024-07-14T04:42:00+00:00, execution_date=20240714T044200, start_date=20240714T203406, end_date=20240714T203406
[2024-07-14T20:34:06.420+0000] {local_task_job_runner.py:240} INFO - Task exited with return code 0
[2024-07-14T20:34:06.431+0000] {taskinstance.py:3503} INFO - 0 downstream tasks scheduled from follow-on schedule check
[2024-07-14T20:34:06.432+0000] {local_task_job_runner.py:222} INFO - ::endgroup::
