[2024-07-14T08:58:47.163+0000] {local_task_job_runner.py:120} INFO - ::group::Pre task execution logs
[2024-07-14T08:58:47.175+0000] {taskinstance.py:2076} INFO - Dependencies all met for dep_context=non-requeueable deps ti=<TaskInstance: fetch_spread_values.fetch_and_compute_spread_usd_mxn scheduled__2024-07-14T02:13:00+00:00 [queued]>
[2024-07-14T08:58:47.178+0000] {taskinstance.py:2076} INFO - Dependencies all met for dep_context=requeueable deps ti=<TaskInstance: fetch_spread_values.fetch_and_compute_spread_usd_mxn scheduled__2024-07-14T02:13:00+00:00 [queued]>
[2024-07-14T08:58:47.179+0000] {taskinstance.py:2306} INFO - Starting attempt 1 of 2
[2024-07-14T08:58:47.184+0000] {taskinstance.py:2330} INFO - Executing <Task(PythonOperator): fetch_and_compute_spread_usd_mxn> on 2024-07-14 02:13:00+00:00
[2024-07-14T08:58:47.189+0000] {warnings.py:112} WARNING - /home/***/.local/lib/python3.12/site-packages/***/task/task_runner/standard_task_runner.py:61: DeprecationWarning: This process (pid=935) is multi-threaded, use of fork() may lead to deadlocks in the child.
  pid = os.fork()

[2024-07-14T08:58:47.190+0000] {standard_task_runner.py:63} INFO - Started process 951 to run task
[2024-07-14T08:58:47.190+0000] {standard_task_runner.py:90} INFO - Running: ['***', 'tasks', 'run', 'fetch_spread_values', 'fetch_and_compute_spread_usd_mxn', 'scheduled__2024-07-14T02:13:00+00:00', '--job-id', '296', '--raw', '--subdir', 'DAGS_FOLDER/***.py', '--cfg-path', '/tmp/tmpf8j7pm1w']
[2024-07-14T08:58:47.192+0000] {standard_task_runner.py:91} INFO - Job 296: Subtask fetch_and_compute_spread_usd_mxn
[2024-07-14T08:58:47.220+0000] {task_command.py:426} INFO - Running <TaskInstance: fetch_spread_values.fetch_and_compute_spread_usd_mxn scheduled__2024-07-14T02:13:00+00:00 [running]> on host d537c34a4880
[2024-07-14T08:58:47.275+0000] {taskinstance.py:2648} INFO - Exporting env vars: AIRFLOW_CTX_DAG_OWNER='***' AIRFLOW_CTX_DAG_ID='fetch_spread_values' AIRFLOW_CTX_TASK_ID='fetch_and_compute_spread_usd_mxn' AIRFLOW_CTX_EXECUTION_DATE='2024-07-14T02:13:00+00:00' AIRFLOW_CTX_TRY_NUMBER='1' AIRFLOW_CTX_DAG_RUN_ID='scheduled__2024-07-14T02:13:00+00:00'
[2024-07-14T08:58:47.277+0000] {taskinstance.py:430} INFO - ::endgroup::
[2024-07-14T08:58:47.424+0000] {python.py:237} INFO - Done. Returned value was: None
[2024-07-14T08:58:47.425+0000] {taskinstance.py:441} INFO - ::group::Post task execution logs
[2024-07-14T08:58:47.431+0000] {taskinstance.py:1206} INFO - Marking task as SUCCESS. dag_id=fetch_spread_values, task_id=fetch_and_compute_spread_usd_mxn, run_id=scheduled__2024-07-14T02:13:00+00:00, execution_date=20240714T021300, start_date=20240714T085847, end_date=20240714T085847
[2024-07-14T08:58:47.454+0000] {local_task_job_runner.py:240} INFO - Task exited with return code 0
[2024-07-14T08:58:47.463+0000] {taskinstance.py:3503} INFO - 0 downstream tasks scheduled from follow-on schedule check
[2024-07-14T08:58:47.464+0000] {local_task_job_runner.py:222} INFO - ::endgroup::
[2024-07-14T20:33:15.617+0000] {local_task_job_runner.py:120} INFO - ::group::Pre task execution logs
[2024-07-14T20:33:15.648+0000] {taskinstance.py:2076} INFO - Dependencies all met for dep_context=non-requeueable deps ti=<TaskInstance: fetch_spread_values.fetch_and_compute_spread_usd_mxn scheduled__2024-07-14T02:13:00+00:00 [queued]>
[2024-07-14T20:33:15.653+0000] {taskinstance.py:2076} INFO - Dependencies all met for dep_context=requeueable deps ti=<TaskInstance: fetch_spread_values.fetch_and_compute_spread_usd_mxn scheduled__2024-07-14T02:13:00+00:00 [queued]>
[2024-07-14T20:33:15.654+0000] {taskinstance.py:2306} INFO - Starting attempt 1 of 2
[2024-07-14T20:33:15.672+0000] {taskinstance.py:2330} INFO - Executing <Task(PythonOperator): fetch_and_compute_spread_usd_mxn> on 2024-07-14 02:13:00+00:00
[2024-07-14T20:33:15.678+0000] {logging_mixin.py:188} WARNING - /home/***/.local/lib/python3.12/site-packages/***/task/task_runner/standard_task_runner.py:61 DeprecationWarning: This process (pid=727) is multi-threaded, use of fork() may lead to deadlocks in the child.
[2024-07-14T20:33:15.679+0000] {standard_task_runner.py:63} INFO - Started process 736 to run task
[2024-07-14T20:33:15.679+0000] {standard_task_runner.py:90} INFO - Running: ['***', 'tasks', 'run', 'fetch_spread_values', 'fetch_and_compute_spread_usd_mxn', 'scheduled__2024-07-14T02:13:00+00:00', '--job-id', '272', '--raw', '--subdir', 'DAGS_FOLDER/***.py', '--cfg-path', '/tmp/tmpf2gd35q5']
[2024-07-14T20:33:15.681+0000] {standard_task_runner.py:91} INFO - Job 272: Subtask fetch_and_compute_spread_usd_mxn
[2024-07-14T20:33:15.722+0000] {task_command.py:426} INFO - Running <TaskInstance: fetch_spread_values.fetch_and_compute_spread_usd_mxn scheduled__2024-07-14T02:13:00+00:00 [running]> on host 77caf7e4b282
[2024-07-14T20:33:15.781+0000] {taskinstance.py:2648} INFO - Exporting env vars: AIRFLOW_CTX_DAG_OWNER='***' AIRFLOW_CTX_DAG_ID='fetch_spread_values' AIRFLOW_CTX_TASK_ID='fetch_and_compute_spread_usd_mxn' AIRFLOW_CTX_EXECUTION_DATE='2024-07-14T02:13:00+00:00' AIRFLOW_CTX_TRY_NUMBER='1' AIRFLOW_CTX_DAG_RUN_ID='scheduled__2024-07-14T02:13:00+00:00'
[2024-07-14T20:33:15.782+0000] {taskinstance.py:430} INFO - ::endgroup::
[2024-07-14T20:33:15.945+0000] {python.py:237} INFO - Done. Returned value was: None
[2024-07-14T20:33:15.945+0000] {taskinstance.py:441} INFO - ::group::Post task execution logs
[2024-07-14T20:33:15.951+0000] {taskinstance.py:1206} INFO - Marking task as SUCCESS. dag_id=fetch_spread_values, task_id=fetch_and_compute_spread_usd_mxn, run_id=scheduled__2024-07-14T02:13:00+00:00, execution_date=20240714T021300, start_date=20240714T203315, end_date=20240714T203315
[2024-07-14T20:33:15.985+0000] {local_task_job_runner.py:240} INFO - Task exited with return code 0
[2024-07-14T20:33:15.995+0000] {taskinstance.py:3503} INFO - 0 downstream tasks scheduled from follow-on schedule check
[2024-07-14T20:33:15.997+0000] {local_task_job_runner.py:222} INFO - ::endgroup::
