[2024-07-14T12:29:53.145+0000] {local_task_job_runner.py:120} INFO - ::group::Pre task execution logs
[2024-07-14T12:29:53.184+0000] {taskinstance.py:2076} INFO - Dependencies all met for dep_context=non-requeueable deps ti=<TaskInstance: fetch_spread_values.fetch_and_compute_spread_usd_mxn scheduled__2024-07-14T12:13:00+00:00 [queued]>
[2024-07-14T12:29:53.233+0000] {taskinstance.py:2076} INFO - Dependencies all met for dep_context=requeueable deps ti=<TaskInstance: fetch_spread_values.fetch_and_compute_spread_usd_mxn scheduled__2024-07-14T12:13:00+00:00 [queued]>
[2024-07-14T12:29:53.234+0000] {taskinstance.py:2306} INFO - Starting attempt 1 of 2
[2024-07-14T12:29:53.288+0000] {taskinstance.py:2330} INFO - Executing <Task(PythonOperator): fetch_and_compute_spread_usd_mxn> on 2024-07-14 12:13:00+00:00
[2024-07-14T12:29:53.330+0000] {warnings.py:112} WARNING - /home/***/.local/lib/python3.12/site-packages/***/task/task_runner/standard_task_runner.py:61: DeprecationWarning: This process (pid=5226) is multi-threaded, use of fork() may lead to deadlocks in the child.
  pid = os.fork()

[2024-07-14T12:29:53.336+0000] {standard_task_runner.py:63} INFO - Started process 5259 to run task
[2024-07-14T12:29:53.342+0000] {standard_task_runner.py:90} INFO - Running: ['***', 'tasks', 'run', 'fetch_spread_values', 'fetch_and_compute_spread_usd_mxn', 'scheduled__2024-07-14T12:13:00+00:00', '--job-id', '1572', '--raw', '--subdir', 'DAGS_FOLDER/***.py', '--cfg-path', '/tmp/tmpcd7afb4_']
[2024-07-14T12:29:53.366+0000] {standard_task_runner.py:91} INFO - Job 1572: Subtask fetch_and_compute_spread_usd_mxn
[2024-07-14T12:29:53.589+0000] {task_command.py:426} INFO - Running <TaskInstance: fetch_spread_values.fetch_and_compute_spread_usd_mxn scheduled__2024-07-14T12:13:00+00:00 [running]> on host d537c34a4880
[2024-07-14T12:29:54.769+0000] {taskinstance.py:2648} INFO - Exporting env vars: AIRFLOW_CTX_DAG_OWNER='***' AIRFLOW_CTX_DAG_ID='fetch_spread_values' AIRFLOW_CTX_TASK_ID='fetch_and_compute_spread_usd_mxn' AIRFLOW_CTX_EXECUTION_DATE='2024-07-14T12:13:00+00:00' AIRFLOW_CTX_TRY_NUMBER='1' AIRFLOW_CTX_DAG_RUN_ID='scheduled__2024-07-14T12:13:00+00:00'
[2024-07-14T12:29:54.809+0000] {taskinstance.py:430} INFO - ::endgroup::
[2024-07-14T12:29:55.112+0000] {python.py:237} INFO - Done. Returned value was: None
[2024-07-14T12:29:55.114+0000] {taskinstance.py:441} INFO - ::group::Post task execution logs
[2024-07-14T12:29:55.130+0000] {taskinstance.py:1206} INFO - Marking task as SUCCESS. dag_id=fetch_spread_values, task_id=fetch_and_compute_spread_usd_mxn, run_id=scheduled__2024-07-14T12:13:00+00:00, execution_date=20240714T121300, start_date=20240714T122953, end_date=20240714T122955
[2024-07-14T12:29:55.192+0000] {local_task_job_runner.py:240} INFO - Task exited with return code 0
[2024-07-14T12:29:55.236+0000] {taskinstance.py:3503} INFO - 0 downstream tasks scheduled from follow-on schedule check
[2024-07-14T12:29:55.244+0000] {local_task_job_runner.py:222} INFO - ::endgroup::
[2024-07-14T20:37:31.768+0000] {local_task_job_runner.py:120} INFO - ::group::Pre task execution logs
[2024-07-14T20:37:31.790+0000] {taskinstance.py:2076} INFO - Dependencies all met for dep_context=non-requeueable deps ti=<TaskInstance: fetch_spread_values.fetch_and_compute_spread_usd_mxn scheduled__2024-07-14T12:13:00+00:00 [queued]>
[2024-07-14T20:37:31.797+0000] {taskinstance.py:2076} INFO - Dependencies all met for dep_context=requeueable deps ti=<TaskInstance: fetch_spread_values.fetch_and_compute_spread_usd_mxn scheduled__2024-07-14T12:13:00+00:00 [queued]>
[2024-07-14T20:37:31.798+0000] {taskinstance.py:2306} INFO - Starting attempt 1 of 2
[2024-07-14T20:37:31.807+0000] {taskinstance.py:2330} INFO - Executing <Task(PythonOperator): fetch_and_compute_spread_usd_mxn> on 2024-07-14 12:13:00+00:00
[2024-07-14T20:37:31.817+0000] {logging_mixin.py:188} WARNING - /home/***/.local/lib/python3.12/site-packages/***/task/task_runner/standard_task_runner.py:61 DeprecationWarning: This process (pid=3421) is multi-threaded, use of fork() may lead to deadlocks in the child.
[2024-07-14T20:37:31.821+0000] {standard_task_runner.py:63} INFO - Started process 3429 to run task
[2024-07-14T20:37:31.821+0000] {standard_task_runner.py:90} INFO - Running: ['***', 'tasks', 'run', 'fetch_spread_values', 'fetch_and_compute_spread_usd_mxn', 'scheduled__2024-07-14T12:13:00+00:00', '--job-id', '1594', '--raw', '--subdir', 'DAGS_FOLDER/***.py', '--cfg-path', '/tmp/tmpcl9y5vvv']
[2024-07-14T20:37:31.826+0000] {standard_task_runner.py:91} INFO - Job 1594: Subtask fetch_and_compute_spread_usd_mxn
[2024-07-14T20:37:31.889+0000] {task_command.py:426} INFO - Running <TaskInstance: fetch_spread_values.fetch_and_compute_spread_usd_mxn scheduled__2024-07-14T12:13:00+00:00 [running]> on host 77caf7e4b282
[2024-07-14T20:37:31.998+0000] {taskinstance.py:2648} INFO - Exporting env vars: AIRFLOW_CTX_DAG_OWNER='***' AIRFLOW_CTX_DAG_ID='fetch_spread_values' AIRFLOW_CTX_TASK_ID='fetch_and_compute_spread_usd_mxn' AIRFLOW_CTX_EXECUTION_DATE='2024-07-14T12:13:00+00:00' AIRFLOW_CTX_TRY_NUMBER='1' AIRFLOW_CTX_DAG_RUN_ID='scheduled__2024-07-14T12:13:00+00:00'
[2024-07-14T20:37:32.000+0000] {taskinstance.py:430} INFO - ::endgroup::
[2024-07-14T20:37:32.243+0000] {python.py:237} INFO - Done. Returned value was: None
[2024-07-14T20:37:32.251+0000] {taskinstance.py:441} INFO - ::group::Post task execution logs
[2024-07-14T20:37:32.258+0000] {taskinstance.py:1206} INFO - Marking task as SUCCESS. dag_id=fetch_spread_values, task_id=fetch_and_compute_spread_usd_mxn, run_id=scheduled__2024-07-14T12:13:00+00:00, execution_date=20240714T121300, start_date=20240714T203731, end_date=20240714T203732
[2024-07-14T20:37:32.291+0000] {local_task_job_runner.py:240} INFO - Task exited with return code 0
[2024-07-14T20:37:32.313+0000] {taskinstance.py:3503} INFO - 0 downstream tasks scheduled from follow-on schedule check
[2024-07-14T20:37:32.320+0000] {local_task_job_runner.py:222} INFO - ::endgroup::
