[2024-07-14T09:00:02.087+0000] {local_task_job_runner.py:120} INFO - ::group::Pre task execution logs
[2024-07-14T09:00:02.157+0000] {taskinstance.py:2076} INFO - Dependencies all met for dep_context=non-requeueable deps ti=<TaskInstance: fetch_spread_values.fetch_and_compute_spread_usd_mxn scheduled__2024-07-14T03:21:00+00:00 [queued]>
[2024-07-14T09:00:02.180+0000] {taskinstance.py:2076} INFO - Dependencies all met for dep_context=requeueable deps ti=<TaskInstance: fetch_spread_values.fetch_and_compute_spread_usd_mxn scheduled__2024-07-14T03:21:00+00:00 [queued]>
[2024-07-14T09:00:02.184+0000] {taskinstance.py:2306} INFO - Starting attempt 1 of 2
[2024-07-14T09:00:02.245+0000] {taskinstance.py:2330} INFO - Executing <Task(PythonOperator): fetch_and_compute_spread_usd_mxn> on 2024-07-14 03:21:00+00:00
[2024-07-14T09:00:02.261+0000] {warnings.py:112} WARNING - /home/***/.local/lib/python3.12/site-packages/***/task/task_runner/standard_task_runner.py:61: DeprecationWarning: This process (pid=1369) is multi-threaded, use of fork() may lead to deadlocks in the child.
  pid = os.fork()

[2024-07-14T09:00:02.273+0000] {standard_task_runner.py:63} INFO - Started process 1397 to run task
[2024-07-14T09:00:02.267+0000] {standard_task_runner.py:90} INFO - Running: ['***', 'tasks', 'run', 'fetch_spread_values', 'fetch_and_compute_spread_usd_mxn', 'scheduled__2024-07-14T03:21:00+00:00', '--job-id', '434', '--raw', '--subdir', 'DAGS_FOLDER/***.py', '--cfg-path', '/tmp/tmp114hs0b8']
[2024-07-14T09:00:02.278+0000] {standard_task_runner.py:91} INFO - Job 434: Subtask fetch_and_compute_spread_usd_mxn
[2024-07-14T09:00:02.402+0000] {task_command.py:426} INFO - Running <TaskInstance: fetch_spread_values.fetch_and_compute_spread_usd_mxn scheduled__2024-07-14T03:21:00+00:00 [running]> on host d537c34a4880
[2024-07-14T09:00:02.607+0000] {taskinstance.py:2648} INFO - Exporting env vars: AIRFLOW_CTX_DAG_OWNER='***' AIRFLOW_CTX_DAG_ID='fetch_spread_values' AIRFLOW_CTX_TASK_ID='fetch_and_compute_spread_usd_mxn' AIRFLOW_CTX_EXECUTION_DATE='2024-07-14T03:21:00+00:00' AIRFLOW_CTX_TRY_NUMBER='1' AIRFLOW_CTX_DAG_RUN_ID='scheduled__2024-07-14T03:21:00+00:00'
[2024-07-14T09:00:02.610+0000] {taskinstance.py:430} INFO - ::endgroup::
[2024-07-14T09:00:02.911+0000] {python.py:237} INFO - Done. Returned value was: None
[2024-07-14T09:00:02.918+0000] {taskinstance.py:441} INFO - ::group::Post task execution logs
[2024-07-14T09:00:02.941+0000] {taskinstance.py:1206} INFO - Marking task as SUCCESS. dag_id=fetch_spread_values, task_id=fetch_and_compute_spread_usd_mxn, run_id=scheduled__2024-07-14T03:21:00+00:00, execution_date=20240714T032100, start_date=20240714T090002, end_date=20240714T090002
[2024-07-14T09:00:03.056+0000] {local_task_job_runner.py:240} INFO - Task exited with return code 0
[2024-07-14T09:00:03.083+0000] {local_task_job_runner.py:222} INFO - ::endgroup::
[2024-07-14T20:33:36.304+0000] {local_task_job_runner.py:120} INFO - ::group::Pre task execution logs
[2024-07-14T20:33:36.327+0000] {taskinstance.py:2076} INFO - Dependencies all met for dep_context=non-requeueable deps ti=<TaskInstance: fetch_spread_values.fetch_and_compute_spread_usd_mxn scheduled__2024-07-14T03:21:00+00:00 [queued]>
[2024-07-14T20:33:36.333+0000] {taskinstance.py:2076} INFO - Dependencies all met for dep_context=requeueable deps ti=<TaskInstance: fetch_spread_values.fetch_and_compute_spread_usd_mxn scheduled__2024-07-14T03:21:00+00:00 [queued]>
[2024-07-14T20:33:36.342+0000] {taskinstance.py:2306} INFO - Starting attempt 1 of 2
[2024-07-14T20:33:36.366+0000] {taskinstance.py:2330} INFO - Executing <Task(PythonOperator): fetch_and_compute_spread_usd_mxn> on 2024-07-14 03:21:00+00:00
[2024-07-14T20:33:36.378+0000] {logging_mixin.py:188} WARNING - /home/***/.local/lib/python3.12/site-packages/***/task/task_runner/standard_task_runner.py:61 DeprecationWarning: This process (pid=1002) is multi-threaded, use of fork() may lead to deadlocks in the child.
[2024-07-14T20:33:36.380+0000] {standard_task_runner.py:63} INFO - Started process 1009 to run task
[2024-07-14T20:33:36.375+0000] {standard_task_runner.py:90} INFO - Running: ['***', 'tasks', 'run', 'fetch_spread_values', 'fetch_and_compute_spread_usd_mxn', 'scheduled__2024-07-14T03:21:00+00:00', '--job-id', '407', '--raw', '--subdir', 'DAGS_FOLDER/***.py', '--cfg-path', '/tmp/tmpyawcaiz0']
[2024-07-14T20:33:36.385+0000] {standard_task_runner.py:91} INFO - Job 407: Subtask fetch_and_compute_spread_usd_mxn
[2024-07-14T20:33:36.436+0000] {task_command.py:426} INFO - Running <TaskInstance: fetch_spread_values.fetch_and_compute_spread_usd_mxn scheduled__2024-07-14T03:21:00+00:00 [running]> on host 77caf7e4b282
[2024-07-14T20:33:36.512+0000] {taskinstance.py:2648} INFO - Exporting env vars: AIRFLOW_CTX_DAG_OWNER='***' AIRFLOW_CTX_DAG_ID='fetch_spread_values' AIRFLOW_CTX_TASK_ID='fetch_and_compute_spread_usd_mxn' AIRFLOW_CTX_EXECUTION_DATE='2024-07-14T03:21:00+00:00' AIRFLOW_CTX_TRY_NUMBER='1' AIRFLOW_CTX_DAG_RUN_ID='scheduled__2024-07-14T03:21:00+00:00'
[2024-07-14T20:33:36.515+0000] {taskinstance.py:430} INFO - ::endgroup::
[2024-07-14T20:33:36.704+0000] {python.py:237} INFO - Done. Returned value was: None
[2024-07-14T20:33:36.704+0000] {taskinstance.py:441} INFO - ::group::Post task execution logs
[2024-07-14T20:33:36.710+0000] {taskinstance.py:1206} INFO - Marking task as SUCCESS. dag_id=fetch_spread_values, task_id=fetch_and_compute_spread_usd_mxn, run_id=scheduled__2024-07-14T03:21:00+00:00, execution_date=20240714T032100, start_date=20240714T203336, end_date=20240714T203336
[2024-07-14T20:33:36.726+0000] {local_task_job_runner.py:240} INFO - Task exited with return code 0
[2024-07-14T20:33:36.735+0000] {taskinstance.py:3503} INFO - 0 downstream tasks scheduled from follow-on schedule check
[2024-07-14T20:33:36.736+0000] {local_task_job_runner.py:222} INFO - ::endgroup::
