[2024-07-14T15:07:31.771+0000] {local_task_job_runner.py:120} INFO - ::group::Pre task execution logs
[2024-07-14T15:07:31.916+0000] {taskinstance.py:2076} INFO - Dependencies all met for dep_context=non-requeueable deps ti=<TaskInstance: fetch_spread_values.fetch_and_compute_spread_btc_mxn scheduled__2024-07-14T14:51:00+00:00 [queued]>
[2024-07-14T15:07:31.975+0000] {taskinstance.py:2076} INFO - Dependencies all met for dep_context=requeueable deps ti=<TaskInstance: fetch_spread_values.fetch_and_compute_spread_btc_mxn scheduled__2024-07-14T14:51:00+00:00 [queued]>
[2024-07-14T15:07:31.978+0000] {taskinstance.py:2306} INFO - Starting attempt 1 of 2
[2024-07-14T15:07:32.028+0000] {taskinstance.py:2330} INFO - Executing <Task(PythonOperator): fetch_and_compute_spread_btc_mxn> on 2024-07-14 14:51:00+00:00
[2024-07-14T15:07:32.040+0000] {warnings.py:112} WARNING - /home/***/.local/lib/python3.12/site-packages/***/task/task_runner/standard_task_runner.py:61: DeprecationWarning: This process (pid=6341) is multi-threaded, use of fork() may lead to deadlocks in the child.
  pid = os.fork()

[2024-07-14T15:07:32.048+0000] {standard_task_runner.py:63} INFO - Started process 6381 to run task
[2024-07-14T15:07:32.054+0000] {standard_task_runner.py:90} INFO - Running: ['***', 'tasks', 'run', 'fetch_spread_values', 'fetch_and_compute_spread_btc_mxn', 'scheduled__2024-07-14T14:51:00+00:00', '--job-id', '1911', '--raw', '--subdir', 'DAGS_FOLDER/***.py', '--cfg-path', '/tmp/tmp4yawoowx']
[2024-07-14T15:07:32.080+0000] {standard_task_runner.py:91} INFO - Job 1911: Subtask fetch_and_compute_spread_btc_mxn
[2024-07-14T15:07:32.279+0000] {task_command.py:426} INFO - Running <TaskInstance: fetch_spread_values.fetch_and_compute_spread_btc_mxn scheduled__2024-07-14T14:51:00+00:00 [running]> on host d537c34a4880
[2024-07-14T15:07:32.794+0000] {taskinstance.py:2648} INFO - Exporting env vars: AIRFLOW_CTX_DAG_OWNER='***' AIRFLOW_CTX_DAG_ID='fetch_spread_values' AIRFLOW_CTX_TASK_ID='fetch_and_compute_spread_btc_mxn' AIRFLOW_CTX_EXECUTION_DATE='2024-07-14T14:51:00+00:00' AIRFLOW_CTX_TRY_NUMBER='1' AIRFLOW_CTX_DAG_RUN_ID='scheduled__2024-07-14T14:51:00+00:00'
[2024-07-14T15:07:32.817+0000] {taskinstance.py:430} INFO - ::endgroup::
[2024-07-14T15:07:33.294+0000] {python.py:237} INFO - Done. Returned value was: None
[2024-07-14T15:07:33.305+0000] {taskinstance.py:441} INFO - ::group::Post task execution logs
[2024-07-14T15:07:33.351+0000] {taskinstance.py:1206} INFO - Marking task as SUCCESS. dag_id=fetch_spread_values, task_id=fetch_and_compute_spread_btc_mxn, run_id=scheduled__2024-07-14T14:51:00+00:00, execution_date=20240714T145100, start_date=20240714T150731, end_date=20240714T150733
[2024-07-14T15:07:33.452+0000] {local_task_job_runner.py:240} INFO - Task exited with return code 0
[2024-07-14T15:07:33.613+0000] {taskinstance.py:3503} INFO - 0 downstream tasks scheduled from follow-on schedule check
[2024-07-14T15:07:33.678+0000] {local_task_job_runner.py:222} INFO - ::endgroup::
[2024-07-14T20:38:28.026+0000] {local_task_job_runner.py:120} INFO - ::group::Pre task execution logs
[2024-07-14T20:38:28.054+0000] {taskinstance.py:2076} INFO - Dependencies all met for dep_context=non-requeueable deps ti=<TaskInstance: fetch_spread_values.fetch_and_compute_spread_btc_mxn scheduled__2024-07-14T14:51:00+00:00 [queued]>
[2024-07-14T20:38:28.061+0000] {taskinstance.py:2076} INFO - Dependencies all met for dep_context=requeueable deps ti=<TaskInstance: fetch_spread_values.fetch_and_compute_spread_btc_mxn scheduled__2024-07-14T14:51:00+00:00 [queued]>
[2024-07-14T20:38:28.061+0000] {taskinstance.py:2306} INFO - Starting attempt 1 of 2
[2024-07-14T20:38:28.077+0000] {taskinstance.py:2330} INFO - Executing <Task(PythonOperator): fetch_and_compute_spread_btc_mxn> on 2024-07-14 14:51:00+00:00
[2024-07-14T20:38:28.086+0000] {standard_task_runner.py:90} INFO - Running: ['***', 'tasks', 'run', 'fetch_spread_values', 'fetch_and_compute_spread_btc_mxn', 'scheduled__2024-07-14T14:51:00+00:00', '--job-id', '1911', '--raw', '--subdir', 'DAGS_FOLDER/***.py', '--cfg-path', '/tmp/tmp8x730i44']
[2024-07-14T20:38:28.090+0000] {standard_task_runner.py:91} INFO - Job 1911: Subtask fetch_and_compute_spread_btc_mxn
[2024-07-14T20:38:28.085+0000] {logging_mixin.py:188} WARNING - /home/***/.local/lib/python3.12/site-packages/***/task/task_runner/standard_task_runner.py:61 DeprecationWarning: This process (pid=4058) is multi-threaded, use of fork() may lead to deadlocks in the child.
[2024-07-14T20:38:28.095+0000] {standard_task_runner.py:63} INFO - Started process 4071 to run task
[2024-07-14T20:38:28.132+0000] {task_command.py:426} INFO - Running <TaskInstance: fetch_spread_values.fetch_and_compute_spread_btc_mxn scheduled__2024-07-14T14:51:00+00:00 [running]> on host 77caf7e4b282
[2024-07-14T20:38:28.210+0000] {taskinstance.py:2648} INFO - Exporting env vars: AIRFLOW_CTX_DAG_OWNER='***' AIRFLOW_CTX_DAG_ID='fetch_spread_values' AIRFLOW_CTX_TASK_ID='fetch_and_compute_spread_btc_mxn' AIRFLOW_CTX_EXECUTION_DATE='2024-07-14T14:51:00+00:00' AIRFLOW_CTX_TRY_NUMBER='1' AIRFLOW_CTX_DAG_RUN_ID='scheduled__2024-07-14T14:51:00+00:00'
[2024-07-14T20:38:28.213+0000] {taskinstance.py:430} INFO - ::endgroup::
[2024-07-14T20:38:28.442+0000] {python.py:237} INFO - Done. Returned value was: None
[2024-07-14T20:38:28.452+0000] {taskinstance.py:441} INFO - ::group::Post task execution logs
[2024-07-14T20:38:28.466+0000] {taskinstance.py:1206} INFO - Marking task as SUCCESS. dag_id=fetch_spread_values, task_id=fetch_and_compute_spread_btc_mxn, run_id=scheduled__2024-07-14T14:51:00+00:00, execution_date=20240714T145100, start_date=20240714T203828, end_date=20240714T203828
[2024-07-14T20:38:28.489+0000] {local_task_job_runner.py:240} INFO - Task exited with return code 0
[2024-07-14T20:38:28.501+0000] {taskinstance.py:3503} INFO - 0 downstream tasks scheduled from follow-on schedule check
[2024-07-14T20:38:28.504+0000] {local_task_job_runner.py:222} INFO - ::endgroup::
