[2024-07-14T09:02:28.641+0000] {local_task_job_runner.py:120} INFO - ::group::Pre task execution logs
[2024-07-14T09:02:28.723+0000] {taskinstance.py:2076} INFO - Dependencies all met for dep_context=non-requeueable deps ti=<TaskInstance: fetch_spread_values.fetch_and_compute_spread_usd_mxn scheduled__2024-07-14T06:13:00+00:00 [queued]>
[2024-07-14T09:02:28.782+0000] {taskinstance.py:2076} INFO - Dependencies all met for dep_context=requeueable deps ti=<TaskInstance: fetch_spread_values.fetch_and_compute_spread_usd_mxn scheduled__2024-07-14T06:13:00+00:00 [queued]>
[2024-07-14T09:02:28.783+0000] {taskinstance.py:2306} INFO - Starting attempt 1 of 2
[2024-07-14T09:02:28.903+0000] {taskinstance.py:2330} INFO - Executing <Task(PythonOperator): fetch_and_compute_spread_usd_mxn> on 2024-07-14 06:13:00+00:00
[2024-07-14T09:02:28.945+0000] {warnings.py:112} WARNING - /home/***/.local/lib/python3.12/site-packages/***/task/task_runner/standard_task_runner.py:61: DeprecationWarning: This process (pid=2423) is multi-threaded, use of fork() may lead to deadlocks in the child.
  pid = os.fork()

[2024-07-14T09:02:28.988+0000] {standard_task_runner.py:63} INFO - Started process 2449 to run task
[2024-07-14T09:02:28.957+0000] {standard_task_runner.py:90} INFO - Running: ['***', 'tasks', 'run', 'fetch_spread_values', 'fetch_and_compute_spread_usd_mxn', 'scheduled__2024-07-14T06:13:00+00:00', '--job-id', '778', '--raw', '--subdir', 'DAGS_FOLDER/***.py', '--cfg-path', '/tmp/tmphl9fr0_3']
[2024-07-14T09:02:29.035+0000] {standard_task_runner.py:91} INFO - Job 778: Subtask fetch_and_compute_spread_usd_mxn
[2024-07-14T09:02:29.216+0000] {task_command.py:426} INFO - Running <TaskInstance: fetch_spread_values.fetch_and_compute_spread_usd_mxn scheduled__2024-07-14T06:13:00+00:00 [running]> on host d537c34a4880
[2024-07-14T09:02:29.466+0000] {taskinstance.py:2648} INFO - Exporting env vars: AIRFLOW_CTX_DAG_OWNER='***' AIRFLOW_CTX_DAG_ID='fetch_spread_values' AIRFLOW_CTX_TASK_ID='fetch_and_compute_spread_usd_mxn' AIRFLOW_CTX_EXECUTION_DATE='2024-07-14T06:13:00+00:00' AIRFLOW_CTX_TRY_NUMBER='1' AIRFLOW_CTX_DAG_RUN_ID='scheduled__2024-07-14T06:13:00+00:00'
[2024-07-14T09:02:29.469+0000] {taskinstance.py:430} INFO - ::endgroup::
[2024-07-14T09:02:29.919+0000] {python.py:237} INFO - Done. Returned value was: None
[2024-07-14T09:02:29.947+0000] {taskinstance.py:441} INFO - ::group::Post task execution logs
[2024-07-14T09:02:30.027+0000] {taskinstance.py:1206} INFO - Marking task as SUCCESS. dag_id=fetch_spread_values, task_id=fetch_and_compute_spread_usd_mxn, run_id=scheduled__2024-07-14T06:13:00+00:00, execution_date=20240714T061300, start_date=20240714T090228, end_date=20240714T090230
[2024-07-14T09:02:30.174+0000] {local_task_job_runner.py:240} INFO - Task exited with return code 0
[2024-07-14T09:02:30.224+0000] {local_task_job_runner.py:222} INFO - ::endgroup::
[2024-07-14T20:34:45.996+0000] {local_task_job_runner.py:120} INFO - ::group::Pre task execution logs
[2024-07-14T20:34:46.026+0000] {taskinstance.py:2076} INFO - Dependencies all met for dep_context=non-requeueable deps ti=<TaskInstance: fetch_spread_values.fetch_and_compute_spread_usd_mxn scheduled__2024-07-14T06:13:00+00:00 [queued]>
[2024-07-14T20:34:46.036+0000] {taskinstance.py:2076} INFO - Dependencies all met for dep_context=requeueable deps ti=<TaskInstance: fetch_spread_values.fetch_and_compute_spread_usd_mxn scheduled__2024-07-14T06:13:00+00:00 [queued]>
[2024-07-14T20:34:46.037+0000] {taskinstance.py:2306} INFO - Starting attempt 1 of 2
[2024-07-14T20:34:46.053+0000] {taskinstance.py:2330} INFO - Executing <Task(PythonOperator): fetch_and_compute_spread_usd_mxn> on 2024-07-14 06:13:00+00:00
[2024-07-14T20:34:46.060+0000] {logging_mixin.py:188} WARNING - /home/***/.local/lib/python3.12/site-packages/***/task/task_runner/standard_task_runner.py:61 DeprecationWarning: This process (pid=1756) is multi-threaded, use of fork() may lead to deadlocks in the child.
[2024-07-14T20:34:46.064+0000] {standard_task_runner.py:63} INFO - Started process 1761 to run task
[2024-07-14T20:34:46.061+0000] {standard_task_runner.py:90} INFO - Running: ['***', 'tasks', 'run', 'fetch_spread_values', 'fetch_and_compute_spread_usd_mxn', 'scheduled__2024-07-14T06:13:00+00:00', '--job-id', '779', '--raw', '--subdir', 'DAGS_FOLDER/***.py', '--cfg-path', '/tmp/tmpx3cbj7p5']
[2024-07-14T20:34:46.072+0000] {standard_task_runner.py:91} INFO - Job 779: Subtask fetch_and_compute_spread_usd_mxn
[2024-07-14T20:34:46.113+0000] {task_command.py:426} INFO - Running <TaskInstance: fetch_spread_values.fetch_and_compute_spread_usd_mxn scheduled__2024-07-14T06:13:00+00:00 [running]> on host 77caf7e4b282
[2024-07-14T20:34:46.215+0000] {taskinstance.py:2648} INFO - Exporting env vars: AIRFLOW_CTX_DAG_OWNER='***' AIRFLOW_CTX_DAG_ID='fetch_spread_values' AIRFLOW_CTX_TASK_ID='fetch_and_compute_spread_usd_mxn' AIRFLOW_CTX_EXECUTION_DATE='2024-07-14T06:13:00+00:00' AIRFLOW_CTX_TRY_NUMBER='1' AIRFLOW_CTX_DAG_RUN_ID='scheduled__2024-07-14T06:13:00+00:00'
[2024-07-14T20:34:46.216+0000] {taskinstance.py:430} INFO - ::endgroup::
[2024-07-14T20:34:46.429+0000] {python.py:237} INFO - Done. Returned value was: None
[2024-07-14T20:34:46.431+0000] {taskinstance.py:441} INFO - ::group::Post task execution logs
[2024-07-14T20:34:46.440+0000] {taskinstance.py:1206} INFO - Marking task as SUCCESS. dag_id=fetch_spread_values, task_id=fetch_and_compute_spread_usd_mxn, run_id=scheduled__2024-07-14T06:13:00+00:00, execution_date=20240714T061300, start_date=20240714T203446, end_date=20240714T203446
[2024-07-14T20:34:46.491+0000] {local_task_job_runner.py:240} INFO - Task exited with return code 0
[2024-07-14T20:34:46.504+0000] {local_task_job_runner.py:222} INFO - ::endgroup::
