[2024-07-14T08:59:54.926+0000] {local_task_job_runner.py:120} INFO - ::group::Pre task execution logs
[2024-07-14T08:59:54.996+0000] {taskinstance.py:2076} INFO - Dependencies all met for dep_context=non-requeueable deps ti=<TaskInstance: fetch_spread_values.fetch_and_compute_spread_usd_mxn scheduled__2024-07-14T03:15:00+00:00 [queued]>
[2024-07-14T08:59:55.036+0000] {taskinstance.py:2076} INFO - Dependencies all met for dep_context=requeueable deps ti=<TaskInstance: fetch_spread_values.fetch_and_compute_spread_usd_mxn scheduled__2024-07-14T03:15:00+00:00 [queued]>
[2024-07-14T08:59:55.053+0000] {taskinstance.py:2306} INFO - Starting attempt 1 of 2
[2024-07-14T08:59:55.123+0000] {taskinstance.py:2330} INFO - Executing <Task(PythonOperator): fetch_and_compute_spread_usd_mxn> on 2024-07-14 03:15:00+00:00
[2024-07-14T08:59:55.143+0000] {warnings.py:112} WARNING - /home/***/.local/lib/python3.12/site-packages/***/task/task_runner/standard_task_runner.py:61: DeprecationWarning: This process (pid=1321) is multi-threaded, use of fork() may lead to deadlocks in the child.
  pid = os.fork()

[2024-07-14T08:59:55.150+0000] {standard_task_runner.py:63} INFO - Started process 1355 to run task
[2024-07-14T08:59:55.142+0000] {standard_task_runner.py:90} INFO - Running: ['***', 'tasks', 'run', 'fetch_spread_values', 'fetch_and_compute_spread_usd_mxn', 'scheduled__2024-07-14T03:15:00+00:00', '--job-id', '422', '--raw', '--subdir', 'DAGS_FOLDER/***.py', '--cfg-path', '/tmp/tmpaiidfpgt']
[2024-07-14T08:59:55.161+0000] {standard_task_runner.py:91} INFO - Job 422: Subtask fetch_and_compute_spread_usd_mxn
[2024-07-14T08:59:55.324+0000] {task_command.py:426} INFO - Running <TaskInstance: fetch_spread_values.fetch_and_compute_spread_usd_mxn scheduled__2024-07-14T03:15:00+00:00 [running]> on host d537c34a4880
[2024-07-14T08:59:55.538+0000] {taskinstance.py:2648} INFO - Exporting env vars: AIRFLOW_CTX_DAG_OWNER='***' AIRFLOW_CTX_DAG_ID='fetch_spread_values' AIRFLOW_CTX_TASK_ID='fetch_and_compute_spread_usd_mxn' AIRFLOW_CTX_EXECUTION_DATE='2024-07-14T03:15:00+00:00' AIRFLOW_CTX_TRY_NUMBER='1' AIRFLOW_CTX_DAG_RUN_ID='scheduled__2024-07-14T03:15:00+00:00'
[2024-07-14T08:59:55.545+0000] {taskinstance.py:430} INFO - ::endgroup::
[2024-07-14T08:59:55.939+0000] {python.py:237} INFO - Done. Returned value was: None
[2024-07-14T08:59:55.950+0000] {taskinstance.py:441} INFO - ::group::Post task execution logs
[2024-07-14T08:59:56.010+0000] {taskinstance.py:1206} INFO - Marking task as SUCCESS. dag_id=fetch_spread_values, task_id=fetch_and_compute_spread_usd_mxn, run_id=scheduled__2024-07-14T03:15:00+00:00, execution_date=20240714T031500, start_date=20240714T085955, end_date=20240714T085956
[2024-07-14T08:59:56.278+0000] {local_task_job_runner.py:240} INFO - Task exited with return code 0
[2024-07-14T08:59:56.394+0000] {local_task_job_runner.py:222} INFO - ::endgroup::
[2024-07-14T20:33:35.810+0000] {local_task_job_runner.py:120} INFO - ::group::Pre task execution logs
[2024-07-14T20:33:35.834+0000] {taskinstance.py:2076} INFO - Dependencies all met for dep_context=non-requeueable deps ti=<TaskInstance: fetch_spread_values.fetch_and_compute_spread_usd_mxn scheduled__2024-07-14T03:15:00+00:00 [queued]>
[2024-07-14T20:33:35.845+0000] {taskinstance.py:2076} INFO - Dependencies all met for dep_context=requeueable deps ti=<TaskInstance: fetch_spread_values.fetch_and_compute_spread_usd_mxn scheduled__2024-07-14T03:15:00+00:00 [queued]>
[2024-07-14T20:33:35.846+0000] {taskinstance.py:2306} INFO - Starting attempt 1 of 2
[2024-07-14T20:33:35.870+0000] {taskinstance.py:2330} INFO - Executing <Task(PythonOperator): fetch_and_compute_spread_usd_mxn> on 2024-07-14 03:15:00+00:00
[2024-07-14T20:33:35.876+0000] {logging_mixin.py:188} WARNING - /home/***/.local/lib/python3.12/site-packages/***/task/task_runner/standard_task_runner.py:61 DeprecationWarning: This process (pid=980) is multi-threaded, use of fork() may lead to deadlocks in the child.
[2024-07-14T20:33:35.879+0000] {standard_task_runner.py:63} INFO - Started process 991 to run task
[2024-07-14T20:33:35.877+0000] {standard_task_runner.py:90} INFO - Running: ['***', 'tasks', 'run', 'fetch_spread_values', 'fetch_and_compute_spread_usd_mxn', 'scheduled__2024-07-14T03:15:00+00:00', '--job-id', '396', '--raw', '--subdir', 'DAGS_FOLDER/***.py', '--cfg-path', '/tmp/tmphsg9goz8']
[2024-07-14T20:33:35.882+0000] {standard_task_runner.py:91} INFO - Job 396: Subtask fetch_and_compute_spread_usd_mxn
[2024-07-14T20:33:35.919+0000] {task_command.py:426} INFO - Running <TaskInstance: fetch_spread_values.fetch_and_compute_spread_usd_mxn scheduled__2024-07-14T03:15:00+00:00 [running]> on host 77caf7e4b282
[2024-07-14T20:33:36.038+0000] {taskinstance.py:2648} INFO - Exporting env vars: AIRFLOW_CTX_DAG_OWNER='***' AIRFLOW_CTX_DAG_ID='fetch_spread_values' AIRFLOW_CTX_TASK_ID='fetch_and_compute_spread_usd_mxn' AIRFLOW_CTX_EXECUTION_DATE='2024-07-14T03:15:00+00:00' AIRFLOW_CTX_TRY_NUMBER='1' AIRFLOW_CTX_DAG_RUN_ID='scheduled__2024-07-14T03:15:00+00:00'
[2024-07-14T20:33:36.044+0000] {taskinstance.py:430} INFO - ::endgroup::
[2024-07-14T20:33:36.263+0000] {python.py:237} INFO - Done. Returned value was: None
[2024-07-14T20:33:36.265+0000] {taskinstance.py:441} INFO - ::group::Post task execution logs
[2024-07-14T20:33:36.280+0000] {taskinstance.py:1206} INFO - Marking task as SUCCESS. dag_id=fetch_spread_values, task_id=fetch_and_compute_spread_usd_mxn, run_id=scheduled__2024-07-14T03:15:00+00:00, execution_date=20240714T031500, start_date=20240714T203335, end_date=20240714T203336
[2024-07-14T20:33:36.404+0000] {local_task_job_runner.py:240} INFO - Task exited with return code 0
[2024-07-14T20:33:36.426+0000] {taskinstance.py:3503} INFO - 0 downstream tasks scheduled from follow-on schedule check
[2024-07-14T20:33:36.431+0000] {local_task_job_runner.py:222} INFO - ::endgroup::
