[2024-07-14T08:57:25.164+0000] {local_task_job_runner.py:120} INFO - ::group::Pre task execution logs
[2024-07-14T08:57:25.182+0000] {taskinstance.py:2076} INFO - Dependencies all met for dep_context=non-requeueable deps ti=<TaskInstance: fetch_spread_values.fetch_and_compute_spread_btc_mxn scheduled__2024-07-14T00:39:00+00:00 [queued]>
[2024-07-14T08:57:25.227+0000] {taskinstance.py:2076} INFO - Dependencies all met for dep_context=requeueable deps ti=<TaskInstance: fetch_spread_values.fetch_and_compute_spread_btc_mxn scheduled__2024-07-14T00:39:00+00:00 [queued]>
[2024-07-14T08:57:25.228+0000] {taskinstance.py:2306} INFO - Starting attempt 1 of 2
[2024-07-14T08:57:25.240+0000] {taskinstance.py:2330} INFO - Executing <Task(PythonOperator): fetch_and_compute_spread_btc_mxn> on 2024-07-14 00:39:00+00:00
[2024-07-14T08:57:25.250+0000] {warnings.py:112} WARNING - /home/***/.local/lib/python3.12/site-packages/***/task/task_runner/standard_task_runner.py:61: DeprecationWarning: This process (pid=353) is multi-threaded, use of fork() may lead to deadlocks in the child.
  pid = os.fork()

[2024-07-14T08:57:25.252+0000] {standard_task_runner.py:63} INFO - Started process 374 to run task
[2024-07-14T08:57:25.256+0000] {standard_task_runner.py:90} INFO - Running: ['***', 'tasks', 'run', 'fetch_spread_values', 'fetch_and_compute_spread_btc_mxn', 'scheduled__2024-07-14T00:39:00+00:00', '--job-id', '106', '--raw', '--subdir', 'DAGS_FOLDER/***.py', '--cfg-path', '/tmp/tmpt0wy01hd']
[2024-07-14T08:57:25.258+0000] {standard_task_runner.py:91} INFO - Job 106: Subtask fetch_and_compute_spread_btc_mxn
[2024-07-14T08:57:25.354+0000] {task_command.py:426} INFO - Running <TaskInstance: fetch_spread_values.fetch_and_compute_spread_btc_mxn scheduled__2024-07-14T00:39:00+00:00 [running]> on host d537c34a4880
[2024-07-14T08:57:25.601+0000] {taskinstance.py:2648} INFO - Exporting env vars: AIRFLOW_CTX_DAG_OWNER='***' AIRFLOW_CTX_DAG_ID='fetch_spread_values' AIRFLOW_CTX_TASK_ID='fetch_and_compute_spread_btc_mxn' AIRFLOW_CTX_EXECUTION_DATE='2024-07-14T00:39:00+00:00' AIRFLOW_CTX_TRY_NUMBER='1' AIRFLOW_CTX_DAG_RUN_ID='scheduled__2024-07-14T00:39:00+00:00'
[2024-07-14T08:57:25.611+0000] {taskinstance.py:430} INFO - ::endgroup::
[2024-07-14T08:57:25.880+0000] {python.py:237} INFO - Done. Returned value was: None
[2024-07-14T08:57:25.882+0000] {taskinstance.py:441} INFO - ::group::Post task execution logs
[2024-07-14T08:57:25.893+0000] {taskinstance.py:1206} INFO - Marking task as SUCCESS. dag_id=fetch_spread_values, task_id=fetch_and_compute_spread_btc_mxn, run_id=scheduled__2024-07-14T00:39:00+00:00, execution_date=20240714T003900, start_date=20240714T085725, end_date=20240714T085725
[2024-07-14T08:57:25.938+0000] {local_task_job_runner.py:240} INFO - Task exited with return code 0
[2024-07-14T08:57:25.954+0000] {taskinstance.py:3503} INFO - 0 downstream tasks scheduled from follow-on schedule check
[2024-07-14T08:57:25.966+0000] {local_task_job_runner.py:222} INFO - ::endgroup::
[2024-07-14T20:32:20.273+0000] {local_task_job_runner.py:120} INFO - ::group::Pre task execution logs
[2024-07-14T20:32:20.293+0000] {taskinstance.py:2076} INFO - Dependencies all met for dep_context=non-requeueable deps ti=<TaskInstance: fetch_spread_values.fetch_and_compute_spread_btc_mxn scheduled__2024-07-14T00:39:00+00:00 [queued]>
[2024-07-14T20:32:20.300+0000] {taskinstance.py:2076} INFO - Dependencies all met for dep_context=requeueable deps ti=<TaskInstance: fetch_spread_values.fetch_and_compute_spread_btc_mxn scheduled__2024-07-14T00:39:00+00:00 [queued]>
[2024-07-14T20:32:20.302+0000] {taskinstance.py:2306} INFO - Starting attempt 1 of 2
[2024-07-14T20:32:20.313+0000] {taskinstance.py:2330} INFO - Executing <Task(PythonOperator): fetch_and_compute_spread_btc_mxn> on 2024-07-14 00:39:00+00:00
[2024-07-14T20:32:20.320+0000] {logging_mixin.py:188} WARNING - /home/***/.local/lib/python3.12/site-packages/***/task/task_runner/standard_task_runner.py:61 DeprecationWarning: This process (pid=344) is multi-threaded, use of fork() may lead to deadlocks in the child.
[2024-07-14T20:32:20.322+0000] {standard_task_runner.py:90} INFO - Running: ['***', 'tasks', 'run', 'fetch_spread_values', 'fetch_and_compute_spread_btc_mxn', 'scheduled__2024-07-14T00:39:00+00:00', '--job-id', '81', '--raw', '--subdir', 'DAGS_FOLDER/***.py', '--cfg-path', '/tmp/tmpp530omp4']
[2024-07-14T20:32:20.325+0000] {standard_task_runner.py:63} INFO - Started process 352 to run task
[2024-07-14T20:32:20.329+0000] {standard_task_runner.py:91} INFO - Job 81: Subtask fetch_and_compute_spread_btc_mxn
[2024-07-14T20:32:20.378+0000] {task_command.py:426} INFO - Running <TaskInstance: fetch_spread_values.fetch_and_compute_spread_btc_mxn scheduled__2024-07-14T00:39:00+00:00 [running]> on host 77caf7e4b282
[2024-07-14T20:32:20.464+0000] {taskinstance.py:2648} INFO - Exporting env vars: AIRFLOW_CTX_DAG_OWNER='***' AIRFLOW_CTX_DAG_ID='fetch_spread_values' AIRFLOW_CTX_TASK_ID='fetch_and_compute_spread_btc_mxn' AIRFLOW_CTX_EXECUTION_DATE='2024-07-14T00:39:00+00:00' AIRFLOW_CTX_TRY_NUMBER='1' AIRFLOW_CTX_DAG_RUN_ID='scheduled__2024-07-14T00:39:00+00:00'
[2024-07-14T20:32:20.466+0000] {taskinstance.py:430} INFO - ::endgroup::
[2024-07-14T20:32:20.687+0000] {python.py:237} INFO - Done. Returned value was: None
[2024-07-14T20:32:20.691+0000] {taskinstance.py:441} INFO - ::group::Post task execution logs
[2024-07-14T20:32:20.704+0000] {taskinstance.py:1206} INFO - Marking task as SUCCESS. dag_id=fetch_spread_values, task_id=fetch_and_compute_spread_btc_mxn, run_id=scheduled__2024-07-14T00:39:00+00:00, execution_date=20240714T003900, start_date=20240714T203220, end_date=20240714T203220
[2024-07-14T20:32:20.763+0000] {local_task_job_runner.py:240} INFO - Task exited with return code 0
[2024-07-14T20:32:20.786+0000] {local_task_job_runner.py:222} INFO - ::endgroup::
