[2024-07-14T18:55:01.678+0000] {local_task_job_runner.py:120} INFO - ::group::Pre task execution logs
[2024-07-14T18:55:01.689+0000] {taskinstance.py:2076} INFO - Dependencies all met for dep_context=non-requeueable deps ti=<TaskInstance: fetch_spread_values.fetch_and_compute_spread_usd_mxn scheduled__2024-07-14T18:54:00+00:00 [queued]>
[2024-07-14T18:55:01.693+0000] {taskinstance.py:2076} INFO - Dependencies all met for dep_context=requeueable deps ti=<TaskInstance: fetch_spread_values.fetch_and_compute_spread_usd_mxn scheduled__2024-07-14T18:54:00+00:00 [queued]>
[2024-07-14T18:55:01.694+0000] {taskinstance.py:2306} INFO - Starting attempt 1 of 2
[2024-07-14T18:55:01.701+0000] {taskinstance.py:2330} INFO - Executing <Task(PythonOperator): fetch_and_compute_spread_usd_mxn> on 2024-07-14 18:54:00+00:00
[2024-07-14T18:55:01.706+0000] {warnings.py:112} WARNING - /home/***/.local/lib/python3.12/site-packages/***/task/task_runner/standard_task_runner.py:61: DeprecationWarning: This process (pid=8224) is multi-threaded, use of fork() may lead to deadlocks in the child.
  pid = os.fork()

[2024-07-14T18:55:01.707+0000] {standard_task_runner.py:63} INFO - Started process 8227 to run task
[2024-07-14T18:55:01.707+0000] {standard_task_runner.py:90} INFO - Running: ['***', 'tasks', 'run', 'fetch_spread_values', 'fetch_and_compute_spread_usd_mxn', 'scheduled__2024-07-14T18:54:00+00:00', '--job-id', '2425', '--raw', '--subdir', 'DAGS_FOLDER/***.py', '--cfg-path', '/tmp/tmpk5xl01t3']
[2024-07-14T18:55:01.709+0000] {standard_task_runner.py:91} INFO - Job 2425: Subtask fetch_and_compute_spread_usd_mxn
[2024-07-14T18:55:01.734+0000] {task_command.py:426} INFO - Running <TaskInstance: fetch_spread_values.fetch_and_compute_spread_usd_mxn scheduled__2024-07-14T18:54:00+00:00 [running]> on host d537c34a4880
[2024-07-14T18:55:01.776+0000] {taskinstance.py:2648} INFO - Exporting env vars: AIRFLOW_CTX_DAG_OWNER='***' AIRFLOW_CTX_DAG_ID='fetch_spread_values' AIRFLOW_CTX_TASK_ID='fetch_and_compute_spread_usd_mxn' AIRFLOW_CTX_EXECUTION_DATE='2024-07-14T18:54:00+00:00' AIRFLOW_CTX_TRY_NUMBER='1' AIRFLOW_CTX_DAG_RUN_ID='scheduled__2024-07-14T18:54:00+00:00'
[2024-07-14T18:55:01.777+0000] {taskinstance.py:430} INFO - ::endgroup::
[2024-07-14T18:55:02.136+0000] {python.py:237} INFO - Done. Returned value was: None
[2024-07-14T18:55:02.137+0000] {taskinstance.py:441} INFO - ::group::Post task execution logs
[2024-07-14T18:55:02.143+0000] {taskinstance.py:1206} INFO - Marking task as SUCCESS. dag_id=fetch_spread_values, task_id=fetch_and_compute_spread_usd_mxn, run_id=scheduled__2024-07-14T18:54:00+00:00, execution_date=20240714T185400, start_date=20240714T185501, end_date=20240714T185502
[2024-07-14T18:55:02.177+0000] {local_task_job_runner.py:240} INFO - Task exited with return code 0
[2024-07-14T18:55:02.186+0000] {taskinstance.py:3503} INFO - 0 downstream tasks scheduled from follow-on schedule check
[2024-07-14T18:55:02.187+0000] {local_task_job_runner.py:222} INFO - ::endgroup::
[2024-07-14T20:39:56.342+0000] {local_task_job_runner.py:120} INFO - ::group::Pre task execution logs
[2024-07-14T20:39:56.438+0000] {taskinstance.py:2076} INFO - Dependencies all met for dep_context=non-requeueable deps ti=<TaskInstance: fetch_spread_values.fetch_and_compute_spread_usd_mxn scheduled__2024-07-14T18:54:00+00:00 [queued]>
[2024-07-14T20:39:56.448+0000] {taskinstance.py:2076} INFO - Dependencies all met for dep_context=requeueable deps ti=<TaskInstance: fetch_spread_values.fetch_and_compute_spread_usd_mxn scheduled__2024-07-14T18:54:00+00:00 [queued]>
[2024-07-14T20:39:56.453+0000] {taskinstance.py:2306} INFO - Starting attempt 1 of 2
[2024-07-14T20:39:56.468+0000] {taskinstance.py:2330} INFO - Executing <Task(PythonOperator): fetch_and_compute_spread_usd_mxn> on 2024-07-14 18:54:00+00:00
[2024-07-14T20:39:56.481+0000] {logging_mixin.py:188} WARNING - /home/***/.local/lib/python3.12/site-packages/***/task/task_runner/standard_task_runner.py:61 DeprecationWarning: This process (pid=5044) is multi-threaded, use of fork() may lead to deadlocks in the child.
[2024-07-14T20:39:56.488+0000] {standard_task_runner.py:63} INFO - Started process 5056 to run task
[2024-07-14T20:39:56.482+0000] {standard_task_runner.py:90} INFO - Running: ['***', 'tasks', 'run', 'fetch_spread_values', 'fetch_and_compute_spread_usd_mxn', 'scheduled__2024-07-14T18:54:00+00:00', '--job-id', '2397', '--raw', '--subdir', 'DAGS_FOLDER/***.py', '--cfg-path', '/tmp/tmp8qp56kic']
[2024-07-14T20:39:56.499+0000] {standard_task_runner.py:91} INFO - Job 2397: Subtask fetch_and_compute_spread_usd_mxn
[2024-07-14T20:39:56.562+0000] {task_command.py:426} INFO - Running <TaskInstance: fetch_spread_values.fetch_and_compute_spread_usd_mxn scheduled__2024-07-14T18:54:00+00:00 [running]> on host 77caf7e4b282
[2024-07-14T20:39:56.713+0000] {taskinstance.py:2648} INFO - Exporting env vars: AIRFLOW_CTX_DAG_OWNER='***' AIRFLOW_CTX_DAG_ID='fetch_spread_values' AIRFLOW_CTX_TASK_ID='fetch_and_compute_spread_usd_mxn' AIRFLOW_CTX_EXECUTION_DATE='2024-07-14T18:54:00+00:00' AIRFLOW_CTX_TRY_NUMBER='1' AIRFLOW_CTX_DAG_RUN_ID='scheduled__2024-07-14T18:54:00+00:00'
[2024-07-14T20:39:56.715+0000] {taskinstance.py:430} INFO - ::endgroup::
[2024-07-14T20:39:56.947+0000] {python.py:237} INFO - Done. Returned value was: None
[2024-07-14T20:39:56.956+0000] {taskinstance.py:441} INFO - ::group::Post task execution logs
[2024-07-14T20:39:56.975+0000] {taskinstance.py:1206} INFO - Marking task as SUCCESS. dag_id=fetch_spread_values, task_id=fetch_and_compute_spread_usd_mxn, run_id=scheduled__2024-07-14T18:54:00+00:00, execution_date=20240714T185400, start_date=20240714T203956, end_date=20240714T203956
[2024-07-14T20:39:57.022+0000] {local_task_job_runner.py:240} INFO - Task exited with return code 0
[2024-07-14T20:39:57.057+0000] {taskinstance.py:3503} INFO - 0 downstream tasks scheduled from follow-on schedule check
[2024-07-14T20:39:57.084+0000] {local_task_job_runner.py:222} INFO - ::endgroup::
