[2024-07-14T09:05:14.180+0000] {local_task_job_runner.py:120} INFO - ::group::Pre task execution logs
[2024-07-14T09:05:14.259+0000] {taskinstance.py:2076} INFO - Dependencies all met for dep_context=non-requeueable deps ti=<TaskInstance: fetch_spread_values.fetch_and_compute_spread_usd_mxn scheduled__2024-07-14T09:02:00+00:00 [queued]>
[2024-07-14T09:05:14.278+0000] {taskinstance.py:2076} INFO - Dependencies all met for dep_context=requeueable deps ti=<TaskInstance: fetch_spread_values.fetch_and_compute_spread_usd_mxn scheduled__2024-07-14T09:02:00+00:00 [queued]>
[2024-07-14T09:05:14.285+0000] {taskinstance.py:2306} INFO - Starting attempt 1 of 2
[2024-07-14T09:05:14.342+0000] {taskinstance.py:2330} INFO - Executing <Task(PythonOperator): fetch_and_compute_spread_usd_mxn> on 2024-07-14 09:02:00+00:00
[2024-07-14T09:05:14.431+0000] {warnings.py:112} WARNING - /home/***/.local/lib/python3.12/site-packages/***/task/task_runner/standard_task_runner.py:61: DeprecationWarning: This process (pid=3503) is multi-threaded, use of fork() may lead to deadlocks in the child.
  pid = os.fork()

[2024-07-14T09:05:14.452+0000] {standard_task_runner.py:63} INFO - Started process 3533 to run task
[2024-07-14T09:05:14.438+0000] {standard_task_runner.py:90} INFO - Running: ['***', 'tasks', 'run', 'fetch_spread_values', 'fetch_and_compute_spread_usd_mxn', 'scheduled__2024-07-14T09:02:00+00:00', '--job-id', '1126', '--raw', '--subdir', 'DAGS_FOLDER/***.py', '--cfg-path', '/tmp/tmphld_c0u5']
[2024-07-14T09:05:14.459+0000] {standard_task_runner.py:91} INFO - Job 1126: Subtask fetch_and_compute_spread_usd_mxn
[2024-07-14T09:05:14.834+0000] {task_command.py:426} INFO - Running <TaskInstance: fetch_spread_values.fetch_and_compute_spread_usd_mxn scheduled__2024-07-14T09:02:00+00:00 [running]> on host d537c34a4880
[2024-07-14T09:05:15.311+0000] {taskinstance.py:2648} INFO - Exporting env vars: AIRFLOW_CTX_DAG_OWNER='***' AIRFLOW_CTX_DAG_ID='fetch_spread_values' AIRFLOW_CTX_TASK_ID='fetch_and_compute_spread_usd_mxn' AIRFLOW_CTX_EXECUTION_DATE='2024-07-14T09:02:00+00:00' AIRFLOW_CTX_TRY_NUMBER='1' AIRFLOW_CTX_DAG_RUN_ID='scheduled__2024-07-14T09:02:00+00:00'
[2024-07-14T09:05:15.347+0000] {taskinstance.py:430} INFO - ::endgroup::
[2024-07-14T09:05:16.070+0000] {python.py:237} INFO - Done. Returned value was: None
[2024-07-14T09:05:16.071+0000] {taskinstance.py:441} INFO - ::group::Post task execution logs
[2024-07-14T09:05:16.113+0000] {taskinstance.py:1206} INFO - Marking task as SUCCESS. dag_id=fetch_spread_values, task_id=fetch_and_compute_spread_usd_mxn, run_id=scheduled__2024-07-14T09:02:00+00:00, execution_date=20240714T090200, start_date=20240714T090514, end_date=20240714T090516
[2024-07-14T09:05:16.334+0000] {local_task_job_runner.py:240} INFO - Task exited with return code 0
[2024-07-14T09:05:16.501+0000] {taskinstance.py:3503} INFO - 0 downstream tasks scheduled from follow-on schedule check
[2024-07-14T09:05:16.519+0000] {local_task_job_runner.py:222} INFO - ::endgroup::
[2024-07-14T20:36:21.349+0000] {local_task_job_runner.py:120} INFO - ::group::Pre task execution logs
[2024-07-14T20:36:21.406+0000] {taskinstance.py:2076} INFO - Dependencies all met for dep_context=non-requeueable deps ti=<TaskInstance: fetch_spread_values.fetch_and_compute_spread_usd_mxn scheduled__2024-07-14T09:02:00+00:00 [queued]>
[2024-07-14T20:36:21.425+0000] {taskinstance.py:2076} INFO - Dependencies all met for dep_context=requeueable deps ti=<TaskInstance: fetch_spread_values.fetch_and_compute_spread_usd_mxn scheduled__2024-07-14T09:02:00+00:00 [queued]>
[2024-07-14T20:36:21.428+0000] {taskinstance.py:2306} INFO - Starting attempt 1 of 2
[2024-07-14T20:36:21.442+0000] {taskinstance.py:2330} INFO - Executing <Task(PythonOperator): fetch_and_compute_spread_usd_mxn> on 2024-07-14 09:02:00+00:00
[2024-07-14T20:36:21.448+0000] {standard_task_runner.py:90} INFO - Running: ['***', 'tasks', 'run', 'fetch_spread_values', 'fetch_and_compute_spread_usd_mxn', 'scheduled__2024-07-14T09:02:00+00:00', '--job-id', '1213', '--raw', '--subdir', 'DAGS_FOLDER/***.py', '--cfg-path', '/tmp/tmpy3j3jf4n']
[2024-07-14T20:36:21.457+0000] {standard_task_runner.py:91} INFO - Job 1213: Subtask fetch_and_compute_spread_usd_mxn
[2024-07-14T20:36:21.451+0000] {logging_mixin.py:188} WARNING - /home/***/.local/lib/python3.12/site-packages/***/task/task_runner/standard_task_runner.py:61 DeprecationWarning: This process (pid=2642) is multi-threaded, use of fork() may lead to deadlocks in the child.
[2024-07-14T20:36:21.460+0000] {standard_task_runner.py:63} INFO - Started process 2655 to run task
[2024-07-14T20:36:21.507+0000] {task_command.py:426} INFO - Running <TaskInstance: fetch_spread_values.fetch_and_compute_spread_usd_mxn scheduled__2024-07-14T09:02:00+00:00 [running]> on host 77caf7e4b282
[2024-07-14T20:36:21.628+0000] {taskinstance.py:2648} INFO - Exporting env vars: AIRFLOW_CTX_DAG_OWNER='***' AIRFLOW_CTX_DAG_ID='fetch_spread_values' AIRFLOW_CTX_TASK_ID='fetch_and_compute_spread_usd_mxn' AIRFLOW_CTX_EXECUTION_DATE='2024-07-14T09:02:00+00:00' AIRFLOW_CTX_TRY_NUMBER='1' AIRFLOW_CTX_DAG_RUN_ID='scheduled__2024-07-14T09:02:00+00:00'
[2024-07-14T20:36:21.631+0000] {taskinstance.py:430} INFO - ::endgroup::
[2024-07-14T20:36:21.823+0000] {python.py:237} INFO - Done. Returned value was: None
[2024-07-14T20:36:21.828+0000] {taskinstance.py:441} INFO - ::group::Post task execution logs
[2024-07-14T20:36:21.848+0000] {taskinstance.py:1206} INFO - Marking task as SUCCESS. dag_id=fetch_spread_values, task_id=fetch_and_compute_spread_usd_mxn, run_id=scheduled__2024-07-14T09:02:00+00:00, execution_date=20240714T090200, start_date=20240714T203621, end_date=20240714T203621
[2024-07-14T20:36:21.900+0000] {local_task_job_runner.py:240} INFO - Task exited with return code 0
[2024-07-14T20:36:21.927+0000] {local_task_job_runner.py:222} INFO - ::endgroup::
