[2024-07-14T08:59:29.732+0000] {local_task_job_runner.py:120} INFO - ::group::Pre task execution logs
[2024-07-14T08:59:29.780+0000] {taskinstance.py:2076} INFO - Dependencies all met for dep_context=non-requeueable deps ti=<TaskInstance: fetch_spread_values.fetch_and_compute_spread_btc_mxn scheduled__2024-07-14T02:55:00+00:00 [queued]>
[2024-07-14T08:59:29.788+0000] {taskinstance.py:2076} INFO - Dependencies all met for dep_context=requeueable deps ti=<TaskInstance: fetch_spread_values.fetch_and_compute_spread_btc_mxn scheduled__2024-07-14T02:55:00+00:00 [queued]>
[2024-07-14T08:59:29.789+0000] {taskinstance.py:2306} INFO - Starting attempt 1 of 2
[2024-07-14T08:59:29.824+0000] {taskinstance.py:2330} INFO - Executing <Task(PythonOperator): fetch_and_compute_spread_btc_mxn> on 2024-07-14 02:55:00+00:00
[2024-07-14T08:59:29.841+0000] {warnings.py:112} WARNING - /home/***/.local/lib/python3.12/site-packages/***/task/task_runner/standard_task_runner.py:61: DeprecationWarning: This process (pid=1186) is multi-threaded, use of fork() may lead to deadlocks in the child.
  pid = os.fork()

[2024-07-14T08:59:29.844+0000] {standard_task_runner.py:63} INFO - Started process 1215 to run task
[2024-07-14T08:59:29.868+0000] {standard_task_runner.py:90} INFO - Running: ['***', 'tasks', 'run', 'fetch_spread_values', 'fetch_and_compute_spread_btc_mxn', 'scheduled__2024-07-14T02:55:00+00:00', '--job-id', '379', '--raw', '--subdir', 'DAGS_FOLDER/***.py', '--cfg-path', '/tmp/tmp5cgejvzh']
[2024-07-14T08:59:29.875+0000] {standard_task_runner.py:91} INFO - Job 379: Subtask fetch_and_compute_spread_btc_mxn
[2024-07-14T08:59:30.072+0000] {task_command.py:426} INFO - Running <TaskInstance: fetch_spread_values.fetch_and_compute_spread_btc_mxn scheduled__2024-07-14T02:55:00+00:00 [running]> on host d537c34a4880
[2024-07-14T08:59:30.295+0000] {taskinstance.py:2648} INFO - Exporting env vars: AIRFLOW_CTX_DAG_OWNER='***' AIRFLOW_CTX_DAG_ID='fetch_spread_values' AIRFLOW_CTX_TASK_ID='fetch_and_compute_spread_btc_mxn' AIRFLOW_CTX_EXECUTION_DATE='2024-07-14T02:55:00+00:00' AIRFLOW_CTX_TRY_NUMBER='1' AIRFLOW_CTX_DAG_RUN_ID='scheduled__2024-07-14T02:55:00+00:00'
[2024-07-14T08:59:30.300+0000] {taskinstance.py:430} INFO - ::endgroup::
[2024-07-14T08:59:30.767+0000] {python.py:237} INFO - Done. Returned value was: None
[2024-07-14T08:59:30.775+0000] {taskinstance.py:441} INFO - ::group::Post task execution logs
[2024-07-14T08:59:30.828+0000] {taskinstance.py:1206} INFO - Marking task as SUCCESS. dag_id=fetch_spread_values, task_id=fetch_and_compute_spread_btc_mxn, run_id=scheduled__2024-07-14T02:55:00+00:00, execution_date=20240714T025500, start_date=20240714T085929, end_date=20240714T085930
[2024-07-14T08:59:30.952+0000] {local_task_job_runner.py:240} INFO - Task exited with return code 0
[2024-07-14T08:59:31.137+0000] {taskinstance.py:3503} INFO - 0 downstream tasks scheduled from follow-on schedule check
[2024-07-14T08:59:31.158+0000] {local_task_job_runner.py:222} INFO - ::endgroup::
[2024-07-14T20:33:29.696+0000] {local_task_job_runner.py:120} INFO - ::group::Pre task execution logs
[2024-07-14T20:33:29.718+0000] {taskinstance.py:2076} INFO - Dependencies all met for dep_context=non-requeueable deps ti=<TaskInstance: fetch_spread_values.fetch_and_compute_spread_btc_mxn scheduled__2024-07-14T02:55:00+00:00 [queued]>
[2024-07-14T20:33:29.724+0000] {taskinstance.py:2076} INFO - Dependencies all met for dep_context=requeueable deps ti=<TaskInstance: fetch_spread_values.fetch_and_compute_spread_btc_mxn scheduled__2024-07-14T02:55:00+00:00 [queued]>
[2024-07-14T20:33:29.727+0000] {taskinstance.py:2306} INFO - Starting attempt 1 of 2
[2024-07-14T20:33:29.750+0000] {taskinstance.py:2330} INFO - Executing <Task(PythonOperator): fetch_and_compute_spread_btc_mxn> on 2024-07-14 02:55:00+00:00
[2024-07-14T20:33:29.755+0000] {logging_mixin.py:188} WARNING - /home/***/.local/lib/python3.12/site-packages/***/task/task_runner/standard_task_runner.py:61 DeprecationWarning: This process (pid=903) is multi-threaded, use of fork() may lead to deadlocks in the child.
[2024-07-14T20:33:29.760+0000] {standard_task_runner.py:63} INFO - Started process 911 to run task
[2024-07-14T20:33:29.759+0000] {standard_task_runner.py:90} INFO - Running: ['***', 'tasks', 'run', 'fetch_spread_values', 'fetch_and_compute_spread_btc_mxn', 'scheduled__2024-07-14T02:55:00+00:00', '--job-id', '356', '--raw', '--subdir', 'DAGS_FOLDER/***.py', '--cfg-path', '/tmp/tmp894dvemr']
[2024-07-14T20:33:29.761+0000] {standard_task_runner.py:91} INFO - Job 356: Subtask fetch_and_compute_spread_btc_mxn
[2024-07-14T20:33:29.808+0000] {task_command.py:426} INFO - Running <TaskInstance: fetch_spread_values.fetch_and_compute_spread_btc_mxn scheduled__2024-07-14T02:55:00+00:00 [running]> on host 77caf7e4b282
[2024-07-14T20:33:29.925+0000] {taskinstance.py:2648} INFO - Exporting env vars: AIRFLOW_CTX_DAG_OWNER='***' AIRFLOW_CTX_DAG_ID='fetch_spread_values' AIRFLOW_CTX_TASK_ID='fetch_and_compute_spread_btc_mxn' AIRFLOW_CTX_EXECUTION_DATE='2024-07-14T02:55:00+00:00' AIRFLOW_CTX_TRY_NUMBER='1' AIRFLOW_CTX_DAG_RUN_ID='scheduled__2024-07-14T02:55:00+00:00'
[2024-07-14T20:33:29.928+0000] {taskinstance.py:430} INFO - ::endgroup::
[2024-07-14T20:33:30.136+0000] {python.py:237} INFO - Done. Returned value was: None
[2024-07-14T20:33:30.141+0000] {taskinstance.py:441} INFO - ::group::Post task execution logs
[2024-07-14T20:33:30.158+0000] {taskinstance.py:1206} INFO - Marking task as SUCCESS. dag_id=fetch_spread_values, task_id=fetch_and_compute_spread_btc_mxn, run_id=scheduled__2024-07-14T02:55:00+00:00, execution_date=20240714T025500, start_date=20240714T203329, end_date=20240714T203330
[2024-07-14T20:33:30.193+0000] {local_task_job_runner.py:240} INFO - Task exited with return code 0
[2024-07-14T20:33:30.209+0000] {local_task_job_runner.py:222} INFO - ::endgroup::
