[2024-07-14T09:01:38.041+0000] {local_task_job_runner.py:120} INFO - ::group::Pre task execution logs
[2024-07-14T09:01:38.092+0000] {taskinstance.py:2076} INFO - Dependencies all met for dep_context=non-requeueable deps ti=<TaskInstance: fetch_spread_values.fetch_and_compute_spread_btc_mxn scheduled__2024-07-14T05:16:00+00:00 [queued]>
[2024-07-14T09:01:38.106+0000] {taskinstance.py:2076} INFO - Dependencies all met for dep_context=requeueable deps ti=<TaskInstance: fetch_spread_values.fetch_and_compute_spread_btc_mxn scheduled__2024-07-14T05:16:00+00:00 [queued]>
[2024-07-14T09:01:38.110+0000] {taskinstance.py:2306} INFO - Starting attempt 1 of 2
[2024-07-14T09:01:38.144+0000] {taskinstance.py:2330} INFO - Executing <Task(PythonOperator): fetch_and_compute_spread_btc_mxn> on 2024-07-14 05:16:00+00:00
[2024-07-14T09:01:38.188+0000] {standard_task_runner.py:90} INFO - Running: ['***', 'tasks', 'run', 'fetch_spread_values', 'fetch_and_compute_spread_btc_mxn', 'scheduled__2024-07-14T05:16:00+00:00', '--job-id', '660', '--raw', '--subdir', 'DAGS_FOLDER/***.py', '--cfg-path', '/tmp/tmpx_sre_9c']
[2024-07-14T09:01:38.191+0000] {standard_task_runner.py:91} INFO - Job 660: Subtask fetch_and_compute_spread_btc_mxn
[2024-07-14T09:01:38.178+0000] {warnings.py:112} WARNING - /home/***/.local/lib/python3.12/site-packages/***/task/task_runner/standard_task_runner.py:61: DeprecationWarning: This process (pid=2059) is multi-threaded, use of fork() may lead to deadlocks in the child.
  pid = os.fork()

[2024-07-14T09:01:38.193+0000] {standard_task_runner.py:63} INFO - Started process 2088 to run task
[2024-07-14T09:01:38.309+0000] {task_command.py:426} INFO - Running <TaskInstance: fetch_spread_values.fetch_and_compute_spread_btc_mxn scheduled__2024-07-14T05:16:00+00:00 [running]> on host d537c34a4880
[2024-07-14T09:01:38.467+0000] {taskinstance.py:2648} INFO - Exporting env vars: AIRFLOW_CTX_DAG_OWNER='***' AIRFLOW_CTX_DAG_ID='fetch_spread_values' AIRFLOW_CTX_TASK_ID='fetch_and_compute_spread_btc_mxn' AIRFLOW_CTX_EXECUTION_DATE='2024-07-14T05:16:00+00:00' AIRFLOW_CTX_TRY_NUMBER='1' AIRFLOW_CTX_DAG_RUN_ID='scheduled__2024-07-14T05:16:00+00:00'
[2024-07-14T09:01:38.470+0000] {taskinstance.py:430} INFO - ::endgroup::
[2024-07-14T09:01:38.700+0000] {python.py:237} INFO - Done. Returned value was: None
[2024-07-14T09:01:38.706+0000] {taskinstance.py:441} INFO - ::group::Post task execution logs
[2024-07-14T09:01:38.742+0000] {taskinstance.py:1206} INFO - Marking task as SUCCESS. dag_id=fetch_spread_values, task_id=fetch_and_compute_spread_btc_mxn, run_id=scheduled__2024-07-14T05:16:00+00:00, execution_date=20240714T051600, start_date=20240714T090138, end_date=20240714T090138
[2024-07-14T09:01:38.800+0000] {local_task_job_runner.py:240} INFO - Task exited with return code 0
[2024-07-14T09:01:38.883+0000] {taskinstance.py:3503} INFO - 0 downstream tasks scheduled from follow-on schedule check
[2024-07-14T09:01:38.889+0000] {local_task_job_runner.py:222} INFO - ::endgroup::
[2024-07-14T20:34:20.549+0000] {local_task_job_runner.py:120} INFO - ::group::Pre task execution logs
[2024-07-14T20:34:20.615+0000] {taskinstance.py:2076} INFO - Dependencies all met for dep_context=non-requeueable deps ti=<TaskInstance: fetch_spread_values.fetch_and_compute_spread_btc_mxn scheduled__2024-07-14T05:16:00+00:00 [queued]>
[2024-07-14T20:34:20.631+0000] {taskinstance.py:2076} INFO - Dependencies all met for dep_context=requeueable deps ti=<TaskInstance: fetch_spread_values.fetch_and_compute_spread_btc_mxn scheduled__2024-07-14T05:16:00+00:00 [queued]>
[2024-07-14T20:34:20.638+0000] {taskinstance.py:2306} INFO - Starting attempt 1 of 2
[2024-07-14T20:34:20.652+0000] {taskinstance.py:2330} INFO - Executing <Task(PythonOperator): fetch_and_compute_spread_btc_mxn> on 2024-07-14 05:16:00+00:00
[2024-07-14T20:34:20.659+0000] {logging_mixin.py:188} WARNING - /home/***/.local/lib/python3.12/site-packages/***/task/task_runner/standard_task_runner.py:61 DeprecationWarning: This process (pid=1473) is multi-threaded, use of fork() may lead to deadlocks in the child.
[2024-07-14T20:34:20.666+0000] {standard_task_runner.py:63} INFO - Started process 1483 to run task
[2024-07-14T20:34:20.660+0000] {standard_task_runner.py:90} INFO - Running: ['***', 'tasks', 'run', 'fetch_spread_values', 'fetch_and_compute_spread_btc_mxn', 'scheduled__2024-07-14T05:16:00+00:00', '--job-id', '638', '--raw', '--subdir', 'DAGS_FOLDER/***.py', '--cfg-path', '/tmp/tmpdfo4opvp']
[2024-07-14T20:34:20.671+0000] {standard_task_runner.py:91} INFO - Job 638: Subtask fetch_and_compute_spread_btc_mxn
[2024-07-14T20:34:20.763+0000] {task_command.py:426} INFO - Running <TaskInstance: fetch_spread_values.fetch_and_compute_spread_btc_mxn scheduled__2024-07-14T05:16:00+00:00 [running]> on host 77caf7e4b282
[2024-07-14T20:34:20.911+0000] {taskinstance.py:2648} INFO - Exporting env vars: AIRFLOW_CTX_DAG_OWNER='***' AIRFLOW_CTX_DAG_ID='fetch_spread_values' AIRFLOW_CTX_TASK_ID='fetch_and_compute_spread_btc_mxn' AIRFLOW_CTX_EXECUTION_DATE='2024-07-14T05:16:00+00:00' AIRFLOW_CTX_TRY_NUMBER='1' AIRFLOW_CTX_DAG_RUN_ID='scheduled__2024-07-14T05:16:00+00:00'
[2024-07-14T20:34:20.914+0000] {taskinstance.py:430} INFO - ::endgroup::
[2024-07-14T20:34:21.178+0000] {python.py:237} INFO - Done. Returned value was: None
[2024-07-14T20:34:21.179+0000] {taskinstance.py:441} INFO - ::group::Post task execution logs
[2024-07-14T20:34:21.188+0000] {taskinstance.py:1206} INFO - Marking task as SUCCESS. dag_id=fetch_spread_values, task_id=fetch_and_compute_spread_btc_mxn, run_id=scheduled__2024-07-14T05:16:00+00:00, execution_date=20240714T051600, start_date=20240714T203420, end_date=20240714T203421
[2024-07-14T20:34:21.237+0000] {local_task_job_runner.py:240} INFO - Task exited with return code 0
[2024-07-14T20:34:21.253+0000] {taskinstance.py:3503} INFO - 0 downstream tasks scheduled from follow-on schedule check
[2024-07-14T20:34:21.255+0000] {local_task_job_runner.py:222} INFO - ::endgroup::
