[2024-07-14T09:00:35.281+0000] {local_task_job_runner.py:120} INFO - ::group::Pre task execution logs
[2024-07-14T09:00:35.339+0000] {taskinstance.py:2076} INFO - Dependencies all met for dep_context=non-requeueable deps ti=<TaskInstance: fetch_spread_values.fetch_and_compute_spread_usd_mxn scheduled__2024-07-14T03:59:00+00:00 [queued]>
[2024-07-14T09:00:35.347+0000] {taskinstance.py:2076} INFO - Dependencies all met for dep_context=requeueable deps ti=<TaskInstance: fetch_spread_values.fetch_and_compute_spread_usd_mxn scheduled__2024-07-14T03:59:00+00:00 [queued]>
[2024-07-14T09:00:35.348+0000] {taskinstance.py:2306} INFO - Starting attempt 1 of 2
[2024-07-14T09:00:35.372+0000] {taskinstance.py:2330} INFO - Executing <Task(PythonOperator): fetch_and_compute_spread_usd_mxn> on 2024-07-14 03:59:00+00:00
[2024-07-14T09:00:35.380+0000] {warnings.py:112} WARNING - /home/***/.local/lib/python3.12/site-packages/***/task/task_runner/standard_task_runner.py:61: DeprecationWarning: This process (pid=1584) is multi-threaded, use of fork() may lead to deadlocks in the child.
  pid = os.fork()

[2024-07-14T09:00:35.381+0000] {standard_task_runner.py:63} INFO - Started process 1615 to run task
[2024-07-14T09:00:35.382+0000] {standard_task_runner.py:90} INFO - Running: ['***', 'tasks', 'run', 'fetch_spread_values', 'fetch_and_compute_spread_usd_mxn', 'scheduled__2024-07-14T03:59:00+00:00', '--job-id', '507', '--raw', '--subdir', 'DAGS_FOLDER/***.py', '--cfg-path', '/tmp/tmptzj5zubq']
[2024-07-14T09:00:35.385+0000] {standard_task_runner.py:91} INFO - Job 507: Subtask fetch_and_compute_spread_usd_mxn
[2024-07-14T09:00:35.522+0000] {task_command.py:426} INFO - Running <TaskInstance: fetch_spread_values.fetch_and_compute_spread_usd_mxn scheduled__2024-07-14T03:59:00+00:00 [running]> on host d537c34a4880
[2024-07-14T09:00:35.695+0000] {taskinstance.py:2648} INFO - Exporting env vars: AIRFLOW_CTX_DAG_OWNER='***' AIRFLOW_CTX_DAG_ID='fetch_spread_values' AIRFLOW_CTX_TASK_ID='fetch_and_compute_spread_usd_mxn' AIRFLOW_CTX_EXECUTION_DATE='2024-07-14T03:59:00+00:00' AIRFLOW_CTX_TRY_NUMBER='1' AIRFLOW_CTX_DAG_RUN_ID='scheduled__2024-07-14T03:59:00+00:00'
[2024-07-14T09:00:35.697+0000] {taskinstance.py:430} INFO - ::endgroup::
[2024-07-14T09:00:35.884+0000] {python.py:237} INFO - Done. Returned value was: None
[2024-07-14T09:00:35.886+0000] {taskinstance.py:441} INFO - ::group::Post task execution logs
[2024-07-14T09:00:35.898+0000] {taskinstance.py:1206} INFO - Marking task as SUCCESS. dag_id=fetch_spread_values, task_id=fetch_and_compute_spread_usd_mxn, run_id=scheduled__2024-07-14T03:59:00+00:00, execution_date=20240714T035900, start_date=20240714T090035, end_date=20240714T090035
[2024-07-14T09:00:35.953+0000] {local_task_job_runner.py:240} INFO - Task exited with return code 0
[2024-07-14T09:00:35.969+0000] {taskinstance.py:3503} INFO - 0 downstream tasks scheduled from follow-on schedule check
[2024-07-14T09:00:35.971+0000] {local_task_job_runner.py:222} INFO - ::endgroup::
[2024-07-14T20:33:49.410+0000] {local_task_job_runner.py:120} INFO - ::group::Pre task execution logs
[2024-07-14T20:33:49.462+0000] {taskinstance.py:2076} INFO - Dependencies all met for dep_context=non-requeueable deps ti=<TaskInstance: fetch_spread_values.fetch_and_compute_spread_usd_mxn scheduled__2024-07-14T03:59:00+00:00 [queued]>
[2024-07-14T20:33:49.470+0000] {taskinstance.py:2076} INFO - Dependencies all met for dep_context=requeueable deps ti=<TaskInstance: fetch_spread_values.fetch_and_compute_spread_usd_mxn scheduled__2024-07-14T03:59:00+00:00 [queued]>
[2024-07-14T20:33:49.471+0000] {taskinstance.py:2306} INFO - Starting attempt 1 of 2
[2024-07-14T20:33:49.485+0000] {taskinstance.py:2330} INFO - Executing <Task(PythonOperator): fetch_and_compute_spread_usd_mxn> on 2024-07-14 03:59:00+00:00
[2024-07-14T20:33:49.492+0000] {logging_mixin.py:188} WARNING - /home/***/.local/lib/python3.12/site-packages/***/task/task_runner/standard_task_runner.py:61 DeprecationWarning: This process (pid=1158) is multi-threaded, use of fork() may lead to deadlocks in the child.
[2024-07-14T20:33:49.495+0000] {standard_task_runner.py:63} INFO - Started process 1170 to run task
[2024-07-14T20:33:49.497+0000] {standard_task_runner.py:90} INFO - Running: ['***', 'tasks', 'run', 'fetch_spread_values', 'fetch_and_compute_spread_usd_mxn', 'scheduled__2024-07-14T03:59:00+00:00', '--job-id', '484', '--raw', '--subdir', 'DAGS_FOLDER/***.py', '--cfg-path', '/tmp/tmpscikxw6z']
[2024-07-14T20:33:49.499+0000] {standard_task_runner.py:91} INFO - Job 484: Subtask fetch_and_compute_spread_usd_mxn
[2024-07-14T20:33:49.538+0000] {task_command.py:426} INFO - Running <TaskInstance: fetch_spread_values.fetch_and_compute_spread_usd_mxn scheduled__2024-07-14T03:59:00+00:00 [running]> on host 77caf7e4b282
[2024-07-14T20:33:49.610+0000] {taskinstance.py:2648} INFO - Exporting env vars: AIRFLOW_CTX_DAG_OWNER='***' AIRFLOW_CTX_DAG_ID='fetch_spread_values' AIRFLOW_CTX_TASK_ID='fetch_and_compute_spread_usd_mxn' AIRFLOW_CTX_EXECUTION_DATE='2024-07-14T03:59:00+00:00' AIRFLOW_CTX_TRY_NUMBER='1' AIRFLOW_CTX_DAG_RUN_ID='scheduled__2024-07-14T03:59:00+00:00'
[2024-07-14T20:33:49.611+0000] {taskinstance.py:430} INFO - ::endgroup::
[2024-07-14T20:33:49.826+0000] {python.py:237} INFO - Done. Returned value was: None
[2024-07-14T20:33:49.826+0000] {taskinstance.py:441} INFO - ::group::Post task execution logs
[2024-07-14T20:33:49.831+0000] {taskinstance.py:1206} INFO - Marking task as SUCCESS. dag_id=fetch_spread_values, task_id=fetch_and_compute_spread_usd_mxn, run_id=scheduled__2024-07-14T03:59:00+00:00, execution_date=20240714T035900, start_date=20240714T203349, end_date=20240714T203349
[2024-07-14T20:33:49.846+0000] {local_task_job_runner.py:240} INFO - Task exited with return code 0
[2024-07-14T20:33:49.855+0000] {taskinstance.py:3503} INFO - 0 downstream tasks scheduled from follow-on schedule check
[2024-07-14T20:33:49.856+0000] {local_task_job_runner.py:222} INFO - ::endgroup::
