[2024-07-14T13:13:41.778+0000] {local_task_job_runner.py:120} INFO - ::group::Pre task execution logs
[2024-07-14T13:13:41.798+0000] {taskinstance.py:2076} INFO - Dependencies all met for dep_context=non-requeueable deps ti=<TaskInstance: fetch_spread_values.fetch_and_compute_spread_btc_mxn scheduled__2024-07-14T13:12:00+00:00 [queued]>
[2024-07-14T13:13:41.805+0000] {taskinstance.py:2076} INFO - Dependencies all met for dep_context=requeueable deps ti=<TaskInstance: fetch_spread_values.fetch_and_compute_spread_btc_mxn scheduled__2024-07-14T13:12:00+00:00 [queued]>
[2024-07-14T13:13:41.807+0000] {taskinstance.py:2306} INFO - Starting attempt 1 of 2
[2024-07-14T13:13:41.818+0000] {taskinstance.py:2330} INFO - Executing <Task(PythonOperator): fetch_and_compute_spread_btc_mxn> on 2024-07-14 13:12:00+00:00
[2024-07-14T13:13:41.827+0000] {warnings.py:112} WARNING - /home/***/.local/lib/python3.12/site-packages/***/task/task_runner/standard_task_runner.py:61: DeprecationWarning: This process (pid=5649) is multi-threaded, use of fork() may lead to deadlocks in the child.
  pid = os.fork()

[2024-07-14T13:13:41.829+0000] {standard_task_runner.py:63} INFO - Started process 5658 to run task
[2024-07-14T13:13:41.830+0000] {standard_task_runner.py:90} INFO - Running: ['***', 'tasks', 'run', 'fetch_spread_values', 'fetch_and_compute_spread_btc_mxn', 'scheduled__2024-07-14T13:12:00+00:00', '--job-id', '1697', '--raw', '--subdir', 'DAGS_FOLDER/***.py', '--cfg-path', '/tmp/tmpxu6tc7oj']
[2024-07-14T13:13:41.832+0000] {standard_task_runner.py:91} INFO - Job 1697: Subtask fetch_and_compute_spread_btc_mxn
[2024-07-14T13:13:41.921+0000] {task_command.py:426} INFO - Running <TaskInstance: fetch_spread_values.fetch_and_compute_spread_btc_mxn scheduled__2024-07-14T13:12:00+00:00 [running]> on host d537c34a4880
[2024-07-14T13:13:42.044+0000] {taskinstance.py:2648} INFO - Exporting env vars: AIRFLOW_CTX_DAG_OWNER='***' AIRFLOW_CTX_DAG_ID='fetch_spread_values' AIRFLOW_CTX_TASK_ID='fetch_and_compute_spread_btc_mxn' AIRFLOW_CTX_EXECUTION_DATE='2024-07-14T13:12:00+00:00' AIRFLOW_CTX_TRY_NUMBER='1' AIRFLOW_CTX_DAG_RUN_ID='scheduled__2024-07-14T13:12:00+00:00'
[2024-07-14T13:13:42.045+0000] {taskinstance.py:430} INFO - ::endgroup::
[2024-07-14T13:13:42.372+0000] {python.py:237} INFO - Done. Returned value was: None
[2024-07-14T13:13:42.372+0000] {taskinstance.py:441} INFO - ::group::Post task execution logs
[2024-07-14T13:13:42.378+0000] {taskinstance.py:1206} INFO - Marking task as SUCCESS. dag_id=fetch_spread_values, task_id=fetch_and_compute_spread_btc_mxn, run_id=scheduled__2024-07-14T13:12:00+00:00, execution_date=20240714T131200, start_date=20240714T131341, end_date=20240714T131342
[2024-07-14T13:13:42.408+0000] {local_task_job_runner.py:240} INFO - Task exited with return code 0
[2024-07-14T13:13:42.419+0000] {taskinstance.py:3503} INFO - 0 downstream tasks scheduled from follow-on schedule check
[2024-07-14T13:13:42.420+0000] {local_task_job_runner.py:222} INFO - ::endgroup::
[2024-07-14T20:37:54.833+0000] {local_task_job_runner.py:120} INFO - ::group::Pre task execution logs
[2024-07-14T20:37:54.852+0000] {taskinstance.py:2076} INFO - Dependencies all met for dep_context=non-requeueable deps ti=<TaskInstance: fetch_spread_values.fetch_and_compute_spread_btc_mxn scheduled__2024-07-14T13:12:00+00:00 [queued]>
[2024-07-14T20:37:54.857+0000] {taskinstance.py:2076} INFO - Dependencies all met for dep_context=requeueable deps ti=<TaskInstance: fetch_spread_values.fetch_and_compute_spread_btc_mxn scheduled__2024-07-14T13:12:00+00:00 [queued]>
[2024-07-14T20:37:54.858+0000] {taskinstance.py:2306} INFO - Starting attempt 1 of 2
[2024-07-14T20:37:54.865+0000] {taskinstance.py:2330} INFO - Executing <Task(PythonOperator): fetch_and_compute_spread_btc_mxn> on 2024-07-14 13:12:00+00:00
[2024-07-14T20:37:54.869+0000] {logging_mixin.py:188} WARNING - /home/***/.local/lib/python3.12/site-packages/***/task/task_runner/standard_task_runner.py:61 DeprecationWarning: This process (pid=3662) is multi-threaded, use of fork() may lead to deadlocks in the child.
[2024-07-14T20:37:54.872+0000] {standard_task_runner.py:63} INFO - Started process 3667 to run task
[2024-07-14T20:37:54.870+0000] {standard_task_runner.py:90} INFO - Running: ['***', 'tasks', 'run', 'fetch_spread_values', 'fetch_and_compute_spread_btc_mxn', 'scheduled__2024-07-14T13:12:00+00:00', '--job-id', '1712', '--raw', '--subdir', 'DAGS_FOLDER/***.py', '--cfg-path', '/tmp/tmp6lkwg7ub']
[2024-07-14T20:37:54.876+0000] {standard_task_runner.py:91} INFO - Job 1712: Subtask fetch_and_compute_spread_btc_mxn
[2024-07-14T20:37:54.910+0000] {task_command.py:426} INFO - Running <TaskInstance: fetch_spread_values.fetch_and_compute_spread_btc_mxn scheduled__2024-07-14T13:12:00+00:00 [running]> on host 77caf7e4b282
[2024-07-14T20:37:54.977+0000] {taskinstance.py:2648} INFO - Exporting env vars: AIRFLOW_CTX_DAG_OWNER='***' AIRFLOW_CTX_DAG_ID='fetch_spread_values' AIRFLOW_CTX_TASK_ID='fetch_and_compute_spread_btc_mxn' AIRFLOW_CTX_EXECUTION_DATE='2024-07-14T13:12:00+00:00' AIRFLOW_CTX_TRY_NUMBER='1' AIRFLOW_CTX_DAG_RUN_ID='scheduled__2024-07-14T13:12:00+00:00'
[2024-07-14T20:37:54.981+0000] {taskinstance.py:430} INFO - ::endgroup::
[2024-07-14T20:37:55.190+0000] {python.py:237} INFO - Done. Returned value was: None
[2024-07-14T20:37:55.195+0000] {taskinstance.py:441} INFO - ::group::Post task execution logs
[2024-07-14T20:37:55.200+0000] {taskinstance.py:1206} INFO - Marking task as SUCCESS. dag_id=fetch_spread_values, task_id=fetch_and_compute_spread_btc_mxn, run_id=scheduled__2024-07-14T13:12:00+00:00, execution_date=20240714T131200, start_date=20240714T203754, end_date=20240714T203755
[2024-07-14T20:37:55.265+0000] {local_task_job_runner.py:240} INFO - Task exited with return code 0
[2024-07-14T20:37:55.283+0000] {local_task_job_runner.py:222} INFO - ::endgroup::
