[2024-07-18T02:57:26.409+0000] {local_task_job_runner.py:120} INFO - ::group::Pre task execution logs
[2024-07-18T02:57:26.442+0000] {taskinstance.py:2076} INFO - Dependencies all met for dep_context=non-requeueable deps ti=<TaskInstance: daily_batch.run_query6 manual__2024-07-18T02:57:18.234898+00:00 [queued]>
[2024-07-18T02:57:26.461+0000] {taskinstance.py:2076} INFO - Dependencies all met for dep_context=requeueable deps ti=<TaskInstance: daily_batch.run_query6 manual__2024-07-18T02:57:18.234898+00:00 [queued]>
[2024-07-18T02:57:26.462+0000] {taskinstance.py:2306} INFO - Starting attempt 1 of 2
[2024-07-18T02:57:26.497+0000] {taskinstance.py:2330} INFO - Executing <Task(PythonOperator): run_query6> on 2024-07-18 02:57:18.234898+00:00
[2024-07-18T02:57:26.513+0000] {logging_mixin.py:188} WARNING - /home/***/.local/lib/python3.12/site-packages/***/task/task_runner/standard_task_runner.py:61 DeprecationWarning: This process (pid=4350) is multi-threaded, use of fork() may lead to deadlocks in the child.
[2024-07-18T02:57:26.515+0000] {standard_task_runner.py:90} INFO - Running: ['***', 'tasks', 'run', 'daily_batch', 'run_query6', 'manual__2024-07-18T02:57:18.234898+00:00', '--job-id', '2543', '--raw', '--subdir', 'DAGS_FOLDER/batch_dag.py', '--cfg-path', '/tmp/tmp7c1rlgki']
[2024-07-18T02:57:26.528+0000] {standard_task_runner.py:63} INFO - Started process 4370 to run task
[2024-07-18T02:57:26.533+0000] {standard_task_runner.py:91} INFO - Job 2543: Subtask run_query6
[2024-07-18T02:57:26.563+0000] {logging_mixin.py:188} WARNING - /home/***/.local/lib/python3.12/site-packages/***/settings.py:195 DeprecationWarning: The sql_alchemy_conn option in [core] has been moved to the sql_alchemy_conn option in [database] - the old setting has been used, but please update your config.
[2024-07-18T02:57:26.619+0000] {task_command.py:426} INFO - Running <TaskInstance: daily_batch.run_query6 manual__2024-07-18T02:57:18.234898+00:00 [running]> on host 3a23888a6869
[2024-07-18T02:57:27.810+0000] {taskinstance.py:2648} INFO - Exporting env vars: AIRFLOW_CTX_DAG_OWNER='angel' AIRFLOW_CTX_DAG_ID='daily_batch' AIRFLOW_CTX_TASK_ID='run_query6' AIRFLOW_CTX_EXECUTION_DATE='2024-07-18T02:57:18.234898+00:00' AIRFLOW_CTX_TRY_NUMBER='1' AIRFLOW_CTX_DAG_RUN_ID='manual__2024-07-18T02:57:18.234898+00:00'
[2024-07-18T02:57:27.819+0000] {taskinstance.py:430} INFO - ::endgroup::
[2024-07-18T02:57:27.867+0000] {base.py:84} INFO - Using connection ID 'postgres_default' for task execution.
[2024-07-18T02:57:28.878+0000] {batch_dag.py:50} INFO - Query query6 executed and results saved to CSV.
[2024-07-18T02:57:28.882+0000] {python.py:237} INFO - Done. Returned value was: None
[2024-07-18T02:57:28.887+0000] {taskinstance.py:441} INFO - ::group::Post task execution logs
[2024-07-18T02:57:28.930+0000] {taskinstance.py:1206} INFO - Marking task as SUCCESS. dag_id=daily_batch, task_id=run_query6, run_id=manual__2024-07-18T02:57:18.234898+00:00, execution_date=20240718T025718, start_date=20240718T025726, end_date=20240718T025728
[2024-07-18T02:57:28.987+0000] {local_task_job_runner.py:240} INFO - Task exited with return code 0
[2024-07-18T02:57:29.031+0000] {local_task_job_runner.py:222} INFO - ::endgroup::
