[2024-07-14T08:58:25.261+0000] {local_task_job_runner.py:120} INFO - ::group::Pre task execution logs
[2024-07-14T08:58:25.296+0000] {taskinstance.py:2076} INFO - Dependencies all met for dep_context=non-requeueable deps ti=<TaskInstance: fetch_spread_values.fetch_and_compute_spread_usd_mxn scheduled__2024-07-14T01:48:00+00:00 [queued]>
[2024-07-14T08:58:25.334+0000] {taskinstance.py:2076} INFO - Dependencies all met for dep_context=requeueable deps ti=<TaskInstance: fetch_spread_values.fetch_and_compute_spread_usd_mxn scheduled__2024-07-14T01:48:00+00:00 [queued]>
[2024-07-14T08:58:25.334+0000] {taskinstance.py:2306} INFO - Starting attempt 1 of 2
[2024-07-14T08:58:25.370+0000] {taskinstance.py:2330} INFO - Executing <Task(PythonOperator): fetch_and_compute_spread_usd_mxn> on 2024-07-14 01:48:00+00:00
[2024-07-14T08:58:25.389+0000] {warnings.py:112} WARNING - /home/***/.local/lib/python3.12/site-packages/***/task/task_runner/standard_task_runner.py:61: DeprecationWarning: This process (pid=774) is multi-threaded, use of fork() may lead to deadlocks in the child.
  pid = os.fork()

[2024-07-14T08:58:25.398+0000] {standard_task_runner.py:63} INFO - Started process 804 to run task
[2024-07-14T08:58:25.401+0000] {standard_task_runner.py:90} INFO - Running: ['***', 'tasks', 'run', 'fetch_spread_values', 'fetch_and_compute_spread_usd_mxn', 'scheduled__2024-07-14T01:48:00+00:00', '--job-id', '244', '--raw', '--subdir', 'DAGS_FOLDER/***.py', '--cfg-path', '/tmp/tmp2wlzpb_y']
[2024-07-14T08:58:25.413+0000] {standard_task_runner.py:91} INFO - Job 244: Subtask fetch_and_compute_spread_usd_mxn
[2024-07-14T08:58:25.509+0000] {task_command.py:426} INFO - Running <TaskInstance: fetch_spread_values.fetch_and_compute_spread_usd_mxn scheduled__2024-07-14T01:48:00+00:00 [running]> on host d537c34a4880
[2024-07-14T08:58:25.789+0000] {taskinstance.py:2648} INFO - Exporting env vars: AIRFLOW_CTX_DAG_OWNER='***' AIRFLOW_CTX_DAG_ID='fetch_spread_values' AIRFLOW_CTX_TASK_ID='fetch_and_compute_spread_usd_mxn' AIRFLOW_CTX_EXECUTION_DATE='2024-07-14T01:48:00+00:00' AIRFLOW_CTX_TRY_NUMBER='1' AIRFLOW_CTX_DAG_RUN_ID='scheduled__2024-07-14T01:48:00+00:00'
[2024-07-14T08:58:25.795+0000] {taskinstance.py:430} INFO - ::endgroup::
[2024-07-14T08:58:26.027+0000] {python.py:237} INFO - Done. Returned value was: None
[2024-07-14T08:58:26.030+0000] {taskinstance.py:441} INFO - ::group::Post task execution logs
[2024-07-14T08:58:26.044+0000] {taskinstance.py:1206} INFO - Marking task as SUCCESS. dag_id=fetch_spread_values, task_id=fetch_and_compute_spread_usd_mxn, run_id=scheduled__2024-07-14T01:48:00+00:00, execution_date=20240714T014800, start_date=20240714T085825, end_date=20240714T085826
[2024-07-14T08:58:26.093+0000] {local_task_job_runner.py:240} INFO - Task exited with return code 0
[2024-07-14T08:58:26.177+0000] {taskinstance.py:3503} INFO - 0 downstream tasks scheduled from follow-on schedule check
[2024-07-14T08:58:26.182+0000] {local_task_job_runner.py:222} INFO - ::endgroup::
[2024-07-14T20:32:52.165+0000] {local_task_job_runner.py:120} INFO - ::group::Pre task execution logs
[2024-07-14T20:32:52.180+0000] {taskinstance.py:2076} INFO - Dependencies all met for dep_context=non-requeueable deps ti=<TaskInstance: fetch_spread_values.fetch_and_compute_spread_usd_mxn scheduled__2024-07-14T01:48:00+00:00 [queued]>
[2024-07-14T20:32:52.184+0000] {taskinstance.py:2076} INFO - Dependencies all met for dep_context=requeueable deps ti=<TaskInstance: fetch_spread_values.fetch_and_compute_spread_usd_mxn scheduled__2024-07-14T01:48:00+00:00 [queued]>
[2024-07-14T20:32:52.184+0000] {taskinstance.py:2306} INFO - Starting attempt 1 of 2
[2024-07-14T20:32:52.189+0000] {taskinstance.py:2330} INFO - Executing <Task(PythonOperator): fetch_and_compute_spread_usd_mxn> on 2024-07-14 01:48:00+00:00
[2024-07-14T20:32:52.193+0000] {logging_mixin.py:188} WARNING - /home/***/.local/lib/python3.12/site-packages/***/task/task_runner/standard_task_runner.py:61 DeprecationWarning: This process (pid=629) is multi-threaded, use of fork() may lead to deadlocks in the child.
[2024-07-14T20:32:52.193+0000] {standard_task_runner.py:90} INFO - Running: ['***', 'tasks', 'run', 'fetch_spread_values', 'fetch_and_compute_spread_usd_mxn', 'scheduled__2024-07-14T01:48:00+00:00', '--job-id', '222', '--raw', '--subdir', 'DAGS_FOLDER/***.py', '--cfg-path', '/tmp/tmpaab92t1a']
[2024-07-14T20:32:52.194+0000] {standard_task_runner.py:63} INFO - Started process 632 to run task
[2024-07-14T20:32:52.195+0000] {standard_task_runner.py:91} INFO - Job 222: Subtask fetch_and_compute_spread_usd_mxn
[2024-07-14T20:32:52.219+0000] {task_command.py:426} INFO - Running <TaskInstance: fetch_spread_values.fetch_and_compute_spread_usd_mxn scheduled__2024-07-14T01:48:00+00:00 [running]> on host 77caf7e4b282
[2024-07-14T20:32:52.261+0000] {taskinstance.py:2648} INFO - Exporting env vars: AIRFLOW_CTX_DAG_OWNER='***' AIRFLOW_CTX_DAG_ID='fetch_spread_values' AIRFLOW_CTX_TASK_ID='fetch_and_compute_spread_usd_mxn' AIRFLOW_CTX_EXECUTION_DATE='2024-07-14T01:48:00+00:00' AIRFLOW_CTX_TRY_NUMBER='1' AIRFLOW_CTX_DAG_RUN_ID='scheduled__2024-07-14T01:48:00+00:00'
[2024-07-14T20:32:52.262+0000] {taskinstance.py:430} INFO - ::endgroup::
[2024-07-14T20:32:52.459+0000] {python.py:237} INFO - Done. Returned value was: None
[2024-07-14T20:32:52.459+0000] {taskinstance.py:441} INFO - ::group::Post task execution logs
[2024-07-14T20:32:52.466+0000] {taskinstance.py:1206} INFO - Marking task as SUCCESS. dag_id=fetch_spread_values, task_id=fetch_and_compute_spread_usd_mxn, run_id=scheduled__2024-07-14T01:48:00+00:00, execution_date=20240714T014800, start_date=20240714T203252, end_date=20240714T203252
[2024-07-14T20:32:52.498+0000] {local_task_job_runner.py:240} INFO - Task exited with return code 0
[2024-07-14T20:32:52.507+0000] {taskinstance.py:3503} INFO - 0 downstream tasks scheduled from follow-on schedule check
[2024-07-14T20:32:52.508+0000] {local_task_job_runner.py:222} INFO - ::endgroup::
