[2024-07-14T17:26:59.307+0000] {local_task_job_runner.py:120} INFO - ::group::Pre task execution logs
[2024-07-14T17:26:59.358+0000] {taskinstance.py:2076} INFO - Dependencies all met for dep_context=non-requeueable deps ti=<TaskInstance: fetch_spread_values.fetch_and_compute_spread_usd_mxn scheduled__2024-07-14T17:15:00+00:00 [queued]>
[2024-07-14T17:26:59.377+0000] {taskinstance.py:2076} INFO - Dependencies all met for dep_context=requeueable deps ti=<TaskInstance: fetch_spread_values.fetch_and_compute_spread_usd_mxn scheduled__2024-07-14T17:15:00+00:00 [queued]>
[2024-07-14T17:26:59.383+0000] {taskinstance.py:2306} INFO - Starting attempt 1 of 2
[2024-07-14T17:26:59.466+0000] {taskinstance.py:2330} INFO - Executing <Task(PythonOperator): fetch_and_compute_spread_usd_mxn> on 2024-07-14 17:15:00+00:00
[2024-07-14T17:26:59.511+0000] {warnings.py:112} WARNING - /home/***/.local/lib/python3.12/site-packages/***/task/task_runner/standard_task_runner.py:61: DeprecationWarning: This process (pid=7359) is multi-threaded, use of fork() may lead to deadlocks in the child.
  pid = os.fork()

[2024-07-14T17:26:59.513+0000] {standard_task_runner.py:63} INFO - Started process 7385 to run task
[2024-07-14T17:26:59.513+0000] {standard_task_runner.py:90} INFO - Running: ['***', 'tasks', 'run', 'fetch_spread_values', 'fetch_and_compute_spread_usd_mxn', 'scheduled__2024-07-14T17:15:00+00:00', '--job-id', '2216', '--raw', '--subdir', 'DAGS_FOLDER/***.py', '--cfg-path', '/tmp/tmpcqa9gw_p']
[2024-07-14T17:26:59.524+0000] {standard_task_runner.py:91} INFO - Job 2216: Subtask fetch_and_compute_spread_usd_mxn
[2024-07-14T17:26:59.730+0000] {task_command.py:426} INFO - Running <TaskInstance: fetch_spread_values.fetch_and_compute_spread_usd_mxn scheduled__2024-07-14T17:15:00+00:00 [running]> on host d537c34a4880
[2024-07-14T17:27:00.097+0000] {taskinstance.py:2648} INFO - Exporting env vars: AIRFLOW_CTX_DAG_OWNER='***' AIRFLOW_CTX_DAG_ID='fetch_spread_values' AIRFLOW_CTX_TASK_ID='fetch_and_compute_spread_usd_mxn' AIRFLOW_CTX_EXECUTION_DATE='2024-07-14T17:15:00+00:00' AIRFLOW_CTX_TRY_NUMBER='1' AIRFLOW_CTX_DAG_RUN_ID='scheduled__2024-07-14T17:15:00+00:00'
[2024-07-14T17:27:00.116+0000] {taskinstance.py:430} INFO - ::endgroup::
[2024-07-14T17:27:00.464+0000] {python.py:237} INFO - Done. Returned value was: None
[2024-07-14T17:27:00.474+0000] {taskinstance.py:441} INFO - ::group::Post task execution logs
[2024-07-14T17:27:00.532+0000] {taskinstance.py:1206} INFO - Marking task as SUCCESS. dag_id=fetch_spread_values, task_id=fetch_and_compute_spread_usd_mxn, run_id=scheduled__2024-07-14T17:15:00+00:00, execution_date=20240714T171500, start_date=20240714T172659, end_date=20240714T172700
[2024-07-14T17:27:00.597+0000] {local_task_job_runner.py:240} INFO - Task exited with return code 0
[2024-07-14T17:27:00.723+0000] {taskinstance.py:3503} INFO - 0 downstream tasks scheduled from follow-on schedule check
[2024-07-14T17:27:00.752+0000] {local_task_job_runner.py:222} INFO - ::endgroup::
[2024-07-14T20:39:24.366+0000] {local_task_job_runner.py:120} INFO - ::group::Pre task execution logs
[2024-07-14T20:39:24.426+0000] {taskinstance.py:2076} INFO - Dependencies all met for dep_context=non-requeueable deps ti=<TaskInstance: fetch_spread_values.fetch_and_compute_spread_usd_mxn scheduled__2024-07-14T17:15:00+00:00 [queued]>
[2024-07-14T20:39:24.440+0000] {taskinstance.py:2076} INFO - Dependencies all met for dep_context=requeueable deps ti=<TaskInstance: fetch_spread_values.fetch_and_compute_spread_usd_mxn scheduled__2024-07-14T17:15:00+00:00 [queued]>
[2024-07-14T20:39:24.441+0000] {taskinstance.py:2306} INFO - Starting attempt 1 of 2
[2024-07-14T20:39:24.453+0000] {taskinstance.py:2330} INFO - Executing <Task(PythonOperator): fetch_and_compute_spread_usd_mxn> on 2024-07-14 17:15:00+00:00
[2024-07-14T20:39:24.461+0000] {logging_mixin.py:188} WARNING - /home/***/.local/lib/python3.12/site-packages/***/task/task_runner/standard_task_runner.py:61 DeprecationWarning: This process (pid=4649) is multi-threaded, use of fork() may lead to deadlocks in the child.
[2024-07-14T20:39:24.462+0000] {standard_task_runner.py:90} INFO - Running: ['***', 'tasks', 'run', 'fetch_spread_values', 'fetch_and_compute_spread_usd_mxn', 'scheduled__2024-07-14T17:15:00+00:00', '--job-id', '2199', '--raw', '--subdir', 'DAGS_FOLDER/***.py', '--cfg-path', '/tmp/tmp6x2ir_6i']
[2024-07-14T20:39:24.466+0000] {standard_task_runner.py:91} INFO - Job 2199: Subtask fetch_and_compute_spread_usd_mxn
[2024-07-14T20:39:24.465+0000] {standard_task_runner.py:63} INFO - Started process 4657 to run task
[2024-07-14T20:39:24.535+0000] {task_command.py:426} INFO - Running <TaskInstance: fetch_spread_values.fetch_and_compute_spread_usd_mxn scheduled__2024-07-14T17:15:00+00:00 [running]> on host 77caf7e4b282
[2024-07-14T20:39:24.678+0000] {taskinstance.py:2648} INFO - Exporting env vars: AIRFLOW_CTX_DAG_OWNER='***' AIRFLOW_CTX_DAG_ID='fetch_spread_values' AIRFLOW_CTX_TASK_ID='fetch_and_compute_spread_usd_mxn' AIRFLOW_CTX_EXECUTION_DATE='2024-07-14T17:15:00+00:00' AIRFLOW_CTX_TRY_NUMBER='1' AIRFLOW_CTX_DAG_RUN_ID='scheduled__2024-07-14T17:15:00+00:00'
[2024-07-14T20:39:24.679+0000] {taskinstance.py:430} INFO - ::endgroup::
[2024-07-14T20:39:24.948+0000] {python.py:237} INFO - Done. Returned value was: None
[2024-07-14T20:39:24.956+0000] {taskinstance.py:441} INFO - ::group::Post task execution logs
[2024-07-14T20:39:24.986+0000] {taskinstance.py:1206} INFO - Marking task as SUCCESS. dag_id=fetch_spread_values, task_id=fetch_and_compute_spread_usd_mxn, run_id=scheduled__2024-07-14T17:15:00+00:00, execution_date=20240714T171500, start_date=20240714T203924, end_date=20240714T203924
[2024-07-14T20:39:25.040+0000] {local_task_job_runner.py:240} INFO - Task exited with return code 0
[2024-07-14T20:39:25.067+0000] {local_task_job_runner.py:222} INFO - ::endgroup::
