[2024-07-14T09:03:12.193+0000] {local_task_job_runner.py:120} INFO - ::group::Pre task execution logs
[2024-07-14T09:03:12.261+0000] {taskinstance.py:2076} INFO - Dependencies all met for dep_context=non-requeueable deps ti=<TaskInstance: fetch_spread_values.fetch_and_compute_spread_btc_mxn scheduled__2024-07-14T07:01:00+00:00 [queued]>
[2024-07-14T09:03:12.282+0000] {taskinstance.py:2076} INFO - Dependencies all met for dep_context=requeueable deps ti=<TaskInstance: fetch_spread_values.fetch_and_compute_spread_btc_mxn scheduled__2024-07-14T07:01:00+00:00 [queued]>
[2024-07-14T09:03:12.285+0000] {taskinstance.py:2306} INFO - Starting attempt 1 of 2
[2024-07-14T09:03:12.307+0000] {taskinstance.py:2330} INFO - Executing <Task(PythonOperator): fetch_and_compute_spread_btc_mxn> on 2024-07-14 07:01:00+00:00
[2024-07-14T09:03:12.314+0000] {warnings.py:112} WARNING - /home/***/.local/lib/python3.12/site-packages/***/task/task_runner/standard_task_runner.py:61: DeprecationWarning: This process (pid=2708) is multi-threaded, use of fork() may lead to deadlocks in the child.
  pid = os.fork()

[2024-07-14T09:03:12.316+0000] {standard_task_runner.py:63} INFO - Started process 2739 to run task
[2024-07-14T09:03:12.314+0000] {standard_task_runner.py:90} INFO - Running: ['***', 'tasks', 'run', 'fetch_spread_values', 'fetch_and_compute_spread_btc_mxn', 'scheduled__2024-07-14T07:01:00+00:00', '--job-id', '871', '--raw', '--subdir', 'DAGS_FOLDER/***.py', '--cfg-path', '/tmp/tmpentiouq3']
[2024-07-14T09:03:12.321+0000] {standard_task_runner.py:91} INFO - Job 871: Subtask fetch_and_compute_spread_btc_mxn
[2024-07-14T09:03:12.491+0000] {task_command.py:426} INFO - Running <TaskInstance: fetch_spread_values.fetch_and_compute_spread_btc_mxn scheduled__2024-07-14T07:01:00+00:00 [running]> on host d537c34a4880
[2024-07-14T09:03:12.654+0000] {taskinstance.py:2648} INFO - Exporting env vars: AIRFLOW_CTX_DAG_OWNER='***' AIRFLOW_CTX_DAG_ID='fetch_spread_values' AIRFLOW_CTX_TASK_ID='fetch_and_compute_spread_btc_mxn' AIRFLOW_CTX_EXECUTION_DATE='2024-07-14T07:01:00+00:00' AIRFLOW_CTX_TRY_NUMBER='1' AIRFLOW_CTX_DAG_RUN_ID='scheduled__2024-07-14T07:01:00+00:00'
[2024-07-14T09:03:12.659+0000] {taskinstance.py:430} INFO - ::endgroup::
[2024-07-14T09:03:12.827+0000] {python.py:237} INFO - Done. Returned value was: None
[2024-07-14T09:03:12.829+0000] {taskinstance.py:441} INFO - ::group::Post task execution logs
[2024-07-14T09:03:12.845+0000] {taskinstance.py:1206} INFO - Marking task as SUCCESS. dag_id=fetch_spread_values, task_id=fetch_and_compute_spread_btc_mxn, run_id=scheduled__2024-07-14T07:01:00+00:00, execution_date=20240714T070100, start_date=20240714T090312, end_date=20240714T090312
[2024-07-14T09:03:12.890+0000] {local_task_job_runner.py:240} INFO - Task exited with return code 0
[2024-07-14T09:03:12.916+0000] {taskinstance.py:3503} INFO - 0 downstream tasks scheduled from follow-on schedule check
[2024-07-14T09:03:12.937+0000] {local_task_job_runner.py:222} INFO - ::endgroup::
[2024-07-14T20:35:11.323+0000] {local_task_job_runner.py:120} INFO - ::group::Pre task execution logs
[2024-07-14T20:35:11.366+0000] {taskinstance.py:2076} INFO - Dependencies all met for dep_context=non-requeueable deps ti=<TaskInstance: fetch_spread_values.fetch_and_compute_spread_btc_mxn scheduled__2024-07-14T07:01:00+00:00 [queued]>
[2024-07-14T20:35:11.373+0000] {taskinstance.py:2076} INFO - Dependencies all met for dep_context=requeueable deps ti=<TaskInstance: fetch_spread_values.fetch_and_compute_spread_btc_mxn scheduled__2024-07-14T07:01:00+00:00 [queued]>
[2024-07-14T20:35:11.374+0000] {taskinstance.py:2306} INFO - Starting attempt 1 of 2
[2024-07-14T20:35:11.404+0000] {taskinstance.py:2330} INFO - Executing <Task(PythonOperator): fetch_and_compute_spread_btc_mxn> on 2024-07-14 07:01:00+00:00
[2024-07-14T20:35:11.416+0000] {logging_mixin.py:188} WARNING - /home/***/.local/lib/python3.12/site-packages/***/task/task_runner/standard_task_runner.py:61 DeprecationWarning: This process (pid=2049) is multi-threaded, use of fork() may lead to deadlocks in the child.
[2024-07-14T20:35:11.420+0000] {standard_task_runner.py:63} INFO - Started process 2060 to run task
[2024-07-14T20:35:11.415+0000] {standard_task_runner.py:90} INFO - Running: ['***', 'tasks', 'run', 'fetch_spread_values', 'fetch_and_compute_spread_btc_mxn', 'scheduled__2024-07-14T07:01:00+00:00', '--job-id', '922', '--raw', '--subdir', 'DAGS_FOLDER/***.py', '--cfg-path', '/tmp/tmpg2bn862q']
[2024-07-14T20:35:11.427+0000] {standard_task_runner.py:91} INFO - Job 922: Subtask fetch_and_compute_spread_btc_mxn
[2024-07-14T20:35:11.479+0000] {task_command.py:426} INFO - Running <TaskInstance: fetch_spread_values.fetch_and_compute_spread_btc_mxn scheduled__2024-07-14T07:01:00+00:00 [running]> on host 77caf7e4b282
[2024-07-14T20:35:11.603+0000] {taskinstance.py:2648} INFO - Exporting env vars: AIRFLOW_CTX_DAG_OWNER='***' AIRFLOW_CTX_DAG_ID='fetch_spread_values' AIRFLOW_CTX_TASK_ID='fetch_and_compute_spread_btc_mxn' AIRFLOW_CTX_EXECUTION_DATE='2024-07-14T07:01:00+00:00' AIRFLOW_CTX_TRY_NUMBER='1' AIRFLOW_CTX_DAG_RUN_ID='scheduled__2024-07-14T07:01:00+00:00'
[2024-07-14T20:35:11.605+0000] {taskinstance.py:430} INFO - ::endgroup::
[2024-07-14T20:35:11.829+0000] {python.py:237} INFO - Done. Returned value was: None
[2024-07-14T20:35:11.832+0000] {taskinstance.py:441} INFO - ::group::Post task execution logs
[2024-07-14T20:35:11.877+0000] {taskinstance.py:1206} INFO - Marking task as SUCCESS. dag_id=fetch_spread_values, task_id=fetch_and_compute_spread_btc_mxn, run_id=scheduled__2024-07-14T07:01:00+00:00, execution_date=20240714T070100, start_date=20240714T203511, end_date=20240714T203511
[2024-07-14T20:35:12.038+0000] {local_task_job_runner.py:240} INFO - Task exited with return code 0
[2024-07-14T20:35:12.142+0000] {taskinstance.py:3503} INFO - 0 downstream tasks scheduled from follow-on schedule check
[2024-07-14T20:35:12.148+0000] {local_task_job_runner.py:222} INFO - ::endgroup::
