[2024-07-14T14:12:20.340+0000] {local_task_job_runner.py:120} INFO - ::group::Pre task execution logs
[2024-07-14T14:12:20.480+0000] {taskinstance.py:2076} INFO - Dependencies all met for dep_context=non-requeueable deps ti=<TaskInstance: fetch_spread_values.fetch_and_compute_spread_usd_mxn scheduled__2024-07-14T13:56:00+00:00 [queued]>
[2024-07-14T14:12:20.520+0000] {taskinstance.py:2076} INFO - Dependencies all met for dep_context=requeueable deps ti=<TaskInstance: fetch_spread_values.fetch_and_compute_spread_usd_mxn scheduled__2024-07-14T13:56:00+00:00 [queued]>
[2024-07-14T14:12:20.537+0000] {taskinstance.py:2306} INFO - Starting attempt 1 of 2
[2024-07-14T14:12:20.604+0000] {taskinstance.py:2330} INFO - Executing <Task(PythonOperator): fetch_and_compute_spread_usd_mxn> on 2024-07-14 13:56:00+00:00
[2024-07-14T14:12:20.641+0000] {standard_task_runner.py:90} INFO - Running: ['***', 'tasks', 'run', 'fetch_spread_values', 'fetch_and_compute_spread_usd_mxn', 'scheduled__2024-07-14T13:56:00+00:00', '--job-id', '1793', '--raw', '--subdir', 'DAGS_FOLDER/***.py', '--cfg-path', '/tmp/tmpat4hfi1e']
[2024-07-14T14:12:20.667+0000] {warnings.py:112} WARNING - /home/***/.local/lib/python3.12/site-packages/***/task/task_runner/standard_task_runner.py:61: DeprecationWarning: This process (pid=5970) is multi-threaded, use of fork() may lead to deadlocks in the child.
  pid = os.fork()

[2024-07-14T14:12:20.672+0000] {standard_task_runner.py:63} INFO - Started process 5996 to run task
[2024-07-14T14:12:20.671+0000] {standard_task_runner.py:91} INFO - Job 1793: Subtask fetch_and_compute_spread_usd_mxn
[2024-07-14T14:12:20.917+0000] {task_command.py:426} INFO - Running <TaskInstance: fetch_spread_values.fetch_and_compute_spread_usd_mxn scheduled__2024-07-14T13:56:00+00:00 [running]> on host d537c34a4880
[2024-07-14T14:12:21.254+0000] {taskinstance.py:2648} INFO - Exporting env vars: AIRFLOW_CTX_DAG_OWNER='***' AIRFLOW_CTX_DAG_ID='fetch_spread_values' AIRFLOW_CTX_TASK_ID='fetch_and_compute_spread_usd_mxn' AIRFLOW_CTX_EXECUTION_DATE='2024-07-14T13:56:00+00:00' AIRFLOW_CTX_TRY_NUMBER='1' AIRFLOW_CTX_DAG_RUN_ID='scheduled__2024-07-14T13:56:00+00:00'
[2024-07-14T14:12:21.275+0000] {taskinstance.py:430} INFO - ::endgroup::
[2024-07-14T14:12:21.551+0000] {python.py:237} INFO - Done. Returned value was: None
[2024-07-14T14:12:21.566+0000] {taskinstance.py:441} INFO - ::group::Post task execution logs
[2024-07-14T14:12:21.611+0000] {taskinstance.py:1206} INFO - Marking task as SUCCESS. dag_id=fetch_spread_values, task_id=fetch_and_compute_spread_usd_mxn, run_id=scheduled__2024-07-14T13:56:00+00:00, execution_date=20240714T135600, start_date=20240714T141220, end_date=20240714T141221
[2024-07-14T14:12:21.680+0000] {local_task_job_runner.py:240} INFO - Task exited with return code 0
[2024-07-14T14:12:21.778+0000] {taskinstance.py:3503} INFO - 0 downstream tasks scheduled from follow-on schedule check
[2024-07-14T14:12:21.792+0000] {local_task_job_runner.py:222} INFO - ::endgroup::
[2024-07-14T20:38:10.606+0000] {local_task_job_runner.py:120} INFO - ::group::Pre task execution logs
[2024-07-14T20:38:10.629+0000] {taskinstance.py:2076} INFO - Dependencies all met for dep_context=non-requeueable deps ti=<TaskInstance: fetch_spread_values.fetch_and_compute_spread_usd_mxn scheduled__2024-07-14T13:56:00+00:00 [queued]>
[2024-07-14T20:38:10.636+0000] {taskinstance.py:2076} INFO - Dependencies all met for dep_context=requeueable deps ti=<TaskInstance: fetch_spread_values.fetch_and_compute_spread_usd_mxn scheduled__2024-07-14T13:56:00+00:00 [queued]>
[2024-07-14T20:38:10.638+0000] {taskinstance.py:2306} INFO - Starting attempt 1 of 2
[2024-07-14T20:38:10.654+0000] {taskinstance.py:2330} INFO - Executing <Task(PythonOperator): fetch_and_compute_spread_usd_mxn> on 2024-07-14 13:56:00+00:00
[2024-07-14T20:38:10.658+0000] {logging_mixin.py:188} WARNING - /home/***/.local/lib/python3.12/site-packages/***/task/task_runner/standard_task_runner.py:61 DeprecationWarning: This process (pid=3834) is multi-threaded, use of fork() may lead to deadlocks in the child.
[2024-07-14T20:38:10.660+0000] {standard_task_runner.py:63} INFO - Started process 3841 to run task
[2024-07-14T20:38:10.659+0000] {standard_task_runner.py:90} INFO - Running: ['***', 'tasks', 'run', 'fetch_spread_values', 'fetch_and_compute_spread_usd_mxn', 'scheduled__2024-07-14T13:56:00+00:00', '--job-id', '1800', '--raw', '--subdir', 'DAGS_FOLDER/***.py', '--cfg-path', '/tmp/tmpt_qzag0b']
[2024-07-14T20:38:10.664+0000] {standard_task_runner.py:91} INFO - Job 1800: Subtask fetch_and_compute_spread_usd_mxn
[2024-07-14T20:38:10.716+0000] {task_command.py:426} INFO - Running <TaskInstance: fetch_spread_values.fetch_and_compute_spread_usd_mxn scheduled__2024-07-14T13:56:00+00:00 [running]> on host 77caf7e4b282
[2024-07-14T20:38:10.810+0000] {taskinstance.py:2648} INFO - Exporting env vars: AIRFLOW_CTX_DAG_OWNER='***' AIRFLOW_CTX_DAG_ID='fetch_spread_values' AIRFLOW_CTX_TASK_ID='fetch_and_compute_spread_usd_mxn' AIRFLOW_CTX_EXECUTION_DATE='2024-07-14T13:56:00+00:00' AIRFLOW_CTX_TRY_NUMBER='1' AIRFLOW_CTX_DAG_RUN_ID='scheduled__2024-07-14T13:56:00+00:00'
[2024-07-14T20:38:10.812+0000] {taskinstance.py:430} INFO - ::endgroup::
[2024-07-14T20:38:11.028+0000] {python.py:237} INFO - Done. Returned value was: None
[2024-07-14T20:38:11.029+0000] {taskinstance.py:441} INFO - ::group::Post task execution logs
[2024-07-14T20:38:11.036+0000] {taskinstance.py:1206} INFO - Marking task as SUCCESS. dag_id=fetch_spread_values, task_id=fetch_and_compute_spread_usd_mxn, run_id=scheduled__2024-07-14T13:56:00+00:00, execution_date=20240714T135600, start_date=20240714T203810, end_date=20240714T203811
[2024-07-14T20:38:11.053+0000] {local_task_job_runner.py:240} INFO - Task exited with return code 0
[2024-07-14T20:38:11.061+0000] {taskinstance.py:3503} INFO - 0 downstream tasks scheduled from follow-on schedule check
[2024-07-14T20:38:11.062+0000] {local_task_job_runner.py:222} INFO - ::endgroup::
