[2024-07-14T08:58:45.328+0000] {local_task_job_runner.py:120} INFO - ::group::Pre task execution logs
[2024-07-14T08:58:45.407+0000] {taskinstance.py:2076} INFO - Dependencies all met for dep_context=non-requeueable deps ti=<TaskInstance: fetch_spread_values.fetch_and_compute_spread_usd_mxn scheduled__2024-07-14T02:07:00+00:00 [queued]>
[2024-07-14T08:58:45.417+0000] {taskinstance.py:2076} INFO - Dependencies all met for dep_context=requeueable deps ti=<TaskInstance: fetch_spread_values.fetch_and_compute_spread_usd_mxn scheduled__2024-07-14T02:07:00+00:00 [queued]>
[2024-07-14T08:58:45.418+0000] {taskinstance.py:2306} INFO - Starting attempt 1 of 2
[2024-07-14T08:58:45.438+0000] {taskinstance.py:2330} INFO - Executing <Task(PythonOperator): fetch_and_compute_spread_usd_mxn> on 2024-07-14 02:07:00+00:00
[2024-07-14T08:58:45.471+0000] {warnings.py:112} WARNING - /home/***/.local/lib/python3.12/site-packages/***/task/task_runner/standard_task_runner.py:61: DeprecationWarning: This process (pid=899) is multi-threaded, use of fork() may lead to deadlocks in the child.
  pid = os.fork()

[2024-07-14T08:58:45.478+0000] {standard_task_runner.py:63} INFO - Started process 938 to run task
[2024-07-14T08:58:45.471+0000] {standard_task_runner.py:90} INFO - Running: ['***', 'tasks', 'run', 'fetch_spread_values', 'fetch_and_compute_spread_usd_mxn', 'scheduled__2024-07-14T02:07:00+00:00', '--job-id', '287', '--raw', '--subdir', 'DAGS_FOLDER/***.py', '--cfg-path', '/tmp/tmpcf3s79ze']
[2024-07-14T08:58:45.481+0000] {standard_task_runner.py:91} INFO - Job 287: Subtask fetch_and_compute_spread_usd_mxn
[2024-07-14T08:58:45.589+0000] {task_command.py:426} INFO - Running <TaskInstance: fetch_spread_values.fetch_and_compute_spread_usd_mxn scheduled__2024-07-14T02:07:00+00:00 [running]> on host d537c34a4880
[2024-07-14T08:58:45.864+0000] {taskinstance.py:2648} INFO - Exporting env vars: AIRFLOW_CTX_DAG_OWNER='***' AIRFLOW_CTX_DAG_ID='fetch_spread_values' AIRFLOW_CTX_TASK_ID='fetch_and_compute_spread_usd_mxn' AIRFLOW_CTX_EXECUTION_DATE='2024-07-14T02:07:00+00:00' AIRFLOW_CTX_TRY_NUMBER='1' AIRFLOW_CTX_DAG_RUN_ID='scheduled__2024-07-14T02:07:00+00:00'
[2024-07-14T08:58:45.895+0000] {taskinstance.py:430} INFO - ::endgroup::
[2024-07-14T08:58:46.168+0000] {python.py:237} INFO - Done. Returned value was: None
[2024-07-14T08:58:46.172+0000] {taskinstance.py:441} INFO - ::group::Post task execution logs
[2024-07-14T08:58:46.251+0000] {taskinstance.py:1206} INFO - Marking task as SUCCESS. dag_id=fetch_spread_values, task_id=fetch_and_compute_spread_usd_mxn, run_id=scheduled__2024-07-14T02:07:00+00:00, execution_date=20240714T020700, start_date=20240714T085845, end_date=20240714T085846
[2024-07-14T08:58:46.300+0000] {local_task_job_runner.py:240} INFO - Task exited with return code 0
[2024-07-14T08:58:46.350+0000] {taskinstance.py:3503} INFO - 0 downstream tasks scheduled from follow-on schedule check
[2024-07-14T08:58:46.405+0000] {local_task_job_runner.py:222} INFO - ::endgroup::
[2024-07-14T20:33:11.351+0000] {local_task_job_runner.py:120} INFO - ::group::Pre task execution logs
[2024-07-14T20:33:11.368+0000] {taskinstance.py:2076} INFO - Dependencies all met for dep_context=non-requeueable deps ti=<TaskInstance: fetch_spread_values.fetch_and_compute_spread_usd_mxn scheduled__2024-07-14T02:07:00+00:00 [queued]>
[2024-07-14T20:33:11.372+0000] {taskinstance.py:2076} INFO - Dependencies all met for dep_context=requeueable deps ti=<TaskInstance: fetch_spread_values.fetch_and_compute_spread_usd_mxn scheduled__2024-07-14T02:07:00+00:00 [queued]>
[2024-07-14T20:33:11.373+0000] {taskinstance.py:2306} INFO - Starting attempt 1 of 2
[2024-07-14T20:33:11.381+0000] {taskinstance.py:2330} INFO - Executing <Task(PythonOperator): fetch_and_compute_spread_usd_mxn> on 2024-07-14 02:07:00+00:00
[2024-07-14T20:33:11.384+0000] {logging_mixin.py:188} WARNING - /home/***/.local/lib/python3.12/site-packages/***/task/task_runner/standard_task_runner.py:61 DeprecationWarning: This process (pid=706) is multi-threaded, use of fork() may lead to deadlocks in the child.
[2024-07-14T20:33:11.384+0000] {standard_task_runner.py:63} INFO - Started process 708 to run task
[2024-07-14T20:33:11.384+0000] {standard_task_runner.py:90} INFO - Running: ['***', 'tasks', 'run', 'fetch_spread_values', 'fetch_and_compute_spread_usd_mxn', 'scheduled__2024-07-14T02:07:00+00:00', '--job-id', '260', '--raw', '--subdir', 'DAGS_FOLDER/***.py', '--cfg-path', '/tmp/tmpq7p3wll3']
[2024-07-14T20:33:11.385+0000] {standard_task_runner.py:91} INFO - Job 260: Subtask fetch_and_compute_spread_usd_mxn
[2024-07-14T20:33:11.408+0000] {task_command.py:426} INFO - Running <TaskInstance: fetch_spread_values.fetch_and_compute_spread_usd_mxn scheduled__2024-07-14T02:07:00+00:00 [running]> on host 77caf7e4b282
[2024-07-14T20:33:11.451+0000] {taskinstance.py:2648} INFO - Exporting env vars: AIRFLOW_CTX_DAG_OWNER='***' AIRFLOW_CTX_DAG_ID='fetch_spread_values' AIRFLOW_CTX_TASK_ID='fetch_and_compute_spread_usd_mxn' AIRFLOW_CTX_EXECUTION_DATE='2024-07-14T02:07:00+00:00' AIRFLOW_CTX_TRY_NUMBER='1' AIRFLOW_CTX_DAG_RUN_ID='scheduled__2024-07-14T02:07:00+00:00'
[2024-07-14T20:33:11.452+0000] {taskinstance.py:430} INFO - ::endgroup::
[2024-07-14T20:33:11.655+0000] {python.py:237} INFO - Done. Returned value was: None
[2024-07-14T20:33:11.656+0000] {taskinstance.py:441} INFO - ::group::Post task execution logs
[2024-07-14T20:33:11.662+0000] {taskinstance.py:1206} INFO - Marking task as SUCCESS. dag_id=fetch_spread_values, task_id=fetch_and_compute_spread_usd_mxn, run_id=scheduled__2024-07-14T02:07:00+00:00, execution_date=20240714T020700, start_date=20240714T203311, end_date=20240714T203311
[2024-07-14T20:33:11.702+0000] {local_task_job_runner.py:240} INFO - Task exited with return code 0
[2024-07-14T20:33:11.711+0000] {taskinstance.py:3503} INFO - 0 downstream tasks scheduled from follow-on schedule check
[2024-07-14T20:33:11.712+0000] {local_task_job_runner.py:222} INFO - ::endgroup::
