[2024-07-14T15:07:34.250+0000] {local_task_job_runner.py:120} INFO - ::group::Pre task execution logs
[2024-07-14T15:07:34.309+0000] {taskinstance.py:2076} INFO - Dependencies all met for dep_context=non-requeueable deps ti=<TaskInstance: fetch_spread_values.fetch_and_compute_spread_usd_mxn scheduled__2024-07-14T14:53:00+00:00 [queued]>
[2024-07-14T15:07:34.321+0000] {taskinstance.py:2076} INFO - Dependencies all met for dep_context=requeueable deps ti=<TaskInstance: fetch_spread_values.fetch_and_compute_spread_usd_mxn scheduled__2024-07-14T14:53:00+00:00 [queued]>
[2024-07-14T15:07:34.322+0000] {taskinstance.py:2306} INFO - Starting attempt 1 of 2
[2024-07-14T15:07:34.397+0000] {taskinstance.py:2330} INFO - Executing <Task(PythonOperator): fetch_and_compute_spread_usd_mxn> on 2024-07-14 14:53:00+00:00
[2024-07-14T15:07:34.428+0000] {warnings.py:112} WARNING - /home/***/.local/lib/python3.12/site-packages/***/task/task_runner/standard_task_runner.py:61: DeprecationWarning: This process (pid=6356) is multi-threaded, use of fork() may lead to deadlocks in the child.
  pid = os.fork()

[2024-07-14T15:07:34.444+0000] {standard_task_runner.py:63} INFO - Started process 6397 to run task
[2024-07-14T15:07:34.430+0000] {standard_task_runner.py:90} INFO - Running: ['***', 'tasks', 'run', 'fetch_spread_values', 'fetch_and_compute_spread_usd_mxn', 'scheduled__2024-07-14T14:53:00+00:00', '--job-id', '1917', '--raw', '--subdir', 'DAGS_FOLDER/***.py', '--cfg-path', '/tmp/tmphgo576dx']
[2024-07-14T15:07:34.467+0000] {standard_task_runner.py:91} INFO - Job 1917: Subtask fetch_and_compute_spread_usd_mxn
[2024-07-14T15:07:34.658+0000] {task_command.py:426} INFO - Running <TaskInstance: fetch_spread_values.fetch_and_compute_spread_usd_mxn scheduled__2024-07-14T14:53:00+00:00 [running]> on host d537c34a4880
[2024-07-14T15:07:34.955+0000] {taskinstance.py:2648} INFO - Exporting env vars: AIRFLOW_CTX_DAG_OWNER='***' AIRFLOW_CTX_DAG_ID='fetch_spread_values' AIRFLOW_CTX_TASK_ID='fetch_and_compute_spread_usd_mxn' AIRFLOW_CTX_EXECUTION_DATE='2024-07-14T14:53:00+00:00' AIRFLOW_CTX_TRY_NUMBER='1' AIRFLOW_CTX_DAG_RUN_ID='scheduled__2024-07-14T14:53:00+00:00'
[2024-07-14T15:07:34.962+0000] {taskinstance.py:430} INFO - ::endgroup::
[2024-07-14T15:07:35.334+0000] {python.py:237} INFO - Done. Returned value was: None
[2024-07-14T15:07:35.338+0000] {taskinstance.py:441} INFO - ::group::Post task execution logs
[2024-07-14T15:07:35.374+0000] {taskinstance.py:1206} INFO - Marking task as SUCCESS. dag_id=fetch_spread_values, task_id=fetch_and_compute_spread_usd_mxn, run_id=scheduled__2024-07-14T14:53:00+00:00, execution_date=20240714T145300, start_date=20240714T150734, end_date=20240714T150735
[2024-07-14T15:07:35.431+0000] {local_task_job_runner.py:240} INFO - Task exited with return code 0
[2024-07-14T15:07:35.527+0000] {taskinstance.py:3503} INFO - 0 downstream tasks scheduled from follow-on schedule check
[2024-07-14T15:07:35.545+0000] {local_task_job_runner.py:222} INFO - ::endgroup::
[2024-07-14T20:38:28.140+0000] {local_task_job_runner.py:120} INFO - ::group::Pre task execution logs
[2024-07-14T20:38:28.163+0000] {taskinstance.py:2076} INFO - Dependencies all met for dep_context=non-requeueable deps ti=<TaskInstance: fetch_spread_values.fetch_and_compute_spread_usd_mxn scheduled__2024-07-14T14:53:00+00:00 [queued]>
[2024-07-14T20:38:28.168+0000] {taskinstance.py:2076} INFO - Dependencies all met for dep_context=requeueable deps ti=<TaskInstance: fetch_spread_values.fetch_and_compute_spread_usd_mxn scheduled__2024-07-14T14:53:00+00:00 [queued]>
[2024-07-14T20:38:28.169+0000] {taskinstance.py:2306} INFO - Starting attempt 1 of 2
[2024-07-14T20:38:28.177+0000] {taskinstance.py:2330} INFO - Executing <Task(PythonOperator): fetch_and_compute_spread_usd_mxn> on 2024-07-14 14:53:00+00:00
[2024-07-14T20:38:28.181+0000] {logging_mixin.py:188} WARNING - /home/***/.local/lib/python3.12/site-packages/***/task/task_runner/standard_task_runner.py:61 DeprecationWarning: This process (pid=4066) is multi-threaded, use of fork() may lead to deadlocks in the child.
[2024-07-14T20:38:28.183+0000] {standard_task_runner.py:63} INFO - Started process 4073 to run task
[2024-07-14T20:38:28.182+0000] {standard_task_runner.py:90} INFO - Running: ['***', 'tasks', 'run', 'fetch_spread_values', 'fetch_and_compute_spread_usd_mxn', 'scheduled__2024-07-14T14:53:00+00:00', '--job-id', '1914', '--raw', '--subdir', 'DAGS_FOLDER/***.py', '--cfg-path', '/tmp/tmp056lps1x']
[2024-07-14T20:38:28.187+0000] {standard_task_runner.py:91} INFO - Job 1914: Subtask fetch_and_compute_spread_usd_mxn
[2024-07-14T20:38:28.257+0000] {task_command.py:426} INFO - Running <TaskInstance: fetch_spread_values.fetch_and_compute_spread_usd_mxn scheduled__2024-07-14T14:53:00+00:00 [running]> on host 77caf7e4b282
[2024-07-14T20:38:28.373+0000] {taskinstance.py:2648} INFO - Exporting env vars: AIRFLOW_CTX_DAG_OWNER='***' AIRFLOW_CTX_DAG_ID='fetch_spread_values' AIRFLOW_CTX_TASK_ID='fetch_and_compute_spread_usd_mxn' AIRFLOW_CTX_EXECUTION_DATE='2024-07-14T14:53:00+00:00' AIRFLOW_CTX_TRY_NUMBER='1' AIRFLOW_CTX_DAG_RUN_ID='scheduled__2024-07-14T14:53:00+00:00'
[2024-07-14T20:38:28.374+0000] {taskinstance.py:430} INFO - ::endgroup::
[2024-07-14T20:38:28.591+0000] {python.py:237} INFO - Done. Returned value was: None
[2024-07-14T20:38:28.591+0000] {taskinstance.py:441} INFO - ::group::Post task execution logs
[2024-07-14T20:38:28.597+0000] {taskinstance.py:1206} INFO - Marking task as SUCCESS. dag_id=fetch_spread_values, task_id=fetch_and_compute_spread_usd_mxn, run_id=scheduled__2024-07-14T14:53:00+00:00, execution_date=20240714T145300, start_date=20240714T203828, end_date=20240714T203828
[2024-07-14T20:38:28.621+0000] {local_task_job_runner.py:240} INFO - Task exited with return code 0
[2024-07-14T20:38:28.631+0000] {taskinstance.py:3503} INFO - 0 downstream tasks scheduled from follow-on schedule check
[2024-07-14T20:38:28.631+0000] {local_task_job_runner.py:222} INFO - ::endgroup::
