[2024-07-14T17:51:32.633+0000] {local_task_job_runner.py:120} INFO - ::group::Pre task execution logs
[2024-07-14T17:51:32.670+0000] {taskinstance.py:2076} INFO - Dependencies all met for dep_context=non-requeueable deps ti=<TaskInstance: fetch_spread_values.fetch_and_compute_spread_btc_mxn scheduled__2024-07-14T17:37:00+00:00 [queued]>
[2024-07-14T17:51:32.679+0000] {taskinstance.py:2076} INFO - Dependencies all met for dep_context=requeueable deps ti=<TaskInstance: fetch_spread_values.fetch_and_compute_spread_btc_mxn scheduled__2024-07-14T17:37:00+00:00 [queued]>
[2024-07-14T17:51:32.683+0000] {taskinstance.py:2306} INFO - Starting attempt 1 of 2
[2024-07-14T17:51:32.718+0000] {taskinstance.py:2330} INFO - Executing <Task(PythonOperator): fetch_and_compute_spread_btc_mxn> on 2024-07-14 17:37:00+00:00
[2024-07-14T17:51:32.727+0000] {warnings.py:112} WARNING - /home/***/.local/lib/python3.12/site-packages/***/task/task_runner/standard_task_runner.py:61: DeprecationWarning: This process (pid=7509) is multi-threaded, use of fork() may lead to deadlocks in the child.
  pid = os.fork()

[2024-07-14T17:51:32.736+0000] {standard_task_runner.py:63} INFO - Started process 7528 to run task
[2024-07-14T17:51:32.730+0000] {standard_task_runner.py:90} INFO - Running: ['***', 'tasks', 'run', 'fetch_spread_values', 'fetch_and_compute_spread_btc_mxn', 'scheduled__2024-07-14T17:37:00+00:00', '--job-id', '2262', '--raw', '--subdir', 'DAGS_FOLDER/***.py', '--cfg-path', '/tmp/tmpv3lku7b9']
[2024-07-14T17:51:32.757+0000] {standard_task_runner.py:91} INFO - Job 2262: Subtask fetch_and_compute_spread_btc_mxn
[2024-07-14T17:51:33.581+0000] {task_command.py:426} INFO - Running <TaskInstance: fetch_spread_values.fetch_and_compute_spread_btc_mxn scheduled__2024-07-14T17:37:00+00:00 [running]> on host d537c34a4880
[2024-07-14T17:51:33.814+0000] {taskinstance.py:2648} INFO - Exporting env vars: AIRFLOW_CTX_DAG_OWNER='***' AIRFLOW_CTX_DAG_ID='fetch_spread_values' AIRFLOW_CTX_TASK_ID='fetch_and_compute_spread_btc_mxn' AIRFLOW_CTX_EXECUTION_DATE='2024-07-14T17:37:00+00:00' AIRFLOW_CTX_TRY_NUMBER='1' AIRFLOW_CTX_DAG_RUN_ID='scheduled__2024-07-14T17:37:00+00:00'
[2024-07-14T17:51:33.818+0000] {taskinstance.py:430} INFO - ::endgroup::
[2024-07-14T17:51:34.112+0000] {python.py:237} INFO - Done. Returned value was: None
[2024-07-14T17:51:34.114+0000] {taskinstance.py:441} INFO - ::group::Post task execution logs
[2024-07-14T17:51:34.121+0000] {taskinstance.py:1206} INFO - Marking task as SUCCESS. dag_id=fetch_spread_values, task_id=fetch_and_compute_spread_btc_mxn, run_id=scheduled__2024-07-14T17:37:00+00:00, execution_date=20240714T173700, start_date=20240714T175132, end_date=20240714T175134
[2024-07-14T17:51:34.175+0000] {local_task_job_runner.py:240} INFO - Task exited with return code 0
[2024-07-14T17:51:34.197+0000] {taskinstance.py:3503} INFO - 0 downstream tasks scheduled from follow-on schedule check
[2024-07-14T17:51:34.200+0000] {local_task_job_runner.py:222} INFO - ::endgroup::
[2024-07-14T20:39:30.877+0000] {local_task_job_runner.py:120} INFO - ::group::Pre task execution logs
[2024-07-14T20:39:30.916+0000] {taskinstance.py:2076} INFO - Dependencies all met for dep_context=non-requeueable deps ti=<TaskInstance: fetch_spread_values.fetch_and_compute_spread_btc_mxn scheduled__2024-07-14T17:37:00+00:00 [queued]>
[2024-07-14T20:39:30.922+0000] {taskinstance.py:2076} INFO - Dependencies all met for dep_context=requeueable deps ti=<TaskInstance: fetch_spread_values.fetch_and_compute_spread_btc_mxn scheduled__2024-07-14T17:37:00+00:00 [queued]>
[2024-07-14T20:39:30.924+0000] {taskinstance.py:2306} INFO - Starting attempt 1 of 2
[2024-07-14T20:39:30.948+0000] {taskinstance.py:2330} INFO - Executing <Task(PythonOperator): fetch_and_compute_spread_btc_mxn> on 2024-07-14 17:37:00+00:00
[2024-07-14T20:39:30.952+0000] {standard_task_runner.py:90} INFO - Running: ['***', 'tasks', 'run', 'fetch_spread_values', 'fetch_and_compute_spread_btc_mxn', 'scheduled__2024-07-14T17:37:00+00:00', '--job-id', '2242', '--raw', '--subdir', 'DAGS_FOLDER/***.py', '--cfg-path', '/tmp/tmpgulx7zc4']
[2024-07-14T20:39:30.955+0000] {standard_task_runner.py:91} INFO - Job 2242: Subtask fetch_and_compute_spread_btc_mxn
[2024-07-14T20:39:30.954+0000] {logging_mixin.py:188} WARNING - /home/***/.local/lib/python3.12/site-packages/***/task/task_runner/standard_task_runner.py:61 DeprecationWarning: This process (pid=4730) is multi-threaded, use of fork() may lead to deadlocks in the child.
[2024-07-14T20:39:30.962+0000] {standard_task_runner.py:63} INFO - Started process 4742 to run task
[2024-07-14T20:39:31.027+0000] {task_command.py:426} INFO - Running <TaskInstance: fetch_spread_values.fetch_and_compute_spread_btc_mxn scheduled__2024-07-14T17:37:00+00:00 [running]> on host 77caf7e4b282
[2024-07-14T20:39:31.239+0000] {taskinstance.py:2648} INFO - Exporting env vars: AIRFLOW_CTX_DAG_OWNER='***' AIRFLOW_CTX_DAG_ID='fetch_spread_values' AIRFLOW_CTX_TASK_ID='fetch_and_compute_spread_btc_mxn' AIRFLOW_CTX_EXECUTION_DATE='2024-07-14T17:37:00+00:00' AIRFLOW_CTX_TRY_NUMBER='1' AIRFLOW_CTX_DAG_RUN_ID='scheduled__2024-07-14T17:37:00+00:00'
[2024-07-14T20:39:31.245+0000] {taskinstance.py:430} INFO - ::endgroup::
[2024-07-14T20:39:31.487+0000] {python.py:237} INFO - Done. Returned value was: None
[2024-07-14T20:39:31.493+0000] {taskinstance.py:441} INFO - ::group::Post task execution logs
[2024-07-14T20:39:31.513+0000] {taskinstance.py:1206} INFO - Marking task as SUCCESS. dag_id=fetch_spread_values, task_id=fetch_and_compute_spread_btc_mxn, run_id=scheduled__2024-07-14T17:37:00+00:00, execution_date=20240714T173700, start_date=20240714T203930, end_date=20240714T203931
[2024-07-14T20:39:31.558+0000] {local_task_job_runner.py:240} INFO - Task exited with return code 0
[2024-07-14T20:39:31.571+0000] {taskinstance.py:3503} INFO - 0 downstream tasks scheduled from follow-on schedule check
[2024-07-14T20:39:31.575+0000] {local_task_job_runner.py:222} INFO - ::endgroup::
