[2024-07-13T23:33:30.471+0000] {processor.py:161} INFO - Started process (PID=72) to work on /home/airflow/.local/lib/python3.12/site-packages/airflow/example_dags/example_skip_dag.py
[2024-07-13T23:33:30.471+0000] {processor.py:830} INFO - Processing file /home/airflow/.local/lib/python3.12/site-packages/airflow/example_dags/example_skip_dag.py for tasks to queue
[2024-07-13T23:33:30.472+0000] {logging_mixin.py:188} INFO - [2024-07-13T23:33:30.472+0000] {dagbag.py:545} INFO - Filling up the DagBag from /home/airflow/.local/lib/python3.12/site-packages/airflow/example_dags/example_skip_dag.py
[2024-07-13T23:33:30.476+0000] {processor.py:840} INFO - DAG(s) 'example_skip_dag' retrieved from /home/airflow/.local/lib/python3.12/site-packages/airflow/example_dags/example_skip_dag.py
[2024-07-13T23:33:30.524+0000] {logging_mixin.py:188} INFO - [2024-07-13T23:33:30.524+0000] {override.py:1829} INFO - Created Permission View: can edit on DAG:example_skip_dag
[2024-07-13T23:33:30.528+0000] {logging_mixin.py:188} INFO - [2024-07-13T23:33:30.528+0000] {override.py:1829} INFO - Created Permission View: can read on DAG:example_skip_dag
[2024-07-13T23:33:30.530+0000] {logging_mixin.py:188} INFO - [2024-07-13T23:33:30.530+0000] {override.py:1829} INFO - Created Permission View: can delete on DAG:example_skip_dag
[2024-07-13T23:33:30.530+0000] {logging_mixin.py:188} INFO - [2024-07-13T23:33:30.530+0000] {dag.py:3096} INFO - Sync 1 DAGs
[2024-07-13T23:33:30.534+0000] {logging_mixin.py:188} INFO - [2024-07-13T23:33:30.534+0000] {dag.py:3118} INFO - Creating ORM DAG for example_skip_dag
[2024-07-13T23:33:30.539+0000] {logging_mixin.py:188} INFO - [2024-07-13T23:33:30.539+0000] {dag.py:3954} INFO - Setting next_dagrun for example_skip_dag to 2024-07-12 00:00:00+00:00, run_after=2024-07-13 00:00:00+00:00
[2024-07-13T23:33:30.545+0000] {processor.py:183} INFO - Processing /home/airflow/.local/lib/python3.12/site-packages/airflow/example_dags/example_skip_dag.py took 0.077 seconds
[2024-07-13T23:34:01.304+0000] {processor.py:161} INFO - Started process (PID=130) to work on /home/airflow/.local/lib/python3.12/site-packages/airflow/example_dags/example_skip_dag.py
[2024-07-13T23:34:01.304+0000] {processor.py:830} INFO - Processing file /home/airflow/.local/lib/python3.12/site-packages/airflow/example_dags/example_skip_dag.py for tasks to queue
[2024-07-13T23:34:01.305+0000] {logging_mixin.py:188} INFO - [2024-07-13T23:34:01.305+0000] {dagbag.py:545} INFO - Filling up the DagBag from /home/airflow/.local/lib/python3.12/site-packages/airflow/example_dags/example_skip_dag.py
[2024-07-13T23:34:01.308+0000] {processor.py:840} INFO - DAG(s) 'example_skip_dag' retrieved from /home/airflow/.local/lib/python3.12/site-packages/airflow/example_dags/example_skip_dag.py
[2024-07-13T23:34:01.318+0000] {logging_mixin.py:188} INFO - [2024-07-13T23:34:01.318+0000] {dag.py:3096} INFO - Sync 1 DAGs
[2024-07-13T23:34:01.329+0000] {logging_mixin.py:188} INFO - [2024-07-13T23:34:01.329+0000] {dag.py:3954} INFO - Setting next_dagrun for example_skip_dag to 2024-07-12 00:00:00+00:00, run_after=2024-07-13 00:00:00+00:00
[2024-07-13T23:34:01.336+0000] {processor.py:183} INFO - Processing /home/airflow/.local/lib/python3.12/site-packages/airflow/example_dags/example_skip_dag.py took 0.036 seconds
[2024-07-13T23:34:32.048+0000] {processor.py:161} INFO - Started process (PID=188) to work on /home/airflow/.local/lib/python3.12/site-packages/airflow/example_dags/example_skip_dag.py
[2024-07-13T23:34:32.048+0000] {processor.py:830} INFO - Processing file /home/airflow/.local/lib/python3.12/site-packages/airflow/example_dags/example_skip_dag.py for tasks to queue
[2024-07-13T23:34:32.049+0000] {logging_mixin.py:188} INFO - [2024-07-13T23:34:32.049+0000] {dagbag.py:545} INFO - Filling up the DagBag from /home/airflow/.local/lib/python3.12/site-packages/airflow/example_dags/example_skip_dag.py
[2024-07-13T23:34:32.053+0000] {processor.py:840} INFO - DAG(s) 'example_skip_dag' retrieved from /home/airflow/.local/lib/python3.12/site-packages/airflow/example_dags/example_skip_dag.py
[2024-07-13T23:34:32.064+0000] {logging_mixin.py:188} INFO - [2024-07-13T23:34:32.063+0000] {dag.py:3096} INFO - Sync 1 DAGs
[2024-07-13T23:34:32.074+0000] {logging_mixin.py:188} INFO - [2024-07-13T23:34:32.074+0000] {dag.py:3954} INFO - Setting next_dagrun for example_skip_dag to 2024-07-12 00:00:00+00:00, run_after=2024-07-13 00:00:00+00:00
[2024-07-13T23:34:32.082+0000] {processor.py:183} INFO - Processing /home/airflow/.local/lib/python3.12/site-packages/airflow/example_dags/example_skip_dag.py took 0.037 seconds
[2024-07-13T23:35:02.907+0000] {processor.py:161} INFO - Started process (PID=246) to work on /home/airflow/.local/lib/python3.12/site-packages/airflow/example_dags/example_skip_dag.py
[2024-07-13T23:35:02.908+0000] {processor.py:830} INFO - Processing file /home/airflow/.local/lib/python3.12/site-packages/airflow/example_dags/example_skip_dag.py for tasks to queue
[2024-07-13T23:35:02.909+0000] {logging_mixin.py:188} INFO - [2024-07-13T23:35:02.909+0000] {dagbag.py:545} INFO - Filling up the DagBag from /home/airflow/.local/lib/python3.12/site-packages/airflow/example_dags/example_skip_dag.py
[2024-07-13T23:35:02.912+0000] {processor.py:840} INFO - DAG(s) 'example_skip_dag' retrieved from /home/airflow/.local/lib/python3.12/site-packages/airflow/example_dags/example_skip_dag.py
[2024-07-13T23:35:02.922+0000] {logging_mixin.py:188} INFO - [2024-07-13T23:35:02.922+0000] {dag.py:3096} INFO - Sync 1 DAGs
[2024-07-13T23:35:02.933+0000] {logging_mixin.py:188} INFO - [2024-07-13T23:35:02.933+0000] {dag.py:3954} INFO - Setting next_dagrun for example_skip_dag to 2024-07-12 00:00:00+00:00, run_after=2024-07-13 00:00:00+00:00
[2024-07-13T23:35:02.942+0000] {processor.py:183} INFO - Processing /home/airflow/.local/lib/python3.12/site-packages/airflow/example_dags/example_skip_dag.py took 0.037 seconds
[2024-07-13T23:35:33.069+0000] {processor.py:161} INFO - Started process (PID=304) to work on /home/airflow/.local/lib/python3.12/site-packages/airflow/example_dags/example_skip_dag.py
[2024-07-13T23:35:33.070+0000] {processor.py:830} INFO - Processing file /home/airflow/.local/lib/python3.12/site-packages/airflow/example_dags/example_skip_dag.py for tasks to queue
[2024-07-13T23:35:33.071+0000] {logging_mixin.py:188} INFO - [2024-07-13T23:35:33.071+0000] {dagbag.py:545} INFO - Filling up the DagBag from /home/airflow/.local/lib/python3.12/site-packages/airflow/example_dags/example_skip_dag.py
[2024-07-13T23:35:33.074+0000] {processor.py:840} INFO - DAG(s) 'example_skip_dag' retrieved from /home/airflow/.local/lib/python3.12/site-packages/airflow/example_dags/example_skip_dag.py
[2024-07-13T23:35:33.084+0000] {logging_mixin.py:188} INFO - [2024-07-13T23:35:33.084+0000] {dag.py:3096} INFO - Sync 1 DAGs
[2024-07-13T23:35:33.093+0000] {logging_mixin.py:188} INFO - [2024-07-13T23:35:33.093+0000] {dag.py:3954} INFO - Setting next_dagrun for example_skip_dag to 2024-07-12 00:00:00+00:00, run_after=2024-07-13 00:00:00+00:00
[2024-07-13T23:35:33.101+0000] {processor.py:183} INFO - Processing /home/airflow/.local/lib/python3.12/site-packages/airflow/example_dags/example_skip_dag.py took 0.034 seconds
[2024-07-13T23:36:03.878+0000] {processor.py:161} INFO - Started process (PID=362) to work on /home/airflow/.local/lib/python3.12/site-packages/airflow/example_dags/example_skip_dag.py
[2024-07-13T23:36:03.878+0000] {processor.py:830} INFO - Processing file /home/airflow/.local/lib/python3.12/site-packages/airflow/example_dags/example_skip_dag.py for tasks to queue
[2024-07-13T23:36:03.879+0000] {logging_mixin.py:188} INFO - [2024-07-13T23:36:03.879+0000] {dagbag.py:545} INFO - Filling up the DagBag from /home/airflow/.local/lib/python3.12/site-packages/airflow/example_dags/example_skip_dag.py
[2024-07-13T23:36:03.883+0000] {processor.py:840} INFO - DAG(s) 'example_skip_dag' retrieved from /home/airflow/.local/lib/python3.12/site-packages/airflow/example_dags/example_skip_dag.py
[2024-07-13T23:36:03.893+0000] {logging_mixin.py:188} INFO - [2024-07-13T23:36:03.893+0000] {dag.py:3096} INFO - Sync 1 DAGs
[2024-07-13T23:36:03.903+0000] {logging_mixin.py:188} INFO - [2024-07-13T23:36:03.903+0000] {dag.py:3954} INFO - Setting next_dagrun for example_skip_dag to 2024-07-12 00:00:00+00:00, run_after=2024-07-13 00:00:00+00:00
[2024-07-13T23:36:03.912+0000] {processor.py:183} INFO - Processing /home/airflow/.local/lib/python3.12/site-packages/airflow/example_dags/example_skip_dag.py took 0.037 seconds
[2024-07-13T23:36:34.527+0000] {processor.py:161} INFO - Started process (PID=420) to work on /home/airflow/.local/lib/python3.12/site-packages/airflow/example_dags/example_skip_dag.py
[2024-07-13T23:36:34.528+0000] {processor.py:830} INFO - Processing file /home/airflow/.local/lib/python3.12/site-packages/airflow/example_dags/example_skip_dag.py for tasks to queue
[2024-07-13T23:36:34.529+0000] {logging_mixin.py:188} INFO - [2024-07-13T23:36:34.529+0000] {dagbag.py:545} INFO - Filling up the DagBag from /home/airflow/.local/lib/python3.12/site-packages/airflow/example_dags/example_skip_dag.py
[2024-07-13T23:36:34.534+0000] {processor.py:840} INFO - DAG(s) 'example_skip_dag' retrieved from /home/airflow/.local/lib/python3.12/site-packages/airflow/example_dags/example_skip_dag.py
[2024-07-13T23:36:34.549+0000] {logging_mixin.py:188} INFO - [2024-07-13T23:36:34.549+0000] {dag.py:3096} INFO - Sync 1 DAGs
[2024-07-13T23:36:34.564+0000] {logging_mixin.py:188} INFO - [2024-07-13T23:36:34.564+0000] {dag.py:3954} INFO - Setting next_dagrun for example_skip_dag to 2024-07-12 00:00:00+00:00, run_after=2024-07-13 00:00:00+00:00
[2024-07-13T23:36:34.573+0000] {processor.py:183} INFO - Processing /home/airflow/.local/lib/python3.12/site-packages/airflow/example_dags/example_skip_dag.py took 0.049 seconds
[2024-07-13T23:37:05.348+0000] {processor.py:161} INFO - Started process (PID=478) to work on /home/airflow/.local/lib/python3.12/site-packages/airflow/example_dags/example_skip_dag.py
[2024-07-13T23:37:05.348+0000] {processor.py:830} INFO - Processing file /home/airflow/.local/lib/python3.12/site-packages/airflow/example_dags/example_skip_dag.py for tasks to queue
[2024-07-13T23:37:05.349+0000] {logging_mixin.py:188} INFO - [2024-07-13T23:37:05.349+0000] {dagbag.py:545} INFO - Filling up the DagBag from /home/airflow/.local/lib/python3.12/site-packages/airflow/example_dags/example_skip_dag.py
[2024-07-13T23:37:05.353+0000] {processor.py:840} INFO - DAG(s) 'example_skip_dag' retrieved from /home/airflow/.local/lib/python3.12/site-packages/airflow/example_dags/example_skip_dag.py
[2024-07-13T23:37:05.364+0000] {logging_mixin.py:188} INFO - [2024-07-13T23:37:05.363+0000] {dag.py:3096} INFO - Sync 1 DAGs
[2024-07-13T23:37:05.374+0000] {logging_mixin.py:188} INFO - [2024-07-13T23:37:05.373+0000] {dag.py:3954} INFO - Setting next_dagrun for example_skip_dag to 2024-07-12 00:00:00+00:00, run_after=2024-07-13 00:00:00+00:00
[2024-07-13T23:37:05.382+0000] {processor.py:183} INFO - Processing /home/airflow/.local/lib/python3.12/site-packages/airflow/example_dags/example_skip_dag.py took 0.037 seconds
[2024-07-13T23:37:36.012+0000] {processor.py:161} INFO - Started process (PID=536) to work on /home/airflow/.local/lib/python3.12/site-packages/airflow/example_dags/example_skip_dag.py
[2024-07-13T23:37:36.013+0000] {processor.py:830} INFO - Processing file /home/airflow/.local/lib/python3.12/site-packages/airflow/example_dags/example_skip_dag.py for tasks to queue
[2024-07-13T23:37:36.014+0000] {logging_mixin.py:188} INFO - [2024-07-13T23:37:36.014+0000] {dagbag.py:545} INFO - Filling up the DagBag from /home/airflow/.local/lib/python3.12/site-packages/airflow/example_dags/example_skip_dag.py
[2024-07-13T23:37:36.017+0000] {processor.py:840} INFO - DAG(s) 'example_skip_dag' retrieved from /home/airflow/.local/lib/python3.12/site-packages/airflow/example_dags/example_skip_dag.py
[2024-07-13T23:37:36.027+0000] {logging_mixin.py:188} INFO - [2024-07-13T23:37:36.027+0000] {dag.py:3096} INFO - Sync 1 DAGs
[2024-07-13T23:37:36.037+0000] {logging_mixin.py:188} INFO - [2024-07-13T23:37:36.037+0000] {dag.py:3954} INFO - Setting next_dagrun for example_skip_dag to 2024-07-12 00:00:00+00:00, run_after=2024-07-13 00:00:00+00:00
[2024-07-13T23:37:36.046+0000] {processor.py:183} INFO - Processing /home/airflow/.local/lib/python3.12/site-packages/airflow/example_dags/example_skip_dag.py took 0.036 seconds
[2024-07-13T23:38:06.737+0000] {processor.py:161} INFO - Started process (PID=594) to work on /home/airflow/.local/lib/python3.12/site-packages/airflow/example_dags/example_skip_dag.py
[2024-07-13T23:38:06.737+0000] {processor.py:830} INFO - Processing file /home/airflow/.local/lib/python3.12/site-packages/airflow/example_dags/example_skip_dag.py for tasks to queue
[2024-07-13T23:38:06.738+0000] {logging_mixin.py:188} INFO - [2024-07-13T23:38:06.738+0000] {dagbag.py:545} INFO - Filling up the DagBag from /home/airflow/.local/lib/python3.12/site-packages/airflow/example_dags/example_skip_dag.py
[2024-07-13T23:38:06.742+0000] {processor.py:840} INFO - DAG(s) 'example_skip_dag' retrieved from /home/airflow/.local/lib/python3.12/site-packages/airflow/example_dags/example_skip_dag.py
[2024-07-13T23:38:06.753+0000] {logging_mixin.py:188} INFO - [2024-07-13T23:38:06.753+0000] {dag.py:3096} INFO - Sync 1 DAGs
[2024-07-13T23:38:06.763+0000] {logging_mixin.py:188} INFO - [2024-07-13T23:38:06.763+0000] {dag.py:3954} INFO - Setting next_dagrun for example_skip_dag to 2024-07-12 00:00:00+00:00, run_after=2024-07-13 00:00:00+00:00
[2024-07-13T23:38:06.771+0000] {processor.py:183} INFO - Processing /home/airflow/.local/lib/python3.12/site-packages/airflow/example_dags/example_skip_dag.py took 0.037 seconds
[2024-07-13T23:38:37.459+0000] {processor.py:161} INFO - Started process (PID=652) to work on /home/airflow/.local/lib/python3.12/site-packages/airflow/example_dags/example_skip_dag.py
[2024-07-13T23:38:37.460+0000] {processor.py:830} INFO - Processing file /home/airflow/.local/lib/python3.12/site-packages/airflow/example_dags/example_skip_dag.py for tasks to queue
[2024-07-13T23:38:37.461+0000] {logging_mixin.py:188} INFO - [2024-07-13T23:38:37.461+0000] {dagbag.py:545} INFO - Filling up the DagBag from /home/airflow/.local/lib/python3.12/site-packages/airflow/example_dags/example_skip_dag.py
[2024-07-13T23:38:37.465+0000] {processor.py:840} INFO - DAG(s) 'example_skip_dag' retrieved from /home/airflow/.local/lib/python3.12/site-packages/airflow/example_dags/example_skip_dag.py
[2024-07-13T23:38:37.476+0000] {logging_mixin.py:188} INFO - [2024-07-13T23:38:37.476+0000] {dag.py:3096} INFO - Sync 1 DAGs
[2024-07-13T23:38:37.487+0000] {logging_mixin.py:188} INFO - [2024-07-13T23:38:37.487+0000] {dag.py:3954} INFO - Setting next_dagrun for example_skip_dag to 2024-07-12 00:00:00+00:00, run_after=2024-07-13 00:00:00+00:00
[2024-07-13T23:38:37.496+0000] {processor.py:183} INFO - Processing /home/airflow/.local/lib/python3.12/site-packages/airflow/example_dags/example_skip_dag.py took 0.041 seconds
[2024-07-13T23:39:08.158+0000] {processor.py:161} INFO - Started process (PID=709) to work on /home/airflow/.local/lib/python3.12/site-packages/airflow/example_dags/example_skip_dag.py
[2024-07-13T23:39:08.159+0000] {processor.py:830} INFO - Processing file /home/airflow/.local/lib/python3.12/site-packages/airflow/example_dags/example_skip_dag.py for tasks to queue
[2024-07-13T23:39:08.160+0000] {logging_mixin.py:188} INFO - [2024-07-13T23:39:08.160+0000] {dagbag.py:545} INFO - Filling up the DagBag from /home/airflow/.local/lib/python3.12/site-packages/airflow/example_dags/example_skip_dag.py
[2024-07-13T23:39:08.164+0000] {processor.py:840} INFO - DAG(s) 'example_skip_dag' retrieved from /home/airflow/.local/lib/python3.12/site-packages/airflow/example_dags/example_skip_dag.py
[2024-07-13T23:39:08.174+0000] {logging_mixin.py:188} INFO - [2024-07-13T23:39:08.174+0000] {dag.py:3096} INFO - Sync 1 DAGs
[2024-07-13T23:39:08.185+0000] {logging_mixin.py:188} INFO - [2024-07-13T23:39:08.185+0000] {dag.py:3954} INFO - Setting next_dagrun for example_skip_dag to 2024-07-12 00:00:00+00:00, run_after=2024-07-13 00:00:00+00:00
[2024-07-13T23:39:08.193+0000] {processor.py:183} INFO - Processing /home/airflow/.local/lib/python3.12/site-packages/airflow/example_dags/example_skip_dag.py took 0.038 seconds
[2024-07-13T23:39:38.847+0000] {processor.py:161} INFO - Started process (PID=767) to work on /home/airflow/.local/lib/python3.12/site-packages/airflow/example_dags/example_skip_dag.py
[2024-07-13T23:39:38.847+0000] {processor.py:830} INFO - Processing file /home/airflow/.local/lib/python3.12/site-packages/airflow/example_dags/example_skip_dag.py for tasks to queue
[2024-07-13T23:39:38.848+0000] {logging_mixin.py:188} INFO - [2024-07-13T23:39:38.848+0000] {dagbag.py:545} INFO - Filling up the DagBag from /home/airflow/.local/lib/python3.12/site-packages/airflow/example_dags/example_skip_dag.py
[2024-07-13T23:39:38.852+0000] {processor.py:840} INFO - DAG(s) 'example_skip_dag' retrieved from /home/airflow/.local/lib/python3.12/site-packages/airflow/example_dags/example_skip_dag.py
[2024-07-13T23:39:38.863+0000] {logging_mixin.py:188} INFO - [2024-07-13T23:39:38.863+0000] {dag.py:3096} INFO - Sync 1 DAGs
[2024-07-13T23:39:38.873+0000] {logging_mixin.py:188} INFO - [2024-07-13T23:39:38.873+0000] {dag.py:3954} INFO - Setting next_dagrun for example_skip_dag to 2024-07-12 00:00:00+00:00, run_after=2024-07-13 00:00:00+00:00
[2024-07-13T23:39:38.881+0000] {processor.py:183} INFO - Processing /home/airflow/.local/lib/python3.12/site-packages/airflow/example_dags/example_skip_dag.py took 0.037 seconds
[2024-07-13T23:40:09.390+0000] {processor.py:161} INFO - Started process (PID=825) to work on /home/airflow/.local/lib/python3.12/site-packages/airflow/example_dags/example_skip_dag.py
[2024-07-13T23:40:09.391+0000] {processor.py:830} INFO - Processing file /home/airflow/.local/lib/python3.12/site-packages/airflow/example_dags/example_skip_dag.py for tasks to queue
[2024-07-13T23:40:09.392+0000] {logging_mixin.py:188} INFO - [2024-07-13T23:40:09.392+0000] {dagbag.py:545} INFO - Filling up the DagBag from /home/airflow/.local/lib/python3.12/site-packages/airflow/example_dags/example_skip_dag.py
[2024-07-13T23:40:09.395+0000] {processor.py:840} INFO - DAG(s) 'example_skip_dag' retrieved from /home/airflow/.local/lib/python3.12/site-packages/airflow/example_dags/example_skip_dag.py
[2024-07-13T23:40:09.402+0000] {logging_mixin.py:188} INFO - [2024-07-13T23:40:09.401+0000] {dag.py:3096} INFO - Sync 1 DAGs
[2024-07-13T23:40:09.412+0000] {logging_mixin.py:188} INFO - [2024-07-13T23:40:09.411+0000] {dag.py:3954} INFO - Setting next_dagrun for example_skip_dag to 2024-07-12 00:00:00+00:00, run_after=2024-07-13 00:00:00+00:00
[2024-07-13T23:40:09.420+0000] {processor.py:183} INFO - Processing /home/airflow/.local/lib/python3.12/site-packages/airflow/example_dags/example_skip_dag.py took 0.032 seconds
[2024-07-13T23:40:39.742+0000] {processor.py:161} INFO - Started process (PID=883) to work on /home/airflow/.local/lib/python3.12/site-packages/airflow/example_dags/example_skip_dag.py
[2024-07-13T23:40:39.743+0000] {processor.py:830} INFO - Processing file /home/airflow/.local/lib/python3.12/site-packages/airflow/example_dags/example_skip_dag.py for tasks to queue
[2024-07-13T23:40:39.744+0000] {logging_mixin.py:188} INFO - [2024-07-13T23:40:39.744+0000] {dagbag.py:545} INFO - Filling up the DagBag from /home/airflow/.local/lib/python3.12/site-packages/airflow/example_dags/example_skip_dag.py
[2024-07-13T23:40:39.747+0000] {processor.py:840} INFO - DAG(s) 'example_skip_dag' retrieved from /home/airflow/.local/lib/python3.12/site-packages/airflow/example_dags/example_skip_dag.py
[2024-07-13T23:40:39.797+0000] {logging_mixin.py:188} INFO - [2024-07-13T23:40:39.797+0000] {dag.py:3096} INFO - Sync 1 DAGs
[2024-07-13T23:40:39.807+0000] {logging_mixin.py:188} INFO - [2024-07-13T23:40:39.807+0000] {dag.py:3954} INFO - Setting next_dagrun for example_skip_dag to 2024-07-12 00:00:00+00:00, run_after=2024-07-13 00:00:00+00:00
[2024-07-13T23:40:39.818+0000] {processor.py:183} INFO - Processing /home/airflow/.local/lib/python3.12/site-packages/airflow/example_dags/example_skip_dag.py took 0.079 seconds
[2024-07-13T23:41:10.692+0000] {processor.py:161} INFO - Started process (PID=941) to work on /home/airflow/.local/lib/python3.12/site-packages/airflow/example_dags/example_skip_dag.py
[2024-07-13T23:41:10.693+0000] {processor.py:830} INFO - Processing file /home/airflow/.local/lib/python3.12/site-packages/airflow/example_dags/example_skip_dag.py for tasks to queue
[2024-07-13T23:41:10.694+0000] {logging_mixin.py:188} INFO - [2024-07-13T23:41:10.694+0000] {dagbag.py:545} INFO - Filling up the DagBag from /home/airflow/.local/lib/python3.12/site-packages/airflow/example_dags/example_skip_dag.py
[2024-07-13T23:41:10.699+0000] {processor.py:840} INFO - DAG(s) 'example_skip_dag' retrieved from /home/airflow/.local/lib/python3.12/site-packages/airflow/example_dags/example_skip_dag.py
[2024-07-13T23:41:10.713+0000] {logging_mixin.py:188} INFO - [2024-07-13T23:41:10.713+0000] {dag.py:3096} INFO - Sync 1 DAGs
[2024-07-13T23:41:10.728+0000] {logging_mixin.py:188} INFO - [2024-07-13T23:41:10.728+0000] {dag.py:3954} INFO - Setting next_dagrun for example_skip_dag to 2024-07-12 00:00:00+00:00, run_after=2024-07-13 00:00:00+00:00
[2024-07-13T23:41:10.737+0000] {processor.py:183} INFO - Processing /home/airflow/.local/lib/python3.12/site-packages/airflow/example_dags/example_skip_dag.py took 0.048 seconds
[2024-07-13T23:41:41.392+0000] {processor.py:161} INFO - Started process (PID=999) to work on /home/airflow/.local/lib/python3.12/site-packages/airflow/example_dags/example_skip_dag.py
[2024-07-13T23:41:41.392+0000] {processor.py:830} INFO - Processing file /home/airflow/.local/lib/python3.12/site-packages/airflow/example_dags/example_skip_dag.py for tasks to queue
[2024-07-13T23:41:41.394+0000] {logging_mixin.py:188} INFO - [2024-07-13T23:41:41.393+0000] {dagbag.py:545} INFO - Filling up the DagBag from /home/airflow/.local/lib/python3.12/site-packages/airflow/example_dags/example_skip_dag.py
[2024-07-13T23:41:41.397+0000] {processor.py:840} INFO - DAG(s) 'example_skip_dag' retrieved from /home/airflow/.local/lib/python3.12/site-packages/airflow/example_dags/example_skip_dag.py
[2024-07-13T23:41:41.409+0000] {logging_mixin.py:188} INFO - [2024-07-13T23:41:41.409+0000] {dag.py:3096} INFO - Sync 1 DAGs
[2024-07-13T23:41:41.422+0000] {logging_mixin.py:188} INFO - [2024-07-13T23:41:41.422+0000] {dag.py:3954} INFO - Setting next_dagrun for example_skip_dag to 2024-07-12 00:00:00+00:00, run_after=2024-07-13 00:00:00+00:00
[2024-07-13T23:41:41.433+0000] {processor.py:183} INFO - Processing /home/airflow/.local/lib/python3.12/site-packages/airflow/example_dags/example_skip_dag.py took 0.044 seconds
[2024-07-13T23:42:12.077+0000] {processor.py:161} INFO - Started process (PID=1057) to work on /home/airflow/.local/lib/python3.12/site-packages/airflow/example_dags/example_skip_dag.py
[2024-07-13T23:42:12.077+0000] {processor.py:830} INFO - Processing file /home/airflow/.local/lib/python3.12/site-packages/airflow/example_dags/example_skip_dag.py for tasks to queue
[2024-07-13T23:42:12.078+0000] {logging_mixin.py:188} INFO - [2024-07-13T23:42:12.078+0000] {dagbag.py:545} INFO - Filling up the DagBag from /home/airflow/.local/lib/python3.12/site-packages/airflow/example_dags/example_skip_dag.py
[2024-07-13T23:42:12.082+0000] {processor.py:840} INFO - DAG(s) 'example_skip_dag' retrieved from /home/airflow/.local/lib/python3.12/site-packages/airflow/example_dags/example_skip_dag.py
[2024-07-13T23:42:12.092+0000] {logging_mixin.py:188} INFO - [2024-07-13T23:42:12.092+0000] {dag.py:3096} INFO - Sync 1 DAGs
[2024-07-13T23:42:12.101+0000] {logging_mixin.py:188} INFO - [2024-07-13T23:42:12.101+0000] {dag.py:3954} INFO - Setting next_dagrun for example_skip_dag to 2024-07-12 00:00:00+00:00, run_after=2024-07-13 00:00:00+00:00
[2024-07-13T23:42:12.110+0000] {processor.py:183} INFO - Processing /home/airflow/.local/lib/python3.12/site-packages/airflow/example_dags/example_skip_dag.py took 0.036 seconds
[2024-07-13T23:42:42.824+0000] {processor.py:161} INFO - Started process (PID=1115) to work on /home/airflow/.local/lib/python3.12/site-packages/airflow/example_dags/example_skip_dag.py
[2024-07-13T23:42:42.824+0000] {processor.py:830} INFO - Processing file /home/airflow/.local/lib/python3.12/site-packages/airflow/example_dags/example_skip_dag.py for tasks to queue
[2024-07-13T23:42:42.826+0000] {logging_mixin.py:188} INFO - [2024-07-13T23:42:42.826+0000] {dagbag.py:545} INFO - Filling up the DagBag from /home/airflow/.local/lib/python3.12/site-packages/airflow/example_dags/example_skip_dag.py
[2024-07-13T23:42:42.829+0000] {processor.py:840} INFO - DAG(s) 'example_skip_dag' retrieved from /home/airflow/.local/lib/python3.12/site-packages/airflow/example_dags/example_skip_dag.py
[2024-07-13T23:42:42.839+0000] {logging_mixin.py:188} INFO - [2024-07-13T23:42:42.839+0000] {dag.py:3096} INFO - Sync 1 DAGs
[2024-07-13T23:42:42.848+0000] {logging_mixin.py:188} INFO - [2024-07-13T23:42:42.848+0000] {dag.py:3954} INFO - Setting next_dagrun for example_skip_dag to 2024-07-12 00:00:00+00:00, run_after=2024-07-13 00:00:00+00:00
[2024-07-13T23:42:42.856+0000] {processor.py:183} INFO - Processing /home/airflow/.local/lib/python3.12/site-packages/airflow/example_dags/example_skip_dag.py took 0.035 seconds
[2024-07-13T23:43:13.501+0000] {processor.py:161} INFO - Started process (PID=1173) to work on /home/airflow/.local/lib/python3.12/site-packages/airflow/example_dags/example_skip_dag.py
[2024-07-13T23:43:13.502+0000] {processor.py:830} INFO - Processing file /home/airflow/.local/lib/python3.12/site-packages/airflow/example_dags/example_skip_dag.py for tasks to queue
[2024-07-13T23:43:13.503+0000] {logging_mixin.py:188} INFO - [2024-07-13T23:43:13.503+0000] {dagbag.py:545} INFO - Filling up the DagBag from /home/airflow/.local/lib/python3.12/site-packages/airflow/example_dags/example_skip_dag.py
[2024-07-13T23:43:13.506+0000] {processor.py:840} INFO - DAG(s) 'example_skip_dag' retrieved from /home/airflow/.local/lib/python3.12/site-packages/airflow/example_dags/example_skip_dag.py
[2024-07-13T23:43:13.516+0000] {logging_mixin.py:188} INFO - [2024-07-13T23:43:13.516+0000] {dag.py:3096} INFO - Sync 1 DAGs
[2024-07-13T23:43:13.526+0000] {logging_mixin.py:188} INFO - [2024-07-13T23:43:13.526+0000] {dag.py:3954} INFO - Setting next_dagrun for example_skip_dag to 2024-07-12 00:00:00+00:00, run_after=2024-07-13 00:00:00+00:00
[2024-07-13T23:43:13.534+0000] {processor.py:183} INFO - Processing /home/airflow/.local/lib/python3.12/site-packages/airflow/example_dags/example_skip_dag.py took 0.036 seconds
[2024-07-13T23:43:44.472+0000] {processor.py:161} INFO - Started process (PID=1231) to work on /home/airflow/.local/lib/python3.12/site-packages/airflow/example_dags/example_skip_dag.py
[2024-07-13T23:43:44.472+0000] {processor.py:830} INFO - Processing file /home/airflow/.local/lib/python3.12/site-packages/airflow/example_dags/example_skip_dag.py for tasks to queue
[2024-07-13T23:43:44.473+0000] {logging_mixin.py:188} INFO - [2024-07-13T23:43:44.473+0000] {dagbag.py:545} INFO - Filling up the DagBag from /home/airflow/.local/lib/python3.12/site-packages/airflow/example_dags/example_skip_dag.py
[2024-07-13T23:43:44.477+0000] {processor.py:840} INFO - DAG(s) 'example_skip_dag' retrieved from /home/airflow/.local/lib/python3.12/site-packages/airflow/example_dags/example_skip_dag.py
[2024-07-13T23:43:44.487+0000] {logging_mixin.py:188} INFO - [2024-07-13T23:43:44.486+0000] {dag.py:3096} INFO - Sync 1 DAGs
[2024-07-13T23:43:44.496+0000] {logging_mixin.py:188} INFO - [2024-07-13T23:43:44.496+0000] {dag.py:3954} INFO - Setting next_dagrun for example_skip_dag to 2024-07-12 00:00:00+00:00, run_after=2024-07-13 00:00:00+00:00
[2024-07-13T23:43:44.504+0000] {processor.py:183} INFO - Processing /home/airflow/.local/lib/python3.12/site-packages/airflow/example_dags/example_skip_dag.py took 0.035 seconds
[2024-07-13T23:44:14.525+0000] {processor.py:161} INFO - Started process (PID=1289) to work on /home/airflow/.local/lib/python3.12/site-packages/airflow/example_dags/example_skip_dag.py
[2024-07-13T23:44:14.525+0000] {processor.py:830} INFO - Processing file /home/airflow/.local/lib/python3.12/site-packages/airflow/example_dags/example_skip_dag.py for tasks to queue
[2024-07-13T23:44:14.526+0000] {logging_mixin.py:188} INFO - [2024-07-13T23:44:14.526+0000] {dagbag.py:545} INFO - Filling up the DagBag from /home/airflow/.local/lib/python3.12/site-packages/airflow/example_dags/example_skip_dag.py
[2024-07-13T23:44:14.530+0000] {processor.py:840} INFO - DAG(s) 'example_skip_dag' retrieved from /home/airflow/.local/lib/python3.12/site-packages/airflow/example_dags/example_skip_dag.py
[2024-07-13T23:44:14.541+0000] {logging_mixin.py:188} INFO - [2024-07-13T23:44:14.541+0000] {dag.py:3096} INFO - Sync 1 DAGs
[2024-07-13T23:44:14.550+0000] {logging_mixin.py:188} INFO - [2024-07-13T23:44:14.550+0000] {dag.py:3954} INFO - Setting next_dagrun for example_skip_dag to 2024-07-12 00:00:00+00:00, run_after=2024-07-13 00:00:00+00:00
[2024-07-13T23:44:14.559+0000] {processor.py:183} INFO - Processing /home/airflow/.local/lib/python3.12/site-packages/airflow/example_dags/example_skip_dag.py took 0.037 seconds
[2024-07-13T23:44:45.535+0000] {processor.py:161} INFO - Started process (PID=1347) to work on /home/airflow/.local/lib/python3.12/site-packages/airflow/example_dags/example_skip_dag.py
[2024-07-13T23:44:45.535+0000] {processor.py:830} INFO - Processing file /home/airflow/.local/lib/python3.12/site-packages/airflow/example_dags/example_skip_dag.py for tasks to queue
[2024-07-13T23:44:45.536+0000] {logging_mixin.py:188} INFO - [2024-07-13T23:44:45.536+0000] {dagbag.py:545} INFO - Filling up the DagBag from /home/airflow/.local/lib/python3.12/site-packages/airflow/example_dags/example_skip_dag.py
[2024-07-13T23:44:45.540+0000] {processor.py:840} INFO - DAG(s) 'example_skip_dag' retrieved from /home/airflow/.local/lib/python3.12/site-packages/airflow/example_dags/example_skip_dag.py
[2024-07-13T23:44:45.551+0000] {logging_mixin.py:188} INFO - [2024-07-13T23:44:45.551+0000] {dag.py:3096} INFO - Sync 1 DAGs
[2024-07-13T23:44:45.561+0000] {logging_mixin.py:188} INFO - [2024-07-13T23:44:45.561+0000] {dag.py:3954} INFO - Setting next_dagrun for example_skip_dag to 2024-07-12 00:00:00+00:00, run_after=2024-07-13 00:00:00+00:00
[2024-07-13T23:44:45.570+0000] {processor.py:183} INFO - Processing /home/airflow/.local/lib/python3.12/site-packages/airflow/example_dags/example_skip_dag.py took 0.038 seconds
[2024-07-13T23:45:16.474+0000] {processor.py:161} INFO - Started process (PID=1405) to work on /home/airflow/.local/lib/python3.12/site-packages/airflow/example_dags/example_skip_dag.py
[2024-07-13T23:45:16.475+0000] {processor.py:830} INFO - Processing file /home/airflow/.local/lib/python3.12/site-packages/airflow/example_dags/example_skip_dag.py for tasks to queue
[2024-07-13T23:45:16.476+0000] {logging_mixin.py:188} INFO - [2024-07-13T23:45:16.476+0000] {dagbag.py:545} INFO - Filling up the DagBag from /home/airflow/.local/lib/python3.12/site-packages/airflow/example_dags/example_skip_dag.py
[2024-07-13T23:45:16.479+0000] {processor.py:840} INFO - DAG(s) 'example_skip_dag' retrieved from /home/airflow/.local/lib/python3.12/site-packages/airflow/example_dags/example_skip_dag.py
[2024-07-13T23:45:16.490+0000] {logging_mixin.py:188} INFO - [2024-07-13T23:45:16.489+0000] {dag.py:3096} INFO - Sync 1 DAGs
[2024-07-13T23:45:16.501+0000] {logging_mixin.py:188} INFO - [2024-07-13T23:45:16.500+0000] {dag.py:3954} INFO - Setting next_dagrun for example_skip_dag to 2024-07-12 00:00:00+00:00, run_after=2024-07-13 00:00:00+00:00
[2024-07-13T23:45:16.510+0000] {processor.py:183} INFO - Processing /home/airflow/.local/lib/python3.12/site-packages/airflow/example_dags/example_skip_dag.py took 0.038 seconds
[2024-07-13T23:45:47.043+0000] {processor.py:161} INFO - Started process (PID=1463) to work on /home/airflow/.local/lib/python3.12/site-packages/airflow/example_dags/example_skip_dag.py
[2024-07-13T23:45:47.044+0000] {processor.py:830} INFO - Processing file /home/airflow/.local/lib/python3.12/site-packages/airflow/example_dags/example_skip_dag.py for tasks to queue
[2024-07-13T23:45:47.045+0000] {logging_mixin.py:188} INFO - [2024-07-13T23:45:47.044+0000] {dagbag.py:545} INFO - Filling up the DagBag from /home/airflow/.local/lib/python3.12/site-packages/airflow/example_dags/example_skip_dag.py
[2024-07-13T23:45:47.048+0000] {processor.py:840} INFO - DAG(s) 'example_skip_dag' retrieved from /home/airflow/.local/lib/python3.12/site-packages/airflow/example_dags/example_skip_dag.py
[2024-07-13T23:45:47.058+0000] {logging_mixin.py:188} INFO - [2024-07-13T23:45:47.058+0000] {dag.py:3096} INFO - Sync 1 DAGs
[2024-07-13T23:45:47.068+0000] {logging_mixin.py:188} INFO - [2024-07-13T23:45:47.068+0000] {dag.py:3954} INFO - Setting next_dagrun for example_skip_dag to 2024-07-12 00:00:00+00:00, run_after=2024-07-13 00:00:00+00:00
[2024-07-13T23:45:47.077+0000] {processor.py:183} INFO - Processing /home/airflow/.local/lib/python3.12/site-packages/airflow/example_dags/example_skip_dag.py took 0.037 seconds
[2024-07-13T23:46:17.596+0000] {processor.py:161} INFO - Started process (PID=1521) to work on /home/airflow/.local/lib/python3.12/site-packages/airflow/example_dags/example_skip_dag.py
[2024-07-13T23:46:17.596+0000] {processor.py:830} INFO - Processing file /home/airflow/.local/lib/python3.12/site-packages/airflow/example_dags/example_skip_dag.py for tasks to queue
[2024-07-13T23:46:17.597+0000] {logging_mixin.py:188} INFO - [2024-07-13T23:46:17.597+0000] {dagbag.py:545} INFO - Filling up the DagBag from /home/airflow/.local/lib/python3.12/site-packages/airflow/example_dags/example_skip_dag.py
[2024-07-13T23:46:17.601+0000] {processor.py:840} INFO - DAG(s) 'example_skip_dag' retrieved from /home/airflow/.local/lib/python3.12/site-packages/airflow/example_dags/example_skip_dag.py
[2024-07-13T23:46:17.611+0000] {logging_mixin.py:188} INFO - [2024-07-13T23:46:17.611+0000] {dag.py:3096} INFO - Sync 1 DAGs
[2024-07-13T23:46:17.621+0000] {logging_mixin.py:188} INFO - [2024-07-13T23:46:17.621+0000] {dag.py:3954} INFO - Setting next_dagrun for example_skip_dag to 2024-07-12 00:00:00+00:00, run_after=2024-07-13 00:00:00+00:00
[2024-07-13T23:46:17.630+0000] {processor.py:183} INFO - Processing /home/airflow/.local/lib/python3.12/site-packages/airflow/example_dags/example_skip_dag.py took 0.037 seconds
[2024-07-13T23:46:48.202+0000] {processor.py:161} INFO - Started process (PID=1579) to work on /home/airflow/.local/lib/python3.12/site-packages/airflow/example_dags/example_skip_dag.py
[2024-07-13T23:46:48.203+0000] {processor.py:830} INFO - Processing file /home/airflow/.local/lib/python3.12/site-packages/airflow/example_dags/example_skip_dag.py for tasks to queue
[2024-07-13T23:46:48.204+0000] {logging_mixin.py:188} INFO - [2024-07-13T23:46:48.204+0000] {dagbag.py:545} INFO - Filling up the DagBag from /home/airflow/.local/lib/python3.12/site-packages/airflow/example_dags/example_skip_dag.py
[2024-07-13T23:46:48.207+0000] {processor.py:840} INFO - DAG(s) 'example_skip_dag' retrieved from /home/airflow/.local/lib/python3.12/site-packages/airflow/example_dags/example_skip_dag.py
[2024-07-13T23:46:48.218+0000] {logging_mixin.py:188} INFO - [2024-07-13T23:46:48.218+0000] {dag.py:3096} INFO - Sync 1 DAGs
[2024-07-13T23:46:48.229+0000] {logging_mixin.py:188} INFO - [2024-07-13T23:46:48.229+0000] {dag.py:3954} INFO - Setting next_dagrun for example_skip_dag to 2024-07-12 00:00:00+00:00, run_after=2024-07-13 00:00:00+00:00
[2024-07-13T23:46:48.238+0000] {processor.py:183} INFO - Processing /home/airflow/.local/lib/python3.12/site-packages/airflow/example_dags/example_skip_dag.py took 0.038 seconds
[2024-07-13T23:47:18.733+0000] {processor.py:161} INFO - Started process (PID=1637) to work on /home/airflow/.local/lib/python3.12/site-packages/airflow/example_dags/example_skip_dag.py
[2024-07-13T23:47:18.734+0000] {processor.py:830} INFO - Processing file /home/airflow/.local/lib/python3.12/site-packages/airflow/example_dags/example_skip_dag.py for tasks to queue
[2024-07-13T23:47:18.734+0000] {logging_mixin.py:188} INFO - [2024-07-13T23:47:18.734+0000] {dagbag.py:545} INFO - Filling up the DagBag from /home/airflow/.local/lib/python3.12/site-packages/airflow/example_dags/example_skip_dag.py
[2024-07-13T23:47:18.738+0000] {processor.py:840} INFO - DAG(s) 'example_skip_dag' retrieved from /home/airflow/.local/lib/python3.12/site-packages/airflow/example_dags/example_skip_dag.py
[2024-07-13T23:47:18.748+0000] {logging_mixin.py:188} INFO - [2024-07-13T23:47:18.748+0000] {dag.py:3096} INFO - Sync 1 DAGs
[2024-07-13T23:47:18.758+0000] {logging_mixin.py:188} INFO - [2024-07-13T23:47:18.758+0000] {dag.py:3954} INFO - Setting next_dagrun for example_skip_dag to 2024-07-12 00:00:00+00:00, run_after=2024-07-13 00:00:00+00:00
[2024-07-13T23:47:18.767+0000] {processor.py:183} INFO - Processing /home/airflow/.local/lib/python3.12/site-packages/airflow/example_dags/example_skip_dag.py took 0.036 seconds
[2024-07-13T23:47:49.348+0000] {processor.py:161} INFO - Started process (PID=1695) to work on /home/airflow/.local/lib/python3.12/site-packages/airflow/example_dags/example_skip_dag.py
[2024-07-13T23:47:49.348+0000] {processor.py:830} INFO - Processing file /home/airflow/.local/lib/python3.12/site-packages/airflow/example_dags/example_skip_dag.py for tasks to queue
[2024-07-13T23:47:49.349+0000] {logging_mixin.py:188} INFO - [2024-07-13T23:47:49.349+0000] {dagbag.py:545} INFO - Filling up the DagBag from /home/airflow/.local/lib/python3.12/site-packages/airflow/example_dags/example_skip_dag.py
[2024-07-13T23:47:49.353+0000] {processor.py:840} INFO - DAG(s) 'example_skip_dag' retrieved from /home/airflow/.local/lib/python3.12/site-packages/airflow/example_dags/example_skip_dag.py
[2024-07-13T23:47:49.363+0000] {logging_mixin.py:188} INFO - [2024-07-13T23:47:49.363+0000] {dag.py:3096} INFO - Sync 1 DAGs
[2024-07-13T23:47:49.372+0000] {logging_mixin.py:188} INFO - [2024-07-13T23:47:49.372+0000] {dag.py:3954} INFO - Setting next_dagrun for example_skip_dag to 2024-07-12 00:00:00+00:00, run_after=2024-07-13 00:00:00+00:00
[2024-07-13T23:47:49.382+0000] {processor.py:183} INFO - Processing /home/airflow/.local/lib/python3.12/site-packages/airflow/example_dags/example_skip_dag.py took 0.037 seconds
[2024-07-13T23:48:19.987+0000] {processor.py:161} INFO - Started process (PID=1759) to work on /home/airflow/.local/lib/python3.12/site-packages/airflow/example_dags/example_skip_dag.py
[2024-07-13T23:48:19.988+0000] {processor.py:830} INFO - Processing file /home/airflow/.local/lib/python3.12/site-packages/airflow/example_dags/example_skip_dag.py for tasks to queue
[2024-07-13T23:48:19.989+0000] {logging_mixin.py:188} INFO - [2024-07-13T23:48:19.989+0000] {dagbag.py:545} INFO - Filling up the DagBag from /home/airflow/.local/lib/python3.12/site-packages/airflow/example_dags/example_skip_dag.py
[2024-07-13T23:48:19.992+0000] {processor.py:840} INFO - DAG(s) 'example_skip_dag' retrieved from /home/airflow/.local/lib/python3.12/site-packages/airflow/example_dags/example_skip_dag.py
[2024-07-13T23:48:20.003+0000] {logging_mixin.py:188} INFO - [2024-07-13T23:48:20.003+0000] {dag.py:3096} INFO - Sync 1 DAGs
[2024-07-13T23:48:20.012+0000] {logging_mixin.py:188} INFO - [2024-07-13T23:48:20.012+0000] {dag.py:3954} INFO - Setting next_dagrun for example_skip_dag to 2024-07-12 00:00:00+00:00, run_after=2024-07-13 00:00:00+00:00
[2024-07-13T23:48:20.020+0000] {processor.py:183} INFO - Processing /home/airflow/.local/lib/python3.12/site-packages/airflow/example_dags/example_skip_dag.py took 0.036 seconds
[2024-07-13T23:48:50.917+0000] {processor.py:161} INFO - Started process (PID=1817) to work on /home/airflow/.local/lib/python3.12/site-packages/airflow/example_dags/example_skip_dag.py
[2024-07-13T23:48:50.918+0000] {processor.py:830} INFO - Processing file /home/airflow/.local/lib/python3.12/site-packages/airflow/example_dags/example_skip_dag.py for tasks to queue
[2024-07-13T23:48:50.919+0000] {logging_mixin.py:188} INFO - [2024-07-13T23:48:50.919+0000] {dagbag.py:545} INFO - Filling up the DagBag from /home/airflow/.local/lib/python3.12/site-packages/airflow/example_dags/example_skip_dag.py
[2024-07-13T23:48:50.923+0000] {processor.py:840} INFO - DAG(s) 'example_skip_dag' retrieved from /home/airflow/.local/lib/python3.12/site-packages/airflow/example_dags/example_skip_dag.py
[2024-07-13T23:48:50.932+0000] {logging_mixin.py:188} INFO - [2024-07-13T23:48:50.932+0000] {dag.py:3096} INFO - Sync 1 DAGs
[2024-07-13T23:48:50.942+0000] {logging_mixin.py:188} INFO - [2024-07-13T23:48:50.942+0000] {dag.py:3954} INFO - Setting next_dagrun for example_skip_dag to 2024-07-12 00:00:00+00:00, run_after=2024-07-13 00:00:00+00:00
[2024-07-13T23:48:50.951+0000] {processor.py:183} INFO - Processing /home/airflow/.local/lib/python3.12/site-packages/airflow/example_dags/example_skip_dag.py took 0.037 seconds
[2024-07-13T23:49:21.303+0000] {processor.py:161} INFO - Started process (PID=1875) to work on /home/airflow/.local/lib/python3.12/site-packages/airflow/example_dags/example_skip_dag.py
[2024-07-13T23:49:21.303+0000] {processor.py:830} INFO - Processing file /home/airflow/.local/lib/python3.12/site-packages/airflow/example_dags/example_skip_dag.py for tasks to queue
[2024-07-13T23:49:21.304+0000] {logging_mixin.py:188} INFO - [2024-07-13T23:49:21.304+0000] {dagbag.py:545} INFO - Filling up the DagBag from /home/airflow/.local/lib/python3.12/site-packages/airflow/example_dags/example_skip_dag.py
[2024-07-13T23:49:21.308+0000] {processor.py:840} INFO - DAG(s) 'example_skip_dag' retrieved from /home/airflow/.local/lib/python3.12/site-packages/airflow/example_dags/example_skip_dag.py
[2024-07-13T23:49:21.318+0000] {logging_mixin.py:188} INFO - [2024-07-13T23:49:21.317+0000] {dag.py:3096} INFO - Sync 1 DAGs
[2024-07-13T23:49:21.330+0000] {logging_mixin.py:188} INFO - [2024-07-13T23:49:21.330+0000] {dag.py:3954} INFO - Setting next_dagrun for example_skip_dag to 2024-07-12 00:00:00+00:00, run_after=2024-07-13 00:00:00+00:00
[2024-07-13T23:49:21.339+0000] {processor.py:183} INFO - Processing /home/airflow/.local/lib/python3.12/site-packages/airflow/example_dags/example_skip_dag.py took 0.039 seconds
[2024-07-13T23:49:52.933+0000] {processor.py:161} INFO - Started process (PID=1933) to work on /home/airflow/.local/lib/python3.12/site-packages/airflow/example_dags/example_skip_dag.py
[2024-07-13T23:49:52.934+0000] {processor.py:830} INFO - Processing file /home/airflow/.local/lib/python3.12/site-packages/airflow/example_dags/example_skip_dag.py for tasks to queue
[2024-07-13T23:49:52.935+0000] {logging_mixin.py:188} INFO - [2024-07-13T23:49:52.935+0000] {dagbag.py:545} INFO - Filling up the DagBag from /home/airflow/.local/lib/python3.12/site-packages/airflow/example_dags/example_skip_dag.py
[2024-07-13T23:49:52.939+0000] {processor.py:840} INFO - DAG(s) 'example_skip_dag' retrieved from /home/airflow/.local/lib/python3.12/site-packages/airflow/example_dags/example_skip_dag.py
[2024-07-13T23:49:52.950+0000] {logging_mixin.py:188} INFO - [2024-07-13T23:49:52.950+0000] {dag.py:3096} INFO - Sync 1 DAGs
[2024-07-13T23:49:52.960+0000] {logging_mixin.py:188} INFO - [2024-07-13T23:49:52.960+0000] {dag.py:3954} INFO - Setting next_dagrun for example_skip_dag to 2024-07-12 00:00:00+00:00, run_after=2024-07-13 00:00:00+00:00
[2024-07-13T23:49:52.969+0000] {processor.py:183} INFO - Processing /home/airflow/.local/lib/python3.12/site-packages/airflow/example_dags/example_skip_dag.py took 0.039 seconds
[2024-07-13T23:50:24.060+0000] {processor.py:161} INFO - Started process (PID=1991) to work on /home/airflow/.local/lib/python3.12/site-packages/airflow/example_dags/example_skip_dag.py
[2024-07-13T23:50:24.061+0000] {processor.py:830} INFO - Processing file /home/airflow/.local/lib/python3.12/site-packages/airflow/example_dags/example_skip_dag.py for tasks to queue
[2024-07-13T23:50:24.062+0000] {logging_mixin.py:188} INFO - [2024-07-13T23:50:24.062+0000] {dagbag.py:545} INFO - Filling up the DagBag from /home/airflow/.local/lib/python3.12/site-packages/airflow/example_dags/example_skip_dag.py
[2024-07-13T23:50:24.066+0000] {processor.py:840} INFO - DAG(s) 'example_skip_dag' retrieved from /home/airflow/.local/lib/python3.12/site-packages/airflow/example_dags/example_skip_dag.py
[2024-07-13T23:50:24.077+0000] {logging_mixin.py:188} INFO - [2024-07-13T23:50:24.077+0000] {dag.py:3096} INFO - Sync 1 DAGs
[2024-07-13T23:50:24.088+0000] {logging_mixin.py:188} INFO - [2024-07-13T23:50:24.088+0000] {dag.py:3954} INFO - Setting next_dagrun for example_skip_dag to 2024-07-12 00:00:00+00:00, run_after=2024-07-13 00:00:00+00:00
[2024-07-13T23:50:24.187+0000] {processor.py:183} INFO - Processing /home/airflow/.local/lib/python3.12/site-packages/airflow/example_dags/example_skip_dag.py took 0.130 seconds
[2024-07-13T23:50:55.016+0000] {processor.py:161} INFO - Started process (PID=2049) to work on /home/airflow/.local/lib/python3.12/site-packages/airflow/example_dags/example_skip_dag.py
[2024-07-13T23:50:55.017+0000] {processor.py:830} INFO - Processing file /home/airflow/.local/lib/python3.12/site-packages/airflow/example_dags/example_skip_dag.py for tasks to queue
[2024-07-13T23:50:55.018+0000] {logging_mixin.py:188} INFO - [2024-07-13T23:50:55.018+0000] {dagbag.py:545} INFO - Filling up the DagBag from /home/airflow/.local/lib/python3.12/site-packages/airflow/example_dags/example_skip_dag.py
[2024-07-13T23:50:55.022+0000] {processor.py:840} INFO - DAG(s) 'example_skip_dag' retrieved from /home/airflow/.local/lib/python3.12/site-packages/airflow/example_dags/example_skip_dag.py
[2024-07-13T23:50:55.035+0000] {logging_mixin.py:188} INFO - [2024-07-13T23:50:55.035+0000] {dag.py:3096} INFO - Sync 1 DAGs
[2024-07-13T23:50:55.046+0000] {logging_mixin.py:188} INFO - [2024-07-13T23:50:55.046+0000] {dag.py:3954} INFO - Setting next_dagrun for example_skip_dag to 2024-07-12 00:00:00+00:00, run_after=2024-07-13 00:00:00+00:00
[2024-07-13T23:50:55.056+0000] {processor.py:183} INFO - Processing /home/airflow/.local/lib/python3.12/site-packages/airflow/example_dags/example_skip_dag.py took 0.043 seconds
[2024-07-13T23:51:25.723+0000] {processor.py:161} INFO - Started process (PID=2107) to work on /home/airflow/.local/lib/python3.12/site-packages/airflow/example_dags/example_skip_dag.py
[2024-07-13T23:51:25.723+0000] {processor.py:830} INFO - Processing file /home/airflow/.local/lib/python3.12/site-packages/airflow/example_dags/example_skip_dag.py for tasks to queue
[2024-07-13T23:51:25.725+0000] {logging_mixin.py:188} INFO - [2024-07-13T23:51:25.724+0000] {dagbag.py:545} INFO - Filling up the DagBag from /home/airflow/.local/lib/python3.12/site-packages/airflow/example_dags/example_skip_dag.py
[2024-07-13T23:51:25.728+0000] {processor.py:840} INFO - DAG(s) 'example_skip_dag' retrieved from /home/airflow/.local/lib/python3.12/site-packages/airflow/example_dags/example_skip_dag.py
[2024-07-13T23:51:25.739+0000] {logging_mixin.py:188} INFO - [2024-07-13T23:51:25.739+0000] {dag.py:3096} INFO - Sync 1 DAGs
[2024-07-13T23:51:25.749+0000] {logging_mixin.py:188} INFO - [2024-07-13T23:51:25.749+0000] {dag.py:3954} INFO - Setting next_dagrun for example_skip_dag to 2024-07-12 00:00:00+00:00, run_after=2024-07-13 00:00:00+00:00
[2024-07-13T23:51:25.757+0000] {processor.py:183} INFO - Processing /home/airflow/.local/lib/python3.12/site-packages/airflow/example_dags/example_skip_dag.py took 0.038 seconds
[2024-07-13T23:51:55.903+0000] {processor.py:161} INFO - Started process (PID=2165) to work on /home/airflow/.local/lib/python3.12/site-packages/airflow/example_dags/example_skip_dag.py
[2024-07-13T23:51:55.903+0000] {processor.py:830} INFO - Processing file /home/airflow/.local/lib/python3.12/site-packages/airflow/example_dags/example_skip_dag.py for tasks to queue
[2024-07-13T23:51:55.904+0000] {logging_mixin.py:188} INFO - [2024-07-13T23:51:55.904+0000] {dagbag.py:545} INFO - Filling up the DagBag from /home/airflow/.local/lib/python3.12/site-packages/airflow/example_dags/example_skip_dag.py
[2024-07-13T23:51:55.908+0000] {processor.py:840} INFO - DAG(s) 'example_skip_dag' retrieved from /home/airflow/.local/lib/python3.12/site-packages/airflow/example_dags/example_skip_dag.py
[2024-07-13T23:51:55.918+0000] {logging_mixin.py:188} INFO - [2024-07-13T23:51:55.918+0000] {dag.py:3096} INFO - Sync 1 DAGs
[2024-07-13T23:51:55.929+0000] {logging_mixin.py:188} INFO - [2024-07-13T23:51:55.929+0000] {dag.py:3954} INFO - Setting next_dagrun for example_skip_dag to 2024-07-12 00:00:00+00:00, run_after=2024-07-13 00:00:00+00:00
[2024-07-13T23:51:55.938+0000] {processor.py:183} INFO - Processing /home/airflow/.local/lib/python3.12/site-packages/airflow/example_dags/example_skip_dag.py took 0.038 seconds
[2024-07-13T23:52:26.767+0000] {processor.py:161} INFO - Started process (PID=2223) to work on /home/airflow/.local/lib/python3.12/site-packages/airflow/example_dags/example_skip_dag.py
[2024-07-13T23:52:26.767+0000] {processor.py:830} INFO - Processing file /home/airflow/.local/lib/python3.12/site-packages/airflow/example_dags/example_skip_dag.py for tasks to queue
[2024-07-13T23:52:26.768+0000] {logging_mixin.py:188} INFO - [2024-07-13T23:52:26.768+0000] {dagbag.py:545} INFO - Filling up the DagBag from /home/airflow/.local/lib/python3.12/site-packages/airflow/example_dags/example_skip_dag.py
[2024-07-13T23:52:26.771+0000] {processor.py:840} INFO - DAG(s) 'example_skip_dag' retrieved from /home/airflow/.local/lib/python3.12/site-packages/airflow/example_dags/example_skip_dag.py
[2024-07-13T23:52:26.782+0000] {logging_mixin.py:188} INFO - [2024-07-13T23:52:26.782+0000] {dag.py:3096} INFO - Sync 1 DAGs
[2024-07-13T23:52:26.791+0000] {logging_mixin.py:188} INFO - [2024-07-13T23:52:26.791+0000] {dag.py:3954} INFO - Setting next_dagrun for example_skip_dag to 2024-07-12 00:00:00+00:00, run_after=2024-07-13 00:00:00+00:00
[2024-07-13T23:52:26.799+0000] {processor.py:183} INFO - Processing /home/airflow/.local/lib/python3.12/site-packages/airflow/example_dags/example_skip_dag.py took 0.036 seconds
[2024-07-13T23:52:57.495+0000] {processor.py:161} INFO - Started process (PID=2281) to work on /home/airflow/.local/lib/python3.12/site-packages/airflow/example_dags/example_skip_dag.py
[2024-07-13T23:52:57.496+0000] {processor.py:830} INFO - Processing file /home/airflow/.local/lib/python3.12/site-packages/airflow/example_dags/example_skip_dag.py for tasks to queue
[2024-07-13T23:52:57.497+0000] {logging_mixin.py:188} INFO - [2024-07-13T23:52:57.497+0000] {dagbag.py:545} INFO - Filling up the DagBag from /home/airflow/.local/lib/python3.12/site-packages/airflow/example_dags/example_skip_dag.py
[2024-07-13T23:52:57.501+0000] {processor.py:840} INFO - DAG(s) 'example_skip_dag' retrieved from /home/airflow/.local/lib/python3.12/site-packages/airflow/example_dags/example_skip_dag.py
[2024-07-13T23:52:57.511+0000] {logging_mixin.py:188} INFO - [2024-07-13T23:52:57.511+0000] {dag.py:3096} INFO - Sync 1 DAGs
[2024-07-13T23:52:57.521+0000] {logging_mixin.py:188} INFO - [2024-07-13T23:52:57.521+0000] {dag.py:3954} INFO - Setting next_dagrun for example_skip_dag to 2024-07-12 00:00:00+00:00, run_after=2024-07-13 00:00:00+00:00
[2024-07-13T23:52:57.529+0000] {processor.py:183} INFO - Processing /home/airflow/.local/lib/python3.12/site-packages/airflow/example_dags/example_skip_dag.py took 0.037 seconds
[2024-07-13T23:53:28.143+0000] {processor.py:161} INFO - Started process (PID=2339) to work on /home/airflow/.local/lib/python3.12/site-packages/airflow/example_dags/example_skip_dag.py
[2024-07-13T23:53:28.143+0000] {processor.py:830} INFO - Processing file /home/airflow/.local/lib/python3.12/site-packages/airflow/example_dags/example_skip_dag.py for tasks to queue
[2024-07-13T23:53:28.144+0000] {logging_mixin.py:188} INFO - [2024-07-13T23:53:28.144+0000] {dagbag.py:545} INFO - Filling up the DagBag from /home/airflow/.local/lib/python3.12/site-packages/airflow/example_dags/example_skip_dag.py
[2024-07-13T23:53:28.147+0000] {processor.py:840} INFO - DAG(s) 'example_skip_dag' retrieved from /home/airflow/.local/lib/python3.12/site-packages/airflow/example_dags/example_skip_dag.py
[2024-07-13T23:53:28.157+0000] {logging_mixin.py:188} INFO - [2024-07-13T23:53:28.157+0000] {dag.py:3096} INFO - Sync 1 DAGs
[2024-07-13T23:53:28.169+0000] {logging_mixin.py:188} INFO - [2024-07-13T23:53:28.169+0000] {dag.py:3954} INFO - Setting next_dagrun for example_skip_dag to 2024-07-12 00:00:00+00:00, run_after=2024-07-13 00:00:00+00:00
[2024-07-13T23:53:28.177+0000] {processor.py:183} INFO - Processing /home/airflow/.local/lib/python3.12/site-packages/airflow/example_dags/example_skip_dag.py took 0.037 seconds
[2024-07-13T23:53:59.160+0000] {processor.py:161} INFO - Started process (PID=2396) to work on /home/airflow/.local/lib/python3.12/site-packages/airflow/example_dags/example_skip_dag.py
[2024-07-13T23:53:59.160+0000] {processor.py:830} INFO - Processing file /home/airflow/.local/lib/python3.12/site-packages/airflow/example_dags/example_skip_dag.py for tasks to queue
[2024-07-13T23:53:59.161+0000] {logging_mixin.py:188} INFO - [2024-07-13T23:53:59.161+0000] {dagbag.py:545} INFO - Filling up the DagBag from /home/airflow/.local/lib/python3.12/site-packages/airflow/example_dags/example_skip_dag.py
[2024-07-13T23:53:59.165+0000] {processor.py:840} INFO - DAG(s) 'example_skip_dag' retrieved from /home/airflow/.local/lib/python3.12/site-packages/airflow/example_dags/example_skip_dag.py
[2024-07-13T23:53:59.175+0000] {logging_mixin.py:188} INFO - [2024-07-13T23:53:59.175+0000] {dag.py:3096} INFO - Sync 1 DAGs
[2024-07-13T23:53:59.186+0000] {logging_mixin.py:188} INFO - [2024-07-13T23:53:59.186+0000] {dag.py:3954} INFO - Setting next_dagrun for example_skip_dag to 2024-07-12 00:00:00+00:00, run_after=2024-07-13 00:00:00+00:00
[2024-07-13T23:53:59.194+0000] {processor.py:183} INFO - Processing /home/airflow/.local/lib/python3.12/site-packages/airflow/example_dags/example_skip_dag.py took 0.037 seconds
[2024-07-13T23:54:29.699+0000] {processor.py:161} INFO - Started process (PID=2453) to work on /home/airflow/.local/lib/python3.12/site-packages/airflow/example_dags/example_skip_dag.py
[2024-07-13T23:54:29.699+0000] {processor.py:830} INFO - Processing file /home/airflow/.local/lib/python3.12/site-packages/airflow/example_dags/example_skip_dag.py for tasks to queue
[2024-07-13T23:54:29.701+0000] {logging_mixin.py:188} INFO - [2024-07-13T23:54:29.700+0000] {dagbag.py:545} INFO - Filling up the DagBag from /home/airflow/.local/lib/python3.12/site-packages/airflow/example_dags/example_skip_dag.py
[2024-07-13T23:54:29.704+0000] {processor.py:840} INFO - DAG(s) 'example_skip_dag' retrieved from /home/airflow/.local/lib/python3.12/site-packages/airflow/example_dags/example_skip_dag.py
[2024-07-13T23:54:29.714+0000] {logging_mixin.py:188} INFO - [2024-07-13T23:54:29.714+0000] {dag.py:3096} INFO - Sync 1 DAGs
[2024-07-13T23:54:29.724+0000] {logging_mixin.py:188} INFO - [2024-07-13T23:54:29.724+0000] {dag.py:3954} INFO - Setting next_dagrun for example_skip_dag to 2024-07-12 00:00:00+00:00, run_after=2024-07-13 00:00:00+00:00
[2024-07-13T23:54:29.732+0000] {processor.py:183} INFO - Processing /home/airflow/.local/lib/python3.12/site-packages/airflow/example_dags/example_skip_dag.py took 0.037 seconds
[2024-07-13T23:55:00.564+0000] {processor.py:161} INFO - Started process (PID=2511) to work on /home/airflow/.local/lib/python3.12/site-packages/airflow/example_dags/example_skip_dag.py
[2024-07-13T23:55:00.564+0000] {processor.py:830} INFO - Processing file /home/airflow/.local/lib/python3.12/site-packages/airflow/example_dags/example_skip_dag.py for tasks to queue
[2024-07-13T23:55:00.565+0000] {logging_mixin.py:188} INFO - [2024-07-13T23:55:00.565+0000] {dagbag.py:545} INFO - Filling up the DagBag from /home/airflow/.local/lib/python3.12/site-packages/airflow/example_dags/example_skip_dag.py
[2024-07-13T23:55:00.569+0000] {processor.py:840} INFO - DAG(s) 'example_skip_dag' retrieved from /home/airflow/.local/lib/python3.12/site-packages/airflow/example_dags/example_skip_dag.py
[2024-07-13T23:55:00.578+0000] {logging_mixin.py:188} INFO - [2024-07-13T23:55:00.578+0000] {dag.py:3096} INFO - Sync 1 DAGs
[2024-07-13T23:55:00.588+0000] {logging_mixin.py:188} INFO - [2024-07-13T23:55:00.588+0000] {dag.py:3954} INFO - Setting next_dagrun for example_skip_dag to 2024-07-12 00:00:00+00:00, run_after=2024-07-13 00:00:00+00:00
[2024-07-13T23:55:00.596+0000] {processor.py:183} INFO - Processing /home/airflow/.local/lib/python3.12/site-packages/airflow/example_dags/example_skip_dag.py took 0.036 seconds
[2024-07-13T23:55:31.396+0000] {processor.py:161} INFO - Started process (PID=2569) to work on /home/airflow/.local/lib/python3.12/site-packages/airflow/example_dags/example_skip_dag.py
[2024-07-13T23:55:31.396+0000] {processor.py:830} INFO - Processing file /home/airflow/.local/lib/python3.12/site-packages/airflow/example_dags/example_skip_dag.py for tasks to queue
[2024-07-13T23:55:31.397+0000] {logging_mixin.py:188} INFO - [2024-07-13T23:55:31.397+0000] {dagbag.py:545} INFO - Filling up the DagBag from /home/airflow/.local/lib/python3.12/site-packages/airflow/example_dags/example_skip_dag.py
[2024-07-13T23:55:31.401+0000] {processor.py:840} INFO - DAG(s) 'example_skip_dag' retrieved from /home/airflow/.local/lib/python3.12/site-packages/airflow/example_dags/example_skip_dag.py
[2024-07-13T23:55:31.410+0000] {logging_mixin.py:188} INFO - [2024-07-13T23:55:31.410+0000] {dag.py:3096} INFO - Sync 1 DAGs
[2024-07-13T23:55:31.420+0000] {logging_mixin.py:188} INFO - [2024-07-13T23:55:31.420+0000] {dag.py:3954} INFO - Setting next_dagrun for example_skip_dag to 2024-07-12 00:00:00+00:00, run_after=2024-07-13 00:00:00+00:00
[2024-07-13T23:55:31.427+0000] {processor.py:183} INFO - Processing /home/airflow/.local/lib/python3.12/site-packages/airflow/example_dags/example_skip_dag.py took 0.034 seconds
[2024-07-13T23:56:02.034+0000] {processor.py:161} INFO - Started process (PID=2626) to work on /home/airflow/.local/lib/python3.12/site-packages/airflow/example_dags/example_skip_dag.py
[2024-07-13T23:56:02.035+0000] {processor.py:830} INFO - Processing file /home/airflow/.local/lib/python3.12/site-packages/airflow/example_dags/example_skip_dag.py for tasks to queue
[2024-07-13T23:56:02.036+0000] {logging_mixin.py:188} INFO - [2024-07-13T23:56:02.036+0000] {dagbag.py:545} INFO - Filling up the DagBag from /home/airflow/.local/lib/python3.12/site-packages/airflow/example_dags/example_skip_dag.py
[2024-07-13T23:56:02.040+0000] {processor.py:840} INFO - DAG(s) 'example_skip_dag' retrieved from /home/airflow/.local/lib/python3.12/site-packages/airflow/example_dags/example_skip_dag.py
[2024-07-13T23:56:02.050+0000] {logging_mixin.py:188} INFO - [2024-07-13T23:56:02.050+0000] {dag.py:3096} INFO - Sync 1 DAGs
[2024-07-13T23:56:02.061+0000] {logging_mixin.py:188} INFO - [2024-07-13T23:56:02.060+0000] {dag.py:3954} INFO - Setting next_dagrun for example_skip_dag to 2024-07-12 00:00:00+00:00, run_after=2024-07-13 00:00:00+00:00
[2024-07-13T23:56:02.068+0000] {processor.py:183} INFO - Processing /home/airflow/.local/lib/python3.12/site-packages/airflow/example_dags/example_skip_dag.py took 0.037 seconds
[2024-07-13T23:56:32.798+0000] {processor.py:161} INFO - Started process (PID=2684) to work on /home/airflow/.local/lib/python3.12/site-packages/airflow/example_dags/example_skip_dag.py
[2024-07-13T23:56:32.799+0000] {processor.py:830} INFO - Processing file /home/airflow/.local/lib/python3.12/site-packages/airflow/example_dags/example_skip_dag.py for tasks to queue
[2024-07-13T23:56:32.800+0000] {logging_mixin.py:188} INFO - [2024-07-13T23:56:32.800+0000] {dagbag.py:545} INFO - Filling up the DagBag from /home/airflow/.local/lib/python3.12/site-packages/airflow/example_dags/example_skip_dag.py
[2024-07-13T23:56:32.804+0000] {processor.py:840} INFO - DAG(s) 'example_skip_dag' retrieved from /home/airflow/.local/lib/python3.12/site-packages/airflow/example_dags/example_skip_dag.py
[2024-07-13T23:56:32.816+0000] {logging_mixin.py:188} INFO - [2024-07-13T23:56:32.816+0000] {dag.py:3096} INFO - Sync 1 DAGs
[2024-07-13T23:56:32.829+0000] {logging_mixin.py:188} INFO - [2024-07-13T23:56:32.828+0000] {dag.py:3954} INFO - Setting next_dagrun for example_skip_dag to 2024-07-12 00:00:00+00:00, run_after=2024-07-13 00:00:00+00:00
[2024-07-13T23:56:32.837+0000] {processor.py:183} INFO - Processing /home/airflow/.local/lib/python3.12/site-packages/airflow/example_dags/example_skip_dag.py took 0.041 seconds
[2024-07-13T23:57:03.506+0000] {processor.py:161} INFO - Started process (PID=2742) to work on /home/airflow/.local/lib/python3.12/site-packages/airflow/example_dags/example_skip_dag.py
[2024-07-13T23:57:03.507+0000] {processor.py:830} INFO - Processing file /home/airflow/.local/lib/python3.12/site-packages/airflow/example_dags/example_skip_dag.py for tasks to queue
[2024-07-13T23:57:03.508+0000] {logging_mixin.py:188} INFO - [2024-07-13T23:57:03.508+0000] {dagbag.py:545} INFO - Filling up the DagBag from /home/airflow/.local/lib/python3.12/site-packages/airflow/example_dags/example_skip_dag.py
[2024-07-13T23:57:03.512+0000] {processor.py:840} INFO - DAG(s) 'example_skip_dag' retrieved from /home/airflow/.local/lib/python3.12/site-packages/airflow/example_dags/example_skip_dag.py
[2024-07-13T23:57:03.522+0000] {logging_mixin.py:188} INFO - [2024-07-13T23:57:03.522+0000] {dag.py:3096} INFO - Sync 1 DAGs
[2024-07-13T23:57:03.533+0000] {logging_mixin.py:188} INFO - [2024-07-13T23:57:03.533+0000] {dag.py:3954} INFO - Setting next_dagrun for example_skip_dag to 2024-07-12 00:00:00+00:00, run_after=2024-07-13 00:00:00+00:00
[2024-07-13T23:57:03.541+0000] {processor.py:183} INFO - Processing /home/airflow/.local/lib/python3.12/site-packages/airflow/example_dags/example_skip_dag.py took 0.038 seconds
[2024-07-13T23:57:34.279+0000] {processor.py:161} INFO - Started process (PID=2799) to work on /home/airflow/.local/lib/python3.12/site-packages/airflow/example_dags/example_skip_dag.py
[2024-07-13T23:57:34.279+0000] {processor.py:830} INFO - Processing file /home/airflow/.local/lib/python3.12/site-packages/airflow/example_dags/example_skip_dag.py for tasks to queue
[2024-07-13T23:57:34.280+0000] {logging_mixin.py:188} INFO - [2024-07-13T23:57:34.280+0000] {dagbag.py:545} INFO - Filling up the DagBag from /home/airflow/.local/lib/python3.12/site-packages/airflow/example_dags/example_skip_dag.py
[2024-07-13T23:57:34.284+0000] {processor.py:840} INFO - DAG(s) 'example_skip_dag' retrieved from /home/airflow/.local/lib/python3.12/site-packages/airflow/example_dags/example_skip_dag.py
[2024-07-13T23:57:34.293+0000] {logging_mixin.py:188} INFO - [2024-07-13T23:57:34.293+0000] {dag.py:3096} INFO - Sync 1 DAGs
[2024-07-13T23:57:34.304+0000] {logging_mixin.py:188} INFO - [2024-07-13T23:57:34.303+0000] {dag.py:3954} INFO - Setting next_dagrun for example_skip_dag to 2024-07-12 00:00:00+00:00, run_after=2024-07-13 00:00:00+00:00
[2024-07-13T23:57:34.312+0000] {processor.py:183} INFO - Processing /home/airflow/.local/lib/python3.12/site-packages/airflow/example_dags/example_skip_dag.py took 0.037 seconds
[2024-07-13T23:58:05.039+0000] {processor.py:161} INFO - Started process (PID=2857) to work on /home/airflow/.local/lib/python3.12/site-packages/airflow/example_dags/example_skip_dag.py
[2024-07-13T23:58:05.040+0000] {processor.py:830} INFO - Processing file /home/airflow/.local/lib/python3.12/site-packages/airflow/example_dags/example_skip_dag.py for tasks to queue
[2024-07-13T23:58:05.041+0000] {logging_mixin.py:188} INFO - [2024-07-13T23:58:05.041+0000] {dagbag.py:545} INFO - Filling up the DagBag from /home/airflow/.local/lib/python3.12/site-packages/airflow/example_dags/example_skip_dag.py
[2024-07-13T23:58:05.045+0000] {processor.py:840} INFO - DAG(s) 'example_skip_dag' retrieved from /home/airflow/.local/lib/python3.12/site-packages/airflow/example_dags/example_skip_dag.py
[2024-07-13T23:58:05.054+0000] {logging_mixin.py:188} INFO - [2024-07-13T23:58:05.054+0000] {dag.py:3096} INFO - Sync 1 DAGs
[2024-07-13T23:58:05.065+0000] {logging_mixin.py:188} INFO - [2024-07-13T23:58:05.065+0000] {dag.py:3954} INFO - Setting next_dagrun for example_skip_dag to 2024-07-12 00:00:00+00:00, run_after=2024-07-13 00:00:00+00:00
[2024-07-13T23:58:05.073+0000] {processor.py:183} INFO - Processing /home/airflow/.local/lib/python3.12/site-packages/airflow/example_dags/example_skip_dag.py took 0.036 seconds
[2024-07-13T23:58:35.812+0000] {processor.py:161} INFO - Started process (PID=2915) to work on /home/airflow/.local/lib/python3.12/site-packages/airflow/example_dags/example_skip_dag.py
[2024-07-13T23:58:35.814+0000] {processor.py:830} INFO - Processing file /home/airflow/.local/lib/python3.12/site-packages/airflow/example_dags/example_skip_dag.py for tasks to queue
[2024-07-13T23:58:35.815+0000] {logging_mixin.py:188} INFO - [2024-07-13T23:58:35.815+0000] {dagbag.py:545} INFO - Filling up the DagBag from /home/airflow/.local/lib/python3.12/site-packages/airflow/example_dags/example_skip_dag.py
[2024-07-13T23:58:35.819+0000] {processor.py:840} INFO - DAG(s) 'example_skip_dag' retrieved from /home/airflow/.local/lib/python3.12/site-packages/airflow/example_dags/example_skip_dag.py
[2024-07-13T23:58:35.829+0000] {logging_mixin.py:188} INFO - [2024-07-13T23:58:35.829+0000] {dag.py:3096} INFO - Sync 1 DAGs
[2024-07-13T23:58:35.839+0000] {logging_mixin.py:188} INFO - [2024-07-13T23:58:35.839+0000] {dag.py:3954} INFO - Setting next_dagrun for example_skip_dag to 2024-07-12 00:00:00+00:00, run_after=2024-07-13 00:00:00+00:00
[2024-07-13T23:58:35.847+0000] {processor.py:183} INFO - Processing /home/airflow/.local/lib/python3.12/site-packages/airflow/example_dags/example_skip_dag.py took 0.038 seconds
[2024-07-13T23:59:06.502+0000] {processor.py:161} INFO - Started process (PID=2973) to work on /home/airflow/.local/lib/python3.12/site-packages/airflow/example_dags/example_skip_dag.py
[2024-07-13T23:59:06.503+0000] {processor.py:830} INFO - Processing file /home/airflow/.local/lib/python3.12/site-packages/airflow/example_dags/example_skip_dag.py for tasks to queue
[2024-07-13T23:59:06.504+0000] {logging_mixin.py:188} INFO - [2024-07-13T23:59:06.503+0000] {dagbag.py:545} INFO - Filling up the DagBag from /home/airflow/.local/lib/python3.12/site-packages/airflow/example_dags/example_skip_dag.py
[2024-07-13T23:59:06.507+0000] {processor.py:840} INFO - DAG(s) 'example_skip_dag' retrieved from /home/airflow/.local/lib/python3.12/site-packages/airflow/example_dags/example_skip_dag.py
[2024-07-13T23:59:06.517+0000] {logging_mixin.py:188} INFO - [2024-07-13T23:59:06.517+0000] {dag.py:3096} INFO - Sync 1 DAGs
[2024-07-13T23:59:06.527+0000] {logging_mixin.py:188} INFO - [2024-07-13T23:59:06.527+0000] {dag.py:3954} INFO - Setting next_dagrun for example_skip_dag to 2024-07-12 00:00:00+00:00, run_after=2024-07-13 00:00:00+00:00
[2024-07-13T23:59:06.535+0000] {processor.py:183} INFO - Processing /home/airflow/.local/lib/python3.12/site-packages/airflow/example_dags/example_skip_dag.py took 0.036 seconds
[2024-07-13T23:59:37.271+0000] {processor.py:161} INFO - Started process (PID=3031) to work on /home/airflow/.local/lib/python3.12/site-packages/airflow/example_dags/example_skip_dag.py
[2024-07-13T23:59:37.271+0000] {processor.py:830} INFO - Processing file /home/airflow/.local/lib/python3.12/site-packages/airflow/example_dags/example_skip_dag.py for tasks to queue
[2024-07-13T23:59:37.272+0000] {logging_mixin.py:188} INFO - [2024-07-13T23:59:37.272+0000] {dagbag.py:545} INFO - Filling up the DagBag from /home/airflow/.local/lib/python3.12/site-packages/airflow/example_dags/example_skip_dag.py
[2024-07-13T23:59:37.276+0000] {processor.py:840} INFO - DAG(s) 'example_skip_dag' retrieved from /home/airflow/.local/lib/python3.12/site-packages/airflow/example_dags/example_skip_dag.py
[2024-07-13T23:59:37.288+0000] {logging_mixin.py:188} INFO - [2024-07-13T23:59:37.288+0000] {dag.py:3096} INFO - Sync 1 DAGs
[2024-07-13T23:59:37.300+0000] {logging_mixin.py:188} INFO - [2024-07-13T23:59:37.300+0000] {dag.py:3954} INFO - Setting next_dagrun for example_skip_dag to 2024-07-12 00:00:00+00:00, run_after=2024-07-13 00:00:00+00:00
[2024-07-13T23:59:37.310+0000] {processor.py:183} INFO - Processing /home/airflow/.local/lib/python3.12/site-packages/airflow/example_dags/example_skip_dag.py took 0.042 seconds
