[2024-07-13T23:33:29.184+0000] {processor.py:161} INFO - Started process (PID=54) to work on /home/airflow/.local/lib/python3.12/site-packages/airflow/example_dags/example_branch_operator.py
[2024-07-13T23:33:29.185+0000] {processor.py:830} INFO - Processing file /home/airflow/.local/lib/python3.12/site-packages/airflow/example_dags/example_branch_operator.py for tasks to queue
[2024-07-13T23:33:29.186+0000] {logging_mixin.py:188} INFO - [2024-07-13T23:33:29.186+0000] {dagbag.py:545} INFO - Filling up the DagBag from /home/airflow/.local/lib/python3.12/site-packages/airflow/example_dags/example_branch_operator.py
[2024-07-13T23:33:29.196+0000] {processor.py:840} INFO - DAG(s) 'example_branch_operator' retrieved from /home/airflow/.local/lib/python3.12/site-packages/airflow/example_dags/example_branch_operator.py
[2024-07-13T23:33:29.291+0000] {logging_mixin.py:188} INFO - [2024-07-13T23:33:29.290+0000] {override.py:1829} INFO - Created Permission View: can edit on DAG:example_branch_operator
[2024-07-13T23:33:29.297+0000] {logging_mixin.py:188} INFO - [2024-07-13T23:33:29.297+0000] {override.py:1829} INFO - Created Permission View: can read on DAG:example_branch_operator
[2024-07-13T23:33:29.302+0000] {logging_mixin.py:188} INFO - [2024-07-13T23:33:29.302+0000] {override.py:1829} INFO - Created Permission View: can delete on DAG:example_branch_operator
[2024-07-13T23:33:29.303+0000] {logging_mixin.py:188} INFO - [2024-07-13T23:33:29.302+0000] {dag.py:3096} INFO - Sync 1 DAGs
[2024-07-13T23:33:29.309+0000] {logging_mixin.py:188} INFO - [2024-07-13T23:33:29.309+0000] {dag.py:3118} INFO - Creating ORM DAG for example_branch_operator
[2024-07-13T23:33:29.315+0000] {logging_mixin.py:188} INFO - [2024-07-13T23:33:29.315+0000] {dag.py:3954} INFO - Setting next_dagrun for example_branch_operator to 2024-07-12 00:00:00+00:00, run_after=2024-07-13 00:00:00+00:00
[2024-07-13T23:33:29.325+0000] {processor.py:183} INFO - Processing /home/airflow/.local/lib/python3.12/site-packages/airflow/example_dags/example_branch_operator.py took 0.144 seconds
[2024-07-13T23:33:59.888+0000] {processor.py:161} INFO - Started process (PID=112) to work on /home/airflow/.local/lib/python3.12/site-packages/airflow/example_dags/example_branch_operator.py
[2024-07-13T23:33:59.889+0000] {processor.py:830} INFO - Processing file /home/airflow/.local/lib/python3.12/site-packages/airflow/example_dags/example_branch_operator.py for tasks to queue
[2024-07-13T23:33:59.890+0000] {logging_mixin.py:188} INFO - [2024-07-13T23:33:59.890+0000] {dagbag.py:545} INFO - Filling up the DagBag from /home/airflow/.local/lib/python3.12/site-packages/airflow/example_dags/example_branch_operator.py
[2024-07-13T23:33:59.898+0000] {processor.py:840} INFO - DAG(s) 'example_branch_operator' retrieved from /home/airflow/.local/lib/python3.12/site-packages/airflow/example_dags/example_branch_operator.py
[2024-07-13T23:33:59.912+0000] {logging_mixin.py:188} INFO - [2024-07-13T23:33:59.912+0000] {dag.py:3096} INFO - Sync 1 DAGs
[2024-07-13T23:33:59.923+0000] {logging_mixin.py:188} INFO - [2024-07-13T23:33:59.923+0000] {dag.py:3954} INFO - Setting next_dagrun for example_branch_operator to 2024-07-12 00:00:00+00:00, run_after=2024-07-13 00:00:00+00:00
[2024-07-13T23:33:59.932+0000] {processor.py:183} INFO - Processing /home/airflow/.local/lib/python3.12/site-packages/airflow/example_dags/example_branch_operator.py took 0.047 seconds
[2024-07-13T23:34:30.510+0000] {processor.py:161} INFO - Started process (PID=170) to work on /home/airflow/.local/lib/python3.12/site-packages/airflow/example_dags/example_branch_operator.py
[2024-07-13T23:34:30.510+0000] {processor.py:830} INFO - Processing file /home/airflow/.local/lib/python3.12/site-packages/airflow/example_dags/example_branch_operator.py for tasks to queue
[2024-07-13T23:34:30.511+0000] {logging_mixin.py:188} INFO - [2024-07-13T23:34:30.511+0000] {dagbag.py:545} INFO - Filling up the DagBag from /home/airflow/.local/lib/python3.12/site-packages/airflow/example_dags/example_branch_operator.py
[2024-07-13T23:34:30.520+0000] {processor.py:840} INFO - DAG(s) 'example_branch_operator' retrieved from /home/airflow/.local/lib/python3.12/site-packages/airflow/example_dags/example_branch_operator.py
[2024-07-13T23:34:30.533+0000] {logging_mixin.py:188} INFO - [2024-07-13T23:34:30.532+0000] {dag.py:3096} INFO - Sync 1 DAGs
[2024-07-13T23:34:30.543+0000] {logging_mixin.py:188} INFO - [2024-07-13T23:34:30.543+0000] {dag.py:3954} INFO - Setting next_dagrun for example_branch_operator to 2024-07-12 00:00:00+00:00, run_after=2024-07-13 00:00:00+00:00
[2024-07-13T23:34:30.550+0000] {processor.py:183} INFO - Processing /home/airflow/.local/lib/python3.12/site-packages/airflow/example_dags/example_branch_operator.py took 0.044 seconds
[2024-07-13T23:35:01.362+0000] {processor.py:161} INFO - Started process (PID=228) to work on /home/airflow/.local/lib/python3.12/site-packages/airflow/example_dags/example_branch_operator.py
[2024-07-13T23:35:01.363+0000] {processor.py:830} INFO - Processing file /home/airflow/.local/lib/python3.12/site-packages/airflow/example_dags/example_branch_operator.py for tasks to queue
[2024-07-13T23:35:01.364+0000] {logging_mixin.py:188} INFO - [2024-07-13T23:35:01.364+0000] {dagbag.py:545} INFO - Filling up the DagBag from /home/airflow/.local/lib/python3.12/site-packages/airflow/example_dags/example_branch_operator.py
[2024-07-13T23:35:01.371+0000] {processor.py:840} INFO - DAG(s) 'example_branch_operator' retrieved from /home/airflow/.local/lib/python3.12/site-packages/airflow/example_dags/example_branch_operator.py
[2024-07-13T23:35:01.384+0000] {logging_mixin.py:188} INFO - [2024-07-13T23:35:01.384+0000] {dag.py:3096} INFO - Sync 1 DAGs
[2024-07-13T23:35:01.394+0000] {logging_mixin.py:188} INFO - [2024-07-13T23:35:01.394+0000] {dag.py:3954} INFO - Setting next_dagrun for example_branch_operator to 2024-07-12 00:00:00+00:00, run_after=2024-07-13 00:00:00+00:00
[2024-07-13T23:35:01.403+0000] {processor.py:183} INFO - Processing /home/airflow/.local/lib/python3.12/site-packages/airflow/example_dags/example_branch_operator.py took 0.043 seconds
[2024-07-13T23:35:31.532+0000] {processor.py:161} INFO - Started process (PID=286) to work on /home/airflow/.local/lib/python3.12/site-packages/airflow/example_dags/example_branch_operator.py
[2024-07-13T23:35:31.533+0000] {processor.py:830} INFO - Processing file /home/airflow/.local/lib/python3.12/site-packages/airflow/example_dags/example_branch_operator.py for tasks to queue
[2024-07-13T23:35:31.534+0000] {logging_mixin.py:188} INFO - [2024-07-13T23:35:31.534+0000] {dagbag.py:545} INFO - Filling up the DagBag from /home/airflow/.local/lib/python3.12/site-packages/airflow/example_dags/example_branch_operator.py
[2024-07-13T23:35:31.541+0000] {processor.py:840} INFO - DAG(s) 'example_branch_operator' retrieved from /home/airflow/.local/lib/python3.12/site-packages/airflow/example_dags/example_branch_operator.py
[2024-07-13T23:35:31.554+0000] {logging_mixin.py:188} INFO - [2024-07-13T23:35:31.554+0000] {dag.py:3096} INFO - Sync 1 DAGs
[2024-07-13T23:35:31.563+0000] {logging_mixin.py:188} INFO - [2024-07-13T23:35:31.563+0000] {dag.py:3954} INFO - Setting next_dagrun for example_branch_operator to 2024-07-12 00:00:00+00:00, run_after=2024-07-13 00:00:00+00:00
[2024-07-13T23:35:31.571+0000] {processor.py:183} INFO - Processing /home/airflow/.local/lib/python3.12/site-packages/airflow/example_dags/example_branch_operator.py took 0.042 seconds
[2024-07-13T23:36:02.343+0000] {processor.py:161} INFO - Started process (PID=344) to work on /home/airflow/.local/lib/python3.12/site-packages/airflow/example_dags/example_branch_operator.py
[2024-07-13T23:36:02.344+0000] {processor.py:830} INFO - Processing file /home/airflow/.local/lib/python3.12/site-packages/airflow/example_dags/example_branch_operator.py for tasks to queue
[2024-07-13T23:36:02.345+0000] {logging_mixin.py:188} INFO - [2024-07-13T23:36:02.344+0000] {dagbag.py:545} INFO - Filling up the DagBag from /home/airflow/.local/lib/python3.12/site-packages/airflow/example_dags/example_branch_operator.py
[2024-07-13T23:36:02.352+0000] {processor.py:840} INFO - DAG(s) 'example_branch_operator' retrieved from /home/airflow/.local/lib/python3.12/site-packages/airflow/example_dags/example_branch_operator.py
[2024-07-13T23:36:02.365+0000] {logging_mixin.py:188} INFO - [2024-07-13T23:36:02.365+0000] {dag.py:3096} INFO - Sync 1 DAGs
[2024-07-13T23:36:02.375+0000] {logging_mixin.py:188} INFO - [2024-07-13T23:36:02.375+0000] {dag.py:3954} INFO - Setting next_dagrun for example_branch_operator to 2024-07-12 00:00:00+00:00, run_after=2024-07-13 00:00:00+00:00
[2024-07-13T23:36:02.382+0000] {processor.py:183} INFO - Processing /home/airflow/.local/lib/python3.12/site-packages/airflow/example_dags/example_branch_operator.py took 0.042 seconds
[2024-07-13T23:36:33.028+0000] {processor.py:161} INFO - Started process (PID=402) to work on /home/airflow/.local/lib/python3.12/site-packages/airflow/example_dags/example_branch_operator.py
[2024-07-13T23:36:33.029+0000] {processor.py:830} INFO - Processing file /home/airflow/.local/lib/python3.12/site-packages/airflow/example_dags/example_branch_operator.py for tasks to queue
[2024-07-13T23:36:33.030+0000] {logging_mixin.py:188} INFO - [2024-07-13T23:36:33.030+0000] {dagbag.py:545} INFO - Filling up the DagBag from /home/airflow/.local/lib/python3.12/site-packages/airflow/example_dags/example_branch_operator.py
[2024-07-13T23:36:33.038+0000] {processor.py:840} INFO - DAG(s) 'example_branch_operator' retrieved from /home/airflow/.local/lib/python3.12/site-packages/airflow/example_dags/example_branch_operator.py
[2024-07-13T23:36:33.051+0000] {logging_mixin.py:188} INFO - [2024-07-13T23:36:33.051+0000] {dag.py:3096} INFO - Sync 1 DAGs
[2024-07-13T23:36:33.061+0000] {logging_mixin.py:188} INFO - [2024-07-13T23:36:33.061+0000] {dag.py:3954} INFO - Setting next_dagrun for example_branch_operator to 2024-07-12 00:00:00+00:00, run_after=2024-07-13 00:00:00+00:00
[2024-07-13T23:36:33.069+0000] {processor.py:183} INFO - Processing /home/airflow/.local/lib/python3.12/site-packages/airflow/example_dags/example_branch_operator.py took 0.043 seconds
[2024-07-13T23:37:03.819+0000] {processor.py:161} INFO - Started process (PID=460) to work on /home/airflow/.local/lib/python3.12/site-packages/airflow/example_dags/example_branch_operator.py
[2024-07-13T23:37:03.820+0000] {processor.py:830} INFO - Processing file /home/airflow/.local/lib/python3.12/site-packages/airflow/example_dags/example_branch_operator.py for tasks to queue
[2024-07-13T23:37:03.821+0000] {logging_mixin.py:188} INFO - [2024-07-13T23:37:03.821+0000] {dagbag.py:545} INFO - Filling up the DagBag from /home/airflow/.local/lib/python3.12/site-packages/airflow/example_dags/example_branch_operator.py
[2024-07-13T23:37:03.828+0000] {processor.py:840} INFO - DAG(s) 'example_branch_operator' retrieved from /home/airflow/.local/lib/python3.12/site-packages/airflow/example_dags/example_branch_operator.py
[2024-07-13T23:37:03.841+0000] {logging_mixin.py:188} INFO - [2024-07-13T23:37:03.841+0000] {dag.py:3096} INFO - Sync 1 DAGs
[2024-07-13T23:37:03.850+0000] {logging_mixin.py:188} INFO - [2024-07-13T23:37:03.850+0000] {dag.py:3954} INFO - Setting next_dagrun for example_branch_operator to 2024-07-12 00:00:00+00:00, run_after=2024-07-13 00:00:00+00:00
[2024-07-13T23:37:03.858+0000] {processor.py:183} INFO - Processing /home/airflow/.local/lib/python3.12/site-packages/airflow/example_dags/example_branch_operator.py took 0.048 seconds
[2024-07-13T23:37:34.560+0000] {processor.py:161} INFO - Started process (PID=518) to work on /home/airflow/.local/lib/python3.12/site-packages/airflow/example_dags/example_branch_operator.py
[2024-07-13T23:37:34.561+0000] {processor.py:830} INFO - Processing file /home/airflow/.local/lib/python3.12/site-packages/airflow/example_dags/example_branch_operator.py for tasks to queue
[2024-07-13T23:37:34.562+0000] {logging_mixin.py:188} INFO - [2024-07-13T23:37:34.561+0000] {dagbag.py:545} INFO - Filling up the DagBag from /home/airflow/.local/lib/python3.12/site-packages/airflow/example_dags/example_branch_operator.py
[2024-07-13T23:37:34.569+0000] {processor.py:840} INFO - DAG(s) 'example_branch_operator' retrieved from /home/airflow/.local/lib/python3.12/site-packages/airflow/example_dags/example_branch_operator.py
[2024-07-13T23:37:34.582+0000] {logging_mixin.py:188} INFO - [2024-07-13T23:37:34.582+0000] {dag.py:3096} INFO - Sync 1 DAGs
[2024-07-13T23:37:34.591+0000] {logging_mixin.py:188} INFO - [2024-07-13T23:37:34.591+0000] {dag.py:3954} INFO - Setting next_dagrun for example_branch_operator to 2024-07-12 00:00:00+00:00, run_after=2024-07-13 00:00:00+00:00
[2024-07-13T23:37:34.599+0000] {processor.py:183} INFO - Processing /home/airflow/.local/lib/python3.12/site-packages/airflow/example_dags/example_branch_operator.py took 0.042 seconds
[2024-07-13T23:38:05.248+0000] {processor.py:161} INFO - Started process (PID=576) to work on /home/airflow/.local/lib/python3.12/site-packages/airflow/example_dags/example_branch_operator.py
[2024-07-13T23:38:05.249+0000] {processor.py:830} INFO - Processing file /home/airflow/.local/lib/python3.12/site-packages/airflow/example_dags/example_branch_operator.py for tasks to queue
[2024-07-13T23:38:05.250+0000] {logging_mixin.py:188} INFO - [2024-07-13T23:38:05.249+0000] {dagbag.py:545} INFO - Filling up the DagBag from /home/airflow/.local/lib/python3.12/site-packages/airflow/example_dags/example_branch_operator.py
[2024-07-13T23:38:05.257+0000] {processor.py:840} INFO - DAG(s) 'example_branch_operator' retrieved from /home/airflow/.local/lib/python3.12/site-packages/airflow/example_dags/example_branch_operator.py
[2024-07-13T23:38:05.270+0000] {logging_mixin.py:188} INFO - [2024-07-13T23:38:05.270+0000] {dag.py:3096} INFO - Sync 1 DAGs
[2024-07-13T23:38:05.281+0000] {logging_mixin.py:188} INFO - [2024-07-13T23:38:05.280+0000] {dag.py:3954} INFO - Setting next_dagrun for example_branch_operator to 2024-07-12 00:00:00+00:00, run_after=2024-07-13 00:00:00+00:00
[2024-07-13T23:38:05.290+0000] {processor.py:183} INFO - Processing /home/airflow/.local/lib/python3.12/site-packages/airflow/example_dags/example_branch_operator.py took 0.045 seconds
[2024-07-13T23:38:35.966+0000] {processor.py:161} INFO - Started process (PID=634) to work on /home/airflow/.local/lib/python3.12/site-packages/airflow/example_dags/example_branch_operator.py
[2024-07-13T23:38:35.967+0000] {processor.py:830} INFO - Processing file /home/airflow/.local/lib/python3.12/site-packages/airflow/example_dags/example_branch_operator.py for tasks to queue
[2024-07-13T23:38:35.968+0000] {logging_mixin.py:188} INFO - [2024-07-13T23:38:35.968+0000] {dagbag.py:545} INFO - Filling up the DagBag from /home/airflow/.local/lib/python3.12/site-packages/airflow/example_dags/example_branch_operator.py
[2024-07-13T23:38:35.975+0000] {processor.py:840} INFO - DAG(s) 'example_branch_operator' retrieved from /home/airflow/.local/lib/python3.12/site-packages/airflow/example_dags/example_branch_operator.py
[2024-07-13T23:38:35.988+0000] {logging_mixin.py:188} INFO - [2024-07-13T23:38:35.988+0000] {dag.py:3096} INFO - Sync 1 DAGs
[2024-07-13T23:38:35.997+0000] {logging_mixin.py:188} INFO - [2024-07-13T23:38:35.997+0000] {dag.py:3954} INFO - Setting next_dagrun for example_branch_operator to 2024-07-12 00:00:00+00:00, run_after=2024-07-13 00:00:00+00:00
[2024-07-13T23:38:36.005+0000] {processor.py:183} INFO - Processing /home/airflow/.local/lib/python3.12/site-packages/airflow/example_dags/example_branch_operator.py took 0.042 seconds
[2024-07-13T23:39:06.627+0000] {processor.py:161} INFO - Started process (PID=691) to work on /home/airflow/.local/lib/python3.12/site-packages/airflow/example_dags/example_branch_operator.py
[2024-07-13T23:39:06.627+0000] {processor.py:830} INFO - Processing file /home/airflow/.local/lib/python3.12/site-packages/airflow/example_dags/example_branch_operator.py for tasks to queue
[2024-07-13T23:39:06.629+0000] {logging_mixin.py:188} INFO - [2024-07-13T23:39:06.628+0000] {dagbag.py:545} INFO - Filling up the DagBag from /home/airflow/.local/lib/python3.12/site-packages/airflow/example_dags/example_branch_operator.py
[2024-07-13T23:39:06.636+0000] {processor.py:840} INFO - DAG(s) 'example_branch_operator' retrieved from /home/airflow/.local/lib/python3.12/site-packages/airflow/example_dags/example_branch_operator.py
[2024-07-13T23:39:06.649+0000] {logging_mixin.py:188} INFO - [2024-07-13T23:39:06.649+0000] {dag.py:3096} INFO - Sync 1 DAGs
[2024-07-13T23:39:06.658+0000] {logging_mixin.py:188} INFO - [2024-07-13T23:39:06.658+0000] {dag.py:3954} INFO - Setting next_dagrun for example_branch_operator to 2024-07-12 00:00:00+00:00, run_after=2024-07-13 00:00:00+00:00
[2024-07-13T23:39:06.666+0000] {processor.py:183} INFO - Processing /home/airflow/.local/lib/python3.12/site-packages/airflow/example_dags/example_branch_operator.py took 0.042 seconds
[2024-07-13T23:39:37.350+0000] {processor.py:161} INFO - Started process (PID=749) to work on /home/airflow/.local/lib/python3.12/site-packages/airflow/example_dags/example_branch_operator.py
[2024-07-13T23:39:37.351+0000] {processor.py:830} INFO - Processing file /home/airflow/.local/lib/python3.12/site-packages/airflow/example_dags/example_branch_operator.py for tasks to queue
[2024-07-13T23:39:37.352+0000] {logging_mixin.py:188} INFO - [2024-07-13T23:39:37.351+0000] {dagbag.py:545} INFO - Filling up the DagBag from /home/airflow/.local/lib/python3.12/site-packages/airflow/example_dags/example_branch_operator.py
[2024-07-13T23:39:37.359+0000] {processor.py:840} INFO - DAG(s) 'example_branch_operator' retrieved from /home/airflow/.local/lib/python3.12/site-packages/airflow/example_dags/example_branch_operator.py
[2024-07-13T23:39:37.372+0000] {logging_mixin.py:188} INFO - [2024-07-13T23:39:37.372+0000] {dag.py:3096} INFO - Sync 1 DAGs
[2024-07-13T23:39:37.382+0000] {logging_mixin.py:188} INFO - [2024-07-13T23:39:37.382+0000] {dag.py:3954} INFO - Setting next_dagrun for example_branch_operator to 2024-07-12 00:00:00+00:00, run_after=2024-07-13 00:00:00+00:00
[2024-07-13T23:39:37.390+0000] {processor.py:183} INFO - Processing /home/airflow/.local/lib/python3.12/site-packages/airflow/example_dags/example_branch_operator.py took 0.043 seconds
[2024-07-13T23:40:08.002+0000] {processor.py:161} INFO - Started process (PID=807) to work on /home/airflow/.local/lib/python3.12/site-packages/airflow/example_dags/example_branch_operator.py
[2024-07-13T23:40:08.002+0000] {processor.py:830} INFO - Processing file /home/airflow/.local/lib/python3.12/site-packages/airflow/example_dags/example_branch_operator.py for tasks to queue
[2024-07-13T23:40:08.003+0000] {logging_mixin.py:188} INFO - [2024-07-13T23:40:08.003+0000] {dagbag.py:545} INFO - Filling up the DagBag from /home/airflow/.local/lib/python3.12/site-packages/airflow/example_dags/example_branch_operator.py
[2024-07-13T23:40:08.011+0000] {processor.py:840} INFO - DAG(s) 'example_branch_operator' retrieved from /home/airflow/.local/lib/python3.12/site-packages/airflow/example_dags/example_branch_operator.py
[2024-07-13T23:40:08.017+0000] {logging_mixin.py:188} INFO - [2024-07-13T23:40:08.017+0000] {dag.py:3096} INFO - Sync 1 DAGs
[2024-07-13T23:40:08.028+0000] {logging_mixin.py:188} INFO - [2024-07-13T23:40:08.028+0000] {dag.py:3954} INFO - Setting next_dagrun for example_branch_operator to 2024-07-12 00:00:00+00:00, run_after=2024-07-13 00:00:00+00:00
[2024-07-13T23:40:08.037+0000] {processor.py:183} INFO - Processing /home/airflow/.local/lib/python3.12/site-packages/airflow/example_dags/example_branch_operator.py took 0.038 seconds
[2024-07-13T23:40:38.658+0000] {processor.py:161} INFO - Started process (PID=865) to work on /home/airflow/.local/lib/python3.12/site-packages/airflow/example_dags/example_branch_operator.py
[2024-07-13T23:40:38.660+0000] {processor.py:830} INFO - Processing file /home/airflow/.local/lib/python3.12/site-packages/airflow/example_dags/example_branch_operator.py for tasks to queue
[2024-07-13T23:40:38.661+0000] {logging_mixin.py:188} INFO - [2024-07-13T23:40:38.661+0000] {dagbag.py:545} INFO - Filling up the DagBag from /home/airflow/.local/lib/python3.12/site-packages/airflow/example_dags/example_branch_operator.py
[2024-07-13T23:40:38.674+0000] {processor.py:840} INFO - DAG(s) 'example_branch_operator' retrieved from /home/airflow/.local/lib/python3.12/site-packages/airflow/example_dags/example_branch_operator.py
[2024-07-13T23:40:38.736+0000] {logging_mixin.py:188} INFO - [2024-07-13T23:40:38.736+0000] {dag.py:3096} INFO - Sync 1 DAGs
[2024-07-13T23:40:38.748+0000] {logging_mixin.py:188} INFO - [2024-07-13T23:40:38.748+0000] {dag.py:3954} INFO - Setting next_dagrun for example_branch_operator to 2024-07-12 00:00:00+00:00, run_after=2024-07-13 00:00:00+00:00
[2024-07-13T23:40:38.762+0000] {processor.py:183} INFO - Processing /home/airflow/.local/lib/python3.12/site-packages/airflow/example_dags/example_branch_operator.py took 0.108 seconds
[2024-07-13T23:41:09.164+0000] {processor.py:161} INFO - Started process (PID=923) to work on /home/airflow/.local/lib/python3.12/site-packages/airflow/example_dags/example_branch_operator.py
[2024-07-13T23:41:09.165+0000] {processor.py:830} INFO - Processing file /home/airflow/.local/lib/python3.12/site-packages/airflow/example_dags/example_branch_operator.py for tasks to queue
[2024-07-13T23:41:09.169+0000] {logging_mixin.py:188} INFO - [2024-07-13T23:41:09.168+0000] {dagbag.py:545} INFO - Filling up the DagBag from /home/airflow/.local/lib/python3.12/site-packages/airflow/example_dags/example_branch_operator.py
[2024-07-13T23:41:09.185+0000] {processor.py:840} INFO - DAG(s) 'example_branch_operator' retrieved from /home/airflow/.local/lib/python3.12/site-packages/airflow/example_dags/example_branch_operator.py
[2024-07-13T23:41:09.199+0000] {logging_mixin.py:188} INFO - [2024-07-13T23:41:09.199+0000] {dag.py:3096} INFO - Sync 1 DAGs
[2024-07-13T23:41:09.210+0000] {logging_mixin.py:188} INFO - [2024-07-13T23:41:09.210+0000] {dag.py:3954} INFO - Setting next_dagrun for example_branch_operator to 2024-07-12 00:00:00+00:00, run_after=2024-07-13 00:00:00+00:00
[2024-07-13T23:41:09.218+0000] {processor.py:183} INFO - Processing /home/airflow/.local/lib/python3.12/site-packages/airflow/example_dags/example_branch_operator.py took 0.058 seconds
[2024-07-13T23:41:39.941+0000] {processor.py:161} INFO - Started process (PID=981) to work on /home/airflow/.local/lib/python3.12/site-packages/airflow/example_dags/example_branch_operator.py
[2024-07-13T23:41:39.941+0000] {processor.py:830} INFO - Processing file /home/airflow/.local/lib/python3.12/site-packages/airflow/example_dags/example_branch_operator.py for tasks to queue
[2024-07-13T23:41:39.942+0000] {logging_mixin.py:188} INFO - [2024-07-13T23:41:39.942+0000] {dagbag.py:545} INFO - Filling up the DagBag from /home/airflow/.local/lib/python3.12/site-packages/airflow/example_dags/example_branch_operator.py
[2024-07-13T23:41:39.950+0000] {processor.py:840} INFO - DAG(s) 'example_branch_operator' retrieved from /home/airflow/.local/lib/python3.12/site-packages/airflow/example_dags/example_branch_operator.py
[2024-07-13T23:41:39.963+0000] {logging_mixin.py:188} INFO - [2024-07-13T23:41:39.963+0000] {dag.py:3096} INFO - Sync 1 DAGs
[2024-07-13T23:41:39.974+0000] {logging_mixin.py:188} INFO - [2024-07-13T23:41:39.974+0000] {dag.py:3954} INFO - Setting next_dagrun for example_branch_operator to 2024-07-12 00:00:00+00:00, run_after=2024-07-13 00:00:00+00:00
[2024-07-13T23:41:39.982+0000] {processor.py:183} INFO - Processing /home/airflow/.local/lib/python3.12/site-packages/airflow/example_dags/example_branch_operator.py took 0.045 seconds
[2024-07-13T23:42:10.667+0000] {processor.py:161} INFO - Started process (PID=1039) to work on /home/airflow/.local/lib/python3.12/site-packages/airflow/example_dags/example_branch_operator.py
[2024-07-13T23:42:10.668+0000] {processor.py:830} INFO - Processing file /home/airflow/.local/lib/python3.12/site-packages/airflow/example_dags/example_branch_operator.py for tasks to queue
[2024-07-13T23:42:10.669+0000] {logging_mixin.py:188} INFO - [2024-07-13T23:42:10.669+0000] {dagbag.py:545} INFO - Filling up the DagBag from /home/airflow/.local/lib/python3.12/site-packages/airflow/example_dags/example_branch_operator.py
[2024-07-13T23:42:10.677+0000] {processor.py:840} INFO - DAG(s) 'example_branch_operator' retrieved from /home/airflow/.local/lib/python3.12/site-packages/airflow/example_dags/example_branch_operator.py
[2024-07-13T23:42:10.690+0000] {logging_mixin.py:188} INFO - [2024-07-13T23:42:10.689+0000] {dag.py:3096} INFO - Sync 1 DAGs
[2024-07-13T23:42:10.700+0000] {logging_mixin.py:188} INFO - [2024-07-13T23:42:10.700+0000] {dag.py:3954} INFO - Setting next_dagrun for example_branch_operator to 2024-07-12 00:00:00+00:00, run_after=2024-07-13 00:00:00+00:00
[2024-07-13T23:42:10.709+0000] {processor.py:183} INFO - Processing /home/airflow/.local/lib/python3.12/site-packages/airflow/example_dags/example_branch_operator.py took 0.045 seconds
[2024-07-13T23:42:41.332+0000] {processor.py:161} INFO - Started process (PID=1097) to work on /home/airflow/.local/lib/python3.12/site-packages/airflow/example_dags/example_branch_operator.py
[2024-07-13T23:42:41.332+0000] {processor.py:830} INFO - Processing file /home/airflow/.local/lib/python3.12/site-packages/airflow/example_dags/example_branch_operator.py for tasks to queue
[2024-07-13T23:42:41.334+0000] {logging_mixin.py:188} INFO - [2024-07-13T23:42:41.333+0000] {dagbag.py:545} INFO - Filling up the DagBag from /home/airflow/.local/lib/python3.12/site-packages/airflow/example_dags/example_branch_operator.py
[2024-07-13T23:42:41.342+0000] {processor.py:840} INFO - DAG(s) 'example_branch_operator' retrieved from /home/airflow/.local/lib/python3.12/site-packages/airflow/example_dags/example_branch_operator.py
[2024-07-13T23:42:41.357+0000] {logging_mixin.py:188} INFO - [2024-07-13T23:42:41.357+0000] {dag.py:3096} INFO - Sync 1 DAGs
[2024-07-13T23:42:41.367+0000] {logging_mixin.py:188} INFO - [2024-07-13T23:42:41.367+0000] {dag.py:3954} INFO - Setting next_dagrun for example_branch_operator to 2024-07-12 00:00:00+00:00, run_after=2024-07-13 00:00:00+00:00
[2024-07-13T23:42:41.375+0000] {processor.py:183} INFO - Processing /home/airflow/.local/lib/python3.12/site-packages/airflow/example_dags/example_branch_operator.py took 0.047 seconds
[2024-07-13T23:43:12.058+0000] {processor.py:161} INFO - Started process (PID=1155) to work on /home/airflow/.local/lib/python3.12/site-packages/airflow/example_dags/example_branch_operator.py
[2024-07-13T23:43:12.059+0000] {processor.py:830} INFO - Processing file /home/airflow/.local/lib/python3.12/site-packages/airflow/example_dags/example_branch_operator.py for tasks to queue
[2024-07-13T23:43:12.060+0000] {logging_mixin.py:188} INFO - [2024-07-13T23:43:12.060+0000] {dagbag.py:545} INFO - Filling up the DagBag from /home/airflow/.local/lib/python3.12/site-packages/airflow/example_dags/example_branch_operator.py
[2024-07-13T23:43:12.068+0000] {processor.py:840} INFO - DAG(s) 'example_branch_operator' retrieved from /home/airflow/.local/lib/python3.12/site-packages/airflow/example_dags/example_branch_operator.py
[2024-07-13T23:43:12.081+0000] {logging_mixin.py:188} INFO - [2024-07-13T23:43:12.080+0000] {dag.py:3096} INFO - Sync 1 DAGs
[2024-07-13T23:43:12.091+0000] {logging_mixin.py:188} INFO - [2024-07-13T23:43:12.091+0000] {dag.py:3954} INFO - Setting next_dagrun for example_branch_operator to 2024-07-12 00:00:00+00:00, run_after=2024-07-13 00:00:00+00:00
[2024-07-13T23:43:12.099+0000] {processor.py:183} INFO - Processing /home/airflow/.local/lib/python3.12/site-packages/airflow/example_dags/example_branch_operator.py took 0.044 seconds
[2024-07-13T23:43:42.931+0000] {processor.py:161} INFO - Started process (PID=1213) to work on /home/airflow/.local/lib/python3.12/site-packages/airflow/example_dags/example_branch_operator.py
[2024-07-13T23:43:42.931+0000] {processor.py:830} INFO - Processing file /home/airflow/.local/lib/python3.12/site-packages/airflow/example_dags/example_branch_operator.py for tasks to queue
[2024-07-13T23:43:42.933+0000] {logging_mixin.py:188} INFO - [2024-07-13T23:43:42.933+0000] {dagbag.py:545} INFO - Filling up the DagBag from /home/airflow/.local/lib/python3.12/site-packages/airflow/example_dags/example_branch_operator.py
[2024-07-13T23:43:42.941+0000] {processor.py:840} INFO - DAG(s) 'example_branch_operator' retrieved from /home/airflow/.local/lib/python3.12/site-packages/airflow/example_dags/example_branch_operator.py
[2024-07-13T23:43:42.958+0000] {logging_mixin.py:188} INFO - [2024-07-13T23:43:42.958+0000] {dag.py:3096} INFO - Sync 1 DAGs
[2024-07-13T23:43:42.969+0000] {logging_mixin.py:188} INFO - [2024-07-13T23:43:42.969+0000] {dag.py:3954} INFO - Setting next_dagrun for example_branch_operator to 2024-07-12 00:00:00+00:00, run_after=2024-07-13 00:00:00+00:00
[2024-07-13T23:43:42.978+0000] {processor.py:183} INFO - Processing /home/airflow/.local/lib/python3.12/site-packages/airflow/example_dags/example_branch_operator.py took 0.050 seconds
[2024-07-13T23:44:14.028+0000] {processor.py:161} INFO - Started process (PID=1271) to work on /home/airflow/.local/lib/python3.12/site-packages/airflow/example_dags/example_branch_operator.py
[2024-07-13T23:44:14.029+0000] {processor.py:830} INFO - Processing file /home/airflow/.local/lib/python3.12/site-packages/airflow/example_dags/example_branch_operator.py for tasks to queue
[2024-07-13T23:44:14.030+0000] {logging_mixin.py:188} INFO - [2024-07-13T23:44:14.030+0000] {dagbag.py:545} INFO - Filling up the DagBag from /home/airflow/.local/lib/python3.12/site-packages/airflow/example_dags/example_branch_operator.py
[2024-07-13T23:44:14.038+0000] {processor.py:840} INFO - DAG(s) 'example_branch_operator' retrieved from /home/airflow/.local/lib/python3.12/site-packages/airflow/example_dags/example_branch_operator.py
[2024-07-13T23:44:14.051+0000] {logging_mixin.py:188} INFO - [2024-07-13T23:44:14.051+0000] {dag.py:3096} INFO - Sync 1 DAGs
[2024-07-13T23:44:14.062+0000] {logging_mixin.py:188} INFO - [2024-07-13T23:44:14.061+0000] {dag.py:3954} INFO - Setting next_dagrun for example_branch_operator to 2024-07-12 00:00:00+00:00, run_after=2024-07-13 00:00:00+00:00
[2024-07-13T23:44:14.070+0000] {processor.py:183} INFO - Processing /home/airflow/.local/lib/python3.12/site-packages/airflow/example_dags/example_branch_operator.py took 0.046 seconds
[2024-07-13T23:44:44.945+0000] {processor.py:161} INFO - Started process (PID=1329) to work on /home/airflow/.local/lib/python3.12/site-packages/airflow/example_dags/example_branch_operator.py
[2024-07-13T23:44:44.946+0000] {processor.py:830} INFO - Processing file /home/airflow/.local/lib/python3.12/site-packages/airflow/example_dags/example_branch_operator.py for tasks to queue
[2024-07-13T23:44:44.947+0000] {logging_mixin.py:188} INFO - [2024-07-13T23:44:44.947+0000] {dagbag.py:545} INFO - Filling up the DagBag from /home/airflow/.local/lib/python3.12/site-packages/airflow/example_dags/example_branch_operator.py
[2024-07-13T23:44:44.955+0000] {processor.py:840} INFO - DAG(s) 'example_branch_operator' retrieved from /home/airflow/.local/lib/python3.12/site-packages/airflow/example_dags/example_branch_operator.py
[2024-07-13T23:44:44.969+0000] {logging_mixin.py:188} INFO - [2024-07-13T23:44:44.969+0000] {dag.py:3096} INFO - Sync 1 DAGs
[2024-07-13T23:44:44.982+0000] {logging_mixin.py:188} INFO - [2024-07-13T23:44:44.982+0000] {dag.py:3954} INFO - Setting next_dagrun for example_branch_operator to 2024-07-12 00:00:00+00:00, run_after=2024-07-13 00:00:00+00:00
[2024-07-13T23:44:44.992+0000] {processor.py:183} INFO - Processing /home/airflow/.local/lib/python3.12/site-packages/airflow/example_dags/example_branch_operator.py took 0.051 seconds
[2024-07-13T23:45:15.978+0000] {processor.py:161} INFO - Started process (PID=1387) to work on /home/airflow/.local/lib/python3.12/site-packages/airflow/example_dags/example_branch_operator.py
[2024-07-13T23:45:15.979+0000] {processor.py:830} INFO - Processing file /home/airflow/.local/lib/python3.12/site-packages/airflow/example_dags/example_branch_operator.py for tasks to queue
[2024-07-13T23:45:15.980+0000] {logging_mixin.py:188} INFO - [2024-07-13T23:45:15.980+0000] {dagbag.py:545} INFO - Filling up the DagBag from /home/airflow/.local/lib/python3.12/site-packages/airflow/example_dags/example_branch_operator.py
[2024-07-13T23:45:15.987+0000] {processor.py:840} INFO - DAG(s) 'example_branch_operator' retrieved from /home/airflow/.local/lib/python3.12/site-packages/airflow/example_dags/example_branch_operator.py
[2024-07-13T23:45:15.999+0000] {logging_mixin.py:188} INFO - [2024-07-13T23:45:15.999+0000] {dag.py:3096} INFO - Sync 1 DAGs
[2024-07-13T23:45:16.013+0000] {logging_mixin.py:188} INFO - [2024-07-13T23:45:16.012+0000] {dag.py:3954} INFO - Setting next_dagrun for example_branch_operator to 2024-07-12 00:00:00+00:00, run_after=2024-07-13 00:00:00+00:00
[2024-07-13T23:45:16.023+0000] {processor.py:183} INFO - Processing /home/airflow/.local/lib/python3.12/site-packages/airflow/example_dags/example_branch_operator.py took 0.048 seconds
[2024-07-13T23:45:46.549+0000] {processor.py:161} INFO - Started process (PID=1445) to work on /home/airflow/.local/lib/python3.12/site-packages/airflow/example_dags/example_branch_operator.py
[2024-07-13T23:45:46.549+0000] {processor.py:830} INFO - Processing file /home/airflow/.local/lib/python3.12/site-packages/airflow/example_dags/example_branch_operator.py for tasks to queue
[2024-07-13T23:45:46.550+0000] {logging_mixin.py:188} INFO - [2024-07-13T23:45:46.550+0000] {dagbag.py:545} INFO - Filling up the DagBag from /home/airflow/.local/lib/python3.12/site-packages/airflow/example_dags/example_branch_operator.py
[2024-07-13T23:45:46.558+0000] {processor.py:840} INFO - DAG(s) 'example_branch_operator' retrieved from /home/airflow/.local/lib/python3.12/site-packages/airflow/example_dags/example_branch_operator.py
[2024-07-13T23:45:46.570+0000] {logging_mixin.py:188} INFO - [2024-07-13T23:45:46.570+0000] {dag.py:3096} INFO - Sync 1 DAGs
[2024-07-13T23:45:46.580+0000] {logging_mixin.py:188} INFO - [2024-07-13T23:45:46.579+0000] {dag.py:3954} INFO - Setting next_dagrun for example_branch_operator to 2024-07-12 00:00:00+00:00, run_after=2024-07-13 00:00:00+00:00
[2024-07-13T23:45:46.590+0000] {processor.py:183} INFO - Processing /home/airflow/.local/lib/python3.12/site-packages/airflow/example_dags/example_branch_operator.py took 0.044 seconds
[2024-07-13T23:46:17.112+0000] {processor.py:161} INFO - Started process (PID=1503) to work on /home/airflow/.local/lib/python3.12/site-packages/airflow/example_dags/example_branch_operator.py
[2024-07-13T23:46:17.112+0000] {processor.py:830} INFO - Processing file /home/airflow/.local/lib/python3.12/site-packages/airflow/example_dags/example_branch_operator.py for tasks to queue
[2024-07-13T23:46:17.113+0000] {logging_mixin.py:188} INFO - [2024-07-13T23:46:17.113+0000] {dagbag.py:545} INFO - Filling up the DagBag from /home/airflow/.local/lib/python3.12/site-packages/airflow/example_dags/example_branch_operator.py
[2024-07-13T23:46:17.121+0000] {processor.py:840} INFO - DAG(s) 'example_branch_operator' retrieved from /home/airflow/.local/lib/python3.12/site-packages/airflow/example_dags/example_branch_operator.py
[2024-07-13T23:46:17.134+0000] {logging_mixin.py:188} INFO - [2024-07-13T23:46:17.134+0000] {dag.py:3096} INFO - Sync 1 DAGs
[2024-07-13T23:46:17.144+0000] {logging_mixin.py:188} INFO - [2024-07-13T23:46:17.144+0000] {dag.py:3954} INFO - Setting next_dagrun for example_branch_operator to 2024-07-12 00:00:00+00:00, run_after=2024-07-13 00:00:00+00:00
[2024-07-13T23:46:17.154+0000] {processor.py:183} INFO - Processing /home/airflow/.local/lib/python3.12/site-packages/airflow/example_dags/example_branch_operator.py took 0.045 seconds
[2024-07-13T23:46:47.712+0000] {processor.py:161} INFO - Started process (PID=1561) to work on /home/airflow/.local/lib/python3.12/site-packages/airflow/example_dags/example_branch_operator.py
[2024-07-13T23:46:47.712+0000] {processor.py:830} INFO - Processing file /home/airflow/.local/lib/python3.12/site-packages/airflow/example_dags/example_branch_operator.py for tasks to queue
[2024-07-13T23:46:47.713+0000] {logging_mixin.py:188} INFO - [2024-07-13T23:46:47.713+0000] {dagbag.py:545} INFO - Filling up the DagBag from /home/airflow/.local/lib/python3.12/site-packages/airflow/example_dags/example_branch_operator.py
[2024-07-13T23:46:47.721+0000] {processor.py:840} INFO - DAG(s) 'example_branch_operator' retrieved from /home/airflow/.local/lib/python3.12/site-packages/airflow/example_dags/example_branch_operator.py
[2024-07-13T23:46:47.734+0000] {logging_mixin.py:188} INFO - [2024-07-13T23:46:47.734+0000] {dag.py:3096} INFO - Sync 1 DAGs
[2024-07-13T23:46:47.743+0000] {logging_mixin.py:188} INFO - [2024-07-13T23:46:47.743+0000] {dag.py:3954} INFO - Setting next_dagrun for example_branch_operator to 2024-07-12 00:00:00+00:00, run_after=2024-07-13 00:00:00+00:00
[2024-07-13T23:46:47.752+0000] {processor.py:183} INFO - Processing /home/airflow/.local/lib/python3.12/site-packages/airflow/example_dags/example_branch_operator.py took 0.043 seconds
[2024-07-13T23:47:18.255+0000] {processor.py:161} INFO - Started process (PID=1619) to work on /home/airflow/.local/lib/python3.12/site-packages/airflow/example_dags/example_branch_operator.py
[2024-07-13T23:47:18.255+0000] {processor.py:830} INFO - Processing file /home/airflow/.local/lib/python3.12/site-packages/airflow/example_dags/example_branch_operator.py for tasks to queue
[2024-07-13T23:47:18.256+0000] {logging_mixin.py:188} INFO - [2024-07-13T23:47:18.256+0000] {dagbag.py:545} INFO - Filling up the DagBag from /home/airflow/.local/lib/python3.12/site-packages/airflow/example_dags/example_branch_operator.py
[2024-07-13T23:47:18.265+0000] {processor.py:840} INFO - DAG(s) 'example_branch_operator' retrieved from /home/airflow/.local/lib/python3.12/site-packages/airflow/example_dags/example_branch_operator.py
[2024-07-13T23:47:18.278+0000] {logging_mixin.py:188} INFO - [2024-07-13T23:47:18.278+0000] {dag.py:3096} INFO - Sync 1 DAGs
[2024-07-13T23:47:18.288+0000] {logging_mixin.py:188} INFO - [2024-07-13T23:47:18.288+0000] {dag.py:3954} INFO - Setting next_dagrun for example_branch_operator to 2024-07-12 00:00:00+00:00, run_after=2024-07-13 00:00:00+00:00
[2024-07-13T23:47:18.297+0000] {processor.py:183} INFO - Processing /home/airflow/.local/lib/python3.12/site-packages/airflow/example_dags/example_branch_operator.py took 0.045 seconds
[2024-07-13T23:47:48.860+0000] {processor.py:161} INFO - Started process (PID=1677) to work on /home/airflow/.local/lib/python3.12/site-packages/airflow/example_dags/example_branch_operator.py
[2024-07-13T23:47:48.861+0000] {processor.py:830} INFO - Processing file /home/airflow/.local/lib/python3.12/site-packages/airflow/example_dags/example_branch_operator.py for tasks to queue
[2024-07-13T23:47:48.862+0000] {logging_mixin.py:188} INFO - [2024-07-13T23:47:48.862+0000] {dagbag.py:545} INFO - Filling up the DagBag from /home/airflow/.local/lib/python3.12/site-packages/airflow/example_dags/example_branch_operator.py
[2024-07-13T23:47:48.870+0000] {processor.py:840} INFO - DAG(s) 'example_branch_operator' retrieved from /home/airflow/.local/lib/python3.12/site-packages/airflow/example_dags/example_branch_operator.py
[2024-07-13T23:47:48.883+0000] {logging_mixin.py:188} INFO - [2024-07-13T23:47:48.883+0000] {dag.py:3096} INFO - Sync 1 DAGs
[2024-07-13T23:47:48.894+0000] {logging_mixin.py:188} INFO - [2024-07-13T23:47:48.894+0000] {dag.py:3954} INFO - Setting next_dagrun for example_branch_operator to 2024-07-12 00:00:00+00:00, run_after=2024-07-13 00:00:00+00:00
[2024-07-13T23:47:48.904+0000] {processor.py:183} INFO - Processing /home/airflow/.local/lib/python3.12/site-packages/airflow/example_dags/example_branch_operator.py took 0.046 seconds
[2024-07-13T23:48:19.507+0000] {processor.py:161} INFO - Started process (PID=1735) to work on /home/airflow/.local/lib/python3.12/site-packages/airflow/example_dags/example_branch_operator.py
[2024-07-13T23:48:19.508+0000] {processor.py:830} INFO - Processing file /home/airflow/.local/lib/python3.12/site-packages/airflow/example_dags/example_branch_operator.py for tasks to queue
[2024-07-13T23:48:19.509+0000] {logging_mixin.py:188} INFO - [2024-07-13T23:48:19.508+0000] {dagbag.py:545} INFO - Filling up the DagBag from /home/airflow/.local/lib/python3.12/site-packages/airflow/example_dags/example_branch_operator.py
[2024-07-13T23:48:19.516+0000] {processor.py:840} INFO - DAG(s) 'example_branch_operator' retrieved from /home/airflow/.local/lib/python3.12/site-packages/airflow/example_dags/example_branch_operator.py
[2024-07-13T23:48:19.530+0000] {logging_mixin.py:188} INFO - [2024-07-13T23:48:19.530+0000] {dag.py:3096} INFO - Sync 1 DAGs
[2024-07-13T23:48:19.541+0000] {logging_mixin.py:188} INFO - [2024-07-13T23:48:19.541+0000] {dag.py:3954} INFO - Setting next_dagrun for example_branch_operator to 2024-07-12 00:00:00+00:00, run_after=2024-07-13 00:00:00+00:00
[2024-07-13T23:48:19.551+0000] {processor.py:183} INFO - Processing /home/airflow/.local/lib/python3.12/site-packages/airflow/example_dags/example_branch_operator.py took 0.046 seconds
[2024-07-13T23:48:50.407+0000] {processor.py:161} INFO - Started process (PID=1799) to work on /home/airflow/.local/lib/python3.12/site-packages/airflow/example_dags/example_branch_operator.py
[2024-07-13T23:48:50.408+0000] {processor.py:830} INFO - Processing file /home/airflow/.local/lib/python3.12/site-packages/airflow/example_dags/example_branch_operator.py for tasks to queue
[2024-07-13T23:48:50.409+0000] {logging_mixin.py:188} INFO - [2024-07-13T23:48:50.409+0000] {dagbag.py:545} INFO - Filling up the DagBag from /home/airflow/.local/lib/python3.12/site-packages/airflow/example_dags/example_branch_operator.py
[2024-07-13T23:48:50.417+0000] {processor.py:840} INFO - DAG(s) 'example_branch_operator' retrieved from /home/airflow/.local/lib/python3.12/site-packages/airflow/example_dags/example_branch_operator.py
[2024-07-13T23:48:50.432+0000] {logging_mixin.py:188} INFO - [2024-07-13T23:48:50.432+0000] {dag.py:3096} INFO - Sync 1 DAGs
[2024-07-13T23:48:50.443+0000] {logging_mixin.py:188} INFO - [2024-07-13T23:48:50.442+0000] {dag.py:3954} INFO - Setting next_dagrun for example_branch_operator to 2024-07-12 00:00:00+00:00, run_after=2024-07-13 00:00:00+00:00
[2024-07-13T23:48:50.452+0000] {processor.py:183} INFO - Processing /home/airflow/.local/lib/python3.12/site-packages/airflow/example_dags/example_branch_operator.py took 0.047 seconds
[2024-07-13T23:49:20.805+0000] {processor.py:161} INFO - Started process (PID=1857) to work on /home/airflow/.local/lib/python3.12/site-packages/airflow/example_dags/example_branch_operator.py
[2024-07-13T23:49:20.806+0000] {processor.py:830} INFO - Processing file /home/airflow/.local/lib/python3.12/site-packages/airflow/example_dags/example_branch_operator.py for tasks to queue
[2024-07-13T23:49:20.808+0000] {logging_mixin.py:188} INFO - [2024-07-13T23:49:20.807+0000] {dagbag.py:545} INFO - Filling up the DagBag from /home/airflow/.local/lib/python3.12/site-packages/airflow/example_dags/example_branch_operator.py
[2024-07-13T23:49:20.820+0000] {processor.py:840} INFO - DAG(s) 'example_branch_operator' retrieved from /home/airflow/.local/lib/python3.12/site-packages/airflow/example_dags/example_branch_operator.py
[2024-07-13T23:49:20.833+0000] {logging_mixin.py:188} INFO - [2024-07-13T23:49:20.833+0000] {dag.py:3096} INFO - Sync 1 DAGs
[2024-07-13T23:49:20.844+0000] {logging_mixin.py:188} INFO - [2024-07-13T23:49:20.844+0000] {dag.py:3954} INFO - Setting next_dagrun for example_branch_operator to 2024-07-12 00:00:00+00:00, run_after=2024-07-13 00:00:00+00:00
[2024-07-13T23:49:20.852+0000] {processor.py:183} INFO - Processing /home/airflow/.local/lib/python3.12/site-packages/airflow/example_dags/example_branch_operator.py took 0.050 seconds
[2024-07-13T23:49:51.685+0000] {processor.py:161} INFO - Started process (PID=1915) to work on /home/airflow/.local/lib/python3.12/site-packages/airflow/example_dags/example_branch_operator.py
[2024-07-13T23:49:51.685+0000] {processor.py:830} INFO - Processing file /home/airflow/.local/lib/python3.12/site-packages/airflow/example_dags/example_branch_operator.py for tasks to queue
[2024-07-13T23:49:51.687+0000] {logging_mixin.py:188} INFO - [2024-07-13T23:49:51.687+0000] {dagbag.py:545} INFO - Filling up the DagBag from /home/airflow/.local/lib/python3.12/site-packages/airflow/example_dags/example_branch_operator.py
[2024-07-13T23:49:51.696+0000] {processor.py:840} INFO - DAG(s) 'example_branch_operator' retrieved from /home/airflow/.local/lib/python3.12/site-packages/airflow/example_dags/example_branch_operator.py
[2024-07-13T23:49:51.711+0000] {logging_mixin.py:188} INFO - [2024-07-13T23:49:51.711+0000] {dag.py:3096} INFO - Sync 1 DAGs
[2024-07-13T23:49:51.849+0000] {logging_mixin.py:188} INFO - [2024-07-13T23:49:51.848+0000] {dag.py:3954} INFO - Setting next_dagrun for example_branch_operator to 2024-07-12 00:00:00+00:00, run_after=2024-07-13 00:00:00+00:00
[2024-07-13T23:49:51.858+0000] {processor.py:183} INFO - Processing /home/airflow/.local/lib/python3.12/site-packages/airflow/example_dags/example_branch_operator.py took 0.177 seconds
[2024-07-13T23:50:22.106+0000] {processor.py:161} INFO - Started process (PID=1973) to work on /home/airflow/.local/lib/python3.12/site-packages/airflow/example_dags/example_branch_operator.py
[2024-07-13T23:50:22.107+0000] {processor.py:830} INFO - Processing file /home/airflow/.local/lib/python3.12/site-packages/airflow/example_dags/example_branch_operator.py for tasks to queue
[2024-07-13T23:50:22.108+0000] {logging_mixin.py:188} INFO - [2024-07-13T23:50:22.108+0000] {dagbag.py:545} INFO - Filling up the DagBag from /home/airflow/.local/lib/python3.12/site-packages/airflow/example_dags/example_branch_operator.py
[2024-07-13T23:50:22.116+0000] {processor.py:840} INFO - DAG(s) 'example_branch_operator' retrieved from /home/airflow/.local/lib/python3.12/site-packages/airflow/example_dags/example_branch_operator.py
[2024-07-13T23:50:22.130+0000] {logging_mixin.py:188} INFO - [2024-07-13T23:50:22.130+0000] {dag.py:3096} INFO - Sync 1 DAGs
[2024-07-13T23:50:22.142+0000] {logging_mixin.py:188} INFO - [2024-07-13T23:50:22.142+0000] {dag.py:3954} INFO - Setting next_dagrun for example_branch_operator to 2024-07-12 00:00:00+00:00, run_after=2024-07-13 00:00:00+00:00
[2024-07-13T23:50:22.249+0000] {processor.py:183} INFO - Processing /home/airflow/.local/lib/python3.12/site-packages/airflow/example_dags/example_branch_operator.py took 0.146 seconds
[2024-07-13T23:50:52.430+0000] {processor.py:161} INFO - Started process (PID=2031) to work on /home/airflow/.local/lib/python3.12/site-packages/airflow/example_dags/example_branch_operator.py
[2024-07-13T23:50:52.431+0000] {processor.py:830} INFO - Processing file /home/airflow/.local/lib/python3.12/site-packages/airflow/example_dags/example_branch_operator.py for tasks to queue
[2024-07-13T23:50:52.432+0000] {logging_mixin.py:188} INFO - [2024-07-13T23:50:52.432+0000] {dagbag.py:545} INFO - Filling up the DagBag from /home/airflow/.local/lib/python3.12/site-packages/airflow/example_dags/example_branch_operator.py
[2024-07-13T23:50:52.442+0000] {processor.py:840} INFO - DAG(s) 'example_branch_operator' retrieved from /home/airflow/.local/lib/python3.12/site-packages/airflow/example_dags/example_branch_operator.py
[2024-07-13T23:50:52.458+0000] {logging_mixin.py:188} INFO - [2024-07-13T23:50:52.458+0000] {dag.py:3096} INFO - Sync 1 DAGs
[2024-07-13T23:50:52.470+0000] {logging_mixin.py:188} INFO - [2024-07-13T23:50:52.470+0000] {dag.py:3954} INFO - Setting next_dagrun for example_branch_operator to 2024-07-12 00:00:00+00:00, run_after=2024-07-13 00:00:00+00:00
[2024-07-13T23:50:52.480+0000] {processor.py:183} INFO - Processing /home/airflow/.local/lib/python3.12/site-packages/airflow/example_dags/example_branch_operator.py took 0.053 seconds
[2024-07-13T23:51:23.115+0000] {processor.py:161} INFO - Started process (PID=2089) to work on /home/airflow/.local/lib/python3.12/site-packages/airflow/example_dags/example_branch_operator.py
[2024-07-13T23:51:23.116+0000] {processor.py:830} INFO - Processing file /home/airflow/.local/lib/python3.12/site-packages/airflow/example_dags/example_branch_operator.py for tasks to queue
[2024-07-13T23:51:23.117+0000] {logging_mixin.py:188} INFO - [2024-07-13T23:51:23.117+0000] {dagbag.py:545} INFO - Filling up the DagBag from /home/airflow/.local/lib/python3.12/site-packages/airflow/example_dags/example_branch_operator.py
[2024-07-13T23:51:23.131+0000] {processor.py:840} INFO - DAG(s) 'example_branch_operator' retrieved from /home/airflow/.local/lib/python3.12/site-packages/airflow/example_dags/example_branch_operator.py
[2024-07-13T23:51:23.152+0000] {logging_mixin.py:188} INFO - [2024-07-13T23:51:23.152+0000] {dag.py:3096} INFO - Sync 1 DAGs
[2024-07-13T23:51:23.166+0000] {logging_mixin.py:188} INFO - [2024-07-13T23:51:23.166+0000] {dag.py:3954} INFO - Setting next_dagrun for example_branch_operator to 2024-07-12 00:00:00+00:00, run_after=2024-07-13 00:00:00+00:00
[2024-07-13T23:51:23.177+0000] {processor.py:183} INFO - Processing /home/airflow/.local/lib/python3.12/site-packages/airflow/example_dags/example_branch_operator.py took 0.065 seconds
[2024-07-13T23:51:53.706+0000] {processor.py:161} INFO - Started process (PID=2147) to work on /home/airflow/.local/lib/python3.12/site-packages/airflow/example_dags/example_branch_operator.py
[2024-07-13T23:51:53.707+0000] {processor.py:830} INFO - Processing file /home/airflow/.local/lib/python3.12/site-packages/airflow/example_dags/example_branch_operator.py for tasks to queue
[2024-07-13T23:51:53.708+0000] {logging_mixin.py:188} INFO - [2024-07-13T23:51:53.708+0000] {dagbag.py:545} INFO - Filling up the DagBag from /home/airflow/.local/lib/python3.12/site-packages/airflow/example_dags/example_branch_operator.py
[2024-07-13T23:51:53.813+0000] {processor.py:840} INFO - DAG(s) 'example_branch_operator' retrieved from /home/airflow/.local/lib/python3.12/site-packages/airflow/example_dags/example_branch_operator.py
[2024-07-13T23:51:53.828+0000] {logging_mixin.py:188} INFO - [2024-07-13T23:51:53.828+0000] {dag.py:3096} INFO - Sync 1 DAGs
[2024-07-13T23:51:53.839+0000] {logging_mixin.py:188} INFO - [2024-07-13T23:51:53.838+0000] {dag.py:3954} INFO - Setting next_dagrun for example_branch_operator to 2024-07-12 00:00:00+00:00, run_after=2024-07-13 00:00:00+00:00
[2024-07-13T23:51:53.847+0000] {processor.py:183} INFO - Processing /home/airflow/.local/lib/python3.12/site-packages/airflow/example_dags/example_branch_operator.py took 0.144 seconds
[2024-07-13T23:52:24.239+0000] {processor.py:161} INFO - Started process (PID=2205) to work on /home/airflow/.local/lib/python3.12/site-packages/airflow/example_dags/example_branch_operator.py
[2024-07-13T23:52:24.240+0000] {processor.py:830} INFO - Processing file /home/airflow/.local/lib/python3.12/site-packages/airflow/example_dags/example_branch_operator.py for tasks to queue
[2024-07-13T23:52:24.242+0000] {logging_mixin.py:188} INFO - [2024-07-13T23:52:24.242+0000] {dagbag.py:545} INFO - Filling up the DagBag from /home/airflow/.local/lib/python3.12/site-packages/airflow/example_dags/example_branch_operator.py
[2024-07-13T23:52:24.250+0000] {processor.py:840} INFO - DAG(s) 'example_branch_operator' retrieved from /home/airflow/.local/lib/python3.12/site-packages/airflow/example_dags/example_branch_operator.py
[2024-07-13T23:52:24.267+0000] {logging_mixin.py:188} INFO - [2024-07-13T23:52:24.267+0000] {dag.py:3096} INFO - Sync 1 DAGs
[2024-07-13T23:52:24.287+0000] {logging_mixin.py:188} INFO - [2024-07-13T23:52:24.287+0000] {dag.py:3954} INFO - Setting next_dagrun for example_branch_operator to 2024-07-12 00:00:00+00:00, run_after=2024-07-13 00:00:00+00:00
[2024-07-13T23:52:24.297+0000] {processor.py:183} INFO - Processing /home/airflow/.local/lib/python3.12/site-packages/airflow/example_dags/example_branch_operator.py took 0.061 seconds
[2024-07-13T23:52:54.976+0000] {processor.py:161} INFO - Started process (PID=2263) to work on /home/airflow/.local/lib/python3.12/site-packages/airflow/example_dags/example_branch_operator.py
[2024-07-13T23:52:54.977+0000] {processor.py:830} INFO - Processing file /home/airflow/.local/lib/python3.12/site-packages/airflow/example_dags/example_branch_operator.py for tasks to queue
[2024-07-13T23:52:54.978+0000] {logging_mixin.py:188} INFO - [2024-07-13T23:52:54.978+0000] {dagbag.py:545} INFO - Filling up the DagBag from /home/airflow/.local/lib/python3.12/site-packages/airflow/example_dags/example_branch_operator.py
[2024-07-13T23:52:54.986+0000] {processor.py:840} INFO - DAG(s) 'example_branch_operator' retrieved from /home/airflow/.local/lib/python3.12/site-packages/airflow/example_dags/example_branch_operator.py
[2024-07-13T23:52:54.998+0000] {logging_mixin.py:188} INFO - [2024-07-13T23:52:54.998+0000] {dag.py:3096} INFO - Sync 1 DAGs
[2024-07-13T23:52:55.009+0000] {logging_mixin.py:188} INFO - [2024-07-13T23:52:55.009+0000] {dag.py:3954} INFO - Setting next_dagrun for example_branch_operator to 2024-07-12 00:00:00+00:00, run_after=2024-07-13 00:00:00+00:00
[2024-07-13T23:52:55.018+0000] {processor.py:183} INFO - Processing /home/airflow/.local/lib/python3.12/site-packages/airflow/example_dags/example_branch_operator.py took 0.045 seconds
[2024-07-13T23:53:25.635+0000] {processor.py:161} INFO - Started process (PID=2321) to work on /home/airflow/.local/lib/python3.12/site-packages/airflow/example_dags/example_branch_operator.py
[2024-07-13T23:53:25.635+0000] {processor.py:830} INFO - Processing file /home/airflow/.local/lib/python3.12/site-packages/airflow/example_dags/example_branch_operator.py for tasks to queue
[2024-07-13T23:53:25.636+0000] {logging_mixin.py:188} INFO - [2024-07-13T23:53:25.636+0000] {dagbag.py:545} INFO - Filling up the DagBag from /home/airflow/.local/lib/python3.12/site-packages/airflow/example_dags/example_branch_operator.py
[2024-07-13T23:53:25.644+0000] {processor.py:840} INFO - DAG(s) 'example_branch_operator' retrieved from /home/airflow/.local/lib/python3.12/site-packages/airflow/example_dags/example_branch_operator.py
[2024-07-13T23:53:25.658+0000] {logging_mixin.py:188} INFO - [2024-07-13T23:53:25.658+0000] {dag.py:3096} INFO - Sync 1 DAGs
[2024-07-13T23:53:25.668+0000] {logging_mixin.py:188} INFO - [2024-07-13T23:53:25.668+0000] {dag.py:3954} INFO - Setting next_dagrun for example_branch_operator to 2024-07-12 00:00:00+00:00, run_after=2024-07-13 00:00:00+00:00
[2024-07-13T23:53:25.677+0000] {processor.py:183} INFO - Processing /home/airflow/.local/lib/python3.12/site-packages/airflow/example_dags/example_branch_operator.py took 0.045 seconds
[2024-07-13T23:53:56.619+0000] {processor.py:161} INFO - Started process (PID=2378) to work on /home/airflow/.local/lib/python3.12/site-packages/airflow/example_dags/example_branch_operator.py
[2024-07-13T23:53:56.619+0000] {processor.py:830} INFO - Processing file /home/airflow/.local/lib/python3.12/site-packages/airflow/example_dags/example_branch_operator.py for tasks to queue
[2024-07-13T23:53:56.621+0000] {logging_mixin.py:188} INFO - [2024-07-13T23:53:56.621+0000] {dagbag.py:545} INFO - Filling up the DagBag from /home/airflow/.local/lib/python3.12/site-packages/airflow/example_dags/example_branch_operator.py
[2024-07-13T23:53:56.634+0000] {processor.py:840} INFO - DAG(s) 'example_branch_operator' retrieved from /home/airflow/.local/lib/python3.12/site-packages/airflow/example_dags/example_branch_operator.py
[2024-07-13T23:53:56.648+0000] {logging_mixin.py:188} INFO - [2024-07-13T23:53:56.648+0000] {dag.py:3096} INFO - Sync 1 DAGs
[2024-07-13T23:53:56.659+0000] {logging_mixin.py:188} INFO - [2024-07-13T23:53:56.659+0000] {dag.py:3954} INFO - Setting next_dagrun for example_branch_operator to 2024-07-12 00:00:00+00:00, run_after=2024-07-13 00:00:00+00:00
[2024-07-13T23:53:56.671+0000] {processor.py:183} INFO - Processing /home/airflow/.local/lib/python3.12/site-packages/airflow/example_dags/example_branch_operator.py took 0.058 seconds
[2024-07-13T23:54:27.199+0000] {processor.py:161} INFO - Started process (PID=2435) to work on /home/airflow/.local/lib/python3.12/site-packages/airflow/example_dags/example_branch_operator.py
[2024-07-13T23:54:27.200+0000] {processor.py:830} INFO - Processing file /home/airflow/.local/lib/python3.12/site-packages/airflow/example_dags/example_branch_operator.py for tasks to queue
[2024-07-13T23:54:27.201+0000] {logging_mixin.py:188} INFO - [2024-07-13T23:54:27.201+0000] {dagbag.py:545} INFO - Filling up the DagBag from /home/airflow/.local/lib/python3.12/site-packages/airflow/example_dags/example_branch_operator.py
[2024-07-13T23:54:27.208+0000] {processor.py:840} INFO - DAG(s) 'example_branch_operator' retrieved from /home/airflow/.local/lib/python3.12/site-packages/airflow/example_dags/example_branch_operator.py
[2024-07-13T23:54:27.221+0000] {logging_mixin.py:188} INFO - [2024-07-13T23:54:27.221+0000] {dag.py:3096} INFO - Sync 1 DAGs
[2024-07-13T23:54:27.231+0000] {logging_mixin.py:188} INFO - [2024-07-13T23:54:27.231+0000] {dag.py:3954} INFO - Setting next_dagrun for example_branch_operator to 2024-07-12 00:00:00+00:00, run_after=2024-07-13 00:00:00+00:00
[2024-07-13T23:54:27.239+0000] {processor.py:183} INFO - Processing /home/airflow/.local/lib/python3.12/site-packages/airflow/example_dags/example_branch_operator.py took 0.043 seconds
[2024-07-13T23:54:58.074+0000] {processor.py:161} INFO - Started process (PID=2493) to work on /home/airflow/.local/lib/python3.12/site-packages/airflow/example_dags/example_branch_operator.py
[2024-07-13T23:54:58.075+0000] {processor.py:830} INFO - Processing file /home/airflow/.local/lib/python3.12/site-packages/airflow/example_dags/example_branch_operator.py for tasks to queue
[2024-07-13T23:54:58.076+0000] {logging_mixin.py:188} INFO - [2024-07-13T23:54:58.076+0000] {dagbag.py:545} INFO - Filling up the DagBag from /home/airflow/.local/lib/python3.12/site-packages/airflow/example_dags/example_branch_operator.py
[2024-07-13T23:54:58.084+0000] {processor.py:840} INFO - DAG(s) 'example_branch_operator' retrieved from /home/airflow/.local/lib/python3.12/site-packages/airflow/example_dags/example_branch_operator.py
[2024-07-13T23:54:58.097+0000] {logging_mixin.py:188} INFO - [2024-07-13T23:54:58.097+0000] {dag.py:3096} INFO - Sync 1 DAGs
[2024-07-13T23:54:58.110+0000] {logging_mixin.py:188} INFO - [2024-07-13T23:54:58.110+0000] {dag.py:3954} INFO - Setting next_dagrun for example_branch_operator to 2024-07-12 00:00:00+00:00, run_after=2024-07-13 00:00:00+00:00
[2024-07-13T23:54:58.119+0000] {processor.py:183} INFO - Processing /home/airflow/.local/lib/python3.12/site-packages/airflow/example_dags/example_branch_operator.py took 0.048 seconds
[2024-07-13T23:55:28.878+0000] {processor.py:161} INFO - Started process (PID=2551) to work on /home/airflow/.local/lib/python3.12/site-packages/airflow/example_dags/example_branch_operator.py
[2024-07-13T23:55:28.879+0000] {processor.py:830} INFO - Processing file /home/airflow/.local/lib/python3.12/site-packages/airflow/example_dags/example_branch_operator.py for tasks to queue
[2024-07-13T23:55:28.880+0000] {logging_mixin.py:188} INFO - [2024-07-13T23:55:28.879+0000] {dagbag.py:545} INFO - Filling up the DagBag from /home/airflow/.local/lib/python3.12/site-packages/airflow/example_dags/example_branch_operator.py
[2024-07-13T23:55:28.887+0000] {processor.py:840} INFO - DAG(s) 'example_branch_operator' retrieved from /home/airflow/.local/lib/python3.12/site-packages/airflow/example_dags/example_branch_operator.py
[2024-07-13T23:55:28.900+0000] {logging_mixin.py:188} INFO - [2024-07-13T23:55:28.900+0000] {dag.py:3096} INFO - Sync 1 DAGs
[2024-07-13T23:55:28.910+0000] {logging_mixin.py:188} INFO - [2024-07-13T23:55:28.910+0000] {dag.py:3954} INFO - Setting next_dagrun for example_branch_operator to 2024-07-12 00:00:00+00:00, run_after=2024-07-13 00:00:00+00:00
[2024-07-13T23:55:28.919+0000] {processor.py:183} INFO - Processing /home/airflow/.local/lib/python3.12/site-packages/airflow/example_dags/example_branch_operator.py took 0.044 seconds
[2024-07-13T23:55:59.532+0000] {processor.py:161} INFO - Started process (PID=2608) to work on /home/airflow/.local/lib/python3.12/site-packages/airflow/example_dags/example_branch_operator.py
[2024-07-13T23:55:59.533+0000] {processor.py:830} INFO - Processing file /home/airflow/.local/lib/python3.12/site-packages/airflow/example_dags/example_branch_operator.py for tasks to queue
[2024-07-13T23:55:59.534+0000] {logging_mixin.py:188} INFO - [2024-07-13T23:55:59.534+0000] {dagbag.py:545} INFO - Filling up the DagBag from /home/airflow/.local/lib/python3.12/site-packages/airflow/example_dags/example_branch_operator.py
[2024-07-13T23:55:59.541+0000] {processor.py:840} INFO - DAG(s) 'example_branch_operator' retrieved from /home/airflow/.local/lib/python3.12/site-packages/airflow/example_dags/example_branch_operator.py
[2024-07-13T23:55:59.554+0000] {logging_mixin.py:188} INFO - [2024-07-13T23:55:59.554+0000] {dag.py:3096} INFO - Sync 1 DAGs
[2024-07-13T23:55:59.564+0000] {logging_mixin.py:188} INFO - [2024-07-13T23:55:59.563+0000] {dag.py:3954} INFO - Setting next_dagrun for example_branch_operator to 2024-07-12 00:00:00+00:00, run_after=2024-07-13 00:00:00+00:00
[2024-07-13T23:55:59.572+0000] {processor.py:183} INFO - Processing /home/airflow/.local/lib/python3.12/site-packages/airflow/example_dags/example_branch_operator.py took 0.043 seconds
[2024-07-13T23:56:30.271+0000] {processor.py:161} INFO - Started process (PID=2666) to work on /home/airflow/.local/lib/python3.12/site-packages/airflow/example_dags/example_branch_operator.py
[2024-07-13T23:56:30.271+0000] {processor.py:830} INFO - Processing file /home/airflow/.local/lib/python3.12/site-packages/airflow/example_dags/example_branch_operator.py for tasks to queue
[2024-07-13T23:56:30.273+0000] {logging_mixin.py:188} INFO - [2024-07-13T23:56:30.272+0000] {dagbag.py:545} INFO - Filling up the DagBag from /home/airflow/.local/lib/python3.12/site-packages/airflow/example_dags/example_branch_operator.py
[2024-07-13T23:56:30.281+0000] {processor.py:840} INFO - DAG(s) 'example_branch_operator' retrieved from /home/airflow/.local/lib/python3.12/site-packages/airflow/example_dags/example_branch_operator.py
[2024-07-13T23:56:30.294+0000] {logging_mixin.py:188} INFO - [2024-07-13T23:56:30.294+0000] {dag.py:3096} INFO - Sync 1 DAGs
[2024-07-13T23:56:30.305+0000] {logging_mixin.py:188} INFO - [2024-07-13T23:56:30.305+0000] {dag.py:3954} INFO - Setting next_dagrun for example_branch_operator to 2024-07-12 00:00:00+00:00, run_after=2024-07-13 00:00:00+00:00
[2024-07-13T23:56:30.314+0000] {processor.py:183} INFO - Processing /home/airflow/.local/lib/python3.12/site-packages/airflow/example_dags/example_branch_operator.py took 0.046 seconds
[2024-07-13T23:57:00.984+0000] {processor.py:161} INFO - Started process (PID=2724) to work on /home/airflow/.local/lib/python3.12/site-packages/airflow/example_dags/example_branch_operator.py
[2024-07-13T23:57:00.984+0000] {processor.py:830} INFO - Processing file /home/airflow/.local/lib/python3.12/site-packages/airflow/example_dags/example_branch_operator.py for tasks to queue
[2024-07-13T23:57:00.986+0000] {logging_mixin.py:188} INFO - [2024-07-13T23:57:00.985+0000] {dagbag.py:545} INFO - Filling up the DagBag from /home/airflow/.local/lib/python3.12/site-packages/airflow/example_dags/example_branch_operator.py
[2024-07-13T23:57:00.994+0000] {processor.py:840} INFO - DAG(s) 'example_branch_operator' retrieved from /home/airflow/.local/lib/python3.12/site-packages/airflow/example_dags/example_branch_operator.py
[2024-07-13T23:57:01.008+0000] {logging_mixin.py:188} INFO - [2024-07-13T23:57:01.008+0000] {dag.py:3096} INFO - Sync 1 DAGs
[2024-07-13T23:57:01.019+0000] {logging_mixin.py:188} INFO - [2024-07-13T23:57:01.019+0000] {dag.py:3954} INFO - Setting next_dagrun for example_branch_operator to 2024-07-12 00:00:00+00:00, run_after=2024-07-13 00:00:00+00:00
[2024-07-13T23:57:01.028+0000] {processor.py:183} INFO - Processing /home/airflow/.local/lib/python3.12/site-packages/airflow/example_dags/example_branch_operator.py took 0.048 seconds
[2024-07-13T23:57:31.723+0000] {processor.py:161} INFO - Started process (PID=2781) to work on /home/airflow/.local/lib/python3.12/site-packages/airflow/example_dags/example_branch_operator.py
[2024-07-13T23:57:31.724+0000] {processor.py:830} INFO - Processing file /home/airflow/.local/lib/python3.12/site-packages/airflow/example_dags/example_branch_operator.py for tasks to queue
[2024-07-13T23:57:31.725+0000] {logging_mixin.py:188} INFO - [2024-07-13T23:57:31.725+0000] {dagbag.py:545} INFO - Filling up the DagBag from /home/airflow/.local/lib/python3.12/site-packages/airflow/example_dags/example_branch_operator.py
[2024-07-13T23:57:31.733+0000] {processor.py:840} INFO - DAG(s) 'example_branch_operator' retrieved from /home/airflow/.local/lib/python3.12/site-packages/airflow/example_dags/example_branch_operator.py
[2024-07-13T23:57:31.749+0000] {logging_mixin.py:188} INFO - [2024-07-13T23:57:31.749+0000] {dag.py:3096} INFO - Sync 1 DAGs
[2024-07-13T23:57:31.760+0000] {logging_mixin.py:188} INFO - [2024-07-13T23:57:31.760+0000] {dag.py:3954} INFO - Setting next_dagrun for example_branch_operator to 2024-07-12 00:00:00+00:00, run_after=2024-07-13 00:00:00+00:00
[2024-07-13T23:57:31.771+0000] {processor.py:183} INFO - Processing /home/airflow/.local/lib/python3.12/site-packages/airflow/example_dags/example_branch_operator.py took 0.052 seconds
[2024-07-13T23:58:02.505+0000] {processor.py:161} INFO - Started process (PID=2839) to work on /home/airflow/.local/lib/python3.12/site-packages/airflow/example_dags/example_branch_operator.py
[2024-07-13T23:58:02.506+0000] {processor.py:830} INFO - Processing file /home/airflow/.local/lib/python3.12/site-packages/airflow/example_dags/example_branch_operator.py for tasks to queue
[2024-07-13T23:58:02.507+0000] {logging_mixin.py:188} INFO - [2024-07-13T23:58:02.507+0000] {dagbag.py:545} INFO - Filling up the DagBag from /home/airflow/.local/lib/python3.12/site-packages/airflow/example_dags/example_branch_operator.py
[2024-07-13T23:58:02.515+0000] {processor.py:840} INFO - DAG(s) 'example_branch_operator' retrieved from /home/airflow/.local/lib/python3.12/site-packages/airflow/example_dags/example_branch_operator.py
[2024-07-13T23:58:02.527+0000] {logging_mixin.py:188} INFO - [2024-07-13T23:58:02.527+0000] {dag.py:3096} INFO - Sync 1 DAGs
[2024-07-13T23:58:02.538+0000] {logging_mixin.py:188} INFO - [2024-07-13T23:58:02.538+0000] {dag.py:3954} INFO - Setting next_dagrun for example_branch_operator to 2024-07-12 00:00:00+00:00, run_after=2024-07-13 00:00:00+00:00
[2024-07-13T23:58:02.546+0000] {processor.py:183} INFO - Processing /home/airflow/.local/lib/python3.12/site-packages/airflow/example_dags/example_branch_operator.py took 0.044 seconds
[2024-07-13T23:58:33.255+0000] {processor.py:161} INFO - Started process (PID=2897) to work on /home/airflow/.local/lib/python3.12/site-packages/airflow/example_dags/example_branch_operator.py
[2024-07-13T23:58:33.256+0000] {processor.py:830} INFO - Processing file /home/airflow/.local/lib/python3.12/site-packages/airflow/example_dags/example_branch_operator.py for tasks to queue
[2024-07-13T23:58:33.258+0000] {logging_mixin.py:188} INFO - [2024-07-13T23:58:33.258+0000] {dagbag.py:545} INFO - Filling up the DagBag from /home/airflow/.local/lib/python3.12/site-packages/airflow/example_dags/example_branch_operator.py
[2024-07-13T23:58:33.272+0000] {processor.py:840} INFO - DAG(s) 'example_branch_operator' retrieved from /home/airflow/.local/lib/python3.12/site-packages/airflow/example_dags/example_branch_operator.py
[2024-07-13T23:58:33.296+0000] {logging_mixin.py:188} INFO - [2024-07-13T23:58:33.295+0000] {dag.py:3096} INFO - Sync 1 DAGs
[2024-07-13T23:58:33.308+0000] {logging_mixin.py:188} INFO - [2024-07-13T23:58:33.308+0000] {dag.py:3954} INFO - Setting next_dagrun for example_branch_operator to 2024-07-12 00:00:00+00:00, run_after=2024-07-13 00:00:00+00:00
[2024-07-13T23:58:33.319+0000] {processor.py:183} INFO - Processing /home/airflow/.local/lib/python3.12/site-packages/airflow/example_dags/example_branch_operator.py took 0.066 seconds
[2024-07-13T23:59:03.979+0000] {processor.py:161} INFO - Started process (PID=2955) to work on /home/airflow/.local/lib/python3.12/site-packages/airflow/example_dags/example_branch_operator.py
[2024-07-13T23:59:03.980+0000] {processor.py:830} INFO - Processing file /home/airflow/.local/lib/python3.12/site-packages/airflow/example_dags/example_branch_operator.py for tasks to queue
[2024-07-13T23:59:03.981+0000] {logging_mixin.py:188} INFO - [2024-07-13T23:59:03.981+0000] {dagbag.py:545} INFO - Filling up the DagBag from /home/airflow/.local/lib/python3.12/site-packages/airflow/example_dags/example_branch_operator.py
[2024-07-13T23:59:03.989+0000] {processor.py:840} INFO - DAG(s) 'example_branch_operator' retrieved from /home/airflow/.local/lib/python3.12/site-packages/airflow/example_dags/example_branch_operator.py
[2024-07-13T23:59:04.004+0000] {logging_mixin.py:188} INFO - [2024-07-13T23:59:04.004+0000] {dag.py:3096} INFO - Sync 1 DAGs
[2024-07-13T23:59:04.016+0000] {logging_mixin.py:188} INFO - [2024-07-13T23:59:04.016+0000] {dag.py:3954} INFO - Setting next_dagrun for example_branch_operator to 2024-07-12 00:00:00+00:00, run_after=2024-07-13 00:00:00+00:00
[2024-07-13T23:59:04.025+0000] {processor.py:183} INFO - Processing /home/airflow/.local/lib/python3.12/site-packages/airflow/example_dags/example_branch_operator.py took 0.049 seconds
[2024-07-13T23:59:34.698+0000] {processor.py:161} INFO - Started process (PID=3013) to work on /home/airflow/.local/lib/python3.12/site-packages/airflow/example_dags/example_branch_operator.py
[2024-07-13T23:59:34.698+0000] {processor.py:830} INFO - Processing file /home/airflow/.local/lib/python3.12/site-packages/airflow/example_dags/example_branch_operator.py for tasks to queue
[2024-07-13T23:59:34.700+0000] {logging_mixin.py:188} INFO - [2024-07-13T23:59:34.700+0000] {dagbag.py:545} INFO - Filling up the DagBag from /home/airflow/.local/lib/python3.12/site-packages/airflow/example_dags/example_branch_operator.py
[2024-07-13T23:59:34.709+0000] {processor.py:840} INFO - DAG(s) 'example_branch_operator' retrieved from /home/airflow/.local/lib/python3.12/site-packages/airflow/example_dags/example_branch_operator.py
[2024-07-13T23:59:34.724+0000] {logging_mixin.py:188} INFO - [2024-07-13T23:59:34.723+0000] {dag.py:3096} INFO - Sync 1 DAGs
[2024-07-13T23:59:34.736+0000] {logging_mixin.py:188} INFO - [2024-07-13T23:59:34.736+0000] {dag.py:3954} INFO - Setting next_dagrun for example_branch_operator to 2024-07-12 00:00:00+00:00, run_after=2024-07-13 00:00:00+00:00
[2024-07-13T23:59:34.747+0000] {processor.py:183} INFO - Processing /home/airflow/.local/lib/python3.12/site-packages/airflow/example_dags/example_branch_operator.py took 0.053 seconds
