[2024-07-14T09:04:10.511+0000] {local_task_job_runner.py:120} INFO - ::group::Pre task execution logs
[2024-07-14T09:04:10.699+0000] {taskinstance.py:2076} INFO - Dependencies all met for dep_context=non-requeueable deps ti=<TaskInstance: fetch_spread_values.fetch_and_compute_spread_usd_mxn scheduled__2024-07-14T07:56:00+00:00 [queued]>
[2024-07-14T09:04:10.720+0000] {taskinstance.py:2076} INFO - Dependencies all met for dep_context=requeueable deps ti=<TaskInstance: fetch_spread_values.fetch_and_compute_spread_usd_mxn scheduled__2024-07-14T07:56:00+00:00 [queued]>
[2024-07-14T09:04:10.720+0000] {taskinstance.py:2306} INFO - Starting attempt 1 of 2
[2024-07-14T09:04:10.783+0000] {taskinstance.py:2330} INFO - Executing <Task(PythonOperator): fetch_and_compute_spread_usd_mxn> on 2024-07-14 07:56:00+00:00
[2024-07-14T09:04:10.949+0000] {warnings.py:112} WARNING - /home/***/.local/lib/python3.12/site-packages/***/task/task_runner/standard_task_runner.py:61: DeprecationWarning: This process (pid=3062) is multi-threaded, use of fork() may lead to deadlocks in the child.
  pid = os.fork()

[2024-07-14T09:04:10.973+0000] {standard_task_runner.py:63} INFO - Started process 3089 to run task
[2024-07-14T09:04:10.963+0000] {standard_task_runner.py:90} INFO - Running: ['***', 'tasks', 'run', 'fetch_spread_values', 'fetch_and_compute_spread_usd_mxn', 'scheduled__2024-07-14T07:56:00+00:00', '--job-id', '982', '--raw', '--subdir', 'DAGS_FOLDER/***.py', '--cfg-path', '/tmp/tmpt27i_f87']
[2024-07-14T09:04:10.984+0000] {standard_task_runner.py:91} INFO - Job 982: Subtask fetch_and_compute_spread_usd_mxn
[2024-07-14T09:04:11.207+0000] {task_command.py:426} INFO - Running <TaskInstance: fetch_spread_values.fetch_and_compute_spread_usd_mxn scheduled__2024-07-14T07:56:00+00:00 [running]> on host d537c34a4880
[2024-07-14T09:04:11.478+0000] {taskinstance.py:2648} INFO - Exporting env vars: AIRFLOW_CTX_DAG_OWNER='***' AIRFLOW_CTX_DAG_ID='fetch_spread_values' AIRFLOW_CTX_TASK_ID='fetch_and_compute_spread_usd_mxn' AIRFLOW_CTX_EXECUTION_DATE='2024-07-14T07:56:00+00:00' AIRFLOW_CTX_TRY_NUMBER='1' AIRFLOW_CTX_DAG_RUN_ID='scheduled__2024-07-14T07:56:00+00:00'
[2024-07-14T09:04:11.613+0000] {taskinstance.py:430} INFO - ::endgroup::
[2024-07-14T09:04:12.047+0000] {python.py:237} INFO - Done. Returned value was: None
[2024-07-14T09:04:12.058+0000] {taskinstance.py:441} INFO - ::group::Post task execution logs
[2024-07-14T09:04:12.130+0000] {taskinstance.py:1206} INFO - Marking task as SUCCESS. dag_id=fetch_spread_values, task_id=fetch_and_compute_spread_usd_mxn, run_id=scheduled__2024-07-14T07:56:00+00:00, execution_date=20240714T075600, start_date=20240714T090410, end_date=20240714T090412
[2024-07-14T09:04:12.217+0000] {local_task_job_runner.py:240} INFO - Task exited with return code 0
[2024-07-14T09:04:12.315+0000] {taskinstance.py:3503} INFO - 0 downstream tasks scheduled from follow-on schedule check
[2024-07-14T09:04:12.330+0000] {local_task_job_runner.py:222} INFO - ::endgroup::
[2024-07-14T20:35:47.850+0000] {local_task_job_runner.py:120} INFO - ::group::Pre task execution logs
[2024-07-14T20:35:47.868+0000] {taskinstance.py:2076} INFO - Dependencies all met for dep_context=non-requeueable deps ti=<TaskInstance: fetch_spread_values.fetch_and_compute_spread_usd_mxn scheduled__2024-07-14T07:56:00+00:00 [queued]>
[2024-07-14T20:35:47.871+0000] {taskinstance.py:2076} INFO - Dependencies all met for dep_context=requeueable deps ti=<TaskInstance: fetch_spread_values.fetch_and_compute_spread_usd_mxn scheduled__2024-07-14T07:56:00+00:00 [queued]>
[2024-07-14T20:35:47.871+0000] {taskinstance.py:2306} INFO - Starting attempt 1 of 2
[2024-07-14T20:35:47.877+0000] {taskinstance.py:2330} INFO - Executing <Task(PythonOperator): fetch_and_compute_spread_usd_mxn> on 2024-07-14 07:56:00+00:00
[2024-07-14T20:35:47.880+0000] {logging_mixin.py:188} WARNING - /home/***/.local/lib/python3.12/site-packages/***/task/task_runner/standard_task_runner.py:61 DeprecationWarning: This process (pid=2378) is multi-threaded, use of fork() may lead to deadlocks in the child.
[2024-07-14T20:35:47.881+0000] {standard_task_runner.py:63} INFO - Started process 2379 to run task
[2024-07-14T20:35:47.880+0000] {standard_task_runner.py:90} INFO - Running: ['***', 'tasks', 'run', 'fetch_spread_values', 'fetch_and_compute_spread_usd_mxn', 'scheduled__2024-07-14T07:56:00+00:00', '--job-id', '1081', '--raw', '--subdir', 'DAGS_FOLDER/***.py', '--cfg-path', '/tmp/tmpmbk0b9vb']
[2024-07-14T20:35:47.882+0000] {standard_task_runner.py:91} INFO - Job 1081: Subtask fetch_and_compute_spread_usd_mxn
[2024-07-14T20:35:47.906+0000] {task_command.py:426} INFO - Running <TaskInstance: fetch_spread_values.fetch_and_compute_spread_usd_mxn scheduled__2024-07-14T07:56:00+00:00 [running]> on host 77caf7e4b282
[2024-07-14T20:35:47.950+0000] {taskinstance.py:2648} INFO - Exporting env vars: AIRFLOW_CTX_DAG_OWNER='***' AIRFLOW_CTX_DAG_ID='fetch_spread_values' AIRFLOW_CTX_TASK_ID='fetch_and_compute_spread_usd_mxn' AIRFLOW_CTX_EXECUTION_DATE='2024-07-14T07:56:00+00:00' AIRFLOW_CTX_TRY_NUMBER='1' AIRFLOW_CTX_DAG_RUN_ID='scheduled__2024-07-14T07:56:00+00:00'
[2024-07-14T20:35:47.951+0000] {taskinstance.py:430} INFO - ::endgroup::
[2024-07-14T20:35:48.135+0000] {python.py:237} INFO - Done. Returned value was: None
[2024-07-14T20:35:48.136+0000] {taskinstance.py:441} INFO - ::group::Post task execution logs
[2024-07-14T20:35:48.142+0000] {taskinstance.py:1206} INFO - Marking task as SUCCESS. dag_id=fetch_spread_values, task_id=fetch_and_compute_spread_usd_mxn, run_id=scheduled__2024-07-14T07:56:00+00:00, execution_date=20240714T075600, start_date=20240714T203547, end_date=20240714T203548
[2024-07-14T20:35:48.152+0000] {local_task_job_runner.py:240} INFO - Task exited with return code 0
[2024-07-14T20:35:48.158+0000] {local_task_job_runner.py:222} INFO - ::endgroup::
