[2024-07-14T17:07:46.542+0000] {local_task_job_runner.py:120} INFO - ::group::Pre task execution logs
[2024-07-14T17:07:46.563+0000] {taskinstance.py:2076} INFO - Dependencies all met for dep_context=non-requeueable deps ti=<TaskInstance: fetch_spread_values.fetch_and_compute_spread_btc_mxn scheduled__2024-07-14T17:06:00+00:00 [queued]>
[2024-07-14T17:07:46.578+0000] {taskinstance.py:2076} INFO - Dependencies all met for dep_context=requeueable deps ti=<TaskInstance: fetch_spread_values.fetch_and_compute_spread_btc_mxn scheduled__2024-07-14T17:06:00+00:00 [queued]>
[2024-07-14T17:07:46.580+0000] {taskinstance.py:2306} INFO - Starting attempt 1 of 2
[2024-07-14T17:07:46.593+0000] {taskinstance.py:2330} INFO - Executing <Task(PythonOperator): fetch_and_compute_spread_btc_mxn> on 2024-07-14 17:06:00+00:00
[2024-07-14T17:07:46.599+0000] {warnings.py:112} WARNING - /home/***/.local/lib/python3.12/site-packages/***/task/task_runner/standard_task_runner.py:61: DeprecationWarning: This process (pid=7279) is multi-threaded, use of fork() may lead to deadlocks in the child.
  pid = os.fork()

[2024-07-14T17:07:46.602+0000] {standard_task_runner.py:63} INFO - Started process 7298 to run task
[2024-07-14T17:07:46.602+0000] {standard_task_runner.py:90} INFO - Running: ['***', 'tasks', 'run', 'fetch_spread_values', 'fetch_and_compute_spread_btc_mxn', 'scheduled__2024-07-14T17:06:00+00:00', '--job-id', '2195', '--raw', '--subdir', 'DAGS_FOLDER/***.py', '--cfg-path', '/tmp/tmpxbl2wfvh']
[2024-07-14T17:07:46.606+0000] {standard_task_runner.py:91} INFO - Job 2195: Subtask fetch_and_compute_spread_btc_mxn
[2024-07-14T17:07:46.668+0000] {task_command.py:426} INFO - Running <TaskInstance: fetch_spread_values.fetch_and_compute_spread_btc_mxn scheduled__2024-07-14T17:06:00+00:00 [running]> on host d537c34a4880
[2024-07-14T17:07:46.742+0000] {taskinstance.py:2648} INFO - Exporting env vars: AIRFLOW_CTX_DAG_OWNER='***' AIRFLOW_CTX_DAG_ID='fetch_spread_values' AIRFLOW_CTX_TASK_ID='fetch_and_compute_spread_btc_mxn' AIRFLOW_CTX_EXECUTION_DATE='2024-07-14T17:06:00+00:00' AIRFLOW_CTX_TRY_NUMBER='1' AIRFLOW_CTX_DAG_RUN_ID='scheduled__2024-07-14T17:06:00+00:00'
[2024-07-14T17:07:46.744+0000] {taskinstance.py:430} INFO - ::endgroup::
[2024-07-14T17:07:46.910+0000] {python.py:237} INFO - Done. Returned value was: None
[2024-07-14T17:07:46.911+0000] {taskinstance.py:441} INFO - ::group::Post task execution logs
[2024-07-14T17:07:46.917+0000] {taskinstance.py:1206} INFO - Marking task as SUCCESS. dag_id=fetch_spread_values, task_id=fetch_and_compute_spread_btc_mxn, run_id=scheduled__2024-07-14T17:06:00+00:00, execution_date=20240714T170600, start_date=20240714T170746, end_date=20240714T170746
[2024-07-14T17:07:46.955+0000] {local_task_job_runner.py:240} INFO - Task exited with return code 0
[2024-07-14T17:07:46.968+0000] {taskinstance.py:3503} INFO - 0 downstream tasks scheduled from follow-on schedule check
[2024-07-14T17:07:46.969+0000] {local_task_job_runner.py:222} INFO - ::endgroup::
[2024-07-14T20:39:21.323+0000] {local_task_job_runner.py:120} INFO - ::group::Pre task execution logs
[2024-07-14T20:39:21.348+0000] {taskinstance.py:2076} INFO - Dependencies all met for dep_context=non-requeueable deps ti=<TaskInstance: fetch_spread_values.fetch_and_compute_spread_btc_mxn scheduled__2024-07-14T17:06:00+00:00 [queued]>
[2024-07-14T20:39:21.357+0000] {taskinstance.py:2076} INFO - Dependencies all met for dep_context=requeueable deps ti=<TaskInstance: fetch_spread_values.fetch_and_compute_spread_btc_mxn scheduled__2024-07-14T17:06:00+00:00 [queued]>
[2024-07-14T20:39:21.358+0000] {taskinstance.py:2306} INFO - Starting attempt 1 of 2
[2024-07-14T20:39:21.366+0000] {taskinstance.py:2330} INFO - Executing <Task(PythonOperator): fetch_and_compute_spread_btc_mxn> on 2024-07-14 17:06:00+00:00
[2024-07-14T20:39:21.373+0000] {logging_mixin.py:188} WARNING - /home/***/.local/lib/python3.12/site-packages/***/task/task_runner/standard_task_runner.py:61 DeprecationWarning: This process (pid=4613) is multi-threaded, use of fork() may lead to deadlocks in the child.
[2024-07-14T20:39:21.377+0000] {standard_task_runner.py:63} INFO - Started process 4618 to run task
[2024-07-14T20:39:21.373+0000] {standard_task_runner.py:90} INFO - Running: ['***', 'tasks', 'run', 'fetch_spread_values', 'fetch_and_compute_spread_btc_mxn', 'scheduled__2024-07-14T17:06:00+00:00', '--job-id', '2180', '--raw', '--subdir', 'DAGS_FOLDER/***.py', '--cfg-path', '/tmp/tmpgglkw3kk']
[2024-07-14T20:39:21.382+0000] {standard_task_runner.py:91} INFO - Job 2180: Subtask fetch_and_compute_spread_btc_mxn
[2024-07-14T20:39:21.452+0000] {task_command.py:426} INFO - Running <TaskInstance: fetch_spread_values.fetch_and_compute_spread_btc_mxn scheduled__2024-07-14T17:06:00+00:00 [running]> on host 77caf7e4b282
[2024-07-14T20:39:21.574+0000] {taskinstance.py:2648} INFO - Exporting env vars: AIRFLOW_CTX_DAG_OWNER='***' AIRFLOW_CTX_DAG_ID='fetch_spread_values' AIRFLOW_CTX_TASK_ID='fetch_and_compute_spread_btc_mxn' AIRFLOW_CTX_EXECUTION_DATE='2024-07-14T17:06:00+00:00' AIRFLOW_CTX_TRY_NUMBER='1' AIRFLOW_CTX_DAG_RUN_ID='scheduled__2024-07-14T17:06:00+00:00'
[2024-07-14T20:39:21.577+0000] {taskinstance.py:430} INFO - ::endgroup::
[2024-07-14T20:39:21.833+0000] {python.py:237} INFO - Done. Returned value was: None
[2024-07-14T20:39:21.839+0000] {taskinstance.py:441} INFO - ::group::Post task execution logs
[2024-07-14T20:39:21.857+0000] {taskinstance.py:1206} INFO - Marking task as SUCCESS. dag_id=fetch_spread_values, task_id=fetch_and_compute_spread_btc_mxn, run_id=scheduled__2024-07-14T17:06:00+00:00, execution_date=20240714T170600, start_date=20240714T203921, end_date=20240714T203921
[2024-07-14T20:39:21.941+0000] {local_task_job_runner.py:240} INFO - Task exited with return code 0
[2024-07-14T20:39:21.977+0000] {taskinstance.py:3503} INFO - 0 downstream tasks scheduled from follow-on schedule check
[2024-07-14T20:39:21.983+0000] {local_task_job_runner.py:222} INFO - ::endgroup::
