[2024-07-14T12:50:23.558+0000] {local_task_job_runner.py:120} INFO - ::group::Pre task execution logs
[2024-07-14T12:50:23.600+0000] {taskinstance.py:2076} INFO - Dependencies all met for dep_context=non-requeueable deps ti=<TaskInstance: fetch_spread_values.fetch_and_compute_spread_btc_mxn scheduled__2024-07-14T12:37:00+00:00 [queued]>
[2024-07-14T12:50:23.674+0000] {taskinstance.py:2076} INFO - Dependencies all met for dep_context=requeueable deps ti=<TaskInstance: fetch_spread_values.fetch_and_compute_spread_btc_mxn scheduled__2024-07-14T12:37:00+00:00 [queued]>
[2024-07-14T12:50:23.678+0000] {taskinstance.py:2306} INFO - Starting attempt 1 of 2
[2024-07-14T12:50:23.772+0000] {taskinstance.py:2330} INFO - Executing <Task(PythonOperator): fetch_and_compute_spread_btc_mxn> on 2024-07-14 12:37:00+00:00
[2024-07-14T12:50:23.798+0000] {warnings.py:112} WARNING - /home/***/.local/lib/python3.12/site-packages/***/task/task_runner/standard_task_runner.py:61: DeprecationWarning: This process (pid=5398) is multi-threaded, use of fork() may lead to deadlocks in the child.
  pid = os.fork()

[2024-07-14T12:50:23.813+0000] {standard_task_runner.py:63} INFO - Started process 5428 to run task
[2024-07-14T12:50:23.839+0000] {standard_task_runner.py:90} INFO - Running: ['***', 'tasks', 'run', 'fetch_spread_values', 'fetch_and_compute_spread_btc_mxn', 'scheduled__2024-07-14T12:37:00+00:00', '--job-id', '1623', '--raw', '--subdir', 'DAGS_FOLDER/***.py', '--cfg-path', '/tmp/tmpnzhfgsd4']
[2024-07-14T12:50:23.856+0000] {standard_task_runner.py:91} INFO - Job 1623: Subtask fetch_and_compute_spread_btc_mxn
[2024-07-14T12:50:24.003+0000] {task_command.py:426} INFO - Running <TaskInstance: fetch_spread_values.fetch_and_compute_spread_btc_mxn scheduled__2024-07-14T12:37:00+00:00 [running]> on host d537c34a4880
[2024-07-14T12:50:24.452+0000] {taskinstance.py:2648} INFO - Exporting env vars: AIRFLOW_CTX_DAG_OWNER='***' AIRFLOW_CTX_DAG_ID='fetch_spread_values' AIRFLOW_CTX_TASK_ID='fetch_and_compute_spread_btc_mxn' AIRFLOW_CTX_EXECUTION_DATE='2024-07-14T12:37:00+00:00' AIRFLOW_CTX_TRY_NUMBER='1' AIRFLOW_CTX_DAG_RUN_ID='scheduled__2024-07-14T12:37:00+00:00'
[2024-07-14T12:50:24.469+0000] {taskinstance.py:430} INFO - ::endgroup::
[2024-07-14T12:50:24.860+0000] {python.py:237} INFO - Done. Returned value was: None
[2024-07-14T12:50:24.891+0000] {taskinstance.py:441} INFO - ::group::Post task execution logs
[2024-07-14T12:50:24.955+0000] {taskinstance.py:1206} INFO - Marking task as SUCCESS. dag_id=fetch_spread_values, task_id=fetch_and_compute_spread_btc_mxn, run_id=scheduled__2024-07-14T12:37:00+00:00, execution_date=20240714T123700, start_date=20240714T125023, end_date=20240714T125024
[2024-07-14T12:50:25.110+0000] {local_task_job_runner.py:240} INFO - Task exited with return code 0
[2024-07-14T12:50:25.241+0000] {taskinstance.py:3503} INFO - 0 downstream tasks scheduled from follow-on schedule check
[2024-07-14T12:50:25.298+0000] {local_task_job_runner.py:222} INFO - ::endgroup::
[2024-07-14T20:37:40.008+0000] {local_task_job_runner.py:120} INFO - ::group::Pre task execution logs
[2024-07-14T20:37:40.071+0000] {taskinstance.py:2076} INFO - Dependencies all met for dep_context=non-requeueable deps ti=<TaskInstance: fetch_spread_values.fetch_and_compute_spread_btc_mxn scheduled__2024-07-14T12:37:00+00:00 [queued]>
[2024-07-14T20:37:40.084+0000] {taskinstance.py:2076} INFO - Dependencies all met for dep_context=requeueable deps ti=<TaskInstance: fetch_spread_values.fetch_and_compute_spread_btc_mxn scheduled__2024-07-14T12:37:00+00:00 [queued]>
[2024-07-14T20:37:40.084+0000] {taskinstance.py:2306} INFO - Starting attempt 1 of 2
[2024-07-14T20:37:40.154+0000] {taskinstance.py:2330} INFO - Executing <Task(PythonOperator): fetch_and_compute_spread_btc_mxn> on 2024-07-14 12:37:00+00:00
[2024-07-14T20:37:40.164+0000] {logging_mixin.py:188} WARNING - /home/***/.local/lib/python3.12/site-packages/***/task/task_runner/standard_task_runner.py:61 DeprecationWarning: This process (pid=3511) is multi-threaded, use of fork() may lead to deadlocks in the child.
[2024-07-14T20:37:40.170+0000] {standard_task_runner.py:63} INFO - Started process 3524 to run task
[2024-07-14T20:37:40.163+0000] {standard_task_runner.py:90} INFO - Running: ['***', 'tasks', 'run', 'fetch_spread_values', 'fetch_and_compute_spread_btc_mxn', 'scheduled__2024-07-14T12:37:00+00:00', '--job-id', '1642', '--raw', '--subdir', 'DAGS_FOLDER/***.py', '--cfg-path', '/tmp/tmpolbgjkzq']
[2024-07-14T20:37:40.177+0000] {standard_task_runner.py:91} INFO - Job 1642: Subtask fetch_and_compute_spread_btc_mxn
[2024-07-14T20:37:40.282+0000] {task_command.py:426} INFO - Running <TaskInstance: fetch_spread_values.fetch_and_compute_spread_btc_mxn scheduled__2024-07-14T12:37:00+00:00 [running]> on host 77caf7e4b282
[2024-07-14T20:37:40.500+0000] {taskinstance.py:2648} INFO - Exporting env vars: AIRFLOW_CTX_DAG_OWNER='***' AIRFLOW_CTX_DAG_ID='fetch_spread_values' AIRFLOW_CTX_TASK_ID='fetch_and_compute_spread_btc_mxn' AIRFLOW_CTX_EXECUTION_DATE='2024-07-14T12:37:00+00:00' AIRFLOW_CTX_TRY_NUMBER='1' AIRFLOW_CTX_DAG_RUN_ID='scheduled__2024-07-14T12:37:00+00:00'
[2024-07-14T20:37:40.505+0000] {taskinstance.py:430} INFO - ::endgroup::
[2024-07-14T20:37:40.725+0000] {python.py:237} INFO - Done. Returned value was: None
[2024-07-14T20:37:40.726+0000] {taskinstance.py:441} INFO - ::group::Post task execution logs
[2024-07-14T20:37:40.737+0000] {taskinstance.py:1206} INFO - Marking task as SUCCESS. dag_id=fetch_spread_values, task_id=fetch_and_compute_spread_btc_mxn, run_id=scheduled__2024-07-14T12:37:00+00:00, execution_date=20240714T123700, start_date=20240714T203740, end_date=20240714T203740
[2024-07-14T20:37:40.775+0000] {local_task_job_runner.py:240} INFO - Task exited with return code 0
[2024-07-14T20:37:40.796+0000] {taskinstance.py:3503} INFO - 0 downstream tasks scheduled from follow-on schedule check
[2024-07-14T20:37:40.803+0000] {local_task_job_runner.py:222} INFO - ::endgroup::
