[2024-07-14T08:57:13.569+0000] {local_task_job_runner.py:120} INFO - ::group::Pre task execution logs
[2024-07-14T08:57:13.652+0000] {taskinstance.py:2076} INFO - Dependencies all met for dep_context=non-requeueable deps ti=<TaskInstance: fetch_spread_values.fetch_and_compute_spread_btc_mxn scheduled__2024-07-14T00:24:00+00:00 [queued]>
[2024-07-14T08:57:13.667+0000] {taskinstance.py:2076} INFO - Dependencies all met for dep_context=requeueable deps ti=<TaskInstance: fetch_spread_values.fetch_and_compute_spread_btc_mxn scheduled__2024-07-14T00:24:00+00:00 [queued]>
[2024-07-14T08:57:13.667+0000] {taskinstance.py:2306} INFO - Starting attempt 1 of 2
[2024-07-14T08:57:13.699+0000] {taskinstance.py:2330} INFO - Executing <Task(PythonOperator): fetch_and_compute_spread_btc_mxn> on 2024-07-14 00:24:00+00:00
[2024-07-14T08:57:13.715+0000] {warnings.py:112} WARNING - /home/***/.local/lib/python3.12/site-packages/***/task/task_runner/standard_task_runner.py:61: DeprecationWarning: This process (pid=260) is multi-threaded, use of fork() may lead to deadlocks in the child.
  pid = os.fork()

[2024-07-14T08:57:13.722+0000] {standard_task_runner.py:63} INFO - Started process 290 to run task
[2024-07-14T08:57:13.722+0000] {standard_task_runner.py:90} INFO - Running: ['***', 'tasks', 'run', 'fetch_spread_values', 'fetch_and_compute_spread_btc_mxn', 'scheduled__2024-07-14T00:24:00+00:00', '--job-id', '77', '--raw', '--subdir', 'DAGS_FOLDER/***.py', '--cfg-path', '/tmp/tmpj8ct68ka']
[2024-07-14T08:57:13.729+0000] {standard_task_runner.py:91} INFO - Job 77: Subtask fetch_and_compute_spread_btc_mxn
[2024-07-14T08:57:13.941+0000] {task_command.py:426} INFO - Running <TaskInstance: fetch_spread_values.fetch_and_compute_spread_btc_mxn scheduled__2024-07-14T00:24:00+00:00 [running]> on host d537c34a4880
[2024-07-14T08:57:14.181+0000] {taskinstance.py:2648} INFO - Exporting env vars: AIRFLOW_CTX_DAG_OWNER='***' AIRFLOW_CTX_DAG_ID='fetch_spread_values' AIRFLOW_CTX_TASK_ID='fetch_and_compute_spread_btc_mxn' AIRFLOW_CTX_EXECUTION_DATE='2024-07-14T00:24:00+00:00' AIRFLOW_CTX_TRY_NUMBER='1' AIRFLOW_CTX_DAG_RUN_ID='scheduled__2024-07-14T00:24:00+00:00'
[2024-07-14T08:57:14.218+0000] {taskinstance.py:430} INFO - ::endgroup::
[2024-07-14T08:57:14.464+0000] {python.py:237} INFO - Done. Returned value was: None
[2024-07-14T08:57:14.492+0000] {taskinstance.py:441} INFO - ::group::Post task execution logs
[2024-07-14T08:57:14.543+0000] {taskinstance.py:1206} INFO - Marking task as SUCCESS. dag_id=fetch_spread_values, task_id=fetch_and_compute_spread_btc_mxn, run_id=scheduled__2024-07-14T00:24:00+00:00, execution_date=20240714T002400, start_date=20240714T085713, end_date=20240714T085714
[2024-07-14T08:57:14.636+0000] {local_task_job_runner.py:240} INFO - Task exited with return code 0
[2024-07-14T08:57:14.678+0000] {taskinstance.py:3503} INFO - 0 downstream tasks scheduled from follow-on schedule check
[2024-07-14T08:57:14.698+0000] {local_task_job_runner.py:222} INFO - ::endgroup::
[2024-07-14T20:32:10.892+0000] {local_task_job_runner.py:120} INFO - ::group::Pre task execution logs
[2024-07-14T20:32:10.927+0000] {taskinstance.py:2076} INFO - Dependencies all met for dep_context=non-requeueable deps ti=<TaskInstance: fetch_spread_values.fetch_and_compute_spread_btc_mxn scheduled__2024-07-14T00:24:00+00:00 [queued]>
[2024-07-14T20:32:10.938+0000] {taskinstance.py:2076} INFO - Dependencies all met for dep_context=requeueable deps ti=<TaskInstance: fetch_spread_values.fetch_and_compute_spread_btc_mxn scheduled__2024-07-14T00:24:00+00:00 [queued]>
[2024-07-14T20:32:10.940+0000] {taskinstance.py:2306} INFO - Starting attempt 1 of 2
[2024-07-14T20:32:10.980+0000] {taskinstance.py:2330} INFO - Executing <Task(PythonOperator): fetch_and_compute_spread_btc_mxn> on 2024-07-14 00:24:00+00:00
[2024-07-14T20:32:10.990+0000] {logging_mixin.py:188} WARNING - /home/***/.local/lib/python3.12/site-packages/***/task/task_runner/standard_task_runner.py:61 DeprecationWarning: This process (pid=273) is multi-threaded, use of fork() may lead to deadlocks in the child.
[2024-07-14T20:32:11.001+0000] {standard_task_runner.py:63} INFO - Started process 288 to run task
[2024-07-14T20:32:10.990+0000] {standard_task_runner.py:90} INFO - Running: ['***', 'tasks', 'run', 'fetch_spread_values', 'fetch_and_compute_spread_btc_mxn', 'scheduled__2024-07-14T00:24:00+00:00', '--job-id', '53', '--raw', '--subdir', 'DAGS_FOLDER/***.py', '--cfg-path', '/tmp/tmprbggkmnc']
[2024-07-14T20:32:11.006+0000] {standard_task_runner.py:91} INFO - Job 53: Subtask fetch_and_compute_spread_btc_mxn
[2024-07-14T20:32:11.070+0000] {task_command.py:426} INFO - Running <TaskInstance: fetch_spread_values.fetch_and_compute_spread_btc_mxn scheduled__2024-07-14T00:24:00+00:00 [running]> on host 77caf7e4b282
[2024-07-14T20:32:11.154+0000] {taskinstance.py:2648} INFO - Exporting env vars: AIRFLOW_CTX_DAG_OWNER='***' AIRFLOW_CTX_DAG_ID='fetch_spread_values' AIRFLOW_CTX_TASK_ID='fetch_and_compute_spread_btc_mxn' AIRFLOW_CTX_EXECUTION_DATE='2024-07-14T00:24:00+00:00' AIRFLOW_CTX_TRY_NUMBER='1' AIRFLOW_CTX_DAG_RUN_ID='scheduled__2024-07-14T00:24:00+00:00'
[2024-07-14T20:32:11.155+0000] {taskinstance.py:430} INFO - ::endgroup::
[2024-07-14T20:32:11.373+0000] {python.py:237} INFO - Done. Returned value was: None
[2024-07-14T20:32:11.374+0000] {taskinstance.py:441} INFO - ::group::Post task execution logs
[2024-07-14T20:32:11.380+0000] {taskinstance.py:1206} INFO - Marking task as SUCCESS. dag_id=fetch_spread_values, task_id=fetch_and_compute_spread_btc_mxn, run_id=scheduled__2024-07-14T00:24:00+00:00, execution_date=20240714T002400, start_date=20240714T203210, end_date=20240714T203211
[2024-07-14T20:32:11.395+0000] {local_task_job_runner.py:240} INFO - Task exited with return code 0
[2024-07-14T20:32:11.405+0000] {taskinstance.py:3503} INFO - 0 downstream tasks scheduled from follow-on schedule check
[2024-07-14T20:32:11.405+0000] {local_task_job_runner.py:222} INFO - ::endgroup::
