[2024-07-14T18:10:56.809+0000] {local_task_job_runner.py:120} INFO - ::group::Pre task execution logs
[2024-07-14T18:10:56.868+0000] {taskinstance.py:2076} INFO - Dependencies all met for dep_context=non-requeueable deps ti=<TaskInstance: fetch_spread_values.fetch_and_compute_spread_usd_mxn scheduled__2024-07-14T18:06:00+00:00 [queued]>
[2024-07-14T18:10:56.890+0000] {taskinstance.py:2076} INFO - Dependencies all met for dep_context=requeueable deps ti=<TaskInstance: fetch_spread_values.fetch_and_compute_spread_usd_mxn scheduled__2024-07-14T18:06:00+00:00 [queued]>
[2024-07-14T18:10:56.892+0000] {taskinstance.py:2306} INFO - Starting attempt 1 of 2
[2024-07-14T18:10:56.914+0000] {taskinstance.py:2330} INFO - Executing <Task(PythonOperator): fetch_and_compute_spread_usd_mxn> on 2024-07-14 18:06:00+00:00
[2024-07-14T18:10:56.931+0000] {warnings.py:112} WARNING - /home/***/.local/lib/python3.12/site-packages/***/task/task_runner/standard_task_runner.py:61: DeprecationWarning: This process (pid=7701) is multi-threaded, use of fork() may lead to deadlocks in the child.
  pid = os.fork()

[2024-07-14T18:10:56.945+0000] {standard_task_runner.py:63} INFO - Started process 7726 to run task
[2024-07-14T18:10:56.933+0000] {standard_task_runner.py:90} INFO - Running: ['***', 'tasks', 'run', 'fetch_spread_values', 'fetch_and_compute_spread_usd_mxn', 'scheduled__2024-07-14T18:06:00+00:00', '--job-id', '2323', '--raw', '--subdir', 'DAGS_FOLDER/***.py', '--cfg-path', '/tmp/tmpk19gf9lg']
[2024-07-14T18:10:56.951+0000] {standard_task_runner.py:91} INFO - Job 2323: Subtask fetch_and_compute_spread_usd_mxn
[2024-07-14T18:10:57.069+0000] {task_command.py:426} INFO - Running <TaskInstance: fetch_spread_values.fetch_and_compute_spread_usd_mxn scheduled__2024-07-14T18:06:00+00:00 [running]> on host d537c34a4880
[2024-07-14T18:10:57.209+0000] {taskinstance.py:2648} INFO - Exporting env vars: AIRFLOW_CTX_DAG_OWNER='***' AIRFLOW_CTX_DAG_ID='fetch_spread_values' AIRFLOW_CTX_TASK_ID='fetch_and_compute_spread_usd_mxn' AIRFLOW_CTX_EXECUTION_DATE='2024-07-14T18:06:00+00:00' AIRFLOW_CTX_TRY_NUMBER='1' AIRFLOW_CTX_DAG_RUN_ID='scheduled__2024-07-14T18:06:00+00:00'
[2024-07-14T18:10:57.215+0000] {taskinstance.py:430} INFO - ::endgroup::
[2024-07-14T18:10:57.437+0000] {python.py:237} INFO - Done. Returned value was: None
[2024-07-14T18:10:57.439+0000] {taskinstance.py:441} INFO - ::group::Post task execution logs
[2024-07-14T18:10:57.451+0000] {taskinstance.py:1206} INFO - Marking task as SUCCESS. dag_id=fetch_spread_values, task_id=fetch_and_compute_spread_usd_mxn, run_id=scheduled__2024-07-14T18:06:00+00:00, execution_date=20240714T180600, start_date=20240714T181056, end_date=20240714T181057
[2024-07-14T18:10:57.516+0000] {local_task_job_runner.py:240} INFO - Task exited with return code 0
[2024-07-14T18:10:57.546+0000] {taskinstance.py:3503} INFO - 0 downstream tasks scheduled from follow-on schedule check
[2024-07-14T18:10:57.549+0000] {local_task_job_runner.py:222} INFO - ::endgroup::
[2024-07-14T20:39:38.513+0000] {local_task_job_runner.py:120} INFO - ::group::Pre task execution logs
[2024-07-14T20:39:38.569+0000] {taskinstance.py:2076} INFO - Dependencies all met for dep_context=non-requeueable deps ti=<TaskInstance: fetch_spread_values.fetch_and_compute_spread_usd_mxn scheduled__2024-07-14T18:06:00+00:00 [queued]>
[2024-07-14T20:39:38.577+0000] {taskinstance.py:2076} INFO - Dependencies all met for dep_context=requeueable deps ti=<TaskInstance: fetch_spread_values.fetch_and_compute_spread_usd_mxn scheduled__2024-07-14T18:06:00+00:00 [queued]>
[2024-07-14T20:39:38.577+0000] {taskinstance.py:2306} INFO - Starting attempt 1 of 2
[2024-07-14T20:39:38.610+0000] {taskinstance.py:2330} INFO - Executing <Task(PythonOperator): fetch_and_compute_spread_usd_mxn> on 2024-07-14 18:06:00+00:00
[2024-07-14T20:39:38.616+0000] {standard_task_runner.py:90} INFO - Running: ['***', 'tasks', 'run', 'fetch_spread_values', 'fetch_and_compute_spread_usd_mxn', 'scheduled__2024-07-14T18:06:00+00:00', '--job-id', '2301', '--raw', '--subdir', 'DAGS_FOLDER/***.py', '--cfg-path', '/tmp/tmpsqavma94']
[2024-07-14T20:39:38.623+0000] {standard_task_runner.py:91} INFO - Job 2301: Subtask fetch_and_compute_spread_usd_mxn
[2024-07-14T20:39:38.615+0000] {logging_mixin.py:188} WARNING - /home/***/.local/lib/python3.12/site-packages/***/task/task_runner/standard_task_runner.py:61 DeprecationWarning: This process (pid=4847) is multi-threaded, use of fork() may lead to deadlocks in the child.
[2024-07-14T20:39:38.634+0000] {standard_task_runner.py:63} INFO - Started process 4858 to run task
[2024-07-14T20:39:38.677+0000] {task_command.py:426} INFO - Running <TaskInstance: fetch_spread_values.fetch_and_compute_spread_usd_mxn scheduled__2024-07-14T18:06:00+00:00 [running]> on host 77caf7e4b282
[2024-07-14T20:39:38.763+0000] {taskinstance.py:2648} INFO - Exporting env vars: AIRFLOW_CTX_DAG_OWNER='***' AIRFLOW_CTX_DAG_ID='fetch_spread_values' AIRFLOW_CTX_TASK_ID='fetch_and_compute_spread_usd_mxn' AIRFLOW_CTX_EXECUTION_DATE='2024-07-14T18:06:00+00:00' AIRFLOW_CTX_TRY_NUMBER='1' AIRFLOW_CTX_DAG_RUN_ID='scheduled__2024-07-14T18:06:00+00:00'
[2024-07-14T20:39:38.767+0000] {taskinstance.py:430} INFO - ::endgroup::
[2024-07-14T20:39:38.982+0000] {python.py:237} INFO - Done. Returned value was: None
[2024-07-14T20:39:38.983+0000] {taskinstance.py:441} INFO - ::group::Post task execution logs
[2024-07-14T20:39:38.994+0000] {taskinstance.py:1206} INFO - Marking task as SUCCESS. dag_id=fetch_spread_values, task_id=fetch_and_compute_spread_usd_mxn, run_id=scheduled__2024-07-14T18:06:00+00:00, execution_date=20240714T180600, start_date=20240714T203938, end_date=20240714T203938
[2024-07-14T20:39:39.065+0000] {local_task_job_runner.py:240} INFO - Task exited with return code 0
[2024-07-14T20:39:39.085+0000] {local_task_job_runner.py:222} INFO - ::endgroup::
