[2024-07-14T09:02:24.939+0000] {local_task_job_runner.py:120} INFO - ::group::Pre task execution logs
[2024-07-14T09:02:24.954+0000] {taskinstance.py:2076} INFO - Dependencies all met for dep_context=non-requeueable deps ti=<TaskInstance: fetch_spread_values.fetch_and_compute_spread_usd_mxn scheduled__2024-07-14T06:11:00+00:00 [queued]>
[2024-07-14T09:02:24.961+0000] {taskinstance.py:2076} INFO - Dependencies all met for dep_context=requeueable deps ti=<TaskInstance: fetch_spread_values.fetch_and_compute_spread_usd_mxn scheduled__2024-07-14T06:11:00+00:00 [queued]>
[2024-07-14T09:02:24.965+0000] {taskinstance.py:2306} INFO - Starting attempt 1 of 2
[2024-07-14T09:02:24.978+0000] {taskinstance.py:2330} INFO - Executing <Task(PythonOperator): fetch_and_compute_spread_usd_mxn> on 2024-07-14 06:11:00+00:00
[2024-07-14T09:02:24.986+0000] {warnings.py:112} WARNING - /home/***/.local/lib/python3.12/site-packages/***/task/task_runner/standard_task_runner.py:61: DeprecationWarning: This process (pid=2411) is multi-threaded, use of fork() may lead to deadlocks in the child.
  pid = os.fork()

[2024-07-14T09:02:24.988+0000] {standard_task_runner.py:90} INFO - Running: ['***', 'tasks', 'run', 'fetch_spread_values', 'fetch_and_compute_spread_usd_mxn', 'scheduled__2024-07-14T06:11:00+00:00', '--job-id', '772', '--raw', '--subdir', 'DAGS_FOLDER/***.py', '--cfg-path', '/tmp/tmpaxwgpnrm']
[2024-07-14T09:02:24.990+0000] {standard_task_runner.py:63} INFO - Started process 2419 to run task
[2024-07-14T09:02:24.991+0000] {standard_task_runner.py:91} INFO - Job 772: Subtask fetch_and_compute_spread_usd_mxn
[2024-07-14T09:02:25.060+0000] {task_command.py:426} INFO - Running <TaskInstance: fetch_spread_values.fetch_and_compute_spread_usd_mxn scheduled__2024-07-14T06:11:00+00:00 [running]> on host d537c34a4880
[2024-07-14T09:02:25.138+0000] {taskinstance.py:2648} INFO - Exporting env vars: AIRFLOW_CTX_DAG_OWNER='***' AIRFLOW_CTX_DAG_ID='fetch_spread_values' AIRFLOW_CTX_TASK_ID='fetch_and_compute_spread_usd_mxn' AIRFLOW_CTX_EXECUTION_DATE='2024-07-14T06:11:00+00:00' AIRFLOW_CTX_TRY_NUMBER='1' AIRFLOW_CTX_DAG_RUN_ID='scheduled__2024-07-14T06:11:00+00:00'
[2024-07-14T09:02:25.146+0000] {taskinstance.py:430} INFO - ::endgroup::
[2024-07-14T09:02:25.305+0000] {python.py:237} INFO - Done. Returned value was: None
[2024-07-14T09:02:25.306+0000] {taskinstance.py:441} INFO - ::group::Post task execution logs
[2024-07-14T09:02:25.313+0000] {taskinstance.py:1206} INFO - Marking task as SUCCESS. dag_id=fetch_spread_values, task_id=fetch_and_compute_spread_usd_mxn, run_id=scheduled__2024-07-14T06:11:00+00:00, execution_date=20240714T061100, start_date=20240714T090224, end_date=20240714T090225
[2024-07-14T09:02:25.344+0000] {local_task_job_runner.py:240} INFO - Task exited with return code 0
[2024-07-14T09:02:25.356+0000] {taskinstance.py:3503} INFO - 0 downstream tasks scheduled from follow-on schedule check
[2024-07-14T09:02:25.357+0000] {local_task_job_runner.py:222} INFO - ::endgroup::
[2024-07-14T20:34:45.744+0000] {local_task_job_runner.py:120} INFO - ::group::Pre task execution logs
[2024-07-14T20:34:45.830+0000] {taskinstance.py:2076} INFO - Dependencies all met for dep_context=non-requeueable deps ti=<TaskInstance: fetch_spread_values.fetch_and_compute_spread_usd_mxn scheduled__2024-07-14T06:11:00+00:00 [queued]>
[2024-07-14T20:34:45.862+0000] {taskinstance.py:2076} INFO - Dependencies all met for dep_context=requeueable deps ti=<TaskInstance: fetch_spread_values.fetch_and_compute_spread_usd_mxn scheduled__2024-07-14T06:11:00+00:00 [queued]>
[2024-07-14T20:34:45.865+0000] {taskinstance.py:2306} INFO - Starting attempt 1 of 2
[2024-07-14T20:34:45.908+0000] {taskinstance.py:2330} INFO - Executing <Task(PythonOperator): fetch_and_compute_spread_usd_mxn> on 2024-07-14 06:11:00+00:00
[2024-07-14T20:34:45.921+0000] {logging_mixin.py:188} WARNING - /home/***/.local/lib/python3.12/site-packages/***/task/task_runner/standard_task_runner.py:61 DeprecationWarning: This process (pid=1746) is multi-threaded, use of fork() may lead to deadlocks in the child.
[2024-07-14T20:34:45.926+0000] {standard_task_runner.py:90} INFO - Running: ['***', 'tasks', 'run', 'fetch_spread_values', 'fetch_and_compute_spread_usd_mxn', 'scheduled__2024-07-14T06:11:00+00:00', '--job-id', '775', '--raw', '--subdir', 'DAGS_FOLDER/***.py', '--cfg-path', '/tmp/tmppisgnrx9']
[2024-07-14T20:34:45.931+0000] {standard_task_runner.py:91} INFO - Job 775: Subtask fetch_and_compute_spread_usd_mxn
[2024-07-14T20:34:45.930+0000] {standard_task_runner.py:63} INFO - Started process 1758 to run task
[2024-07-14T20:34:45.988+0000] {task_command.py:426} INFO - Running <TaskInstance: fetch_spread_values.fetch_and_compute_spread_usd_mxn scheduled__2024-07-14T06:11:00+00:00 [running]> on host 77caf7e4b282
[2024-07-14T20:34:46.070+0000] {taskinstance.py:2648} INFO - Exporting env vars: AIRFLOW_CTX_DAG_OWNER='***' AIRFLOW_CTX_DAG_ID='fetch_spread_values' AIRFLOW_CTX_TASK_ID='fetch_and_compute_spread_usd_mxn' AIRFLOW_CTX_EXECUTION_DATE='2024-07-14T06:11:00+00:00' AIRFLOW_CTX_TRY_NUMBER='1' AIRFLOW_CTX_DAG_RUN_ID='scheduled__2024-07-14T06:11:00+00:00'
[2024-07-14T20:34:46.073+0000] {taskinstance.py:430} INFO - ::endgroup::
[2024-07-14T20:34:46.268+0000] {python.py:237} INFO - Done. Returned value was: None
[2024-07-14T20:34:46.269+0000] {taskinstance.py:441} INFO - ::group::Post task execution logs
[2024-07-14T20:34:46.286+0000] {taskinstance.py:1206} INFO - Marking task as SUCCESS. dag_id=fetch_spread_values, task_id=fetch_and_compute_spread_usd_mxn, run_id=scheduled__2024-07-14T06:11:00+00:00, execution_date=20240714T061100, start_date=20240714T203445, end_date=20240714T203446
[2024-07-14T20:34:46.330+0000] {local_task_job_runner.py:240} INFO - Task exited with return code 0
[2024-07-14T20:34:46.345+0000] {taskinstance.py:3503} INFO - 0 downstream tasks scheduled from follow-on schedule check
[2024-07-14T20:34:46.347+0000] {local_task_job_runner.py:222} INFO - ::endgroup::
