[2024-07-14T09:00:58.327+0000] {local_task_job_runner.py:120} INFO - ::group::Pre task execution logs
[2024-07-14T09:00:58.365+0000] {taskinstance.py:2076} INFO - Dependencies all met for dep_context=non-requeueable deps ti=<TaskInstance: fetch_spread_values.fetch_and_compute_spread_usd_mxn scheduled__2024-07-14T04:29:00+00:00 [queued]>
[2024-07-14T09:00:58.374+0000] {taskinstance.py:2076} INFO - Dependencies all met for dep_context=requeueable deps ti=<TaskInstance: fetch_spread_values.fetch_and_compute_spread_usd_mxn scheduled__2024-07-14T04:29:00+00:00 [queued]>
[2024-07-14T09:00:58.375+0000] {taskinstance.py:2306} INFO - Starting attempt 1 of 2
[2024-07-14T09:00:58.389+0000] {taskinstance.py:2330} INFO - Executing <Task(PythonOperator): fetch_and_compute_spread_usd_mxn> on 2024-07-14 04:29:00+00:00
[2024-07-14T09:00:58.394+0000] {warnings.py:112} WARNING - /home/***/.local/lib/python3.12/site-packages/***/task/task_runner/standard_task_runner.py:61: DeprecationWarning: This process (pid=1769) is multi-threaded, use of fork() may lead to deadlocks in the child.
  pid = os.fork()

[2024-07-14T09:00:58.395+0000] {standard_task_runner.py:63} INFO - Started process 1791 to run task
[2024-07-14T09:00:58.395+0000] {standard_task_runner.py:90} INFO - Running: ['***', 'tasks', 'run', 'fetch_spread_values', 'fetch_and_compute_spread_usd_mxn', 'scheduled__2024-07-14T04:29:00+00:00', '--job-id', '566', '--raw', '--subdir', 'DAGS_FOLDER/***.py', '--cfg-path', '/tmp/tmptai5ayha']
[2024-07-14T09:00:58.399+0000] {standard_task_runner.py:91} INFO - Job 566: Subtask fetch_and_compute_spread_usd_mxn
[2024-07-14T09:00:58.442+0000] {task_command.py:426} INFO - Running <TaskInstance: fetch_spread_values.fetch_and_compute_spread_usd_mxn scheduled__2024-07-14T04:29:00+00:00 [running]> on host d537c34a4880
[2024-07-14T09:00:58.518+0000] {taskinstance.py:2648} INFO - Exporting env vars: AIRFLOW_CTX_DAG_OWNER='***' AIRFLOW_CTX_DAG_ID='fetch_spread_values' AIRFLOW_CTX_TASK_ID='fetch_and_compute_spread_usd_mxn' AIRFLOW_CTX_EXECUTION_DATE='2024-07-14T04:29:00+00:00' AIRFLOW_CTX_TRY_NUMBER='1' AIRFLOW_CTX_DAG_RUN_ID='scheduled__2024-07-14T04:29:00+00:00'
[2024-07-14T09:00:58.519+0000] {taskinstance.py:430} INFO - ::endgroup::
[2024-07-14T09:00:58.673+0000] {python.py:237} INFO - Done. Returned value was: None
[2024-07-14T09:00:58.674+0000] {taskinstance.py:441} INFO - ::group::Post task execution logs
[2024-07-14T09:00:58.679+0000] {taskinstance.py:1206} INFO - Marking task as SUCCESS. dag_id=fetch_spread_values, task_id=fetch_and_compute_spread_usd_mxn, run_id=scheduled__2024-07-14T04:29:00+00:00, execution_date=20240714T042900, start_date=20240714T090058, end_date=20240714T090058
[2024-07-14T09:00:58.708+0000] {local_task_job_runner.py:240} INFO - Task exited with return code 0
[2024-07-14T09:00:58.716+0000] {taskinstance.py:3503} INFO - 0 downstream tasks scheduled from follow-on schedule check
[2024-07-14T09:00:58.717+0000] {local_task_job_runner.py:222} INFO - ::endgroup::
[2024-07-14T20:34:01.188+0000] {local_task_job_runner.py:120} INFO - ::group::Pre task execution logs
[2024-07-14T20:34:01.207+0000] {taskinstance.py:2076} INFO - Dependencies all met for dep_context=non-requeueable deps ti=<TaskInstance: fetch_spread_values.fetch_and_compute_spread_usd_mxn scheduled__2024-07-14T04:29:00+00:00 [queued]>
[2024-07-14T20:34:01.212+0000] {taskinstance.py:2076} INFO - Dependencies all met for dep_context=requeueable deps ti=<TaskInstance: fetch_spread_values.fetch_and_compute_spread_usd_mxn scheduled__2024-07-14T04:29:00+00:00 [queued]>
[2024-07-14T20:34:01.213+0000] {taskinstance.py:2306} INFO - Starting attempt 1 of 2
[2024-07-14T20:34:01.221+0000] {taskinstance.py:2330} INFO - Executing <Task(PythonOperator): fetch_and_compute_spread_usd_mxn> on 2024-07-14 04:29:00+00:00
[2024-07-14T20:34:01.226+0000] {logging_mixin.py:188} WARNING - /home/***/.local/lib/python3.12/site-packages/***/task/task_runner/standard_task_runner.py:61 DeprecationWarning: This process (pid=1277) is multi-threaded, use of fork() may lead to deadlocks in the child.
[2024-07-14T20:34:01.228+0000] {standard_task_runner.py:63} INFO - Started process 1287 to run task
[2024-07-14T20:34:01.228+0000] {standard_task_runner.py:90} INFO - Running: ['***', 'tasks', 'run', 'fetch_spread_values', 'fetch_and_compute_spread_usd_mxn', 'scheduled__2024-07-14T04:29:00+00:00', '--job-id', '544', '--raw', '--subdir', 'DAGS_FOLDER/***.py', '--cfg-path', '/tmp/tmpm1kyccr8']
[2024-07-14T20:34:01.232+0000] {standard_task_runner.py:91} INFO - Job 544: Subtask fetch_and_compute_spread_usd_mxn
[2024-07-14T20:34:01.295+0000] {task_command.py:426} INFO - Running <TaskInstance: fetch_spread_values.fetch_and_compute_spread_usd_mxn scheduled__2024-07-14T04:29:00+00:00 [running]> on host 77caf7e4b282
[2024-07-14T20:34:01.382+0000] {taskinstance.py:2648} INFO - Exporting env vars: AIRFLOW_CTX_DAG_OWNER='***' AIRFLOW_CTX_DAG_ID='fetch_spread_values' AIRFLOW_CTX_TASK_ID='fetch_and_compute_spread_usd_mxn' AIRFLOW_CTX_EXECUTION_DATE='2024-07-14T04:29:00+00:00' AIRFLOW_CTX_TRY_NUMBER='1' AIRFLOW_CTX_DAG_RUN_ID='scheduled__2024-07-14T04:29:00+00:00'
[2024-07-14T20:34:01.384+0000] {taskinstance.py:430} INFO - ::endgroup::
[2024-07-14T20:34:01.572+0000] {python.py:237} INFO - Done. Returned value was: None
[2024-07-14T20:34:01.572+0000] {taskinstance.py:441} INFO - ::group::Post task execution logs
[2024-07-14T20:34:01.578+0000] {taskinstance.py:1206} INFO - Marking task as SUCCESS. dag_id=fetch_spread_values, task_id=fetch_and_compute_spread_usd_mxn, run_id=scheduled__2024-07-14T04:29:00+00:00, execution_date=20240714T042900, start_date=20240714T203401, end_date=20240714T203401
[2024-07-14T20:34:01.616+0000] {local_task_job_runner.py:240} INFO - Task exited with return code 0
[2024-07-14T20:34:01.628+0000] {taskinstance.py:3503} INFO - 0 downstream tasks scheduled from follow-on schedule check
[2024-07-14T20:34:01.632+0000] {local_task_job_runner.py:222} INFO - ::endgroup::
