[2024-07-14T13:51:03.816+0000] {local_task_job_runner.py:120} INFO - ::group::Pre task execution logs
[2024-07-14T13:51:03.869+0000] {taskinstance.py:2076} INFO - Dependencies all met for dep_context=non-requeueable deps ti=<TaskInstance: fetch_spread_values.fetch_and_compute_spread_btc_mxn scheduled__2024-07-14T13:37:00+00:00 [queued]>
[2024-07-14T13:51:03.882+0000] {taskinstance.py:2076} INFO - Dependencies all met for dep_context=requeueable deps ti=<TaskInstance: fetch_spread_values.fetch_and_compute_spread_btc_mxn scheduled__2024-07-14T13:37:00+00:00 [queued]>
[2024-07-14T13:51:03.884+0000] {taskinstance.py:2306} INFO - Starting attempt 1 of 2
[2024-07-14T13:51:03.907+0000] {taskinstance.py:2330} INFO - Executing <Task(PythonOperator): fetch_and_compute_spread_btc_mxn> on 2024-07-14 13:37:00+00:00
[2024-07-14T13:51:03.920+0000] {warnings.py:112} WARNING - /home/***/.local/lib/python3.12/site-packages/***/task/task_runner/standard_task_runner.py:61: DeprecationWarning: This process (pid=5824) is multi-threaded, use of fork() may lead to deadlocks in the child.
  pid = os.fork()

[2024-07-14T13:51:03.921+0000] {standard_task_runner.py:63} INFO - Started process 5857 to run task
[2024-07-14T13:51:03.921+0000] {standard_task_runner.py:90} INFO - Running: ['***', 'tasks', 'run', 'fetch_spread_values', 'fetch_and_compute_spread_btc_mxn', 'scheduled__2024-07-14T13:37:00+00:00', '--job-id', '1757', '--raw', '--subdir', 'DAGS_FOLDER/***.py', '--cfg-path', '/tmp/tmpp2190cwn']
[2024-07-14T13:51:03.934+0000] {standard_task_runner.py:91} INFO - Job 1757: Subtask fetch_and_compute_spread_btc_mxn
[2024-07-14T13:51:04.071+0000] {task_command.py:426} INFO - Running <TaskInstance: fetch_spread_values.fetch_and_compute_spread_btc_mxn scheduled__2024-07-14T13:37:00+00:00 [running]> on host d537c34a4880
[2024-07-14T13:51:04.211+0000] {taskinstance.py:2648} INFO - Exporting env vars: AIRFLOW_CTX_DAG_OWNER='***' AIRFLOW_CTX_DAG_ID='fetch_spread_values' AIRFLOW_CTX_TASK_ID='fetch_and_compute_spread_btc_mxn' AIRFLOW_CTX_EXECUTION_DATE='2024-07-14T13:37:00+00:00' AIRFLOW_CTX_TRY_NUMBER='1' AIRFLOW_CTX_DAG_RUN_ID='scheduled__2024-07-14T13:37:00+00:00'
[2024-07-14T13:51:04.217+0000] {taskinstance.py:430} INFO - ::endgroup::
[2024-07-14T13:51:04.458+0000] {python.py:237} INFO - Done. Returned value was: None
[2024-07-14T13:51:04.459+0000] {taskinstance.py:441} INFO - ::group::Post task execution logs
[2024-07-14T13:51:04.466+0000] {taskinstance.py:1206} INFO - Marking task as SUCCESS. dag_id=fetch_spread_values, task_id=fetch_and_compute_spread_btc_mxn, run_id=scheduled__2024-07-14T13:37:00+00:00, execution_date=20240714T133700, start_date=20240714T135103, end_date=20240714T135104
[2024-07-14T13:51:04.493+0000] {local_task_job_runner.py:240} INFO - Task exited with return code 0
[2024-07-14T13:51:04.519+0000] {taskinstance.py:3503} INFO - 0 downstream tasks scheduled from follow-on schedule check
[2024-07-14T13:51:04.522+0000] {local_task_job_runner.py:222} INFO - ::endgroup::
[2024-07-14T20:38:02.343+0000] {local_task_job_runner.py:120} INFO - ::group::Pre task execution logs
[2024-07-14T20:38:02.372+0000] {taskinstance.py:2076} INFO - Dependencies all met for dep_context=non-requeueable deps ti=<TaskInstance: fetch_spread_values.fetch_and_compute_spread_btc_mxn scheduled__2024-07-14T13:37:00+00:00 [queued]>
[2024-07-14T20:38:02.380+0000] {taskinstance.py:2076} INFO - Dependencies all met for dep_context=requeueable deps ti=<TaskInstance: fetch_spread_values.fetch_and_compute_spread_btc_mxn scheduled__2024-07-14T13:37:00+00:00 [queued]>
[2024-07-14T20:38:02.380+0000] {taskinstance.py:2306} INFO - Starting attempt 1 of 2
[2024-07-14T20:38:02.392+0000] {taskinstance.py:2330} INFO - Executing <Task(PythonOperator): fetch_and_compute_spread_btc_mxn> on 2024-07-14 13:37:00+00:00
[2024-07-14T20:38:02.396+0000] {logging_mixin.py:188} WARNING - /home/***/.local/lib/python3.12/site-packages/***/task/task_runner/standard_task_runner.py:61 DeprecationWarning: This process (pid=3757) is multi-threaded, use of fork() may lead to deadlocks in the child.
[2024-07-14T20:38:02.397+0000] {standard_task_runner.py:63} INFO - Started process 3765 to run task
[2024-07-14T20:38:02.397+0000] {standard_task_runner.py:90} INFO - Running: ['***', 'tasks', 'run', 'fetch_spread_values', 'fetch_and_compute_spread_btc_mxn', 'scheduled__2024-07-14T13:37:00+00:00', '--job-id', '1763', '--raw', '--subdir', 'DAGS_FOLDER/***.py', '--cfg-path', '/tmp/tmpisu4pvxu']
[2024-07-14T20:38:02.400+0000] {standard_task_runner.py:91} INFO - Job 1763: Subtask fetch_and_compute_spread_btc_mxn
[2024-07-14T20:38:02.438+0000] {task_command.py:426} INFO - Running <TaskInstance: fetch_spread_values.fetch_and_compute_spread_btc_mxn scheduled__2024-07-14T13:37:00+00:00 [running]> on host 77caf7e4b282
[2024-07-14T20:38:02.493+0000] {taskinstance.py:2648} INFO - Exporting env vars: AIRFLOW_CTX_DAG_OWNER='***' AIRFLOW_CTX_DAG_ID='fetch_spread_values' AIRFLOW_CTX_TASK_ID='fetch_and_compute_spread_btc_mxn' AIRFLOW_CTX_EXECUTION_DATE='2024-07-14T13:37:00+00:00' AIRFLOW_CTX_TRY_NUMBER='1' AIRFLOW_CTX_DAG_RUN_ID='scheduled__2024-07-14T13:37:00+00:00'
[2024-07-14T20:38:02.494+0000] {taskinstance.py:430} INFO - ::endgroup::
[2024-07-14T20:38:02.664+0000] {python.py:237} INFO - Done. Returned value was: None
[2024-07-14T20:38:02.664+0000] {taskinstance.py:441} INFO - ::group::Post task execution logs
[2024-07-14T20:38:02.670+0000] {taskinstance.py:1206} INFO - Marking task as SUCCESS. dag_id=fetch_spread_values, task_id=fetch_and_compute_spread_btc_mxn, run_id=scheduled__2024-07-14T13:37:00+00:00, execution_date=20240714T133700, start_date=20240714T203802, end_date=20240714T203802
[2024-07-14T20:38:02.705+0000] {local_task_job_runner.py:240} INFO - Task exited with return code 0
[2024-07-14T20:38:02.714+0000] {taskinstance.py:3503} INFO - 0 downstream tasks scheduled from follow-on schedule check
[2024-07-14T20:38:02.715+0000] {local_task_job_runner.py:222} INFO - ::endgroup::
