[2024-07-14T14:48:40.557+0000] {local_task_job_runner.py:120} INFO - ::group::Pre task execution logs
[2024-07-14T14:48:40.636+0000] {taskinstance.py:2076} INFO - Dependencies all met for dep_context=non-requeueable deps ti=<TaskInstance: fetch_spread_values.fetch_and_compute_spread_btc_mxn scheduled__2024-07-14T14:40:00+00:00 [queued]>
[2024-07-14T14:48:40.665+0000] {taskinstance.py:2076} INFO - Dependencies all met for dep_context=requeueable deps ti=<TaskInstance: fetch_spread_values.fetch_and_compute_spread_btc_mxn scheduled__2024-07-14T14:40:00+00:00 [queued]>
[2024-07-14T14:48:40.667+0000] {taskinstance.py:2306} INFO - Starting attempt 1 of 2
[2024-07-14T14:48:40.694+0000] {taskinstance.py:2330} INFO - Executing <Task(PythonOperator): fetch_and_compute_spread_btc_mxn> on 2024-07-14 14:40:00+00:00
[2024-07-14T14:48:40.705+0000] {warnings.py:112} WARNING - /home/***/.local/lib/python3.12/site-packages/***/task/task_runner/standard_task_runner.py:61: DeprecationWarning: This process (pid=6265) is multi-threaded, use of fork() may lead to deadlocks in the child.
  pid = os.fork()

[2024-07-14T14:48:40.710+0000] {standard_task_runner.py:63} INFO - Started process 6288 to run task
[2024-07-14T14:48:40.710+0000] {standard_task_runner.py:90} INFO - Running: ['***', 'tasks', 'run', 'fetch_spread_values', 'fetch_and_compute_spread_btc_mxn', 'scheduled__2024-07-14T14:40:00+00:00', '--job-id', '1885', '--raw', '--subdir', 'DAGS_FOLDER/***.py', '--cfg-path', '/tmp/tmp67u1tqo_']
[2024-07-14T14:48:40.714+0000] {standard_task_runner.py:91} INFO - Job 1885: Subtask fetch_and_compute_spread_btc_mxn
[2024-07-14T14:48:40.765+0000] {task_command.py:426} INFO - Running <TaskInstance: fetch_spread_values.fetch_and_compute_spread_btc_mxn scheduled__2024-07-14T14:40:00+00:00 [running]> on host d537c34a4880
[2024-07-14T14:48:40.923+0000] {taskinstance.py:2648} INFO - Exporting env vars: AIRFLOW_CTX_DAG_OWNER='***' AIRFLOW_CTX_DAG_ID='fetch_spread_values' AIRFLOW_CTX_TASK_ID='fetch_and_compute_spread_btc_mxn' AIRFLOW_CTX_EXECUTION_DATE='2024-07-14T14:40:00+00:00' AIRFLOW_CTX_TRY_NUMBER='1' AIRFLOW_CTX_DAG_RUN_ID='scheduled__2024-07-14T14:40:00+00:00'
[2024-07-14T14:48:40.929+0000] {taskinstance.py:430} INFO - ::endgroup::
[2024-07-14T14:48:41.166+0000] {python.py:237} INFO - Done. Returned value was: None
[2024-07-14T14:48:41.169+0000] {taskinstance.py:441} INFO - ::group::Post task execution logs
[2024-07-14T14:48:41.175+0000] {taskinstance.py:1206} INFO - Marking task as SUCCESS. dag_id=fetch_spread_values, task_id=fetch_and_compute_spread_btc_mxn, run_id=scheduled__2024-07-14T14:40:00+00:00, execution_date=20240714T144000, start_date=20240714T144840, end_date=20240714T144841
[2024-07-14T14:48:41.213+0000] {local_task_job_runner.py:240} INFO - Task exited with return code 0
[2024-07-14T14:48:41.229+0000] {taskinstance.py:3503} INFO - 0 downstream tasks scheduled from follow-on schedule check
[2024-07-14T14:48:41.230+0000] {local_task_job_runner.py:222} INFO - ::endgroup::
[2024-07-14T20:38:23.793+0000] {local_task_job_runner.py:120} INFO - ::group::Pre task execution logs
[2024-07-14T20:38:23.832+0000] {taskinstance.py:2076} INFO - Dependencies all met for dep_context=non-requeueable deps ti=<TaskInstance: fetch_spread_values.fetch_and_compute_spread_btc_mxn scheduled__2024-07-14T14:40:00+00:00 [queued]>
[2024-07-14T20:38:23.844+0000] {taskinstance.py:2076} INFO - Dependencies all met for dep_context=requeueable deps ti=<TaskInstance: fetch_spread_values.fetch_and_compute_spread_btc_mxn scheduled__2024-07-14T14:40:00+00:00 [queued]>
[2024-07-14T20:38:23.849+0000] {taskinstance.py:2306} INFO - Starting attempt 1 of 2
[2024-07-14T20:38:23.865+0000] {taskinstance.py:2330} INFO - Executing <Task(PythonOperator): fetch_and_compute_spread_btc_mxn> on 2024-07-14 14:40:00+00:00
[2024-07-14T20:38:23.872+0000] {logging_mixin.py:188} WARNING - /home/***/.local/lib/python3.12/site-packages/***/task/task_runner/standard_task_runner.py:61 DeprecationWarning: This process (pid=4012) is multi-threaded, use of fork() may lead to deadlocks in the child.
[2024-07-14T20:38:23.873+0000] {standard_task_runner.py:63} INFO - Started process 4027 to run task
[2024-07-14T20:38:23.875+0000] {standard_task_runner.py:90} INFO - Running: ['***', 'tasks', 'run', 'fetch_spread_values', 'fetch_and_compute_spread_btc_mxn', 'scheduled__2024-07-14T14:40:00+00:00', '--job-id', '1889', '--raw', '--subdir', 'DAGS_FOLDER/***.py', '--cfg-path', '/tmp/tmpiy3eo5m9']
[2024-07-14T20:38:23.878+0000] {standard_task_runner.py:91} INFO - Job 1889: Subtask fetch_and_compute_spread_btc_mxn
[2024-07-14T20:38:23.942+0000] {task_command.py:426} INFO - Running <TaskInstance: fetch_spread_values.fetch_and_compute_spread_btc_mxn scheduled__2024-07-14T14:40:00+00:00 [running]> on host 77caf7e4b282
[2024-07-14T20:38:24.054+0000] {taskinstance.py:2648} INFO - Exporting env vars: AIRFLOW_CTX_DAG_OWNER='***' AIRFLOW_CTX_DAG_ID='fetch_spread_values' AIRFLOW_CTX_TASK_ID='fetch_and_compute_spread_btc_mxn' AIRFLOW_CTX_EXECUTION_DATE='2024-07-14T14:40:00+00:00' AIRFLOW_CTX_TRY_NUMBER='1' AIRFLOW_CTX_DAG_RUN_ID='scheduled__2024-07-14T14:40:00+00:00'
[2024-07-14T20:38:24.056+0000] {taskinstance.py:430} INFO - ::endgroup::
[2024-07-14T20:38:24.251+0000] {python.py:237} INFO - Done. Returned value was: None
[2024-07-14T20:38:24.252+0000] {taskinstance.py:441} INFO - ::group::Post task execution logs
[2024-07-14T20:38:24.260+0000] {taskinstance.py:1206} INFO - Marking task as SUCCESS. dag_id=fetch_spread_values, task_id=fetch_and_compute_spread_btc_mxn, run_id=scheduled__2024-07-14T14:40:00+00:00, execution_date=20240714T144000, start_date=20240714T203823, end_date=20240714T203824
[2024-07-14T20:38:24.301+0000] {local_task_job_runner.py:240} INFO - Task exited with return code 0
[2024-07-14T20:38:24.310+0000] {taskinstance.py:3503} INFO - 0 downstream tasks scheduled from follow-on schedule check
[2024-07-14T20:38:24.311+0000] {local_task_job_runner.py:222} INFO - ::endgroup::
