[2024-07-14T09:24:01.292+0000] {local_task_job_runner.py:120} INFO - ::group::Pre task execution logs
[2024-07-14T09:24:01.302+0000] {taskinstance.py:2076} INFO - Dependencies all met for dep_context=non-requeueable deps ti=<TaskInstance: fetch_spread_values.fetch_and_compute_spread_usd_mxn scheduled__2024-07-14T09:23:00+00:00 [queued]>
[2024-07-14T09:24:01.306+0000] {taskinstance.py:2076} INFO - Dependencies all met for dep_context=requeueable deps ti=<TaskInstance: fetch_spread_values.fetch_and_compute_spread_usd_mxn scheduled__2024-07-14T09:23:00+00:00 [queued]>
[2024-07-14T09:24:01.306+0000] {taskinstance.py:2306} INFO - Starting attempt 1 of 2
[2024-07-14T09:24:01.313+0000] {taskinstance.py:2330} INFO - Executing <Task(PythonOperator): fetch_and_compute_spread_usd_mxn> on 2024-07-14 09:23:00+00:00
[2024-07-14T09:24:01.316+0000] {warnings.py:112} WARNING - /home/***/.local/lib/python3.12/site-packages/***/task/task_runner/standard_task_runner.py:61: DeprecationWarning: This process (pid=4022) is multi-threaded, use of fork() may lead to deadlocks in the child.
  pid = os.fork()

[2024-07-14T09:24:01.317+0000] {standard_task_runner.py:63} INFO - Started process 4025 to run task
[2024-07-14T09:24:01.317+0000] {standard_task_runner.py:90} INFO - Running: ['***', 'tasks', 'run', 'fetch_spread_values', 'fetch_and_compute_spread_usd_mxn', 'scheduled__2024-07-14T09:23:00+00:00', '--job-id', '1212', '--raw', '--subdir', 'DAGS_FOLDER/***.py', '--cfg-path', '/tmp/tmpl65q8kno']
[2024-07-14T09:24:01.319+0000] {standard_task_runner.py:91} INFO - Job 1212: Subtask fetch_and_compute_spread_usd_mxn
[2024-07-14T09:24:01.345+0000] {task_command.py:426} INFO - Running <TaskInstance: fetch_spread_values.fetch_and_compute_spread_usd_mxn scheduled__2024-07-14T09:23:00+00:00 [running]> on host d537c34a4880
[2024-07-14T09:24:01.388+0000] {taskinstance.py:2648} INFO - Exporting env vars: AIRFLOW_CTX_DAG_OWNER='***' AIRFLOW_CTX_DAG_ID='fetch_spread_values' AIRFLOW_CTX_TASK_ID='fetch_and_compute_spread_usd_mxn' AIRFLOW_CTX_EXECUTION_DATE='2024-07-14T09:23:00+00:00' AIRFLOW_CTX_TRY_NUMBER='1' AIRFLOW_CTX_DAG_RUN_ID='scheduled__2024-07-14T09:23:00+00:00'
[2024-07-14T09:24:01.390+0000] {taskinstance.py:430} INFO - ::endgroup::
[2024-07-14T09:24:01.733+0000] {python.py:237} INFO - Done. Returned value was: None
[2024-07-14T09:24:01.735+0000] {taskinstance.py:441} INFO - ::group::Post task execution logs
[2024-07-14T09:24:01.745+0000] {taskinstance.py:1206} INFO - Marking task as SUCCESS. dag_id=fetch_spread_values, task_id=fetch_and_compute_spread_usd_mxn, run_id=scheduled__2024-07-14T09:23:00+00:00, execution_date=20240714T092300, start_date=20240714T092401, end_date=20240714T092401
[2024-07-14T09:24:01.802+0000] {local_task_job_runner.py:240} INFO - Task exited with return code 0
[2024-07-14T09:24:01.810+0000] {taskinstance.py:3503} INFO - 0 downstream tasks scheduled from follow-on schedule check
[2024-07-14T09:24:01.811+0000] {local_task_job_runner.py:222} INFO - ::endgroup::
[2024-07-14T20:36:27.154+0000] {local_task_job_runner.py:120} INFO - ::group::Pre task execution logs
[2024-07-14T20:36:27.188+0000] {taskinstance.py:2076} INFO - Dependencies all met for dep_context=non-requeueable deps ti=<TaskInstance: fetch_spread_values.fetch_and_compute_spread_usd_mxn scheduled__2024-07-14T09:23:00+00:00 [queued]>
[2024-07-14T20:36:27.211+0000] {taskinstance.py:2076} INFO - Dependencies all met for dep_context=requeueable deps ti=<TaskInstance: fetch_spread_values.fetch_and_compute_spread_usd_mxn scheduled__2024-07-14T09:23:00+00:00 [queued]>
[2024-07-14T20:36:27.217+0000] {taskinstance.py:2306} INFO - Starting attempt 1 of 2
[2024-07-14T20:36:27.241+0000] {taskinstance.py:2330} INFO - Executing <Task(PythonOperator): fetch_and_compute_spread_usd_mxn> on 2024-07-14 09:23:00+00:00
[2024-07-14T20:36:27.251+0000] {standard_task_runner.py:90} INFO - Running: ['***', 'tasks', 'run', 'fetch_spread_values', 'fetch_and_compute_spread_usd_mxn', 'scheduled__2024-07-14T09:23:00+00:00', '--job-id', '1254', '--raw', '--subdir', 'DAGS_FOLDER/***.py', '--cfg-path', '/tmp/tmp1w0h3c09']
[2024-07-14T20:36:27.254+0000] {standard_task_runner.py:91} INFO - Job 1254: Subtask fetch_and_compute_spread_usd_mxn
[2024-07-14T20:36:27.250+0000] {logging_mixin.py:188} WARNING - /home/***/.local/lib/python3.12/site-packages/***/task/task_runner/standard_task_runner.py:61 DeprecationWarning: This process (pid=2726) is multi-threaded, use of fork() may lead to deadlocks in the child.
[2024-07-14T20:36:27.256+0000] {standard_task_runner.py:63} INFO - Started process 2737 to run task
[2024-07-14T20:36:27.296+0000] {task_command.py:426} INFO - Running <TaskInstance: fetch_spread_values.fetch_and_compute_spread_usd_mxn scheduled__2024-07-14T09:23:00+00:00 [running]> on host 77caf7e4b282
[2024-07-14T20:36:27.396+0000] {taskinstance.py:2648} INFO - Exporting env vars: AIRFLOW_CTX_DAG_OWNER='***' AIRFLOW_CTX_DAG_ID='fetch_spread_values' AIRFLOW_CTX_TASK_ID='fetch_and_compute_spread_usd_mxn' AIRFLOW_CTX_EXECUTION_DATE='2024-07-14T09:23:00+00:00' AIRFLOW_CTX_TRY_NUMBER='1' AIRFLOW_CTX_DAG_RUN_ID='scheduled__2024-07-14T09:23:00+00:00'
[2024-07-14T20:36:27.399+0000] {taskinstance.py:430} INFO - ::endgroup::
[2024-07-14T20:36:27.591+0000] {python.py:237} INFO - Done. Returned value was: None
[2024-07-14T20:36:27.595+0000] {taskinstance.py:441} INFO - ::group::Post task execution logs
[2024-07-14T20:36:27.601+0000] {taskinstance.py:1206} INFO - Marking task as SUCCESS. dag_id=fetch_spread_values, task_id=fetch_and_compute_spread_usd_mxn, run_id=scheduled__2024-07-14T09:23:00+00:00, execution_date=20240714T092300, start_date=20240714T203627, end_date=20240714T203627
[2024-07-14T20:36:27.647+0000] {local_task_job_runner.py:240} INFO - Task exited with return code 0
[2024-07-14T20:36:27.659+0000] {local_task_job_runner.py:222} INFO - ::endgroup::
