[2024-07-14T17:51:48.209+0000] {local_task_job_runner.py:120} INFO - ::group::Pre task execution logs
[2024-07-14T17:51:48.225+0000] {taskinstance.py:2076} INFO - Dependencies all met for dep_context=non-requeueable deps ti=<TaskInstance: fetch_spread_values.fetch_and_compute_spread_usd_mxn scheduled__2024-07-14T17:49:00+00:00 [queued]>
[2024-07-14T17:51:48.236+0000] {taskinstance.py:2076} INFO - Dependencies all met for dep_context=requeueable deps ti=<TaskInstance: fetch_spread_values.fetch_and_compute_spread_usd_mxn scheduled__2024-07-14T17:49:00+00:00 [queued]>
[2024-07-14T17:51:48.237+0000] {taskinstance.py:2306} INFO - Starting attempt 1 of 2
[2024-07-14T17:51:48.245+0000] {taskinstance.py:2330} INFO - Executing <Task(PythonOperator): fetch_and_compute_spread_usd_mxn> on 2024-07-14 17:49:00+00:00
[2024-07-14T17:51:48.250+0000] {warnings.py:112} WARNING - /home/***/.local/lib/python3.12/site-packages/***/task/task_runner/standard_task_runner.py:61: DeprecationWarning: This process (pid=7598) is multi-threaded, use of fork() may lead to deadlocks in the child.
  pid = os.fork()

[2024-07-14T17:51:48.253+0000] {standard_task_runner.py:63} INFO - Started process 7605 to run task
[2024-07-14T17:51:48.252+0000] {standard_task_runner.py:90} INFO - Running: ['***', 'tasks', 'run', 'fetch_spread_values', 'fetch_and_compute_spread_usd_mxn', 'scheduled__2024-07-14T17:49:00+00:00', '--job-id', '2286', '--raw', '--subdir', 'DAGS_FOLDER/***.py', '--cfg-path', '/tmp/tmpo5kxu4_3']
[2024-07-14T17:51:48.255+0000] {standard_task_runner.py:91} INFO - Job 2286: Subtask fetch_and_compute_spread_usd_mxn
[2024-07-14T17:51:48.323+0000] {task_command.py:426} INFO - Running <TaskInstance: fetch_spread_values.fetch_and_compute_spread_usd_mxn scheduled__2024-07-14T17:49:00+00:00 [running]> on host d537c34a4880
[2024-07-14T17:51:48.492+0000] {taskinstance.py:2648} INFO - Exporting env vars: AIRFLOW_CTX_DAG_OWNER='***' AIRFLOW_CTX_DAG_ID='fetch_spread_values' AIRFLOW_CTX_TASK_ID='fetch_and_compute_spread_usd_mxn' AIRFLOW_CTX_EXECUTION_DATE='2024-07-14T17:49:00+00:00' AIRFLOW_CTX_TRY_NUMBER='1' AIRFLOW_CTX_DAG_RUN_ID='scheduled__2024-07-14T17:49:00+00:00'
[2024-07-14T17:51:48.495+0000] {taskinstance.py:430} INFO - ::endgroup::
[2024-07-14T17:51:48.730+0000] {python.py:237} INFO - Done. Returned value was: None
[2024-07-14T17:51:48.730+0000] {taskinstance.py:441} INFO - ::group::Post task execution logs
[2024-07-14T17:51:48.735+0000] {taskinstance.py:1206} INFO - Marking task as SUCCESS. dag_id=fetch_spread_values, task_id=fetch_and_compute_spread_usd_mxn, run_id=scheduled__2024-07-14T17:49:00+00:00, execution_date=20240714T174900, start_date=20240714T175148, end_date=20240714T175148
[2024-07-14T17:51:48.771+0000] {local_task_job_runner.py:240} INFO - Task exited with return code 0
[2024-07-14T17:51:48.777+0000] {local_task_job_runner.py:222} INFO - ::endgroup::
[2024-07-14T20:39:33.904+0000] {local_task_job_runner.py:120} INFO - ::group::Pre task execution logs
[2024-07-14T20:39:33.938+0000] {taskinstance.py:2076} INFO - Dependencies all met for dep_context=non-requeueable deps ti=<TaskInstance: fetch_spread_values.fetch_and_compute_spread_usd_mxn scheduled__2024-07-14T17:49:00+00:00 [queued]>
[2024-07-14T20:39:33.951+0000] {taskinstance.py:2076} INFO - Dependencies all met for dep_context=requeueable deps ti=<TaskInstance: fetch_spread_values.fetch_and_compute_spread_usd_mxn scheduled__2024-07-14T17:49:00+00:00 [queued]>
[2024-07-14T20:39:33.957+0000] {taskinstance.py:2306} INFO - Starting attempt 1 of 2
[2024-07-14T20:39:33.976+0000] {taskinstance.py:2330} INFO - Executing <Task(PythonOperator): fetch_and_compute_spread_usd_mxn> on 2024-07-14 17:49:00+00:00
[2024-07-14T20:39:33.983+0000] {logging_mixin.py:188} WARNING - /home/***/.local/lib/python3.12/site-packages/***/task/task_runner/standard_task_runner.py:61 DeprecationWarning: This process (pid=4779) is multi-threaded, use of fork() may lead to deadlocks in the child.
[2024-07-14T20:39:33.984+0000] {standard_task_runner.py:63} INFO - Started process 4790 to run task
[2024-07-14T20:39:33.983+0000] {standard_task_runner.py:90} INFO - Running: ['***', 'tasks', 'run', 'fetch_spread_values', 'fetch_and_compute_spread_usd_mxn', 'scheduled__2024-07-14T17:49:00+00:00', '--job-id', '2267', '--raw', '--subdir', 'DAGS_FOLDER/***.py', '--cfg-path', '/tmp/tmpy_ju_du2']
[2024-07-14T20:39:33.990+0000] {standard_task_runner.py:91} INFO - Job 2267: Subtask fetch_and_compute_spread_usd_mxn
[2024-07-14T20:39:34.078+0000] {task_command.py:426} INFO - Running <TaskInstance: fetch_spread_values.fetch_and_compute_spread_usd_mxn scheduled__2024-07-14T17:49:00+00:00 [running]> on host 77caf7e4b282
[2024-07-14T20:39:34.188+0000] {taskinstance.py:2648} INFO - Exporting env vars: AIRFLOW_CTX_DAG_OWNER='***' AIRFLOW_CTX_DAG_ID='fetch_spread_values' AIRFLOW_CTX_TASK_ID='fetch_and_compute_spread_usd_mxn' AIRFLOW_CTX_EXECUTION_DATE='2024-07-14T17:49:00+00:00' AIRFLOW_CTX_TRY_NUMBER='1' AIRFLOW_CTX_DAG_RUN_ID='scheduled__2024-07-14T17:49:00+00:00'
[2024-07-14T20:39:34.192+0000] {taskinstance.py:430} INFO - ::endgroup::
[2024-07-14T20:39:34.378+0000] {python.py:237} INFO - Done. Returned value was: None
[2024-07-14T20:39:34.379+0000] {taskinstance.py:441} INFO - ::group::Post task execution logs
[2024-07-14T20:39:34.386+0000] {taskinstance.py:1206} INFO - Marking task as SUCCESS. dag_id=fetch_spread_values, task_id=fetch_and_compute_spread_usd_mxn, run_id=scheduled__2024-07-14T17:49:00+00:00, execution_date=20240714T174900, start_date=20240714T203933, end_date=20240714T203934
[2024-07-14T20:39:34.418+0000] {local_task_job_runner.py:240} INFO - Task exited with return code 0
[2024-07-14T20:39:34.428+0000] {taskinstance.py:3503} INFO - 0 downstream tasks scheduled from follow-on schedule check
[2024-07-14T20:39:34.429+0000] {local_task_job_runner.py:222} INFO - ::endgroup::
