[2024-07-14T15:27:00.330+0000] {local_task_job_runner.py:120} INFO - ::group::Pre task execution logs
[2024-07-14T15:27:00.360+0000] {taskinstance.py:2076} INFO - Dependencies all met for dep_context=non-requeueable deps ti=<TaskInstance: fetch_spread_values.fetch_and_compute_spread_usd_mxn scheduled__2024-07-14T15:11:00+00:00 [queued]>
[2024-07-14T15:27:00.383+0000] {taskinstance.py:2076} INFO - Dependencies all met for dep_context=requeueable deps ti=<TaskInstance: fetch_spread_values.fetch_and_compute_spread_usd_mxn scheduled__2024-07-14T15:11:00+00:00 [queued]>
[2024-07-14T15:27:00.386+0000] {taskinstance.py:2306} INFO - Starting attempt 1 of 2
[2024-07-14T15:27:00.403+0000] {taskinstance.py:2330} INFO - Executing <Task(PythonOperator): fetch_and_compute_spread_usd_mxn> on 2024-07-14 15:11:00+00:00
[2024-07-14T15:27:00.426+0000] {warnings.py:112} WARNING - /home/***/.local/lib/python3.12/site-packages/***/task/task_runner/standard_task_runner.py:61: DeprecationWarning: This process (pid=6479) is multi-threaded, use of fork() may lead to deadlocks in the child.
  pid = os.fork()

[2024-07-14T15:27:00.433+0000] {standard_task_runner.py:63} INFO - Started process 6504 to run task
[2024-07-14T15:27:00.431+0000] {standard_task_runner.py:90} INFO - Running: ['***', 'tasks', 'run', 'fetch_spread_values', 'fetch_and_compute_spread_usd_mxn', 'scheduled__2024-07-14T15:11:00+00:00', '--job-id', '1950', '--raw', '--subdir', 'DAGS_FOLDER/***.py', '--cfg-path', '/tmp/tmpy3vkgqnb']
[2024-07-14T15:27:00.467+0000] {standard_task_runner.py:91} INFO - Job 1950: Subtask fetch_and_compute_spread_usd_mxn
[2024-07-14T15:27:00.718+0000] {task_command.py:426} INFO - Running <TaskInstance: fetch_spread_values.fetch_and_compute_spread_usd_mxn scheduled__2024-07-14T15:11:00+00:00 [running]> on host d537c34a4880
[2024-07-14T15:27:01.079+0000] {taskinstance.py:2648} INFO - Exporting env vars: AIRFLOW_CTX_DAG_OWNER='***' AIRFLOW_CTX_DAG_ID='fetch_spread_values' AIRFLOW_CTX_TASK_ID='fetch_and_compute_spread_usd_mxn' AIRFLOW_CTX_EXECUTION_DATE='2024-07-14T15:11:00+00:00' AIRFLOW_CTX_TRY_NUMBER='1' AIRFLOW_CTX_DAG_RUN_ID='scheduled__2024-07-14T15:11:00+00:00'
[2024-07-14T15:27:01.104+0000] {taskinstance.py:430} INFO - ::endgroup::
[2024-07-14T15:27:01.624+0000] {python.py:237} INFO - Done. Returned value was: None
[2024-07-14T15:27:01.634+0000] {taskinstance.py:441} INFO - ::group::Post task execution logs
[2024-07-14T15:27:01.657+0000] {taskinstance.py:1206} INFO - Marking task as SUCCESS. dag_id=fetch_spread_values, task_id=fetch_and_compute_spread_usd_mxn, run_id=scheduled__2024-07-14T15:11:00+00:00, execution_date=20240714T151100, start_date=20240714T152700, end_date=20240714T152701
[2024-07-14T15:27:01.727+0000] {local_task_job_runner.py:240} INFO - Task exited with return code 0
[2024-07-14T15:27:01.791+0000] {taskinstance.py:3503} INFO - 0 downstream tasks scheduled from follow-on schedule check
[2024-07-14T15:27:01.801+0000] {local_task_job_runner.py:222} INFO - ::endgroup::
[2024-07-14T20:38:35.552+0000] {local_task_job_runner.py:120} INFO - ::group::Pre task execution logs
[2024-07-14T20:38:35.584+0000] {taskinstance.py:2076} INFO - Dependencies all met for dep_context=non-requeueable deps ti=<TaskInstance: fetch_spread_values.fetch_and_compute_spread_usd_mxn scheduled__2024-07-14T15:11:00+00:00 [queued]>
[2024-07-14T20:38:35.593+0000] {taskinstance.py:2076} INFO - Dependencies all met for dep_context=requeueable deps ti=<TaskInstance: fetch_spread_values.fetch_and_compute_spread_usd_mxn scheduled__2024-07-14T15:11:00+00:00 [queued]>
[2024-07-14T20:38:35.599+0000] {taskinstance.py:2306} INFO - Starting attempt 1 of 2
[2024-07-14T20:38:35.614+0000] {taskinstance.py:2330} INFO - Executing <Task(PythonOperator): fetch_and_compute_spread_usd_mxn> on 2024-07-14 15:11:00+00:00
[2024-07-14T20:38:35.620+0000] {standard_task_runner.py:90} INFO - Running: ['***', 'tasks', 'run', 'fetch_spread_values', 'fetch_and_compute_spread_usd_mxn', 'scheduled__2024-07-14T15:11:00+00:00', '--job-id', '1951', '--raw', '--subdir', 'DAGS_FOLDER/***.py', '--cfg-path', '/tmp/tmpo9tuwydb']
[2024-07-14T20:38:35.619+0000] {logging_mixin.py:188} WARNING - /home/***/.local/lib/python3.12/site-packages/***/task/task_runner/standard_task_runner.py:61 DeprecationWarning: This process (pid=4139) is multi-threaded, use of fork() may lead to deadlocks in the child.
[2024-07-14T20:38:35.628+0000] {standard_task_runner.py:63} INFO - Started process 4151 to run task
[2024-07-14T20:38:35.627+0000] {standard_task_runner.py:91} INFO - Job 1951: Subtask fetch_and_compute_spread_usd_mxn
[2024-07-14T20:38:35.681+0000] {task_command.py:426} INFO - Running <TaskInstance: fetch_spread_values.fetch_and_compute_spread_usd_mxn scheduled__2024-07-14T15:11:00+00:00 [running]> on host 77caf7e4b282
[2024-07-14T20:38:35.801+0000] {taskinstance.py:2648} INFO - Exporting env vars: AIRFLOW_CTX_DAG_OWNER='***' AIRFLOW_CTX_DAG_ID='fetch_spread_values' AIRFLOW_CTX_TASK_ID='fetch_and_compute_spread_usd_mxn' AIRFLOW_CTX_EXECUTION_DATE='2024-07-14T15:11:00+00:00' AIRFLOW_CTX_TRY_NUMBER='1' AIRFLOW_CTX_DAG_RUN_ID='scheduled__2024-07-14T15:11:00+00:00'
[2024-07-14T20:38:35.809+0000] {taskinstance.py:430} INFO - ::endgroup::
[2024-07-14T20:38:36.031+0000] {python.py:237} INFO - Done. Returned value was: None
[2024-07-14T20:38:36.035+0000] {taskinstance.py:441} INFO - ::group::Post task execution logs
[2024-07-14T20:38:36.041+0000] {taskinstance.py:1206} INFO - Marking task as SUCCESS. dag_id=fetch_spread_values, task_id=fetch_and_compute_spread_usd_mxn, run_id=scheduled__2024-07-14T15:11:00+00:00, execution_date=20240714T151100, start_date=20240714T203835, end_date=20240714T203836
[2024-07-14T20:38:36.067+0000] {local_task_job_runner.py:240} INFO - Task exited with return code 0
[2024-07-14T20:38:36.083+0000] {taskinstance.py:3503} INFO - 0 downstream tasks scheduled from follow-on schedule check
[2024-07-14T20:38:36.085+0000] {local_task_job_runner.py:222} INFO - ::endgroup::
