[2024-07-14T13:11:46.160+0000] {local_task_job_runner.py:120} INFO - ::group::Pre task execution logs
[2024-07-14T13:11:46.191+0000] {taskinstance.py:2076} INFO - Dependencies all met for dep_context=non-requeueable deps ti=<TaskInstance: fetch_spread_values.fetch_and_compute_spread_btc_mxn scheduled__2024-07-14T13:09:00+00:00 [queued]>
[2024-07-14T13:11:46.198+0000] {taskinstance.py:2076} INFO - Dependencies all met for dep_context=requeueable deps ti=<TaskInstance: fetch_spread_values.fetch_and_compute_spread_btc_mxn scheduled__2024-07-14T13:09:00+00:00 [queued]>
[2024-07-14T13:11:46.199+0000] {taskinstance.py:2306} INFO - Starting attempt 1 of 2
[2024-07-14T13:11:46.215+0000] {taskinstance.py:2330} INFO - Executing <Task(PythonOperator): fetch_and_compute_spread_btc_mxn> on 2024-07-14 13:09:00+00:00
[2024-07-14T13:11:46.226+0000] {warnings.py:112} WARNING - /home/***/.local/lib/python3.12/site-packages/***/task/task_runner/standard_task_runner.py:61: DeprecationWarning: This process (pid=5609) is multi-threaded, use of fork() may lead to deadlocks in the child.
  pid = os.fork()

[2024-07-14T13:11:46.234+0000] {standard_task_runner.py:90} INFO - Running: ['***', 'tasks', 'run', 'fetch_spread_values', 'fetch_and_compute_spread_btc_mxn', 'scheduled__2024-07-14T13:09:00+00:00', '--job-id', '1690', '--raw', '--subdir', 'DAGS_FOLDER/***.py', '--cfg-path', '/tmp/tmpkmquz94i']
[2024-07-14T13:11:46.234+0000] {standard_task_runner.py:63} INFO - Started process 5643 to run task
[2024-07-14T13:11:46.237+0000] {standard_task_runner.py:91} INFO - Job 1690: Subtask fetch_and_compute_spread_btc_mxn
[2024-07-14T13:11:46.313+0000] {task_command.py:426} INFO - Running <TaskInstance: fetch_spread_values.fetch_and_compute_spread_btc_mxn scheduled__2024-07-14T13:09:00+00:00 [running]> on host d537c34a4880
[2024-07-14T13:11:46.501+0000] {taskinstance.py:2648} INFO - Exporting env vars: AIRFLOW_CTX_DAG_OWNER='***' AIRFLOW_CTX_DAG_ID='fetch_spread_values' AIRFLOW_CTX_TASK_ID='fetch_and_compute_spread_btc_mxn' AIRFLOW_CTX_EXECUTION_DATE='2024-07-14T13:09:00+00:00' AIRFLOW_CTX_TRY_NUMBER='1' AIRFLOW_CTX_DAG_RUN_ID='scheduled__2024-07-14T13:09:00+00:00'
[2024-07-14T13:11:46.513+0000] {taskinstance.py:430} INFO - ::endgroup::
[2024-07-14T13:11:46.719+0000] {python.py:237} INFO - Done. Returned value was: None
[2024-07-14T13:11:46.720+0000] {taskinstance.py:441} INFO - ::group::Post task execution logs
[2024-07-14T13:11:46.725+0000] {taskinstance.py:1206} INFO - Marking task as SUCCESS. dag_id=fetch_spread_values, task_id=fetch_and_compute_spread_btc_mxn, run_id=scheduled__2024-07-14T13:09:00+00:00, execution_date=20240714T130900, start_date=20240714T131146, end_date=20240714T131146
[2024-07-14T13:11:46.752+0000] {local_task_job_runner.py:240} INFO - Task exited with return code 0
[2024-07-14T13:11:46.762+0000] {taskinstance.py:3503} INFO - 0 downstream tasks scheduled from follow-on schedule check
[2024-07-14T13:11:46.764+0000] {local_task_job_runner.py:222} INFO - ::endgroup::
[2024-07-14T20:37:50.508+0000] {local_task_job_runner.py:120} INFO - ::group::Pre task execution logs
[2024-07-14T20:37:50.548+0000] {taskinstance.py:2076} INFO - Dependencies all met for dep_context=non-requeueable deps ti=<TaskInstance: fetch_spread_values.fetch_and_compute_spread_btc_mxn scheduled__2024-07-14T13:09:00+00:00 [queued]>
[2024-07-14T20:37:50.554+0000] {taskinstance.py:2076} INFO - Dependencies all met for dep_context=requeueable deps ti=<TaskInstance: fetch_spread_values.fetch_and_compute_spread_btc_mxn scheduled__2024-07-14T13:09:00+00:00 [queued]>
[2024-07-14T20:37:50.555+0000] {taskinstance.py:2306} INFO - Starting attempt 1 of 2
[2024-07-14T20:37:50.569+0000] {taskinstance.py:2330} INFO - Executing <Task(PythonOperator): fetch_and_compute_spread_btc_mxn> on 2024-07-14 13:09:00+00:00
[2024-07-14T20:37:50.573+0000] {logging_mixin.py:188} WARNING - /home/***/.local/lib/python3.12/site-packages/***/task/task_runner/standard_task_runner.py:61 DeprecationWarning: This process (pid=3643) is multi-threaded, use of fork() may lead to deadlocks in the child.
[2024-07-14T20:37:50.574+0000] {standard_task_runner.py:63} INFO - Started process 3652 to run task
[2024-07-14T20:37:50.574+0000] {standard_task_runner.py:90} INFO - Running: ['***', 'tasks', 'run', 'fetch_spread_values', 'fetch_and_compute_spread_btc_mxn', 'scheduled__2024-07-14T13:09:00+00:00', '--job-id', '1706', '--raw', '--subdir', 'DAGS_FOLDER/***.py', '--cfg-path', '/tmp/tmpr8vn34sc']
[2024-07-14T20:37:50.575+0000] {standard_task_runner.py:91} INFO - Job 1706: Subtask fetch_and_compute_spread_btc_mxn
[2024-07-14T20:37:50.616+0000] {task_command.py:426} INFO - Running <TaskInstance: fetch_spread_values.fetch_and_compute_spread_btc_mxn scheduled__2024-07-14T13:09:00+00:00 [running]> on host 77caf7e4b282
[2024-07-14T20:37:50.676+0000] {taskinstance.py:2648} INFO - Exporting env vars: AIRFLOW_CTX_DAG_OWNER='***' AIRFLOW_CTX_DAG_ID='fetch_spread_values' AIRFLOW_CTX_TASK_ID='fetch_and_compute_spread_btc_mxn' AIRFLOW_CTX_EXECUTION_DATE='2024-07-14T13:09:00+00:00' AIRFLOW_CTX_TRY_NUMBER='1' AIRFLOW_CTX_DAG_RUN_ID='scheduled__2024-07-14T13:09:00+00:00'
[2024-07-14T20:37:50.680+0000] {taskinstance.py:430} INFO - ::endgroup::
[2024-07-14T20:37:50.825+0000] {python.py:237} INFO - Done. Returned value was: None
[2024-07-14T20:37:50.826+0000] {taskinstance.py:441} INFO - ::group::Post task execution logs
[2024-07-14T20:37:50.831+0000] {taskinstance.py:1206} INFO - Marking task as SUCCESS. dag_id=fetch_spread_values, task_id=fetch_and_compute_spread_btc_mxn, run_id=scheduled__2024-07-14T13:09:00+00:00, execution_date=20240714T130900, start_date=20240714T203750, end_date=20240714T203750
[2024-07-14T20:37:50.880+0000] {local_task_job_runner.py:240} INFO - Task exited with return code 0
[2024-07-14T20:37:50.888+0000] {taskinstance.py:3503} INFO - 0 downstream tasks scheduled from follow-on schedule check
[2024-07-14T20:37:50.889+0000] {local_task_job_runner.py:222} INFO - ::endgroup::
