[2024-07-14T08:58:55.980+0000] {local_task_job_runner.py:120} INFO - ::group::Pre task execution logs
[2024-07-14T08:58:55.999+0000] {taskinstance.py:2076} INFO - Dependencies all met for dep_context=non-requeueable deps ti=<TaskInstance: fetch_spread_values.fetch_and_compute_spread_btc_mxn scheduled__2024-07-14T02:23:00+00:00 [queued]>
[2024-07-14T08:58:56.015+0000] {taskinstance.py:2076} INFO - Dependencies all met for dep_context=requeueable deps ti=<TaskInstance: fetch_spread_values.fetch_and_compute_spread_btc_mxn scheduled__2024-07-14T02:23:00+00:00 [queued]>
[2024-07-14T08:58:56.016+0000] {taskinstance.py:2306} INFO - Starting attempt 1 of 2
[2024-07-14T08:58:56.030+0000] {taskinstance.py:2330} INFO - Executing <Task(PythonOperator): fetch_and_compute_spread_btc_mxn> on 2024-07-14 02:23:00+00:00
[2024-07-14T08:58:56.036+0000] {warnings.py:112} WARNING - /home/***/.local/lib/python3.12/site-packages/***/task/task_runner/standard_task_runner.py:61: DeprecationWarning: This process (pid=991) is multi-threaded, use of fork() may lead to deadlocks in the child.
  pid = os.fork()

[2024-07-14T08:58:56.037+0000] {standard_task_runner.py:63} INFO - Started process 1010 to run task
[2024-07-14T08:58:56.037+0000] {standard_task_runner.py:90} INFO - Running: ['***', 'tasks', 'run', 'fetch_spread_values', 'fetch_and_compute_spread_btc_mxn', 'scheduled__2024-07-14T02:23:00+00:00', '--job-id', '315', '--raw', '--subdir', 'DAGS_FOLDER/***.py', '--cfg-path', '/tmp/tmpulekuad7']
[2024-07-14T08:58:56.039+0000] {standard_task_runner.py:91} INFO - Job 315: Subtask fetch_and_compute_spread_btc_mxn
[2024-07-14T08:58:56.073+0000] {task_command.py:426} INFO - Running <TaskInstance: fetch_spread_values.fetch_and_compute_spread_btc_mxn scheduled__2024-07-14T02:23:00+00:00 [running]> on host d537c34a4880
[2024-07-14T08:58:56.159+0000] {taskinstance.py:2648} INFO - Exporting env vars: AIRFLOW_CTX_DAG_OWNER='***' AIRFLOW_CTX_DAG_ID='fetch_spread_values' AIRFLOW_CTX_TASK_ID='fetch_and_compute_spread_btc_mxn' AIRFLOW_CTX_EXECUTION_DATE='2024-07-14T02:23:00+00:00' AIRFLOW_CTX_TRY_NUMBER='1' AIRFLOW_CTX_DAG_RUN_ID='scheduled__2024-07-14T02:23:00+00:00'
[2024-07-14T08:58:56.161+0000] {taskinstance.py:430} INFO - ::endgroup::
[2024-07-14T08:58:56.305+0000] {python.py:237} INFO - Done. Returned value was: None
[2024-07-14T08:58:56.306+0000] {taskinstance.py:441} INFO - ::group::Post task execution logs
[2024-07-14T08:58:56.312+0000] {taskinstance.py:1206} INFO - Marking task as SUCCESS. dag_id=fetch_spread_values, task_id=fetch_and_compute_spread_btc_mxn, run_id=scheduled__2024-07-14T02:23:00+00:00, execution_date=20240714T022300, start_date=20240714T085856, end_date=20240714T085856
[2024-07-14T08:58:56.342+0000] {local_task_job_runner.py:240} INFO - Task exited with return code 0
[2024-07-14T08:58:56.354+0000] {taskinstance.py:3503} INFO - 0 downstream tasks scheduled from follow-on schedule check
[2024-07-14T08:58:56.355+0000] {local_task_job_runner.py:222} INFO - ::endgroup::
[2024-07-14T20:33:18.107+0000] {local_task_job_runner.py:120} INFO - ::group::Pre task execution logs
[2024-07-14T20:33:18.130+0000] {taskinstance.py:2076} INFO - Dependencies all met for dep_context=non-requeueable deps ti=<TaskInstance: fetch_spread_values.fetch_and_compute_spread_btc_mxn scheduled__2024-07-14T02:23:00+00:00 [queued]>
[2024-07-14T20:33:18.146+0000] {taskinstance.py:2076} INFO - Dependencies all met for dep_context=requeueable deps ti=<TaskInstance: fetch_spread_values.fetch_and_compute_spread_btc_mxn scheduled__2024-07-14T02:23:00+00:00 [queued]>
[2024-07-14T20:33:18.150+0000] {taskinstance.py:2306} INFO - Starting attempt 1 of 2
[2024-07-14T20:33:18.162+0000] {taskinstance.py:2330} INFO - Executing <Task(PythonOperator): fetch_and_compute_spread_btc_mxn> on 2024-07-14 02:23:00+00:00
[2024-07-14T20:33:18.173+0000] {logging_mixin.py:188} WARNING - /home/***/.local/lib/python3.12/site-packages/***/task/task_runner/standard_task_runner.py:61 DeprecationWarning: This process (pid=771) is multi-threaded, use of fork() may lead to deadlocks in the child.
[2024-07-14T20:33:18.176+0000] {standard_task_runner.py:63} INFO - Started process 780 to run task
[2024-07-14T20:33:18.174+0000] {standard_task_runner.py:90} INFO - Running: ['***', 'tasks', 'run', 'fetch_spread_values', 'fetch_and_compute_spread_btc_mxn', 'scheduled__2024-07-14T02:23:00+00:00', '--job-id', '291', '--raw', '--subdir', 'DAGS_FOLDER/***.py', '--cfg-path', '/tmp/tmphxwimnt6']
[2024-07-14T20:33:18.186+0000] {standard_task_runner.py:91} INFO - Job 291: Subtask fetch_and_compute_spread_btc_mxn
[2024-07-14T20:33:18.232+0000] {task_command.py:426} INFO - Running <TaskInstance: fetch_spread_values.fetch_and_compute_spread_btc_mxn scheduled__2024-07-14T02:23:00+00:00 [running]> on host 77caf7e4b282
[2024-07-14T20:33:18.302+0000] {taskinstance.py:2648} INFO - Exporting env vars: AIRFLOW_CTX_DAG_OWNER='***' AIRFLOW_CTX_DAG_ID='fetch_spread_values' AIRFLOW_CTX_TASK_ID='fetch_and_compute_spread_btc_mxn' AIRFLOW_CTX_EXECUTION_DATE='2024-07-14T02:23:00+00:00' AIRFLOW_CTX_TRY_NUMBER='1' AIRFLOW_CTX_DAG_RUN_ID='scheduled__2024-07-14T02:23:00+00:00'
[2024-07-14T20:33:18.303+0000] {taskinstance.py:430} INFO - ::endgroup::
[2024-07-14T20:33:18.469+0000] {python.py:237} INFO - Done. Returned value was: None
[2024-07-14T20:33:18.472+0000] {taskinstance.py:441} INFO - ::group::Post task execution logs
[2024-07-14T20:33:18.477+0000] {taskinstance.py:1206} INFO - Marking task as SUCCESS. dag_id=fetch_spread_values, task_id=fetch_and_compute_spread_btc_mxn, run_id=scheduled__2024-07-14T02:23:00+00:00, execution_date=20240714T022300, start_date=20240714T203318, end_date=20240714T203318
[2024-07-14T20:33:18.495+0000] {local_task_job_runner.py:240} INFO - Task exited with return code 0
[2024-07-14T20:33:18.504+0000] {taskinstance.py:3503} INFO - 0 downstream tasks scheduled from follow-on schedule check
[2024-07-14T20:33:18.505+0000] {local_task_job_runner.py:222} INFO - ::endgroup::
