[2024-07-14T18:49:00.887+0000] {local_task_job_runner.py:120} INFO - ::group::Pre task execution logs
[2024-07-14T18:49:00.901+0000] {taskinstance.py:2076} INFO - Dependencies all met for dep_context=non-requeueable deps ti=<TaskInstance: fetch_spread_values.fetch_and_compute_spread_btc_mxn scheduled__2024-07-14T18:48:00+00:00 [queued]>
[2024-07-14T18:49:00.907+0000] {taskinstance.py:2076} INFO - Dependencies all met for dep_context=requeueable deps ti=<TaskInstance: fetch_spread_values.fetch_and_compute_spread_btc_mxn scheduled__2024-07-14T18:48:00+00:00 [queued]>
[2024-07-14T18:49:00.907+0000] {taskinstance.py:2306} INFO - Starting attempt 1 of 2
[2024-07-14T18:49:00.915+0000] {taskinstance.py:2330} INFO - Executing <Task(PythonOperator): fetch_and_compute_spread_btc_mxn> on 2024-07-14 18:48:00+00:00
[2024-07-14T18:49:00.921+0000] {warnings.py:112} WARNING - /home/***/.local/lib/python3.12/site-packages/***/task/task_runner/standard_task_runner.py:61: DeprecationWarning: This process (pid=8108) is multi-threaded, use of fork() may lead to deadlocks in the child.
  pid = os.fork()

[2024-07-14T18:49:00.923+0000] {standard_task_runner.py:63} INFO - Started process 8112 to run task
[2024-07-14T18:49:00.924+0000] {standard_task_runner.py:90} INFO - Running: ['***', 'tasks', 'run', 'fetch_spread_values', 'fetch_and_compute_spread_btc_mxn', 'scheduled__2024-07-14T18:48:00+00:00', '--job-id', '2412', '--raw', '--subdir', 'DAGS_FOLDER/***.py', '--cfg-path', '/tmp/tmp16fpm4f5']
[2024-07-14T18:49:00.927+0000] {standard_task_runner.py:91} INFO - Job 2412: Subtask fetch_and_compute_spread_btc_mxn
[2024-07-14T18:49:00.964+0000] {task_command.py:426} INFO - Running <TaskInstance: fetch_spread_values.fetch_and_compute_spread_btc_mxn scheduled__2024-07-14T18:48:00+00:00 [running]> on host d537c34a4880
[2024-07-14T18:49:01.019+0000] {taskinstance.py:2648} INFO - Exporting env vars: AIRFLOW_CTX_DAG_OWNER='***' AIRFLOW_CTX_DAG_ID='fetch_spread_values' AIRFLOW_CTX_TASK_ID='fetch_and_compute_spread_btc_mxn' AIRFLOW_CTX_EXECUTION_DATE='2024-07-14T18:48:00+00:00' AIRFLOW_CTX_TRY_NUMBER='1' AIRFLOW_CTX_DAG_RUN_ID='scheduled__2024-07-14T18:48:00+00:00'
[2024-07-14T18:49:01.021+0000] {taskinstance.py:430} INFO - ::endgroup::
[2024-07-14T18:49:01.354+0000] {python.py:237} INFO - Done. Returned value was: None
[2024-07-14T18:49:01.355+0000] {taskinstance.py:441} INFO - ::group::Post task execution logs
[2024-07-14T18:49:01.361+0000] {taskinstance.py:1206} INFO - Marking task as SUCCESS. dag_id=fetch_spread_values, task_id=fetch_and_compute_spread_btc_mxn, run_id=scheduled__2024-07-14T18:48:00+00:00, execution_date=20240714T184800, start_date=20240714T184900, end_date=20240714T184901
[2024-07-14T18:49:01.394+0000] {local_task_job_runner.py:240} INFO - Task exited with return code 0
[2024-07-14T18:49:01.404+0000] {taskinstance.py:3503} INFO - 0 downstream tasks scheduled from follow-on schedule check
[2024-07-14T18:49:01.405+0000] {local_task_job_runner.py:222} INFO - ::endgroup::
[2024-07-14T20:39:51.500+0000] {local_task_job_runner.py:120} INFO - ::group::Pre task execution logs
[2024-07-14T20:39:51.538+0000] {taskinstance.py:2076} INFO - Dependencies all met for dep_context=non-requeueable deps ti=<TaskInstance: fetch_spread_values.fetch_and_compute_spread_btc_mxn scheduled__2024-07-14T18:48:00+00:00 [queued]>
[2024-07-14T20:39:51.543+0000] {taskinstance.py:2076} INFO - Dependencies all met for dep_context=requeueable deps ti=<TaskInstance: fetch_spread_values.fetch_and_compute_spread_btc_mxn scheduled__2024-07-14T18:48:00+00:00 [queued]>
[2024-07-14T20:39:51.544+0000] {taskinstance.py:2306} INFO - Starting attempt 1 of 2
[2024-07-14T20:39:51.553+0000] {taskinstance.py:2330} INFO - Executing <Task(PythonOperator): fetch_and_compute_spread_btc_mxn> on 2024-07-14 18:48:00+00:00
[2024-07-14T20:39:51.558+0000] {logging_mixin.py:188} WARNING - /home/***/.local/lib/python3.12/site-packages/***/task/task_runner/standard_task_runner.py:61 DeprecationWarning: This process (pid=5019) is multi-threaded, use of fork() may lead to deadlocks in the child.
[2024-07-14T20:39:51.563+0000] {standard_task_runner.py:63} INFO - Started process 5027 to run task
[2024-07-14T20:39:51.560+0000] {standard_task_runner.py:90} INFO - Running: ['***', 'tasks', 'run', 'fetch_spread_values', 'fetch_and_compute_spread_btc_mxn', 'scheduled__2024-07-14T18:48:00+00:00', '--job-id', '2384', '--raw', '--subdir', 'DAGS_FOLDER/***.py', '--cfg-path', '/tmp/tmp1ts3bfjx']
[2024-07-14T20:39:51.565+0000] {standard_task_runner.py:91} INFO - Job 2384: Subtask fetch_and_compute_spread_btc_mxn
[2024-07-14T20:39:51.600+0000] {task_command.py:426} INFO - Running <TaskInstance: fetch_spread_values.fetch_and_compute_spread_btc_mxn scheduled__2024-07-14T18:48:00+00:00 [running]> on host 77caf7e4b282
[2024-07-14T20:39:51.706+0000] {taskinstance.py:2648} INFO - Exporting env vars: AIRFLOW_CTX_DAG_OWNER='***' AIRFLOW_CTX_DAG_ID='fetch_spread_values' AIRFLOW_CTX_TASK_ID='fetch_and_compute_spread_btc_mxn' AIRFLOW_CTX_EXECUTION_DATE='2024-07-14T18:48:00+00:00' AIRFLOW_CTX_TRY_NUMBER='1' AIRFLOW_CTX_DAG_RUN_ID='scheduled__2024-07-14T18:48:00+00:00'
[2024-07-14T20:39:51.707+0000] {taskinstance.py:430} INFO - ::endgroup::
[2024-07-14T20:39:51.867+0000] {python.py:237} INFO - Done. Returned value was: None
[2024-07-14T20:39:51.868+0000] {taskinstance.py:441} INFO - ::group::Post task execution logs
[2024-07-14T20:39:51.873+0000] {taskinstance.py:1206} INFO - Marking task as SUCCESS. dag_id=fetch_spread_values, task_id=fetch_and_compute_spread_btc_mxn, run_id=scheduled__2024-07-14T18:48:00+00:00, execution_date=20240714T184800, start_date=20240714T203951, end_date=20240714T203951
[2024-07-14T20:39:51.912+0000] {local_task_job_runner.py:240} INFO - Task exited with return code 0
[2024-07-14T20:39:51.921+0000] {taskinstance.py:3503} INFO - 0 downstream tasks scheduled from follow-on schedule check
[2024-07-14T20:39:51.922+0000] {local_task_job_runner.py:222} INFO - ::endgroup::
