[2024-07-14T09:01:18.187+0000] {local_task_job_runner.py:120} INFO - ::group::Pre task execution logs
[2024-07-14T09:01:18.297+0000] {taskinstance.py:2076} INFO - Dependencies all met for dep_context=non-requeueable deps ti=<TaskInstance: fetch_spread_values.fetch_and_compute_spread_usd_mxn scheduled__2024-07-14T04:52:00+00:00 [queued]>
[2024-07-14T09:01:18.314+0000] {taskinstance.py:2076} INFO - Dependencies all met for dep_context=requeueable deps ti=<TaskInstance: fetch_spread_values.fetch_and_compute_spread_usd_mxn scheduled__2024-07-14T04:52:00+00:00 [queued]>
[2024-07-14T09:01:18.319+0000] {taskinstance.py:2306} INFO - Starting attempt 1 of 2
[2024-07-14T09:01:18.373+0000] {taskinstance.py:2330} INFO - Executing <Task(PythonOperator): fetch_and_compute_spread_usd_mxn> on 2024-07-14 04:52:00+00:00
[2024-07-14T09:01:18.380+0000] {warnings.py:112} WARNING - /home/***/.local/lib/python3.12/site-packages/***/task/task_runner/standard_task_runner.py:61: DeprecationWarning: This process (pid=1919) is multi-threaded, use of fork() may lead to deadlocks in the child.
  pid = os.fork()

[2024-07-14T09:01:18.386+0000] {standard_task_runner.py:63} INFO - Started process 1946 to run task
[2024-07-14T09:01:18.391+0000] {standard_task_runner.py:90} INFO - Running: ['***', 'tasks', 'run', 'fetch_spread_values', 'fetch_and_compute_spread_usd_mxn', 'scheduled__2024-07-14T04:52:00+00:00', '--job-id', '613', '--raw', '--subdir', 'DAGS_FOLDER/***.py', '--cfg-path', '/tmp/tmpwyopme_h']
[2024-07-14T09:01:18.397+0000] {standard_task_runner.py:91} INFO - Job 613: Subtask fetch_and_compute_spread_usd_mxn
[2024-07-14T09:01:18.570+0000] {task_command.py:426} INFO - Running <TaskInstance: fetch_spread_values.fetch_and_compute_spread_usd_mxn scheduled__2024-07-14T04:52:00+00:00 [running]> on host d537c34a4880
[2024-07-14T09:01:18.739+0000] {taskinstance.py:2648} INFO - Exporting env vars: AIRFLOW_CTX_DAG_OWNER='***' AIRFLOW_CTX_DAG_ID='fetch_spread_values' AIRFLOW_CTX_TASK_ID='fetch_and_compute_spread_usd_mxn' AIRFLOW_CTX_EXECUTION_DATE='2024-07-14T04:52:00+00:00' AIRFLOW_CTX_TRY_NUMBER='1' AIRFLOW_CTX_DAG_RUN_ID='scheduled__2024-07-14T04:52:00+00:00'
[2024-07-14T09:01:18.753+0000] {taskinstance.py:430} INFO - ::endgroup::
[2024-07-14T09:01:19.377+0000] {python.py:237} INFO - Done. Returned value was: None
[2024-07-14T09:01:19.402+0000] {taskinstance.py:441} INFO - ::group::Post task execution logs
[2024-07-14T09:01:19.473+0000] {taskinstance.py:1206} INFO - Marking task as SUCCESS. dag_id=fetch_spread_values, task_id=fetch_and_compute_spread_usd_mxn, run_id=scheduled__2024-07-14T04:52:00+00:00, execution_date=20240714T045200, start_date=20240714T090118, end_date=20240714T090119
[2024-07-14T09:01:19.681+0000] {local_task_job_runner.py:240} INFO - Task exited with return code 0
[2024-07-14T09:01:19.766+0000] {taskinstance.py:3503} INFO - 0 downstream tasks scheduled from follow-on schedule check
[2024-07-14T09:01:19.774+0000] {local_task_job_runner.py:222} INFO - ::endgroup::
[2024-07-14T20:34:10.810+0000] {local_task_job_runner.py:120} INFO - ::group::Pre task execution logs
[2024-07-14T20:34:10.826+0000] {taskinstance.py:2076} INFO - Dependencies all met for dep_context=non-requeueable deps ti=<TaskInstance: fetch_spread_values.fetch_and_compute_spread_usd_mxn scheduled__2024-07-14T04:52:00+00:00 [queued]>
[2024-07-14T20:34:10.830+0000] {taskinstance.py:2076} INFO - Dependencies all met for dep_context=requeueable deps ti=<TaskInstance: fetch_spread_values.fetch_and_compute_spread_usd_mxn scheduled__2024-07-14T04:52:00+00:00 [queued]>
[2024-07-14T20:34:10.831+0000] {taskinstance.py:2306} INFO - Starting attempt 1 of 2
[2024-07-14T20:34:10.837+0000] {taskinstance.py:2330} INFO - Executing <Task(PythonOperator): fetch_and_compute_spread_usd_mxn> on 2024-07-14 04:52:00+00:00
[2024-07-14T20:34:10.841+0000] {logging_mixin.py:188} WARNING - /home/***/.local/lib/python3.12/site-packages/***/task/task_runner/standard_task_runner.py:61 DeprecationWarning: This process (pid=1376) is multi-threaded, use of fork() may lead to deadlocks in the child.
[2024-07-14T20:34:10.842+0000] {standard_task_runner.py:90} INFO - Running: ['***', 'tasks', 'run', 'fetch_spread_values', 'fetch_and_compute_spread_usd_mxn', 'scheduled__2024-07-14T04:52:00+00:00', '--job-id', '589', '--raw', '--subdir', 'DAGS_FOLDER/***.py', '--cfg-path', '/tmp/tmpsh7vw278']
[2024-07-14T20:34:10.843+0000] {standard_task_runner.py:63} INFO - Started process 1382 to run task
[2024-07-14T20:34:10.843+0000] {standard_task_runner.py:91} INFO - Job 589: Subtask fetch_and_compute_spread_usd_mxn
[2024-07-14T20:34:10.870+0000] {task_command.py:426} INFO - Running <TaskInstance: fetch_spread_values.fetch_and_compute_spread_usd_mxn scheduled__2024-07-14T04:52:00+00:00 [running]> on host 77caf7e4b282
[2024-07-14T20:34:10.915+0000] {taskinstance.py:2648} INFO - Exporting env vars: AIRFLOW_CTX_DAG_OWNER='***' AIRFLOW_CTX_DAG_ID='fetch_spread_values' AIRFLOW_CTX_TASK_ID='fetch_and_compute_spread_usd_mxn' AIRFLOW_CTX_EXECUTION_DATE='2024-07-14T04:52:00+00:00' AIRFLOW_CTX_TRY_NUMBER='1' AIRFLOW_CTX_DAG_RUN_ID='scheduled__2024-07-14T04:52:00+00:00'
[2024-07-14T20:34:10.916+0000] {taskinstance.py:430} INFO - ::endgroup::
[2024-07-14T20:34:11.072+0000] {python.py:237} INFO - Done. Returned value was: None
[2024-07-14T20:34:11.073+0000] {taskinstance.py:441} INFO - ::group::Post task execution logs
[2024-07-14T20:34:11.080+0000] {taskinstance.py:1206} INFO - Marking task as SUCCESS. dag_id=fetch_spread_values, task_id=fetch_and_compute_spread_usd_mxn, run_id=scheduled__2024-07-14T04:52:00+00:00, execution_date=20240714T045200, start_date=20240714T203410, end_date=20240714T203411
[2024-07-14T20:34:11.106+0000] {local_task_job_runner.py:240} INFO - Task exited with return code 0
[2024-07-14T20:34:11.115+0000] {taskinstance.py:3503} INFO - 0 downstream tasks scheduled from follow-on schedule check
[2024-07-14T20:34:11.116+0000] {local_task_job_runner.py:222} INFO - ::endgroup::
