[2024-07-14T16:13:00.048+0000] {local_task_job_runner.py:120} INFO - ::group::Pre task execution logs
[2024-07-14T16:13:00.168+0000] {taskinstance.py:2076} INFO - Dependencies all met for dep_context=non-requeueable deps ti=<TaskInstance: fetch_spread_values.fetch_and_compute_spread_btc_mxn scheduled__2024-07-14T15:57:00+00:00 [queued]>
[2024-07-14T16:13:00.192+0000] {taskinstance.py:2076} INFO - Dependencies all met for dep_context=requeueable deps ti=<TaskInstance: fetch_spread_values.fetch_and_compute_spread_btc_mxn scheduled__2024-07-14T15:57:00+00:00 [queued]>
[2024-07-14T16:13:00.204+0000] {taskinstance.py:2306} INFO - Starting attempt 1 of 2
[2024-07-14T16:13:00.266+0000] {taskinstance.py:2330} INFO - Executing <Task(PythonOperator): fetch_and_compute_spread_btc_mxn> on 2024-07-14 15:57:00+00:00
[2024-07-14T16:13:00.282+0000] {warnings.py:112} WARNING - /home/***/.local/lib/python3.12/site-packages/***/task/task_runner/standard_task_runner.py:61: DeprecationWarning: This process (pid=6808) is multi-threaded, use of fork() may lead to deadlocks in the child.
  pid = os.fork()

[2024-07-14T16:13:00.297+0000] {standard_task_runner.py:63} INFO - Started process 6836 to run task
[2024-07-14T16:13:00.287+0000] {standard_task_runner.py:90} INFO - Running: ['***', 'tasks', 'run', 'fetch_spread_values', 'fetch_and_compute_spread_btc_mxn', 'scheduled__2024-07-14T15:57:00+00:00', '--job-id', '2050', '--raw', '--subdir', 'DAGS_FOLDER/***.py', '--cfg-path', '/tmp/tmpna_x5y4l']
[2024-07-14T16:13:00.311+0000] {standard_task_runner.py:91} INFO - Job 2050: Subtask fetch_and_compute_spread_btc_mxn
[2024-07-14T16:13:00.632+0000] {task_command.py:426} INFO - Running <TaskInstance: fetch_spread_values.fetch_and_compute_spread_btc_mxn scheduled__2024-07-14T15:57:00+00:00 [running]> on host d537c34a4880
[2024-07-14T16:13:01.839+0000] {taskinstance.py:2648} INFO - Exporting env vars: AIRFLOW_CTX_DAG_OWNER='***' AIRFLOW_CTX_DAG_ID='fetch_spread_values' AIRFLOW_CTX_TASK_ID='fetch_and_compute_spread_btc_mxn' AIRFLOW_CTX_EXECUTION_DATE='2024-07-14T15:57:00+00:00' AIRFLOW_CTX_TRY_NUMBER='1' AIRFLOW_CTX_DAG_RUN_ID='scheduled__2024-07-14T15:57:00+00:00'
[2024-07-14T16:13:01.886+0000] {taskinstance.py:430} INFO - ::endgroup::
[2024-07-14T16:13:02.504+0000] {python.py:237} INFO - Done. Returned value was: None
[2024-07-14T16:13:02.539+0000] {taskinstance.py:441} INFO - ::group::Post task execution logs
[2024-07-14T16:13:02.579+0000] {taskinstance.py:1206} INFO - Marking task as SUCCESS. dag_id=fetch_spread_values, task_id=fetch_and_compute_spread_btc_mxn, run_id=scheduled__2024-07-14T15:57:00+00:00, execution_date=20240714T155700, start_date=20240714T161300, end_date=20240714T161302
[2024-07-14T16:13:02.738+0000] {local_task_job_runner.py:240} INFO - Task exited with return code 0
[2024-07-14T16:13:02.849+0000] {taskinstance.py:3503} INFO - 0 downstream tasks scheduled from follow-on schedule check
[2024-07-14T16:13:02.890+0000] {local_task_job_runner.py:222} INFO - ::endgroup::
[2024-07-14T20:38:51.818+0000] {local_task_job_runner.py:120} INFO - ::group::Pre task execution logs
[2024-07-14T20:38:51.843+0000] {taskinstance.py:2076} INFO - Dependencies all met for dep_context=non-requeueable deps ti=<TaskInstance: fetch_spread_values.fetch_and_compute_spread_btc_mxn scheduled__2024-07-14T15:57:00+00:00 [queued]>
[2024-07-14T20:38:51.850+0000] {taskinstance.py:2076} INFO - Dependencies all met for dep_context=requeueable deps ti=<TaskInstance: fetch_spread_values.fetch_and_compute_spread_btc_mxn scheduled__2024-07-14T15:57:00+00:00 [queued]>
[2024-07-14T20:38:51.851+0000] {taskinstance.py:2306} INFO - Starting attempt 1 of 2
[2024-07-14T20:38:51.869+0000] {taskinstance.py:2330} INFO - Executing <Task(PythonOperator): fetch_and_compute_spread_btc_mxn> on 2024-07-14 15:57:00+00:00
[2024-07-14T20:38:51.879+0000] {standard_task_runner.py:90} INFO - Running: ['***', 'tasks', 'run', 'fetch_spread_values', 'fetch_and_compute_spread_btc_mxn', 'scheduled__2024-07-14T15:57:00+00:00', '--job-id', '2042', '--raw', '--subdir', 'DAGS_FOLDER/***.py', '--cfg-path', '/tmp/tmpnoxai2zz']
[2024-07-14T20:38:51.881+0000] {logging_mixin.py:188} WARNING - /home/***/.local/lib/python3.12/site-packages/***/task/task_runner/standard_task_runner.py:61 DeprecationWarning: This process (pid=4331) is multi-threaded, use of fork() may lead to deadlocks in the child.
[2024-07-14T20:38:51.887+0000] {standard_task_runner.py:63} INFO - Started process 4339 to run task
[2024-07-14T20:38:51.886+0000] {standard_task_runner.py:91} INFO - Job 2042: Subtask fetch_and_compute_spread_btc_mxn
[2024-07-14T20:38:51.958+0000] {task_command.py:426} INFO - Running <TaskInstance: fetch_spread_values.fetch_and_compute_spread_btc_mxn scheduled__2024-07-14T15:57:00+00:00 [running]> on host 77caf7e4b282
[2024-07-14T20:38:52.037+0000] {taskinstance.py:2648} INFO - Exporting env vars: AIRFLOW_CTX_DAG_OWNER='***' AIRFLOW_CTX_DAG_ID='fetch_spread_values' AIRFLOW_CTX_TASK_ID='fetch_and_compute_spread_btc_mxn' AIRFLOW_CTX_EXECUTION_DATE='2024-07-14T15:57:00+00:00' AIRFLOW_CTX_TRY_NUMBER='1' AIRFLOW_CTX_DAG_RUN_ID='scheduled__2024-07-14T15:57:00+00:00'
[2024-07-14T20:38:52.042+0000] {taskinstance.py:430} INFO - ::endgroup::
[2024-07-14T20:38:52.278+0000] {python.py:237} INFO - Done. Returned value was: None
[2024-07-14T20:38:52.283+0000] {taskinstance.py:441} INFO - ::group::Post task execution logs
[2024-07-14T20:38:52.295+0000] {taskinstance.py:1206} INFO - Marking task as SUCCESS. dag_id=fetch_spread_values, task_id=fetch_and_compute_spread_btc_mxn, run_id=scheduled__2024-07-14T15:57:00+00:00, execution_date=20240714T155700, start_date=20240714T203851, end_date=20240714T203852
[2024-07-14T20:38:52.362+0000] {local_task_job_runner.py:240} INFO - Task exited with return code 0
[2024-07-14T20:38:52.384+0000] {local_task_job_runner.py:222} INFO - ::endgroup::
