[2024-07-14T12:32:02.600+0000] {local_task_job_runner.py:120} INFO - ::group::Pre task execution logs
[2024-07-14T12:32:02.614+0000] {taskinstance.py:2076} INFO - Dependencies all met for dep_context=non-requeueable deps ti=<TaskInstance: fetch_spread_values.fetch_and_compute_spread_btc_mxn scheduled__2024-07-14T12:31:00+00:00 [queued]>
[2024-07-14T12:32:02.621+0000] {taskinstance.py:2076} INFO - Dependencies all met for dep_context=requeueable deps ti=<TaskInstance: fetch_spread_values.fetch_and_compute_spread_btc_mxn scheduled__2024-07-14T12:31:00+00:00 [queued]>
[2024-07-14T12:32:02.623+0000] {taskinstance.py:2306} INFO - Starting attempt 1 of 2
[2024-07-14T12:32:02.638+0000] {taskinstance.py:2330} INFO - Executing <Task(PythonOperator): fetch_and_compute_spread_btc_mxn> on 2024-07-14 12:31:00+00:00
[2024-07-14T12:32:02.648+0000] {warnings.py:112} WARNING - /home/***/.local/lib/python3.12/site-packages/***/task/task_runner/standard_task_runner.py:61: DeprecationWarning: This process (pid=5358) is multi-threaded, use of fork() may lead to deadlocks in the child.
  pid = os.fork()

[2024-07-14T12:32:02.651+0000] {standard_task_runner.py:63} INFO - Started process 5368 to run task
[2024-07-14T12:32:02.650+0000] {standard_task_runner.py:90} INFO - Running: ['***', 'tasks', 'run', 'fetch_spread_values', 'fetch_and_compute_spread_btc_mxn', 'scheduled__2024-07-14T12:31:00+00:00', '--job-id', '1609', '--raw', '--subdir', 'DAGS_FOLDER/***.py', '--cfg-path', '/tmp/tmpb25r57xk']
[2024-07-14T12:32:02.654+0000] {standard_task_runner.py:91} INFO - Job 1609: Subtask fetch_and_compute_spread_btc_mxn
[2024-07-14T12:32:02.691+0000] {task_command.py:426} INFO - Running <TaskInstance: fetch_spread_values.fetch_and_compute_spread_btc_mxn scheduled__2024-07-14T12:31:00+00:00 [running]> on host d537c34a4880
[2024-07-14T12:32:02.761+0000] {taskinstance.py:2648} INFO - Exporting env vars: AIRFLOW_CTX_DAG_OWNER='***' AIRFLOW_CTX_DAG_ID='fetch_spread_values' AIRFLOW_CTX_TASK_ID='fetch_and_compute_spread_btc_mxn' AIRFLOW_CTX_EXECUTION_DATE='2024-07-14T12:31:00+00:00' AIRFLOW_CTX_TRY_NUMBER='1' AIRFLOW_CTX_DAG_RUN_ID='scheduled__2024-07-14T12:31:00+00:00'
[2024-07-14T12:32:02.763+0000] {taskinstance.py:430} INFO - ::endgroup::
[2024-07-14T12:32:02.907+0000] {python.py:237} INFO - Done. Returned value was: None
[2024-07-14T12:32:02.909+0000] {taskinstance.py:441} INFO - ::group::Post task execution logs
[2024-07-14T12:32:02.918+0000] {taskinstance.py:1206} INFO - Marking task as SUCCESS. dag_id=fetch_spread_values, task_id=fetch_and_compute_spread_btc_mxn, run_id=scheduled__2024-07-14T12:31:00+00:00, execution_date=20240714T123100, start_date=20240714T123202, end_date=20240714T123202
[2024-07-14T12:32:02.956+0000] {local_task_job_runner.py:240} INFO - Task exited with return code 0
[2024-07-14T12:32:02.965+0000] {taskinstance.py:3503} INFO - 0 downstream tasks scheduled from follow-on schedule check
[2024-07-14T12:32:02.966+0000] {local_task_job_runner.py:222} INFO - ::endgroup::
[2024-07-14T20:37:36.919+0000] {local_task_job_runner.py:120} INFO - ::group::Pre task execution logs
[2024-07-14T20:37:36.957+0000] {taskinstance.py:2076} INFO - Dependencies all met for dep_context=non-requeueable deps ti=<TaskInstance: fetch_spread_values.fetch_and_compute_spread_btc_mxn scheduled__2024-07-14T12:31:00+00:00 [queued]>
[2024-07-14T20:37:36.970+0000] {taskinstance.py:2076} INFO - Dependencies all met for dep_context=requeueable deps ti=<TaskInstance: fetch_spread_values.fetch_and_compute_spread_btc_mxn scheduled__2024-07-14T12:31:00+00:00 [queued]>
[2024-07-14T20:37:36.972+0000] {taskinstance.py:2306} INFO - Starting attempt 1 of 2
[2024-07-14T20:37:37.010+0000] {taskinstance.py:2330} INFO - Executing <Task(PythonOperator): fetch_and_compute_spread_btc_mxn> on 2024-07-14 12:31:00+00:00
[2024-07-14T20:37:37.035+0000] {logging_mixin.py:188} WARNING - /home/***/.local/lib/python3.12/site-packages/***/task/task_runner/standard_task_runner.py:61 DeprecationWarning: This process (pid=3488) is multi-threaded, use of fork() may lead to deadlocks in the child.
[2024-07-14T20:37:37.046+0000] {standard_task_runner.py:63} INFO - Started process 3496 to run task
[2024-07-14T20:37:37.047+0000] {standard_task_runner.py:90} INFO - Running: ['***', 'tasks', 'run', 'fetch_spread_values', 'fetch_and_compute_spread_btc_mxn', 'scheduled__2024-07-14T12:31:00+00:00', '--job-id', '1630', '--raw', '--subdir', 'DAGS_FOLDER/***.py', '--cfg-path', '/tmp/tmp9ovlugy1']
[2024-07-14T20:37:37.060+0000] {standard_task_runner.py:91} INFO - Job 1630: Subtask fetch_and_compute_spread_btc_mxn
[2024-07-14T20:37:37.185+0000] {task_command.py:426} INFO - Running <TaskInstance: fetch_spread_values.fetch_and_compute_spread_btc_mxn scheduled__2024-07-14T12:31:00+00:00 [running]> on host 77caf7e4b282
[2024-07-14T20:37:37.430+0000] {taskinstance.py:2648} INFO - Exporting env vars: AIRFLOW_CTX_DAG_OWNER='***' AIRFLOW_CTX_DAG_ID='fetch_spread_values' AIRFLOW_CTX_TASK_ID='fetch_and_compute_spread_btc_mxn' AIRFLOW_CTX_EXECUTION_DATE='2024-07-14T12:31:00+00:00' AIRFLOW_CTX_TRY_NUMBER='1' AIRFLOW_CTX_DAG_RUN_ID='scheduled__2024-07-14T12:31:00+00:00'
[2024-07-14T20:37:37.431+0000] {taskinstance.py:430} INFO - ::endgroup::
[2024-07-14T20:37:37.625+0000] {python.py:237} INFO - Done. Returned value was: None
[2024-07-14T20:37:37.626+0000] {taskinstance.py:441} INFO - ::group::Post task execution logs
[2024-07-14T20:37:37.632+0000] {taskinstance.py:1206} INFO - Marking task as SUCCESS. dag_id=fetch_spread_values, task_id=fetch_and_compute_spread_btc_mxn, run_id=scheduled__2024-07-14T12:31:00+00:00, execution_date=20240714T123100, start_date=20240714T203736, end_date=20240714T203737
[2024-07-14T20:37:37.650+0000] {local_task_job_runner.py:240} INFO - Task exited with return code 0
[2024-07-14T20:37:37.662+0000] {taskinstance.py:3503} INFO - 0 downstream tasks scheduled from follow-on schedule check
[2024-07-14T20:37:37.664+0000] {local_task_job_runner.py:222} INFO - ::endgroup::
