[2024-07-14T09:05:15.770+0000] {local_task_job_runner.py:120} INFO - ::group::Pre task execution logs
[2024-07-14T09:05:15.821+0000] {taskinstance.py:2076} INFO - Dependencies all met for dep_context=non-requeueable deps ti=<TaskInstance: fetch_spread_values.fetch_and_compute_spread_btc_mxn scheduled__2024-07-14T09:04:00+00:00 [queued]>
[2024-07-14T09:05:15.866+0000] {taskinstance.py:2076} INFO - Dependencies all met for dep_context=requeueable deps ti=<TaskInstance: fetch_spread_values.fetch_and_compute_spread_btc_mxn scheduled__2024-07-14T09:04:00+00:00 [queued]>
[2024-07-14T09:05:15.876+0000] {taskinstance.py:2306} INFO - Starting attempt 1 of 2
[2024-07-14T09:05:15.981+0000] {taskinstance.py:2330} INFO - Executing <Task(PythonOperator): fetch_and_compute_spread_btc_mxn> on 2024-07-14 09:04:00+00:00
[2024-07-14T09:05:16.069+0000] {warnings.py:112} WARNING - /home/***/.local/lib/python3.12/site-packages/***/task/task_runner/standard_task_runner.py:61: DeprecationWarning: This process (pid=3516) is multi-threaded, use of fork() may lead to deadlocks in the child.
  pid = os.fork()

[2024-07-14T09:05:16.079+0000] {standard_task_runner.py:63} INFO - Started process 3540 to run task
[2024-07-14T09:05:16.084+0000] {standard_task_runner.py:90} INFO - Running: ['***', 'tasks', 'run', 'fetch_spread_values', 'fetch_and_compute_spread_btc_mxn', 'scheduled__2024-07-14T09:04:00+00:00', '--job-id', '1129', '--raw', '--subdir', 'DAGS_FOLDER/***.py', '--cfg-path', '/tmp/tmpfdak4w9o']
[2024-07-14T09:05:16.117+0000] {standard_task_runner.py:91} INFO - Job 1129: Subtask fetch_and_compute_spread_btc_mxn
[2024-07-14T09:05:16.297+0000] {task_command.py:426} INFO - Running <TaskInstance: fetch_spread_values.fetch_and_compute_spread_btc_mxn scheduled__2024-07-14T09:04:00+00:00 [running]> on host d537c34a4880
[2024-07-14T09:05:16.804+0000] {taskinstance.py:2648} INFO - Exporting env vars: AIRFLOW_CTX_DAG_OWNER='***' AIRFLOW_CTX_DAG_ID='fetch_spread_values' AIRFLOW_CTX_TASK_ID='fetch_and_compute_spread_btc_mxn' AIRFLOW_CTX_EXECUTION_DATE='2024-07-14T09:04:00+00:00' AIRFLOW_CTX_TRY_NUMBER='1' AIRFLOW_CTX_DAG_RUN_ID='scheduled__2024-07-14T09:04:00+00:00'
[2024-07-14T09:05:16.848+0000] {taskinstance.py:430} INFO - ::endgroup::
[2024-07-14T09:05:17.240+0000] {python.py:237} INFO - Done. Returned value was: None
[2024-07-14T09:05:17.244+0000] {taskinstance.py:441} INFO - ::group::Post task execution logs
[2024-07-14T09:05:17.261+0000] {taskinstance.py:1206} INFO - Marking task as SUCCESS. dag_id=fetch_spread_values, task_id=fetch_and_compute_spread_btc_mxn, run_id=scheduled__2024-07-14T09:04:00+00:00, execution_date=20240714T090400, start_date=20240714T090515, end_date=20240714T090517
[2024-07-14T09:05:17.332+0000] {local_task_job_runner.py:240} INFO - Task exited with return code 0
[2024-07-14T09:05:17.386+0000] {taskinstance.py:3503} INFO - 0 downstream tasks scheduled from follow-on schedule check
[2024-07-14T09:05:17.415+0000] {local_task_job_runner.py:222} INFO - ::endgroup::
[2024-07-14T20:36:21.503+0000] {local_task_job_runner.py:120} INFO - ::group::Pre task execution logs
[2024-07-14T20:36:21.549+0000] {taskinstance.py:2076} INFO - Dependencies all met for dep_context=non-requeueable deps ti=<TaskInstance: fetch_spread_values.fetch_and_compute_spread_btc_mxn scheduled__2024-07-14T09:04:00+00:00 [queued]>
[2024-07-14T20:36:21.557+0000] {taskinstance.py:2076} INFO - Dependencies all met for dep_context=requeueable deps ti=<TaskInstance: fetch_spread_values.fetch_and_compute_spread_btc_mxn scheduled__2024-07-14T09:04:00+00:00 [queued]>
[2024-07-14T20:36:21.558+0000] {taskinstance.py:2306} INFO - Starting attempt 1 of 2
[2024-07-14T20:36:21.725+0000] {taskinstance.py:2330} INFO - Executing <Task(PythonOperator): fetch_and_compute_spread_btc_mxn> on 2024-07-14 09:04:00+00:00
[2024-07-14T20:36:21.729+0000] {logging_mixin.py:188} WARNING - /home/***/.local/lib/python3.12/site-packages/***/task/task_runner/standard_task_runner.py:61 DeprecationWarning: This process (pid=2648) is multi-threaded, use of fork() may lead to deadlocks in the child.
[2024-07-14T20:36:21.733+0000] {standard_task_runner.py:63} INFO - Started process 2663 to run task
[2024-07-14T20:36:21.733+0000] {standard_task_runner.py:90} INFO - Running: ['***', 'tasks', 'run', 'fetch_spread_values', 'fetch_and_compute_spread_btc_mxn', 'scheduled__2024-07-14T09:04:00+00:00', '--job-id', '1216', '--raw', '--subdir', 'DAGS_FOLDER/***.py', '--cfg-path', '/tmp/tmp2i36xlav']
[2024-07-14T20:36:21.737+0000] {standard_task_runner.py:91} INFO - Job 1216: Subtask fetch_and_compute_spread_btc_mxn
[2024-07-14T20:36:21.805+0000] {task_command.py:426} INFO - Running <TaskInstance: fetch_spread_values.fetch_and_compute_spread_btc_mxn scheduled__2024-07-14T09:04:00+00:00 [running]> on host 77caf7e4b282
[2024-07-14T20:36:21.903+0000] {taskinstance.py:2648} INFO - Exporting env vars: AIRFLOW_CTX_DAG_OWNER='***' AIRFLOW_CTX_DAG_ID='fetch_spread_values' AIRFLOW_CTX_TASK_ID='fetch_and_compute_spread_btc_mxn' AIRFLOW_CTX_EXECUTION_DATE='2024-07-14T09:04:00+00:00' AIRFLOW_CTX_TRY_NUMBER='1' AIRFLOW_CTX_DAG_RUN_ID='scheduled__2024-07-14T09:04:00+00:00'
[2024-07-14T20:36:21.905+0000] {taskinstance.py:430} INFO - ::endgroup::
[2024-07-14T20:36:22.098+0000] {python.py:237} INFO - Done. Returned value was: None
[2024-07-14T20:36:22.102+0000] {taskinstance.py:441} INFO - ::group::Post task execution logs
[2024-07-14T20:36:22.108+0000] {taskinstance.py:1206} INFO - Marking task as SUCCESS. dag_id=fetch_spread_values, task_id=fetch_and_compute_spread_btc_mxn, run_id=scheduled__2024-07-14T09:04:00+00:00, execution_date=20240714T090400, start_date=20240714T203621, end_date=20240714T203622
[2024-07-14T20:36:22.133+0000] {local_task_job_runner.py:240} INFO - Task exited with return code 0
[2024-07-14T20:36:22.146+0000] {taskinstance.py:3503} INFO - 0 downstream tasks scheduled from follow-on schedule check
[2024-07-14T20:36:22.148+0000] {local_task_job_runner.py:222} INFO - ::endgroup::
