[2024-07-14T08:57:29.111+0000] {local_task_job_runner.py:120} INFO - ::group::Pre task execution logs
[2024-07-14T08:57:29.143+0000] {taskinstance.py:2076} INFO - Dependencies all met for dep_context=non-requeueable deps ti=<TaskInstance: fetch_spread_values.fetch_and_compute_spread_btc_mxn scheduled__2024-07-14T00:42:00+00:00 [queued]>
[2024-07-14T08:57:29.153+0000] {taskinstance.py:2076} INFO - Dependencies all met for dep_context=requeueable deps ti=<TaskInstance: fetch_spread_values.fetch_and_compute_spread_btc_mxn scheduled__2024-07-14T00:42:00+00:00 [queued]>
[2024-07-14T08:57:29.167+0000] {taskinstance.py:2306} INFO - Starting attempt 1 of 2
[2024-07-14T08:57:29.201+0000] {taskinstance.py:2330} INFO - Executing <Task(PythonOperator): fetch_and_compute_spread_btc_mxn> on 2024-07-14 00:42:00+00:00
[2024-07-14T08:57:29.216+0000] {warnings.py:112} WARNING - /home/***/.local/lib/python3.12/site-packages/***/task/task_runner/standard_task_runner.py:61: DeprecationWarning: This process (pid=383) is multi-threaded, use of fork() may lead to deadlocks in the child.
  pid = os.fork()

[2024-07-14T08:57:29.219+0000] {standard_task_runner.py:63} INFO - Started process 400 to run task
[2024-07-14T08:57:29.221+0000] {standard_task_runner.py:90} INFO - Running: ['***', 'tasks', 'run', 'fetch_spread_values', 'fetch_and_compute_spread_btc_mxn', 'scheduled__2024-07-14T00:42:00+00:00', '--job-id', '111', '--raw', '--subdir', 'DAGS_FOLDER/***.py', '--cfg-path', '/tmp/tmpll0zxjdm']
[2024-07-14T08:57:29.224+0000] {standard_task_runner.py:91} INFO - Job 111: Subtask fetch_and_compute_spread_btc_mxn
[2024-07-14T08:57:29.302+0000] {task_command.py:426} INFO - Running <TaskInstance: fetch_spread_values.fetch_and_compute_spread_btc_mxn scheduled__2024-07-14T00:42:00+00:00 [running]> on host d537c34a4880
[2024-07-14T08:57:29.860+0000] {taskinstance.py:2648} INFO - Exporting env vars: AIRFLOW_CTX_DAG_OWNER='***' AIRFLOW_CTX_DAG_ID='fetch_spread_values' AIRFLOW_CTX_TASK_ID='fetch_and_compute_spread_btc_mxn' AIRFLOW_CTX_EXECUTION_DATE='2024-07-14T00:42:00+00:00' AIRFLOW_CTX_TRY_NUMBER='1' AIRFLOW_CTX_DAG_RUN_ID='scheduled__2024-07-14T00:42:00+00:00'
[2024-07-14T08:57:29.863+0000] {taskinstance.py:430} INFO - ::endgroup::
[2024-07-14T08:57:30.173+0000] {python.py:237} INFO - Done. Returned value was: None
[2024-07-14T08:57:30.185+0000] {taskinstance.py:441} INFO - ::group::Post task execution logs
[2024-07-14T08:57:30.206+0000] {taskinstance.py:1206} INFO - Marking task as SUCCESS. dag_id=fetch_spread_values, task_id=fetch_and_compute_spread_btc_mxn, run_id=scheduled__2024-07-14T00:42:00+00:00, execution_date=20240714T004200, start_date=20240714T085729, end_date=20240714T085730
[2024-07-14T08:57:30.299+0000] {local_task_job_runner.py:240} INFO - Task exited with return code 0
[2024-07-14T08:57:30.392+0000] {taskinstance.py:3503} INFO - 0 downstream tasks scheduled from follow-on schedule check
[2024-07-14T08:57:30.427+0000] {local_task_job_runner.py:222} INFO - ::endgroup::
[2024-07-14T20:32:20.456+0000] {local_task_job_runner.py:120} INFO - ::group::Pre task execution logs
[2024-07-14T20:32:20.508+0000] {taskinstance.py:2076} INFO - Dependencies all met for dep_context=non-requeueable deps ti=<TaskInstance: fetch_spread_values.fetch_and_compute_spread_btc_mxn scheduled__2024-07-14T00:42:00+00:00 [queued]>
[2024-07-14T20:32:20.518+0000] {taskinstance.py:2076} INFO - Dependencies all met for dep_context=requeueable deps ti=<TaskInstance: fetch_spread_values.fetch_and_compute_spread_btc_mxn scheduled__2024-07-14T00:42:00+00:00 [queued]>
[2024-07-14T20:32:20.519+0000] {taskinstance.py:2306} INFO - Starting attempt 1 of 2
[2024-07-14T20:32:20.567+0000] {taskinstance.py:2330} INFO - Executing <Task(PythonOperator): fetch_and_compute_spread_btc_mxn> on 2024-07-14 00:42:00+00:00
[2024-07-14T20:32:20.574+0000] {logging_mixin.py:188} WARNING - /home/***/.local/lib/python3.12/site-packages/***/task/task_runner/standard_task_runner.py:61 DeprecationWarning: This process (pid=350) is multi-threaded, use of fork() may lead to deadlocks in the child.
[2024-07-14T20:32:20.583+0000] {standard_task_runner.py:63} INFO - Started process 363 to run task
[2024-07-14T20:32:20.574+0000] {standard_task_runner.py:90} INFO - Running: ['***', 'tasks', 'run', 'fetch_spread_values', 'fetch_and_compute_spread_btc_mxn', 'scheduled__2024-07-14T00:42:00+00:00', '--job-id', '88', '--raw', '--subdir', 'DAGS_FOLDER/***.py', '--cfg-path', '/tmp/tmpmfiiz10e']
[2024-07-14T20:32:20.588+0000] {standard_task_runner.py:91} INFO - Job 88: Subtask fetch_and_compute_spread_btc_mxn
[2024-07-14T20:32:20.644+0000] {task_command.py:426} INFO - Running <TaskInstance: fetch_spread_values.fetch_and_compute_spread_btc_mxn scheduled__2024-07-14T00:42:00+00:00 [running]> on host 77caf7e4b282
[2024-07-14T20:32:20.735+0000] {taskinstance.py:2648} INFO - Exporting env vars: AIRFLOW_CTX_DAG_OWNER='***' AIRFLOW_CTX_DAG_ID='fetch_spread_values' AIRFLOW_CTX_TASK_ID='fetch_and_compute_spread_btc_mxn' AIRFLOW_CTX_EXECUTION_DATE='2024-07-14T00:42:00+00:00' AIRFLOW_CTX_TRY_NUMBER='1' AIRFLOW_CTX_DAG_RUN_ID='scheduled__2024-07-14T00:42:00+00:00'
[2024-07-14T20:32:20.736+0000] {taskinstance.py:430} INFO - ::endgroup::
[2024-07-14T20:32:20.951+0000] {python.py:237} INFO - Done. Returned value was: None
[2024-07-14T20:32:20.952+0000] {taskinstance.py:441} INFO - ::group::Post task execution logs
[2024-07-14T20:32:20.964+0000] {taskinstance.py:1206} INFO - Marking task as SUCCESS. dag_id=fetch_spread_values, task_id=fetch_and_compute_spread_btc_mxn, run_id=scheduled__2024-07-14T00:42:00+00:00, execution_date=20240714T004200, start_date=20240714T203220, end_date=20240714T203220
[2024-07-14T20:32:21.013+0000] {local_task_job_runner.py:240} INFO - Task exited with return code 0
[2024-07-14T20:32:21.044+0000] {taskinstance.py:3503} INFO - 0 downstream tasks scheduled from follow-on schedule check
[2024-07-14T20:32:21.048+0000] {local_task_job_runner.py:222} INFO - ::endgroup::
