[2024-07-16T05:52:08.021+0000] {local_task_job_runner.py:120} INFO - ::group::Pre task execution logs
[2024-07-16T05:52:08.058+0000] {taskinstance.py:2076} INFO - Dependencies all met for dep_context=non-requeueable deps ti=<TaskInstance: daily_batch.run_query2 manual__2024-07-16T05:51:01.486455+00:00 [queued]>
[2024-07-16T05:52:08.071+0000] {taskinstance.py:2076} INFO - Dependencies all met for dep_context=requeueable deps ti=<TaskInstance: daily_batch.run_query2 manual__2024-07-16T05:51:01.486455+00:00 [queued]>
[2024-07-16T05:52:08.076+0000] {taskinstance.py:2306} INFO - Starting attempt 2 of 2
[2024-07-16T05:52:08.108+0000] {taskinstance.py:2330} INFO - Executing <Task(PythonOperator): run_query2> on 2024-07-16 05:51:01.486455+00:00
[2024-07-16T05:52:08.120+0000] {standard_task_runner.py:90} INFO - Running: ['***', 'tasks', 'run', 'daily_batch', 'run_query2', 'manual__2024-07-16T05:51:01.486455+00:00', '--job-id', '18', '--raw', '--subdir', 'DAGS_FOLDER/batch_dag.py', '--cfg-path', '/tmp/tmp8xuk4fdo']
[2024-07-16T05:52:08.125+0000] {logging_mixin.py:188} WARNING - /home/***/.local/lib/python3.12/site-packages/***/task/task_runner/standard_task_runner.py:61 DeprecationWarning: This process (pid=1429) is multi-threaded, use of fork() may lead to deadlocks in the child.
[2024-07-16T05:52:08.126+0000] {standard_task_runner.py:91} INFO - Job 18: Subtask run_query2
[2024-07-16T05:52:08.126+0000] {standard_task_runner.py:63} INFO - Started process 1459 to run task
[2024-07-16T05:52:08.215+0000] {task_command.py:426} INFO - Running <TaskInstance: daily_batch.run_query2 manual__2024-07-16T05:51:01.486455+00:00 [running]> on host 6f712de23803
[2024-07-16T05:52:08.286+0000] {taskinstance.py:2648} INFO - Exporting env vars: AIRFLOW_CTX_DAG_OWNER='angel' AIRFLOW_CTX_DAG_ID='daily_batch' AIRFLOW_CTX_TASK_ID='run_query2' AIRFLOW_CTX_EXECUTION_DATE='2024-07-16T05:51:01.486455+00:00' AIRFLOW_CTX_TRY_NUMBER='2' AIRFLOW_CTX_DAG_RUN_ID='manual__2024-07-16T05:51:01.486455+00:00'
[2024-07-16T05:52:08.288+0000] {taskinstance.py:430} INFO - ::endgroup::
[2024-07-16T05:52:08.304+0000] {taskinstance.py:441} INFO - ::group::Post task execution logs
[2024-07-16T05:52:08.314+0000] {taskinstance.py:2905} ERROR - Task failed with exception
Traceback (most recent call last):
  File "/home/airflow/.local/lib/python3.12/site-packages/airflow/models/taskinstance.py", line 465, in _execute_task
    result = _execute_callable(context=context, **execute_callable_kwargs)
             ^^^^^^^^^^^^^^^^^^^^^^^^^^^^^^^^^^^^^^^^^^^^^^^^^^^^^^^^^^^^^
  File "/home/airflow/.local/lib/python3.12/site-packages/airflow/models/taskinstance.py", line 432, in _execute_callable
    return execute_callable(context=context, **execute_callable_kwargs)
           ^^^^^^^^^^^^^^^^^^^^^^^^^^^^^^^^^^^^^^^^^^^^^^^^^^^^^^^^^^^^
  File "/home/airflow/.local/lib/python3.12/site-packages/airflow/models/baseoperator.py", line 401, in wrapper
    return func(self, *args, **kwargs)
           ^^^^^^^^^^^^^^^^^^^^^^^^^^^
  File "/home/airflow/.local/lib/python3.12/site-packages/airflow/operators/python.py", line 235, in execute
    return_value = self.execute_callable()
                   ^^^^^^^^^^^^^^^^^^^^^^^
  File "/home/airflow/.local/lib/python3.12/site-packages/airflow/operators/python.py", line 252, in execute_callable
    return self.python_callable(*self.op_args, **self.op_kwargs)
           ^^^^^^^^^^^^^^^^^^^^^^^^^^^^^^^^^^^^^^^^^^^^^^^^^^^^^
  File "/opt/airflow/dags/batch_dag.py", line 54, in run_query_and_save_to_csv
    conn = pg_hook.get_conn()
           ^^^^^^^^^^^^^^^^^^
  File "/home/airflow/.local/lib/python3.12/site-packages/airflow/providers/postgres/hooks/postgres.py", line 145, in get_conn
    conn = deepcopy(self.connection or self.get_connection(conn_id))
                                       ^^^^^^^^^^^^^^^^^^^^^^^^^^^^
  File "/home/airflow/.local/lib/python3.12/site-packages/airflow/hooks/base.py", line 83, in get_connection
    conn = Connection.get_connection_from_secrets(conn_id)
           ^^^^^^^^^^^^^^^^^^^^^^^^^^^^^^^^^^^^^^^^^^^^^^^
  File "/home/airflow/.local/lib/python3.12/site-packages/airflow/models/connection.py", line 519, in get_connection_from_secrets
    raise AirflowNotFoundException(f"The conn_id `{conn_id}` isn't defined")
airflow.exceptions.AirflowNotFoundException: The conn_id `your_postgres_connection_id` isn't defined
[2024-07-16T05:52:08.325+0000] {taskinstance.py:1206} INFO - Marking task as FAILED. dag_id=daily_batch, task_id=run_query2, run_id=manual__2024-07-16T05:51:01.486455+00:00, execution_date=20240716T055101, start_date=20240716T055208, end_date=20240716T055208
[2024-07-16T05:52:08.332+0000] {standard_task_runner.py:110} ERROR - Failed to execute job 18 for task run_query2 (The conn_id `your_postgres_connection_id` isn't defined; 1459)
[2024-07-16T05:52:08.367+0000] {local_task_job_runner.py:240} INFO - Task exited with return code 1
[2024-07-16T05:52:08.379+0000] {taskinstance.py:3503} INFO - 0 downstream tasks scheduled from follow-on schedule check
[2024-07-16T05:52:08.382+0000] {local_task_job_runner.py:222} INFO - ::endgroup::
