[2024-07-14T15:27:03.758+0000] {local_task_job_runner.py:120} INFO - ::group::Pre task execution logs
[2024-07-14T15:27:03.793+0000] {taskinstance.py:2076} INFO - Dependencies all met for dep_context=non-requeueable deps ti=<TaskInstance: fetch_spread_values.fetch_and_compute_spread_btc_mxn scheduled__2024-07-14T15:15:00+00:00 [queued]>
[2024-07-14T15:27:03.819+0000] {taskinstance.py:2076} INFO - Dependencies all met for dep_context=requeueable deps ti=<TaskInstance: fetch_spread_values.fetch_and_compute_spread_btc_mxn scheduled__2024-07-14T15:15:00+00:00 [queued]>
[2024-07-14T15:27:03.837+0000] {taskinstance.py:2306} INFO - Starting attempt 1 of 2
[2024-07-14T15:27:03.917+0000] {taskinstance.py:2330} INFO - Executing <Task(PythonOperator): fetch_and_compute_spread_btc_mxn> on 2024-07-14 15:15:00+00:00
[2024-07-14T15:27:03.954+0000] {warnings.py:112} WARNING - /home/***/.local/lib/python3.12/site-packages/***/task/task_runner/standard_task_runner.py:61: DeprecationWarning: This process (pid=6496) is multi-threaded, use of fork() may lead to deadlocks in the child.
  pid = os.fork()

[2024-07-14T15:27:03.974+0000] {standard_task_runner.py:63} INFO - Started process 6531 to run task
[2024-07-14T15:27:03.966+0000] {standard_task_runner.py:90} INFO - Running: ['***', 'tasks', 'run', 'fetch_spread_values', 'fetch_and_compute_spread_btc_mxn', 'scheduled__2024-07-14T15:15:00+00:00', '--job-id', '1960', '--raw', '--subdir', 'DAGS_FOLDER/***.py', '--cfg-path', '/tmp/tmpaahsrybh']
[2024-07-14T15:27:03.985+0000] {standard_task_runner.py:91} INFO - Job 1960: Subtask fetch_and_compute_spread_btc_mxn
[2024-07-14T15:27:04.123+0000] {task_command.py:426} INFO - Running <TaskInstance: fetch_spread_values.fetch_and_compute_spread_btc_mxn scheduled__2024-07-14T15:15:00+00:00 [running]> on host d537c34a4880
[2024-07-14T15:27:04.325+0000] {taskinstance.py:2648} INFO - Exporting env vars: AIRFLOW_CTX_DAG_OWNER='***' AIRFLOW_CTX_DAG_ID='fetch_spread_values' AIRFLOW_CTX_TASK_ID='fetch_and_compute_spread_btc_mxn' AIRFLOW_CTX_EXECUTION_DATE='2024-07-14T15:15:00+00:00' AIRFLOW_CTX_TRY_NUMBER='1' AIRFLOW_CTX_DAG_RUN_ID='scheduled__2024-07-14T15:15:00+00:00'
[2024-07-14T15:27:04.335+0000] {taskinstance.py:430} INFO - ::endgroup::
[2024-07-14T15:27:04.674+0000] {python.py:237} INFO - Done. Returned value was: None
[2024-07-14T15:27:04.685+0000] {taskinstance.py:441} INFO - ::group::Post task execution logs
[2024-07-14T15:27:04.707+0000] {taskinstance.py:1206} INFO - Marking task as SUCCESS. dag_id=fetch_spread_values, task_id=fetch_and_compute_spread_btc_mxn, run_id=scheduled__2024-07-14T15:15:00+00:00, execution_date=20240714T151500, start_date=20240714T152703, end_date=20240714T152704
[2024-07-14T15:27:04.764+0000] {local_task_job_runner.py:240} INFO - Task exited with return code 0
[2024-07-14T15:27:04.812+0000] {taskinstance.py:3503} INFO - 0 downstream tasks scheduled from follow-on schedule check
[2024-07-14T15:27:04.840+0000] {local_task_job_runner.py:222} INFO - ::endgroup::
[2024-07-14T20:38:35.922+0000] {local_task_job_runner.py:120} INFO - ::group::Pre task execution logs
[2024-07-14T20:38:35.949+0000] {taskinstance.py:2076} INFO - Dependencies all met for dep_context=non-requeueable deps ti=<TaskInstance: fetch_spread_values.fetch_and_compute_spread_btc_mxn scheduled__2024-07-14T15:15:00+00:00 [queued]>
[2024-07-14T20:38:35.956+0000] {taskinstance.py:2076} INFO - Dependencies all met for dep_context=requeueable deps ti=<TaskInstance: fetch_spread_values.fetch_and_compute_spread_btc_mxn scheduled__2024-07-14T15:15:00+00:00 [queued]>
[2024-07-14T20:38:35.957+0000] {taskinstance.py:2306} INFO - Starting attempt 1 of 2
[2024-07-14T20:38:35.965+0000] {taskinstance.py:2330} INFO - Executing <Task(PythonOperator): fetch_and_compute_spread_btc_mxn> on 2024-07-14 15:15:00+00:00
[2024-07-14T20:38:35.976+0000] {logging_mixin.py:188} WARNING - /home/***/.local/lib/python3.12/site-packages/***/task/task_runner/standard_task_runner.py:61 DeprecationWarning: This process (pid=4153) is multi-threaded, use of fork() may lead to deadlocks in the child.
[2024-07-14T20:38:35.977+0000] {standard_task_runner.py:63} INFO - Started process 4162 to run task
[2024-07-14T20:38:35.973+0000] {standard_task_runner.py:90} INFO - Running: ['***', 'tasks', 'run', 'fetch_spread_values', 'fetch_and_compute_spread_btc_mxn', 'scheduled__2024-07-14T15:15:00+00:00', '--job-id', '1958', '--raw', '--subdir', 'DAGS_FOLDER/***.py', '--cfg-path', '/tmp/tmp7s1uqvjh']
[2024-07-14T20:38:35.978+0000] {standard_task_runner.py:91} INFO - Job 1958: Subtask fetch_and_compute_spread_btc_mxn
[2024-07-14T20:38:36.032+0000] {task_command.py:426} INFO - Running <TaskInstance: fetch_spread_values.fetch_and_compute_spread_btc_mxn scheduled__2024-07-14T15:15:00+00:00 [running]> on host 77caf7e4b282
[2024-07-14T20:38:36.091+0000] {taskinstance.py:2648} INFO - Exporting env vars: AIRFLOW_CTX_DAG_OWNER='***' AIRFLOW_CTX_DAG_ID='fetch_spread_values' AIRFLOW_CTX_TASK_ID='fetch_and_compute_spread_btc_mxn' AIRFLOW_CTX_EXECUTION_DATE='2024-07-14T15:15:00+00:00' AIRFLOW_CTX_TRY_NUMBER='1' AIRFLOW_CTX_DAG_RUN_ID='scheduled__2024-07-14T15:15:00+00:00'
[2024-07-14T20:38:36.092+0000] {taskinstance.py:430} INFO - ::endgroup::
[2024-07-14T20:38:36.255+0000] {python.py:237} INFO - Done. Returned value was: None
[2024-07-14T20:38:36.256+0000] {taskinstance.py:441} INFO - ::group::Post task execution logs
[2024-07-14T20:38:36.261+0000] {taskinstance.py:1206} INFO - Marking task as SUCCESS. dag_id=fetch_spread_values, task_id=fetch_and_compute_spread_btc_mxn, run_id=scheduled__2024-07-14T15:15:00+00:00, execution_date=20240714T151500, start_date=20240714T203835, end_date=20240714T203836
[2024-07-14T20:38:36.288+0000] {local_task_job_runner.py:240} INFO - Task exited with return code 0
[2024-07-14T20:38:36.297+0000] {taskinstance.py:3503} INFO - 0 downstream tasks scheduled from follow-on schedule check
[2024-07-14T20:38:36.298+0000] {local_task_job_runner.py:222} INFO - ::endgroup::
