[2024-07-14T09:50:58.005+0000] {local_task_job_runner.py:120} INFO - ::group::Pre task execution logs
[2024-07-14T09:50:58.107+0000] {taskinstance.py:2076} INFO - Dependencies all met for dep_context=non-requeueable deps ti=<TaskInstance: fetch_spread_values.fetch_and_compute_spread_usd_mxn scheduled__2024-07-14T09:31:00+00:00 [queued]>
[2024-07-14T09:50:58.203+0000] {taskinstance.py:2076} INFO - Dependencies all met for dep_context=requeueable deps ti=<TaskInstance: fetch_spread_values.fetch_and_compute_spread_usd_mxn scheduled__2024-07-14T09:31:00+00:00 [queued]>
[2024-07-14T09:50:58.270+0000] {taskinstance.py:2306} INFO - Starting attempt 1 of 2
[2024-07-14T09:50:58.453+0000] {taskinstance.py:2330} INFO - Executing <Task(PythonOperator): fetch_and_compute_spread_usd_mxn> on 2024-07-14 09:31:00+00:00
[2024-07-14T09:50:58.501+0000] {warnings.py:112} WARNING - /home/***/.local/lib/python3.12/site-packages/***/task/task_runner/standard_task_runner.py:61: DeprecationWarning: This process (pid=4150) is multi-threaded, use of fork() may lead to deadlocks in the child.
  pid = os.fork()

[2024-07-14T09:50:58.529+0000] {standard_task_runner.py:63} INFO - Started process 4179 to run task
[2024-07-14T09:50:58.534+0000] {standard_task_runner.py:90} INFO - Running: ['***', 'tasks', 'run', 'fetch_spread_values', 'fetch_and_compute_spread_usd_mxn', 'scheduled__2024-07-14T09:31:00+00:00', '--job-id', '1232', '--raw', '--subdir', 'DAGS_FOLDER/***.py', '--cfg-path', '/tmp/tmp_wd2o1d3']
[2024-07-14T09:50:58.555+0000] {standard_task_runner.py:91} INFO - Job 1232: Subtask fetch_and_compute_spread_usd_mxn
[2024-07-14T09:50:58.726+0000] {task_command.py:426} INFO - Running <TaskInstance: fetch_spread_values.fetch_and_compute_spread_usd_mxn scheduled__2024-07-14T09:31:00+00:00 [running]> on host d537c34a4880
[2024-07-14T09:50:59.028+0000] {taskinstance.py:2648} INFO - Exporting env vars: AIRFLOW_CTX_DAG_OWNER='***' AIRFLOW_CTX_DAG_ID='fetch_spread_values' AIRFLOW_CTX_TASK_ID='fetch_and_compute_spread_usd_mxn' AIRFLOW_CTX_EXECUTION_DATE='2024-07-14T09:31:00+00:00' AIRFLOW_CTX_TRY_NUMBER='1' AIRFLOW_CTX_DAG_RUN_ID='scheduled__2024-07-14T09:31:00+00:00'
[2024-07-14T09:50:59.035+0000] {taskinstance.py:430} INFO - ::endgroup::
[2024-07-14T09:50:59.515+0000] {python.py:237} INFO - Done. Returned value was: None
[2024-07-14T09:50:59.517+0000] {taskinstance.py:441} INFO - ::group::Post task execution logs
[2024-07-14T09:50:59.540+0000] {taskinstance.py:1206} INFO - Marking task as SUCCESS. dag_id=fetch_spread_values, task_id=fetch_and_compute_spread_usd_mxn, run_id=scheduled__2024-07-14T09:31:00+00:00, execution_date=20240714T093100, start_date=20240714T095058, end_date=20240714T095059
[2024-07-14T09:50:59.640+0000] {local_task_job_runner.py:240} INFO - Task exited with return code 0
[2024-07-14T09:50:59.795+0000] {taskinstance.py:3503} INFO - 0 downstream tasks scheduled from follow-on schedule check
[2024-07-14T09:50:59.824+0000] {local_task_job_runner.py:222} INFO - ::endgroup::
[2024-07-14T20:36:30.334+0000] {local_task_job_runner.py:120} INFO - ::group::Pre task execution logs
[2024-07-14T20:36:30.365+0000] {taskinstance.py:2076} INFO - Dependencies all met for dep_context=non-requeueable deps ti=<TaskInstance: fetch_spread_values.fetch_and_compute_spread_usd_mxn scheduled__2024-07-14T09:31:00+00:00 [queued]>
[2024-07-14T20:36:30.382+0000] {taskinstance.py:2076} INFO - Dependencies all met for dep_context=requeueable deps ti=<TaskInstance: fetch_spread_values.fetch_and_compute_spread_usd_mxn scheduled__2024-07-14T09:31:00+00:00 [queued]>
[2024-07-14T20:36:30.385+0000] {taskinstance.py:2306} INFO - Starting attempt 1 of 2
[2024-07-14T20:36:30.406+0000] {taskinstance.py:2330} INFO - Executing <Task(PythonOperator): fetch_and_compute_spread_usd_mxn> on 2024-07-14 09:31:00+00:00
[2024-07-14T20:36:30.415+0000] {standard_task_runner.py:90} INFO - Running: ['***', 'tasks', 'run', 'fetch_spread_values', 'fetch_and_compute_spread_usd_mxn', 'scheduled__2024-07-14T09:31:00+00:00', '--job-id', '1270', '--raw', '--subdir', 'DAGS_FOLDER/***.py', '--cfg-path', '/tmp/tmpl5s8rjag']
[2024-07-14T20:36:30.418+0000] {logging_mixin.py:188} WARNING - /home/***/.local/lib/python3.12/site-packages/***/task/task_runner/standard_task_runner.py:61 DeprecationWarning: This process (pid=2757) is multi-threaded, use of fork() may lead to deadlocks in the child.
[2024-07-14T20:36:30.420+0000] {standard_task_runner.py:63} INFO - Started process 2769 to run task
[2024-07-14T20:36:30.418+0000] {standard_task_runner.py:91} INFO - Job 1270: Subtask fetch_and_compute_spread_usd_mxn
[2024-07-14T20:36:30.495+0000] {task_command.py:426} INFO - Running <TaskInstance: fetch_spread_values.fetch_and_compute_spread_usd_mxn scheduled__2024-07-14T09:31:00+00:00 [running]> on host 77caf7e4b282
[2024-07-14T20:36:30.613+0000] {taskinstance.py:2648} INFO - Exporting env vars: AIRFLOW_CTX_DAG_OWNER='***' AIRFLOW_CTX_DAG_ID='fetch_spread_values' AIRFLOW_CTX_TASK_ID='fetch_and_compute_spread_usd_mxn' AIRFLOW_CTX_EXECUTION_DATE='2024-07-14T09:31:00+00:00' AIRFLOW_CTX_TRY_NUMBER='1' AIRFLOW_CTX_DAG_RUN_ID='scheduled__2024-07-14T09:31:00+00:00'
[2024-07-14T20:36:30.615+0000] {taskinstance.py:430} INFO - ::endgroup::
[2024-07-14T20:36:30.803+0000] {python.py:237} INFO - Done. Returned value was: None
[2024-07-14T20:36:30.809+0000] {taskinstance.py:441} INFO - ::group::Post task execution logs
[2024-07-14T20:36:30.822+0000] {taskinstance.py:1206} INFO - Marking task as SUCCESS. dag_id=fetch_spread_values, task_id=fetch_and_compute_spread_usd_mxn, run_id=scheduled__2024-07-14T09:31:00+00:00, execution_date=20240714T093100, start_date=20240714T203630, end_date=20240714T203630
[2024-07-14T20:36:30.877+0000] {local_task_job_runner.py:240} INFO - Task exited with return code 0
[2024-07-14T20:36:30.894+0000] {local_task_job_runner.py:222} INFO - ::endgroup::
