[2024-07-14T11:08:20.387+0000] {local_task_job_runner.py:120} INFO - ::group::Pre task execution logs
[2024-07-14T11:08:20.407+0000] {taskinstance.py:2076} INFO - Dependencies all met for dep_context=non-requeueable deps ti=<TaskInstance: fetch_spread_values.fetch_and_compute_spread_btc_mxn scheduled__2024-07-14T10:59:00+00:00 [queued]>
[2024-07-14T11:08:20.421+0000] {taskinstance.py:2076} INFO - Dependencies all met for dep_context=requeueable deps ti=<TaskInstance: fetch_spread_values.fetch_and_compute_spread_btc_mxn scheduled__2024-07-14T10:59:00+00:00 [queued]>
[2024-07-14T11:08:20.423+0000] {taskinstance.py:2306} INFO - Starting attempt 1 of 2
[2024-07-14T11:08:20.442+0000] {taskinstance.py:2330} INFO - Executing <Task(PythonOperator): fetch_and_compute_spread_btc_mxn> on 2024-07-14 10:59:00+00:00
[2024-07-14T11:08:20.448+0000] {warnings.py:112} WARNING - /home/***/.local/lib/python3.12/site-packages/***/task/task_runner/standard_task_runner.py:61: DeprecationWarning: This process (pid=4731) is multi-threaded, use of fork() may lead to deadlocks in the child.
  pid = os.fork()

[2024-07-14T11:08:20.450+0000] {standard_task_runner.py:63} INFO - Started process 4746 to run task
[2024-07-14T11:08:20.450+0000] {standard_task_runner.py:90} INFO - Running: ['***', 'tasks', 'run', 'fetch_spread_values', 'fetch_and_compute_spread_btc_mxn', 'scheduled__2024-07-14T10:59:00+00:00', '--job-id', '1411', '--raw', '--subdir', 'DAGS_FOLDER/***.py', '--cfg-path', '/tmp/tmpj8bqoqqw']
[2024-07-14T11:08:20.453+0000] {standard_task_runner.py:91} INFO - Job 1411: Subtask fetch_and_compute_spread_btc_mxn
[2024-07-14T11:08:20.511+0000] {task_command.py:426} INFO - Running <TaskInstance: fetch_spread_values.fetch_and_compute_spread_btc_mxn scheduled__2024-07-14T10:59:00+00:00 [running]> on host d537c34a4880
[2024-07-14T11:08:20.581+0000] {taskinstance.py:2648} INFO - Exporting env vars: AIRFLOW_CTX_DAG_OWNER='***' AIRFLOW_CTX_DAG_ID='fetch_spread_values' AIRFLOW_CTX_TASK_ID='fetch_and_compute_spread_btc_mxn' AIRFLOW_CTX_EXECUTION_DATE='2024-07-14T10:59:00+00:00' AIRFLOW_CTX_TRY_NUMBER='1' AIRFLOW_CTX_DAG_RUN_ID='scheduled__2024-07-14T10:59:00+00:00'
[2024-07-14T11:08:20.583+0000] {taskinstance.py:430} INFO - ::endgroup::
[2024-07-14T11:08:20.755+0000] {python.py:237} INFO - Done. Returned value was: None
[2024-07-14T11:08:20.758+0000] {taskinstance.py:441} INFO - ::group::Post task execution logs
[2024-07-14T11:08:20.764+0000] {taskinstance.py:1206} INFO - Marking task as SUCCESS. dag_id=fetch_spread_values, task_id=fetch_and_compute_spread_btc_mxn, run_id=scheduled__2024-07-14T10:59:00+00:00, execution_date=20240714T105900, start_date=20240714T110820, end_date=20240714T110820
[2024-07-14T11:08:20.803+0000] {local_task_job_runner.py:240} INFO - Task exited with return code 0
[2024-07-14T11:08:20.815+0000] {taskinstance.py:3503} INFO - 0 downstream tasks scheduled from follow-on schedule check
[2024-07-14T11:08:20.816+0000] {local_task_job_runner.py:222} INFO - ::endgroup::
[2024-07-14T20:37:04.073+0000] {local_task_job_runner.py:120} INFO - ::group::Pre task execution logs
[2024-07-14T20:37:04.110+0000] {taskinstance.py:2076} INFO - Dependencies all met for dep_context=non-requeueable deps ti=<TaskInstance: fetch_spread_values.fetch_and_compute_spread_btc_mxn scheduled__2024-07-14T10:59:00+00:00 [queued]>
[2024-07-14T20:37:04.127+0000] {taskinstance.py:2076} INFO - Dependencies all met for dep_context=requeueable deps ti=<TaskInstance: fetch_spread_values.fetch_and_compute_spread_btc_mxn scheduled__2024-07-14T10:59:00+00:00 [queued]>
[2024-07-14T20:37:04.128+0000] {taskinstance.py:2306} INFO - Starting attempt 1 of 2
[2024-07-14T20:37:04.159+0000] {taskinstance.py:2330} INFO - Executing <Task(PythonOperator): fetch_and_compute_spread_btc_mxn> on 2024-07-14 10:59:00+00:00
[2024-07-14T20:37:04.168+0000] {standard_task_runner.py:90} INFO - Running: ['***', 'tasks', 'run', 'fetch_spread_values', 'fetch_and_compute_spread_btc_mxn', 'scheduled__2024-07-14T10:59:00+00:00', '--job-id', '1447', '--raw', '--subdir', 'DAGS_FOLDER/***.py', '--cfg-path', '/tmp/tmpmyudqjf7']
[2024-07-14T20:37:04.170+0000] {standard_task_runner.py:91} INFO - Job 1447: Subtask fetch_and_compute_spread_btc_mxn
[2024-07-14T20:37:04.171+0000] {logging_mixin.py:188} WARNING - /home/***/.local/lib/python3.12/site-packages/***/task/task_runner/standard_task_runner.py:61 DeprecationWarning: This process (pid=3114) is multi-threaded, use of fork() may lead to deadlocks in the child.
[2024-07-14T20:37:04.175+0000] {standard_task_runner.py:63} INFO - Started process 3125 to run task
[2024-07-14T20:37:04.278+0000] {task_command.py:426} INFO - Running <TaskInstance: fetch_spread_values.fetch_and_compute_spread_btc_mxn scheduled__2024-07-14T10:59:00+00:00 [running]> on host 77caf7e4b282
[2024-07-14T20:37:04.424+0000] {taskinstance.py:2648} INFO - Exporting env vars: AIRFLOW_CTX_DAG_OWNER='***' AIRFLOW_CTX_DAG_ID='fetch_spread_values' AIRFLOW_CTX_TASK_ID='fetch_and_compute_spread_btc_mxn' AIRFLOW_CTX_EXECUTION_DATE='2024-07-14T10:59:00+00:00' AIRFLOW_CTX_TRY_NUMBER='1' AIRFLOW_CTX_DAG_RUN_ID='scheduled__2024-07-14T10:59:00+00:00'
[2024-07-14T20:37:04.435+0000] {taskinstance.py:430} INFO - ::endgroup::
[2024-07-14T20:37:04.675+0000] {python.py:237} INFO - Done. Returned value was: None
[2024-07-14T20:37:04.677+0000] {taskinstance.py:441} INFO - ::group::Post task execution logs
[2024-07-14T20:37:04.700+0000] {taskinstance.py:1206} INFO - Marking task as SUCCESS. dag_id=fetch_spread_values, task_id=fetch_and_compute_spread_btc_mxn, run_id=scheduled__2024-07-14T10:59:00+00:00, execution_date=20240714T105900, start_date=20240714T203704, end_date=20240714T203704
[2024-07-14T20:37:04.739+0000] {local_task_job_runner.py:240} INFO - Task exited with return code 0
[2024-07-14T20:37:04.757+0000] {taskinstance.py:3503} INFO - 0 downstream tasks scheduled from follow-on schedule check
[2024-07-14T20:37:04.761+0000] {local_task_job_runner.py:222} INFO - ::endgroup::
