[2024-07-14T16:34:02.196+0000] {local_task_job_runner.py:120} INFO - ::group::Pre task execution logs
[2024-07-14T16:34:02.250+0000] {taskinstance.py:2076} INFO - Dependencies all met for dep_context=non-requeueable deps ti=<TaskInstance: fetch_spread_values.fetch_and_compute_spread_btc_mxn scheduled__2024-07-14T16:25:00+00:00 [queued]>
[2024-07-14T16:34:02.289+0000] {taskinstance.py:2076} INFO - Dependencies all met for dep_context=requeueable deps ti=<TaskInstance: fetch_spread_values.fetch_and_compute_spread_btc_mxn scheduled__2024-07-14T16:25:00+00:00 [queued]>
[2024-07-14T16:34:02.295+0000] {taskinstance.py:2306} INFO - Starting attempt 1 of 2
[2024-07-14T16:34:02.362+0000] {taskinstance.py:2330} INFO - Executing <Task(PythonOperator): fetch_and_compute_spread_btc_mxn> on 2024-07-14 16:25:00+00:00
[2024-07-14T16:34:02.436+0000] {warnings.py:112} WARNING - /home/***/.local/lib/python3.12/site-packages/***/task/task_runner/standard_task_runner.py:61: DeprecationWarning: This process (pid=7011) is multi-threaded, use of fork() may lead to deadlocks in the child.
  pid = os.fork()

[2024-07-14T16:34:02.440+0000] {standard_task_runner.py:63} INFO - Started process 7029 to run task
[2024-07-14T16:34:02.442+0000] {standard_task_runner.py:90} INFO - Running: ['***', 'tasks', 'run', 'fetch_spread_values', 'fetch_and_compute_spread_btc_mxn', 'scheduled__2024-07-14T16:25:00+00:00', '--job-id', '2109', '--raw', '--subdir', 'DAGS_FOLDER/***.py', '--cfg-path', '/tmp/tmpymjt13zt']
[2024-07-14T16:34:02.452+0000] {standard_task_runner.py:91} INFO - Job 2109: Subtask fetch_and_compute_spread_btc_mxn
[2024-07-14T16:34:02.627+0000] {task_command.py:426} INFO - Running <TaskInstance: fetch_spread_values.fetch_and_compute_spread_btc_mxn scheduled__2024-07-14T16:25:00+00:00 [running]> on host d537c34a4880
[2024-07-14T16:34:02.927+0000] {taskinstance.py:2648} INFO - Exporting env vars: AIRFLOW_CTX_DAG_OWNER='***' AIRFLOW_CTX_DAG_ID='fetch_spread_values' AIRFLOW_CTX_TASK_ID='fetch_and_compute_spread_btc_mxn' AIRFLOW_CTX_EXECUTION_DATE='2024-07-14T16:25:00+00:00' AIRFLOW_CTX_TRY_NUMBER='1' AIRFLOW_CTX_DAG_RUN_ID='scheduled__2024-07-14T16:25:00+00:00'
[2024-07-14T16:34:02.954+0000] {taskinstance.py:430} INFO - ::endgroup::
[2024-07-14T16:34:03.342+0000] {python.py:237} INFO - Done. Returned value was: None
[2024-07-14T16:34:03.359+0000] {taskinstance.py:441} INFO - ::group::Post task execution logs
[2024-07-14T16:34:03.403+0000] {taskinstance.py:1206} INFO - Marking task as SUCCESS. dag_id=fetch_spread_values, task_id=fetch_and_compute_spread_btc_mxn, run_id=scheduled__2024-07-14T16:25:00+00:00, execution_date=20240714T162500, start_date=20240714T163402, end_date=20240714T163403
[2024-07-14T16:34:03.486+0000] {local_task_job_runner.py:240} INFO - Task exited with return code 0
[2024-07-14T16:34:03.609+0000] {taskinstance.py:3503} INFO - 0 downstream tasks scheduled from follow-on schedule check
[2024-07-14T16:34:03.648+0000] {local_task_job_runner.py:222} INFO - ::endgroup::
[2024-07-14T20:38:59.729+0000] {local_task_job_runner.py:120} INFO - ::group::Pre task execution logs
[2024-07-14T20:38:59.759+0000] {taskinstance.py:2076} INFO - Dependencies all met for dep_context=non-requeueable deps ti=<TaskInstance: fetch_spread_values.fetch_and_compute_spread_btc_mxn scheduled__2024-07-14T16:25:00+00:00 [queued]>
[2024-07-14T20:38:59.764+0000] {taskinstance.py:2076} INFO - Dependencies all met for dep_context=requeueable deps ti=<TaskInstance: fetch_spread_values.fetch_and_compute_spread_btc_mxn scheduled__2024-07-14T16:25:00+00:00 [queued]>
[2024-07-14T20:38:59.765+0000] {taskinstance.py:2306} INFO - Starting attempt 1 of 2
[2024-07-14T20:38:59.772+0000] {taskinstance.py:2330} INFO - Executing <Task(PythonOperator): fetch_and_compute_spread_btc_mxn> on 2024-07-14 16:25:00+00:00
[2024-07-14T20:38:59.777+0000] {logging_mixin.py:188} WARNING - /home/***/.local/lib/python3.12/site-packages/***/task/task_runner/standard_task_runner.py:61 DeprecationWarning: This process (pid=4439) is multi-threaded, use of fork() may lead to deadlocks in the child.
[2024-07-14T20:38:59.777+0000] {standard_task_runner.py:90} INFO - Running: ['***', 'tasks', 'run', 'fetch_spread_values', 'fetch_and_compute_spread_btc_mxn', 'scheduled__2024-07-14T16:25:00+00:00', '--job-id', '2098', '--raw', '--subdir', 'DAGS_FOLDER/***.py', '--cfg-path', '/tmp/tmp6tyl9do0']
[2024-07-14T20:38:59.779+0000] {standard_task_runner.py:63} INFO - Started process 4444 to run task
[2024-07-14T20:38:59.780+0000] {standard_task_runner.py:91} INFO - Job 2098: Subtask fetch_and_compute_spread_btc_mxn
[2024-07-14T20:38:59.820+0000] {task_command.py:426} INFO - Running <TaskInstance: fetch_spread_values.fetch_and_compute_spread_btc_mxn scheduled__2024-07-14T16:25:00+00:00 [running]> on host 77caf7e4b282
[2024-07-14T20:38:59.874+0000] {taskinstance.py:2648} INFO - Exporting env vars: AIRFLOW_CTX_DAG_OWNER='***' AIRFLOW_CTX_DAG_ID='fetch_spread_values' AIRFLOW_CTX_TASK_ID='fetch_and_compute_spread_btc_mxn' AIRFLOW_CTX_EXECUTION_DATE='2024-07-14T16:25:00+00:00' AIRFLOW_CTX_TRY_NUMBER='1' AIRFLOW_CTX_DAG_RUN_ID='scheduled__2024-07-14T16:25:00+00:00'
[2024-07-14T20:38:59.875+0000] {taskinstance.py:430} INFO - ::endgroup::
[2024-07-14T20:39:00.035+0000] {python.py:237} INFO - Done. Returned value was: None
[2024-07-14T20:39:00.036+0000] {taskinstance.py:441} INFO - ::group::Post task execution logs
[2024-07-14T20:39:00.042+0000] {taskinstance.py:1206} INFO - Marking task as SUCCESS. dag_id=fetch_spread_values, task_id=fetch_and_compute_spread_btc_mxn, run_id=scheduled__2024-07-14T16:25:00+00:00, execution_date=20240714T162500, start_date=20240714T203859, end_date=20240714T203900
[2024-07-14T20:39:00.089+0000] {local_task_job_runner.py:240} INFO - Task exited with return code 0
[2024-07-14T20:39:00.098+0000] {taskinstance.py:3503} INFO - 0 downstream tasks scheduled from follow-on schedule check
[2024-07-14T20:39:00.098+0000] {local_task_job_runner.py:222} INFO - ::endgroup::
