[2024-07-14T13:31:21.839+0000] {local_task_job_runner.py:120} INFO - ::group::Pre task execution logs
[2024-07-14T13:31:21.922+0000] {taskinstance.py:2076} INFO - Dependencies all met for dep_context=non-requeueable deps ti=<TaskInstance: fetch_spread_values.fetch_and_compute_spread_btc_mxn scheduled__2024-07-14T13:19:00+00:00 [queued]>
[2024-07-14T13:31:21.979+0000] {taskinstance.py:2076} INFO - Dependencies all met for dep_context=requeueable deps ti=<TaskInstance: fetch_spread_values.fetch_and_compute_spread_btc_mxn scheduled__2024-07-14T13:19:00+00:00 [queued]>
[2024-07-14T13:31:21.980+0000] {taskinstance.py:2306} INFO - Starting attempt 1 of 2
[2024-07-14T13:31:22.054+0000] {taskinstance.py:2330} INFO - Executing <Task(PythonOperator): fetch_and_compute_spread_btc_mxn> on 2024-07-14 13:19:00+00:00
[2024-07-14T13:31:22.071+0000] {warnings.py:112} WARNING - /home/***/.local/lib/python3.12/site-packages/***/task/task_runner/standard_task_runner.py:61: DeprecationWarning: This process (pid=5691) is multi-threaded, use of fork() may lead to deadlocks in the child.
  pid = os.fork()

[2024-07-14T13:31:22.074+0000] {standard_task_runner.py:90} INFO - Running: ['***', 'tasks', 'run', 'fetch_spread_values', 'fetch_and_compute_spread_btc_mxn', 'scheduled__2024-07-14T13:19:00+00:00', '--job-id', '1714', '--raw', '--subdir', 'DAGS_FOLDER/***.py', '--cfg-path', '/tmp/tmp51mmnop_']
[2024-07-14T13:31:22.085+0000] {standard_task_runner.py:63} INFO - Started process 5727 to run task
[2024-07-14T13:31:22.092+0000] {standard_task_runner.py:91} INFO - Job 1714: Subtask fetch_and_compute_spread_btc_mxn
[2024-07-14T13:31:22.340+0000] {task_command.py:426} INFO - Running <TaskInstance: fetch_spread_values.fetch_and_compute_spread_btc_mxn scheduled__2024-07-14T13:19:00+00:00 [running]> on host d537c34a4880
[2024-07-14T13:31:22.602+0000] {taskinstance.py:2648} INFO - Exporting env vars: AIRFLOW_CTX_DAG_OWNER='***' AIRFLOW_CTX_DAG_ID='fetch_spread_values' AIRFLOW_CTX_TASK_ID='fetch_and_compute_spread_btc_mxn' AIRFLOW_CTX_EXECUTION_DATE='2024-07-14T13:19:00+00:00' AIRFLOW_CTX_TRY_NUMBER='1' AIRFLOW_CTX_DAG_RUN_ID='scheduled__2024-07-14T13:19:00+00:00'
[2024-07-14T13:31:22.622+0000] {taskinstance.py:430} INFO - ::endgroup::
[2024-07-14T13:31:22.889+0000] {python.py:237} INFO - Done. Returned value was: None
[2024-07-14T13:31:22.896+0000] {taskinstance.py:441} INFO - ::group::Post task execution logs
[2024-07-14T13:31:22.914+0000] {taskinstance.py:1206} INFO - Marking task as SUCCESS. dag_id=fetch_spread_values, task_id=fetch_and_compute_spread_btc_mxn, run_id=scheduled__2024-07-14T13:19:00+00:00, execution_date=20240714T131900, start_date=20240714T133121, end_date=20240714T133122
[2024-07-14T13:31:22.993+0000] {local_task_job_runner.py:240} INFO - Task exited with return code 0
[2024-07-14T13:31:23.030+0000] {taskinstance.py:3503} INFO - 0 downstream tasks scheduled from follow-on schedule check
[2024-07-14T13:31:23.036+0000] {local_task_job_runner.py:222} INFO - ::endgroup::
[2024-07-14T20:37:55.457+0000] {local_task_job_runner.py:120} INFO - ::group::Pre task execution logs
[2024-07-14T20:37:55.483+0000] {taskinstance.py:2076} INFO - Dependencies all met for dep_context=non-requeueable deps ti=<TaskInstance: fetch_spread_values.fetch_and_compute_spread_btc_mxn scheduled__2024-07-14T13:19:00+00:00 [queued]>
[2024-07-14T20:37:55.487+0000] {taskinstance.py:2076} INFO - Dependencies all met for dep_context=requeueable deps ti=<TaskInstance: fetch_spread_values.fetch_and_compute_spread_btc_mxn scheduled__2024-07-14T13:19:00+00:00 [queued]>
[2024-07-14T20:37:55.490+0000] {taskinstance.py:2306} INFO - Starting attempt 1 of 2
[2024-07-14T20:37:55.499+0000] {taskinstance.py:2330} INFO - Executing <Task(PythonOperator): fetch_and_compute_spread_btc_mxn> on 2024-07-14 13:19:00+00:00
[2024-07-14T20:37:55.509+0000] {logging_mixin.py:188} WARNING - /home/***/.local/lib/python3.12/site-packages/***/task/task_runner/standard_task_runner.py:61 DeprecationWarning: This process (pid=3688) is multi-threaded, use of fork() may lead to deadlocks in the child.
[2024-07-14T20:37:55.513+0000] {standard_task_runner.py:63} INFO - Started process 3694 to run task
[2024-07-14T20:37:55.508+0000] {standard_task_runner.py:90} INFO - Running: ['***', 'tasks', 'run', 'fetch_spread_values', 'fetch_and_compute_spread_btc_mxn', 'scheduled__2024-07-14T13:19:00+00:00', '--job-id', '1727', '--raw', '--subdir', 'DAGS_FOLDER/***.py', '--cfg-path', '/tmp/tmpk5bmhgfy']
[2024-07-14T20:37:55.514+0000] {standard_task_runner.py:91} INFO - Job 1727: Subtask fetch_and_compute_spread_btc_mxn
[2024-07-14T20:37:55.546+0000] {task_command.py:426} INFO - Running <TaskInstance: fetch_spread_values.fetch_and_compute_spread_btc_mxn scheduled__2024-07-14T13:19:00+00:00 [running]> on host 77caf7e4b282
[2024-07-14T20:37:55.597+0000] {taskinstance.py:2648} INFO - Exporting env vars: AIRFLOW_CTX_DAG_OWNER='***' AIRFLOW_CTX_DAG_ID='fetch_spread_values' AIRFLOW_CTX_TASK_ID='fetch_and_compute_spread_btc_mxn' AIRFLOW_CTX_EXECUTION_DATE='2024-07-14T13:19:00+00:00' AIRFLOW_CTX_TRY_NUMBER='1' AIRFLOW_CTX_DAG_RUN_ID='scheduled__2024-07-14T13:19:00+00:00'
[2024-07-14T20:37:55.598+0000] {taskinstance.py:430} INFO - ::endgroup::
[2024-07-14T20:37:55.759+0000] {python.py:237} INFO - Done. Returned value was: None
[2024-07-14T20:37:55.760+0000] {taskinstance.py:441} INFO - ::group::Post task execution logs
[2024-07-14T20:37:55.765+0000] {taskinstance.py:1206} INFO - Marking task as SUCCESS. dag_id=fetch_spread_values, task_id=fetch_and_compute_spread_btc_mxn, run_id=scheduled__2024-07-14T13:19:00+00:00, execution_date=20240714T131900, start_date=20240714T203755, end_date=20240714T203755
[2024-07-14T20:37:55.776+0000] {local_task_job_runner.py:240} INFO - Task exited with return code 0
[2024-07-14T20:37:55.786+0000] {taskinstance.py:3503} INFO - 0 downstream tasks scheduled from follow-on schedule check
[2024-07-14T20:37:55.787+0000] {local_task_job_runner.py:222} INFO - ::endgroup::
