[2024-07-17T01:19:43.498+0000] {local_task_job_runner.py:120} INFO - ::group::Pre task execution logs
[2024-07-17T01:19:43.546+0000] {taskinstance.py:2076} INFO - Dependencies all met for dep_context=non-requeueable deps ti=<TaskInstance: etl_ticker.etl_btc_mxn scheduled__2024-07-15T02:00:00+00:00 [queued]>
[2024-07-17T01:19:43.562+0000] {taskinstance.py:2076} INFO - Dependencies all met for dep_context=requeueable deps ti=<TaskInstance: etl_ticker.etl_btc_mxn scheduled__2024-07-15T02:00:00+00:00 [queued]>
[2024-07-17T01:19:43.566+0000] {taskinstance.py:2306} INFO - Starting attempt 2 of 2
[2024-07-17T01:19:43.585+0000] {taskinstance.py:2330} INFO - Executing <Task(PythonOperator): etl_btc_mxn> on 2024-07-15 02:00:00+00:00
[2024-07-17T01:19:43.589+0000] {logging_mixin.py:188} WARNING - /home/***/.local/lib/python3.12/site-packages/***/task/task_runner/standard_task_runner.py:61 DeprecationWarning: This process (pid=30124) is multi-threaded, use of fork() may lead to deadlocks in the child.
[2024-07-17T01:19:43.592+0000] {standard_task_runner.py:63} INFO - Started process 30146 to run task
[2024-07-17T01:19:43.590+0000] {standard_task_runner.py:90} INFO - Running: ['***', 'tasks', 'run', 'etl_ticker', 'etl_btc_mxn', 'scheduled__2024-07-15T02:00:00+00:00', '--job-id', '582', '--raw', '--subdir', 'DAGS_FOLDER/bid_ask_dag.py', '--cfg-path', '/tmp/tmp43pscgqq']
[2024-07-17T01:19:43.600+0000] {standard_task_runner.py:91} INFO - Job 582: Subtask etl_btc_mxn
[2024-07-17T01:19:43.675+0000] {task_command.py:426} INFO - Running <TaskInstance: etl_ticker.etl_btc_mxn scheduled__2024-07-15T02:00:00+00:00 [running]> on host 6f712de23803
[2024-07-17T01:19:43.814+0000] {taskinstance.py:2648} INFO - Exporting env vars: AIRFLOW_CTX_DAG_OWNER='***' AIRFLOW_CTX_DAG_ID='etl_ticker' AIRFLOW_CTX_TASK_ID='etl_btc_mxn' AIRFLOW_CTX_EXECUTION_DATE='2024-07-15T02:00:00+00:00' AIRFLOW_CTX_TRY_NUMBER='2' AIRFLOW_CTX_DAG_RUN_ID='scheduled__2024-07-15T02:00:00+00:00'
[2024-07-17T01:19:43.816+0000] {taskinstance.py:430} INFO - ::endgroup::
[2024-07-17T01:19:43.836+0000] {logging_mixin.py:188} WARNING -   0%|          | 0/600 [00:00<?, ?it/s]
[2024-07-17T01:19:44.998+0000] {bid_ask_dag.py:87} INFO - Threshold! {'orderbook_timestamp': '2024-07-17T01:19:43+00:00', 'book': 'btc_mxn', 'bid': 1162520.0, 'ask': 1164570.0, 'spread': 0.17603063791785808}
[2024-07-17T01:19:45.001+0000] {logging_mixin.py:188} WARNING -   0%|          | 0/600 [00:01<?, ?it/s]
[2024-07-17T01:19:45.002+0000] {taskinstance.py:441} INFO - ::group::Post task execution logs
[2024-07-17T01:19:45.003+0000] {taskinstance.py:2905} ERROR - Task failed with exception
Traceback (most recent call last):
  File "/home/airflow/.local/lib/python3.12/site-packages/airflow/models/taskinstance.py", line 465, in _execute_task
    result = _execute_callable(context=context, **execute_callable_kwargs)
             ^^^^^^^^^^^^^^^^^^^^^^^^^^^^^^^^^^^^^^^^^^^^^^^^^^^^^^^^^^^^^
  File "/home/airflow/.local/lib/python3.12/site-packages/airflow/models/taskinstance.py", line 432, in _execute_callable
    return execute_callable(context=context, **execute_callable_kwargs)
           ^^^^^^^^^^^^^^^^^^^^^^^^^^^^^^^^^^^^^^^^^^^^^^^^^^^^^^^^^^^^
  File "/home/airflow/.local/lib/python3.12/site-packages/airflow/models/baseoperator.py", line 401, in wrapper
    return func(self, *args, **kwargs)
           ^^^^^^^^^^^^^^^^^^^^^^^^^^^
  File "/home/airflow/.local/lib/python3.12/site-packages/airflow/operators/python.py", line 235, in execute
    return_value = self.execute_callable()
                   ^^^^^^^^^^^^^^^^^^^^^^^
  File "/home/airflow/.local/lib/python3.12/site-packages/airflow/operators/python.py", line 252, in execute_callable
    return self.python_callable(*self.op_args, **self.op_kwargs)
           ^^^^^^^^^^^^^^^^^^^^^^^^^^^^^^^^^^^^^^^^^^^^^^^^^^^^^
  File "/opt/airflow/dags/bid_ask_dag.py", line 88, in etl_spread
    SlackWebhookHook(webhook_token=WEBHOOK_URL, message=f"Alert! bid-ask has appeared {record}").execute()
    ^^^^^^^^^^^^^^^^^^^^^^^^^^^^^^^^^^^^^^^^^^^^^^^^^^^^^^^^^^^^^^^^^^^^^^^^^^^^^^^^^^^^^^^^^^^^
TypeError: SlackWebhookHook.__init__() missing 1 required keyword-only argument: 'slack_webhook_conn_id'
[2024-07-17T01:19:45.019+0000] {taskinstance.py:1206} INFO - Marking task as FAILED. dag_id=etl_ticker, task_id=etl_btc_mxn, run_id=scheduled__2024-07-15T02:00:00+00:00, execution_date=20240715T020000, start_date=20240717T011943, end_date=20240717T011945
[2024-07-17T01:19:45.030+0000] {standard_task_runner.py:110} ERROR - Failed to execute job 582 for task etl_btc_mxn (SlackWebhookHook.__init__() missing 1 required keyword-only argument: 'slack_webhook_conn_id'; 30146)
[2024-07-17T01:19:45.051+0000] {local_task_job_runner.py:240} INFO - Task exited with return code 1
[2024-07-17T01:19:45.067+0000] {taskinstance.py:3503} INFO - 0 downstream tasks scheduled from follow-on schedule check
[2024-07-17T01:19:45.072+0000] {local_task_job_runner.py:222} INFO - ::endgroup::
