[2024-07-14T09:02:34.794+0000] {local_task_job_runner.py:120} INFO - ::group::Pre task execution logs
[2024-07-14T09:02:34.807+0000] {taskinstance.py:2076} INFO - Dependencies all met for dep_context=non-requeueable deps ti=<TaskInstance: fetch_spread_values.fetch_and_compute_spread_usd_mxn scheduled__2024-07-14T06:22:00+00:00 [queued]>
[2024-07-14T09:02:34.812+0000] {taskinstance.py:2076} INFO - Dependencies all met for dep_context=requeueable deps ti=<TaskInstance: fetch_spread_values.fetch_and_compute_spread_usd_mxn scheduled__2024-07-14T06:22:00+00:00 [queued]>
[2024-07-14T09:02:34.813+0000] {taskinstance.py:2306} INFO - Starting attempt 1 of 2
[2024-07-14T09:02:34.824+0000] {taskinstance.py:2330} INFO - Executing <Task(PythonOperator): fetch_and_compute_spread_usd_mxn> on 2024-07-14 06:22:00+00:00
[2024-07-14T09:02:34.829+0000] {warnings.py:112} WARNING - /home/***/.local/lib/python3.12/site-packages/***/task/task_runner/standard_task_runner.py:61: DeprecationWarning: This process (pid=2467) is multi-threaded, use of fork() may lead to deadlocks in the child.
  pid = os.fork()

[2024-07-14T09:02:34.830+0000] {standard_task_runner.py:63} INFO - Started process 2484 to run task
[2024-07-14T09:02:34.831+0000] {standard_task_runner.py:90} INFO - Running: ['***', 'tasks', 'run', 'fetch_spread_values', 'fetch_and_compute_spread_usd_mxn', 'scheduled__2024-07-14T06:22:00+00:00', '--job-id', '793', '--raw', '--subdir', 'DAGS_FOLDER/***.py', '--cfg-path', '/tmp/tmpqpej9d8p']
[2024-07-14T09:02:34.834+0000] {standard_task_runner.py:91} INFO - Job 793: Subtask fetch_and_compute_spread_usd_mxn
[2024-07-14T09:02:34.869+0000] {task_command.py:426} INFO - Running <TaskInstance: fetch_spread_values.fetch_and_compute_spread_usd_mxn scheduled__2024-07-14T06:22:00+00:00 [running]> on host d537c34a4880
[2024-07-14T09:02:34.939+0000] {taskinstance.py:2648} INFO - Exporting env vars: AIRFLOW_CTX_DAG_OWNER='***' AIRFLOW_CTX_DAG_ID='fetch_spread_values' AIRFLOW_CTX_TASK_ID='fetch_and_compute_spread_usd_mxn' AIRFLOW_CTX_EXECUTION_DATE='2024-07-14T06:22:00+00:00' AIRFLOW_CTX_TRY_NUMBER='1' AIRFLOW_CTX_DAG_RUN_ID='scheduled__2024-07-14T06:22:00+00:00'
[2024-07-14T09:02:34.940+0000] {taskinstance.py:430} INFO - ::endgroup::
[2024-07-14T09:02:35.107+0000] {python.py:237} INFO - Done. Returned value was: None
[2024-07-14T09:02:35.108+0000] {taskinstance.py:441} INFO - ::group::Post task execution logs
[2024-07-14T09:02:35.114+0000] {taskinstance.py:1206} INFO - Marking task as SUCCESS. dag_id=fetch_spread_values, task_id=fetch_and_compute_spread_usd_mxn, run_id=scheduled__2024-07-14T06:22:00+00:00, execution_date=20240714T062200, start_date=20240714T090234, end_date=20240714T090235
[2024-07-14T09:02:35.134+0000] {local_task_job_runner.py:240} INFO - Task exited with return code 0
[2024-07-14T09:02:35.139+0000] {local_task_job_runner.py:222} INFO - ::endgroup::
[2024-07-14T20:34:56.011+0000] {local_task_job_runner.py:120} INFO - ::group::Pre task execution logs
[2024-07-14T20:34:56.029+0000] {taskinstance.py:2076} INFO - Dependencies all met for dep_context=non-requeueable deps ti=<TaskInstance: fetch_spread_values.fetch_and_compute_spread_usd_mxn scheduled__2024-07-14T06:22:00+00:00 [queued]>
[2024-07-14T20:34:56.033+0000] {taskinstance.py:2076} INFO - Dependencies all met for dep_context=requeueable deps ti=<TaskInstance: fetch_spread_values.fetch_and_compute_spread_usd_mxn scheduled__2024-07-14T06:22:00+00:00 [queued]>
[2024-07-14T20:34:56.034+0000] {taskinstance.py:2306} INFO - Starting attempt 1 of 2
[2024-07-14T20:34:56.040+0000] {taskinstance.py:2330} INFO - Executing <Task(PythonOperator): fetch_and_compute_spread_usd_mxn> on 2024-07-14 06:22:00+00:00
[2024-07-14T20:34:56.044+0000] {logging_mixin.py:188} WARNING - /home/***/.local/lib/python3.12/site-packages/***/task/task_runner/standard_task_runner.py:61 DeprecationWarning: This process (pid=1826) is multi-threaded, use of fork() may lead to deadlocks in the child.
[2024-07-14T20:34:56.045+0000] {standard_task_runner.py:63} INFO - Started process 1830 to run task
[2024-07-14T20:34:56.048+0000] {standard_task_runner.py:90} INFO - Running: ['***', 'tasks', 'run', 'fetch_spread_values', 'fetch_and_compute_spread_usd_mxn', 'scheduled__2024-07-14T06:22:00+00:00', '--job-id', '810', '--raw', '--subdir', 'DAGS_FOLDER/***.py', '--cfg-path', '/tmp/tmpd4mgpj9o']
[2024-07-14T20:34:56.049+0000] {standard_task_runner.py:91} INFO - Job 810: Subtask fetch_and_compute_spread_usd_mxn
[2024-07-14T20:34:56.075+0000] {task_command.py:426} INFO - Running <TaskInstance: fetch_spread_values.fetch_and_compute_spread_usd_mxn scheduled__2024-07-14T06:22:00+00:00 [running]> on host 77caf7e4b282
[2024-07-14T20:34:56.125+0000] {taskinstance.py:2648} INFO - Exporting env vars: AIRFLOW_CTX_DAG_OWNER='***' AIRFLOW_CTX_DAG_ID='fetch_spread_values' AIRFLOW_CTX_TASK_ID='fetch_and_compute_spread_usd_mxn' AIRFLOW_CTX_EXECUTION_DATE='2024-07-14T06:22:00+00:00' AIRFLOW_CTX_TRY_NUMBER='1' AIRFLOW_CTX_DAG_RUN_ID='scheduled__2024-07-14T06:22:00+00:00'
[2024-07-14T20:34:56.126+0000] {taskinstance.py:430} INFO - ::endgroup::
[2024-07-14T20:34:56.312+0000] {python.py:237} INFO - Done. Returned value was: None
[2024-07-14T20:34:56.313+0000] {taskinstance.py:441} INFO - ::group::Post task execution logs
[2024-07-14T20:34:56.328+0000] {taskinstance.py:1206} INFO - Marking task as SUCCESS. dag_id=fetch_spread_values, task_id=fetch_and_compute_spread_usd_mxn, run_id=scheduled__2024-07-14T06:22:00+00:00, execution_date=20240714T062200, start_date=20240714T203456, end_date=20240714T203456
[2024-07-14T20:34:56.393+0000] {local_task_job_runner.py:240} INFO - Task exited with return code 0
[2024-07-14T20:34:56.414+0000] {local_task_job_runner.py:222} INFO - ::endgroup::
