[2024-07-14T09:02:30.999+0000] {local_task_job_runner.py:120} INFO - ::group::Pre task execution logs
[2024-07-14T09:02:31.066+0000] {taskinstance.py:2076} INFO - Dependencies all met for dep_context=non-requeueable deps ti=<TaskInstance: fetch_spread_values.fetch_and_compute_spread_usd_mxn scheduled__2024-07-14T06:17:00+00:00 [queued]>
[2024-07-14T09:02:31.105+0000] {taskinstance.py:2076} INFO - Dependencies all met for dep_context=requeueable deps ti=<TaskInstance: fetch_spread_values.fetch_and_compute_spread_usd_mxn scheduled__2024-07-14T06:17:00+00:00 [queued]>
[2024-07-14T09:02:31.113+0000] {taskinstance.py:2306} INFO - Starting attempt 1 of 2
[2024-07-14T09:02:31.163+0000] {taskinstance.py:2330} INFO - Executing <Task(PythonOperator): fetch_and_compute_spread_usd_mxn> on 2024-07-14 06:17:00+00:00
[2024-07-14T09:02:31.175+0000] {warnings.py:112} WARNING - /home/***/.local/lib/python3.12/site-packages/***/task/task_runner/standard_task_runner.py:61: DeprecationWarning: This process (pid=2436) is multi-threaded, use of fork() may lead to deadlocks in the child.
  pid = os.fork()

[2024-07-14T09:02:31.188+0000] {standard_task_runner.py:63} INFO - Started process 2462 to run task
[2024-07-14T09:02:31.187+0000] {standard_task_runner.py:90} INFO - Running: ['***', 'tasks', 'run', 'fetch_spread_values', 'fetch_and_compute_spread_usd_mxn', 'scheduled__2024-07-14T06:17:00+00:00', '--job-id', '781', '--raw', '--subdir', 'DAGS_FOLDER/***.py', '--cfg-path', '/tmp/tmplv9xqrtv']
[2024-07-14T09:02:31.196+0000] {standard_task_runner.py:91} INFO - Job 781: Subtask fetch_and_compute_spread_usd_mxn
[2024-07-14T09:02:31.386+0000] {task_command.py:426} INFO - Running <TaskInstance: fetch_spread_values.fetch_and_compute_spread_usd_mxn scheduled__2024-07-14T06:17:00+00:00 [running]> on host d537c34a4880
[2024-07-14T09:02:32.142+0000] {taskinstance.py:2648} INFO - Exporting env vars: AIRFLOW_CTX_DAG_OWNER='***' AIRFLOW_CTX_DAG_ID='fetch_spread_values' AIRFLOW_CTX_TASK_ID='fetch_and_compute_spread_usd_mxn' AIRFLOW_CTX_EXECUTION_DATE='2024-07-14T06:17:00+00:00' AIRFLOW_CTX_TRY_NUMBER='1' AIRFLOW_CTX_DAG_RUN_ID='scheduled__2024-07-14T06:17:00+00:00'
[2024-07-14T09:02:32.161+0000] {taskinstance.py:430} INFO - ::endgroup::
[2024-07-14T09:02:32.486+0000] {python.py:237} INFO - Done. Returned value was: None
[2024-07-14T09:02:32.497+0000] {taskinstance.py:441} INFO - ::group::Post task execution logs
[2024-07-14T09:02:32.523+0000] {taskinstance.py:1206} INFO - Marking task as SUCCESS. dag_id=fetch_spread_values, task_id=fetch_and_compute_spread_usd_mxn, run_id=scheduled__2024-07-14T06:17:00+00:00, execution_date=20240714T061700, start_date=20240714T090231, end_date=20240714T090232
[2024-07-14T09:02:32.624+0000] {local_task_job_runner.py:240} INFO - Task exited with return code 0
[2024-07-14T09:02:32.704+0000] {taskinstance.py:3503} INFO - 0 downstream tasks scheduled from follow-on schedule check
[2024-07-14T09:02:32.728+0000] {local_task_job_runner.py:222} INFO - ::endgroup::
[2024-07-14T20:34:50.951+0000] {local_task_job_runner.py:120} INFO - ::group::Pre task execution logs
[2024-07-14T20:34:50.969+0000] {taskinstance.py:2076} INFO - Dependencies all met for dep_context=non-requeueable deps ti=<TaskInstance: fetch_spread_values.fetch_and_compute_spread_usd_mxn scheduled__2024-07-14T06:17:00+00:00 [queued]>
[2024-07-14T20:34:50.973+0000] {taskinstance.py:2076} INFO - Dependencies all met for dep_context=requeueable deps ti=<TaskInstance: fetch_spread_values.fetch_and_compute_spread_usd_mxn scheduled__2024-07-14T06:17:00+00:00 [queued]>
[2024-07-14T20:34:50.974+0000] {taskinstance.py:2306} INFO - Starting attempt 1 of 2
[2024-07-14T20:34:50.980+0000] {taskinstance.py:2330} INFO - Executing <Task(PythonOperator): fetch_and_compute_spread_usd_mxn> on 2024-07-14 06:17:00+00:00
[2024-07-14T20:34:50.984+0000] {logging_mixin.py:188} WARNING - /home/***/.local/lib/python3.12/site-packages/***/task/task_runner/standard_task_runner.py:61 DeprecationWarning: This process (pid=1797) is multi-threaded, use of fork() may lead to deadlocks in the child.
[2024-07-14T20:34:50.984+0000] {standard_task_runner.py:90} INFO - Running: ['***', 'tasks', 'run', 'fetch_spread_values', 'fetch_and_compute_spread_usd_mxn', 'scheduled__2024-07-14T06:17:00+00:00', '--job-id', '794', '--raw', '--subdir', 'DAGS_FOLDER/***.py', '--cfg-path', '/tmp/tmpvwt52z9n']
[2024-07-14T20:34:50.985+0000] {standard_task_runner.py:63} INFO - Started process 1798 to run task
[2024-07-14T20:34:50.985+0000] {standard_task_runner.py:91} INFO - Job 794: Subtask fetch_and_compute_spread_usd_mxn
[2024-07-14T20:34:51.013+0000] {task_command.py:426} INFO - Running <TaskInstance: fetch_spread_values.fetch_and_compute_spread_usd_mxn scheduled__2024-07-14T06:17:00+00:00 [running]> on host 77caf7e4b282
[2024-07-14T20:34:51.062+0000] {taskinstance.py:2648} INFO - Exporting env vars: AIRFLOW_CTX_DAG_OWNER='***' AIRFLOW_CTX_DAG_ID='fetch_spread_values' AIRFLOW_CTX_TASK_ID='fetch_and_compute_spread_usd_mxn' AIRFLOW_CTX_EXECUTION_DATE='2024-07-14T06:17:00+00:00' AIRFLOW_CTX_TRY_NUMBER='1' AIRFLOW_CTX_DAG_RUN_ID='scheduled__2024-07-14T06:17:00+00:00'
[2024-07-14T20:34:51.062+0000] {taskinstance.py:430} INFO - ::endgroup::
[2024-07-14T20:34:51.270+0000] {python.py:237} INFO - Done. Returned value was: None
[2024-07-14T20:34:51.270+0000] {taskinstance.py:441} INFO - ::group::Post task execution logs
[2024-07-14T20:34:51.276+0000] {taskinstance.py:1206} INFO - Marking task as SUCCESS. dag_id=fetch_spread_values, task_id=fetch_and_compute_spread_usd_mxn, run_id=scheduled__2024-07-14T06:17:00+00:00, execution_date=20240714T061700, start_date=20240714T203450, end_date=20240714T203451
[2024-07-14T20:34:51.295+0000] {local_task_job_runner.py:240} INFO - Task exited with return code 0
[2024-07-14T20:34:51.305+0000] {taskinstance.py:3503} INFO - 0 downstream tasks scheduled from follow-on schedule check
[2024-07-14T20:34:51.306+0000] {local_task_job_runner.py:222} INFO - ::endgroup::
