[2024-07-14T09:01:04.018+0000] {local_task_job_runner.py:120} INFO - ::group::Pre task execution logs
[2024-07-14T09:01:04.045+0000] {taskinstance.py:2076} INFO - Dependencies all met for dep_context=non-requeueable deps ti=<TaskInstance: fetch_spread_values.fetch_and_compute_spread_usd_mxn scheduled__2024-07-14T04:34:00+00:00 [queued]>
[2024-07-14T09:01:04.055+0000] {taskinstance.py:2076} INFO - Dependencies all met for dep_context=requeueable deps ti=<TaskInstance: fetch_spread_values.fetch_and_compute_spread_usd_mxn scheduled__2024-07-14T04:34:00+00:00 [queued]>
[2024-07-14T09:01:04.060+0000] {taskinstance.py:2306} INFO - Starting attempt 1 of 2
[2024-07-14T09:01:04.103+0000] {taskinstance.py:2330} INFO - Executing <Task(PythonOperator): fetch_and_compute_spread_usd_mxn> on 2024-07-14 04:34:00+00:00
[2024-07-14T09:01:04.141+0000] {warnings.py:112} WARNING - /home/***/.local/lib/python3.12/site-packages/***/task/task_runner/standard_task_runner.py:61: DeprecationWarning: This process (pid=1807) is multi-threaded, use of fork() may lead to deadlocks in the child.
  pid = os.fork()

[2024-07-14T09:01:04.162+0000] {standard_task_runner.py:63} INFO - Started process 1837 to run task
[2024-07-14T09:01:04.157+0000] {standard_task_runner.py:90} INFO - Running: ['***', 'tasks', 'run', 'fetch_spread_values', 'fetch_and_compute_spread_usd_mxn', 'scheduled__2024-07-14T04:34:00+00:00', '--job-id', '578', '--raw', '--subdir', 'DAGS_FOLDER/***.py', '--cfg-path', '/tmp/tmptnaxjwo5']
[2024-07-14T09:01:04.240+0000] {standard_task_runner.py:91} INFO - Job 578: Subtask fetch_and_compute_spread_usd_mxn
[2024-07-14T09:01:04.464+0000] {task_command.py:426} INFO - Running <TaskInstance: fetch_spread_values.fetch_and_compute_spread_usd_mxn scheduled__2024-07-14T04:34:00+00:00 [running]> on host d537c34a4880
[2024-07-14T09:01:04.595+0000] {taskinstance.py:2648} INFO - Exporting env vars: AIRFLOW_CTX_DAG_OWNER='***' AIRFLOW_CTX_DAG_ID='fetch_spread_values' AIRFLOW_CTX_TASK_ID='fetch_and_compute_spread_usd_mxn' AIRFLOW_CTX_EXECUTION_DATE='2024-07-14T04:34:00+00:00' AIRFLOW_CTX_TRY_NUMBER='1' AIRFLOW_CTX_DAG_RUN_ID='scheduled__2024-07-14T04:34:00+00:00'
[2024-07-14T09:01:04.606+0000] {taskinstance.py:430} INFO - ::endgroup::
[2024-07-14T09:01:04.843+0000] {python.py:237} INFO - Done. Returned value was: None
[2024-07-14T09:01:04.857+0000] {taskinstance.py:441} INFO - ::group::Post task execution logs
[2024-07-14T09:01:04.881+0000] {taskinstance.py:1206} INFO - Marking task as SUCCESS. dag_id=fetch_spread_values, task_id=fetch_and_compute_spread_usd_mxn, run_id=scheduled__2024-07-14T04:34:00+00:00, execution_date=20240714T043400, start_date=20240714T090104, end_date=20240714T090104
[2024-07-14T09:01:04.935+0000] {local_task_job_runner.py:240} INFO - Task exited with return code 0
[2024-07-14T09:01:04.979+0000] {taskinstance.py:3503} INFO - 0 downstream tasks scheduled from follow-on schedule check
[2024-07-14T09:01:04.987+0000] {local_task_job_runner.py:222} INFO - ::endgroup::
[2024-07-14T20:34:05.142+0000] {local_task_job_runner.py:120} INFO - ::group::Pre task execution logs
[2024-07-14T20:34:05.163+0000] {taskinstance.py:2076} INFO - Dependencies all met for dep_context=non-requeueable deps ti=<TaskInstance: fetch_spread_values.fetch_and_compute_spread_usd_mxn scheduled__2024-07-14T04:34:00+00:00 [queued]>
[2024-07-14T20:34:05.168+0000] {taskinstance.py:2076} INFO - Dependencies all met for dep_context=requeueable deps ti=<TaskInstance: fetch_spread_values.fetch_and_compute_spread_usd_mxn scheduled__2024-07-14T04:34:00+00:00 [queued]>
[2024-07-14T20:34:05.170+0000] {taskinstance.py:2306} INFO - Starting attempt 1 of 2
[2024-07-14T20:34:05.177+0000] {taskinstance.py:2330} INFO - Executing <Task(PythonOperator): fetch_and_compute_spread_usd_mxn> on 2024-07-14 04:34:00+00:00
[2024-07-14T20:34:05.182+0000] {logging_mixin.py:188} WARNING - /home/***/.local/lib/python3.12/site-packages/***/task/task_runner/standard_task_runner.py:61 DeprecationWarning: This process (pid=1304) is multi-threaded, use of fork() may lead to deadlocks in the child.
[2024-07-14T20:34:05.186+0000] {standard_task_runner.py:63} INFO - Started process 1309 to run task
[2024-07-14T20:34:05.183+0000] {standard_task_runner.py:90} INFO - Running: ['***', 'tasks', 'run', 'fetch_spread_values', 'fetch_and_compute_spread_usd_mxn', 'scheduled__2024-07-14T04:34:00+00:00', '--job-id', '553', '--raw', '--subdir', 'DAGS_FOLDER/***.py', '--cfg-path', '/tmp/tmpoqqf2qhf']
[2024-07-14T20:34:05.194+0000] {standard_task_runner.py:91} INFO - Job 553: Subtask fetch_and_compute_spread_usd_mxn
[2024-07-14T20:34:05.238+0000] {task_command.py:426} INFO - Running <TaskInstance: fetch_spread_values.fetch_and_compute_spread_usd_mxn scheduled__2024-07-14T04:34:00+00:00 [running]> on host 77caf7e4b282
[2024-07-14T20:34:05.342+0000] {taskinstance.py:2648} INFO - Exporting env vars: AIRFLOW_CTX_DAG_OWNER='***' AIRFLOW_CTX_DAG_ID='fetch_spread_values' AIRFLOW_CTX_TASK_ID='fetch_and_compute_spread_usd_mxn' AIRFLOW_CTX_EXECUTION_DATE='2024-07-14T04:34:00+00:00' AIRFLOW_CTX_TRY_NUMBER='1' AIRFLOW_CTX_DAG_RUN_ID='scheduled__2024-07-14T04:34:00+00:00'
[2024-07-14T20:34:05.344+0000] {taskinstance.py:430} INFO - ::endgroup::
[2024-07-14T20:34:05.586+0000] {python.py:237} INFO - Done. Returned value was: None
[2024-07-14T20:34:05.592+0000] {taskinstance.py:441} INFO - ::group::Post task execution logs
[2024-07-14T20:34:05.614+0000] {taskinstance.py:1206} INFO - Marking task as SUCCESS. dag_id=fetch_spread_values, task_id=fetch_and_compute_spread_usd_mxn, run_id=scheduled__2024-07-14T04:34:00+00:00, execution_date=20240714T043400, start_date=20240714T203405, end_date=20240714T203405
[2024-07-14T20:34:05.746+0000] {local_task_job_runner.py:240} INFO - Task exited with return code 0
[2024-07-14T20:34:05.759+0000] {taskinstance.py:3503} INFO - 0 downstream tasks scheduled from follow-on schedule check
[2024-07-14T20:34:05.762+0000] {local_task_job_runner.py:222} INFO - ::endgroup::
