[2024-07-14T09:00:34.227+0000] {local_task_job_runner.py:120} INFO - ::group::Pre task execution logs
[2024-07-14T09:00:34.303+0000] {taskinstance.py:2076} INFO - Dependencies all met for dep_context=non-requeueable deps ti=<TaskInstance: fetch_spread_values.fetch_and_compute_spread_btc_mxn scheduled__2024-07-14T03:56:00+00:00 [queued]>
[2024-07-14T09:00:34.312+0000] {taskinstance.py:2076} INFO - Dependencies all met for dep_context=requeueable deps ti=<TaskInstance: fetch_spread_values.fetch_and_compute_spread_btc_mxn scheduled__2024-07-14T03:56:00+00:00 [queued]>
[2024-07-14T09:00:34.313+0000] {taskinstance.py:2306} INFO - Starting attempt 1 of 2
[2024-07-14T09:00:34.364+0000] {taskinstance.py:2330} INFO - Executing <Task(PythonOperator): fetch_and_compute_spread_btc_mxn> on 2024-07-14 03:56:00+00:00
[2024-07-14T09:00:34.412+0000] {warnings.py:112} WARNING - /home/***/.local/lib/python3.12/site-packages/***/task/task_runner/standard_task_runner.py:61: DeprecationWarning: This process (pid=1574) is multi-threaded, use of fork() may lead to deadlocks in the child.
  pid = os.fork()

[2024-07-14T09:00:34.416+0000] {standard_task_runner.py:63} INFO - Started process 1609 to run task
[2024-07-14T09:00:34.422+0000] {standard_task_runner.py:90} INFO - Running: ['***', 'tasks', 'run', 'fetch_spread_values', 'fetch_and_compute_spread_btc_mxn', 'scheduled__2024-07-14T03:56:00+00:00', '--job-id', '503', '--raw', '--subdir', 'DAGS_FOLDER/***.py', '--cfg-path', '/tmp/tmp9iwth__7']
[2024-07-14T09:00:34.458+0000] {standard_task_runner.py:91} INFO - Job 503: Subtask fetch_and_compute_spread_btc_mxn
[2024-07-14T09:00:34.648+0000] {task_command.py:426} INFO - Running <TaskInstance: fetch_spread_values.fetch_and_compute_spread_btc_mxn scheduled__2024-07-14T03:56:00+00:00 [running]> on host d537c34a4880
[2024-07-14T09:00:35.074+0000] {taskinstance.py:2648} INFO - Exporting env vars: AIRFLOW_CTX_DAG_OWNER='***' AIRFLOW_CTX_DAG_ID='fetch_spread_values' AIRFLOW_CTX_TASK_ID='fetch_and_compute_spread_btc_mxn' AIRFLOW_CTX_EXECUTION_DATE='2024-07-14T03:56:00+00:00' AIRFLOW_CTX_TRY_NUMBER='1' AIRFLOW_CTX_DAG_RUN_ID='scheduled__2024-07-14T03:56:00+00:00'
[2024-07-14T09:00:35.080+0000] {taskinstance.py:430} INFO - ::endgroup::
[2024-07-14T09:00:35.293+0000] {python.py:237} INFO - Done. Returned value was: None
[2024-07-14T09:00:35.294+0000] {taskinstance.py:441} INFO - ::group::Post task execution logs
[2024-07-14T09:00:35.320+0000] {taskinstance.py:1206} INFO - Marking task as SUCCESS. dag_id=fetch_spread_values, task_id=fetch_and_compute_spread_btc_mxn, run_id=scheduled__2024-07-14T03:56:00+00:00, execution_date=20240714T035600, start_date=20240714T090034, end_date=20240714T090035
[2024-07-14T09:00:35.365+0000] {local_task_job_runner.py:240} INFO - Task exited with return code 0
[2024-07-14T09:00:35.396+0000] {taskinstance.py:3503} INFO - 0 downstream tasks scheduled from follow-on schedule check
[2024-07-14T09:00:35.425+0000] {local_task_job_runner.py:222} INFO - ::endgroup::
[2024-07-14T20:33:49.067+0000] {local_task_job_runner.py:120} INFO - ::group::Pre task execution logs
[2024-07-14T20:33:49.119+0000] {taskinstance.py:2076} INFO - Dependencies all met for dep_context=non-requeueable deps ti=<TaskInstance: fetch_spread_values.fetch_and_compute_spread_btc_mxn scheduled__2024-07-14T03:56:00+00:00 [queued]>
[2024-07-14T20:33:49.135+0000] {taskinstance.py:2076} INFO - Dependencies all met for dep_context=requeueable deps ti=<TaskInstance: fetch_spread_values.fetch_and_compute_spread_btc_mxn scheduled__2024-07-14T03:56:00+00:00 [queued]>
[2024-07-14T20:33:49.137+0000] {taskinstance.py:2306} INFO - Starting attempt 1 of 2
[2024-07-14T20:33:49.166+0000] {taskinstance.py:2330} INFO - Executing <Task(PythonOperator): fetch_and_compute_spread_btc_mxn> on 2024-07-14 03:56:00+00:00
[2024-07-14T20:33:49.178+0000] {standard_task_runner.py:90} INFO - Running: ['***', 'tasks', 'run', 'fetch_spread_values', 'fetch_and_compute_spread_btc_mxn', 'scheduled__2024-07-14T03:56:00+00:00', '--job-id', '477', '--raw', '--subdir', 'DAGS_FOLDER/***.py', '--cfg-path', '/tmp/tmpxmtnyj38']
[2024-07-14T20:33:49.180+0000] {logging_mixin.py:188} WARNING - /home/***/.local/lib/python3.12/site-packages/***/task/task_runner/standard_task_runner.py:61 DeprecationWarning: This process (pid=1147) is multi-threaded, use of fork() may lead to deadlocks in the child.
[2024-07-14T20:33:49.181+0000] {standard_task_runner.py:91} INFO - Job 477: Subtask fetch_and_compute_spread_btc_mxn
[2024-07-14T20:33:49.181+0000] {standard_task_runner.py:63} INFO - Started process 1160 to run task
[2024-07-14T20:33:49.242+0000] {task_command.py:426} INFO - Running <TaskInstance: fetch_spread_values.fetch_and_compute_spread_btc_mxn scheduled__2024-07-14T03:56:00+00:00 [running]> on host 77caf7e4b282
[2024-07-14T20:33:49.366+0000] {taskinstance.py:2648} INFO - Exporting env vars: AIRFLOW_CTX_DAG_OWNER='***' AIRFLOW_CTX_DAG_ID='fetch_spread_values' AIRFLOW_CTX_TASK_ID='fetch_and_compute_spread_btc_mxn' AIRFLOW_CTX_EXECUTION_DATE='2024-07-14T03:56:00+00:00' AIRFLOW_CTX_TRY_NUMBER='1' AIRFLOW_CTX_DAG_RUN_ID='scheduled__2024-07-14T03:56:00+00:00'
[2024-07-14T20:33:49.374+0000] {taskinstance.py:430} INFO - ::endgroup::
[2024-07-14T20:33:49.588+0000] {python.py:237} INFO - Done. Returned value was: None
[2024-07-14T20:33:49.591+0000] {taskinstance.py:441} INFO - ::group::Post task execution logs
[2024-07-14T20:33:49.605+0000] {taskinstance.py:1206} INFO - Marking task as SUCCESS. dag_id=fetch_spread_values, task_id=fetch_and_compute_spread_btc_mxn, run_id=scheduled__2024-07-14T03:56:00+00:00, execution_date=20240714T035600, start_date=20240714T203349, end_date=20240714T203349
[2024-07-14T20:33:49.662+0000] {local_task_job_runner.py:240} INFO - Task exited with return code 0
[2024-07-14T20:33:49.677+0000] {taskinstance.py:3503} INFO - 0 downstream tasks scheduled from follow-on schedule check
[2024-07-14T20:33:49.681+0000] {local_task_job_runner.py:222} INFO - ::endgroup::
