[2024-07-14T09:25:01.014+0000] {local_task_job_runner.py:120} INFO - ::group::Pre task execution logs
[2024-07-14T09:25:01.026+0000] {taskinstance.py:2076} INFO - Dependencies all met for dep_context=non-requeueable deps ti=<TaskInstance: fetch_spread_values.fetch_and_compute_spread_usd_mxn scheduled__2024-07-14T09:24:00+00:00 [queued]>
[2024-07-14T09:25:01.030+0000] {taskinstance.py:2076} INFO - Dependencies all met for dep_context=requeueable deps ti=<TaskInstance: fetch_spread_values.fetch_and_compute_spread_usd_mxn scheduled__2024-07-14T09:24:00+00:00 [queued]>
[2024-07-14T09:25:01.030+0000] {taskinstance.py:2306} INFO - Starting attempt 1 of 2
[2024-07-14T09:25:01.037+0000] {taskinstance.py:2330} INFO - Executing <Task(PythonOperator): fetch_and_compute_spread_usd_mxn> on 2024-07-14 09:24:00+00:00
[2024-07-14T09:25:01.041+0000] {warnings.py:112} WARNING - /home/***/.local/lib/python3.12/site-packages/***/task/task_runner/standard_task_runner.py:61: DeprecationWarning: This process (pid=4041) is multi-threaded, use of fork() may lead to deadlocks in the child.
  pid = os.fork()

[2024-07-14T09:25:01.043+0000] {standard_task_runner.py:63} INFO - Started process 4046 to run task
[2024-07-14T09:25:01.045+0000] {standard_task_runner.py:90} INFO - Running: ['***', 'tasks', 'run', 'fetch_spread_values', 'fetch_and_compute_spread_usd_mxn', 'scheduled__2024-07-14T09:24:00+00:00', '--job-id', '1215', '--raw', '--subdir', 'DAGS_FOLDER/***.py', '--cfg-path', '/tmp/tmpq58vgldz']
[2024-07-14T09:25:01.049+0000] {standard_task_runner.py:91} INFO - Job 1215: Subtask fetch_and_compute_spread_usd_mxn
[2024-07-14T09:25:01.098+0000] {task_command.py:426} INFO - Running <TaskInstance: fetch_spread_values.fetch_and_compute_spread_usd_mxn scheduled__2024-07-14T09:24:00+00:00 [running]> on host d537c34a4880
[2024-07-14T09:25:01.148+0000] {taskinstance.py:2648} INFO - Exporting env vars: AIRFLOW_CTX_DAG_OWNER='***' AIRFLOW_CTX_DAG_ID='fetch_spread_values' AIRFLOW_CTX_TASK_ID='fetch_and_compute_spread_usd_mxn' AIRFLOW_CTX_EXECUTION_DATE='2024-07-14T09:24:00+00:00' AIRFLOW_CTX_TRY_NUMBER='1' AIRFLOW_CTX_DAG_RUN_ID='scheduled__2024-07-14T09:24:00+00:00'
[2024-07-14T09:25:01.150+0000] {taskinstance.py:430} INFO - ::endgroup::
[2024-07-14T09:25:01.470+0000] {python.py:237} INFO - Done. Returned value was: None
[2024-07-14T09:25:01.471+0000] {taskinstance.py:441} INFO - ::group::Post task execution logs
[2024-07-14T09:25:01.479+0000] {taskinstance.py:1206} INFO - Marking task as SUCCESS. dag_id=fetch_spread_values, task_id=fetch_and_compute_spread_usd_mxn, run_id=scheduled__2024-07-14T09:24:00+00:00, execution_date=20240714T092400, start_date=20240714T092501, end_date=20240714T092501
[2024-07-14T09:25:01.520+0000] {local_task_job_runner.py:240} INFO - Task exited with return code 0
[2024-07-14T09:25:01.532+0000] {taskinstance.py:3503} INFO - 0 downstream tasks scheduled from follow-on schedule check
[2024-07-14T09:25:01.533+0000] {local_task_job_runner.py:222} INFO - ::endgroup::
[2024-07-14T20:36:27.262+0000] {local_task_job_runner.py:120} INFO - ::group::Pre task execution logs
[2024-07-14T20:36:27.301+0000] {taskinstance.py:2076} INFO - Dependencies all met for dep_context=non-requeueable deps ti=<TaskInstance: fetch_spread_values.fetch_and_compute_spread_usd_mxn scheduled__2024-07-14T09:24:00+00:00 [queued]>
[2024-07-14T20:36:27.311+0000] {taskinstance.py:2076} INFO - Dependencies all met for dep_context=requeueable deps ti=<TaskInstance: fetch_spread_values.fetch_and_compute_spread_usd_mxn scheduled__2024-07-14T09:24:00+00:00 [queued]>
[2024-07-14T20:36:27.313+0000] {taskinstance.py:2306} INFO - Starting attempt 1 of 2
[2024-07-14T20:36:27.338+0000] {taskinstance.py:2330} INFO - Executing <Task(PythonOperator): fetch_and_compute_spread_usd_mxn> on 2024-07-14 09:24:00+00:00
[2024-07-14T20:36:27.349+0000] {logging_mixin.py:188} WARNING - /home/***/.local/lib/python3.12/site-packages/***/task/task_runner/standard_task_runner.py:61 DeprecationWarning: This process (pid=2731) is multi-threaded, use of fork() may lead to deadlocks in the child.
[2024-07-14T20:36:27.352+0000] {standard_task_runner.py:63} INFO - Started process 2741 to run task
[2024-07-14T20:36:27.348+0000] {standard_task_runner.py:90} INFO - Running: ['***', 'tasks', 'run', 'fetch_spread_values', 'fetch_and_compute_spread_usd_mxn', 'scheduled__2024-07-14T09:24:00+00:00', '--job-id', '1257', '--raw', '--subdir', 'DAGS_FOLDER/***.py', '--cfg-path', '/tmp/tmpu1m70umd']
[2024-07-14T20:36:27.358+0000] {standard_task_runner.py:91} INFO - Job 1257: Subtask fetch_and_compute_spread_usd_mxn
[2024-07-14T20:36:27.416+0000] {task_command.py:426} INFO - Running <TaskInstance: fetch_spread_values.fetch_and_compute_spread_usd_mxn scheduled__2024-07-14T09:24:00+00:00 [running]> on host 77caf7e4b282
[2024-07-14T20:36:27.538+0000] {taskinstance.py:2648} INFO - Exporting env vars: AIRFLOW_CTX_DAG_OWNER='***' AIRFLOW_CTX_DAG_ID='fetch_spread_values' AIRFLOW_CTX_TASK_ID='fetch_and_compute_spread_usd_mxn' AIRFLOW_CTX_EXECUTION_DATE='2024-07-14T09:24:00+00:00' AIRFLOW_CTX_TRY_NUMBER='1' AIRFLOW_CTX_DAG_RUN_ID='scheduled__2024-07-14T09:24:00+00:00'
[2024-07-14T20:36:27.541+0000] {taskinstance.py:430} INFO - ::endgroup::
[2024-07-14T20:36:27.726+0000] {python.py:237} INFO - Done. Returned value was: None
[2024-07-14T20:36:27.728+0000] {taskinstance.py:441} INFO - ::group::Post task execution logs
[2024-07-14T20:36:27.733+0000] {taskinstance.py:1206} INFO - Marking task as SUCCESS. dag_id=fetch_spread_values, task_id=fetch_and_compute_spread_usd_mxn, run_id=scheduled__2024-07-14T09:24:00+00:00, execution_date=20240714T092400, start_date=20240714T203627, end_date=20240714T203627
[2024-07-14T20:36:27.754+0000] {local_task_job_runner.py:240} INFO - Task exited with return code 0
[2024-07-14T20:36:27.767+0000] {taskinstance.py:3503} INFO - 0 downstream tasks scheduled from follow-on schedule check
[2024-07-14T20:36:27.767+0000] {local_task_job_runner.py:222} INFO - ::endgroup::
