[2024-07-14T09:01:57.826+0000] {local_task_job_runner.py:120} INFO - ::group::Pre task execution logs
[2024-07-14T09:01:57.878+0000] {taskinstance.py:2076} INFO - Dependencies all met for dep_context=non-requeueable deps ti=<TaskInstance: fetch_spread_values.fetch_and_compute_spread_btc_mxn scheduled__2024-07-14T05:39:00+00:00 [queued]>
[2024-07-14T09:01:57.887+0000] {taskinstance.py:2076} INFO - Dependencies all met for dep_context=requeueable deps ti=<TaskInstance: fetch_spread_values.fetch_and_compute_spread_btc_mxn scheduled__2024-07-14T05:39:00+00:00 [queued]>
[2024-07-14T09:01:57.891+0000] {taskinstance.py:2306} INFO - Starting attempt 1 of 2
[2024-07-14T09:01:57.904+0000] {taskinstance.py:2330} INFO - Executing <Task(PythonOperator): fetch_and_compute_spread_btc_mxn> on 2024-07-14 05:39:00+00:00
[2024-07-14T09:01:57.914+0000] {warnings.py:112} WARNING - /home/***/.local/lib/python3.12/site-packages/***/task/task_runner/standard_task_runner.py:61: DeprecationWarning: This process (pid=2198) is multi-threaded, use of fork() may lead to deadlocks in the child.
  pid = os.fork()

[2024-07-14T09:01:57.921+0000] {standard_task_runner.py:63} INFO - Started process 2217 to run task
[2024-07-14T09:01:57.918+0000] {standard_task_runner.py:90} INFO - Running: ['***', 'tasks', 'run', 'fetch_spread_values', 'fetch_and_compute_spread_btc_mxn', 'scheduled__2024-07-14T05:39:00+00:00', '--job-id', '705', '--raw', '--subdir', 'DAGS_FOLDER/***.py', '--cfg-path', '/tmp/tmp7k7d_05g']
[2024-07-14T09:01:57.926+0000] {standard_task_runner.py:91} INFO - Job 705: Subtask fetch_and_compute_spread_btc_mxn
[2024-07-14T09:01:58.011+0000] {task_command.py:426} INFO - Running <TaskInstance: fetch_spread_values.fetch_and_compute_spread_btc_mxn scheduled__2024-07-14T05:39:00+00:00 [running]> on host d537c34a4880
[2024-07-14T09:01:58.125+0000] {taskinstance.py:2648} INFO - Exporting env vars: AIRFLOW_CTX_DAG_OWNER='***' AIRFLOW_CTX_DAG_ID='fetch_spread_values' AIRFLOW_CTX_TASK_ID='fetch_and_compute_spread_btc_mxn' AIRFLOW_CTX_EXECUTION_DATE='2024-07-14T05:39:00+00:00' AIRFLOW_CTX_TRY_NUMBER='1' AIRFLOW_CTX_DAG_RUN_ID='scheduled__2024-07-14T05:39:00+00:00'
[2024-07-14T09:01:58.130+0000] {taskinstance.py:430} INFO - ::endgroup::
[2024-07-14T09:01:58.300+0000] {python.py:237} INFO - Done. Returned value was: None
[2024-07-14T09:01:58.303+0000] {taskinstance.py:441} INFO - ::group::Post task execution logs
[2024-07-14T09:01:58.314+0000] {taskinstance.py:1206} INFO - Marking task as SUCCESS. dag_id=fetch_spread_values, task_id=fetch_and_compute_spread_btc_mxn, run_id=scheduled__2024-07-14T05:39:00+00:00, execution_date=20240714T053900, start_date=20240714T090157, end_date=20240714T090158
[2024-07-14T09:01:58.347+0000] {local_task_job_runner.py:240} INFO - Task exited with return code 0
[2024-07-14T09:01:58.365+0000] {taskinstance.py:3503} INFO - 0 downstream tasks scheduled from follow-on schedule check
[2024-07-14T09:01:58.367+0000] {local_task_job_runner.py:222} INFO - ::endgroup::
[2024-07-14T20:34:32.858+0000] {local_task_job_runner.py:120} INFO - ::group::Pre task execution logs
[2024-07-14T20:34:32.917+0000] {taskinstance.py:2076} INFO - Dependencies all met for dep_context=non-requeueable deps ti=<TaskInstance: fetch_spread_values.fetch_and_compute_spread_btc_mxn scheduled__2024-07-14T05:39:00+00:00 [queued]>
[2024-07-14T20:34:32.922+0000] {taskinstance.py:2076} INFO - Dependencies all met for dep_context=requeueable deps ti=<TaskInstance: fetch_spread_values.fetch_and_compute_spread_btc_mxn scheduled__2024-07-14T05:39:00+00:00 [queued]>
[2024-07-14T20:34:32.924+0000] {taskinstance.py:2306} INFO - Starting attempt 1 of 2
[2024-07-14T20:34:33.018+0000] {taskinstance.py:2330} INFO - Executing <Task(PythonOperator): fetch_and_compute_spread_btc_mxn> on 2024-07-14 05:39:00+00:00
[2024-07-14T20:34:33.040+0000] {logging_mixin.py:188} WARNING - /home/***/.local/lib/python3.12/site-packages/***/task/task_runner/standard_task_runner.py:61 DeprecationWarning: This process (pid=1562) is multi-threaded, use of fork() may lead to deadlocks in the child.
[2024-07-14T20:34:33.041+0000] {standard_task_runner.py:90} INFO - Running: ['***', 'tasks', 'run', 'fetch_spread_values', 'fetch_and_compute_spread_btc_mxn', 'scheduled__2024-07-14T05:39:00+00:00', '--job-id', '683', '--raw', '--subdir', 'DAGS_FOLDER/***.py', '--cfg-path', '/tmp/tmpw9rf128f']
[2024-07-14T20:34:33.049+0000] {standard_task_runner.py:63} INFO - Started process 1574 to run task
[2024-07-14T20:34:33.053+0000] {standard_task_runner.py:91} INFO - Job 683: Subtask fetch_and_compute_spread_btc_mxn
[2024-07-14T20:34:33.155+0000] {task_command.py:426} INFO - Running <TaskInstance: fetch_spread_values.fetch_and_compute_spread_btc_mxn scheduled__2024-07-14T05:39:00+00:00 [running]> on host 77caf7e4b282
[2024-07-14T20:34:33.253+0000] {taskinstance.py:2648} INFO - Exporting env vars: AIRFLOW_CTX_DAG_OWNER='***' AIRFLOW_CTX_DAG_ID='fetch_spread_values' AIRFLOW_CTX_TASK_ID='fetch_and_compute_spread_btc_mxn' AIRFLOW_CTX_EXECUTION_DATE='2024-07-14T05:39:00+00:00' AIRFLOW_CTX_TRY_NUMBER='1' AIRFLOW_CTX_DAG_RUN_ID='scheduled__2024-07-14T05:39:00+00:00'
[2024-07-14T20:34:33.255+0000] {taskinstance.py:430} INFO - ::endgroup::
[2024-07-14T20:34:33.429+0000] {python.py:237} INFO - Done. Returned value was: None
[2024-07-14T20:34:33.432+0000] {taskinstance.py:441} INFO - ::group::Post task execution logs
[2024-07-14T20:34:33.438+0000] {taskinstance.py:1206} INFO - Marking task as SUCCESS. dag_id=fetch_spread_values, task_id=fetch_and_compute_spread_btc_mxn, run_id=scheduled__2024-07-14T05:39:00+00:00, execution_date=20240714T053900, start_date=20240714T203432, end_date=20240714T203433
[2024-07-14T20:34:33.452+0000] {local_task_job_runner.py:240} INFO - Task exited with return code 0
[2024-07-14T20:34:33.461+0000] {taskinstance.py:3503} INFO - 0 downstream tasks scheduled from follow-on schedule check
[2024-07-14T20:34:33.462+0000] {local_task_job_runner.py:222} INFO - ::endgroup::
