[2024-07-14T09:02:20.816+0000] {local_task_job_runner.py:120} INFO - ::group::Pre task execution logs
[2024-07-14T09:02:20.857+0000] {taskinstance.py:2076} INFO - Dependencies all met for dep_context=non-requeueable deps ti=<TaskInstance: fetch_spread_values.fetch_and_compute_spread_usd_mxn scheduled__2024-07-14T06:03:00+00:00 [queued]>
[2024-07-14T09:02:20.894+0000] {taskinstance.py:2076} INFO - Dependencies all met for dep_context=requeueable deps ti=<TaskInstance: fetch_spread_values.fetch_and_compute_spread_usd_mxn scheduled__2024-07-14T06:03:00+00:00 [queued]>
[2024-07-14T09:02:20.905+0000] {taskinstance.py:2306} INFO - Starting attempt 1 of 2
[2024-07-14T09:02:20.968+0000] {taskinstance.py:2330} INFO - Executing <Task(PythonOperator): fetch_and_compute_spread_usd_mxn> on 2024-07-14 06:03:00+00:00
[2024-07-14T09:02:21.012+0000] {standard_task_runner.py:90} INFO - Running: ['***', 'tasks', 'run', 'fetch_spread_values', 'fetch_and_compute_spread_usd_mxn', 'scheduled__2024-07-14T06:03:00+00:00', '--job-id', '755', '--raw', '--subdir', 'DAGS_FOLDER/***.py', '--cfg-path', '/tmp/tmpva5swr1c']
[2024-07-14T09:02:21.026+0000] {standard_task_runner.py:91} INFO - Job 755: Subtask fetch_and_compute_spread_usd_mxn
[2024-07-14T09:02:21.016+0000] {warnings.py:112} WARNING - /home/***/.local/lib/python3.12/site-packages/***/task/task_runner/standard_task_runner.py:61: DeprecationWarning: This process (pid=2358) is multi-threaded, use of fork() may lead to deadlocks in the child.
  pid = os.fork()

[2024-07-14T09:02:21.033+0000] {standard_task_runner.py:63} INFO - Started process 2385 to run task
[2024-07-14T09:02:21.145+0000] {task_command.py:426} INFO - Running <TaskInstance: fetch_spread_values.fetch_and_compute_spread_usd_mxn scheduled__2024-07-14T06:03:00+00:00 [running]> on host d537c34a4880
[2024-07-14T09:02:21.427+0000] {taskinstance.py:2648} INFO - Exporting env vars: AIRFLOW_CTX_DAG_OWNER='***' AIRFLOW_CTX_DAG_ID='fetch_spread_values' AIRFLOW_CTX_TASK_ID='fetch_and_compute_spread_usd_mxn' AIRFLOW_CTX_EXECUTION_DATE='2024-07-14T06:03:00+00:00' AIRFLOW_CTX_TRY_NUMBER='1' AIRFLOW_CTX_DAG_RUN_ID='scheduled__2024-07-14T06:03:00+00:00'
[2024-07-14T09:02:21.436+0000] {taskinstance.py:430} INFO - ::endgroup::
[2024-07-14T09:02:21.758+0000] {python.py:237} INFO - Done. Returned value was: None
[2024-07-14T09:02:21.767+0000] {taskinstance.py:441} INFO - ::group::Post task execution logs
[2024-07-14T09:02:21.797+0000] {taskinstance.py:1206} INFO - Marking task as SUCCESS. dag_id=fetch_spread_values, task_id=fetch_and_compute_spread_usd_mxn, run_id=scheduled__2024-07-14T06:03:00+00:00, execution_date=20240714T060300, start_date=20240714T090220, end_date=20240714T090221
[2024-07-14T09:02:21.872+0000] {local_task_job_runner.py:240} INFO - Task exited with return code 0
[2024-07-14T09:02:21.954+0000] {local_task_job_runner.py:222} INFO - ::endgroup::
[2024-07-14T20:34:43.129+0000] {local_task_job_runner.py:120} INFO - ::group::Pre task execution logs
[2024-07-14T20:34:43.149+0000] {taskinstance.py:2076} INFO - Dependencies all met for dep_context=non-requeueable deps ti=<TaskInstance: fetch_spread_values.fetch_and_compute_spread_usd_mxn scheduled__2024-07-14T06:03:00+00:00 [queued]>
[2024-07-14T20:34:43.154+0000] {taskinstance.py:2076} INFO - Dependencies all met for dep_context=requeueable deps ti=<TaskInstance: fetch_spread_values.fetch_and_compute_spread_usd_mxn scheduled__2024-07-14T06:03:00+00:00 [queued]>
[2024-07-14T20:34:43.154+0000] {taskinstance.py:2306} INFO - Starting attempt 1 of 2
[2024-07-14T20:34:43.162+0000] {taskinstance.py:2330} INFO - Executing <Task(PythonOperator): fetch_and_compute_spread_usd_mxn> on 2024-07-14 06:03:00+00:00
[2024-07-14T20:34:43.167+0000] {logging_mixin.py:188} WARNING - /home/***/.local/lib/python3.12/site-packages/***/task/task_runner/standard_task_runner.py:61 DeprecationWarning: This process (pid=1700) is multi-threaded, use of fork() may lead to deadlocks in the child.
[2024-07-14T20:34:43.168+0000] {standard_task_runner.py:63} INFO - Started process 1702 to run task
[2024-07-14T20:34:43.167+0000] {standard_task_runner.py:90} INFO - Running: ['***', 'tasks', 'run', 'fetch_spread_values', 'fetch_and_compute_spread_usd_mxn', 'scheduled__2024-07-14T06:03:00+00:00', '--job-id', '750', '--raw', '--subdir', 'DAGS_FOLDER/***.py', '--cfg-path', '/tmp/tmph4jzvqta']
[2024-07-14T20:34:43.170+0000] {standard_task_runner.py:91} INFO - Job 750: Subtask fetch_and_compute_spread_usd_mxn
[2024-07-14T20:34:43.235+0000] {task_command.py:426} INFO - Running <TaskInstance: fetch_spread_values.fetch_and_compute_spread_usd_mxn scheduled__2024-07-14T06:03:00+00:00 [running]> on host 77caf7e4b282
[2024-07-14T20:34:43.352+0000] {taskinstance.py:2648} INFO - Exporting env vars: AIRFLOW_CTX_DAG_OWNER='***' AIRFLOW_CTX_DAG_ID='fetch_spread_values' AIRFLOW_CTX_TASK_ID='fetch_and_compute_spread_usd_mxn' AIRFLOW_CTX_EXECUTION_DATE='2024-07-14T06:03:00+00:00' AIRFLOW_CTX_TRY_NUMBER='1' AIRFLOW_CTX_DAG_RUN_ID='scheduled__2024-07-14T06:03:00+00:00'
[2024-07-14T20:34:43.353+0000] {taskinstance.py:430} INFO - ::endgroup::
[2024-07-14T20:34:43.582+0000] {python.py:237} INFO - Done. Returned value was: None
[2024-07-14T20:34:43.583+0000] {taskinstance.py:441} INFO - ::group::Post task execution logs
[2024-07-14T20:34:43.589+0000] {taskinstance.py:1206} INFO - Marking task as SUCCESS. dag_id=fetch_spread_values, task_id=fetch_and_compute_spread_usd_mxn, run_id=scheduled__2024-07-14T06:03:00+00:00, execution_date=20240714T060300, start_date=20240714T203443, end_date=20240714T203443
[2024-07-14T20:34:43.599+0000] {local_task_job_runner.py:240} INFO - Task exited with return code 0
[2024-07-14T20:34:43.609+0000] {taskinstance.py:3503} INFO - 0 downstream tasks scheduled from follow-on schedule check
[2024-07-14T20:34:43.613+0000] {local_task_job_runner.py:222} INFO - ::endgroup::
