[2024-07-14T08:58:53.473+0000] {local_task_job_runner.py:120} INFO - ::group::Pre task execution logs
[2024-07-14T08:58:53.551+0000] {taskinstance.py:2076} INFO - Dependencies all met for dep_context=non-requeueable deps ti=<TaskInstance: fetch_spread_values.fetch_and_compute_spread_btc_mxn scheduled__2024-07-14T02:16:00+00:00 [queued]>
[2024-07-14T08:58:53.601+0000] {taskinstance.py:2076} INFO - Dependencies all met for dep_context=requeueable deps ti=<TaskInstance: fetch_spread_values.fetch_and_compute_spread_btc_mxn scheduled__2024-07-14T02:16:00+00:00 [queued]>
[2024-07-14T08:58:53.602+0000] {taskinstance.py:2306} INFO - Starting attempt 1 of 2
[2024-07-14T08:58:53.643+0000] {taskinstance.py:2330} INFO - Executing <Task(PythonOperator): fetch_and_compute_spread_btc_mxn> on 2024-07-14 02:16:00+00:00
[2024-07-14T08:58:53.657+0000] {warnings.py:112} WARNING - /home/***/.local/lib/python3.12/site-packages/***/task/task_runner/standard_task_runner.py:61: DeprecationWarning: This process (pid=956) is multi-threaded, use of fork() may lead to deadlocks in the child.
  pid = os.fork()

[2024-07-14T08:58:53.671+0000] {standard_task_runner.py:63} INFO - Started process 992 to run task
[2024-07-14T08:58:53.668+0000] {standard_task_runner.py:90} INFO - Running: ['***', 'tasks', 'run', 'fetch_spread_values', 'fetch_and_compute_spread_btc_mxn', 'scheduled__2024-07-14T02:16:00+00:00', '--job-id', '304', '--raw', '--subdir', 'DAGS_FOLDER/***.py', '--cfg-path', '/tmp/tmpbkx4jrq4']
[2024-07-14T08:58:53.702+0000] {standard_task_runner.py:91} INFO - Job 304: Subtask fetch_and_compute_spread_btc_mxn
[2024-07-14T08:58:53.904+0000] {task_command.py:426} INFO - Running <TaskInstance: fetch_spread_values.fetch_and_compute_spread_btc_mxn scheduled__2024-07-14T02:16:00+00:00 [running]> on host d537c34a4880
[2024-07-14T08:58:54.119+0000] {taskinstance.py:2648} INFO - Exporting env vars: AIRFLOW_CTX_DAG_OWNER='***' AIRFLOW_CTX_DAG_ID='fetch_spread_values' AIRFLOW_CTX_TASK_ID='fetch_and_compute_spread_btc_mxn' AIRFLOW_CTX_EXECUTION_DATE='2024-07-14T02:16:00+00:00' AIRFLOW_CTX_TRY_NUMBER='1' AIRFLOW_CTX_DAG_RUN_ID='scheduled__2024-07-14T02:16:00+00:00'
[2024-07-14T08:58:54.121+0000] {taskinstance.py:430} INFO - ::endgroup::
[2024-07-14T08:58:54.450+0000] {python.py:237} INFO - Done. Returned value was: None
[2024-07-14T08:58:54.460+0000] {taskinstance.py:441} INFO - ::group::Post task execution logs
[2024-07-14T08:58:54.477+0000] {taskinstance.py:1206} INFO - Marking task as SUCCESS. dag_id=fetch_spread_values, task_id=fetch_and_compute_spread_btc_mxn, run_id=scheduled__2024-07-14T02:16:00+00:00, execution_date=20240714T021600, start_date=20240714T085853, end_date=20240714T085854
[2024-07-14T08:58:54.567+0000] {local_task_job_runner.py:240} INFO - Task exited with return code 0
[2024-07-14T08:58:54.642+0000] {taskinstance.py:3503} INFO - 0 downstream tasks scheduled from follow-on schedule check
[2024-07-14T08:58:54.647+0000] {local_task_job_runner.py:222} INFO - ::endgroup::
[2024-07-14T20:33:17.506+0000] {local_task_job_runner.py:120} INFO - ::group::Pre task execution logs
[2024-07-14T20:33:17.526+0000] {taskinstance.py:2076} INFO - Dependencies all met for dep_context=non-requeueable deps ti=<TaskInstance: fetch_spread_values.fetch_and_compute_spread_btc_mxn scheduled__2024-07-14T02:16:00+00:00 [queued]>
[2024-07-14T20:33:17.532+0000] {taskinstance.py:2076} INFO - Dependencies all met for dep_context=requeueable deps ti=<TaskInstance: fetch_spread_values.fetch_and_compute_spread_btc_mxn scheduled__2024-07-14T02:16:00+00:00 [queued]>
[2024-07-14T20:33:17.533+0000] {taskinstance.py:2306} INFO - Starting attempt 1 of 2
[2024-07-14T20:33:17.547+0000] {taskinstance.py:2330} INFO - Executing <Task(PythonOperator): fetch_and_compute_spread_btc_mxn> on 2024-07-14 02:16:00+00:00
[2024-07-14T20:33:17.552+0000] {logging_mixin.py:188} WARNING - /home/***/.local/lib/python3.12/site-packages/***/task/task_runner/standard_task_runner.py:61 DeprecationWarning: This process (pid=747) is multi-threaded, use of fork() may lead to deadlocks in the child.
[2024-07-14T20:33:17.554+0000] {standard_task_runner.py:63} INFO - Started process 753 to run task
[2024-07-14T20:33:17.555+0000] {standard_task_runner.py:90} INFO - Running: ['***', 'tasks', 'run', 'fetch_spread_values', 'fetch_and_compute_spread_btc_mxn', 'scheduled__2024-07-14T02:16:00+00:00', '--job-id', '278', '--raw', '--subdir', 'DAGS_FOLDER/***.py', '--cfg-path', '/tmp/tmpd0uvy93t']
[2024-07-14T20:33:17.557+0000] {standard_task_runner.py:91} INFO - Job 278: Subtask fetch_and_compute_spread_btc_mxn
[2024-07-14T20:33:17.602+0000] {task_command.py:426} INFO - Running <TaskInstance: fetch_spread_values.fetch_and_compute_spread_btc_mxn scheduled__2024-07-14T02:16:00+00:00 [running]> on host 77caf7e4b282
[2024-07-14T20:33:17.684+0000] {taskinstance.py:2648} INFO - Exporting env vars: AIRFLOW_CTX_DAG_OWNER='***' AIRFLOW_CTX_DAG_ID='fetch_spread_values' AIRFLOW_CTX_TASK_ID='fetch_and_compute_spread_btc_mxn' AIRFLOW_CTX_EXECUTION_DATE='2024-07-14T02:16:00+00:00' AIRFLOW_CTX_TRY_NUMBER='1' AIRFLOW_CTX_DAG_RUN_ID='scheduled__2024-07-14T02:16:00+00:00'
[2024-07-14T20:33:17.685+0000] {taskinstance.py:430} INFO - ::endgroup::
[2024-07-14T20:33:17.918+0000] {python.py:237} INFO - Done. Returned value was: None
[2024-07-14T20:33:17.920+0000] {taskinstance.py:441} INFO - ::group::Post task execution logs
[2024-07-14T20:33:17.936+0000] {taskinstance.py:1206} INFO - Marking task as SUCCESS. dag_id=fetch_spread_values, task_id=fetch_and_compute_spread_btc_mxn, run_id=scheduled__2024-07-14T02:16:00+00:00, execution_date=20240714T021600, start_date=20240714T203317, end_date=20240714T203317
[2024-07-14T20:33:17.991+0000] {local_task_job_runner.py:240} INFO - Task exited with return code 0
[2024-07-14T20:33:18.006+0000] {taskinstance.py:3503} INFO - 0 downstream tasks scheduled from follow-on schedule check
[2024-07-14T20:33:18.012+0000] {local_task_job_runner.py:222} INFO - ::endgroup::
