[2024-07-14T15:07:40.706+0000] {local_task_job_runner.py:120} INFO - ::group::Pre task execution logs
[2024-07-14T15:07:40.774+0000] {taskinstance.py:2076} INFO - Dependencies all met for dep_context=non-requeueable deps ti=<TaskInstance: fetch_spread_values.fetch_and_compute_spread_usd_mxn scheduled__2024-07-14T15:01:00+00:00 [queued]>
[2024-07-14T15:07:40.792+0000] {taskinstance.py:2076} INFO - Dependencies all met for dep_context=requeueable deps ti=<TaskInstance: fetch_spread_values.fetch_and_compute_spread_usd_mxn scheduled__2024-07-14T15:01:00+00:00 [queued]>
[2024-07-14T15:07:40.800+0000] {taskinstance.py:2306} INFO - Starting attempt 1 of 2
[2024-07-14T15:07:40.848+0000] {taskinstance.py:2330} INFO - Executing <Task(PythonOperator): fetch_and_compute_spread_usd_mxn> on 2024-07-14 15:01:00+00:00
[2024-07-14T15:07:40.869+0000] {warnings.py:112} WARNING - /home/***/.local/lib/python3.12/site-packages/***/task/task_runner/standard_task_runner.py:61: DeprecationWarning: This process (pid=6415) is multi-threaded, use of fork() may lead to deadlocks in the child.
  pid = os.fork()

[2024-07-14T15:07:40.884+0000] {standard_task_runner.py:63} INFO - Started process 6437 to run task
[2024-07-14T15:07:40.883+0000] {standard_task_runner.py:90} INFO - Running: ['***', 'tasks', 'run', 'fetch_spread_values', 'fetch_and_compute_spread_usd_mxn', 'scheduled__2024-07-14T15:01:00+00:00', '--job-id', '1931', '--raw', '--subdir', 'DAGS_FOLDER/***.py', '--cfg-path', '/tmp/tmp2nzn8flv']
[2024-07-14T15:07:40.894+0000] {standard_task_runner.py:91} INFO - Job 1931: Subtask fetch_and_compute_spread_usd_mxn
[2024-07-14T15:07:41.065+0000] {task_command.py:426} INFO - Running <TaskInstance: fetch_spread_values.fetch_and_compute_spread_usd_mxn scheduled__2024-07-14T15:01:00+00:00 [running]> on host d537c34a4880
[2024-07-14T15:07:41.268+0000] {taskinstance.py:2648} INFO - Exporting env vars: AIRFLOW_CTX_DAG_OWNER='***' AIRFLOW_CTX_DAG_ID='fetch_spread_values' AIRFLOW_CTX_TASK_ID='fetch_and_compute_spread_usd_mxn' AIRFLOW_CTX_EXECUTION_DATE='2024-07-14T15:01:00+00:00' AIRFLOW_CTX_TRY_NUMBER='1' AIRFLOW_CTX_DAG_RUN_ID='scheduled__2024-07-14T15:01:00+00:00'
[2024-07-14T15:07:41.273+0000] {taskinstance.py:430} INFO - ::endgroup::
[2024-07-14T15:07:41.498+0000] {python.py:237} INFO - Done. Returned value was: None
[2024-07-14T15:07:41.519+0000] {taskinstance.py:441} INFO - ::group::Post task execution logs
[2024-07-14T15:07:41.576+0000] {taskinstance.py:1206} INFO - Marking task as SUCCESS. dag_id=fetch_spread_values, task_id=fetch_and_compute_spread_usd_mxn, run_id=scheduled__2024-07-14T15:01:00+00:00, execution_date=20240714T150100, start_date=20240714T150740, end_date=20240714T150741
[2024-07-14T15:07:41.679+0000] {local_task_job_runner.py:240} INFO - Task exited with return code 0
[2024-07-14T15:07:41.755+0000] {taskinstance.py:3503} INFO - 0 downstream tasks scheduled from follow-on schedule check
[2024-07-14T15:07:41.759+0000] {local_task_job_runner.py:222} INFO - ::endgroup::
[2024-07-14T20:38:30.791+0000] {local_task_job_runner.py:120} INFO - ::group::Pre task execution logs
[2024-07-14T20:38:30.811+0000] {taskinstance.py:2076} INFO - Dependencies all met for dep_context=non-requeueable deps ti=<TaskInstance: fetch_spread_values.fetch_and_compute_spread_usd_mxn scheduled__2024-07-14T15:01:00+00:00 [queued]>
[2024-07-14T20:38:30.818+0000] {taskinstance.py:2076} INFO - Dependencies all met for dep_context=requeueable deps ti=<TaskInstance: fetch_spread_values.fetch_and_compute_spread_usd_mxn scheduled__2024-07-14T15:01:00+00:00 [queued]>
[2024-07-14T20:38:30.824+0000] {taskinstance.py:2306} INFO - Starting attempt 1 of 2
[2024-07-14T20:38:30.854+0000] {taskinstance.py:2330} INFO - Executing <Task(PythonOperator): fetch_and_compute_spread_usd_mxn> on 2024-07-14 15:01:00+00:00
[2024-07-14T20:38:30.859+0000] {logging_mixin.py:188} WARNING - /home/***/.local/lib/python3.12/site-packages/***/task/task_runner/standard_task_runner.py:61 DeprecationWarning: This process (pid=4097) is multi-threaded, use of fork() may lead to deadlocks in the child.
[2024-07-14T20:38:30.869+0000] {standard_task_runner.py:63} INFO - Started process 4108 to run task
[2024-07-14T20:38:30.860+0000] {standard_task_runner.py:90} INFO - Running: ['***', 'tasks', 'run', 'fetch_spread_values', 'fetch_and_compute_spread_usd_mxn', 'scheduled__2024-07-14T15:01:00+00:00', '--job-id', '1931', '--raw', '--subdir', 'DAGS_FOLDER/***.py', '--cfg-path', '/tmp/tmp8oq_cs9y']
[2024-07-14T20:38:30.871+0000] {standard_task_runner.py:91} INFO - Job 1931: Subtask fetch_and_compute_spread_usd_mxn
[2024-07-14T20:38:30.925+0000] {task_command.py:426} INFO - Running <TaskInstance: fetch_spread_values.fetch_and_compute_spread_usd_mxn scheduled__2024-07-14T15:01:00+00:00 [running]> on host 77caf7e4b282
[2024-07-14T20:38:31.006+0000] {taskinstance.py:2648} INFO - Exporting env vars: AIRFLOW_CTX_DAG_OWNER='***' AIRFLOW_CTX_DAG_ID='fetch_spread_values' AIRFLOW_CTX_TASK_ID='fetch_and_compute_spread_usd_mxn' AIRFLOW_CTX_EXECUTION_DATE='2024-07-14T15:01:00+00:00' AIRFLOW_CTX_TRY_NUMBER='1' AIRFLOW_CTX_DAG_RUN_ID='scheduled__2024-07-14T15:01:00+00:00'
[2024-07-14T20:38:31.010+0000] {taskinstance.py:430} INFO - ::endgroup::
[2024-07-14T20:38:31.217+0000] {python.py:237} INFO - Done. Returned value was: None
[2024-07-14T20:38:31.218+0000] {taskinstance.py:441} INFO - ::group::Post task execution logs
[2024-07-14T20:38:31.223+0000] {taskinstance.py:1206} INFO - Marking task as SUCCESS. dag_id=fetch_spread_values, task_id=fetch_and_compute_spread_usd_mxn, run_id=scheduled__2024-07-14T15:01:00+00:00, execution_date=20240714T150100, start_date=20240714T203830, end_date=20240714T203831
[2024-07-14T20:38:31.261+0000] {local_task_job_runner.py:240} INFO - Task exited with return code 0
[2024-07-14T20:38:31.269+0000] {taskinstance.py:3503} INFO - 0 downstream tasks scheduled from follow-on schedule check
[2024-07-14T20:38:31.270+0000] {local_task_job_runner.py:222} INFO - ::endgroup::
