[2024-07-14T09:02:19.858+0000] {local_task_job_runner.py:120} INFO - ::group::Pre task execution logs
[2024-07-14T09:02:19.913+0000] {taskinstance.py:2076} INFO - Dependencies all met for dep_context=non-requeueable deps ti=<TaskInstance: fetch_spread_values.fetch_and_compute_spread_usd_mxn scheduled__2024-07-14T06:01:00+00:00 [queued]>
[2024-07-14T09:02:19.944+0000] {taskinstance.py:2076} INFO - Dependencies all met for dep_context=requeueable deps ti=<TaskInstance: fetch_spread_values.fetch_and_compute_spread_usd_mxn scheduled__2024-07-14T06:01:00+00:00 [queued]>
[2024-07-14T09:02:19.949+0000] {taskinstance.py:2306} INFO - Starting attempt 1 of 2
[2024-07-14T09:02:20.054+0000] {taskinstance.py:2330} INFO - Executing <Task(PythonOperator): fetch_and_compute_spread_usd_mxn> on 2024-07-14 06:01:00+00:00
[2024-07-14T09:02:20.102+0000] {warnings.py:112} WARNING - /home/***/.local/lib/python3.12/site-packages/***/task/task_runner/standard_task_runner.py:61: DeprecationWarning: This process (pid=2355) is multi-threaded, use of fork() may lead to deadlocks in the child.
  pid = os.fork()

[2024-07-14T09:02:20.120+0000] {standard_task_runner.py:63} INFO - Started process 2376 to run task
[2024-07-14T09:02:20.104+0000] {standard_task_runner.py:90} INFO - Running: ['***', 'tasks', 'run', 'fetch_spread_values', 'fetch_and_compute_spread_usd_mxn', 'scheduled__2024-07-14T06:01:00+00:00', '--job-id', '752', '--raw', '--subdir', 'DAGS_FOLDER/***.py', '--cfg-path', '/tmp/tmpbkv9m258']
[2024-07-14T09:02:20.129+0000] {standard_task_runner.py:91} INFO - Job 752: Subtask fetch_and_compute_spread_usd_mxn
[2024-07-14T09:02:20.331+0000] {task_command.py:426} INFO - Running <TaskInstance: fetch_spread_values.fetch_and_compute_spread_usd_mxn scheduled__2024-07-14T06:01:00+00:00 [running]> on host d537c34a4880
[2024-07-14T09:02:20.603+0000] {taskinstance.py:2648} INFO - Exporting env vars: AIRFLOW_CTX_DAG_OWNER='***' AIRFLOW_CTX_DAG_ID='fetch_spread_values' AIRFLOW_CTX_TASK_ID='fetch_and_compute_spread_usd_mxn' AIRFLOW_CTX_EXECUTION_DATE='2024-07-14T06:01:00+00:00' AIRFLOW_CTX_TRY_NUMBER='1' AIRFLOW_CTX_DAG_RUN_ID='scheduled__2024-07-14T06:01:00+00:00'
[2024-07-14T09:02:20.612+0000] {taskinstance.py:430} INFO - ::endgroup::
[2024-07-14T09:02:20.864+0000] {python.py:237} INFO - Done. Returned value was: None
[2024-07-14T09:02:20.875+0000] {taskinstance.py:441} INFO - ::group::Post task execution logs
[2024-07-14T09:02:20.900+0000] {taskinstance.py:1206} INFO - Marking task as SUCCESS. dag_id=fetch_spread_values, task_id=fetch_and_compute_spread_usd_mxn, run_id=scheduled__2024-07-14T06:01:00+00:00, execution_date=20240714T060100, start_date=20240714T090219, end_date=20240714T090220
[2024-07-14T09:02:20.968+0000] {local_task_job_runner.py:240} INFO - Task exited with return code 0
[2024-07-14T09:02:20.991+0000] {taskinstance.py:3503} INFO - 0 downstream tasks scheduled from follow-on schedule check
[2024-07-14T09:02:21.000+0000] {local_task_job_runner.py:222} INFO - ::endgroup::
[2024-07-14T20:34:42.927+0000] {local_task_job_runner.py:120} INFO - ::group::Pre task execution logs
[2024-07-14T20:34:42.948+0000] {taskinstance.py:2076} INFO - Dependencies all met for dep_context=non-requeueable deps ti=<TaskInstance: fetch_spread_values.fetch_and_compute_spread_usd_mxn scheduled__2024-07-14T06:01:00+00:00 [queued]>
[2024-07-14T20:34:42.953+0000] {taskinstance.py:2076} INFO - Dependencies all met for dep_context=requeueable deps ti=<TaskInstance: fetch_spread_values.fetch_and_compute_spread_usd_mxn scheduled__2024-07-14T06:01:00+00:00 [queued]>
[2024-07-14T20:34:42.957+0000] {taskinstance.py:2306} INFO - Starting attempt 1 of 2
[2024-07-14T20:34:42.976+0000] {taskinstance.py:2330} INFO - Executing <Task(PythonOperator): fetch_and_compute_spread_usd_mxn> on 2024-07-14 06:01:00+00:00
[2024-07-14T20:34:42.992+0000] {logging_mixin.py:188} WARNING - /home/***/.local/lib/python3.12/site-packages/***/task/task_runner/standard_task_runner.py:61 DeprecationWarning: This process (pid=1686) is multi-threaded, use of fork() may lead to deadlocks in the child.
[2024-07-14T20:34:42.995+0000] {standard_task_runner.py:63} INFO - Started process 1699 to run task
[2024-07-14T20:34:42.987+0000] {standard_task_runner.py:90} INFO - Running: ['***', 'tasks', 'run', 'fetch_spread_values', 'fetch_and_compute_spread_usd_mxn', 'scheduled__2024-07-14T06:01:00+00:00', '--job-id', '746', '--raw', '--subdir', 'DAGS_FOLDER/***.py', '--cfg-path', '/tmp/tmpj7ku24gb']
[2024-07-14T20:34:42.999+0000] {standard_task_runner.py:91} INFO - Job 746: Subtask fetch_and_compute_spread_usd_mxn
[2024-07-14T20:34:43.056+0000] {task_command.py:426} INFO - Running <TaskInstance: fetch_spread_values.fetch_and_compute_spread_usd_mxn scheduled__2024-07-14T06:01:00+00:00 [running]> on host 77caf7e4b282
[2024-07-14T20:34:43.137+0000] {taskinstance.py:2648} INFO - Exporting env vars: AIRFLOW_CTX_DAG_OWNER='***' AIRFLOW_CTX_DAG_ID='fetch_spread_values' AIRFLOW_CTX_TASK_ID='fetch_and_compute_spread_usd_mxn' AIRFLOW_CTX_EXECUTION_DATE='2024-07-14T06:01:00+00:00' AIRFLOW_CTX_TRY_NUMBER='1' AIRFLOW_CTX_DAG_RUN_ID='scheduled__2024-07-14T06:01:00+00:00'
[2024-07-14T20:34:43.140+0000] {taskinstance.py:430} INFO - ::endgroup::
[2024-07-14T20:34:43.380+0000] {python.py:237} INFO - Done. Returned value was: None
[2024-07-14T20:34:43.385+0000] {taskinstance.py:441} INFO - ::group::Post task execution logs
[2024-07-14T20:34:43.398+0000] {taskinstance.py:1206} INFO - Marking task as SUCCESS. dag_id=fetch_spread_values, task_id=fetch_and_compute_spread_usd_mxn, run_id=scheduled__2024-07-14T06:01:00+00:00, execution_date=20240714T060100, start_date=20240714T203442, end_date=20240714T203443
[2024-07-14T20:34:43.477+0000] {local_task_job_runner.py:240} INFO - Task exited with return code 0
[2024-07-14T20:34:43.488+0000] {taskinstance.py:3503} INFO - 0 downstream tasks scheduled from follow-on schedule check
[2024-07-14T20:34:43.490+0000] {local_task_job_runner.py:222} INFO - ::endgroup::
