[2024-07-14T09:00:28.095+0000] {local_task_job_runner.py:120} INFO - ::group::Pre task execution logs
[2024-07-14T09:00:28.114+0000] {taskinstance.py:2076} INFO - Dependencies all met for dep_context=non-requeueable deps ti=<TaskInstance: fetch_spread_values.fetch_and_compute_spread_usd_mxn scheduled__2024-07-14T03:52:00+00:00 [queued]>
[2024-07-14T09:00:28.121+0000] {taskinstance.py:2076} INFO - Dependencies all met for dep_context=requeueable deps ti=<TaskInstance: fetch_spread_values.fetch_and_compute_spread_usd_mxn scheduled__2024-07-14T03:52:00+00:00 [queued]>
[2024-07-14T09:00:28.122+0000] {taskinstance.py:2306} INFO - Starting attempt 1 of 2
[2024-07-14T09:00:28.138+0000] {taskinstance.py:2330} INFO - Executing <Task(PythonOperator): fetch_and_compute_spread_usd_mxn> on 2024-07-14 03:52:00+00:00
[2024-07-14T09:00:28.147+0000] {warnings.py:112} WARNING - /home/***/.local/lib/python3.12/site-packages/***/task/task_runner/standard_task_runner.py:61: DeprecationWarning: This process (pid=1550) is multi-threaded, use of fork() may lead to deadlocks in the child.
  pid = os.fork()

[2024-07-14T09:00:28.149+0000] {standard_task_runner.py:63} INFO - Started process 1565 to run task
[2024-07-14T09:00:28.149+0000] {standard_task_runner.py:90} INFO - Running: ['***', 'tasks', 'run', 'fetch_spread_values', 'fetch_and_compute_spread_usd_mxn', 'scheduled__2024-07-14T03:52:00+00:00', '--job-id', '494', '--raw', '--subdir', 'DAGS_FOLDER/***.py', '--cfg-path', '/tmp/tmpokofiz8m']
[2024-07-14T09:00:28.152+0000] {standard_task_runner.py:91} INFO - Job 494: Subtask fetch_and_compute_spread_usd_mxn
[2024-07-14T09:00:28.196+0000] {task_command.py:426} INFO - Running <TaskInstance: fetch_spread_values.fetch_and_compute_spread_usd_mxn scheduled__2024-07-14T03:52:00+00:00 [running]> on host d537c34a4880
[2024-07-14T09:00:28.265+0000] {taskinstance.py:2648} INFO - Exporting env vars: AIRFLOW_CTX_DAG_OWNER='***' AIRFLOW_CTX_DAG_ID='fetch_spread_values' AIRFLOW_CTX_TASK_ID='fetch_and_compute_spread_usd_mxn' AIRFLOW_CTX_EXECUTION_DATE='2024-07-14T03:52:00+00:00' AIRFLOW_CTX_TRY_NUMBER='1' AIRFLOW_CTX_DAG_RUN_ID='scheduled__2024-07-14T03:52:00+00:00'
[2024-07-14T09:00:28.268+0000] {taskinstance.py:430} INFO - ::endgroup::
[2024-07-14T09:00:28.411+0000] {python.py:237} INFO - Done. Returned value was: None
[2024-07-14T09:00:28.412+0000] {taskinstance.py:441} INFO - ::group::Post task execution logs
[2024-07-14T09:00:28.418+0000] {taskinstance.py:1206} INFO - Marking task as SUCCESS. dag_id=fetch_spread_values, task_id=fetch_and_compute_spread_usd_mxn, run_id=scheduled__2024-07-14T03:52:00+00:00, execution_date=20240714T035200, start_date=20240714T090028, end_date=20240714T090028
[2024-07-14T09:00:28.429+0000] {local_task_job_runner.py:240} INFO - Task exited with return code 0
[2024-07-14T09:00:28.439+0000] {taskinstance.py:3503} INFO - 0 downstream tasks scheduled from follow-on schedule check
[2024-07-14T09:00:28.440+0000] {local_task_job_runner.py:222} INFO - ::endgroup::
[2024-07-14T20:33:46.468+0000] {local_task_job_runner.py:120} INFO - ::group::Pre task execution logs
[2024-07-14T20:33:46.520+0000] {taskinstance.py:2076} INFO - Dependencies all met for dep_context=non-requeueable deps ti=<TaskInstance: fetch_spread_values.fetch_and_compute_spread_usd_mxn scheduled__2024-07-14T03:52:00+00:00 [queued]>
[2024-07-14T20:33:46.529+0000] {taskinstance.py:2076} INFO - Dependencies all met for dep_context=requeueable deps ti=<TaskInstance: fetch_spread_values.fetch_and_compute_spread_usd_mxn scheduled__2024-07-14T03:52:00+00:00 [queued]>
[2024-07-14T20:33:46.530+0000] {taskinstance.py:2306} INFO - Starting attempt 1 of 2
[2024-07-14T20:33:46.552+0000] {taskinstance.py:2330} INFO - Executing <Task(PythonOperator): fetch_and_compute_spread_usd_mxn> on 2024-07-14 03:52:00+00:00
[2024-07-14T20:33:46.558+0000] {logging_mixin.py:188} WARNING - /home/***/.local/lib/python3.12/site-packages/***/task/task_runner/standard_task_runner.py:61 DeprecationWarning: This process (pid=1127) is multi-threaded, use of fork() may lead to deadlocks in the child.
[2024-07-14T20:33:46.559+0000] {standard_task_runner.py:63} INFO - Started process 1135 to run task
[2024-07-14T20:33:46.559+0000] {standard_task_runner.py:90} INFO - Running: ['***', 'tasks', 'run', 'fetch_spread_values', 'fetch_and_compute_spread_usd_mxn', 'scheduled__2024-07-14T03:52:00+00:00', '--job-id', '470', '--raw', '--subdir', 'DAGS_FOLDER/***.py', '--cfg-path', '/tmp/tmp_us7jzjm']
[2024-07-14T20:33:46.561+0000] {standard_task_runner.py:91} INFO - Job 470: Subtask fetch_and_compute_spread_usd_mxn
[2024-07-14T20:33:46.596+0000] {task_command.py:426} INFO - Running <TaskInstance: fetch_spread_values.fetch_and_compute_spread_usd_mxn scheduled__2024-07-14T03:52:00+00:00 [running]> on host 77caf7e4b282
[2024-07-14T20:33:46.657+0000] {taskinstance.py:2648} INFO - Exporting env vars: AIRFLOW_CTX_DAG_OWNER='***' AIRFLOW_CTX_DAG_ID='fetch_spread_values' AIRFLOW_CTX_TASK_ID='fetch_and_compute_spread_usd_mxn' AIRFLOW_CTX_EXECUTION_DATE='2024-07-14T03:52:00+00:00' AIRFLOW_CTX_TRY_NUMBER='1' AIRFLOW_CTX_DAG_RUN_ID='scheduled__2024-07-14T03:52:00+00:00'
[2024-07-14T20:33:46.659+0000] {taskinstance.py:430} INFO - ::endgroup::
[2024-07-14T20:33:46.825+0000] {python.py:237} INFO - Done. Returned value was: None
[2024-07-14T20:33:46.826+0000] {taskinstance.py:441} INFO - ::group::Post task execution logs
[2024-07-14T20:33:46.832+0000] {taskinstance.py:1206} INFO - Marking task as SUCCESS. dag_id=fetch_spread_values, task_id=fetch_and_compute_spread_usd_mxn, run_id=scheduled__2024-07-14T03:52:00+00:00, execution_date=20240714T035200, start_date=20240714T203346, end_date=20240714T203346
[2024-07-14T20:33:46.872+0000] {local_task_job_runner.py:240} INFO - Task exited with return code 0
[2024-07-14T20:33:46.881+0000] {taskinstance.py:3503} INFO - 0 downstream tasks scheduled from follow-on schedule check
[2024-07-14T20:33:46.882+0000] {local_task_job_runner.py:222} INFO - ::endgroup::
