[2024-07-14T17:27:00.586+0000] {local_task_job_runner.py:120} INFO - ::group::Pre task execution logs
[2024-07-14T17:27:00.643+0000] {taskinstance.py:2076} INFO - Dependencies all met for dep_context=non-requeueable deps ti=<TaskInstance: fetch_spread_values.fetch_and_compute_spread_usd_mxn scheduled__2024-07-14T17:16:00+00:00 [queued]>
[2024-07-14T17:27:00.649+0000] {taskinstance.py:2076} INFO - Dependencies all met for dep_context=requeueable deps ti=<TaskInstance: fetch_spread_values.fetch_and_compute_spread_usd_mxn scheduled__2024-07-14T17:16:00+00:00 [queued]>
[2024-07-14T17:27:00.650+0000] {taskinstance.py:2306} INFO - Starting attempt 1 of 2
[2024-07-14T17:27:00.699+0000] {taskinstance.py:2330} INFO - Executing <Task(PythonOperator): fetch_and_compute_spread_usd_mxn> on 2024-07-14 17:16:00+00:00
[2024-07-14T17:27:00.708+0000] {warnings.py:112} WARNING - /home/***/.local/lib/python3.12/site-packages/***/task/task_runner/standard_task_runner.py:61: DeprecationWarning: This process (pid=7361) is multi-threaded, use of fork() may lead to deadlocks in the child.
  pid = os.fork()

[2024-07-14T17:27:00.741+0000] {standard_task_runner.py:63} INFO - Started process 7394 to run task
[2024-07-14T17:27:00.712+0000] {standard_task_runner.py:90} INFO - Running: ['***', 'tasks', 'run', 'fetch_spread_values', 'fetch_and_compute_spread_usd_mxn', 'scheduled__2024-07-14T17:16:00+00:00', '--job-id', '2220', '--raw', '--subdir', 'DAGS_FOLDER/***.py', '--cfg-path', '/tmp/tmpm3xjc1m1']
[2024-07-14T17:27:00.745+0000] {standard_task_runner.py:91} INFO - Job 2220: Subtask fetch_and_compute_spread_usd_mxn
[2024-07-14T17:27:00.912+0000] {task_command.py:426} INFO - Running <TaskInstance: fetch_spread_values.fetch_and_compute_spread_usd_mxn scheduled__2024-07-14T17:16:00+00:00 [running]> on host d537c34a4880
[2024-07-14T17:27:01.153+0000] {taskinstance.py:2648} INFO - Exporting env vars: AIRFLOW_CTX_DAG_OWNER='***' AIRFLOW_CTX_DAG_ID='fetch_spread_values' AIRFLOW_CTX_TASK_ID='fetch_and_compute_spread_usd_mxn' AIRFLOW_CTX_EXECUTION_DATE='2024-07-14T17:16:00+00:00' AIRFLOW_CTX_TRY_NUMBER='1' AIRFLOW_CTX_DAG_RUN_ID='scheduled__2024-07-14T17:16:00+00:00'
[2024-07-14T17:27:01.162+0000] {taskinstance.py:430} INFO - ::endgroup::
[2024-07-14T17:27:01.527+0000] {python.py:237} INFO - Done. Returned value was: None
[2024-07-14T17:27:01.575+0000] {taskinstance.py:441} INFO - ::group::Post task execution logs
[2024-07-14T17:27:01.604+0000] {taskinstance.py:1206} INFO - Marking task as SUCCESS. dag_id=fetch_spread_values, task_id=fetch_and_compute_spread_usd_mxn, run_id=scheduled__2024-07-14T17:16:00+00:00, execution_date=20240714T171600, start_date=20240714T172700, end_date=20240714T172701
[2024-07-14T17:27:01.681+0000] {local_task_job_runner.py:240} INFO - Task exited with return code 0
[2024-07-14T17:27:01.781+0000] {local_task_job_runner.py:222} INFO - ::endgroup::
[2024-07-14T20:39:24.462+0000] {local_task_job_runner.py:120} INFO - ::group::Pre task execution logs
[2024-07-14T20:39:24.492+0000] {taskinstance.py:2076} INFO - Dependencies all met for dep_context=non-requeueable deps ti=<TaskInstance: fetch_spread_values.fetch_and_compute_spread_usd_mxn scheduled__2024-07-14T17:16:00+00:00 [queued]>
[2024-07-14T20:39:24.501+0000] {taskinstance.py:2076} INFO - Dependencies all met for dep_context=requeueable deps ti=<TaskInstance: fetch_spread_values.fetch_and_compute_spread_usd_mxn scheduled__2024-07-14T17:16:00+00:00 [queued]>
[2024-07-14T20:39:24.503+0000] {taskinstance.py:2306} INFO - Starting attempt 1 of 2
[2024-07-14T20:39:24.521+0000] {taskinstance.py:2330} INFO - Executing <Task(PythonOperator): fetch_and_compute_spread_usd_mxn> on 2024-07-14 17:16:00+00:00
[2024-07-14T20:39:24.533+0000] {logging_mixin.py:188} WARNING - /home/***/.local/lib/python3.12/site-packages/***/task/task_runner/standard_task_runner.py:61 DeprecationWarning: This process (pid=4650) is multi-threaded, use of fork() may lead to deadlocks in the child.
[2024-07-14T20:39:24.536+0000] {standard_task_runner.py:63} INFO - Started process 4661 to run task
[2024-07-14T20:39:24.533+0000] {standard_task_runner.py:90} INFO - Running: ['***', 'tasks', 'run', 'fetch_spread_values', 'fetch_and_compute_spread_usd_mxn', 'scheduled__2024-07-14T17:16:00+00:00', '--job-id', '2201', '--raw', '--subdir', 'DAGS_FOLDER/***.py', '--cfg-path', '/tmp/tmp394e5r36']
[2024-07-14T20:39:24.541+0000] {standard_task_runner.py:91} INFO - Job 2201: Subtask fetch_and_compute_spread_usd_mxn
[2024-07-14T20:39:24.608+0000] {task_command.py:426} INFO - Running <TaskInstance: fetch_spread_values.fetch_and_compute_spread_usd_mxn scheduled__2024-07-14T17:16:00+00:00 [running]> on host 77caf7e4b282
[2024-07-14T20:39:24.717+0000] {taskinstance.py:2648} INFO - Exporting env vars: AIRFLOW_CTX_DAG_OWNER='***' AIRFLOW_CTX_DAG_ID='fetch_spread_values' AIRFLOW_CTX_TASK_ID='fetch_and_compute_spread_usd_mxn' AIRFLOW_CTX_EXECUTION_DATE='2024-07-14T17:16:00+00:00' AIRFLOW_CTX_TRY_NUMBER='1' AIRFLOW_CTX_DAG_RUN_ID='scheduled__2024-07-14T17:16:00+00:00'
[2024-07-14T20:39:24.719+0000] {taskinstance.py:430} INFO - ::endgroup::
[2024-07-14T20:39:25.028+0000] {python.py:237} INFO - Done. Returned value was: None
[2024-07-14T20:39:25.033+0000] {taskinstance.py:441} INFO - ::group::Post task execution logs
[2024-07-14T20:39:25.050+0000] {taskinstance.py:1206} INFO - Marking task as SUCCESS. dag_id=fetch_spread_values, task_id=fetch_and_compute_spread_usd_mxn, run_id=scheduled__2024-07-14T17:16:00+00:00, execution_date=20240714T171600, start_date=20240714T203924, end_date=20240714T203925
[2024-07-14T20:39:25.192+0000] {local_task_job_runner.py:240} INFO - Task exited with return code 0
[2024-07-14T20:39:25.229+0000] {taskinstance.py:3503} INFO - 0 downstream tasks scheduled from follow-on schedule check
[2024-07-14T20:39:25.242+0000] {local_task_job_runner.py:222} INFO - ::endgroup::
