[2024-07-14T11:51:47.692+0000] {local_task_job_runner.py:120} INFO - ::group::Pre task execution logs
[2024-07-14T11:51:47.753+0000] {taskinstance.py:2076} INFO - Dependencies all met for dep_context=non-requeueable deps ti=<TaskInstance: fetch_spread_values.fetch_and_compute_spread_btc_mxn scheduled__2024-07-14T11:45:00+00:00 [queued]>
[2024-07-14T11:51:47.778+0000] {taskinstance.py:2076} INFO - Dependencies all met for dep_context=requeueable deps ti=<TaskInstance: fetch_spread_values.fetch_and_compute_spread_btc_mxn scheduled__2024-07-14T11:45:00+00:00 [queued]>
[2024-07-14T11:51:47.791+0000] {taskinstance.py:2306} INFO - Starting attempt 1 of 2
[2024-07-14T11:51:47.847+0000] {taskinstance.py:2330} INFO - Executing <Task(PythonOperator): fetch_and_compute_spread_btc_mxn> on 2024-07-14 11:45:00+00:00
[2024-07-14T11:51:47.861+0000] {warnings.py:112} WARNING - /home/***/.local/lib/python3.12/site-packages/***/task/task_runner/standard_task_runner.py:61: DeprecationWarning: This process (pid=5053) is multi-threaded, use of fork() may lead to deadlocks in the child.
  pid = os.fork()

[2024-07-14T11:51:47.866+0000] {standard_task_runner.py:63} INFO - Started process 5079 to run task
[2024-07-14T11:51:47.865+0000] {standard_task_runner.py:90} INFO - Running: ['***', 'tasks', 'run', 'fetch_spread_values', 'fetch_and_compute_spread_btc_mxn', 'scheduled__2024-07-14T11:45:00+00:00', '--job-id', '1512', '--raw', '--subdir', 'DAGS_FOLDER/***.py', '--cfg-path', '/tmp/tmp1jc_4i2i']
[2024-07-14T11:51:47.892+0000] {standard_task_runner.py:91} INFO - Job 1512: Subtask fetch_and_compute_spread_btc_mxn
[2024-07-14T11:51:48.673+0000] {task_command.py:426} INFO - Running <TaskInstance: fetch_spread_values.fetch_and_compute_spread_btc_mxn scheduled__2024-07-14T11:45:00+00:00 [running]> on host d537c34a4880
[2024-07-14T11:51:49.219+0000] {taskinstance.py:2648} INFO - Exporting env vars: AIRFLOW_CTX_DAG_OWNER='***' AIRFLOW_CTX_DAG_ID='fetch_spread_values' AIRFLOW_CTX_TASK_ID='fetch_and_compute_spread_btc_mxn' AIRFLOW_CTX_EXECUTION_DATE='2024-07-14T11:45:00+00:00' AIRFLOW_CTX_TRY_NUMBER='1' AIRFLOW_CTX_DAG_RUN_ID='scheduled__2024-07-14T11:45:00+00:00'
[2024-07-14T11:51:49.260+0000] {taskinstance.py:430} INFO - ::endgroup::
[2024-07-14T11:51:50.521+0000] {python.py:237} INFO - Done. Returned value was: None
[2024-07-14T11:51:50.527+0000] {taskinstance.py:441} INFO - ::group::Post task execution logs
[2024-07-14T11:51:50.579+0000] {taskinstance.py:1206} INFO - Marking task as SUCCESS. dag_id=fetch_spread_values, task_id=fetch_and_compute_spread_btc_mxn, run_id=scheduled__2024-07-14T11:45:00+00:00, execution_date=20240714T114500, start_date=20240714T115147, end_date=20240714T115150
[2024-07-14T11:51:50.650+0000] {local_task_job_runner.py:240} INFO - Task exited with return code 0
[2024-07-14T11:51:50.731+0000] {local_task_job_runner.py:222} INFO - ::endgroup::
[2024-07-14T20:37:20.832+0000] {local_task_job_runner.py:120} INFO - ::group::Pre task execution logs
[2024-07-14T20:37:20.882+0000] {taskinstance.py:2076} INFO - Dependencies all met for dep_context=non-requeueable deps ti=<TaskInstance: fetch_spread_values.fetch_and_compute_spread_btc_mxn scheduled__2024-07-14T11:45:00+00:00 [queued]>
[2024-07-14T20:37:20.888+0000] {taskinstance.py:2076} INFO - Dependencies all met for dep_context=requeueable deps ti=<TaskInstance: fetch_spread_values.fetch_and_compute_spread_btc_mxn scheduled__2024-07-14T11:45:00+00:00 [queued]>
[2024-07-14T20:37:20.891+0000] {taskinstance.py:2306} INFO - Starting attempt 1 of 2
[2024-07-14T20:37:20.941+0000] {taskinstance.py:2330} INFO - Executing <Task(PythonOperator): fetch_and_compute_spread_btc_mxn> on 2024-07-14 11:45:00+00:00
[2024-07-14T20:37:20.952+0000] {logging_mixin.py:188} WARNING - /home/***/.local/lib/python3.12/site-packages/***/task/task_runner/standard_task_runner.py:61 DeprecationWarning: This process (pid=3304) is multi-threaded, use of fork() may lead to deadlocks in the child.
[2024-07-14T20:37:20.957+0000] {standard_task_runner.py:63} INFO - Started process 3314 to run task
[2024-07-14T20:37:20.954+0000] {standard_task_runner.py:90} INFO - Running: ['***', 'tasks', 'run', 'fetch_spread_values', 'fetch_and_compute_spread_btc_mxn', 'scheduled__2024-07-14T11:45:00+00:00', '--job-id', '1538', '--raw', '--subdir', 'DAGS_FOLDER/***.py', '--cfg-path', '/tmp/tmpx8entern']
[2024-07-14T20:37:20.964+0000] {standard_task_runner.py:91} INFO - Job 1538: Subtask fetch_and_compute_spread_btc_mxn
[2024-07-14T20:37:21.018+0000] {task_command.py:426} INFO - Running <TaskInstance: fetch_spread_values.fetch_and_compute_spread_btc_mxn scheduled__2024-07-14T11:45:00+00:00 [running]> on host 77caf7e4b282
[2024-07-14T20:37:21.083+0000] {taskinstance.py:2648} INFO - Exporting env vars: AIRFLOW_CTX_DAG_OWNER='***' AIRFLOW_CTX_DAG_ID='fetch_spread_values' AIRFLOW_CTX_TASK_ID='fetch_and_compute_spread_btc_mxn' AIRFLOW_CTX_EXECUTION_DATE='2024-07-14T11:45:00+00:00' AIRFLOW_CTX_TRY_NUMBER='1' AIRFLOW_CTX_DAG_RUN_ID='scheduled__2024-07-14T11:45:00+00:00'
[2024-07-14T20:37:21.084+0000] {taskinstance.py:430} INFO - ::endgroup::
[2024-07-14T20:37:21.315+0000] {python.py:237} INFO - Done. Returned value was: None
[2024-07-14T20:37:21.321+0000] {taskinstance.py:441} INFO - ::group::Post task execution logs
[2024-07-14T20:37:21.337+0000] {taskinstance.py:1206} INFO - Marking task as SUCCESS. dag_id=fetch_spread_values, task_id=fetch_and_compute_spread_btc_mxn, run_id=scheduled__2024-07-14T11:45:00+00:00, execution_date=20240714T114500, start_date=20240714T203720, end_date=20240714T203721
[2024-07-14T20:37:21.400+0000] {local_task_job_runner.py:240} INFO - Task exited with return code 0
[2024-07-14T20:37:21.428+0000] {taskinstance.py:3503} INFO - 0 downstream tasks scheduled from follow-on schedule check
[2024-07-14T20:37:21.443+0000] {local_task_job_runner.py:222} INFO - ::endgroup::
