[2024-07-14T12:08:31.892+0000] {local_task_job_runner.py:120} INFO - ::group::Pre task execution logs
[2024-07-14T12:08:32.072+0000] {taskinstance.py:2076} INFO - Dependencies all met for dep_context=non-requeueable deps ti=<TaskInstance: fetch_spread_values.fetch_and_compute_spread_usd_mxn scheduled__2024-07-14T11:54:00+00:00 [queued]>
[2024-07-14T12:08:32.113+0000] {taskinstance.py:2076} INFO - Dependencies all met for dep_context=requeueable deps ti=<TaskInstance: fetch_spread_values.fetch_and_compute_spread_usd_mxn scheduled__2024-07-14T11:54:00+00:00 [queued]>
[2024-07-14T12:08:32.143+0000] {taskinstance.py:2306} INFO - Starting attempt 1 of 2
[2024-07-14T12:08:32.452+0000] {taskinstance.py:2330} INFO - Executing <Task(PythonOperator): fetch_and_compute_spread_usd_mxn> on 2024-07-14 11:54:00+00:00
[2024-07-14T12:08:32.477+0000] {warnings.py:112} WARNING - /home/***/.local/lib/python3.12/site-packages/***/task/task_runner/standard_task_runner.py:61: DeprecationWarning: This process (pid=5113) is multi-threaded, use of fork() may lead to deadlocks in the child.
  pid = os.fork()

[2024-07-14T12:08:32.499+0000] {standard_task_runner.py:63} INFO - Started process 5141 to run task
[2024-07-14T12:08:32.482+0000] {standard_task_runner.py:90} INFO - Running: ['***', 'tasks', 'run', 'fetch_spread_values', 'fetch_and_compute_spread_usd_mxn', 'scheduled__2024-07-14T11:54:00+00:00', '--job-id', '1530', '--raw', '--subdir', 'DAGS_FOLDER/***.py', '--cfg-path', '/tmp/tmpb125nk8q']
[2024-07-14T12:08:32.523+0000] {standard_task_runner.py:91} INFO - Job 1530: Subtask fetch_and_compute_spread_usd_mxn
[2024-07-14T12:08:32.777+0000] {task_command.py:426} INFO - Running <TaskInstance: fetch_spread_values.fetch_and_compute_spread_usd_mxn scheduled__2024-07-14T11:54:00+00:00 [running]> on host d537c34a4880
[2024-07-14T12:08:33.105+0000] {taskinstance.py:2648} INFO - Exporting env vars: AIRFLOW_CTX_DAG_OWNER='***' AIRFLOW_CTX_DAG_ID='fetch_spread_values' AIRFLOW_CTX_TASK_ID='fetch_and_compute_spread_usd_mxn' AIRFLOW_CTX_EXECUTION_DATE='2024-07-14T11:54:00+00:00' AIRFLOW_CTX_TRY_NUMBER='1' AIRFLOW_CTX_DAG_RUN_ID='scheduled__2024-07-14T11:54:00+00:00'
[2024-07-14T12:08:33.159+0000] {taskinstance.py:430} INFO - ::endgroup::
[2024-07-14T12:08:33.658+0000] {python.py:237} INFO - Done. Returned value was: None
[2024-07-14T12:08:33.679+0000] {taskinstance.py:441} INFO - ::group::Post task execution logs
[2024-07-14T12:08:33.707+0000] {taskinstance.py:1206} INFO - Marking task as SUCCESS. dag_id=fetch_spread_values, task_id=fetch_and_compute_spread_usd_mxn, run_id=scheduled__2024-07-14T11:54:00+00:00, execution_date=20240714T115400, start_date=20240714T120832, end_date=20240714T120833
[2024-07-14T12:08:33.730+0000] {local_task_job_runner.py:240} INFO - Task exited with return code 0
[2024-07-14T12:08:33.814+0000] {taskinstance.py:3503} INFO - 0 downstream tasks scheduled from follow-on schedule check
[2024-07-14T12:08:33.857+0000] {local_task_job_runner.py:222} INFO - ::endgroup::
[2024-07-14T20:37:24.789+0000] {local_task_job_runner.py:120} INFO - ::group::Pre task execution logs
[2024-07-14T20:37:24.813+0000] {taskinstance.py:2076} INFO - Dependencies all met for dep_context=non-requeueable deps ti=<TaskInstance: fetch_spread_values.fetch_and_compute_spread_usd_mxn scheduled__2024-07-14T11:54:00+00:00 [queued]>
[2024-07-14T20:37:24.819+0000] {taskinstance.py:2076} INFO - Dependencies all met for dep_context=requeueable deps ti=<TaskInstance: fetch_spread_values.fetch_and_compute_spread_usd_mxn scheduled__2024-07-14T11:54:00+00:00 [queued]>
[2024-07-14T20:37:24.821+0000] {taskinstance.py:2306} INFO - Starting attempt 1 of 2
[2024-07-14T20:37:24.838+0000] {taskinstance.py:2330} INFO - Executing <Task(PythonOperator): fetch_and_compute_spread_usd_mxn> on 2024-07-14 11:54:00+00:00
[2024-07-14T20:37:24.845+0000] {logging_mixin.py:188} WARNING - /home/***/.local/lib/python3.12/site-packages/***/task/task_runner/standard_task_runner.py:61 DeprecationWarning: This process (pid=3343) is multi-threaded, use of fork() may lead to deadlocks in the child.
[2024-07-14T20:37:24.846+0000] {standard_task_runner.py:90} INFO - Running: ['***', 'tasks', 'run', 'fetch_spread_values', 'fetch_and_compute_spread_usd_mxn', 'scheduled__2024-07-14T11:54:00+00:00', '--job-id', '1557', '--raw', '--subdir', 'DAGS_FOLDER/***.py', '--cfg-path', '/tmp/tmptxgd5k1s']
[2024-07-14T20:37:24.849+0000] {standard_task_runner.py:91} INFO - Job 1557: Subtask fetch_and_compute_spread_usd_mxn
[2024-07-14T20:37:24.847+0000] {standard_task_runner.py:63} INFO - Started process 3352 to run task
[2024-07-14T20:37:24.907+0000] {task_command.py:426} INFO - Running <TaskInstance: fetch_spread_values.fetch_and_compute_spread_usd_mxn scheduled__2024-07-14T11:54:00+00:00 [running]> on host 77caf7e4b282
[2024-07-14T20:37:25.064+0000] {taskinstance.py:2648} INFO - Exporting env vars: AIRFLOW_CTX_DAG_OWNER='***' AIRFLOW_CTX_DAG_ID='fetch_spread_values' AIRFLOW_CTX_TASK_ID='fetch_and_compute_spread_usd_mxn' AIRFLOW_CTX_EXECUTION_DATE='2024-07-14T11:54:00+00:00' AIRFLOW_CTX_TRY_NUMBER='1' AIRFLOW_CTX_DAG_RUN_ID='scheduled__2024-07-14T11:54:00+00:00'
[2024-07-14T20:37:25.065+0000] {taskinstance.py:430} INFO - ::endgroup::
[2024-07-14T20:37:25.261+0000] {python.py:237} INFO - Done. Returned value was: None
[2024-07-14T20:37:25.264+0000] {taskinstance.py:441} INFO - ::group::Post task execution logs
[2024-07-14T20:37:25.275+0000] {taskinstance.py:1206} INFO - Marking task as SUCCESS. dag_id=fetch_spread_values, task_id=fetch_and_compute_spread_usd_mxn, run_id=scheduled__2024-07-14T11:54:00+00:00, execution_date=20240714T115400, start_date=20240714T203724, end_date=20240714T203725
[2024-07-14T20:37:25.311+0000] {local_task_job_runner.py:240} INFO - Task exited with return code 0
[2024-07-14T20:37:25.335+0000] {taskinstance.py:3503} INFO - 0 downstream tasks scheduled from follow-on schedule check
[2024-07-14T20:37:25.338+0000] {local_task_job_runner.py:222} INFO - ::endgroup::
