[2024-07-14T22:10:00.720+0000] {local_task_job_runner.py:120} INFO - ::group::Pre task execution logs
[2024-07-14T22:10:00.737+0000] {taskinstance.py:2076} INFO - Dependencies all met for dep_context=non-requeueable deps ti=<TaskInstance: fetch_spread_values.fetch_and_compute_spread_btc_mxn scheduled__2024-07-14T22:09:00+00:00 [queued]>
[2024-07-14T22:10:00.741+0000] {taskinstance.py:2076} INFO - Dependencies all met for dep_context=requeueable deps ti=<TaskInstance: fetch_spread_values.fetch_and_compute_spread_btc_mxn scheduled__2024-07-14T22:09:00+00:00 [queued]>
[2024-07-14T22:10:00.742+0000] {taskinstance.py:2306} INFO - Starting attempt 1 of 2
[2024-07-14T22:10:00.747+0000] {taskinstance.py:2330} INFO - Executing <Task(PythonOperator): fetch_and_compute_spread_btc_mxn> on 2024-07-14 22:09:00+00:00
[2024-07-14T22:10:00.750+0000] {logging_mixin.py:188} WARNING - /home/***/.local/lib/python3.12/site-packages/***/task/task_runner/standard_task_runner.py:61 DeprecationWarning: This process (pid=7566) is multi-threaded, use of fork() may lead to deadlocks in the child.
[2024-07-14T22:10:00.751+0000] {standard_task_runner.py:90} INFO - Running: ['***', 'tasks', 'run', 'fetch_spread_values', 'fetch_and_compute_spread_btc_mxn', 'scheduled__2024-07-14T22:09:00+00:00', '--job-id', '2816', '--raw', '--subdir', 'DAGS_FOLDER/et_dag.py', '--cfg-path', '/tmp/tmp983_05rv']
[2024-07-14T22:10:00.752+0000] {standard_task_runner.py:63} INFO - Started process 7568 to run task
[2024-07-14T22:10:00.753+0000] {standard_task_runner.py:91} INFO - Job 2816: Subtask fetch_and_compute_spread_btc_mxn
[2024-07-14T22:10:00.781+0000] {task_command.py:426} INFO - Running <TaskInstance: fetch_spread_values.fetch_and_compute_spread_btc_mxn scheduled__2024-07-14T22:09:00+00:00 [running]> on host 77caf7e4b282
[2024-07-14T22:10:00.829+0000] {taskinstance.py:2648} INFO - Exporting env vars: AIRFLOW_CTX_DAG_OWNER='***' AIRFLOW_CTX_DAG_ID='fetch_spread_values' AIRFLOW_CTX_TASK_ID='fetch_and_compute_spread_btc_mxn' AIRFLOW_CTX_EXECUTION_DATE='2024-07-14T22:09:00+00:00' AIRFLOW_CTX_TRY_NUMBER='1' AIRFLOW_CTX_DAG_RUN_ID='scheduled__2024-07-14T22:09:00+00:00'
[2024-07-14T22:10:00.830+0000] {taskinstance.py:430} INFO - ::endgroup::
[2024-07-14T22:10:01.097+0000] {et_dag.py:21} INFO - Data fetched for book btc_mxn
[2024-07-14T22:10:01.099+0000] {et_dag.py:22} INFO - {'success': True, 'payload': {'high': '1119480.00', 'last': '1119480.00', 'created_at': '2024-07-14T22:10:00+00:00', 'book': 'btc_mxn', 'volume': '0', 'vwap': '0', 'low': '1119480.00', 'ask': '1023070.02', 'bid': '1023069.98', 'change_24': '0.00', 'rolling_average_change': {}}}
[2024-07-14T22:10:01.100+0000] {et_dag.py:25} INFO - Spread computed
[2024-07-14T22:10:01.101+0000] {et_dag.py:26} INFO - {'orderbook_timestamp': '2024-07-14T22:10:00+00:00', 'book': 'btc_mxn', 'bid': 1023069.98, 'ask': 1023070.02, 'spread': 3.909800820598076e-06}
[2024-07-14T22:10:01.101+0000] {et_dag.py:28} INFO - Amount of rows to be saved: 1
[2024-07-14T22:10:01.102+0000] {et_dag.py:29} INFO - [{'orderbook_timestamp': '2024-07-14T22:10:00+00:00', 'book': 'btc_mxn', 'bid': 1023069.98, 'ask': 1023070.02, 'spread': 3.909800820598076e-06}]
[2024-07-14T22:10:01.102+0000] {python.py:237} INFO - Done. Returned value was: None
[2024-07-14T22:10:01.103+0000] {taskinstance.py:441} INFO - ::group::Post task execution logs
[2024-07-14T22:10:01.115+0000] {taskinstance.py:1206} INFO - Marking task as SUCCESS. dag_id=fetch_spread_values, task_id=fetch_and_compute_spread_btc_mxn, run_id=scheduled__2024-07-14T22:09:00+00:00, execution_date=20240714T220900, start_date=20240714T221000, end_date=20240714T221001
[2024-07-14T22:10:01.146+0000] {local_task_job_runner.py:240} INFO - Task exited with return code 0
[2024-07-14T22:10:01.158+0000] {taskinstance.py:3503} INFO - 0 downstream tasks scheduled from follow-on schedule check
[2024-07-14T22:10:01.159+0000] {local_task_job_runner.py:222} INFO - ::endgroup::
