[2024-07-14T12:50:19.423+0000] {local_task_job_runner.py:120} INFO - ::group::Pre task execution logs
[2024-07-14T12:50:20.172+0000] {taskinstance.py:2076} INFO - Dependencies all met for dep_context=non-requeueable deps ti=<TaskInstance: fetch_spread_values.fetch_and_compute_spread_btc_mxn scheduled__2024-07-14T12:32:00+00:00 [queued]>
[2024-07-14T12:50:20.252+0000] {taskinstance.py:2076} INFO - Dependencies all met for dep_context=requeueable deps ti=<TaskInstance: fetch_spread_values.fetch_and_compute_spread_btc_mxn scheduled__2024-07-14T12:32:00+00:00 [queued]>
[2024-07-14T12:50:20.264+0000] {taskinstance.py:2306} INFO - Starting attempt 1 of 2
[2024-07-14T12:50:20.394+0000] {taskinstance.py:2330} INFO - Executing <Task(PythonOperator): fetch_and_compute_spread_btc_mxn> on 2024-07-14 12:32:00+00:00
[2024-07-14T12:50:20.437+0000] {warnings.py:112} WARNING - /home/***/.local/lib/python3.12/site-packages/***/task/task_runner/standard_task_runner.py:61: DeprecationWarning: This process (pid=5379) is multi-threaded, use of fork() may lead to deadlocks in the child.
  pid = os.fork()

[2024-07-14T12:50:20.468+0000] {standard_task_runner.py:63} INFO - Started process 5404 to run task
[2024-07-14T12:50:20.485+0000] {standard_task_runner.py:90} INFO - Running: ['***', 'tasks', 'run', 'fetch_spread_values', 'fetch_and_compute_spread_btc_mxn', 'scheduled__2024-07-14T12:32:00+00:00', '--job-id', '1613', '--raw', '--subdir', 'DAGS_FOLDER/***.py', '--cfg-path', '/tmp/tmpaf894_3r']
[2024-07-14T12:50:20.510+0000] {standard_task_runner.py:91} INFO - Job 1613: Subtask fetch_and_compute_spread_btc_mxn
[2024-07-14T12:50:20.799+0000] {task_command.py:426} INFO - Running <TaskInstance: fetch_spread_values.fetch_and_compute_spread_btc_mxn scheduled__2024-07-14T12:32:00+00:00 [running]> on host d537c34a4880
[2024-07-14T12:50:21.236+0000] {taskinstance.py:2648} INFO - Exporting env vars: AIRFLOW_CTX_DAG_OWNER='***' AIRFLOW_CTX_DAG_ID='fetch_spread_values' AIRFLOW_CTX_TASK_ID='fetch_and_compute_spread_btc_mxn' AIRFLOW_CTX_EXECUTION_DATE='2024-07-14T12:32:00+00:00' AIRFLOW_CTX_TRY_NUMBER='1' AIRFLOW_CTX_DAG_RUN_ID='scheduled__2024-07-14T12:32:00+00:00'
[2024-07-14T12:50:21.242+0000] {taskinstance.py:430} INFO - ::endgroup::
[2024-07-14T12:50:22.000+0000] {python.py:237} INFO - Done. Returned value was: None
[2024-07-14T12:50:22.035+0000] {taskinstance.py:441} INFO - ::group::Post task execution logs
[2024-07-14T12:50:22.166+0000] {taskinstance.py:1206} INFO - Marking task as SUCCESS. dag_id=fetch_spread_values, task_id=fetch_and_compute_spread_btc_mxn, run_id=scheduled__2024-07-14T12:32:00+00:00, execution_date=20240714T123200, start_date=20240714T125020, end_date=20240714T125022
[2024-07-14T12:50:22.302+0000] {local_task_job_runner.py:240} INFO - Task exited with return code 0
[2024-07-14T12:50:22.517+0000] {taskinstance.py:3503} INFO - 0 downstream tasks scheduled from follow-on schedule check
[2024-07-14T12:50:22.563+0000] {local_task_job_runner.py:222} INFO - ::endgroup::
[2024-07-14T20:37:37.072+0000] {local_task_job_runner.py:120} INFO - ::group::Pre task execution logs
[2024-07-14T20:37:37.155+0000] {taskinstance.py:2076} INFO - Dependencies all met for dep_context=non-requeueable deps ti=<TaskInstance: fetch_spread_values.fetch_and_compute_spread_btc_mxn scheduled__2024-07-14T12:32:00+00:00 [queued]>
[2024-07-14T20:37:37.193+0000] {taskinstance.py:2076} INFO - Dependencies all met for dep_context=requeueable deps ti=<TaskInstance: fetch_spread_values.fetch_and_compute_spread_btc_mxn scheduled__2024-07-14T12:32:00+00:00 [queued]>
[2024-07-14T20:37:37.198+0000] {taskinstance.py:2306} INFO - Starting attempt 1 of 2
[2024-07-14T20:37:37.232+0000] {taskinstance.py:2330} INFO - Executing <Task(PythonOperator): fetch_and_compute_spread_btc_mxn> on 2024-07-14 12:32:00+00:00
[2024-07-14T20:37:37.256+0000] {logging_mixin.py:188} WARNING - /home/***/.local/lib/python3.12/site-packages/***/task/task_runner/standard_task_runner.py:61 DeprecationWarning: This process (pid=3493) is multi-threaded, use of fork() may lead to deadlocks in the child.
[2024-07-14T20:37:37.256+0000] {standard_task_runner.py:90} INFO - Running: ['***', 'tasks', 'run', 'fetch_spread_values', 'fetch_and_compute_spread_btc_mxn', 'scheduled__2024-07-14T12:32:00+00:00', '--job-id', '1633', '--raw', '--subdir', 'DAGS_FOLDER/***.py', '--cfg-path', '/tmp/tmponists9j']
[2024-07-14T20:37:37.261+0000] {standard_task_runner.py:91} INFO - Job 1633: Subtask fetch_and_compute_spread_btc_mxn
[2024-07-14T20:37:37.259+0000] {standard_task_runner.py:63} INFO - Started process 3499 to run task
[2024-07-14T20:37:37.388+0000] {task_command.py:426} INFO - Running <TaskInstance: fetch_spread_values.fetch_and_compute_spread_btc_mxn scheduled__2024-07-14T12:32:00+00:00 [running]> on host 77caf7e4b282
[2024-07-14T20:37:37.503+0000] {taskinstance.py:2648} INFO - Exporting env vars: AIRFLOW_CTX_DAG_OWNER='***' AIRFLOW_CTX_DAG_ID='fetch_spread_values' AIRFLOW_CTX_TASK_ID='fetch_and_compute_spread_btc_mxn' AIRFLOW_CTX_EXECUTION_DATE='2024-07-14T12:32:00+00:00' AIRFLOW_CTX_TRY_NUMBER='1' AIRFLOW_CTX_DAG_RUN_ID='scheduled__2024-07-14T12:32:00+00:00'
[2024-07-14T20:37:37.503+0000] {taskinstance.py:430} INFO - ::endgroup::
[2024-07-14T20:37:37.664+0000] {python.py:237} INFO - Done. Returned value was: None
[2024-07-14T20:37:37.665+0000] {taskinstance.py:441} INFO - ::group::Post task execution logs
[2024-07-14T20:37:37.672+0000] {taskinstance.py:1206} INFO - Marking task as SUCCESS. dag_id=fetch_spread_values, task_id=fetch_and_compute_spread_btc_mxn, run_id=scheduled__2024-07-14T12:32:00+00:00, execution_date=20240714T123200, start_date=20240714T203737, end_date=20240714T203737
[2024-07-14T20:37:37.720+0000] {local_task_job_runner.py:240} INFO - Task exited with return code 0
[2024-07-14T20:37:37.731+0000] {taskinstance.py:3503} INFO - 0 downstream tasks scheduled from follow-on schedule check
[2024-07-14T20:37:37.732+0000] {local_task_job_runner.py:222} INFO - ::endgroup::
