[2024-07-14T13:11:45.986+0000] {local_task_job_runner.py:120} INFO - ::group::Pre task execution logs
[2024-07-14T13:11:46.029+0000] {taskinstance.py:2076} INFO - Dependencies all met for dep_context=non-requeueable deps ti=<TaskInstance: fetch_spread_values.fetch_and_compute_spread_btc_mxn scheduled__2024-07-14T13:08:00+00:00 [queued]>
[2024-07-14T13:11:46.050+0000] {taskinstance.py:2076} INFO - Dependencies all met for dep_context=requeueable deps ti=<TaskInstance: fetch_spread_values.fetch_and_compute_spread_btc_mxn scheduled__2024-07-14T13:08:00+00:00 [queued]>
[2024-07-14T13:11:46.051+0000] {taskinstance.py:2306} INFO - Starting attempt 1 of 2
[2024-07-14T13:11:46.069+0000] {taskinstance.py:2330} INFO - Executing <Task(PythonOperator): fetch_and_compute_spread_btc_mxn> on 2024-07-14 13:08:00+00:00
[2024-07-14T13:11:46.078+0000] {warnings.py:112} WARNING - /home/***/.local/lib/python3.12/site-packages/***/task/task_runner/standard_task_runner.py:61: DeprecationWarning: This process (pid=5605) is multi-threaded, use of fork() may lead to deadlocks in the child.
  pid = os.fork()

[2024-07-14T13:11:46.082+0000] {standard_task_runner.py:90} INFO - Running: ['***', 'tasks', 'run', 'fetch_spread_values', 'fetch_and_compute_spread_btc_mxn', 'scheduled__2024-07-14T13:08:00+00:00', '--job-id', '1687', '--raw', '--subdir', 'DAGS_FOLDER/***.py', '--cfg-path', '/tmp/tmpith2jua1']
[2024-07-14T13:11:46.088+0000] {standard_task_runner.py:91} INFO - Job 1687: Subtask fetch_and_compute_spread_btc_mxn
[2024-07-14T13:11:46.087+0000] {standard_task_runner.py:63} INFO - Started process 5631 to run task
[2024-07-14T13:11:46.152+0000] {task_command.py:426} INFO - Running <TaskInstance: fetch_spread_values.fetch_and_compute_spread_btc_mxn scheduled__2024-07-14T13:08:00+00:00 [running]> on host d537c34a4880
[2024-07-14T13:11:46.287+0000] {taskinstance.py:2648} INFO - Exporting env vars: AIRFLOW_CTX_DAG_OWNER='***' AIRFLOW_CTX_DAG_ID='fetch_spread_values' AIRFLOW_CTX_TASK_ID='fetch_and_compute_spread_btc_mxn' AIRFLOW_CTX_EXECUTION_DATE='2024-07-14T13:08:00+00:00' AIRFLOW_CTX_TRY_NUMBER='1' AIRFLOW_CTX_DAG_RUN_ID='scheduled__2024-07-14T13:08:00+00:00'
[2024-07-14T13:11:46.290+0000] {taskinstance.py:430} INFO - ::endgroup::
[2024-07-14T13:11:46.502+0000] {python.py:237} INFO - Done. Returned value was: None
[2024-07-14T13:11:46.504+0000] {taskinstance.py:441} INFO - ::group::Post task execution logs
[2024-07-14T13:11:46.517+0000] {taskinstance.py:1206} INFO - Marking task as SUCCESS. dag_id=fetch_spread_values, task_id=fetch_and_compute_spread_btc_mxn, run_id=scheduled__2024-07-14T13:08:00+00:00, execution_date=20240714T130800, start_date=20240714T131146, end_date=20240714T131146
[2024-07-14T13:11:46.574+0000] {local_task_job_runner.py:240} INFO - Task exited with return code 0
[2024-07-14T13:11:46.610+0000] {taskinstance.py:3503} INFO - 0 downstream tasks scheduled from follow-on schedule check
[2024-07-14T13:11:46.614+0000] {local_task_job_runner.py:222} INFO - ::endgroup::
[2024-07-14T20:37:50.455+0000] {local_task_job_runner.py:120} INFO - ::group::Pre task execution logs
[2024-07-14T20:37:50.479+0000] {taskinstance.py:2076} INFO - Dependencies all met for dep_context=non-requeueable deps ti=<TaskInstance: fetch_spread_values.fetch_and_compute_spread_btc_mxn scheduled__2024-07-14T13:08:00+00:00 [queued]>
[2024-07-14T20:37:50.486+0000] {taskinstance.py:2076} INFO - Dependencies all met for dep_context=requeueable deps ti=<TaskInstance: fetch_spread_values.fetch_and_compute_spread_btc_mxn scheduled__2024-07-14T13:08:00+00:00 [queued]>
[2024-07-14T20:37:50.489+0000] {taskinstance.py:2306} INFO - Starting attempt 1 of 2
[2024-07-14T20:37:50.505+0000] {taskinstance.py:2330} INFO - Executing <Task(PythonOperator): fetch_and_compute_spread_btc_mxn> on 2024-07-14 13:08:00+00:00
[2024-07-14T20:37:50.512+0000] {logging_mixin.py:188} WARNING - /home/***/.local/lib/python3.12/site-packages/***/task/task_runner/standard_task_runner.py:61 DeprecationWarning: This process (pid=3642) is multi-threaded, use of fork() may lead to deadlocks in the child.
[2024-07-14T20:37:50.512+0000] {standard_task_runner.py:90} INFO - Running: ['***', 'tasks', 'run', 'fetch_spread_values', 'fetch_and_compute_spread_btc_mxn', 'scheduled__2024-07-14T13:08:00+00:00', '--job-id', '1704', '--raw', '--subdir', 'DAGS_FOLDER/***.py', '--cfg-path', '/tmp/tmpliextzol']
[2024-07-14T20:37:50.521+0000] {standard_task_runner.py:91} INFO - Job 1704: Subtask fetch_and_compute_spread_btc_mxn
[2024-07-14T20:37:50.520+0000] {standard_task_runner.py:63} INFO - Started process 3649 to run task
[2024-07-14T20:37:50.558+0000] {task_command.py:426} INFO - Running <TaskInstance: fetch_spread_values.fetch_and_compute_spread_btc_mxn scheduled__2024-07-14T13:08:00+00:00 [running]> on host 77caf7e4b282
[2024-07-14T20:37:50.626+0000] {taskinstance.py:2648} INFO - Exporting env vars: AIRFLOW_CTX_DAG_OWNER='***' AIRFLOW_CTX_DAG_ID='fetch_spread_values' AIRFLOW_CTX_TASK_ID='fetch_and_compute_spread_btc_mxn' AIRFLOW_CTX_EXECUTION_DATE='2024-07-14T13:08:00+00:00' AIRFLOW_CTX_TRY_NUMBER='1' AIRFLOW_CTX_DAG_RUN_ID='scheduled__2024-07-14T13:08:00+00:00'
[2024-07-14T20:37:50.629+0000] {taskinstance.py:430} INFO - ::endgroup::
[2024-07-14T20:37:50.784+0000] {python.py:237} INFO - Done. Returned value was: None
[2024-07-14T20:37:50.784+0000] {taskinstance.py:441} INFO - ::group::Post task execution logs
[2024-07-14T20:37:50.790+0000] {taskinstance.py:1206} INFO - Marking task as SUCCESS. dag_id=fetch_spread_values, task_id=fetch_and_compute_spread_btc_mxn, run_id=scheduled__2024-07-14T13:08:00+00:00, execution_date=20240714T130800, start_date=20240714T203750, end_date=20240714T203750
[2024-07-14T20:37:50.834+0000] {local_task_job_runner.py:240} INFO - Task exited with return code 0
[2024-07-14T20:37:50.844+0000] {taskinstance.py:3503} INFO - 0 downstream tasks scheduled from follow-on schedule check
[2024-07-14T20:37:50.845+0000] {local_task_job_runner.py:222} INFO - ::endgroup::
