[2024-07-14T09:03:34.558+0000] {local_task_job_runner.py:120} INFO - ::group::Pre task execution logs
[2024-07-14T09:03:34.617+0000] {taskinstance.py:2076} INFO - Dependencies all met for dep_context=non-requeueable deps ti=<TaskInstance: fetch_spread_values.fetch_and_compute_spread_btc_mxn scheduled__2024-07-14T07:25:00+00:00 [queued]>
[2024-07-14T09:03:34.636+0000] {taskinstance.py:2076} INFO - Dependencies all met for dep_context=requeueable deps ti=<TaskInstance: fetch_spread_values.fetch_and_compute_spread_btc_mxn scheduled__2024-07-14T07:25:00+00:00 [queued]>
[2024-07-14T09:03:34.641+0000] {taskinstance.py:2306} INFO - Starting attempt 1 of 2
[2024-07-14T09:03:34.668+0000] {taskinstance.py:2330} INFO - Executing <Task(PythonOperator): fetch_and_compute_spread_btc_mxn> on 2024-07-14 07:25:00+00:00
[2024-07-14T09:03:34.690+0000] {warnings.py:112} WARNING - /home/***/.local/lib/python3.12/site-packages/***/task/task_runner/standard_task_runner.py:61: DeprecationWarning: This process (pid=2869) is multi-threaded, use of fork() may lead to deadlocks in the child.
  pid = os.fork()

[2024-07-14T09:03:34.699+0000] {standard_task_runner.py:63} INFO - Started process 2890 to run task
[2024-07-14T09:03:34.691+0000] {standard_task_runner.py:90} INFO - Running: ['***', 'tasks', 'run', 'fetch_spread_values', 'fetch_and_compute_spread_btc_mxn', 'scheduled__2024-07-14T07:25:00+00:00', '--job-id', '919', '--raw', '--subdir', 'DAGS_FOLDER/***.py', '--cfg-path', '/tmp/tmpl_xg2a2a']
[2024-07-14T09:03:34.705+0000] {standard_task_runner.py:91} INFO - Job 919: Subtask fetch_and_compute_spread_btc_mxn
[2024-07-14T09:03:34.851+0000] {task_command.py:426} INFO - Running <TaskInstance: fetch_spread_values.fetch_and_compute_spread_btc_mxn scheduled__2024-07-14T07:25:00+00:00 [running]> on host d537c34a4880
[2024-07-14T09:03:35.067+0000] {taskinstance.py:2648} INFO - Exporting env vars: AIRFLOW_CTX_DAG_OWNER='***' AIRFLOW_CTX_DAG_ID='fetch_spread_values' AIRFLOW_CTX_TASK_ID='fetch_and_compute_spread_btc_mxn' AIRFLOW_CTX_EXECUTION_DATE='2024-07-14T07:25:00+00:00' AIRFLOW_CTX_TRY_NUMBER='1' AIRFLOW_CTX_DAG_RUN_ID='scheduled__2024-07-14T07:25:00+00:00'
[2024-07-14T09:03:35.071+0000] {taskinstance.py:430} INFO - ::endgroup::
[2024-07-14T09:03:35.443+0000] {python.py:237} INFO - Done. Returned value was: None
[2024-07-14T09:03:35.453+0000] {taskinstance.py:441} INFO - ::group::Post task execution logs
[2024-07-14T09:03:35.490+0000] {taskinstance.py:1206} INFO - Marking task as SUCCESS. dag_id=fetch_spread_values, task_id=fetch_and_compute_spread_btc_mxn, run_id=scheduled__2024-07-14T07:25:00+00:00, execution_date=20240714T072500, start_date=20240714T090334, end_date=20240714T090335
[2024-07-14T09:03:35.614+0000] {local_task_job_runner.py:240} INFO - Task exited with return code 0
[2024-07-14T09:03:35.691+0000] {taskinstance.py:3503} INFO - 0 downstream tasks scheduled from follow-on schedule check
[2024-07-14T09:03:35.699+0000] {local_task_job_runner.py:222} INFO - ::endgroup::
[2024-07-14T20:35:19.279+0000] {local_task_job_runner.py:120} INFO - ::group::Pre task execution logs
[2024-07-14T20:35:19.296+0000] {taskinstance.py:2076} INFO - Dependencies all met for dep_context=non-requeueable deps ti=<TaskInstance: fetch_spread_values.fetch_and_compute_spread_btc_mxn scheduled__2024-07-14T07:25:00+00:00 [queued]>
[2024-07-14T20:35:19.301+0000] {taskinstance.py:2076} INFO - Dependencies all met for dep_context=requeueable deps ti=<TaskInstance: fetch_spread_values.fetch_and_compute_spread_btc_mxn scheduled__2024-07-14T07:25:00+00:00 [queued]>
[2024-07-14T20:35:19.302+0000] {taskinstance.py:2306} INFO - Starting attempt 1 of 2
[2024-07-14T20:35:19.308+0000] {taskinstance.py:2330} INFO - Executing <Task(PythonOperator): fetch_and_compute_spread_btc_mxn> on 2024-07-14 07:25:00+00:00
[2024-07-14T20:35:19.311+0000] {logging_mixin.py:188} WARNING - /home/***/.local/lib/python3.12/site-packages/***/task/task_runner/standard_task_runner.py:61 DeprecationWarning: This process (pid=2189) is multi-threaded, use of fork() may lead to deadlocks in the child.
[2024-07-14T20:35:19.311+0000] {standard_task_runner.py:63} INFO - Started process 2191 to run task
[2024-07-14T20:35:19.311+0000] {standard_task_runner.py:90} INFO - Running: ['***', 'tasks', 'run', 'fetch_spread_values', 'fetch_and_compute_spread_btc_mxn', 'scheduled__2024-07-14T07:25:00+00:00', '--job-id', '988', '--raw', '--subdir', 'DAGS_FOLDER/***.py', '--cfg-path', '/tmp/tmp080hsyat']
[2024-07-14T20:35:19.312+0000] {standard_task_runner.py:91} INFO - Job 988: Subtask fetch_and_compute_spread_btc_mxn
[2024-07-14T20:35:19.341+0000] {task_command.py:426} INFO - Running <TaskInstance: fetch_spread_values.fetch_and_compute_spread_btc_mxn scheduled__2024-07-14T07:25:00+00:00 [running]> on host 77caf7e4b282
[2024-07-14T20:35:19.389+0000] {taskinstance.py:2648} INFO - Exporting env vars: AIRFLOW_CTX_DAG_OWNER='***' AIRFLOW_CTX_DAG_ID='fetch_spread_values' AIRFLOW_CTX_TASK_ID='fetch_and_compute_spread_btc_mxn' AIRFLOW_CTX_EXECUTION_DATE='2024-07-14T07:25:00+00:00' AIRFLOW_CTX_TRY_NUMBER='1' AIRFLOW_CTX_DAG_RUN_ID='scheduled__2024-07-14T07:25:00+00:00'
[2024-07-14T20:35:19.390+0000] {taskinstance.py:430} INFO - ::endgroup::
[2024-07-14T20:35:19.559+0000] {python.py:237} INFO - Done. Returned value was: None
[2024-07-14T20:35:19.559+0000] {taskinstance.py:441} INFO - ::group::Post task execution logs
[2024-07-14T20:35:19.571+0000] {taskinstance.py:1206} INFO - Marking task as SUCCESS. dag_id=fetch_spread_values, task_id=fetch_and_compute_spread_btc_mxn, run_id=scheduled__2024-07-14T07:25:00+00:00, execution_date=20240714T072500, start_date=20240714T203519, end_date=20240714T203519
[2024-07-14T20:35:19.614+0000] {local_task_job_runner.py:240} INFO - Task exited with return code 0
[2024-07-14T20:35:19.623+0000] {taskinstance.py:3503} INFO - 0 downstream tasks scheduled from follow-on schedule check
[2024-07-14T20:35:19.624+0000] {local_task_job_runner.py:222} INFO - ::endgroup::
