[2024-07-14T15:35:16.015+0000] {local_task_job_runner.py:120} INFO - ::group::Pre task execution logs
[2024-07-14T15:35:16.034+0000] {taskinstance.py:2076} INFO - Dependencies all met for dep_context=non-requeueable deps ti=<TaskInstance: fetch_spread_values.fetch_and_compute_spread_btc_mxn scheduled__2024-07-14T15:33:00+00:00 [queued]>
[2024-07-14T15:35:16.043+0000] {taskinstance.py:2076} INFO - Dependencies all met for dep_context=requeueable deps ti=<TaskInstance: fetch_spread_values.fetch_and_compute_spread_btc_mxn scheduled__2024-07-14T15:33:00+00:00 [queued]>
[2024-07-14T15:35:16.045+0000] {taskinstance.py:2306} INFO - Starting attempt 1 of 2
[2024-07-14T15:35:16.060+0000] {taskinstance.py:2330} INFO - Executing <Task(PythonOperator): fetch_and_compute_spread_btc_mxn> on 2024-07-14 15:33:00+00:00
[2024-07-14T15:35:16.067+0000] {warnings.py:112} WARNING - /home/***/.local/lib/python3.12/site-packages/***/task/task_runner/standard_task_runner.py:61: DeprecationWarning: This process (pid=6639) is multi-threaded, use of fork() may lead to deadlocks in the child.
  pid = os.fork()

[2024-07-14T15:35:16.071+0000] {standard_task_runner.py:63} INFO - Started process 6656 to run task
[2024-07-14T15:35:16.071+0000] {standard_task_runner.py:90} INFO - Running: ['***', 'tasks', 'run', 'fetch_spread_values', 'fetch_and_compute_spread_btc_mxn', 'scheduled__2024-07-14T15:33:00+00:00', '--job-id', '1999', '--raw', '--subdir', 'DAGS_FOLDER/***.py', '--cfg-path', '/tmp/tmp4ohd2lam']
[2024-07-14T15:35:16.073+0000] {standard_task_runner.py:91} INFO - Job 1999: Subtask fetch_and_compute_spread_btc_mxn
[2024-07-14T15:35:16.130+0000] {task_command.py:426} INFO - Running <TaskInstance: fetch_spread_values.fetch_and_compute_spread_btc_mxn scheduled__2024-07-14T15:33:00+00:00 [running]> on host d537c34a4880
[2024-07-14T15:35:16.203+0000] {taskinstance.py:2648} INFO - Exporting env vars: AIRFLOW_CTX_DAG_OWNER='***' AIRFLOW_CTX_DAG_ID='fetch_spread_values' AIRFLOW_CTX_TASK_ID='fetch_and_compute_spread_btc_mxn' AIRFLOW_CTX_EXECUTION_DATE='2024-07-14T15:33:00+00:00' AIRFLOW_CTX_TRY_NUMBER='1' AIRFLOW_CTX_DAG_RUN_ID='scheduled__2024-07-14T15:33:00+00:00'
[2024-07-14T15:35:16.204+0000] {taskinstance.py:430} INFO - ::endgroup::
[2024-07-14T15:35:16.532+0000] {python.py:237} INFO - Done. Returned value was: None
[2024-07-14T15:35:16.533+0000] {taskinstance.py:441} INFO - ::group::Post task execution logs
[2024-07-14T15:35:16.543+0000] {taskinstance.py:1206} INFO - Marking task as SUCCESS. dag_id=fetch_spread_values, task_id=fetch_and_compute_spread_btc_mxn, run_id=scheduled__2024-07-14T15:33:00+00:00, execution_date=20240714T153300, start_date=20240714T153516, end_date=20240714T153516
[2024-07-14T15:35:16.579+0000] {local_task_job_runner.py:240} INFO - Task exited with return code 0
[2024-07-14T15:35:16.595+0000] {taskinstance.py:3503} INFO - 0 downstream tasks scheduled from follow-on schedule check
[2024-07-14T15:35:16.596+0000] {local_task_job_runner.py:222} INFO - ::endgroup::
[2024-07-14T20:38:42.085+0000] {local_task_job_runner.py:120} INFO - ::group::Pre task execution logs
[2024-07-14T20:38:42.117+0000] {taskinstance.py:2076} INFO - Dependencies all met for dep_context=non-requeueable deps ti=<TaskInstance: fetch_spread_values.fetch_and_compute_spread_btc_mxn scheduled__2024-07-14T15:33:00+00:00 [queued]>
[2024-07-14T20:38:42.121+0000] {taskinstance.py:2076} INFO - Dependencies all met for dep_context=requeueable deps ti=<TaskInstance: fetch_spread_values.fetch_and_compute_spread_btc_mxn scheduled__2024-07-14T15:33:00+00:00 [queued]>
[2024-07-14T20:38:42.122+0000] {taskinstance.py:2306} INFO - Starting attempt 1 of 2
[2024-07-14T20:38:42.137+0000] {taskinstance.py:2330} INFO - Executing <Task(PythonOperator): fetch_and_compute_spread_btc_mxn> on 2024-07-14 15:33:00+00:00
[2024-07-14T20:38:42.141+0000] {logging_mixin.py:188} WARNING - /home/***/.local/lib/python3.12/site-packages/***/task/task_runner/standard_task_runner.py:61 DeprecationWarning: This process (pid=4226) is multi-threaded, use of fork() may lead to deadlocks in the child.
[2024-07-14T20:38:42.144+0000] {standard_task_runner.py:63} INFO - Started process 4234 to run task
[2024-07-14T20:38:42.142+0000] {standard_task_runner.py:90} INFO - Running: ['***', 'tasks', 'run', 'fetch_spread_values', 'fetch_and_compute_spread_btc_mxn', 'scheduled__2024-07-14T15:33:00+00:00', '--job-id', '1994', '--raw', '--subdir', 'DAGS_FOLDER/***.py', '--cfg-path', '/tmp/tmpl1l9486j']
[2024-07-14T20:38:42.148+0000] {standard_task_runner.py:91} INFO - Job 1994: Subtask fetch_and_compute_spread_btc_mxn
[2024-07-14T20:38:42.203+0000] {task_command.py:426} INFO - Running <TaskInstance: fetch_spread_values.fetch_and_compute_spread_btc_mxn scheduled__2024-07-14T15:33:00+00:00 [running]> on host 77caf7e4b282
[2024-07-14T20:38:42.274+0000] {taskinstance.py:2648} INFO - Exporting env vars: AIRFLOW_CTX_DAG_OWNER='***' AIRFLOW_CTX_DAG_ID='fetch_spread_values' AIRFLOW_CTX_TASK_ID='fetch_and_compute_spread_btc_mxn' AIRFLOW_CTX_EXECUTION_DATE='2024-07-14T15:33:00+00:00' AIRFLOW_CTX_TRY_NUMBER='1' AIRFLOW_CTX_DAG_RUN_ID='scheduled__2024-07-14T15:33:00+00:00'
[2024-07-14T20:38:42.275+0000] {taskinstance.py:430} INFO - ::endgroup::
[2024-07-14T20:38:42.428+0000] {python.py:237} INFO - Done. Returned value was: None
[2024-07-14T20:38:42.429+0000] {taskinstance.py:441} INFO - ::group::Post task execution logs
[2024-07-14T20:38:42.434+0000] {taskinstance.py:1206} INFO - Marking task as SUCCESS. dag_id=fetch_spread_values, task_id=fetch_and_compute_spread_btc_mxn, run_id=scheduled__2024-07-14T15:33:00+00:00, execution_date=20240714T153300, start_date=20240714T203842, end_date=20240714T203842
[2024-07-14T20:38:42.451+0000] {local_task_job_runner.py:240} INFO - Task exited with return code 0
[2024-07-14T20:38:42.460+0000] {taskinstance.py:3503} INFO - 0 downstream tasks scheduled from follow-on schedule check
[2024-07-14T20:38:42.462+0000] {local_task_job_runner.py:222} INFO - ::endgroup::
