[2024-07-14T15:07:40.621+0000] {local_task_job_runner.py:120} INFO - ::group::Pre task execution logs
[2024-07-14T15:07:40.673+0000] {taskinstance.py:2076} INFO - Dependencies all met for dep_context=non-requeueable deps ti=<TaskInstance: fetch_spread_values.fetch_and_compute_spread_btc_mxn scheduled__2024-07-14T15:00:00+00:00 [queued]>
[2024-07-14T15:07:40.717+0000] {taskinstance.py:2076} INFO - Dependencies all met for dep_context=requeueable deps ti=<TaskInstance: fetch_spread_values.fetch_and_compute_spread_btc_mxn scheduled__2024-07-14T15:00:00+00:00 [queued]>
[2024-07-14T15:07:40.718+0000] {taskinstance.py:2306} INFO - Starting attempt 1 of 2
[2024-07-14T15:07:40.734+0000] {taskinstance.py:2330} INFO - Executing <Task(PythonOperator): fetch_and_compute_spread_btc_mxn> on 2024-07-14 15:00:00+00:00
[2024-07-14T15:07:40.770+0000] {warnings.py:112} WARNING - /home/***/.local/lib/python3.12/site-packages/***/task/task_runner/standard_task_runner.py:61: DeprecationWarning: This process (pid=6412) is multi-threaded, use of fork() may lead to deadlocks in the child.
  pid = os.fork()

[2024-07-14T15:07:40.778+0000] {standard_task_runner.py:63} INFO - Started process 6436 to run task
[2024-07-14T15:07:40.774+0000] {standard_task_runner.py:90} INFO - Running: ['***', 'tasks', 'run', 'fetch_spread_values', 'fetch_and_compute_spread_btc_mxn', 'scheduled__2024-07-14T15:00:00+00:00', '--job-id', '1930', '--raw', '--subdir', 'DAGS_FOLDER/***.py', '--cfg-path', '/tmp/tmpvyirwato']
[2024-07-14T15:07:40.781+0000] {standard_task_runner.py:91} INFO - Job 1930: Subtask fetch_and_compute_spread_btc_mxn
[2024-07-14T15:07:40.885+0000] {task_command.py:426} INFO - Running <TaskInstance: fetch_spread_values.fetch_and_compute_spread_btc_mxn scheduled__2024-07-14T15:00:00+00:00 [running]> on host d537c34a4880
[2024-07-14T15:07:41.135+0000] {taskinstance.py:2648} INFO - Exporting env vars: AIRFLOW_CTX_DAG_OWNER='***' AIRFLOW_CTX_DAG_ID='fetch_spread_values' AIRFLOW_CTX_TASK_ID='fetch_and_compute_spread_btc_mxn' AIRFLOW_CTX_EXECUTION_DATE='2024-07-14T15:00:00+00:00' AIRFLOW_CTX_TRY_NUMBER='1' AIRFLOW_CTX_DAG_RUN_ID='scheduled__2024-07-14T15:00:00+00:00'
[2024-07-14T15:07:41.137+0000] {taskinstance.py:430} INFO - ::endgroup::
[2024-07-14T15:07:41.481+0000] {python.py:237} INFO - Done. Returned value was: None
[2024-07-14T15:07:41.506+0000] {taskinstance.py:441} INFO - ::group::Post task execution logs
[2024-07-14T15:07:41.537+0000] {taskinstance.py:1206} INFO - Marking task as SUCCESS. dag_id=fetch_spread_values, task_id=fetch_and_compute_spread_btc_mxn, run_id=scheduled__2024-07-14T15:00:00+00:00, execution_date=20240714T150000, start_date=20240714T150740, end_date=20240714T150741
[2024-07-14T15:07:41.627+0000] {local_task_job_runner.py:240} INFO - Task exited with return code 0
[2024-07-14T15:07:41.680+0000] {taskinstance.py:3503} INFO - 0 downstream tasks scheduled from follow-on schedule check
[2024-07-14T15:07:41.684+0000] {local_task_job_runner.py:222} INFO - ::endgroup::
[2024-07-14T20:38:30.687+0000] {local_task_job_runner.py:120} INFO - ::group::Pre task execution logs
[2024-07-14T20:38:30.749+0000] {taskinstance.py:2076} INFO - Dependencies all met for dep_context=non-requeueable deps ti=<TaskInstance: fetch_spread_values.fetch_and_compute_spread_btc_mxn scheduled__2024-07-14T15:00:00+00:00 [queued]>
[2024-07-14T20:38:30.759+0000] {taskinstance.py:2076} INFO - Dependencies all met for dep_context=requeueable deps ti=<TaskInstance: fetch_spread_values.fetch_and_compute_spread_btc_mxn scheduled__2024-07-14T15:00:00+00:00 [queued]>
[2024-07-14T20:38:30.762+0000] {taskinstance.py:2306} INFO - Starting attempt 1 of 2
[2024-07-14T20:38:30.776+0000] {taskinstance.py:2330} INFO - Executing <Task(PythonOperator): fetch_and_compute_spread_btc_mxn> on 2024-07-14 15:00:00+00:00
[2024-07-14T20:38:30.784+0000] {logging_mixin.py:188} WARNING - /home/***/.local/lib/python3.12/site-packages/***/task/task_runner/standard_task_runner.py:61 DeprecationWarning: This process (pid=4094) is multi-threaded, use of fork() may lead to deadlocks in the child.
[2024-07-14T20:38:30.787+0000] {standard_task_runner.py:63} INFO - Started process 4106 to run task
[2024-07-14T20:38:30.788+0000] {standard_task_runner.py:90} INFO - Running: ['***', 'tasks', 'run', 'fetch_spread_values', 'fetch_and_compute_spread_btc_mxn', 'scheduled__2024-07-14T15:00:00+00:00', '--job-id', '1928', '--raw', '--subdir', 'DAGS_FOLDER/***.py', '--cfg-path', '/tmp/tmpcspyovc9']
[2024-07-14T20:38:30.801+0000] {standard_task_runner.py:91} INFO - Job 1928: Subtask fetch_and_compute_spread_btc_mxn
[2024-07-14T20:38:30.882+0000] {task_command.py:426} INFO - Running <TaskInstance: fetch_spread_values.fetch_and_compute_spread_btc_mxn scheduled__2024-07-14T15:00:00+00:00 [running]> on host 77caf7e4b282
[2024-07-14T20:38:30.997+0000] {taskinstance.py:2648} INFO - Exporting env vars: AIRFLOW_CTX_DAG_OWNER='***' AIRFLOW_CTX_DAG_ID='fetch_spread_values' AIRFLOW_CTX_TASK_ID='fetch_and_compute_spread_btc_mxn' AIRFLOW_CTX_EXECUTION_DATE='2024-07-14T15:00:00+00:00' AIRFLOW_CTX_TRY_NUMBER='1' AIRFLOW_CTX_DAG_RUN_ID='scheduled__2024-07-14T15:00:00+00:00'
[2024-07-14T20:38:30.998+0000] {taskinstance.py:430} INFO - ::endgroup::
[2024-07-14T20:38:31.183+0000] {python.py:237} INFO - Done. Returned value was: None
[2024-07-14T20:38:31.184+0000] {taskinstance.py:441} INFO - ::group::Post task execution logs
[2024-07-14T20:38:31.190+0000] {taskinstance.py:1206} INFO - Marking task as SUCCESS. dag_id=fetch_spread_values, task_id=fetch_and_compute_spread_btc_mxn, run_id=scheduled__2024-07-14T15:00:00+00:00, execution_date=20240714T150000, start_date=20240714T203830, end_date=20240714T203831
[2024-07-14T20:38:31.218+0000] {local_task_job_runner.py:240} INFO - Task exited with return code 0
[2024-07-14T20:38:31.226+0000] {taskinstance.py:3503} INFO - 0 downstream tasks scheduled from follow-on schedule check
[2024-07-14T20:38:31.228+0000] {local_task_job_runner.py:222} INFO - ::endgroup::
