[2024-07-14T14:12:23.101+0000] {local_task_job_runner.py:120} INFO - ::group::Pre task execution logs
[2024-07-14T14:12:23.153+0000] {taskinstance.py:2076} INFO - Dependencies all met for dep_context=non-requeueable deps ti=<TaskInstance: fetch_spread_values.fetch_and_compute_spread_btc_mxn scheduled__2024-07-14T14:01:00+00:00 [queued]>
[2024-07-14T14:12:23.163+0000] {taskinstance.py:2076} INFO - Dependencies all met for dep_context=requeueable deps ti=<TaskInstance: fetch_spread_values.fetch_and_compute_spread_btc_mxn scheduled__2024-07-14T14:01:00+00:00 [queued]>
[2024-07-14T14:12:23.176+0000] {taskinstance.py:2306} INFO - Starting attempt 1 of 2
[2024-07-14T14:12:23.208+0000] {taskinstance.py:2330} INFO - Executing <Task(PythonOperator): fetch_and_compute_spread_btc_mxn> on 2024-07-14 14:01:00+00:00
[2024-07-14T14:12:23.224+0000] {warnings.py:112} WARNING - /home/***/.local/lib/python3.12/site-packages/***/task/task_runner/standard_task_runner.py:61: DeprecationWarning: This process (pid=5994) is multi-threaded, use of fork() may lead to deadlocks in the child.
  pid = os.fork()

[2024-07-14T14:12:23.228+0000] {standard_task_runner.py:63} INFO - Started process 6021 to run task
[2024-07-14T14:12:23.228+0000] {standard_task_runner.py:90} INFO - Running: ['***', 'tasks', 'run', 'fetch_spread_values', 'fetch_and_compute_spread_btc_mxn', 'scheduled__2024-07-14T14:01:00+00:00', '--job-id', '1803', '--raw', '--subdir', 'DAGS_FOLDER/***.py', '--cfg-path', '/tmp/tmpdkudgckb']
[2024-07-14T14:12:23.240+0000] {standard_task_runner.py:91} INFO - Job 1803: Subtask fetch_and_compute_spread_btc_mxn
[2024-07-14T14:12:23.301+0000] {task_command.py:426} INFO - Running <TaskInstance: fetch_spread_values.fetch_and_compute_spread_btc_mxn scheduled__2024-07-14T14:01:00+00:00 [running]> on host d537c34a4880
[2024-07-14T14:12:23.418+0000] {taskinstance.py:2648} INFO - Exporting env vars: AIRFLOW_CTX_DAG_OWNER='***' AIRFLOW_CTX_DAG_ID='fetch_spread_values' AIRFLOW_CTX_TASK_ID='fetch_and_compute_spread_btc_mxn' AIRFLOW_CTX_EXECUTION_DATE='2024-07-14T14:01:00+00:00' AIRFLOW_CTX_TRY_NUMBER='1' AIRFLOW_CTX_DAG_RUN_ID='scheduled__2024-07-14T14:01:00+00:00'
[2024-07-14T14:12:23.420+0000] {taskinstance.py:430} INFO - ::endgroup::
[2024-07-14T14:12:23.663+0000] {python.py:237} INFO - Done. Returned value was: None
[2024-07-14T14:12:23.666+0000] {taskinstance.py:441} INFO - ::group::Post task execution logs
[2024-07-14T14:12:23.677+0000] {taskinstance.py:1206} INFO - Marking task as SUCCESS. dag_id=fetch_spread_values, task_id=fetch_and_compute_spread_btc_mxn, run_id=scheduled__2024-07-14T14:01:00+00:00, execution_date=20240714T140100, start_date=20240714T141223, end_date=20240714T141223
[2024-07-14T14:12:23.711+0000] {local_task_job_runner.py:240} INFO - Task exited with return code 0
[2024-07-14T14:12:23.725+0000] {taskinstance.py:3503} INFO - 0 downstream tasks scheduled from follow-on schedule check
[2024-07-14T14:12:23.727+0000] {local_task_job_runner.py:222} INFO - ::endgroup::
[2024-07-14T20:38:13.158+0000] {local_task_job_runner.py:120} INFO - ::group::Pre task execution logs
[2024-07-14T20:38:13.192+0000] {taskinstance.py:2076} INFO - Dependencies all met for dep_context=non-requeueable deps ti=<TaskInstance: fetch_spread_values.fetch_and_compute_spread_btc_mxn scheduled__2024-07-14T14:01:00+00:00 [queued]>
[2024-07-14T20:38:13.200+0000] {taskinstance.py:2076} INFO - Dependencies all met for dep_context=requeueable deps ti=<TaskInstance: fetch_spread_values.fetch_and_compute_spread_btc_mxn scheduled__2024-07-14T14:01:00+00:00 [queued]>
[2024-07-14T20:38:13.201+0000] {taskinstance.py:2306} INFO - Starting attempt 1 of 2
[2024-07-14T20:38:13.213+0000] {taskinstance.py:2330} INFO - Executing <Task(PythonOperator): fetch_and_compute_spread_btc_mxn> on 2024-07-14 14:01:00+00:00
[2024-07-14T20:38:13.220+0000] {logging_mixin.py:188} WARNING - /home/***/.local/lib/python3.12/site-packages/***/task/task_runner/standard_task_runner.py:61 DeprecationWarning: This process (pid=3855) is multi-threaded, use of fork() may lead to deadlocks in the child.
[2024-07-14T20:38:13.225+0000] {standard_task_runner.py:63} INFO - Started process 3866 to run task
[2024-07-14T20:38:13.220+0000] {standard_task_runner.py:90} INFO - Running: ['***', 'tasks', 'run', 'fetch_spread_values', 'fetch_and_compute_spread_btc_mxn', 'scheduled__2024-07-14T14:01:00+00:00', '--job-id', '1810', '--raw', '--subdir', 'DAGS_FOLDER/***.py', '--cfg-path', '/tmp/tmpapxgiegf']
[2024-07-14T20:38:13.227+0000] {standard_task_runner.py:91} INFO - Job 1810: Subtask fetch_and_compute_spread_btc_mxn
[2024-07-14T20:38:13.276+0000] {task_command.py:426} INFO - Running <TaskInstance: fetch_spread_values.fetch_and_compute_spread_btc_mxn scheduled__2024-07-14T14:01:00+00:00 [running]> on host 77caf7e4b282
[2024-07-14T20:38:13.351+0000] {taskinstance.py:2648} INFO - Exporting env vars: AIRFLOW_CTX_DAG_OWNER='***' AIRFLOW_CTX_DAG_ID='fetch_spread_values' AIRFLOW_CTX_TASK_ID='fetch_and_compute_spread_btc_mxn' AIRFLOW_CTX_EXECUTION_DATE='2024-07-14T14:01:00+00:00' AIRFLOW_CTX_TRY_NUMBER='1' AIRFLOW_CTX_DAG_RUN_ID='scheduled__2024-07-14T14:01:00+00:00'
[2024-07-14T20:38:13.353+0000] {taskinstance.py:430} INFO - ::endgroup::
[2024-07-14T20:38:13.539+0000] {python.py:237} INFO - Done. Returned value was: None
[2024-07-14T20:38:13.543+0000] {taskinstance.py:441} INFO - ::group::Post task execution logs
[2024-07-14T20:38:13.553+0000] {taskinstance.py:1206} INFO - Marking task as SUCCESS. dag_id=fetch_spread_values, task_id=fetch_and_compute_spread_btc_mxn, run_id=scheduled__2024-07-14T14:01:00+00:00, execution_date=20240714T140100, start_date=20240714T203813, end_date=20240714T203813
[2024-07-14T20:38:13.613+0000] {local_task_job_runner.py:240} INFO - Task exited with return code 0
[2024-07-14T20:38:13.646+0000] {taskinstance.py:3503} INFO - 0 downstream tasks scheduled from follow-on schedule check
[2024-07-14T20:38:13.656+0000] {local_task_job_runner.py:222} INFO - ::endgroup::
