[2024-07-14T08:59:52.242+0000] {local_task_job_runner.py:120} INFO - ::group::Pre task execution logs
[2024-07-14T08:59:52.315+0000] {taskinstance.py:2076} INFO - Dependencies all met for dep_context=non-requeueable deps ti=<TaskInstance: fetch_spread_values.fetch_and_compute_spread_btc_mxn scheduled__2024-07-14T03:14:00+00:00 [queued]>
[2024-07-14T08:59:52.380+0000] {taskinstance.py:2076} INFO - Dependencies all met for dep_context=requeueable deps ti=<TaskInstance: fetch_spread_values.fetch_and_compute_spread_btc_mxn scheduled__2024-07-14T03:14:00+00:00 [queued]>
[2024-07-14T08:59:52.386+0000] {taskinstance.py:2306} INFO - Starting attempt 1 of 2
[2024-07-14T08:59:52.430+0000] {taskinstance.py:2330} INFO - Executing <Task(PythonOperator): fetch_and_compute_spread_btc_mxn> on 2024-07-14 03:14:00+00:00
[2024-07-14T08:59:52.471+0000] {standard_task_runner.py:90} INFO - Running: ['***', 'tasks', 'run', 'fetch_spread_values', 'fetch_and_compute_spread_btc_mxn', 'scheduled__2024-07-14T03:14:00+00:00', '--job-id', '416', '--raw', '--subdir', 'DAGS_FOLDER/***.py', '--cfg-path', '/tmp/tmpbv1l3rw7']
[2024-07-14T08:59:52.468+0000] {warnings.py:112} WARNING - /home/***/.local/lib/python3.12/site-packages/***/task/task_runner/standard_task_runner.py:61: DeprecationWarning: This process (pid=1316) is multi-threaded, use of fork() may lead to deadlocks in the child.
  pid = os.fork()

[2024-07-14T08:59:52.479+0000] {standard_task_runner.py:63} INFO - Started process 1339 to run task
[2024-07-14T08:59:52.477+0000] {standard_task_runner.py:91} INFO - Job 416: Subtask fetch_and_compute_spread_btc_mxn
[2024-07-14T08:59:52.651+0000] {task_command.py:426} INFO - Running <TaskInstance: fetch_spread_values.fetch_and_compute_spread_btc_mxn scheduled__2024-07-14T03:14:00+00:00 [running]> on host d537c34a4880
[2024-07-14T08:59:53.110+0000] {taskinstance.py:2648} INFO - Exporting env vars: AIRFLOW_CTX_DAG_OWNER='***' AIRFLOW_CTX_DAG_ID='fetch_spread_values' AIRFLOW_CTX_TASK_ID='fetch_and_compute_spread_btc_mxn' AIRFLOW_CTX_EXECUTION_DATE='2024-07-14T03:14:00+00:00' AIRFLOW_CTX_TRY_NUMBER='1' AIRFLOW_CTX_DAG_RUN_ID='scheduled__2024-07-14T03:14:00+00:00'
[2024-07-14T08:59:53.124+0000] {taskinstance.py:430} INFO - ::endgroup::
[2024-07-14T08:59:53.436+0000] {python.py:237} INFO - Done. Returned value was: None
[2024-07-14T08:59:53.477+0000] {taskinstance.py:441} INFO - ::group::Post task execution logs
[2024-07-14T08:59:53.531+0000] {taskinstance.py:1206} INFO - Marking task as SUCCESS. dag_id=fetch_spread_values, task_id=fetch_and_compute_spread_btc_mxn, run_id=scheduled__2024-07-14T03:14:00+00:00, execution_date=20240714T031400, start_date=20240714T085952, end_date=20240714T085953
[2024-07-14T08:59:53.705+0000] {local_task_job_runner.py:240} INFO - Task exited with return code 0
[2024-07-14T08:59:53.863+0000] {taskinstance.py:3503} INFO - 0 downstream tasks scheduled from follow-on schedule check
[2024-07-14T08:59:53.895+0000] {local_task_job_runner.py:222} INFO - ::endgroup::
[2024-07-14T20:33:35.756+0000] {local_task_job_runner.py:120} INFO - ::group::Pre task execution logs
[2024-07-14T20:33:35.776+0000] {taskinstance.py:2076} INFO - Dependencies all met for dep_context=non-requeueable deps ti=<TaskInstance: fetch_spread_values.fetch_and_compute_spread_btc_mxn scheduled__2024-07-14T03:14:00+00:00 [queued]>
[2024-07-14T20:33:35.783+0000] {taskinstance.py:2076} INFO - Dependencies all met for dep_context=requeueable deps ti=<TaskInstance: fetch_spread_values.fetch_and_compute_spread_btc_mxn scheduled__2024-07-14T03:14:00+00:00 [queued]>
[2024-07-14T20:33:35.783+0000] {taskinstance.py:2306} INFO - Starting attempt 1 of 2
[2024-07-14T20:33:35.792+0000] {taskinstance.py:2330} INFO - Executing <Task(PythonOperator): fetch_and_compute_spread_btc_mxn> on 2024-07-14 03:14:00+00:00
[2024-07-14T20:33:35.798+0000] {logging_mixin.py:188} WARNING - /home/***/.local/lib/python3.12/site-packages/***/task/task_runner/standard_task_runner.py:61 DeprecationWarning: This process (pid=979) is multi-threaded, use of fork() may lead to deadlocks in the child.
[2024-07-14T20:33:35.799+0000] {standard_task_runner.py:90} INFO - Running: ['***', 'tasks', 'run', 'fetch_spread_values', 'fetch_and_compute_spread_btc_mxn', 'scheduled__2024-07-14T03:14:00+00:00', '--job-id', '394', '--raw', '--subdir', 'DAGS_FOLDER/***.py', '--cfg-path', '/tmp/tmpy7nsi7ds']
[2024-07-14T20:33:35.801+0000] {standard_task_runner.py:63} INFO - Started process 985 to run task
[2024-07-14T20:33:35.802+0000] {standard_task_runner.py:91} INFO - Job 394: Subtask fetch_and_compute_spread_btc_mxn
[2024-07-14T20:33:35.866+0000] {task_command.py:426} INFO - Running <TaskInstance: fetch_spread_values.fetch_and_compute_spread_btc_mxn scheduled__2024-07-14T03:14:00+00:00 [running]> on host 77caf7e4b282
[2024-07-14T20:33:35.953+0000] {taskinstance.py:2648} INFO - Exporting env vars: AIRFLOW_CTX_DAG_OWNER='***' AIRFLOW_CTX_DAG_ID='fetch_spread_values' AIRFLOW_CTX_TASK_ID='fetch_and_compute_spread_btc_mxn' AIRFLOW_CTX_EXECUTION_DATE='2024-07-14T03:14:00+00:00' AIRFLOW_CTX_TRY_NUMBER='1' AIRFLOW_CTX_DAG_RUN_ID='scheduled__2024-07-14T03:14:00+00:00'
[2024-07-14T20:33:35.955+0000] {taskinstance.py:430} INFO - ::endgroup::
[2024-07-14T20:33:36.206+0000] {python.py:237} INFO - Done. Returned value was: None
[2024-07-14T20:33:36.207+0000] {taskinstance.py:441} INFO - ::group::Post task execution logs
[2024-07-14T20:33:36.232+0000] {taskinstance.py:1206} INFO - Marking task as SUCCESS. dag_id=fetch_spread_values, task_id=fetch_and_compute_spread_btc_mxn, run_id=scheduled__2024-07-14T03:14:00+00:00, execution_date=20240714T031400, start_date=20240714T203335, end_date=20240714T203336
[2024-07-14T20:33:36.281+0000] {local_task_job_runner.py:240} INFO - Task exited with return code 0
[2024-07-14T20:33:36.297+0000] {local_task_job_runner.py:222} INFO - ::endgroup::
