[2024-07-14T08:59:18.875+0000] {local_task_job_runner.py:120} INFO - ::group::Pre task execution logs
[2024-07-14T08:59:18.905+0000] {taskinstance.py:2076} INFO - Dependencies all met for dep_context=non-requeueable deps ti=<TaskInstance: fetch_spread_values.fetch_and_compute_spread_btc_mxn scheduled__2024-07-14T02:44:00+00:00 [queued]>
[2024-07-14T08:59:18.922+0000] {taskinstance.py:2076} INFO - Dependencies all met for dep_context=requeueable deps ti=<TaskInstance: fetch_spread_values.fetch_and_compute_spread_btc_mxn scheduled__2024-07-14T02:44:00+00:00 [queued]>
[2024-07-14T08:59:18.924+0000] {taskinstance.py:2306} INFO - Starting attempt 1 of 2
[2024-07-14T08:59:18.957+0000] {taskinstance.py:2330} INFO - Executing <Task(PythonOperator): fetch_and_compute_spread_btc_mxn> on 2024-07-14 02:44:00+00:00
[2024-07-14T08:59:18.969+0000] {warnings.py:112} WARNING - /home/***/.local/lib/python3.12/site-packages/***/task/task_runner/standard_task_runner.py:61: DeprecationWarning: This process (pid=1130) is multi-threaded, use of fork() may lead to deadlocks in the child.
  pid = os.fork()

[2024-07-14T08:59:18.982+0000] {standard_task_runner.py:63} INFO - Started process 1153 to run task
[2024-07-14T08:59:18.975+0000] {standard_task_runner.py:90} INFO - Running: ['***', 'tasks', 'run', 'fetch_spread_values', 'fetch_and_compute_spread_btc_mxn', 'scheduled__2024-07-14T02:44:00+00:00', '--job-id', '359', '--raw', '--subdir', 'DAGS_FOLDER/***.py', '--cfg-path', '/tmp/tmpo04501ao']
[2024-07-14T08:59:18.988+0000] {standard_task_runner.py:91} INFO - Job 359: Subtask fetch_and_compute_spread_btc_mxn
[2024-07-14T08:59:19.113+0000] {task_command.py:426} INFO - Running <TaskInstance: fetch_spread_values.fetch_and_compute_spread_btc_mxn scheduled__2024-07-14T02:44:00+00:00 [running]> on host d537c34a4880
[2024-07-14T08:59:19.324+0000] {taskinstance.py:2648} INFO - Exporting env vars: AIRFLOW_CTX_DAG_OWNER='***' AIRFLOW_CTX_DAG_ID='fetch_spread_values' AIRFLOW_CTX_TASK_ID='fetch_and_compute_spread_btc_mxn' AIRFLOW_CTX_EXECUTION_DATE='2024-07-14T02:44:00+00:00' AIRFLOW_CTX_TRY_NUMBER='1' AIRFLOW_CTX_DAG_RUN_ID='scheduled__2024-07-14T02:44:00+00:00'
[2024-07-14T08:59:19.332+0000] {taskinstance.py:430} INFO - ::endgroup::
[2024-07-14T08:59:19.513+0000] {python.py:237} INFO - Done. Returned value was: None
[2024-07-14T08:59:19.515+0000] {taskinstance.py:441} INFO - ::group::Post task execution logs
[2024-07-14T08:59:19.534+0000] {taskinstance.py:1206} INFO - Marking task as SUCCESS. dag_id=fetch_spread_values, task_id=fetch_and_compute_spread_btc_mxn, run_id=scheduled__2024-07-14T02:44:00+00:00, execution_date=20240714T024400, start_date=20240714T085918, end_date=20240714T085919
[2024-07-14T08:59:19.569+0000] {local_task_job_runner.py:240} INFO - Task exited with return code 0
[2024-07-14T08:59:19.615+0000] {taskinstance.py:3503} INFO - 0 downstream tasks scheduled from follow-on schedule check
[2024-07-14T08:59:19.616+0000] {local_task_job_runner.py:222} INFO - ::endgroup::
[2024-07-14T20:33:24.581+0000] {local_task_job_runner.py:120} INFO - ::group::Pre task execution logs
[2024-07-14T20:33:24.600+0000] {taskinstance.py:2076} INFO - Dependencies all met for dep_context=non-requeueable deps ti=<TaskInstance: fetch_spread_values.fetch_and_compute_spread_btc_mxn scheduled__2024-07-14T02:44:00+00:00 [queued]>
[2024-07-14T20:33:24.606+0000] {taskinstance.py:2076} INFO - Dependencies all met for dep_context=requeueable deps ti=<TaskInstance: fetch_spread_values.fetch_and_compute_spread_btc_mxn scheduled__2024-07-14T02:44:00+00:00 [queued]>
[2024-07-14T20:33:24.607+0000] {taskinstance.py:2306} INFO - Starting attempt 1 of 2
[2024-07-14T20:33:24.614+0000] {taskinstance.py:2330} INFO - Executing <Task(PythonOperator): fetch_and_compute_spread_btc_mxn> on 2024-07-14 02:44:00+00:00
[2024-07-14T20:33:24.618+0000] {logging_mixin.py:188} WARNING - /home/***/.local/lib/python3.12/site-packages/***/task/task_runner/standard_task_runner.py:61 DeprecationWarning: This process (pid=856) is multi-threaded, use of fork() may lead to deadlocks in the child.
[2024-07-14T20:33:24.619+0000] {standard_task_runner.py:90} INFO - Running: ['***', 'tasks', 'run', 'fetch_spread_values', 'fetch_and_compute_spread_btc_mxn', 'scheduled__2024-07-14T02:44:00+00:00', '--job-id', '333', '--raw', '--subdir', 'DAGS_FOLDER/***.py', '--cfg-path', '/tmp/tmpqmjfwrc1']
[2024-07-14T20:33:24.620+0000] {standard_task_runner.py:63} INFO - Started process 861 to run task
[2024-07-14T20:33:24.621+0000] {standard_task_runner.py:91} INFO - Job 333: Subtask fetch_and_compute_spread_btc_mxn
[2024-07-14T20:33:24.651+0000] {task_command.py:426} INFO - Running <TaskInstance: fetch_spread_values.fetch_and_compute_spread_btc_mxn scheduled__2024-07-14T02:44:00+00:00 [running]> on host 77caf7e4b282
[2024-07-14T20:33:24.703+0000] {taskinstance.py:2648} INFO - Exporting env vars: AIRFLOW_CTX_DAG_OWNER='***' AIRFLOW_CTX_DAG_ID='fetch_spread_values' AIRFLOW_CTX_TASK_ID='fetch_and_compute_spread_btc_mxn' AIRFLOW_CTX_EXECUTION_DATE='2024-07-14T02:44:00+00:00' AIRFLOW_CTX_TRY_NUMBER='1' AIRFLOW_CTX_DAG_RUN_ID='scheduled__2024-07-14T02:44:00+00:00'
[2024-07-14T20:33:24.704+0000] {taskinstance.py:430} INFO - ::endgroup::
[2024-07-14T20:33:24.857+0000] {python.py:237} INFO - Done. Returned value was: None
[2024-07-14T20:33:24.858+0000] {taskinstance.py:441} INFO - ::group::Post task execution logs
[2024-07-14T20:33:24.863+0000] {taskinstance.py:1206} INFO - Marking task as SUCCESS. dag_id=fetch_spread_values, task_id=fetch_and_compute_spread_btc_mxn, run_id=scheduled__2024-07-14T02:44:00+00:00, execution_date=20240714T024400, start_date=20240714T203324, end_date=20240714T203324
[2024-07-14T20:33:24.883+0000] {local_task_job_runner.py:240} INFO - Task exited with return code 0
[2024-07-14T20:33:24.893+0000] {taskinstance.py:3503} INFO - 0 downstream tasks scheduled from follow-on schedule check
[2024-07-14T20:33:24.894+0000] {local_task_job_runner.py:222} INFO - ::endgroup::
