[2024-07-14T09:00:43.283+0000] {local_task_job_runner.py:120} INFO - ::group::Pre task execution logs
[2024-07-14T09:00:43.317+0000] {taskinstance.py:2076} INFO - Dependencies all met for dep_context=non-requeueable deps ti=<TaskInstance: fetch_spread_values.fetch_and_compute_spread_btc_mxn scheduled__2024-07-14T04:08:00+00:00 [queued]>
[2024-07-14T09:00:43.335+0000] {taskinstance.py:2076} INFO - Dependencies all met for dep_context=requeueable deps ti=<TaskInstance: fetch_spread_values.fetch_and_compute_spread_btc_mxn scheduled__2024-07-14T04:08:00+00:00 [queued]>
[2024-07-14T09:00:43.341+0000] {taskinstance.py:2306} INFO - Starting attempt 1 of 2
[2024-07-14T09:00:43.388+0000] {taskinstance.py:2330} INFO - Executing <Task(PythonOperator): fetch_and_compute_spread_btc_mxn> on 2024-07-14 04:08:00+00:00
[2024-07-14T09:00:43.406+0000] {warnings.py:112} WARNING - /home/***/.local/lib/python3.12/site-packages/***/task/task_runner/standard_task_runner.py:61: DeprecationWarning: This process (pid=1643) is multi-threaded, use of fork() may lead to deadlocks in the child.
  pid = os.fork()

[2024-07-14T09:00:43.413+0000] {standard_task_runner.py:90} INFO - Running: ['***', 'tasks', 'run', 'fetch_spread_values', 'fetch_and_compute_spread_btc_mxn', 'scheduled__2024-07-14T04:08:00+00:00', '--job-id', '526', '--raw', '--subdir', 'DAGS_FOLDER/***.py', '--cfg-path', '/tmp/tmp4q7mpc8u']
[2024-07-14T09:00:43.422+0000] {standard_task_runner.py:63} INFO - Started process 1673 to run task
[2024-07-14T09:00:43.424+0000] {standard_task_runner.py:91} INFO - Job 526: Subtask fetch_and_compute_spread_btc_mxn
[2024-07-14T09:00:43.482+0000] {task_command.py:426} INFO - Running <TaskInstance: fetch_spread_values.fetch_and_compute_spread_btc_mxn scheduled__2024-07-14T04:08:00+00:00 [running]> on host d537c34a4880
[2024-07-14T09:00:43.569+0000] {taskinstance.py:2648} INFO - Exporting env vars: AIRFLOW_CTX_DAG_OWNER='***' AIRFLOW_CTX_DAG_ID='fetch_spread_values' AIRFLOW_CTX_TASK_ID='fetch_and_compute_spread_btc_mxn' AIRFLOW_CTX_EXECUTION_DATE='2024-07-14T04:08:00+00:00' AIRFLOW_CTX_TRY_NUMBER='1' AIRFLOW_CTX_DAG_RUN_ID='scheduled__2024-07-14T04:08:00+00:00'
[2024-07-14T09:00:43.572+0000] {taskinstance.py:430} INFO - ::endgroup::
[2024-07-14T09:00:43.743+0000] {python.py:237} INFO - Done. Returned value was: None
[2024-07-14T09:00:43.750+0000] {taskinstance.py:441} INFO - ::group::Post task execution logs
[2024-07-14T09:00:43.761+0000] {taskinstance.py:1206} INFO - Marking task as SUCCESS. dag_id=fetch_spread_values, task_id=fetch_and_compute_spread_btc_mxn, run_id=scheduled__2024-07-14T04:08:00+00:00, execution_date=20240714T040800, start_date=20240714T090043, end_date=20240714T090043
[2024-07-14T09:00:43.823+0000] {local_task_job_runner.py:240} INFO - Task exited with return code 0
[2024-07-14T09:00:43.873+0000] {taskinstance.py:3503} INFO - 0 downstream tasks scheduled from follow-on schedule check
[2024-07-14T09:00:43.875+0000] {local_task_job_runner.py:222} INFO - ::endgroup::
[2024-07-14T20:33:54.341+0000] {local_task_job_runner.py:120} INFO - ::group::Pre task execution logs
[2024-07-14T20:33:54.386+0000] {taskinstance.py:2076} INFO - Dependencies all met for dep_context=non-requeueable deps ti=<TaskInstance: fetch_spread_values.fetch_and_compute_spread_btc_mxn scheduled__2024-07-14T04:08:00+00:00 [queued]>
[2024-07-14T20:33:54.407+0000] {taskinstance.py:2076} INFO - Dependencies all met for dep_context=requeueable deps ti=<TaskInstance: fetch_spread_values.fetch_and_compute_spread_btc_mxn scheduled__2024-07-14T04:08:00+00:00 [queued]>
[2024-07-14T20:33:54.411+0000] {taskinstance.py:2306} INFO - Starting attempt 1 of 2
[2024-07-14T20:33:54.546+0000] {taskinstance.py:2330} INFO - Executing <Task(PythonOperator): fetch_and_compute_spread_btc_mxn> on 2024-07-14 04:08:00+00:00
[2024-07-14T20:33:54.566+0000] {standard_task_runner.py:90} INFO - Running: ['***', 'tasks', 'run', 'fetch_spread_values', 'fetch_and_compute_spread_btc_mxn', 'scheduled__2024-07-14T04:08:00+00:00', '--job-id', '501', '--raw', '--subdir', 'DAGS_FOLDER/***.py', '--cfg-path', '/tmp/tmpn7o99dts']
[2024-07-14T20:33:54.569+0000] {logging_mixin.py:188} WARNING - /home/***/.local/lib/python3.12/site-packages/***/task/task_runner/standard_task_runner.py:61 DeprecationWarning: This process (pid=1193) is multi-threaded, use of fork() may lead to deadlocks in the child.
[2024-07-14T20:33:54.580+0000] {standard_task_runner.py:63} INFO - Started process 1208 to run task
[2024-07-14T20:33:54.575+0000] {standard_task_runner.py:91} INFO - Job 501: Subtask fetch_and_compute_spread_btc_mxn
[2024-07-14T20:33:54.686+0000] {task_command.py:426} INFO - Running <TaskInstance: fetch_spread_values.fetch_and_compute_spread_btc_mxn scheduled__2024-07-14T04:08:00+00:00 [running]> on host 77caf7e4b282
[2024-07-14T20:33:54.850+0000] {taskinstance.py:2648} INFO - Exporting env vars: AIRFLOW_CTX_DAG_OWNER='***' AIRFLOW_CTX_DAG_ID='fetch_spread_values' AIRFLOW_CTX_TASK_ID='fetch_and_compute_spread_btc_mxn' AIRFLOW_CTX_EXECUTION_DATE='2024-07-14T04:08:00+00:00' AIRFLOW_CTX_TRY_NUMBER='1' AIRFLOW_CTX_DAG_RUN_ID='scheduled__2024-07-14T04:08:00+00:00'
[2024-07-14T20:33:54.858+0000] {taskinstance.py:430} INFO - ::endgroup::
[2024-07-14T20:33:55.117+0000] {python.py:237} INFO - Done. Returned value was: None
[2024-07-14T20:33:55.118+0000] {taskinstance.py:441} INFO - ::group::Post task execution logs
[2024-07-14T20:33:55.125+0000] {taskinstance.py:1206} INFO - Marking task as SUCCESS. dag_id=fetch_spread_values, task_id=fetch_and_compute_spread_btc_mxn, run_id=scheduled__2024-07-14T04:08:00+00:00, execution_date=20240714T040800, start_date=20240714T203354, end_date=20240714T203355
[2024-07-14T20:33:55.162+0000] {local_task_job_runner.py:240} INFO - Task exited with return code 0
[2024-07-14T20:33:55.192+0000] {taskinstance.py:3503} INFO - 0 downstream tasks scheduled from follow-on schedule check
[2024-07-14T20:33:55.196+0000] {local_task_job_runner.py:222} INFO - ::endgroup::
