[2024-07-14T15:07:41.386+0000] {local_task_job_runner.py:120} INFO - ::group::Pre task execution logs
[2024-07-14T15:07:41.423+0000] {taskinstance.py:2076} INFO - Dependencies all met for dep_context=non-requeueable deps ti=<TaskInstance: fetch_spread_values.fetch_and_compute_spread_usd_mxn scheduled__2024-07-14T15:02:00+00:00 [queued]>
[2024-07-14T15:07:41.438+0000] {taskinstance.py:2076} INFO - Dependencies all met for dep_context=requeueable deps ti=<TaskInstance: fetch_spread_values.fetch_and_compute_spread_usd_mxn scheduled__2024-07-14T15:02:00+00:00 [queued]>
[2024-07-14T15:07:41.451+0000] {taskinstance.py:2306} INFO - Starting attempt 1 of 2
[2024-07-14T15:07:41.509+0000] {taskinstance.py:2330} INFO - Executing <Task(PythonOperator): fetch_and_compute_spread_usd_mxn> on 2024-07-14 15:02:00+00:00
[2024-07-14T15:07:41.530+0000] {warnings.py:112} WARNING - /home/***/.local/lib/python3.12/site-packages/***/task/task_runner/standard_task_runner.py:61: DeprecationWarning: This process (pid=6417) is multi-threaded, use of fork() may lead to deadlocks in the child.
  pid = os.fork()

[2024-07-14T15:07:41.545+0000] {standard_task_runner.py:63} INFO - Started process 6443 to run task
[2024-07-14T15:07:41.536+0000] {standard_task_runner.py:90} INFO - Running: ['***', 'tasks', 'run', 'fetch_spread_values', 'fetch_and_compute_spread_usd_mxn', 'scheduled__2024-07-14T15:02:00+00:00', '--job-id', '1933', '--raw', '--subdir', 'DAGS_FOLDER/***.py', '--cfg-path', '/tmp/tmp_ujban87']
[2024-07-14T15:07:41.555+0000] {standard_task_runner.py:91} INFO - Job 1933: Subtask fetch_and_compute_spread_usd_mxn
[2024-07-14T15:07:41.675+0000] {task_command.py:426} INFO - Running <TaskInstance: fetch_spread_values.fetch_and_compute_spread_usd_mxn scheduled__2024-07-14T15:02:00+00:00 [running]> on host d537c34a4880
[2024-07-14T15:07:41.896+0000] {taskinstance.py:2648} INFO - Exporting env vars: AIRFLOW_CTX_DAG_OWNER='***' AIRFLOW_CTX_DAG_ID='fetch_spread_values' AIRFLOW_CTX_TASK_ID='fetch_and_compute_spread_usd_mxn' AIRFLOW_CTX_EXECUTION_DATE='2024-07-14T15:02:00+00:00' AIRFLOW_CTX_TRY_NUMBER='1' AIRFLOW_CTX_DAG_RUN_ID='scheduled__2024-07-14T15:02:00+00:00'
[2024-07-14T15:07:41.912+0000] {taskinstance.py:430} INFO - ::endgroup::
[2024-07-14T15:07:42.151+0000] {python.py:237} INFO - Done. Returned value was: None
[2024-07-14T15:07:42.153+0000] {taskinstance.py:441} INFO - ::group::Post task execution logs
[2024-07-14T15:07:42.177+0000] {taskinstance.py:1206} INFO - Marking task as SUCCESS. dag_id=fetch_spread_values, task_id=fetch_and_compute_spread_usd_mxn, run_id=scheduled__2024-07-14T15:02:00+00:00, execution_date=20240714T150200, start_date=20240714T150741, end_date=20240714T150742
[2024-07-14T15:07:42.221+0000] {local_task_job_runner.py:240} INFO - Task exited with return code 0
[2024-07-14T15:07:42.239+0000] {local_task_job_runner.py:222} INFO - ::endgroup::
[2024-07-14T20:38:30.832+0000] {local_task_job_runner.py:120} INFO - ::group::Pre task execution logs
[2024-07-14T20:38:30.857+0000] {taskinstance.py:2076} INFO - Dependencies all met for dep_context=non-requeueable deps ti=<TaskInstance: fetch_spread_values.fetch_and_compute_spread_usd_mxn scheduled__2024-07-14T15:02:00+00:00 [queued]>
[2024-07-14T20:38:30.865+0000] {taskinstance.py:2076} INFO - Dependencies all met for dep_context=requeueable deps ti=<TaskInstance: fetch_spread_values.fetch_and_compute_spread_usd_mxn scheduled__2024-07-14T15:02:00+00:00 [queued]>
[2024-07-14T20:38:30.870+0000] {taskinstance.py:2306} INFO - Starting attempt 1 of 2
[2024-07-14T20:38:30.884+0000] {taskinstance.py:2330} INFO - Executing <Task(PythonOperator): fetch_and_compute_spread_usd_mxn> on 2024-07-14 15:02:00+00:00
[2024-07-14T20:38:30.889+0000] {standard_task_runner.py:90} INFO - Running: ['***', 'tasks', 'run', 'fetch_spread_values', 'fetch_and_compute_spread_usd_mxn', 'scheduled__2024-07-14T15:02:00+00:00', '--job-id', '1932', '--raw', '--subdir', 'DAGS_FOLDER/***.py', '--cfg-path', '/tmp/tmp827menhm']
[2024-07-14T20:38:30.894+0000] {logging_mixin.py:188} WARNING - /home/***/.local/lib/python3.12/site-packages/***/task/task_runner/standard_task_runner.py:61 DeprecationWarning: This process (pid=4101) is multi-threaded, use of fork() may lead to deadlocks in the child.
[2024-07-14T20:38:30.897+0000] {standard_task_runner.py:63} INFO - Started process 4112 to run task
[2024-07-14T20:38:30.894+0000] {standard_task_runner.py:91} INFO - Job 1932: Subtask fetch_and_compute_spread_usd_mxn
[2024-07-14T20:38:30.963+0000] {task_command.py:426} INFO - Running <TaskInstance: fetch_spread_values.fetch_and_compute_spread_usd_mxn scheduled__2024-07-14T15:02:00+00:00 [running]> on host 77caf7e4b282
[2024-07-14T20:38:31.068+0000] {taskinstance.py:2648} INFO - Exporting env vars: AIRFLOW_CTX_DAG_OWNER='***' AIRFLOW_CTX_DAG_ID='fetch_spread_values' AIRFLOW_CTX_TASK_ID='fetch_and_compute_spread_usd_mxn' AIRFLOW_CTX_EXECUTION_DATE='2024-07-14T15:02:00+00:00' AIRFLOW_CTX_TRY_NUMBER='1' AIRFLOW_CTX_DAG_RUN_ID='scheduled__2024-07-14T15:02:00+00:00'
[2024-07-14T20:38:31.070+0000] {taskinstance.py:430} INFO - ::endgroup::
[2024-07-14T20:38:31.262+0000] {python.py:237} INFO - Done. Returned value was: None
[2024-07-14T20:38:31.262+0000] {taskinstance.py:441} INFO - ::group::Post task execution logs
[2024-07-14T20:38:31.267+0000] {taskinstance.py:1206} INFO - Marking task as SUCCESS. dag_id=fetch_spread_values, task_id=fetch_and_compute_spread_usd_mxn, run_id=scheduled__2024-07-14T15:02:00+00:00, execution_date=20240714T150200, start_date=20240714T203830, end_date=20240714T203831
[2024-07-14T20:38:31.288+0000] {local_task_job_runner.py:240} INFO - Task exited with return code 0
[2024-07-14T20:38:31.296+0000] {taskinstance.py:3503} INFO - 0 downstream tasks scheduled from follow-on schedule check
[2024-07-14T20:38:31.297+0000] {local_task_job_runner.py:222} INFO - ::endgroup::
