[2024-07-14T09:13:01.632+0000] {local_task_job_runner.py:120} INFO - ::group::Pre task execution logs
[2024-07-14T09:13:01.643+0000] {taskinstance.py:2076} INFO - Dependencies all met for dep_context=non-requeueable deps ti=<TaskInstance: fetch_spread_values.fetch_and_compute_spread_usd_mxn scheduled__2024-07-14T09:12:00+00:00 [queued]>
[2024-07-14T09:13:01.647+0000] {taskinstance.py:2076} INFO - Dependencies all met for dep_context=requeueable deps ti=<TaskInstance: fetch_spread_values.fetch_and_compute_spread_usd_mxn scheduled__2024-07-14T09:12:00+00:00 [queued]>
[2024-07-14T09:13:01.647+0000] {taskinstance.py:2306} INFO - Starting attempt 1 of 2
[2024-07-14T09:13:01.654+0000] {taskinstance.py:2330} INFO - Executing <Task(PythonOperator): fetch_and_compute_spread_usd_mxn> on 2024-07-14 09:12:00+00:00
[2024-07-14T09:13:01.660+0000] {warnings.py:112} WARNING - /home/***/.local/lib/python3.12/site-packages/***/task/task_runner/standard_task_runner.py:61: DeprecationWarning: This process (pid=3806) is multi-threaded, use of fork() may lead to deadlocks in the child.
  pid = os.fork()

[2024-07-14T09:13:01.663+0000] {standard_task_runner.py:63} INFO - Started process 3811 to run task
[2024-07-14T09:13:01.662+0000] {standard_task_runner.py:90} INFO - Running: ['***', 'tasks', 'run', 'fetch_spread_values', 'fetch_and_compute_spread_usd_mxn', 'scheduled__2024-07-14T09:12:00+00:00', '--job-id', '1189', '--raw', '--subdir', 'DAGS_FOLDER/***.py', '--cfg-path', '/tmp/tmpw2rnp8kr']
[2024-07-14T09:13:01.664+0000] {standard_task_runner.py:91} INFO - Job 1189: Subtask fetch_and_compute_spread_usd_mxn
[2024-07-14T09:13:01.706+0000] {task_command.py:426} INFO - Running <TaskInstance: fetch_spread_values.fetch_and_compute_spread_usd_mxn scheduled__2024-07-14T09:12:00+00:00 [running]> on host d537c34a4880
[2024-07-14T09:13:01.756+0000] {taskinstance.py:2648} INFO - Exporting env vars: AIRFLOW_CTX_DAG_OWNER='***' AIRFLOW_CTX_DAG_ID='fetch_spread_values' AIRFLOW_CTX_TASK_ID='fetch_and_compute_spread_usd_mxn' AIRFLOW_CTX_EXECUTION_DATE='2024-07-14T09:12:00+00:00' AIRFLOW_CTX_TRY_NUMBER='1' AIRFLOW_CTX_DAG_RUN_ID='scheduled__2024-07-14T09:12:00+00:00'
[2024-07-14T09:13:01.757+0000] {taskinstance.py:430} INFO - ::endgroup::
[2024-07-14T09:13:02.207+0000] {python.py:237} INFO - Done. Returned value was: None
[2024-07-14T09:13:02.207+0000] {taskinstance.py:441} INFO - ::group::Post task execution logs
[2024-07-14T09:13:02.213+0000] {taskinstance.py:1206} INFO - Marking task as SUCCESS. dag_id=fetch_spread_values, task_id=fetch_and_compute_spread_usd_mxn, run_id=scheduled__2024-07-14T09:12:00+00:00, execution_date=20240714T091200, start_date=20240714T091301, end_date=20240714T091302
[2024-07-14T09:13:02.235+0000] {local_task_job_runner.py:240} INFO - Task exited with return code 0
[2024-07-14T09:13:02.245+0000] {taskinstance.py:3503} INFO - 0 downstream tasks scheduled from follow-on schedule check
[2024-07-14T09:13:02.246+0000] {local_task_job_runner.py:222} INFO - ::endgroup::
[2024-07-14T20:36:24.258+0000] {local_task_job_runner.py:120} INFO - ::group::Pre task execution logs
[2024-07-14T20:36:24.298+0000] {taskinstance.py:2076} INFO - Dependencies all met for dep_context=non-requeueable deps ti=<TaskInstance: fetch_spread_values.fetch_and_compute_spread_usd_mxn scheduled__2024-07-14T09:12:00+00:00 [queued]>
[2024-07-14T20:36:24.312+0000] {taskinstance.py:2076} INFO - Dependencies all met for dep_context=requeueable deps ti=<TaskInstance: fetch_spread_values.fetch_and_compute_spread_usd_mxn scheduled__2024-07-14T09:12:00+00:00 [queued]>
[2024-07-14T20:36:24.314+0000] {taskinstance.py:2306} INFO - Starting attempt 1 of 2
[2024-07-14T20:36:24.360+0000] {taskinstance.py:2330} INFO - Executing <Task(PythonOperator): fetch_and_compute_spread_usd_mxn> on 2024-07-14 09:12:00+00:00
[2024-07-14T20:36:24.373+0000] {logging_mixin.py:188} WARNING - /home/***/.local/lib/python3.12/site-packages/***/task/task_runner/standard_task_runner.py:61 DeprecationWarning: This process (pid=2682) is multi-threaded, use of fork() may lead to deadlocks in the child.
[2024-07-14T20:36:24.376+0000] {standard_task_runner.py:90} INFO - Running: ['***', 'tasks', 'run', 'fetch_spread_values', 'fetch_and_compute_spread_usd_mxn', 'scheduled__2024-07-14T09:12:00+00:00', '--job-id', '1233', '--raw', '--subdir', 'DAGS_FOLDER/***.py', '--cfg-path', '/tmp/tmpxceon9br']
[2024-07-14T20:36:24.381+0000] {standard_task_runner.py:91} INFO - Job 1233: Subtask fetch_and_compute_spread_usd_mxn
[2024-07-14T20:36:24.380+0000] {standard_task_runner.py:63} INFO - Started process 2695 to run task
[2024-07-14T20:36:24.450+0000] {task_command.py:426} INFO - Running <TaskInstance: fetch_spread_values.fetch_and_compute_spread_usd_mxn scheduled__2024-07-14T09:12:00+00:00 [running]> on host 77caf7e4b282
[2024-07-14T20:36:24.550+0000] {taskinstance.py:2648} INFO - Exporting env vars: AIRFLOW_CTX_DAG_OWNER='***' AIRFLOW_CTX_DAG_ID='fetch_spread_values' AIRFLOW_CTX_TASK_ID='fetch_and_compute_spread_usd_mxn' AIRFLOW_CTX_EXECUTION_DATE='2024-07-14T09:12:00+00:00' AIRFLOW_CTX_TRY_NUMBER='1' AIRFLOW_CTX_DAG_RUN_ID='scheduled__2024-07-14T09:12:00+00:00'
[2024-07-14T20:36:24.552+0000] {taskinstance.py:430} INFO - ::endgroup::
[2024-07-14T20:36:24.736+0000] {python.py:237} INFO - Done. Returned value was: None
[2024-07-14T20:36:24.739+0000] {taskinstance.py:441} INFO - ::group::Post task execution logs
[2024-07-14T20:36:24.751+0000] {taskinstance.py:1206} INFO - Marking task as SUCCESS. dag_id=fetch_spread_values, task_id=fetch_and_compute_spread_usd_mxn, run_id=scheduled__2024-07-14T09:12:00+00:00, execution_date=20240714T091200, start_date=20240714T203624, end_date=20240714T203624
[2024-07-14T20:36:24.864+0000] {local_task_job_runner.py:240} INFO - Task exited with return code 0
[2024-07-14T20:36:24.882+0000] {taskinstance.py:3503} INFO - 0 downstream tasks scheduled from follow-on schedule check
[2024-07-14T20:36:24.885+0000] {local_task_job_runner.py:222} INFO - ::endgroup::
