[2024-07-14T09:01:47.944+0000] {local_task_job_runner.py:120} INFO - ::group::Pre task execution logs
[2024-07-14T09:01:47.962+0000] {taskinstance.py:2076} INFO - Dependencies all met for dep_context=non-requeueable deps ti=<TaskInstance: fetch_spread_values.fetch_and_compute_spread_btc_mxn scheduled__2024-07-14T05:28:00+00:00 [queued]>
[2024-07-14T09:01:47.966+0000] {taskinstance.py:2076} INFO - Dependencies all met for dep_context=requeueable deps ti=<TaskInstance: fetch_spread_values.fetch_and_compute_spread_btc_mxn scheduled__2024-07-14T05:28:00+00:00 [queued]>
[2024-07-14T09:01:47.967+0000] {taskinstance.py:2306} INFO - Starting attempt 1 of 2
[2024-07-14T09:01:47.974+0000] {taskinstance.py:2330} INFO - Executing <Task(PythonOperator): fetch_and_compute_spread_btc_mxn> on 2024-07-14 05:28:00+00:00
[2024-07-14T09:01:47.978+0000] {warnings.py:112} WARNING - /home/***/.local/lib/python3.12/site-packages/***/task/task_runner/standard_task_runner.py:61: DeprecationWarning: This process (pid=2139) is multi-threaded, use of fork() may lead to deadlocks in the child.
  pid = os.fork()

[2024-07-14T09:01:47.980+0000] {standard_task_runner.py:63} INFO - Started process 2159 to run task
[2024-07-14T09:01:47.980+0000] {standard_task_runner.py:90} INFO - Running: ['***', 'tasks', 'run', 'fetch_spread_values', 'fetch_and_compute_spread_btc_mxn', 'scheduled__2024-07-14T05:28:00+00:00', '--job-id', '687', '--raw', '--subdir', 'DAGS_FOLDER/***.py', '--cfg-path', '/tmp/tmp5uu21lja']
[2024-07-14T09:01:47.983+0000] {standard_task_runner.py:91} INFO - Job 687: Subtask fetch_and_compute_spread_btc_mxn
[2024-07-14T09:01:48.025+0000] {task_command.py:426} INFO - Running <TaskInstance: fetch_spread_values.fetch_and_compute_spread_btc_mxn scheduled__2024-07-14T05:28:00+00:00 [running]> on host d537c34a4880
[2024-07-14T09:01:48.107+0000] {taskinstance.py:2648} INFO - Exporting env vars: AIRFLOW_CTX_DAG_OWNER='***' AIRFLOW_CTX_DAG_ID='fetch_spread_values' AIRFLOW_CTX_TASK_ID='fetch_and_compute_spread_btc_mxn' AIRFLOW_CTX_EXECUTION_DATE='2024-07-14T05:28:00+00:00' AIRFLOW_CTX_TRY_NUMBER='1' AIRFLOW_CTX_DAG_RUN_ID='scheduled__2024-07-14T05:28:00+00:00'
[2024-07-14T09:01:48.108+0000] {taskinstance.py:430} INFO - ::endgroup::
[2024-07-14T09:01:48.254+0000] {python.py:237} INFO - Done. Returned value was: None
[2024-07-14T09:01:48.255+0000] {taskinstance.py:441} INFO - ::group::Post task execution logs
[2024-07-14T09:01:48.261+0000] {taskinstance.py:1206} INFO - Marking task as SUCCESS. dag_id=fetch_spread_values, task_id=fetch_and_compute_spread_btc_mxn, run_id=scheduled__2024-07-14T05:28:00+00:00, execution_date=20240714T052800, start_date=20240714T090147, end_date=20240714T090148
[2024-07-14T09:01:48.286+0000] {local_task_job_runner.py:240} INFO - Task exited with return code 0
[2024-07-14T09:01:48.295+0000] {taskinstance.py:3503} INFO - 0 downstream tasks scheduled from follow-on schedule check
[2024-07-14T09:01:48.296+0000] {local_task_job_runner.py:222} INFO - ::endgroup::
[2024-07-14T20:34:29.102+0000] {local_task_job_runner.py:120} INFO - ::group::Pre task execution logs
[2024-07-14T20:34:29.151+0000] {taskinstance.py:2076} INFO - Dependencies all met for dep_context=non-requeueable deps ti=<TaskInstance: fetch_spread_values.fetch_and_compute_spread_btc_mxn scheduled__2024-07-14T05:28:00+00:00 [queued]>
[2024-07-14T20:34:29.172+0000] {taskinstance.py:2076} INFO - Dependencies all met for dep_context=requeueable deps ti=<TaskInstance: fetch_spread_values.fetch_and_compute_spread_btc_mxn scheduled__2024-07-14T05:28:00+00:00 [queued]>
[2024-07-14T20:34:29.173+0000] {taskinstance.py:2306} INFO - Starting attempt 1 of 2
[2024-07-14T20:34:29.215+0000] {taskinstance.py:2330} INFO - Executing <Task(PythonOperator): fetch_and_compute_spread_btc_mxn> on 2024-07-14 05:28:00+00:00
[2024-07-14T20:34:29.228+0000] {logging_mixin.py:188} WARNING - /home/***/.local/lib/python3.12/site-packages/***/task/task_runner/standard_task_runner.py:61 DeprecationWarning: This process (pid=1520) is multi-threaded, use of fork() may lead to deadlocks in the child.
[2024-07-14T20:34:29.236+0000] {standard_task_runner.py:63} INFO - Started process 1531 to run task
[2024-07-14T20:34:29.243+0000] {standard_task_runner.py:90} INFO - Running: ['***', 'tasks', 'run', 'fetch_spread_values', 'fetch_and_compute_spread_btc_mxn', 'scheduled__2024-07-14T05:28:00+00:00', '--job-id', '664', '--raw', '--subdir', 'DAGS_FOLDER/***.py', '--cfg-path', '/tmp/tmpag0ed6fu']
[2024-07-14T20:34:29.247+0000] {standard_task_runner.py:91} INFO - Job 664: Subtask fetch_and_compute_spread_btc_mxn
[2024-07-14T20:34:29.305+0000] {task_command.py:426} INFO - Running <TaskInstance: fetch_spread_values.fetch_and_compute_spread_btc_mxn scheduled__2024-07-14T05:28:00+00:00 [running]> on host 77caf7e4b282
[2024-07-14T20:34:29.365+0000] {taskinstance.py:2648} INFO - Exporting env vars: AIRFLOW_CTX_DAG_OWNER='***' AIRFLOW_CTX_DAG_ID='fetch_spread_values' AIRFLOW_CTX_TASK_ID='fetch_and_compute_spread_btc_mxn' AIRFLOW_CTX_EXECUTION_DATE='2024-07-14T05:28:00+00:00' AIRFLOW_CTX_TRY_NUMBER='1' AIRFLOW_CTX_DAG_RUN_ID='scheduled__2024-07-14T05:28:00+00:00'
[2024-07-14T20:34:29.365+0000] {taskinstance.py:430} INFO - ::endgroup::
[2024-07-14T20:34:29.548+0000] {python.py:237} INFO - Done. Returned value was: None
[2024-07-14T20:34:29.548+0000] {taskinstance.py:441} INFO - ::group::Post task execution logs
[2024-07-14T20:34:29.554+0000] {taskinstance.py:1206} INFO - Marking task as SUCCESS. dag_id=fetch_spread_values, task_id=fetch_and_compute_spread_btc_mxn, run_id=scheduled__2024-07-14T05:28:00+00:00, execution_date=20240714T052800, start_date=20240714T203429, end_date=20240714T203429
[2024-07-14T20:34:29.593+0000] {local_task_job_runner.py:240} INFO - Task exited with return code 0
[2024-07-14T20:34:29.603+0000] {taskinstance.py:3503} INFO - 0 downstream tasks scheduled from follow-on schedule check
[2024-07-14T20:34:29.605+0000] {local_task_job_runner.py:222} INFO - ::endgroup::
