[2024-07-14T15:07:36.355+0000] {local_task_job_runner.py:120} INFO - ::group::Pre task execution logs
[2024-07-14T15:07:36.367+0000] {taskinstance.py:2076} INFO - Dependencies all met for dep_context=non-requeueable deps ti=<TaskInstance: fetch_spread_values.fetch_and_compute_spread_btc_mxn scheduled__2024-07-14T14:59:00+00:00 [queued]>
[2024-07-14T15:07:36.372+0000] {taskinstance.py:2076} INFO - Dependencies all met for dep_context=requeueable deps ti=<TaskInstance: fetch_spread_values.fetch_and_compute_spread_btc_mxn scheduled__2024-07-14T14:59:00+00:00 [queued]>
[2024-07-14T15:07:36.372+0000] {taskinstance.py:2306} INFO - Starting attempt 1 of 2
[2024-07-14T15:07:36.380+0000] {taskinstance.py:2330} INFO - Executing <Task(PythonOperator): fetch_and_compute_spread_btc_mxn> on 2024-07-14 14:59:00+00:00
[2024-07-14T15:07:36.384+0000] {warnings.py:112} WARNING - /home/***/.local/lib/python3.12/site-packages/***/task/task_runner/standard_task_runner.py:61: DeprecationWarning: This process (pid=6396) is multi-threaded, use of fork() may lead to deadlocks in the child.
  pid = os.fork()

[2024-07-14T15:07:36.385+0000] {standard_task_runner.py:63} INFO - Started process 6410 to run task
[2024-07-14T15:07:36.386+0000] {standard_task_runner.py:90} INFO - Running: ['***', 'tasks', 'run', 'fetch_spread_values', 'fetch_and_compute_spread_btc_mxn', 'scheduled__2024-07-14T14:59:00+00:00', '--job-id', '1926', '--raw', '--subdir', 'DAGS_FOLDER/***.py', '--cfg-path', '/tmp/tmpnh6efywv']
[2024-07-14T15:07:36.388+0000] {standard_task_runner.py:91} INFO - Job 1926: Subtask fetch_and_compute_spread_btc_mxn
[2024-07-14T15:07:36.420+0000] {task_command.py:426} INFO - Running <TaskInstance: fetch_spread_values.fetch_and_compute_spread_btc_mxn scheduled__2024-07-14T14:59:00+00:00 [running]> on host d537c34a4880
[2024-07-14T15:07:36.465+0000] {taskinstance.py:2648} INFO - Exporting env vars: AIRFLOW_CTX_DAG_OWNER='***' AIRFLOW_CTX_DAG_ID='fetch_spread_values' AIRFLOW_CTX_TASK_ID='fetch_and_compute_spread_btc_mxn' AIRFLOW_CTX_EXECUTION_DATE='2024-07-14T14:59:00+00:00' AIRFLOW_CTX_TRY_NUMBER='1' AIRFLOW_CTX_DAG_RUN_ID='scheduled__2024-07-14T14:59:00+00:00'
[2024-07-14T15:07:36.467+0000] {taskinstance.py:430} INFO - ::endgroup::
[2024-07-14T15:07:36.634+0000] {python.py:237} INFO - Done. Returned value was: None
[2024-07-14T15:07:36.635+0000] {taskinstance.py:441} INFO - ::group::Post task execution logs
[2024-07-14T15:07:36.644+0000] {taskinstance.py:1206} INFO - Marking task as SUCCESS. dag_id=fetch_spread_values, task_id=fetch_and_compute_spread_btc_mxn, run_id=scheduled__2024-07-14T14:59:00+00:00, execution_date=20240714T145900, start_date=20240714T150736, end_date=20240714T150736
[2024-07-14T15:07:36.662+0000] {local_task_job_runner.py:240} INFO - Task exited with return code 0
[2024-07-14T15:07:36.672+0000] {taskinstance.py:3503} INFO - 0 downstream tasks scheduled from follow-on schedule check
[2024-07-14T15:07:36.673+0000] {local_task_job_runner.py:222} INFO - ::endgroup::
[2024-07-14T20:38:30.618+0000] {local_task_job_runner.py:120} INFO - ::group::Pre task execution logs
[2024-07-14T20:38:30.642+0000] {taskinstance.py:2076} INFO - Dependencies all met for dep_context=non-requeueable deps ti=<TaskInstance: fetch_spread_values.fetch_and_compute_spread_btc_mxn scheduled__2024-07-14T14:59:00+00:00 [queued]>
[2024-07-14T20:38:30.649+0000] {taskinstance.py:2076} INFO - Dependencies all met for dep_context=requeueable deps ti=<TaskInstance: fetch_spread_values.fetch_and_compute_spread_btc_mxn scheduled__2024-07-14T14:59:00+00:00 [queued]>
[2024-07-14T20:38:30.650+0000] {taskinstance.py:2306} INFO - Starting attempt 1 of 2
[2024-07-14T20:38:30.671+0000] {taskinstance.py:2330} INFO - Executing <Task(PythonOperator): fetch_and_compute_spread_btc_mxn> on 2024-07-14 14:59:00+00:00
[2024-07-14T20:38:30.681+0000] {logging_mixin.py:188} WARNING - /home/***/.local/lib/python3.12/site-packages/***/task/task_runner/standard_task_runner.py:61 DeprecationWarning: This process (pid=4090) is multi-threaded, use of fork() may lead to deadlocks in the child.
[2024-07-14T20:38:30.685+0000] {standard_task_runner.py:63} INFO - Started process 4102 to run task
[2024-07-14T20:38:30.683+0000] {standard_task_runner.py:90} INFO - Running: ['***', 'tasks', 'run', 'fetch_spread_values', 'fetch_and_compute_spread_btc_mxn', 'scheduled__2024-07-14T14:59:00+00:00', '--job-id', '1926', '--raw', '--subdir', 'DAGS_FOLDER/***.py', '--cfg-path', '/tmp/tmpahciwhth']
[2024-07-14T20:38:30.690+0000] {standard_task_runner.py:91} INFO - Job 1926: Subtask fetch_and_compute_spread_btc_mxn
[2024-07-14T20:38:30.743+0000] {task_command.py:426} INFO - Running <TaskInstance: fetch_spread_values.fetch_and_compute_spread_btc_mxn scheduled__2024-07-14T14:59:00+00:00 [running]> on host 77caf7e4b282
[2024-07-14T20:38:30.847+0000] {taskinstance.py:2648} INFO - Exporting env vars: AIRFLOW_CTX_DAG_OWNER='***' AIRFLOW_CTX_DAG_ID='fetch_spread_values' AIRFLOW_CTX_TASK_ID='fetch_and_compute_spread_btc_mxn' AIRFLOW_CTX_EXECUTION_DATE='2024-07-14T14:59:00+00:00' AIRFLOW_CTX_TRY_NUMBER='1' AIRFLOW_CTX_DAG_RUN_ID='scheduled__2024-07-14T14:59:00+00:00'
[2024-07-14T20:38:30.848+0000] {taskinstance.py:430} INFO - ::endgroup::
[2024-07-14T20:38:31.133+0000] {python.py:237} INFO - Done. Returned value was: None
[2024-07-14T20:38:31.135+0000] {taskinstance.py:441} INFO - ::group::Post task execution logs
[2024-07-14T20:38:31.141+0000] {taskinstance.py:1206} INFO - Marking task as SUCCESS. dag_id=fetch_spread_values, task_id=fetch_and_compute_spread_btc_mxn, run_id=scheduled__2024-07-14T14:59:00+00:00, execution_date=20240714T145900, start_date=20240714T203830, end_date=20240714T203831
[2024-07-14T20:38:31.159+0000] {local_task_job_runner.py:240} INFO - Task exited with return code 0
[2024-07-14T20:38:31.173+0000] {taskinstance.py:3503} INFO - 0 downstream tasks scheduled from follow-on schedule check
[2024-07-14T20:38:31.175+0000] {local_task_job_runner.py:222} INFO - ::endgroup::
