[2024-07-14T09:02:15.839+0000] {local_task_job_runner.py:120} INFO - ::group::Pre task execution logs
[2024-07-14T09:02:15.868+0000] {taskinstance.py:2076} INFO - Dependencies all met for dep_context=non-requeueable deps ti=<TaskInstance: fetch_spread_values.fetch_and_compute_spread_usd_mxn scheduled__2024-07-14T06:00:00+00:00 [queued]>
[2024-07-14T09:02:15.881+0000] {taskinstance.py:2076} INFO - Dependencies all met for dep_context=requeueable deps ti=<TaskInstance: fetch_spread_values.fetch_and_compute_spread_usd_mxn scheduled__2024-07-14T06:00:00+00:00 [queued]>
[2024-07-14T09:02:15.882+0000] {taskinstance.py:2306} INFO - Starting attempt 1 of 2
[2024-07-14T09:02:15.892+0000] {taskinstance.py:2330} INFO - Executing <Task(PythonOperator): fetch_and_compute_spread_usd_mxn> on 2024-07-14 06:00:00+00:00
[2024-07-14T09:02:15.897+0000] {warnings.py:112} WARNING - /home/***/.local/lib/python3.12/site-packages/***/task/task_runner/standard_task_runner.py:61: DeprecationWarning: This process (pid=2335) is multi-threaded, use of fork() may lead to deadlocks in the child.
  pid = os.fork()

[2024-07-14T09:02:15.898+0000] {standard_task_runner.py:90} INFO - Running: ['***', 'tasks', 'run', 'fetch_spread_values', 'fetch_and_compute_spread_usd_mxn', 'scheduled__2024-07-14T06:00:00+00:00', '--job-id', '750', '--raw', '--subdir', 'DAGS_FOLDER/***.py', '--cfg-path', '/tmp/tmpf6mic57y']
[2024-07-14T09:02:15.902+0000] {standard_task_runner.py:63} INFO - Started process 2353 to run task
[2024-07-14T09:02:15.902+0000] {standard_task_runner.py:91} INFO - Job 750: Subtask fetch_and_compute_spread_usd_mxn
[2024-07-14T09:02:15.930+0000] {task_command.py:426} INFO - Running <TaskInstance: fetch_spread_values.fetch_and_compute_spread_usd_mxn scheduled__2024-07-14T06:00:00+00:00 [running]> on host d537c34a4880
[2024-07-14T09:02:15.989+0000] {taskinstance.py:2648} INFO - Exporting env vars: AIRFLOW_CTX_DAG_OWNER='***' AIRFLOW_CTX_DAG_ID='fetch_spread_values' AIRFLOW_CTX_TASK_ID='fetch_and_compute_spread_usd_mxn' AIRFLOW_CTX_EXECUTION_DATE='2024-07-14T06:00:00+00:00' AIRFLOW_CTX_TRY_NUMBER='1' AIRFLOW_CTX_DAG_RUN_ID='scheduled__2024-07-14T06:00:00+00:00'
[2024-07-14T09:02:15.990+0000] {taskinstance.py:430} INFO - ::endgroup::
[2024-07-14T09:02:16.147+0000] {python.py:237} INFO - Done. Returned value was: None
[2024-07-14T09:02:16.149+0000] {taskinstance.py:441} INFO - ::group::Post task execution logs
[2024-07-14T09:02:16.156+0000] {taskinstance.py:1206} INFO - Marking task as SUCCESS. dag_id=fetch_spread_values, task_id=fetch_and_compute_spread_usd_mxn, run_id=scheduled__2024-07-14T06:00:00+00:00, execution_date=20240714T060000, start_date=20240714T090215, end_date=20240714T090216
[2024-07-14T09:02:16.206+0000] {local_task_job_runner.py:240} INFO - Task exited with return code 0
[2024-07-14T09:02:16.216+0000] {taskinstance.py:3503} INFO - 0 downstream tasks scheduled from follow-on schedule check
[2024-07-14T09:02:16.217+0000] {local_task_job_runner.py:222} INFO - ::endgroup::
[2024-07-14T20:34:42.768+0000] {local_task_job_runner.py:120} INFO - ::group::Pre task execution logs
[2024-07-14T20:34:42.799+0000] {taskinstance.py:2076} INFO - Dependencies all met for dep_context=non-requeueable deps ti=<TaskInstance: fetch_spread_values.fetch_and_compute_spread_usd_mxn scheduled__2024-07-14T06:00:00+00:00 [queued]>
[2024-07-14T20:34:42.808+0000] {taskinstance.py:2076} INFO - Dependencies all met for dep_context=requeueable deps ti=<TaskInstance: fetch_spread_values.fetch_and_compute_spread_usd_mxn scheduled__2024-07-14T06:00:00+00:00 [queued]>
[2024-07-14T20:34:42.818+0000] {taskinstance.py:2306} INFO - Starting attempt 1 of 2
[2024-07-14T20:34:42.843+0000] {taskinstance.py:2330} INFO - Executing <Task(PythonOperator): fetch_and_compute_spread_usd_mxn> on 2024-07-14 06:00:00+00:00
[2024-07-14T20:34:42.859+0000] {logging_mixin.py:188} WARNING - /home/***/.local/lib/python3.12/site-packages/***/task/task_runner/standard_task_runner.py:61 DeprecationWarning: This process (pid=1680) is multi-threaded, use of fork() may lead to deadlocks in the child.
[2024-07-14T20:34:42.867+0000] {standard_task_runner.py:63} INFO - Started process 1693 to run task
[2024-07-14T20:34:42.859+0000] {standard_task_runner.py:90} INFO - Running: ['***', 'tasks', 'run', 'fetch_spread_values', 'fetch_and_compute_spread_usd_mxn', 'scheduled__2024-07-14T06:00:00+00:00', '--job-id', '742', '--raw', '--subdir', 'DAGS_FOLDER/***.py', '--cfg-path', '/tmp/tmp4ysmsn25']
[2024-07-14T20:34:42.870+0000] {standard_task_runner.py:91} INFO - Job 742: Subtask fetch_and_compute_spread_usd_mxn
[2024-07-14T20:34:42.929+0000] {task_command.py:426} INFO - Running <TaskInstance: fetch_spread_values.fetch_and_compute_spread_usd_mxn scheduled__2024-07-14T06:00:00+00:00 [running]> on host 77caf7e4b282
[2024-07-14T20:34:43.026+0000] {taskinstance.py:2648} INFO - Exporting env vars: AIRFLOW_CTX_DAG_OWNER='***' AIRFLOW_CTX_DAG_ID='fetch_spread_values' AIRFLOW_CTX_TASK_ID='fetch_and_compute_spread_usd_mxn' AIRFLOW_CTX_EXECUTION_DATE='2024-07-14T06:00:00+00:00' AIRFLOW_CTX_TRY_NUMBER='1' AIRFLOW_CTX_DAG_RUN_ID='scheduled__2024-07-14T06:00:00+00:00'
[2024-07-14T20:34:43.037+0000] {taskinstance.py:430} INFO - ::endgroup::
[2024-07-14T20:34:43.269+0000] {python.py:237} INFO - Done. Returned value was: None
[2024-07-14T20:34:43.273+0000] {taskinstance.py:441} INFO - ::group::Post task execution logs
[2024-07-14T20:34:43.289+0000] {taskinstance.py:1206} INFO - Marking task as SUCCESS. dag_id=fetch_spread_values, task_id=fetch_and_compute_spread_usd_mxn, run_id=scheduled__2024-07-14T06:00:00+00:00, execution_date=20240714T060000, start_date=20240714T203442, end_date=20240714T203443
[2024-07-14T20:34:43.341+0000] {local_task_job_runner.py:240} INFO - Task exited with return code 0
[2024-07-14T20:34:43.374+0000] {local_task_job_runner.py:222} INFO - ::endgroup::
