[2024-07-14T17:08:01.430+0000] {local_task_job_runner.py:120} INFO - ::group::Pre task execution logs
[2024-07-14T17:08:01.441+0000] {taskinstance.py:2076} INFO - Dependencies all met for dep_context=non-requeueable deps ti=<TaskInstance: fetch_spread_values.fetch_and_compute_spread_usd_mxn scheduled__2024-07-14T17:07:00+00:00 [queued]>
[2024-07-14T17:08:01.445+0000] {taskinstance.py:2076} INFO - Dependencies all met for dep_context=requeueable deps ti=<TaskInstance: fetch_spread_values.fetch_and_compute_spread_usd_mxn scheduled__2024-07-14T17:07:00+00:00 [queued]>
[2024-07-14T17:08:01.446+0000] {taskinstance.py:2306} INFO - Starting attempt 1 of 2
[2024-07-14T17:08:01.453+0000] {taskinstance.py:2330} INFO - Executing <Task(PythonOperator): fetch_and_compute_spread_usd_mxn> on 2024-07-14 17:07:00+00:00
[2024-07-14T17:08:01.458+0000] {warnings.py:112} WARNING - /home/***/.local/lib/python3.12/site-packages/***/task/task_runner/standard_task_runner.py:61: DeprecationWarning: This process (pid=7300) is multi-threaded, use of fork() may lead to deadlocks in the child.
  pid = os.fork()

[2024-07-14T17:08:01.461+0000] {standard_task_runner.py:63} INFO - Started process 7303 to run task
[2024-07-14T17:08:01.460+0000] {standard_task_runner.py:90} INFO - Running: ['***', 'tasks', 'run', 'fetch_spread_values', 'fetch_and_compute_spread_usd_mxn', 'scheduled__2024-07-14T17:07:00+00:00', '--job-id', '2196', '--raw', '--subdir', 'DAGS_FOLDER/***.py', '--cfg-path', '/tmp/tmpsmld9sx9']
[2024-07-14T17:08:01.466+0000] {standard_task_runner.py:91} INFO - Job 2196: Subtask fetch_and_compute_spread_usd_mxn
[2024-07-14T17:08:01.518+0000] {task_command.py:426} INFO - Running <TaskInstance: fetch_spread_values.fetch_and_compute_spread_usd_mxn scheduled__2024-07-14T17:07:00+00:00 [running]> on host d537c34a4880
[2024-07-14T17:08:01.583+0000] {taskinstance.py:2648} INFO - Exporting env vars: AIRFLOW_CTX_DAG_OWNER='***' AIRFLOW_CTX_DAG_ID='fetch_spread_values' AIRFLOW_CTX_TASK_ID='fetch_and_compute_spread_usd_mxn' AIRFLOW_CTX_EXECUTION_DATE='2024-07-14T17:07:00+00:00' AIRFLOW_CTX_TRY_NUMBER='1' AIRFLOW_CTX_DAG_RUN_ID='scheduled__2024-07-14T17:07:00+00:00'
[2024-07-14T17:08:01.585+0000] {taskinstance.py:430} INFO - ::endgroup::
[2024-07-14T17:08:02.008+0000] {python.py:237} INFO - Done. Returned value was: None
[2024-07-14T17:08:02.009+0000] {taskinstance.py:441} INFO - ::group::Post task execution logs
[2024-07-14T17:08:02.016+0000] {taskinstance.py:1206} INFO - Marking task as SUCCESS. dag_id=fetch_spread_values, task_id=fetch_and_compute_spread_usd_mxn, run_id=scheduled__2024-07-14T17:07:00+00:00, execution_date=20240714T170700, start_date=20240714T170801, end_date=20240714T170802
[2024-07-14T17:08:02.067+0000] {local_task_job_runner.py:240} INFO - Task exited with return code 0
[2024-07-14T17:08:02.076+0000] {taskinstance.py:3503} INFO - 0 downstream tasks scheduled from follow-on schedule check
[2024-07-14T17:08:02.077+0000] {local_task_job_runner.py:222} INFO - ::endgroup::
[2024-07-14T20:39:21.389+0000] {local_task_job_runner.py:120} INFO - ::group::Pre task execution logs
[2024-07-14T20:39:21.422+0000] {taskinstance.py:2076} INFO - Dependencies all met for dep_context=non-requeueable deps ti=<TaskInstance: fetch_spread_values.fetch_and_compute_spread_usd_mxn scheduled__2024-07-14T17:07:00+00:00 [queued]>
[2024-07-14T20:39:21.431+0000] {taskinstance.py:2076} INFO - Dependencies all met for dep_context=requeueable deps ti=<TaskInstance: fetch_spread_values.fetch_and_compute_spread_usd_mxn scheduled__2024-07-14T17:07:00+00:00 [queued]>
[2024-07-14T20:39:21.432+0000] {taskinstance.py:2306} INFO - Starting attempt 1 of 2
[2024-07-14T20:39:21.447+0000] {taskinstance.py:2330} INFO - Executing <Task(PythonOperator): fetch_and_compute_spread_usd_mxn> on 2024-07-14 17:07:00+00:00
[2024-07-14T20:39:21.457+0000] {logging_mixin.py:188} WARNING - /home/***/.local/lib/python3.12/site-packages/***/task/task_runner/standard_task_runner.py:61 DeprecationWarning: This process (pid=4615) is multi-threaded, use of fork() may lead to deadlocks in the child.
[2024-07-14T20:39:21.464+0000] {standard_task_runner.py:63} INFO - Started process 4624 to run task
[2024-07-14T20:39:21.460+0000] {standard_task_runner.py:90} INFO - Running: ['***', 'tasks', 'run', 'fetch_spread_values', 'fetch_and_compute_spread_usd_mxn', 'scheduled__2024-07-14T17:07:00+00:00', '--job-id', '2183', '--raw', '--subdir', 'DAGS_FOLDER/***.py', '--cfg-path', '/tmp/tmpnp8bd7z9']
[2024-07-14T20:39:21.470+0000] {standard_task_runner.py:91} INFO - Job 2183: Subtask fetch_and_compute_spread_usd_mxn
[2024-07-14T20:39:21.527+0000] {task_command.py:426} INFO - Running <TaskInstance: fetch_spread_values.fetch_and_compute_spread_usd_mxn scheduled__2024-07-14T17:07:00+00:00 [running]> on host 77caf7e4b282
[2024-07-14T20:39:21.678+0000] {taskinstance.py:2648} INFO - Exporting env vars: AIRFLOW_CTX_DAG_OWNER='***' AIRFLOW_CTX_DAG_ID='fetch_spread_values' AIRFLOW_CTX_TASK_ID='fetch_and_compute_spread_usd_mxn' AIRFLOW_CTX_EXECUTION_DATE='2024-07-14T17:07:00+00:00' AIRFLOW_CTX_TRY_NUMBER='1' AIRFLOW_CTX_DAG_RUN_ID='scheduled__2024-07-14T17:07:00+00:00'
[2024-07-14T20:39:21.680+0000] {taskinstance.py:430} INFO - ::endgroup::
[2024-07-14T20:39:21.983+0000] {python.py:237} INFO - Done. Returned value was: None
[2024-07-14T20:39:21.990+0000] {taskinstance.py:441} INFO - ::group::Post task execution logs
[2024-07-14T20:39:22.015+0000] {taskinstance.py:1206} INFO - Marking task as SUCCESS. dag_id=fetch_spread_values, task_id=fetch_and_compute_spread_usd_mxn, run_id=scheduled__2024-07-14T17:07:00+00:00, execution_date=20240714T170700, start_date=20240714T203921, end_date=20240714T203922
[2024-07-14T20:39:22.064+0000] {local_task_job_runner.py:240} INFO - Task exited with return code 0
[2024-07-14T20:39:22.093+0000] {taskinstance.py:3503} INFO - 0 downstream tasks scheduled from follow-on schedule check
[2024-07-14T20:39:22.095+0000] {local_task_job_runner.py:222} INFO - ::endgroup::
