[2024-07-14T09:00:32.988+0000] {local_task_job_runner.py:120} INFO - ::group::Pre task execution logs
[2024-07-14T09:00:33.089+0000] {taskinstance.py:2076} INFO - Dependencies all met for dep_context=non-requeueable deps ti=<TaskInstance: fetch_spread_values.fetch_and_compute_spread_usd_mxn scheduled__2024-07-14T03:55:00+00:00 [queued]>
[2024-07-14T09:00:33.113+0000] {taskinstance.py:2076} INFO - Dependencies all met for dep_context=requeueable deps ti=<TaskInstance: fetch_spread_values.fetch_and_compute_spread_usd_mxn scheduled__2024-07-14T03:55:00+00:00 [queued]>
[2024-07-14T09:00:33.121+0000] {taskinstance.py:2306} INFO - Starting attempt 1 of 2
[2024-07-14T09:00:33.172+0000] {taskinstance.py:2330} INFO - Executing <Task(PythonOperator): fetch_and_compute_spread_usd_mxn> on 2024-07-14 03:55:00+00:00
[2024-07-14T09:00:33.213+0000] {warnings.py:112} WARNING - /home/***/.local/lib/python3.12/site-packages/***/task/task_runner/standard_task_runner.py:61: DeprecationWarning: This process (pid=1571) is multi-threaded, use of fork() may lead to deadlocks in the child.
  pid = os.fork()

[2024-07-14T09:00:33.219+0000] {standard_task_runner.py:90} INFO - Running: ['***', 'tasks', 'run', 'fetch_spread_values', 'fetch_and_compute_spread_usd_mxn', 'scheduled__2024-07-14T03:55:00+00:00', '--job-id', '499', '--raw', '--subdir', 'DAGS_FOLDER/***.py', '--cfg-path', '/tmp/tmp6wo19jjl']
[2024-07-14T09:00:33.239+0000] {standard_task_runner.py:91} INFO - Job 499: Subtask fetch_and_compute_spread_usd_mxn
[2024-07-14T09:00:33.226+0000] {standard_task_runner.py:63} INFO - Started process 1598 to run task
[2024-07-14T09:00:33.433+0000] {task_command.py:426} INFO - Running <TaskInstance: fetch_spread_values.fetch_and_compute_spread_usd_mxn scheduled__2024-07-14T03:55:00+00:00 [running]> on host d537c34a4880
[2024-07-14T09:00:33.956+0000] {taskinstance.py:2648} INFO - Exporting env vars: AIRFLOW_CTX_DAG_OWNER='***' AIRFLOW_CTX_DAG_ID='fetch_spread_values' AIRFLOW_CTX_TASK_ID='fetch_and_compute_spread_usd_mxn' AIRFLOW_CTX_EXECUTION_DATE='2024-07-14T03:55:00+00:00' AIRFLOW_CTX_TRY_NUMBER='1' AIRFLOW_CTX_DAG_RUN_ID='scheduled__2024-07-14T03:55:00+00:00'
[2024-07-14T09:00:33.980+0000] {taskinstance.py:430} INFO - ::endgroup::
[2024-07-14T09:00:34.353+0000] {python.py:237} INFO - Done. Returned value was: None
[2024-07-14T09:00:34.355+0000] {taskinstance.py:441} INFO - ::group::Post task execution logs
[2024-07-14T09:00:34.403+0000] {taskinstance.py:1206} INFO - Marking task as SUCCESS. dag_id=fetch_spread_values, task_id=fetch_and_compute_spread_usd_mxn, run_id=scheduled__2024-07-14T03:55:00+00:00, execution_date=20240714T035500, start_date=20240714T090033, end_date=20240714T090034
[2024-07-14T09:00:34.559+0000] {local_task_job_runner.py:240} INFO - Task exited with return code 0
[2024-07-14T09:00:34.669+0000] {taskinstance.py:3503} INFO - 0 downstream tasks scheduled from follow-on schedule check
[2024-07-14T09:00:34.706+0000] {local_task_job_runner.py:222} INFO - ::endgroup::
[2024-07-14T20:33:49.009+0000] {local_task_job_runner.py:120} INFO - ::group::Pre task execution logs
[2024-07-14T20:33:49.033+0000] {taskinstance.py:2076} INFO - Dependencies all met for dep_context=non-requeueable deps ti=<TaskInstance: fetch_spread_values.fetch_and_compute_spread_usd_mxn scheduled__2024-07-14T03:55:00+00:00 [queued]>
[2024-07-14T20:33:49.040+0000] {taskinstance.py:2076} INFO - Dependencies all met for dep_context=requeueable deps ti=<TaskInstance: fetch_spread_values.fetch_and_compute_spread_usd_mxn scheduled__2024-07-14T03:55:00+00:00 [queued]>
[2024-07-14T20:33:49.041+0000] {taskinstance.py:2306} INFO - Starting attempt 1 of 2
[2024-07-14T20:33:49.050+0000] {taskinstance.py:2330} INFO - Executing <Task(PythonOperator): fetch_and_compute_spread_usd_mxn> on 2024-07-14 03:55:00+00:00
[2024-07-14T20:33:49.064+0000] {standard_task_runner.py:90} INFO - Running: ['***', 'tasks', 'run', 'fetch_spread_values', 'fetch_and_compute_spread_usd_mxn', 'scheduled__2024-07-14T03:55:00+00:00', '--job-id', '476', '--raw', '--subdir', 'DAGS_FOLDER/***.py', '--cfg-path', '/tmp/tmplsosnaly']
[2024-07-14T20:33:49.068+0000] {logging_mixin.py:188} WARNING - /home/***/.local/lib/python3.12/site-packages/***/task/task_runner/standard_task_runner.py:61 DeprecationWarning: This process (pid=1145) is multi-threaded, use of fork() may lead to deadlocks in the child.
[2024-07-14T20:33:49.071+0000] {standard_task_runner.py:91} INFO - Job 476: Subtask fetch_and_compute_spread_usd_mxn
[2024-07-14T20:33:49.072+0000] {standard_task_runner.py:63} INFO - Started process 1156 to run task
[2024-07-14T20:33:49.154+0000] {task_command.py:426} INFO - Running <TaskInstance: fetch_spread_values.fetch_and_compute_spread_usd_mxn scheduled__2024-07-14T03:55:00+00:00 [running]> on host 77caf7e4b282
[2024-07-14T20:33:49.334+0000] {taskinstance.py:2648} INFO - Exporting env vars: AIRFLOW_CTX_DAG_OWNER='***' AIRFLOW_CTX_DAG_ID='fetch_spread_values' AIRFLOW_CTX_TASK_ID='fetch_and_compute_spread_usd_mxn' AIRFLOW_CTX_EXECUTION_DATE='2024-07-14T03:55:00+00:00' AIRFLOW_CTX_TRY_NUMBER='1' AIRFLOW_CTX_DAG_RUN_ID='scheduled__2024-07-14T03:55:00+00:00'
[2024-07-14T20:33:49.342+0000] {taskinstance.py:430} INFO - ::endgroup::
[2024-07-14T20:33:49.573+0000] {python.py:237} INFO - Done. Returned value was: None
[2024-07-14T20:33:49.574+0000] {taskinstance.py:441} INFO - ::group::Post task execution logs
[2024-07-14T20:33:49.591+0000] {taskinstance.py:1206} INFO - Marking task as SUCCESS. dag_id=fetch_spread_values, task_id=fetch_and_compute_spread_usd_mxn, run_id=scheduled__2024-07-14T03:55:00+00:00, execution_date=20240714T035500, start_date=20240714T203349, end_date=20240714T203349
[2024-07-14T20:33:49.628+0000] {local_task_job_runner.py:240} INFO - Task exited with return code 0
[2024-07-14T20:33:49.645+0000] {taskinstance.py:3503} INFO - 0 downstream tasks scheduled from follow-on schedule check
[2024-07-14T20:33:49.646+0000] {local_task_job_runner.py:222} INFO - ::endgroup::
