[2024-07-14T18:29:44.175+0000] {local_task_job_runner.py:120} INFO - ::group::Pre task execution logs
[2024-07-14T18:29:44.304+0000] {taskinstance.py:2076} INFO - Dependencies all met for dep_context=non-requeueable deps ti=<TaskInstance: fetch_spread_values.fetch_and_compute_spread_btc_mxn scheduled__2024-07-14T18:14:00+00:00 [queued]>
[2024-07-14T18:29:44.348+0000] {taskinstance.py:2076} INFO - Dependencies all met for dep_context=requeueable deps ti=<TaskInstance: fetch_spread_values.fetch_and_compute_spread_btc_mxn scheduled__2024-07-14T18:14:00+00:00 [queued]>
[2024-07-14T18:29:44.360+0000] {taskinstance.py:2306} INFO - Starting attempt 1 of 2
[2024-07-14T18:29:44.466+0000] {taskinstance.py:2330} INFO - Executing <Task(PythonOperator): fetch_and_compute_spread_btc_mxn> on 2024-07-14 18:14:00+00:00
[2024-07-14T18:29:44.482+0000] {standard_task_runner.py:90} INFO - Running: ['***', 'tasks', 'run', 'fetch_spread_values', 'fetch_and_compute_spread_btc_mxn', 'scheduled__2024-07-14T18:14:00+00:00', '--job-id', '2343', '--raw', '--subdir', 'DAGS_FOLDER/***.py', '--cfg-path', '/tmp/tmpvz6q0u1n']
[2024-07-14T18:29:44.491+0000] {standard_task_runner.py:91} INFO - Job 2343: Subtask fetch_and_compute_spread_btc_mxn
[2024-07-14T18:29:44.504+0000] {warnings.py:112} WARNING - /home/***/.local/lib/python3.12/site-packages/***/task/task_runner/standard_task_runner.py:61: DeprecationWarning: This process (pid=7769) is multi-threaded, use of fork() may lead to deadlocks in the child.
  pid = os.fork()

[2024-07-14T18:29:44.531+0000] {standard_task_runner.py:63} INFO - Started process 7797 to run task
[2024-07-14T18:29:44.830+0000] {task_command.py:426} INFO - Running <TaskInstance: fetch_spread_values.fetch_and_compute_spread_btc_mxn scheduled__2024-07-14T18:14:00+00:00 [running]> on host d537c34a4880
[2024-07-14T18:29:45.056+0000] {taskinstance.py:2648} INFO - Exporting env vars: AIRFLOW_CTX_DAG_OWNER='***' AIRFLOW_CTX_DAG_ID='fetch_spread_values' AIRFLOW_CTX_TASK_ID='fetch_and_compute_spread_btc_mxn' AIRFLOW_CTX_EXECUTION_DATE='2024-07-14T18:14:00+00:00' AIRFLOW_CTX_TRY_NUMBER='1' AIRFLOW_CTX_DAG_RUN_ID='scheduled__2024-07-14T18:14:00+00:00'
[2024-07-14T18:29:45.061+0000] {taskinstance.py:430} INFO - ::endgroup::
[2024-07-14T18:29:45.393+0000] {python.py:237} INFO - Done. Returned value was: None
[2024-07-14T18:29:45.413+0000] {taskinstance.py:441} INFO - ::group::Post task execution logs
[2024-07-14T18:29:45.448+0000] {taskinstance.py:1206} INFO - Marking task as SUCCESS. dag_id=fetch_spread_values, task_id=fetch_and_compute_spread_btc_mxn, run_id=scheduled__2024-07-14T18:14:00+00:00, execution_date=20240714T181400, start_date=20240714T182944, end_date=20240714T182945
[2024-07-14T18:29:45.559+0000] {local_task_job_runner.py:240} INFO - Task exited with return code 0
[2024-07-14T18:29:45.648+0000] {taskinstance.py:3503} INFO - 0 downstream tasks scheduled from follow-on schedule check
[2024-07-14T18:29:45.664+0000] {local_task_job_runner.py:222} INFO - ::endgroup::
[2024-07-14T20:39:41.474+0000] {local_task_job_runner.py:120} INFO - ::group::Pre task execution logs
[2024-07-14T20:39:41.512+0000] {taskinstance.py:2076} INFO - Dependencies all met for dep_context=non-requeueable deps ti=<TaskInstance: fetch_spread_values.fetch_and_compute_spread_btc_mxn scheduled__2024-07-14T18:14:00+00:00 [queued]>
[2024-07-14T20:39:41.519+0000] {taskinstance.py:2076} INFO - Dependencies all met for dep_context=requeueable deps ti=<TaskInstance: fetch_spread_values.fetch_and_compute_spread_btc_mxn scheduled__2024-07-14T18:14:00+00:00 [queued]>
[2024-07-14T20:39:41.520+0000] {taskinstance.py:2306} INFO - Starting attempt 1 of 2
[2024-07-14T20:39:41.542+0000] {taskinstance.py:2330} INFO - Executing <Task(PythonOperator): fetch_and_compute_spread_btc_mxn> on 2024-07-14 18:14:00+00:00
[2024-07-14T20:39:41.546+0000] {logging_mixin.py:188} WARNING - /home/***/.local/lib/python3.12/site-packages/***/task/task_runner/standard_task_runner.py:61 DeprecationWarning: This process (pid=4882) is multi-threaded, use of fork() may lead to deadlocks in the child.
[2024-07-14T20:39:41.552+0000] {standard_task_runner.py:63} INFO - Started process 4890 to run task
[2024-07-14T20:39:41.550+0000] {standard_task_runner.py:90} INFO - Running: ['***', 'tasks', 'run', 'fetch_spread_values', 'fetch_and_compute_spread_btc_mxn', 'scheduled__2024-07-14T18:14:00+00:00', '--job-id', '2316', '--raw', '--subdir', 'DAGS_FOLDER/***.py', '--cfg-path', '/tmp/tmpm1min0h9']
[2024-07-14T20:39:41.559+0000] {standard_task_runner.py:91} INFO - Job 2316: Subtask fetch_and_compute_spread_btc_mxn
[2024-07-14T20:39:41.638+0000] {task_command.py:426} INFO - Running <TaskInstance: fetch_spread_values.fetch_and_compute_spread_btc_mxn scheduled__2024-07-14T18:14:00+00:00 [running]> on host 77caf7e4b282
[2024-07-14T20:39:41.780+0000] {taskinstance.py:2648} INFO - Exporting env vars: AIRFLOW_CTX_DAG_OWNER='***' AIRFLOW_CTX_DAG_ID='fetch_spread_values' AIRFLOW_CTX_TASK_ID='fetch_and_compute_spread_btc_mxn' AIRFLOW_CTX_EXECUTION_DATE='2024-07-14T18:14:00+00:00' AIRFLOW_CTX_TRY_NUMBER='1' AIRFLOW_CTX_DAG_RUN_ID='scheduled__2024-07-14T18:14:00+00:00'
[2024-07-14T20:39:41.788+0000] {taskinstance.py:430} INFO - ::endgroup::
[2024-07-14T20:39:42.059+0000] {python.py:237} INFO - Done. Returned value was: None
[2024-07-14T20:39:42.060+0000] {taskinstance.py:441} INFO - ::group::Post task execution logs
[2024-07-14T20:39:42.086+0000] {taskinstance.py:1206} INFO - Marking task as SUCCESS. dag_id=fetch_spread_values, task_id=fetch_and_compute_spread_btc_mxn, run_id=scheduled__2024-07-14T18:14:00+00:00, execution_date=20240714T181400, start_date=20240714T203941, end_date=20240714T203942
[2024-07-14T20:39:42.114+0000] {local_task_job_runner.py:240} INFO - Task exited with return code 0
[2024-07-14T20:39:42.142+0000] {taskinstance.py:3503} INFO - 0 downstream tasks scheduled from follow-on schedule check
[2024-07-14T20:39:42.150+0000] {local_task_job_runner.py:222} INFO - ::endgroup::
