[2024-07-14T15:54:22.866+0000] {local_task_job_runner.py:120} INFO - ::group::Pre task execution logs
[2024-07-14T15:54:22.884+0000] {taskinstance.py:2076} INFO - Dependencies all met for dep_context=non-requeueable deps ti=<TaskInstance: fetch_spread_values.fetch_and_compute_spread_usd_mxn scheduled__2024-07-14T15:43:00+00:00 [queued]>
[2024-07-14T15:54:22.890+0000] {taskinstance.py:2076} INFO - Dependencies all met for dep_context=requeueable deps ti=<TaskInstance: fetch_spread_values.fetch_and_compute_spread_usd_mxn scheduled__2024-07-14T15:43:00+00:00 [queued]>
[2024-07-14T15:54:22.891+0000] {taskinstance.py:2306} INFO - Starting attempt 1 of 2
[2024-07-14T15:54:22.900+0000] {taskinstance.py:2330} INFO - Executing <Task(PythonOperator): fetch_and_compute_spread_usd_mxn> on 2024-07-14 15:43:00+00:00
[2024-07-14T15:54:22.907+0000] {warnings.py:112} WARNING - /home/***/.local/lib/python3.12/site-packages/***/task/task_runner/standard_task_runner.py:61: DeprecationWarning: This process (pid=6708) is multi-threaded, use of fork() may lead to deadlocks in the child.
  pid = os.fork()

[2024-07-14T15:54:22.908+0000] {standard_task_runner.py:63} INFO - Started process 6727 to run task
[2024-07-14T15:54:22.907+0000] {standard_task_runner.py:90} INFO - Running: ['***', 'tasks', 'run', 'fetch_spread_values', 'fetch_and_compute_spread_usd_mxn', 'scheduled__2024-07-14T15:43:00+00:00', '--job-id', '2019', '--raw', '--subdir', 'DAGS_FOLDER/***.py', '--cfg-path', '/tmp/tmp6q8usw4m']
[2024-07-14T15:54:22.910+0000] {standard_task_runner.py:91} INFO - Job 2019: Subtask fetch_and_compute_spread_usd_mxn
[2024-07-14T15:54:22.961+0000] {task_command.py:426} INFO - Running <TaskInstance: fetch_spread_values.fetch_and_compute_spread_usd_mxn scheduled__2024-07-14T15:43:00+00:00 [running]> on host d537c34a4880
[2024-07-14T15:54:23.012+0000] {taskinstance.py:2648} INFO - Exporting env vars: AIRFLOW_CTX_DAG_OWNER='***' AIRFLOW_CTX_DAG_ID='fetch_spread_values' AIRFLOW_CTX_TASK_ID='fetch_and_compute_spread_usd_mxn' AIRFLOW_CTX_EXECUTION_DATE='2024-07-14T15:43:00+00:00' AIRFLOW_CTX_TRY_NUMBER='1' AIRFLOW_CTX_DAG_RUN_ID='scheduled__2024-07-14T15:43:00+00:00'
[2024-07-14T15:54:23.014+0000] {taskinstance.py:430} INFO - ::endgroup::
[2024-07-14T15:54:23.335+0000] {python.py:237} INFO - Done. Returned value was: None
[2024-07-14T15:54:23.336+0000] {taskinstance.py:441} INFO - ::group::Post task execution logs
[2024-07-14T15:54:23.351+0000] {taskinstance.py:1206} INFO - Marking task as SUCCESS. dag_id=fetch_spread_values, task_id=fetch_and_compute_spread_usd_mxn, run_id=scheduled__2024-07-14T15:43:00+00:00, execution_date=20240714T154300, start_date=20240714T155422, end_date=20240714T155423
[2024-07-14T15:54:23.377+0000] {local_task_job_runner.py:240} INFO - Task exited with return code 0
[2024-07-14T15:54:23.386+0000] {taskinstance.py:3503} INFO - 0 downstream tasks scheduled from follow-on schedule check
[2024-07-14T15:54:23.387+0000] {local_task_job_runner.py:222} INFO - ::endgroup::
[2024-07-14T20:38:46.087+0000] {local_task_job_runner.py:120} INFO - ::group::Pre task execution logs
[2024-07-14T20:38:46.131+0000] {taskinstance.py:2076} INFO - Dependencies all met for dep_context=non-requeueable deps ti=<TaskInstance: fetch_spread_values.fetch_and_compute_spread_usd_mxn scheduled__2024-07-14T15:43:00+00:00 [queued]>
[2024-07-14T20:38:46.139+0000] {taskinstance.py:2076} INFO - Dependencies all met for dep_context=requeueable deps ti=<TaskInstance: fetch_spread_values.fetch_and_compute_spread_usd_mxn scheduled__2024-07-14T15:43:00+00:00 [queued]>
[2024-07-14T20:38:46.140+0000] {taskinstance.py:2306} INFO - Starting attempt 1 of 2
[2024-07-14T20:38:46.161+0000] {taskinstance.py:2330} INFO - Executing <Task(PythonOperator): fetch_and_compute_spread_usd_mxn> on 2024-07-14 15:43:00+00:00
[2024-07-14T20:38:46.166+0000] {logging_mixin.py:188} WARNING - /home/***/.local/lib/python3.12/site-packages/***/task/task_runner/standard_task_runner.py:61 DeprecationWarning: This process (pid=4267) is multi-threaded, use of fork() may lead to deadlocks in the child.
[2024-07-14T20:38:46.175+0000] {standard_task_runner.py:63} INFO - Started process 4275 to run task
[2024-07-14T20:38:46.167+0000] {standard_task_runner.py:90} INFO - Running: ['***', 'tasks', 'run', 'fetch_spread_values', 'fetch_and_compute_spread_usd_mxn', 'scheduled__2024-07-14T15:43:00+00:00', '--job-id', '2014', '--raw', '--subdir', 'DAGS_FOLDER/***.py', '--cfg-path', '/tmp/tmpb87e3hek']
[2024-07-14T20:38:46.180+0000] {standard_task_runner.py:91} INFO - Job 2014: Subtask fetch_and_compute_spread_usd_mxn
[2024-07-14T20:38:46.248+0000] {task_command.py:426} INFO - Running <TaskInstance: fetch_spread_values.fetch_and_compute_spread_usd_mxn scheduled__2024-07-14T15:43:00+00:00 [running]> on host 77caf7e4b282
[2024-07-14T20:38:46.343+0000] {taskinstance.py:2648} INFO - Exporting env vars: AIRFLOW_CTX_DAG_OWNER='***' AIRFLOW_CTX_DAG_ID='fetch_spread_values' AIRFLOW_CTX_TASK_ID='fetch_and_compute_spread_usd_mxn' AIRFLOW_CTX_EXECUTION_DATE='2024-07-14T15:43:00+00:00' AIRFLOW_CTX_TRY_NUMBER='1' AIRFLOW_CTX_DAG_RUN_ID='scheduled__2024-07-14T15:43:00+00:00'
[2024-07-14T20:38:46.344+0000] {taskinstance.py:430} INFO - ::endgroup::
[2024-07-14T20:38:46.510+0000] {python.py:237} INFO - Done. Returned value was: None
[2024-07-14T20:38:46.513+0000] {taskinstance.py:441} INFO - ::group::Post task execution logs
[2024-07-14T20:38:46.519+0000] {taskinstance.py:1206} INFO - Marking task as SUCCESS. dag_id=fetch_spread_values, task_id=fetch_and_compute_spread_usd_mxn, run_id=scheduled__2024-07-14T15:43:00+00:00, execution_date=20240714T154300, start_date=20240714T203846, end_date=20240714T203846
[2024-07-14T20:38:46.569+0000] {local_task_job_runner.py:240} INFO - Task exited with return code 0
[2024-07-14T20:38:46.578+0000] {taskinstance.py:3503} INFO - 0 downstream tasks scheduled from follow-on schedule check
[2024-07-14T20:38:46.579+0000] {local_task_job_runner.py:222} INFO - ::endgroup::
