[2024-07-14T17:27:04.031+0000] {local_task_job_runner.py:120} INFO - ::group::Pre task execution logs
[2024-07-14T17:27:04.094+0000] {taskinstance.py:2076} INFO - Dependencies all met for dep_context=non-requeueable deps ti=<TaskInstance: fetch_spread_values.fetch_and_compute_spread_btc_mxn scheduled__2024-07-14T17:20:00+00:00 [queued]>
[2024-07-14T17:27:04.133+0000] {taskinstance.py:2076} INFO - Dependencies all met for dep_context=requeueable deps ti=<TaskInstance: fetch_spread_values.fetch_and_compute_spread_btc_mxn scheduled__2024-07-14T17:20:00+00:00 [queued]>
[2024-07-14T17:27:04.140+0000] {taskinstance.py:2306} INFO - Starting attempt 1 of 2
[2024-07-14T17:27:04.197+0000] {taskinstance.py:2330} INFO - Executing <Task(PythonOperator): fetch_and_compute_spread_btc_mxn> on 2024-07-14 17:20:00+00:00
[2024-07-14T17:27:04.337+0000] {standard_task_runner.py:90} INFO - Running: ['***', 'tasks', 'run', 'fetch_spread_values', 'fetch_and_compute_spread_btc_mxn', 'scheduled__2024-07-14T17:20:00+00:00', '--job-id', '2226', '--raw', '--subdir', 'DAGS_FOLDER/***.py', '--cfg-path', '/tmp/tmp5onl8031']
[2024-07-14T17:27:04.354+0000] {standard_task_runner.py:91} INFO - Job 2226: Subtask fetch_and_compute_spread_btc_mxn
[2024-07-14T17:27:04.352+0000] {warnings.py:112} WARNING - /home/***/.local/lib/python3.12/site-packages/***/task/task_runner/standard_task_runner.py:61: DeprecationWarning: This process (pid=7379) is multi-threaded, use of fork() may lead to deadlocks in the child.
  pid = os.fork()

[2024-07-14T17:27:04.384+0000] {standard_task_runner.py:63} INFO - Started process 7421 to run task
[2024-07-14T17:27:04.634+0000] {task_command.py:426} INFO - Running <TaskInstance: fetch_spread_values.fetch_and_compute_spread_btc_mxn scheduled__2024-07-14T17:20:00+00:00 [running]> on host d537c34a4880
[2024-07-14T17:27:04.884+0000] {taskinstance.py:2648} INFO - Exporting env vars: AIRFLOW_CTX_DAG_OWNER='***' AIRFLOW_CTX_DAG_ID='fetch_spread_values' AIRFLOW_CTX_TASK_ID='fetch_and_compute_spread_btc_mxn' AIRFLOW_CTX_EXECUTION_DATE='2024-07-14T17:20:00+00:00' AIRFLOW_CTX_TRY_NUMBER='1' AIRFLOW_CTX_DAG_RUN_ID='scheduled__2024-07-14T17:20:00+00:00'
[2024-07-14T17:27:04.892+0000] {taskinstance.py:430} INFO - ::endgroup::
[2024-07-14T17:27:05.240+0000] {python.py:237} INFO - Done. Returned value was: None
[2024-07-14T17:27:05.249+0000] {taskinstance.py:441} INFO - ::group::Post task execution logs
[2024-07-14T17:27:05.274+0000] {taskinstance.py:1206} INFO - Marking task as SUCCESS. dag_id=fetch_spread_values, task_id=fetch_and_compute_spread_btc_mxn, run_id=scheduled__2024-07-14T17:20:00+00:00, execution_date=20240714T172000, start_date=20240714T172704, end_date=20240714T172705
[2024-07-14T17:27:05.307+0000] {local_task_job_runner.py:240} INFO - Task exited with return code 0
[2024-07-14T17:27:05.334+0000] {taskinstance.py:3503} INFO - 0 downstream tasks scheduled from follow-on schedule check
[2024-07-14T17:27:05.344+0000] {local_task_job_runner.py:222} INFO - ::endgroup::
[2024-07-14T20:39:24.895+0000] {local_task_job_runner.py:120} INFO - ::group::Pre task execution logs
[2024-07-14T20:39:24.972+0000] {taskinstance.py:2076} INFO - Dependencies all met for dep_context=non-requeueable deps ti=<TaskInstance: fetch_spread_values.fetch_and_compute_spread_btc_mxn scheduled__2024-07-14T17:20:00+00:00 [queued]>
[2024-07-14T20:39:24.990+0000] {taskinstance.py:2076} INFO - Dependencies all met for dep_context=requeueable deps ti=<TaskInstance: fetch_spread_values.fetch_and_compute_spread_btc_mxn scheduled__2024-07-14T17:20:00+00:00 [queued]>
[2024-07-14T20:39:25.000+0000] {taskinstance.py:2306} INFO - Starting attempt 1 of 2
[2024-07-14T20:39:25.162+0000] {taskinstance.py:2330} INFO - Executing <Task(PythonOperator): fetch_and_compute_spread_btc_mxn> on 2024-07-14 17:20:00+00:00
[2024-07-14T20:39:25.194+0000] {standard_task_runner.py:90} INFO - Running: ['***', 'tasks', 'run', 'fetch_spread_values', 'fetch_and_compute_spread_btc_mxn', 'scheduled__2024-07-14T17:20:00+00:00', '--job-id', '2208', '--raw', '--subdir', 'DAGS_FOLDER/***.py', '--cfg-path', '/tmp/tmpfgpe__5m']
[2024-07-14T20:39:25.203+0000] {standard_task_runner.py:91} INFO - Job 2208: Subtask fetch_and_compute_spread_btc_mxn
[2024-07-14T20:39:25.195+0000] {logging_mixin.py:188} WARNING - /home/***/.local/lib/python3.12/site-packages/***/task/task_runner/standard_task_runner.py:61 DeprecationWarning: This process (pid=4663) is multi-threaded, use of fork() may lead to deadlocks in the child.
[2024-07-14T20:39:25.225+0000] {standard_task_runner.py:63} INFO - Started process 4674 to run task
[2024-07-14T20:39:25.320+0000] {task_command.py:426} INFO - Running <TaskInstance: fetch_spread_values.fetch_and_compute_spread_btc_mxn scheduled__2024-07-14T17:20:00+00:00 [running]> on host 77caf7e4b282
[2024-07-14T20:39:25.519+0000] {taskinstance.py:2648} INFO - Exporting env vars: AIRFLOW_CTX_DAG_OWNER='***' AIRFLOW_CTX_DAG_ID='fetch_spread_values' AIRFLOW_CTX_TASK_ID='fetch_and_compute_spread_btc_mxn' AIRFLOW_CTX_EXECUTION_DATE='2024-07-14T17:20:00+00:00' AIRFLOW_CTX_TRY_NUMBER='1' AIRFLOW_CTX_DAG_RUN_ID='scheduled__2024-07-14T17:20:00+00:00'
[2024-07-14T20:39:25.524+0000] {taskinstance.py:430} INFO - ::endgroup::
[2024-07-14T20:39:25.759+0000] {python.py:237} INFO - Done. Returned value was: None
[2024-07-14T20:39:25.760+0000] {taskinstance.py:441} INFO - ::group::Post task execution logs
[2024-07-14T20:39:25.766+0000] {taskinstance.py:1206} INFO - Marking task as SUCCESS. dag_id=fetch_spread_values, task_id=fetch_and_compute_spread_btc_mxn, run_id=scheduled__2024-07-14T17:20:00+00:00, execution_date=20240714T172000, start_date=20240714T203924, end_date=20240714T203925
[2024-07-14T20:39:25.794+0000] {local_task_job_runner.py:240} INFO - Task exited with return code 0
[2024-07-14T20:39:25.804+0000] {taskinstance.py:3503} INFO - 0 downstream tasks scheduled from follow-on schedule check
[2024-07-14T20:39:25.805+0000] {local_task_job_runner.py:222} INFO - ::endgroup::
