[2024-07-14T16:58:30.368+0000] {local_task_job_runner.py:120} INFO - ::group::Pre task execution logs
[2024-07-14T16:58:30.435+0000] {taskinstance.py:2076} INFO - Dependencies all met for dep_context=non-requeueable deps ti=<TaskInstance: fetch_spread_values.fetch_and_compute_spread_btc_mxn scheduled__2024-07-14T16:53:00+00:00 [queued]>
[2024-07-14T16:58:30.446+0000] {taskinstance.py:2076} INFO - Dependencies all met for dep_context=requeueable deps ti=<TaskInstance: fetch_spread_values.fetch_and_compute_spread_btc_mxn scheduled__2024-07-14T16:53:00+00:00 [queued]>
[2024-07-14T16:58:30.447+0000] {taskinstance.py:2306} INFO - Starting attempt 1 of 2
[2024-07-14T16:58:30.484+0000] {taskinstance.py:2330} INFO - Executing <Task(PythonOperator): fetch_and_compute_spread_btc_mxn> on 2024-07-14 16:53:00+00:00
[2024-07-14T16:58:30.502+0000] {warnings.py:112} WARNING - /home/***/.local/lib/python3.12/site-packages/***/task/task_runner/standard_task_runner.py:61: DeprecationWarning: This process (pid=7206) is multi-threaded, use of fork() may lead to deadlocks in the child.
  pid = os.fork()

[2024-07-14T16:58:30.509+0000] {standard_task_runner.py:63} INFO - Started process 7222 to run task
[2024-07-14T16:58:30.510+0000] {standard_task_runner.py:90} INFO - Running: ['***', 'tasks', 'run', 'fetch_spread_values', 'fetch_and_compute_spread_btc_mxn', 'scheduled__2024-07-14T16:53:00+00:00', '--job-id', '2168', '--raw', '--subdir', 'DAGS_FOLDER/***.py', '--cfg-path', '/tmp/tmpz6uh2k_1']
[2024-07-14T16:58:30.517+0000] {standard_task_runner.py:91} INFO - Job 2168: Subtask fetch_and_compute_spread_btc_mxn
[2024-07-14T16:58:30.676+0000] {task_command.py:426} INFO - Running <TaskInstance: fetch_spread_values.fetch_and_compute_spread_btc_mxn scheduled__2024-07-14T16:53:00+00:00 [running]> on host d537c34a4880
[2024-07-14T16:58:30.885+0000] {taskinstance.py:2648} INFO - Exporting env vars: AIRFLOW_CTX_DAG_OWNER='***' AIRFLOW_CTX_DAG_ID='fetch_spread_values' AIRFLOW_CTX_TASK_ID='fetch_and_compute_spread_btc_mxn' AIRFLOW_CTX_EXECUTION_DATE='2024-07-14T16:53:00+00:00' AIRFLOW_CTX_TRY_NUMBER='1' AIRFLOW_CTX_DAG_RUN_ID='scheduled__2024-07-14T16:53:00+00:00'
[2024-07-14T16:58:30.894+0000] {taskinstance.py:430} INFO - ::endgroup::
[2024-07-14T16:58:31.382+0000] {python.py:237} INFO - Done. Returned value was: None
[2024-07-14T16:58:31.386+0000] {taskinstance.py:441} INFO - ::group::Post task execution logs
[2024-07-14T16:58:31.407+0000] {taskinstance.py:1206} INFO - Marking task as SUCCESS. dag_id=fetch_spread_values, task_id=fetch_and_compute_spread_btc_mxn, run_id=scheduled__2024-07-14T16:53:00+00:00, execution_date=20240714T165300, start_date=20240714T165830, end_date=20240714T165831
[2024-07-14T16:58:31.473+0000] {local_task_job_runner.py:240} INFO - Task exited with return code 0
[2024-07-14T16:58:31.513+0000] {taskinstance.py:3503} INFO - 0 downstream tasks scheduled from follow-on schedule check
[2024-07-14T16:58:31.521+0000] {local_task_job_runner.py:222} INFO - ::endgroup::
[2024-07-14T20:39:15.191+0000] {local_task_job_runner.py:120} INFO - ::group::Pre task execution logs
[2024-07-14T20:39:15.266+0000] {taskinstance.py:2076} INFO - Dependencies all met for dep_context=non-requeueable deps ti=<TaskInstance: fetch_spread_values.fetch_and_compute_spread_btc_mxn scheduled__2024-07-14T16:53:00+00:00 [queued]>
[2024-07-14T20:39:15.277+0000] {taskinstance.py:2076} INFO - Dependencies all met for dep_context=requeueable deps ti=<TaskInstance: fetch_spread_values.fetch_and_compute_spread_btc_mxn scheduled__2024-07-14T16:53:00+00:00 [queued]>
[2024-07-14T20:39:15.279+0000] {taskinstance.py:2306} INFO - Starting attempt 1 of 2
[2024-07-14T20:39:15.319+0000] {taskinstance.py:2330} INFO - Executing <Task(PythonOperator): fetch_and_compute_spread_btc_mxn> on 2024-07-14 16:53:00+00:00
[2024-07-14T20:39:15.341+0000] {logging_mixin.py:188} WARNING - /home/***/.local/lib/python3.12/site-packages/***/task/task_runner/standard_task_runner.py:61 DeprecationWarning: This process (pid=4550) is multi-threaded, use of fork() may lead to deadlocks in the child.
[2024-07-14T20:39:15.349+0000] {standard_task_runner.py:63} INFO - Started process 4562 to run task
[2024-07-14T20:39:15.342+0000] {standard_task_runner.py:90} INFO - Running: ['***', 'tasks', 'run', 'fetch_spread_values', 'fetch_and_compute_spread_btc_mxn', 'scheduled__2024-07-14T16:53:00+00:00', '--job-id', '2155', '--raw', '--subdir', 'DAGS_FOLDER/***.py', '--cfg-path', '/tmp/tmp742btnrq']
[2024-07-14T20:39:15.355+0000] {standard_task_runner.py:91} INFO - Job 2155: Subtask fetch_and_compute_spread_btc_mxn
[2024-07-14T20:39:15.432+0000] {task_command.py:426} INFO - Running <TaskInstance: fetch_spread_values.fetch_and_compute_spread_btc_mxn scheduled__2024-07-14T16:53:00+00:00 [running]> on host 77caf7e4b282
[2024-07-14T20:39:15.502+0000] {taskinstance.py:2648} INFO - Exporting env vars: AIRFLOW_CTX_DAG_OWNER='***' AIRFLOW_CTX_DAG_ID='fetch_spread_values' AIRFLOW_CTX_TASK_ID='fetch_and_compute_spread_btc_mxn' AIRFLOW_CTX_EXECUTION_DATE='2024-07-14T16:53:00+00:00' AIRFLOW_CTX_TRY_NUMBER='1' AIRFLOW_CTX_DAG_RUN_ID='scheduled__2024-07-14T16:53:00+00:00'
[2024-07-14T20:39:15.503+0000] {taskinstance.py:430} INFO - ::endgroup::
[2024-07-14T20:39:15.666+0000] {python.py:237} INFO - Done. Returned value was: None
[2024-07-14T20:39:15.666+0000] {taskinstance.py:441} INFO - ::group::Post task execution logs
[2024-07-14T20:39:15.672+0000] {taskinstance.py:1206} INFO - Marking task as SUCCESS. dag_id=fetch_spread_values, task_id=fetch_and_compute_spread_btc_mxn, run_id=scheduled__2024-07-14T16:53:00+00:00, execution_date=20240714T165300, start_date=20240714T203915, end_date=20240714T203915
[2024-07-14T20:39:15.705+0000] {local_task_job_runner.py:240} INFO - Task exited with return code 0
[2024-07-14T20:39:15.713+0000] {taskinstance.py:3503} INFO - 0 downstream tasks scheduled from follow-on schedule check
[2024-07-14T20:39:15.714+0000] {local_task_job_runner.py:222} INFO - ::endgroup::
