[2024-07-14T16:13:02.935+0000] {local_task_job_runner.py:120} INFO - ::group::Pre task execution logs
[2024-07-14T16:13:02.973+0000] {taskinstance.py:2076} INFO - Dependencies all met for dep_context=non-requeueable deps ti=<TaskInstance: fetch_spread_values.fetch_and_compute_spread_usd_mxn scheduled__2024-07-14T15:58:00+00:00 [queued]>
[2024-07-14T16:13:02.990+0000] {taskinstance.py:2076} INFO - Dependencies all met for dep_context=requeueable deps ti=<TaskInstance: fetch_spread_values.fetch_and_compute_spread_usd_mxn scheduled__2024-07-14T15:58:00+00:00 [queued]>
[2024-07-14T16:13:02.993+0000] {taskinstance.py:2306} INFO - Starting attempt 1 of 2
[2024-07-14T16:13:03.049+0000] {taskinstance.py:2330} INFO - Executing <Task(PythonOperator): fetch_and_compute_spread_usd_mxn> on 2024-07-14 15:58:00+00:00
[2024-07-14T16:13:03.063+0000] {warnings.py:112} WARNING - /home/***/.local/lib/python3.12/site-packages/***/task/task_runner/standard_task_runner.py:61: DeprecationWarning: This process (pid=6811) is multi-threaded, use of fork() may lead to deadlocks in the child.
  pid = os.fork()

[2024-07-14T16:13:03.080+0000] {standard_task_runner.py:63} INFO - Started process 6849 to run task
[2024-07-14T16:13:03.105+0000] {standard_task_runner.py:90} INFO - Running: ['***', 'tasks', 'run', 'fetch_spread_values', 'fetch_and_compute_spread_usd_mxn', 'scheduled__2024-07-14T15:58:00+00:00', '--job-id', '2055', '--raw', '--subdir', 'DAGS_FOLDER/***.py', '--cfg-path', '/tmp/tmprr3fozb8']
[2024-07-14T16:13:03.127+0000] {standard_task_runner.py:91} INFO - Job 2055: Subtask fetch_and_compute_spread_usd_mxn
[2024-07-14T16:13:03.377+0000] {task_command.py:426} INFO - Running <TaskInstance: fetch_spread_values.fetch_and_compute_spread_usd_mxn scheduled__2024-07-14T15:58:00+00:00 [running]> on host d537c34a4880
[2024-07-14T16:13:03.736+0000] {taskinstance.py:2648} INFO - Exporting env vars: AIRFLOW_CTX_DAG_OWNER='***' AIRFLOW_CTX_DAG_ID='fetch_spread_values' AIRFLOW_CTX_TASK_ID='fetch_and_compute_spread_usd_mxn' AIRFLOW_CTX_EXECUTION_DATE='2024-07-14T15:58:00+00:00' AIRFLOW_CTX_TRY_NUMBER='1' AIRFLOW_CTX_DAG_RUN_ID='scheduled__2024-07-14T15:58:00+00:00'
[2024-07-14T16:13:03.759+0000] {taskinstance.py:430} INFO - ::endgroup::
[2024-07-14T16:13:04.144+0000] {python.py:237} INFO - Done. Returned value was: None
[2024-07-14T16:13:04.151+0000] {taskinstance.py:441} INFO - ::group::Post task execution logs
[2024-07-14T16:13:04.173+0000] {taskinstance.py:1206} INFO - Marking task as SUCCESS. dag_id=fetch_spread_values, task_id=fetch_and_compute_spread_usd_mxn, run_id=scheduled__2024-07-14T15:58:00+00:00, execution_date=20240714T155800, start_date=20240714T161302, end_date=20240714T161304
[2024-07-14T16:13:04.230+0000] {local_task_job_runner.py:240} INFO - Task exited with return code 0
[2024-07-14T16:13:04.255+0000] {taskinstance.py:3503} INFO - 0 downstream tasks scheduled from follow-on schedule check
[2024-07-14T16:13:04.260+0000] {local_task_job_runner.py:222} INFO - ::endgroup::
[2024-07-14T20:38:51.874+0000] {local_task_job_runner.py:120} INFO - ::group::Pre task execution logs
[2024-07-14T20:38:51.901+0000] {taskinstance.py:2076} INFO - Dependencies all met for dep_context=non-requeueable deps ti=<TaskInstance: fetch_spread_values.fetch_and_compute_spread_usd_mxn scheduled__2024-07-14T15:58:00+00:00 [queued]>
[2024-07-14T20:38:51.905+0000] {taskinstance.py:2076} INFO - Dependencies all met for dep_context=requeueable deps ti=<TaskInstance: fetch_spread_values.fetch_and_compute_spread_usd_mxn scheduled__2024-07-14T15:58:00+00:00 [queued]>
[2024-07-14T20:38:51.907+0000] {taskinstance.py:2306} INFO - Starting attempt 1 of 2
[2024-07-14T20:38:51.936+0000] {taskinstance.py:2330} INFO - Executing <Task(PythonOperator): fetch_and_compute_spread_usd_mxn> on 2024-07-14 15:58:00+00:00
[2024-07-14T20:38:51.946+0000] {logging_mixin.py:188} WARNING - /home/***/.local/lib/python3.12/site-packages/***/task/task_runner/standard_task_runner.py:61 DeprecationWarning: This process (pid=4333) is multi-threaded, use of fork() may lead to deadlocks in the child.
[2024-07-14T20:38:51.953+0000] {standard_task_runner.py:63} INFO - Started process 4341 to run task
[2024-07-14T20:38:51.946+0000] {standard_task_runner.py:90} INFO - Running: ['***', 'tasks', 'run', 'fetch_spread_values', 'fetch_and_compute_spread_usd_mxn', 'scheduled__2024-07-14T15:58:00+00:00', '--job-id', '2044', '--raw', '--subdir', 'DAGS_FOLDER/***.py', '--cfg-path', '/tmp/tmpjr25tv8n']
[2024-07-14T20:38:51.961+0000] {standard_task_runner.py:91} INFO - Job 2044: Subtask fetch_and_compute_spread_usd_mxn
[2024-07-14T20:38:52.033+0000] {task_command.py:426} INFO - Running <TaskInstance: fetch_spread_values.fetch_and_compute_spread_usd_mxn scheduled__2024-07-14T15:58:00+00:00 [running]> on host 77caf7e4b282
[2024-07-14T20:38:52.137+0000] {taskinstance.py:2648} INFO - Exporting env vars: AIRFLOW_CTX_DAG_OWNER='***' AIRFLOW_CTX_DAG_ID='fetch_spread_values' AIRFLOW_CTX_TASK_ID='fetch_and_compute_spread_usd_mxn' AIRFLOW_CTX_EXECUTION_DATE='2024-07-14T15:58:00+00:00' AIRFLOW_CTX_TRY_NUMBER='1' AIRFLOW_CTX_DAG_RUN_ID='scheduled__2024-07-14T15:58:00+00:00'
[2024-07-14T20:38:52.139+0000] {taskinstance.py:430} INFO - ::endgroup::
[2024-07-14T20:38:52.342+0000] {python.py:237} INFO - Done. Returned value was: None
[2024-07-14T20:38:52.346+0000] {taskinstance.py:441} INFO - ::group::Post task execution logs
[2024-07-14T20:38:52.371+0000] {taskinstance.py:1206} INFO - Marking task as SUCCESS. dag_id=fetch_spread_values, task_id=fetch_and_compute_spread_usd_mxn, run_id=scheduled__2024-07-14T15:58:00+00:00, execution_date=20240714T155800, start_date=20240714T203851, end_date=20240714T203852
[2024-07-14T20:38:52.438+0000] {local_task_job_runner.py:240} INFO - Task exited with return code 0
[2024-07-14T20:38:52.452+0000] {taskinstance.py:3503} INFO - 0 downstream tasks scheduled from follow-on schedule check
[2024-07-14T20:38:52.456+0000] {local_task_job_runner.py:222} INFO - ::endgroup::
