[2024-07-14T11:34:28.194+0000] {local_task_job_runner.py:120} INFO - ::group::Pre task execution logs
[2024-07-14T11:34:28.236+0000] {taskinstance.py:2076} INFO - Dependencies all met for dep_context=non-requeueable deps ti=<TaskInstance: fetch_spread_values.fetch_and_compute_spread_btc_mxn scheduled__2024-07-14T11:32:00+00:00 [queued]>
[2024-07-14T11:34:28.245+0000] {taskinstance.py:2076} INFO - Dependencies all met for dep_context=requeueable deps ti=<TaskInstance: fetch_spread_values.fetch_and_compute_spread_btc_mxn scheduled__2024-07-14T11:32:00+00:00 [queued]>
[2024-07-14T11:34:28.246+0000] {taskinstance.py:2306} INFO - Starting attempt 1 of 2
[2024-07-14T11:34:28.256+0000] {taskinstance.py:2330} INFO - Executing <Task(PythonOperator): fetch_and_compute_spread_btc_mxn> on 2024-07-14 11:32:00+00:00
[2024-07-14T11:34:28.262+0000] {warnings.py:112} WARNING - /home/***/.local/lib/python3.12/site-packages/***/task/task_runner/standard_task_runner.py:61: DeprecationWarning: This process (pid=4962) is multi-threaded, use of fork() may lead to deadlocks in the child.
  pid = os.fork()

[2024-07-14T11:34:28.264+0000] {standard_task_runner.py:63} INFO - Started process 4974 to run task
[2024-07-14T11:34:28.265+0000] {standard_task_runner.py:90} INFO - Running: ['***', 'tasks', 'run', 'fetch_spread_values', 'fetch_and_compute_spread_btc_mxn', 'scheduled__2024-07-14T11:32:00+00:00', '--job-id', '1483', '--raw', '--subdir', 'DAGS_FOLDER/***.py', '--cfg-path', '/tmp/tmpix0ce8du']
[2024-07-14T11:34:28.266+0000] {standard_task_runner.py:91} INFO - Job 1483: Subtask fetch_and_compute_spread_btc_mxn
[2024-07-14T11:34:28.352+0000] {task_command.py:426} INFO - Running <TaskInstance: fetch_spread_values.fetch_and_compute_spread_btc_mxn scheduled__2024-07-14T11:32:00+00:00 [running]> on host d537c34a4880
[2024-07-14T11:34:28.455+0000] {taskinstance.py:2648} INFO - Exporting env vars: AIRFLOW_CTX_DAG_OWNER='***' AIRFLOW_CTX_DAG_ID='fetch_spread_values' AIRFLOW_CTX_TASK_ID='fetch_and_compute_spread_btc_mxn' AIRFLOW_CTX_EXECUTION_DATE='2024-07-14T11:32:00+00:00' AIRFLOW_CTX_TRY_NUMBER='1' AIRFLOW_CTX_DAG_RUN_ID='scheduled__2024-07-14T11:32:00+00:00'
[2024-07-14T11:34:28.458+0000] {taskinstance.py:430} INFO - ::endgroup::
[2024-07-14T11:34:28.777+0000] {python.py:237} INFO - Done. Returned value was: None
[2024-07-14T11:34:28.778+0000] {taskinstance.py:441} INFO - ::group::Post task execution logs
[2024-07-14T11:34:28.785+0000] {taskinstance.py:1206} INFO - Marking task as SUCCESS. dag_id=fetch_spread_values, task_id=fetch_and_compute_spread_btc_mxn, run_id=scheduled__2024-07-14T11:32:00+00:00, execution_date=20240714T113200, start_date=20240714T113428, end_date=20240714T113428
[2024-07-14T11:34:28.830+0000] {local_task_job_runner.py:240} INFO - Task exited with return code 0
[2024-07-14T11:34:28.842+0000] {taskinstance.py:3503} INFO - 0 downstream tasks scheduled from follow-on schedule check
[2024-07-14T11:34:28.843+0000] {local_task_job_runner.py:222} INFO - ::endgroup::
[2024-07-14T20:37:14.262+0000] {local_task_job_runner.py:120} INFO - ::group::Pre task execution logs
[2024-07-14T20:37:14.292+0000] {taskinstance.py:2076} INFO - Dependencies all met for dep_context=non-requeueable deps ti=<TaskInstance: fetch_spread_values.fetch_and_compute_spread_btc_mxn scheduled__2024-07-14T11:32:00+00:00 [queued]>
[2024-07-14T20:37:14.298+0000] {taskinstance.py:2076} INFO - Dependencies all met for dep_context=requeueable deps ti=<TaskInstance: fetch_spread_values.fetch_and_compute_spread_btc_mxn scheduled__2024-07-14T11:32:00+00:00 [queued]>
[2024-07-14T20:37:14.299+0000] {taskinstance.py:2306} INFO - Starting attempt 1 of 2
[2024-07-14T20:37:14.310+0000] {taskinstance.py:2330} INFO - Executing <Task(PythonOperator): fetch_and_compute_spread_btc_mxn> on 2024-07-14 11:32:00+00:00
[2024-07-14T20:37:14.316+0000] {logging_mixin.py:188} WARNING - /home/***/.local/lib/python3.12/site-packages/***/task/task_runner/standard_task_runner.py:61 DeprecationWarning: This process (pid=3248) is multi-threaded, use of fork() may lead to deadlocks in the child.
[2024-07-14T20:37:14.320+0000] {standard_task_runner.py:63} INFO - Started process 3255 to run task
[2024-07-14T20:37:14.319+0000] {standard_task_runner.py:90} INFO - Running: ['***', 'tasks', 'run', 'fetch_spread_values', 'fetch_and_compute_spread_btc_mxn', 'scheduled__2024-07-14T11:32:00+00:00', '--job-id', '1512', '--raw', '--subdir', 'DAGS_FOLDER/***.py', '--cfg-path', '/tmp/tmpgpirwula']
[2024-07-14T20:37:14.323+0000] {standard_task_runner.py:91} INFO - Job 1512: Subtask fetch_and_compute_spread_btc_mxn
[2024-07-14T20:37:14.367+0000] {task_command.py:426} INFO - Running <TaskInstance: fetch_spread_values.fetch_and_compute_spread_btc_mxn scheduled__2024-07-14T11:32:00+00:00 [running]> on host 77caf7e4b282
[2024-07-14T20:37:14.423+0000] {taskinstance.py:2648} INFO - Exporting env vars: AIRFLOW_CTX_DAG_OWNER='***' AIRFLOW_CTX_DAG_ID='fetch_spread_values' AIRFLOW_CTX_TASK_ID='fetch_and_compute_spread_btc_mxn' AIRFLOW_CTX_EXECUTION_DATE='2024-07-14T11:32:00+00:00' AIRFLOW_CTX_TRY_NUMBER='1' AIRFLOW_CTX_DAG_RUN_ID='scheduled__2024-07-14T11:32:00+00:00'
[2024-07-14T20:37:14.424+0000] {taskinstance.py:430} INFO - ::endgroup::
[2024-07-14T20:37:14.581+0000] {python.py:237} INFO - Done. Returned value was: None
[2024-07-14T20:37:14.582+0000] {taskinstance.py:441} INFO - ::group::Post task execution logs
[2024-07-14T20:37:14.587+0000] {taskinstance.py:1206} INFO - Marking task as SUCCESS. dag_id=fetch_spread_values, task_id=fetch_and_compute_spread_btc_mxn, run_id=scheduled__2024-07-14T11:32:00+00:00, execution_date=20240714T113200, start_date=20240714T203714, end_date=20240714T203714
[2024-07-14T20:37:14.631+0000] {local_task_job_runner.py:240} INFO - Task exited with return code 0
[2024-07-14T20:37:14.640+0000] {taskinstance.py:3503} INFO - 0 downstream tasks scheduled from follow-on schedule check
[2024-07-14T20:37:14.641+0000] {local_task_job_runner.py:222} INFO - ::endgroup::
