[2024-07-14T18:44:28.450+0000] {local_task_job_runner.py:120} INFO - ::group::Pre task execution logs
[2024-07-14T18:44:28.464+0000] {taskinstance.py:2076} INFO - Dependencies all met for dep_context=non-requeueable deps ti=<TaskInstance: fetch_spread_values.fetch_and_compute_spread_usd_mxn scheduled__2024-07-14T18:42:00+00:00 [queued]>
[2024-07-14T18:44:28.470+0000] {taskinstance.py:2076} INFO - Dependencies all met for dep_context=requeueable deps ti=<TaskInstance: fetch_spread_values.fetch_and_compute_spread_usd_mxn scheduled__2024-07-14T18:42:00+00:00 [queued]>
[2024-07-14T18:44:28.470+0000] {taskinstance.py:2306} INFO - Starting attempt 1 of 2
[2024-07-14T18:44:28.482+0000] {taskinstance.py:2330} INFO - Executing <Task(PythonOperator): fetch_and_compute_spread_usd_mxn> on 2024-07-14 18:42:00+00:00
[2024-07-14T18:44:28.489+0000] {warnings.py:112} WARNING - /home/***/.local/lib/python3.12/site-packages/***/task/task_runner/standard_task_runner.py:61: DeprecationWarning: This process (pid=8008) is multi-threaded, use of fork() may lead to deadlocks in the child.
  pid = os.fork()

[2024-07-14T18:44:28.490+0000] {standard_task_runner.py:63} INFO - Started process 8016 to run task
[2024-07-14T18:44:28.490+0000] {standard_task_runner.py:90} INFO - Running: ['***', 'tasks', 'run', 'fetch_spread_values', 'fetch_and_compute_spread_usd_mxn', 'scheduled__2024-07-14T18:42:00+00:00', '--job-id', '2401', '--raw', '--subdir', 'DAGS_FOLDER/***.py', '--cfg-path', '/tmp/tmphm64jfo1']
[2024-07-14T18:44:28.492+0000] {standard_task_runner.py:91} INFO - Job 2401: Subtask fetch_and_compute_spread_usd_mxn
[2024-07-14T18:44:28.529+0000] {task_command.py:426} INFO - Running <TaskInstance: fetch_spread_values.fetch_and_compute_spread_usd_mxn scheduled__2024-07-14T18:42:00+00:00 [running]> on host d537c34a4880
[2024-07-14T18:44:28.595+0000] {taskinstance.py:2648} INFO - Exporting env vars: AIRFLOW_CTX_DAG_OWNER='***' AIRFLOW_CTX_DAG_ID='fetch_spread_values' AIRFLOW_CTX_TASK_ID='fetch_and_compute_spread_usd_mxn' AIRFLOW_CTX_EXECUTION_DATE='2024-07-14T18:42:00+00:00' AIRFLOW_CTX_TRY_NUMBER='1' AIRFLOW_CTX_DAG_RUN_ID='scheduled__2024-07-14T18:42:00+00:00'
[2024-07-14T18:44:28.600+0000] {taskinstance.py:430} INFO - ::endgroup::
[2024-07-14T18:44:29.002+0000] {python.py:237} INFO - Done. Returned value was: None
[2024-07-14T18:44:29.004+0000] {taskinstance.py:441} INFO - ::group::Post task execution logs
[2024-07-14T18:44:29.015+0000] {taskinstance.py:1206} INFO - Marking task as SUCCESS. dag_id=fetch_spread_values, task_id=fetch_and_compute_spread_usd_mxn, run_id=scheduled__2024-07-14T18:42:00+00:00, execution_date=20240714T184200, start_date=20240714T184428, end_date=20240714T184429
[2024-07-14T18:44:29.042+0000] {local_task_job_runner.py:240} INFO - Task exited with return code 0
[2024-07-14T18:44:29.053+0000] {taskinstance.py:3503} INFO - 0 downstream tasks scheduled from follow-on schedule check
[2024-07-14T18:44:29.054+0000] {local_task_job_runner.py:222} INFO - ::endgroup::
[2024-07-14T20:39:50.761+0000] {local_task_job_runner.py:120} INFO - ::group::Pre task execution logs
[2024-07-14T20:39:50.808+0000] {taskinstance.py:2076} INFO - Dependencies all met for dep_context=non-requeueable deps ti=<TaskInstance: fetch_spread_values.fetch_and_compute_spread_usd_mxn scheduled__2024-07-14T18:42:00+00:00 [queued]>
[2024-07-14T20:39:50.821+0000] {taskinstance.py:2076} INFO - Dependencies all met for dep_context=requeueable deps ti=<TaskInstance: fetch_spread_values.fetch_and_compute_spread_usd_mxn scheduled__2024-07-14T18:42:00+00:00 [queued]>
[2024-07-14T20:39:50.823+0000] {taskinstance.py:2306} INFO - Starting attempt 1 of 2
[2024-07-14T20:39:50.859+0000] {taskinstance.py:2330} INFO - Executing <Task(PythonOperator): fetch_and_compute_spread_usd_mxn> on 2024-07-14 18:42:00+00:00
[2024-07-14T20:39:50.878+0000] {logging_mixin.py:188} WARNING - /home/***/.local/lib/python3.12/site-packages/***/task/task_runner/standard_task_runner.py:61 DeprecationWarning: This process (pid=5000) is multi-threaded, use of fork() may lead to deadlocks in the child.
[2024-07-14T20:39:50.887+0000] {standard_task_runner.py:63} INFO - Started process 5010 to run task
[2024-07-14T20:39:50.883+0000] {standard_task_runner.py:90} INFO - Running: ['***', 'tasks', 'run', 'fetch_spread_values', 'fetch_and_compute_spread_usd_mxn', 'scheduled__2024-07-14T18:42:00+00:00', '--job-id', '2373', '--raw', '--subdir', 'DAGS_FOLDER/***.py', '--cfg-path', '/tmp/tmpqma7jodf']
[2024-07-14T20:39:50.905+0000] {standard_task_runner.py:91} INFO - Job 2373: Subtask fetch_and_compute_spread_usd_mxn
[2024-07-14T20:39:51.040+0000] {task_command.py:426} INFO - Running <TaskInstance: fetch_spread_values.fetch_and_compute_spread_usd_mxn scheduled__2024-07-14T18:42:00+00:00 [running]> on host 77caf7e4b282
[2024-07-14T20:39:51.215+0000] {taskinstance.py:2648} INFO - Exporting env vars: AIRFLOW_CTX_DAG_OWNER='***' AIRFLOW_CTX_DAG_ID='fetch_spread_values' AIRFLOW_CTX_TASK_ID='fetch_and_compute_spread_usd_mxn' AIRFLOW_CTX_EXECUTION_DATE='2024-07-14T18:42:00+00:00' AIRFLOW_CTX_TRY_NUMBER='1' AIRFLOW_CTX_DAG_RUN_ID='scheduled__2024-07-14T18:42:00+00:00'
[2024-07-14T20:39:51.223+0000] {taskinstance.py:430} INFO - ::endgroup::
[2024-07-14T20:39:51.524+0000] {python.py:237} INFO - Done. Returned value was: None
[2024-07-14T20:39:51.525+0000] {taskinstance.py:441} INFO - ::group::Post task execution logs
[2024-07-14T20:39:51.543+0000] {taskinstance.py:1206} INFO - Marking task as SUCCESS. dag_id=fetch_spread_values, task_id=fetch_and_compute_spread_usd_mxn, run_id=scheduled__2024-07-14T18:42:00+00:00, execution_date=20240714T184200, start_date=20240714T203950, end_date=20240714T203951
[2024-07-14T20:39:51.593+0000] {local_task_job_runner.py:240} INFO - Task exited with return code 0
[2024-07-14T20:39:51.612+0000] {taskinstance.py:3503} INFO - 0 downstream tasks scheduled from follow-on schedule check
[2024-07-14T20:39:51.616+0000] {local_task_job_runner.py:222} INFO - ::endgroup::
