[2024-07-14T15:54:17.761+0000] {local_task_job_runner.py:120} INFO - ::group::Pre task execution logs
[2024-07-14T15:54:17.897+0000] {taskinstance.py:2076} INFO - Dependencies all met for dep_context=non-requeueable deps ti=<TaskInstance: fetch_spread_values.fetch_and_compute_spread_usd_mxn scheduled__2024-07-14T15:35:00+00:00 [queued]>
[2024-07-14T15:54:17.916+0000] {taskinstance.py:2076} INFO - Dependencies all met for dep_context=requeueable deps ti=<TaskInstance: fetch_spread_values.fetch_and_compute_spread_usd_mxn scheduled__2024-07-14T15:35:00+00:00 [queued]>
[2024-07-14T15:54:17.918+0000] {taskinstance.py:2306} INFO - Starting attempt 1 of 2
[2024-07-14T15:54:17.963+0000] {taskinstance.py:2330} INFO - Executing <Task(PythonOperator): fetch_and_compute_spread_usd_mxn> on 2024-07-14 15:35:00+00:00
[2024-07-14T15:54:17.979+0000] {warnings.py:112} WARNING - /home/***/.local/lib/python3.12/site-packages/***/task/task_runner/standard_task_runner.py:61: DeprecationWarning: This process (pid=6665) is multi-threaded, use of fork() may lead to deadlocks in the child.
  pid = os.fork()

[2024-07-14T15:54:17.986+0000] {standard_task_runner.py:63} INFO - Started process 6694 to run task
[2024-07-14T15:54:17.978+0000] {standard_task_runner.py:90} INFO - Running: ['***', 'tasks', 'run', 'fetch_spread_values', 'fetch_and_compute_spread_usd_mxn', 'scheduled__2024-07-14T15:35:00+00:00', '--job-id', '2006', '--raw', '--subdir', 'DAGS_FOLDER/***.py', '--cfg-path', '/tmp/tmpo5_sz4ts']
[2024-07-14T15:54:18.011+0000] {standard_task_runner.py:91} INFO - Job 2006: Subtask fetch_and_compute_spread_usd_mxn
[2024-07-14T15:54:18.209+0000] {task_command.py:426} INFO - Running <TaskInstance: fetch_spread_values.fetch_and_compute_spread_usd_mxn scheduled__2024-07-14T15:35:00+00:00 [running]> on host d537c34a4880
[2024-07-14T15:54:18.724+0000] {taskinstance.py:2648} INFO - Exporting env vars: AIRFLOW_CTX_DAG_OWNER='***' AIRFLOW_CTX_DAG_ID='fetch_spread_values' AIRFLOW_CTX_TASK_ID='fetch_and_compute_spread_usd_mxn' AIRFLOW_CTX_EXECUTION_DATE='2024-07-14T15:35:00+00:00' AIRFLOW_CTX_TRY_NUMBER='1' AIRFLOW_CTX_DAG_RUN_ID='scheduled__2024-07-14T15:35:00+00:00'
[2024-07-14T15:54:18.738+0000] {taskinstance.py:430} INFO - ::endgroup::
[2024-07-14T15:54:19.273+0000] {python.py:237} INFO - Done. Returned value was: None
[2024-07-14T15:54:19.278+0000] {taskinstance.py:441} INFO - ::group::Post task execution logs
[2024-07-14T15:54:19.291+0000] {taskinstance.py:1206} INFO - Marking task as SUCCESS. dag_id=fetch_spread_values, task_id=fetch_and_compute_spread_usd_mxn, run_id=scheduled__2024-07-14T15:35:00+00:00, execution_date=20240714T153500, start_date=20240714T155417, end_date=20240714T155419
[2024-07-14T15:54:19.466+0000] {local_task_job_runner.py:240} INFO - Task exited with return code 0
[2024-07-14T15:54:19.554+0000] {taskinstance.py:3503} INFO - 0 downstream tasks scheduled from follow-on schedule check
[2024-07-14T15:54:19.599+0000] {local_task_job_runner.py:222} INFO - ::endgroup::
[2024-07-14T20:38:43.267+0000] {local_task_job_runner.py:120} INFO - ::group::Pre task execution logs
[2024-07-14T20:38:43.285+0000] {taskinstance.py:2076} INFO - Dependencies all met for dep_context=non-requeueable deps ti=<TaskInstance: fetch_spread_values.fetch_and_compute_spread_usd_mxn scheduled__2024-07-14T15:35:00+00:00 [queued]>
[2024-07-14T20:38:43.288+0000] {taskinstance.py:2076} INFO - Dependencies all met for dep_context=requeueable deps ti=<TaskInstance: fetch_spread_values.fetch_and_compute_spread_usd_mxn scheduled__2024-07-14T15:35:00+00:00 [queued]>
[2024-07-14T20:38:43.289+0000] {taskinstance.py:2306} INFO - Starting attempt 1 of 2
[2024-07-14T20:38:43.295+0000] {taskinstance.py:2330} INFO - Executing <Task(PythonOperator): fetch_and_compute_spread_usd_mxn> on 2024-07-14 15:35:00+00:00
[2024-07-14T20:38:43.299+0000] {logging_mixin.py:188} WARNING - /home/***/.local/lib/python3.12/site-packages/***/task/task_runner/standard_task_runner.py:61 DeprecationWarning: This process (pid=4239) is multi-threaded, use of fork() may lead to deadlocks in the child.
[2024-07-14T20:38:43.300+0000] {standard_task_runner.py:63} INFO - Started process 4243 to run task
[2024-07-14T20:38:43.299+0000] {standard_task_runner.py:90} INFO - Running: ['***', 'tasks', 'run', 'fetch_spread_values', 'fetch_and_compute_spread_usd_mxn', 'scheduled__2024-07-14T15:35:00+00:00', '--job-id', '1998', '--raw', '--subdir', 'DAGS_FOLDER/***.py', '--cfg-path', '/tmp/tmpfuyd10vg']
[2024-07-14T20:38:43.301+0000] {standard_task_runner.py:91} INFO - Job 1998: Subtask fetch_and_compute_spread_usd_mxn
[2024-07-14T20:38:43.329+0000] {task_command.py:426} INFO - Running <TaskInstance: fetch_spread_values.fetch_and_compute_spread_usd_mxn scheduled__2024-07-14T15:35:00+00:00 [running]> on host 77caf7e4b282
[2024-07-14T20:38:43.375+0000] {taskinstance.py:2648} INFO - Exporting env vars: AIRFLOW_CTX_DAG_OWNER='***' AIRFLOW_CTX_DAG_ID='fetch_spread_values' AIRFLOW_CTX_TASK_ID='fetch_and_compute_spread_usd_mxn' AIRFLOW_CTX_EXECUTION_DATE='2024-07-14T15:35:00+00:00' AIRFLOW_CTX_TRY_NUMBER='1' AIRFLOW_CTX_DAG_RUN_ID='scheduled__2024-07-14T15:35:00+00:00'
[2024-07-14T20:38:43.376+0000] {taskinstance.py:430} INFO - ::endgroup::
[2024-07-14T20:38:43.560+0000] {python.py:237} INFO - Done. Returned value was: None
[2024-07-14T20:38:43.560+0000] {taskinstance.py:441} INFO - ::group::Post task execution logs
[2024-07-14T20:38:43.566+0000] {taskinstance.py:1206} INFO - Marking task as SUCCESS. dag_id=fetch_spread_values, task_id=fetch_and_compute_spread_usd_mxn, run_id=scheduled__2024-07-14T15:35:00+00:00, execution_date=20240714T153500, start_date=20240714T203843, end_date=20240714T203843
[2024-07-14T20:38:43.606+0000] {local_task_job_runner.py:240} INFO - Task exited with return code 0
[2024-07-14T20:38:43.616+0000] {taskinstance.py:3503} INFO - 0 downstream tasks scheduled from follow-on schedule check
[2024-07-14T20:38:43.616+0000] {local_task_job_runner.py:222} INFO - ::endgroup::
