[2024-07-14T10:31:28.332+0000] {local_task_job_runner.py:120} INFO - ::group::Pre task execution logs
[2024-07-14T10:31:28.353+0000] {taskinstance.py:2076} INFO - Dependencies all met for dep_context=non-requeueable deps ti=<TaskInstance: fetch_spread_values.fetch_and_compute_spread_btc_mxn scheduled__2024-07-14T10:28:00+00:00 [queued]>
[2024-07-14T10:31:28.369+0000] {taskinstance.py:2076} INFO - Dependencies all met for dep_context=requeueable deps ti=<TaskInstance: fetch_spread_values.fetch_and_compute_spread_btc_mxn scheduled__2024-07-14T10:28:00+00:00 [queued]>
[2024-07-14T10:31:28.374+0000] {taskinstance.py:2306} INFO - Starting attempt 1 of 2
[2024-07-14T10:31:28.408+0000] {taskinstance.py:2330} INFO - Executing <Task(PythonOperator): fetch_and_compute_spread_btc_mxn> on 2024-07-14 10:28:00+00:00
[2024-07-14T10:31:28.413+0000] {warnings.py:112} WARNING - /home/***/.local/lib/python3.12/site-packages/***/task/task_runner/standard_task_runner.py:61: DeprecationWarning: This process (pid=4518) is multi-threaded, use of fork() may lead to deadlocks in the child.
  pid = os.fork()

[2024-07-14T10:31:28.417+0000] {standard_task_runner.py:90} INFO - Running: ['***', 'tasks', 'run', 'fetch_spread_values', 'fetch_and_compute_spread_btc_mxn', 'scheduled__2024-07-14T10:28:00+00:00', '--job-id', '1350', '--raw', '--subdir', 'DAGS_FOLDER/***.py', '--cfg-path', '/tmp/tmp1dgsd51d']
[2024-07-14T10:31:28.420+0000] {standard_task_runner.py:91} INFO - Job 1350: Subtask fetch_and_compute_spread_btc_mxn
[2024-07-14T10:31:28.418+0000] {standard_task_runner.py:63} INFO - Started process 4542 to run task
[2024-07-14T10:31:28.512+0000] {task_command.py:426} INFO - Running <TaskInstance: fetch_spread_values.fetch_and_compute_spread_btc_mxn scheduled__2024-07-14T10:28:00+00:00 [running]> on host d537c34a4880
[2024-07-14T10:31:28.600+0000] {taskinstance.py:2648} INFO - Exporting env vars: AIRFLOW_CTX_DAG_OWNER='***' AIRFLOW_CTX_DAG_ID='fetch_spread_values' AIRFLOW_CTX_TASK_ID='fetch_and_compute_spread_btc_mxn' AIRFLOW_CTX_EXECUTION_DATE='2024-07-14T10:28:00+00:00' AIRFLOW_CTX_TRY_NUMBER='1' AIRFLOW_CTX_DAG_RUN_ID='scheduled__2024-07-14T10:28:00+00:00'
[2024-07-14T10:31:28.602+0000] {taskinstance.py:430} INFO - ::endgroup::
[2024-07-14T10:31:28.785+0000] {python.py:237} INFO - Done. Returned value was: None
[2024-07-14T10:31:28.787+0000] {taskinstance.py:441} INFO - ::group::Post task execution logs
[2024-07-14T10:31:28.798+0000] {taskinstance.py:1206} INFO - Marking task as SUCCESS. dag_id=fetch_spread_values, task_id=fetch_and_compute_spread_btc_mxn, run_id=scheduled__2024-07-14T10:28:00+00:00, execution_date=20240714T102800, start_date=20240714T103128, end_date=20240714T103128
[2024-07-14T10:31:28.824+0000] {local_task_job_runner.py:240} INFO - Task exited with return code 0
[2024-07-14T10:31:28.836+0000] {taskinstance.py:3503} INFO - 0 downstream tasks scheduled from follow-on schedule check
[2024-07-14T10:31:28.837+0000] {local_task_job_runner.py:222} INFO - ::endgroup::
[2024-07-14T20:36:52.118+0000] {local_task_job_runner.py:120} INFO - ::group::Pre task execution logs
[2024-07-14T20:36:52.160+0000] {taskinstance.py:2076} INFO - Dependencies all met for dep_context=non-requeueable deps ti=<TaskInstance: fetch_spread_values.fetch_and_compute_spread_btc_mxn scheduled__2024-07-14T10:28:00+00:00 [queued]>
[2024-07-14T20:36:52.169+0000] {taskinstance.py:2076} INFO - Dependencies all met for dep_context=requeueable deps ti=<TaskInstance: fetch_spread_values.fetch_and_compute_spread_btc_mxn scheduled__2024-07-14T10:28:00+00:00 [queued]>
[2024-07-14T20:36:52.173+0000] {taskinstance.py:2306} INFO - Starting attempt 1 of 2
[2024-07-14T20:36:52.205+0000] {taskinstance.py:2330} INFO - Executing <Task(PythonOperator): fetch_and_compute_spread_btc_mxn> on 2024-07-14 10:28:00+00:00
[2024-07-14T20:36:52.221+0000] {logging_mixin.py:188} WARNING - /home/***/.local/lib/python3.12/site-packages/***/task/task_runner/standard_task_runner.py:61 DeprecationWarning: This process (pid=2993) is multi-threaded, use of fork() may lead to deadlocks in the child.
[2024-07-14T20:36:52.228+0000] {standard_task_runner.py:90} INFO - Running: ['***', 'tasks', 'run', 'fetch_spread_values', 'fetch_and_compute_spread_btc_mxn', 'scheduled__2024-07-14T10:28:00+00:00', '--job-id', '1384', '--raw', '--subdir', 'DAGS_FOLDER/***.py', '--cfg-path', '/tmp/tmp4imhxwzh']
[2024-07-14T20:36:52.244+0000] {standard_task_runner.py:91} INFO - Job 1384: Subtask fetch_and_compute_spread_btc_mxn
[2024-07-14T20:36:52.236+0000] {standard_task_runner.py:63} INFO - Started process 3003 to run task
[2024-07-14T20:36:52.362+0000] {task_command.py:426} INFO - Running <TaskInstance: fetch_spread_values.fetch_and_compute_spread_btc_mxn scheduled__2024-07-14T10:28:00+00:00 [running]> on host 77caf7e4b282
[2024-07-14T20:36:52.524+0000] {taskinstance.py:2648} INFO - Exporting env vars: AIRFLOW_CTX_DAG_OWNER='***' AIRFLOW_CTX_DAG_ID='fetch_spread_values' AIRFLOW_CTX_TASK_ID='fetch_and_compute_spread_btc_mxn' AIRFLOW_CTX_EXECUTION_DATE='2024-07-14T10:28:00+00:00' AIRFLOW_CTX_TRY_NUMBER='1' AIRFLOW_CTX_DAG_RUN_ID='scheduled__2024-07-14T10:28:00+00:00'
[2024-07-14T20:36:52.536+0000] {taskinstance.py:430} INFO - ::endgroup::
[2024-07-14T20:36:52.818+0000] {python.py:237} INFO - Done. Returned value was: None
[2024-07-14T20:36:52.826+0000] {taskinstance.py:441} INFO - ::group::Post task execution logs
[2024-07-14T20:36:52.839+0000] {taskinstance.py:1206} INFO - Marking task as SUCCESS. dag_id=fetch_spread_values, task_id=fetch_and_compute_spread_btc_mxn, run_id=scheduled__2024-07-14T10:28:00+00:00, execution_date=20240714T102800, start_date=20240714T203652, end_date=20240714T203652
[2024-07-14T20:36:52.905+0000] {local_task_job_runner.py:240} INFO - Task exited with return code 0
[2024-07-14T20:36:52.927+0000] {local_task_job_runner.py:222} INFO - ::endgroup::
