[2024-07-14T12:50:26.420+0000] {local_task_job_runner.py:120} INFO - ::group::Pre task execution logs
[2024-07-14T12:50:26.463+0000] {taskinstance.py:2076} INFO - Dependencies all met for dep_context=non-requeueable deps ti=<TaskInstance: fetch_spread_values.fetch_and_compute_spread_usd_mxn scheduled__2024-07-14T12:42:00+00:00 [queued]>
[2024-07-14T12:50:26.470+0000] {taskinstance.py:2076} INFO - Dependencies all met for dep_context=requeueable deps ti=<TaskInstance: fetch_spread_values.fetch_and_compute_spread_usd_mxn scheduled__2024-07-14T12:42:00+00:00 [queued]>
[2024-07-14T12:50:26.471+0000] {taskinstance.py:2306} INFO - Starting attempt 1 of 2
[2024-07-14T12:50:26.480+0000] {taskinstance.py:2330} INFO - Executing <Task(PythonOperator): fetch_and_compute_spread_usd_mxn> on 2024-07-14 12:42:00+00:00
[2024-07-14T12:50:26.487+0000] {warnings.py:112} WARNING - /home/***/.local/lib/python3.12/site-packages/***/task/task_runner/standard_task_runner.py:61: DeprecationWarning: This process (pid=5431) is multi-threaded, use of fork() may lead to deadlocks in the child.
  pid = os.fork()

[2024-07-14T12:50:26.488+0000] {standard_task_runner.py:63} INFO - Started process 5447 to run task
[2024-07-14T12:50:26.489+0000] {standard_task_runner.py:90} INFO - Running: ['***', 'tasks', 'run', 'fetch_spread_values', 'fetch_and_compute_spread_usd_mxn', 'scheduled__2024-07-14T12:42:00+00:00', '--job-id', '1633', '--raw', '--subdir', 'DAGS_FOLDER/***.py', '--cfg-path', '/tmp/tmpnlossqrs']
[2024-07-14T12:50:26.492+0000] {standard_task_runner.py:91} INFO - Job 1633: Subtask fetch_and_compute_spread_usd_mxn
[2024-07-14T12:50:26.544+0000] {task_command.py:426} INFO - Running <TaskInstance: fetch_spread_values.fetch_and_compute_spread_usd_mxn scheduled__2024-07-14T12:42:00+00:00 [running]> on host d537c34a4880
[2024-07-14T12:50:26.611+0000] {taskinstance.py:2648} INFO - Exporting env vars: AIRFLOW_CTX_DAG_OWNER='***' AIRFLOW_CTX_DAG_ID='fetch_spread_values' AIRFLOW_CTX_TASK_ID='fetch_and_compute_spread_usd_mxn' AIRFLOW_CTX_EXECUTION_DATE='2024-07-14T12:42:00+00:00' AIRFLOW_CTX_TRY_NUMBER='1' AIRFLOW_CTX_DAG_RUN_ID='scheduled__2024-07-14T12:42:00+00:00'
[2024-07-14T12:50:26.613+0000] {taskinstance.py:430} INFO - ::endgroup::
[2024-07-14T12:50:26.774+0000] {python.py:237} INFO - Done. Returned value was: None
[2024-07-14T12:50:26.775+0000] {taskinstance.py:441} INFO - ::group::Post task execution logs
[2024-07-14T12:50:26.780+0000] {taskinstance.py:1206} INFO - Marking task as SUCCESS. dag_id=fetch_spread_values, task_id=fetch_and_compute_spread_usd_mxn, run_id=scheduled__2024-07-14T12:42:00+00:00, execution_date=20240714T124200, start_date=20240714T125026, end_date=20240714T125026
[2024-07-14T12:50:26.798+0000] {local_task_job_runner.py:240} INFO - Task exited with return code 0
[2024-07-14T12:50:26.811+0000] {taskinstance.py:3503} INFO - 0 downstream tasks scheduled from follow-on schedule check
[2024-07-14T12:50:26.812+0000] {local_task_job_runner.py:222} INFO - ::endgroup::
[2024-07-14T20:37:40.715+0000] {local_task_job_runner.py:120} INFO - ::group::Pre task execution logs
[2024-07-14T20:37:40.757+0000] {taskinstance.py:2076} INFO - Dependencies all met for dep_context=non-requeueable deps ti=<TaskInstance: fetch_spread_values.fetch_and_compute_spread_usd_mxn scheduled__2024-07-14T12:42:00+00:00 [queued]>
[2024-07-14T20:37:40.762+0000] {taskinstance.py:2076} INFO - Dependencies all met for dep_context=requeueable deps ti=<TaskInstance: fetch_spread_values.fetch_and_compute_spread_usd_mxn scheduled__2024-07-14T12:42:00+00:00 [queued]>
[2024-07-14T20:37:40.763+0000] {taskinstance.py:2306} INFO - Starting attempt 1 of 2
[2024-07-14T20:37:40.774+0000] {taskinstance.py:2330} INFO - Executing <Task(PythonOperator): fetch_and_compute_spread_usd_mxn> on 2024-07-14 12:42:00+00:00
[2024-07-14T20:37:40.786+0000] {logging_mixin.py:188} WARNING - /home/***/.local/lib/python3.12/site-packages/***/task/task_runner/standard_task_runner.py:61 DeprecationWarning: This process (pid=3532) is multi-threaded, use of fork() may lead to deadlocks in the child.
[2024-07-14T20:37:40.789+0000] {standard_task_runner.py:63} INFO - Started process 3538 to run task
[2024-07-14T20:37:40.786+0000] {standard_task_runner.py:90} INFO - Running: ['***', 'tasks', 'run', 'fetch_spread_values', 'fetch_and_compute_spread_usd_mxn', 'scheduled__2024-07-14T12:42:00+00:00', '--job-id', '1652', '--raw', '--subdir', 'DAGS_FOLDER/***.py', '--cfg-path', '/tmp/tmphwkybr2_']
[2024-07-14T20:37:40.793+0000] {standard_task_runner.py:91} INFO - Job 1652: Subtask fetch_and_compute_spread_usd_mxn
[2024-07-14T20:37:40.898+0000] {task_command.py:426} INFO - Running <TaskInstance: fetch_spread_values.fetch_and_compute_spread_usd_mxn scheduled__2024-07-14T12:42:00+00:00 [running]> on host 77caf7e4b282
[2024-07-14T20:37:41.085+0000] {taskinstance.py:2648} INFO - Exporting env vars: AIRFLOW_CTX_DAG_OWNER='***' AIRFLOW_CTX_DAG_ID='fetch_spread_values' AIRFLOW_CTX_TASK_ID='fetch_and_compute_spread_usd_mxn' AIRFLOW_CTX_EXECUTION_DATE='2024-07-14T12:42:00+00:00' AIRFLOW_CTX_TRY_NUMBER='1' AIRFLOW_CTX_DAG_RUN_ID='scheduled__2024-07-14T12:42:00+00:00'
[2024-07-14T20:37:41.088+0000] {taskinstance.py:430} INFO - ::endgroup::
[2024-07-14T20:37:41.328+0000] {python.py:237} INFO - Done. Returned value was: None
[2024-07-14T20:37:41.329+0000] {taskinstance.py:441} INFO - ::group::Post task execution logs
[2024-07-14T20:37:41.334+0000] {taskinstance.py:1206} INFO - Marking task as SUCCESS. dag_id=fetch_spread_values, task_id=fetch_and_compute_spread_usd_mxn, run_id=scheduled__2024-07-14T12:42:00+00:00, execution_date=20240714T124200, start_date=20240714T203740, end_date=20240714T203741
[2024-07-14T20:37:41.381+0000] {local_task_job_runner.py:240} INFO - Task exited with return code 0
[2024-07-14T20:37:41.391+0000] {taskinstance.py:3503} INFO - 0 downstream tasks scheduled from follow-on schedule check
[2024-07-14T20:37:41.392+0000] {local_task_job_runner.py:222} INFO - ::endgroup::
