[2024-07-14T09:01:11.572+0000] {local_task_job_runner.py:120} INFO - ::group::Pre task execution logs
[2024-07-14T09:01:11.599+0000] {taskinstance.py:2076} INFO - Dependencies all met for dep_context=non-requeueable deps ti=<TaskInstance: fetch_spread_values.fetch_and_compute_spread_btc_mxn scheduled__2024-07-14T04:47:00+00:00 [queued]>
[2024-07-14T09:01:11.614+0000] {taskinstance.py:2076} INFO - Dependencies all met for dep_context=requeueable deps ti=<TaskInstance: fetch_spread_values.fetch_and_compute_spread_btc_mxn scheduled__2024-07-14T04:47:00+00:00 [queued]>
[2024-07-14T09:01:11.616+0000] {taskinstance.py:2306} INFO - Starting attempt 1 of 2
[2024-07-14T09:01:11.636+0000] {taskinstance.py:2330} INFO - Executing <Task(PythonOperator): fetch_and_compute_spread_btc_mxn> on 2024-07-14 04:47:00+00:00
[2024-07-14T09:01:11.649+0000] {warnings.py:112} WARNING - /home/***/.local/lib/python3.12/site-packages/***/task/task_runner/standard_task_runner.py:61: DeprecationWarning: This process (pid=1878) is multi-threaded, use of fork() may lead to deadlocks in the child.
  pid = os.fork()

[2024-07-14T09:01:11.655+0000] {standard_task_runner.py:63} INFO - Started process 1904 to run task
[2024-07-14T09:01:11.653+0000] {standard_task_runner.py:90} INFO - Running: ['***', 'tasks', 'run', 'fetch_spread_values', 'fetch_and_compute_spread_btc_mxn', 'scheduled__2024-07-14T04:47:00+00:00', '--job-id', '603', '--raw', '--subdir', 'DAGS_FOLDER/***.py', '--cfg-path', '/tmp/tmpt6dci9hj']
[2024-07-14T09:01:11.658+0000] {standard_task_runner.py:91} INFO - Job 603: Subtask fetch_and_compute_spread_btc_mxn
[2024-07-14T09:01:11.785+0000] {task_command.py:426} INFO - Running <TaskInstance: fetch_spread_values.fetch_and_compute_spread_btc_mxn scheduled__2024-07-14T04:47:00+00:00 [running]> on host d537c34a4880
[2024-07-14T09:01:11.926+0000] {taskinstance.py:2648} INFO - Exporting env vars: AIRFLOW_CTX_DAG_OWNER='***' AIRFLOW_CTX_DAG_ID='fetch_spread_values' AIRFLOW_CTX_TASK_ID='fetch_and_compute_spread_btc_mxn' AIRFLOW_CTX_EXECUTION_DATE='2024-07-14T04:47:00+00:00' AIRFLOW_CTX_TRY_NUMBER='1' AIRFLOW_CTX_DAG_RUN_ID='scheduled__2024-07-14T04:47:00+00:00'
[2024-07-14T09:01:11.928+0000] {taskinstance.py:430} INFO - ::endgroup::
[2024-07-14T09:01:12.107+0000] {python.py:237} INFO - Done. Returned value was: None
[2024-07-14T09:01:12.109+0000] {taskinstance.py:441} INFO - ::group::Post task execution logs
[2024-07-14T09:01:12.119+0000] {taskinstance.py:1206} INFO - Marking task as SUCCESS. dag_id=fetch_spread_values, task_id=fetch_and_compute_spread_btc_mxn, run_id=scheduled__2024-07-14T04:47:00+00:00, execution_date=20240714T044700, start_date=20240714T090111, end_date=20240714T090112
[2024-07-14T09:01:12.145+0000] {local_task_job_runner.py:240} INFO - Task exited with return code 0
[2024-07-14T09:01:12.165+0000] {taskinstance.py:3503} INFO - 0 downstream tasks scheduled from follow-on schedule check
[2024-07-14T09:01:12.166+0000] {local_task_job_runner.py:222} INFO - ::endgroup::
[2024-07-14T20:34:09.284+0000] {local_task_job_runner.py:120} INFO - ::group::Pre task execution logs
[2024-07-14T20:34:09.307+0000] {taskinstance.py:2076} INFO - Dependencies all met for dep_context=non-requeueable deps ti=<TaskInstance: fetch_spread_values.fetch_and_compute_spread_btc_mxn scheduled__2024-07-14T04:47:00+00:00 [queued]>
[2024-07-14T20:34:09.320+0000] {taskinstance.py:2076} INFO - Dependencies all met for dep_context=requeueable deps ti=<TaskInstance: fetch_spread_values.fetch_and_compute_spread_btc_mxn scheduled__2024-07-14T04:47:00+00:00 [queued]>
[2024-07-14T20:34:09.322+0000] {taskinstance.py:2306} INFO - Starting attempt 1 of 2
[2024-07-14T20:34:09.336+0000] {taskinstance.py:2330} INFO - Executing <Task(PythonOperator): fetch_and_compute_spread_btc_mxn> on 2024-07-14 04:47:00+00:00
[2024-07-14T20:34:09.343+0000] {logging_mixin.py:188} WARNING - /home/***/.local/lib/python3.12/site-packages/***/task/task_runner/standard_task_runner.py:61 DeprecationWarning: This process (pid=1349) is multi-threaded, use of fork() may lead to deadlocks in the child.
[2024-07-14T20:34:09.349+0000] {standard_task_runner.py:63} INFO - Started process 1361 to run task
[2024-07-14T20:34:09.345+0000] {standard_task_runner.py:90} INFO - Running: ['***', 'tasks', 'run', 'fetch_spread_values', 'fetch_and_compute_spread_btc_mxn', 'scheduled__2024-07-14T04:47:00+00:00', '--job-id', '579', '--raw', '--subdir', 'DAGS_FOLDER/***.py', '--cfg-path', '/tmp/tmpauedyggk']
[2024-07-14T20:34:09.361+0000] {standard_task_runner.py:91} INFO - Job 579: Subtask fetch_and_compute_spread_btc_mxn
[2024-07-14T20:34:09.434+0000] {task_command.py:426} INFO - Running <TaskInstance: fetch_spread_values.fetch_and_compute_spread_btc_mxn scheduled__2024-07-14T04:47:00+00:00 [running]> on host 77caf7e4b282
[2024-07-14T20:34:09.555+0000] {taskinstance.py:2648} INFO - Exporting env vars: AIRFLOW_CTX_DAG_OWNER='***' AIRFLOW_CTX_DAG_ID='fetch_spread_values' AIRFLOW_CTX_TASK_ID='fetch_and_compute_spread_btc_mxn' AIRFLOW_CTX_EXECUTION_DATE='2024-07-14T04:47:00+00:00' AIRFLOW_CTX_TRY_NUMBER='1' AIRFLOW_CTX_DAG_RUN_ID='scheduled__2024-07-14T04:47:00+00:00'
[2024-07-14T20:34:09.556+0000] {taskinstance.py:430} INFO - ::endgroup::
[2024-07-14T20:34:09.759+0000] {python.py:237} INFO - Done. Returned value was: None
[2024-07-14T20:34:09.776+0000] {taskinstance.py:441} INFO - ::group::Post task execution logs
[2024-07-14T20:34:09.825+0000] {taskinstance.py:1206} INFO - Marking task as SUCCESS. dag_id=fetch_spread_values, task_id=fetch_and_compute_spread_btc_mxn, run_id=scheduled__2024-07-14T04:47:00+00:00, execution_date=20240714T044700, start_date=20240714T203409, end_date=20240714T203409
[2024-07-14T20:34:09.879+0000] {local_task_job_runner.py:240} INFO - Task exited with return code 0
[2024-07-14T20:34:09.894+0000] {taskinstance.py:3503} INFO - 0 downstream tasks scheduled from follow-on schedule check
[2024-07-14T20:34:09.895+0000] {local_task_job_runner.py:222} INFO - ::endgroup::
