[2024-07-15T08:33:33.586+0000] {local_task_job_runner.py:120} INFO - ::group::Pre task execution logs
[2024-07-15T08:33:33.646+0000] {taskinstance.py:2076} INFO - Dependencies all met for dep_context=non-requeueable deps ti=<TaskInstance: etl_ticker.etl_btc_mxn scheduled__2024-07-14T01:30:00+00:00 [queued]>
[2024-07-15T08:33:33.655+0000] {taskinstance.py:2076} INFO - Dependencies all met for dep_context=requeueable deps ti=<TaskInstance: etl_ticker.etl_btc_mxn scheduled__2024-07-14T01:30:00+00:00 [queued]>
[2024-07-15T08:33:33.658+0000] {taskinstance.py:2306} INFO - Starting attempt 1 of 2
[2024-07-15T08:33:33.687+0000] {taskinstance.py:2330} INFO - Executing <Task(PythonOperator): etl_btc_mxn> on 2024-07-14 01:30:00+00:00
[2024-07-15T08:33:33.719+0000] {logging_mixin.py:188} WARNING - /home/***/.local/lib/python3.12/site-packages/***/task/task_runner/standard_task_runner.py:61 DeprecationWarning: This process (pid=2869) is multi-threaded, use of fork() may lead to deadlocks in the child.
[2024-07-15T08:33:33.729+0000] {standard_task_runner.py:63} INFO - Started process 2890 to run task
[2024-07-15T08:33:33.735+0000] {standard_task_runner.py:90} INFO - Running: ['***', 'tasks', 'run', 'etl_ticker', 'etl_btc_mxn', 'scheduled__2024-07-14T01:30:00+00:00', '--job-id', '229', '--raw', '--subdir', 'DAGS_FOLDER/et_dag.py', '--cfg-path', '/tmp/tmp5g9syxi9']
[2024-07-15T08:33:33.743+0000] {standard_task_runner.py:91} INFO - Job 229: Subtask etl_btc_mxn
[2024-07-15T08:33:33.864+0000] {task_command.py:426} INFO - Running <TaskInstance: etl_ticker.etl_btc_mxn scheduled__2024-07-14T01:30:00+00:00 [running]> on host 07ee111a4cec
[2024-07-15T08:33:33.994+0000] {taskinstance.py:2648} INFO - Exporting env vars: AIRFLOW_CTX_DAG_OWNER='***' AIRFLOW_CTX_DAG_ID='etl_ticker' AIRFLOW_CTX_TASK_ID='etl_btc_mxn' AIRFLOW_CTX_EXECUTION_DATE='2024-07-14T01:30:00+00:00' AIRFLOW_CTX_TRY_NUMBER='1' AIRFLOW_CTX_DAG_RUN_ID='scheduled__2024-07-14T01:30:00+00:00'
[2024-07-15T08:33:33.996+0000] {taskinstance.py:430} INFO - ::endgroup::
[2024-07-15T08:33:34.143+0000] {et_dag.py:26} INFO - Data fetched for book btc_mxn
[2024-07-15T08:33:34.143+0000] {et_dag.py:27} INFO - {'success': True, 'payload': {'high': '1119480.00', 'last': '1119480.00', 'created_at': '2024-07-15T08:33:33+00:00', 'book': 'btc_mxn', 'volume': '0', 'vwap': '0', 'low': '1119480.00', 'ask': '1023070.02', 'bid': '1023069.98', 'change_24': '0.00', 'rolling_average_change': {}}}
[2024-07-15T08:33:34.144+0000] {et_dag.py:30} INFO - Spread computed
[2024-07-15T08:33:34.144+0000] {et_dag.py:31} INFO - {'orderbook_timestamp': '2024-07-15T08:33:33+00:00', 'book': 'btc_mxn', 'bid': 1023069.98, 'ask': 1023070.02, 'spread': 3.909800820598076e-06}
[2024-07-15T08:33:35.286+0000] {et_dag.py:26} INFO - Data fetched for book btc_mxn
[2024-07-15T08:33:35.287+0000] {et_dag.py:27} INFO - {'success': True, 'payload': {'high': '1119480.00', 'last': '1119480.00', 'created_at': '2024-07-15T08:33:34+00:00', 'book': 'btc_mxn', 'volume': '0', 'vwap': '0', 'low': '1119480.00', 'ask': '1023070.02', 'bid': '1023069.98', 'change_24': '0.00', 'rolling_average_change': {}}}
[2024-07-15T08:33:35.287+0000] {et_dag.py:30} INFO - Spread computed
[2024-07-15T08:33:35.287+0000] {et_dag.py:31} INFO - {'orderbook_timestamp': '2024-07-15T08:33:34+00:00', 'book': 'btc_mxn', 'bid': 1023069.98, 'ask': 1023070.02, 'spread': 3.909800820598076e-06}
[2024-07-15T08:33:36.440+0000] {et_dag.py:26} INFO - Data fetched for book btc_mxn
[2024-07-15T08:33:36.440+0000] {et_dag.py:27} INFO - {'success': True, 'payload': {'high': '1119480.00', 'last': '1119480.00', 'created_at': '2024-07-15T08:33:36+00:00', 'book': 'btc_mxn', 'volume': '0', 'vwap': '0', 'low': '1119480.00', 'ask': '1023070.02', 'bid': '1023069.98', 'change_24': '0.00', 'rolling_average_change': {}}}
[2024-07-15T08:33:36.441+0000] {et_dag.py:30} INFO - Spread computed
[2024-07-15T08:33:36.441+0000] {et_dag.py:31} INFO - {'orderbook_timestamp': '2024-07-15T08:33:36+00:00', 'book': 'btc_mxn', 'bid': 1023069.98, 'ask': 1023070.02, 'spread': 3.909800820598076e-06}
[2024-07-15T08:33:37.567+0000] {et_dag.py:26} INFO - Data fetched for book btc_mxn
[2024-07-15T08:33:37.568+0000] {et_dag.py:27} INFO - {'success': True, 'payload': {'high': '1119480.00', 'last': '1119480.00', 'created_at': '2024-07-15T08:33:37+00:00', 'book': 'btc_mxn', 'volume': '0', 'vwap': '0', 'low': '1119480.00', 'ask': '1023070.02', 'bid': '1023069.98', 'change_24': '0.00', 'rolling_average_change': {}}}
[2024-07-15T08:33:37.568+0000] {et_dag.py:30} INFO - Spread computed
[2024-07-15T08:33:37.568+0000] {et_dag.py:31} INFO - {'orderbook_timestamp': '2024-07-15T08:33:37+00:00', 'book': 'btc_mxn', 'bid': 1023069.98, 'ask': 1023070.02, 'spread': 3.909800820598076e-06}
[2024-07-15T08:33:38.716+0000] {et_dag.py:26} INFO - Data fetched for book btc_mxn
[2024-07-15T08:33:38.717+0000] {et_dag.py:27} INFO - {'success': True, 'payload': {'high': '1119480.00', 'last': '1119480.00', 'created_at': '2024-07-15T08:33:38+00:00', 'book': 'btc_mxn', 'volume': '0', 'vwap': '0', 'low': '1119480.00', 'ask': '1023070.02', 'bid': '1023069.98', 'change_24': '0.00', 'rolling_average_change': {}}}
[2024-07-15T08:33:38.717+0000] {et_dag.py:30} INFO - Spread computed
[2024-07-15T08:33:38.717+0000] {et_dag.py:31} INFO - {'orderbook_timestamp': '2024-07-15T08:33:38+00:00', 'book': 'btc_mxn', 'bid': 1023069.98, 'ask': 1023070.02, 'spread': 3.909800820598076e-06}
[2024-07-15T08:33:39.845+0000] {et_dag.py:26} INFO - Data fetched for book btc_mxn
[2024-07-15T08:33:39.845+0000] {et_dag.py:27} INFO - {'success': True, 'payload': {'high': '1119480.00', 'last': '1119480.00', 'created_at': '2024-07-15T08:33:39+00:00', 'book': 'btc_mxn', 'volume': '0', 'vwap': '0', 'low': '1119480.00', 'ask': '1023070.02', 'bid': '1023069.98', 'change_24': '0.00', 'rolling_average_change': {}}}
[2024-07-15T08:33:39.845+0000] {et_dag.py:30} INFO - Spread computed
[2024-07-15T08:33:39.846+0000] {et_dag.py:31} INFO - {'orderbook_timestamp': '2024-07-15T08:33:39+00:00', 'book': 'btc_mxn', 'bid': 1023069.98, 'ask': 1023070.02, 'spread': 3.909800820598076e-06}
[2024-07-15T08:33:40.974+0000] {et_dag.py:26} INFO - Data fetched for book btc_mxn
[2024-07-15T08:33:40.975+0000] {et_dag.py:27} INFO - {'success': True, 'payload': {'high': '1119480.00', 'last': '1119480.00', 'created_at': '2024-07-15T08:33:40+00:00', 'book': 'btc_mxn', 'volume': '0', 'vwap': '0', 'low': '1119480.00', 'ask': '1023070.02', 'bid': '1023069.98', 'change_24': '0.00', 'rolling_average_change': {}}}
[2024-07-15T08:33:40.975+0000] {et_dag.py:30} INFO - Spread computed
[2024-07-15T08:33:40.975+0000] {et_dag.py:31} INFO - {'orderbook_timestamp': '2024-07-15T08:33:40+00:00', 'book': 'btc_mxn', 'bid': 1023069.98, 'ask': 1023070.02, 'spread': 3.909800820598076e-06}
[2024-07-15T08:33:42.106+0000] {et_dag.py:26} INFO - Data fetched for book btc_mxn
[2024-07-15T08:33:42.107+0000] {et_dag.py:27} INFO - {'success': True, 'payload': {'high': '1119480.00', 'last': '1119480.00', 'created_at': '2024-07-15T08:33:41+00:00', 'book': 'btc_mxn', 'volume': '0', 'vwap': '0', 'low': '1119480.00', 'ask': '1023070.02', 'bid': '1023069.98', 'change_24': '0.00', 'rolling_average_change': {}}}
[2024-07-15T08:33:42.107+0000] {et_dag.py:30} INFO - Spread computed
[2024-07-15T08:33:42.107+0000] {et_dag.py:31} INFO - {'orderbook_timestamp': '2024-07-15T08:33:41+00:00', 'book': 'btc_mxn', 'bid': 1023069.98, 'ask': 1023070.02, 'spread': 3.909800820598076e-06}
[2024-07-15T08:33:43.260+0000] {et_dag.py:26} INFO - Data fetched for book btc_mxn
[2024-07-15T08:33:43.261+0000] {et_dag.py:27} INFO - {'success': True, 'payload': {'high': '1119480.00', 'last': '1119480.00', 'created_at': '2024-07-15T08:33:42+00:00', 'book': 'btc_mxn', 'volume': '0', 'vwap': '0', 'low': '1119480.00', 'ask': '1023070.02', 'bid': '1023069.98', 'change_24': '0.00', 'rolling_average_change': {}}}
[2024-07-15T08:33:43.261+0000] {et_dag.py:30} INFO - Spread computed
[2024-07-15T08:33:43.261+0000] {et_dag.py:31} INFO - {'orderbook_timestamp': '2024-07-15T08:33:42+00:00', 'book': 'btc_mxn', 'bid': 1023069.98, 'ask': 1023070.02, 'spread': 3.909800820598076e-06}
[2024-07-15T08:33:44.393+0000] {et_dag.py:26} INFO - Data fetched for book btc_mxn
[2024-07-15T08:33:44.394+0000] {et_dag.py:27} INFO - {'success': True, 'payload': {'high': '1119480.00', 'last': '1119480.00', 'created_at': '2024-07-15T08:33:44+00:00', 'book': 'btc_mxn', 'volume': '0', 'vwap': '0', 'low': '1119480.00', 'ask': '1023070.02', 'bid': '1023069.98', 'change_24': '0.00', 'rolling_average_change': {}}}
[2024-07-15T08:33:44.394+0000] {et_dag.py:30} INFO - Spread computed
[2024-07-15T08:33:44.394+0000] {et_dag.py:31} INFO - {'orderbook_timestamp': '2024-07-15T08:33:44+00:00', 'book': 'btc_mxn', 'bid': 1023069.98, 'ask': 1023070.02, 'spread': 3.909800820598076e-06}
[2024-07-15T08:33:45.538+0000] {et_dag.py:26} INFO - Data fetched for book btc_mxn
[2024-07-15T08:33:45.539+0000] {et_dag.py:27} INFO - {'success': True, 'payload': {'high': '1119480.00', 'last': '1119480.00', 'created_at': '2024-07-15T08:33:45+00:00', 'book': 'btc_mxn', 'volume': '0', 'vwap': '0', 'low': '1119480.00', 'ask': '1023070.02', 'bid': '1023069.98', 'change_24': '0.00', 'rolling_average_change': {}}}
[2024-07-15T08:33:45.539+0000] {et_dag.py:30} INFO - Spread computed
[2024-07-15T08:33:45.539+0000] {et_dag.py:31} INFO - {'orderbook_timestamp': '2024-07-15T08:33:45+00:00', 'book': 'btc_mxn', 'bid': 1023069.98, 'ask': 1023070.02, 'spread': 3.909800820598076e-06}
[2024-07-15T08:33:46.672+0000] {et_dag.py:26} INFO - Data fetched for book btc_mxn
[2024-07-15T08:33:46.672+0000] {et_dag.py:27} INFO - {'success': True, 'payload': {'high': '1119480.00', 'last': '1119480.00', 'created_at': '2024-07-15T08:33:46+00:00', 'book': 'btc_mxn', 'volume': '0', 'vwap': '0', 'low': '1119480.00', 'ask': '1023070.02', 'bid': '1023069.98', 'change_24': '0.00', 'rolling_average_change': {}}}
[2024-07-15T08:33:46.673+0000] {et_dag.py:30} INFO - Spread computed
[2024-07-15T08:33:46.673+0000] {et_dag.py:31} INFO - {'orderbook_timestamp': '2024-07-15T08:33:46+00:00', 'book': 'btc_mxn', 'bid': 1023069.98, 'ask': 1023070.02, 'spread': 3.909800820598076e-06}
[2024-07-15T08:33:47.818+0000] {et_dag.py:26} INFO - Data fetched for book btc_mxn
[2024-07-15T08:33:47.818+0000] {et_dag.py:27} INFO - {'success': True, 'payload': {'high': '1119480.00', 'last': '1119480.00', 'created_at': '2024-07-15T08:33:47+00:00', 'book': 'btc_mxn', 'volume': '0', 'vwap': '0', 'low': '1119480.00', 'ask': '1023070.02', 'bid': '1023069.98', 'change_24': '0.00', 'rolling_average_change': {}}}
[2024-07-15T08:33:47.819+0000] {et_dag.py:30} INFO - Spread computed
[2024-07-15T08:33:47.819+0000] {et_dag.py:31} INFO - {'orderbook_timestamp': '2024-07-15T08:33:47+00:00', 'book': 'btc_mxn', 'bid': 1023069.98, 'ask': 1023070.02, 'spread': 3.909800820598076e-06}
[2024-07-15T08:33:49.015+0000] {et_dag.py:26} INFO - Data fetched for book btc_mxn
[2024-07-15T08:33:49.017+0000] {et_dag.py:27} INFO - {'success': True, 'payload': {'high': '1119480.00', 'last': '1119480.00', 'created_at': '2024-07-15T08:33:48+00:00', 'book': 'btc_mxn', 'volume': '0', 'vwap': '0', 'low': '1119480.00', 'ask': '1023070.02', 'bid': '1023069.98', 'change_24': '0.00', 'rolling_average_change': {}}}
[2024-07-15T08:33:49.017+0000] {et_dag.py:30} INFO - Spread computed
[2024-07-15T08:33:49.018+0000] {et_dag.py:31} INFO - {'orderbook_timestamp': '2024-07-15T08:33:48+00:00', 'book': 'btc_mxn', 'bid': 1023069.98, 'ask': 1023070.02, 'spread': 3.909800820598076e-06}
[2024-07-15T08:33:50.153+0000] {et_dag.py:26} INFO - Data fetched for book btc_mxn
[2024-07-15T08:33:50.154+0000] {et_dag.py:27} INFO - {'success': True, 'payload': {'high': '1119480.00', 'last': '1119480.00', 'created_at': '2024-07-15T08:33:49+00:00', 'book': 'btc_mxn', 'volume': '0', 'vwap': '0', 'low': '1119480.00', 'ask': '1023070.02', 'bid': '1023069.98', 'change_24': '0.00', 'rolling_average_change': {}}}
[2024-07-15T08:33:50.154+0000] {et_dag.py:30} INFO - Spread computed
[2024-07-15T08:33:50.154+0000] {et_dag.py:31} INFO - {'orderbook_timestamp': '2024-07-15T08:33:49+00:00', 'book': 'btc_mxn', 'bid': 1023069.98, 'ask': 1023070.02, 'spread': 3.909800820598076e-06}
[2024-07-15T08:33:51.292+0000] {et_dag.py:26} INFO - Data fetched for book btc_mxn
[2024-07-15T08:33:51.293+0000] {et_dag.py:27} INFO - {'success': True, 'payload': {'high': '1119480.00', 'last': '1119480.00', 'created_at': '2024-07-15T08:33:50+00:00', 'book': 'btc_mxn', 'volume': '0', 'vwap': '0', 'low': '1119480.00', 'ask': '1023070.02', 'bid': '1023069.98', 'change_24': '0.00', 'rolling_average_change': {}}}
[2024-07-15T08:33:51.293+0000] {et_dag.py:30} INFO - Spread computed
[2024-07-15T08:33:51.293+0000] {et_dag.py:31} INFO - {'orderbook_timestamp': '2024-07-15T08:33:50+00:00', 'book': 'btc_mxn', 'bid': 1023069.98, 'ask': 1023070.02, 'spread': 3.909800820598076e-06}
[2024-07-15T08:33:52.438+0000] {et_dag.py:26} INFO - Data fetched for book btc_mxn
[2024-07-15T08:33:52.438+0000] {et_dag.py:27} INFO - {'success': True, 'payload': {'high': '1119480.00', 'last': '1119480.00', 'created_at': '2024-07-15T08:33:52+00:00', 'book': 'btc_mxn', 'volume': '0', 'vwap': '0', 'low': '1119480.00', 'ask': '1023070.02', 'bid': '1023069.98', 'change_24': '0.00', 'rolling_average_change': {}}}
[2024-07-15T08:33:52.439+0000] {et_dag.py:30} INFO - Spread computed
[2024-07-15T08:33:52.439+0000] {et_dag.py:31} INFO - {'orderbook_timestamp': '2024-07-15T08:33:52+00:00', 'book': 'btc_mxn', 'bid': 1023069.98, 'ask': 1023070.02, 'spread': 3.909800820598076e-06}
[2024-07-15T08:33:53.573+0000] {et_dag.py:26} INFO - Data fetched for book btc_mxn
[2024-07-15T08:33:53.574+0000] {et_dag.py:27} INFO - {'success': True, 'payload': {'high': '1119480.00', 'last': '1119480.00', 'created_at': '2024-07-15T08:33:53+00:00', 'book': 'btc_mxn', 'volume': '0', 'vwap': '0', 'low': '1119480.00', 'ask': '1023070.02', 'bid': '1023069.98', 'change_24': '0.00', 'rolling_average_change': {}}}
[2024-07-15T08:33:53.574+0000] {et_dag.py:30} INFO - Spread computed
[2024-07-15T08:33:53.574+0000] {et_dag.py:31} INFO - {'orderbook_timestamp': '2024-07-15T08:33:53+00:00', 'book': 'btc_mxn', 'bid': 1023069.98, 'ask': 1023070.02, 'spread': 3.909800820598076e-06}
[2024-07-15T08:33:54.708+0000] {et_dag.py:26} INFO - Data fetched for book btc_mxn
[2024-07-15T08:33:54.708+0000] {et_dag.py:27} INFO - {'success': True, 'payload': {'high': '1119480.00', 'last': '1119480.00', 'created_at': '2024-07-15T08:33:54+00:00', 'book': 'btc_mxn', 'volume': '0', 'vwap': '0', 'low': '1119480.00', 'ask': '1023070.02', 'bid': '1023069.98', 'change_24': '0.00', 'rolling_average_change': {}}}
[2024-07-15T08:33:54.709+0000] {et_dag.py:30} INFO - Spread computed
[2024-07-15T08:33:54.709+0000] {et_dag.py:31} INFO - {'orderbook_timestamp': '2024-07-15T08:33:54+00:00', 'book': 'btc_mxn', 'bid': 1023069.98, 'ask': 1023070.02, 'spread': 3.909800820598076e-06}
[2024-07-15T08:33:55.854+0000] {et_dag.py:26} INFO - Data fetched for book btc_mxn
[2024-07-15T08:33:55.854+0000] {et_dag.py:27} INFO - {'success': True, 'payload': {'high': '1119480.00', 'last': '1119480.00', 'created_at': '2024-07-15T08:33:55+00:00', 'book': 'btc_mxn', 'volume': '0', 'vwap': '0', 'low': '1119480.00', 'ask': '1023070.02', 'bid': '1023069.98', 'change_24': '0.00', 'rolling_average_change': {}}}
[2024-07-15T08:33:55.855+0000] {et_dag.py:30} INFO - Spread computed
[2024-07-15T08:33:55.855+0000] {et_dag.py:31} INFO - {'orderbook_timestamp': '2024-07-15T08:33:55+00:00', 'book': 'btc_mxn', 'bid': 1023069.98, 'ask': 1023070.02, 'spread': 3.909800820598076e-06}
[2024-07-15T08:33:56.995+0000] {et_dag.py:26} INFO - Data fetched for book btc_mxn
[2024-07-15T08:33:56.996+0000] {et_dag.py:27} INFO - {'success': True, 'payload': {'high': '1119480.00', 'last': '1119480.00', 'created_at': '2024-07-15T08:33:56+00:00', 'book': 'btc_mxn', 'volume': '0', 'vwap': '0', 'low': '1119480.00', 'ask': '1023070.02', 'bid': '1023069.98', 'change_24': '0.00', 'rolling_average_change': {}}}
[2024-07-15T08:33:56.996+0000] {et_dag.py:30} INFO - Spread computed
[2024-07-15T08:33:56.996+0000] {et_dag.py:31} INFO - {'orderbook_timestamp': '2024-07-15T08:33:56+00:00', 'book': 'btc_mxn', 'bid': 1023069.98, 'ask': 1023070.02, 'spread': 3.909800820598076e-06}
[2024-07-15T08:33:58.129+0000] {et_dag.py:26} INFO - Data fetched for book btc_mxn
[2024-07-15T08:33:58.130+0000] {et_dag.py:27} INFO - {'success': True, 'payload': {'high': '1119480.00', 'last': '1119480.00', 'created_at': '2024-07-15T08:33:57+00:00', 'book': 'btc_mxn', 'volume': '0', 'vwap': '0', 'low': '1119480.00', 'ask': '1023070.02', 'bid': '1023069.98', 'change_24': '0.00', 'rolling_average_change': {}}}
[2024-07-15T08:33:58.130+0000] {et_dag.py:30} INFO - Spread computed
[2024-07-15T08:33:58.130+0000] {et_dag.py:31} INFO - {'orderbook_timestamp': '2024-07-15T08:33:57+00:00', 'book': 'btc_mxn', 'bid': 1023069.98, 'ask': 1023070.02, 'spread': 3.909800820598076e-06}
[2024-07-15T08:33:59.274+0000] {et_dag.py:26} INFO - Data fetched for book btc_mxn
[2024-07-15T08:33:59.274+0000] {et_dag.py:27} INFO - {'success': True, 'payload': {'high': '1119480.00', 'last': '1119480.00', 'created_at': '2024-07-15T08:33:58+00:00', 'book': 'btc_mxn', 'volume': '0', 'vwap': '0', 'low': '1119480.00', 'ask': '1023070.02', 'bid': '1023069.98', 'change_24': '0.00', 'rolling_average_change': {}}}
[2024-07-15T08:33:59.275+0000] {et_dag.py:30} INFO - Spread computed
[2024-07-15T08:33:59.275+0000] {et_dag.py:31} INFO - {'orderbook_timestamp': '2024-07-15T08:33:58+00:00', 'book': 'btc_mxn', 'bid': 1023069.98, 'ask': 1023070.02, 'spread': 3.909800820598076e-06}
[2024-07-15T08:34:00.435+0000] {et_dag.py:26} INFO - Data fetched for book btc_mxn
[2024-07-15T08:34:00.436+0000] {et_dag.py:27} INFO - {'success': True, 'payload': {'high': '1119480.00', 'last': '1119480.00', 'created_at': '2024-07-15T08:34:00+00:00', 'book': 'btc_mxn', 'volume': '0', 'vwap': '0', 'low': '1119480.00', 'ask': '1023070.02', 'bid': '1023069.98', 'change_24': '0.00', 'rolling_average_change': {}}}
[2024-07-15T08:34:00.436+0000] {et_dag.py:30} INFO - Spread computed
[2024-07-15T08:34:00.436+0000] {et_dag.py:31} INFO - {'orderbook_timestamp': '2024-07-15T08:34:00+00:00', 'book': 'btc_mxn', 'bid': 1023069.98, 'ask': 1023070.02, 'spread': 3.909800820598076e-06}
[2024-07-15T08:34:01.577+0000] {et_dag.py:26} INFO - Data fetched for book btc_mxn
[2024-07-15T08:34:01.578+0000] {et_dag.py:27} INFO - {'success': True, 'payload': {'high': '1119480.00', 'last': '1119480.00', 'created_at': '2024-07-15T08:34:01+00:00', 'book': 'btc_mxn', 'volume': '0', 'vwap': '0', 'low': '1119480.00', 'ask': '1023070.02', 'bid': '1023069.98', 'change_24': '0.00', 'rolling_average_change': {}}}
[2024-07-15T08:34:01.578+0000] {et_dag.py:30} INFO - Spread computed
[2024-07-15T08:34:01.579+0000] {et_dag.py:31} INFO - {'orderbook_timestamp': '2024-07-15T08:34:01+00:00', 'book': 'btc_mxn', 'bid': 1023069.98, 'ask': 1023070.02, 'spread': 3.909800820598076e-06}
[2024-07-15T08:34:02.723+0000] {et_dag.py:26} INFO - Data fetched for book btc_mxn
[2024-07-15T08:34:02.724+0000] {et_dag.py:27} INFO - {'success': True, 'payload': {'high': '1119480.00', 'last': '1119480.00', 'created_at': '2024-07-15T08:34:02+00:00', 'book': 'btc_mxn', 'volume': '0', 'vwap': '0', 'low': '1119480.00', 'ask': '1023070.02', 'bid': '1023069.98', 'change_24': '0.00', 'rolling_average_change': {}}}
[2024-07-15T08:34:02.724+0000] {et_dag.py:30} INFO - Spread computed
[2024-07-15T08:34:02.724+0000] {et_dag.py:31} INFO - {'orderbook_timestamp': '2024-07-15T08:34:02+00:00', 'book': 'btc_mxn', 'bid': 1023069.98, 'ask': 1023070.02, 'spread': 3.909800820598076e-06}
[2024-07-15T08:34:03.879+0000] {et_dag.py:26} INFO - Data fetched for book btc_mxn
[2024-07-15T08:34:03.880+0000] {et_dag.py:27} INFO - {'success': True, 'payload': {'high': '1119480.00', 'last': '1119480.00', 'created_at': '2024-07-15T08:34:03+00:00', 'book': 'btc_mxn', 'volume': '0', 'vwap': '0', 'low': '1119480.00', 'ask': '1023070.02', 'bid': '1023069.98', 'change_24': '0.00', 'rolling_average_change': {}}}
[2024-07-15T08:34:03.880+0000] {et_dag.py:30} INFO - Spread computed
[2024-07-15T08:34:03.880+0000] {et_dag.py:31} INFO - {'orderbook_timestamp': '2024-07-15T08:34:03+00:00', 'book': 'btc_mxn', 'bid': 1023069.98, 'ask': 1023070.02, 'spread': 3.909800820598076e-06}
[2024-07-15T08:34:05.030+0000] {et_dag.py:26} INFO - Data fetched for book btc_mxn
[2024-07-15T08:34:05.030+0000] {et_dag.py:27} INFO - {'success': True, 'payload': {'high': '1119480.00', 'last': '1119480.00', 'created_at': '2024-07-15T08:34:04+00:00', 'book': 'btc_mxn', 'volume': '0', 'vwap': '0', 'low': '1119480.00', 'ask': '1023070.02', 'bid': '1023069.98', 'change_24': '0.00', 'rolling_average_change': {}}}
[2024-07-15T08:34:05.031+0000] {et_dag.py:30} INFO - Spread computed
[2024-07-15T08:34:05.031+0000] {et_dag.py:31} INFO - {'orderbook_timestamp': '2024-07-15T08:34:04+00:00', 'book': 'btc_mxn', 'bid': 1023069.98, 'ask': 1023070.02, 'spread': 3.909800820598076e-06}
[2024-07-15T08:34:06.176+0000] {et_dag.py:26} INFO - Data fetched for book btc_mxn
[2024-07-15T08:34:06.177+0000] {et_dag.py:27} INFO - {'success': True, 'payload': {'high': '1119480.00', 'last': '1119480.00', 'created_at': '2024-07-15T08:34:05+00:00', 'book': 'btc_mxn', 'volume': '0', 'vwap': '0', 'low': '1119480.00', 'ask': '1023070.02', 'bid': '1023069.98', 'change_24': '0.00', 'rolling_average_change': {}}}
[2024-07-15T08:34:06.177+0000] {et_dag.py:30} INFO - Spread computed
[2024-07-15T08:34:06.178+0000] {et_dag.py:31} INFO - {'orderbook_timestamp': '2024-07-15T08:34:05+00:00', 'book': 'btc_mxn', 'bid': 1023069.98, 'ask': 1023070.02, 'spread': 3.909800820598076e-06}
[2024-07-15T08:34:07.336+0000] {et_dag.py:26} INFO - Data fetched for book btc_mxn
[2024-07-15T08:34:07.337+0000] {et_dag.py:27} INFO - {'success': True, 'payload': {'high': '1119480.00', 'last': '1119480.00', 'created_at': '2024-07-15T08:34:06+00:00', 'book': 'btc_mxn', 'volume': '0', 'vwap': '0', 'low': '1119480.00', 'ask': '1023070.02', 'bid': '1023069.98', 'change_24': '0.00', 'rolling_average_change': {}}}
[2024-07-15T08:34:07.337+0000] {et_dag.py:30} INFO - Spread computed
[2024-07-15T08:34:07.337+0000] {et_dag.py:31} INFO - {'orderbook_timestamp': '2024-07-15T08:34:06+00:00', 'book': 'btc_mxn', 'bid': 1023069.98, 'ask': 1023070.02, 'spread': 3.909800820598076e-06}
[2024-07-15T08:34:08.476+0000] {et_dag.py:26} INFO - Data fetched for book btc_mxn
[2024-07-15T08:34:08.477+0000] {et_dag.py:27} INFO - {'success': True, 'payload': {'high': '1119480.00', 'last': '1119480.00', 'created_at': '2024-07-15T08:34:08+00:00', 'book': 'btc_mxn', 'volume': '0', 'vwap': '0', 'low': '1119480.00', 'ask': '1023070.02', 'bid': '1023069.98', 'change_24': '0.00', 'rolling_average_change': {}}}
[2024-07-15T08:34:08.477+0000] {et_dag.py:30} INFO - Spread computed
[2024-07-15T08:34:08.477+0000] {et_dag.py:31} INFO - {'orderbook_timestamp': '2024-07-15T08:34:08+00:00', 'book': 'btc_mxn', 'bid': 1023069.98, 'ask': 1023070.02, 'spread': 3.909800820598076e-06}
[2024-07-15T08:34:09.624+0000] {et_dag.py:26} INFO - Data fetched for book btc_mxn
[2024-07-15T08:34:09.625+0000] {et_dag.py:27} INFO - {'success': True, 'payload': {'high': '1119480.00', 'last': '1119480.00', 'created_at': '2024-07-15T08:34:09+00:00', 'book': 'btc_mxn', 'volume': '0', 'vwap': '0', 'low': '1119480.00', 'ask': '1023070.02', 'bid': '1023069.98', 'change_24': '0.00', 'rolling_average_change': {}}}
[2024-07-15T08:34:09.625+0000] {et_dag.py:30} INFO - Spread computed
[2024-07-15T08:34:09.625+0000] {et_dag.py:31} INFO - {'orderbook_timestamp': '2024-07-15T08:34:09+00:00', 'book': 'btc_mxn', 'bid': 1023069.98, 'ask': 1023070.02, 'spread': 3.909800820598076e-06}
[2024-07-15T08:34:10.773+0000] {et_dag.py:26} INFO - Data fetched for book btc_mxn
[2024-07-15T08:34:10.774+0000] {et_dag.py:27} INFO - {'success': True, 'payload': {'high': '1119480.00', 'last': '1119480.00', 'created_at': '2024-07-15T08:34:10+00:00', 'book': 'btc_mxn', 'volume': '0', 'vwap': '0', 'low': '1119480.00', 'ask': '1023070.02', 'bid': '1023069.98', 'change_24': '0.00', 'rolling_average_change': {}}}
[2024-07-15T08:34:10.774+0000] {et_dag.py:30} INFO - Spread computed
[2024-07-15T08:34:10.774+0000] {et_dag.py:31} INFO - {'orderbook_timestamp': '2024-07-15T08:34:10+00:00', 'book': 'btc_mxn', 'bid': 1023069.98, 'ask': 1023070.02, 'spread': 3.909800820598076e-06}
[2024-07-15T08:34:11.938+0000] {et_dag.py:26} INFO - Data fetched for book btc_mxn
[2024-07-15T08:34:11.939+0000] {et_dag.py:27} INFO - {'success': True, 'payload': {'high': '1119480.00', 'last': '1119480.00', 'created_at': '2024-07-15T08:34:11+00:00', 'book': 'btc_mxn', 'volume': '0', 'vwap': '0', 'low': '1119480.00', 'ask': '1023070.02', 'bid': '1023069.98', 'change_24': '0.00', 'rolling_average_change': {}}}
[2024-07-15T08:34:11.940+0000] {et_dag.py:30} INFO - Spread computed
[2024-07-15T08:34:11.940+0000] {et_dag.py:31} INFO - {'orderbook_timestamp': '2024-07-15T08:34:11+00:00', 'book': 'btc_mxn', 'bid': 1023069.98, 'ask': 1023070.02, 'spread': 3.909800820598076e-06}
[2024-07-15T08:34:13.078+0000] {et_dag.py:26} INFO - Data fetched for book btc_mxn
[2024-07-15T08:34:13.079+0000] {et_dag.py:27} INFO - {'success': True, 'payload': {'high': '1119480.00', 'last': '1119480.00', 'created_at': '2024-07-15T08:34:12+00:00', 'book': 'btc_mxn', 'volume': '0', 'vwap': '0', 'low': '1119480.00', 'ask': '1023070.02', 'bid': '1023069.98', 'change_24': '0.00', 'rolling_average_change': {}}}
[2024-07-15T08:34:13.079+0000] {et_dag.py:30} INFO - Spread computed
[2024-07-15T08:34:13.079+0000] {et_dag.py:31} INFO - {'orderbook_timestamp': '2024-07-15T08:34:12+00:00', 'book': 'btc_mxn', 'bid': 1023069.98, 'ask': 1023070.02, 'spread': 3.909800820598076e-06}
[2024-07-15T08:34:14.225+0000] {et_dag.py:26} INFO - Data fetched for book btc_mxn
[2024-07-15T08:34:14.226+0000] {et_dag.py:27} INFO - {'success': True, 'payload': {'high': '1119480.00', 'last': '1119480.00', 'created_at': '2024-07-15T08:34:13+00:00', 'book': 'btc_mxn', 'volume': '0', 'vwap': '0', 'low': '1119480.00', 'ask': '1023070.02', 'bid': '1023069.98', 'change_24': '0.00', 'rolling_average_change': {}}}
[2024-07-15T08:34:14.226+0000] {et_dag.py:30} INFO - Spread computed
[2024-07-15T08:34:14.226+0000] {et_dag.py:31} INFO - {'orderbook_timestamp': '2024-07-15T08:34:13+00:00', 'book': 'btc_mxn', 'bid': 1023069.98, 'ask': 1023070.02, 'spread': 3.909800820598076e-06}
[2024-07-15T08:34:15.361+0000] {et_dag.py:26} INFO - Data fetched for book btc_mxn
[2024-07-15T08:34:15.361+0000] {et_dag.py:27} INFO - {'success': True, 'payload': {'high': '1119480.00', 'last': '1119480.00', 'created_at': '2024-07-15T08:34:14+00:00', 'book': 'btc_mxn', 'volume': '0', 'vwap': '0', 'low': '1119480.00', 'ask': '1023070.02', 'bid': '1023069.98', 'change_24': '0.00', 'rolling_average_change': {}}}
[2024-07-15T08:34:15.361+0000] {et_dag.py:30} INFO - Spread computed
[2024-07-15T08:34:15.362+0000] {et_dag.py:31} INFO - {'orderbook_timestamp': '2024-07-15T08:34:14+00:00', 'book': 'btc_mxn', 'bid': 1023069.98, 'ask': 1023070.02, 'spread': 3.909800820598076e-06}
[2024-07-15T08:34:16.526+0000] {et_dag.py:26} INFO - Data fetched for book btc_mxn
[2024-07-15T08:34:16.526+0000] {et_dag.py:27} INFO - {'success': True, 'payload': {'high': '1119480.00', 'last': '1119480.00', 'created_at': '2024-07-15T08:34:16+00:00', 'book': 'btc_mxn', 'volume': '0', 'vwap': '0', 'low': '1119480.00', 'ask': '1023070.02', 'bid': '1023069.98', 'change_24': '0.00', 'rolling_average_change': {}}}
[2024-07-15T08:34:16.527+0000] {et_dag.py:30} INFO - Spread computed
[2024-07-15T08:34:16.527+0000] {et_dag.py:31} INFO - {'orderbook_timestamp': '2024-07-15T08:34:16+00:00', 'book': 'btc_mxn', 'bid': 1023069.98, 'ask': 1023070.02, 'spread': 3.909800820598076e-06}
[2024-07-15T08:34:17.671+0000] {et_dag.py:26} INFO - Data fetched for book btc_mxn
[2024-07-15T08:34:17.671+0000] {et_dag.py:27} INFO - {'success': True, 'payload': {'high': '1119480.00', 'last': '1119480.00', 'created_at': '2024-07-15T08:34:17+00:00', 'book': 'btc_mxn', 'volume': '0', 'vwap': '0', 'low': '1119480.00', 'ask': '1023070.02', 'bid': '1023069.98', 'change_24': '0.00', 'rolling_average_change': {}}}
[2024-07-15T08:34:17.671+0000] {et_dag.py:30} INFO - Spread computed
[2024-07-15T08:34:17.672+0000] {et_dag.py:31} INFO - {'orderbook_timestamp': '2024-07-15T08:34:17+00:00', 'book': 'btc_mxn', 'bid': 1023069.98, 'ask': 1023070.02, 'spread': 3.909800820598076e-06}
[2024-07-15T08:34:18.795+0000] {et_dag.py:26} INFO - Data fetched for book btc_mxn
[2024-07-15T08:34:18.796+0000] {et_dag.py:27} INFO - {'success': True, 'payload': {'high': '1119480.00', 'last': '1119480.00', 'created_at': '2024-07-15T08:34:18+00:00', 'book': 'btc_mxn', 'volume': '0', 'vwap': '0', 'low': '1119480.00', 'ask': '1023070.02', 'bid': '1023069.98', 'change_24': '0.00', 'rolling_average_change': {}}}
[2024-07-15T08:34:18.796+0000] {et_dag.py:30} INFO - Spread computed
[2024-07-15T08:34:18.796+0000] {et_dag.py:31} INFO - {'orderbook_timestamp': '2024-07-15T08:34:18+00:00', 'book': 'btc_mxn', 'bid': 1023069.98, 'ask': 1023070.02, 'spread': 3.909800820598076e-06}
[2024-07-15T08:34:19.949+0000] {et_dag.py:26} INFO - Data fetched for book btc_mxn
[2024-07-15T08:34:19.949+0000] {et_dag.py:27} INFO - {'success': True, 'payload': {'high': '1119480.00', 'last': '1119480.00', 'created_at': '2024-07-15T08:34:19+00:00', 'book': 'btc_mxn', 'volume': '0', 'vwap': '0', 'low': '1119480.00', 'ask': '1023070.02', 'bid': '1023069.98', 'change_24': '0.00', 'rolling_average_change': {}}}
[2024-07-15T08:34:19.949+0000] {et_dag.py:30} INFO - Spread computed
[2024-07-15T08:34:19.950+0000] {et_dag.py:31} INFO - {'orderbook_timestamp': '2024-07-15T08:34:19+00:00', 'book': 'btc_mxn', 'bid': 1023069.98, 'ask': 1023070.02, 'spread': 3.909800820598076e-06}
[2024-07-15T08:34:21.138+0000] {et_dag.py:26} INFO - Data fetched for book btc_mxn
[2024-07-15T08:34:21.139+0000] {et_dag.py:27} INFO - {'success': True, 'payload': {'high': '1119480.00', 'last': '1119480.00', 'created_at': '2024-07-15T08:34:20+00:00', 'book': 'btc_mxn', 'volume': '0', 'vwap': '0', 'low': '1119480.00', 'ask': '1023070.02', 'bid': '1023069.98', 'change_24': '0.00', 'rolling_average_change': {}}}
[2024-07-15T08:34:21.139+0000] {et_dag.py:30} INFO - Spread computed
[2024-07-15T08:34:21.140+0000] {et_dag.py:31} INFO - {'orderbook_timestamp': '2024-07-15T08:34:20+00:00', 'book': 'btc_mxn', 'bid': 1023069.98, 'ask': 1023070.02, 'spread': 3.909800820598076e-06}
[2024-07-15T08:34:22.280+0000] {et_dag.py:26} INFO - Data fetched for book btc_mxn
[2024-07-15T08:34:22.281+0000] {et_dag.py:27} INFO - {'success': True, 'payload': {'high': '1119480.00', 'last': '1119480.00', 'created_at': '2024-07-15T08:34:21+00:00', 'book': 'btc_mxn', 'volume': '0', 'vwap': '0', 'low': '1119480.00', 'ask': '1023070.02', 'bid': '1023069.98', 'change_24': '0.00', 'rolling_average_change': {}}}
[2024-07-15T08:34:22.281+0000] {et_dag.py:30} INFO - Spread computed
[2024-07-15T08:34:22.281+0000] {et_dag.py:31} INFO - {'orderbook_timestamp': '2024-07-15T08:34:21+00:00', 'book': 'btc_mxn', 'bid': 1023069.98, 'ask': 1023070.02, 'spread': 3.909800820598076e-06}
[2024-07-15T08:34:23.443+0000] {et_dag.py:26} INFO - Data fetched for book btc_mxn
[2024-07-15T08:34:23.443+0000] {et_dag.py:27} INFO - {'success': True, 'payload': {'high': '1119480.00', 'last': '1119480.00', 'created_at': '2024-07-15T08:34:23+00:00', 'book': 'btc_mxn', 'volume': '0', 'vwap': '0', 'low': '1119480.00', 'ask': '1023070.02', 'bid': '1023069.98', 'change_24': '0.00', 'rolling_average_change': {}}}
[2024-07-15T08:34:23.443+0000] {et_dag.py:30} INFO - Spread computed
[2024-07-15T08:34:23.444+0000] {et_dag.py:31} INFO - {'orderbook_timestamp': '2024-07-15T08:34:23+00:00', 'book': 'btc_mxn', 'bid': 1023069.98, 'ask': 1023070.02, 'spread': 3.909800820598076e-06}
[2024-07-15T08:34:24.585+0000] {et_dag.py:26} INFO - Data fetched for book btc_mxn
[2024-07-15T08:34:24.586+0000] {et_dag.py:27} INFO - {'success': True, 'payload': {'high': '1119480.00', 'last': '1119480.00', 'created_at': '2024-07-15T08:34:24+00:00', 'book': 'btc_mxn', 'volume': '0', 'vwap': '0', 'low': '1119480.00', 'ask': '1023070.02', 'bid': '1023069.98', 'change_24': '0.00', 'rolling_average_change': {}}}
[2024-07-15T08:34:24.586+0000] {et_dag.py:30} INFO - Spread computed
[2024-07-15T08:34:24.586+0000] {et_dag.py:31} INFO - {'orderbook_timestamp': '2024-07-15T08:34:24+00:00', 'book': 'btc_mxn', 'bid': 1023069.98, 'ask': 1023070.02, 'spread': 3.909800820598076e-06}
[2024-07-15T08:34:25.723+0000] {et_dag.py:26} INFO - Data fetched for book btc_mxn
[2024-07-15T08:34:25.724+0000] {et_dag.py:27} INFO - {'success': True, 'payload': {'high': '1119480.00', 'last': '1119480.00', 'created_at': '2024-07-15T08:34:25+00:00', 'book': 'btc_mxn', 'volume': '0', 'vwap': '0', 'low': '1119480.00', 'ask': '1023070.02', 'bid': '1023069.98', 'change_24': '0.00', 'rolling_average_change': {}}}
[2024-07-15T08:34:25.724+0000] {et_dag.py:30} INFO - Spread computed
[2024-07-15T08:34:25.725+0000] {et_dag.py:31} INFO - {'orderbook_timestamp': '2024-07-15T08:34:25+00:00', 'book': 'btc_mxn', 'bid': 1023069.98, 'ask': 1023070.02, 'spread': 3.909800820598076e-06}
[2024-07-15T08:34:26.926+0000] {et_dag.py:26} INFO - Data fetched for book btc_mxn
[2024-07-15T08:34:26.927+0000] {et_dag.py:27} INFO - {'success': True, 'payload': {'high': '1119480.00', 'last': '1119480.00', 'created_at': '2024-07-15T08:34:26+00:00', 'book': 'btc_mxn', 'volume': '0', 'vwap': '0', 'low': '1119480.00', 'ask': '1023070.02', 'bid': '1023069.98', 'change_24': '0.00', 'rolling_average_change': {}}}
[2024-07-15T08:34:26.928+0000] {et_dag.py:30} INFO - Spread computed
[2024-07-15T08:34:26.928+0000] {et_dag.py:31} INFO - {'orderbook_timestamp': '2024-07-15T08:34:26+00:00', 'book': 'btc_mxn', 'bid': 1023069.98, 'ask': 1023070.02, 'spread': 3.909800820598076e-06}
[2024-07-15T08:34:28.062+0000] {et_dag.py:26} INFO - Data fetched for book btc_mxn
[2024-07-15T08:34:28.062+0000] {et_dag.py:27} INFO - {'success': True, 'payload': {'high': '1119480.00', 'last': '1119480.00', 'created_at': '2024-07-15T08:34:27+00:00', 'book': 'btc_mxn', 'volume': '0', 'vwap': '0', 'low': '1119480.00', 'ask': '1023070.02', 'bid': '1023069.98', 'change_24': '0.00', 'rolling_average_change': {}}}
[2024-07-15T08:34:28.063+0000] {et_dag.py:30} INFO - Spread computed
[2024-07-15T08:34:28.063+0000] {et_dag.py:31} INFO - {'orderbook_timestamp': '2024-07-15T08:34:27+00:00', 'book': 'btc_mxn', 'bid': 1023069.98, 'ask': 1023070.02, 'spread': 3.909800820598076e-06}
[2024-07-15T08:34:29.195+0000] {et_dag.py:26} INFO - Data fetched for book btc_mxn
[2024-07-15T08:34:29.195+0000] {et_dag.py:27} INFO - {'success': True, 'payload': {'high': '1119480.00', 'last': '1119480.00', 'created_at': '2024-07-15T08:34:28+00:00', 'book': 'btc_mxn', 'volume': '0', 'vwap': '0', 'low': '1119480.00', 'ask': '1023070.02', 'bid': '1023069.98', 'change_24': '0.00', 'rolling_average_change': {}}}
[2024-07-15T08:34:29.196+0000] {et_dag.py:30} INFO - Spread computed
[2024-07-15T08:34:29.196+0000] {et_dag.py:31} INFO - {'orderbook_timestamp': '2024-07-15T08:34:28+00:00', 'book': 'btc_mxn', 'bid': 1023069.98, 'ask': 1023070.02, 'spread': 3.909800820598076e-06}
[2024-07-15T08:34:30.325+0000] {et_dag.py:26} INFO - Data fetched for book btc_mxn
[2024-07-15T08:34:30.326+0000] {et_dag.py:27} INFO - {'success': True, 'payload': {'high': '1119480.00', 'last': '1119480.00', 'created_at': '2024-07-15T08:34:29+00:00', 'book': 'btc_mxn', 'volume': '0', 'vwap': '0', 'low': '1119480.00', 'ask': '1023070.02', 'bid': '1023069.98', 'change_24': '0.00', 'rolling_average_change': {}}}
[2024-07-15T08:34:30.326+0000] {et_dag.py:30} INFO - Spread computed
[2024-07-15T08:34:30.326+0000] {et_dag.py:31} INFO - {'orderbook_timestamp': '2024-07-15T08:34:29+00:00', 'book': 'btc_mxn', 'bid': 1023069.98, 'ask': 1023070.02, 'spread': 3.909800820598076e-06}
[2024-07-15T08:34:31.474+0000] {et_dag.py:26} INFO - Data fetched for book btc_mxn
[2024-07-15T08:34:31.474+0000] {et_dag.py:27} INFO - {'success': True, 'payload': {'high': '1119480.00', 'last': '1119480.00', 'created_at': '2024-07-15T08:34:31+00:00', 'book': 'btc_mxn', 'volume': '0', 'vwap': '0', 'low': '1119480.00', 'ask': '1023070.02', 'bid': '1023069.98', 'change_24': '0.00', 'rolling_average_change': {}}}
[2024-07-15T08:34:31.475+0000] {et_dag.py:30} INFO - Spread computed
[2024-07-15T08:34:31.475+0000] {et_dag.py:31} INFO - {'orderbook_timestamp': '2024-07-15T08:34:31+00:00', 'book': 'btc_mxn', 'bid': 1023069.98, 'ask': 1023070.02, 'spread': 3.909800820598076e-06}
[2024-07-15T08:34:32.621+0000] {et_dag.py:26} INFO - Data fetched for book btc_mxn
[2024-07-15T08:34:32.622+0000] {et_dag.py:27} INFO - {'success': True, 'payload': {'high': '1119480.00', 'last': '1119480.00', 'created_at': '2024-07-15T08:34:32+00:00', 'book': 'btc_mxn', 'volume': '0', 'vwap': '0', 'low': '1119480.00', 'ask': '1023070.02', 'bid': '1023069.98', 'change_24': '0.00', 'rolling_average_change': {}}}
[2024-07-15T08:34:32.622+0000] {et_dag.py:30} INFO - Spread computed
[2024-07-15T08:34:32.622+0000] {et_dag.py:31} INFO - {'orderbook_timestamp': '2024-07-15T08:34:32+00:00', 'book': 'btc_mxn', 'bid': 1023069.98, 'ask': 1023070.02, 'spread': 3.909800820598076e-06}
[2024-07-15T08:34:33.756+0000] {et_dag.py:26} INFO - Data fetched for book btc_mxn
[2024-07-15T08:34:33.757+0000] {et_dag.py:27} INFO - {'success': True, 'payload': {'high': '1119480.00', 'last': '1119480.00', 'created_at': '2024-07-15T08:34:33+00:00', 'book': 'btc_mxn', 'volume': '0', 'vwap': '0', 'low': '1119480.00', 'ask': '1023070.02', 'bid': '1023069.98', 'change_24': '0.00', 'rolling_average_change': {}}}
[2024-07-15T08:34:33.757+0000] {et_dag.py:30} INFO - Spread computed
[2024-07-15T08:34:33.757+0000] {et_dag.py:31} INFO - {'orderbook_timestamp': '2024-07-15T08:34:33+00:00', 'book': 'btc_mxn', 'bid': 1023069.98, 'ask': 1023070.02, 'spread': 3.909800820598076e-06}
[2024-07-15T08:34:34.764+0000] {logging_mixin.py:188} WARNING -   0%|          | 0/53 [00:00<?, ?it/s]
[2024-07-15T08:34:34.797+0000] {logging_mixin.py:188} INFO - saved in /opt/***/bucket/get_ticker/year=2024/month=07/day=15/hour=08/data.csv
[2024-07-15T08:34:34.801+0000] {logging_mixin.py:188} INFO - saved in /opt/***/bucket/get_ticker/year=2024/month=07/day=15/hour=08/data.csv
[2024-07-15T08:34:34.804+0000] {logging_mixin.py:188} INFO - saved in /opt/***/bucket/get_ticker/year=2024/month=07/day=15/hour=08/data.csv
[2024-07-15T08:34:34.807+0000] {logging_mixin.py:188} INFO - saved in /opt/***/bucket/get_ticker/year=2024/month=07/day=15/hour=08/data.csv
[2024-07-15T08:34:34.809+0000] {logging_mixin.py:188} INFO - saved in /opt/***/bucket/get_ticker/year=2024/month=07/day=15/hour=08/data.csv
[2024-07-15T08:34:34.813+0000] {logging_mixin.py:188} INFO - saved in /opt/***/bucket/get_ticker/year=2024/month=07/day=15/hour=08/data.csv
[2024-07-15T08:34:34.816+0000] {logging_mixin.py:188} INFO - saved in /opt/***/bucket/get_ticker/year=2024/month=07/day=15/hour=08/data.csv
[2024-07-15T08:34:34.817+0000] {logging_mixin.py:188} INFO - saved in /opt/***/bucket/get_ticker/year=2024/month=07/day=15/hour=08/data.csv
[2024-07-15T08:34:34.820+0000] {logging_mixin.py:188} INFO - saved in /opt/***/bucket/get_ticker/year=2024/month=07/day=15/hour=08/data.csv
[2024-07-15T08:34:34.824+0000] {logging_mixin.py:188} INFO - saved in /opt/***/bucket/get_ticker/year=2024/month=07/day=15/hour=08/data.csv
[2024-07-15T08:34:34.825+0000] {logging_mixin.py:188} INFO - saved in /opt/***/bucket/get_ticker/year=2024/month=07/day=15/hour=08/data.csv
[2024-07-15T08:34:34.828+0000] {logging_mixin.py:188} INFO - saved in /opt/***/bucket/get_ticker/year=2024/month=07/day=15/hour=08/data.csv
[2024-07-15T08:34:34.833+0000] {logging_mixin.py:188} INFO - saved in /opt/***/bucket/get_ticker/year=2024/month=07/day=15/hour=08/data.csv
[2024-07-15T08:34:34.837+0000] {logging_mixin.py:188} INFO - saved in /opt/***/bucket/get_ticker/year=2024/month=07/day=15/hour=08/data.csv
[2024-07-15T08:34:34.839+0000] {logging_mixin.py:188} INFO - saved in /opt/***/bucket/get_ticker/year=2024/month=07/day=15/hour=08/data.csv
[2024-07-15T08:34:34.843+0000] {logging_mixin.py:188} INFO - saved in /opt/***/bucket/get_ticker/year=2024/month=07/day=15/hour=08/data.csv
[2024-07-15T08:34:34.846+0000] {logging_mixin.py:188} INFO - saved in /opt/***/bucket/get_ticker/year=2024/month=07/day=15/hour=08/data.csv
[2024-07-15T08:34:34.850+0000] {logging_mixin.py:188} INFO - saved in /opt/***/bucket/get_ticker/year=2024/month=07/day=15/hour=08/data.csv
[2024-07-15T08:34:34.853+0000] {logging_mixin.py:188} INFO - saved in /opt/***/bucket/get_ticker/year=2024/month=07/day=15/hour=08/data.csv
[2024-07-15T08:34:34.857+0000] {logging_mixin.py:188} INFO - saved in /opt/***/bucket/get_ticker/year=2024/month=07/day=15/hour=08/data.csv
[2024-07-15T08:34:34.860+0000] {logging_mixin.py:188} INFO - saved in /opt/***/bucket/get_ticker/year=2024/month=07/day=15/hour=08/data.csv
[2024-07-15T08:34:34.863+0000] {logging_mixin.py:188} INFO - saved in /opt/***/bucket/get_ticker/year=2024/month=07/day=15/hour=08/data.csv
[2024-07-15T08:34:34.867+0000] {logging_mixin.py:188} WARNING -  42%|####1     | 22/53 [00:00<00:00, 215.49it/s]
[2024-07-15T08:34:34.868+0000] {logging_mixin.py:188} INFO - saved in /opt/***/bucket/get_ticker/year=2024/month=07/day=15/hour=08/data.csv
[2024-07-15T08:34:34.871+0000] {logging_mixin.py:188} INFO - saved in /opt/***/bucket/get_ticker/year=2024/month=07/day=15/hour=08/data.csv
[2024-07-15T08:34:34.874+0000] {logging_mixin.py:188} INFO - saved in /opt/***/bucket/get_ticker/year=2024/month=07/day=15/hour=08/data.csv
[2024-07-15T08:34:34.877+0000] {logging_mixin.py:188} INFO - saved in /opt/***/bucket/get_ticker/year=2024/month=07/day=15/hour=08/data.csv
[2024-07-15T08:34:34.881+0000] {logging_mixin.py:188} INFO - saved in /opt/***/bucket/get_ticker/year=2024/month=07/day=15/hour=08/data.csv
[2024-07-15T08:34:34.884+0000] {logging_mixin.py:188} INFO - saved in /opt/***/bucket/get_ticker/year=2024/month=07/day=15/hour=08/data.csv
[2024-07-15T08:34:34.885+0000] {logging_mixin.py:188} INFO - saved in /opt/***/bucket/get_ticker/year=2024/month=07/day=15/hour=08/data.csv
[2024-07-15T08:34:34.888+0000] {logging_mixin.py:188} INFO - saved in /opt/***/bucket/get_ticker/year=2024/month=07/day=15/hour=08/data.csv
[2024-07-15T08:34:34.891+0000] {logging_mixin.py:188} INFO - saved in /opt/***/bucket/get_ticker/year=2024/month=07/day=15/hour=08/data.csv
[2024-07-15T08:34:34.895+0000] {logging_mixin.py:188} INFO - saved in /opt/***/bucket/get_ticker/year=2024/month=07/day=15/hour=08/data.csv
[2024-07-15T08:34:34.897+0000] {logging_mixin.py:188} INFO - saved in /opt/***/bucket/get_ticker/year=2024/month=07/day=15/hour=08/data.csv
[2024-07-15T08:34:34.901+0000] {logging_mixin.py:188} INFO - saved in /opt/***/bucket/get_ticker/year=2024/month=07/day=15/hour=08/data.csv
[2024-07-15T08:34:34.904+0000] {logging_mixin.py:188} INFO - saved in /opt/***/bucket/get_ticker/year=2024/month=07/day=15/hour=08/data.csv
[2024-07-15T08:34:34.907+0000] {logging_mixin.py:188} INFO - saved in /opt/***/bucket/get_ticker/year=2024/month=07/day=15/hour=08/data.csv
[2024-07-15T08:34:34.910+0000] {logging_mixin.py:188} INFO - saved in /opt/***/bucket/get_ticker/year=2024/month=07/day=15/hour=08/data.csv
[2024-07-15T08:34:34.913+0000] {logging_mixin.py:188} INFO - saved in /opt/***/bucket/get_ticker/year=2024/month=07/day=15/hour=08/data.csv
[2024-07-15T08:34:34.918+0000] {logging_mixin.py:188} INFO - saved in /opt/***/bucket/get_ticker/year=2024/month=07/day=15/hour=08/data.csv
[2024-07-15T08:34:34.924+0000] {logging_mixin.py:188} INFO - saved in /opt/***/bucket/get_ticker/year=2024/month=07/day=15/hour=08/data.csv
[2024-07-15T08:34:34.929+0000] {logging_mixin.py:188} INFO - saved in /opt/***/bucket/get_ticker/year=2024/month=07/day=15/hour=08/data.csv
[2024-07-15T08:34:34.931+0000] {logging_mixin.py:188} INFO - saved in /opt/***/bucket/get_ticker/year=2024/month=07/day=15/hour=08/data.csv
[2024-07-15T08:34:34.936+0000] {logging_mixin.py:188} INFO - saved in /opt/***/bucket/get_ticker/year=2024/month=07/day=15/hour=08/data.csv
[2024-07-15T08:34:34.939+0000] {logging_mixin.py:188} INFO - saved in /opt/***/bucket/get_ticker/year=2024/month=07/day=15/hour=08/data.csv
[2024-07-15T08:34:34.943+0000] {logging_mixin.py:188} INFO - saved in /opt/***/bucket/get_ticker/year=2024/month=07/day=15/hour=08/data.csv
[2024-07-15T08:34:34.946+0000] {logging_mixin.py:188} INFO - saved in /opt/***/bucket/get_ticker/year=2024/month=07/day=15/hour=08/data.csv
[2024-07-15T08:34:34.950+0000] {logging_mixin.py:188} INFO - saved in /opt/***/bucket/get_ticker/year=2024/month=07/day=15/hour=08/data.csv
[2024-07-15T08:34:34.953+0000] {logging_mixin.py:188} INFO - saved in /opt/***/bucket/get_ticker/year=2024/month=07/day=15/hour=08/data.csv
[2024-07-15T08:34:34.956+0000] {logging_mixin.py:188} INFO - saved in /opt/***/bucket/get_ticker/year=2024/month=07/day=15/hour=08/data.csv
[2024-07-15T08:34:34.957+0000] {logging_mixin.py:188} INFO - saved in /opt/***/bucket/get_ticker/year=2024/month=07/day=15/hour=08/data.csv
[2024-07-15T08:34:34.961+0000] {logging_mixin.py:188} INFO - saved in /opt/***/bucket/get_ticker/year=2024/month=07/day=15/hour=08/data.csv
[2024-07-15T08:34:34.966+0000] {logging_mixin.py:188} INFO - saved in /opt/***/bucket/get_ticker/year=2024/month=07/day=15/hour=08/data.csv
[2024-07-15T08:34:34.968+0000] {logging_mixin.py:188} WARNING -  98%|#########8| 52/53 [00:00<00:00, 263.34it/s]
[2024-07-15T08:34:34.969+0000] {logging_mixin.py:188} INFO - saved in /opt/***/bucket/get_ticker/year=2024/month=07/day=15/hour=08/data.csv
[2024-07-15T08:34:34.972+0000] {logging_mixin.py:188} WARNING - 100%|##########| 53/53 [00:00<00:00, 255.25it/s]
[2024-07-15T08:34:34.973+0000] {python.py:237} INFO - Done. Returned value was: None
[2024-07-15T08:34:34.975+0000] {taskinstance.py:441} INFO - ::group::Post task execution logs
[2024-07-15T08:34:35.002+0000] {taskinstance.py:1206} INFO - Marking task as SUCCESS. dag_id=etl_ticker, task_id=etl_btc_mxn, run_id=scheduled__2024-07-14T01:30:00+00:00, execution_date=20240714T013000, start_date=20240715T083333, end_date=20240715T083435
[2024-07-15T08:34:35.065+0000] {local_task_job_runner.py:240} INFO - Task exited with return code 0
[2024-07-15T08:34:35.114+0000] {taskinstance.py:3503} INFO - 0 downstream tasks scheduled from follow-on schedule check
[2024-07-15T08:34:35.125+0000] {local_task_job_runner.py:222} INFO - ::endgroup::
