[2024-07-14T09:02:14.916+0000] {local_task_job_runner.py:120} INFO - ::group::Pre task execution logs
[2024-07-14T09:02:14.983+0000] {taskinstance.py:2076} INFO - Dependencies all met for dep_context=non-requeueable deps ti=<TaskInstance: fetch_spread_values.fetch_and_compute_spread_btc_mxn scheduled__2024-07-14T05:58:00+00:00 [queued]>
[2024-07-14T09:02:15.001+0000] {taskinstance.py:2076} INFO - Dependencies all met for dep_context=requeueable deps ti=<TaskInstance: fetch_spread_values.fetch_and_compute_spread_btc_mxn scheduled__2024-07-14T05:58:00+00:00 [queued]>
[2024-07-14T09:02:15.006+0000] {taskinstance.py:2306} INFO - Starting attempt 1 of 2
[2024-07-14T09:02:15.046+0000] {taskinstance.py:2330} INFO - Executing <Task(PythonOperator): fetch_and_compute_spread_btc_mxn> on 2024-07-14 05:58:00+00:00
[2024-07-14T09:02:15.064+0000] {warnings.py:112} WARNING - /home/***/.local/lib/python3.12/site-packages/***/task/task_runner/standard_task_runner.py:61: DeprecationWarning: This process (pid=2319) is multi-threaded, use of fork() may lead to deadlocks in the child.
  pid = os.fork()

[2024-07-14T09:02:15.079+0000] {standard_task_runner.py:63} INFO - Started process 2347 to run task
[2024-07-14T09:02:15.070+0000] {standard_task_runner.py:90} INFO - Running: ['***', 'tasks', 'run', 'fetch_spread_values', 'fetch_and_compute_spread_btc_mxn', 'scheduled__2024-07-14T05:58:00+00:00', '--job-id', '744', '--raw', '--subdir', 'DAGS_FOLDER/***.py', '--cfg-path', '/tmp/tmpx025bpuu']
[2024-07-14T09:02:15.094+0000] {standard_task_runner.py:91} INFO - Job 744: Subtask fetch_and_compute_spread_btc_mxn
[2024-07-14T09:02:15.216+0000] {task_command.py:426} INFO - Running <TaskInstance: fetch_spread_values.fetch_and_compute_spread_btc_mxn scheduled__2024-07-14T05:58:00+00:00 [running]> on host d537c34a4880
[2024-07-14T09:02:15.369+0000] {taskinstance.py:2648} INFO - Exporting env vars: AIRFLOW_CTX_DAG_OWNER='***' AIRFLOW_CTX_DAG_ID='fetch_spread_values' AIRFLOW_CTX_TASK_ID='fetch_and_compute_spread_btc_mxn' AIRFLOW_CTX_EXECUTION_DATE='2024-07-14T05:58:00+00:00' AIRFLOW_CTX_TRY_NUMBER='1' AIRFLOW_CTX_DAG_RUN_ID='scheduled__2024-07-14T05:58:00+00:00'
[2024-07-14T09:02:15.378+0000] {taskinstance.py:430} INFO - ::endgroup::
[2024-07-14T09:02:15.552+0000] {python.py:237} INFO - Done. Returned value was: None
[2024-07-14T09:02:15.554+0000] {taskinstance.py:441} INFO - ::group::Post task execution logs
[2024-07-14T09:02:15.565+0000] {taskinstance.py:1206} INFO - Marking task as SUCCESS. dag_id=fetch_spread_values, task_id=fetch_and_compute_spread_btc_mxn, run_id=scheduled__2024-07-14T05:58:00+00:00, execution_date=20240714T055800, start_date=20240714T090214, end_date=20240714T090215
[2024-07-14T09:02:15.618+0000] {local_task_job_runner.py:240} INFO - Task exited with return code 0
[2024-07-14T09:02:15.635+0000] {local_task_job_runner.py:222} INFO - ::endgroup::
[2024-07-14T20:34:42.525+0000] {local_task_job_runner.py:120} INFO - ::group::Pre task execution logs
[2024-07-14T20:34:42.555+0000] {taskinstance.py:2076} INFO - Dependencies all met for dep_context=non-requeueable deps ti=<TaskInstance: fetch_spread_values.fetch_and_compute_spread_btc_mxn scheduled__2024-07-14T05:58:00+00:00 [queued]>
[2024-07-14T20:34:42.567+0000] {taskinstance.py:2076} INFO - Dependencies all met for dep_context=requeueable deps ti=<TaskInstance: fetch_spread_values.fetch_and_compute_spread_btc_mxn scheduled__2024-07-14T05:58:00+00:00 [queued]>
[2024-07-14T20:34:42.568+0000] {taskinstance.py:2306} INFO - Starting attempt 1 of 2
[2024-07-14T20:34:42.583+0000] {taskinstance.py:2330} INFO - Executing <Task(PythonOperator): fetch_and_compute_spread_btc_mxn> on 2024-07-14 05:58:00+00:00
[2024-07-14T20:34:42.589+0000] {logging_mixin.py:188} WARNING - /home/***/.local/lib/python3.12/site-packages/***/task/task_runner/standard_task_runner.py:61 DeprecationWarning: This process (pid=1673) is multi-threaded, use of fork() may lead to deadlocks in the child.
[2024-07-14T20:34:42.594+0000] {standard_task_runner.py:63} INFO - Started process 1681 to run task
[2024-07-14T20:34:42.592+0000] {standard_task_runner.py:90} INFO - Running: ['***', 'tasks', 'run', 'fetch_spread_values', 'fetch_and_compute_spread_btc_mxn', 'scheduled__2024-07-14T05:58:00+00:00', '--job-id', '736', '--raw', '--subdir', 'DAGS_FOLDER/***.py', '--cfg-path', '/tmp/tmpcjiy19_e']
[2024-07-14T20:34:42.599+0000] {standard_task_runner.py:91} INFO - Job 736: Subtask fetch_and_compute_spread_btc_mxn
[2024-07-14T20:34:42.697+0000] {task_command.py:426} INFO - Running <TaskInstance: fetch_spread_values.fetch_and_compute_spread_btc_mxn scheduled__2024-07-14T05:58:00+00:00 [running]> on host 77caf7e4b282
[2024-07-14T20:34:42.857+0000] {taskinstance.py:2648} INFO - Exporting env vars: AIRFLOW_CTX_DAG_OWNER='***' AIRFLOW_CTX_DAG_ID='fetch_spread_values' AIRFLOW_CTX_TASK_ID='fetch_and_compute_spread_btc_mxn' AIRFLOW_CTX_EXECUTION_DATE='2024-07-14T05:58:00+00:00' AIRFLOW_CTX_TRY_NUMBER='1' AIRFLOW_CTX_DAG_RUN_ID='scheduled__2024-07-14T05:58:00+00:00'
[2024-07-14T20:34:42.864+0000] {taskinstance.py:430} INFO - ::endgroup::
[2024-07-14T20:34:43.074+0000] {python.py:237} INFO - Done. Returned value was: None
[2024-07-14T20:34:43.077+0000] {taskinstance.py:441} INFO - ::group::Post task execution logs
[2024-07-14T20:34:43.095+0000] {taskinstance.py:1206} INFO - Marking task as SUCCESS. dag_id=fetch_spread_values, task_id=fetch_and_compute_spread_btc_mxn, run_id=scheduled__2024-07-14T05:58:00+00:00, execution_date=20240714T055800, start_date=20240714T203442, end_date=20240714T203443
[2024-07-14T20:34:43.195+0000] {local_task_job_runner.py:240} INFO - Task exited with return code 0
[2024-07-14T20:34:43.214+0000] {taskinstance.py:3503} INFO - 0 downstream tasks scheduled from follow-on schedule check
[2024-07-14T20:34:43.220+0000] {local_task_job_runner.py:222} INFO - ::endgroup::
