[2024-07-14T09:04:40.210+0000] {local_task_job_runner.py:120} INFO - ::group::Pre task execution logs
[2024-07-14T09:04:40.304+0000] {taskinstance.py:2076} INFO - Dependencies all met for dep_context=non-requeueable deps ti=<TaskInstance: fetch_spread_values.fetch_and_compute_spread_usd_mxn scheduled__2024-07-14T08:28:00+00:00 [queued]>
[2024-07-14T09:04:40.335+0000] {taskinstance.py:2076} INFO - Dependencies all met for dep_context=requeueable deps ti=<TaskInstance: fetch_spread_values.fetch_and_compute_spread_usd_mxn scheduled__2024-07-14T08:28:00+00:00 [queued]>
[2024-07-14T09:04:40.338+0000] {taskinstance.py:2306} INFO - Starting attempt 1 of 2
[2024-07-14T09:04:40.391+0000] {taskinstance.py:2330} INFO - Executing <Task(PythonOperator): fetch_and_compute_spread_usd_mxn> on 2024-07-14 08:28:00+00:00
[2024-07-14T09:04:40.411+0000] {warnings.py:112} WARNING - /home/***/.local/lib/python3.12/site-packages/***/task/task_runner/standard_task_runner.py:61: DeprecationWarning: This process (pid=3260) is multi-threaded, use of fork() may lead to deadlocks in the child.
  pid = os.fork()

[2024-07-14T09:04:40.419+0000] {standard_task_runner.py:63} INFO - Started process 3287 to run task
[2024-07-14T09:04:40.435+0000] {standard_task_runner.py:90} INFO - Running: ['***', 'tasks', 'run', 'fetch_spread_values', 'fetch_and_compute_spread_usd_mxn', 'scheduled__2024-07-14T08:28:00+00:00', '--job-id', '1046', '--raw', '--subdir', 'DAGS_FOLDER/***.py', '--cfg-path', '/tmp/tmpw6ue04nc']
[2024-07-14T09:04:40.444+0000] {standard_task_runner.py:91} INFO - Job 1046: Subtask fetch_and_compute_spread_usd_mxn
[2024-07-14T09:04:40.547+0000] {task_command.py:426} INFO - Running <TaskInstance: fetch_spread_values.fetch_and_compute_spread_usd_mxn scheduled__2024-07-14T08:28:00+00:00 [running]> on host d537c34a4880
[2024-07-14T09:04:40.787+0000] {taskinstance.py:2648} INFO - Exporting env vars: AIRFLOW_CTX_DAG_OWNER='***' AIRFLOW_CTX_DAG_ID='fetch_spread_values' AIRFLOW_CTX_TASK_ID='fetch_and_compute_spread_usd_mxn' AIRFLOW_CTX_EXECUTION_DATE='2024-07-14T08:28:00+00:00' AIRFLOW_CTX_TRY_NUMBER='1' AIRFLOW_CTX_DAG_RUN_ID='scheduled__2024-07-14T08:28:00+00:00'
[2024-07-14T09:04:40.791+0000] {taskinstance.py:430} INFO - ::endgroup::
[2024-07-14T09:04:41.033+0000] {python.py:237} INFO - Done. Returned value was: None
[2024-07-14T09:04:41.039+0000] {taskinstance.py:441} INFO - ::group::Post task execution logs
[2024-07-14T09:04:41.070+0000] {taskinstance.py:1206} INFO - Marking task as SUCCESS. dag_id=fetch_spread_values, task_id=fetch_and_compute_spread_usd_mxn, run_id=scheduled__2024-07-14T08:28:00+00:00, execution_date=20240714T082800, start_date=20240714T090440, end_date=20240714T090441
[2024-07-14T09:04:41.194+0000] {local_task_job_runner.py:240} INFO - Task exited with return code 0
[2024-07-14T09:04:41.286+0000] {taskinstance.py:3503} INFO - 0 downstream tasks scheduled from follow-on schedule check
[2024-07-14T09:04:41.289+0000] {local_task_job_runner.py:222} INFO - ::endgroup::
[2024-07-14T20:36:08.502+0000] {local_task_job_runner.py:120} INFO - ::group::Pre task execution logs
[2024-07-14T20:36:08.542+0000] {taskinstance.py:2076} INFO - Dependencies all met for dep_context=non-requeueable deps ti=<TaskInstance: fetch_spread_values.fetch_and_compute_spread_usd_mxn scheduled__2024-07-14T08:28:00+00:00 [queued]>
[2024-07-14T20:36:08.567+0000] {taskinstance.py:2076} INFO - Dependencies all met for dep_context=requeueable deps ti=<TaskInstance: fetch_spread_values.fetch_and_compute_spread_usd_mxn scheduled__2024-07-14T08:28:00+00:00 [queued]>
[2024-07-14T20:36:08.572+0000] {taskinstance.py:2306} INFO - Starting attempt 1 of 2
[2024-07-14T20:36:08.638+0000] {taskinstance.py:2330} INFO - Executing <Task(PythonOperator): fetch_and_compute_spread_usd_mxn> on 2024-07-14 08:28:00+00:00
[2024-07-14T20:36:08.642+0000] {logging_mixin.py:188} WARNING - /home/***/.local/lib/python3.12/site-packages/***/task/task_runner/standard_task_runner.py:61 DeprecationWarning: This process (pid=2501) is multi-threaded, use of fork() may lead to deadlocks in the child.
[2024-07-14T20:36:08.643+0000] {standard_task_runner.py:63} INFO - Started process 2511 to run task
[2024-07-14T20:36:08.647+0000] {standard_task_runner.py:90} INFO - Running: ['***', 'tasks', 'run', 'fetch_spread_values', 'fetch_and_compute_spread_usd_mxn', 'scheduled__2024-07-14T08:28:00+00:00', '--job-id', '1144', '--raw', '--subdir', 'DAGS_FOLDER/***.py', '--cfg-path', '/tmp/tmp5jntgcul']
[2024-07-14T20:36:08.652+0000] {standard_task_runner.py:91} INFO - Job 1144: Subtask fetch_and_compute_spread_usd_mxn
[2024-07-14T20:36:08.717+0000] {task_command.py:426} INFO - Running <TaskInstance: fetch_spread_values.fetch_and_compute_spread_usd_mxn scheduled__2024-07-14T08:28:00+00:00 [running]> on host 77caf7e4b282
[2024-07-14T20:36:08.798+0000] {taskinstance.py:2648} INFO - Exporting env vars: AIRFLOW_CTX_DAG_OWNER='***' AIRFLOW_CTX_DAG_ID='fetch_spread_values' AIRFLOW_CTX_TASK_ID='fetch_and_compute_spread_usd_mxn' AIRFLOW_CTX_EXECUTION_DATE='2024-07-14T08:28:00+00:00' AIRFLOW_CTX_TRY_NUMBER='1' AIRFLOW_CTX_DAG_RUN_ID='scheduled__2024-07-14T08:28:00+00:00'
[2024-07-14T20:36:08.802+0000] {taskinstance.py:430} INFO - ::endgroup::
[2024-07-14T20:36:08.993+0000] {python.py:237} INFO - Done. Returned value was: None
[2024-07-14T20:36:08.994+0000] {taskinstance.py:441} INFO - ::group::Post task execution logs
[2024-07-14T20:36:09.000+0000] {taskinstance.py:1206} INFO - Marking task as SUCCESS. dag_id=fetch_spread_values, task_id=fetch_and_compute_spread_usd_mxn, run_id=scheduled__2024-07-14T08:28:00+00:00, execution_date=20240714T082800, start_date=20240714T203608, end_date=20240714T203609
[2024-07-14T20:36:09.049+0000] {local_task_job_runner.py:240} INFO - Task exited with return code 0
[2024-07-14T20:36:09.060+0000] {taskinstance.py:3503} INFO - 0 downstream tasks scheduled from follow-on schedule check
[2024-07-14T20:36:09.061+0000] {local_task_job_runner.py:222} INFO - ::endgroup::
