[2024-07-14T10:31:21.513+0000] {local_task_job_runner.py:120} INFO - ::group::Pre task execution logs
[2024-07-14T10:31:21.555+0000] {taskinstance.py:2076} INFO - Dependencies all met for dep_context=non-requeueable deps ti=<TaskInstance: fetch_spread_values.fetch_and_compute_spread_usd_mxn scheduled__2024-07-14T10:21:00+00:00 [queued]>
[2024-07-14T10:31:21.575+0000] {taskinstance.py:2076} INFO - Dependencies all met for dep_context=requeueable deps ti=<TaskInstance: fetch_spread_values.fetch_and_compute_spread_usd_mxn scheduled__2024-07-14T10:21:00+00:00 [queued]>
[2024-07-14T10:31:21.576+0000] {taskinstance.py:2306} INFO - Starting attempt 1 of 2
[2024-07-14T10:31:21.589+0000] {taskinstance.py:2330} INFO - Executing <Task(PythonOperator): fetch_and_compute_spread_usd_mxn> on 2024-07-14 10:21:00+00:00
[2024-07-14T10:31:21.598+0000] {warnings.py:112} WARNING - /home/***/.local/lib/python3.12/site-packages/***/task/task_runner/standard_task_runner.py:61: DeprecationWarning: This process (pid=4483) is multi-threaded, use of fork() may lead to deadlocks in the child.
  pid = os.fork()

[2024-07-14T10:31:21.601+0000] {standard_task_runner.py:63} INFO - Started process 4499 to run task
[2024-07-14T10:31:21.603+0000] {standard_task_runner.py:90} INFO - Running: ['***', 'tasks', 'run', 'fetch_spread_values', 'fetch_and_compute_spread_usd_mxn', 'scheduled__2024-07-14T10:21:00+00:00', '--job-id', '1335', '--raw', '--subdir', 'DAGS_FOLDER/***.py', '--cfg-path', '/tmp/tmp4nos9qwg']
[2024-07-14T10:31:21.611+0000] {standard_task_runner.py:91} INFO - Job 1335: Subtask fetch_and_compute_spread_usd_mxn
[2024-07-14T10:31:21.747+0000] {task_command.py:426} INFO - Running <TaskInstance: fetch_spread_values.fetch_and_compute_spread_usd_mxn scheduled__2024-07-14T10:21:00+00:00 [running]> on host d537c34a4880
[2024-07-14T10:31:21.850+0000] {taskinstance.py:2648} INFO - Exporting env vars: AIRFLOW_CTX_DAG_OWNER='***' AIRFLOW_CTX_DAG_ID='fetch_spread_values' AIRFLOW_CTX_TASK_ID='fetch_and_compute_spread_usd_mxn' AIRFLOW_CTX_EXECUTION_DATE='2024-07-14T10:21:00+00:00' AIRFLOW_CTX_TRY_NUMBER='1' AIRFLOW_CTX_DAG_RUN_ID='scheduled__2024-07-14T10:21:00+00:00'
[2024-07-14T10:31:21.852+0000] {taskinstance.py:430} INFO - ::endgroup::
[2024-07-14T10:31:22.017+0000] {python.py:237} INFO - Done. Returned value was: None
[2024-07-14T10:31:22.018+0000] {taskinstance.py:441} INFO - ::group::Post task execution logs
[2024-07-14T10:31:22.024+0000] {taskinstance.py:1206} INFO - Marking task as SUCCESS. dag_id=fetch_spread_values, task_id=fetch_and_compute_spread_usd_mxn, run_id=scheduled__2024-07-14T10:21:00+00:00, execution_date=20240714T102100, start_date=20240714T103121, end_date=20240714T103122
[2024-07-14T10:31:22.054+0000] {local_task_job_runner.py:240} INFO - Task exited with return code 0
[2024-07-14T10:31:22.064+0000] {local_task_job_runner.py:222} INFO - ::endgroup::
[2024-07-14T20:36:49.302+0000] {local_task_job_runner.py:120} INFO - ::group::Pre task execution logs
[2024-07-14T20:36:49.348+0000] {taskinstance.py:2076} INFO - Dependencies all met for dep_context=non-requeueable deps ti=<TaskInstance: fetch_spread_values.fetch_and_compute_spread_usd_mxn scheduled__2024-07-14T10:21:00+00:00 [queued]>
[2024-07-14T20:36:49.358+0000] {taskinstance.py:2076} INFO - Dependencies all met for dep_context=requeueable deps ti=<TaskInstance: fetch_spread_values.fetch_and_compute_spread_usd_mxn scheduled__2024-07-14T10:21:00+00:00 [queued]>
[2024-07-14T20:36:49.359+0000] {taskinstance.py:2306} INFO - Starting attempt 1 of 2
[2024-07-14T20:36:49.398+0000] {taskinstance.py:2330} INFO - Executing <Task(PythonOperator): fetch_and_compute_spread_usd_mxn> on 2024-07-14 10:21:00+00:00
[2024-07-14T20:36:49.424+0000] {standard_task_runner.py:90} INFO - Running: ['***', 'tasks', 'run', 'fetch_spread_values', 'fetch_and_compute_spread_usd_mxn', 'scheduled__2024-07-14T10:21:00+00:00', '--job-id', '1370', '--raw', '--subdir', 'DAGS_FOLDER/***.py', '--cfg-path', '/tmp/tmppqjf154o']
[2024-07-14T20:36:49.428+0000] {logging_mixin.py:188} WARNING - /home/***/.local/lib/python3.12/site-packages/***/task/task_runner/standard_task_runner.py:61 DeprecationWarning: This process (pid=2966) is multi-threaded, use of fork() may lead to deadlocks in the child.
[2024-07-14T20:36:49.428+0000] {standard_task_runner.py:91} INFO - Job 1370: Subtask fetch_and_compute_spread_usd_mxn
[2024-07-14T20:36:49.429+0000] {standard_task_runner.py:63} INFO - Started process 2976 to run task
[2024-07-14T20:36:49.568+0000] {task_command.py:426} INFO - Running <TaskInstance: fetch_spread_values.fetch_and_compute_spread_usd_mxn scheduled__2024-07-14T10:21:00+00:00 [running]> on host 77caf7e4b282
[2024-07-14T20:36:49.691+0000] {taskinstance.py:2648} INFO - Exporting env vars: AIRFLOW_CTX_DAG_OWNER='***' AIRFLOW_CTX_DAG_ID='fetch_spread_values' AIRFLOW_CTX_TASK_ID='fetch_and_compute_spread_usd_mxn' AIRFLOW_CTX_EXECUTION_DATE='2024-07-14T10:21:00+00:00' AIRFLOW_CTX_TRY_NUMBER='1' AIRFLOW_CTX_DAG_RUN_ID='scheduled__2024-07-14T10:21:00+00:00'
[2024-07-14T20:36:49.694+0000] {taskinstance.py:430} INFO - ::endgroup::
[2024-07-14T20:36:49.970+0000] {python.py:237} INFO - Done. Returned value was: None
[2024-07-14T20:36:49.976+0000] {taskinstance.py:441} INFO - ::group::Post task execution logs
[2024-07-14T20:36:49.993+0000] {taskinstance.py:1206} INFO - Marking task as SUCCESS. dag_id=fetch_spread_values, task_id=fetch_and_compute_spread_usd_mxn, run_id=scheduled__2024-07-14T10:21:00+00:00, execution_date=20240714T102100, start_date=20240714T203649, end_date=20240714T203649
[2024-07-14T20:36:50.018+0000] {local_task_job_runner.py:240} INFO - Task exited with return code 0
[2024-07-14T20:36:50.047+0000] {taskinstance.py:3503} INFO - 0 downstream tasks scheduled from follow-on schedule check
[2024-07-14T20:36:50.053+0000] {local_task_job_runner.py:222} INFO - ::endgroup::
