[2024-07-14T16:13:11.878+0000] {local_task_job_runner.py:120} INFO - ::group::Pre task execution logs
[2024-07-14T16:13:11.905+0000] {taskinstance.py:2076} INFO - Dependencies all met for dep_context=non-requeueable deps ti=<TaskInstance: fetch_spread_values.fetch_and_compute_spread_btc_mxn scheduled__2024-07-14T16:07:00+00:00 [queued]>
[2024-07-14T16:13:11.920+0000] {taskinstance.py:2076} INFO - Dependencies all met for dep_context=requeueable deps ti=<TaskInstance: fetch_spread_values.fetch_and_compute_spread_btc_mxn scheduled__2024-07-14T16:07:00+00:00 [queued]>
[2024-07-14T16:13:11.932+0000] {taskinstance.py:2306} INFO - Starting attempt 1 of 2
[2024-07-14T16:13:11.987+0000] {taskinstance.py:2330} INFO - Executing <Task(PythonOperator): fetch_and_compute_spread_btc_mxn> on 2024-07-14 16:07:00+00:00
[2024-07-14T16:13:12.005+0000] {warnings.py:112} WARNING - /home/***/.local/lib/python3.12/site-packages/***/task/task_runner/standard_task_runner.py:61: DeprecationWarning: This process (pid=6870) is multi-threaded, use of fork() may lead to deadlocks in the child.
  pid = os.fork()

[2024-07-14T16:13:12.008+0000] {standard_task_runner.py:63} INFO - Started process 6905 to run task
[2024-07-14T16:13:12.008+0000] {standard_task_runner.py:90} INFO - Running: ['***', 'tasks', 'run', 'fetch_spread_values', 'fetch_and_compute_spread_btc_mxn', 'scheduled__2024-07-14T16:07:00+00:00', '--job-id', '2074', '--raw', '--subdir', 'DAGS_FOLDER/***.py', '--cfg-path', '/tmp/tmp7vvetix5']
[2024-07-14T16:13:12.016+0000] {standard_task_runner.py:91} INFO - Job 2074: Subtask fetch_and_compute_spread_btc_mxn
[2024-07-14T16:13:12.158+0000] {task_command.py:426} INFO - Running <TaskInstance: fetch_spread_values.fetch_and_compute_spread_btc_mxn scheduled__2024-07-14T16:07:00+00:00 [running]> on host d537c34a4880
[2024-07-14T16:13:12.321+0000] {taskinstance.py:2648} INFO - Exporting env vars: AIRFLOW_CTX_DAG_OWNER='***' AIRFLOW_CTX_DAG_ID='fetch_spread_values' AIRFLOW_CTX_TASK_ID='fetch_and_compute_spread_btc_mxn' AIRFLOW_CTX_EXECUTION_DATE='2024-07-14T16:07:00+00:00' AIRFLOW_CTX_TRY_NUMBER='1' AIRFLOW_CTX_DAG_RUN_ID='scheduled__2024-07-14T16:07:00+00:00'
[2024-07-14T16:13:12.328+0000] {taskinstance.py:430} INFO - ::endgroup::
[2024-07-14T16:13:12.583+0000] {python.py:237} INFO - Done. Returned value was: None
[2024-07-14T16:13:12.584+0000] {taskinstance.py:441} INFO - ::group::Post task execution logs
[2024-07-14T16:13:12.591+0000] {taskinstance.py:1206} INFO - Marking task as SUCCESS. dag_id=fetch_spread_values, task_id=fetch_and_compute_spread_btc_mxn, run_id=scheduled__2024-07-14T16:07:00+00:00, execution_date=20240714T160700, start_date=20240714T161311, end_date=20240714T161312
[2024-07-14T16:13:12.651+0000] {local_task_job_runner.py:240} INFO - Task exited with return code 0
[2024-07-14T16:13:12.697+0000] {taskinstance.py:3503} INFO - 0 downstream tasks scheduled from follow-on schedule check
[2024-07-14T16:13:12.701+0000] {local_task_job_runner.py:222} INFO - ::endgroup::
[2024-07-14T20:38:55.871+0000] {local_task_job_runner.py:120} INFO - ::group::Pre task execution logs
[2024-07-14T20:38:55.899+0000] {taskinstance.py:2076} INFO - Dependencies all met for dep_context=non-requeueable deps ti=<TaskInstance: fetch_spread_values.fetch_and_compute_spread_btc_mxn scheduled__2024-07-14T16:07:00+00:00 [queued]>
[2024-07-14T20:38:55.909+0000] {taskinstance.py:2076} INFO - Dependencies all met for dep_context=requeueable deps ti=<TaskInstance: fetch_spread_values.fetch_and_compute_spread_btc_mxn scheduled__2024-07-14T16:07:00+00:00 [queued]>
[2024-07-14T20:38:55.910+0000] {taskinstance.py:2306} INFO - Starting attempt 1 of 2
[2024-07-14T20:38:55.929+0000] {taskinstance.py:2330} INFO - Executing <Task(PythonOperator): fetch_and_compute_spread_btc_mxn> on 2024-07-14 16:07:00+00:00
[2024-07-14T20:38:55.936+0000] {standard_task_runner.py:90} INFO - Running: ['***', 'tasks', 'run', 'fetch_spread_values', 'fetch_and_compute_spread_btc_mxn', 'scheduled__2024-07-14T16:07:00+00:00', '--job-id', '2063', '--raw', '--subdir', 'DAGS_FOLDER/***.py', '--cfg-path', '/tmp/tmpc5uyk94l']
[2024-07-14T20:38:55.942+0000] {standard_task_runner.py:91} INFO - Job 2063: Subtask fetch_and_compute_spread_btc_mxn
[2024-07-14T20:38:55.938+0000] {logging_mixin.py:188} WARNING - /home/***/.local/lib/python3.12/site-packages/***/task/task_runner/standard_task_runner.py:61 DeprecationWarning: This process (pid=4369) is multi-threaded, use of fork() may lead to deadlocks in the child.
[2024-07-14T20:38:55.950+0000] {standard_task_runner.py:63} INFO - Started process 4378 to run task
[2024-07-14T20:38:55.997+0000] {task_command.py:426} INFO - Running <TaskInstance: fetch_spread_values.fetch_and_compute_spread_btc_mxn scheduled__2024-07-14T16:07:00+00:00 [running]> on host 77caf7e4b282
[2024-07-14T20:38:56.086+0000] {taskinstance.py:2648} INFO - Exporting env vars: AIRFLOW_CTX_DAG_OWNER='***' AIRFLOW_CTX_DAG_ID='fetch_spread_values' AIRFLOW_CTX_TASK_ID='fetch_and_compute_spread_btc_mxn' AIRFLOW_CTX_EXECUTION_DATE='2024-07-14T16:07:00+00:00' AIRFLOW_CTX_TRY_NUMBER='1' AIRFLOW_CTX_DAG_RUN_ID='scheduled__2024-07-14T16:07:00+00:00'
[2024-07-14T20:38:56.087+0000] {taskinstance.py:430} INFO - ::endgroup::
[2024-07-14T20:38:56.306+0000] {python.py:237} INFO - Done. Returned value was: None
[2024-07-14T20:38:56.311+0000] {taskinstance.py:441} INFO - ::group::Post task execution logs
[2024-07-14T20:38:56.334+0000] {taskinstance.py:1206} INFO - Marking task as SUCCESS. dag_id=fetch_spread_values, task_id=fetch_and_compute_spread_btc_mxn, run_id=scheduled__2024-07-14T16:07:00+00:00, execution_date=20240714T160700, start_date=20240714T203855, end_date=20240714T203856
[2024-07-14T20:38:56.393+0000] {local_task_job_runner.py:240} INFO - Task exited with return code 0
[2024-07-14T20:38:56.424+0000] {taskinstance.py:3503} INFO - 0 downstream tasks scheduled from follow-on schedule check
[2024-07-14T20:38:56.442+0000] {local_task_job_runner.py:222} INFO - ::endgroup::
