[2024-07-14T09:07:01.539+0000] {local_task_job_runner.py:120} INFO - ::group::Pre task execution logs
[2024-07-14T09:07:01.554+0000] {taskinstance.py:2076} INFO - Dependencies all met for dep_context=non-requeueable deps ti=<TaskInstance: fetch_spread_values.fetch_and_compute_spread_btc_mxn scheduled__2024-07-14T09:06:00+00:00 [queued]>
[2024-07-14T09:07:01.563+0000] {taskinstance.py:2076} INFO - Dependencies all met for dep_context=requeueable deps ti=<TaskInstance: fetch_spread_values.fetch_and_compute_spread_btc_mxn scheduled__2024-07-14T09:06:00+00:00 [queued]>
[2024-07-14T09:07:01.564+0000] {taskinstance.py:2306} INFO - Starting attempt 1 of 2
[2024-07-14T09:07:01.578+0000] {taskinstance.py:2330} INFO - Executing <Task(PythonOperator): fetch_and_compute_spread_btc_mxn> on 2024-07-14 09:06:00+00:00
[2024-07-14T09:07:01.584+0000] {warnings.py:112} WARNING - /home/***/.local/lib/python3.12/site-packages/***/task/task_runner/standard_task_runner.py:61: DeprecationWarning: This process (pid=3684) is multi-threaded, use of fork() may lead to deadlocks in the child.
  pid = os.fork()

[2024-07-14T09:07:01.586+0000] {standard_task_runner.py:63} INFO - Started process 3688 to run task
[2024-07-14T09:07:01.587+0000] {standard_task_runner.py:90} INFO - Running: ['***', 'tasks', 'run', 'fetch_spread_values', 'fetch_and_compute_spread_btc_mxn', 'scheduled__2024-07-14T09:06:00+00:00', '--job-id', '1177', '--raw', '--subdir', 'DAGS_FOLDER/***.py', '--cfg-path', '/tmp/tmp9l7n7xv3']
[2024-07-14T09:07:01.590+0000] {standard_task_runner.py:91} INFO - Job 1177: Subtask fetch_and_compute_spread_btc_mxn
[2024-07-14T09:07:01.645+0000] {task_command.py:426} INFO - Running <TaskInstance: fetch_spread_values.fetch_and_compute_spread_btc_mxn scheduled__2024-07-14T09:06:00+00:00 [running]> on host d537c34a4880
[2024-07-14T09:07:01.715+0000] {taskinstance.py:2648} INFO - Exporting env vars: AIRFLOW_CTX_DAG_OWNER='***' AIRFLOW_CTX_DAG_ID='fetch_spread_values' AIRFLOW_CTX_TASK_ID='fetch_and_compute_spread_btc_mxn' AIRFLOW_CTX_EXECUTION_DATE='2024-07-14T09:06:00+00:00' AIRFLOW_CTX_TRY_NUMBER='1' AIRFLOW_CTX_DAG_RUN_ID='scheduled__2024-07-14T09:06:00+00:00'
[2024-07-14T09:07:01.719+0000] {taskinstance.py:430} INFO - ::endgroup::
[2024-07-14T09:07:02.172+0000] {python.py:237} INFO - Done. Returned value was: None
[2024-07-14T09:07:02.174+0000] {taskinstance.py:441} INFO - ::group::Post task execution logs
[2024-07-14T09:07:02.186+0000] {taskinstance.py:1206} INFO - Marking task as SUCCESS. dag_id=fetch_spread_values, task_id=fetch_and_compute_spread_btc_mxn, run_id=scheduled__2024-07-14T09:06:00+00:00, execution_date=20240714T090600, start_date=20240714T090701, end_date=20240714T090702
[2024-07-14T09:07:02.241+0000] {local_task_job_runner.py:240} INFO - Task exited with return code 0
[2024-07-14T09:07:02.252+0000] {taskinstance.py:3503} INFO - 0 downstream tasks scheduled from follow-on schedule check
[2024-07-14T09:07:02.253+0000] {local_task_job_runner.py:222} INFO - ::endgroup::
[2024-07-14T20:36:21.671+0000] {local_task_job_runner.py:120} INFO - ::group::Pre task execution logs
[2024-07-14T20:36:21.696+0000] {taskinstance.py:2076} INFO - Dependencies all met for dep_context=non-requeueable deps ti=<TaskInstance: fetch_spread_values.fetch_and_compute_spread_btc_mxn scheduled__2024-07-14T09:06:00+00:00 [queued]>
[2024-07-14T20:36:21.704+0000] {taskinstance.py:2076} INFO - Dependencies all met for dep_context=requeueable deps ti=<TaskInstance: fetch_spread_values.fetch_and_compute_spread_btc_mxn scheduled__2024-07-14T09:06:00+00:00 [queued]>
[2024-07-14T20:36:21.704+0000] {taskinstance.py:2306} INFO - Starting attempt 1 of 2
[2024-07-14T20:36:21.712+0000] {taskinstance.py:2330} INFO - Executing <Task(PythonOperator): fetch_and_compute_spread_btc_mxn> on 2024-07-14 09:06:00+00:00
[2024-07-14T20:36:21.718+0000] {standard_task_runner.py:90} INFO - Running: ['***', 'tasks', 'run', 'fetch_spread_values', 'fetch_and_compute_spread_btc_mxn', 'scheduled__2024-07-14T09:06:00+00:00', '--job-id', '1220', '--raw', '--subdir', 'DAGS_FOLDER/***.py', '--cfg-path', '/tmp/tmps49guy41']
[2024-07-14T20:36:21.721+0000] {logging_mixin.py:188} WARNING - /home/***/.local/lib/python3.12/site-packages/***/task/task_runner/standard_task_runner.py:61 DeprecationWarning: This process (pid=2657) is multi-threaded, use of fork() may lead to deadlocks in the child.
[2024-07-14T20:36:21.724+0000] {standard_task_runner.py:63} INFO - Started process 2662 to run task
[2024-07-14T20:36:21.722+0000] {standard_task_runner.py:91} INFO - Job 1220: Subtask fetch_and_compute_spread_btc_mxn
[2024-07-14T20:36:21.784+0000] {task_command.py:426} INFO - Running <TaskInstance: fetch_spread_values.fetch_and_compute_spread_btc_mxn scheduled__2024-07-14T09:06:00+00:00 [running]> on host 77caf7e4b282
[2024-07-14T20:36:21.877+0000] {taskinstance.py:2648} INFO - Exporting env vars: AIRFLOW_CTX_DAG_OWNER='***' AIRFLOW_CTX_DAG_ID='fetch_spread_values' AIRFLOW_CTX_TASK_ID='fetch_and_compute_spread_btc_mxn' AIRFLOW_CTX_EXECUTION_DATE='2024-07-14T09:06:00+00:00' AIRFLOW_CTX_TRY_NUMBER='1' AIRFLOW_CTX_DAG_RUN_ID='scheduled__2024-07-14T09:06:00+00:00'
[2024-07-14T20:36:21.878+0000] {taskinstance.py:430} INFO - ::endgroup::
[2024-07-14T20:36:22.071+0000] {python.py:237} INFO - Done. Returned value was: None
[2024-07-14T20:36:22.072+0000] {taskinstance.py:441} INFO - ::group::Post task execution logs
[2024-07-14T20:36:22.078+0000] {taskinstance.py:1206} INFO - Marking task as SUCCESS. dag_id=fetch_spread_values, task_id=fetch_and_compute_spread_btc_mxn, run_id=scheduled__2024-07-14T09:06:00+00:00, execution_date=20240714T090600, start_date=20240714T203621, end_date=20240714T203622
[2024-07-14T20:36:22.114+0000] {local_task_job_runner.py:240} INFO - Task exited with return code 0
[2024-07-14T20:36:22.125+0000] {taskinstance.py:3503} INFO - 0 downstream tasks scheduled from follow-on schedule check
[2024-07-14T20:36:22.126+0000] {local_task_job_runner.py:222} INFO - ::endgroup::
