[2024-07-14T17:27:05.253+0000] {local_task_job_runner.py:120} INFO - ::group::Pre task execution logs
[2024-07-14T17:27:05.285+0000] {taskinstance.py:2076} INFO - Dependencies all met for dep_context=non-requeueable deps ti=<TaskInstance: fetch_spread_values.fetch_and_compute_spread_btc_mxn scheduled__2024-07-14T17:22:00+00:00 [queued]>
[2024-07-14T17:27:05.295+0000] {taskinstance.py:2076} INFO - Dependencies all met for dep_context=requeueable deps ti=<TaskInstance: fetch_spread_values.fetch_and_compute_spread_btc_mxn scheduled__2024-07-14T17:22:00+00:00 [queued]>
[2024-07-14T17:27:05.296+0000] {taskinstance.py:2306} INFO - Starting attempt 1 of 2
[2024-07-14T17:27:05.319+0000] {taskinstance.py:2330} INFO - Executing <Task(PythonOperator): fetch_and_compute_spread_btc_mxn> on 2024-07-14 17:22:00+00:00
[2024-07-14T17:27:05.325+0000] {warnings.py:112} WARNING - /home/***/.local/lib/python3.12/site-packages/***/task/task_runner/standard_task_runner.py:61: DeprecationWarning: This process (pid=7397) is multi-threaded, use of fork() may lead to deadlocks in the child.
  pid = os.fork()

[2024-07-14T17:27:05.329+0000] {standard_task_runner.py:63} INFO - Started process 7426 to run task
[2024-07-14T17:27:05.329+0000] {standard_task_runner.py:90} INFO - Running: ['***', 'tasks', 'run', 'fetch_spread_values', 'fetch_and_compute_spread_btc_mxn', 'scheduled__2024-07-14T17:22:00+00:00', '--job-id', '2230', '--raw', '--subdir', 'DAGS_FOLDER/***.py', '--cfg-path', '/tmp/tmpm_x0l9lb']
[2024-07-14T17:27:05.334+0000] {standard_task_runner.py:91} INFO - Job 2230: Subtask fetch_and_compute_spread_btc_mxn
[2024-07-14T17:27:05.436+0000] {task_command.py:426} INFO - Running <TaskInstance: fetch_spread_values.fetch_and_compute_spread_btc_mxn scheduled__2024-07-14T17:22:00+00:00 [running]> on host d537c34a4880
[2024-07-14T17:27:05.567+0000] {taskinstance.py:2648} INFO - Exporting env vars: AIRFLOW_CTX_DAG_OWNER='***' AIRFLOW_CTX_DAG_ID='fetch_spread_values' AIRFLOW_CTX_TASK_ID='fetch_and_compute_spread_btc_mxn' AIRFLOW_CTX_EXECUTION_DATE='2024-07-14T17:22:00+00:00' AIRFLOW_CTX_TRY_NUMBER='1' AIRFLOW_CTX_DAG_RUN_ID='scheduled__2024-07-14T17:22:00+00:00'
[2024-07-14T17:27:05.570+0000] {taskinstance.py:430} INFO - ::endgroup::
[2024-07-14T17:27:05.760+0000] {python.py:237} INFO - Done. Returned value was: None
[2024-07-14T17:27:05.764+0000] {taskinstance.py:441} INFO - ::group::Post task execution logs
[2024-07-14T17:27:05.772+0000] {taskinstance.py:1206} INFO - Marking task as SUCCESS. dag_id=fetch_spread_values, task_id=fetch_and_compute_spread_btc_mxn, run_id=scheduled__2024-07-14T17:22:00+00:00, execution_date=20240714T172200, start_date=20240714T172705, end_date=20240714T172705
[2024-07-14T17:27:05.787+0000] {local_task_job_runner.py:240} INFO - Task exited with return code 0
[2024-07-14T17:27:05.812+0000] {taskinstance.py:3503} INFO - 0 downstream tasks scheduled from follow-on schedule check
[2024-07-14T17:27:05.815+0000] {local_task_job_runner.py:222} INFO - ::endgroup::
[2024-07-14T20:39:25.323+0000] {local_task_job_runner.py:120} INFO - ::group::Pre task execution logs
[2024-07-14T20:39:25.374+0000] {taskinstance.py:2076} INFO - Dependencies all met for dep_context=non-requeueable deps ti=<TaskInstance: fetch_spread_values.fetch_and_compute_spread_btc_mxn scheduled__2024-07-14T17:22:00+00:00 [queued]>
[2024-07-14T20:39:25.388+0000] {taskinstance.py:2076} INFO - Dependencies all met for dep_context=requeueable deps ti=<TaskInstance: fetch_spread_values.fetch_and_compute_spread_btc_mxn scheduled__2024-07-14T17:22:00+00:00 [queued]>
[2024-07-14T20:39:25.391+0000] {taskinstance.py:2306} INFO - Starting attempt 1 of 2
[2024-07-14T20:39:25.403+0000] {taskinstance.py:2330} INFO - Executing <Task(PythonOperator): fetch_and_compute_spread_btc_mxn> on 2024-07-14 17:22:00+00:00
[2024-07-14T20:39:25.410+0000] {logging_mixin.py:188} WARNING - /home/***/.local/lib/python3.12/site-packages/***/task/task_runner/standard_task_runner.py:61 DeprecationWarning: This process (pid=4671) is multi-threaded, use of fork() may lead to deadlocks in the child.
[2024-07-14T20:39:25.417+0000] {standard_task_runner.py:63} INFO - Started process 4680 to run task
[2024-07-14T20:39:25.436+0000] {standard_task_runner.py:90} INFO - Running: ['***', 'tasks', 'run', 'fetch_spread_values', 'fetch_and_compute_spread_btc_mxn', 'scheduled__2024-07-14T17:22:00+00:00', '--job-id', '2212', '--raw', '--subdir', 'DAGS_FOLDER/***.py', '--cfg-path', '/tmp/tmp6gqw_r92']
[2024-07-14T20:39:25.444+0000] {standard_task_runner.py:91} INFO - Job 2212: Subtask fetch_and_compute_spread_btc_mxn
[2024-07-14T20:39:25.543+0000] {task_command.py:426} INFO - Running <TaskInstance: fetch_spread_values.fetch_and_compute_spread_btc_mxn scheduled__2024-07-14T17:22:00+00:00 [running]> on host 77caf7e4b282
[2024-07-14T20:39:25.636+0000] {taskinstance.py:2648} INFO - Exporting env vars: AIRFLOW_CTX_DAG_OWNER='***' AIRFLOW_CTX_DAG_ID='fetch_spread_values' AIRFLOW_CTX_TASK_ID='fetch_and_compute_spread_btc_mxn' AIRFLOW_CTX_EXECUTION_DATE='2024-07-14T17:22:00+00:00' AIRFLOW_CTX_TRY_NUMBER='1' AIRFLOW_CTX_DAG_RUN_ID='scheduled__2024-07-14T17:22:00+00:00'
[2024-07-14T20:39:25.639+0000] {taskinstance.py:430} INFO - ::endgroup::
[2024-07-14T20:39:25.841+0000] {python.py:237} INFO - Done. Returned value was: None
[2024-07-14T20:39:25.842+0000] {taskinstance.py:441} INFO - ::group::Post task execution logs
[2024-07-14T20:39:25.848+0000] {taskinstance.py:1206} INFO - Marking task as SUCCESS. dag_id=fetch_spread_values, task_id=fetch_and_compute_spread_btc_mxn, run_id=scheduled__2024-07-14T17:22:00+00:00, execution_date=20240714T172200, start_date=20240714T203925, end_date=20240714T203925
[2024-07-14T20:39:25.889+0000] {local_task_job_runner.py:240} INFO - Task exited with return code 0
[2024-07-14T20:39:25.899+0000] {taskinstance.py:3503} INFO - 0 downstream tasks scheduled from follow-on schedule check
[2024-07-14T20:39:25.900+0000] {local_task_job_runner.py:222} INFO - ::endgroup::
