[2024-07-14T14:30:44.633+0000] {local_task_job_runner.py:120} INFO - ::group::Pre task execution logs
[2024-07-14T14:30:44.648+0000] {taskinstance.py:2076} INFO - Dependencies all met for dep_context=non-requeueable deps ti=<TaskInstance: fetch_spread_values.fetch_and_compute_spread_usd_mxn scheduled__2024-07-14T14:27:00+00:00 [queued]>
[2024-07-14T14:30:44.655+0000] {taskinstance.py:2076} INFO - Dependencies all met for dep_context=requeueable deps ti=<TaskInstance: fetch_spread_values.fetch_and_compute_spread_usd_mxn scheduled__2024-07-14T14:27:00+00:00 [queued]>
[2024-07-14T14:30:44.656+0000] {taskinstance.py:2306} INFO - Starting attempt 1 of 2
[2024-07-14T14:30:44.667+0000] {taskinstance.py:2330} INFO - Executing <Task(PythonOperator): fetch_and_compute_spread_usd_mxn> on 2024-07-14 14:27:00+00:00
[2024-07-14T14:30:44.671+0000] {warnings.py:112} WARNING - /home/***/.local/lib/python3.12/site-packages/***/task/task_runner/standard_task_runner.py:61: DeprecationWarning: This process (pid=6170) is multi-threaded, use of fork() may lead to deadlocks in the child.
  pid = os.fork()

[2024-07-14T14:30:44.674+0000] {standard_task_runner.py:63} INFO - Started process 6195 to run task
[2024-07-14T14:30:44.673+0000] {standard_task_runner.py:90} INFO - Running: ['***', 'tasks', 'run', 'fetch_spread_values', 'fetch_and_compute_spread_usd_mxn', 'scheduled__2024-07-14T14:27:00+00:00', '--job-id', '1860', '--raw', '--subdir', 'DAGS_FOLDER/***.py', '--cfg-path', '/tmp/tmp1u18bpq2']
[2024-07-14T14:30:44.678+0000] {standard_task_runner.py:91} INFO - Job 1860: Subtask fetch_and_compute_spread_usd_mxn
[2024-07-14T14:30:44.713+0000] {task_command.py:426} INFO - Running <TaskInstance: fetch_spread_values.fetch_and_compute_spread_usd_mxn scheduled__2024-07-14T14:27:00+00:00 [running]> on host d537c34a4880
[2024-07-14T14:30:44.836+0000] {taskinstance.py:2648} INFO - Exporting env vars: AIRFLOW_CTX_DAG_OWNER='***' AIRFLOW_CTX_DAG_ID='fetch_spread_values' AIRFLOW_CTX_TASK_ID='fetch_and_compute_spread_usd_mxn' AIRFLOW_CTX_EXECUTION_DATE='2024-07-14T14:27:00+00:00' AIRFLOW_CTX_TRY_NUMBER='1' AIRFLOW_CTX_DAG_RUN_ID='scheduled__2024-07-14T14:27:00+00:00'
[2024-07-14T14:30:44.844+0000] {taskinstance.py:430} INFO - ::endgroup::
[2024-07-14T14:30:45.014+0000] {python.py:237} INFO - Done. Returned value was: None
[2024-07-14T14:30:45.015+0000] {taskinstance.py:441} INFO - ::group::Post task execution logs
[2024-07-14T14:30:45.021+0000] {taskinstance.py:1206} INFO - Marking task as SUCCESS. dag_id=fetch_spread_values, task_id=fetch_and_compute_spread_usd_mxn, run_id=scheduled__2024-07-14T14:27:00+00:00, execution_date=20240714T142700, start_date=20240714T143044, end_date=20240714T143045
[2024-07-14T14:30:45.062+0000] {local_task_job_runner.py:240} INFO - Task exited with return code 0
[2024-07-14T14:30:45.075+0000] {taskinstance.py:3503} INFO - 0 downstream tasks scheduled from follow-on schedule check
[2024-07-14T14:30:45.078+0000] {local_task_job_runner.py:222} INFO - ::endgroup::
[2024-07-14T20:38:19.283+0000] {local_task_job_runner.py:120} INFO - ::group::Pre task execution logs
[2024-07-14T20:38:19.310+0000] {taskinstance.py:2076} INFO - Dependencies all met for dep_context=non-requeueable deps ti=<TaskInstance: fetch_spread_values.fetch_and_compute_spread_usd_mxn scheduled__2024-07-14T14:27:00+00:00 [queued]>
[2024-07-14T20:38:19.317+0000] {taskinstance.py:2076} INFO - Dependencies all met for dep_context=requeueable deps ti=<TaskInstance: fetch_spread_values.fetch_and_compute_spread_usd_mxn scheduled__2024-07-14T14:27:00+00:00 [queued]>
[2024-07-14T20:38:19.317+0000] {taskinstance.py:2306} INFO - Starting attempt 1 of 2
[2024-07-14T20:38:19.334+0000] {taskinstance.py:2330} INFO - Executing <Task(PythonOperator): fetch_and_compute_spread_usd_mxn> on 2024-07-14 14:27:00+00:00
[2024-07-14T20:38:19.342+0000] {logging_mixin.py:188} WARNING - /home/***/.local/lib/python3.12/site-packages/***/task/task_runner/standard_task_runner.py:61 DeprecationWarning: This process (pid=3965) is multi-threaded, use of fork() may lead to deadlocks in the child.
[2024-07-14T20:38:19.346+0000] {standard_task_runner.py:90} INFO - Running: ['***', 'tasks', 'run', 'fetch_spread_values', 'fetch_and_compute_spread_usd_mxn', 'scheduled__2024-07-14T14:27:00+00:00', '--job-id', '1865', '--raw', '--subdir', 'DAGS_FOLDER/***.py', '--cfg-path', '/tmp/tmpmf7vkbxb']
[2024-07-14T20:38:19.349+0000] {standard_task_runner.py:91} INFO - Job 1865: Subtask fetch_and_compute_spread_usd_mxn
[2024-07-14T20:38:19.348+0000] {standard_task_runner.py:63} INFO - Started process 3978 to run task
[2024-07-14T20:38:19.415+0000] {task_command.py:426} INFO - Running <TaskInstance: fetch_spread_values.fetch_and_compute_spread_usd_mxn scheduled__2024-07-14T14:27:00+00:00 [running]> on host 77caf7e4b282
[2024-07-14T20:38:19.524+0000] {taskinstance.py:2648} INFO - Exporting env vars: AIRFLOW_CTX_DAG_OWNER='***' AIRFLOW_CTX_DAG_ID='fetch_spread_values' AIRFLOW_CTX_TASK_ID='fetch_and_compute_spread_usd_mxn' AIRFLOW_CTX_EXECUTION_DATE='2024-07-14T14:27:00+00:00' AIRFLOW_CTX_TRY_NUMBER='1' AIRFLOW_CTX_DAG_RUN_ID='scheduled__2024-07-14T14:27:00+00:00'
[2024-07-14T20:38:19.525+0000] {taskinstance.py:430} INFO - ::endgroup::
[2024-07-14T20:38:19.759+0000] {python.py:237} INFO - Done. Returned value was: None
[2024-07-14T20:38:19.761+0000] {taskinstance.py:441} INFO - ::group::Post task execution logs
[2024-07-14T20:38:19.780+0000] {taskinstance.py:1206} INFO - Marking task as SUCCESS. dag_id=fetch_spread_values, task_id=fetch_and_compute_spread_usd_mxn, run_id=scheduled__2024-07-14T14:27:00+00:00, execution_date=20240714T142700, start_date=20240714T203819, end_date=20240714T203819
[2024-07-14T20:38:19.832+0000] {local_task_job_runner.py:240} INFO - Task exited with return code 0
[2024-07-14T20:38:19.844+0000] {taskinstance.py:3503} INFO - 0 downstream tasks scheduled from follow-on schedule check
[2024-07-14T20:38:19.847+0000] {local_task_job_runner.py:222} INFO - ::endgroup::
