[2024-07-14T09:04:52.117+0000] {local_task_job_runner.py:120} INFO - ::group::Pre task execution logs
[2024-07-14T09:04:52.186+0000] {taskinstance.py:2076} INFO - Dependencies all met for dep_context=non-requeueable deps ti=<TaskInstance: fetch_spread_values.fetch_and_compute_spread_usd_mxn scheduled__2024-07-14T08:44:00+00:00 [queued]>
[2024-07-14T09:04:52.196+0000] {taskinstance.py:2076} INFO - Dependencies all met for dep_context=requeueable deps ti=<TaskInstance: fetch_spread_values.fetch_and_compute_spread_usd_mxn scheduled__2024-07-14T08:44:00+00:00 [queued]>
[2024-07-14T09:04:52.209+0000] {taskinstance.py:2306} INFO - Starting attempt 1 of 2
[2024-07-14T09:04:52.266+0000] {taskinstance.py:2330} INFO - Executing <Task(PythonOperator): fetch_and_compute_spread_usd_mxn> on 2024-07-14 08:44:00+00:00
[2024-07-14T09:04:52.280+0000] {warnings.py:112} WARNING - /home/***/.local/lib/python3.12/site-packages/***/task/task_runner/standard_task_runner.py:61: DeprecationWarning: This process (pid=3340) is multi-threaded, use of fork() may lead to deadlocks in the child.
  pid = os.fork()

[2024-07-14T09:04:52.286+0000] {standard_task_runner.py:63} INFO - Started process 3369 to run task
[2024-07-14T09:04:52.285+0000] {standard_task_runner.py:90} INFO - Running: ['***', 'tasks', 'run', 'fetch_spread_values', 'fetch_and_compute_spread_usd_mxn', 'scheduled__2024-07-14T08:44:00+00:00', '--job-id', '1077', '--raw', '--subdir', 'DAGS_FOLDER/***.py', '--cfg-path', '/tmp/tmpvbq2dmrz']
[2024-07-14T09:04:52.313+0000] {standard_task_runner.py:91} INFO - Job 1077: Subtask fetch_and_compute_spread_usd_mxn
[2024-07-14T09:04:52.424+0000] {task_command.py:426} INFO - Running <TaskInstance: fetch_spread_values.fetch_and_compute_spread_usd_mxn scheduled__2024-07-14T08:44:00+00:00 [running]> on host d537c34a4880
[2024-07-14T09:04:52.573+0000] {taskinstance.py:2648} INFO - Exporting env vars: AIRFLOW_CTX_DAG_OWNER='***' AIRFLOW_CTX_DAG_ID='fetch_spread_values' AIRFLOW_CTX_TASK_ID='fetch_and_compute_spread_usd_mxn' AIRFLOW_CTX_EXECUTION_DATE='2024-07-14T08:44:00+00:00' AIRFLOW_CTX_TRY_NUMBER='1' AIRFLOW_CTX_DAG_RUN_ID='scheduled__2024-07-14T08:44:00+00:00'
[2024-07-14T09:04:52.583+0000] {taskinstance.py:430} INFO - ::endgroup::
[2024-07-14T09:04:52.769+0000] {python.py:237} INFO - Done. Returned value was: None
[2024-07-14T09:04:52.770+0000] {taskinstance.py:441} INFO - ::group::Post task execution logs
[2024-07-14T09:04:52.780+0000] {taskinstance.py:1206} INFO - Marking task as SUCCESS. dag_id=fetch_spread_values, task_id=fetch_and_compute_spread_usd_mxn, run_id=scheduled__2024-07-14T08:44:00+00:00, execution_date=20240714T084400, start_date=20240714T090452, end_date=20240714T090452
[2024-07-14T09:04:52.812+0000] {local_task_job_runner.py:240} INFO - Task exited with return code 0
[2024-07-14T09:04:52.847+0000] {taskinstance.py:3503} INFO - 0 downstream tasks scheduled from follow-on schedule check
[2024-07-14T09:04:52.848+0000] {local_task_job_runner.py:222} INFO - ::endgroup::
[2024-07-14T20:36:14.386+0000] {local_task_job_runner.py:120} INFO - ::group::Pre task execution logs
[2024-07-14T20:36:14.408+0000] {taskinstance.py:2076} INFO - Dependencies all met for dep_context=non-requeueable deps ti=<TaskInstance: fetch_spread_values.fetch_and_compute_spread_usd_mxn scheduled__2024-07-14T08:44:00+00:00 [queued]>
[2024-07-14T20:36:14.417+0000] {taskinstance.py:2076} INFO - Dependencies all met for dep_context=requeueable deps ti=<TaskInstance: fetch_spread_values.fetch_and_compute_spread_usd_mxn scheduled__2024-07-14T08:44:00+00:00 [queued]>
[2024-07-14T20:36:14.420+0000] {taskinstance.py:2306} INFO - Starting attempt 1 of 2
[2024-07-14T20:36:14.439+0000] {taskinstance.py:2330} INFO - Executing <Task(PythonOperator): fetch_and_compute_spread_usd_mxn> on 2024-07-14 08:44:00+00:00
[2024-07-14T20:36:14.445+0000] {standard_task_runner.py:90} INFO - Running: ['***', 'tasks', 'run', 'fetch_spread_values', 'fetch_and_compute_spread_usd_mxn', 'scheduled__2024-07-14T08:44:00+00:00', '--job-id', '1176', '--raw', '--subdir', 'DAGS_FOLDER/***.py', '--cfg-path', '/tmp/tmp8bp09dtz']
[2024-07-14T20:36:14.443+0000] {logging_mixin.py:188} WARNING - /home/***/.local/lib/python3.12/site-packages/***/task/task_runner/standard_task_runner.py:61 DeprecationWarning: This process (pid=2565) is multi-threaded, use of fork() may lead to deadlocks in the child.
[2024-07-14T20:36:14.448+0000] {standard_task_runner.py:63} INFO - Started process 2575 to run task
[2024-07-14T20:36:14.447+0000] {standard_task_runner.py:91} INFO - Job 1176: Subtask fetch_and_compute_spread_usd_mxn
[2024-07-14T20:36:14.504+0000] {task_command.py:426} INFO - Running <TaskInstance: fetch_spread_values.fetch_and_compute_spread_usd_mxn scheduled__2024-07-14T08:44:00+00:00 [running]> on host 77caf7e4b282
[2024-07-14T20:36:14.618+0000] {taskinstance.py:2648} INFO - Exporting env vars: AIRFLOW_CTX_DAG_OWNER='***' AIRFLOW_CTX_DAG_ID='fetch_spread_values' AIRFLOW_CTX_TASK_ID='fetch_and_compute_spread_usd_mxn' AIRFLOW_CTX_EXECUTION_DATE='2024-07-14T08:44:00+00:00' AIRFLOW_CTX_TRY_NUMBER='1' AIRFLOW_CTX_DAG_RUN_ID='scheduled__2024-07-14T08:44:00+00:00'
[2024-07-14T20:36:14.624+0000] {taskinstance.py:430} INFO - ::endgroup::
[2024-07-14T20:36:14.841+0000] {python.py:237} INFO - Done. Returned value was: None
[2024-07-14T20:36:14.842+0000] {taskinstance.py:441} INFO - ::group::Post task execution logs
[2024-07-14T20:36:14.848+0000] {taskinstance.py:1206} INFO - Marking task as SUCCESS. dag_id=fetch_spread_values, task_id=fetch_and_compute_spread_usd_mxn, run_id=scheduled__2024-07-14T08:44:00+00:00, execution_date=20240714T084400, start_date=20240714T203614, end_date=20240714T203614
[2024-07-14T20:36:14.881+0000] {local_task_job_runner.py:240} INFO - Task exited with return code 0
[2024-07-14T20:36:14.895+0000] {taskinstance.py:3503} INFO - 0 downstream tasks scheduled from follow-on schedule check
[2024-07-14T20:36:14.896+0000] {local_task_job_runner.py:222} INFO - ::endgroup::
