[2024-07-14T13:31:20.135+0000] {local_task_job_runner.py:120} INFO - ::group::Pre task execution logs
[2024-07-14T13:31:20.227+0000] {taskinstance.py:2076} INFO - Dependencies all met for dep_context=non-requeueable deps ti=<TaskInstance: fetch_spread_values.fetch_and_compute_spread_usd_mxn scheduled__2024-07-14T13:17:00+00:00 [queued]>
[2024-07-14T13:31:20.271+0000] {taskinstance.py:2076} INFO - Dependencies all met for dep_context=requeueable deps ti=<TaskInstance: fetch_spread_values.fetch_and_compute_spread_usd_mxn scheduled__2024-07-14T13:17:00+00:00 [queued]>
[2024-07-14T13:31:20.282+0000] {taskinstance.py:2306} INFO - Starting attempt 1 of 2
[2024-07-14T13:31:20.474+0000] {taskinstance.py:2330} INFO - Executing <Task(PythonOperator): fetch_and_compute_spread_usd_mxn> on 2024-07-14 13:17:00+00:00
[2024-07-14T13:31:20.525+0000] {warnings.py:112} WARNING - /home/***/.local/lib/python3.12/site-packages/***/task/task_runner/standard_task_runner.py:61: DeprecationWarning: This process (pid=5683) is multi-threaded, use of fork() may lead to deadlocks in the child.
  pid = os.fork()

[2024-07-14T13:31:20.550+0000] {standard_task_runner.py:63} INFO - Started process 5720 to run task
[2024-07-14T13:31:20.571+0000] {standard_task_runner.py:90} INFO - Running: ['***', 'tasks', 'run', 'fetch_spread_values', 'fetch_and_compute_spread_usd_mxn', 'scheduled__2024-07-14T13:17:00+00:00', '--job-id', '1710', '--raw', '--subdir', 'DAGS_FOLDER/***.py', '--cfg-path', '/tmp/tmp4krdvytl']
[2024-07-14T13:31:20.600+0000] {standard_task_runner.py:91} INFO - Job 1710: Subtask fetch_and_compute_spread_usd_mxn
[2024-07-14T13:31:20.778+0000] {task_command.py:426} INFO - Running <TaskInstance: fetch_spread_values.fetch_and_compute_spread_usd_mxn scheduled__2024-07-14T13:17:00+00:00 [running]> on host d537c34a4880
[2024-07-14T13:31:21.188+0000] {taskinstance.py:2648} INFO - Exporting env vars: AIRFLOW_CTX_DAG_OWNER='***' AIRFLOW_CTX_DAG_ID='fetch_spread_values' AIRFLOW_CTX_TASK_ID='fetch_and_compute_spread_usd_mxn' AIRFLOW_CTX_EXECUTION_DATE='2024-07-14T13:17:00+00:00' AIRFLOW_CTX_TRY_NUMBER='1' AIRFLOW_CTX_DAG_RUN_ID='scheduled__2024-07-14T13:17:00+00:00'
[2024-07-14T13:31:21.200+0000] {taskinstance.py:430} INFO - ::endgroup::
[2024-07-14T13:31:21.867+0000] {python.py:237} INFO - Done. Returned value was: None
[2024-07-14T13:31:21.877+0000] {taskinstance.py:441} INFO - ::group::Post task execution logs
[2024-07-14T13:31:21.902+0000] {taskinstance.py:1206} INFO - Marking task as SUCCESS. dag_id=fetch_spread_values, task_id=fetch_and_compute_spread_usd_mxn, run_id=scheduled__2024-07-14T13:17:00+00:00, execution_date=20240714T131700, start_date=20240714T133120, end_date=20240714T133121
[2024-07-14T13:31:22.004+0000] {local_task_job_runner.py:240} INFO - Task exited with return code 0
[2024-07-14T13:31:22.090+0000] {taskinstance.py:3503} INFO - 0 downstream tasks scheduled from follow-on schedule check
[2024-07-14T13:31:22.111+0000] {local_task_job_runner.py:222} INFO - ::endgroup::
[2024-07-14T20:37:55.219+0000] {local_task_job_runner.py:120} INFO - ::group::Pre task execution logs
[2024-07-14T20:37:55.244+0000] {taskinstance.py:2076} INFO - Dependencies all met for dep_context=non-requeueable deps ti=<TaskInstance: fetch_spread_values.fetch_and_compute_spread_usd_mxn scheduled__2024-07-14T13:17:00+00:00 [queued]>
[2024-07-14T20:37:55.249+0000] {taskinstance.py:2076} INFO - Dependencies all met for dep_context=requeueable deps ti=<TaskInstance: fetch_spread_values.fetch_and_compute_spread_usd_mxn scheduled__2024-07-14T13:17:00+00:00 [queued]>
[2024-07-14T20:37:55.250+0000] {taskinstance.py:2306} INFO - Starting attempt 1 of 2
[2024-07-14T20:37:55.266+0000] {taskinstance.py:2330} INFO - Executing <Task(PythonOperator): fetch_and_compute_spread_usd_mxn> on 2024-07-14 13:17:00+00:00
[2024-07-14T20:37:55.271+0000] {logging_mixin.py:188} WARNING - /home/***/.local/lib/python3.12/site-packages/***/task/task_runner/standard_task_runner.py:61 DeprecationWarning: This process (pid=3678) is multi-threaded, use of fork() may lead to deadlocks in the child.
[2024-07-14T20:37:55.274+0000] {standard_task_runner.py:63} INFO - Started process 3687 to run task
[2024-07-14T20:37:55.273+0000] {standard_task_runner.py:90} INFO - Running: ['***', 'tasks', 'run', 'fetch_spread_values', 'fetch_and_compute_spread_usd_mxn', 'scheduled__2024-07-14T13:17:00+00:00', '--job-id', '1723', '--raw', '--subdir', 'DAGS_FOLDER/***.py', '--cfg-path', '/tmp/tmpdfxjuv_0']
[2024-07-14T20:37:55.279+0000] {standard_task_runner.py:91} INFO - Job 1723: Subtask fetch_and_compute_spread_usd_mxn
[2024-07-14T20:37:55.337+0000] {task_command.py:426} INFO - Running <TaskInstance: fetch_spread_values.fetch_and_compute_spread_usd_mxn scheduled__2024-07-14T13:17:00+00:00 [running]> on host 77caf7e4b282
[2024-07-14T20:37:55.458+0000] {taskinstance.py:2648} INFO - Exporting env vars: AIRFLOW_CTX_DAG_OWNER='***' AIRFLOW_CTX_DAG_ID='fetch_spread_values' AIRFLOW_CTX_TASK_ID='fetch_and_compute_spread_usd_mxn' AIRFLOW_CTX_EXECUTION_DATE='2024-07-14T13:17:00+00:00' AIRFLOW_CTX_TRY_NUMBER='1' AIRFLOW_CTX_DAG_RUN_ID='scheduled__2024-07-14T13:17:00+00:00'
[2024-07-14T20:37:55.461+0000] {taskinstance.py:430} INFO - ::endgroup::
[2024-07-14T20:37:55.636+0000] {python.py:237} INFO - Done. Returned value was: None
[2024-07-14T20:37:55.637+0000] {taskinstance.py:441} INFO - ::group::Post task execution logs
[2024-07-14T20:37:55.642+0000] {taskinstance.py:1206} INFO - Marking task as SUCCESS. dag_id=fetch_spread_values, task_id=fetch_and_compute_spread_usd_mxn, run_id=scheduled__2024-07-14T13:17:00+00:00, execution_date=20240714T131700, start_date=20240714T203755, end_date=20240714T203755
[2024-07-14T20:37:55.665+0000] {local_task_job_runner.py:240} INFO - Task exited with return code 0
[2024-07-14T20:37:55.674+0000] {taskinstance.py:3503} INFO - 0 downstream tasks scheduled from follow-on schedule check
[2024-07-14T20:37:55.675+0000] {local_task_job_runner.py:222} INFO - ::endgroup::
