[2024-07-14T09:00:42.202+0000] {local_task_job_runner.py:120} INFO - ::group::Pre task execution logs
[2024-07-14T09:00:42.237+0000] {taskinstance.py:2076} INFO - Dependencies all met for dep_context=non-requeueable deps ti=<TaskInstance: fetch_spread_values.fetch_and_compute_spread_btc_mxn scheduled__2024-07-14T04:06:00+00:00 [queued]>
[2024-07-14T09:00:42.251+0000] {taskinstance.py:2076} INFO - Dependencies all met for dep_context=requeueable deps ti=<TaskInstance: fetch_spread_values.fetch_and_compute_spread_btc_mxn scheduled__2024-07-14T04:06:00+00:00 [queued]>
[2024-07-14T09:00:42.252+0000] {taskinstance.py:2306} INFO - Starting attempt 1 of 2
[2024-07-14T09:00:42.284+0000] {taskinstance.py:2330} INFO - Executing <Task(PythonOperator): fetch_and_compute_spread_btc_mxn> on 2024-07-14 04:06:00+00:00
[2024-07-14T09:00:42.289+0000] {warnings.py:112} WARNING - /home/***/.local/lib/python3.12/site-packages/***/task/task_runner/standard_task_runner.py:61: DeprecationWarning: This process (pid=1632) is multi-threaded, use of fork() may lead to deadlocks in the child.
  pid = os.fork()

[2024-07-14T09:00:42.294+0000] {standard_task_runner.py:63} INFO - Started process 1665 to run task
[2024-07-14T09:00:42.291+0000] {standard_task_runner.py:90} INFO - Running: ['***', 'tasks', 'run', 'fetch_spread_values', 'fetch_and_compute_spread_btc_mxn', 'scheduled__2024-07-14T04:06:00+00:00', '--job-id', '523', '--raw', '--subdir', 'DAGS_FOLDER/***.py', '--cfg-path', '/tmp/tmpjnj2ci30']
[2024-07-14T09:00:42.308+0000] {standard_task_runner.py:91} INFO - Job 523: Subtask fetch_and_compute_spread_btc_mxn
[2024-07-14T09:00:42.468+0000] {task_command.py:426} INFO - Running <TaskInstance: fetch_spread_values.fetch_and_compute_spread_btc_mxn scheduled__2024-07-14T04:06:00+00:00 [running]> on host d537c34a4880
[2024-07-14T09:00:43.043+0000] {taskinstance.py:2648} INFO - Exporting env vars: AIRFLOW_CTX_DAG_OWNER='***' AIRFLOW_CTX_DAG_ID='fetch_spread_values' AIRFLOW_CTX_TASK_ID='fetch_and_compute_spread_btc_mxn' AIRFLOW_CTX_EXECUTION_DATE='2024-07-14T04:06:00+00:00' AIRFLOW_CTX_TRY_NUMBER='1' AIRFLOW_CTX_DAG_RUN_ID='scheduled__2024-07-14T04:06:00+00:00'
[2024-07-14T09:00:43.054+0000] {taskinstance.py:430} INFO - ::endgroup::
[2024-07-14T09:00:43.356+0000] {python.py:237} INFO - Done. Returned value was: None
[2024-07-14T09:00:43.364+0000] {taskinstance.py:441} INFO - ::group::Post task execution logs
[2024-07-14T09:00:43.383+0000] {taskinstance.py:1206} INFO - Marking task as SUCCESS. dag_id=fetch_spread_values, task_id=fetch_and_compute_spread_btc_mxn, run_id=scheduled__2024-07-14T04:06:00+00:00, execution_date=20240714T040600, start_date=20240714T090042, end_date=20240714T090043
[2024-07-14T09:00:43.452+0000] {local_task_job_runner.py:240} INFO - Task exited with return code 0
[2024-07-14T09:00:43.474+0000] {taskinstance.py:3503} INFO - 0 downstream tasks scheduled from follow-on schedule check
[2024-07-14T09:00:43.476+0000] {local_task_job_runner.py:222} INFO - ::endgroup::
[2024-07-14T20:33:54.112+0000] {local_task_job_runner.py:120} INFO - ::group::Pre task execution logs
[2024-07-14T20:33:54.163+0000] {taskinstance.py:2076} INFO - Dependencies all met for dep_context=non-requeueable deps ti=<TaskInstance: fetch_spread_values.fetch_and_compute_spread_btc_mxn scheduled__2024-07-14T04:06:00+00:00 [queued]>
[2024-07-14T20:33:54.176+0000] {taskinstance.py:2076} INFO - Dependencies all met for dep_context=requeueable deps ti=<TaskInstance: fetch_spread_values.fetch_and_compute_spread_btc_mxn scheduled__2024-07-14T04:06:00+00:00 [queued]>
[2024-07-14T20:33:54.177+0000] {taskinstance.py:2306} INFO - Starting attempt 1 of 2
[2024-07-14T20:33:54.199+0000] {taskinstance.py:2330} INFO - Executing <Task(PythonOperator): fetch_and_compute_spread_btc_mxn> on 2024-07-14 04:06:00+00:00
[2024-07-14T20:33:54.206+0000] {logging_mixin.py:188} WARNING - /home/***/.local/lib/python3.12/site-packages/***/task/task_runner/standard_task_runner.py:61 DeprecationWarning: This process (pid=1187) is multi-threaded, use of fork() may lead to deadlocks in the child.
[2024-07-14T20:33:54.212+0000] {standard_task_runner.py:63} INFO - Started process 1200 to run task
[2024-07-14T20:33:54.206+0000] {standard_task_runner.py:90} INFO - Running: ['***', 'tasks', 'run', 'fetch_spread_values', 'fetch_and_compute_spread_btc_mxn', 'scheduled__2024-07-14T04:06:00+00:00', '--job-id', '497', '--raw', '--subdir', 'DAGS_FOLDER/***.py', '--cfg-path', '/tmp/tmp2ayremox']
[2024-07-14T20:33:54.215+0000] {standard_task_runner.py:91} INFO - Job 497: Subtask fetch_and_compute_spread_btc_mxn
[2024-07-14T20:33:54.277+0000] {task_command.py:426} INFO - Running <TaskInstance: fetch_spread_values.fetch_and_compute_spread_btc_mxn scheduled__2024-07-14T04:06:00+00:00 [running]> on host 77caf7e4b282
[2024-07-14T20:33:54.421+0000] {taskinstance.py:2648} INFO - Exporting env vars: AIRFLOW_CTX_DAG_OWNER='***' AIRFLOW_CTX_DAG_ID='fetch_spread_values' AIRFLOW_CTX_TASK_ID='fetch_and_compute_spread_btc_mxn' AIRFLOW_CTX_EXECUTION_DATE='2024-07-14T04:06:00+00:00' AIRFLOW_CTX_TRY_NUMBER='1' AIRFLOW_CTX_DAG_RUN_ID='scheduled__2024-07-14T04:06:00+00:00'
[2024-07-14T20:33:54.422+0000] {taskinstance.py:430} INFO - ::endgroup::
[2024-07-14T20:33:54.651+0000] {python.py:237} INFO - Done. Returned value was: None
[2024-07-14T20:33:54.655+0000] {taskinstance.py:441} INFO - ::group::Post task execution logs
[2024-07-14T20:33:54.697+0000] {taskinstance.py:1206} INFO - Marking task as SUCCESS. dag_id=fetch_spread_values, task_id=fetch_and_compute_spread_btc_mxn, run_id=scheduled__2024-07-14T04:06:00+00:00, execution_date=20240714T040600, start_date=20240714T203354, end_date=20240714T203354
[2024-07-14T20:33:54.786+0000] {local_task_job_runner.py:240} INFO - Task exited with return code 0
[2024-07-14T20:33:54.807+0000] {local_task_job_runner.py:222} INFO - ::endgroup::
