[2024-07-14T16:51:07.245+0000] {local_task_job_runner.py:120} INFO - ::group::Pre task execution logs
[2024-07-14T16:51:07.276+0000] {taskinstance.py:2076} INFO - Dependencies all met for dep_context=non-requeueable deps ti=<TaskInstance: fetch_spread_values.fetch_and_compute_spread_usd_mxn scheduled__2024-07-14T16:47:00+00:00 [queued]>
[2024-07-14T16:51:07.307+0000] {taskinstance.py:2076} INFO - Dependencies all met for dep_context=requeueable deps ti=<TaskInstance: fetch_spread_values.fetch_and_compute_spread_usd_mxn scheduled__2024-07-14T16:47:00+00:00 [queued]>
[2024-07-14T16:51:07.312+0000] {taskinstance.py:2306} INFO - Starting attempt 1 of 2
[2024-07-14T16:51:07.334+0000] {taskinstance.py:2330} INFO - Executing <Task(PythonOperator): fetch_and_compute_spread_usd_mxn> on 2024-07-14 16:47:00+00:00
[2024-07-14T16:51:07.345+0000] {warnings.py:112} WARNING - /home/***/.local/lib/python3.12/site-packages/***/task/task_runner/standard_task_runner.py:61: DeprecationWarning: This process (pid=7144) is multi-threaded, use of fork() may lead to deadlocks in the child.
  pid = os.fork()

[2024-07-14T16:51:07.353+0000] {standard_task_runner.py:63} INFO - Started process 7171 to run task
[2024-07-14T16:51:07.361+0000] {standard_task_runner.py:90} INFO - Running: ['***', 'tasks', 'run', 'fetch_spread_values', 'fetch_and_compute_spread_usd_mxn', 'scheduled__2024-07-14T16:47:00+00:00', '--job-id', '2156', '--raw', '--subdir', 'DAGS_FOLDER/***.py', '--cfg-path', '/tmp/tmpy9jcjmyq']
[2024-07-14T16:51:07.369+0000] {standard_task_runner.py:91} INFO - Job 2156: Subtask fetch_and_compute_spread_usd_mxn
[2024-07-14T16:51:07.453+0000] {task_command.py:426} INFO - Running <TaskInstance: fetch_spread_values.fetch_and_compute_spread_usd_mxn scheduled__2024-07-14T16:47:00+00:00 [running]> on host d537c34a4880
[2024-07-14T16:51:07.536+0000] {taskinstance.py:2648} INFO - Exporting env vars: AIRFLOW_CTX_DAG_OWNER='***' AIRFLOW_CTX_DAG_ID='fetch_spread_values' AIRFLOW_CTX_TASK_ID='fetch_and_compute_spread_usd_mxn' AIRFLOW_CTX_EXECUTION_DATE='2024-07-14T16:47:00+00:00' AIRFLOW_CTX_TRY_NUMBER='1' AIRFLOW_CTX_DAG_RUN_ID='scheduled__2024-07-14T16:47:00+00:00'
[2024-07-14T16:51:07.541+0000] {taskinstance.py:430} INFO - ::endgroup::
[2024-07-14T16:51:07.713+0000] {python.py:237} INFO - Done. Returned value was: None
[2024-07-14T16:51:07.714+0000] {taskinstance.py:441} INFO - ::group::Post task execution logs
[2024-07-14T16:51:07.742+0000] {taskinstance.py:1206} INFO - Marking task as SUCCESS. dag_id=fetch_spread_values, task_id=fetch_and_compute_spread_usd_mxn, run_id=scheduled__2024-07-14T16:47:00+00:00, execution_date=20240714T164700, start_date=20240714T165107, end_date=20240714T165107
[2024-07-14T16:51:07.786+0000] {local_task_job_runner.py:240} INFO - Task exited with return code 0
[2024-07-14T16:51:07.798+0000] {taskinstance.py:3503} INFO - 0 downstream tasks scheduled from follow-on schedule check
[2024-07-14T16:51:07.800+0000] {local_task_job_runner.py:222} INFO - ::endgroup::
[2024-07-14T20:39:14.209+0000] {local_task_job_runner.py:120} INFO - ::group::Pre task execution logs
[2024-07-14T20:39:14.242+0000] {taskinstance.py:2076} INFO - Dependencies all met for dep_context=non-requeueable deps ti=<TaskInstance: fetch_spread_values.fetch_and_compute_spread_usd_mxn scheduled__2024-07-14T16:47:00+00:00 [queued]>
[2024-07-14T20:39:14.260+0000] {taskinstance.py:2076} INFO - Dependencies all met for dep_context=requeueable deps ti=<TaskInstance: fetch_spread_values.fetch_and_compute_spread_usd_mxn scheduled__2024-07-14T16:47:00+00:00 [queued]>
[2024-07-14T20:39:14.266+0000] {taskinstance.py:2306} INFO - Starting attempt 1 of 2
[2024-07-14T20:39:14.302+0000] {taskinstance.py:2330} INFO - Executing <Task(PythonOperator): fetch_and_compute_spread_usd_mxn> on 2024-07-14 16:47:00+00:00
[2024-07-14T20:39:14.308+0000] {logging_mixin.py:188} WARNING - /home/***/.local/lib/python3.12/site-packages/***/task/task_runner/standard_task_runner.py:61 DeprecationWarning: This process (pid=4530) is multi-threaded, use of fork() may lead to deadlocks in the child.
[2024-07-14T20:39:14.314+0000] {standard_task_runner.py:63} INFO - Started process 4537 to run task
[2024-07-14T20:39:14.310+0000] {standard_task_runner.py:90} INFO - Running: ['***', 'tasks', 'run', 'fetch_spread_values', 'fetch_and_compute_spread_usd_mxn', 'scheduled__2024-07-14T16:47:00+00:00', '--job-id', '2142', '--raw', '--subdir', 'DAGS_FOLDER/***.py', '--cfg-path', '/tmp/tmpvif30w0j']
[2024-07-14T20:39:14.333+0000] {standard_task_runner.py:91} INFO - Job 2142: Subtask fetch_and_compute_spread_usd_mxn
[2024-07-14T20:39:14.500+0000] {task_command.py:426} INFO - Running <TaskInstance: fetch_spread_values.fetch_and_compute_spread_usd_mxn scheduled__2024-07-14T16:47:00+00:00 [running]> on host 77caf7e4b282
[2024-07-14T20:39:14.787+0000] {taskinstance.py:2648} INFO - Exporting env vars: AIRFLOW_CTX_DAG_OWNER='***' AIRFLOW_CTX_DAG_ID='fetch_spread_values' AIRFLOW_CTX_TASK_ID='fetch_and_compute_spread_usd_mxn' AIRFLOW_CTX_EXECUTION_DATE='2024-07-14T16:47:00+00:00' AIRFLOW_CTX_TRY_NUMBER='1' AIRFLOW_CTX_DAG_RUN_ID='scheduled__2024-07-14T16:47:00+00:00'
[2024-07-14T20:39:14.791+0000] {taskinstance.py:430} INFO - ::endgroup::
[2024-07-14T20:39:15.070+0000] {python.py:237} INFO - Done. Returned value was: None
[2024-07-14T20:39:15.077+0000] {taskinstance.py:441} INFO - ::group::Post task execution logs
[2024-07-14T20:39:15.093+0000] {taskinstance.py:1206} INFO - Marking task as SUCCESS. dag_id=fetch_spread_values, task_id=fetch_and_compute_spread_usd_mxn, run_id=scheduled__2024-07-14T16:47:00+00:00, execution_date=20240714T164700, start_date=20240714T203914, end_date=20240714T203915
[2024-07-14T20:39:15.145+0000] {local_task_job_runner.py:240} INFO - Task exited with return code 0
[2024-07-14T20:39:15.190+0000] {local_task_job_runner.py:222} INFO - ::endgroup::
