[2024-07-14T16:13:11.963+0000] {local_task_job_runner.py:120} INFO - ::group::Pre task execution logs
[2024-07-14T16:13:12.018+0000] {taskinstance.py:2076} INFO - Dependencies all met for dep_context=non-requeueable deps ti=<TaskInstance: fetch_spread_values.fetch_and_compute_spread_btc_mxn scheduled__2024-07-14T16:10:00+00:00 [queued]>
[2024-07-14T16:13:12.042+0000] {taskinstance.py:2076} INFO - Dependencies all met for dep_context=requeueable deps ti=<TaskInstance: fetch_spread_values.fetch_and_compute_spread_btc_mxn scheduled__2024-07-14T16:10:00+00:00 [queued]>
[2024-07-14T16:13:12.049+0000] {taskinstance.py:2306} INFO - Starting attempt 1 of 2
[2024-07-14T16:13:12.105+0000] {taskinstance.py:2330} INFO - Executing <Task(PythonOperator): fetch_and_compute_spread_btc_mxn> on 2024-07-14 16:10:00+00:00
[2024-07-14T16:13:12.115+0000] {warnings.py:112} WARNING - /home/***/.local/lib/python3.12/site-packages/***/task/task_runner/standard_task_runner.py:61: DeprecationWarning: This process (pid=6881) is multi-threaded, use of fork() may lead to deadlocks in the child.
  pid = os.fork()

[2024-07-14T16:13:12.117+0000] {standard_task_runner.py:63} INFO - Started process 6907 to run task
[2024-07-14T16:13:12.114+0000] {standard_task_runner.py:90} INFO - Running: ['***', 'tasks', 'run', 'fetch_spread_values', 'fetch_and_compute_spread_btc_mxn', 'scheduled__2024-07-14T16:10:00+00:00', '--job-id', '2075', '--raw', '--subdir', 'DAGS_FOLDER/***.py', '--cfg-path', '/tmp/tmp9nelbw7j']
[2024-07-14T16:13:12.120+0000] {standard_task_runner.py:91} INFO - Job 2075: Subtask fetch_and_compute_spread_btc_mxn
[2024-07-14T16:13:12.197+0000] {task_command.py:426} INFO - Running <TaskInstance: fetch_spread_values.fetch_and_compute_spread_btc_mxn scheduled__2024-07-14T16:10:00+00:00 [running]> on host d537c34a4880
[2024-07-14T16:13:12.382+0000] {taskinstance.py:2648} INFO - Exporting env vars: AIRFLOW_CTX_DAG_OWNER='***' AIRFLOW_CTX_DAG_ID='fetch_spread_values' AIRFLOW_CTX_TASK_ID='fetch_and_compute_spread_btc_mxn' AIRFLOW_CTX_EXECUTION_DATE='2024-07-14T16:10:00+00:00' AIRFLOW_CTX_TRY_NUMBER='1' AIRFLOW_CTX_DAG_RUN_ID='scheduled__2024-07-14T16:10:00+00:00'
[2024-07-14T16:13:12.386+0000] {taskinstance.py:430} INFO - ::endgroup::
[2024-07-14T16:13:12.668+0000] {python.py:237} INFO - Done. Returned value was: None
[2024-07-14T16:13:12.670+0000] {taskinstance.py:441} INFO - ::group::Post task execution logs
[2024-07-14T16:13:12.689+0000] {taskinstance.py:1206} INFO - Marking task as SUCCESS. dag_id=fetch_spread_values, task_id=fetch_and_compute_spread_btc_mxn, run_id=scheduled__2024-07-14T16:10:00+00:00, execution_date=20240714T161000, start_date=20240714T161312, end_date=20240714T161312
[2024-07-14T16:13:12.761+0000] {local_task_job_runner.py:240} INFO - Task exited with return code 0
[2024-07-14T16:13:12.785+0000] {taskinstance.py:3503} INFO - 0 downstream tasks scheduled from follow-on schedule check
[2024-07-14T16:13:12.796+0000] {local_task_job_runner.py:222} INFO - ::endgroup::
[2024-07-14T20:38:56.136+0000] {local_task_job_runner.py:120} INFO - ::group::Pre task execution logs
[2024-07-14T20:38:56.198+0000] {taskinstance.py:2076} INFO - Dependencies all met for dep_context=non-requeueable deps ti=<TaskInstance: fetch_spread_values.fetch_and_compute_spread_btc_mxn scheduled__2024-07-14T16:10:00+00:00 [queued]>
[2024-07-14T20:38:56.205+0000] {taskinstance.py:2076} INFO - Dependencies all met for dep_context=requeueable deps ti=<TaskInstance: fetch_spread_values.fetch_and_compute_spread_btc_mxn scheduled__2024-07-14T16:10:00+00:00 [queued]>
[2024-07-14T20:38:56.207+0000] {taskinstance.py:2306} INFO - Starting attempt 1 of 2
[2024-07-14T20:38:56.235+0000] {taskinstance.py:2330} INFO - Executing <Task(PythonOperator): fetch_and_compute_spread_btc_mxn> on 2024-07-14 16:10:00+00:00
[2024-07-14T20:38:56.238+0000] {logging_mixin.py:188} WARNING - /home/***/.local/lib/python3.12/site-packages/***/task/task_runner/standard_task_runner.py:61 DeprecationWarning: This process (pid=4380) is multi-threaded, use of fork() may lead to deadlocks in the child.
[2024-07-14T20:38:56.239+0000] {standard_task_runner.py:63} INFO - Started process 4390 to run task
[2024-07-14T20:38:56.242+0000] {standard_task_runner.py:90} INFO - Running: ['***', 'tasks', 'run', 'fetch_spread_values', 'fetch_and_compute_spread_btc_mxn', 'scheduled__2024-07-14T16:10:00+00:00', '--job-id', '2069', '--raw', '--subdir', 'DAGS_FOLDER/***.py', '--cfg-path', '/tmp/tmp4gdcxfd8']
[2024-07-14T20:38:56.246+0000] {standard_task_runner.py:91} INFO - Job 2069: Subtask fetch_and_compute_spread_btc_mxn
[2024-07-14T20:38:56.326+0000] {task_command.py:426} INFO - Running <TaskInstance: fetch_spread_values.fetch_and_compute_spread_btc_mxn scheduled__2024-07-14T16:10:00+00:00 [running]> on host 77caf7e4b282
[2024-07-14T20:38:56.476+0000] {taskinstance.py:2648} INFO - Exporting env vars: AIRFLOW_CTX_DAG_OWNER='***' AIRFLOW_CTX_DAG_ID='fetch_spread_values' AIRFLOW_CTX_TASK_ID='fetch_and_compute_spread_btc_mxn' AIRFLOW_CTX_EXECUTION_DATE='2024-07-14T16:10:00+00:00' AIRFLOW_CTX_TRY_NUMBER='1' AIRFLOW_CTX_DAG_RUN_ID='scheduled__2024-07-14T16:10:00+00:00'
[2024-07-14T20:38:56.479+0000] {taskinstance.py:430} INFO - ::endgroup::
[2024-07-14T20:38:56.696+0000] {python.py:237} INFO - Done. Returned value was: None
[2024-07-14T20:38:56.700+0000] {taskinstance.py:441} INFO - ::group::Post task execution logs
[2024-07-14T20:38:56.711+0000] {taskinstance.py:1206} INFO - Marking task as SUCCESS. dag_id=fetch_spread_values, task_id=fetch_and_compute_spread_btc_mxn, run_id=scheduled__2024-07-14T16:10:00+00:00, execution_date=20240714T161000, start_date=20240714T203856, end_date=20240714T203856
[2024-07-14T20:38:56.762+0000] {local_task_job_runner.py:240} INFO - Task exited with return code 0
[2024-07-14T20:38:56.777+0000] {local_task_job_runner.py:222} INFO - ::endgroup::
