[2024-07-14T18:35:38.176+0000] {local_task_job_runner.py:120} INFO - ::group::Pre task execution logs
[2024-07-14T18:35:38.188+0000] {taskinstance.py:2076} INFO - Dependencies all met for dep_context=non-requeueable deps ti=<TaskInstance: fetch_spread_values.fetch_and_compute_spread_usd_mxn scheduled__2024-07-14T18:34:00+00:00 [queued]>
[2024-07-14T18:35:38.192+0000] {taskinstance.py:2076} INFO - Dependencies all met for dep_context=requeueable deps ti=<TaskInstance: fetch_spread_values.fetch_and_compute_spread_usd_mxn scheduled__2024-07-14T18:34:00+00:00 [queued]>
[2024-07-14T18:35:38.193+0000] {taskinstance.py:2306} INFO - Starting attempt 1 of 2
[2024-07-14T18:35:38.200+0000] {taskinstance.py:2330} INFO - Executing <Task(PythonOperator): fetch_and_compute_spread_usd_mxn> on 2024-07-14 18:34:00+00:00
[2024-07-14T18:35:38.204+0000] {warnings.py:112} WARNING - /home/***/.local/lib/python3.12/site-packages/***/task/task_runner/standard_task_runner.py:61: DeprecationWarning: This process (pid=7917) is multi-threaded, use of fork() may lead to deadlocks in the child.
  pid = os.fork()

[2024-07-14T18:35:38.205+0000] {standard_task_runner.py:63} INFO - Started process 7934 to run task
[2024-07-14T18:35:38.205+0000] {standard_task_runner.py:90} INFO - Running: ['***', 'tasks', 'run', 'fetch_spread_values', 'fetch_and_compute_spread_usd_mxn', 'scheduled__2024-07-14T18:34:00+00:00', '--job-id', '2384', '--raw', '--subdir', 'DAGS_FOLDER/***.py', '--cfg-path', '/tmp/tmphfnaq1av']
[2024-07-14T18:35:38.208+0000] {standard_task_runner.py:91} INFO - Job 2384: Subtask fetch_and_compute_spread_usd_mxn
[2024-07-14T18:35:38.255+0000] {task_command.py:426} INFO - Running <TaskInstance: fetch_spread_values.fetch_and_compute_spread_usd_mxn scheduled__2024-07-14T18:34:00+00:00 [running]> on host d537c34a4880
[2024-07-14T18:35:38.318+0000] {taskinstance.py:2648} INFO - Exporting env vars: AIRFLOW_CTX_DAG_OWNER='***' AIRFLOW_CTX_DAG_ID='fetch_spread_values' AIRFLOW_CTX_TASK_ID='fetch_and_compute_spread_usd_mxn' AIRFLOW_CTX_EXECUTION_DATE='2024-07-14T18:34:00+00:00' AIRFLOW_CTX_TRY_NUMBER='1' AIRFLOW_CTX_DAG_RUN_ID='scheduled__2024-07-14T18:34:00+00:00'
[2024-07-14T18:35:38.320+0000] {taskinstance.py:430} INFO - ::endgroup::
[2024-07-14T18:35:38.482+0000] {python.py:237} INFO - Done. Returned value was: None
[2024-07-14T18:35:38.484+0000] {taskinstance.py:441} INFO - ::group::Post task execution logs
[2024-07-14T18:35:38.493+0000] {taskinstance.py:1206} INFO - Marking task as SUCCESS. dag_id=fetch_spread_values, task_id=fetch_and_compute_spread_usd_mxn, run_id=scheduled__2024-07-14T18:34:00+00:00, execution_date=20240714T183400, start_date=20240714T183538, end_date=20240714T183538
[2024-07-14T18:35:38.508+0000] {local_task_job_runner.py:240} INFO - Task exited with return code 0
[2024-07-14T18:35:38.518+0000] {taskinstance.py:3503} INFO - 0 downstream tasks scheduled from follow-on schedule check
[2024-07-14T18:35:38.521+0000] {local_task_job_runner.py:222} INFO - ::endgroup::
[2024-07-14T20:39:47.730+0000] {local_task_job_runner.py:120} INFO - ::group::Pre task execution logs
[2024-07-14T20:39:47.773+0000] {taskinstance.py:2076} INFO - Dependencies all met for dep_context=non-requeueable deps ti=<TaskInstance: fetch_spread_values.fetch_and_compute_spread_usd_mxn scheduled__2024-07-14T18:34:00+00:00 [queued]>
[2024-07-14T20:39:47.799+0000] {taskinstance.py:2076} INFO - Dependencies all met for dep_context=requeueable deps ti=<TaskInstance: fetch_spread_values.fetch_and_compute_spread_usd_mxn scheduled__2024-07-14T18:34:00+00:00 [queued]>
[2024-07-14T20:39:47.804+0000] {taskinstance.py:2306} INFO - Starting attempt 1 of 2
[2024-07-14T20:39:47.851+0000] {taskinstance.py:2330} INFO - Executing <Task(PythonOperator): fetch_and_compute_spread_usd_mxn> on 2024-07-14 18:34:00+00:00
[2024-07-14T20:39:47.860+0000] {logging_mixin.py:188} WARNING - /home/***/.local/lib/python3.12/site-packages/***/task/task_runner/standard_task_runner.py:61 DeprecationWarning: This process (pid=4959) is multi-threaded, use of fork() may lead to deadlocks in the child.
[2024-07-14T20:39:47.861+0000] {standard_task_runner.py:90} INFO - Running: ['***', 'tasks', 'run', 'fetch_spread_values', 'fetch_and_compute_spread_usd_mxn', 'scheduled__2024-07-14T18:34:00+00:00', '--job-id', '2356', '--raw', '--subdir', 'DAGS_FOLDER/***.py', '--cfg-path', '/tmp/tmpxonko6gm']
[2024-07-14T20:39:47.865+0000] {standard_task_runner.py:63} INFO - Started process 4970 to run task
[2024-07-14T20:39:47.865+0000] {standard_task_runner.py:91} INFO - Job 2356: Subtask fetch_and_compute_spread_usd_mxn
[2024-07-14T20:39:47.922+0000] {task_command.py:426} INFO - Running <TaskInstance: fetch_spread_values.fetch_and_compute_spread_usd_mxn scheduled__2024-07-14T18:34:00+00:00 [running]> on host 77caf7e4b282
[2024-07-14T20:39:48.049+0000] {taskinstance.py:2648} INFO - Exporting env vars: AIRFLOW_CTX_DAG_OWNER='***' AIRFLOW_CTX_DAG_ID='fetch_spread_values' AIRFLOW_CTX_TASK_ID='fetch_and_compute_spread_usd_mxn' AIRFLOW_CTX_EXECUTION_DATE='2024-07-14T18:34:00+00:00' AIRFLOW_CTX_TRY_NUMBER='1' AIRFLOW_CTX_DAG_RUN_ID='scheduled__2024-07-14T18:34:00+00:00'
[2024-07-14T20:39:48.051+0000] {taskinstance.py:430} INFO - ::endgroup::
[2024-07-14T20:39:48.271+0000] {python.py:237} INFO - Done. Returned value was: None
[2024-07-14T20:39:48.279+0000] {taskinstance.py:441} INFO - ::group::Post task execution logs
[2024-07-14T20:39:48.297+0000] {taskinstance.py:1206} INFO - Marking task as SUCCESS. dag_id=fetch_spread_values, task_id=fetch_and_compute_spread_usd_mxn, run_id=scheduled__2024-07-14T18:34:00+00:00, execution_date=20240714T183400, start_date=20240714T203947, end_date=20240714T203948
[2024-07-14T20:39:48.339+0000] {local_task_job_runner.py:240} INFO - Task exited with return code 0
[2024-07-14T20:39:48.354+0000] {local_task_job_runner.py:222} INFO - ::endgroup::
