[2024-07-14T18:30:01.442+0000] {local_task_job_runner.py:120} INFO - ::group::Pre task execution logs
[2024-07-14T18:30:01.453+0000] {taskinstance.py:2076} INFO - Dependencies all met for dep_context=non-requeueable deps ti=<TaskInstance: save_spread_values.save_and_flush_task scheduled__2024-07-14T18:20:00+00:00 [queued]>
[2024-07-14T18:30:01.457+0000] {taskinstance.py:2076} INFO - Dependencies all met for dep_context=requeueable deps ti=<TaskInstance: save_spread_values.save_and_flush_task scheduled__2024-07-14T18:20:00+00:00 [queued]>
[2024-07-14T18:30:01.457+0000] {taskinstance.py:2306} INFO - Starting attempt 1 of 2
[2024-07-14T18:30:01.465+0000] {taskinstance.py:2330} INFO - Executing <Task(PythonOperator): save_and_flush_task> on 2024-07-14 18:20:00+00:00
[2024-07-14T18:30:01.469+0000] {warnings.py:112} WARNING - /home/***/.local/lib/python3.12/site-packages/***/task/task_runner/standard_task_runner.py:61: DeprecationWarning: This process (pid=7870) is multi-threaded, use of fork() may lead to deadlocks in the child.
  pid = os.fork()

[2024-07-14T18:30:01.471+0000] {standard_task_runner.py:63} INFO - Started process 7874 to run task
[2024-07-14T18:30:01.471+0000] {standard_task_runner.py:90} INFO - Running: ['***', 'tasks', 'run', 'save_spread_values', 'save_and_flush_task', 'scheduled__2024-07-14T18:20:00+00:00', '--job-id', '2373', '--raw', '--subdir', 'DAGS_FOLDER/***.py', '--cfg-path', '/tmp/tmpay29f615']
[2024-07-14T18:30:01.473+0000] {standard_task_runner.py:91} INFO - Job 2373: Subtask save_and_flush_task
[2024-07-14T18:30:01.509+0000] {task_command.py:426} INFO - Running <TaskInstance: save_spread_values.save_and_flush_task scheduled__2024-07-14T18:20:00+00:00 [running]> on host d537c34a4880
[2024-07-14T18:30:01.571+0000] {taskinstance.py:2648} INFO - Exporting env vars: AIRFLOW_CTX_DAG_OWNER='***' AIRFLOW_CTX_DAG_ID='save_spread_values' AIRFLOW_CTX_TASK_ID='save_and_flush_task' AIRFLOW_CTX_EXECUTION_DATE='2024-07-14T18:20:00+00:00' AIRFLOW_CTX_TRY_NUMBER='1' AIRFLOW_CTX_DAG_RUN_ID='scheduled__2024-07-14T18:20:00+00:00'
[2024-07-14T18:30:01.573+0000] {taskinstance.py:430} INFO - ::endgroup::
[2024-07-14T18:30:01.574+0000] {python.py:237} INFO - Done. Returned value was: None
[2024-07-14T18:30:01.574+0000] {taskinstance.py:441} INFO - ::group::Post task execution logs
[2024-07-14T18:30:01.580+0000] {taskinstance.py:1206} INFO - Marking task as SUCCESS. dag_id=save_spread_values, task_id=save_and_flush_task, run_id=scheduled__2024-07-14T18:20:00+00:00, execution_date=20240714T182000, start_date=20240714T183001, end_date=20240714T183001
[2024-07-14T18:30:01.612+0000] {local_task_job_runner.py:240} INFO - Task exited with return code 0
[2024-07-14T18:30:01.621+0000] {taskinstance.py:3503} INFO - 0 downstream tasks scheduled from follow-on schedule check
[2024-07-14T18:30:01.622+0000] {local_task_job_runner.py:222} INFO - ::endgroup::
[2024-07-14T20:35:36.542+0000] {local_task_job_runner.py:120} INFO - ::group::Pre task execution logs
[2024-07-14T20:35:36.558+0000] {taskinstance.py:2076} INFO - Dependencies all met for dep_context=non-requeueable deps ti=<TaskInstance: save_spread_values.save_and_flush_task scheduled__2024-07-14T18:20:00+00:00 [queued]>
[2024-07-14T20:35:36.562+0000] {taskinstance.py:2076} INFO - Dependencies all met for dep_context=requeueable deps ti=<TaskInstance: save_spread_values.save_and_flush_task scheduled__2024-07-14T18:20:00+00:00 [queued]>
[2024-07-14T20:35:36.563+0000] {taskinstance.py:2306} INFO - Starting attempt 1 of 2
[2024-07-14T20:35:36.569+0000] {taskinstance.py:2330} INFO - Executing <Task(PythonOperator): save_and_flush_task> on 2024-07-14 18:20:00+00:00
[2024-07-14T20:35:36.573+0000] {logging_mixin.py:188} WARNING - /home/***/.local/lib/python3.12/site-packages/***/task/task_runner/standard_task_runner.py:61 DeprecationWarning: This process (pid=2292) is multi-threaded, use of fork() may lead to deadlocks in the child.
[2024-07-14T20:35:36.573+0000] {standard_task_runner.py:63} INFO - Started process 2295 to run task
[2024-07-14T20:35:36.575+0000] {standard_task_runner.py:90} INFO - Running: ['***', 'tasks', 'run', 'save_spread_values', 'save_and_flush_task', 'scheduled__2024-07-14T18:20:00+00:00', '--job-id', '1041', '--raw', '--subdir', 'DAGS_FOLDER/***.py', '--cfg-path', '/tmp/tmptslrrfsz']
[2024-07-14T20:35:36.577+0000] {standard_task_runner.py:91} INFO - Job 1041: Subtask save_and_flush_task
[2024-07-14T20:35:36.600+0000] {task_command.py:426} INFO - Running <TaskInstance: save_spread_values.save_and_flush_task scheduled__2024-07-14T18:20:00+00:00 [running]> on host 77caf7e4b282
[2024-07-14T20:35:36.644+0000] {taskinstance.py:2648} INFO - Exporting env vars: AIRFLOW_CTX_DAG_OWNER='***' AIRFLOW_CTX_DAG_ID='save_spread_values' AIRFLOW_CTX_TASK_ID='save_and_flush_task' AIRFLOW_CTX_EXECUTION_DATE='2024-07-14T18:20:00+00:00' AIRFLOW_CTX_TRY_NUMBER='1' AIRFLOW_CTX_DAG_RUN_ID='scheduled__2024-07-14T18:20:00+00:00'
[2024-07-14T20:35:36.645+0000] {taskinstance.py:430} INFO - ::endgroup::
[2024-07-14T20:35:36.651+0000] {python.py:237} INFO - Done. Returned value was: None
[2024-07-14T20:35:36.651+0000] {taskinstance.py:441} INFO - ::group::Post task execution logs
[2024-07-14T20:35:36.656+0000] {taskinstance.py:1206} INFO - Marking task as SUCCESS. dag_id=save_spread_values, task_id=save_and_flush_task, run_id=scheduled__2024-07-14T18:20:00+00:00, execution_date=20240714T182000, start_date=20240714T203536, end_date=20240714T203536
[2024-07-14T20:35:36.671+0000] {local_task_job_runner.py:240} INFO - Task exited with return code 0
[2024-07-14T20:35:36.683+0000] {taskinstance.py:3503} INFO - 0 downstream tasks scheduled from follow-on schedule check
[2024-07-14T20:35:36.683+0000] {local_task_job_runner.py:222} INFO - ::endgroup::
[2024-07-15T06:36:50.818+0000] {local_task_job_runner.py:120} INFO - ::group::Pre task execution logs
[2024-07-15T06:36:50.839+0000] {taskinstance.py:2076} INFO - Dependencies all met for dep_context=non-requeueable deps ti=<TaskInstance: save_spread_values.save_and_flush_task scheduled__2024-07-14T18:20:00+00:00 [queued]>
[2024-07-15T06:36:50.844+0000] {taskinstance.py:2076} INFO - Dependencies all met for dep_context=requeueable deps ti=<TaskInstance: save_spread_values.save_and_flush_task scheduled__2024-07-14T18:20:00+00:00 [queued]>
[2024-07-15T06:36:50.845+0000] {taskinstance.py:2306} INFO - Starting attempt 1 of 2
[2024-07-15T06:36:50.861+0000] {taskinstance.py:2330} INFO - Executing <Task(PythonOperator): save_and_flush_task> on 2024-07-14 18:20:00+00:00
[2024-07-15T06:36:50.870+0000] {standard_task_runner.py:90} INFO - Running: ['***', 'tasks', 'run', 'save_spread_values', 'save_and_flush_task', 'scheduled__2024-07-14T18:20:00+00:00', '--job-id', '632', '--raw', '--subdir', 'DAGS_FOLDER/et_dag.py', '--cfg-path', '/tmp/tmpp6fpqbgp']
[2024-07-15T06:36:50.871+0000] {logging_mixin.py:188} WARNING - /home/***/.local/lib/python3.12/site-packages/***/task/task_runner/standard_task_runner.py:61 DeprecationWarning: This process (pid=3882) is multi-threaded, use of fork() may lead to deadlocks in the child.
[2024-07-15T06:36:50.872+0000] {standard_task_runner.py:91} INFO - Job 632: Subtask save_and_flush_task
[2024-07-15T06:36:50.873+0000] {standard_task_runner.py:63} INFO - Started process 3889 to run task
[2024-07-15T06:36:50.906+0000] {task_command.py:426} INFO - Running <TaskInstance: save_spread_values.save_and_flush_task scheduled__2024-07-14T18:20:00+00:00 [running]> on host 52e7a9c3d832
[2024-07-15T06:36:50.952+0000] {taskinstance.py:2648} INFO - Exporting env vars: AIRFLOW_CTX_DAG_OWNER='***' AIRFLOW_CTX_DAG_ID='save_spread_values' AIRFLOW_CTX_TASK_ID='save_and_flush_task' AIRFLOW_CTX_EXECUTION_DATE='2024-07-14T18:20:00+00:00' AIRFLOW_CTX_TRY_NUMBER='1' AIRFLOW_CTX_DAG_RUN_ID='scheduled__2024-07-14T18:20:00+00:00'
[2024-07-15T06:36:50.953+0000] {taskinstance.py:430} INFO - ::endgroup::
[2024-07-15T06:36:50.959+0000] {taskinstance.py:441} INFO - ::group::Post task execution logs
[2024-07-15T06:36:50.959+0000] {taskinstance.py:2905} ERROR - Task failed with exception
Traceback (most recent call last):
  File "/home/airflow/.local/lib/python3.12/site-packages/airflow/models/taskinstance.py", line 465, in _execute_task
    result = _execute_callable(context=context, **execute_callable_kwargs)
             ^^^^^^^^^^^^^^^^^^^^^^^^^^^^^^^^^^^^^^^^^^^^^^^^^^^^^^^^^^^^^
  File "/home/airflow/.local/lib/python3.12/site-packages/airflow/models/taskinstance.py", line 432, in _execute_callable
    return execute_callable(context=context, **execute_callable_kwargs)
           ^^^^^^^^^^^^^^^^^^^^^^^^^^^^^^^^^^^^^^^^^^^^^^^^^^^^^^^^^^^^
  File "/home/airflow/.local/lib/python3.12/site-packages/airflow/models/baseoperator.py", line 401, in wrapper
    return func(self, *args, **kwargs)
           ^^^^^^^^^^^^^^^^^^^^^^^^^^^
  File "/home/airflow/.local/lib/python3.12/site-packages/airflow/operators/python.py", line 235, in execute
    return_value = self.execute_callable()
                   ^^^^^^^^^^^^^^^^^^^^^^^
  File "/home/airflow/.local/lib/python3.12/site-packages/airflow/operators/python.py", line 252, in execute_callable
    return self.python_callable(*self.op_args, **self.op_kwargs)
           ^^^^^^^^^^^^^^^^^^^^^^^^^^^^^^^^^^^^^^^^^^^^^^^^^^^^^
  File "/opt/airflow/dags/et_dag.py", line 38, in trigger_save_and_flush
    logging('Invoking method to save data from records')
TypeError: 'module' object is not callable
[2024-07-15T06:36:50.965+0000] {taskinstance.py:1206} INFO - Marking task as UP_FOR_RETRY. dag_id=save_spread_values, task_id=save_and_flush_task, run_id=scheduled__2024-07-14T18:20:00+00:00, execution_date=20240714T182000, start_date=20240715T063650, end_date=20240715T063650
[2024-07-15T06:36:50.971+0000] {standard_task_runner.py:110} ERROR - Failed to execute job 632 for task save_and_flush_task ('module' object is not callable; 3889)
[2024-07-15T06:36:50.976+0000] {local_task_job_runner.py:240} INFO - Task exited with return code 1
[2024-07-15T06:36:50.986+0000] {taskinstance.py:3503} INFO - 0 downstream tasks scheduled from follow-on schedule check
[2024-07-15T06:36:50.987+0000] {local_task_job_runner.py:222} INFO - ::endgroup::
