[2024-07-14T09:05:16.964+0000] {local_task_job_runner.py:120} INFO - ::group::Pre task execution logs
[2024-07-14T09:05:17.062+0000] {taskinstance.py:2076} INFO - Dependencies all met for dep_context=non-requeueable deps ti=<TaskInstance: save_spread_values.save_and_flush_task scheduled__2024-07-14T02:30:00+00:00 [queued]>
[2024-07-14T09:05:17.096+0000] {taskinstance.py:2076} INFO - Dependencies all met for dep_context=requeueable deps ti=<TaskInstance: save_spread_values.save_and_flush_task scheduled__2024-07-14T02:30:00+00:00 [queued]>
[2024-07-14T09:05:17.119+0000] {taskinstance.py:2306} INFO - Starting attempt 1 of 2
[2024-07-14T09:05:17.150+0000] {taskinstance.py:2330} INFO - Executing <Task(PythonOperator): save_and_flush_task> on 2024-07-14 02:30:00+00:00
[2024-07-14T09:05:17.159+0000] {warnings.py:112} WARNING - /home/***/.local/lib/python3.12/site-packages/***/task/task_runner/standard_task_runner.py:61: DeprecationWarning: This process (pid=3510) is multi-threaded, use of fork() may lead to deadlocks in the child.
  pid = os.fork()

[2024-07-14T09:05:17.164+0000] {standard_task_runner.py:63} INFO - Started process 3545 to run task
[2024-07-14T09:05:17.162+0000] {standard_task_runner.py:90} INFO - Running: ['***', 'tasks', 'run', 'save_spread_values', 'save_and_flush_task', 'scheduled__2024-07-14T02:30:00+00:00', '--job-id', '1133', '--raw', '--subdir', 'DAGS_FOLDER/***.py', '--cfg-path', '/tmp/tmpz47jby3o']
[2024-07-14T09:05:17.172+0000] {standard_task_runner.py:91} INFO - Job 1133: Subtask save_and_flush_task
[2024-07-14T09:05:17.303+0000] {task_command.py:426} INFO - Running <TaskInstance: save_spread_values.save_and_flush_task scheduled__2024-07-14T02:30:00+00:00 [running]> on host d537c34a4880
[2024-07-14T09:05:17.434+0000] {taskinstance.py:2648} INFO - Exporting env vars: AIRFLOW_CTX_DAG_OWNER='***' AIRFLOW_CTX_DAG_ID='save_spread_values' AIRFLOW_CTX_TASK_ID='save_and_flush_task' AIRFLOW_CTX_EXECUTION_DATE='2024-07-14T02:30:00+00:00' AIRFLOW_CTX_TRY_NUMBER='1' AIRFLOW_CTX_DAG_RUN_ID='scheduled__2024-07-14T02:30:00+00:00'
[2024-07-14T09:05:17.448+0000] {taskinstance.py:430} INFO - ::endgroup::
[2024-07-14T09:05:17.456+0000] {python.py:237} INFO - Done. Returned value was: None
[2024-07-14T09:05:17.458+0000] {taskinstance.py:441} INFO - ::group::Post task execution logs
[2024-07-14T09:05:17.472+0000] {taskinstance.py:1206} INFO - Marking task as SUCCESS. dag_id=save_spread_values, task_id=save_and_flush_task, run_id=scheduled__2024-07-14T02:30:00+00:00, execution_date=20240714T023000, start_date=20240714T090517, end_date=20240714T090517
[2024-07-14T09:05:17.530+0000] {local_task_job_runner.py:240} INFO - Task exited with return code 0
[2024-07-14T09:05:17.563+0000] {taskinstance.py:3503} INFO - 0 downstream tasks scheduled from follow-on schedule check
[2024-07-14T09:05:17.565+0000] {local_task_job_runner.py:222} INFO - ::endgroup::
[2024-07-14T20:34:42.646+0000] {local_task_job_runner.py:120} INFO - ::group::Pre task execution logs
[2024-07-14T20:34:42.686+0000] {taskinstance.py:2076} INFO - Dependencies all met for dep_context=non-requeueable deps ti=<TaskInstance: save_spread_values.save_and_flush_task scheduled__2024-07-14T02:30:00+00:00 [queued]>
[2024-07-14T20:34:42.704+0000] {taskinstance.py:2076} INFO - Dependencies all met for dep_context=requeueable deps ti=<TaskInstance: save_spread_values.save_and_flush_task scheduled__2024-07-14T02:30:00+00:00 [queued]>
[2024-07-14T20:34:42.705+0000] {taskinstance.py:2306} INFO - Starting attempt 1 of 2
[2024-07-14T20:34:42.728+0000] {taskinstance.py:2330} INFO - Executing <Task(PythonOperator): save_and_flush_task> on 2024-07-14 02:30:00+00:00
[2024-07-14T20:34:42.736+0000] {logging_mixin.py:188} WARNING - /home/***/.local/lib/python3.12/site-packages/***/task/task_runner/standard_task_runner.py:61 DeprecationWarning: This process (pid=1675) is multi-threaded, use of fork() may lead to deadlocks in the child.
[2024-07-14T20:34:42.741+0000] {standard_task_runner.py:63} INFO - Started process 1689 to run task
[2024-07-14T20:34:42.739+0000] {standard_task_runner.py:90} INFO - Running: ['***', 'tasks', 'run', 'save_spread_values', 'save_and_flush_task', 'scheduled__2024-07-14T02:30:00+00:00', '--job-id', '740', '--raw', '--subdir', 'DAGS_FOLDER/***.py', '--cfg-path', '/tmp/tmpw9bd_lwp']
[2024-07-14T20:34:42.743+0000] {standard_task_runner.py:91} INFO - Job 740: Subtask save_and_flush_task
[2024-07-14T20:34:42.822+0000] {task_command.py:426} INFO - Running <TaskInstance: save_spread_values.save_and_flush_task scheduled__2024-07-14T02:30:00+00:00 [running]> on host 77caf7e4b282
[2024-07-14T20:34:42.955+0000] {taskinstance.py:2648} INFO - Exporting env vars: AIRFLOW_CTX_DAG_OWNER='***' AIRFLOW_CTX_DAG_ID='save_spread_values' AIRFLOW_CTX_TASK_ID='save_and_flush_task' AIRFLOW_CTX_EXECUTION_DATE='2024-07-14T02:30:00+00:00' AIRFLOW_CTX_TRY_NUMBER='1' AIRFLOW_CTX_DAG_RUN_ID='scheduled__2024-07-14T02:30:00+00:00'
[2024-07-14T20:34:42.958+0000] {taskinstance.py:430} INFO - ::endgroup::
[2024-07-14T20:34:42.973+0000] {python.py:237} INFO - Done. Returned value was: None
[2024-07-14T20:34:42.974+0000] {taskinstance.py:441} INFO - ::group::Post task execution logs
[2024-07-14T20:34:42.984+0000] {taskinstance.py:1206} INFO - Marking task as SUCCESS. dag_id=save_spread_values, task_id=save_and_flush_task, run_id=scheduled__2024-07-14T02:30:00+00:00, execution_date=20240714T023000, start_date=20240714T203442, end_date=20240714T203442
[2024-07-14T20:34:43.021+0000] {local_task_job_runner.py:240} INFO - Task exited with return code 0
[2024-07-14T20:34:43.048+0000] {taskinstance.py:3503} INFO - 0 downstream tasks scheduled from follow-on schedule check
[2024-07-14T20:34:43.051+0000] {local_task_job_runner.py:222} INFO - ::endgroup::
