[2024-07-14T16:34:05.308+0000] {local_task_job_runner.py:120} INFO - ::group::Pre task execution logs
[2024-07-14T16:34:05.362+0000] {taskinstance.py:2076} INFO - Dependencies all met for dep_context=non-requeueable deps ti=<TaskInstance: fetch_spread_values.fetch_and_compute_spread_usd_mxn scheduled__2024-07-14T16:32:00+00:00 [queued]>
[2024-07-14T16:34:05.374+0000] {taskinstance.py:2076} INFO - Dependencies all met for dep_context=requeueable deps ti=<TaskInstance: fetch_spread_values.fetch_and_compute_spread_usd_mxn scheduled__2024-07-14T16:32:00+00:00 [queued]>
[2024-07-14T16:34:05.378+0000] {taskinstance.py:2306} INFO - Starting attempt 1 of 2
[2024-07-14T16:34:05.400+0000] {taskinstance.py:2330} INFO - Executing <Task(PythonOperator): fetch_and_compute_spread_usd_mxn> on 2024-07-14 16:32:00+00:00
[2024-07-14T16:34:05.410+0000] {warnings.py:112} WARNING - /home/***/.local/lib/python3.12/site-packages/***/task/task_runner/standard_task_runner.py:61: DeprecationWarning: This process (pid=7034) is multi-threaded, use of fork() may lead to deadlocks in the child.
  pid = os.fork()

[2024-07-14T16:34:05.413+0000] {standard_task_runner.py:63} INFO - Started process 7056 to run task
[2024-07-14T16:34:05.408+0000] {standard_task_runner.py:90} INFO - Running: ['***', 'tasks', 'run', 'fetch_spread_values', 'fetch_and_compute_spread_usd_mxn', 'scheduled__2024-07-14T16:32:00+00:00', '--job-id', '2121', '--raw', '--subdir', 'DAGS_FOLDER/***.py', '--cfg-path', '/tmp/tmpgrxnwfvc']
[2024-07-14T16:34:05.419+0000] {standard_task_runner.py:91} INFO - Job 2121: Subtask fetch_and_compute_spread_usd_mxn
[2024-07-14T16:34:05.486+0000] {task_command.py:426} INFO - Running <TaskInstance: fetch_spread_values.fetch_and_compute_spread_usd_mxn scheduled__2024-07-14T16:32:00+00:00 [running]> on host d537c34a4880
[2024-07-14T16:34:05.574+0000] {taskinstance.py:2648} INFO - Exporting env vars: AIRFLOW_CTX_DAG_OWNER='***' AIRFLOW_CTX_DAG_ID='fetch_spread_values' AIRFLOW_CTX_TASK_ID='fetch_and_compute_spread_usd_mxn' AIRFLOW_CTX_EXECUTION_DATE='2024-07-14T16:32:00+00:00' AIRFLOW_CTX_TRY_NUMBER='1' AIRFLOW_CTX_DAG_RUN_ID='scheduled__2024-07-14T16:32:00+00:00'
[2024-07-14T16:34:05.581+0000] {taskinstance.py:430} INFO - ::endgroup::
[2024-07-14T16:34:05.773+0000] {python.py:237} INFO - Done. Returned value was: None
[2024-07-14T16:34:05.780+0000] {taskinstance.py:441} INFO - ::group::Post task execution logs
[2024-07-14T16:34:05.801+0000] {taskinstance.py:1206} INFO - Marking task as SUCCESS. dag_id=fetch_spread_values, task_id=fetch_and_compute_spread_usd_mxn, run_id=scheduled__2024-07-14T16:32:00+00:00, execution_date=20240714T163200, start_date=20240714T163405, end_date=20240714T163405
[2024-07-14T16:34:05.848+0000] {local_task_job_runner.py:240} INFO - Task exited with return code 0
[2024-07-14T16:34:05.859+0000] {taskinstance.py:3503} INFO - 0 downstream tasks scheduled from follow-on schedule check
[2024-07-14T16:34:05.860+0000] {local_task_job_runner.py:222} INFO - ::endgroup::
[2024-07-14T20:39:04.950+0000] {local_task_job_runner.py:120} INFO - ::group::Pre task execution logs
[2024-07-14T20:39:04.984+0000] {taskinstance.py:2076} INFO - Dependencies all met for dep_context=non-requeueable deps ti=<TaskInstance: fetch_spread_values.fetch_and_compute_spread_usd_mxn scheduled__2024-07-14T16:32:00+00:00 [queued]>
[2024-07-14T20:39:04.990+0000] {taskinstance.py:2076} INFO - Dependencies all met for dep_context=requeueable deps ti=<TaskInstance: fetch_spread_values.fetch_and_compute_spread_usd_mxn scheduled__2024-07-14T16:32:00+00:00 [queued]>
[2024-07-14T20:39:04.991+0000] {taskinstance.py:2306} INFO - Starting attempt 1 of 2
[2024-07-14T20:39:05.009+0000] {taskinstance.py:2330} INFO - Executing <Task(PythonOperator): fetch_and_compute_spread_usd_mxn> on 2024-07-14 16:32:00+00:00
[2024-07-14T20:39:05.015+0000] {logging_mixin.py:188} WARNING - /home/***/.local/lib/python3.12/site-packages/***/task/task_runner/standard_task_runner.py:61 DeprecationWarning: This process (pid=4467) is multi-threaded, use of fork() may lead to deadlocks in the child.
[2024-07-14T20:39:05.016+0000] {standard_task_runner.py:63} INFO - Started process 4478 to run task
[2024-07-14T20:39:05.016+0000] {standard_task_runner.py:90} INFO - Running: ['***', 'tasks', 'run', 'fetch_spread_values', 'fetch_and_compute_spread_usd_mxn', 'scheduled__2024-07-14T16:32:00+00:00', '--job-id', '2113', '--raw', '--subdir', 'DAGS_FOLDER/***.py', '--cfg-path', '/tmp/tmpo4235q8q']
[2024-07-14T20:39:05.020+0000] {standard_task_runner.py:91} INFO - Job 2113: Subtask fetch_and_compute_spread_usd_mxn
[2024-07-14T20:39:05.088+0000] {task_command.py:426} INFO - Running <TaskInstance: fetch_spread_values.fetch_and_compute_spread_usd_mxn scheduled__2024-07-14T16:32:00+00:00 [running]> on host 77caf7e4b282
[2024-07-14T20:39:05.227+0000] {taskinstance.py:2648} INFO - Exporting env vars: AIRFLOW_CTX_DAG_OWNER='***' AIRFLOW_CTX_DAG_ID='fetch_spread_values' AIRFLOW_CTX_TASK_ID='fetch_and_compute_spread_usd_mxn' AIRFLOW_CTX_EXECUTION_DATE='2024-07-14T16:32:00+00:00' AIRFLOW_CTX_TRY_NUMBER='1' AIRFLOW_CTX_DAG_RUN_ID='scheduled__2024-07-14T16:32:00+00:00'
[2024-07-14T20:39:05.230+0000] {taskinstance.py:430} INFO - ::endgroup::
[2024-07-14T20:39:05.431+0000] {python.py:237} INFO - Done. Returned value was: None
[2024-07-14T20:39:05.431+0000] {taskinstance.py:441} INFO - ::group::Post task execution logs
[2024-07-14T20:39:05.442+0000] {taskinstance.py:1206} INFO - Marking task as SUCCESS. dag_id=fetch_spread_values, task_id=fetch_and_compute_spread_usd_mxn, run_id=scheduled__2024-07-14T16:32:00+00:00, execution_date=20240714T163200, start_date=20240714T203904, end_date=20240714T203905
[2024-07-14T20:39:05.488+0000] {local_task_job_runner.py:240} INFO - Task exited with return code 0
[2024-07-14T20:39:05.498+0000] {taskinstance.py:3503} INFO - 0 downstream tasks scheduled from follow-on schedule check
[2024-07-14T20:39:05.500+0000] {local_task_job_runner.py:222} INFO - ::endgroup::
