[2024-07-14T18:46:01.761+0000] {local_task_job_runner.py:120} INFO - ::group::Pre task execution logs
[2024-07-14T18:46:01.773+0000] {taskinstance.py:2076} INFO - Dependencies all met for dep_context=non-requeueable deps ti=<TaskInstance: fetch_spread_values.fetch_and_compute_spread_usd_mxn scheduled__2024-07-14T18:45:00+00:00 [queued]>
[2024-07-14T18:46:01.779+0000] {taskinstance.py:2076} INFO - Dependencies all met for dep_context=requeueable deps ti=<TaskInstance: fetch_spread_values.fetch_and_compute_spread_usd_mxn scheduled__2024-07-14T18:45:00+00:00 [queued]>
[2024-07-14T18:46:01.783+0000] {taskinstance.py:2306} INFO - Starting attempt 1 of 2
[2024-07-14T18:46:01.791+0000] {taskinstance.py:2330} INFO - Executing <Task(PythonOperator): fetch_and_compute_spread_usd_mxn> on 2024-07-14 18:45:00+00:00
[2024-07-14T18:46:01.797+0000] {warnings.py:112} WARNING - /home/***/.local/lib/python3.12/site-packages/***/task/task_runner/standard_task_runner.py:61: DeprecationWarning: This process (pid=8047) is multi-threaded, use of fork() may lead to deadlocks in the child.
  pid = os.fork()

[2024-07-14T18:46:01.799+0000] {standard_task_runner.py:63} INFO - Started process 8052 to run task
[2024-07-14T18:46:01.799+0000] {standard_task_runner.py:90} INFO - Running: ['***', 'tasks', 'run', 'fetch_spread_values', 'fetch_and_compute_spread_usd_mxn', 'scheduled__2024-07-14T18:45:00+00:00', '--job-id', '2407', '--raw', '--subdir', 'DAGS_FOLDER/***.py', '--cfg-path', '/tmp/tmpiian34ey']
[2024-07-14T18:46:01.803+0000] {standard_task_runner.py:91} INFO - Job 2407: Subtask fetch_and_compute_spread_usd_mxn
[2024-07-14T18:46:01.851+0000] {task_command.py:426} INFO - Running <TaskInstance: fetch_spread_values.fetch_and_compute_spread_usd_mxn scheduled__2024-07-14T18:45:00+00:00 [running]> on host d537c34a4880
[2024-07-14T18:46:01.909+0000] {taskinstance.py:2648} INFO - Exporting env vars: AIRFLOW_CTX_DAG_OWNER='***' AIRFLOW_CTX_DAG_ID='fetch_spread_values' AIRFLOW_CTX_TASK_ID='fetch_and_compute_spread_usd_mxn' AIRFLOW_CTX_EXECUTION_DATE='2024-07-14T18:45:00+00:00' AIRFLOW_CTX_TRY_NUMBER='1' AIRFLOW_CTX_DAG_RUN_ID='scheduled__2024-07-14T18:45:00+00:00'
[2024-07-14T18:46:01.910+0000] {taskinstance.py:430} INFO - ::endgroup::
[2024-07-14T18:46:02.111+0000] {python.py:237} INFO - Done. Returned value was: None
[2024-07-14T18:46:02.112+0000] {taskinstance.py:441} INFO - ::group::Post task execution logs
[2024-07-14T18:46:02.119+0000] {taskinstance.py:1206} INFO - Marking task as SUCCESS. dag_id=fetch_spread_values, task_id=fetch_and_compute_spread_usd_mxn, run_id=scheduled__2024-07-14T18:45:00+00:00, execution_date=20240714T184500, start_date=20240714T184601, end_date=20240714T184602
[2024-07-14T18:46:02.149+0000] {local_task_job_runner.py:240} INFO - Task exited with return code 0
[2024-07-14T18:46:02.161+0000] {taskinstance.py:3503} INFO - 0 downstream tasks scheduled from follow-on schedule check
[2024-07-14T18:46:02.162+0000] {local_task_job_runner.py:222} INFO - ::endgroup::
[2024-07-14T20:39:51.108+0000] {local_task_job_runner.py:120} INFO - ::group::Pre task execution logs
[2024-07-14T20:39:51.169+0000] {taskinstance.py:2076} INFO - Dependencies all met for dep_context=non-requeueable deps ti=<TaskInstance: fetch_spread_values.fetch_and_compute_spread_usd_mxn scheduled__2024-07-14T18:45:00+00:00 [queued]>
[2024-07-14T20:39:51.184+0000] {taskinstance.py:2076} INFO - Dependencies all met for dep_context=requeueable deps ti=<TaskInstance: fetch_spread_values.fetch_and_compute_spread_usd_mxn scheduled__2024-07-14T18:45:00+00:00 [queued]>
[2024-07-14T20:39:51.192+0000] {taskinstance.py:2306} INFO - Starting attempt 1 of 2
[2024-07-14T20:39:51.239+0000] {taskinstance.py:2330} INFO - Executing <Task(PythonOperator): fetch_and_compute_spread_usd_mxn> on 2024-07-14 18:45:00+00:00
[2024-07-14T20:39:51.253+0000] {logging_mixin.py:188} WARNING - /home/***/.local/lib/python3.12/site-packages/***/task/task_runner/standard_task_runner.py:61 DeprecationWarning: This process (pid=5009) is multi-threaded, use of fork() may lead to deadlocks in the child.
[2024-07-14T20:39:51.263+0000] {standard_task_runner.py:63} INFO - Started process 5020 to run task
[2024-07-14T20:39:51.255+0000] {standard_task_runner.py:90} INFO - Running: ['***', 'tasks', 'run', 'fetch_spread_values', 'fetch_and_compute_spread_usd_mxn', 'scheduled__2024-07-14T18:45:00+00:00', '--job-id', '2378', '--raw', '--subdir', 'DAGS_FOLDER/***.py', '--cfg-path', '/tmp/tmpqo0ftvda']
[2024-07-14T20:39:51.273+0000] {standard_task_runner.py:91} INFO - Job 2378: Subtask fetch_and_compute_spread_usd_mxn
[2024-07-14T20:39:51.390+0000] {task_command.py:426} INFO - Running <TaskInstance: fetch_spread_values.fetch_and_compute_spread_usd_mxn scheduled__2024-07-14T18:45:00+00:00 [running]> on host 77caf7e4b282
[2024-07-14T20:39:51.491+0000] {taskinstance.py:2648} INFO - Exporting env vars: AIRFLOW_CTX_DAG_OWNER='***' AIRFLOW_CTX_DAG_ID='fetch_spread_values' AIRFLOW_CTX_TASK_ID='fetch_and_compute_spread_usd_mxn' AIRFLOW_CTX_EXECUTION_DATE='2024-07-14T18:45:00+00:00' AIRFLOW_CTX_TRY_NUMBER='1' AIRFLOW_CTX_DAG_RUN_ID='scheduled__2024-07-14T18:45:00+00:00'
[2024-07-14T20:39:51.494+0000] {taskinstance.py:430} INFO - ::endgroup::
[2024-07-14T20:39:51.723+0000] {python.py:237} INFO - Done. Returned value was: None
[2024-07-14T20:39:51.724+0000] {taskinstance.py:441} INFO - ::group::Post task execution logs
[2024-07-14T20:39:51.731+0000] {taskinstance.py:1206} INFO - Marking task as SUCCESS. dag_id=fetch_spread_values, task_id=fetch_and_compute_spread_usd_mxn, run_id=scheduled__2024-07-14T18:45:00+00:00, execution_date=20240714T184500, start_date=20240714T203951, end_date=20240714T203951
[2024-07-14T20:39:51.751+0000] {local_task_job_runner.py:240} INFO - Task exited with return code 0
[2024-07-14T20:39:51.766+0000] {taskinstance.py:3503} INFO - 0 downstream tasks scheduled from follow-on schedule check
[2024-07-14T20:39:51.767+0000] {local_task_job_runner.py:222} INFO - ::endgroup::
