[2024-07-14T16:58:31.138+0000] {local_task_job_runner.py:120} INFO - ::group::Pre task execution logs
[2024-07-14T16:58:31.169+0000] {taskinstance.py:2076} INFO - Dependencies all met for dep_context=non-requeueable deps ti=<TaskInstance: fetch_spread_values.fetch_and_compute_spread_usd_mxn scheduled__2024-07-14T16:55:00+00:00 [queued]>
[2024-07-14T16:58:31.179+0000] {taskinstance.py:2076} INFO - Dependencies all met for dep_context=requeueable deps ti=<TaskInstance: fetch_spread_values.fetch_and_compute_spread_usd_mxn scheduled__2024-07-14T16:55:00+00:00 [queued]>
[2024-07-14T16:58:31.186+0000] {taskinstance.py:2306} INFO - Starting attempt 1 of 2
[2024-07-14T16:58:31.210+0000] {taskinstance.py:2330} INFO - Executing <Task(PythonOperator): fetch_and_compute_spread_usd_mxn> on 2024-07-14 16:55:00+00:00
[2024-07-14T16:58:31.231+0000] {warnings.py:112} WARNING - /home/***/.local/lib/python3.12/site-packages/***/task/task_runner/standard_task_runner.py:61: DeprecationWarning: This process (pid=7210) is multi-threaded, use of fork() may lead to deadlocks in the child.
  pid = os.fork()

[2024-07-14T16:58:31.239+0000] {standard_task_runner.py:63} INFO - Started process 7230 to run task
[2024-07-14T16:58:31.252+0000] {standard_task_runner.py:90} INFO - Running: ['***', 'tasks', 'run', 'fetch_spread_values', 'fetch_and_compute_spread_usd_mxn', 'scheduled__2024-07-14T16:55:00+00:00', '--job-id', '2172', '--raw', '--subdir', 'DAGS_FOLDER/***.py', '--cfg-path', '/tmp/tmpmy96rk2h']
[2024-07-14T16:58:31.268+0000] {standard_task_runner.py:91} INFO - Job 2172: Subtask fetch_and_compute_spread_usd_mxn
[2024-07-14T16:58:31.377+0000] {task_command.py:426} INFO - Running <TaskInstance: fetch_spread_values.fetch_and_compute_spread_usd_mxn scheduled__2024-07-14T16:55:00+00:00 [running]> on host d537c34a4880
[2024-07-14T16:58:31.537+0000] {taskinstance.py:2648} INFO - Exporting env vars: AIRFLOW_CTX_DAG_OWNER='***' AIRFLOW_CTX_DAG_ID='fetch_spread_values' AIRFLOW_CTX_TASK_ID='fetch_and_compute_spread_usd_mxn' AIRFLOW_CTX_EXECUTION_DATE='2024-07-14T16:55:00+00:00' AIRFLOW_CTX_TRY_NUMBER='1' AIRFLOW_CTX_DAG_RUN_ID='scheduled__2024-07-14T16:55:00+00:00'
[2024-07-14T16:58:31.542+0000] {taskinstance.py:430} INFO - ::endgroup::
[2024-07-14T16:58:31.783+0000] {python.py:237} INFO - Done. Returned value was: None
[2024-07-14T16:58:31.785+0000] {taskinstance.py:441} INFO - ::group::Post task execution logs
[2024-07-14T16:58:31.795+0000] {taskinstance.py:1206} INFO - Marking task as SUCCESS. dag_id=fetch_spread_values, task_id=fetch_and_compute_spread_usd_mxn, run_id=scheduled__2024-07-14T16:55:00+00:00, execution_date=20240714T165500, start_date=20240714T165831, end_date=20240714T165831
[2024-07-14T16:58:31.845+0000] {local_task_job_runner.py:240} INFO - Task exited with return code 0
[2024-07-14T16:58:31.857+0000] {local_task_job_runner.py:222} INFO - ::endgroup::
[2024-07-14T20:39:15.501+0000] {local_task_job_runner.py:120} INFO - ::group::Pre task execution logs
[2024-07-14T20:39:15.520+0000] {taskinstance.py:2076} INFO - Dependencies all met for dep_context=non-requeueable deps ti=<TaskInstance: fetch_spread_values.fetch_and_compute_spread_usd_mxn scheduled__2024-07-14T16:55:00+00:00 [queued]>
[2024-07-14T20:39:15.524+0000] {taskinstance.py:2076} INFO - Dependencies all met for dep_context=requeueable deps ti=<TaskInstance: fetch_spread_values.fetch_and_compute_spread_usd_mxn scheduled__2024-07-14T16:55:00+00:00 [queued]>
[2024-07-14T20:39:15.525+0000] {taskinstance.py:2306} INFO - Starting attempt 1 of 2
[2024-07-14T20:39:15.533+0000] {taskinstance.py:2330} INFO - Executing <Task(PythonOperator): fetch_and_compute_spread_usd_mxn> on 2024-07-14 16:55:00+00:00
[2024-07-14T20:39:15.537+0000] {logging_mixin.py:188} WARNING - /home/***/.local/lib/python3.12/site-packages/***/task/task_runner/standard_task_runner.py:61 DeprecationWarning: This process (pid=4561) is multi-threaded, use of fork() may lead to deadlocks in the child.
[2024-07-14T20:39:15.539+0000] {standard_task_runner.py:63} INFO - Started process 4566 to run task
[2024-07-14T20:39:15.538+0000] {standard_task_runner.py:90} INFO - Running: ['***', 'tasks', 'run', 'fetch_spread_values', 'fetch_and_compute_spread_usd_mxn', 'scheduled__2024-07-14T16:55:00+00:00', '--job-id', '2159', '--raw', '--subdir', 'DAGS_FOLDER/***.py', '--cfg-path', '/tmp/tmp5uif90re']
[2024-07-14T20:39:15.540+0000] {standard_task_runner.py:91} INFO - Job 2159: Subtask fetch_and_compute_spread_usd_mxn
[2024-07-14T20:39:15.575+0000] {task_command.py:426} INFO - Running <TaskInstance: fetch_spread_values.fetch_and_compute_spread_usd_mxn scheduled__2024-07-14T16:55:00+00:00 [running]> on host 77caf7e4b282
[2024-07-14T20:39:15.637+0000] {taskinstance.py:2648} INFO - Exporting env vars: AIRFLOW_CTX_DAG_OWNER='***' AIRFLOW_CTX_DAG_ID='fetch_spread_values' AIRFLOW_CTX_TASK_ID='fetch_and_compute_spread_usd_mxn' AIRFLOW_CTX_EXECUTION_DATE='2024-07-14T16:55:00+00:00' AIRFLOW_CTX_TRY_NUMBER='1' AIRFLOW_CTX_DAG_RUN_ID='scheduled__2024-07-14T16:55:00+00:00'
[2024-07-14T20:39:15.637+0000] {taskinstance.py:430} INFO - ::endgroup::
[2024-07-14T20:39:15.814+0000] {python.py:237} INFO - Done. Returned value was: None
[2024-07-14T20:39:15.815+0000] {taskinstance.py:441} INFO - ::group::Post task execution logs
[2024-07-14T20:39:15.820+0000] {taskinstance.py:1206} INFO - Marking task as SUCCESS. dag_id=fetch_spread_values, task_id=fetch_and_compute_spread_usd_mxn, run_id=scheduled__2024-07-14T16:55:00+00:00, execution_date=20240714T165500, start_date=20240714T203915, end_date=20240714T203915
[2024-07-14T20:39:15.842+0000] {local_task_job_runner.py:240} INFO - Task exited with return code 0
[2024-07-14T20:39:15.851+0000] {taskinstance.py:3503} INFO - 0 downstream tasks scheduled from follow-on schedule check
[2024-07-14T20:39:15.852+0000] {local_task_job_runner.py:222} INFO - ::endgroup::
