[2024-07-14T09:05:32.967+0000] {local_task_job_runner.py:120} INFO - ::group::Pre task execution logs
[2024-07-14T09:05:33.066+0000] {taskinstance.py:2076} INFO - Dependencies all met for dep_context=non-requeueable deps ti=<TaskInstance: save_spread_values.save_and_flush_task scheduled__2024-07-14T05:40:00+00:00 [queued]>
[2024-07-14T09:05:33.081+0000] {taskinstance.py:2076} INFO - Dependencies all met for dep_context=requeueable deps ti=<TaskInstance: save_spread_values.save_and_flush_task scheduled__2024-07-14T05:40:00+00:00 [queued]>
[2024-07-14T09:05:33.086+0000] {taskinstance.py:2306} INFO - Starting attempt 1 of 2
[2024-07-14T09:05:33.175+0000] {taskinstance.py:2330} INFO - Executing <Task(PythonOperator): save_and_flush_task> on 2024-07-14 05:40:00+00:00
[2024-07-14T09:05:33.217+0000] {standard_task_runner.py:90} INFO - Running: ['***', 'tasks', 'run', 'save_spread_values', 'save_and_flush_task', 'scheduled__2024-07-14T05:40:00+00:00', '--job-id', '1153', '--raw', '--subdir', 'DAGS_FOLDER/***.py', '--cfg-path', '/tmp/tmp13n2thtp']
[2024-07-14T09:05:33.227+0000] {standard_task_runner.py:91} INFO - Job 1153: Subtask save_and_flush_task
[2024-07-14T09:05:33.219+0000] {warnings.py:112} WARNING - /home/***/.local/lib/python3.12/site-packages/***/task/task_runner/standard_task_runner.py:61: DeprecationWarning: This process (pid=3600) is multi-threaded, use of fork() may lead to deadlocks in the child.
  pid = os.fork()

[2024-07-14T09:05:33.254+0000] {standard_task_runner.py:63} INFO - Started process 3616 to run task
[2024-07-14T09:05:33.435+0000] {task_command.py:426} INFO - Running <TaskInstance: save_spread_values.save_and_flush_task scheduled__2024-07-14T05:40:00+00:00 [running]> on host d537c34a4880
[2024-07-14T09:05:33.719+0000] {taskinstance.py:2648} INFO - Exporting env vars: AIRFLOW_CTX_DAG_OWNER='***' AIRFLOW_CTX_DAG_ID='save_spread_values' AIRFLOW_CTX_TASK_ID='save_and_flush_task' AIRFLOW_CTX_EXECUTION_DATE='2024-07-14T05:40:00+00:00' AIRFLOW_CTX_TRY_NUMBER='1' AIRFLOW_CTX_DAG_RUN_ID='scheduled__2024-07-14T05:40:00+00:00'
[2024-07-14T09:05:33.737+0000] {taskinstance.py:430} INFO - ::endgroup::
[2024-07-14T09:05:33.745+0000] {python.py:237} INFO - Done. Returned value was: None
[2024-07-14T09:05:33.757+0000] {taskinstance.py:441} INFO - ::group::Post task execution logs
[2024-07-14T09:05:33.774+0000] {taskinstance.py:1206} INFO - Marking task as SUCCESS. dag_id=save_spread_values, task_id=save_and_flush_task, run_id=scheduled__2024-07-14T05:40:00+00:00, execution_date=20240714T054000, start_date=20240714T090533, end_date=20240714T090533
[2024-07-14T09:05:33.851+0000] {local_task_job_runner.py:240} INFO - Task exited with return code 0
[2024-07-14T09:05:33.906+0000] {taskinstance.py:3503} INFO - 0 downstream tasks scheduled from follow-on schedule check
[2024-07-14T09:05:33.916+0000] {local_task_job_runner.py:222} INFO - ::endgroup::
[2024-07-14T20:34:49.840+0000] {local_task_job_runner.py:120} INFO - ::group::Pre task execution logs
[2024-07-14T20:34:49.858+0000] {taskinstance.py:2076} INFO - Dependencies all met for dep_context=non-requeueable deps ti=<TaskInstance: save_spread_values.save_and_flush_task scheduled__2024-07-14T05:40:00+00:00 [queued]>
[2024-07-14T20:34:49.862+0000] {taskinstance.py:2076} INFO - Dependencies all met for dep_context=requeueable deps ti=<TaskInstance: save_spread_values.save_and_flush_task scheduled__2024-07-14T05:40:00+00:00 [queued]>
[2024-07-14T20:34:49.862+0000] {taskinstance.py:2306} INFO - Starting attempt 1 of 2
[2024-07-14T20:34:49.868+0000] {taskinstance.py:2330} INFO - Executing <Task(PythonOperator): save_and_flush_task> on 2024-07-14 05:40:00+00:00
[2024-07-14T20:34:49.873+0000] {logging_mixin.py:188} WARNING - /home/***/.local/lib/python3.12/site-packages/***/task/task_runner/standard_task_runner.py:61 DeprecationWarning: This process (pid=1791) is multi-threaded, use of fork() may lead to deadlocks in the child.
[2024-07-14T20:34:49.874+0000] {standard_task_runner.py:63} INFO - Started process 1794 to run task
[2024-07-14T20:34:49.876+0000] {standard_task_runner.py:90} INFO - Running: ['***', 'tasks', 'run', 'save_spread_values', 'save_and_flush_task', 'scheduled__2024-07-14T05:40:00+00:00', '--job-id', '793', '--raw', '--subdir', 'DAGS_FOLDER/***.py', '--cfg-path', '/tmp/tmpvuxo1vcl']
[2024-07-14T20:34:49.878+0000] {standard_task_runner.py:91} INFO - Job 793: Subtask save_and_flush_task
[2024-07-14T20:34:49.902+0000] {task_command.py:426} INFO - Running <TaskInstance: save_spread_values.save_and_flush_task scheduled__2024-07-14T05:40:00+00:00 [running]> on host 77caf7e4b282
[2024-07-14T20:34:49.945+0000] {taskinstance.py:2648} INFO - Exporting env vars: AIRFLOW_CTX_DAG_OWNER='***' AIRFLOW_CTX_DAG_ID='save_spread_values' AIRFLOW_CTX_TASK_ID='save_and_flush_task' AIRFLOW_CTX_EXECUTION_DATE='2024-07-14T05:40:00+00:00' AIRFLOW_CTX_TRY_NUMBER='1' AIRFLOW_CTX_DAG_RUN_ID='scheduled__2024-07-14T05:40:00+00:00'
[2024-07-14T20:34:49.946+0000] {taskinstance.py:430} INFO - ::endgroup::
[2024-07-14T20:34:49.952+0000] {python.py:237} INFO - Done. Returned value was: None
[2024-07-14T20:34:49.952+0000] {taskinstance.py:441} INFO - ::group::Post task execution logs
[2024-07-14T20:34:49.957+0000] {taskinstance.py:1206} INFO - Marking task as SUCCESS. dag_id=save_spread_values, task_id=save_and_flush_task, run_id=scheduled__2024-07-14T05:40:00+00:00, execution_date=20240714T054000, start_date=20240714T203449, end_date=20240714T203449
[2024-07-14T20:34:49.973+0000] {local_task_job_runner.py:240} INFO - Task exited with return code 0
[2024-07-14T20:34:49.982+0000] {taskinstance.py:3503} INFO - 0 downstream tasks scheduled from follow-on schedule check
[2024-07-14T20:34:49.983+0000] {local_task_job_runner.py:222} INFO - ::endgroup::
