[2024-07-14T09:00:51.678+0000] {local_task_job_runner.py:120} INFO - ::group::Pre task execution logs
[2024-07-14T09:00:51.700+0000] {taskinstance.py:2076} INFO - Dependencies all met for dep_context=non-requeueable deps ti=<TaskInstance: fetch_spread_values.fetch_and_compute_spread_usd_mxn scheduled__2024-07-14T04:22:00+00:00 [queued]>
[2024-07-14T09:00:51.707+0000] {taskinstance.py:2076} INFO - Dependencies all met for dep_context=requeueable deps ti=<TaskInstance: fetch_spread_values.fetch_and_compute_spread_usd_mxn scheduled__2024-07-14T04:22:00+00:00 [queued]>
[2024-07-14T09:00:51.710+0000] {taskinstance.py:2306} INFO - Starting attempt 1 of 2
[2024-07-14T09:00:51.721+0000] {taskinstance.py:2330} INFO - Executing <Task(PythonOperator): fetch_and_compute_spread_usd_mxn> on 2024-07-14 04:22:00+00:00
[2024-07-14T09:00:51.728+0000] {warnings.py:112} WARNING - /home/***/.local/lib/python3.12/site-packages/***/task/task_runner/standard_task_runner.py:61: DeprecationWarning: This process (pid=1725) is multi-threaded, use of fork() may lead to deadlocks in the child.
  pid = os.fork()

[2024-07-14T09:00:51.732+0000] {standard_task_runner.py:63} INFO - Started process 1743 to run task
[2024-07-14T09:00:51.731+0000] {standard_task_runner.py:90} INFO - Running: ['***', 'tasks', 'run', 'fetch_spread_values', 'fetch_and_compute_spread_usd_mxn', 'scheduled__2024-07-14T04:22:00+00:00', '--job-id', '552', '--raw', '--subdir', 'DAGS_FOLDER/***.py', '--cfg-path', '/tmp/tmpb6vxxwoy']
[2024-07-14T09:00:51.734+0000] {standard_task_runner.py:91} INFO - Job 552: Subtask fetch_and_compute_spread_usd_mxn
[2024-07-14T09:00:51.771+0000] {task_command.py:426} INFO - Running <TaskInstance: fetch_spread_values.fetch_and_compute_spread_usd_mxn scheduled__2024-07-14T04:22:00+00:00 [running]> on host d537c34a4880
[2024-07-14T09:00:51.829+0000] {taskinstance.py:2648} INFO - Exporting env vars: AIRFLOW_CTX_DAG_OWNER='***' AIRFLOW_CTX_DAG_ID='fetch_spread_values' AIRFLOW_CTX_TASK_ID='fetch_and_compute_spread_usd_mxn' AIRFLOW_CTX_EXECUTION_DATE='2024-07-14T04:22:00+00:00' AIRFLOW_CTX_TRY_NUMBER='1' AIRFLOW_CTX_DAG_RUN_ID='scheduled__2024-07-14T04:22:00+00:00'
[2024-07-14T09:00:51.831+0000] {taskinstance.py:430} INFO - ::endgroup::
[2024-07-14T09:00:51.980+0000] {python.py:237} INFO - Done. Returned value was: None
[2024-07-14T09:00:51.980+0000] {taskinstance.py:441} INFO - ::group::Post task execution logs
[2024-07-14T09:00:51.986+0000] {taskinstance.py:1206} INFO - Marking task as SUCCESS. dag_id=fetch_spread_values, task_id=fetch_and_compute_spread_usd_mxn, run_id=scheduled__2024-07-14T04:22:00+00:00, execution_date=20240714T042200, start_date=20240714T090051, end_date=20240714T090051
[2024-07-14T09:00:52.035+0000] {local_task_job_runner.py:240} INFO - Task exited with return code 0
[2024-07-14T09:00:52.048+0000] {taskinstance.py:3503} INFO - 0 downstream tasks scheduled from follow-on schedule check
[2024-07-14T09:00:52.049+0000] {local_task_job_runner.py:222} INFO - ::endgroup::
[2024-07-14T20:33:57.588+0000] {local_task_job_runner.py:120} INFO - ::group::Pre task execution logs
[2024-07-14T20:33:57.616+0000] {taskinstance.py:2076} INFO - Dependencies all met for dep_context=non-requeueable deps ti=<TaskInstance: fetch_spread_values.fetch_and_compute_spread_usd_mxn scheduled__2024-07-14T04:22:00+00:00 [queued]>
[2024-07-14T20:33:57.627+0000] {taskinstance.py:2076} INFO - Dependencies all met for dep_context=requeueable deps ti=<TaskInstance: fetch_spread_values.fetch_and_compute_spread_usd_mxn scheduled__2024-07-14T04:22:00+00:00 [queued]>
[2024-07-14T20:33:57.630+0000] {taskinstance.py:2306} INFO - Starting attempt 1 of 2
[2024-07-14T20:33:57.648+0000] {taskinstance.py:2330} INFO - Executing <Task(PythonOperator): fetch_and_compute_spread_usd_mxn> on 2024-07-14 04:22:00+00:00
[2024-07-14T20:33:57.657+0000] {logging_mixin.py:188} WARNING - /home/***/.local/lib/python3.12/site-packages/***/task/task_runner/standard_task_runner.py:61 DeprecationWarning: This process (pid=1250) is multi-threaded, use of fork() may lead to deadlocks in the child.
[2024-07-14T20:33:57.662+0000] {standard_task_runner.py:63} INFO - Started process 1259 to run task
[2024-07-14T20:33:57.659+0000] {standard_task_runner.py:90} INFO - Running: ['***', 'tasks', 'run', 'fetch_spread_values', 'fetch_and_compute_spread_usd_mxn', 'scheduled__2024-07-14T04:22:00+00:00', '--job-id', '529', '--raw', '--subdir', 'DAGS_FOLDER/***.py', '--cfg-path', '/tmp/tmpn0fqu1iy']
[2024-07-14T20:33:57.671+0000] {standard_task_runner.py:91} INFO - Job 529: Subtask fetch_and_compute_spread_usd_mxn
[2024-07-14T20:33:57.720+0000] {task_command.py:426} INFO - Running <TaskInstance: fetch_spread_values.fetch_and_compute_spread_usd_mxn scheduled__2024-07-14T04:22:00+00:00 [running]> on host 77caf7e4b282
[2024-07-14T20:33:57.789+0000] {taskinstance.py:2648} INFO - Exporting env vars: AIRFLOW_CTX_DAG_OWNER='***' AIRFLOW_CTX_DAG_ID='fetch_spread_values' AIRFLOW_CTX_TASK_ID='fetch_and_compute_spread_usd_mxn' AIRFLOW_CTX_EXECUTION_DATE='2024-07-14T04:22:00+00:00' AIRFLOW_CTX_TRY_NUMBER='1' AIRFLOW_CTX_DAG_RUN_ID='scheduled__2024-07-14T04:22:00+00:00'
[2024-07-14T20:33:57.791+0000] {taskinstance.py:430} INFO - ::endgroup::
[2024-07-14T20:33:57.981+0000] {python.py:237} INFO - Done. Returned value was: None
[2024-07-14T20:33:57.981+0000] {taskinstance.py:441} INFO - ::group::Post task execution logs
[2024-07-14T20:33:57.987+0000] {taskinstance.py:1206} INFO - Marking task as SUCCESS. dag_id=fetch_spread_values, task_id=fetch_and_compute_spread_usd_mxn, run_id=scheduled__2024-07-14T04:22:00+00:00, execution_date=20240714T042200, start_date=20240714T203357, end_date=20240714T203357
[2024-07-14T20:33:58.020+0000] {local_task_job_runner.py:240} INFO - Task exited with return code 0
[2024-07-14T20:33:58.031+0000] {taskinstance.py:3503} INFO - 0 downstream tasks scheduled from follow-on schedule check
[2024-07-14T20:33:58.032+0000] {local_task_job_runner.py:222} INFO - ::endgroup::
