[2024-07-14T09:04:58.753+0000] {local_task_job_runner.py:120} INFO - ::group::Pre task execution logs
[2024-07-14T09:04:58.765+0000] {taskinstance.py:2076} INFO - Dependencies all met for dep_context=non-requeueable deps ti=<TaskInstance: fetch_spread_values.fetch_and_compute_spread_btc_mxn scheduled__2024-07-14T08:50:00+00:00 [queued]>
[2024-07-14T09:04:58.770+0000] {taskinstance.py:2076} INFO - Dependencies all met for dep_context=requeueable deps ti=<TaskInstance: fetch_spread_values.fetch_and_compute_spread_btc_mxn scheduled__2024-07-14T08:50:00+00:00 [queued]>
[2024-07-14T09:04:58.770+0000] {taskinstance.py:2306} INFO - Starting attempt 1 of 2
[2024-07-14T09:04:58.777+0000] {taskinstance.py:2330} INFO - Executing <Task(PythonOperator): fetch_and_compute_spread_btc_mxn> on 2024-07-14 08:50:00+00:00
[2024-07-14T09:04:58.781+0000] {warnings.py:112} WARNING - /home/***/.local/lib/python3.12/site-packages/***/task/task_runner/standard_task_runner.py:61: DeprecationWarning: This process (pid=3398) is multi-threaded, use of fork() may lead to deadlocks in the child.
  pid = os.fork()

[2024-07-14T09:04:58.782+0000] {standard_task_runner.py:63} INFO - Started process 3406 to run task
[2024-07-14T09:04:58.782+0000] {standard_task_runner.py:90} INFO - Running: ['***', 'tasks', 'run', 'fetch_spread_values', 'fetch_and_compute_spread_btc_mxn', 'scheduled__2024-07-14T08:50:00+00:00', '--job-id', '1090', '--raw', '--subdir', 'DAGS_FOLDER/***.py', '--cfg-path', '/tmp/tmpg5t5_wi8']
[2024-07-14T09:04:58.784+0000] {standard_task_runner.py:91} INFO - Job 1090: Subtask fetch_and_compute_spread_btc_mxn
[2024-07-14T09:04:58.814+0000] {task_command.py:426} INFO - Running <TaskInstance: fetch_spread_values.fetch_and_compute_spread_btc_mxn scheduled__2024-07-14T08:50:00+00:00 [running]> on host d537c34a4880
[2024-07-14T09:04:58.868+0000] {taskinstance.py:2648} INFO - Exporting env vars: AIRFLOW_CTX_DAG_OWNER='***' AIRFLOW_CTX_DAG_ID='fetch_spread_values' AIRFLOW_CTX_TASK_ID='fetch_and_compute_spread_btc_mxn' AIRFLOW_CTX_EXECUTION_DATE='2024-07-14T08:50:00+00:00' AIRFLOW_CTX_TRY_NUMBER='1' AIRFLOW_CTX_DAG_RUN_ID='scheduled__2024-07-14T08:50:00+00:00'
[2024-07-14T09:04:58.873+0000] {taskinstance.py:430} INFO - ::endgroup::
[2024-07-14T09:04:59.032+0000] {python.py:237} INFO - Done. Returned value was: None
[2024-07-14T09:04:59.032+0000] {taskinstance.py:441} INFO - ::group::Post task execution logs
[2024-07-14T09:04:59.038+0000] {taskinstance.py:1206} INFO - Marking task as SUCCESS. dag_id=fetch_spread_values, task_id=fetch_and_compute_spread_btc_mxn, run_id=scheduled__2024-07-14T08:50:00+00:00, execution_date=20240714T085000, start_date=20240714T090458, end_date=20240714T090459
[2024-07-14T09:04:59.087+0000] {local_task_job_runner.py:240} INFO - Task exited with return code 0
[2024-07-14T09:04:59.098+0000] {taskinstance.py:3503} INFO - 0 downstream tasks scheduled from follow-on schedule check
[2024-07-14T09:04:59.099+0000] {local_task_job_runner.py:222} INFO - ::endgroup::
[2024-07-14T20:36:16.892+0000] {local_task_job_runner.py:120} INFO - ::group::Pre task execution logs
[2024-07-14T20:36:16.926+0000] {taskinstance.py:2076} INFO - Dependencies all met for dep_context=non-requeueable deps ti=<TaskInstance: fetch_spread_values.fetch_and_compute_spread_btc_mxn scheduled__2024-07-14T08:50:00+00:00 [queued]>
[2024-07-14T20:36:16.935+0000] {taskinstance.py:2076} INFO - Dependencies all met for dep_context=requeueable deps ti=<TaskInstance: fetch_spread_values.fetch_and_compute_spread_btc_mxn scheduled__2024-07-14T08:50:00+00:00 [queued]>
[2024-07-14T20:36:16.939+0000] {taskinstance.py:2306} INFO - Starting attempt 1 of 2
[2024-07-14T20:36:16.975+0000] {taskinstance.py:2330} INFO - Executing <Task(PythonOperator): fetch_and_compute_spread_btc_mxn> on 2024-07-14 08:50:00+00:00
[2024-07-14T20:36:16.990+0000] {logging_mixin.py:188} WARNING - /home/***/.local/lib/python3.12/site-packages/***/task/task_runner/standard_task_runner.py:61 DeprecationWarning: This process (pid=2592) is multi-threaded, use of fork() may lead to deadlocks in the child.
[2024-07-14T20:36:16.992+0000] {standard_task_runner.py:90} INFO - Running: ['***', 'tasks', 'run', 'fetch_spread_values', 'fetch_and_compute_spread_btc_mxn', 'scheduled__2024-07-14T08:50:00+00:00', '--job-id', '1189', '--raw', '--subdir', 'DAGS_FOLDER/***.py', '--cfg-path', '/tmp/tmptgdnsgen']
[2024-07-14T20:36:16.995+0000] {standard_task_runner.py:91} INFO - Job 1189: Subtask fetch_and_compute_spread_btc_mxn
[2024-07-14T20:36:16.994+0000] {standard_task_runner.py:63} INFO - Started process 2602 to run task
[2024-07-14T20:36:17.057+0000] {task_command.py:426} INFO - Running <TaskInstance: fetch_spread_values.fetch_and_compute_spread_btc_mxn scheduled__2024-07-14T08:50:00+00:00 [running]> on host 77caf7e4b282
[2024-07-14T20:36:17.197+0000] {taskinstance.py:2648} INFO - Exporting env vars: AIRFLOW_CTX_DAG_OWNER='***' AIRFLOW_CTX_DAG_ID='fetch_spread_values' AIRFLOW_CTX_TASK_ID='fetch_and_compute_spread_btc_mxn' AIRFLOW_CTX_EXECUTION_DATE='2024-07-14T08:50:00+00:00' AIRFLOW_CTX_TRY_NUMBER='1' AIRFLOW_CTX_DAG_RUN_ID='scheduled__2024-07-14T08:50:00+00:00'
[2024-07-14T20:36:17.199+0000] {taskinstance.py:430} INFO - ::endgroup::
[2024-07-14T20:36:17.441+0000] {python.py:237} INFO - Done. Returned value was: None
[2024-07-14T20:36:17.445+0000] {taskinstance.py:441} INFO - ::group::Post task execution logs
[2024-07-14T20:36:17.453+0000] {taskinstance.py:1206} INFO - Marking task as SUCCESS. dag_id=fetch_spread_values, task_id=fetch_and_compute_spread_btc_mxn, run_id=scheduled__2024-07-14T08:50:00+00:00, execution_date=20240714T085000, start_date=20240714T203616, end_date=20240714T203617
[2024-07-14T20:36:17.572+0000] {local_task_job_runner.py:240} INFO - Task exited with return code 0
[2024-07-14T20:36:17.588+0000] {taskinstance.py:3503} INFO - 0 downstream tasks scheduled from follow-on schedule check
[2024-07-14T20:36:17.605+0000] {local_task_job_runner.py:222} INFO - ::endgroup::
