[2024-07-14T12:30:04.136+0000] {local_task_job_runner.py:120} INFO - ::group::Pre task execution logs
[2024-07-14T12:30:04.274+0000] {taskinstance.py:2076} INFO - Dependencies all met for dep_context=non-requeueable deps ti=<TaskInstance: fetch_spread_values.fetch_and_compute_spread_usd_mxn scheduled__2024-07-14T12:21:00+00:00 [queued]>
[2024-07-14T12:30:04.291+0000] {taskinstance.py:2076} INFO - Dependencies all met for dep_context=requeueable deps ti=<TaskInstance: fetch_spread_values.fetch_and_compute_spread_usd_mxn scheduled__2024-07-14T12:21:00+00:00 [queued]>
[2024-07-14T12:30:04.302+0000] {taskinstance.py:2306} INFO - Starting attempt 1 of 2
[2024-07-14T12:30:04.330+0000] {taskinstance.py:2330} INFO - Executing <Task(PythonOperator): fetch_and_compute_spread_usd_mxn> on 2024-07-14 12:21:00+00:00
[2024-07-14T12:30:04.380+0000] {warnings.py:112} WARNING - /home/***/.local/lib/python3.12/site-packages/***/task/task_runner/standard_task_runner.py:61: DeprecationWarning: This process (pid=5288) is multi-threaded, use of fork() may lead to deadlocks in the child.
  pid = os.fork()

[2024-07-14T12:30:04.414+0000] {standard_task_runner.py:63} INFO - Started process 5319 to run task
[2024-07-14T12:30:04.373+0000] {standard_task_runner.py:90} INFO - Running: ['***', 'tasks', 'run', 'fetch_spread_values', 'fetch_and_compute_spread_usd_mxn', 'scheduled__2024-07-14T12:21:00+00:00', '--job-id', '1587', '--raw', '--subdir', 'DAGS_FOLDER/***.py', '--cfg-path', '/tmp/tmpjiq240lg']
[2024-07-14T12:30:04.425+0000] {standard_task_runner.py:91} INFO - Job 1587: Subtask fetch_and_compute_spread_usd_mxn
[2024-07-14T12:30:04.631+0000] {task_command.py:426} INFO - Running <TaskInstance: fetch_spread_values.fetch_and_compute_spread_usd_mxn scheduled__2024-07-14T12:21:00+00:00 [running]> on host d537c34a4880
[2024-07-14T12:30:04.943+0000] {taskinstance.py:2648} INFO - Exporting env vars: AIRFLOW_CTX_DAG_OWNER='***' AIRFLOW_CTX_DAG_ID='fetch_spread_values' AIRFLOW_CTX_TASK_ID='fetch_and_compute_spread_usd_mxn' AIRFLOW_CTX_EXECUTION_DATE='2024-07-14T12:21:00+00:00' AIRFLOW_CTX_TRY_NUMBER='1' AIRFLOW_CTX_DAG_RUN_ID='scheduled__2024-07-14T12:21:00+00:00'
[2024-07-14T12:30:04.947+0000] {taskinstance.py:430} INFO - ::endgroup::
[2024-07-14T12:30:05.246+0000] {python.py:237} INFO - Done. Returned value was: None
[2024-07-14T12:30:05.276+0000] {taskinstance.py:441} INFO - ::group::Post task execution logs
[2024-07-14T12:30:05.292+0000] {taskinstance.py:1206} INFO - Marking task as SUCCESS. dag_id=fetch_spread_values, task_id=fetch_and_compute_spread_usd_mxn, run_id=scheduled__2024-07-14T12:21:00+00:00, execution_date=20240714T122100, start_date=20240714T123004, end_date=20240714T123005
[2024-07-14T12:30:05.369+0000] {local_task_job_runner.py:240} INFO - Task exited with return code 0
[2024-07-14T12:30:05.403+0000] {taskinstance.py:3503} INFO - 0 downstream tasks scheduled from follow-on schedule check
[2024-07-14T12:30:05.412+0000] {local_task_job_runner.py:222} INFO - ::endgroup::
[2024-07-14T20:37:33.410+0000] {local_task_job_runner.py:120} INFO - ::group::Pre task execution logs
[2024-07-14T20:37:33.428+0000] {taskinstance.py:2076} INFO - Dependencies all met for dep_context=non-requeueable deps ti=<TaskInstance: fetch_spread_values.fetch_and_compute_spread_usd_mxn scheduled__2024-07-14T12:21:00+00:00 [queued]>
[2024-07-14T20:37:33.432+0000] {taskinstance.py:2076} INFO - Dependencies all met for dep_context=requeueable deps ti=<TaskInstance: fetch_spread_values.fetch_and_compute_spread_usd_mxn scheduled__2024-07-14T12:21:00+00:00 [queued]>
[2024-07-14T20:37:33.433+0000] {taskinstance.py:2306} INFO - Starting attempt 1 of 2
[2024-07-14T20:37:33.442+0000] {taskinstance.py:2330} INFO - Executing <Task(PythonOperator): fetch_and_compute_spread_usd_mxn> on 2024-07-14 12:21:00+00:00
[2024-07-14T20:37:33.446+0000] {logging_mixin.py:188} WARNING - /home/***/.local/lib/python3.12/site-packages/***/task/task_runner/standard_task_runner.py:61 DeprecationWarning: This process (pid=3453) is multi-threaded, use of fork() may lead to deadlocks in the child.
[2024-07-14T20:37:33.447+0000] {standard_task_runner.py:63} INFO - Started process 3458 to run task
[2024-07-14T20:37:33.450+0000] {standard_task_runner.py:90} INFO - Running: ['***', 'tasks', 'run', 'fetch_spread_values', 'fetch_and_compute_spread_usd_mxn', 'scheduled__2024-07-14T12:21:00+00:00', '--job-id', '1610', '--raw', '--subdir', 'DAGS_FOLDER/***.py', '--cfg-path', '/tmp/tmp8nj2_bhj']
[2024-07-14T20:37:33.453+0000] {standard_task_runner.py:91} INFO - Job 1610: Subtask fetch_and_compute_spread_usd_mxn
[2024-07-14T20:37:33.479+0000] {task_command.py:426} INFO - Running <TaskInstance: fetch_spread_values.fetch_and_compute_spread_usd_mxn scheduled__2024-07-14T12:21:00+00:00 [running]> on host 77caf7e4b282
[2024-07-14T20:37:33.523+0000] {taskinstance.py:2648} INFO - Exporting env vars: AIRFLOW_CTX_DAG_OWNER='***' AIRFLOW_CTX_DAG_ID='fetch_spread_values' AIRFLOW_CTX_TASK_ID='fetch_and_compute_spread_usd_mxn' AIRFLOW_CTX_EXECUTION_DATE='2024-07-14T12:21:00+00:00' AIRFLOW_CTX_TRY_NUMBER='1' AIRFLOW_CTX_DAG_RUN_ID='scheduled__2024-07-14T12:21:00+00:00'
[2024-07-14T20:37:33.523+0000] {taskinstance.py:430} INFO - ::endgroup::
[2024-07-14T20:37:33.709+0000] {python.py:237} INFO - Done. Returned value was: None
[2024-07-14T20:37:33.710+0000] {taskinstance.py:441} INFO - ::group::Post task execution logs
[2024-07-14T20:37:33.716+0000] {taskinstance.py:1206} INFO - Marking task as SUCCESS. dag_id=fetch_spread_values, task_id=fetch_and_compute_spread_usd_mxn, run_id=scheduled__2024-07-14T12:21:00+00:00, execution_date=20240714T122100, start_date=20240714T203733, end_date=20240714T203733
[2024-07-14T20:37:33.749+0000] {local_task_job_runner.py:240} INFO - Task exited with return code 0
[2024-07-14T20:37:33.756+0000] {local_task_job_runner.py:222} INFO - ::endgroup::
