[2024-07-14T14:12:23.623+0000] {local_task_job_runner.py:120} INFO - ::group::Pre task execution logs
[2024-07-14T14:12:23.639+0000] {taskinstance.py:2076} INFO - Dependencies all met for dep_context=non-requeueable deps ti=<TaskInstance: fetch_spread_values.fetch_and_compute_spread_usd_mxn scheduled__2024-07-14T14:02:00+00:00 [queued]>
[2024-07-14T14:12:23.645+0000] {taskinstance.py:2076} INFO - Dependencies all met for dep_context=requeueable deps ti=<TaskInstance: fetch_spread_values.fetch_and_compute_spread_usd_mxn scheduled__2024-07-14T14:02:00+00:00 [queued]>
[2024-07-14T14:12:23.648+0000] {taskinstance.py:2306} INFO - Starting attempt 1 of 2
[2024-07-14T14:12:23.658+0000] {taskinstance.py:2330} INFO - Executing <Task(PythonOperator): fetch_and_compute_spread_usd_mxn> on 2024-07-14 14:02:00+00:00
[2024-07-14T14:12:23.664+0000] {warnings.py:112} WARNING - /home/***/.local/lib/python3.12/site-packages/***/task/task_runner/standard_task_runner.py:61: DeprecationWarning: This process (pid=6007) is multi-threaded, use of fork() may lead to deadlocks in the child.
  pid = os.fork()

[2024-07-14T14:12:23.666+0000] {standard_task_runner.py:63} INFO - Started process 6026 to run task
[2024-07-14T14:12:23.666+0000] {standard_task_runner.py:90} INFO - Running: ['***', 'tasks', 'run', 'fetch_spread_values', 'fetch_and_compute_spread_usd_mxn', 'scheduled__2024-07-14T14:02:00+00:00', '--job-id', '1808', '--raw', '--subdir', 'DAGS_FOLDER/***.py', '--cfg-path', '/tmp/tmpia7d63do']
[2024-07-14T14:12:23.670+0000] {standard_task_runner.py:91} INFO - Job 1808: Subtask fetch_and_compute_spread_usd_mxn
[2024-07-14T14:12:23.717+0000] {task_command.py:426} INFO - Running <TaskInstance: fetch_spread_values.fetch_and_compute_spread_usd_mxn scheduled__2024-07-14T14:02:00+00:00 [running]> on host d537c34a4880
[2024-07-14T14:12:23.783+0000] {taskinstance.py:2648} INFO - Exporting env vars: AIRFLOW_CTX_DAG_OWNER='***' AIRFLOW_CTX_DAG_ID='fetch_spread_values' AIRFLOW_CTX_TASK_ID='fetch_and_compute_spread_usd_mxn' AIRFLOW_CTX_EXECUTION_DATE='2024-07-14T14:02:00+00:00' AIRFLOW_CTX_TRY_NUMBER='1' AIRFLOW_CTX_DAG_RUN_ID='scheduled__2024-07-14T14:02:00+00:00'
[2024-07-14T14:12:23.785+0000] {taskinstance.py:430} INFO - ::endgroup::
[2024-07-14T14:12:23.949+0000] {python.py:237} INFO - Done. Returned value was: None
[2024-07-14T14:12:23.954+0000] {taskinstance.py:441} INFO - ::group::Post task execution logs
[2024-07-14T14:12:23.968+0000] {taskinstance.py:1206} INFO - Marking task as SUCCESS. dag_id=fetch_spread_values, task_id=fetch_and_compute_spread_usd_mxn, run_id=scheduled__2024-07-14T14:02:00+00:00, execution_date=20240714T140200, start_date=20240714T141223, end_date=20240714T141223
[2024-07-14T14:12:24.016+0000] {local_task_job_runner.py:240} INFO - Task exited with return code 0
[2024-07-14T14:12:24.027+0000] {taskinstance.py:3503} INFO - 0 downstream tasks scheduled from follow-on schedule check
[2024-07-14T14:12:24.028+0000] {local_task_job_runner.py:222} INFO - ::endgroup::
[2024-07-14T20:38:13.230+0000] {local_task_job_runner.py:120} INFO - ::group::Pre task execution logs
[2024-07-14T20:38:13.259+0000] {taskinstance.py:2076} INFO - Dependencies all met for dep_context=non-requeueable deps ti=<TaskInstance: fetch_spread_values.fetch_and_compute_spread_usd_mxn scheduled__2024-07-14T14:02:00+00:00 [queued]>
[2024-07-14T20:38:13.266+0000] {taskinstance.py:2076} INFO - Dependencies all met for dep_context=requeueable deps ti=<TaskInstance: fetch_spread_values.fetch_and_compute_spread_usd_mxn scheduled__2024-07-14T14:02:00+00:00 [queued]>
[2024-07-14T20:38:13.270+0000] {taskinstance.py:2306} INFO - Starting attempt 1 of 2
[2024-07-14T20:38:13.297+0000] {taskinstance.py:2330} INFO - Executing <Task(PythonOperator): fetch_and_compute_spread_usd_mxn> on 2024-07-14 14:02:00+00:00
[2024-07-14T20:38:13.302+0000] {logging_mixin.py:188} WARNING - /home/***/.local/lib/python3.12/site-packages/***/task/task_runner/standard_task_runner.py:61 DeprecationWarning: This process (pid=3858) is multi-threaded, use of fork() may lead to deadlocks in the child.
[2024-07-14T20:38:13.308+0000] {standard_task_runner.py:63} INFO - Started process 3868 to run task
[2024-07-14T20:38:13.304+0000] {standard_task_runner.py:90} INFO - Running: ['***', 'tasks', 'run', 'fetch_spread_values', 'fetch_and_compute_spread_usd_mxn', 'scheduled__2024-07-14T14:02:00+00:00', '--job-id', '1813', '--raw', '--subdir', 'DAGS_FOLDER/***.py', '--cfg-path', '/tmp/tmpy73zqe28']
[2024-07-14T20:38:13.318+0000] {standard_task_runner.py:91} INFO - Job 1813: Subtask fetch_and_compute_spread_usd_mxn
[2024-07-14T20:38:13.381+0000] {task_command.py:426} INFO - Running <TaskInstance: fetch_spread_values.fetch_and_compute_spread_usd_mxn scheduled__2024-07-14T14:02:00+00:00 [running]> on host 77caf7e4b282
[2024-07-14T20:38:13.466+0000] {taskinstance.py:2648} INFO - Exporting env vars: AIRFLOW_CTX_DAG_OWNER='***' AIRFLOW_CTX_DAG_ID='fetch_spread_values' AIRFLOW_CTX_TASK_ID='fetch_and_compute_spread_usd_mxn' AIRFLOW_CTX_EXECUTION_DATE='2024-07-14T14:02:00+00:00' AIRFLOW_CTX_TRY_NUMBER='1' AIRFLOW_CTX_DAG_RUN_ID='scheduled__2024-07-14T14:02:00+00:00'
[2024-07-14T20:38:13.468+0000] {taskinstance.py:430} INFO - ::endgroup::
[2024-07-14T20:38:13.682+0000] {python.py:237} INFO - Done. Returned value was: None
[2024-07-14T20:38:13.684+0000] {taskinstance.py:441} INFO - ::group::Post task execution logs
[2024-07-14T20:38:13.698+0000] {taskinstance.py:1206} INFO - Marking task as SUCCESS. dag_id=fetch_spread_values, task_id=fetch_and_compute_spread_usd_mxn, run_id=scheduled__2024-07-14T14:02:00+00:00, execution_date=20240714T140200, start_date=20240714T203813, end_date=20240714T203813
[2024-07-14T20:38:13.755+0000] {local_task_job_runner.py:240} INFO - Task exited with return code 0
[2024-07-14T20:38:13.777+0000] {taskinstance.py:3503} INFO - 0 downstream tasks scheduled from follow-on schedule check
[2024-07-14T20:38:13.787+0000] {local_task_job_runner.py:222} INFO - ::endgroup::
