[2024-07-14T09:01:29.018+0000] {local_task_job_runner.py:120} INFO - ::group::Pre task execution logs
[2024-07-14T09:01:29.054+0000] {taskinstance.py:2076} INFO - Dependencies all met for dep_context=non-requeueable deps ti=<TaskInstance: fetch_spread_values.fetch_and_compute_spread_btc_mxn scheduled__2024-07-14T05:08:00+00:00 [queued]>
[2024-07-14T09:01:29.068+0000] {taskinstance.py:2076} INFO - Dependencies all met for dep_context=requeueable deps ti=<TaskInstance: fetch_spread_values.fetch_and_compute_spread_btc_mxn scheduled__2024-07-14T05:08:00+00:00 [queued]>
[2024-07-14T09:01:29.070+0000] {taskinstance.py:2306} INFO - Starting attempt 1 of 2
[2024-07-14T09:01:29.086+0000] {taskinstance.py:2330} INFO - Executing <Task(PythonOperator): fetch_and_compute_spread_btc_mxn> on 2024-07-14 05:08:00+00:00
[2024-07-14T09:01:29.098+0000] {warnings.py:112} WARNING - /home/***/.local/lib/python3.12/site-packages/***/task/task_runner/standard_task_runner.py:61: DeprecationWarning: This process (pid=2007) is multi-threaded, use of fork() may lead to deadlocks in the child.
  pid = os.fork()

[2024-07-14T09:01:29.100+0000] {standard_task_runner.py:63} INFO - Started process 2031 to run task
[2024-07-14T09:01:29.104+0000] {standard_task_runner.py:90} INFO - Running: ['***', 'tasks', 'run', 'fetch_spread_values', 'fetch_and_compute_spread_btc_mxn', 'scheduled__2024-07-14T05:08:00+00:00', '--job-id', '646', '--raw', '--subdir', 'DAGS_FOLDER/***.py', '--cfg-path', '/tmp/tmpa35edl00']
[2024-07-14T09:01:29.108+0000] {standard_task_runner.py:91} INFO - Job 646: Subtask fetch_and_compute_spread_btc_mxn
[2024-07-14T09:01:29.205+0000] {task_command.py:426} INFO - Running <TaskInstance: fetch_spread_values.fetch_and_compute_spread_btc_mxn scheduled__2024-07-14T05:08:00+00:00 [running]> on host d537c34a4880
[2024-07-14T09:01:29.386+0000] {taskinstance.py:2648} INFO - Exporting env vars: AIRFLOW_CTX_DAG_OWNER='***' AIRFLOW_CTX_DAG_ID='fetch_spread_values' AIRFLOW_CTX_TASK_ID='fetch_and_compute_spread_btc_mxn' AIRFLOW_CTX_EXECUTION_DATE='2024-07-14T05:08:00+00:00' AIRFLOW_CTX_TRY_NUMBER='1' AIRFLOW_CTX_DAG_RUN_ID='scheduled__2024-07-14T05:08:00+00:00'
[2024-07-14T09:01:29.387+0000] {taskinstance.py:430} INFO - ::endgroup::
[2024-07-14T09:01:29.554+0000] {python.py:237} INFO - Done. Returned value was: None
[2024-07-14T09:01:29.559+0000] {taskinstance.py:441} INFO - ::group::Post task execution logs
[2024-07-14T09:01:29.570+0000] {taskinstance.py:1206} INFO - Marking task as SUCCESS. dag_id=fetch_spread_values, task_id=fetch_and_compute_spread_btc_mxn, run_id=scheduled__2024-07-14T05:08:00+00:00, execution_date=20240714T050800, start_date=20240714T090129, end_date=20240714T090129
[2024-07-14T09:01:29.623+0000] {local_task_job_runner.py:240} INFO - Task exited with return code 0
[2024-07-14T09:01:29.634+0000] {taskinstance.py:3503} INFO - 0 downstream tasks scheduled from follow-on schedule check
[2024-07-14T09:01:29.635+0000] {local_task_job_runner.py:222} INFO - ::endgroup::
[2024-07-14T20:34:17.618+0000] {local_task_job_runner.py:120} INFO - ::group::Pre task execution logs
[2024-07-14T20:34:17.652+0000] {taskinstance.py:2076} INFO - Dependencies all met for dep_context=non-requeueable deps ti=<TaskInstance: fetch_spread_values.fetch_and_compute_spread_btc_mxn scheduled__2024-07-14T05:08:00+00:00 [queued]>
[2024-07-14T20:34:17.664+0000] {taskinstance.py:2076} INFO - Dependencies all met for dep_context=requeueable deps ti=<TaskInstance: fetch_spread_values.fetch_and_compute_spread_btc_mxn scheduled__2024-07-14T05:08:00+00:00 [queued]>
[2024-07-14T20:34:17.668+0000] {taskinstance.py:2306} INFO - Starting attempt 1 of 2
[2024-07-14T20:34:17.770+0000] {taskinstance.py:2330} INFO - Executing <Task(PythonOperator): fetch_and_compute_spread_btc_mxn> on 2024-07-14 05:08:00+00:00
[2024-07-14T20:34:17.777+0000] {logging_mixin.py:188} WARNING - /home/***/.local/lib/python3.12/site-packages/***/task/task_runner/standard_task_runner.py:61 DeprecationWarning: This process (pid=1441) is multi-threaded, use of fork() may lead to deadlocks in the child.
[2024-07-14T20:34:17.780+0000] {standard_task_runner.py:63} INFO - Started process 1450 to run task
[2024-07-14T20:34:17.779+0000] {standard_task_runner.py:90} INFO - Running: ['***', 'tasks', 'run', 'fetch_spread_values', 'fetch_and_compute_spread_btc_mxn', 'scheduled__2024-07-14T05:08:00+00:00', '--job-id', '621', '--raw', '--subdir', 'DAGS_FOLDER/***.py', '--cfg-path', '/tmp/tmpdor6fq0u']
[2024-07-14T20:34:17.787+0000] {standard_task_runner.py:91} INFO - Job 621: Subtask fetch_and_compute_spread_btc_mxn
[2024-07-14T20:34:17.866+0000] {task_command.py:426} INFO - Running <TaskInstance: fetch_spread_values.fetch_and_compute_spread_btc_mxn scheduled__2024-07-14T05:08:00+00:00 [running]> on host 77caf7e4b282
[2024-07-14T20:34:17.986+0000] {taskinstance.py:2648} INFO - Exporting env vars: AIRFLOW_CTX_DAG_OWNER='***' AIRFLOW_CTX_DAG_ID='fetch_spread_values' AIRFLOW_CTX_TASK_ID='fetch_and_compute_spread_btc_mxn' AIRFLOW_CTX_EXECUTION_DATE='2024-07-14T05:08:00+00:00' AIRFLOW_CTX_TRY_NUMBER='1' AIRFLOW_CTX_DAG_RUN_ID='scheduled__2024-07-14T05:08:00+00:00'
[2024-07-14T20:34:17.988+0000] {taskinstance.py:430} INFO - ::endgroup::
[2024-07-14T20:34:18.163+0000] {python.py:237} INFO - Done. Returned value was: None
[2024-07-14T20:34:18.163+0000] {taskinstance.py:441} INFO - ::group::Post task execution logs
[2024-07-14T20:34:18.169+0000] {taskinstance.py:1206} INFO - Marking task as SUCCESS. dag_id=fetch_spread_values, task_id=fetch_and_compute_spread_btc_mxn, run_id=scheduled__2024-07-14T05:08:00+00:00, execution_date=20240714T050800, start_date=20240714T203417, end_date=20240714T203418
[2024-07-14T20:34:18.177+0000] {local_task_job_runner.py:240} INFO - Task exited with return code 0
[2024-07-14T20:34:18.186+0000] {taskinstance.py:3503} INFO - 0 downstream tasks scheduled from follow-on schedule check
[2024-07-14T20:34:18.189+0000] {local_task_job_runner.py:222} INFO - ::endgroup::
