[2024-07-14T14:12:21.504+0000] {local_task_job_runner.py:120} INFO - ::group::Pre task execution logs
[2024-07-14T14:12:21.562+0000] {taskinstance.py:2076} INFO - Dependencies all met for dep_context=non-requeueable deps ti=<TaskInstance: fetch_spread_values.fetch_and_compute_spread_usd_mxn scheduled__2024-07-14T13:58:00+00:00 [queued]>
[2024-07-14T14:12:21.586+0000] {taskinstance.py:2076} INFO - Dependencies all met for dep_context=requeueable deps ti=<TaskInstance: fetch_spread_values.fetch_and_compute_spread_usd_mxn scheduled__2024-07-14T13:58:00+00:00 [queued]>
[2024-07-14T14:12:21.590+0000] {taskinstance.py:2306} INFO - Starting attempt 1 of 2
[2024-07-14T14:12:21.625+0000] {taskinstance.py:2330} INFO - Executing <Task(PythonOperator): fetch_and_compute_spread_usd_mxn> on 2024-07-14 13:58:00+00:00
[2024-07-14T14:12:21.657+0000] {warnings.py:112} WARNING - /home/***/.local/lib/python3.12/site-packages/***/task/task_runner/standard_task_runner.py:61: DeprecationWarning: This process (pid=5977) is multi-threaded, use of fork() may lead to deadlocks in the child.
  pid = os.fork()

[2024-07-14T14:12:21.662+0000] {standard_task_runner.py:63} INFO - Started process 6010 to run task
[2024-07-14T14:12:21.643+0000] {standard_task_runner.py:90} INFO - Running: ['***', 'tasks', 'run', 'fetch_spread_values', 'fetch_and_compute_spread_usd_mxn', 'scheduled__2024-07-14T13:58:00+00:00', '--job-id', '1798', '--raw', '--subdir', 'DAGS_FOLDER/***.py', '--cfg-path', '/tmp/tmpfrdga3wi']
[2024-07-14T14:12:21.664+0000] {standard_task_runner.py:91} INFO - Job 1798: Subtask fetch_and_compute_spread_usd_mxn
[2024-07-14T14:12:21.821+0000] {task_command.py:426} INFO - Running <TaskInstance: fetch_spread_values.fetch_and_compute_spread_usd_mxn scheduled__2024-07-14T13:58:00+00:00 [running]> on host d537c34a4880
[2024-07-14T14:12:22.128+0000] {taskinstance.py:2648} INFO - Exporting env vars: AIRFLOW_CTX_DAG_OWNER='***' AIRFLOW_CTX_DAG_ID='fetch_spread_values' AIRFLOW_CTX_TASK_ID='fetch_and_compute_spread_usd_mxn' AIRFLOW_CTX_EXECUTION_DATE='2024-07-14T13:58:00+00:00' AIRFLOW_CTX_TRY_NUMBER='1' AIRFLOW_CTX_DAG_RUN_ID='scheduled__2024-07-14T13:58:00+00:00'
[2024-07-14T14:12:22.139+0000] {taskinstance.py:430} INFO - ::endgroup::
[2024-07-14T14:12:22.470+0000] {python.py:237} INFO - Done. Returned value was: None
[2024-07-14T14:12:22.504+0000] {taskinstance.py:441} INFO - ::group::Post task execution logs
[2024-07-14T14:12:22.539+0000] {taskinstance.py:1206} INFO - Marking task as SUCCESS. dag_id=fetch_spread_values, task_id=fetch_and_compute_spread_usd_mxn, run_id=scheduled__2024-07-14T13:58:00+00:00, execution_date=20240714T135800, start_date=20240714T141221, end_date=20240714T141222
[2024-07-14T14:12:22.620+0000] {local_task_job_runner.py:240} INFO - Task exited with return code 0
[2024-07-14T14:12:22.673+0000] {taskinstance.py:3503} INFO - 0 downstream tasks scheduled from follow-on schedule check
[2024-07-14T14:12:22.731+0000] {local_task_job_runner.py:222} INFO - ::endgroup::
[2024-07-14T20:38:10.867+0000] {local_task_job_runner.py:120} INFO - ::group::Pre task execution logs
[2024-07-14T20:38:10.894+0000] {taskinstance.py:2076} INFO - Dependencies all met for dep_context=non-requeueable deps ti=<TaskInstance: fetch_spread_values.fetch_and_compute_spread_usd_mxn scheduled__2024-07-14T13:58:00+00:00 [queued]>
[2024-07-14T20:38:10.899+0000] {taskinstance.py:2076} INFO - Dependencies all met for dep_context=requeueable deps ti=<TaskInstance: fetch_spread_values.fetch_and_compute_spread_usd_mxn scheduled__2024-07-14T13:58:00+00:00 [queued]>
[2024-07-14T20:38:10.900+0000] {taskinstance.py:2306} INFO - Starting attempt 1 of 2
[2024-07-14T20:38:10.911+0000] {taskinstance.py:2330} INFO - Executing <Task(PythonOperator): fetch_and_compute_spread_usd_mxn> on 2024-07-14 13:58:00+00:00
[2024-07-14T20:38:10.915+0000] {logging_mixin.py:188} WARNING - /home/***/.local/lib/python3.12/site-packages/***/task/task_runner/standard_task_runner.py:61 DeprecationWarning: This process (pid=3843) is multi-threaded, use of fork() may lead to deadlocks in the child.
[2024-07-14T20:38:10.916+0000] {standard_task_runner.py:63} INFO - Started process 3849 to run task
[2024-07-14T20:38:10.916+0000] {standard_task_runner.py:90} INFO - Running: ['***', 'tasks', 'run', 'fetch_spread_values', 'fetch_and_compute_spread_usd_mxn', 'scheduled__2024-07-14T13:58:00+00:00', '--job-id', '1804', '--raw', '--subdir', 'DAGS_FOLDER/***.py', '--cfg-path', '/tmp/tmputfxb47i']
[2024-07-14T20:38:10.917+0000] {standard_task_runner.py:91} INFO - Job 1804: Subtask fetch_and_compute_spread_usd_mxn
[2024-07-14T20:38:10.956+0000] {task_command.py:426} INFO - Running <TaskInstance: fetch_spread_values.fetch_and_compute_spread_usd_mxn scheduled__2024-07-14T13:58:00+00:00 [running]> on host 77caf7e4b282
[2024-07-14T20:38:11.019+0000] {taskinstance.py:2648} INFO - Exporting env vars: AIRFLOW_CTX_DAG_OWNER='***' AIRFLOW_CTX_DAG_ID='fetch_spread_values' AIRFLOW_CTX_TASK_ID='fetch_and_compute_spread_usd_mxn' AIRFLOW_CTX_EXECUTION_DATE='2024-07-14T13:58:00+00:00' AIRFLOW_CTX_TRY_NUMBER='1' AIRFLOW_CTX_DAG_RUN_ID='scheduled__2024-07-14T13:58:00+00:00'
[2024-07-14T20:38:11.020+0000] {taskinstance.py:430} INFO - ::endgroup::
[2024-07-14T20:38:11.176+0000] {python.py:237} INFO - Done. Returned value was: None
[2024-07-14T20:38:11.177+0000] {taskinstance.py:441} INFO - ::group::Post task execution logs
[2024-07-14T20:38:11.182+0000] {taskinstance.py:1206} INFO - Marking task as SUCCESS. dag_id=fetch_spread_values, task_id=fetch_and_compute_spread_usd_mxn, run_id=scheduled__2024-07-14T13:58:00+00:00, execution_date=20240714T135800, start_date=20240714T203810, end_date=20240714T203811
[2024-07-14T20:38:11.218+0000] {local_task_job_runner.py:240} INFO - Task exited with return code 0
[2024-07-14T20:38:11.227+0000] {taskinstance.py:3503} INFO - 0 downstream tasks scheduled from follow-on schedule check
[2024-07-14T20:38:11.227+0000] {local_task_job_runner.py:222} INFO - ::endgroup::
