[2024-07-14T09:05:06.967+0000] {local_task_job_runner.py:120} INFO - ::group::Pre task execution logs
[2024-07-14T09:05:07.054+0000] {taskinstance.py:2076} INFO - Dependencies all met for dep_context=non-requeueable deps ti=<TaskInstance: fetch_spread_values.fetch_and_compute_spread_btc_mxn scheduled__2024-07-14T08:56:00+00:00 [queued]>
[2024-07-14T09:05:07.085+0000] {taskinstance.py:2076} INFO - Dependencies all met for dep_context=requeueable deps ti=<TaskInstance: fetch_spread_values.fetch_and_compute_spread_btc_mxn scheduled__2024-07-14T08:56:00+00:00 [queued]>
[2024-07-14T09:05:07.092+0000] {taskinstance.py:2306} INFO - Starting attempt 1 of 2
[2024-07-14T09:05:07.156+0000] {taskinstance.py:2330} INFO - Executing <Task(PythonOperator): fetch_and_compute_spread_btc_mxn> on 2024-07-14 08:56:00+00:00
[2024-07-14T09:05:07.172+0000] {warnings.py:112} WARNING - /home/***/.local/lib/python3.12/site-packages/***/task/task_runner/standard_task_runner.py:61: DeprecationWarning: This process (pid=3445) is multi-threaded, use of fork() may lead to deadlocks in the child.
  pid = os.fork()

[2024-07-14T09:05:07.177+0000] {standard_task_runner.py:63} INFO - Started process 3477 to run task
[2024-07-14T09:05:07.181+0000] {standard_task_runner.py:90} INFO - Running: ['***', 'tasks', 'run', 'fetch_spread_values', 'fetch_and_compute_spread_btc_mxn', 'scheduled__2024-07-14T08:56:00+00:00', '--job-id', '1107', '--raw', '--subdir', 'DAGS_FOLDER/***.py', '--cfg-path', '/tmp/tmph9hm__12']
[2024-07-14T09:05:07.193+0000] {standard_task_runner.py:91} INFO - Job 1107: Subtask fetch_and_compute_spread_btc_mxn
[2024-07-14T09:05:07.348+0000] {task_command.py:426} INFO - Running <TaskInstance: fetch_spread_values.fetch_and_compute_spread_btc_mxn scheduled__2024-07-14T08:56:00+00:00 [running]> on host d537c34a4880
[2024-07-14T09:05:07.572+0000] {taskinstance.py:2648} INFO - Exporting env vars: AIRFLOW_CTX_DAG_OWNER='***' AIRFLOW_CTX_DAG_ID='fetch_spread_values' AIRFLOW_CTX_TASK_ID='fetch_and_compute_spread_btc_mxn' AIRFLOW_CTX_EXECUTION_DATE='2024-07-14T08:56:00+00:00' AIRFLOW_CTX_TRY_NUMBER='1' AIRFLOW_CTX_DAG_RUN_ID='scheduled__2024-07-14T08:56:00+00:00'
[2024-07-14T09:05:07.579+0000] {taskinstance.py:430} INFO - ::endgroup::
[2024-07-14T09:05:07.881+0000] {python.py:237} INFO - Done. Returned value was: None
[2024-07-14T09:05:07.882+0000] {taskinstance.py:441} INFO - ::group::Post task execution logs
[2024-07-14T09:05:07.912+0000] {taskinstance.py:1206} INFO - Marking task as SUCCESS. dag_id=fetch_spread_values, task_id=fetch_and_compute_spread_btc_mxn, run_id=scheduled__2024-07-14T08:56:00+00:00, execution_date=20240714T085600, start_date=20240714T090507, end_date=20240714T090507
[2024-07-14T09:05:07.977+0000] {local_task_job_runner.py:240} INFO - Task exited with return code 0
[2024-07-14T09:05:08.019+0000] {local_task_job_runner.py:222} INFO - ::endgroup::
[2024-07-14T20:36:17.568+0000] {local_task_job_runner.py:120} INFO - ::group::Pre task execution logs
[2024-07-14T20:36:17.595+0000] {taskinstance.py:2076} INFO - Dependencies all met for dep_context=non-requeueable deps ti=<TaskInstance: fetch_spread_values.fetch_and_compute_spread_btc_mxn scheduled__2024-07-14T08:56:00+00:00 [queued]>
[2024-07-14T20:36:17.625+0000] {taskinstance.py:2076} INFO - Dependencies all met for dep_context=requeueable deps ti=<TaskInstance: fetch_spread_values.fetch_and_compute_spread_btc_mxn scheduled__2024-07-14T08:56:00+00:00 [queued]>
[2024-07-14T20:36:17.632+0000] {taskinstance.py:2306} INFO - Starting attempt 1 of 2
[2024-07-14T20:36:17.650+0000] {taskinstance.py:2330} INFO - Executing <Task(PythonOperator): fetch_and_compute_spread_btc_mxn> on 2024-07-14 08:56:00+00:00
[2024-07-14T20:36:17.658+0000] {logging_mixin.py:188} WARNING - /home/***/.local/lib/python3.12/site-packages/***/task/task_runner/standard_task_runner.py:61 DeprecationWarning: This process (pid=2612) is multi-threaded, use of fork() may lead to deadlocks in the child.
[2024-07-14T20:36:17.661+0000] {standard_task_runner.py:63} INFO - Started process 2621 to run task
[2024-07-14T20:36:17.659+0000] {standard_task_runner.py:90} INFO - Running: ['***', 'tasks', 'run', 'fetch_spread_values', 'fetch_and_compute_spread_btc_mxn', 'scheduled__2024-07-14T08:56:00+00:00', '--job-id', '1200', '--raw', '--subdir', 'DAGS_FOLDER/***.py', '--cfg-path', '/tmp/tmpb4tzqsmy']
[2024-07-14T20:36:17.665+0000] {standard_task_runner.py:91} INFO - Job 1200: Subtask fetch_and_compute_spread_btc_mxn
[2024-07-14T20:36:17.763+0000] {task_command.py:426} INFO - Running <TaskInstance: fetch_spread_values.fetch_and_compute_spread_btc_mxn scheduled__2024-07-14T08:56:00+00:00 [running]> on host 77caf7e4b282
[2024-07-14T20:36:17.857+0000] {taskinstance.py:2648} INFO - Exporting env vars: AIRFLOW_CTX_DAG_OWNER='***' AIRFLOW_CTX_DAG_ID='fetch_spread_values' AIRFLOW_CTX_TASK_ID='fetch_and_compute_spread_btc_mxn' AIRFLOW_CTX_EXECUTION_DATE='2024-07-14T08:56:00+00:00' AIRFLOW_CTX_TRY_NUMBER='1' AIRFLOW_CTX_DAG_RUN_ID='scheduled__2024-07-14T08:56:00+00:00'
[2024-07-14T20:36:17.858+0000] {taskinstance.py:430} INFO - ::endgroup::
[2024-07-14T20:36:18.036+0000] {python.py:237} INFO - Done. Returned value was: None
[2024-07-14T20:36:18.037+0000] {taskinstance.py:441} INFO - ::group::Post task execution logs
[2024-07-14T20:36:18.043+0000] {taskinstance.py:1206} INFO - Marking task as SUCCESS. dag_id=fetch_spread_values, task_id=fetch_and_compute_spread_btc_mxn, run_id=scheduled__2024-07-14T08:56:00+00:00, execution_date=20240714T085600, start_date=20240714T203617, end_date=20240714T203618
[2024-07-14T20:36:18.057+0000] {local_task_job_runner.py:240} INFO - Task exited with return code 0
[2024-07-14T20:36:18.066+0000] {taskinstance.py:3503} INFO - 0 downstream tasks scheduled from follow-on schedule check
[2024-07-14T20:36:18.069+0000] {local_task_job_runner.py:222} INFO - ::endgroup::
