[2024-07-14T08:58:39.063+0000] {local_task_job_runner.py:120} INFO - ::group::Pre task execution logs
[2024-07-14T08:58:39.086+0000] {taskinstance.py:2076} INFO - Dependencies all met for dep_context=non-requeueable deps ti=<TaskInstance: fetch_spread_values.fetch_and_compute_spread_usd_mxn scheduled__2024-07-14T02:02:00+00:00 [queued]>
[2024-07-14T08:58:39.095+0000] {taskinstance.py:2076} INFO - Dependencies all met for dep_context=requeueable deps ti=<TaskInstance: fetch_spread_values.fetch_and_compute_spread_usd_mxn scheduled__2024-07-14T02:02:00+00:00 [queued]>
[2024-07-14T08:58:39.096+0000] {taskinstance.py:2306} INFO - Starting attempt 1 of 2
[2024-07-14T08:58:39.108+0000] {taskinstance.py:2330} INFO - Executing <Task(PythonOperator): fetch_and_compute_spread_usd_mxn> on 2024-07-14 02:02:00+00:00
[2024-07-14T08:58:39.116+0000] {warnings.py:112} WARNING - /home/***/.local/lib/python3.12/site-packages/***/task/task_runner/standard_task_runner.py:61: DeprecationWarning: This process (pid=862) is multi-threaded, use of fork() may lead to deadlocks in the child.
  pid = os.fork()

[2024-07-14T08:58:39.120+0000] {standard_task_runner.py:63} INFO - Started process 889 to run task
[2024-07-14T08:58:39.117+0000] {standard_task_runner.py:90} INFO - Running: ['***', 'tasks', 'run', 'fetch_spread_values', 'fetch_and_compute_spread_usd_mxn', 'scheduled__2024-07-14T02:02:00+00:00', '--job-id', '274', '--raw', '--subdir', 'DAGS_FOLDER/***.py', '--cfg-path', '/tmp/tmppmif7pn5']
[2024-07-14T08:58:39.122+0000] {standard_task_runner.py:91} INFO - Job 274: Subtask fetch_and_compute_spread_usd_mxn
[2024-07-14T08:58:39.183+0000] {task_command.py:426} INFO - Running <TaskInstance: fetch_spread_values.fetch_and_compute_spread_usd_mxn scheduled__2024-07-14T02:02:00+00:00 [running]> on host d537c34a4880
[2024-07-14T08:58:39.269+0000] {taskinstance.py:2648} INFO - Exporting env vars: AIRFLOW_CTX_DAG_OWNER='***' AIRFLOW_CTX_DAG_ID='fetch_spread_values' AIRFLOW_CTX_TASK_ID='fetch_and_compute_spread_usd_mxn' AIRFLOW_CTX_EXECUTION_DATE='2024-07-14T02:02:00+00:00' AIRFLOW_CTX_TRY_NUMBER='1' AIRFLOW_CTX_DAG_RUN_ID='scheduled__2024-07-14T02:02:00+00:00'
[2024-07-14T08:58:39.271+0000] {taskinstance.py:430} INFO - ::endgroup::
[2024-07-14T08:58:39.427+0000] {python.py:237} INFO - Done. Returned value was: None
[2024-07-14T08:58:39.428+0000] {taskinstance.py:441} INFO - ::group::Post task execution logs
[2024-07-14T08:58:39.436+0000] {taskinstance.py:1206} INFO - Marking task as SUCCESS. dag_id=fetch_spread_values, task_id=fetch_and_compute_spread_usd_mxn, run_id=scheduled__2024-07-14T02:02:00+00:00, execution_date=20240714T020200, start_date=20240714T085839, end_date=20240714T085839
[2024-07-14T08:58:39.472+0000] {local_task_job_runner.py:240} INFO - Task exited with return code 0
[2024-07-14T08:58:39.483+0000] {taskinstance.py:3503} INFO - 0 downstream tasks scheduled from follow-on schedule check
[2024-07-14T08:58:39.484+0000] {local_task_job_runner.py:222} INFO - ::endgroup::
[2024-07-14T20:33:06.280+0000] {local_task_job_runner.py:120} INFO - ::group::Pre task execution logs
[2024-07-14T20:33:06.300+0000] {taskinstance.py:2076} INFO - Dependencies all met for dep_context=non-requeueable deps ti=<TaskInstance: fetch_spread_values.fetch_and_compute_spread_usd_mxn scheduled__2024-07-14T02:02:00+00:00 [queued]>
[2024-07-14T20:33:06.305+0000] {taskinstance.py:2076} INFO - Dependencies all met for dep_context=requeueable deps ti=<TaskInstance: fetch_spread_values.fetch_and_compute_spread_usd_mxn scheduled__2024-07-14T02:02:00+00:00 [queued]>
[2024-07-14T20:33:06.305+0000] {taskinstance.py:2306} INFO - Starting attempt 1 of 2
[2024-07-14T20:33:06.312+0000] {taskinstance.py:2330} INFO - Executing <Task(PythonOperator): fetch_and_compute_spread_usd_mxn> on 2024-07-14 02:02:00+00:00
[2024-07-14T20:33:06.315+0000] {logging_mixin.py:188} WARNING - /home/***/.local/lib/python3.12/site-packages/***/task/task_runner/standard_task_runner.py:61 DeprecationWarning: This process (pid=686) is multi-threaded, use of fork() may lead to deadlocks in the child.
[2024-07-14T20:33:06.316+0000] {standard_task_runner.py:63} INFO - Started process 688 to run task
[2024-07-14T20:33:06.315+0000] {standard_task_runner.py:90} INFO - Running: ['***', 'tasks', 'run', 'fetch_spread_values', 'fetch_and_compute_spread_usd_mxn', 'scheduled__2024-07-14T02:02:00+00:00', '--job-id', '249', '--raw', '--subdir', 'DAGS_FOLDER/***.py', '--cfg-path', '/tmp/tmpd00e12aa']
[2024-07-14T20:33:06.316+0000] {standard_task_runner.py:91} INFO - Job 249: Subtask fetch_and_compute_spread_usd_mxn
[2024-07-14T20:33:06.342+0000] {task_command.py:426} INFO - Running <TaskInstance: fetch_spread_values.fetch_and_compute_spread_usd_mxn scheduled__2024-07-14T02:02:00+00:00 [running]> on host 77caf7e4b282
[2024-07-14T20:33:06.386+0000] {taskinstance.py:2648} INFO - Exporting env vars: AIRFLOW_CTX_DAG_OWNER='***' AIRFLOW_CTX_DAG_ID='fetch_spread_values' AIRFLOW_CTX_TASK_ID='fetch_and_compute_spread_usd_mxn' AIRFLOW_CTX_EXECUTION_DATE='2024-07-14T02:02:00+00:00' AIRFLOW_CTX_TRY_NUMBER='1' AIRFLOW_CTX_DAG_RUN_ID='scheduled__2024-07-14T02:02:00+00:00'
[2024-07-14T20:33:06.387+0000] {taskinstance.py:430} INFO - ::endgroup::
[2024-07-14T20:33:06.548+0000] {python.py:237} INFO - Done. Returned value was: None
[2024-07-14T20:33:06.549+0000] {taskinstance.py:441} INFO - ::group::Post task execution logs
[2024-07-14T20:33:06.555+0000] {taskinstance.py:1206} INFO - Marking task as SUCCESS. dag_id=fetch_spread_values, task_id=fetch_and_compute_spread_usd_mxn, run_id=scheduled__2024-07-14T02:02:00+00:00, execution_date=20240714T020200, start_date=20240714T203306, end_date=20240714T203306
[2024-07-14T20:33:06.583+0000] {local_task_job_runner.py:240} INFO - Task exited with return code 0
[2024-07-14T20:33:06.589+0000] {local_task_job_runner.py:222} INFO - ::endgroup::
