[2024-07-14T09:04:10.652+0000] {local_task_job_runner.py:120} INFO - ::group::Pre task execution logs
[2024-07-14T09:04:10.783+0000] {taskinstance.py:2076} INFO - Dependencies all met for dep_context=non-requeueable deps ti=<TaskInstance: fetch_spread_values.fetch_and_compute_spread_btc_mxn scheduled__2024-07-14T07:57:00+00:00 [queued]>
[2024-07-14T09:04:10.827+0000] {taskinstance.py:2076} INFO - Dependencies all met for dep_context=requeueable deps ti=<TaskInstance: fetch_spread_values.fetch_and_compute_spread_btc_mxn scheduled__2024-07-14T07:57:00+00:00 [queued]>
[2024-07-14T09:04:10.886+0000] {taskinstance.py:2306} INFO - Starting attempt 1 of 2
[2024-07-14T09:04:10.977+0000] {taskinstance.py:2330} INFO - Executing <Task(PythonOperator): fetch_and_compute_spread_btc_mxn> on 2024-07-14 07:57:00+00:00
[2024-07-14T09:04:11.005+0000] {warnings.py:112} WARNING - /home/***/.local/lib/python3.12/site-packages/***/task/task_runner/standard_task_runner.py:61: DeprecationWarning: This process (pid=3064) is multi-threaded, use of fork() may lead to deadlocks in the child.
  pid = os.fork()

[2024-07-14T09:04:11.021+0000] {standard_task_runner.py:63} INFO - Started process 3090 to run task
[2024-07-14T09:04:11.087+0000] {standard_task_runner.py:90} INFO - Running: ['***', 'tasks', 'run', 'fetch_spread_values', 'fetch_and_compute_spread_btc_mxn', 'scheduled__2024-07-14T07:57:00+00:00', '--job-id', '983', '--raw', '--subdir', 'DAGS_FOLDER/***.py', '--cfg-path', '/tmp/tmpp7am8s4a']
[2024-07-14T09:04:11.109+0000] {standard_task_runner.py:91} INFO - Job 983: Subtask fetch_and_compute_spread_btc_mxn
[2024-07-14T09:04:11.288+0000] {task_command.py:426} INFO - Running <TaskInstance: fetch_spread_values.fetch_and_compute_spread_btc_mxn scheduled__2024-07-14T07:57:00+00:00 [running]> on host d537c34a4880
[2024-07-14T09:04:11.767+0000] {taskinstance.py:2648} INFO - Exporting env vars: AIRFLOW_CTX_DAG_OWNER='***' AIRFLOW_CTX_DAG_ID='fetch_spread_values' AIRFLOW_CTX_TASK_ID='fetch_and_compute_spread_btc_mxn' AIRFLOW_CTX_EXECUTION_DATE='2024-07-14T07:57:00+00:00' AIRFLOW_CTX_TRY_NUMBER='1' AIRFLOW_CTX_DAG_RUN_ID='scheduled__2024-07-14T07:57:00+00:00'
[2024-07-14T09:04:11.776+0000] {taskinstance.py:430} INFO - ::endgroup::
[2024-07-14T09:04:12.298+0000] {python.py:237} INFO - Done. Returned value was: None
[2024-07-14T09:04:12.304+0000] {taskinstance.py:441} INFO - ::group::Post task execution logs
[2024-07-14T09:04:12.333+0000] {taskinstance.py:1206} INFO - Marking task as SUCCESS. dag_id=fetch_spread_values, task_id=fetch_and_compute_spread_btc_mxn, run_id=scheduled__2024-07-14T07:57:00+00:00, execution_date=20240714T075700, start_date=20240714T090410, end_date=20240714T090412
[2024-07-14T09:04:12.478+0000] {local_task_job_runner.py:240} INFO - Task exited with return code 0
[2024-07-14T09:04:12.534+0000] {local_task_job_runner.py:222} INFO - ::endgroup::
[2024-07-14T20:35:48.656+0000] {local_task_job_runner.py:120} INFO - ::group::Pre task execution logs
[2024-07-14T20:35:48.672+0000] {taskinstance.py:2076} INFO - Dependencies all met for dep_context=non-requeueable deps ti=<TaskInstance: fetch_spread_values.fetch_and_compute_spread_btc_mxn scheduled__2024-07-14T07:57:00+00:00 [queued]>
[2024-07-14T20:35:48.676+0000] {taskinstance.py:2076} INFO - Dependencies all met for dep_context=requeueable deps ti=<TaskInstance: fetch_spread_values.fetch_and_compute_spread_btc_mxn scheduled__2024-07-14T07:57:00+00:00 [queued]>
[2024-07-14T20:35:48.676+0000] {taskinstance.py:2306} INFO - Starting attempt 1 of 2
[2024-07-14T20:35:48.681+0000] {taskinstance.py:2330} INFO - Executing <Task(PythonOperator): fetch_and_compute_spread_btc_mxn> on 2024-07-14 07:57:00+00:00
[2024-07-14T20:35:48.685+0000] {logging_mixin.py:188} WARNING - /home/***/.local/lib/python3.12/site-packages/***/task/task_runner/standard_task_runner.py:61 DeprecationWarning: This process (pid=2381) is multi-threaded, use of fork() may lead to deadlocks in the child.
[2024-07-14T20:35:48.685+0000] {standard_task_runner.py:63} INFO - Started process 2383 to run task
[2024-07-14T20:35:48.685+0000] {standard_task_runner.py:90} INFO - Running: ['***', 'tasks', 'run', 'fetch_spread_values', 'fetch_and_compute_spread_btc_mxn', 'scheduled__2024-07-14T07:57:00+00:00', '--job-id', '1082', '--raw', '--subdir', 'DAGS_FOLDER/***.py', '--cfg-path', '/tmp/tmpgk6f17b8']
[2024-07-14T20:35:48.686+0000] {standard_task_runner.py:91} INFO - Job 1082: Subtask fetch_and_compute_spread_btc_mxn
[2024-07-14T20:35:48.711+0000] {task_command.py:426} INFO - Running <TaskInstance: fetch_spread_values.fetch_and_compute_spread_btc_mxn scheduled__2024-07-14T07:57:00+00:00 [running]> on host 77caf7e4b282
[2024-07-14T20:35:48.755+0000] {taskinstance.py:2648} INFO - Exporting env vars: AIRFLOW_CTX_DAG_OWNER='***' AIRFLOW_CTX_DAG_ID='fetch_spread_values' AIRFLOW_CTX_TASK_ID='fetch_and_compute_spread_btc_mxn' AIRFLOW_CTX_EXECUTION_DATE='2024-07-14T07:57:00+00:00' AIRFLOW_CTX_TRY_NUMBER='1' AIRFLOW_CTX_DAG_RUN_ID='scheduled__2024-07-14T07:57:00+00:00'
[2024-07-14T20:35:48.756+0000] {taskinstance.py:430} INFO - ::endgroup::
[2024-07-14T20:35:48.902+0000] {python.py:237} INFO - Done. Returned value was: None
[2024-07-14T20:35:48.903+0000] {taskinstance.py:441} INFO - ::group::Post task execution logs
[2024-07-14T20:35:48.911+0000] {taskinstance.py:1206} INFO - Marking task as SUCCESS. dag_id=fetch_spread_values, task_id=fetch_and_compute_spread_btc_mxn, run_id=scheduled__2024-07-14T07:57:00+00:00, execution_date=20240714T075700, start_date=20240714T203548, end_date=20240714T203548
[2024-07-14T20:35:48.957+0000] {local_task_job_runner.py:240} INFO - Task exited with return code 0
[2024-07-14T20:35:48.967+0000] {taskinstance.py:3503} INFO - 0 downstream tasks scheduled from follow-on schedule check
[2024-07-14T20:35:48.970+0000] {local_task_job_runner.py:222} INFO - ::endgroup::
