[2024-07-14T09:00:27.485+0000] {local_task_job_runner.py:120} INFO - ::group::Pre task execution logs
[2024-07-14T09:00:27.525+0000] {taskinstance.py:2076} INFO - Dependencies all met for dep_context=non-requeueable deps ti=<TaskInstance: fetch_spread_values.fetch_and_compute_spread_btc_mxn scheduled__2024-07-14T03:52:00+00:00 [queued]>
[2024-07-14T09:00:27.548+0000] {taskinstance.py:2076} INFO - Dependencies all met for dep_context=requeueable deps ti=<TaskInstance: fetch_spread_values.fetch_and_compute_spread_btc_mxn scheduled__2024-07-14T03:52:00+00:00 [queued]>
[2024-07-14T09:00:27.550+0000] {taskinstance.py:2306} INFO - Starting attempt 1 of 2
[2024-07-14T09:00:27.576+0000] {taskinstance.py:2330} INFO - Executing <Task(PythonOperator): fetch_and_compute_spread_btc_mxn> on 2024-07-14 03:52:00+00:00
[2024-07-14T09:00:27.618+0000] {warnings.py:112} WARNING - /home/***/.local/lib/python3.12/site-packages/***/task/task_runner/standard_task_runner.py:61: DeprecationWarning: This process (pid=1541) is multi-threaded, use of fork() may lead to deadlocks in the child.
  pid = os.fork()

[2024-07-14T09:00:27.625+0000] {standard_task_runner.py:63} INFO - Started process 1563 to run task
[2024-07-14T09:00:27.616+0000] {standard_task_runner.py:90} INFO - Running: ['***', 'tasks', 'run', 'fetch_spread_values', 'fetch_and_compute_spread_btc_mxn', 'scheduled__2024-07-14T03:52:00+00:00', '--job-id', '492', '--raw', '--subdir', 'DAGS_FOLDER/***.py', '--cfg-path', '/tmp/tmp22f7ugni']
[2024-07-14T09:00:27.636+0000] {standard_task_runner.py:91} INFO - Job 492: Subtask fetch_and_compute_spread_btc_mxn
[2024-07-14T09:00:27.705+0000] {task_command.py:426} INFO - Running <TaskInstance: fetch_spread_values.fetch_and_compute_spread_btc_mxn scheduled__2024-07-14T03:52:00+00:00 [running]> on host d537c34a4880
[2024-07-14T09:00:27.836+0000] {taskinstance.py:2648} INFO - Exporting env vars: AIRFLOW_CTX_DAG_OWNER='***' AIRFLOW_CTX_DAG_ID='fetch_spread_values' AIRFLOW_CTX_TASK_ID='fetch_and_compute_spread_btc_mxn' AIRFLOW_CTX_EXECUTION_DATE='2024-07-14T03:52:00+00:00' AIRFLOW_CTX_TRY_NUMBER='1' AIRFLOW_CTX_DAG_RUN_ID='scheduled__2024-07-14T03:52:00+00:00'
[2024-07-14T09:00:27.851+0000] {taskinstance.py:430} INFO - ::endgroup::
[2024-07-14T09:00:28.033+0000] {python.py:237} INFO - Done. Returned value was: None
[2024-07-14T09:00:28.035+0000] {taskinstance.py:441} INFO - ::group::Post task execution logs
[2024-07-14T09:00:28.042+0000] {taskinstance.py:1206} INFO - Marking task as SUCCESS. dag_id=fetch_spread_values, task_id=fetch_and_compute_spread_btc_mxn, run_id=scheduled__2024-07-14T03:52:00+00:00, execution_date=20240714T035200, start_date=20240714T090027, end_date=20240714T090028
[2024-07-14T09:00:28.075+0000] {local_task_job_runner.py:240} INFO - Task exited with return code 0
[2024-07-14T09:00:28.086+0000] {taskinstance.py:3503} INFO - 0 downstream tasks scheduled from follow-on schedule check
[2024-07-14T09:00:28.088+0000] {local_task_job_runner.py:222} INFO - ::endgroup::
[2024-07-14T20:33:46.446+0000] {local_task_job_runner.py:120} INFO - ::group::Pre task execution logs
[2024-07-14T20:33:46.489+0000] {taskinstance.py:2076} INFO - Dependencies all met for dep_context=non-requeueable deps ti=<TaskInstance: fetch_spread_values.fetch_and_compute_spread_btc_mxn scheduled__2024-07-14T03:52:00+00:00 [queued]>
[2024-07-14T20:33:46.502+0000] {taskinstance.py:2076} INFO - Dependencies all met for dep_context=requeueable deps ti=<TaskInstance: fetch_spread_values.fetch_and_compute_spread_btc_mxn scheduled__2024-07-14T03:52:00+00:00 [queued]>
[2024-07-14T20:33:46.505+0000] {taskinstance.py:2306} INFO - Starting attempt 1 of 2
[2024-07-14T20:33:46.532+0000] {taskinstance.py:2330} INFO - Executing <Task(PythonOperator): fetch_and_compute_spread_btc_mxn> on 2024-07-14 03:52:00+00:00
[2024-07-14T20:33:46.538+0000] {logging_mixin.py:188} WARNING - /home/***/.local/lib/python3.12/site-packages/***/task/task_runner/standard_task_runner.py:61 DeprecationWarning: This process (pid=1128) is multi-threaded, use of fork() may lead to deadlocks in the child.
[2024-07-14T20:33:46.539+0000] {standard_task_runner.py:90} INFO - Running: ['***', 'tasks', 'run', 'fetch_spread_values', 'fetch_and_compute_spread_btc_mxn', 'scheduled__2024-07-14T03:52:00+00:00', '--job-id', '469', '--raw', '--subdir', 'DAGS_FOLDER/***.py', '--cfg-path', '/tmp/tmp2k_9szpb']
[2024-07-14T20:33:46.542+0000] {standard_task_runner.py:91} INFO - Job 469: Subtask fetch_and_compute_spread_btc_mxn
[2024-07-14T20:33:46.541+0000] {standard_task_runner.py:63} INFO - Started process 1134 to run task
[2024-07-14T20:33:46.589+0000] {task_command.py:426} INFO - Running <TaskInstance: fetch_spread_values.fetch_and_compute_spread_btc_mxn scheduled__2024-07-14T03:52:00+00:00 [running]> on host 77caf7e4b282
[2024-07-14T20:33:46.640+0000] {taskinstance.py:2648} INFO - Exporting env vars: AIRFLOW_CTX_DAG_OWNER='***' AIRFLOW_CTX_DAG_ID='fetch_spread_values' AIRFLOW_CTX_TASK_ID='fetch_and_compute_spread_btc_mxn' AIRFLOW_CTX_EXECUTION_DATE='2024-07-14T03:52:00+00:00' AIRFLOW_CTX_TRY_NUMBER='1' AIRFLOW_CTX_DAG_RUN_ID='scheduled__2024-07-14T03:52:00+00:00'
[2024-07-14T20:33:46.641+0000] {taskinstance.py:430} INFO - ::endgroup::
[2024-07-14T20:33:46.816+0000] {python.py:237} INFO - Done. Returned value was: None
[2024-07-14T20:33:46.817+0000] {taskinstance.py:441} INFO - ::group::Post task execution logs
[2024-07-14T20:33:46.824+0000] {taskinstance.py:1206} INFO - Marking task as SUCCESS. dag_id=fetch_spread_values, task_id=fetch_and_compute_spread_btc_mxn, run_id=scheduled__2024-07-14T03:52:00+00:00, execution_date=20240714T035200, start_date=20240714T203346, end_date=20240714T203346
[2024-07-14T20:33:46.856+0000] {local_task_job_runner.py:240} INFO - Task exited with return code 0
[2024-07-14T20:33:46.865+0000] {taskinstance.py:3503} INFO - 0 downstream tasks scheduled from follow-on schedule check
[2024-07-14T20:33:46.866+0000] {local_task_job_runner.py:222} INFO - ::endgroup::
