[2024-07-14T12:08:30.769+0000] {local_task_job_runner.py:120} INFO - ::group::Pre task execution logs
[2024-07-14T12:08:30.862+0000] {taskinstance.py:2076} INFO - Dependencies all met for dep_context=non-requeueable deps ti=<TaskInstance: fetch_spread_values.fetch_and_compute_spread_usd_mxn scheduled__2024-07-14T11:53:00+00:00 [queued]>
[2024-07-14T12:08:30.929+0000] {taskinstance.py:2076} INFO - Dependencies all met for dep_context=requeueable deps ti=<TaskInstance: fetch_spread_values.fetch_and_compute_spread_usd_mxn scheduled__2024-07-14T11:53:00+00:00 [queued]>
[2024-07-14T12:08:30.949+0000] {taskinstance.py:2306} INFO - Starting attempt 1 of 2
[2024-07-14T12:08:31.078+0000] {taskinstance.py:2330} INFO - Executing <Task(PythonOperator): fetch_and_compute_spread_usd_mxn> on 2024-07-14 11:53:00+00:00
[2024-07-14T12:08:31.109+0000] {warnings.py:112} WARNING - /home/***/.local/lib/python3.12/site-packages/***/task/task_runner/standard_task_runner.py:61: DeprecationWarning: This process (pid=5110) is multi-threaded, use of fork() may lead to deadlocks in the child.
  pid = os.fork()

[2024-07-14T12:08:31.148+0000] {standard_task_runner.py:63} INFO - Started process 5132 to run task
[2024-07-14T12:08:31.112+0000] {standard_task_runner.py:90} INFO - Running: ['***', 'tasks', 'run', 'fetch_spread_values', 'fetch_and_compute_spread_usd_mxn', 'scheduled__2024-07-14T11:53:00+00:00', '--job-id', '1528', '--raw', '--subdir', 'DAGS_FOLDER/***.py', '--cfg-path', '/tmp/tmpewmqv1jj']
[2024-07-14T12:08:31.163+0000] {standard_task_runner.py:91} INFO - Job 1528: Subtask fetch_and_compute_spread_usd_mxn
[2024-07-14T12:08:31.383+0000] {task_command.py:426} INFO - Running <TaskInstance: fetch_spread_values.fetch_and_compute_spread_usd_mxn scheduled__2024-07-14T11:53:00+00:00 [running]> on host d537c34a4880
[2024-07-14T12:08:31.664+0000] {taskinstance.py:2648} INFO - Exporting env vars: AIRFLOW_CTX_DAG_OWNER='***' AIRFLOW_CTX_DAG_ID='fetch_spread_values' AIRFLOW_CTX_TASK_ID='fetch_and_compute_spread_usd_mxn' AIRFLOW_CTX_EXECUTION_DATE='2024-07-14T11:53:00+00:00' AIRFLOW_CTX_TRY_NUMBER='1' AIRFLOW_CTX_DAG_RUN_ID='scheduled__2024-07-14T11:53:00+00:00'
[2024-07-14T12:08:31.667+0000] {taskinstance.py:430} INFO - ::endgroup::
[2024-07-14T12:08:32.401+0000] {python.py:237} INFO - Done. Returned value was: None
[2024-07-14T12:08:32.428+0000] {taskinstance.py:441} INFO - ::group::Post task execution logs
[2024-07-14T12:08:32.473+0000] {taskinstance.py:1206} INFO - Marking task as SUCCESS. dag_id=fetch_spread_values, task_id=fetch_and_compute_spread_usd_mxn, run_id=scheduled__2024-07-14T11:53:00+00:00, execution_date=20240714T115300, start_date=20240714T120830, end_date=20240714T120832
[2024-07-14T12:08:32.574+0000] {local_task_job_runner.py:240} INFO - Task exited with return code 0
[2024-07-14T12:08:32.736+0000] {taskinstance.py:3503} INFO - 0 downstream tasks scheduled from follow-on schedule check
[2024-07-14T12:08:32.771+0000] {local_task_job_runner.py:222} INFO - ::endgroup::
[2024-07-14T20:37:24.727+0000] {local_task_job_runner.py:120} INFO - ::group::Pre task execution logs
[2024-07-14T20:37:24.751+0000] {taskinstance.py:2076} INFO - Dependencies all met for dep_context=non-requeueable deps ti=<TaskInstance: fetch_spread_values.fetch_and_compute_spread_usd_mxn scheduled__2024-07-14T11:53:00+00:00 [queued]>
[2024-07-14T20:37:24.756+0000] {taskinstance.py:2076} INFO - Dependencies all met for dep_context=requeueable deps ti=<TaskInstance: fetch_spread_values.fetch_and_compute_spread_usd_mxn scheduled__2024-07-14T11:53:00+00:00 [queued]>
[2024-07-14T20:37:24.757+0000] {taskinstance.py:2306} INFO - Starting attempt 1 of 2
[2024-07-14T20:37:24.778+0000] {taskinstance.py:2330} INFO - Executing <Task(PythonOperator): fetch_and_compute_spread_usd_mxn> on 2024-07-14 11:53:00+00:00
[2024-07-14T20:37:24.783+0000] {logging_mixin.py:188} WARNING - /home/***/.local/lib/python3.12/site-packages/***/task/task_runner/standard_task_runner.py:61 DeprecationWarning: This process (pid=3340) is multi-threaded, use of fork() may lead to deadlocks in the child.
[2024-07-14T20:37:24.784+0000] {standard_task_runner.py:90} INFO - Running: ['***', 'tasks', 'run', 'fetch_spread_values', 'fetch_and_compute_spread_usd_mxn', 'scheduled__2024-07-14T11:53:00+00:00', '--job-id', '1554', '--raw', '--subdir', 'DAGS_FOLDER/***.py', '--cfg-path', '/tmp/tmp2kp3_4tv']
[2024-07-14T20:37:24.786+0000] {standard_task_runner.py:91} INFO - Job 1554: Subtask fetch_and_compute_spread_usd_mxn
[2024-07-14T20:37:24.785+0000] {standard_task_runner.py:63} INFO - Started process 3349 to run task
[2024-07-14T20:37:24.831+0000] {task_command.py:426} INFO - Running <TaskInstance: fetch_spread_values.fetch_and_compute_spread_usd_mxn scheduled__2024-07-14T11:53:00+00:00 [running]> on host 77caf7e4b282
[2024-07-14T20:37:24.953+0000] {taskinstance.py:2648} INFO - Exporting env vars: AIRFLOW_CTX_DAG_OWNER='***' AIRFLOW_CTX_DAG_ID='fetch_spread_values' AIRFLOW_CTX_TASK_ID='fetch_and_compute_spread_usd_mxn' AIRFLOW_CTX_EXECUTION_DATE='2024-07-14T11:53:00+00:00' AIRFLOW_CTX_TRY_NUMBER='1' AIRFLOW_CTX_DAG_RUN_ID='scheduled__2024-07-14T11:53:00+00:00'
[2024-07-14T20:37:24.953+0000] {taskinstance.py:430} INFO - ::endgroup::
[2024-07-14T20:37:25.224+0000] {python.py:237} INFO - Done. Returned value was: None
[2024-07-14T20:37:25.228+0000] {taskinstance.py:441} INFO - ::group::Post task execution logs
[2024-07-14T20:37:25.241+0000] {taskinstance.py:1206} INFO - Marking task as SUCCESS. dag_id=fetch_spread_values, task_id=fetch_and_compute_spread_usd_mxn, run_id=scheduled__2024-07-14T11:53:00+00:00, execution_date=20240714T115300, start_date=20240714T203724, end_date=20240714T203725
[2024-07-14T20:37:25.311+0000] {local_task_job_runner.py:240} INFO - Task exited with return code 0
[2024-07-14T20:37:25.332+0000] {taskinstance.py:3503} INFO - 0 downstream tasks scheduled from follow-on schedule check
[2024-07-14T20:37:25.337+0000] {local_task_job_runner.py:222} INFO - ::endgroup::
