[2024-07-14T12:50:34.055+0000] {local_task_job_runner.py:120} INFO - ::group::Pre task execution logs
[2024-07-14T12:50:34.078+0000] {taskinstance.py:2076} INFO - Dependencies all met for dep_context=non-requeueable deps ti=<TaskInstance: fetch_spread_values.fetch_and_compute_spread_usd_mxn scheduled__2024-07-14T12:47:00+00:00 [queued]>
[2024-07-14T12:50:34.084+0000] {taskinstance.py:2076} INFO - Dependencies all met for dep_context=requeueable deps ti=<TaskInstance: fetch_spread_values.fetch_and_compute_spread_usd_mxn scheduled__2024-07-14T12:47:00+00:00 [queued]>
[2024-07-14T12:50:34.085+0000] {taskinstance.py:2306} INFO - Starting attempt 1 of 2
[2024-07-14T12:50:34.106+0000] {taskinstance.py:2330} INFO - Executing <Task(PythonOperator): fetch_and_compute_spread_usd_mxn> on 2024-07-14 12:47:00+00:00
[2024-07-14T12:50:34.112+0000] {warnings.py:112} WARNING - /home/***/.local/lib/python3.12/site-packages/***/task/task_runner/standard_task_runner.py:61: DeprecationWarning: This process (pid=5469) is multi-threaded, use of fork() may lead to deadlocks in the child.
  pid = os.fork()

[2024-07-14T12:50:34.114+0000] {standard_task_runner.py:63} INFO - Started process 5494 to run task
[2024-07-14T12:50:34.118+0000] {standard_task_runner.py:90} INFO - Running: ['***', 'tasks', 'run', 'fetch_spread_values', 'fetch_and_compute_spread_usd_mxn', 'scheduled__2024-07-14T12:47:00+00:00', '--job-id', '1645', '--raw', '--subdir', 'DAGS_FOLDER/***.py', '--cfg-path', '/tmp/tmpyhozg0z3']
[2024-07-14T12:50:34.124+0000] {standard_task_runner.py:91} INFO - Job 1645: Subtask fetch_and_compute_spread_usd_mxn
[2024-07-14T12:50:34.172+0000] {task_command.py:426} INFO - Running <TaskInstance: fetch_spread_values.fetch_and_compute_spread_usd_mxn scheduled__2024-07-14T12:47:00+00:00 [running]> on host d537c34a4880
[2024-07-14T12:50:34.235+0000] {taskinstance.py:2648} INFO - Exporting env vars: AIRFLOW_CTX_DAG_OWNER='***' AIRFLOW_CTX_DAG_ID='fetch_spread_values' AIRFLOW_CTX_TASK_ID='fetch_and_compute_spread_usd_mxn' AIRFLOW_CTX_EXECUTION_DATE='2024-07-14T12:47:00+00:00' AIRFLOW_CTX_TRY_NUMBER='1' AIRFLOW_CTX_DAG_RUN_ID='scheduled__2024-07-14T12:47:00+00:00'
[2024-07-14T12:50:34.237+0000] {taskinstance.py:430} INFO - ::endgroup::
[2024-07-14T12:50:34.395+0000] {python.py:237} INFO - Done. Returned value was: None
[2024-07-14T12:50:34.396+0000] {taskinstance.py:441} INFO - ::group::Post task execution logs
[2024-07-14T12:50:34.401+0000] {taskinstance.py:1206} INFO - Marking task as SUCCESS. dag_id=fetch_spread_values, task_id=fetch_and_compute_spread_usd_mxn, run_id=scheduled__2024-07-14T12:47:00+00:00, execution_date=20240714T124700, start_date=20240714T125034, end_date=20240714T125034
[2024-07-14T12:50:34.426+0000] {local_task_job_runner.py:240} INFO - Task exited with return code 0
[2024-07-14T12:50:34.436+0000] {taskinstance.py:3503} INFO - 0 downstream tasks scheduled from follow-on schedule check
[2024-07-14T12:50:34.437+0000] {local_task_job_runner.py:222} INFO - ::endgroup::
[2024-07-14T20:37:43.194+0000] {local_task_job_runner.py:120} INFO - ::group::Pre task execution logs
[2024-07-14T20:37:43.289+0000] {taskinstance.py:2076} INFO - Dependencies all met for dep_context=non-requeueable deps ti=<TaskInstance: fetch_spread_values.fetch_and_compute_spread_usd_mxn scheduled__2024-07-14T12:47:00+00:00 [queued]>
[2024-07-14T20:37:43.325+0000] {taskinstance.py:2076} INFO - Dependencies all met for dep_context=requeueable deps ti=<TaskInstance: fetch_spread_values.fetch_and_compute_spread_usd_mxn scheduled__2024-07-14T12:47:00+00:00 [queued]>
[2024-07-14T20:37:43.327+0000] {taskinstance.py:2306} INFO - Starting attempt 1 of 2
[2024-07-14T20:37:43.365+0000] {taskinstance.py:2330} INFO - Executing <Task(PythonOperator): fetch_and_compute_spread_usd_mxn> on 2024-07-14 12:47:00+00:00
[2024-07-14T20:37:43.370+0000] {standard_task_runner.py:90} INFO - Running: ['***', 'tasks', 'run', 'fetch_spread_values', 'fetch_and_compute_spread_usd_mxn', 'scheduled__2024-07-14T12:47:00+00:00', '--job-id', '1662', '--raw', '--subdir', 'DAGS_FOLDER/***.py', '--cfg-path', '/tmp/tmp3nj7h8ek']
[2024-07-14T20:37:43.371+0000] {standard_task_runner.py:91} INFO - Job 1662: Subtask fetch_and_compute_spread_usd_mxn
[2024-07-14T20:37:43.376+0000] {logging_mixin.py:188} WARNING - /home/***/.local/lib/python3.12/site-packages/***/task/task_runner/standard_task_runner.py:61 DeprecationWarning: This process (pid=3552) is multi-threaded, use of fork() may lead to deadlocks in the child.
[2024-07-14T20:37:43.386+0000] {standard_task_runner.py:63} INFO - Started process 3566 to run task
[2024-07-14T20:37:43.456+0000] {task_command.py:426} INFO - Running <TaskInstance: fetch_spread_values.fetch_and_compute_spread_usd_mxn scheduled__2024-07-14T12:47:00+00:00 [running]> on host 77caf7e4b282
[2024-07-14T20:37:43.601+0000] {taskinstance.py:2648} INFO - Exporting env vars: AIRFLOW_CTX_DAG_OWNER='***' AIRFLOW_CTX_DAG_ID='fetch_spread_values' AIRFLOW_CTX_TASK_ID='fetch_and_compute_spread_usd_mxn' AIRFLOW_CTX_EXECUTION_DATE='2024-07-14T12:47:00+00:00' AIRFLOW_CTX_TRY_NUMBER='1' AIRFLOW_CTX_DAG_RUN_ID='scheduled__2024-07-14T12:47:00+00:00'
[2024-07-14T20:37:43.604+0000] {taskinstance.py:430} INFO - ::endgroup::
[2024-07-14T20:37:43.789+0000] {python.py:237} INFO - Done. Returned value was: None
[2024-07-14T20:37:43.793+0000] {taskinstance.py:441} INFO - ::group::Post task execution logs
[2024-07-14T20:37:43.926+0000] {taskinstance.py:1206} INFO - Marking task as SUCCESS. dag_id=fetch_spread_values, task_id=fetch_and_compute_spread_usd_mxn, run_id=scheduled__2024-07-14T12:47:00+00:00, execution_date=20240714T124700, start_date=20240714T203743, end_date=20240714T203743
[2024-07-14T20:37:43.967+0000] {local_task_job_runner.py:240} INFO - Task exited with return code 0
[2024-07-14T20:37:43.993+0000] {taskinstance.py:3503} INFO - 0 downstream tasks scheduled from follow-on schedule check
[2024-07-14T20:37:44.005+0000] {local_task_job_runner.py:222} INFO - ::endgroup::
