[2024-07-14T14:30:36.945+0000] {local_task_job_runner.py:120} INFO - ::group::Pre task execution logs
[2024-07-14T14:30:36.975+0000] {taskinstance.py:2076} INFO - Dependencies all met for dep_context=non-requeueable deps ti=<TaskInstance: fetch_spread_values.fetch_and_compute_spread_usd_mxn scheduled__2024-07-14T14:22:00+00:00 [queued]>
[2024-07-14T14:30:36.986+0000] {taskinstance.py:2076} INFO - Dependencies all met for dep_context=requeueable deps ti=<TaskInstance: fetch_spread_values.fetch_and_compute_spread_usd_mxn scheduled__2024-07-14T14:22:00+00:00 [queued]>
[2024-07-14T14:30:36.986+0000] {taskinstance.py:2306} INFO - Starting attempt 1 of 2
[2024-07-14T14:30:37.001+0000] {taskinstance.py:2330} INFO - Executing <Task(PythonOperator): fetch_and_compute_spread_usd_mxn> on 2024-07-14 14:22:00+00:00
[2024-07-14T14:30:37.005+0000] {warnings.py:112} WARNING - /home/***/.local/lib/python3.12/site-packages/***/task/task_runner/standard_task_runner.py:61: DeprecationWarning: This process (pid=6136) is multi-threaded, use of fork() may lead to deadlocks in the child.
  pid = os.fork()

[2024-07-14T14:30:37.007+0000] {standard_task_runner.py:63} INFO - Started process 6154 to run task
[2024-07-14T14:30:37.007+0000] {standard_task_runner.py:90} INFO - Running: ['***', 'tasks', 'run', 'fetch_spread_values', 'fetch_and_compute_spread_usd_mxn', 'scheduled__2024-07-14T14:22:00+00:00', '--job-id', '1846', '--raw', '--subdir', 'DAGS_FOLDER/***.py', '--cfg-path', '/tmp/tmpwvlyh9gc']
[2024-07-14T14:30:37.009+0000] {standard_task_runner.py:91} INFO - Job 1846: Subtask fetch_and_compute_spread_usd_mxn
[2024-07-14T14:30:37.071+0000] {task_command.py:426} INFO - Running <TaskInstance: fetch_spread_values.fetch_and_compute_spread_usd_mxn scheduled__2024-07-14T14:22:00+00:00 [running]> on host d537c34a4880
[2024-07-14T14:30:37.147+0000] {taskinstance.py:2648} INFO - Exporting env vars: AIRFLOW_CTX_DAG_OWNER='***' AIRFLOW_CTX_DAG_ID='fetch_spread_values' AIRFLOW_CTX_TASK_ID='fetch_and_compute_spread_usd_mxn' AIRFLOW_CTX_EXECUTION_DATE='2024-07-14T14:22:00+00:00' AIRFLOW_CTX_TRY_NUMBER='1' AIRFLOW_CTX_DAG_RUN_ID='scheduled__2024-07-14T14:22:00+00:00'
[2024-07-14T14:30:37.158+0000] {taskinstance.py:430} INFO - ::endgroup::
[2024-07-14T14:30:37.321+0000] {python.py:237} INFO - Done. Returned value was: None
[2024-07-14T14:30:37.325+0000] {taskinstance.py:441} INFO - ::group::Post task execution logs
[2024-07-14T14:30:37.333+0000] {taskinstance.py:1206} INFO - Marking task as SUCCESS. dag_id=fetch_spread_values, task_id=fetch_and_compute_spread_usd_mxn, run_id=scheduled__2024-07-14T14:22:00+00:00, execution_date=20240714T142200, start_date=20240714T143036, end_date=20240714T143037
[2024-07-14T14:30:37.357+0000] {local_task_job_runner.py:240} INFO - Task exited with return code 0
[2024-07-14T14:30:37.368+0000] {taskinstance.py:3503} INFO - 0 downstream tasks scheduled from follow-on schedule check
[2024-07-14T14:30:37.369+0000] {local_task_job_runner.py:222} INFO - ::endgroup::
[2024-07-14T20:38:17.833+0000] {local_task_job_runner.py:120} INFO - ::group::Pre task execution logs
[2024-07-14T20:38:17.868+0000] {taskinstance.py:2076} INFO - Dependencies all met for dep_context=non-requeueable deps ti=<TaskInstance: fetch_spread_values.fetch_and_compute_spread_usd_mxn scheduled__2024-07-14T14:22:00+00:00 [queued]>
[2024-07-14T20:38:17.878+0000] {taskinstance.py:2076} INFO - Dependencies all met for dep_context=requeueable deps ti=<TaskInstance: fetch_spread_values.fetch_and_compute_spread_usd_mxn scheduled__2024-07-14T14:22:00+00:00 [queued]>
[2024-07-14T20:38:17.880+0000] {taskinstance.py:2306} INFO - Starting attempt 1 of 2
[2024-07-14T20:38:17.901+0000] {taskinstance.py:2330} INFO - Executing <Task(PythonOperator): fetch_and_compute_spread_usd_mxn> on 2024-07-14 14:22:00+00:00
[2024-07-14T20:38:17.907+0000] {standard_task_runner.py:90} INFO - Running: ['***', 'tasks', 'run', 'fetch_spread_values', 'fetch_and_compute_spread_usd_mxn', 'scheduled__2024-07-14T14:22:00+00:00', '--job-id', '1853', '--raw', '--subdir', 'DAGS_FOLDER/***.py', '--cfg-path', '/tmp/tmp7c9ku3t4']
[2024-07-14T20:38:17.916+0000] {logging_mixin.py:188} WARNING - /home/***/.local/lib/python3.12/site-packages/***/task/task_runner/standard_task_runner.py:61 DeprecationWarning: This process (pid=3936) is multi-threaded, use of fork() may lead to deadlocks in the child.
[2024-07-14T20:38:17.917+0000] {standard_task_runner.py:63} INFO - Started process 3950 to run task
[2024-07-14T20:38:17.916+0000] {standard_task_runner.py:91} INFO - Job 1853: Subtask fetch_and_compute_spread_usd_mxn
[2024-07-14T20:38:17.979+0000] {task_command.py:426} INFO - Running <TaskInstance: fetch_spread_values.fetch_and_compute_spread_usd_mxn scheduled__2024-07-14T14:22:00+00:00 [running]> on host 77caf7e4b282
[2024-07-14T20:38:18.087+0000] {taskinstance.py:2648} INFO - Exporting env vars: AIRFLOW_CTX_DAG_OWNER='***' AIRFLOW_CTX_DAG_ID='fetch_spread_values' AIRFLOW_CTX_TASK_ID='fetch_and_compute_spread_usd_mxn' AIRFLOW_CTX_EXECUTION_DATE='2024-07-14T14:22:00+00:00' AIRFLOW_CTX_TRY_NUMBER='1' AIRFLOW_CTX_DAG_RUN_ID='scheduled__2024-07-14T14:22:00+00:00'
[2024-07-14T20:38:18.088+0000] {taskinstance.py:430} INFO - ::endgroup::
[2024-07-14T20:38:18.277+0000] {python.py:237} INFO - Done. Returned value was: None
[2024-07-14T20:38:18.278+0000] {taskinstance.py:441} INFO - ::group::Post task execution logs
[2024-07-14T20:38:18.290+0000] {taskinstance.py:1206} INFO - Marking task as SUCCESS. dag_id=fetch_spread_values, task_id=fetch_and_compute_spread_usd_mxn, run_id=scheduled__2024-07-14T14:22:00+00:00, execution_date=20240714T142200, start_date=20240714T203817, end_date=20240714T203818
[2024-07-14T20:38:18.307+0000] {local_task_job_runner.py:240} INFO - Task exited with return code 0
[2024-07-14T20:38:18.316+0000] {taskinstance.py:3503} INFO - 0 downstream tasks scheduled from follow-on schedule check
[2024-07-14T20:38:18.317+0000] {local_task_job_runner.py:222} INFO - ::endgroup::
