[2024-07-14T09:01:21.414+0000] {local_task_job_runner.py:120} INFO - ::group::Pre task execution logs
[2024-07-14T09:01:21.425+0000] {taskinstance.py:2076} INFO - Dependencies all met for dep_context=non-requeueable deps ti=<TaskInstance: fetch_spread_values.fetch_and_compute_spread_usd_mxn scheduled__2024-07-14T04:58:00+00:00 [queued]>
[2024-07-14T09:01:21.429+0000] {taskinstance.py:2076} INFO - Dependencies all met for dep_context=requeueable deps ti=<TaskInstance: fetch_spread_values.fetch_and_compute_spread_usd_mxn scheduled__2024-07-14T04:58:00+00:00 [queued]>
[2024-07-14T09:01:21.431+0000] {taskinstance.py:2306} INFO - Starting attempt 1 of 2
[2024-07-14T09:01:21.438+0000] {taskinstance.py:2330} INFO - Executing <Task(PythonOperator): fetch_and_compute_spread_usd_mxn> on 2024-07-14 04:58:00+00:00
[2024-07-14T09:01:21.442+0000] {warnings.py:112} WARNING - /home/***/.local/lib/python3.12/site-packages/***/task/task_runner/standard_task_runner.py:61: DeprecationWarning: This process (pid=1948) is multi-threaded, use of fork() may lead to deadlocks in the child.
  pid = os.fork()

[2024-07-14T09:01:21.443+0000] {standard_task_runner.py:63} INFO - Started process 1972 to run task
[2024-07-14T09:01:21.443+0000] {standard_task_runner.py:90} INFO - Running: ['***', 'tasks', 'run', 'fetch_spread_values', 'fetch_and_compute_spread_usd_mxn', 'scheduled__2024-07-14T04:58:00+00:00', '--job-id', '627', '--raw', '--subdir', 'DAGS_FOLDER/***.py', '--cfg-path', '/tmp/tmpgpcirwy0']
[2024-07-14T09:01:21.445+0000] {standard_task_runner.py:91} INFO - Job 627: Subtask fetch_and_compute_spread_usd_mxn
[2024-07-14T09:01:21.471+0000] {task_command.py:426} INFO - Running <TaskInstance: fetch_spread_values.fetch_and_compute_spread_usd_mxn scheduled__2024-07-14T04:58:00+00:00 [running]> on host d537c34a4880
[2024-07-14T09:01:21.514+0000] {taskinstance.py:2648} INFO - Exporting env vars: AIRFLOW_CTX_DAG_OWNER='***' AIRFLOW_CTX_DAG_ID='fetch_spread_values' AIRFLOW_CTX_TASK_ID='fetch_and_compute_spread_usd_mxn' AIRFLOW_CTX_EXECUTION_DATE='2024-07-14T04:58:00+00:00' AIRFLOW_CTX_TRY_NUMBER='1' AIRFLOW_CTX_DAG_RUN_ID='scheduled__2024-07-14T04:58:00+00:00'
[2024-07-14T09:01:21.516+0000] {taskinstance.py:430} INFO - ::endgroup::
[2024-07-14T09:01:21.662+0000] {python.py:237} INFO - Done. Returned value was: None
[2024-07-14T09:01:21.663+0000] {taskinstance.py:441} INFO - ::group::Post task execution logs
[2024-07-14T09:01:21.668+0000] {taskinstance.py:1206} INFO - Marking task as SUCCESS. dag_id=fetch_spread_values, task_id=fetch_and_compute_spread_usd_mxn, run_id=scheduled__2024-07-14T04:58:00+00:00, execution_date=20240714T045800, start_date=20240714T090121, end_date=20240714T090121
[2024-07-14T09:01:21.706+0000] {local_task_job_runner.py:240} INFO - Task exited with return code 0
[2024-07-14T09:01:21.716+0000] {taskinstance.py:3503} INFO - 0 downstream tasks scheduled from follow-on schedule check
[2024-07-14T09:01:21.716+0000] {local_task_job_runner.py:222} INFO - ::endgroup::
[2024-07-14T20:34:12.383+0000] {local_task_job_runner.py:120} INFO - ::group::Pre task execution logs
[2024-07-14T20:34:12.412+0000] {taskinstance.py:2076} INFO - Dependencies all met for dep_context=non-requeueable deps ti=<TaskInstance: fetch_spread_values.fetch_and_compute_spread_usd_mxn scheduled__2024-07-14T04:58:00+00:00 [queued]>
[2024-07-14T20:34:12.422+0000] {taskinstance.py:2076} INFO - Dependencies all met for dep_context=requeueable deps ti=<TaskInstance: fetch_spread_values.fetch_and_compute_spread_usd_mxn scheduled__2024-07-14T04:58:00+00:00 [queued]>
[2024-07-14T20:34:12.428+0000] {taskinstance.py:2306} INFO - Starting attempt 1 of 2
[2024-07-14T20:34:12.479+0000] {taskinstance.py:2330} INFO - Executing <Task(PythonOperator): fetch_and_compute_spread_usd_mxn> on 2024-07-14 04:58:00+00:00
[2024-07-14T20:34:12.488+0000] {standard_task_runner.py:90} INFO - Running: ['***', 'tasks', 'run', 'fetch_spread_values', 'fetch_and_compute_spread_usd_mxn', 'scheduled__2024-07-14T04:58:00+00:00', '--job-id', '601', '--raw', '--subdir', 'DAGS_FOLDER/***.py', '--cfg-path', '/tmp/tmpy3tz0mxs']
[2024-07-14T20:34:12.493+0000] {standard_task_runner.py:91} INFO - Job 601: Subtask fetch_and_compute_spread_usd_mxn
[2024-07-14T20:34:12.488+0000] {logging_mixin.py:188} WARNING - /home/***/.local/lib/python3.12/site-packages/***/task/task_runner/standard_task_runner.py:61 DeprecationWarning: This process (pid=1395) is multi-threaded, use of fork() may lead to deadlocks in the child.
[2024-07-14T20:34:12.499+0000] {standard_task_runner.py:63} INFO - Started process 1405 to run task
[2024-07-14T20:34:12.538+0000] {task_command.py:426} INFO - Running <TaskInstance: fetch_spread_values.fetch_and_compute_spread_usd_mxn scheduled__2024-07-14T04:58:00+00:00 [running]> on host 77caf7e4b282
[2024-07-14T20:34:12.633+0000] {taskinstance.py:2648} INFO - Exporting env vars: AIRFLOW_CTX_DAG_OWNER='***' AIRFLOW_CTX_DAG_ID='fetch_spread_values' AIRFLOW_CTX_TASK_ID='fetch_and_compute_spread_usd_mxn' AIRFLOW_CTX_EXECUTION_DATE='2024-07-14T04:58:00+00:00' AIRFLOW_CTX_TRY_NUMBER='1' AIRFLOW_CTX_DAG_RUN_ID='scheduled__2024-07-14T04:58:00+00:00'
[2024-07-14T20:34:12.638+0000] {taskinstance.py:430} INFO - ::endgroup::
[2024-07-14T20:34:12.900+0000] {python.py:237} INFO - Done. Returned value was: None
[2024-07-14T20:34:12.901+0000] {taskinstance.py:441} INFO - ::group::Post task execution logs
[2024-07-14T20:34:12.906+0000] {taskinstance.py:1206} INFO - Marking task as SUCCESS. dag_id=fetch_spread_values, task_id=fetch_and_compute_spread_usd_mxn, run_id=scheduled__2024-07-14T04:58:00+00:00, execution_date=20240714T045800, start_date=20240714T203412, end_date=20240714T203412
[2024-07-14T20:34:12.934+0000] {local_task_job_runner.py:240} INFO - Task exited with return code 0
[2024-07-14T20:34:12.952+0000] {taskinstance.py:3503} INFO - 0 downstream tasks scheduled from follow-on schedule check
[2024-07-14T20:34:12.954+0000] {local_task_job_runner.py:222} INFO - ::endgroup::
