[2024-07-15T08:33:33.541+0000] {local_task_job_runner.py:120} INFO - ::group::Pre task execution logs
[2024-07-15T08:33:33.576+0000] {taskinstance.py:2076} INFO - Dependencies all met for dep_context=non-requeueable deps ti=<TaskInstance: etl_ticker.etl_btc_mxn scheduled__2024-07-14T01:40:00+00:00 [queued]>
[2024-07-15T08:33:33.589+0000] {taskinstance.py:2076} INFO - Dependencies all met for dep_context=requeueable deps ti=<TaskInstance: etl_ticker.etl_btc_mxn scheduled__2024-07-14T01:40:00+00:00 [queued]>
[2024-07-15T08:33:33.592+0000] {taskinstance.py:2306} INFO - Starting attempt 1 of 2
[2024-07-15T08:33:33.617+0000] {taskinstance.py:2330} INFO - Executing <Task(PythonOperator): etl_btc_mxn> on 2024-07-14 01:40:00+00:00
[2024-07-15T08:33:33.626+0000] {logging_mixin.py:188} WARNING - /home/***/.local/lib/python3.12/site-packages/***/task/task_runner/standard_task_runner.py:61 DeprecationWarning: This process (pid=2875) is multi-threaded, use of fork() may lead to deadlocks in the child.
[2024-07-15T08:33:33.631+0000] {standard_task_runner.py:63} INFO - Started process 2882 to run task
[2024-07-15T08:33:33.635+0000] {standard_task_runner.py:90} INFO - Running: ['***', 'tasks', 'run', 'etl_ticker', 'etl_btc_mxn', 'scheduled__2024-07-14T01:40:00+00:00', '--job-id', '224', '--raw', '--subdir', 'DAGS_FOLDER/et_dag.py', '--cfg-path', '/tmp/tmpup_mxf6a']
[2024-07-15T08:33:33.647+0000] {standard_task_runner.py:91} INFO - Job 224: Subtask etl_btc_mxn
[2024-07-15T08:33:33.773+0000] {task_command.py:426} INFO - Running <TaskInstance: etl_ticker.etl_btc_mxn scheduled__2024-07-14T01:40:00+00:00 [running]> on host 07ee111a4cec
[2024-07-15T08:33:33.950+0000] {taskinstance.py:2648} INFO - Exporting env vars: AIRFLOW_CTX_DAG_OWNER='***' AIRFLOW_CTX_DAG_ID='etl_ticker' AIRFLOW_CTX_TASK_ID='etl_btc_mxn' AIRFLOW_CTX_EXECUTION_DATE='2024-07-14T01:40:00+00:00' AIRFLOW_CTX_TRY_NUMBER='1' AIRFLOW_CTX_DAG_RUN_ID='scheduled__2024-07-14T01:40:00+00:00'
[2024-07-15T08:33:33.958+0000] {taskinstance.py:430} INFO - ::endgroup::
[2024-07-15T08:33:34.118+0000] {et_dag.py:26} INFO - Data fetched for book btc_mxn
[2024-07-15T08:33:34.119+0000] {et_dag.py:27} INFO - {'success': True, 'payload': {'high': '1119480.00', 'last': '1119480.00', 'created_at': '2024-07-15T08:33:33+00:00', 'book': 'btc_mxn', 'volume': '0', 'vwap': '0', 'low': '1119480.00', 'ask': '1023070.02', 'bid': '1023069.98', 'change_24': '0.00', 'rolling_average_change': {}}}
[2024-07-15T08:33:34.119+0000] {et_dag.py:30} INFO - Spread computed
[2024-07-15T08:33:34.119+0000] {et_dag.py:31} INFO - {'orderbook_timestamp': '2024-07-15T08:33:33+00:00', 'book': 'btc_mxn', 'bid': 1023069.98, 'ask': 1023070.02, 'spread': 3.909800820598076e-06}
[2024-07-15T08:33:35.261+0000] {et_dag.py:26} INFO - Data fetched for book btc_mxn
[2024-07-15T08:33:35.262+0000] {et_dag.py:27} INFO - {'success': True, 'payload': {'high': '1119480.00', 'last': '1119480.00', 'created_at': '2024-07-15T08:33:34+00:00', 'book': 'btc_mxn', 'volume': '0', 'vwap': '0', 'low': '1119480.00', 'ask': '1023070.02', 'bid': '1023069.98', 'change_24': '0.00', 'rolling_average_change': {}}}
[2024-07-15T08:33:35.262+0000] {et_dag.py:30} INFO - Spread computed
[2024-07-15T08:33:35.262+0000] {et_dag.py:31} INFO - {'orderbook_timestamp': '2024-07-15T08:33:34+00:00', 'book': 'btc_mxn', 'bid': 1023069.98, 'ask': 1023070.02, 'spread': 3.909800820598076e-06}
[2024-07-15T08:33:36.416+0000] {et_dag.py:26} INFO - Data fetched for book btc_mxn
[2024-07-15T08:33:36.416+0000] {et_dag.py:27} INFO - {'success': True, 'payload': {'high': '1119480.00', 'last': '1119480.00', 'created_at': '2024-07-15T08:33:36+00:00', 'book': 'btc_mxn', 'volume': '0', 'vwap': '0', 'low': '1119480.00', 'ask': '1023070.02', 'bid': '1023069.98', 'change_24': '0.00', 'rolling_average_change': {}}}
[2024-07-15T08:33:36.417+0000] {et_dag.py:30} INFO - Spread computed
[2024-07-15T08:33:36.417+0000] {et_dag.py:31} INFO - {'orderbook_timestamp': '2024-07-15T08:33:36+00:00', 'book': 'btc_mxn', 'bid': 1023069.98, 'ask': 1023070.02, 'spread': 3.909800820598076e-06}
[2024-07-15T08:33:37.548+0000] {et_dag.py:26} INFO - Data fetched for book btc_mxn
[2024-07-15T08:33:37.549+0000] {et_dag.py:27} INFO - {'success': True, 'payload': {'high': '1119480.00', 'last': '1119480.00', 'created_at': '2024-07-15T08:33:37+00:00', 'book': 'btc_mxn', 'volume': '0', 'vwap': '0', 'low': '1119480.00', 'ask': '1023070.02', 'bid': '1023069.98', 'change_24': '0.00', 'rolling_average_change': {}}}
[2024-07-15T08:33:37.549+0000] {et_dag.py:30} INFO - Spread computed
[2024-07-15T08:33:37.549+0000] {et_dag.py:31} INFO - {'orderbook_timestamp': '2024-07-15T08:33:37+00:00', 'book': 'btc_mxn', 'bid': 1023069.98, 'ask': 1023070.02, 'spread': 3.909800820598076e-06}
[2024-07-15T08:33:38.694+0000] {et_dag.py:26} INFO - Data fetched for book btc_mxn
[2024-07-15T08:33:38.695+0000] {et_dag.py:27} INFO - {'success': True, 'payload': {'high': '1119480.00', 'last': '1119480.00', 'created_at': '2024-07-15T08:33:38+00:00', 'book': 'btc_mxn', 'volume': '0', 'vwap': '0', 'low': '1119480.00', 'ask': '1023070.02', 'bid': '1023069.98', 'change_24': '0.00', 'rolling_average_change': {}}}
[2024-07-15T08:33:38.695+0000] {et_dag.py:30} INFO - Spread computed
[2024-07-15T08:33:38.696+0000] {et_dag.py:31} INFO - {'orderbook_timestamp': '2024-07-15T08:33:38+00:00', 'book': 'btc_mxn', 'bid': 1023069.98, 'ask': 1023070.02, 'spread': 3.909800820598076e-06}
[2024-07-15T08:33:39.830+0000] {et_dag.py:26} INFO - Data fetched for book btc_mxn
[2024-07-15T08:33:39.831+0000] {et_dag.py:27} INFO - {'success': True, 'payload': {'high': '1119480.00', 'last': '1119480.00', 'created_at': '2024-07-15T08:33:39+00:00', 'book': 'btc_mxn', 'volume': '0', 'vwap': '0', 'low': '1119480.00', 'ask': '1023070.02', 'bid': '1023069.98', 'change_24': '0.00', 'rolling_average_change': {}}}
[2024-07-15T08:33:39.832+0000] {et_dag.py:30} INFO - Spread computed
[2024-07-15T08:33:39.832+0000] {et_dag.py:31} INFO - {'orderbook_timestamp': '2024-07-15T08:33:39+00:00', 'book': 'btc_mxn', 'bid': 1023069.98, 'ask': 1023070.02, 'spread': 3.909800820598076e-06}
[2024-07-15T08:33:40.974+0000] {et_dag.py:26} INFO - Data fetched for book btc_mxn
[2024-07-15T08:33:40.975+0000] {et_dag.py:27} INFO - {'success': True, 'payload': {'high': '1119480.00', 'last': '1119480.00', 'created_at': '2024-07-15T08:33:40+00:00', 'book': 'btc_mxn', 'volume': '0', 'vwap': '0', 'low': '1119480.00', 'ask': '1023070.02', 'bid': '1023069.98', 'change_24': '0.00', 'rolling_average_change': {}}}
[2024-07-15T08:33:40.975+0000] {et_dag.py:30} INFO - Spread computed
[2024-07-15T08:33:40.975+0000] {et_dag.py:31} INFO - {'orderbook_timestamp': '2024-07-15T08:33:40+00:00', 'book': 'btc_mxn', 'bid': 1023069.98, 'ask': 1023070.02, 'spread': 3.909800820598076e-06}
[2024-07-15T08:33:42.102+0000] {et_dag.py:26} INFO - Data fetched for book btc_mxn
[2024-07-15T08:33:42.102+0000] {et_dag.py:27} INFO - {'success': True, 'payload': {'high': '1119480.00', 'last': '1119480.00', 'created_at': '2024-07-15T08:33:41+00:00', 'book': 'btc_mxn', 'volume': '0', 'vwap': '0', 'low': '1119480.00', 'ask': '1023070.02', 'bid': '1023069.98', 'change_24': '0.00', 'rolling_average_change': {}}}
[2024-07-15T08:33:42.102+0000] {et_dag.py:30} INFO - Spread computed
[2024-07-15T08:33:42.103+0000] {et_dag.py:31} INFO - {'orderbook_timestamp': '2024-07-15T08:33:41+00:00', 'book': 'btc_mxn', 'bid': 1023069.98, 'ask': 1023070.02, 'spread': 3.909800820598076e-06}
[2024-07-15T08:33:43.246+0000] {et_dag.py:26} INFO - Data fetched for book btc_mxn
[2024-07-15T08:33:43.247+0000] {et_dag.py:27} INFO - {'success': True, 'payload': {'high': '1119480.00', 'last': '1119480.00', 'created_at': '2024-07-15T08:33:42+00:00', 'book': 'btc_mxn', 'volume': '0', 'vwap': '0', 'low': '1119480.00', 'ask': '1023070.02', 'bid': '1023069.98', 'change_24': '0.00', 'rolling_average_change': {}}}
[2024-07-15T08:33:43.247+0000] {et_dag.py:30} INFO - Spread computed
[2024-07-15T08:33:43.247+0000] {et_dag.py:31} INFO - {'orderbook_timestamp': '2024-07-15T08:33:42+00:00', 'book': 'btc_mxn', 'bid': 1023069.98, 'ask': 1023070.02, 'spread': 3.909800820598076e-06}
[2024-07-15T08:33:44.382+0000] {et_dag.py:26} INFO - Data fetched for book btc_mxn
[2024-07-15T08:33:44.383+0000] {et_dag.py:27} INFO - {'success': True, 'payload': {'high': '1119480.00', 'last': '1119480.00', 'created_at': '2024-07-15T08:33:43+00:00', 'book': 'btc_mxn', 'volume': '0', 'vwap': '0', 'low': '1119480.00', 'ask': '1023070.02', 'bid': '1023069.98', 'change_24': '0.00', 'rolling_average_change': {}}}
[2024-07-15T08:33:44.383+0000] {et_dag.py:30} INFO - Spread computed
[2024-07-15T08:33:44.383+0000] {et_dag.py:31} INFO - {'orderbook_timestamp': '2024-07-15T08:33:43+00:00', 'book': 'btc_mxn', 'bid': 1023069.98, 'ask': 1023070.02, 'spread': 3.909800820598076e-06}
[2024-07-15T08:33:45.520+0000] {et_dag.py:26} INFO - Data fetched for book btc_mxn
[2024-07-15T08:33:45.521+0000] {et_dag.py:27} INFO - {'success': True, 'payload': {'high': '1119480.00', 'last': '1119480.00', 'created_at': '2024-07-15T08:33:45+00:00', 'book': 'btc_mxn', 'volume': '0', 'vwap': '0', 'low': '1119480.00', 'ask': '1023070.02', 'bid': '1023069.98', 'change_24': '0.00', 'rolling_average_change': {}}}
[2024-07-15T08:33:45.523+0000] {et_dag.py:30} INFO - Spread computed
[2024-07-15T08:33:45.523+0000] {et_dag.py:31} INFO - {'orderbook_timestamp': '2024-07-15T08:33:45+00:00', 'book': 'btc_mxn', 'bid': 1023069.98, 'ask': 1023070.02, 'spread': 3.909800820598076e-06}
[2024-07-15T08:33:46.665+0000] {et_dag.py:26} INFO - Data fetched for book btc_mxn
[2024-07-15T08:33:46.666+0000] {et_dag.py:27} INFO - {'success': True, 'payload': {'high': '1119480.00', 'last': '1119480.00', 'created_at': '2024-07-15T08:33:46+00:00', 'book': 'btc_mxn', 'volume': '0', 'vwap': '0', 'low': '1119480.00', 'ask': '1023070.02', 'bid': '1023069.98', 'change_24': '0.00', 'rolling_average_change': {}}}
[2024-07-15T08:33:46.666+0000] {et_dag.py:30} INFO - Spread computed
[2024-07-15T08:33:46.667+0000] {et_dag.py:31} INFO - {'orderbook_timestamp': '2024-07-15T08:33:46+00:00', 'book': 'btc_mxn', 'bid': 1023069.98, 'ask': 1023070.02, 'spread': 3.909800820598076e-06}
[2024-07-15T08:33:47.815+0000] {et_dag.py:26} INFO - Data fetched for book btc_mxn
[2024-07-15T08:33:47.815+0000] {et_dag.py:27} INFO - {'success': True, 'payload': {'high': '1119480.00', 'last': '1119480.00', 'created_at': '2024-07-15T08:33:47+00:00', 'book': 'btc_mxn', 'volume': '0', 'vwap': '0', 'low': '1119480.00', 'ask': '1023070.02', 'bid': '1023069.98', 'change_24': '0.00', 'rolling_average_change': {}}}
[2024-07-15T08:33:47.815+0000] {et_dag.py:30} INFO - Spread computed
[2024-07-15T08:33:47.816+0000] {et_dag.py:31} INFO - {'orderbook_timestamp': '2024-07-15T08:33:47+00:00', 'book': 'btc_mxn', 'bid': 1023069.98, 'ask': 1023070.02, 'spread': 3.909800820598076e-06}
[2024-07-15T08:33:49.015+0000] {et_dag.py:26} INFO - Data fetched for book btc_mxn
[2024-07-15T08:33:49.017+0000] {et_dag.py:27} INFO - {'success': True, 'payload': {'high': '1119480.00', 'last': '1119480.00', 'created_at': '2024-07-15T08:33:48+00:00', 'book': 'btc_mxn', 'volume': '0', 'vwap': '0', 'low': '1119480.00', 'ask': '1023070.02', 'bid': '1023069.98', 'change_24': '0.00', 'rolling_average_change': {}}}
[2024-07-15T08:33:49.017+0000] {et_dag.py:30} INFO - Spread computed
[2024-07-15T08:33:49.018+0000] {et_dag.py:31} INFO - {'orderbook_timestamp': '2024-07-15T08:33:48+00:00', 'book': 'btc_mxn', 'bid': 1023069.98, 'ask': 1023070.02, 'spread': 3.909800820598076e-06}
[2024-07-15T08:33:50.164+0000] {et_dag.py:26} INFO - Data fetched for book btc_mxn
[2024-07-15T08:33:50.165+0000] {et_dag.py:27} INFO - {'success': True, 'payload': {'high': '1119480.00', 'last': '1119480.00', 'created_at': '2024-07-15T08:33:49+00:00', 'book': 'btc_mxn', 'volume': '0', 'vwap': '0', 'low': '1119480.00', 'ask': '1023070.02', 'bid': '1023069.98', 'change_24': '0.00', 'rolling_average_change': {}}}
[2024-07-15T08:33:50.165+0000] {et_dag.py:30} INFO - Spread computed
[2024-07-15T08:33:50.165+0000] {et_dag.py:31} INFO - {'orderbook_timestamp': '2024-07-15T08:33:49+00:00', 'book': 'btc_mxn', 'bid': 1023069.98, 'ask': 1023070.02, 'spread': 3.909800820598076e-06}
[2024-07-15T08:33:51.294+0000] {et_dag.py:26} INFO - Data fetched for book btc_mxn
[2024-07-15T08:33:51.295+0000] {et_dag.py:27} INFO - {'success': True, 'payload': {'high': '1119480.00', 'last': '1119480.00', 'created_at': '2024-07-15T08:33:50+00:00', 'book': 'btc_mxn', 'volume': '0', 'vwap': '0', 'low': '1119480.00', 'ask': '1023070.02', 'bid': '1023069.98', 'change_24': '0.00', 'rolling_average_change': {}}}
[2024-07-15T08:33:51.295+0000] {et_dag.py:30} INFO - Spread computed
[2024-07-15T08:33:51.295+0000] {et_dag.py:31} INFO - {'orderbook_timestamp': '2024-07-15T08:33:50+00:00', 'book': 'btc_mxn', 'bid': 1023069.98, 'ask': 1023070.02, 'spread': 3.909800820598076e-06}
[2024-07-15T08:33:52.422+0000] {et_dag.py:26} INFO - Data fetched for book btc_mxn
[2024-07-15T08:33:52.423+0000] {et_dag.py:27} INFO - {'success': True, 'payload': {'high': '1119480.00', 'last': '1119480.00', 'created_at': '2024-07-15T08:33:52+00:00', 'book': 'btc_mxn', 'volume': '0', 'vwap': '0', 'low': '1119480.00', 'ask': '1023070.02', 'bid': '1023069.98', 'change_24': '0.00', 'rolling_average_change': {}}}
[2024-07-15T08:33:52.423+0000] {et_dag.py:30} INFO - Spread computed
[2024-07-15T08:33:52.424+0000] {et_dag.py:31} INFO - {'orderbook_timestamp': '2024-07-15T08:33:52+00:00', 'book': 'btc_mxn', 'bid': 1023069.98, 'ask': 1023070.02, 'spread': 3.909800820598076e-06}
[2024-07-15T08:33:53.564+0000] {et_dag.py:26} INFO - Data fetched for book btc_mxn
[2024-07-15T08:33:53.565+0000] {et_dag.py:27} INFO - {'success': True, 'payload': {'high': '1119480.00', 'last': '1119480.00', 'created_at': '2024-07-15T08:33:53+00:00', 'book': 'btc_mxn', 'volume': '0', 'vwap': '0', 'low': '1119480.00', 'ask': '1023070.02', 'bid': '1023069.98', 'change_24': '0.00', 'rolling_average_change': {}}}
[2024-07-15T08:33:53.565+0000] {et_dag.py:30} INFO - Spread computed
[2024-07-15T08:33:53.565+0000] {et_dag.py:31} INFO - {'orderbook_timestamp': '2024-07-15T08:33:53+00:00', 'book': 'btc_mxn', 'bid': 1023069.98, 'ask': 1023070.02, 'spread': 3.909800820598076e-06}
[2024-07-15T08:33:54.706+0000] {et_dag.py:26} INFO - Data fetched for book btc_mxn
[2024-07-15T08:33:54.707+0000] {et_dag.py:27} INFO - {'success': True, 'payload': {'high': '1119480.00', 'last': '1119480.00', 'created_at': '2024-07-15T08:33:54+00:00', 'book': 'btc_mxn', 'volume': '0', 'vwap': '0', 'low': '1119480.00', 'ask': '1023070.02', 'bid': '1023069.98', 'change_24': '0.00', 'rolling_average_change': {}}}
[2024-07-15T08:33:54.708+0000] {et_dag.py:30} INFO - Spread computed
[2024-07-15T08:33:54.709+0000] {et_dag.py:31} INFO - {'orderbook_timestamp': '2024-07-15T08:33:54+00:00', 'book': 'btc_mxn', 'bid': 1023069.98, 'ask': 1023070.02, 'spread': 3.909800820598076e-06}
[2024-07-15T08:33:55.847+0000] {et_dag.py:26} INFO - Data fetched for book btc_mxn
[2024-07-15T08:33:55.847+0000] {et_dag.py:27} INFO - {'success': True, 'payload': {'high': '1119480.00', 'last': '1119480.00', 'created_at': '2024-07-15T08:33:55+00:00', 'book': 'btc_mxn', 'volume': '0', 'vwap': '0', 'low': '1119480.00', 'ask': '1023070.02', 'bid': '1023069.98', 'change_24': '0.00', 'rolling_average_change': {}}}
[2024-07-15T08:33:55.847+0000] {et_dag.py:30} INFO - Spread computed
[2024-07-15T08:33:55.848+0000] {et_dag.py:31} INFO - {'orderbook_timestamp': '2024-07-15T08:33:55+00:00', 'book': 'btc_mxn', 'bid': 1023069.98, 'ask': 1023070.02, 'spread': 3.909800820598076e-06}
[2024-07-15T08:33:56.997+0000] {et_dag.py:26} INFO - Data fetched for book btc_mxn
[2024-07-15T08:33:56.997+0000] {et_dag.py:27} INFO - {'success': True, 'payload': {'high': '1119480.00', 'last': '1119480.00', 'created_at': '2024-07-15T08:33:56+00:00', 'book': 'btc_mxn', 'volume': '0', 'vwap': '0', 'low': '1119480.00', 'ask': '1023070.02', 'bid': '1023069.98', 'change_24': '0.00', 'rolling_average_change': {}}}
[2024-07-15T08:33:56.998+0000] {et_dag.py:30} INFO - Spread computed
[2024-07-15T08:33:56.998+0000] {et_dag.py:31} INFO - {'orderbook_timestamp': '2024-07-15T08:33:56+00:00', 'book': 'btc_mxn', 'bid': 1023069.98, 'ask': 1023070.02, 'spread': 3.909800820598076e-06}
[2024-07-15T08:33:58.134+0000] {et_dag.py:26} INFO - Data fetched for book btc_mxn
[2024-07-15T08:33:58.134+0000] {et_dag.py:27} INFO - {'success': True, 'payload': {'high': '1119480.00', 'last': '1119480.00', 'created_at': '2024-07-15T08:33:57+00:00', 'book': 'btc_mxn', 'volume': '0', 'vwap': '0', 'low': '1119480.00', 'ask': '1023070.02', 'bid': '1023069.98', 'change_24': '0.00', 'rolling_average_change': {}}}
[2024-07-15T08:33:58.134+0000] {et_dag.py:30} INFO - Spread computed
[2024-07-15T08:33:58.135+0000] {et_dag.py:31} INFO - {'orderbook_timestamp': '2024-07-15T08:33:57+00:00', 'book': 'btc_mxn', 'bid': 1023069.98, 'ask': 1023070.02, 'spread': 3.909800820598076e-06}
[2024-07-15T08:33:59.265+0000] {et_dag.py:26} INFO - Data fetched for book btc_mxn
[2024-07-15T08:33:59.265+0000] {et_dag.py:27} INFO - {'success': True, 'payload': {'high': '1119480.00', 'last': '1119480.00', 'created_at': '2024-07-15T08:33:58+00:00', 'book': 'btc_mxn', 'volume': '0', 'vwap': '0', 'low': '1119480.00', 'ask': '1023070.02', 'bid': '1023069.98', 'change_24': '0.00', 'rolling_average_change': {}}}
[2024-07-15T08:33:59.265+0000] {et_dag.py:30} INFO - Spread computed
[2024-07-15T08:33:59.265+0000] {et_dag.py:31} INFO - {'orderbook_timestamp': '2024-07-15T08:33:58+00:00', 'book': 'btc_mxn', 'bid': 1023069.98, 'ask': 1023070.02, 'spread': 3.909800820598076e-06}
[2024-07-15T08:34:00.400+0000] {et_dag.py:26} INFO - Data fetched for book btc_mxn
[2024-07-15T08:34:00.400+0000] {et_dag.py:27} INFO - {'success': True, 'payload': {'high': '1119480.00', 'last': '1119480.00', 'created_at': '2024-07-15T08:34:00+00:00', 'book': 'btc_mxn', 'volume': '0', 'vwap': '0', 'low': '1119480.00', 'ask': '1023070.02', 'bid': '1023069.98', 'change_24': '0.00', 'rolling_average_change': {}}}
[2024-07-15T08:34:00.400+0000] {et_dag.py:30} INFO - Spread computed
[2024-07-15T08:34:00.401+0000] {et_dag.py:31} INFO - {'orderbook_timestamp': '2024-07-15T08:34:00+00:00', 'book': 'btc_mxn', 'bid': 1023069.98, 'ask': 1023070.02, 'spread': 3.909800820598076e-06}
[2024-07-15T08:34:01.535+0000] {et_dag.py:26} INFO - Data fetched for book btc_mxn
[2024-07-15T08:34:01.536+0000] {et_dag.py:27} INFO - {'success': True, 'payload': {'high': '1119480.00', 'last': '1119480.00', 'created_at': '2024-07-15T08:34:01+00:00', 'book': 'btc_mxn', 'volume': '0', 'vwap': '0', 'low': '1119480.00', 'ask': '1023070.02', 'bid': '1023069.98', 'change_24': '0.00', 'rolling_average_change': {}}}
[2024-07-15T08:34:01.536+0000] {et_dag.py:30} INFO - Spread computed
[2024-07-15T08:34:01.536+0000] {et_dag.py:31} INFO - {'orderbook_timestamp': '2024-07-15T08:34:01+00:00', 'book': 'btc_mxn', 'bid': 1023069.98, 'ask': 1023070.02, 'spread': 3.909800820598076e-06}
[2024-07-15T08:34:02.677+0000] {et_dag.py:26} INFO - Data fetched for book btc_mxn
[2024-07-15T08:34:02.679+0000] {et_dag.py:27} INFO - {'success': True, 'payload': {'high': '1119480.00', 'last': '1119480.00', 'created_at': '2024-07-15T08:34:02+00:00', 'book': 'btc_mxn', 'volume': '0', 'vwap': '0', 'low': '1119480.00', 'ask': '1023070.02', 'bid': '1023069.98', 'change_24': '0.00', 'rolling_average_change': {}}}
[2024-07-15T08:34:02.679+0000] {et_dag.py:30} INFO - Spread computed
[2024-07-15T08:34:02.679+0000] {et_dag.py:31} INFO - {'orderbook_timestamp': '2024-07-15T08:34:02+00:00', 'book': 'btc_mxn', 'bid': 1023069.98, 'ask': 1023070.02, 'spread': 3.909800820598076e-06}
[2024-07-15T08:34:03.819+0000] {et_dag.py:26} INFO - Data fetched for book btc_mxn
[2024-07-15T08:34:03.819+0000] {et_dag.py:27} INFO - {'success': True, 'payload': {'high': '1119480.00', 'last': '1119480.00', 'created_at': '2024-07-15T08:34:03+00:00', 'book': 'btc_mxn', 'volume': '0', 'vwap': '0', 'low': '1119480.00', 'ask': '1023070.02', 'bid': '1023069.98', 'change_24': '0.00', 'rolling_average_change': {}}}
[2024-07-15T08:34:03.820+0000] {et_dag.py:30} INFO - Spread computed
[2024-07-15T08:34:03.820+0000] {et_dag.py:31} INFO - {'orderbook_timestamp': '2024-07-15T08:34:03+00:00', 'book': 'btc_mxn', 'bid': 1023069.98, 'ask': 1023070.02, 'spread': 3.909800820598076e-06}
[2024-07-15T08:34:04.963+0000] {et_dag.py:26} INFO - Data fetched for book btc_mxn
[2024-07-15T08:34:04.964+0000] {et_dag.py:27} INFO - {'success': True, 'payload': {'high': '1119480.00', 'last': '1119480.00', 'created_at': '2024-07-15T08:34:04+00:00', 'book': 'btc_mxn', 'volume': '0', 'vwap': '0', 'low': '1119480.00', 'ask': '1023070.02', 'bid': '1023069.98', 'change_24': '0.00', 'rolling_average_change': {}}}
[2024-07-15T08:34:04.964+0000] {et_dag.py:30} INFO - Spread computed
[2024-07-15T08:34:04.964+0000] {et_dag.py:31} INFO - {'orderbook_timestamp': '2024-07-15T08:34:04+00:00', 'book': 'btc_mxn', 'bid': 1023069.98, 'ask': 1023070.02, 'spread': 3.909800820598076e-06}
[2024-07-15T08:34:06.109+0000] {et_dag.py:26} INFO - Data fetched for book btc_mxn
[2024-07-15T08:34:06.110+0000] {et_dag.py:27} INFO - {'success': True, 'payload': {'high': '1119480.00', 'last': '1119480.00', 'created_at': '2024-07-15T08:34:05+00:00', 'book': 'btc_mxn', 'volume': '0', 'vwap': '0', 'low': '1119480.00', 'ask': '1023070.02', 'bid': '1023069.98', 'change_24': '0.00', 'rolling_average_change': {}}}
[2024-07-15T08:34:06.110+0000] {et_dag.py:30} INFO - Spread computed
[2024-07-15T08:34:06.110+0000] {et_dag.py:31} INFO - {'orderbook_timestamp': '2024-07-15T08:34:05+00:00', 'book': 'btc_mxn', 'bid': 1023069.98, 'ask': 1023070.02, 'spread': 3.909800820598076e-06}
[2024-07-15T08:34:07.254+0000] {et_dag.py:26} INFO - Data fetched for book btc_mxn
[2024-07-15T08:34:07.255+0000] {et_dag.py:27} INFO - {'success': True, 'payload': {'high': '1119480.00', 'last': '1119480.00', 'created_at': '2024-07-15T08:34:06+00:00', 'book': 'btc_mxn', 'volume': '0', 'vwap': '0', 'low': '1119480.00', 'ask': '1023070.02', 'bid': '1023069.98', 'change_24': '0.00', 'rolling_average_change': {}}}
[2024-07-15T08:34:07.255+0000] {et_dag.py:30} INFO - Spread computed
[2024-07-15T08:34:07.255+0000] {et_dag.py:31} INFO - {'orderbook_timestamp': '2024-07-15T08:34:06+00:00', 'book': 'btc_mxn', 'bid': 1023069.98, 'ask': 1023070.02, 'spread': 3.909800820598076e-06}
[2024-07-15T08:34:08.393+0000] {et_dag.py:26} INFO - Data fetched for book btc_mxn
[2024-07-15T08:34:08.394+0000] {et_dag.py:27} INFO - {'success': True, 'payload': {'high': '1119480.00', 'last': '1119480.00', 'created_at': '2024-07-15T08:34:08+00:00', 'book': 'btc_mxn', 'volume': '0', 'vwap': '0', 'low': '1119480.00', 'ask': '1023070.02', 'bid': '1023069.98', 'change_24': '0.00', 'rolling_average_change': {}}}
[2024-07-15T08:34:08.395+0000] {et_dag.py:30} INFO - Spread computed
[2024-07-15T08:34:08.395+0000] {et_dag.py:31} INFO - {'orderbook_timestamp': '2024-07-15T08:34:08+00:00', 'book': 'btc_mxn', 'bid': 1023069.98, 'ask': 1023070.02, 'spread': 3.909800820598076e-06}
[2024-07-15T08:34:09.530+0000] {et_dag.py:26} INFO - Data fetched for book btc_mxn
[2024-07-15T08:34:09.531+0000] {et_dag.py:27} INFO - {'success': True, 'payload': {'high': '1119480.00', 'last': '1119480.00', 'created_at': '2024-07-15T08:34:09+00:00', 'book': 'btc_mxn', 'volume': '0', 'vwap': '0', 'low': '1119480.00', 'ask': '1023070.02', 'bid': '1023069.98', 'change_24': '0.00', 'rolling_average_change': {}}}
[2024-07-15T08:34:09.531+0000] {et_dag.py:30} INFO - Spread computed
[2024-07-15T08:34:09.531+0000] {et_dag.py:31} INFO - {'orderbook_timestamp': '2024-07-15T08:34:09+00:00', 'book': 'btc_mxn', 'bid': 1023069.98, 'ask': 1023070.02, 'spread': 3.909800820598076e-06}
[2024-07-15T08:34:10.664+0000] {et_dag.py:26} INFO - Data fetched for book btc_mxn
[2024-07-15T08:34:10.665+0000] {et_dag.py:27} INFO - {'success': True, 'payload': {'high': '1119480.00', 'last': '1119480.00', 'created_at': '2024-07-15T08:34:10+00:00', 'book': 'btc_mxn', 'volume': '0', 'vwap': '0', 'low': '1119480.00', 'ask': '1023070.02', 'bid': '1023069.98', 'change_24': '0.00', 'rolling_average_change': {}}}
[2024-07-15T08:34:10.665+0000] {et_dag.py:30} INFO - Spread computed
[2024-07-15T08:34:10.665+0000] {et_dag.py:31} INFO - {'orderbook_timestamp': '2024-07-15T08:34:10+00:00', 'book': 'btc_mxn', 'bid': 1023069.98, 'ask': 1023070.02, 'spread': 3.909800820598076e-06}
[2024-07-15T08:34:11.814+0000] {et_dag.py:26} INFO - Data fetched for book btc_mxn
[2024-07-15T08:34:11.815+0000] {et_dag.py:27} INFO - {'success': True, 'payload': {'high': '1119480.00', 'last': '1119480.00', 'created_at': '2024-07-15T08:34:11+00:00', 'book': 'btc_mxn', 'volume': '0', 'vwap': '0', 'low': '1119480.00', 'ask': '1023070.02', 'bid': '1023069.98', 'change_24': '0.00', 'rolling_average_change': {}}}
[2024-07-15T08:34:11.815+0000] {et_dag.py:30} INFO - Spread computed
[2024-07-15T08:34:11.816+0000] {et_dag.py:31} INFO - {'orderbook_timestamp': '2024-07-15T08:34:11+00:00', 'book': 'btc_mxn', 'bid': 1023069.98, 'ask': 1023070.02, 'spread': 3.909800820598076e-06}
[2024-07-15T08:34:12.950+0000] {et_dag.py:26} INFO - Data fetched for book btc_mxn
[2024-07-15T08:34:12.952+0000] {et_dag.py:27} INFO - {'success': True, 'payload': {'high': '1119480.00', 'last': '1119480.00', 'created_at': '2024-07-15T08:34:12+00:00', 'book': 'btc_mxn', 'volume': '0', 'vwap': '0', 'low': '1119480.00', 'ask': '1023070.02', 'bid': '1023069.98', 'change_24': '0.00', 'rolling_average_change': {}}}
[2024-07-15T08:34:12.953+0000] {et_dag.py:30} INFO - Spread computed
[2024-07-15T08:34:12.953+0000] {et_dag.py:31} INFO - {'orderbook_timestamp': '2024-07-15T08:34:12+00:00', 'book': 'btc_mxn', 'bid': 1023069.98, 'ask': 1023070.02, 'spread': 3.909800820598076e-06}
[2024-07-15T08:34:14.102+0000] {et_dag.py:26} INFO - Data fetched for book btc_mxn
[2024-07-15T08:34:14.102+0000] {et_dag.py:27} INFO - {'success': True, 'payload': {'high': '1119480.00', 'last': '1119480.00', 'created_at': '2024-07-15T08:34:13+00:00', 'book': 'btc_mxn', 'volume': '0', 'vwap': '0', 'low': '1119480.00', 'ask': '1023070.02', 'bid': '1023069.98', 'change_24': '0.00', 'rolling_average_change': {}}}
[2024-07-15T08:34:14.103+0000] {et_dag.py:30} INFO - Spread computed
[2024-07-15T08:34:14.103+0000] {et_dag.py:31} INFO - {'orderbook_timestamp': '2024-07-15T08:34:13+00:00', 'book': 'btc_mxn', 'bid': 1023069.98, 'ask': 1023070.02, 'spread': 3.909800820598076e-06}
[2024-07-15T08:34:15.247+0000] {et_dag.py:26} INFO - Data fetched for book btc_mxn
[2024-07-15T08:34:15.251+0000] {et_dag.py:27} INFO - {'success': True, 'payload': {'high': '1119480.00', 'last': '1119480.00', 'created_at': '2024-07-15T08:34:14+00:00', 'book': 'btc_mxn', 'volume': '0', 'vwap': '0', 'low': '1119480.00', 'ask': '1023070.02', 'bid': '1023069.98', 'change_24': '0.00', 'rolling_average_change': {}}}
[2024-07-15T08:34:15.252+0000] {et_dag.py:30} INFO - Spread computed
[2024-07-15T08:34:15.252+0000] {et_dag.py:31} INFO - {'orderbook_timestamp': '2024-07-15T08:34:14+00:00', 'book': 'btc_mxn', 'bid': 1023069.98, 'ask': 1023070.02, 'spread': 3.909800820598076e-06}
[2024-07-15T08:34:16.403+0000] {et_dag.py:26} INFO - Data fetched for book btc_mxn
[2024-07-15T08:34:16.404+0000] {et_dag.py:27} INFO - {'success': True, 'payload': {'high': '1119480.00', 'last': '1119480.00', 'created_at': '2024-07-15T08:34:16+00:00', 'book': 'btc_mxn', 'volume': '0', 'vwap': '0', 'low': '1119480.00', 'ask': '1023070.02', 'bid': '1023069.98', 'change_24': '0.00', 'rolling_average_change': {}}}
[2024-07-15T08:34:16.406+0000] {et_dag.py:30} INFO - Spread computed
[2024-07-15T08:34:16.407+0000] {et_dag.py:31} INFO - {'orderbook_timestamp': '2024-07-15T08:34:16+00:00', 'book': 'btc_mxn', 'bid': 1023069.98, 'ask': 1023070.02, 'spread': 3.909800820598076e-06}
[2024-07-15T08:34:17.589+0000] {et_dag.py:26} INFO - Data fetched for book btc_mxn
[2024-07-15T08:34:17.590+0000] {et_dag.py:27} INFO - {'success': True, 'payload': {'high': '1119480.00', 'last': '1119480.00', 'created_at': '2024-07-15T08:34:17+00:00', 'book': 'btc_mxn', 'volume': '0', 'vwap': '0', 'low': '1119480.00', 'ask': '1023070.02', 'bid': '1023069.98', 'change_24': '0.00', 'rolling_average_change': {}}}
[2024-07-15T08:34:17.590+0000] {et_dag.py:30} INFO - Spread computed
[2024-07-15T08:34:17.590+0000] {et_dag.py:31} INFO - {'orderbook_timestamp': '2024-07-15T08:34:17+00:00', 'book': 'btc_mxn', 'bid': 1023069.98, 'ask': 1023070.02, 'spread': 3.909800820598076e-06}
[2024-07-15T08:34:18.737+0000] {et_dag.py:26} INFO - Data fetched for book btc_mxn
[2024-07-15T08:34:18.738+0000] {et_dag.py:27} INFO - {'success': True, 'payload': {'high': '1119480.00', 'last': '1119480.00', 'created_at': '2024-07-15T08:34:18+00:00', 'book': 'btc_mxn', 'volume': '0', 'vwap': '0', 'low': '1119480.00', 'ask': '1023070.02', 'bid': '1023069.98', 'change_24': '0.00', 'rolling_average_change': {}}}
[2024-07-15T08:34:18.738+0000] {et_dag.py:30} INFO - Spread computed
[2024-07-15T08:34:18.738+0000] {et_dag.py:31} INFO - {'orderbook_timestamp': '2024-07-15T08:34:18+00:00', 'book': 'btc_mxn', 'bid': 1023069.98, 'ask': 1023070.02, 'spread': 3.909800820598076e-06}
[2024-07-15T08:34:19.893+0000] {et_dag.py:26} INFO - Data fetched for book btc_mxn
[2024-07-15T08:34:19.894+0000] {et_dag.py:27} INFO - {'success': True, 'payload': {'high': '1119480.00', 'last': '1119480.00', 'created_at': '2024-07-15T08:34:19+00:00', 'book': 'btc_mxn', 'volume': '0', 'vwap': '0', 'low': '1119480.00', 'ask': '1023070.02', 'bid': '1023069.98', 'change_24': '0.00', 'rolling_average_change': {}}}
[2024-07-15T08:34:19.894+0000] {et_dag.py:30} INFO - Spread computed
[2024-07-15T08:34:19.895+0000] {et_dag.py:31} INFO - {'orderbook_timestamp': '2024-07-15T08:34:19+00:00', 'book': 'btc_mxn', 'bid': 1023069.98, 'ask': 1023070.02, 'spread': 3.909800820598076e-06}
[2024-07-15T08:34:21.048+0000] {et_dag.py:26} INFO - Data fetched for book btc_mxn
[2024-07-15T08:34:21.048+0000] {et_dag.py:27} INFO - {'success': True, 'payload': {'high': '1119480.00', 'last': '1119480.00', 'created_at': '2024-07-15T08:34:20+00:00', 'book': 'btc_mxn', 'volume': '0', 'vwap': '0', 'low': '1119480.00', 'ask': '1023070.02', 'bid': '1023069.98', 'change_24': '0.00', 'rolling_average_change': {}}}
[2024-07-15T08:34:21.049+0000] {et_dag.py:30} INFO - Spread computed
[2024-07-15T08:34:21.049+0000] {et_dag.py:31} INFO - {'orderbook_timestamp': '2024-07-15T08:34:20+00:00', 'book': 'btc_mxn', 'bid': 1023069.98, 'ask': 1023070.02, 'spread': 3.909800820598076e-06}
[2024-07-15T08:34:22.216+0000] {et_dag.py:26} INFO - Data fetched for book btc_mxn
[2024-07-15T08:34:22.216+0000] {et_dag.py:27} INFO - {'success': True, 'payload': {'high': '1119480.00', 'last': '1119480.00', 'created_at': '2024-07-15T08:34:21+00:00', 'book': 'btc_mxn', 'volume': '0', 'vwap': '0', 'low': '1119480.00', 'ask': '1023070.02', 'bid': '1023069.98', 'change_24': '0.00', 'rolling_average_change': {}}}
[2024-07-15T08:34:22.217+0000] {et_dag.py:30} INFO - Spread computed
[2024-07-15T08:34:22.217+0000] {et_dag.py:31} INFO - {'orderbook_timestamp': '2024-07-15T08:34:21+00:00', 'book': 'btc_mxn', 'bid': 1023069.98, 'ask': 1023070.02, 'spread': 3.909800820598076e-06}
[2024-07-15T08:34:23.363+0000] {et_dag.py:26} INFO - Data fetched for book btc_mxn
[2024-07-15T08:34:23.364+0000] {et_dag.py:27} INFO - {'success': True, 'payload': {'high': '1119480.00', 'last': '1119480.00', 'created_at': '2024-07-15T08:34:22+00:00', 'book': 'btc_mxn', 'volume': '0', 'vwap': '0', 'low': '1119480.00', 'ask': '1023070.02', 'bid': '1023069.98', 'change_24': '0.00', 'rolling_average_change': {}}}
[2024-07-15T08:34:23.364+0000] {et_dag.py:30} INFO - Spread computed
[2024-07-15T08:34:23.364+0000] {et_dag.py:31} INFO - {'orderbook_timestamp': '2024-07-15T08:34:22+00:00', 'book': 'btc_mxn', 'bid': 1023069.98, 'ask': 1023070.02, 'spread': 3.909800820598076e-06}
[2024-07-15T08:34:24.522+0000] {et_dag.py:26} INFO - Data fetched for book btc_mxn
[2024-07-15T08:34:24.523+0000] {et_dag.py:27} INFO - {'success': True, 'payload': {'high': '1119480.00', 'last': '1119480.00', 'created_at': '2024-07-15T08:34:24+00:00', 'book': 'btc_mxn', 'volume': '0', 'vwap': '0', 'low': '1119480.00', 'ask': '1023070.02', 'bid': '1023069.98', 'change_24': '0.00', 'rolling_average_change': {}}}
[2024-07-15T08:34:24.524+0000] {et_dag.py:30} INFO - Spread computed
[2024-07-15T08:34:24.524+0000] {et_dag.py:31} INFO - {'orderbook_timestamp': '2024-07-15T08:34:24+00:00', 'book': 'btc_mxn', 'bid': 1023069.98, 'ask': 1023070.02, 'spread': 3.909800820598076e-06}
[2024-07-15T08:34:25.673+0000] {et_dag.py:26} INFO - Data fetched for book btc_mxn
[2024-07-15T08:34:25.674+0000] {et_dag.py:27} INFO - {'success': True, 'payload': {'high': '1119480.00', 'last': '1119480.00', 'created_at': '2024-07-15T08:34:25+00:00', 'book': 'btc_mxn', 'volume': '0', 'vwap': '0', 'low': '1119480.00', 'ask': '1023070.02', 'bid': '1023069.98', 'change_24': '0.00', 'rolling_average_change': {}}}
[2024-07-15T08:34:25.674+0000] {et_dag.py:30} INFO - Spread computed
[2024-07-15T08:34:25.674+0000] {et_dag.py:31} INFO - {'orderbook_timestamp': '2024-07-15T08:34:25+00:00', 'book': 'btc_mxn', 'bid': 1023069.98, 'ask': 1023070.02, 'spread': 3.909800820598076e-06}
[2024-07-15T08:34:26.803+0000] {et_dag.py:26} INFO - Data fetched for book btc_mxn
[2024-07-15T08:34:26.804+0000] {et_dag.py:27} INFO - {'success': True, 'payload': {'high': '1119480.00', 'last': '1119480.00', 'created_at': '2024-07-15T08:34:26+00:00', 'book': 'btc_mxn', 'volume': '0', 'vwap': '0', 'low': '1119480.00', 'ask': '1023070.02', 'bid': '1023069.98', 'change_24': '0.00', 'rolling_average_change': {}}}
[2024-07-15T08:34:26.804+0000] {et_dag.py:30} INFO - Spread computed
[2024-07-15T08:34:26.805+0000] {et_dag.py:31} INFO - {'orderbook_timestamp': '2024-07-15T08:34:26+00:00', 'book': 'btc_mxn', 'bid': 1023069.98, 'ask': 1023070.02, 'spread': 3.909800820598076e-06}
[2024-07-15T08:34:27.959+0000] {et_dag.py:26} INFO - Data fetched for book btc_mxn
[2024-07-15T08:34:27.961+0000] {et_dag.py:27} INFO - {'success': True, 'payload': {'high': '1119480.00', 'last': '1119480.00', 'created_at': '2024-07-15T08:34:27+00:00', 'book': 'btc_mxn', 'volume': '0', 'vwap': '0', 'low': '1119480.00', 'ask': '1023070.02', 'bid': '1023069.98', 'change_24': '0.00', 'rolling_average_change': {}}}
[2024-07-15T08:34:27.961+0000] {et_dag.py:30} INFO - Spread computed
[2024-07-15T08:34:27.961+0000] {et_dag.py:31} INFO - {'orderbook_timestamp': '2024-07-15T08:34:27+00:00', 'book': 'btc_mxn', 'bid': 1023069.98, 'ask': 1023070.02, 'spread': 3.909800820598076e-06}
[2024-07-15T08:34:29.128+0000] {et_dag.py:26} INFO - Data fetched for book btc_mxn
[2024-07-15T08:34:29.128+0000] {et_dag.py:27} INFO - {'success': True, 'payload': {'high': '1119480.00', 'last': '1119480.00', 'created_at': '2024-07-15T08:34:28+00:00', 'book': 'btc_mxn', 'volume': '0', 'vwap': '0', 'low': '1119480.00', 'ask': '1023070.02', 'bid': '1023069.98', 'change_24': '0.00', 'rolling_average_change': {}}}
[2024-07-15T08:34:29.129+0000] {et_dag.py:30} INFO - Spread computed
[2024-07-15T08:34:29.129+0000] {et_dag.py:31} INFO - {'orderbook_timestamp': '2024-07-15T08:34:28+00:00', 'book': 'btc_mxn', 'bid': 1023069.98, 'ask': 1023070.02, 'spread': 3.909800820598076e-06}
[2024-07-15T08:34:30.280+0000] {et_dag.py:26} INFO - Data fetched for book btc_mxn
[2024-07-15T08:34:30.280+0000] {et_dag.py:27} INFO - {'success': True, 'payload': {'high': '1119480.00', 'last': '1119480.00', 'created_at': '2024-07-15T08:34:29+00:00', 'book': 'btc_mxn', 'volume': '0', 'vwap': '0', 'low': '1119480.00', 'ask': '1023070.02', 'bid': '1023069.98', 'change_24': '0.00', 'rolling_average_change': {}}}
[2024-07-15T08:34:30.281+0000] {et_dag.py:30} INFO - Spread computed
[2024-07-15T08:34:30.281+0000] {et_dag.py:31} INFO - {'orderbook_timestamp': '2024-07-15T08:34:29+00:00', 'book': 'btc_mxn', 'bid': 1023069.98, 'ask': 1023070.02, 'spread': 3.909800820598076e-06}
[2024-07-15T08:34:31.439+0000] {et_dag.py:26} INFO - Data fetched for book btc_mxn
[2024-07-15T08:34:31.440+0000] {et_dag.py:27} INFO - {'success': True, 'payload': {'high': '1119480.00', 'last': '1119480.00', 'created_at': '2024-07-15T08:34:31+00:00', 'book': 'btc_mxn', 'volume': '0', 'vwap': '0', 'low': '1119480.00', 'ask': '1023070.02', 'bid': '1023069.98', 'change_24': '0.00', 'rolling_average_change': {}}}
[2024-07-15T08:34:31.440+0000] {et_dag.py:30} INFO - Spread computed
[2024-07-15T08:34:31.440+0000] {et_dag.py:31} INFO - {'orderbook_timestamp': '2024-07-15T08:34:31+00:00', 'book': 'btc_mxn', 'bid': 1023069.98, 'ask': 1023070.02, 'spread': 3.909800820598076e-06}
[2024-07-15T08:34:32.598+0000] {et_dag.py:26} INFO - Data fetched for book btc_mxn
[2024-07-15T08:34:32.600+0000] {et_dag.py:27} INFO - {'success': True, 'payload': {'high': '1119480.00', 'last': '1119480.00', 'created_at': '2024-07-15T08:34:32+00:00', 'book': 'btc_mxn', 'volume': '0', 'vwap': '0', 'low': '1119480.00', 'ask': '1023070.02', 'bid': '1023069.98', 'change_24': '0.00', 'rolling_average_change': {}}}
[2024-07-15T08:34:32.600+0000] {et_dag.py:30} INFO - Spread computed
[2024-07-15T08:34:32.601+0000] {et_dag.py:31} INFO - {'orderbook_timestamp': '2024-07-15T08:34:32+00:00', 'book': 'btc_mxn', 'bid': 1023069.98, 'ask': 1023070.02, 'spread': 3.909800820598076e-06}
[2024-07-15T08:34:33.761+0000] {et_dag.py:26} INFO - Data fetched for book btc_mxn
[2024-07-15T08:34:33.762+0000] {et_dag.py:27} INFO - {'success': True, 'payload': {'high': '1119480.00', 'last': '1119480.00', 'created_at': '2024-07-15T08:34:33+00:00', 'book': 'btc_mxn', 'volume': '0', 'vwap': '0', 'low': '1119480.00', 'ask': '1023070.02', 'bid': '1023069.98', 'change_24': '0.00', 'rolling_average_change': {}}}
[2024-07-15T08:34:33.762+0000] {et_dag.py:30} INFO - Spread computed
[2024-07-15T08:34:33.762+0000] {et_dag.py:31} INFO - {'orderbook_timestamp': '2024-07-15T08:34:33+00:00', 'book': 'btc_mxn', 'bid': 1023069.98, 'ask': 1023070.02, 'spread': 3.909800820598076e-06}
[2024-07-15T08:34:34.775+0000] {logging_mixin.py:188} WARNING -   0%|          | 0/53 [00:00<?, ?it/s]
[2024-07-15T08:34:34.801+0000] {logging_mixin.py:188} INFO - saved in /opt/***/bucket/get_ticker/year=2024/month=07/day=15/hour=08/data.csv
[2024-07-15T08:34:34.803+0000] {logging_mixin.py:188} INFO - saved in /opt/***/bucket/get_ticker/year=2024/month=07/day=15/hour=08/data.csv
[2024-07-15T08:34:34.805+0000] {logging_mixin.py:188} INFO - saved in /opt/***/bucket/get_ticker/year=2024/month=07/day=15/hour=08/data.csv
[2024-07-15T08:34:34.808+0000] {logging_mixin.py:188} INFO - saved in /opt/***/bucket/get_ticker/year=2024/month=07/day=15/hour=08/data.csv
[2024-07-15T08:34:34.812+0000] {logging_mixin.py:188} INFO - saved in /opt/***/bucket/get_ticker/year=2024/month=07/day=15/hour=08/data.csv
[2024-07-15T08:34:34.815+0000] {logging_mixin.py:188} INFO - saved in /opt/***/bucket/get_ticker/year=2024/month=07/day=15/hour=08/data.csv
[2024-07-15T08:34:34.818+0000] {logging_mixin.py:188} INFO - saved in /opt/***/bucket/get_ticker/year=2024/month=07/day=15/hour=08/data.csv
[2024-07-15T08:34:34.821+0000] {logging_mixin.py:188} INFO - saved in /opt/***/bucket/get_ticker/year=2024/month=07/day=15/hour=08/data.csv
[2024-07-15T08:34:34.824+0000] {logging_mixin.py:188} INFO - saved in /opt/***/bucket/get_ticker/year=2024/month=07/day=15/hour=08/data.csv
[2024-07-15T08:34:34.828+0000] {logging_mixin.py:188} INFO - saved in /opt/***/bucket/get_ticker/year=2024/month=07/day=15/hour=08/data.csv
[2024-07-15T08:34:34.832+0000] {logging_mixin.py:188} INFO - saved in /opt/***/bucket/get_ticker/year=2024/month=07/day=15/hour=08/data.csv
[2024-07-15T08:34:34.833+0000] {logging_mixin.py:188} INFO - saved in /opt/***/bucket/get_ticker/year=2024/month=07/day=15/hour=08/data.csv
[2024-07-15T08:34:34.837+0000] {logging_mixin.py:188} INFO - saved in /opt/***/bucket/get_ticker/year=2024/month=07/day=15/hour=08/data.csv
[2024-07-15T08:34:34.840+0000] {logging_mixin.py:188} INFO - saved in /opt/***/bucket/get_ticker/year=2024/month=07/day=15/hour=08/data.csv
[2024-07-15T08:34:34.843+0000] {logging_mixin.py:188} INFO - saved in /opt/***/bucket/get_ticker/year=2024/month=07/day=15/hour=08/data.csv
[2024-07-15T08:34:34.844+0000] {logging_mixin.py:188} INFO - saved in /opt/***/bucket/get_ticker/year=2024/month=07/day=15/hour=08/data.csv
[2024-07-15T08:34:34.846+0000] {logging_mixin.py:188} INFO - saved in /opt/***/bucket/get_ticker/year=2024/month=07/day=15/hour=08/data.csv
[2024-07-15T08:34:34.850+0000] {logging_mixin.py:188} INFO - saved in /opt/***/bucket/get_ticker/year=2024/month=07/day=15/hour=08/data.csv
[2024-07-15T08:34:34.852+0000] {logging_mixin.py:188} INFO - saved in /opt/***/bucket/get_ticker/year=2024/month=07/day=15/hour=08/data.csv
[2024-07-15T08:34:34.856+0000] {logging_mixin.py:188} INFO - saved in /opt/***/bucket/get_ticker/year=2024/month=07/day=15/hour=08/data.csv
[2024-07-15T08:34:34.859+0000] {logging_mixin.py:188} INFO - saved in /opt/***/bucket/get_ticker/year=2024/month=07/day=15/hour=08/data.csv
[2024-07-15T08:34:34.860+0000] {logging_mixin.py:188} INFO - saved in /opt/***/bucket/get_ticker/year=2024/month=07/day=15/hour=08/data.csv
[2024-07-15T08:34:34.864+0000] {logging_mixin.py:188} INFO - saved in /opt/***/bucket/get_ticker/year=2024/month=07/day=15/hour=08/data.csv
[2024-07-15T08:34:34.867+0000] {logging_mixin.py:188} INFO - saved in /opt/***/bucket/get_ticker/year=2024/month=07/day=15/hour=08/data.csv
[2024-07-15T08:34:34.871+0000] {logging_mixin.py:188} INFO - saved in /opt/***/bucket/get_ticker/year=2024/month=07/day=15/hour=08/data.csv
[2024-07-15T08:34:34.874+0000] {logging_mixin.py:188} INFO - saved in /opt/***/bucket/get_ticker/year=2024/month=07/day=15/hour=08/data.csv
[2024-07-15T08:34:34.877+0000] {logging_mixin.py:188} INFO - saved in /opt/***/bucket/get_ticker/year=2024/month=07/day=15/hour=08/data.csv
[2024-07-15T08:34:34.880+0000] {logging_mixin.py:188} INFO - saved in /opt/***/bucket/get_ticker/year=2024/month=07/day=15/hour=08/data.csv
[2024-07-15T08:34:34.883+0000] {logging_mixin.py:188} INFO - saved in /opt/***/bucket/get_ticker/year=2024/month=07/day=15/hour=08/data.csv
[2024-07-15T08:34:34.886+0000] {logging_mixin.py:188} INFO - saved in /opt/***/bucket/get_ticker/year=2024/month=07/day=15/hour=08/data.csv
[2024-07-15T08:34:34.889+0000] {logging_mixin.py:188} WARNING -  57%|#####6    | 30/53 [00:00<00:00, 291.87it/s]
[2024-07-15T08:34:34.890+0000] {logging_mixin.py:188} INFO - saved in /opt/***/bucket/get_ticker/year=2024/month=07/day=15/hour=08/data.csv
[2024-07-15T08:34:34.894+0000] {logging_mixin.py:188} INFO - saved in /opt/***/bucket/get_ticker/year=2024/month=07/day=15/hour=08/data.csv
[2024-07-15T08:34:34.896+0000] {logging_mixin.py:188} INFO - saved in /opt/***/bucket/get_ticker/year=2024/month=07/day=15/hour=08/data.csv
[2024-07-15T08:34:34.900+0000] {logging_mixin.py:188} INFO - saved in /opt/***/bucket/get_ticker/year=2024/month=07/day=15/hour=08/data.csv
[2024-07-15T08:34:34.903+0000] {logging_mixin.py:188} INFO - saved in /opt/***/bucket/get_ticker/year=2024/month=07/day=15/hour=08/data.csv
[2024-07-15T08:34:34.906+0000] {logging_mixin.py:188} INFO - saved in /opt/***/bucket/get_ticker/year=2024/month=07/day=15/hour=08/data.csv
[2024-07-15T08:34:34.909+0000] {logging_mixin.py:188} INFO - saved in /opt/***/bucket/get_ticker/year=2024/month=07/day=15/hour=08/data.csv
[2024-07-15T08:34:34.912+0000] {logging_mixin.py:188} INFO - saved in /opt/***/bucket/get_ticker/year=2024/month=07/day=15/hour=08/data.csv
[2024-07-15T08:34:34.916+0000] {logging_mixin.py:188} INFO - saved in /opt/***/bucket/get_ticker/year=2024/month=07/day=15/hour=08/data.csv
[2024-07-15T08:34:34.921+0000] {logging_mixin.py:188} INFO - saved in /opt/***/bucket/get_ticker/year=2024/month=07/day=15/hour=08/data.csv
[2024-07-15T08:34:34.927+0000] {logging_mixin.py:188} INFO - saved in /opt/***/bucket/get_ticker/year=2024/month=07/day=15/hour=08/data.csv
[2024-07-15T08:34:34.932+0000] {logging_mixin.py:188} INFO - saved in /opt/***/bucket/get_ticker/year=2024/month=07/day=15/hour=08/data.csv
[2024-07-15T08:34:34.937+0000] {logging_mixin.py:188} INFO - saved in /opt/***/bucket/get_ticker/year=2024/month=07/day=15/hour=08/data.csv
[2024-07-15T08:34:34.940+0000] {logging_mixin.py:188} INFO - saved in /opt/***/bucket/get_ticker/year=2024/month=07/day=15/hour=08/data.csv
[2024-07-15T08:34:34.943+0000] {logging_mixin.py:188} INFO - saved in /opt/***/bucket/get_ticker/year=2024/month=07/day=15/hour=08/data.csv
[2024-07-15T08:34:34.946+0000] {logging_mixin.py:188} INFO - saved in /opt/***/bucket/get_ticker/year=2024/month=07/day=15/hour=08/data.csv
[2024-07-15T08:34:34.950+0000] {logging_mixin.py:188} INFO - saved in /opt/***/bucket/get_ticker/year=2024/month=07/day=15/hour=08/data.csv
[2024-07-15T08:34:34.953+0000] {logging_mixin.py:188} INFO - saved in /opt/***/bucket/get_ticker/year=2024/month=07/day=15/hour=08/data.csv
[2024-07-15T08:34:34.956+0000] {logging_mixin.py:188} INFO - saved in /opt/***/bucket/get_ticker/year=2024/month=07/day=15/hour=08/data.csv
[2024-07-15T08:34:34.959+0000] {logging_mixin.py:188} INFO - saved in /opt/***/bucket/get_ticker/year=2024/month=07/day=15/hour=08/data.csv
[2024-07-15T08:34:34.964+0000] {logging_mixin.py:188} INFO - saved in /opt/***/bucket/get_ticker/year=2024/month=07/day=15/hour=08/data.csv
[2024-07-15T08:34:34.967+0000] {logging_mixin.py:188} INFO - saved in /opt/***/bucket/get_ticker/year=2024/month=07/day=15/hour=08/data.csv
[2024-07-15T08:34:34.976+0000] {logging_mixin.py:188} INFO - saved in /opt/***/bucket/get_ticker/year=2024/month=07/day=15/hour=08/data.csv
[2024-07-15T08:34:34.990+0000] {logging_mixin.py:188} WARNING - 100%|##########| 53/53 [00:00<00:00, 261.57it/s]
[2024-07-15T08:34:34.993+0000] {python.py:237} INFO - Done. Returned value was: None
[2024-07-15T08:34:34.997+0000] {taskinstance.py:441} INFO - ::group::Post task execution logs
[2024-07-15T08:34:35.020+0000] {taskinstance.py:1206} INFO - Marking task as SUCCESS. dag_id=etl_ticker, task_id=etl_btc_mxn, run_id=scheduled__2024-07-14T01:40:00+00:00, execution_date=20240714T014000, start_date=20240715T083333, end_date=20240715T083435
[2024-07-15T08:34:35.101+0000] {local_task_job_runner.py:240} INFO - Task exited with return code 0
[2024-07-15T08:34:35.128+0000] {taskinstance.py:3503} INFO - 0 downstream tasks scheduled from follow-on schedule check
[2024-07-15T08:34:35.130+0000] {local_task_job_runner.py:222} INFO - ::endgroup::
