[2024-07-14T08:57:05.583+0000] {local_task_job_runner.py:120} INFO - ::group::Pre task execution logs
[2024-07-14T08:57:05.615+0000] {taskinstance.py:2076} INFO - Dependencies all met for dep_context=non-requeueable deps ti=<TaskInstance: fetch_spread_values.fetch_and_compute_spread_btc_mxn scheduled__2024-07-14T00:15:00+00:00 [queued]>
[2024-07-14T08:57:05.651+0000] {taskinstance.py:2076} INFO - Dependencies all met for dep_context=requeueable deps ti=<TaskInstance: fetch_spread_values.fetch_and_compute_spread_btc_mxn scheduled__2024-07-14T00:15:00+00:00 [queued]>
[2024-07-14T08:57:05.653+0000] {taskinstance.py:2306} INFO - Starting attempt 1 of 2
[2024-07-14T08:57:05.702+0000] {taskinstance.py:2330} INFO - Executing <Task(PythonOperator): fetch_and_compute_spread_btc_mxn> on 2024-07-14 00:15:00+00:00
[2024-07-14T08:57:05.724+0000] {warnings.py:112} WARNING - /home/***/.local/lib/python3.12/site-packages/***/task/task_runner/standard_task_runner.py:61: DeprecationWarning: This process (pid=212) is multi-threaded, use of fork() may lead to deadlocks in the child.
  pid = os.fork()

[2024-07-14T08:57:05.732+0000] {standard_task_runner.py:63} INFO - Started process 230 to run task
[2024-07-14T08:57:05.727+0000] {standard_task_runner.py:90} INFO - Running: ['***', 'tasks', 'run', 'fetch_spread_values', 'fetch_and_compute_spread_btc_mxn', 'scheduled__2024-07-14T00:15:00+00:00', '--job-id', '60', '--raw', '--subdir', 'DAGS_FOLDER/***.py', '--cfg-path', '/tmp/tmp6jyx24ql']
[2024-07-14T08:57:05.740+0000] {standard_task_runner.py:91} INFO - Job 60: Subtask fetch_and_compute_spread_btc_mxn
[2024-07-14T08:57:05.854+0000] {task_command.py:426} INFO - Running <TaskInstance: fetch_spread_values.fetch_and_compute_spread_btc_mxn scheduled__2024-07-14T00:15:00+00:00 [running]> on host d537c34a4880
[2024-07-14T08:57:06.016+0000] {taskinstance.py:2648} INFO - Exporting env vars: AIRFLOW_CTX_DAG_OWNER='***' AIRFLOW_CTX_DAG_ID='fetch_spread_values' AIRFLOW_CTX_TASK_ID='fetch_and_compute_spread_btc_mxn' AIRFLOW_CTX_EXECUTION_DATE='2024-07-14T00:15:00+00:00' AIRFLOW_CTX_TRY_NUMBER='1' AIRFLOW_CTX_DAG_RUN_ID='scheduled__2024-07-14T00:15:00+00:00'
[2024-07-14T08:57:06.031+0000] {taskinstance.py:430} INFO - ::endgroup::
[2024-07-14T08:57:06.243+0000] {python.py:237} INFO - Done. Returned value was: None
[2024-07-14T08:57:06.247+0000] {taskinstance.py:441} INFO - ::group::Post task execution logs
[2024-07-14T08:57:06.262+0000] {taskinstance.py:1206} INFO - Marking task as SUCCESS. dag_id=fetch_spread_values, task_id=fetch_and_compute_spread_btc_mxn, run_id=scheduled__2024-07-14T00:15:00+00:00, execution_date=20240714T001500, start_date=20240714T085705, end_date=20240714T085706
[2024-07-14T08:57:06.304+0000] {local_task_job_runner.py:240} INFO - Task exited with return code 0
[2024-07-14T08:57:06.326+0000] {taskinstance.py:3503} INFO - 0 downstream tasks scheduled from follow-on schedule check
[2024-07-14T08:57:06.330+0000] {local_task_job_runner.py:222} INFO - ::endgroup::
[2024-07-14T20:32:06.054+0000] {local_task_job_runner.py:120} INFO - ::group::Pre task execution logs
[2024-07-14T20:32:06.092+0000] {taskinstance.py:2076} INFO - Dependencies all met for dep_context=non-requeueable deps ti=<TaskInstance: fetch_spread_values.fetch_and_compute_spread_btc_mxn scheduled__2024-07-14T00:15:00+00:00 [queued]>
[2024-07-14T20:32:06.118+0000] {taskinstance.py:2076} INFO - Dependencies all met for dep_context=requeueable deps ti=<TaskInstance: fetch_spread_values.fetch_and_compute_spread_btc_mxn scheduled__2024-07-14T00:15:00+00:00 [queued]>
[2024-07-14T20:32:06.125+0000] {taskinstance.py:2306} INFO - Starting attempt 1 of 2
[2024-07-14T20:32:06.149+0000] {taskinstance.py:2330} INFO - Executing <Task(PythonOperator): fetch_and_compute_spread_btc_mxn> on 2024-07-14 00:15:00+00:00
[2024-07-14T20:32:06.156+0000] {standard_task_runner.py:90} INFO - Running: ['***', 'tasks', 'run', 'fetch_spread_values', 'fetch_and_compute_spread_btc_mxn', 'scheduled__2024-07-14T00:15:00+00:00', '--job-id', '33', '--raw', '--subdir', 'DAGS_FOLDER/***.py', '--cfg-path', '/tmp/tmpy7mg0i92']
[2024-07-14T20:32:06.161+0000] {standard_task_runner.py:91} INFO - Job 33: Subtask fetch_and_compute_spread_btc_mxn
[2024-07-14T20:32:06.162+0000] {logging_mixin.py:188} WARNING - /home/***/.local/lib/python3.12/site-packages/***/task/task_runner/standard_task_runner.py:61 DeprecationWarning: This process (pid=238) is multi-threaded, use of fork() may lead to deadlocks in the child.
[2024-07-14T20:32:06.167+0000] {standard_task_runner.py:63} INFO - Started process 249 to run task
[2024-07-14T20:32:06.248+0000] {task_command.py:426} INFO - Running <TaskInstance: fetch_spread_values.fetch_and_compute_spread_btc_mxn scheduled__2024-07-14T00:15:00+00:00 [running]> on host 77caf7e4b282
[2024-07-14T20:32:06.368+0000] {taskinstance.py:2648} INFO - Exporting env vars: AIRFLOW_CTX_DAG_OWNER='***' AIRFLOW_CTX_DAG_ID='fetch_spread_values' AIRFLOW_CTX_TASK_ID='fetch_and_compute_spread_btc_mxn' AIRFLOW_CTX_EXECUTION_DATE='2024-07-14T00:15:00+00:00' AIRFLOW_CTX_TRY_NUMBER='1' AIRFLOW_CTX_DAG_RUN_ID='scheduled__2024-07-14T00:15:00+00:00'
[2024-07-14T20:32:06.371+0000] {taskinstance.py:430} INFO - ::endgroup::
[2024-07-14T20:32:06.546+0000] {python.py:237} INFO - Done. Returned value was: None
[2024-07-14T20:32:06.547+0000] {taskinstance.py:441} INFO - ::group::Post task execution logs
[2024-07-14T20:32:06.553+0000] {taskinstance.py:1206} INFO - Marking task as SUCCESS. dag_id=fetch_spread_values, task_id=fetch_and_compute_spread_btc_mxn, run_id=scheduled__2024-07-14T00:15:00+00:00, execution_date=20240714T001500, start_date=20240714T203206, end_date=20240714T203206
[2024-07-14T20:32:06.576+0000] {local_task_job_runner.py:240} INFO - Task exited with return code 0
[2024-07-14T20:32:06.608+0000] {taskinstance.py:3503} INFO - 0 downstream tasks scheduled from follow-on schedule check
[2024-07-14T20:32:06.613+0000] {local_task_job_runner.py:222} INFO - ::endgroup::
