[2024-07-14T08:58:16.847+0000] {local_task_job_runner.py:120} INFO - ::group::Pre task execution logs
[2024-07-14T08:58:16.990+0000] {taskinstance.py:2076} INFO - Dependencies all met for dep_context=non-requeueable deps ti=<TaskInstance: fetch_spread_values.fetch_and_compute_spread_usd_mxn scheduled__2024-07-14T01:38:00+00:00 [queued]>
[2024-07-14T08:58:17.042+0000] {taskinstance.py:2076} INFO - Dependencies all met for dep_context=requeueable deps ti=<TaskInstance: fetch_spread_values.fetch_and_compute_spread_usd_mxn scheduled__2024-07-14T01:38:00+00:00 [queued]>
[2024-07-14T08:58:17.044+0000] {taskinstance.py:2306} INFO - Starting attempt 1 of 2
[2024-07-14T08:58:17.115+0000] {taskinstance.py:2330} INFO - Executing <Task(PythonOperator): fetch_and_compute_spread_usd_mxn> on 2024-07-14 01:38:00+00:00
[2024-07-14T08:58:17.136+0000] {warnings.py:112} WARNING - /home/***/.local/lib/python3.12/site-packages/***/task/task_runner/standard_task_runner.py:61: DeprecationWarning: This process (pid=713) is multi-threaded, use of fork() may lead to deadlocks in the child.
  pid = os.fork()

[2024-07-14T08:58:17.144+0000] {standard_task_runner.py:63} INFO - Started process 746 to run task
[2024-07-14T08:58:17.146+0000] {standard_task_runner.py:90} INFO - Running: ['***', 'tasks', 'run', 'fetch_spread_values', 'fetch_and_compute_spread_usd_mxn', 'scheduled__2024-07-14T01:38:00+00:00', '--job-id', '226', '--raw', '--subdir', 'DAGS_FOLDER/***.py', '--cfg-path', '/tmp/tmpxpgikk4a']
[2024-07-14T08:58:17.154+0000] {standard_task_runner.py:91} INFO - Job 226: Subtask fetch_and_compute_spread_usd_mxn
[2024-07-14T08:58:17.317+0000] {task_command.py:426} INFO - Running <TaskInstance: fetch_spread_values.fetch_and_compute_spread_usd_mxn scheduled__2024-07-14T01:38:00+00:00 [running]> on host d537c34a4880
[2024-07-14T08:58:17.585+0000] {taskinstance.py:2648} INFO - Exporting env vars: AIRFLOW_CTX_DAG_OWNER='***' AIRFLOW_CTX_DAG_ID='fetch_spread_values' AIRFLOW_CTX_TASK_ID='fetch_and_compute_spread_usd_mxn' AIRFLOW_CTX_EXECUTION_DATE='2024-07-14T01:38:00+00:00' AIRFLOW_CTX_TRY_NUMBER='1' AIRFLOW_CTX_DAG_RUN_ID='scheduled__2024-07-14T01:38:00+00:00'
[2024-07-14T08:58:17.592+0000] {taskinstance.py:430} INFO - ::endgroup::
[2024-07-14T08:58:17.890+0000] {python.py:237} INFO - Done. Returned value was: None
[2024-07-14T08:58:17.906+0000] {taskinstance.py:441} INFO - ::group::Post task execution logs
[2024-07-14T08:58:17.936+0000] {taskinstance.py:1206} INFO - Marking task as SUCCESS. dag_id=fetch_spread_values, task_id=fetch_and_compute_spread_usd_mxn, run_id=scheduled__2024-07-14T01:38:00+00:00, execution_date=20240714T013800, start_date=20240714T085817, end_date=20240714T085817
[2024-07-14T08:58:18.060+0000] {local_task_job_runner.py:240} INFO - Task exited with return code 0
[2024-07-14T08:58:18.110+0000] {taskinstance.py:3503} INFO - 0 downstream tasks scheduled from follow-on schedule check
[2024-07-14T08:58:18.123+0000] {local_task_job_runner.py:222} INFO - ::endgroup::
[2024-07-14T20:32:45.712+0000] {local_task_job_runner.py:120} INFO - ::group::Pre task execution logs
[2024-07-14T20:32:45.772+0000] {taskinstance.py:2076} INFO - Dependencies all met for dep_context=non-requeueable deps ti=<TaskInstance: fetch_spread_values.fetch_and_compute_spread_usd_mxn scheduled__2024-07-14T01:38:00+00:00 [queued]>
[2024-07-14T20:32:45.785+0000] {taskinstance.py:2076} INFO - Dependencies all met for dep_context=requeueable deps ti=<TaskInstance: fetch_spread_values.fetch_and_compute_spread_usd_mxn scheduled__2024-07-14T01:38:00+00:00 [queued]>
[2024-07-14T20:32:45.789+0000] {taskinstance.py:2306} INFO - Starting attempt 1 of 2
[2024-07-14T20:32:45.813+0000] {taskinstance.py:2330} INFO - Executing <Task(PythonOperator): fetch_and_compute_spread_usd_mxn> on 2024-07-14 01:38:00+00:00
[2024-07-14T20:32:45.825+0000] {logging_mixin.py:188} WARNING - /home/***/.local/lib/python3.12/site-packages/***/task/task_runner/standard_task_runner.py:61 DeprecationWarning: This process (pid=581) is multi-threaded, use of fork() may lead to deadlocks in the child.
[2024-07-14T20:32:45.827+0000] {standard_task_runner.py:63} INFO - Started process 593 to run task
[2024-07-14T20:32:45.827+0000] {standard_task_runner.py:90} INFO - Running: ['***', 'tasks', 'run', 'fetch_spread_values', 'fetch_and_compute_spread_usd_mxn', 'scheduled__2024-07-14T01:38:00+00:00', '--job-id', '201', '--raw', '--subdir', 'DAGS_FOLDER/***.py', '--cfg-path', '/tmp/tmpk6_ivvi5']
[2024-07-14T20:32:45.840+0000] {standard_task_runner.py:91} INFO - Job 201: Subtask fetch_and_compute_spread_usd_mxn
[2024-07-14T20:32:45.921+0000] {task_command.py:426} INFO - Running <TaskInstance: fetch_spread_values.fetch_and_compute_spread_usd_mxn scheduled__2024-07-14T01:38:00+00:00 [running]> on host 77caf7e4b282
[2024-07-14T20:32:46.010+0000] {taskinstance.py:2648} INFO - Exporting env vars: AIRFLOW_CTX_DAG_OWNER='***' AIRFLOW_CTX_DAG_ID='fetch_spread_values' AIRFLOW_CTX_TASK_ID='fetch_and_compute_spread_usd_mxn' AIRFLOW_CTX_EXECUTION_DATE='2024-07-14T01:38:00+00:00' AIRFLOW_CTX_TRY_NUMBER='1' AIRFLOW_CTX_DAG_RUN_ID='scheduled__2024-07-14T01:38:00+00:00'
[2024-07-14T20:32:46.012+0000] {taskinstance.py:430} INFO - ::endgroup::
[2024-07-14T20:32:46.209+0000] {python.py:237} INFO - Done. Returned value was: None
[2024-07-14T20:32:46.210+0000] {taskinstance.py:441} INFO - ::group::Post task execution logs
[2024-07-14T20:32:46.217+0000] {taskinstance.py:1206} INFO - Marking task as SUCCESS. dag_id=fetch_spread_values, task_id=fetch_and_compute_spread_usd_mxn, run_id=scheduled__2024-07-14T01:38:00+00:00, execution_date=20240714T013800, start_date=20240714T203245, end_date=20240714T203246
[2024-07-14T20:32:46.229+0000] {local_task_job_runner.py:240} INFO - Task exited with return code 0
[2024-07-14T20:32:46.240+0000] {taskinstance.py:3503} INFO - 0 downstream tasks scheduled from follow-on schedule check
[2024-07-14T20:32:46.241+0000] {local_task_job_runner.py:222} INFO - ::endgroup::
