[2024-07-14T10:11:57.455+0000] {local_task_job_runner.py:120} INFO - ::group::Pre task execution logs
[2024-07-14T10:11:57.498+0000] {taskinstance.py:2076} INFO - Dependencies all met for dep_context=non-requeueable deps ti=<TaskInstance: fetch_spread_values.fetch_and_compute_spread_btc_mxn scheduled__2024-07-14T09:54:00+00:00 [queued]>
[2024-07-14T10:11:57.510+0000] {taskinstance.py:2076} INFO - Dependencies all met for dep_context=requeueable deps ti=<TaskInstance: fetch_spread_values.fetch_and_compute_spread_btc_mxn scheduled__2024-07-14T09:54:00+00:00 [queued]>
[2024-07-14T10:11:57.511+0000] {taskinstance.py:2306} INFO - Starting attempt 1 of 2
[2024-07-14T10:11:57.557+0000] {taskinstance.py:2330} INFO - Executing <Task(PythonOperator): fetch_and_compute_spread_btc_mxn> on 2024-07-14 09:54:00+00:00
[2024-07-14T10:11:57.563+0000] {warnings.py:112} WARNING - /home/***/.local/lib/python3.12/site-packages/***/task/task_runner/standard_task_runner.py:61: DeprecationWarning: This process (pid=4305) is multi-threaded, use of fork() may lead to deadlocks in the child.
  pid = os.fork()

[2024-07-14T10:11:57.575+0000] {standard_task_runner.py:63} INFO - Started process 4334 to run task
[2024-07-14T10:11:57.567+0000] {standard_task_runner.py:90} INFO - Running: ['***', 'tasks', 'run', 'fetch_spread_values', 'fetch_and_compute_spread_btc_mxn', 'scheduled__2024-07-14T09:54:00+00:00', '--job-id', '1282', '--raw', '--subdir', 'DAGS_FOLDER/***.py', '--cfg-path', '/tmp/tmp23d46knb']
[2024-07-14T10:11:57.589+0000] {standard_task_runner.py:91} INFO - Job 1282: Subtask fetch_and_compute_spread_btc_mxn
[2024-07-14T10:11:57.829+0000] {task_command.py:426} INFO - Running <TaskInstance: fetch_spread_values.fetch_and_compute_spread_btc_mxn scheduled__2024-07-14T09:54:00+00:00 [running]> on host d537c34a4880
[2024-07-14T10:11:58.133+0000] {taskinstance.py:2648} INFO - Exporting env vars: AIRFLOW_CTX_DAG_OWNER='***' AIRFLOW_CTX_DAG_ID='fetch_spread_values' AIRFLOW_CTX_TASK_ID='fetch_and_compute_spread_btc_mxn' AIRFLOW_CTX_EXECUTION_DATE='2024-07-14T09:54:00+00:00' AIRFLOW_CTX_TRY_NUMBER='1' AIRFLOW_CTX_DAG_RUN_ID='scheduled__2024-07-14T09:54:00+00:00'
[2024-07-14T10:11:58.152+0000] {taskinstance.py:430} INFO - ::endgroup::
[2024-07-14T10:11:58.698+0000] {python.py:237} INFO - Done. Returned value was: None
[2024-07-14T10:11:58.700+0000] {taskinstance.py:441} INFO - ::group::Post task execution logs
[2024-07-14T10:11:58.719+0000] {taskinstance.py:1206} INFO - Marking task as SUCCESS. dag_id=fetch_spread_values, task_id=fetch_and_compute_spread_btc_mxn, run_id=scheduled__2024-07-14T09:54:00+00:00, execution_date=20240714T095400, start_date=20240714T101157, end_date=20240714T101158
[2024-07-14T10:11:58.846+0000] {local_task_job_runner.py:240} INFO - Task exited with return code 0
[2024-07-14T10:11:58.945+0000] {local_task_job_runner.py:222} INFO - ::endgroup::
[2024-07-14T20:36:39.510+0000] {local_task_job_runner.py:120} INFO - ::group::Pre task execution logs
[2024-07-14T20:36:39.560+0000] {taskinstance.py:2076} INFO - Dependencies all met for dep_context=non-requeueable deps ti=<TaskInstance: fetch_spread_values.fetch_and_compute_spread_btc_mxn scheduled__2024-07-14T09:54:00+00:00 [queued]>
[2024-07-14T20:36:39.576+0000] {taskinstance.py:2076} INFO - Dependencies all met for dep_context=requeueable deps ti=<TaskInstance: fetch_spread_values.fetch_and_compute_spread_btc_mxn scheduled__2024-07-14T09:54:00+00:00 [queued]>
[2024-07-14T20:36:39.577+0000] {taskinstance.py:2306} INFO - Starting attempt 1 of 2
[2024-07-14T20:36:39.617+0000] {taskinstance.py:2330} INFO - Executing <Task(PythonOperator): fetch_and_compute_spread_btc_mxn> on 2024-07-14 09:54:00+00:00
[2024-07-14T20:36:39.625+0000] {logging_mixin.py:188} WARNING - /home/***/.local/lib/python3.12/site-packages/***/task/task_runner/standard_task_runner.py:61 DeprecationWarning: This process (pid=2851) is multi-threaded, use of fork() may lead to deadlocks in the child.
[2024-07-14T20:36:39.630+0000] {standard_task_runner.py:63} INFO - Started process 2862 to run task
[2024-07-14T20:36:39.624+0000] {standard_task_runner.py:90} INFO - Running: ['***', 'tasks', 'run', 'fetch_spread_values', 'fetch_and_compute_spread_btc_mxn', 'scheduled__2024-07-14T09:54:00+00:00', '--job-id', '1317', '--raw', '--subdir', 'DAGS_FOLDER/***.py', '--cfg-path', '/tmp/tmpye1l3rv1']
[2024-07-14T20:36:39.636+0000] {standard_task_runner.py:91} INFO - Job 1317: Subtask fetch_and_compute_spread_btc_mxn
[2024-07-14T20:36:39.716+0000] {task_command.py:426} INFO - Running <TaskInstance: fetch_spread_values.fetch_and_compute_spread_btc_mxn scheduled__2024-07-14T09:54:00+00:00 [running]> on host 77caf7e4b282
[2024-07-14T20:36:39.797+0000] {taskinstance.py:2648} INFO - Exporting env vars: AIRFLOW_CTX_DAG_OWNER='***' AIRFLOW_CTX_DAG_ID='fetch_spread_values' AIRFLOW_CTX_TASK_ID='fetch_and_compute_spread_btc_mxn' AIRFLOW_CTX_EXECUTION_DATE='2024-07-14T09:54:00+00:00' AIRFLOW_CTX_TRY_NUMBER='1' AIRFLOW_CTX_DAG_RUN_ID='scheduled__2024-07-14T09:54:00+00:00'
[2024-07-14T20:36:39.798+0000] {taskinstance.py:430} INFO - ::endgroup::
[2024-07-14T20:36:39.982+0000] {python.py:237} INFO - Done. Returned value was: None
[2024-07-14T20:36:39.982+0000] {taskinstance.py:441} INFO - ::group::Post task execution logs
[2024-07-14T20:36:39.987+0000] {taskinstance.py:1206} INFO - Marking task as SUCCESS. dag_id=fetch_spread_values, task_id=fetch_and_compute_spread_btc_mxn, run_id=scheduled__2024-07-14T09:54:00+00:00, execution_date=20240714T095400, start_date=20240714T203639, end_date=20240714T203639
[2024-07-14T20:36:40.018+0000] {local_task_job_runner.py:240} INFO - Task exited with return code 0
[2024-07-14T20:36:40.027+0000] {taskinstance.py:3503} INFO - 0 downstream tasks scheduled from follow-on schedule check
[2024-07-14T20:36:40.027+0000] {local_task_job_runner.py:222} INFO - ::endgroup::
