[2024-07-14T09:05:27.526+0000] {local_task_job_runner.py:120} INFO - ::group::Pre task execution logs
[2024-07-14T09:05:27.545+0000] {taskinstance.py:2076} INFO - Dependencies all met for dep_context=non-requeueable deps ti=<TaskInstance: save_spread_values.save_and_flush_task scheduled__2024-07-14T04:20:00+00:00 [queued]>
[2024-07-14T09:05:27.553+0000] {taskinstance.py:2076} INFO - Dependencies all met for dep_context=requeueable deps ti=<TaskInstance: save_spread_values.save_and_flush_task scheduled__2024-07-14T04:20:00+00:00 [queued]>
[2024-07-14T09:05:27.557+0000] {taskinstance.py:2306} INFO - Starting attempt 1 of 2
[2024-07-14T09:05:27.594+0000] {taskinstance.py:2330} INFO - Executing <Task(PythonOperator): save_and_flush_task> on 2024-07-14 04:20:00+00:00
[2024-07-14T09:05:27.613+0000] {warnings.py:112} WARNING - /home/***/.local/lib/python3.12/site-packages/***/task/task_runner/standard_task_runner.py:61: DeprecationWarning: This process (pid=3559) is multi-threaded, use of fork() may lead to deadlocks in the child.
  pid = os.fork()

[2024-07-14T09:05:27.616+0000] {standard_task_runner.py:63} INFO - Started process 3588 to run task
[2024-07-14T09:05:27.620+0000] {standard_task_runner.py:90} INFO - Running: ['***', 'tasks', 'run', 'save_spread_values', 'save_and_flush_task', 'scheduled__2024-07-14T04:20:00+00:00', '--job-id', '1146', '--raw', '--subdir', 'DAGS_FOLDER/***.py', '--cfg-path', '/tmp/tmpdzbs6i8a']
[2024-07-14T09:05:27.625+0000] {standard_task_runner.py:91} INFO - Job 1146: Subtask save_and_flush_task
[2024-07-14T09:05:27.688+0000] {task_command.py:426} INFO - Running <TaskInstance: save_spread_values.save_and_flush_task scheduled__2024-07-14T04:20:00+00:00 [running]> on host d537c34a4880
[2024-07-14T09:05:27.801+0000] {taskinstance.py:2648} INFO - Exporting env vars: AIRFLOW_CTX_DAG_OWNER='***' AIRFLOW_CTX_DAG_ID='save_spread_values' AIRFLOW_CTX_TASK_ID='save_and_flush_task' AIRFLOW_CTX_EXECUTION_DATE='2024-07-14T04:20:00+00:00' AIRFLOW_CTX_TRY_NUMBER='1' AIRFLOW_CTX_DAG_RUN_ID='scheduled__2024-07-14T04:20:00+00:00'
[2024-07-14T09:05:27.804+0000] {taskinstance.py:430} INFO - ::endgroup::
[2024-07-14T09:05:27.805+0000] {python.py:237} INFO - Done. Returned value was: None
[2024-07-14T09:05:27.809+0000] {taskinstance.py:441} INFO - ::group::Post task execution logs
[2024-07-14T09:05:27.818+0000] {taskinstance.py:1206} INFO - Marking task as SUCCESS. dag_id=save_spread_values, task_id=save_and_flush_task, run_id=scheduled__2024-07-14T04:20:00+00:00, execution_date=20240714T042000, start_date=20240714T090527, end_date=20240714T090527
[2024-07-14T09:05:27.845+0000] {local_task_job_runner.py:240} INFO - Task exited with return code 0
[2024-07-14T09:05:27.861+0000] {taskinstance.py:3503} INFO - 0 downstream tasks scheduled from follow-on schedule check
[2024-07-14T09:05:27.863+0000] {local_task_job_runner.py:222} INFO - ::endgroup::
[2024-07-14T20:34:45.101+0000] {local_task_job_runner.py:120} INFO - ::group::Pre task execution logs
[2024-07-14T20:34:45.124+0000] {taskinstance.py:2076} INFO - Dependencies all met for dep_context=non-requeueable deps ti=<TaskInstance: save_spread_values.save_and_flush_task scheduled__2024-07-14T04:20:00+00:00 [queued]>
[2024-07-14T20:34:45.129+0000] {taskinstance.py:2076} INFO - Dependencies all met for dep_context=requeueable deps ti=<TaskInstance: save_spread_values.save_and_flush_task scheduled__2024-07-14T04:20:00+00:00 [queued]>
[2024-07-14T20:34:45.130+0000] {taskinstance.py:2306} INFO - Starting attempt 1 of 2
[2024-07-14T20:34:45.158+0000] {taskinstance.py:2330} INFO - Executing <Task(PythonOperator): save_and_flush_task> on 2024-07-14 04:20:00+00:00
[2024-07-14T20:34:45.166+0000] {standard_task_runner.py:90} INFO - Running: ['***', 'tasks', 'run', 'save_spread_values', 'save_and_flush_task', 'scheduled__2024-07-14T04:20:00+00:00', '--job-id', '766', '--raw', '--subdir', 'DAGS_FOLDER/***.py', '--cfg-path', '/tmp/tmph8nn3hqi']
[2024-07-14T20:34:45.182+0000] {standard_task_runner.py:91} INFO - Job 766: Subtask save_and_flush_task
[2024-07-14T20:34:45.164+0000] {logging_mixin.py:188} WARNING - /home/***/.local/lib/python3.12/site-packages/***/task/task_runner/standard_task_runner.py:61 DeprecationWarning: This process (pid=1729) is multi-threaded, use of fork() may lead to deadlocks in the child.
[2024-07-14T20:34:45.187+0000] {standard_task_runner.py:63} INFO - Started process 1737 to run task
[2024-07-14T20:34:45.271+0000] {task_command.py:426} INFO - Running <TaskInstance: save_spread_values.save_and_flush_task scheduled__2024-07-14T04:20:00+00:00 [running]> on host 77caf7e4b282
[2024-07-14T20:34:45.384+0000] {taskinstance.py:2648} INFO - Exporting env vars: AIRFLOW_CTX_DAG_OWNER='***' AIRFLOW_CTX_DAG_ID='save_spread_values' AIRFLOW_CTX_TASK_ID='save_and_flush_task' AIRFLOW_CTX_EXECUTION_DATE='2024-07-14T04:20:00+00:00' AIRFLOW_CTX_TRY_NUMBER='1' AIRFLOW_CTX_DAG_RUN_ID='scheduled__2024-07-14T04:20:00+00:00'
[2024-07-14T20:34:45.389+0000] {taskinstance.py:430} INFO - ::endgroup::
[2024-07-14T20:34:45.405+0000] {python.py:237} INFO - Done. Returned value was: None
[2024-07-14T20:34:45.408+0000] {taskinstance.py:441} INFO - ::group::Post task execution logs
[2024-07-14T20:34:45.419+0000] {taskinstance.py:1206} INFO - Marking task as SUCCESS. dag_id=save_spread_values, task_id=save_and_flush_task, run_id=scheduled__2024-07-14T04:20:00+00:00, execution_date=20240714T042000, start_date=20240714T203445, end_date=20240714T203445
[2024-07-14T20:34:45.464+0000] {local_task_job_runner.py:240} INFO - Task exited with return code 0
[2024-07-14T20:34:45.526+0000] {taskinstance.py:3503} INFO - 0 downstream tasks scheduled from follow-on schedule check
[2024-07-14T20:34:45.536+0000] {local_task_job_runner.py:222} INFO - ::endgroup::
[2024-07-15T06:31:26.574+0000] {local_task_job_runner.py:120} INFO - ::group::Pre task execution logs
[2024-07-15T06:31:26.596+0000] {taskinstance.py:2076} INFO - Dependencies all met for dep_context=non-requeueable deps ti=<TaskInstance: save_spread_values.save_and_flush_task scheduled__2024-07-14T04:20:00+00:00 [queued]>
[2024-07-15T06:31:26.601+0000] {taskinstance.py:2076} INFO - Dependencies all met for dep_context=requeueable deps ti=<TaskInstance: save_spread_values.save_and_flush_task scheduled__2024-07-14T04:20:00+00:00 [queued]>
[2024-07-15T06:31:26.601+0000] {taskinstance.py:2306} INFO - Starting attempt 1 of 2
[2024-07-15T06:31:26.610+0000] {taskinstance.py:2330} INFO - Executing <Task(PythonOperator): save_and_flush_task> on 2024-07-14 04:20:00+00:00
[2024-07-15T06:31:26.618+0000] {standard_task_runner.py:90} INFO - Running: ['***', 'tasks', 'run', 'save_spread_values', 'save_and_flush_task', 'scheduled__2024-07-14T04:20:00+00:00', '--job-id', '139', '--raw', '--subdir', 'DAGS_FOLDER/et_dag.py', '--cfg-path', '/tmp/tmpbtt9gmim']
[2024-07-15T06:31:26.620+0000] {standard_task_runner.py:91} INFO - Job 139: Subtask save_and_flush_task
[2024-07-15T06:31:26.620+0000] {logging_mixin.py:188} WARNING - /home/***/.local/lib/python3.12/site-packages/***/task/task_runner/standard_task_runner.py:61 DeprecationWarning: This process (pid=2796) is multi-threaded, use of fork() may lead to deadlocks in the child.
[2024-07-15T06:31:26.621+0000] {standard_task_runner.py:63} INFO - Started process 2801 to run task
[2024-07-15T06:31:26.662+0000] {task_command.py:426} INFO - Running <TaskInstance: save_spread_values.save_and_flush_task scheduled__2024-07-14T04:20:00+00:00 [running]> on host 52e7a9c3d832
[2024-07-15T06:31:26.728+0000] {taskinstance.py:2648} INFO - Exporting env vars: AIRFLOW_CTX_DAG_OWNER='***' AIRFLOW_CTX_DAG_ID='save_spread_values' AIRFLOW_CTX_TASK_ID='save_and_flush_task' AIRFLOW_CTX_EXECUTION_DATE='2024-07-14T04:20:00+00:00' AIRFLOW_CTX_TRY_NUMBER='1' AIRFLOW_CTX_DAG_RUN_ID='scheduled__2024-07-14T04:20:00+00:00'
[2024-07-15T06:31:26.729+0000] {taskinstance.py:430} INFO - ::endgroup::
[2024-07-15T06:31:26.737+0000] {taskinstance.py:441} INFO - ::group::Post task execution logs
[2024-07-15T06:31:26.738+0000] {taskinstance.py:2905} ERROR - Task failed with exception
Traceback (most recent call last):
  File "/home/airflow/.local/lib/python3.12/site-packages/airflow/models/taskinstance.py", line 465, in _execute_task
    result = _execute_callable(context=context, **execute_callable_kwargs)
             ^^^^^^^^^^^^^^^^^^^^^^^^^^^^^^^^^^^^^^^^^^^^^^^^^^^^^^^^^^^^^
  File "/home/airflow/.local/lib/python3.12/site-packages/airflow/models/taskinstance.py", line 432, in _execute_callable
    return execute_callable(context=context, **execute_callable_kwargs)
           ^^^^^^^^^^^^^^^^^^^^^^^^^^^^^^^^^^^^^^^^^^^^^^^^^^^^^^^^^^^^
  File "/home/airflow/.local/lib/python3.12/site-packages/airflow/models/baseoperator.py", line 401, in wrapper
    return func(self, *args, **kwargs)
           ^^^^^^^^^^^^^^^^^^^^^^^^^^^
  File "/home/airflow/.local/lib/python3.12/site-packages/airflow/operators/python.py", line 235, in execute
    return_value = self.execute_callable()
                   ^^^^^^^^^^^^^^^^^^^^^^^
  File "/home/airflow/.local/lib/python3.12/site-packages/airflow/operators/python.py", line 252, in execute_callable
    return self.python_callable(*self.op_args, **self.op_kwargs)
           ^^^^^^^^^^^^^^^^^^^^^^^^^^^^^^^^^^^^^^^^^^^^^^^^^^^^^
  File "/opt/airflow/dags/et_dag.py", line 38, in trigger_save_and_flush
    logging('Invoking method to save data from records')
TypeError: 'module' object is not callable
[2024-07-15T06:31:26.748+0000] {taskinstance.py:1206} INFO - Marking task as UP_FOR_RETRY. dag_id=save_spread_values, task_id=save_and_flush_task, run_id=scheduled__2024-07-14T04:20:00+00:00, execution_date=20240714T042000, start_date=20240715T063126, end_date=20240715T063126
[2024-07-15T06:31:26.759+0000] {standard_task_runner.py:110} ERROR - Failed to execute job 139 for task save_and_flush_task ('module' object is not callable; 2801)
[2024-07-15T06:31:26.807+0000] {local_task_job_runner.py:240} INFO - Task exited with return code 1
[2024-07-15T06:31:26.825+0000] {taskinstance.py:3503} INFO - 0 downstream tasks scheduled from follow-on schedule check
[2024-07-15T06:31:26.827+0000] {local_task_job_runner.py:222} INFO - ::endgroup::
[2024-07-15T07:09:39.961+0000] {local_task_job_runner.py:120} INFO - ::group::Pre task execution logs
[2024-07-15T07:09:39.993+0000] {taskinstance.py:2076} INFO - Dependencies all met for dep_context=non-requeueable deps ti=<TaskInstance: save_spread_values.save_and_flush_task scheduled__2024-07-14T04:20:00+00:00 [queued]>
[2024-07-15T07:09:39.999+0000] {taskinstance.py:2076} INFO - Dependencies all met for dep_context=requeueable deps ti=<TaskInstance: save_spread_values.save_and_flush_task scheduled__2024-07-14T04:20:00+00:00 [queued]>
[2024-07-15T07:09:40.000+0000] {taskinstance.py:2306} INFO - Starting attempt 1 of 2
[2024-07-15T07:09:40.040+0000] {taskinstance.py:2330} INFO - Executing <Task(PythonOperator): save_and_flush_task> on 2024-07-14 04:20:00+00:00
[2024-07-15T07:09:40.044+0000] {logging_mixin.py:188} WARNING - /home/***/.local/lib/python3.12/site-packages/***/task/task_runner/standard_task_runner.py:61 DeprecationWarning: This process (pid=307) is multi-threaded, use of fork() may lead to deadlocks in the child.
[2024-07-15T07:09:40.044+0000] {standard_task_runner.py:90} INFO - Running: ['***', 'tasks', 'run', 'save_spread_values', 'save_and_flush_task', 'scheduled__2024-07-14T04:20:00+00:00', '--job-id', '45', '--raw', '--subdir', 'DAGS_FOLDER/et_dag.py', '--cfg-path', '/tmp/tmpe4vqdnwo']
[2024-07-15T07:09:40.048+0000] {standard_task_runner.py:63} INFO - Started process 311 to run task
[2024-07-15T07:09:40.049+0000] {standard_task_runner.py:91} INFO - Job 45: Subtask save_and_flush_task
[2024-07-15T07:09:40.076+0000] {task_command.py:426} INFO - Running <TaskInstance: save_spread_values.save_and_flush_task scheduled__2024-07-14T04:20:00+00:00 [running]> on host 07ee111a4cec
[2024-07-15T07:09:40.123+0000] {taskinstance.py:2648} INFO - Exporting env vars: AIRFLOW_CTX_DAG_OWNER='***' AIRFLOW_CTX_DAG_ID='save_spread_values' AIRFLOW_CTX_TASK_ID='save_and_flush_task' AIRFLOW_CTX_EXECUTION_DATE='2024-07-14T04:20:00+00:00' AIRFLOW_CTX_TRY_NUMBER='1' AIRFLOW_CTX_DAG_RUN_ID='scheduled__2024-07-14T04:20:00+00:00'
[2024-07-15T07:09:40.124+0000] {taskinstance.py:430} INFO - ::endgroup::
[2024-07-15T07:09:40.132+0000] {taskinstance.py:441} INFO - ::group::Post task execution logs
[2024-07-15T07:09:40.133+0000] {taskinstance.py:2905} ERROR - Task failed with exception
Traceback (most recent call last):
  File "/home/airflow/.local/lib/python3.12/site-packages/airflow/models/taskinstance.py", line 465, in _execute_task
    result = _execute_callable(context=context, **execute_callable_kwargs)
             ^^^^^^^^^^^^^^^^^^^^^^^^^^^^^^^^^^^^^^^^^^^^^^^^^^^^^^^^^^^^^
  File "/home/airflow/.local/lib/python3.12/site-packages/airflow/models/taskinstance.py", line 432, in _execute_callable
    return execute_callable(context=context, **execute_callable_kwargs)
           ^^^^^^^^^^^^^^^^^^^^^^^^^^^^^^^^^^^^^^^^^^^^^^^^^^^^^^^^^^^^
  File "/home/airflow/.local/lib/python3.12/site-packages/airflow/models/baseoperator.py", line 401, in wrapper
    return func(self, *args, **kwargs)
           ^^^^^^^^^^^^^^^^^^^^^^^^^^^
  File "/home/airflow/.local/lib/python3.12/site-packages/airflow/operators/python.py", line 235, in execute
    return_value = self.execute_callable()
                   ^^^^^^^^^^^^^^^^^^^^^^^
  File "/home/airflow/.local/lib/python3.12/site-packages/airflow/operators/python.py", line 252, in execute_callable
    return self.python_callable(*self.op_args, **self.op_kwargs)
           ^^^^^^^^^^^^^^^^^^^^^^^^^^^^^^^^^^^^^^^^^^^^^^^^^^^^^
  File "/opt/airflow/dags/et_dag.py", line 38, in trigger_save_and_flush
    logging('Invoking method to save data from records')
TypeError: 'module' object is not callable
[2024-07-15T07:09:40.139+0000] {taskinstance.py:1206} INFO - Marking task as UP_FOR_RETRY. dag_id=save_spread_values, task_id=save_and_flush_task, run_id=scheduled__2024-07-14T04:20:00+00:00, execution_date=20240714T042000, start_date=20240715T070939, end_date=20240715T070940
[2024-07-15T07:09:40.148+0000] {standard_task_runner.py:110} ERROR - Failed to execute job 45 for task save_and_flush_task ('module' object is not callable; 311)
[2024-07-15T07:09:40.189+0000] {local_task_job_runner.py:240} INFO - Task exited with return code 1
[2024-07-15T07:09:40.196+0000] {local_task_job_runner.py:222} INFO - ::endgroup::
