[2024-07-14T12:29:52.440+0000] {local_task_job_runner.py:120} INFO - ::group::Pre task execution logs
[2024-07-14T12:29:52.495+0000] {taskinstance.py:2076} INFO - Dependencies all met for dep_context=non-requeueable deps ti=<TaskInstance: fetch_spread_values.fetch_and_compute_spread_usd_mxn scheduled__2024-07-14T12:11:00+00:00 [queued]>
[2024-07-14T12:29:52.535+0000] {taskinstance.py:2076} INFO - Dependencies all met for dep_context=requeueable deps ti=<TaskInstance: fetch_spread_values.fetch_and_compute_spread_usd_mxn scheduled__2024-07-14T12:11:00+00:00 [queued]>
[2024-07-14T12:29:52.539+0000] {taskinstance.py:2306} INFO - Starting attempt 1 of 2
[2024-07-14T12:29:52.579+0000] {taskinstance.py:2330} INFO - Executing <Task(PythonOperator): fetch_and_compute_spread_usd_mxn> on 2024-07-14 12:11:00+00:00
[2024-07-14T12:29:52.597+0000] {warnings.py:112} WARNING - /home/***/.local/lib/python3.12/site-packages/***/task/task_runner/standard_task_runner.py:61: DeprecationWarning: This process (pid=5219) is multi-threaded, use of fork() may lead to deadlocks in the child.
  pid = os.fork()

[2024-07-14T12:29:52.610+0000] {standard_task_runner.py:63} INFO - Started process 5252 to run task
[2024-07-14T12:29:52.602+0000] {standard_task_runner.py:90} INFO - Running: ['***', 'tasks', 'run', 'fetch_spread_values', 'fetch_and_compute_spread_usd_mxn', 'scheduled__2024-07-14T12:11:00+00:00', '--job-id', '1569', '--raw', '--subdir', 'DAGS_FOLDER/***.py', '--cfg-path', '/tmp/tmp78ychwwp']
[2024-07-14T12:29:52.640+0000] {standard_task_runner.py:91} INFO - Job 1569: Subtask fetch_and_compute_spread_usd_mxn
[2024-07-14T12:29:52.803+0000] {task_command.py:426} INFO - Running <TaskInstance: fetch_spread_values.fetch_and_compute_spread_usd_mxn scheduled__2024-07-14T12:11:00+00:00 [running]> on host d537c34a4880
[2024-07-14T12:29:53.011+0000] {taskinstance.py:2648} INFO - Exporting env vars: AIRFLOW_CTX_DAG_OWNER='***' AIRFLOW_CTX_DAG_ID='fetch_spread_values' AIRFLOW_CTX_TASK_ID='fetch_and_compute_spread_usd_mxn' AIRFLOW_CTX_EXECUTION_DATE='2024-07-14T12:11:00+00:00' AIRFLOW_CTX_TRY_NUMBER='1' AIRFLOW_CTX_DAG_RUN_ID='scheduled__2024-07-14T12:11:00+00:00'
[2024-07-14T12:29:53.018+0000] {taskinstance.py:430} INFO - ::endgroup::
[2024-07-14T12:29:53.366+0000] {python.py:237} INFO - Done. Returned value was: None
[2024-07-14T12:29:53.383+0000] {taskinstance.py:441} INFO - ::group::Post task execution logs
[2024-07-14T12:29:53.405+0000] {taskinstance.py:1206} INFO - Marking task as SUCCESS. dag_id=fetch_spread_values, task_id=fetch_and_compute_spread_usd_mxn, run_id=scheduled__2024-07-14T12:11:00+00:00, execution_date=20240714T121100, start_date=20240714T122952, end_date=20240714T122953
[2024-07-14T12:29:53.480+0000] {local_task_job_runner.py:240} INFO - Task exited with return code 0
[2024-07-14T12:29:53.531+0000] {taskinstance.py:3503} INFO - 0 downstream tasks scheduled from follow-on schedule check
[2024-07-14T12:29:53.536+0000] {local_task_job_runner.py:222} INFO - ::endgroup::
[2024-07-14T20:37:29.035+0000] {local_task_job_runner.py:120} INFO - ::group::Pre task execution logs
[2024-07-14T20:37:29.056+0000] {taskinstance.py:2076} INFO - Dependencies all met for dep_context=non-requeueable deps ti=<TaskInstance: fetch_spread_values.fetch_and_compute_spread_usd_mxn scheduled__2024-07-14T12:11:00+00:00 [queued]>
[2024-07-14T20:37:29.060+0000] {taskinstance.py:2076} INFO - Dependencies all met for dep_context=requeueable deps ti=<TaskInstance: fetch_spread_values.fetch_and_compute_spread_usd_mxn scheduled__2024-07-14T12:11:00+00:00 [queued]>
[2024-07-14T20:37:29.061+0000] {taskinstance.py:2306} INFO - Starting attempt 1 of 2
[2024-07-14T20:37:29.068+0000] {taskinstance.py:2330} INFO - Executing <Task(PythonOperator): fetch_and_compute_spread_usd_mxn> on 2024-07-14 12:11:00+00:00
[2024-07-14T20:37:29.072+0000] {logging_mixin.py:188} WARNING - /home/***/.local/lib/python3.12/site-packages/***/task/task_runner/standard_task_runner.py:61 DeprecationWarning: This process (pid=3413) is multi-threaded, use of fork() may lead to deadlocks in the child.
[2024-07-14T20:37:29.073+0000] {standard_task_runner.py:63} INFO - Started process 3416 to run task
[2024-07-14T20:37:29.073+0000] {standard_task_runner.py:90} INFO - Running: ['***', 'tasks', 'run', 'fetch_spread_values', 'fetch_and_compute_spread_usd_mxn', 'scheduled__2024-07-14T12:11:00+00:00', '--job-id', '1591', '--raw', '--subdir', 'DAGS_FOLDER/***.py', '--cfg-path', '/tmp/tmp5p1vj1b2']
[2024-07-14T20:37:29.077+0000] {standard_task_runner.py:91} INFO - Job 1591: Subtask fetch_and_compute_spread_usd_mxn
[2024-07-14T20:37:29.104+0000] {task_command.py:426} INFO - Running <TaskInstance: fetch_spread_values.fetch_and_compute_spread_usd_mxn scheduled__2024-07-14T12:11:00+00:00 [running]> on host 77caf7e4b282
[2024-07-14T20:37:29.153+0000] {taskinstance.py:2648} INFO - Exporting env vars: AIRFLOW_CTX_DAG_OWNER='***' AIRFLOW_CTX_DAG_ID='fetch_spread_values' AIRFLOW_CTX_TASK_ID='fetch_and_compute_spread_usd_mxn' AIRFLOW_CTX_EXECUTION_DATE='2024-07-14T12:11:00+00:00' AIRFLOW_CTX_TRY_NUMBER='1' AIRFLOW_CTX_DAG_RUN_ID='scheduled__2024-07-14T12:11:00+00:00'
[2024-07-14T20:37:29.154+0000] {taskinstance.py:430} INFO - ::endgroup::
[2024-07-14T20:37:29.323+0000] {python.py:237} INFO - Done. Returned value was: None
[2024-07-14T20:37:29.324+0000] {taskinstance.py:441} INFO - ::group::Post task execution logs
[2024-07-14T20:37:29.330+0000] {taskinstance.py:1206} INFO - Marking task as SUCCESS. dag_id=fetch_spread_values, task_id=fetch_and_compute_spread_usd_mxn, run_id=scheduled__2024-07-14T12:11:00+00:00, execution_date=20240714T121100, start_date=20240714T203729, end_date=20240714T203729
[2024-07-14T20:37:29.340+0000] {local_task_job_runner.py:240} INFO - Task exited with return code 0
[2024-07-14T20:37:29.352+0000] {taskinstance.py:3503} INFO - 0 downstream tasks scheduled from follow-on schedule check
[2024-07-14T20:37:29.353+0000] {local_task_job_runner.py:222} INFO - ::endgroup::
