[2024-07-14T15:07:36.361+0000] {local_task_job_runner.py:120} INFO - ::group::Pre task execution logs
[2024-07-14T15:07:36.374+0000] {taskinstance.py:2076} INFO - Dependencies all met for dep_context=non-requeueable deps ti=<TaskInstance: fetch_spread_values.fetch_and_compute_spread_usd_mxn scheduled__2024-07-14T14:59:00+00:00 [queued]>
[2024-07-14T15:07:36.378+0000] {taskinstance.py:2076} INFO - Dependencies all met for dep_context=requeueable deps ti=<TaskInstance: fetch_spread_values.fetch_and_compute_spread_usd_mxn scheduled__2024-07-14T14:59:00+00:00 [queued]>
[2024-07-14T15:07:36.379+0000] {taskinstance.py:2306} INFO - Starting attempt 1 of 2
[2024-07-14T15:07:36.388+0000] {taskinstance.py:2330} INFO - Executing <Task(PythonOperator): fetch_and_compute_spread_usd_mxn> on 2024-07-14 14:59:00+00:00
[2024-07-14T15:07:36.393+0000] {warnings.py:112} WARNING - /home/***/.local/lib/python3.12/site-packages/***/task/task_runner/standard_task_runner.py:61: DeprecationWarning: This process (pid=6395) is multi-threaded, use of fork() may lead to deadlocks in the child.
  pid = os.fork()

[2024-07-14T15:07:36.394+0000] {standard_task_runner.py:90} INFO - Running: ['***', 'tasks', 'run', 'fetch_spread_values', 'fetch_and_compute_spread_usd_mxn', 'scheduled__2024-07-14T14:59:00+00:00', '--job-id', '1927', '--raw', '--subdir', 'DAGS_FOLDER/***.py', '--cfg-path', '/tmp/tmpe5rbrrwb']
[2024-07-14T15:07:36.396+0000] {standard_task_runner.py:63} INFO - Started process 6411 to run task
[2024-07-14T15:07:36.396+0000] {standard_task_runner.py:91} INFO - Job 1927: Subtask fetch_and_compute_spread_usd_mxn
[2024-07-14T15:07:36.424+0000] {task_command.py:426} INFO - Running <TaskInstance: fetch_spread_values.fetch_and_compute_spread_usd_mxn scheduled__2024-07-14T14:59:00+00:00 [running]> on host d537c34a4880
[2024-07-14T15:07:36.466+0000] {taskinstance.py:2648} INFO - Exporting env vars: AIRFLOW_CTX_DAG_OWNER='***' AIRFLOW_CTX_DAG_ID='fetch_spread_values' AIRFLOW_CTX_TASK_ID='fetch_and_compute_spread_usd_mxn' AIRFLOW_CTX_EXECUTION_DATE='2024-07-14T14:59:00+00:00' AIRFLOW_CTX_TRY_NUMBER='1' AIRFLOW_CTX_DAG_RUN_ID='scheduled__2024-07-14T14:59:00+00:00'
[2024-07-14T15:07:36.467+0000] {taskinstance.py:430} INFO - ::endgroup::
[2024-07-14T15:07:36.654+0000] {python.py:237} INFO - Done. Returned value was: None
[2024-07-14T15:07:36.655+0000] {taskinstance.py:441} INFO - ::group::Post task execution logs
[2024-07-14T15:07:36.660+0000] {taskinstance.py:1206} INFO - Marking task as SUCCESS. dag_id=fetch_spread_values, task_id=fetch_and_compute_spread_usd_mxn, run_id=scheduled__2024-07-14T14:59:00+00:00, execution_date=20240714T145900, start_date=20240714T150736, end_date=20240714T150736
[2024-07-14T15:07:36.671+0000] {local_task_job_runner.py:240} INFO - Task exited with return code 0
[2024-07-14T15:07:36.680+0000] {taskinstance.py:3503} INFO - 0 downstream tasks scheduled from follow-on schedule check
[2024-07-14T15:07:36.681+0000] {local_task_job_runner.py:222} INFO - ::endgroup::
[2024-07-14T20:38:30.630+0000] {local_task_job_runner.py:120} INFO - ::group::Pre task execution logs
[2024-07-14T20:38:30.674+0000] {taskinstance.py:2076} INFO - Dependencies all met for dep_context=non-requeueable deps ti=<TaskInstance: fetch_spread_values.fetch_and_compute_spread_usd_mxn scheduled__2024-07-14T14:59:00+00:00 [queued]>
[2024-07-14T20:38:30.679+0000] {taskinstance.py:2076} INFO - Dependencies all met for dep_context=requeueable deps ti=<TaskInstance: fetch_spread_values.fetch_and_compute_spread_usd_mxn scheduled__2024-07-14T14:59:00+00:00 [queued]>
[2024-07-14T20:38:30.683+0000] {taskinstance.py:2306} INFO - Starting attempt 1 of 2
[2024-07-14T20:38:30.692+0000] {taskinstance.py:2330} INFO - Executing <Task(PythonOperator): fetch_and_compute_spread_usd_mxn> on 2024-07-14 14:59:00+00:00
[2024-07-14T20:38:30.701+0000] {logging_mixin.py:188} WARNING - /home/***/.local/lib/python3.12/site-packages/***/task/task_runner/standard_task_runner.py:61 DeprecationWarning: This process (pid=4091) is multi-threaded, use of fork() may lead to deadlocks in the child.
[2024-07-14T20:38:30.702+0000] {standard_task_runner.py:63} INFO - Started process 4103 to run task
[2024-07-14T20:38:30.700+0000] {standard_task_runner.py:90} INFO - Running: ['***', 'tasks', 'run', 'fetch_spread_values', 'fetch_and_compute_spread_usd_mxn', 'scheduled__2024-07-14T14:59:00+00:00', '--job-id', '1927', '--raw', '--subdir', 'DAGS_FOLDER/***.py', '--cfg-path', '/tmp/tmp4xef_gmq']
[2024-07-14T20:38:30.707+0000] {standard_task_runner.py:91} INFO - Job 1927: Subtask fetch_and_compute_spread_usd_mxn
[2024-07-14T20:38:30.764+0000] {task_command.py:426} INFO - Running <TaskInstance: fetch_spread_values.fetch_and_compute_spread_usd_mxn scheduled__2024-07-14T14:59:00+00:00 [running]> on host 77caf7e4b282
[2024-07-14T20:38:30.856+0000] {taskinstance.py:2648} INFO - Exporting env vars: AIRFLOW_CTX_DAG_OWNER='***' AIRFLOW_CTX_DAG_ID='fetch_spread_values' AIRFLOW_CTX_TASK_ID='fetch_and_compute_spread_usd_mxn' AIRFLOW_CTX_EXECUTION_DATE='2024-07-14T14:59:00+00:00' AIRFLOW_CTX_TRY_NUMBER='1' AIRFLOW_CTX_DAG_RUN_ID='scheduled__2024-07-14T14:59:00+00:00'
[2024-07-14T20:38:30.861+0000] {taskinstance.py:430} INFO - ::endgroup::
[2024-07-14T20:38:31.108+0000] {python.py:237} INFO - Done. Returned value was: None
[2024-07-14T20:38:31.111+0000] {taskinstance.py:441} INFO - ::group::Post task execution logs
[2024-07-14T20:38:31.117+0000] {taskinstance.py:1206} INFO - Marking task as SUCCESS. dag_id=fetch_spread_values, task_id=fetch_and_compute_spread_usd_mxn, run_id=scheduled__2024-07-14T14:59:00+00:00, execution_date=20240714T145900, start_date=20240714T203830, end_date=20240714T203831
[2024-07-14T20:38:31.139+0000] {local_task_job_runner.py:240} INFO - Task exited with return code 0
[2024-07-14T20:38:31.149+0000] {taskinstance.py:3503} INFO - 0 downstream tasks scheduled from follow-on schedule check
[2024-07-14T20:38:31.150+0000] {local_task_job_runner.py:222} INFO - ::endgroup::
