[2024-07-14T09:03:35.886+0000] {local_task_job_runner.py:120} INFO - ::group::Pre task execution logs
[2024-07-14T09:03:35.927+0000] {taskinstance.py:2076} INFO - Dependencies all met for dep_context=non-requeueable deps ti=<TaskInstance: fetch_spread_values.fetch_and_compute_spread_usd_mxn scheduled__2024-07-14T07:27:00+00:00 [queued]>
[2024-07-14T09:03:35.943+0000] {taskinstance.py:2076} INFO - Dependencies all met for dep_context=requeueable deps ti=<TaskInstance: fetch_spread_values.fetch_and_compute_spread_usd_mxn scheduled__2024-07-14T07:27:00+00:00 [queued]>
[2024-07-14T09:03:35.943+0000] {taskinstance.py:2306} INFO - Starting attempt 1 of 2
[2024-07-14T09:03:35.961+0000] {taskinstance.py:2330} INFO - Executing <Task(PythonOperator): fetch_and_compute_spread_usd_mxn> on 2024-07-14 07:27:00+00:00
[2024-07-14T09:03:35.973+0000] {warnings.py:112} WARNING - /home/***/.local/lib/python3.12/site-packages/***/task/task_runner/standard_task_runner.py:61: DeprecationWarning: This process (pid=2872) is multi-threaded, use of fork() may lead to deadlocks in the child.
  pid = os.fork()

[2024-07-14T09:03:35.985+0000] {standard_task_runner.py:63} INFO - Started process 2901 to run task
[2024-07-14T09:03:35.976+0000] {standard_task_runner.py:90} INFO - Running: ['***', 'tasks', 'run', 'fetch_spread_values', 'fetch_and_compute_spread_usd_mxn', 'scheduled__2024-07-14T07:27:00+00:00', '--job-id', '924', '--raw', '--subdir', 'DAGS_FOLDER/***.py', '--cfg-path', '/tmp/tmp8sel1u2t']
[2024-07-14T09:03:35.991+0000] {standard_task_runner.py:91} INFO - Job 924: Subtask fetch_and_compute_spread_usd_mxn
[2024-07-14T09:03:36.178+0000] {task_command.py:426} INFO - Running <TaskInstance: fetch_spread_values.fetch_and_compute_spread_usd_mxn scheduled__2024-07-14T07:27:00+00:00 [running]> on host d537c34a4880
[2024-07-14T09:03:36.383+0000] {taskinstance.py:2648} INFO - Exporting env vars: AIRFLOW_CTX_DAG_OWNER='***' AIRFLOW_CTX_DAG_ID='fetch_spread_values' AIRFLOW_CTX_TASK_ID='fetch_and_compute_spread_usd_mxn' AIRFLOW_CTX_EXECUTION_DATE='2024-07-14T07:27:00+00:00' AIRFLOW_CTX_TRY_NUMBER='1' AIRFLOW_CTX_DAG_RUN_ID='scheduled__2024-07-14T07:27:00+00:00'
[2024-07-14T09:03:36.388+0000] {taskinstance.py:430} INFO - ::endgroup::
[2024-07-14T09:03:36.755+0000] {python.py:237} INFO - Done. Returned value was: None
[2024-07-14T09:03:36.767+0000] {taskinstance.py:441} INFO - ::group::Post task execution logs
[2024-07-14T09:03:36.800+0000] {taskinstance.py:1206} INFO - Marking task as SUCCESS. dag_id=fetch_spread_values, task_id=fetch_and_compute_spread_usd_mxn, run_id=scheduled__2024-07-14T07:27:00+00:00, execution_date=20240714T072700, start_date=20240714T090335, end_date=20240714T090336
[2024-07-14T09:03:36.928+0000] {local_task_job_runner.py:240} INFO - Task exited with return code 0
[2024-07-14T09:03:36.999+0000] {taskinstance.py:3503} INFO - 0 downstream tasks scheduled from follow-on schedule check
[2024-07-14T09:03:37.016+0000] {local_task_job_runner.py:222} INFO - ::endgroup::
[2024-07-14T20:35:21.535+0000] {local_task_job_runner.py:120} INFO - ::group::Pre task execution logs
[2024-07-14T20:35:21.552+0000] {taskinstance.py:2076} INFO - Dependencies all met for dep_context=non-requeueable deps ti=<TaskInstance: fetch_spread_values.fetch_and_compute_spread_usd_mxn scheduled__2024-07-14T07:27:00+00:00 [queued]>
[2024-07-14T20:35:21.556+0000] {taskinstance.py:2076} INFO - Dependencies all met for dep_context=requeueable deps ti=<TaskInstance: fetch_spread_values.fetch_and_compute_spread_usd_mxn scheduled__2024-07-14T07:27:00+00:00 [queued]>
[2024-07-14T20:35:21.557+0000] {taskinstance.py:2306} INFO - Starting attempt 1 of 2
[2024-07-14T20:35:21.562+0000] {taskinstance.py:2330} INFO - Executing <Task(PythonOperator): fetch_and_compute_spread_usd_mxn> on 2024-07-14 07:27:00+00:00
[2024-07-14T20:35:21.568+0000] {logging_mixin.py:188} WARNING - /home/***/.local/lib/python3.12/site-packages/***/task/task_runner/standard_task_runner.py:61 DeprecationWarning: This process (pid=2201) is multi-threaded, use of fork() may lead to deadlocks in the child.
[2024-07-14T20:35:21.569+0000] {standard_task_runner.py:63} INFO - Started process 2205 to run task
[2024-07-14T20:35:21.568+0000] {standard_task_runner.py:90} INFO - Running: ['***', 'tasks', 'run', 'fetch_spread_values', 'fetch_and_compute_spread_usd_mxn', 'scheduled__2024-07-14T07:27:00+00:00', '--job-id', '994', '--raw', '--subdir', 'DAGS_FOLDER/***.py', '--cfg-path', '/tmp/tmpr9gqwudc']
[2024-07-14T20:35:21.569+0000] {standard_task_runner.py:91} INFO - Job 994: Subtask fetch_and_compute_spread_usd_mxn
[2024-07-14T20:35:21.596+0000] {task_command.py:426} INFO - Running <TaskInstance: fetch_spread_values.fetch_and_compute_spread_usd_mxn scheduled__2024-07-14T07:27:00+00:00 [running]> on host 77caf7e4b282
[2024-07-14T20:35:21.643+0000] {taskinstance.py:2648} INFO - Exporting env vars: AIRFLOW_CTX_DAG_OWNER='***' AIRFLOW_CTX_DAG_ID='fetch_spread_values' AIRFLOW_CTX_TASK_ID='fetch_and_compute_spread_usd_mxn' AIRFLOW_CTX_EXECUTION_DATE='2024-07-14T07:27:00+00:00' AIRFLOW_CTX_TRY_NUMBER='1' AIRFLOW_CTX_DAG_RUN_ID='scheduled__2024-07-14T07:27:00+00:00'
[2024-07-14T20:35:21.644+0000] {taskinstance.py:430} INFO - ::endgroup::
[2024-07-14T20:35:21.803+0000] {python.py:237} INFO - Done. Returned value was: None
[2024-07-14T20:35:21.804+0000] {taskinstance.py:441} INFO - ::group::Post task execution logs
[2024-07-14T20:35:21.812+0000] {taskinstance.py:1206} INFO - Marking task as SUCCESS. dag_id=fetch_spread_values, task_id=fetch_and_compute_spread_usd_mxn, run_id=scheduled__2024-07-14T07:27:00+00:00, execution_date=20240714T072700, start_date=20240714T203521, end_date=20240714T203521
[2024-07-14T20:35:21.829+0000] {local_task_job_runner.py:240} INFO - Task exited with return code 0
[2024-07-14T20:35:21.840+0000] {taskinstance.py:3503} INFO - 0 downstream tasks scheduled from follow-on schedule check
[2024-07-14T20:35:21.841+0000] {local_task_job_runner.py:222} INFO - ::endgroup::
