[2024-07-14T17:51:38.924+0000] {local_task_job_runner.py:120} INFO - ::group::Pre task execution logs
[2024-07-14T17:51:38.994+0000] {taskinstance.py:2076} INFO - Dependencies all met for dep_context=non-requeueable deps ti=<TaskInstance: fetch_spread_values.fetch_and_compute_spread_usd_mxn scheduled__2024-07-14T17:39:00+00:00 [queued]>
[2024-07-14T17:51:39.066+0000] {taskinstance.py:2076} INFO - Dependencies all met for dep_context=requeueable deps ti=<TaskInstance: fetch_spread_values.fetch_and_compute_spread_usd_mxn scheduled__2024-07-14T17:39:00+00:00 [queued]>
[2024-07-14T17:51:39.071+0000] {taskinstance.py:2306} INFO - Starting attempt 1 of 2
[2024-07-14T17:51:39.158+0000] {taskinstance.py:2330} INFO - Executing <Task(PythonOperator): fetch_and_compute_spread_usd_mxn> on 2024-07-14 17:39:00+00:00
[2024-07-14T17:51:39.215+0000] {standard_task_runner.py:90} INFO - Running: ['***', 'tasks', 'run', 'fetch_spread_values', 'fetch_and_compute_spread_usd_mxn', 'scheduled__2024-07-14T17:39:00+00:00', '--job-id', '2268', '--raw', '--subdir', 'DAGS_FOLDER/***.py', '--cfg-path', '/tmp/tmp5maxr49j']
[2024-07-14T17:51:39.210+0000] {warnings.py:112} WARNING - /home/***/.local/lib/python3.12/site-packages/***/task/task_runner/standard_task_runner.py:61: DeprecationWarning: This process (pid=7532) is multi-threaded, use of fork() may lead to deadlocks in the child.
  pid = os.fork()

[2024-07-14T17:51:39.239+0000] {standard_task_runner.py:63} INFO - Started process 7561 to run task
[2024-07-14T17:51:39.237+0000] {standard_task_runner.py:91} INFO - Job 2268: Subtask fetch_and_compute_spread_usd_mxn
[2024-07-14T17:51:39.440+0000] {task_command.py:426} INFO - Running <TaskInstance: fetch_spread_values.fetch_and_compute_spread_usd_mxn scheduled__2024-07-14T17:39:00+00:00 [running]> on host d537c34a4880
[2024-07-14T17:51:39.616+0000] {taskinstance.py:2648} INFO - Exporting env vars: AIRFLOW_CTX_DAG_OWNER='***' AIRFLOW_CTX_DAG_ID='fetch_spread_values' AIRFLOW_CTX_TASK_ID='fetch_and_compute_spread_usd_mxn' AIRFLOW_CTX_EXECUTION_DATE='2024-07-14T17:39:00+00:00' AIRFLOW_CTX_TRY_NUMBER='1' AIRFLOW_CTX_DAG_RUN_ID='scheduled__2024-07-14T17:39:00+00:00'
[2024-07-14T17:51:39.624+0000] {taskinstance.py:430} INFO - ::endgroup::
[2024-07-14T17:51:39.892+0000] {python.py:237} INFO - Done. Returned value was: None
[2024-07-14T17:51:39.902+0000] {taskinstance.py:441} INFO - ::group::Post task execution logs
[2024-07-14T17:51:39.943+0000] {taskinstance.py:1206} INFO - Marking task as SUCCESS. dag_id=fetch_spread_values, task_id=fetch_and_compute_spread_usd_mxn, run_id=scheduled__2024-07-14T17:39:00+00:00, execution_date=20240714T173900, start_date=20240714T175139, end_date=20240714T175139
[2024-07-14T17:51:39.980+0000] {local_task_job_runner.py:240} INFO - Task exited with return code 0
[2024-07-14T17:51:40.020+0000] {taskinstance.py:3503} INFO - 0 downstream tasks scheduled from follow-on schedule check
[2024-07-14T17:51:40.034+0000] {local_task_job_runner.py:222} INFO - ::endgroup::
[2024-07-14T20:39:31.133+0000] {local_task_job_runner.py:120} INFO - ::group::Pre task execution logs
[2024-07-14T20:39:31.181+0000] {taskinstance.py:2076} INFO - Dependencies all met for dep_context=non-requeueable deps ti=<TaskInstance: fetch_spread_values.fetch_and_compute_spread_usd_mxn scheduled__2024-07-14T17:39:00+00:00 [queued]>
[2024-07-14T20:39:31.194+0000] {taskinstance.py:2076} INFO - Dependencies all met for dep_context=requeueable deps ti=<TaskInstance: fetch_spread_values.fetch_and_compute_spread_usd_mxn scheduled__2024-07-14T17:39:00+00:00 [queued]>
[2024-07-14T20:39:31.199+0000] {taskinstance.py:2306} INFO - Starting attempt 1 of 2
[2024-07-14T20:39:31.235+0000] {taskinstance.py:2330} INFO - Executing <Task(PythonOperator): fetch_and_compute_spread_usd_mxn> on 2024-07-14 17:39:00+00:00
[2024-07-14T20:39:31.243+0000] {logging_mixin.py:188} WARNING - /home/***/.local/lib/python3.12/site-packages/***/task/task_runner/standard_task_runner.py:61 DeprecationWarning: This process (pid=4739) is multi-threaded, use of fork() may lead to deadlocks in the child.
[2024-07-14T20:39:31.250+0000] {standard_task_runner.py:63} INFO - Started process 4749 to run task
[2024-07-14T20:39:31.243+0000] {standard_task_runner.py:90} INFO - Running: ['***', 'tasks', 'run', 'fetch_spread_values', 'fetch_and_compute_spread_usd_mxn', 'scheduled__2024-07-14T17:39:00+00:00', '--job-id', '2247', '--raw', '--subdir', 'DAGS_FOLDER/***.py', '--cfg-path', '/tmp/tmpdtcylj4a']
[2024-07-14T20:39:31.253+0000] {standard_task_runner.py:91} INFO - Job 2247: Subtask fetch_and_compute_spread_usd_mxn
[2024-07-14T20:39:31.330+0000] {task_command.py:426} INFO - Running <TaskInstance: fetch_spread_values.fetch_and_compute_spread_usd_mxn scheduled__2024-07-14T17:39:00+00:00 [running]> on host 77caf7e4b282
[2024-07-14T20:39:31.439+0000] {taskinstance.py:2648} INFO - Exporting env vars: AIRFLOW_CTX_DAG_OWNER='***' AIRFLOW_CTX_DAG_ID='fetch_spread_values' AIRFLOW_CTX_TASK_ID='fetch_and_compute_spread_usd_mxn' AIRFLOW_CTX_EXECUTION_DATE='2024-07-14T17:39:00+00:00' AIRFLOW_CTX_TRY_NUMBER='1' AIRFLOW_CTX_DAG_RUN_ID='scheduled__2024-07-14T17:39:00+00:00'
[2024-07-14T20:39:31.444+0000] {taskinstance.py:430} INFO - ::endgroup::
[2024-07-14T20:39:31.674+0000] {python.py:237} INFO - Done. Returned value was: None
[2024-07-14T20:39:31.675+0000] {taskinstance.py:441} INFO - ::group::Post task execution logs
[2024-07-14T20:39:31.682+0000] {taskinstance.py:1206} INFO - Marking task as SUCCESS. dag_id=fetch_spread_values, task_id=fetch_and_compute_spread_usd_mxn, run_id=scheduled__2024-07-14T17:39:00+00:00, execution_date=20240714T173900, start_date=20240714T203931, end_date=20240714T203931
[2024-07-14T20:39:31.692+0000] {local_task_job_runner.py:240} INFO - Task exited with return code 0
[2024-07-14T20:39:31.709+0000] {taskinstance.py:3503} INFO - 0 downstream tasks scheduled from follow-on schedule check
[2024-07-14T20:39:31.718+0000] {local_task_job_runner.py:222} INFO - ::endgroup::
