[2024-07-14T18:47:01.418+0000] {local_task_job_runner.py:120} INFO - ::group::Pre task execution logs
[2024-07-14T18:47:01.428+0000] {taskinstance.py:2076} INFO - Dependencies all met for dep_context=non-requeueable deps ti=<TaskInstance: fetch_spread_values.fetch_and_compute_spread_usd_mxn scheduled__2024-07-14T18:46:00+00:00 [queued]>
[2024-07-14T18:47:01.432+0000] {taskinstance.py:2076} INFO - Dependencies all met for dep_context=requeueable deps ti=<TaskInstance: fetch_spread_values.fetch_and_compute_spread_usd_mxn scheduled__2024-07-14T18:46:00+00:00 [queued]>
[2024-07-14T18:47:01.432+0000] {taskinstance.py:2306} INFO - Starting attempt 1 of 2
[2024-07-14T18:47:01.439+0000] {taskinstance.py:2330} INFO - Executing <Task(PythonOperator): fetch_and_compute_spread_usd_mxn> on 2024-07-14 18:46:00+00:00
[2024-07-14T18:47:01.444+0000] {warnings.py:112} WARNING - /home/***/.local/lib/python3.12/site-packages/***/task/task_runner/standard_task_runner.py:61: DeprecationWarning: This process (pid=8068) is multi-threaded, use of fork() may lead to deadlocks in the child.
  pid = os.fork()

[2024-07-14T18:47:01.446+0000] {standard_task_runner.py:63} INFO - Started process 8072 to run task
[2024-07-14T18:47:01.446+0000] {standard_task_runner.py:90} INFO - Running: ['***', 'tasks', 'run', 'fetch_spread_values', 'fetch_and_compute_spread_usd_mxn', 'scheduled__2024-07-14T18:46:00+00:00', '--job-id', '2409', '--raw', '--subdir', 'DAGS_FOLDER/***.py', '--cfg-path', '/tmp/tmpba_5xpyk']
[2024-07-14T18:47:01.448+0000] {standard_task_runner.py:91} INFO - Job 2409: Subtask fetch_and_compute_spread_usd_mxn
[2024-07-14T18:47:01.477+0000] {task_command.py:426} INFO - Running <TaskInstance: fetch_spread_values.fetch_and_compute_spread_usd_mxn scheduled__2024-07-14T18:46:00+00:00 [running]> on host d537c34a4880
[2024-07-14T18:47:01.522+0000] {taskinstance.py:2648} INFO - Exporting env vars: AIRFLOW_CTX_DAG_OWNER='***' AIRFLOW_CTX_DAG_ID='fetch_spread_values' AIRFLOW_CTX_TASK_ID='fetch_and_compute_spread_usd_mxn' AIRFLOW_CTX_EXECUTION_DATE='2024-07-14T18:46:00+00:00' AIRFLOW_CTX_TRY_NUMBER='1' AIRFLOW_CTX_DAG_RUN_ID='scheduled__2024-07-14T18:46:00+00:00'
[2024-07-14T18:47:01.524+0000] {taskinstance.py:430} INFO - ::endgroup::
[2024-07-14T18:47:01.859+0000] {python.py:237} INFO - Done. Returned value was: None
[2024-07-14T18:47:01.860+0000] {taskinstance.py:441} INFO - ::group::Post task execution logs
[2024-07-14T18:47:01.867+0000] {taskinstance.py:1206} INFO - Marking task as SUCCESS. dag_id=fetch_spread_values, task_id=fetch_and_compute_spread_usd_mxn, run_id=scheduled__2024-07-14T18:46:00+00:00, execution_date=20240714T184600, start_date=20240714T184701, end_date=20240714T184701
[2024-07-14T18:47:01.881+0000] {local_task_job_runner.py:240} INFO - Task exited with return code 0
[2024-07-14T18:47:01.886+0000] {local_task_job_runner.py:222} INFO - ::endgroup::
[2024-07-14T20:39:51.284+0000] {local_task_job_runner.py:120} INFO - ::group::Pre task execution logs
[2024-07-14T20:39:51.363+0000] {taskinstance.py:2076} INFO - Dependencies all met for dep_context=non-requeueable deps ti=<TaskInstance: fetch_spread_values.fetch_and_compute_spread_usd_mxn scheduled__2024-07-14T18:46:00+00:00 [queued]>
[2024-07-14T20:39:51.384+0000] {taskinstance.py:2076} INFO - Dependencies all met for dep_context=requeueable deps ti=<TaskInstance: fetch_spread_values.fetch_and_compute_spread_usd_mxn scheduled__2024-07-14T18:46:00+00:00 [queued]>
[2024-07-14T20:39:51.387+0000] {taskinstance.py:2306} INFO - Starting attempt 1 of 2
[2024-07-14T20:39:51.440+0000] {taskinstance.py:2330} INFO - Executing <Task(PythonOperator): fetch_and_compute_spread_usd_mxn> on 2024-07-14 18:46:00+00:00
[2024-07-14T20:39:51.446+0000] {logging_mixin.py:188} WARNING - /home/***/.local/lib/python3.12/site-packages/***/task/task_runner/standard_task_runner.py:61 DeprecationWarning: This process (pid=5011) is multi-threaded, use of fork() may lead to deadlocks in the child.
[2024-07-14T20:39:51.451+0000] {standard_task_runner.py:63} INFO - Started process 5024 to run task
[2024-07-14T20:39:51.447+0000] {standard_task_runner.py:90} INFO - Running: ['***', 'tasks', 'run', 'fetch_spread_values', 'fetch_and_compute_spread_usd_mxn', 'scheduled__2024-07-14T18:46:00+00:00', '--job-id', '2381', '--raw', '--subdir', 'DAGS_FOLDER/***.py', '--cfg-path', '/tmp/tmp6fi2e02y']
[2024-07-14T20:39:51.455+0000] {standard_task_runner.py:91} INFO - Job 2381: Subtask fetch_and_compute_spread_usd_mxn
[2024-07-14T20:39:51.511+0000] {task_command.py:426} INFO - Running <TaskInstance: fetch_spread_values.fetch_and_compute_spread_usd_mxn scheduled__2024-07-14T18:46:00+00:00 [running]> on host 77caf7e4b282
[2024-07-14T20:39:51.581+0000] {taskinstance.py:2648} INFO - Exporting env vars: AIRFLOW_CTX_DAG_OWNER='***' AIRFLOW_CTX_DAG_ID='fetch_spread_values' AIRFLOW_CTX_TASK_ID='fetch_and_compute_spread_usd_mxn' AIRFLOW_CTX_EXECUTION_DATE='2024-07-14T18:46:00+00:00' AIRFLOW_CTX_TRY_NUMBER='1' AIRFLOW_CTX_DAG_RUN_ID='scheduled__2024-07-14T18:46:00+00:00'
[2024-07-14T20:39:51.582+0000] {taskinstance.py:430} INFO - ::endgroup::
[2024-07-14T20:39:51.826+0000] {python.py:237} INFO - Done. Returned value was: None
[2024-07-14T20:39:51.826+0000] {taskinstance.py:441} INFO - ::group::Post task execution logs
[2024-07-14T20:39:51.832+0000] {taskinstance.py:1206} INFO - Marking task as SUCCESS. dag_id=fetch_spread_values, task_id=fetch_and_compute_spread_usd_mxn, run_id=scheduled__2024-07-14T18:46:00+00:00, execution_date=20240714T184600, start_date=20240714T203951, end_date=20240714T203951
[2024-07-14T20:39:51.844+0000] {local_task_job_runner.py:240} INFO - Task exited with return code 0
[2024-07-14T20:39:51.854+0000] {taskinstance.py:3503} INFO - 0 downstream tasks scheduled from follow-on schedule check
[2024-07-14T20:39:51.854+0000] {local_task_job_runner.py:222} INFO - ::endgroup::
