[2024-07-14T08:58:16.711+0000] {local_task_job_runner.py:120} INFO - ::group::Pre task execution logs
[2024-07-14T08:58:16.781+0000] {taskinstance.py:2076} INFO - Dependencies all met for dep_context=non-requeueable deps ti=<TaskInstance: fetch_spread_values.fetch_and_compute_spread_btc_mxn scheduled__2024-07-14T01:38:00+00:00 [queued]>
[2024-07-14T08:58:16.807+0000] {taskinstance.py:2076} INFO - Dependencies all met for dep_context=requeueable deps ti=<TaskInstance: fetch_spread_values.fetch_and_compute_spread_btc_mxn scheduled__2024-07-14T01:38:00+00:00 [queued]>
[2024-07-14T08:58:16.808+0000] {taskinstance.py:2306} INFO - Starting attempt 1 of 2
[2024-07-14T08:58:16.852+0000] {taskinstance.py:2330} INFO - Executing <Task(PythonOperator): fetch_and_compute_spread_btc_mxn> on 2024-07-14 01:38:00+00:00
[2024-07-14T08:58:16.872+0000] {warnings.py:112} WARNING - /home/***/.local/lib/python3.12/site-packages/***/task/task_runner/standard_task_runner.py:61: DeprecationWarning: This process (pid=714) is multi-threaded, use of fork() may lead to deadlocks in the child.
  pid = os.fork()

[2024-07-14T08:58:16.870+0000] {standard_task_runner.py:90} INFO - Running: ['***', 'tasks', 'run', 'fetch_spread_values', 'fetch_and_compute_spread_btc_mxn', 'scheduled__2024-07-14T01:38:00+00:00', '--job-id', '225', '--raw', '--subdir', 'DAGS_FOLDER/***.py', '--cfg-path', '/tmp/tmpa97dm1j0']
[2024-07-14T08:58:16.887+0000] {standard_task_runner.py:91} INFO - Job 225: Subtask fetch_and_compute_spread_btc_mxn
[2024-07-14T08:58:16.878+0000] {standard_task_runner.py:63} INFO - Started process 745 to run task
[2024-07-14T08:58:17.159+0000] {task_command.py:426} INFO - Running <TaskInstance: fetch_spread_values.fetch_and_compute_spread_btc_mxn scheduled__2024-07-14T01:38:00+00:00 [running]> on host d537c34a4880
[2024-07-14T08:58:17.438+0000] {taskinstance.py:2648} INFO - Exporting env vars: AIRFLOW_CTX_DAG_OWNER='***' AIRFLOW_CTX_DAG_ID='fetch_spread_values' AIRFLOW_CTX_TASK_ID='fetch_and_compute_spread_btc_mxn' AIRFLOW_CTX_EXECUTION_DATE='2024-07-14T01:38:00+00:00' AIRFLOW_CTX_TRY_NUMBER='1' AIRFLOW_CTX_DAG_RUN_ID='scheduled__2024-07-14T01:38:00+00:00'
[2024-07-14T08:58:17.442+0000] {taskinstance.py:430} INFO - ::endgroup::
[2024-07-14T08:58:17.823+0000] {python.py:237} INFO - Done. Returned value was: None
[2024-07-14T08:58:17.855+0000] {taskinstance.py:441} INFO - ::group::Post task execution logs
[2024-07-14T08:58:17.933+0000] {taskinstance.py:1206} INFO - Marking task as SUCCESS. dag_id=fetch_spread_values, task_id=fetch_and_compute_spread_btc_mxn, run_id=scheduled__2024-07-14T01:38:00+00:00, execution_date=20240714T013800, start_date=20240714T085816, end_date=20240714T085817
[2024-07-14T08:58:18.030+0000] {local_task_job_runner.py:240} INFO - Task exited with return code 0
[2024-07-14T08:58:18.078+0000] {taskinstance.py:3503} INFO - 0 downstream tasks scheduled from follow-on schedule check
[2024-07-14T08:58:18.082+0000] {local_task_job_runner.py:222} INFO - ::endgroup::
[2024-07-14T20:32:45.698+0000] {local_task_job_runner.py:120} INFO - ::group::Pre task execution logs
[2024-07-14T20:32:45.746+0000] {taskinstance.py:2076} INFO - Dependencies all met for dep_context=non-requeueable deps ti=<TaskInstance: fetch_spread_values.fetch_and_compute_spread_btc_mxn scheduled__2024-07-14T01:38:00+00:00 [queued]>
[2024-07-14T20:32:45.765+0000] {taskinstance.py:2076} INFO - Dependencies all met for dep_context=requeueable deps ti=<TaskInstance: fetch_spread_values.fetch_and_compute_spread_btc_mxn scheduled__2024-07-14T01:38:00+00:00 [queued]>
[2024-07-14T20:32:45.766+0000] {taskinstance.py:2306} INFO - Starting attempt 1 of 2
[2024-07-14T20:32:45.801+0000] {taskinstance.py:2330} INFO - Executing <Task(PythonOperator): fetch_and_compute_spread_btc_mxn> on 2024-07-14 01:38:00+00:00
[2024-07-14T20:32:45.810+0000] {logging_mixin.py:188} WARNING - /home/***/.local/lib/python3.12/site-packages/***/task/task_runner/standard_task_runner.py:61 DeprecationWarning: This process (pid=580) is multi-threaded, use of fork() may lead to deadlocks in the child.
[2024-07-14T20:32:45.818+0000] {standard_task_runner.py:63} INFO - Started process 592 to run task
[2024-07-14T20:32:45.815+0000] {standard_task_runner.py:90} INFO - Running: ['***', 'tasks', 'run', 'fetch_spread_values', 'fetch_and_compute_spread_btc_mxn', 'scheduled__2024-07-14T01:38:00+00:00', '--job-id', '202', '--raw', '--subdir', 'DAGS_FOLDER/***.py', '--cfg-path', '/tmp/tmp2beah39w']
[2024-07-14T20:32:45.832+0000] {standard_task_runner.py:91} INFO - Job 202: Subtask fetch_and_compute_spread_btc_mxn
[2024-07-14T20:32:45.913+0000] {task_command.py:426} INFO - Running <TaskInstance: fetch_spread_values.fetch_and_compute_spread_btc_mxn scheduled__2024-07-14T01:38:00+00:00 [running]> on host 77caf7e4b282
[2024-07-14T20:32:46.009+0000] {taskinstance.py:2648} INFO - Exporting env vars: AIRFLOW_CTX_DAG_OWNER='***' AIRFLOW_CTX_DAG_ID='fetch_spread_values' AIRFLOW_CTX_TASK_ID='fetch_and_compute_spread_btc_mxn' AIRFLOW_CTX_EXECUTION_DATE='2024-07-14T01:38:00+00:00' AIRFLOW_CTX_TRY_NUMBER='1' AIRFLOW_CTX_DAG_RUN_ID='scheduled__2024-07-14T01:38:00+00:00'
[2024-07-14T20:32:46.011+0000] {taskinstance.py:430} INFO - ::endgroup::
[2024-07-14T20:32:46.215+0000] {python.py:237} INFO - Done. Returned value was: None
[2024-07-14T20:32:46.218+0000] {taskinstance.py:441} INFO - ::group::Post task execution logs
[2024-07-14T20:32:46.225+0000] {taskinstance.py:1206} INFO - Marking task as SUCCESS. dag_id=fetch_spread_values, task_id=fetch_and_compute_spread_btc_mxn, run_id=scheduled__2024-07-14T01:38:00+00:00, execution_date=20240714T013800, start_date=20240714T203245, end_date=20240714T203246
[2024-07-14T20:32:46.268+0000] {local_task_job_runner.py:240} INFO - Task exited with return code 0
[2024-07-14T20:32:46.282+0000] {taskinstance.py:3503} INFO - 0 downstream tasks scheduled from follow-on schedule check
[2024-07-14T20:32:46.284+0000] {local_task_job_runner.py:222} INFO - ::endgroup::
