[2024-07-14T15:27:04.301+0000] {local_task_job_runner.py:120} INFO - ::group::Pre task execution logs
[2024-07-14T15:27:04.324+0000] {taskinstance.py:2076} INFO - Dependencies all met for dep_context=non-requeueable deps ti=<TaskInstance: fetch_spread_values.fetch_and_compute_spread_usd_mxn scheduled__2024-07-14T15:17:00+00:00 [queued]>
[2024-07-14T15:27:04.348+0000] {taskinstance.py:2076} INFO - Dependencies all met for dep_context=requeueable deps ti=<TaskInstance: fetch_spread_values.fetch_and_compute_spread_usd_mxn scheduled__2024-07-14T15:17:00+00:00 [queued]>
[2024-07-14T15:27:04.358+0000] {taskinstance.py:2306} INFO - Starting attempt 1 of 2
[2024-07-14T15:27:04.428+0000] {taskinstance.py:2330} INFO - Executing <Task(PythonOperator): fetch_and_compute_spread_usd_mxn> on 2024-07-14 15:17:00+00:00
[2024-07-14T15:27:04.467+0000] {warnings.py:112} WARNING - /home/***/.local/lib/python3.12/site-packages/***/task/task_runner/standard_task_runner.py:61: DeprecationWarning: This process (pid=6515) is multi-threaded, use of fork() may lead to deadlocks in the child.
  pid = os.fork()

[2024-07-14T15:27:04.479+0000] {standard_task_runner.py:63} INFO - Started process 6536 to run task
[2024-07-14T15:27:04.470+0000] {standard_task_runner.py:90} INFO - Running: ['***', 'tasks', 'run', 'fetch_spread_values', 'fetch_and_compute_spread_usd_mxn', 'scheduled__2024-07-14T15:17:00+00:00', '--job-id', '1962', '--raw', '--subdir', 'DAGS_FOLDER/***.py', '--cfg-path', '/tmp/tmpko5n8r1k']
[2024-07-14T15:27:04.483+0000] {standard_task_runner.py:91} INFO - Job 1962: Subtask fetch_and_compute_spread_usd_mxn
[2024-07-14T15:27:04.629+0000] {task_command.py:426} INFO - Running <TaskInstance: fetch_spread_values.fetch_and_compute_spread_usd_mxn scheduled__2024-07-14T15:17:00+00:00 [running]> on host d537c34a4880
[2024-07-14T15:27:04.843+0000] {taskinstance.py:2648} INFO - Exporting env vars: AIRFLOW_CTX_DAG_OWNER='***' AIRFLOW_CTX_DAG_ID='fetch_spread_values' AIRFLOW_CTX_TASK_ID='fetch_and_compute_spread_usd_mxn' AIRFLOW_CTX_EXECUTION_DATE='2024-07-14T15:17:00+00:00' AIRFLOW_CTX_TRY_NUMBER='1' AIRFLOW_CTX_DAG_RUN_ID='scheduled__2024-07-14T15:17:00+00:00'
[2024-07-14T15:27:04.856+0000] {taskinstance.py:430} INFO - ::endgroup::
[2024-07-14T15:27:05.088+0000] {python.py:237} INFO - Done. Returned value was: None
[2024-07-14T15:27:05.097+0000] {taskinstance.py:441} INFO - ::group::Post task execution logs
[2024-07-14T15:27:05.120+0000] {taskinstance.py:1206} INFO - Marking task as SUCCESS. dag_id=fetch_spread_values, task_id=fetch_and_compute_spread_usd_mxn, run_id=scheduled__2024-07-14T15:17:00+00:00, execution_date=20240714T151700, start_date=20240714T152704, end_date=20240714T152705
[2024-07-14T15:27:05.143+0000] {local_task_job_runner.py:240} INFO - Task exited with return code 0
[2024-07-14T15:27:05.156+0000] {taskinstance.py:3503} INFO - 0 downstream tasks scheduled from follow-on schedule check
[2024-07-14T15:27:05.160+0000] {local_task_job_runner.py:222} INFO - ::endgroup::
[2024-07-14T20:38:37.770+0000] {local_task_job_runner.py:120} INFO - ::group::Pre task execution logs
[2024-07-14T20:38:37.791+0000] {taskinstance.py:2076} INFO - Dependencies all met for dep_context=non-requeueable deps ti=<TaskInstance: fetch_spread_values.fetch_and_compute_spread_usd_mxn scheduled__2024-07-14T15:17:00+00:00 [queued]>
[2024-07-14T20:38:37.796+0000] {taskinstance.py:2076} INFO - Dependencies all met for dep_context=requeueable deps ti=<TaskInstance: fetch_spread_values.fetch_and_compute_spread_usd_mxn scheduled__2024-07-14T15:17:00+00:00 [queued]>
[2024-07-14T20:38:37.797+0000] {taskinstance.py:2306} INFO - Starting attempt 1 of 2
[2024-07-14T20:38:37.812+0000] {taskinstance.py:2330} INFO - Executing <Task(PythonOperator): fetch_and_compute_spread_usd_mxn> on 2024-07-14 15:17:00+00:00
[2024-07-14T20:38:37.816+0000] {logging_mixin.py:188} WARNING - /home/***/.local/lib/python3.12/site-packages/***/task/task_runner/standard_task_runner.py:61 DeprecationWarning: This process (pid=4167) is multi-threaded, use of fork() may lead to deadlocks in the child.
[2024-07-14T20:38:37.821+0000] {standard_task_runner.py:63} INFO - Started process 4175 to run task
[2024-07-14T20:38:37.817+0000] {standard_task_runner.py:90} INFO - Running: ['***', 'tasks', 'run', 'fetch_spread_values', 'fetch_and_compute_spread_usd_mxn', 'scheduled__2024-07-14T15:17:00+00:00', '--job-id', '1963', '--raw', '--subdir', 'DAGS_FOLDER/***.py', '--cfg-path', '/tmp/tmp_4s6gqbx']
[2024-07-14T20:38:37.828+0000] {standard_task_runner.py:91} INFO - Job 1963: Subtask fetch_and_compute_spread_usd_mxn
[2024-07-14T20:38:37.892+0000] {task_command.py:426} INFO - Running <TaskInstance: fetch_spread_values.fetch_and_compute_spread_usd_mxn scheduled__2024-07-14T15:17:00+00:00 [running]> on host 77caf7e4b282
[2024-07-14T20:38:37.993+0000] {taskinstance.py:2648} INFO - Exporting env vars: AIRFLOW_CTX_DAG_OWNER='***' AIRFLOW_CTX_DAG_ID='fetch_spread_values' AIRFLOW_CTX_TASK_ID='fetch_and_compute_spread_usd_mxn' AIRFLOW_CTX_EXECUTION_DATE='2024-07-14T15:17:00+00:00' AIRFLOW_CTX_TRY_NUMBER='1' AIRFLOW_CTX_DAG_RUN_ID='scheduled__2024-07-14T15:17:00+00:00'
[2024-07-14T20:38:37.997+0000] {taskinstance.py:430} INFO - ::endgroup::
[2024-07-14T20:38:38.161+0000] {python.py:237} INFO - Done. Returned value was: None
[2024-07-14T20:38:38.162+0000] {taskinstance.py:441} INFO - ::group::Post task execution logs
[2024-07-14T20:38:38.177+0000] {taskinstance.py:1206} INFO - Marking task as SUCCESS. dag_id=fetch_spread_values, task_id=fetch_and_compute_spread_usd_mxn, run_id=scheduled__2024-07-14T15:17:00+00:00, execution_date=20240714T151700, start_date=20240714T203837, end_date=20240714T203838
[2024-07-14T20:38:38.302+0000] {local_task_job_runner.py:240} INFO - Task exited with return code 0
[2024-07-14T20:38:38.324+0000] {taskinstance.py:3503} INFO - 0 downstream tasks scheduled from follow-on schedule check
[2024-07-14T20:38:38.329+0000] {local_task_job_runner.py:222} INFO - ::endgroup::
