[2024-07-14T09:02:53.380+0000] {local_task_job_runner.py:120} INFO - ::group::Pre task execution logs
[2024-07-14T09:02:53.400+0000] {taskinstance.py:2076} INFO - Dependencies all met for dep_context=non-requeueable deps ti=<TaskInstance: fetch_spread_values.fetch_and_compute_spread_usd_mxn scheduled__2024-07-14T06:42:00+00:00 [queued]>
[2024-07-14T09:02:53.432+0000] {taskinstance.py:2076} INFO - Dependencies all met for dep_context=requeueable deps ti=<TaskInstance: fetch_spread_values.fetch_and_compute_spread_usd_mxn scheduled__2024-07-14T06:42:00+00:00 [queued]>
[2024-07-14T09:02:53.434+0000] {taskinstance.py:2306} INFO - Starting attempt 1 of 2
[2024-07-14T09:02:53.477+0000] {taskinstance.py:2330} INFO - Executing <Task(PythonOperator): fetch_and_compute_spread_usd_mxn> on 2024-07-14 06:42:00+00:00
[2024-07-14T09:02:53.483+0000] {warnings.py:112} WARNING - /home/***/.local/lib/python3.12/site-packages/***/task/task_runner/standard_task_runner.py:61: DeprecationWarning: This process (pid=2598) is multi-threaded, use of fork() may lead to deadlocks in the child.
  pid = os.fork()

[2024-07-14T09:02:53.487+0000] {standard_task_runner.py:63} INFO - Started process 2623 to run task
[2024-07-14T09:02:53.488+0000] {standard_task_runner.py:90} INFO - Running: ['***', 'tasks', 'run', 'fetch_spread_values', 'fetch_and_compute_spread_usd_mxn', 'scheduled__2024-07-14T06:42:00+00:00', '--job-id', '835', '--raw', '--subdir', 'DAGS_FOLDER/***.py', '--cfg-path', '/tmp/tmpcx8fixg3']
[2024-07-14T09:02:53.493+0000] {standard_task_runner.py:91} INFO - Job 835: Subtask fetch_and_compute_spread_usd_mxn
[2024-07-14T09:02:53.589+0000] {task_command.py:426} INFO - Running <TaskInstance: fetch_spread_values.fetch_and_compute_spread_usd_mxn scheduled__2024-07-14T06:42:00+00:00 [running]> on host d537c34a4880
[2024-07-14T09:02:53.690+0000] {taskinstance.py:2648} INFO - Exporting env vars: AIRFLOW_CTX_DAG_OWNER='***' AIRFLOW_CTX_DAG_ID='fetch_spread_values' AIRFLOW_CTX_TASK_ID='fetch_and_compute_spread_usd_mxn' AIRFLOW_CTX_EXECUTION_DATE='2024-07-14T06:42:00+00:00' AIRFLOW_CTX_TRY_NUMBER='1' AIRFLOW_CTX_DAG_RUN_ID='scheduled__2024-07-14T06:42:00+00:00'
[2024-07-14T09:02:53.698+0000] {taskinstance.py:430} INFO - ::endgroup::
[2024-07-14T09:02:53.888+0000] {python.py:237} INFO - Done. Returned value was: None
[2024-07-14T09:02:53.889+0000] {taskinstance.py:441} INFO - ::group::Post task execution logs
[2024-07-14T09:02:53.897+0000] {taskinstance.py:1206} INFO - Marking task as SUCCESS. dag_id=fetch_spread_values, task_id=fetch_and_compute_spread_usd_mxn, run_id=scheduled__2024-07-14T06:42:00+00:00, execution_date=20240714T064200, start_date=20240714T090253, end_date=20240714T090253
[2024-07-14T09:02:53.934+0000] {local_task_job_runner.py:240} INFO - Task exited with return code 0
[2024-07-14T09:02:53.943+0000] {taskinstance.py:3503} INFO - 0 downstream tasks scheduled from follow-on schedule check
[2024-07-14T09:02:53.944+0000] {local_task_job_runner.py:222} INFO - ::endgroup::
[2024-07-14T20:35:03.090+0000] {local_task_job_runner.py:120} INFO - ::group::Pre task execution logs
[2024-07-14T20:35:03.126+0000] {taskinstance.py:2076} INFO - Dependencies all met for dep_context=non-requeueable deps ti=<TaskInstance: fetch_spread_values.fetch_and_compute_spread_usd_mxn scheduled__2024-07-14T06:42:00+00:00 [queued]>
[2024-07-14T20:35:03.150+0000] {taskinstance.py:2076} INFO - Dependencies all met for dep_context=requeueable deps ti=<TaskInstance: fetch_spread_values.fetch_and_compute_spread_usd_mxn scheduled__2024-07-14T06:42:00+00:00 [queued]>
[2024-07-14T20:35:03.157+0000] {taskinstance.py:2306} INFO - Starting attempt 1 of 2
[2024-07-14T20:35:03.194+0000] {taskinstance.py:2330} INFO - Executing <Task(PythonOperator): fetch_and_compute_spread_usd_mxn> on 2024-07-14 06:42:00+00:00
[2024-07-14T20:35:03.206+0000] {logging_mixin.py:188} WARNING - /home/***/.local/lib/python3.12/site-packages/***/task/task_runner/standard_task_runner.py:61 DeprecationWarning: This process (pid=1941) is multi-threaded, use of fork() may lead to deadlocks in the child.
[2024-07-14T20:35:03.211+0000] {standard_task_runner.py:63} INFO - Started process 1949 to run task
[2024-07-14T20:35:03.204+0000] {standard_task_runner.py:90} INFO - Running: ['***', 'tasks', 'run', 'fetch_spread_values', 'fetch_and_compute_spread_usd_mxn', 'scheduled__2024-07-14T06:42:00+00:00', '--job-id', '868', '--raw', '--subdir', 'DAGS_FOLDER/***.py', '--cfg-path', '/tmp/tmpe2nlqukq']
[2024-07-14T20:35:03.218+0000] {standard_task_runner.py:91} INFO - Job 868: Subtask fetch_and_compute_spread_usd_mxn
[2024-07-14T20:35:03.341+0000] {task_command.py:426} INFO - Running <TaskInstance: fetch_spread_values.fetch_and_compute_spread_usd_mxn scheduled__2024-07-14T06:42:00+00:00 [running]> on host 77caf7e4b282
[2024-07-14T20:35:03.484+0000] {taskinstance.py:2648} INFO - Exporting env vars: AIRFLOW_CTX_DAG_OWNER='***' AIRFLOW_CTX_DAG_ID='fetch_spread_values' AIRFLOW_CTX_TASK_ID='fetch_and_compute_spread_usd_mxn' AIRFLOW_CTX_EXECUTION_DATE='2024-07-14T06:42:00+00:00' AIRFLOW_CTX_TRY_NUMBER='1' AIRFLOW_CTX_DAG_RUN_ID='scheduled__2024-07-14T06:42:00+00:00'
[2024-07-14T20:35:03.485+0000] {taskinstance.py:430} INFO - ::endgroup::
[2024-07-14T20:35:03.670+0000] {python.py:237} INFO - Done. Returned value was: None
[2024-07-14T20:35:03.671+0000] {taskinstance.py:441} INFO - ::group::Post task execution logs
[2024-07-14T20:35:03.678+0000] {taskinstance.py:1206} INFO - Marking task as SUCCESS. dag_id=fetch_spread_values, task_id=fetch_and_compute_spread_usd_mxn, run_id=scheduled__2024-07-14T06:42:00+00:00, execution_date=20240714T064200, start_date=20240714T203503, end_date=20240714T203503
[2024-07-14T20:35:03.694+0000] {local_task_job_runner.py:240} INFO - Task exited with return code 0
[2024-07-14T20:35:03.705+0000] {taskinstance.py:3503} INFO - 0 downstream tasks scheduled from follow-on schedule check
[2024-07-14T20:35:03.706+0000] {local_task_job_runner.py:222} INFO - ::endgroup::
