[2024-07-14T08:57:15.053+0000] {local_task_job_runner.py:120} INFO - ::group::Pre task execution logs
[2024-07-14T08:57:15.104+0000] {taskinstance.py:2076} INFO - Dependencies all met for dep_context=non-requeueable deps ti=<TaskInstance: fetch_spread_values.fetch_and_compute_spread_btc_mxn scheduled__2024-07-14T00:28:00+00:00 [queued]>
[2024-07-14T08:57:15.109+0000] {taskinstance.py:2076} INFO - Dependencies all met for dep_context=requeueable deps ti=<TaskInstance: fetch_spread_values.fetch_and_compute_spread_btc_mxn scheduled__2024-07-14T00:28:00+00:00 [queued]>
[2024-07-14T08:57:15.110+0000] {taskinstance.py:2306} INFO - Starting attempt 1 of 2
[2024-07-14T08:57:15.123+0000] {taskinstance.py:2330} INFO - Executing <Task(PythonOperator): fetch_and_compute_spread_btc_mxn> on 2024-07-14 00:28:00+00:00
[2024-07-14T08:57:15.134+0000] {warnings.py:112} WARNING - /home/***/.local/lib/python3.12/site-packages/***/task/task_runner/standard_task_runner.py:61: DeprecationWarning: This process (pid=279) is multi-threaded, use of fork() may lead to deadlocks in the child.
  pid = os.fork()

[2024-07-14T08:57:15.136+0000] {standard_task_runner.py:63} INFO - Started process 302 to run task
[2024-07-14T08:57:15.137+0000] {standard_task_runner.py:90} INFO - Running: ['***', 'tasks', 'run', 'fetch_spread_values', 'fetch_and_compute_spread_btc_mxn', 'scheduled__2024-07-14T00:28:00+00:00', '--job-id', '84', '--raw', '--subdir', 'DAGS_FOLDER/***.py', '--cfg-path', '/tmp/tmpds6f1v95']
[2024-07-14T08:57:15.141+0000] {standard_task_runner.py:91} INFO - Job 84: Subtask fetch_and_compute_spread_btc_mxn
[2024-07-14T08:57:15.223+0000] {task_command.py:426} INFO - Running <TaskInstance: fetch_spread_values.fetch_and_compute_spread_btc_mxn scheduled__2024-07-14T00:28:00+00:00 [running]> on host d537c34a4880
[2024-07-14T08:57:15.322+0000] {taskinstance.py:2648} INFO - Exporting env vars: AIRFLOW_CTX_DAG_OWNER='***' AIRFLOW_CTX_DAG_ID='fetch_spread_values' AIRFLOW_CTX_TASK_ID='fetch_and_compute_spread_btc_mxn' AIRFLOW_CTX_EXECUTION_DATE='2024-07-14T00:28:00+00:00' AIRFLOW_CTX_TRY_NUMBER='1' AIRFLOW_CTX_DAG_RUN_ID='scheduled__2024-07-14T00:28:00+00:00'
[2024-07-14T08:57:15.325+0000] {taskinstance.py:430} INFO - ::endgroup::
[2024-07-14T08:57:15.541+0000] {python.py:237} INFO - Done. Returned value was: None
[2024-07-14T08:57:15.563+0000] {taskinstance.py:441} INFO - ::group::Post task execution logs
[2024-07-14T08:57:15.635+0000] {taskinstance.py:1206} INFO - Marking task as SUCCESS. dag_id=fetch_spread_values, task_id=fetch_and_compute_spread_btc_mxn, run_id=scheduled__2024-07-14T00:28:00+00:00, execution_date=20240714T002800, start_date=20240714T085715, end_date=20240714T085715
[2024-07-14T08:57:15.679+0000] {local_task_job_runner.py:240} INFO - Task exited with return code 0
[2024-07-14T08:57:15.694+0000] {taskinstance.py:3503} INFO - 0 downstream tasks scheduled from follow-on schedule check
[2024-07-14T08:57:15.695+0000] {local_task_job_runner.py:222} INFO - ::endgroup::
[2024-07-14T20:32:12.169+0000] {local_task_job_runner.py:120} INFO - ::group::Pre task execution logs
[2024-07-14T20:32:12.186+0000] {taskinstance.py:2076} INFO - Dependencies all met for dep_context=non-requeueable deps ti=<TaskInstance: fetch_spread_values.fetch_and_compute_spread_btc_mxn scheduled__2024-07-14T00:28:00+00:00 [queued]>
[2024-07-14T20:32:12.190+0000] {taskinstance.py:2076} INFO - Dependencies all met for dep_context=requeueable deps ti=<TaskInstance: fetch_spread_values.fetch_and_compute_spread_btc_mxn scheduled__2024-07-14T00:28:00+00:00 [queued]>
[2024-07-14T20:32:12.191+0000] {taskinstance.py:2306} INFO - Starting attempt 1 of 2
[2024-07-14T20:32:12.198+0000] {taskinstance.py:2330} INFO - Executing <Task(PythonOperator): fetch_and_compute_spread_btc_mxn> on 2024-07-14 00:28:00+00:00
[2024-07-14T20:32:12.202+0000] {logging_mixin.py:188} WARNING - /home/***/.local/lib/python3.12/site-packages/***/task/task_runner/standard_task_runner.py:61 DeprecationWarning: This process (pid=295) is multi-threaded, use of fork() may lead to deadlocks in the child.
[2024-07-14T20:32:12.202+0000] {standard_task_runner.py:90} INFO - Running: ['***', 'tasks', 'run', 'fetch_spread_values', 'fetch_and_compute_spread_btc_mxn', 'scheduled__2024-07-14T00:28:00+00:00', '--job-id', '60', '--raw', '--subdir', 'DAGS_FOLDER/***.py', '--cfg-path', '/tmp/tmplv4_tsdg']
[2024-07-14T20:32:12.203+0000] {standard_task_runner.py:63} INFO - Started process 299 to run task
[2024-07-14T20:32:12.204+0000] {standard_task_runner.py:91} INFO - Job 60: Subtask fetch_and_compute_spread_btc_mxn
[2024-07-14T20:32:12.233+0000] {task_command.py:426} INFO - Running <TaskInstance: fetch_spread_values.fetch_and_compute_spread_btc_mxn scheduled__2024-07-14T00:28:00+00:00 [running]> on host 77caf7e4b282
[2024-07-14T20:32:12.279+0000] {taskinstance.py:2648} INFO - Exporting env vars: AIRFLOW_CTX_DAG_OWNER='***' AIRFLOW_CTX_DAG_ID='fetch_spread_values' AIRFLOW_CTX_TASK_ID='fetch_and_compute_spread_btc_mxn' AIRFLOW_CTX_EXECUTION_DATE='2024-07-14T00:28:00+00:00' AIRFLOW_CTX_TRY_NUMBER='1' AIRFLOW_CTX_DAG_RUN_ID='scheduled__2024-07-14T00:28:00+00:00'
[2024-07-14T20:32:12.279+0000] {taskinstance.py:430} INFO - ::endgroup::
[2024-07-14T20:32:12.513+0000] {python.py:237} INFO - Done. Returned value was: None
[2024-07-14T20:32:12.514+0000] {taskinstance.py:441} INFO - ::group::Post task execution logs
[2024-07-14T20:32:12.519+0000] {taskinstance.py:1206} INFO - Marking task as SUCCESS. dag_id=fetch_spread_values, task_id=fetch_and_compute_spread_btc_mxn, run_id=scheduled__2024-07-14T00:28:00+00:00, execution_date=20240714T002800, start_date=20240714T203212, end_date=20240714T203212
[2024-07-14T20:32:12.559+0000] {local_task_job_runner.py:240} INFO - Task exited with return code 0
[2024-07-14T20:32:12.568+0000] {taskinstance.py:3503} INFO - 0 downstream tasks scheduled from follow-on schedule check
[2024-07-14T20:32:12.569+0000] {local_task_job_runner.py:222} INFO - ::endgroup::
