[2024-07-14T17:29:02.373+0000] {local_task_job_runner.py:120} INFO - ::group::Pre task execution logs
[2024-07-14T17:29:02.386+0000] {taskinstance.py:2076} INFO - Dependencies all met for dep_context=non-requeueable deps ti=<TaskInstance: fetch_spread_values.fetch_and_compute_spread_btc_mxn scheduled__2024-07-14T17:28:00+00:00 [queued]>
[2024-07-14T17:29:02.390+0000] {taskinstance.py:2076} INFO - Dependencies all met for dep_context=requeueable deps ti=<TaskInstance: fetch_spread_values.fetch_and_compute_spread_btc_mxn scheduled__2024-07-14T17:28:00+00:00 [queued]>
[2024-07-14T17:29:02.391+0000] {taskinstance.py:2306} INFO - Starting attempt 1 of 2
[2024-07-14T17:29:02.399+0000] {taskinstance.py:2330} INFO - Executing <Task(PythonOperator): fetch_and_compute_spread_btc_mxn> on 2024-07-14 17:28:00+00:00
[2024-07-14T17:29:02.404+0000] {warnings.py:112} WARNING - /home/***/.local/lib/python3.12/site-packages/***/task/task_runner/standard_task_runner.py:61: DeprecationWarning: This process (pid=7456) is multi-threaded, use of fork() may lead to deadlocks in the child.
  pid = os.fork()

[2024-07-14T17:29:02.406+0000] {standard_task_runner.py:63} INFO - Started process 7460 to run task
[2024-07-14T17:29:02.405+0000] {standard_task_runner.py:90} INFO - Running: ['***', 'tasks', 'run', 'fetch_spread_values', 'fetch_and_compute_spread_btc_mxn', 'scheduled__2024-07-14T17:28:00+00:00', '--job-id', '2241', '--raw', '--subdir', 'DAGS_FOLDER/***.py', '--cfg-path', '/tmp/tmphmw6wtae']
[2024-07-14T17:29:02.408+0000] {standard_task_runner.py:91} INFO - Job 2241: Subtask fetch_and_compute_spread_btc_mxn
[2024-07-14T17:29:02.448+0000] {task_command.py:426} INFO - Running <TaskInstance: fetch_spread_values.fetch_and_compute_spread_btc_mxn scheduled__2024-07-14T17:28:00+00:00 [running]> on host d537c34a4880
[2024-07-14T17:29:02.509+0000] {taskinstance.py:2648} INFO - Exporting env vars: AIRFLOW_CTX_DAG_OWNER='***' AIRFLOW_CTX_DAG_ID='fetch_spread_values' AIRFLOW_CTX_TASK_ID='fetch_and_compute_spread_btc_mxn' AIRFLOW_CTX_EXECUTION_DATE='2024-07-14T17:28:00+00:00' AIRFLOW_CTX_TRY_NUMBER='1' AIRFLOW_CTX_DAG_RUN_ID='scheduled__2024-07-14T17:28:00+00:00'
[2024-07-14T17:29:02.512+0000] {taskinstance.py:430} INFO - ::endgroup::
[2024-07-14T17:29:02.925+0000] {python.py:237} INFO - Done. Returned value was: None
[2024-07-14T17:29:02.928+0000] {taskinstance.py:441} INFO - ::group::Post task execution logs
[2024-07-14T17:29:02.941+0000] {taskinstance.py:1206} INFO - Marking task as SUCCESS. dag_id=fetch_spread_values, task_id=fetch_and_compute_spread_btc_mxn, run_id=scheduled__2024-07-14T17:28:00+00:00, execution_date=20240714T172800, start_date=20240714T172902, end_date=20240714T172902
[2024-07-14T17:29:02.961+0000] {local_task_job_runner.py:240} INFO - Task exited with return code 0
[2024-07-14T17:29:02.975+0000] {taskinstance.py:3503} INFO - 0 downstream tasks scheduled from follow-on schedule check
[2024-07-14T17:29:02.976+0000] {local_task_job_runner.py:222} INFO - ::endgroup::
[2024-07-14T20:39:27.739+0000] {local_task_job_runner.py:120} INFO - ::group::Pre task execution logs
[2024-07-14T20:39:27.813+0000] {taskinstance.py:2076} INFO - Dependencies all met for dep_context=non-requeueable deps ti=<TaskInstance: fetch_spread_values.fetch_and_compute_spread_btc_mxn scheduled__2024-07-14T17:28:00+00:00 [queued]>
[2024-07-14T20:39:27.827+0000] {taskinstance.py:2076} INFO - Dependencies all met for dep_context=requeueable deps ti=<TaskInstance: fetch_spread_values.fetch_and_compute_spread_btc_mxn scheduled__2024-07-14T17:28:00+00:00 [queued]>
[2024-07-14T20:39:27.830+0000] {taskinstance.py:2306} INFO - Starting attempt 1 of 2
[2024-07-14T20:39:27.883+0000] {taskinstance.py:2330} INFO - Executing <Task(PythonOperator): fetch_and_compute_spread_btc_mxn> on 2024-07-14 17:28:00+00:00
[2024-07-14T20:39:27.899+0000] {standard_task_runner.py:90} INFO - Running: ['***', 'tasks', 'run', 'fetch_spread_values', 'fetch_and_compute_spread_btc_mxn', 'scheduled__2024-07-14T17:28:00+00:00', '--job-id', '2224', '--raw', '--subdir', 'DAGS_FOLDER/***.py', '--cfg-path', '/tmp/tmp775zbzf8']
[2024-07-14T20:39:27.904+0000] {logging_mixin.py:188} WARNING - /home/***/.local/lib/python3.12/site-packages/***/task/task_runner/standard_task_runner.py:61 DeprecationWarning: This process (pid=4694) is multi-threaded, use of fork() may lead to deadlocks in the child.
[2024-07-14T20:39:27.905+0000] {standard_task_runner.py:63} INFO - Started process 4706 to run task
[2024-07-14T20:39:27.904+0000] {standard_task_runner.py:91} INFO - Job 2224: Subtask fetch_and_compute_spread_btc_mxn
[2024-07-14T20:39:28.081+0000] {task_command.py:426} INFO - Running <TaskInstance: fetch_spread_values.fetch_and_compute_spread_btc_mxn scheduled__2024-07-14T17:28:00+00:00 [running]> on host 77caf7e4b282
[2024-07-14T20:39:28.220+0000] {taskinstance.py:2648} INFO - Exporting env vars: AIRFLOW_CTX_DAG_OWNER='***' AIRFLOW_CTX_DAG_ID='fetch_spread_values' AIRFLOW_CTX_TASK_ID='fetch_and_compute_spread_btc_mxn' AIRFLOW_CTX_EXECUTION_DATE='2024-07-14T17:28:00+00:00' AIRFLOW_CTX_TRY_NUMBER='1' AIRFLOW_CTX_DAG_RUN_ID='scheduled__2024-07-14T17:28:00+00:00'
[2024-07-14T20:39:28.226+0000] {taskinstance.py:430} INFO - ::endgroup::
[2024-07-14T20:39:28.508+0000] {python.py:237} INFO - Done. Returned value was: None
[2024-07-14T20:39:28.509+0000] {taskinstance.py:441} INFO - ::group::Post task execution logs
[2024-07-14T20:39:28.526+0000] {taskinstance.py:1206} INFO - Marking task as SUCCESS. dag_id=fetch_spread_values, task_id=fetch_and_compute_spread_btc_mxn, run_id=scheduled__2024-07-14T17:28:00+00:00, execution_date=20240714T172800, start_date=20240714T203927, end_date=20240714T203928
[2024-07-14T20:39:28.548+0000] {local_task_job_runner.py:240} INFO - Task exited with return code 0
[2024-07-14T20:39:28.566+0000] {taskinstance.py:3503} INFO - 0 downstream tasks scheduled from follow-on schedule check
[2024-07-14T20:39:28.568+0000] {local_task_job_runner.py:222} INFO - ::endgroup::
