[2024-07-17T01:21:22.323+0000] {local_task_job_runner.py:120} INFO - ::group::Pre task execution logs
[2024-07-17T01:21:22.417+0000] {taskinstance.py:2076} INFO - Dependencies all met for dep_context=non-requeueable deps ti=<TaskInstance: etl_ticker.etl_btc_mxn scheduled__2024-07-15T05:10:00+00:00 [queued]>
[2024-07-17T01:21:22.432+0000] {taskinstance.py:2076} INFO - Dependencies all met for dep_context=requeueable deps ti=<TaskInstance: etl_ticker.etl_btc_mxn scheduled__2024-07-15T05:10:00+00:00 [queued]>
[2024-07-17T01:21:22.433+0000] {taskinstance.py:2306} INFO - Starting attempt 2 of 2
[2024-07-17T01:21:22.456+0000] {taskinstance.py:2330} INFO - Executing <Task(PythonOperator): etl_btc_mxn> on 2024-07-15 05:10:00+00:00
[2024-07-17T01:21:22.491+0000] {logging_mixin.py:188} WARNING - /home/***/.local/lib/python3.12/site-packages/***/task/task_runner/standard_task_runner.py:61 DeprecationWarning: This process (pid=30383) is multi-threaded, use of fork() may lead to deadlocks in the child.
[2024-07-17T01:21:22.491+0000] {standard_task_runner.py:90} INFO - Running: ['***', 'tasks', 'run', 'etl_ticker', 'etl_btc_mxn', 'scheduled__2024-07-15T05:10:00+00:00', '--job-id', '649', '--raw', '--subdir', 'DAGS_FOLDER/bid_ask_dag.py', '--cfg-path', '/tmp/tmp6e5ntbyd']
[2024-07-17T01:21:22.498+0000] {standard_task_runner.py:91} INFO - Job 649: Subtask etl_btc_mxn
[2024-07-17T01:21:22.498+0000] {standard_task_runner.py:63} INFO - Started process 30399 to run task
[2024-07-17T01:21:22.614+0000] {task_command.py:426} INFO - Running <TaskInstance: etl_ticker.etl_btc_mxn scheduled__2024-07-15T05:10:00+00:00 [running]> on host 6f712de23803
[2024-07-17T01:21:22.749+0000] {taskinstance.py:2648} INFO - Exporting env vars: AIRFLOW_CTX_DAG_OWNER='***' AIRFLOW_CTX_DAG_ID='etl_ticker' AIRFLOW_CTX_TASK_ID='etl_btc_mxn' AIRFLOW_CTX_EXECUTION_DATE='2024-07-15T05:10:00+00:00' AIRFLOW_CTX_TRY_NUMBER='2' AIRFLOW_CTX_DAG_RUN_ID='scheduled__2024-07-15T05:10:00+00:00'
[2024-07-17T01:21:22.751+0000] {taskinstance.py:430} INFO - ::endgroup::
[2024-07-17T01:21:22.779+0000] {logging_mixin.py:188} WARNING -   0%|          | 0/600 [00:00<?, ?it/s]
[2024-07-17T01:21:24.010+0000] {logging_mixin.py:188} WARNING -   0%|          | 1/600 [00:01<12:15,  1.23s/it]
[2024-07-17T01:21:25.305+0000] {logging_mixin.py:188} WARNING -   0%|          | 2/600 [00:02<12:37,  1.27s/it]
[2024-07-17T01:21:26.443+0000] {logging_mixin.py:188} WARNING -   0%|          | 3/600 [00:03<12:01,  1.21s/it]
[2024-07-17T01:21:27.592+0000] {logging_mixin.py:188} WARNING -   1%|          | 4/600 [00:04<11:46,  1.19s/it]
[2024-07-17T01:21:28.748+0000] {logging_mixin.py:188} WARNING -   1%|          | 5/600 [00:05<11:38,  1.17s/it]
[2024-07-17T01:21:29.910+0000] {logging_mixin.py:188} WARNING -   1%|1         | 6/600 [00:07<11:35,  1.17s/it]
[2024-07-17T01:21:31.068+0000] {logging_mixin.py:188} WARNING -   1%|1         | 7/600 [00:08<11:31,  1.17s/it]
[2024-07-17T01:21:32.218+0000] {logging_mixin.py:188} WARNING -   1%|1         | 8/600 [00:09<11:27,  1.16s/it]
[2024-07-17T01:21:33.365+0000] {logging_mixin.py:188} WARNING -   2%|1         | 9/600 [00:10<11:23,  1.16s/it]
[2024-07-17T01:21:34.517+0000] {bid_ask_dag.py:87} INFO - Threshold! {'orderbook_timestamp': '2024-07-17T01:21:33+00:00', 'book': 'btc_mxn', 'bid': 1162520.0, 'ask': 1164760.0, 'spread': 0.192314296507435}
[2024-07-17T01:21:34.519+0000] {logging_mixin.py:188} WARNING -   2%|1         | 9/600 [00:11<12:50,  1.30s/it]
[2024-07-17T01:21:34.519+0000] {taskinstance.py:441} INFO - ::group::Post task execution logs
[2024-07-17T01:21:34.520+0000] {taskinstance.py:2905} ERROR - Task failed with exception
Traceback (most recent call last):
  File "/home/airflow/.local/lib/python3.12/site-packages/airflow/models/taskinstance.py", line 465, in _execute_task
    result = _execute_callable(context=context, **execute_callable_kwargs)
             ^^^^^^^^^^^^^^^^^^^^^^^^^^^^^^^^^^^^^^^^^^^^^^^^^^^^^^^^^^^^^
  File "/home/airflow/.local/lib/python3.12/site-packages/airflow/models/taskinstance.py", line 432, in _execute_callable
    return execute_callable(context=context, **execute_callable_kwargs)
           ^^^^^^^^^^^^^^^^^^^^^^^^^^^^^^^^^^^^^^^^^^^^^^^^^^^^^^^^^^^^
  File "/home/airflow/.local/lib/python3.12/site-packages/airflow/models/baseoperator.py", line 401, in wrapper
    return func(self, *args, **kwargs)
           ^^^^^^^^^^^^^^^^^^^^^^^^^^^
  File "/home/airflow/.local/lib/python3.12/site-packages/airflow/operators/python.py", line 235, in execute
    return_value = self.execute_callable()
                   ^^^^^^^^^^^^^^^^^^^^^^^
  File "/home/airflow/.local/lib/python3.12/site-packages/airflow/operators/python.py", line 252, in execute_callable
    return self.python_callable(*self.op_args, **self.op_kwargs)
           ^^^^^^^^^^^^^^^^^^^^^^^^^^^^^^^^^^^^^^^^^^^^^^^^^^^^^
  File "/opt/airflow/dags/bid_ask_dag.py", line 88, in etl_spread
    SlackWebhookHook(webhook_token=WEBHOOK_URL, message=f"Alert! bid-ask has appeared {record}").execute()
    ^^^^^^^^^^^^^^^^^^^^^^^^^^^^^^^^^^^^^^^^^^^^^^^^^^^^^^^^^^^^^^^^^^^^^^^^^^^^^^^^^^^^^^^^^^^^
TypeError: SlackWebhookHook.__init__() missing 1 required keyword-only argument: 'slack_webhook_conn_id'
[2024-07-17T01:21:34.529+0000] {taskinstance.py:1206} INFO - Marking task as FAILED. dag_id=etl_ticker, task_id=etl_btc_mxn, run_id=scheduled__2024-07-15T05:10:00+00:00, execution_date=20240715T051000, start_date=20240717T012122, end_date=20240717T012134
[2024-07-17T01:21:34.535+0000] {standard_task_runner.py:110} ERROR - Failed to execute job 649 for task etl_btc_mxn (SlackWebhookHook.__init__() missing 1 required keyword-only argument: 'slack_webhook_conn_id'; 30399)
[2024-07-17T01:21:34.581+0000] {local_task_job_runner.py:240} INFO - Task exited with return code 1
[2024-07-17T01:21:34.593+0000] {taskinstance.py:3503} INFO - 0 downstream tasks scheduled from follow-on schedule check
[2024-07-17T01:21:34.594+0000] {local_task_job_runner.py:222} INFO - ::endgroup::
