[2024-07-14T13:11:43.091+0000] {local_task_job_runner.py:120} INFO - ::group::Pre task execution logs
[2024-07-14T13:11:43.140+0000] {taskinstance.py:2076} INFO - Dependencies all met for dep_context=non-requeueable deps ti=<TaskInstance: fetch_spread_values.fetch_and_compute_spread_usd_mxn scheduled__2024-07-14T13:02:00+00:00 [queued]>
[2024-07-14T13:11:43.173+0000] {taskinstance.py:2076} INFO - Dependencies all met for dep_context=requeueable deps ti=<TaskInstance: fetch_spread_values.fetch_and_compute_spread_usd_mxn scheduled__2024-07-14T13:02:00+00:00 [queued]>
[2024-07-14T13:11:43.177+0000] {taskinstance.py:2306} INFO - Starting attempt 1 of 2
[2024-07-14T13:11:43.238+0000] {taskinstance.py:2330} INFO - Executing <Task(PythonOperator): fetch_and_compute_spread_usd_mxn> on 2024-07-14 13:02:00+00:00
[2024-07-14T13:11:43.296+0000] {warnings.py:112} WARNING - /home/***/.local/lib/python3.12/site-packages/***/task/task_runner/standard_task_runner.py:61: DeprecationWarning: This process (pid=5586) is multi-threaded, use of fork() may lead to deadlocks in the child.
  pid = os.fork()

[2024-07-14T13:11:43.304+0000] {standard_task_runner.py:63} INFO - Started process 5607 to run task
[2024-07-14T13:11:43.302+0000] {standard_task_runner.py:90} INFO - Running: ['***', 'tasks', 'run', 'fetch_spread_values', 'fetch_and_compute_spread_usd_mxn', 'scheduled__2024-07-14T13:02:00+00:00', '--job-id', '1677', '--raw', '--subdir', 'DAGS_FOLDER/***.py', '--cfg-path', '/tmp/tmpf1mvqhke']
[2024-07-14T13:11:43.314+0000] {standard_task_runner.py:91} INFO - Job 1677: Subtask fetch_and_compute_spread_usd_mxn
[2024-07-14T13:11:43.610+0000] {task_command.py:426} INFO - Running <TaskInstance: fetch_spread_values.fetch_and_compute_spread_usd_mxn scheduled__2024-07-14T13:02:00+00:00 [running]> on host d537c34a4880
[2024-07-14T13:11:43.917+0000] {taskinstance.py:2648} INFO - Exporting env vars: AIRFLOW_CTX_DAG_OWNER='***' AIRFLOW_CTX_DAG_ID='fetch_spread_values' AIRFLOW_CTX_TASK_ID='fetch_and_compute_spread_usd_mxn' AIRFLOW_CTX_EXECUTION_DATE='2024-07-14T13:02:00+00:00' AIRFLOW_CTX_TRY_NUMBER='1' AIRFLOW_CTX_DAG_RUN_ID='scheduled__2024-07-14T13:02:00+00:00'
[2024-07-14T13:11:43.940+0000] {taskinstance.py:430} INFO - ::endgroup::
[2024-07-14T13:11:44.318+0000] {python.py:237} INFO - Done. Returned value was: None
[2024-07-14T13:11:44.323+0000] {taskinstance.py:441} INFO - ::group::Post task execution logs
[2024-07-14T13:11:44.358+0000] {taskinstance.py:1206} INFO - Marking task as SUCCESS. dag_id=fetch_spread_values, task_id=fetch_and_compute_spread_usd_mxn, run_id=scheduled__2024-07-14T13:02:00+00:00, execution_date=20240714T130200, start_date=20240714T131143, end_date=20240714T131144
[2024-07-14T13:11:44.513+0000] {local_task_job_runner.py:240} INFO - Task exited with return code 0
[2024-07-14T13:11:44.621+0000] {taskinstance.py:3503} INFO - 0 downstream tasks scheduled from follow-on schedule check
[2024-07-14T13:11:44.654+0000] {local_task_job_runner.py:222} INFO - ::endgroup::
[2024-07-14T20:37:49.979+0000] {local_task_job_runner.py:120} INFO - ::group::Pre task execution logs
[2024-07-14T20:37:50.001+0000] {taskinstance.py:2076} INFO - Dependencies all met for dep_context=non-requeueable deps ti=<TaskInstance: fetch_spread_values.fetch_and_compute_spread_usd_mxn scheduled__2024-07-14T13:02:00+00:00 [queued]>
[2024-07-14T20:37:50.006+0000] {taskinstance.py:2076} INFO - Dependencies all met for dep_context=requeueable deps ti=<TaskInstance: fetch_spread_values.fetch_and_compute_spread_usd_mxn scheduled__2024-07-14T13:02:00+00:00 [queued]>
[2024-07-14T20:37:50.007+0000] {taskinstance.py:2306} INFO - Starting attempt 1 of 2
[2024-07-14T20:37:50.017+0000] {taskinstance.py:2330} INFO - Executing <Task(PythonOperator): fetch_and_compute_spread_usd_mxn> on 2024-07-14 13:02:00+00:00
[2024-07-14T20:37:50.022+0000] {logging_mixin.py:188} WARNING - /home/***/.local/lib/python3.12/site-packages/***/task/task_runner/standard_task_runner.py:61 DeprecationWarning: This process (pid=3622) is multi-threaded, use of fork() may lead to deadlocks in the child.
[2024-07-14T20:37:50.025+0000] {standard_task_runner.py:63} INFO - Started process 3627 to run task
[2024-07-14T20:37:50.024+0000] {standard_task_runner.py:90} INFO - Running: ['***', 'tasks', 'run', 'fetch_spread_values', 'fetch_and_compute_spread_usd_mxn', 'scheduled__2024-07-14T13:02:00+00:00', '--job-id', '1693', '--raw', '--subdir', 'DAGS_FOLDER/***.py', '--cfg-path', '/tmp/tmpqlkftp0u']
[2024-07-14T20:37:50.032+0000] {standard_task_runner.py:91} INFO - Job 1693: Subtask fetch_and_compute_spread_usd_mxn
[2024-07-14T20:37:50.069+0000] {task_command.py:426} INFO - Running <TaskInstance: fetch_spread_values.fetch_and_compute_spread_usd_mxn scheduled__2024-07-14T13:02:00+00:00 [running]> on host 77caf7e4b282
[2024-07-14T20:37:50.143+0000] {taskinstance.py:2648} INFO - Exporting env vars: AIRFLOW_CTX_DAG_OWNER='***' AIRFLOW_CTX_DAG_ID='fetch_spread_values' AIRFLOW_CTX_TASK_ID='fetch_and_compute_spread_usd_mxn' AIRFLOW_CTX_EXECUTION_DATE='2024-07-14T13:02:00+00:00' AIRFLOW_CTX_TRY_NUMBER='1' AIRFLOW_CTX_DAG_RUN_ID='scheduled__2024-07-14T13:02:00+00:00'
[2024-07-14T20:37:50.144+0000] {taskinstance.py:430} INFO - ::endgroup::
[2024-07-14T20:37:50.390+0000] {python.py:237} INFO - Done. Returned value was: None
[2024-07-14T20:37:50.394+0000] {taskinstance.py:441} INFO - ::group::Post task execution logs
[2024-07-14T20:37:50.406+0000] {taskinstance.py:1206} INFO - Marking task as SUCCESS. dag_id=fetch_spread_values, task_id=fetch_and_compute_spread_usd_mxn, run_id=scheduled__2024-07-14T13:02:00+00:00, execution_date=20240714T130200, start_date=20240714T203750, end_date=20240714T203750
[2024-07-14T20:37:50.457+0000] {local_task_job_runner.py:240} INFO - Task exited with return code 0
[2024-07-14T20:37:50.481+0000] {taskinstance.py:3503} INFO - 0 downstream tasks scheduled from follow-on schedule check
[2024-07-14T20:37:50.490+0000] {local_task_job_runner.py:222} INFO - ::endgroup::
