[2024-07-14T08:58:14.501+0000] {local_task_job_runner.py:120} INFO - ::group::Pre task execution logs
[2024-07-14T08:58:14.589+0000] {taskinstance.py:2076} INFO - Dependencies all met for dep_context=non-requeueable deps ti=<TaskInstance: fetch_spread_values.fetch_and_compute_spread_usd_mxn scheduled__2024-07-14T01:35:00+00:00 [queued]>
[2024-07-14T08:58:14.632+0000] {taskinstance.py:2076} INFO - Dependencies all met for dep_context=requeueable deps ti=<TaskInstance: fetch_spread_values.fetch_and_compute_spread_usd_mxn scheduled__2024-07-14T01:35:00+00:00 [queued]>
[2024-07-14T08:58:14.637+0000] {taskinstance.py:2306} INFO - Starting attempt 1 of 2
[2024-07-14T08:58:14.688+0000] {taskinstance.py:2330} INFO - Executing <Task(PythonOperator): fetch_and_compute_spread_usd_mxn> on 2024-07-14 01:35:00+00:00
[2024-07-14T08:58:14.706+0000] {warnings.py:112} WARNING - /home/***/.local/lib/python3.12/site-packages/***/task/task_runner/standard_task_runner.py:61: DeprecationWarning: This process (pid=703) is multi-threaded, use of fork() may lead to deadlocks in the child.
  pid = os.fork()

[2024-07-14T08:58:14.708+0000] {standard_task_runner.py:63} INFO - Started process 729 to run task
[2024-07-14T08:58:14.747+0000] {standard_task_runner.py:90} INFO - Running: ['***', 'tasks', 'run', 'fetch_spread_values', 'fetch_and_compute_spread_usd_mxn', 'scheduled__2024-07-14T01:35:00+00:00', '--job-id', '219', '--raw', '--subdir', 'DAGS_FOLDER/***.py', '--cfg-path', '/tmp/tmpd0pmplwl']
[2024-07-14T08:58:14.773+0000] {standard_task_runner.py:91} INFO - Job 219: Subtask fetch_and_compute_spread_usd_mxn
[2024-07-14T08:58:14.938+0000] {task_command.py:426} INFO - Running <TaskInstance: fetch_spread_values.fetch_and_compute_spread_usd_mxn scheduled__2024-07-14T01:35:00+00:00 [running]> on host d537c34a4880
[2024-07-14T08:58:15.266+0000] {taskinstance.py:2648} INFO - Exporting env vars: AIRFLOW_CTX_DAG_OWNER='***' AIRFLOW_CTX_DAG_ID='fetch_spread_values' AIRFLOW_CTX_TASK_ID='fetch_and_compute_spread_usd_mxn' AIRFLOW_CTX_EXECUTION_DATE='2024-07-14T01:35:00+00:00' AIRFLOW_CTX_TRY_NUMBER='1' AIRFLOW_CTX_DAG_RUN_ID='scheduled__2024-07-14T01:35:00+00:00'
[2024-07-14T08:58:15.271+0000] {taskinstance.py:430} INFO - ::endgroup::
[2024-07-14T08:58:15.578+0000] {python.py:237} INFO - Done. Returned value was: None
[2024-07-14T08:58:15.585+0000] {taskinstance.py:441} INFO - ::group::Post task execution logs
[2024-07-14T08:58:15.622+0000] {taskinstance.py:1206} INFO - Marking task as SUCCESS. dag_id=fetch_spread_values, task_id=fetch_and_compute_spread_usd_mxn, run_id=scheduled__2024-07-14T01:35:00+00:00, execution_date=20240714T013500, start_date=20240714T085814, end_date=20240714T085815
[2024-07-14T08:58:15.808+0000] {local_task_job_runner.py:240} INFO - Task exited with return code 0
[2024-07-14T08:58:15.856+0000] {taskinstance.py:3503} INFO - 0 downstream tasks scheduled from follow-on schedule check
[2024-07-14T08:58:15.923+0000] {local_task_job_runner.py:222} INFO - ::endgroup::
[2024-07-14T20:32:45.386+0000] {local_task_job_runner.py:120} INFO - ::group::Pre task execution logs
[2024-07-14T20:32:45.404+0000] {taskinstance.py:2076} INFO - Dependencies all met for dep_context=non-requeueable deps ti=<TaskInstance: fetch_spread_values.fetch_and_compute_spread_usd_mxn scheduled__2024-07-14T01:35:00+00:00 [queued]>
[2024-07-14T20:32:45.409+0000] {taskinstance.py:2076} INFO - Dependencies all met for dep_context=requeueable deps ti=<TaskInstance: fetch_spread_values.fetch_and_compute_spread_usd_mxn scheduled__2024-07-14T01:35:00+00:00 [queued]>
[2024-07-14T20:32:45.409+0000] {taskinstance.py:2306} INFO - Starting attempt 1 of 2
[2024-07-14T20:32:45.418+0000] {taskinstance.py:2330} INFO - Executing <Task(PythonOperator): fetch_and_compute_spread_usd_mxn> on 2024-07-14 01:35:00+00:00
[2024-07-14T20:32:45.422+0000] {logging_mixin.py:188} WARNING - /home/***/.local/lib/python3.12/site-packages/***/task/task_runner/standard_task_runner.py:61 DeprecationWarning: This process (pid=572) is multi-threaded, use of fork() may lead to deadlocks in the child.
[2024-07-14T20:32:45.425+0000] {standard_task_runner.py:63} INFO - Started process 577 to run task
[2024-07-14T20:32:45.423+0000] {standard_task_runner.py:90} INFO - Running: ['***', 'tasks', 'run', 'fetch_spread_values', 'fetch_and_compute_spread_usd_mxn', 'scheduled__2024-07-14T01:35:00+00:00', '--job-id', '196', '--raw', '--subdir', 'DAGS_FOLDER/***.py', '--cfg-path', '/tmp/tmp69cuu6m_']
[2024-07-14T20:32:45.426+0000] {standard_task_runner.py:91} INFO - Job 196: Subtask fetch_and_compute_spread_usd_mxn
[2024-07-14T20:32:45.463+0000] {task_command.py:426} INFO - Running <TaskInstance: fetch_spread_values.fetch_and_compute_spread_usd_mxn scheduled__2024-07-14T01:35:00+00:00 [running]> on host 77caf7e4b282
[2024-07-14T20:32:45.592+0000] {taskinstance.py:2648} INFO - Exporting env vars: AIRFLOW_CTX_DAG_OWNER='***' AIRFLOW_CTX_DAG_ID='fetch_spread_values' AIRFLOW_CTX_TASK_ID='fetch_and_compute_spread_usd_mxn' AIRFLOW_CTX_EXECUTION_DATE='2024-07-14T01:35:00+00:00' AIRFLOW_CTX_TRY_NUMBER='1' AIRFLOW_CTX_DAG_RUN_ID='scheduled__2024-07-14T01:35:00+00:00'
[2024-07-14T20:32:45.598+0000] {taskinstance.py:430} INFO - ::endgroup::
[2024-07-14T20:32:45.797+0000] {python.py:237} INFO - Done. Returned value was: None
[2024-07-14T20:32:45.803+0000] {taskinstance.py:441} INFO - ::group::Post task execution logs
[2024-07-14T20:32:45.813+0000] {taskinstance.py:1206} INFO - Marking task as SUCCESS. dag_id=fetch_spread_values, task_id=fetch_and_compute_spread_usd_mxn, run_id=scheduled__2024-07-14T01:35:00+00:00, execution_date=20240714T013500, start_date=20240714T203245, end_date=20240714T203245
[2024-07-14T20:32:45.863+0000] {local_task_job_runner.py:240} INFO - Task exited with return code 0
[2024-07-14T20:32:45.884+0000] {local_task_job_runner.py:222} INFO - ::endgroup::
