[2024-07-14T16:13:09.489+0000] {local_task_job_runner.py:120} INFO - ::group::Pre task execution logs
[2024-07-14T16:13:09.547+0000] {taskinstance.py:2076} INFO - Dependencies all met for dep_context=non-requeueable deps ti=<TaskInstance: fetch_spread_values.fetch_and_compute_spread_btc_mxn scheduled__2024-07-14T16:05:00+00:00 [queued]>
[2024-07-14T16:13:09.576+0000] {taskinstance.py:2076} INFO - Dependencies all met for dep_context=requeueable deps ti=<TaskInstance: fetch_spread_values.fetch_and_compute_spread_btc_mxn scheduled__2024-07-14T16:05:00+00:00 [queued]>
[2024-07-14T16:13:09.582+0000] {taskinstance.py:2306} INFO - Starting attempt 1 of 2
[2024-07-14T16:13:09.622+0000] {taskinstance.py:2330} INFO - Executing <Task(PythonOperator): fetch_and_compute_spread_btc_mxn> on 2024-07-14 16:05:00+00:00
[2024-07-14T16:13:09.647+0000] {warnings.py:112} WARNING - /home/***/.local/lib/python3.12/site-packages/***/task/task_runner/standard_task_runner.py:61: DeprecationWarning: This process (pid=6863) is multi-threaded, use of fork() may lead to deadlocks in the child.
  pid = os.fork()

[2024-07-14T16:13:09.657+0000] {standard_task_runner.py:63} INFO - Started process 6885 to run task
[2024-07-14T16:13:09.661+0000] {standard_task_runner.py:90} INFO - Running: ['***', 'tasks', 'run', 'fetch_spread_values', 'fetch_and_compute_spread_btc_mxn', 'scheduled__2024-07-14T16:05:00+00:00', '--job-id', '2066', '--raw', '--subdir', 'DAGS_FOLDER/***.py', '--cfg-path', '/tmp/tmpxbpvaas3']
[2024-07-14T16:13:09.684+0000] {standard_task_runner.py:91} INFO - Job 2066: Subtask fetch_and_compute_spread_btc_mxn
[2024-07-14T16:13:09.904+0000] {task_command.py:426} INFO - Running <TaskInstance: fetch_spread_values.fetch_and_compute_spread_btc_mxn scheduled__2024-07-14T16:05:00+00:00 [running]> on host d537c34a4880
[2024-07-14T16:13:10.122+0000] {taskinstance.py:2648} INFO - Exporting env vars: AIRFLOW_CTX_DAG_OWNER='***' AIRFLOW_CTX_DAG_ID='fetch_spread_values' AIRFLOW_CTX_TASK_ID='fetch_and_compute_spread_btc_mxn' AIRFLOW_CTX_EXECUTION_DATE='2024-07-14T16:05:00+00:00' AIRFLOW_CTX_TRY_NUMBER='1' AIRFLOW_CTX_DAG_RUN_ID='scheduled__2024-07-14T16:05:00+00:00'
[2024-07-14T16:13:10.151+0000] {taskinstance.py:430} INFO - ::endgroup::
[2024-07-14T16:13:10.523+0000] {python.py:237} INFO - Done. Returned value was: None
[2024-07-14T16:13:10.530+0000] {taskinstance.py:441} INFO - ::group::Post task execution logs
[2024-07-14T16:13:10.542+0000] {taskinstance.py:1206} INFO - Marking task as SUCCESS. dag_id=fetch_spread_values, task_id=fetch_and_compute_spread_btc_mxn, run_id=scheduled__2024-07-14T16:05:00+00:00, execution_date=20240714T160500, start_date=20240714T161309, end_date=20240714T161310
[2024-07-14T16:13:10.646+0000] {local_task_job_runner.py:240} INFO - Task exited with return code 0
[2024-07-14T16:13:10.725+0000] {local_task_job_runner.py:222} INFO - ::endgroup::
[2024-07-14T20:38:52.636+0000] {local_task_job_runner.py:120} INFO - ::group::Pre task execution logs
[2024-07-14T20:38:52.677+0000] {taskinstance.py:2076} INFO - Dependencies all met for dep_context=non-requeueable deps ti=<TaskInstance: fetch_spread_values.fetch_and_compute_spread_btc_mxn scheduled__2024-07-14T16:05:00+00:00 [queued]>
[2024-07-14T20:38:52.682+0000] {taskinstance.py:2076} INFO - Dependencies all met for dep_context=requeueable deps ti=<TaskInstance: fetch_spread_values.fetch_and_compute_spread_btc_mxn scheduled__2024-07-14T16:05:00+00:00 [queued]>
[2024-07-14T20:38:52.682+0000] {taskinstance.py:2306} INFO - Starting attempt 1 of 2
[2024-07-14T20:38:52.689+0000] {taskinstance.py:2330} INFO - Executing <Task(PythonOperator): fetch_and_compute_spread_btc_mxn> on 2024-07-14 16:05:00+00:00
[2024-07-14T20:38:52.693+0000] {logging_mixin.py:188} WARNING - /home/***/.local/lib/python3.12/site-packages/***/task/task_runner/standard_task_runner.py:61 DeprecationWarning: This process (pid=4359) is multi-threaded, use of fork() may lead to deadlocks in the child.
[2024-07-14T20:38:52.694+0000] {standard_task_runner.py:63} INFO - Started process 4366 to run task
[2024-07-14T20:38:52.694+0000] {standard_task_runner.py:90} INFO - Running: ['***', 'tasks', 'run', 'fetch_spread_values', 'fetch_and_compute_spread_btc_mxn', 'scheduled__2024-07-14T16:05:00+00:00', '--job-id', '2059', '--raw', '--subdir', 'DAGS_FOLDER/***.py', '--cfg-path', '/tmp/tmpqt1aqwls']
[2024-07-14T20:38:52.695+0000] {standard_task_runner.py:91} INFO - Job 2059: Subtask fetch_and_compute_spread_btc_mxn
[2024-07-14T20:38:52.721+0000] {task_command.py:426} INFO - Running <TaskInstance: fetch_spread_values.fetch_and_compute_spread_btc_mxn scheduled__2024-07-14T16:05:00+00:00 [running]> on host 77caf7e4b282
[2024-07-14T20:38:52.767+0000] {taskinstance.py:2648} INFO - Exporting env vars: AIRFLOW_CTX_DAG_OWNER='***' AIRFLOW_CTX_DAG_ID='fetch_spread_values' AIRFLOW_CTX_TASK_ID='fetch_and_compute_spread_btc_mxn' AIRFLOW_CTX_EXECUTION_DATE='2024-07-14T16:05:00+00:00' AIRFLOW_CTX_TRY_NUMBER='1' AIRFLOW_CTX_DAG_RUN_ID='scheduled__2024-07-14T16:05:00+00:00'
[2024-07-14T20:38:52.768+0000] {taskinstance.py:430} INFO - ::endgroup::
[2024-07-14T20:38:52.922+0000] {python.py:237} INFO - Done. Returned value was: None
[2024-07-14T20:38:52.922+0000] {taskinstance.py:441} INFO - ::group::Post task execution logs
[2024-07-14T20:38:52.928+0000] {taskinstance.py:1206} INFO - Marking task as SUCCESS. dag_id=fetch_spread_values, task_id=fetch_and_compute_spread_btc_mxn, run_id=scheduled__2024-07-14T16:05:00+00:00, execution_date=20240714T160500, start_date=20240714T203852, end_date=20240714T203852
[2024-07-14T20:38:52.956+0000] {local_task_job_runner.py:240} INFO - Task exited with return code 0
[2024-07-14T20:38:52.965+0000] {taskinstance.py:3503} INFO - 0 downstream tasks scheduled from follow-on schedule check
[2024-07-14T20:38:52.966+0000] {local_task_job_runner.py:222} INFO - ::endgroup::
