[2024-07-14T09:51:09.585+0000] {local_task_job_runner.py:120} INFO - ::group::Pre task execution logs
[2024-07-14T09:51:09.627+0000] {taskinstance.py:2076} INFO - Dependencies all met for dep_context=non-requeueable deps ti=<TaskInstance: fetch_spread_values.fetch_and_compute_spread_usd_mxn scheduled__2024-07-14T09:46:00+00:00 [queued]>
[2024-07-14T09:51:09.633+0000] {taskinstance.py:2076} INFO - Dependencies all met for dep_context=requeueable deps ti=<TaskInstance: fetch_spread_values.fetch_and_compute_spread_usd_mxn scheduled__2024-07-14T09:46:00+00:00 [queued]>
[2024-07-14T09:51:09.636+0000] {taskinstance.py:2306} INFO - Starting attempt 1 of 2
[2024-07-14T09:51:09.651+0000] {taskinstance.py:2330} INFO - Executing <Task(PythonOperator): fetch_and_compute_spread_usd_mxn> on 2024-07-14 09:46:00+00:00
[2024-07-14T09:51:09.672+0000] {warnings.py:112} WARNING - /home/***/.local/lib/python3.12/site-packages/***/task/task_runner/standard_task_runner.py:61: DeprecationWarning: This process (pid=4233) is multi-threaded, use of fork() may lead to deadlocks in the child.
  pid = os.fork()

[2024-07-14T09:51:09.674+0000] {standard_task_runner.py:63} INFO - Started process 4272 to run task
[2024-07-14T09:51:09.674+0000] {standard_task_runner.py:90} INFO - Running: ['***', 'tasks', 'run', 'fetch_spread_values', 'fetch_and_compute_spread_usd_mxn', 'scheduled__2024-07-14T09:46:00+00:00', '--job-id', '1263', '--raw', '--subdir', 'DAGS_FOLDER/***.py', '--cfg-path', '/tmp/tmpv_sgjgbh']
[2024-07-14T09:51:09.691+0000] {standard_task_runner.py:91} INFO - Job 1263: Subtask fetch_and_compute_spread_usd_mxn
[2024-07-14T09:51:09.804+0000] {task_command.py:426} INFO - Running <TaskInstance: fetch_spread_values.fetch_and_compute_spread_usd_mxn scheduled__2024-07-14T09:46:00+00:00 [running]> on host d537c34a4880
[2024-07-14T09:51:09.985+0000] {taskinstance.py:2648} INFO - Exporting env vars: AIRFLOW_CTX_DAG_OWNER='***' AIRFLOW_CTX_DAG_ID='fetch_spread_values' AIRFLOW_CTX_TASK_ID='fetch_and_compute_spread_usd_mxn' AIRFLOW_CTX_EXECUTION_DATE='2024-07-14T09:46:00+00:00' AIRFLOW_CTX_TRY_NUMBER='1' AIRFLOW_CTX_DAG_RUN_ID='scheduled__2024-07-14T09:46:00+00:00'
[2024-07-14T09:51:09.987+0000] {taskinstance.py:430} INFO - ::endgroup::
[2024-07-14T09:51:10.221+0000] {python.py:237} INFO - Done. Returned value was: None
[2024-07-14T09:51:10.222+0000] {taskinstance.py:441} INFO - ::group::Post task execution logs
[2024-07-14T09:51:10.233+0000] {taskinstance.py:1206} INFO - Marking task as SUCCESS. dag_id=fetch_spread_values, task_id=fetch_and_compute_spread_usd_mxn, run_id=scheduled__2024-07-14T09:46:00+00:00, execution_date=20240714T094600, start_date=20240714T095109, end_date=20240714T095110
[2024-07-14T09:51:10.276+0000] {local_task_job_runner.py:240} INFO - Task exited with return code 0
[2024-07-14T09:51:10.291+0000] {taskinstance.py:3503} INFO - 0 downstream tasks scheduled from follow-on schedule check
[2024-07-14T09:51:10.292+0000] {local_task_job_runner.py:222} INFO - ::endgroup::
[2024-07-14T20:36:34.295+0000] {local_task_job_runner.py:120} INFO - ::group::Pre task execution logs
[2024-07-14T20:36:34.329+0000] {taskinstance.py:2076} INFO - Dependencies all met for dep_context=non-requeueable deps ti=<TaskInstance: fetch_spread_values.fetch_and_compute_spread_usd_mxn scheduled__2024-07-14T09:46:00+00:00 [queued]>
[2024-07-14T20:36:34.338+0000] {taskinstance.py:2076} INFO - Dependencies all met for dep_context=requeueable deps ti=<TaskInstance: fetch_spread_values.fetch_and_compute_spread_usd_mxn scheduled__2024-07-14T09:46:00+00:00 [queued]>
[2024-07-14T20:36:34.338+0000] {taskinstance.py:2306} INFO - Starting attempt 1 of 2
[2024-07-14T20:36:34.348+0000] {taskinstance.py:2330} INFO - Executing <Task(PythonOperator): fetch_and_compute_spread_usd_mxn> on 2024-07-14 09:46:00+00:00
[2024-07-14T20:36:34.354+0000] {logging_mixin.py:188} WARNING - /home/***/.local/lib/python3.12/site-packages/***/task/task_runner/standard_task_runner.py:61 DeprecationWarning: This process (pid=2818) is multi-threaded, use of fork() may lead to deadlocks in the child.
[2024-07-14T20:36:34.354+0000] {standard_task_runner.py:90} INFO - Running: ['***', 'tasks', 'run', 'fetch_spread_values', 'fetch_and_compute_spread_usd_mxn', 'scheduled__2024-07-14T09:46:00+00:00', '--job-id', '1301', '--raw', '--subdir', 'DAGS_FOLDER/***.py', '--cfg-path', '/tmp/tmpte2owfge']
[2024-07-14T20:36:34.356+0000] {standard_task_runner.py:91} INFO - Job 1301: Subtask fetch_and_compute_spread_usd_mxn
[2024-07-14T20:36:34.356+0000] {standard_task_runner.py:63} INFO - Started process 2827 to run task
[2024-07-14T20:36:34.392+0000] {task_command.py:426} INFO - Running <TaskInstance: fetch_spread_values.fetch_and_compute_spread_usd_mxn scheduled__2024-07-14T09:46:00+00:00 [running]> on host 77caf7e4b282
[2024-07-14T20:36:34.448+0000] {taskinstance.py:2648} INFO - Exporting env vars: AIRFLOW_CTX_DAG_OWNER='***' AIRFLOW_CTX_DAG_ID='fetch_spread_values' AIRFLOW_CTX_TASK_ID='fetch_and_compute_spread_usd_mxn' AIRFLOW_CTX_EXECUTION_DATE='2024-07-14T09:46:00+00:00' AIRFLOW_CTX_TRY_NUMBER='1' AIRFLOW_CTX_DAG_RUN_ID='scheduled__2024-07-14T09:46:00+00:00'
[2024-07-14T20:36:34.449+0000] {taskinstance.py:430} INFO - ::endgroup::
[2024-07-14T20:36:34.611+0000] {python.py:237} INFO - Done. Returned value was: None
[2024-07-14T20:36:34.612+0000] {taskinstance.py:441} INFO - ::group::Post task execution logs
[2024-07-14T20:36:34.617+0000] {taskinstance.py:1206} INFO - Marking task as SUCCESS. dag_id=fetch_spread_values, task_id=fetch_and_compute_spread_usd_mxn, run_id=scheduled__2024-07-14T09:46:00+00:00, execution_date=20240714T094600, start_date=20240714T203634, end_date=20240714T203634
[2024-07-14T20:36:34.666+0000] {local_task_job_runner.py:240} INFO - Task exited with return code 0
[2024-07-14T20:36:34.675+0000] {taskinstance.py:3503} INFO - 0 downstream tasks scheduled from follow-on schedule check
[2024-07-14T20:36:34.678+0000] {local_task_job_runner.py:222} INFO - ::endgroup::
