[2024-07-14T08:58:06.747+0000] {local_task_job_runner.py:120} INFO - ::group::Pre task execution logs
[2024-07-14T08:58:06.839+0000] {taskinstance.py:2076} INFO - Dependencies all met for dep_context=non-requeueable deps ti=<TaskInstance: fetch_spread_values.fetch_and_compute_spread_btc_mxn scheduled__2024-07-14T01:24:00+00:00 [queued]>
[2024-07-14T08:58:06.857+0000] {taskinstance.py:2076} INFO - Dependencies all met for dep_context=requeueable deps ti=<TaskInstance: fetch_spread_values.fetch_and_compute_spread_btc_mxn scheduled__2024-07-14T01:24:00+00:00 [queued]>
[2024-07-14T08:58:06.861+0000] {taskinstance.py:2306} INFO - Starting attempt 1 of 2
[2024-07-14T08:58:06.993+0000] {taskinstance.py:2330} INFO - Executing <Task(PythonOperator): fetch_and_compute_spread_btc_mxn> on 2024-07-14 01:24:00+00:00
[2024-07-14T08:58:07.002+0000] {warnings.py:112} WARNING - /home/***/.local/lib/python3.12/site-packages/***/task/task_runner/standard_task_runner.py:61: DeprecationWarning: This process (pid=642) is multi-threaded, use of fork() may lead to deadlocks in the child.
  pid = os.fork()

[2024-07-14T08:58:07.016+0000] {standard_task_runner.py:63} INFO - Started process 663 to run task
[2024-07-14T08:58:07.020+0000] {standard_task_runner.py:90} INFO - Running: ['***', 'tasks', 'run', 'fetch_spread_values', 'fetch_and_compute_spread_btc_mxn', 'scheduled__2024-07-14T01:24:00+00:00', '--job-id', '197', '--raw', '--subdir', 'DAGS_FOLDER/***.py', '--cfg-path', '/tmp/tmp836c9q5j']
[2024-07-14T08:58:07.051+0000] {standard_task_runner.py:91} INFO - Job 197: Subtask fetch_and_compute_spread_btc_mxn
[2024-07-14T08:58:07.219+0000] {task_command.py:426} INFO - Running <TaskInstance: fetch_spread_values.fetch_and_compute_spread_btc_mxn scheduled__2024-07-14T01:24:00+00:00 [running]> on host d537c34a4880
[2024-07-14T08:58:07.579+0000] {taskinstance.py:2648} INFO - Exporting env vars: AIRFLOW_CTX_DAG_OWNER='***' AIRFLOW_CTX_DAG_ID='fetch_spread_values' AIRFLOW_CTX_TASK_ID='fetch_and_compute_spread_btc_mxn' AIRFLOW_CTX_EXECUTION_DATE='2024-07-14T01:24:00+00:00' AIRFLOW_CTX_TRY_NUMBER='1' AIRFLOW_CTX_DAG_RUN_ID='scheduled__2024-07-14T01:24:00+00:00'
[2024-07-14T08:58:07.582+0000] {taskinstance.py:430} INFO - ::endgroup::
[2024-07-14T08:58:07.957+0000] {python.py:237} INFO - Done. Returned value was: None
[2024-07-14T08:58:07.967+0000] {taskinstance.py:441} INFO - ::group::Post task execution logs
[2024-07-14T08:58:07.996+0000] {taskinstance.py:1206} INFO - Marking task as SUCCESS. dag_id=fetch_spread_values, task_id=fetch_and_compute_spread_btc_mxn, run_id=scheduled__2024-07-14T01:24:00+00:00, execution_date=20240714T012400, start_date=20240714T085806, end_date=20240714T085807
[2024-07-14T08:58:08.051+0000] {local_task_job_runner.py:240} INFO - Task exited with return code 0
[2024-07-14T08:58:08.136+0000] {taskinstance.py:3503} INFO - 0 downstream tasks scheduled from follow-on schedule check
[2024-07-14T08:58:08.158+0000] {local_task_job_runner.py:222} INFO - ::endgroup::
[2024-07-14T20:32:35.687+0000] {local_task_job_runner.py:120} INFO - ::group::Pre task execution logs
[2024-07-14T20:32:35.740+0000] {taskinstance.py:2076} INFO - Dependencies all met for dep_context=non-requeueable deps ti=<TaskInstance: fetch_spread_values.fetch_and_compute_spread_btc_mxn scheduled__2024-07-14T01:24:00+00:00 [queued]>
[2024-07-14T20:32:35.754+0000] {taskinstance.py:2076} INFO - Dependencies all met for dep_context=requeueable deps ti=<TaskInstance: fetch_spread_values.fetch_and_compute_spread_btc_mxn scheduled__2024-07-14T01:24:00+00:00 [queued]>
[2024-07-14T20:32:35.754+0000] {taskinstance.py:2306} INFO - Starting attempt 1 of 2
[2024-07-14T20:32:35.815+0000] {taskinstance.py:2330} INFO - Executing <Task(PythonOperator): fetch_and_compute_spread_btc_mxn> on 2024-07-14 01:24:00+00:00
[2024-07-14T20:32:35.825+0000] {logging_mixin.py:188} WARNING - /home/***/.local/lib/python3.12/site-packages/***/task/task_runner/standard_task_runner.py:61 DeprecationWarning: This process (pid=524) is multi-threaded, use of fork() may lead to deadlocks in the child.
[2024-07-14T20:32:35.827+0000] {standard_task_runner.py:63} INFO - Started process 534 to run task
[2024-07-14T20:32:35.825+0000] {standard_task_runner.py:90} INFO - Running: ['***', 'tasks', 'run', 'fetch_spread_values', 'fetch_and_compute_spread_btc_mxn', 'scheduled__2024-07-14T01:24:00+00:00', '--job-id', '173', '--raw', '--subdir', 'DAGS_FOLDER/***.py', '--cfg-path', '/tmp/tmpevem3jdh']
[2024-07-14T20:32:35.835+0000] {standard_task_runner.py:91} INFO - Job 173: Subtask fetch_and_compute_spread_btc_mxn
[2024-07-14T20:32:35.877+0000] {task_command.py:426} INFO - Running <TaskInstance: fetch_spread_values.fetch_and_compute_spread_btc_mxn scheduled__2024-07-14T01:24:00+00:00 [running]> on host 77caf7e4b282
[2024-07-14T20:32:35.960+0000] {taskinstance.py:2648} INFO - Exporting env vars: AIRFLOW_CTX_DAG_OWNER='***' AIRFLOW_CTX_DAG_ID='fetch_spread_values' AIRFLOW_CTX_TASK_ID='fetch_and_compute_spread_btc_mxn' AIRFLOW_CTX_EXECUTION_DATE='2024-07-14T01:24:00+00:00' AIRFLOW_CTX_TRY_NUMBER='1' AIRFLOW_CTX_DAG_RUN_ID='scheduled__2024-07-14T01:24:00+00:00'
[2024-07-14T20:32:35.961+0000] {taskinstance.py:430} INFO - ::endgroup::
[2024-07-14T20:32:36.127+0000] {python.py:237} INFO - Done. Returned value was: None
[2024-07-14T20:32:36.128+0000] {taskinstance.py:441} INFO - ::group::Post task execution logs
[2024-07-14T20:32:36.133+0000] {taskinstance.py:1206} INFO - Marking task as SUCCESS. dag_id=fetch_spread_values, task_id=fetch_and_compute_spread_btc_mxn, run_id=scheduled__2024-07-14T01:24:00+00:00, execution_date=20240714T012400, start_date=20240714T203235, end_date=20240714T203236
[2024-07-14T20:32:36.145+0000] {local_task_job_runner.py:240} INFO - Task exited with return code 0
[2024-07-14T20:32:36.154+0000] {taskinstance.py:3503} INFO - 0 downstream tasks scheduled from follow-on schedule check
[2024-07-14T20:32:36.154+0000] {local_task_job_runner.py:222} INFO - ::endgroup::
