[2024-07-14T12:08:29.010+0000] {local_task_job_runner.py:120} INFO - ::group::Pre task execution logs
[2024-07-14T12:08:29.058+0000] {taskinstance.py:2076} INFO - Dependencies all met for dep_context=non-requeueable deps ti=<TaskInstance: fetch_spread_values.fetch_and_compute_spread_btc_mxn scheduled__2024-07-14T11:52:00+00:00 [queued]>
[2024-07-14T12:08:29.086+0000] {taskinstance.py:2076} INFO - Dependencies all met for dep_context=requeueable deps ti=<TaskInstance: fetch_spread_values.fetch_and_compute_spread_btc_mxn scheduled__2024-07-14T11:52:00+00:00 [queued]>
[2024-07-14T12:08:29.098+0000] {taskinstance.py:2306} INFO - Starting attempt 1 of 2
[2024-07-14T12:08:29.198+0000] {taskinstance.py:2330} INFO - Executing <Task(PythonOperator): fetch_and_compute_spread_btc_mxn> on 2024-07-14 11:52:00+00:00
[2024-07-14T12:08:29.216+0000] {warnings.py:112} WARNING - /home/***/.local/lib/python3.12/site-packages/***/task/task_runner/standard_task_runner.py:61: DeprecationWarning: This process (pid=5107) is multi-threaded, use of fork() may lead to deadlocks in the child.
  pid = os.fork()

[2024-07-14T12:08:29.226+0000] {standard_task_runner.py:63} INFO - Started process 5122 to run task
[2024-07-14T12:08:29.225+0000] {standard_task_runner.py:90} INFO - Running: ['***', 'tasks', 'run', 'fetch_spread_values', 'fetch_and_compute_spread_btc_mxn', 'scheduled__2024-07-14T11:52:00+00:00', '--job-id', '1525', '--raw', '--subdir', 'DAGS_FOLDER/***.py', '--cfg-path', '/tmp/tmp_aqmb7ez']
[2024-07-14T12:08:29.237+0000] {standard_task_runner.py:91} INFO - Job 1525: Subtask fetch_and_compute_spread_btc_mxn
[2024-07-14T12:08:29.445+0000] {task_command.py:426} INFO - Running <TaskInstance: fetch_spread_values.fetch_and_compute_spread_btc_mxn scheduled__2024-07-14T11:52:00+00:00 [running]> on host d537c34a4880
[2024-07-14T12:08:30.456+0000] {taskinstance.py:2648} INFO - Exporting env vars: AIRFLOW_CTX_DAG_OWNER='***' AIRFLOW_CTX_DAG_ID='fetch_spread_values' AIRFLOW_CTX_TASK_ID='fetch_and_compute_spread_btc_mxn' AIRFLOW_CTX_EXECUTION_DATE='2024-07-14T11:52:00+00:00' AIRFLOW_CTX_TRY_NUMBER='1' AIRFLOW_CTX_DAG_RUN_ID='scheduled__2024-07-14T11:52:00+00:00'
[2024-07-14T12:08:30.528+0000] {taskinstance.py:430} INFO - ::endgroup::
[2024-07-14T12:08:31.082+0000] {python.py:237} INFO - Done. Returned value was: None
[2024-07-14T12:08:31.114+0000] {taskinstance.py:441} INFO - ::group::Post task execution logs
[2024-07-14T12:08:31.198+0000] {taskinstance.py:1206} INFO - Marking task as SUCCESS. dag_id=fetch_spread_values, task_id=fetch_and_compute_spread_btc_mxn, run_id=scheduled__2024-07-14T11:52:00+00:00, execution_date=20240714T115200, start_date=20240714T120829, end_date=20240714T120831
[2024-07-14T12:08:31.431+0000] {local_task_job_runner.py:240} INFO - Task exited with return code 0
[2024-07-14T12:08:31.684+0000] {taskinstance.py:3503} INFO - 0 downstream tasks scheduled from follow-on schedule check
[2024-07-14T12:08:31.705+0000] {local_task_job_runner.py:222} INFO - ::endgroup::
[2024-07-14T20:37:21.665+0000] {local_task_job_runner.py:120} INFO - ::group::Pre task execution logs
[2024-07-14T20:37:21.705+0000] {taskinstance.py:2076} INFO - Dependencies all met for dep_context=non-requeueable deps ti=<TaskInstance: fetch_spread_values.fetch_and_compute_spread_btc_mxn scheduled__2024-07-14T11:52:00+00:00 [queued]>
[2024-07-14T20:37:21.711+0000] {taskinstance.py:2076} INFO - Dependencies all met for dep_context=requeueable deps ti=<TaskInstance: fetch_spread_values.fetch_and_compute_spread_btc_mxn scheduled__2024-07-14T11:52:00+00:00 [queued]>
[2024-07-14T20:37:21.711+0000] {taskinstance.py:2306} INFO - Starting attempt 1 of 2
[2024-07-14T20:37:21.718+0000] {taskinstance.py:2330} INFO - Executing <Task(PythonOperator): fetch_and_compute_spread_btc_mxn> on 2024-07-14 11:52:00+00:00
[2024-07-14T20:37:21.724+0000] {logging_mixin.py:188} WARNING - /home/***/.local/lib/python3.12/site-packages/***/task/task_runner/standard_task_runner.py:61 DeprecationWarning: This process (pid=3332) is multi-threaded, use of fork() may lead to deadlocks in the child.
[2024-07-14T20:37:21.725+0000] {standard_task_runner.py:63} INFO - Started process 3338 to run task
[2024-07-14T20:37:21.724+0000] {standard_task_runner.py:90} INFO - Running: ['***', 'tasks', 'run', 'fetch_spread_values', 'fetch_and_compute_spread_btc_mxn', 'scheduled__2024-07-14T11:52:00+00:00', '--job-id', '1553', '--raw', '--subdir', 'DAGS_FOLDER/***.py', '--cfg-path', '/tmp/tmp6lzgsiqq']
[2024-07-14T20:37:21.726+0000] {standard_task_runner.py:91} INFO - Job 1553: Subtask fetch_and_compute_spread_btc_mxn
[2024-07-14T20:37:21.766+0000] {task_command.py:426} INFO - Running <TaskInstance: fetch_spread_values.fetch_and_compute_spread_btc_mxn scheduled__2024-07-14T11:52:00+00:00 [running]> on host 77caf7e4b282
[2024-07-14T20:37:21.824+0000] {taskinstance.py:2648} INFO - Exporting env vars: AIRFLOW_CTX_DAG_OWNER='***' AIRFLOW_CTX_DAG_ID='fetch_spread_values' AIRFLOW_CTX_TASK_ID='fetch_and_compute_spread_btc_mxn' AIRFLOW_CTX_EXECUTION_DATE='2024-07-14T11:52:00+00:00' AIRFLOW_CTX_TRY_NUMBER='1' AIRFLOW_CTX_DAG_RUN_ID='scheduled__2024-07-14T11:52:00+00:00'
[2024-07-14T20:37:21.825+0000] {taskinstance.py:430} INFO - ::endgroup::
[2024-07-14T20:37:21.993+0000] {python.py:237} INFO - Done. Returned value was: None
[2024-07-14T20:37:21.994+0000] {taskinstance.py:441} INFO - ::group::Post task execution logs
[2024-07-14T20:37:21.999+0000] {taskinstance.py:1206} INFO - Marking task as SUCCESS. dag_id=fetch_spread_values, task_id=fetch_and_compute_spread_btc_mxn, run_id=scheduled__2024-07-14T11:52:00+00:00, execution_date=20240714T115200, start_date=20240714T203721, end_date=20240714T203721
[2024-07-14T20:37:22.031+0000] {local_task_job_runner.py:240} INFO - Task exited with return code 0
[2024-07-14T20:37:22.041+0000] {taskinstance.py:3503} INFO - 0 downstream tasks scheduled from follow-on schedule check
[2024-07-14T20:37:22.042+0000] {local_task_job_runner.py:222} INFO - ::endgroup::
