[2024-07-14T13:31:27.807+0000] {local_task_job_runner.py:120} INFO - ::group::Pre task execution logs
[2024-07-14T13:31:27.843+0000] {taskinstance.py:2076} INFO - Dependencies all met for dep_context=non-requeueable deps ti=<TaskInstance: fetch_spread_values.fetch_and_compute_spread_btc_mxn scheduled__2024-07-14T13:24:00+00:00 [queued]>
[2024-07-14T13:31:27.856+0000] {taskinstance.py:2076} INFO - Dependencies all met for dep_context=requeueable deps ti=<TaskInstance: fetch_spread_values.fetch_and_compute_spread_btc_mxn scheduled__2024-07-14T13:24:00+00:00 [queued]>
[2024-07-14T13:31:27.861+0000] {taskinstance.py:2306} INFO - Starting attempt 1 of 2
[2024-07-14T13:31:27.911+0000] {taskinstance.py:2330} INFO - Executing <Task(PythonOperator): fetch_and_compute_spread_btc_mxn> on 2024-07-14 13:24:00+00:00
[2024-07-14T13:31:27.919+0000] {warnings.py:112} WARNING - /home/***/.local/lib/python3.12/site-packages/***/task/task_runner/standard_task_runner.py:61: DeprecationWarning: This process (pid=5739) is multi-threaded, use of fork() may lead to deadlocks in the child.
  pid = os.fork()

[2024-07-14T13:31:27.934+0000] {standard_task_runner.py:63} INFO - Started process 5761 to run task
[2024-07-14T13:31:27.928+0000] {standard_task_runner.py:90} INFO - Running: ['***', 'tasks', 'run', 'fetch_spread_values', 'fetch_and_compute_spread_btc_mxn', 'scheduled__2024-07-14T13:24:00+00:00', '--job-id', '1723', '--raw', '--subdir', 'DAGS_FOLDER/***.py', '--cfg-path', '/tmp/tmp3mt4gf35']
[2024-07-14T13:31:27.941+0000] {standard_task_runner.py:91} INFO - Job 1723: Subtask fetch_and_compute_spread_btc_mxn
[2024-07-14T13:31:28.104+0000] {task_command.py:426} INFO - Running <TaskInstance: fetch_spread_values.fetch_and_compute_spread_btc_mxn scheduled__2024-07-14T13:24:00+00:00 [running]> on host d537c34a4880
[2024-07-14T13:31:28.320+0000] {taskinstance.py:2648} INFO - Exporting env vars: AIRFLOW_CTX_DAG_OWNER='***' AIRFLOW_CTX_DAG_ID='fetch_spread_values' AIRFLOW_CTX_TASK_ID='fetch_and_compute_spread_btc_mxn' AIRFLOW_CTX_EXECUTION_DATE='2024-07-14T13:24:00+00:00' AIRFLOW_CTX_TRY_NUMBER='1' AIRFLOW_CTX_DAG_RUN_ID='scheduled__2024-07-14T13:24:00+00:00'
[2024-07-14T13:31:28.323+0000] {taskinstance.py:430} INFO - ::endgroup::
[2024-07-14T13:31:28.733+0000] {python.py:237} INFO - Done. Returned value was: None
[2024-07-14T13:31:28.739+0000] {taskinstance.py:441} INFO - ::group::Post task execution logs
[2024-07-14T13:31:28.755+0000] {taskinstance.py:1206} INFO - Marking task as SUCCESS. dag_id=fetch_spread_values, task_id=fetch_and_compute_spread_btc_mxn, run_id=scheduled__2024-07-14T13:24:00+00:00, execution_date=20240714T132400, start_date=20240714T133127, end_date=20240714T133128
[2024-07-14T13:31:28.796+0000] {local_task_job_runner.py:240} INFO - Task exited with return code 0
[2024-07-14T13:31:28.851+0000] {taskinstance.py:3503} INFO - 0 downstream tasks scheduled from follow-on schedule check
[2024-07-14T13:31:28.862+0000] {local_task_job_runner.py:222} INFO - ::endgroup::
[2024-07-14T20:37:57.678+0000] {local_task_job_runner.py:120} INFO - ::group::Pre task execution logs
[2024-07-14T20:37:57.712+0000] {taskinstance.py:2076} INFO - Dependencies all met for dep_context=non-requeueable deps ti=<TaskInstance: fetch_spread_values.fetch_and_compute_spread_btc_mxn scheduled__2024-07-14T13:24:00+00:00 [queued]>
[2024-07-14T20:37:57.722+0000] {taskinstance.py:2076} INFO - Dependencies all met for dep_context=requeueable deps ti=<TaskInstance: fetch_spread_values.fetch_and_compute_spread_btc_mxn scheduled__2024-07-14T13:24:00+00:00 [queued]>
[2024-07-14T20:37:57.725+0000] {taskinstance.py:2306} INFO - Starting attempt 1 of 2
[2024-07-14T20:37:57.740+0000] {taskinstance.py:2330} INFO - Executing <Task(PythonOperator): fetch_and_compute_spread_btc_mxn> on 2024-07-14 13:24:00+00:00
[2024-07-14T20:37:57.752+0000] {logging_mixin.py:188} WARNING - /home/***/.local/lib/python3.12/site-packages/***/task/task_runner/standard_task_runner.py:61 DeprecationWarning: This process (pid=3704) is multi-threaded, use of fork() may lead to deadlocks in the child.
[2024-07-14T20:37:57.753+0000] {standard_task_runner.py:63} INFO - Started process 3718 to run task
[2024-07-14T20:37:57.753+0000] {standard_task_runner.py:90} INFO - Running: ['***', 'tasks', 'run', 'fetch_spread_values', 'fetch_and_compute_spread_btc_mxn', 'scheduled__2024-07-14T13:24:00+00:00', '--job-id', '1737', '--raw', '--subdir', 'DAGS_FOLDER/***.py', '--cfg-path', '/tmp/tmpkrbiqqbg']
[2024-07-14T20:37:57.760+0000] {standard_task_runner.py:91} INFO - Job 1737: Subtask fetch_and_compute_spread_btc_mxn
[2024-07-14T20:37:57.814+0000] {task_command.py:426} INFO - Running <TaskInstance: fetch_spread_values.fetch_and_compute_spread_btc_mxn scheduled__2024-07-14T13:24:00+00:00 [running]> on host 77caf7e4b282
[2024-07-14T20:37:57.926+0000] {taskinstance.py:2648} INFO - Exporting env vars: AIRFLOW_CTX_DAG_OWNER='***' AIRFLOW_CTX_DAG_ID='fetch_spread_values' AIRFLOW_CTX_TASK_ID='fetch_and_compute_spread_btc_mxn' AIRFLOW_CTX_EXECUTION_DATE='2024-07-14T13:24:00+00:00' AIRFLOW_CTX_TRY_NUMBER='1' AIRFLOW_CTX_DAG_RUN_ID='scheduled__2024-07-14T13:24:00+00:00'
[2024-07-14T20:37:57.931+0000] {taskinstance.py:430} INFO - ::endgroup::
[2024-07-14T20:37:58.144+0000] {python.py:237} INFO - Done. Returned value was: None
[2024-07-14T20:37:58.145+0000] {taskinstance.py:441} INFO - ::group::Post task execution logs
[2024-07-14T20:37:58.151+0000] {taskinstance.py:1206} INFO - Marking task as SUCCESS. dag_id=fetch_spread_values, task_id=fetch_and_compute_spread_btc_mxn, run_id=scheduled__2024-07-14T13:24:00+00:00, execution_date=20240714T132400, start_date=20240714T203757, end_date=20240714T203758
[2024-07-14T20:37:58.186+0000] {local_task_job_runner.py:240} INFO - Task exited with return code 0
[2024-07-14T20:37:58.195+0000] {taskinstance.py:3503} INFO - 0 downstream tasks scheduled from follow-on schedule check
[2024-07-14T20:37:58.196+0000] {local_task_job_runner.py:222} INFO - ::endgroup::
