[2024-07-14T13:51:11.171+0000] {local_task_job_runner.py:120} INFO - ::group::Pre task execution logs
[2024-07-14T13:51:11.210+0000] {taskinstance.py:2076} INFO - Dependencies all met for dep_context=non-requeueable deps ti=<TaskInstance: fetch_spread_values.fetch_and_compute_spread_btc_mxn scheduled__2024-07-14T13:46:00+00:00 [queued]>
[2024-07-14T13:51:11.222+0000] {taskinstance.py:2076} INFO - Dependencies all met for dep_context=requeueable deps ti=<TaskInstance: fetch_spread_values.fetch_and_compute_spread_btc_mxn scheduled__2024-07-14T13:46:00+00:00 [queued]>
[2024-07-14T13:51:11.222+0000] {taskinstance.py:2306} INFO - Starting attempt 1 of 2
[2024-07-14T13:51:11.265+0000] {taskinstance.py:2330} INFO - Executing <Task(PythonOperator): fetch_and_compute_spread_btc_mxn> on 2024-07-14 13:46:00+00:00
[2024-07-14T13:51:11.284+0000] {warnings.py:112} WARNING - /home/***/.local/lib/python3.12/site-packages/***/task/task_runner/standard_task_runner.py:61: DeprecationWarning: This process (pid=5873) is multi-threaded, use of fork() may lead to deadlocks in the child.
  pid = os.fork()

[2024-07-14T13:51:11.295+0000] {standard_task_runner.py:63} INFO - Started process 5904 to run task
[2024-07-14T13:51:11.285+0000] {standard_task_runner.py:90} INFO - Running: ['***', 'tasks', 'run', 'fetch_spread_values', 'fetch_and_compute_spread_btc_mxn', 'scheduled__2024-07-14T13:46:00+00:00', '--job-id', '1769', '--raw', '--subdir', 'DAGS_FOLDER/***.py', '--cfg-path', '/tmp/tmpfq37uhxm']
[2024-07-14T13:51:11.303+0000] {standard_task_runner.py:91} INFO - Job 1769: Subtask fetch_and_compute_spread_btc_mxn
[2024-07-14T13:51:11.457+0000] {task_command.py:426} INFO - Running <TaskInstance: fetch_spread_values.fetch_and_compute_spread_btc_mxn scheduled__2024-07-14T13:46:00+00:00 [running]> on host d537c34a4880
[2024-07-14T13:51:11.682+0000] {taskinstance.py:2648} INFO - Exporting env vars: AIRFLOW_CTX_DAG_OWNER='***' AIRFLOW_CTX_DAG_ID='fetch_spread_values' AIRFLOW_CTX_TASK_ID='fetch_and_compute_spread_btc_mxn' AIRFLOW_CTX_EXECUTION_DATE='2024-07-14T13:46:00+00:00' AIRFLOW_CTX_TRY_NUMBER='1' AIRFLOW_CTX_DAG_RUN_ID='scheduled__2024-07-14T13:46:00+00:00'
[2024-07-14T13:51:11.705+0000] {taskinstance.py:430} INFO - ::endgroup::
[2024-07-14T13:51:11.999+0000] {python.py:237} INFO - Done. Returned value was: None
[2024-07-14T13:51:12.003+0000] {taskinstance.py:441} INFO - ::group::Post task execution logs
[2024-07-14T13:51:12.014+0000] {taskinstance.py:1206} INFO - Marking task as SUCCESS. dag_id=fetch_spread_values, task_id=fetch_and_compute_spread_btc_mxn, run_id=scheduled__2024-07-14T13:46:00+00:00, execution_date=20240714T134600, start_date=20240714T135111, end_date=20240714T135112
[2024-07-14T13:51:12.072+0000] {local_task_job_runner.py:240} INFO - Task exited with return code 0
[2024-07-14T13:51:12.084+0000] {local_task_job_runner.py:222} INFO - ::endgroup::
[2024-07-14T20:38:06.615+0000] {local_task_job_runner.py:120} INFO - ::group::Pre task execution logs
[2024-07-14T20:38:06.652+0000] {taskinstance.py:2076} INFO - Dependencies all met for dep_context=non-requeueable deps ti=<TaskInstance: fetch_spread_values.fetch_and_compute_spread_btc_mxn scheduled__2024-07-14T13:46:00+00:00 [queued]>
[2024-07-14T20:38:06.666+0000] {taskinstance.py:2076} INFO - Dependencies all met for dep_context=requeueable deps ti=<TaskInstance: fetch_spread_values.fetch_and_compute_spread_btc_mxn scheduled__2024-07-14T13:46:00+00:00 [queued]>
[2024-07-14T20:38:06.667+0000] {taskinstance.py:2306} INFO - Starting attempt 1 of 2
[2024-07-14T20:38:06.681+0000] {taskinstance.py:2330} INFO - Executing <Task(PythonOperator): fetch_and_compute_spread_btc_mxn> on 2024-07-14 13:46:00+00:00
[2024-07-14T20:38:06.692+0000] {logging_mixin.py:188} WARNING - /home/***/.local/lib/python3.12/site-packages/***/task/task_runner/standard_task_runner.py:61 DeprecationWarning: This process (pid=3792) is multi-threaded, use of fork() may lead to deadlocks in the child.
[2024-07-14T20:38:06.697+0000] {standard_task_runner.py:63} INFO - Started process 3804 to run task
[2024-07-14T20:38:06.692+0000] {standard_task_runner.py:90} INFO - Running: ['***', 'tasks', 'run', 'fetch_spread_values', 'fetch_and_compute_spread_btc_mxn', 'scheduled__2024-07-14T13:46:00+00:00', '--job-id', '1781', '--raw', '--subdir', 'DAGS_FOLDER/***.py', '--cfg-path', '/tmp/tmpqebt48s2']
[2024-07-14T20:38:06.699+0000] {standard_task_runner.py:91} INFO - Job 1781: Subtask fetch_and_compute_spread_btc_mxn
[2024-07-14T20:38:06.749+0000] {task_command.py:426} INFO - Running <TaskInstance: fetch_spread_values.fetch_and_compute_spread_btc_mxn scheduled__2024-07-14T13:46:00+00:00 [running]> on host 77caf7e4b282
[2024-07-14T20:38:06.827+0000] {taskinstance.py:2648} INFO - Exporting env vars: AIRFLOW_CTX_DAG_OWNER='***' AIRFLOW_CTX_DAG_ID='fetch_spread_values' AIRFLOW_CTX_TASK_ID='fetch_and_compute_spread_btc_mxn' AIRFLOW_CTX_EXECUTION_DATE='2024-07-14T13:46:00+00:00' AIRFLOW_CTX_TRY_NUMBER='1' AIRFLOW_CTX_DAG_RUN_ID='scheduled__2024-07-14T13:46:00+00:00'
[2024-07-14T20:38:06.828+0000] {taskinstance.py:430} INFO - ::endgroup::
[2024-07-14T20:38:07.004+0000] {python.py:237} INFO - Done. Returned value was: None
[2024-07-14T20:38:07.007+0000] {taskinstance.py:441} INFO - ::group::Post task execution logs
[2024-07-14T20:38:07.012+0000] {taskinstance.py:1206} INFO - Marking task as SUCCESS. dag_id=fetch_spread_values, task_id=fetch_and_compute_spread_btc_mxn, run_id=scheduled__2024-07-14T13:46:00+00:00, execution_date=20240714T134600, start_date=20240714T203806, end_date=20240714T203807
[2024-07-14T20:38:07.049+0000] {local_task_job_runner.py:240} INFO - Task exited with return code 0
[2024-07-14T20:38:07.058+0000] {taskinstance.py:3503} INFO - 0 downstream tasks scheduled from follow-on schedule check
[2024-07-14T20:38:07.060+0000] {local_task_job_runner.py:222} INFO - ::endgroup::
