[2024-07-14T17:07:46.293+0000] {local_task_job_runner.py:120} INFO - ::group::Pre task execution logs
[2024-07-14T17:07:46.321+0000] {taskinstance.py:2076} INFO - Dependencies all met for dep_context=non-requeueable deps ti=<TaskInstance: fetch_spread_values.fetch_and_compute_spread_usd_mxn scheduled__2024-07-14T17:05:00+00:00 [queued]>
[2024-07-14T17:07:46.345+0000] {taskinstance.py:2076} INFO - Dependencies all met for dep_context=requeueable deps ti=<TaskInstance: fetch_spread_values.fetch_and_compute_spread_usd_mxn scheduled__2024-07-14T17:05:00+00:00 [queued]>
[2024-07-14T17:07:46.346+0000] {taskinstance.py:2306} INFO - Starting attempt 1 of 2
[2024-07-14T17:07:46.364+0000] {taskinstance.py:2330} INFO - Executing <Task(PythonOperator): fetch_and_compute_spread_usd_mxn> on 2024-07-14 17:05:00+00:00
[2024-07-14T17:07:46.371+0000] {warnings.py:112} WARNING - /home/***/.local/lib/python3.12/site-packages/***/task/task_runner/standard_task_runner.py:61: DeprecationWarning: This process (pid=7275) is multi-threaded, use of fork() may lead to deadlocks in the child.
  pid = os.fork()

[2024-07-14T17:07:46.375+0000] {standard_task_runner.py:63} INFO - Started process 7296 to run task
[2024-07-14T17:07:46.384+0000] {standard_task_runner.py:90} INFO - Running: ['***', 'tasks', 'run', 'fetch_spread_values', 'fetch_and_compute_spread_usd_mxn', 'scheduled__2024-07-14T17:05:00+00:00', '--job-id', '2193', '--raw', '--subdir', 'DAGS_FOLDER/***.py', '--cfg-path', '/tmp/tmps_1u8743']
[2024-07-14T17:07:46.387+0000] {standard_task_runner.py:91} INFO - Job 2193: Subtask fetch_and_compute_spread_usd_mxn
[2024-07-14T17:07:46.457+0000] {task_command.py:426} INFO - Running <TaskInstance: fetch_spread_values.fetch_and_compute_spread_usd_mxn scheduled__2024-07-14T17:05:00+00:00 [running]> on host d537c34a4880
[2024-07-14T17:07:46.568+0000] {taskinstance.py:2648} INFO - Exporting env vars: AIRFLOW_CTX_DAG_OWNER='***' AIRFLOW_CTX_DAG_ID='fetch_spread_values' AIRFLOW_CTX_TASK_ID='fetch_and_compute_spread_usd_mxn' AIRFLOW_CTX_EXECUTION_DATE='2024-07-14T17:05:00+00:00' AIRFLOW_CTX_TRY_NUMBER='1' AIRFLOW_CTX_DAG_RUN_ID='scheduled__2024-07-14T17:05:00+00:00'
[2024-07-14T17:07:46.575+0000] {taskinstance.py:430} INFO - ::endgroup::
[2024-07-14T17:07:46.754+0000] {python.py:237} INFO - Done. Returned value was: None
[2024-07-14T17:07:46.755+0000] {taskinstance.py:441} INFO - ::group::Post task execution logs
[2024-07-14T17:07:46.765+0000] {taskinstance.py:1206} INFO - Marking task as SUCCESS. dag_id=fetch_spread_values, task_id=fetch_and_compute_spread_usd_mxn, run_id=scheduled__2024-07-14T17:05:00+00:00, execution_date=20240714T170500, start_date=20240714T170746, end_date=20240714T170746
[2024-07-14T17:07:46.807+0000] {local_task_job_runner.py:240} INFO - Task exited with return code 0
[2024-07-14T17:07:46.818+0000] {taskinstance.py:3503} INFO - 0 downstream tasks scheduled from follow-on schedule check
[2024-07-14T17:07:46.819+0000] {local_task_job_runner.py:222} INFO - ::endgroup::
[2024-07-14T20:39:19.212+0000] {local_task_job_runner.py:120} INFO - ::group::Pre task execution logs
[2024-07-14T20:39:19.288+0000] {taskinstance.py:2076} INFO - Dependencies all met for dep_context=non-requeueable deps ti=<TaskInstance: fetch_spread_values.fetch_and_compute_spread_usd_mxn scheduled__2024-07-14T17:05:00+00:00 [queued]>
[2024-07-14T20:39:19.309+0000] {taskinstance.py:2076} INFO - Dependencies all met for dep_context=requeueable deps ti=<TaskInstance: fetch_spread_values.fetch_and_compute_spread_usd_mxn scheduled__2024-07-14T17:05:00+00:00 [queued]>
[2024-07-14T20:39:19.330+0000] {taskinstance.py:2306} INFO - Starting attempt 1 of 2
[2024-07-14T20:39:19.402+0000] {taskinstance.py:2330} INFO - Executing <Task(PythonOperator): fetch_and_compute_spread_usd_mxn> on 2024-07-14 17:05:00+00:00
[2024-07-14T20:39:19.412+0000] {logging_mixin.py:188} WARNING - /home/***/.local/lib/python3.12/site-packages/***/task/task_runner/standard_task_runner.py:61 DeprecationWarning: This process (pid=4600) is multi-threaded, use of fork() may lead to deadlocks in the child.
[2024-07-14T20:39:19.413+0000] {standard_task_runner.py:90} INFO - Running: ['***', 'tasks', 'run', 'fetch_spread_values', 'fetch_and_compute_spread_usd_mxn', 'scheduled__2024-07-14T17:05:00+00:00', '--job-id', '2179', '--raw', '--subdir', 'DAGS_FOLDER/***.py', '--cfg-path', '/tmp/tmpys_u1_aj']
[2024-07-14T20:39:19.430+0000] {standard_task_runner.py:91} INFO - Job 2179: Subtask fetch_and_compute_spread_usd_mxn
[2024-07-14T20:39:19.435+0000] {standard_task_runner.py:63} INFO - Started process 4606 to run task
[2024-07-14T20:39:19.473+0000] {task_command.py:426} INFO - Running <TaskInstance: fetch_spread_values.fetch_and_compute_spread_usd_mxn scheduled__2024-07-14T17:05:00+00:00 [running]> on host 77caf7e4b282
[2024-07-14T20:39:19.590+0000] {taskinstance.py:2648} INFO - Exporting env vars: AIRFLOW_CTX_DAG_OWNER='***' AIRFLOW_CTX_DAG_ID='fetch_spread_values' AIRFLOW_CTX_TASK_ID='fetch_and_compute_spread_usd_mxn' AIRFLOW_CTX_EXECUTION_DATE='2024-07-14T17:05:00+00:00' AIRFLOW_CTX_TRY_NUMBER='1' AIRFLOW_CTX_DAG_RUN_ID='scheduled__2024-07-14T17:05:00+00:00'
[2024-07-14T20:39:19.593+0000] {taskinstance.py:430} INFO - ::endgroup::
[2024-07-14T20:39:19.775+0000] {python.py:237} INFO - Done. Returned value was: None
[2024-07-14T20:39:19.776+0000] {taskinstance.py:441} INFO - ::group::Post task execution logs
[2024-07-14T20:39:19.789+0000] {taskinstance.py:1206} INFO - Marking task as SUCCESS. dag_id=fetch_spread_values, task_id=fetch_and_compute_spread_usd_mxn, run_id=scheduled__2024-07-14T17:05:00+00:00, execution_date=20240714T170500, start_date=20240714T203919, end_date=20240714T203919
[2024-07-14T20:39:19.812+0000] {local_task_job_runner.py:240} INFO - Task exited with return code 0
[2024-07-14T20:39:19.915+0000] {local_task_job_runner.py:222} INFO - ::endgroup::
