[2024-07-14T09:03:26.827+0000] {local_task_job_runner.py:120} INFO - ::group::Pre task execution logs
[2024-07-14T09:03:26.891+0000] {taskinstance.py:2076} INFO - Dependencies all met for dep_context=non-requeueable deps ti=<TaskInstance: fetch_spread_values.fetch_and_compute_spread_btc_mxn scheduled__2024-07-14T07:16:00+00:00 [queued]>
[2024-07-14T09:03:26.911+0000] {taskinstance.py:2076} INFO - Dependencies all met for dep_context=requeueable deps ti=<TaskInstance: fetch_spread_values.fetch_and_compute_spread_btc_mxn scheduled__2024-07-14T07:16:00+00:00 [queued]>
[2024-07-14T09:03:26.914+0000] {taskinstance.py:2306} INFO - Starting attempt 1 of 2
[2024-07-14T09:03:26.942+0000] {taskinstance.py:2330} INFO - Executing <Task(PythonOperator): fetch_and_compute_spread_btc_mxn> on 2024-07-14 07:16:00+00:00
[2024-07-14T09:03:26.950+0000] {warnings.py:112} WARNING - /home/***/.local/lib/python3.12/site-packages/***/task/task_runner/standard_task_runner.py:61: DeprecationWarning: This process (pid=2811) is multi-threaded, use of fork() may lead to deadlocks in the child.
  pid = os.fork()

[2024-07-14T09:03:26.963+0000] {standard_task_runner.py:63} INFO - Started process 2832 to run task
[2024-07-14T09:03:26.955+0000] {standard_task_runner.py:90} INFO - Running: ['***', 'tasks', 'run', 'fetch_spread_values', 'fetch_and_compute_spread_btc_mxn', 'scheduled__2024-07-14T07:16:00+00:00', '--job-id', '901', '--raw', '--subdir', 'DAGS_FOLDER/***.py', '--cfg-path', '/tmp/tmpu9tu6bx7']
[2024-07-14T09:03:26.970+0000] {standard_task_runner.py:91} INFO - Job 901: Subtask fetch_and_compute_spread_btc_mxn
[2024-07-14T09:03:27.204+0000] {task_command.py:426} INFO - Running <TaskInstance: fetch_spread_values.fetch_and_compute_spread_btc_mxn scheduled__2024-07-14T07:16:00+00:00 [running]> on host d537c34a4880
[2024-07-14T09:03:27.534+0000] {taskinstance.py:2648} INFO - Exporting env vars: AIRFLOW_CTX_DAG_OWNER='***' AIRFLOW_CTX_DAG_ID='fetch_spread_values' AIRFLOW_CTX_TASK_ID='fetch_and_compute_spread_btc_mxn' AIRFLOW_CTX_EXECUTION_DATE='2024-07-14T07:16:00+00:00' AIRFLOW_CTX_TRY_NUMBER='1' AIRFLOW_CTX_DAG_RUN_ID='scheduled__2024-07-14T07:16:00+00:00'
[2024-07-14T09:03:27.543+0000] {taskinstance.py:430} INFO - ::endgroup::
[2024-07-14T09:03:27.832+0000] {python.py:237} INFO - Done. Returned value was: None
[2024-07-14T09:03:27.836+0000] {taskinstance.py:441} INFO - ::group::Post task execution logs
[2024-07-14T09:03:27.849+0000] {taskinstance.py:1206} INFO - Marking task as SUCCESS. dag_id=fetch_spread_values, task_id=fetch_and_compute_spread_btc_mxn, run_id=scheduled__2024-07-14T07:16:00+00:00, execution_date=20240714T071600, start_date=20240714T090326, end_date=20240714T090327
[2024-07-14T09:03:27.913+0000] {local_task_job_runner.py:240} INFO - Task exited with return code 0
[2024-07-14T09:03:27.952+0000] {taskinstance.py:3503} INFO - 0 downstream tasks scheduled from follow-on schedule check
[2024-07-14T09:03:27.997+0000] {local_task_job_runner.py:222} INFO - ::endgroup::
[2024-07-14T20:35:16.397+0000] {local_task_job_runner.py:120} INFO - ::group::Pre task execution logs
[2024-07-14T20:35:16.419+0000] {taskinstance.py:2076} INFO - Dependencies all met for dep_context=non-requeueable deps ti=<TaskInstance: fetch_spread_values.fetch_and_compute_spread_btc_mxn scheduled__2024-07-14T07:16:00+00:00 [queued]>
[2024-07-14T20:35:16.424+0000] {taskinstance.py:2076} INFO - Dependencies all met for dep_context=requeueable deps ti=<TaskInstance: fetch_spread_values.fetch_and_compute_spread_btc_mxn scheduled__2024-07-14T07:16:00+00:00 [queued]>
[2024-07-14T20:35:16.425+0000] {taskinstance.py:2306} INFO - Starting attempt 1 of 2
[2024-07-14T20:35:16.431+0000] {taskinstance.py:2330} INFO - Executing <Task(PythonOperator): fetch_and_compute_spread_btc_mxn> on 2024-07-14 07:16:00+00:00
[2024-07-14T20:35:16.438+0000] {standard_task_runner.py:90} INFO - Running: ['***', 'tasks', 'run', 'fetch_spread_values', 'fetch_and_compute_spread_btc_mxn', 'scheduled__2024-07-14T07:16:00+00:00', '--job-id', '963', '--raw', '--subdir', 'DAGS_FOLDER/***.py', '--cfg-path', '/tmp/tmptl7m71f3']
[2024-07-14T20:35:16.440+0000] {logging_mixin.py:188} WARNING - /home/***/.local/lib/python3.12/site-packages/***/task/task_runner/standard_task_runner.py:61 DeprecationWarning: This process (pid=2133) is multi-threaded, use of fork() may lead to deadlocks in the child.
[2024-07-14T20:35:16.443+0000] {standard_task_runner.py:63} INFO - Started process 2139 to run task
[2024-07-14T20:35:16.441+0000] {standard_task_runner.py:91} INFO - Job 963: Subtask fetch_and_compute_spread_btc_mxn
[2024-07-14T20:35:16.508+0000] {task_command.py:426} INFO - Running <TaskInstance: fetch_spread_values.fetch_and_compute_spread_btc_mxn scheduled__2024-07-14T07:16:00+00:00 [running]> on host 77caf7e4b282
[2024-07-14T20:35:16.711+0000] {taskinstance.py:2648} INFO - Exporting env vars: AIRFLOW_CTX_DAG_OWNER='***' AIRFLOW_CTX_DAG_ID='fetch_spread_values' AIRFLOW_CTX_TASK_ID='fetch_and_compute_spread_btc_mxn' AIRFLOW_CTX_EXECUTION_DATE='2024-07-14T07:16:00+00:00' AIRFLOW_CTX_TRY_NUMBER='1' AIRFLOW_CTX_DAG_RUN_ID='scheduled__2024-07-14T07:16:00+00:00'
[2024-07-14T20:35:16.712+0000] {taskinstance.py:430} INFO - ::endgroup::
[2024-07-14T20:35:16.896+0000] {python.py:237} INFO - Done. Returned value was: None
[2024-07-14T20:35:16.899+0000] {taskinstance.py:441} INFO - ::group::Post task execution logs
[2024-07-14T20:35:16.910+0000] {taskinstance.py:1206} INFO - Marking task as SUCCESS. dag_id=fetch_spread_values, task_id=fetch_and_compute_spread_btc_mxn, run_id=scheduled__2024-07-14T07:16:00+00:00, execution_date=20240714T071600, start_date=20240714T203516, end_date=20240714T203516
[2024-07-14T20:35:16.963+0000] {local_task_job_runner.py:240} INFO - Task exited with return code 0
[2024-07-14T20:35:17.012+0000] {taskinstance.py:3503} INFO - 0 downstream tasks scheduled from follow-on schedule check
[2024-07-14T20:35:17.106+0000] {local_task_job_runner.py:222} INFO - ::endgroup::
