[2024-07-14T09:05:08.049+0000] {local_task_job_runner.py:120} INFO - ::group::Pre task execution logs
[2024-07-14T09:05:08.164+0000] {taskinstance.py:2076} INFO - Dependencies all met for dep_context=non-requeueable deps ti=<TaskInstance: fetch_spread_values.fetch_and_compute_spread_btc_mxn scheduled__2024-07-14T08:57:00+00:00 [queued]>
[2024-07-14T09:05:08.214+0000] {taskinstance.py:2076} INFO - Dependencies all met for dep_context=requeueable deps ti=<TaskInstance: fetch_spread_values.fetch_and_compute_spread_btc_mxn scheduled__2024-07-14T08:57:00+00:00 [queued]>
[2024-07-14T09:05:08.214+0000] {taskinstance.py:2306} INFO - Starting attempt 1 of 2
[2024-07-14T09:05:08.250+0000] {taskinstance.py:2330} INFO - Executing <Task(PythonOperator): fetch_and_compute_spread_btc_mxn> on 2024-07-14 08:57:00+00:00
[2024-07-14T09:05:08.285+0000] {warnings.py:112} WARNING - /home/***/.local/lib/python3.12/site-packages/***/task/task_runner/standard_task_runner.py:61: DeprecationWarning: This process (pid=3451) is multi-threaded, use of fork() may lead to deadlocks in the child.
  pid = os.fork()

[2024-07-14T09:05:08.287+0000] {standard_task_runner.py:90} INFO - Running: ['***', 'tasks', 'run', 'fetch_spread_values', 'fetch_and_compute_spread_btc_mxn', 'scheduled__2024-07-14T08:57:00+00:00', '--job-id', '1111', '--raw', '--subdir', 'DAGS_FOLDER/***.py', '--cfg-path', '/tmp/tmpdfe05vxx']
[2024-07-14T09:05:08.290+0000] {standard_task_runner.py:63} INFO - Started process 3485 to run task
[2024-07-14T09:05:08.292+0000] {standard_task_runner.py:91} INFO - Job 1111: Subtask fetch_and_compute_spread_btc_mxn
[2024-07-14T09:05:08.488+0000] {task_command.py:426} INFO - Running <TaskInstance: fetch_spread_values.fetch_and_compute_spread_btc_mxn scheduled__2024-07-14T08:57:00+00:00 [running]> on host d537c34a4880
[2024-07-14T09:05:08.662+0000] {taskinstance.py:2648} INFO - Exporting env vars: AIRFLOW_CTX_DAG_OWNER='***' AIRFLOW_CTX_DAG_ID='fetch_spread_values' AIRFLOW_CTX_TASK_ID='fetch_and_compute_spread_btc_mxn' AIRFLOW_CTX_EXECUTION_DATE='2024-07-14T08:57:00+00:00' AIRFLOW_CTX_TRY_NUMBER='1' AIRFLOW_CTX_DAG_RUN_ID='scheduled__2024-07-14T08:57:00+00:00'
[2024-07-14T09:05:08.676+0000] {taskinstance.py:430} INFO - ::endgroup::
[2024-07-14T09:05:08.980+0000] {python.py:237} INFO - Done. Returned value was: None
[2024-07-14T09:05:08.987+0000] {taskinstance.py:441} INFO - ::group::Post task execution logs
[2024-07-14T09:05:09.025+0000] {taskinstance.py:1206} INFO - Marking task as SUCCESS. dag_id=fetch_spread_values, task_id=fetch_and_compute_spread_btc_mxn, run_id=scheduled__2024-07-14T08:57:00+00:00, execution_date=20240714T085700, start_date=20240714T090508, end_date=20240714T090509
[2024-07-14T09:05:09.116+0000] {local_task_job_runner.py:240} INFO - Task exited with return code 0
[2024-07-14T09:05:09.151+0000] {taskinstance.py:3503} INFO - 0 downstream tasks scheduled from follow-on schedule check
[2024-07-14T09:05:09.155+0000] {local_task_job_runner.py:222} INFO - ::endgroup::
[2024-07-14T20:36:17.768+0000] {local_task_job_runner.py:120} INFO - ::group::Pre task execution logs
[2024-07-14T20:36:17.796+0000] {taskinstance.py:2076} INFO - Dependencies all met for dep_context=non-requeueable deps ti=<TaskInstance: fetch_spread_values.fetch_and_compute_spread_btc_mxn scheduled__2024-07-14T08:57:00+00:00 [queued]>
[2024-07-14T20:36:17.802+0000] {taskinstance.py:2076} INFO - Dependencies all met for dep_context=requeueable deps ti=<TaskInstance: fetch_spread_values.fetch_and_compute_spread_btc_mxn scheduled__2024-07-14T08:57:00+00:00 [queued]>
[2024-07-14T20:36:17.803+0000] {taskinstance.py:2306} INFO - Starting attempt 1 of 2
[2024-07-14T20:36:17.817+0000] {taskinstance.py:2330} INFO - Executing <Task(PythonOperator): fetch_and_compute_spread_btc_mxn> on 2024-07-14 08:57:00+00:00
[2024-07-14T20:36:17.824+0000] {logging_mixin.py:188} WARNING - /home/***/.local/lib/python3.12/site-packages/***/task/task_runner/standard_task_runner.py:61 DeprecationWarning: This process (pid=2618) is multi-threaded, use of fork() may lead to deadlocks in the child.
[2024-07-14T20:36:17.825+0000] {standard_task_runner.py:90} INFO - Running: ['***', 'tasks', 'run', 'fetch_spread_values', 'fetch_and_compute_spread_btc_mxn', 'scheduled__2024-07-14T08:57:00+00:00', '--job-id', '1203', '--raw', '--subdir', 'DAGS_FOLDER/***.py', '--cfg-path', '/tmp/tmpeasr0esn']
[2024-07-14T20:36:17.827+0000] {standard_task_runner.py:63} INFO - Started process 2625 to run task
[2024-07-14T20:36:17.828+0000] {standard_task_runner.py:91} INFO - Job 1203: Subtask fetch_and_compute_spread_btc_mxn
[2024-07-14T20:36:17.882+0000] {task_command.py:426} INFO - Running <TaskInstance: fetch_spread_values.fetch_and_compute_spread_btc_mxn scheduled__2024-07-14T08:57:00+00:00 [running]> on host 77caf7e4b282
[2024-07-14T20:36:17.960+0000] {taskinstance.py:2648} INFO - Exporting env vars: AIRFLOW_CTX_DAG_OWNER='***' AIRFLOW_CTX_DAG_ID='fetch_spread_values' AIRFLOW_CTX_TASK_ID='fetch_and_compute_spread_btc_mxn' AIRFLOW_CTX_EXECUTION_DATE='2024-07-14T08:57:00+00:00' AIRFLOW_CTX_TRY_NUMBER='1' AIRFLOW_CTX_DAG_RUN_ID='scheduled__2024-07-14T08:57:00+00:00'
[2024-07-14T20:36:17.962+0000] {taskinstance.py:430} INFO - ::endgroup::
[2024-07-14T20:36:18.127+0000] {python.py:237} INFO - Done. Returned value was: None
[2024-07-14T20:36:18.129+0000] {taskinstance.py:441} INFO - ::group::Post task execution logs
[2024-07-14T20:36:18.137+0000] {taskinstance.py:1206} INFO - Marking task as SUCCESS. dag_id=fetch_spread_values, task_id=fetch_and_compute_spread_btc_mxn, run_id=scheduled__2024-07-14T08:57:00+00:00, execution_date=20240714T085700, start_date=20240714T203617, end_date=20240714T203618
[2024-07-14T20:36:18.174+0000] {local_task_job_runner.py:240} INFO - Task exited with return code 0
[2024-07-14T20:36:18.184+0000] {taskinstance.py:3503} INFO - 0 downstream tasks scheduled from follow-on schedule check
[2024-07-14T20:36:18.185+0000] {local_task_job_runner.py:222} INFO - ::endgroup::
