[2024-07-16T22:56:48.455+0000] {local_task_job_runner.py:120} INFO - ::group::Pre task execution logs
[2024-07-16T22:56:48.477+0000] {taskinstance.py:2076} INFO - Dependencies all met for dep_context=non-requeueable deps ti=<TaskInstance: etl_ticker.etl_btc_mxn scheduled__2024-07-14T04:20:00+00:00 [queued]>
[2024-07-16T22:56:48.482+0000] {taskinstance.py:2076} INFO - Dependencies all met for dep_context=requeueable deps ti=<TaskInstance: etl_ticker.etl_btc_mxn scheduled__2024-07-14T04:20:00+00:00 [queued]>
[2024-07-16T22:56:48.483+0000] {taskinstance.py:2306} INFO - Starting attempt 1 of 2
[2024-07-16T22:56:48.494+0000] {taskinstance.py:2330} INFO - Executing <Task(PythonOperator): etl_btc_mxn> on 2024-07-14 04:20:00+00:00
[2024-07-16T22:56:48.499+0000] {logging_mixin.py:188} WARNING - /home/***/.local/lib/python3.12/site-packages/***/task/task_runner/standard_task_runner.py:61 DeprecationWarning: This process (pid=22822) is multi-threaded, use of fork() may lead to deadlocks in the child.
[2024-07-16T22:56:48.500+0000] {standard_task_runner.py:90} INFO - Running: ['***', 'tasks', 'run', 'etl_ticker', 'etl_btc_mxn', 'scheduled__2024-07-14T04:20:00+00:00', '--job-id', '131', '--raw', '--subdir', 'DAGS_FOLDER/bid_ask_dag.py', '--cfg-path', '/tmp/tmp8up_dbl_']
[2024-07-16T22:56:48.503+0000] {standard_task_runner.py:91} INFO - Job 131: Subtask etl_btc_mxn
[2024-07-16T22:56:48.503+0000] {standard_task_runner.py:63} INFO - Started process 22833 to run task
[2024-07-16T22:56:48.576+0000] {task_command.py:426} INFO - Running <TaskInstance: etl_ticker.etl_btc_mxn scheduled__2024-07-14T04:20:00+00:00 [running]> on host 6f712de23803
[2024-07-16T22:56:48.667+0000] {taskinstance.py:2648} INFO - Exporting env vars: AIRFLOW_CTX_DAG_OWNER='***' AIRFLOW_CTX_DAG_ID='etl_ticker' AIRFLOW_CTX_TASK_ID='etl_btc_mxn' AIRFLOW_CTX_EXECUTION_DATE='2024-07-14T04:20:00+00:00' AIRFLOW_CTX_TRY_NUMBER='1' AIRFLOW_CTX_DAG_RUN_ID='scheduled__2024-07-14T04:20:00+00:00'
[2024-07-16T22:56:48.669+0000] {taskinstance.py:430} INFO - ::endgroup::
[2024-07-16T22:56:48.682+0000] {logging_mixin.py:188} WARNING -   0%|          | 0/600 [00:00<?, ?it/s]
[2024-07-16T22:56:48.843+0000] {logging_mixin.py:188} WARNING -   0%|          | 0/600 [00:00<?, ?it/s]
[2024-07-16T22:56:48.844+0000] {taskinstance.py:441} INFO - ::group::Post task execution logs
[2024-07-16T22:56:48.844+0000] {taskinstance.py:2905} ERROR - Task failed with exception
Traceback (most recent call last):
  File "/home/airflow/.local/lib/python3.12/site-packages/airflow/models/taskinstance.py", line 465, in _execute_task
    result = _execute_callable(context=context, **execute_callable_kwargs)
             ^^^^^^^^^^^^^^^^^^^^^^^^^^^^^^^^^^^^^^^^^^^^^^^^^^^^^^^^^^^^^
  File "/home/airflow/.local/lib/python3.12/site-packages/airflow/models/taskinstance.py", line 432, in _execute_callable
    return execute_callable(context=context, **execute_callable_kwargs)
           ^^^^^^^^^^^^^^^^^^^^^^^^^^^^^^^^^^^^^^^^^^^^^^^^^^^^^^^^^^^^
  File "/home/airflow/.local/lib/python3.12/site-packages/airflow/models/baseoperator.py", line 401, in wrapper
    return func(self, *args, **kwargs)
           ^^^^^^^^^^^^^^^^^^^^^^^^^^^
  File "/home/airflow/.local/lib/python3.12/site-packages/airflow/operators/python.py", line 235, in execute
    return_value = self.execute_callable()
                   ^^^^^^^^^^^^^^^^^^^^^^^
  File "/home/airflow/.local/lib/python3.12/site-packages/airflow/operators/python.py", line 252, in execute_callable
    return self.python_callable(*self.op_args, **self.op_kwargs)
           ^^^^^^^^^^^^^^^^^^^^^^^^^^^^^^^^^^^^^^^^^^^^^^^^^^^^^
  File "/opt/airflow/dags/bid_ask_dag.py", line 58, in etl_spread
    record = trigger_fetch_and_compute(book, debug=False)
             ^^^^^^^^^^^^^^^^^^^^^^^^^^^^^^^^^^^^^^^^^^^^
  File "/opt/airflow/dags/bid_ask_dag.py", line 40, in trigger_fetch_and_compute
    spread_record = compute_spread(data['payload'])
                    ^^^^^^^^^^^^^^^^^^^^^^^^^^^^^^^
  File "/opt/airflow/dags/spread_functions.py", line 33, in compute_spread
    best_ask = float(data['ask'])
               ^^^^^^^^^^^^^^^^^^
ValueError: could not convert string to float: ''
[2024-07-16T22:56:48.856+0000] {taskinstance.py:1206} INFO - Marking task as UP_FOR_RETRY. dag_id=etl_ticker, task_id=etl_btc_mxn, run_id=scheduled__2024-07-14T04:20:00+00:00, execution_date=20240714T042000, start_date=20240716T225648, end_date=20240716T225648
[2024-07-16T22:56:48.866+0000] {standard_task_runner.py:110} ERROR - Failed to execute job 131 for task etl_btc_mxn (could not convert string to float: ''; 22833)
[2024-07-16T22:56:48.897+0000] {local_task_job_runner.py:240} INFO - Task exited with return code 1
[2024-07-16T22:56:48.911+0000] {taskinstance.py:3503} INFO - 0 downstream tasks scheduled from follow-on schedule check
[2024-07-16T22:56:48.912+0000] {local_task_job_runner.py:222} INFO - ::endgroup::
