[2024-07-14T10:31:21.760+0000] {local_task_job_runner.py:120} INFO - ::group::Pre task execution logs
[2024-07-14T10:31:21.791+0000] {taskinstance.py:2076} INFO - Dependencies all met for dep_context=non-requeueable deps ti=<TaskInstance: fetch_spread_values.fetch_and_compute_spread_btc_mxn scheduled__2024-07-14T10:22:00+00:00 [queued]>
[2024-07-14T10:31:21.800+0000] {taskinstance.py:2076} INFO - Dependencies all met for dep_context=requeueable deps ti=<TaskInstance: fetch_spread_values.fetch_and_compute_spread_btc_mxn scheduled__2024-07-14T10:22:00+00:00 [queued]>
[2024-07-14T10:31:21.803+0000] {taskinstance.py:2306} INFO - Starting attempt 1 of 2
[2024-07-14T10:31:21.820+0000] {taskinstance.py:2330} INFO - Executing <Task(PythonOperator): fetch_and_compute_spread_btc_mxn> on 2024-07-14 10:22:00+00:00
[2024-07-14T10:31:21.826+0000] {warnings.py:112} WARNING - /home/***/.local/lib/python3.12/site-packages/***/task/task_runner/standard_task_runner.py:61: DeprecationWarning: This process (pid=4486) is multi-threaded, use of fork() may lead to deadlocks in the child.
  pid = os.fork()

[2024-07-14T10:31:21.828+0000] {standard_task_runner.py:63} INFO - Started process 4502 to run task
[2024-07-14T10:31:21.827+0000] {standard_task_runner.py:90} INFO - Running: ['***', 'tasks', 'run', 'fetch_spread_values', 'fetch_and_compute_spread_btc_mxn', 'scheduled__2024-07-14T10:22:00+00:00', '--job-id', '1338', '--raw', '--subdir', 'DAGS_FOLDER/***.py', '--cfg-path', '/tmp/tmp94v6ub27']
[2024-07-14T10:31:21.832+0000] {standard_task_runner.py:91} INFO - Job 1338: Subtask fetch_and_compute_spread_btc_mxn
[2024-07-14T10:31:21.925+0000] {task_command.py:426} INFO - Running <TaskInstance: fetch_spread_values.fetch_and_compute_spread_btc_mxn scheduled__2024-07-14T10:22:00+00:00 [running]> on host d537c34a4880
[2024-07-14T10:31:21.994+0000] {taskinstance.py:2648} INFO - Exporting env vars: AIRFLOW_CTX_DAG_OWNER='***' AIRFLOW_CTX_DAG_ID='fetch_spread_values' AIRFLOW_CTX_TASK_ID='fetch_and_compute_spread_btc_mxn' AIRFLOW_CTX_EXECUTION_DATE='2024-07-14T10:22:00+00:00' AIRFLOW_CTX_TRY_NUMBER='1' AIRFLOW_CTX_DAG_RUN_ID='scheduled__2024-07-14T10:22:00+00:00'
[2024-07-14T10:31:21.996+0000] {taskinstance.py:430} INFO - ::endgroup::
[2024-07-14T10:31:22.152+0000] {python.py:237} INFO - Done. Returned value was: None
[2024-07-14T10:31:22.153+0000] {taskinstance.py:441} INFO - ::group::Post task execution logs
[2024-07-14T10:31:22.157+0000] {taskinstance.py:1206} INFO - Marking task as SUCCESS. dag_id=fetch_spread_values, task_id=fetch_and_compute_spread_btc_mxn, run_id=scheduled__2024-07-14T10:22:00+00:00, execution_date=20240714T102200, start_date=20240714T103121, end_date=20240714T103122
[2024-07-14T10:31:22.183+0000] {local_task_job_runner.py:240} INFO - Task exited with return code 0
[2024-07-14T10:31:22.192+0000] {taskinstance.py:3503} INFO - 0 downstream tasks scheduled from follow-on schedule check
[2024-07-14T10:31:22.193+0000] {local_task_job_runner.py:222} INFO - ::endgroup::
[2024-07-14T20:36:49.377+0000] {local_task_job_runner.py:120} INFO - ::group::Pre task execution logs
[2024-07-14T20:36:49.401+0000] {taskinstance.py:2076} INFO - Dependencies all met for dep_context=non-requeueable deps ti=<TaskInstance: fetch_spread_values.fetch_and_compute_spread_btc_mxn scheduled__2024-07-14T10:22:00+00:00 [queued]>
[2024-07-14T20:36:49.413+0000] {taskinstance.py:2076} INFO - Dependencies all met for dep_context=requeueable deps ti=<TaskInstance: fetch_spread_values.fetch_and_compute_spread_btc_mxn scheduled__2024-07-14T10:22:00+00:00 [queued]>
[2024-07-14T20:36:49.414+0000] {taskinstance.py:2306} INFO - Starting attempt 1 of 2
[2024-07-14T20:36:49.437+0000] {taskinstance.py:2330} INFO - Executing <Task(PythonOperator): fetch_and_compute_spread_btc_mxn> on 2024-07-14 10:22:00+00:00
[2024-07-14T20:36:49.449+0000] {logging_mixin.py:188} WARNING - /home/***/.local/lib/python3.12/site-packages/***/task/task_runner/standard_task_runner.py:61 DeprecationWarning: This process (pid=2969) is multi-threaded, use of fork() may lead to deadlocks in the child.
[2024-07-14T20:36:49.449+0000] {standard_task_runner.py:90} INFO - Running: ['***', 'tasks', 'run', 'fetch_spread_values', 'fetch_and_compute_spread_btc_mxn', 'scheduled__2024-07-14T10:22:00+00:00', '--job-id', '1372', '--raw', '--subdir', 'DAGS_FOLDER/***.py', '--cfg-path', '/tmp/tmp_9v56s_e']
[2024-07-14T20:36:49.457+0000] {standard_task_runner.py:91} INFO - Job 1372: Subtask fetch_and_compute_spread_btc_mxn
[2024-07-14T20:36:49.453+0000] {standard_task_runner.py:63} INFO - Started process 2977 to run task
[2024-07-14T20:36:49.571+0000] {task_command.py:426} INFO - Running <TaskInstance: fetch_spread_values.fetch_and_compute_spread_btc_mxn scheduled__2024-07-14T10:22:00+00:00 [running]> on host 77caf7e4b282
[2024-07-14T20:36:49.705+0000] {taskinstance.py:2648} INFO - Exporting env vars: AIRFLOW_CTX_DAG_OWNER='***' AIRFLOW_CTX_DAG_ID='fetch_spread_values' AIRFLOW_CTX_TASK_ID='fetch_and_compute_spread_btc_mxn' AIRFLOW_CTX_EXECUTION_DATE='2024-07-14T10:22:00+00:00' AIRFLOW_CTX_TRY_NUMBER='1' AIRFLOW_CTX_DAG_RUN_ID='scheduled__2024-07-14T10:22:00+00:00'
[2024-07-14T20:36:49.710+0000] {taskinstance.py:430} INFO - ::endgroup::
[2024-07-14T20:36:49.966+0000] {python.py:237} INFO - Done. Returned value was: None
[2024-07-14T20:36:49.968+0000] {taskinstance.py:441} INFO - ::group::Post task execution logs
[2024-07-14T20:36:49.981+0000] {taskinstance.py:1206} INFO - Marking task as SUCCESS. dag_id=fetch_spread_values, task_id=fetch_and_compute_spread_btc_mxn, run_id=scheduled__2024-07-14T10:22:00+00:00, execution_date=20240714T102200, start_date=20240714T203649, end_date=20240714T203649
[2024-07-14T20:36:50.034+0000] {local_task_job_runner.py:240} INFO - Task exited with return code 0
[2024-07-14T20:36:50.059+0000] {taskinstance.py:3503} INFO - 0 downstream tasks scheduled from follow-on schedule check
[2024-07-14T20:36:50.064+0000] {local_task_job_runner.py:222} INFO - ::endgroup::
