[2024-07-14T10:12:09.344+0000] {local_task_job_runner.py:120} INFO - ::group::Pre task execution logs
[2024-07-14T10:12:09.361+0000] {taskinstance.py:2076} INFO - Dependencies all met for dep_context=non-requeueable deps ti=<TaskInstance: fetch_spread_values.fetch_and_compute_spread_usd_mxn scheduled__2024-07-14T10:10:00+00:00 [queued]>
[2024-07-14T10:12:09.370+0000] {taskinstance.py:2076} INFO - Dependencies all met for dep_context=requeueable deps ti=<TaskInstance: fetch_spread_values.fetch_and_compute_spread_usd_mxn scheduled__2024-07-14T10:10:00+00:00 [queued]>
[2024-07-14T10:12:09.371+0000] {taskinstance.py:2306} INFO - Starting attempt 1 of 2
[2024-07-14T10:12:09.385+0000] {taskinstance.py:2330} INFO - Executing <Task(PythonOperator): fetch_and_compute_spread_usd_mxn> on 2024-07-14 10:10:00+00:00
[2024-07-14T10:12:09.394+0000] {warnings.py:112} WARNING - /home/***/.local/lib/python3.12/site-packages/***/task/task_runner/standard_task_runner.py:61: DeprecationWarning: This process (pid=4395) is multi-threaded, use of fork() may lead to deadlocks in the child.
  pid = os.fork()

[2024-07-14T10:12:09.396+0000] {standard_task_runner.py:63} INFO - Started process 4418 to run task
[2024-07-14T10:12:09.399+0000] {standard_task_runner.py:90} INFO - Running: ['***', 'tasks', 'run', 'fetch_spread_values', 'fetch_and_compute_spread_usd_mxn', 'scheduled__2024-07-14T10:10:00+00:00', '--job-id', '1312', '--raw', '--subdir', 'DAGS_FOLDER/***.py', '--cfg-path', '/tmp/tmptqyns9rf']
[2024-07-14T10:12:09.401+0000] {standard_task_runner.py:91} INFO - Job 1312: Subtask fetch_and_compute_spread_usd_mxn
[2024-07-14T10:12:09.453+0000] {task_command.py:426} INFO - Running <TaskInstance: fetch_spread_values.fetch_and_compute_spread_usd_mxn scheduled__2024-07-14T10:10:00+00:00 [running]> on host d537c34a4880
[2024-07-14T10:12:09.523+0000] {taskinstance.py:2648} INFO - Exporting env vars: AIRFLOW_CTX_DAG_OWNER='***' AIRFLOW_CTX_DAG_ID='fetch_spread_values' AIRFLOW_CTX_TASK_ID='fetch_and_compute_spread_usd_mxn' AIRFLOW_CTX_EXECUTION_DATE='2024-07-14T10:10:00+00:00' AIRFLOW_CTX_TRY_NUMBER='1' AIRFLOW_CTX_DAG_RUN_ID='scheduled__2024-07-14T10:10:00+00:00'
[2024-07-14T10:12:09.528+0000] {taskinstance.py:430} INFO - ::endgroup::
[2024-07-14T10:12:09.957+0000] {python.py:237} INFO - Done. Returned value was: None
[2024-07-14T10:12:09.958+0000] {taskinstance.py:441} INFO - ::group::Post task execution logs
[2024-07-14T10:12:09.975+0000] {taskinstance.py:1206} INFO - Marking task as SUCCESS. dag_id=fetch_spread_values, task_id=fetch_and_compute_spread_usd_mxn, run_id=scheduled__2024-07-14T10:10:00+00:00, execution_date=20240714T101000, start_date=20240714T101209, end_date=20240714T101209
[2024-07-14T10:12:10.041+0000] {local_task_job_runner.py:240} INFO - Task exited with return code 0
[2024-07-14T10:12:10.064+0000] {taskinstance.py:3503} INFO - 0 downstream tasks scheduled from follow-on schedule check
[2024-07-14T10:12:10.065+0000] {local_task_job_runner.py:222} INFO - ::endgroup::
[2024-07-14T20:36:45.350+0000] {local_task_job_runner.py:120} INFO - ::group::Pre task execution logs
[2024-07-14T20:36:45.386+0000] {taskinstance.py:2076} INFO - Dependencies all met for dep_context=non-requeueable deps ti=<TaskInstance: fetch_spread_values.fetch_and_compute_spread_usd_mxn scheduled__2024-07-14T10:10:00+00:00 [queued]>
[2024-07-14T20:36:45.396+0000] {taskinstance.py:2076} INFO - Dependencies all met for dep_context=requeueable deps ti=<TaskInstance: fetch_spread_values.fetch_and_compute_spread_usd_mxn scheduled__2024-07-14T10:10:00+00:00 [queued]>
[2024-07-14T20:36:45.401+0000] {taskinstance.py:2306} INFO - Starting attempt 1 of 2
[2024-07-14T20:36:45.426+0000] {taskinstance.py:2330} INFO - Executing <Task(PythonOperator): fetch_and_compute_spread_usd_mxn> on 2024-07-14 10:10:00+00:00
[2024-07-14T20:36:45.429+0000] {logging_mixin.py:188} WARNING - /home/***/.local/lib/python3.12/site-packages/***/task/task_runner/standard_task_runner.py:61 DeprecationWarning: This process (pid=2916) is multi-threaded, use of fork() may lead to deadlocks in the child.
[2024-07-14T20:36:45.435+0000] {standard_task_runner.py:63} INFO - Started process 2926 to run task
[2024-07-14T20:36:45.431+0000] {standard_task_runner.py:90} INFO - Running: ['***', 'tasks', 'run', 'fetch_spread_values', 'fetch_and_compute_spread_usd_mxn', 'scheduled__2024-07-14T10:10:00+00:00', '--job-id', '1348', '--raw', '--subdir', 'DAGS_FOLDER/***.py', '--cfg-path', '/tmp/tmp_alt944s']
[2024-07-14T20:36:45.436+0000] {standard_task_runner.py:91} INFO - Job 1348: Subtask fetch_and_compute_spread_usd_mxn
[2024-07-14T20:36:45.491+0000] {task_command.py:426} INFO - Running <TaskInstance: fetch_spread_values.fetch_and_compute_spread_usd_mxn scheduled__2024-07-14T10:10:00+00:00 [running]> on host 77caf7e4b282
[2024-07-14T20:36:45.593+0000] {taskinstance.py:2648} INFO - Exporting env vars: AIRFLOW_CTX_DAG_OWNER='***' AIRFLOW_CTX_DAG_ID='fetch_spread_values' AIRFLOW_CTX_TASK_ID='fetch_and_compute_spread_usd_mxn' AIRFLOW_CTX_EXECUTION_DATE='2024-07-14T10:10:00+00:00' AIRFLOW_CTX_TRY_NUMBER='1' AIRFLOW_CTX_DAG_RUN_ID='scheduled__2024-07-14T10:10:00+00:00'
[2024-07-14T20:36:45.596+0000] {taskinstance.py:430} INFO - ::endgroup::
[2024-07-14T20:36:45.813+0000] {python.py:237} INFO - Done. Returned value was: None
[2024-07-14T20:36:45.816+0000] {taskinstance.py:441} INFO - ::group::Post task execution logs
[2024-07-14T20:36:45.828+0000] {taskinstance.py:1206} INFO - Marking task as SUCCESS. dag_id=fetch_spread_values, task_id=fetch_and_compute_spread_usd_mxn, run_id=scheduled__2024-07-14T10:10:00+00:00, execution_date=20240714T101000, start_date=20240714T203645, end_date=20240714T203645
[2024-07-14T20:36:45.869+0000] {local_task_job_runner.py:240} INFO - Task exited with return code 0
[2024-07-14T20:36:45.879+0000] {taskinstance.py:3503} INFO - 0 downstream tasks scheduled from follow-on schedule check
[2024-07-14T20:36:45.884+0000] {local_task_job_runner.py:222} INFO - ::endgroup::
