[2024-07-14T12:29:51.097+0000] {local_task_job_runner.py:120} INFO - ::group::Pre task execution logs
[2024-07-14T12:29:51.191+0000] {taskinstance.py:2076} INFO - Dependencies all met for dep_context=non-requeueable deps ti=<TaskInstance: save_spread_values.save_and_flush_task scheduled__2024-07-14T12:10:00+00:00 [queued]>
[2024-07-14T12:29:51.229+0000] {taskinstance.py:2076} INFO - Dependencies all met for dep_context=requeueable deps ti=<TaskInstance: save_spread_values.save_and_flush_task scheduled__2024-07-14T12:10:00+00:00 [queued]>
[2024-07-14T12:29:51.232+0000] {taskinstance.py:2306} INFO - Starting attempt 1 of 2
[2024-07-14T12:29:51.458+0000] {taskinstance.py:2330} INFO - Executing <Task(PythonOperator): save_and_flush_task> on 2024-07-14 12:10:00+00:00
[2024-07-14T12:29:51.474+0000] {standard_task_runner.py:90} INFO - Running: ['***', 'tasks', 'run', 'save_spread_values', 'save_and_flush_task', 'scheduled__2024-07-14T12:10:00+00:00', '--job-id', '1566', '--raw', '--subdir', 'DAGS_FOLDER/***.py', '--cfg-path', '/tmp/tmp8dhdxcp7']
[2024-07-14T12:29:51.483+0000] {standard_task_runner.py:91} INFO - Job 1566: Subtask save_and_flush_task
[2024-07-14T12:29:51.472+0000] {warnings.py:112} WARNING - /home/***/.local/lib/python3.12/site-packages/***/task/task_runner/standard_task_runner.py:61: DeprecationWarning: This process (pid=5210) is multi-threaded, use of fork() may lead to deadlocks in the child.
  pid = os.fork()

[2024-07-14T12:29:51.492+0000] {standard_task_runner.py:63} INFO - Started process 5245 to run task
[2024-07-14T12:29:51.613+0000] {task_command.py:426} INFO - Running <TaskInstance: save_spread_values.save_and_flush_task scheduled__2024-07-14T12:10:00+00:00 [running]> on host d537c34a4880
[2024-07-14T12:29:52.068+0000] {taskinstance.py:2648} INFO - Exporting env vars: AIRFLOW_CTX_DAG_OWNER='***' AIRFLOW_CTX_DAG_ID='save_spread_values' AIRFLOW_CTX_TASK_ID='save_and_flush_task' AIRFLOW_CTX_EXECUTION_DATE='2024-07-14T12:10:00+00:00' AIRFLOW_CTX_TRY_NUMBER='1' AIRFLOW_CTX_DAG_RUN_ID='scheduled__2024-07-14T12:10:00+00:00'
[2024-07-14T12:29:52.090+0000] {taskinstance.py:430} INFO - ::endgroup::
[2024-07-14T12:29:52.096+0000] {python.py:237} INFO - Done. Returned value was: None
[2024-07-14T12:29:52.100+0000] {taskinstance.py:441} INFO - ::group::Post task execution logs
[2024-07-14T12:29:52.151+0000] {taskinstance.py:1206} INFO - Marking task as SUCCESS. dag_id=save_spread_values, task_id=save_and_flush_task, run_id=scheduled__2024-07-14T12:10:00+00:00, execution_date=20240714T121000, start_date=20240714T122951, end_date=20240714T122952
[2024-07-14T12:29:52.370+0000] {local_task_job_runner.py:240} INFO - Task exited with return code 0
[2024-07-14T12:29:52.432+0000] {taskinstance.py:3503} INFO - 0 downstream tasks scheduled from follow-on schedule check
[2024-07-14T12:29:52.436+0000] {local_task_job_runner.py:222} INFO - ::endgroup::
[2024-07-14T20:35:08.875+0000] {local_task_job_runner.py:120} INFO - ::group::Pre task execution logs
[2024-07-14T20:35:08.913+0000] {taskinstance.py:2076} INFO - Dependencies all met for dep_context=non-requeueable deps ti=<TaskInstance: save_spread_values.save_and_flush_task scheduled__2024-07-14T12:10:00+00:00 [queued]>
[2024-07-14T20:35:08.918+0000] {taskinstance.py:2076} INFO - Dependencies all met for dep_context=requeueable deps ti=<TaskInstance: save_spread_values.save_and_flush_task scheduled__2024-07-14T12:10:00+00:00 [queued]>
[2024-07-14T20:35:08.920+0000] {taskinstance.py:2306} INFO - Starting attempt 1 of 2
[2024-07-14T20:35:08.930+0000] {taskinstance.py:2330} INFO - Executing <Task(PythonOperator): save_and_flush_task> on 2024-07-14 12:10:00+00:00
[2024-07-14T20:35:08.934+0000] {logging_mixin.py:188} WARNING - /home/***/.local/lib/python3.12/site-packages/***/task/task_runner/standard_task_runner.py:61 DeprecationWarning: This process (pid=2034) is multi-threaded, use of fork() may lead to deadlocks in the child.
[2024-07-14T20:35:08.935+0000] {standard_task_runner.py:63} INFO - Started process 2041 to run task
[2024-07-14T20:35:08.935+0000] {standard_task_runner.py:90} INFO - Running: ['***', 'tasks', 'run', 'save_spread_values', 'save_and_flush_task', 'scheduled__2024-07-14T12:10:00+00:00', '--job-id', '915', '--raw', '--subdir', 'DAGS_FOLDER/***.py', '--cfg-path', '/tmp/tmpj67h0g5x']
[2024-07-14T20:35:08.938+0000] {standard_task_runner.py:91} INFO - Job 915: Subtask save_and_flush_task
[2024-07-14T20:35:09.019+0000] {task_command.py:426} INFO - Running <TaskInstance: save_spread_values.save_and_flush_task scheduled__2024-07-14T12:10:00+00:00 [running]> on host 77caf7e4b282
[2024-07-14T20:35:09.242+0000] {taskinstance.py:2648} INFO - Exporting env vars: AIRFLOW_CTX_DAG_OWNER='***' AIRFLOW_CTX_DAG_ID='save_spread_values' AIRFLOW_CTX_TASK_ID='save_and_flush_task' AIRFLOW_CTX_EXECUTION_DATE='2024-07-14T12:10:00+00:00' AIRFLOW_CTX_TRY_NUMBER='1' AIRFLOW_CTX_DAG_RUN_ID='scheduled__2024-07-14T12:10:00+00:00'
[2024-07-14T20:35:09.243+0000] {taskinstance.py:430} INFO - ::endgroup::
[2024-07-14T20:35:09.250+0000] {python.py:237} INFO - Done. Returned value was: None
[2024-07-14T20:35:09.250+0000] {taskinstance.py:441} INFO - ::group::Post task execution logs
[2024-07-14T20:35:09.257+0000] {taskinstance.py:1206} INFO - Marking task as SUCCESS. dag_id=save_spread_values, task_id=save_and_flush_task, run_id=scheduled__2024-07-14T12:10:00+00:00, execution_date=20240714T121000, start_date=20240714T203508, end_date=20240714T203509
[2024-07-14T20:35:09.290+0000] {local_task_job_runner.py:240} INFO - Task exited with return code 0
[2024-07-14T20:35:09.299+0000] {taskinstance.py:3503} INFO - 0 downstream tasks scheduled from follow-on schedule check
[2024-07-14T20:35:09.300+0000] {local_task_job_runner.py:222} INFO - ::endgroup::
[2024-07-15T06:34:39.584+0000] {local_task_job_runner.py:120} INFO - ::group::Pre task execution logs
[2024-07-15T06:34:39.634+0000] {taskinstance.py:2076} INFO - Dependencies all met for dep_context=non-requeueable deps ti=<TaskInstance: save_spread_values.save_and_flush_task scheduled__2024-07-14T12:10:00+00:00 [queued]>
[2024-07-15T06:34:39.649+0000] {taskinstance.py:2076} INFO - Dependencies all met for dep_context=requeueable deps ti=<TaskInstance: save_spread_values.save_and_flush_task scheduled__2024-07-14T12:10:00+00:00 [queued]>
[2024-07-15T06:34:39.651+0000] {taskinstance.py:2306} INFO - Starting attempt 1 of 2
[2024-07-15T06:34:39.743+0000] {taskinstance.py:2330} INFO - Executing <Task(PythonOperator): save_and_flush_task> on 2024-07-14 12:10:00+00:00
[2024-07-15T06:34:39.750+0000] {standard_task_runner.py:90} INFO - Running: ['***', 'tasks', 'run', 'save_spread_values', 'save_and_flush_task', 'scheduled__2024-07-14T12:10:00+00:00', '--job-id', '421', '--raw', '--subdir', 'DAGS_FOLDER/et_dag.py', '--cfg-path', '/tmp/tmpoxzcfq2_']
[2024-07-15T06:34:39.752+0000] {standard_task_runner.py:91} INFO - Job 421: Subtask save_and_flush_task
[2024-07-15T06:34:39.754+0000] {logging_mixin.py:188} WARNING - /home/***/.local/lib/python3.12/site-packages/***/task/task_runner/standard_task_runner.py:61 DeprecationWarning: This process (pid=3419) is multi-threaded, use of fork() may lead to deadlocks in the child.
[2024-07-15T06:34:39.755+0000] {standard_task_runner.py:63} INFO - Started process 3429 to run task
[2024-07-15T06:34:39.798+0000] {task_command.py:426} INFO - Running <TaskInstance: save_spread_values.save_and_flush_task scheduled__2024-07-14T12:10:00+00:00 [running]> on host 52e7a9c3d832
[2024-07-15T06:34:39.869+0000] {taskinstance.py:2648} INFO - Exporting env vars: AIRFLOW_CTX_DAG_OWNER='***' AIRFLOW_CTX_DAG_ID='save_spread_values' AIRFLOW_CTX_TASK_ID='save_and_flush_task' AIRFLOW_CTX_EXECUTION_DATE='2024-07-14T12:10:00+00:00' AIRFLOW_CTX_TRY_NUMBER='1' AIRFLOW_CTX_DAG_RUN_ID='scheduled__2024-07-14T12:10:00+00:00'
[2024-07-15T06:34:39.870+0000] {taskinstance.py:430} INFO - ::endgroup::
[2024-07-15T06:34:39.882+0000] {taskinstance.py:441} INFO - ::group::Post task execution logs
[2024-07-15T06:34:39.885+0000] {taskinstance.py:2905} ERROR - Task failed with exception
Traceback (most recent call last):
  File "/home/airflow/.local/lib/python3.12/site-packages/airflow/models/taskinstance.py", line 465, in _execute_task
    result = _execute_callable(context=context, **execute_callable_kwargs)
             ^^^^^^^^^^^^^^^^^^^^^^^^^^^^^^^^^^^^^^^^^^^^^^^^^^^^^^^^^^^^^
  File "/home/airflow/.local/lib/python3.12/site-packages/airflow/models/taskinstance.py", line 432, in _execute_callable
    return execute_callable(context=context, **execute_callable_kwargs)
           ^^^^^^^^^^^^^^^^^^^^^^^^^^^^^^^^^^^^^^^^^^^^^^^^^^^^^^^^^^^^
  File "/home/airflow/.local/lib/python3.12/site-packages/airflow/models/baseoperator.py", line 401, in wrapper
    return func(self, *args, **kwargs)
           ^^^^^^^^^^^^^^^^^^^^^^^^^^^
  File "/home/airflow/.local/lib/python3.12/site-packages/airflow/operators/python.py", line 235, in execute
    return_value = self.execute_callable()
                   ^^^^^^^^^^^^^^^^^^^^^^^
  File "/home/airflow/.local/lib/python3.12/site-packages/airflow/operators/python.py", line 252, in execute_callable
    return self.python_callable(*self.op_args, **self.op_kwargs)
           ^^^^^^^^^^^^^^^^^^^^^^^^^^^^^^^^^^^^^^^^^^^^^^^^^^^^^
  File "/opt/airflow/dags/et_dag.py", line 38, in trigger_save_and_flush
    logging('Invoking method to save data from records')
TypeError: 'module' object is not callable
[2024-07-15T06:34:39.900+0000] {taskinstance.py:1206} INFO - Marking task as UP_FOR_RETRY. dag_id=save_spread_values, task_id=save_and_flush_task, run_id=scheduled__2024-07-14T12:10:00+00:00, execution_date=20240714T121000, start_date=20240715T063439, end_date=20240715T063439
[2024-07-15T06:34:39.910+0000] {standard_task_runner.py:110} ERROR - Failed to execute job 421 for task save_and_flush_task ('module' object is not callable; 3429)
[2024-07-15T06:34:39.940+0000] {local_task_job_runner.py:240} INFO - Task exited with return code 1
[2024-07-15T06:34:39.959+0000] {taskinstance.py:3503} INFO - 0 downstream tasks scheduled from follow-on schedule check
[2024-07-15T06:34:39.967+0000] {local_task_job_runner.py:222} INFO - ::endgroup::
