[2024-07-14T11:51:42.547+0000] {local_task_job_runner.py:120} INFO - ::group::Pre task execution logs
[2024-07-14T11:51:42.593+0000] {taskinstance.py:2076} INFO - Dependencies all met for dep_context=non-requeueable deps ti=<TaskInstance: fetch_spread_values.fetch_and_compute_spread_btc_mxn scheduled__2024-07-14T11:41:00+00:00 [queued]>
[2024-07-14T11:51:42.614+0000] {taskinstance.py:2076} INFO - Dependencies all met for dep_context=requeueable deps ti=<TaskInstance: fetch_spread_values.fetch_and_compute_spread_btc_mxn scheduled__2024-07-14T11:41:00+00:00 [queued]>
[2024-07-14T11:51:42.615+0000] {taskinstance.py:2306} INFO - Starting attempt 1 of 2
[2024-07-14T11:51:42.698+0000] {taskinstance.py:2330} INFO - Executing <Task(PythonOperator): fetch_and_compute_spread_btc_mxn> on 2024-07-14 11:41:00+00:00
[2024-07-14T11:51:42.723+0000] {warnings.py:112} WARNING - /home/***/.local/lib/python3.12/site-packages/***/task/task_runner/standard_task_runner.py:61: DeprecationWarning: This process (pid=5019) is multi-threaded, use of fork() may lead to deadlocks in the child.
  pid = os.fork()

[2024-07-14T11:51:42.733+0000] {standard_task_runner.py:63} INFO - Started process 5045 to run task
[2024-07-14T11:51:42.714+0000] {standard_task_runner.py:90} INFO - Running: ['***', 'tasks', 'run', 'fetch_spread_values', 'fetch_and_compute_spread_btc_mxn', 'scheduled__2024-07-14T11:41:00+00:00', '--job-id', '1503', '--raw', '--subdir', 'DAGS_FOLDER/***.py', '--cfg-path', '/tmp/tmpznsujmi3']
[2024-07-14T11:51:42.735+0000] {standard_task_runner.py:91} INFO - Job 1503: Subtask fetch_and_compute_spread_btc_mxn
[2024-07-14T11:51:42.890+0000] {task_command.py:426} INFO - Running <TaskInstance: fetch_spread_values.fetch_and_compute_spread_btc_mxn scheduled__2024-07-14T11:41:00+00:00 [running]> on host d537c34a4880
[2024-07-14T11:51:43.004+0000] {taskinstance.py:2648} INFO - Exporting env vars: AIRFLOW_CTX_DAG_OWNER='***' AIRFLOW_CTX_DAG_ID='fetch_spread_values' AIRFLOW_CTX_TASK_ID='fetch_and_compute_spread_btc_mxn' AIRFLOW_CTX_EXECUTION_DATE='2024-07-14T11:41:00+00:00' AIRFLOW_CTX_TRY_NUMBER='1' AIRFLOW_CTX_DAG_RUN_ID='scheduled__2024-07-14T11:41:00+00:00'
[2024-07-14T11:51:43.008+0000] {taskinstance.py:430} INFO - ::endgroup::
[2024-07-14T11:51:43.228+0000] {python.py:237} INFO - Done. Returned value was: None
[2024-07-14T11:51:43.230+0000] {taskinstance.py:441} INFO - ::group::Post task execution logs
[2024-07-14T11:51:43.241+0000] {taskinstance.py:1206} INFO - Marking task as SUCCESS. dag_id=fetch_spread_values, task_id=fetch_and_compute_spread_btc_mxn, run_id=scheduled__2024-07-14T11:41:00+00:00, execution_date=20240714T114100, start_date=20240714T115142, end_date=20240714T115143
[2024-07-14T11:51:43.260+0000] {local_task_job_runner.py:240} INFO - Task exited with return code 0
[2024-07-14T11:51:43.272+0000] {taskinstance.py:3503} INFO - 0 downstream tasks scheduled from follow-on schedule check
[2024-07-14T11:51:43.278+0000] {local_task_job_runner.py:222} INFO - ::endgroup::
[2024-07-14T20:37:19.015+0000] {local_task_job_runner.py:120} INFO - ::group::Pre task execution logs
[2024-07-14T20:37:19.039+0000] {taskinstance.py:2076} INFO - Dependencies all met for dep_context=non-requeueable deps ti=<TaskInstance: fetch_spread_values.fetch_and_compute_spread_btc_mxn scheduled__2024-07-14T11:41:00+00:00 [queued]>
[2024-07-14T20:37:19.044+0000] {taskinstance.py:2076} INFO - Dependencies all met for dep_context=requeueable deps ti=<TaskInstance: fetch_spread_values.fetch_and_compute_spread_btc_mxn scheduled__2024-07-14T11:41:00+00:00 [queued]>
[2024-07-14T20:37:19.044+0000] {taskinstance.py:2306} INFO - Starting attempt 1 of 2
[2024-07-14T20:37:19.056+0000] {taskinstance.py:2330} INFO - Executing <Task(PythonOperator): fetch_and_compute_spread_btc_mxn> on 2024-07-14 11:41:00+00:00
[2024-07-14T20:37:19.062+0000] {logging_mixin.py:188} WARNING - /home/***/.local/lib/python3.12/site-packages/***/task/task_runner/standard_task_runner.py:61 DeprecationWarning: This process (pid=3288) is multi-threaded, use of fork() may lead to deadlocks in the child.
[2024-07-14T20:37:19.064+0000] {standard_task_runner.py:63} INFO - Started process 3296 to run task
[2024-07-14T20:37:19.061+0000] {standard_task_runner.py:90} INFO - Running: ['***', 'tasks', 'run', 'fetch_spread_values', 'fetch_and_compute_spread_btc_mxn', 'scheduled__2024-07-14T11:41:00+00:00', '--job-id', '1531', '--raw', '--subdir', 'DAGS_FOLDER/***.py', '--cfg-path', '/tmp/tmpupptpl_g']
[2024-07-14T20:37:19.070+0000] {standard_task_runner.py:91} INFO - Job 1531: Subtask fetch_and_compute_spread_btc_mxn
[2024-07-14T20:37:19.123+0000] {task_command.py:426} INFO - Running <TaskInstance: fetch_spread_values.fetch_and_compute_spread_btc_mxn scheduled__2024-07-14T11:41:00+00:00 [running]> on host 77caf7e4b282
[2024-07-14T20:37:19.187+0000] {taskinstance.py:2648} INFO - Exporting env vars: AIRFLOW_CTX_DAG_OWNER='***' AIRFLOW_CTX_DAG_ID='fetch_spread_values' AIRFLOW_CTX_TASK_ID='fetch_and_compute_spread_btc_mxn' AIRFLOW_CTX_EXECUTION_DATE='2024-07-14T11:41:00+00:00' AIRFLOW_CTX_TRY_NUMBER='1' AIRFLOW_CTX_DAG_RUN_ID='scheduled__2024-07-14T11:41:00+00:00'
[2024-07-14T20:37:19.188+0000] {taskinstance.py:430} INFO - ::endgroup::
[2024-07-14T20:37:19.340+0000] {python.py:237} INFO - Done. Returned value was: None
[2024-07-14T20:37:19.341+0000] {taskinstance.py:441} INFO - ::group::Post task execution logs
[2024-07-14T20:37:19.346+0000] {taskinstance.py:1206} INFO - Marking task as SUCCESS. dag_id=fetch_spread_values, task_id=fetch_and_compute_spread_btc_mxn, run_id=scheduled__2024-07-14T11:41:00+00:00, execution_date=20240714T114100, start_date=20240714T203719, end_date=20240714T203719
[2024-07-14T20:37:19.370+0000] {local_task_job_runner.py:240} INFO - Task exited with return code 0
[2024-07-14T20:37:19.379+0000] {taskinstance.py:3503} INFO - 0 downstream tasks scheduled from follow-on schedule check
[2024-07-14T20:37:19.381+0000] {local_task_job_runner.py:222} INFO - ::endgroup::
