[2024-07-17T01:19:43.537+0000] {local_task_job_runner.py:120} INFO - ::group::Pre task execution logs
[2024-07-17T01:19:43.570+0000] {taskinstance.py:2076} INFO - Dependencies all met for dep_context=non-requeueable deps ti=<TaskInstance: etl_ticker.etl_btc_mxn scheduled__2024-07-15T03:00:00+00:00 [queued]>
[2024-07-17T01:19:43.580+0000] {taskinstance.py:2076} INFO - Dependencies all met for dep_context=requeueable deps ti=<TaskInstance: etl_ticker.etl_btc_mxn scheduled__2024-07-15T03:00:00+00:00 [queued]>
[2024-07-17T01:19:43.583+0000] {taskinstance.py:2306} INFO - Starting attempt 2 of 2
[2024-07-17T01:19:43.605+0000] {taskinstance.py:2330} INFO - Executing <Task(PythonOperator): etl_btc_mxn> on 2024-07-15 03:00:00+00:00
[2024-07-17T01:19:43.611+0000] {standard_task_runner.py:90} INFO - Running: ['***', 'tasks', 'run', 'etl_ticker', 'etl_btc_mxn', 'scheduled__2024-07-15T03:00:00+00:00', '--job-id', '585', '--raw', '--subdir', 'DAGS_FOLDER/bid_ask_dag.py', '--cfg-path', '/tmp/tmpq2spgstl']
[2024-07-17T01:19:43.613+0000] {standard_task_runner.py:91} INFO - Job 585: Subtask etl_btc_mxn
[2024-07-17T01:19:43.614+0000] {logging_mixin.py:188} WARNING - /home/***/.local/lib/python3.12/site-packages/***/task/task_runner/standard_task_runner.py:61 DeprecationWarning: This process (pid=30135) is multi-threaded, use of fork() may lead to deadlocks in the child.
[2024-07-17T01:19:43.616+0000] {standard_task_runner.py:63} INFO - Started process 30149 to run task
[2024-07-17T01:19:43.677+0000] {task_command.py:426} INFO - Running <TaskInstance: etl_ticker.etl_btc_mxn scheduled__2024-07-15T03:00:00+00:00 [running]> on host 6f712de23803
[2024-07-17T01:19:43.792+0000] {taskinstance.py:2648} INFO - Exporting env vars: AIRFLOW_CTX_DAG_OWNER='***' AIRFLOW_CTX_DAG_ID='etl_ticker' AIRFLOW_CTX_TASK_ID='etl_btc_mxn' AIRFLOW_CTX_EXECUTION_DATE='2024-07-15T03:00:00+00:00' AIRFLOW_CTX_TRY_NUMBER='2' AIRFLOW_CTX_DAG_RUN_ID='scheduled__2024-07-15T03:00:00+00:00'
[2024-07-17T01:19:43.798+0000] {taskinstance.py:430} INFO - ::endgroup::
[2024-07-17T01:19:43.817+0000] {logging_mixin.py:188} WARNING -   0%|          | 0/600 [00:00<?, ?it/s]
[2024-07-17T01:19:45.162+0000] {bid_ask_dag.py:87} INFO - Threshold! {'orderbook_timestamp': '2024-07-17T01:19:43+00:00', 'book': 'btc_mxn', 'bid': 1162520.0, 'ask': 1164570.0, 'spread': 0.17603063791785808}
[2024-07-17T01:19:45.163+0000] {logging_mixin.py:188} WARNING -   0%|          | 0/600 [00:01<?, ?it/s]
[2024-07-17T01:19:45.163+0000] {taskinstance.py:441} INFO - ::group::Post task execution logs
[2024-07-17T01:19:45.163+0000] {taskinstance.py:2905} ERROR - Task failed with exception
Traceback (most recent call last):
  File "/home/airflow/.local/lib/python3.12/site-packages/airflow/models/taskinstance.py", line 465, in _execute_task
    result = _execute_callable(context=context, **execute_callable_kwargs)
             ^^^^^^^^^^^^^^^^^^^^^^^^^^^^^^^^^^^^^^^^^^^^^^^^^^^^^^^^^^^^^
  File "/home/airflow/.local/lib/python3.12/site-packages/airflow/models/taskinstance.py", line 432, in _execute_callable
    return execute_callable(context=context, **execute_callable_kwargs)
           ^^^^^^^^^^^^^^^^^^^^^^^^^^^^^^^^^^^^^^^^^^^^^^^^^^^^^^^^^^^^
  File "/home/airflow/.local/lib/python3.12/site-packages/airflow/models/baseoperator.py", line 401, in wrapper
    return func(self, *args, **kwargs)
           ^^^^^^^^^^^^^^^^^^^^^^^^^^^
  File "/home/airflow/.local/lib/python3.12/site-packages/airflow/operators/python.py", line 235, in execute
    return_value = self.execute_callable()
                   ^^^^^^^^^^^^^^^^^^^^^^^
  File "/home/airflow/.local/lib/python3.12/site-packages/airflow/operators/python.py", line 252, in execute_callable
    return self.python_callable(*self.op_args, **self.op_kwargs)
           ^^^^^^^^^^^^^^^^^^^^^^^^^^^^^^^^^^^^^^^^^^^^^^^^^^^^^
  File "/opt/airflow/dags/bid_ask_dag.py", line 88, in etl_spread
    SlackWebhookHook(webhook_token=WEBHOOK_URL, message=f"Alert! bid-ask has appeared {record}").execute()
    ^^^^^^^^^^^^^^^^^^^^^^^^^^^^^^^^^^^^^^^^^^^^^^^^^^^^^^^^^^^^^^^^^^^^^^^^^^^^^^^^^^^^^^^^^^^^
TypeError: SlackWebhookHook.__init__() missing 1 required keyword-only argument: 'slack_webhook_conn_id'
[2024-07-17T01:19:45.171+0000] {taskinstance.py:1206} INFO - Marking task as FAILED. dag_id=etl_ticker, task_id=etl_btc_mxn, run_id=scheduled__2024-07-15T03:00:00+00:00, execution_date=20240715T030000, start_date=20240717T011943, end_date=20240717T011945
[2024-07-17T01:19:45.179+0000] {standard_task_runner.py:110} ERROR - Failed to execute job 585 for task etl_btc_mxn (SlackWebhookHook.__init__() missing 1 required keyword-only argument: 'slack_webhook_conn_id'; 30149)
[2024-07-17T01:19:45.216+0000] {local_task_job_runner.py:240} INFO - Task exited with return code 1
[2024-07-17T01:19:45.229+0000] {taskinstance.py:3503} INFO - 0 downstream tasks scheduled from follow-on schedule check
[2024-07-17T01:19:45.230+0000] {local_task_job_runner.py:222} INFO - ::endgroup::
