[2024-07-14T09:04:29.022+0000] {local_task_job_runner.py:120} INFO - ::group::Pre task execution logs
[2024-07-14T09:04:29.076+0000] {taskinstance.py:2076} INFO - Dependencies all met for dep_context=non-requeueable deps ti=<TaskInstance: fetch_spread_values.fetch_and_compute_spread_usd_mxn scheduled__2024-07-14T08:18:00+00:00 [queued]>
[2024-07-14T09:04:29.168+0000] {taskinstance.py:2076} INFO - Dependencies all met for dep_context=requeueable deps ti=<TaskInstance: fetch_spread_values.fetch_and_compute_spread_usd_mxn scheduled__2024-07-14T08:18:00+00:00 [queued]>
[2024-07-14T09:04:29.175+0000] {taskinstance.py:2306} INFO - Starting attempt 1 of 2
[2024-07-14T09:04:29.292+0000] {taskinstance.py:2330} INFO - Executing <Task(PythonOperator): fetch_and_compute_spread_usd_mxn> on 2024-07-14 08:18:00+00:00
[2024-07-14T09:04:29.321+0000] {warnings.py:112} WARNING - /home/***/.local/lib/python3.12/site-packages/***/task/task_runner/standard_task_runner.py:61: DeprecationWarning: This process (pid=3196) is multi-threaded, use of fork() may lead to deadlocks in the child.
  pid = os.fork()

[2024-07-14T09:04:29.344+0000] {standard_task_runner.py:63} INFO - Started process 3222 to run task
[2024-07-14T09:04:29.363+0000] {standard_task_runner.py:90} INFO - Running: ['***', 'tasks', 'run', 'fetch_spread_values', 'fetch_and_compute_spread_usd_mxn', 'scheduled__2024-07-14T08:18:00+00:00', '--job-id', '1026', '--raw', '--subdir', 'DAGS_FOLDER/***.py', '--cfg-path', '/tmp/tmpuaai030c']
[2024-07-14T09:04:29.389+0000] {standard_task_runner.py:91} INFO - Job 1026: Subtask fetch_and_compute_spread_usd_mxn
[2024-07-14T09:04:29.590+0000] {task_command.py:426} INFO - Running <TaskInstance: fetch_spread_values.fetch_and_compute_spread_usd_mxn scheduled__2024-07-14T08:18:00+00:00 [running]> on host d537c34a4880
[2024-07-14T09:04:29.816+0000] {taskinstance.py:2648} INFO - Exporting env vars: AIRFLOW_CTX_DAG_OWNER='***' AIRFLOW_CTX_DAG_ID='fetch_spread_values' AIRFLOW_CTX_TASK_ID='fetch_and_compute_spread_usd_mxn' AIRFLOW_CTX_EXECUTION_DATE='2024-07-14T08:18:00+00:00' AIRFLOW_CTX_TRY_NUMBER='1' AIRFLOW_CTX_DAG_RUN_ID='scheduled__2024-07-14T08:18:00+00:00'
[2024-07-14T09:04:29.864+0000] {taskinstance.py:430} INFO - ::endgroup::
[2024-07-14T09:04:30.187+0000] {python.py:237} INFO - Done. Returned value was: None
[2024-07-14T09:04:30.202+0000] {taskinstance.py:441} INFO - ::group::Post task execution logs
[2024-07-14T09:04:30.231+0000] {taskinstance.py:1206} INFO - Marking task as SUCCESS. dag_id=fetch_spread_values, task_id=fetch_and_compute_spread_usd_mxn, run_id=scheduled__2024-07-14T08:18:00+00:00, execution_date=20240714T081800, start_date=20240714T090429, end_date=20240714T090430
[2024-07-14T09:04:30.341+0000] {local_task_job_runner.py:240} INFO - Task exited with return code 0
[2024-07-14T09:04:30.454+0000] {taskinstance.py:3503} INFO - 0 downstream tasks scheduled from follow-on schedule check
[2024-07-14T09:04:30.470+0000] {local_task_job_runner.py:222} INFO - ::endgroup::
[2024-07-14T20:36:04.063+0000] {local_task_job_runner.py:120} INFO - ::group::Pre task execution logs
[2024-07-14T20:36:04.102+0000] {taskinstance.py:2076} INFO - Dependencies all met for dep_context=non-requeueable deps ti=<TaskInstance: fetch_spread_values.fetch_and_compute_spread_usd_mxn scheduled__2024-07-14T08:18:00+00:00 [queued]>
[2024-07-14T20:36:04.112+0000] {taskinstance.py:2076} INFO - Dependencies all met for dep_context=requeueable deps ti=<TaskInstance: fetch_spread_values.fetch_and_compute_spread_usd_mxn scheduled__2024-07-14T08:18:00+00:00 [queued]>
[2024-07-14T20:36:04.114+0000] {taskinstance.py:2306} INFO - Starting attempt 1 of 2
[2024-07-14T20:36:04.133+0000] {taskinstance.py:2330} INFO - Executing <Task(PythonOperator): fetch_and_compute_spread_usd_mxn> on 2024-07-14 08:18:00+00:00
[2024-07-14T20:36:04.137+0000] {standard_task_runner.py:90} INFO - Running: ['***', 'tasks', 'run', 'fetch_spread_values', 'fetch_and_compute_spread_usd_mxn', 'scheduled__2024-07-14T08:18:00+00:00', '--job-id', '1125', '--raw', '--subdir', 'DAGS_FOLDER/***.py', '--cfg-path', '/tmp/tmprv6qgn2h']
[2024-07-14T20:36:04.140+0000] {standard_task_runner.py:91} INFO - Job 1125: Subtask fetch_and_compute_spread_usd_mxn
[2024-07-14T20:36:04.137+0000] {logging_mixin.py:188} WARNING - /home/***/.local/lib/python3.12/site-packages/***/task/task_runner/standard_task_runner.py:61 DeprecationWarning: This process (pid=2460) is multi-threaded, use of fork() may lead to deadlocks in the child.
[2024-07-14T20:36:04.144+0000] {standard_task_runner.py:63} INFO - Started process 2470 to run task
[2024-07-14T20:36:04.179+0000] {task_command.py:426} INFO - Running <TaskInstance: fetch_spread_values.fetch_and_compute_spread_usd_mxn scheduled__2024-07-14T08:18:00+00:00 [running]> on host 77caf7e4b282
[2024-07-14T20:36:04.234+0000] {taskinstance.py:2648} INFO - Exporting env vars: AIRFLOW_CTX_DAG_OWNER='***' AIRFLOW_CTX_DAG_ID='fetch_spread_values' AIRFLOW_CTX_TASK_ID='fetch_and_compute_spread_usd_mxn' AIRFLOW_CTX_EXECUTION_DATE='2024-07-14T08:18:00+00:00' AIRFLOW_CTX_TRY_NUMBER='1' AIRFLOW_CTX_DAG_RUN_ID='scheduled__2024-07-14T08:18:00+00:00'
[2024-07-14T20:36:04.235+0000] {taskinstance.py:430} INFO - ::endgroup::
[2024-07-14T20:36:04.414+0000] {python.py:237} INFO - Done. Returned value was: None
[2024-07-14T20:36:04.415+0000] {taskinstance.py:441} INFO - ::group::Post task execution logs
[2024-07-14T20:36:04.420+0000] {taskinstance.py:1206} INFO - Marking task as SUCCESS. dag_id=fetch_spread_values, task_id=fetch_and_compute_spread_usd_mxn, run_id=scheduled__2024-07-14T08:18:00+00:00, execution_date=20240714T081800, start_date=20240714T203604, end_date=20240714T203604
[2024-07-14T20:36:04.452+0000] {local_task_job_runner.py:240} INFO - Task exited with return code 0
[2024-07-14T20:36:04.461+0000] {taskinstance.py:3503} INFO - 0 downstream tasks scheduled from follow-on schedule check
[2024-07-14T20:36:04.462+0000] {local_task_job_runner.py:222} INFO - ::endgroup::
