[2024-07-14T10:31:27.677+0000] {local_task_job_runner.py:120} INFO - ::group::Pre task execution logs
[2024-07-14T10:31:27.704+0000] {taskinstance.py:2076} INFO - Dependencies all met for dep_context=non-requeueable deps ti=<TaskInstance: fetch_spread_values.fetch_and_compute_spread_btc_mxn scheduled__2024-07-14T10:26:00+00:00 [queued]>
[2024-07-14T10:31:27.713+0000] {taskinstance.py:2076} INFO - Dependencies all met for dep_context=requeueable deps ti=<TaskInstance: fetch_spread_values.fetch_and_compute_spread_btc_mxn scheduled__2024-07-14T10:26:00+00:00 [queued]>
[2024-07-14T10:31:27.719+0000] {taskinstance.py:2306} INFO - Starting attempt 1 of 2
[2024-07-14T10:31:27.770+0000] {taskinstance.py:2330} INFO - Executing <Task(PythonOperator): fetch_and_compute_spread_btc_mxn> on 2024-07-14 10:26:00+00:00
[2024-07-14T10:31:27.785+0000] {warnings.py:112} WARNING - /home/***/.local/lib/python3.12/site-packages/***/task/task_runner/standard_task_runner.py:61: DeprecationWarning: This process (pid=4510) is multi-threaded, use of fork() may lead to deadlocks in the child.
  pid = os.fork()

[2024-07-14T10:31:27.787+0000] {standard_task_runner.py:63} INFO - Started process 4535 to run task
[2024-07-14T10:31:27.786+0000] {standard_task_runner.py:90} INFO - Running: ['***', 'tasks', 'run', 'fetch_spread_values', 'fetch_and_compute_spread_btc_mxn', 'scheduled__2024-07-14T10:26:00+00:00', '--job-id', '1346', '--raw', '--subdir', 'DAGS_FOLDER/***.py', '--cfg-path', '/tmp/tmp9nojuqnl']
[2024-07-14T10:31:27.798+0000] {standard_task_runner.py:91} INFO - Job 1346: Subtask fetch_and_compute_spread_btc_mxn
[2024-07-14T10:31:27.949+0000] {task_command.py:426} INFO - Running <TaskInstance: fetch_spread_values.fetch_and_compute_spread_btc_mxn scheduled__2024-07-14T10:26:00+00:00 [running]> on host d537c34a4880
[2024-07-14T10:31:28.111+0000] {taskinstance.py:2648} INFO - Exporting env vars: AIRFLOW_CTX_DAG_OWNER='***' AIRFLOW_CTX_DAG_ID='fetch_spread_values' AIRFLOW_CTX_TASK_ID='fetch_and_compute_spread_btc_mxn' AIRFLOW_CTX_EXECUTION_DATE='2024-07-14T10:26:00+00:00' AIRFLOW_CTX_TRY_NUMBER='1' AIRFLOW_CTX_DAG_RUN_ID='scheduled__2024-07-14T10:26:00+00:00'
[2024-07-14T10:31:28.117+0000] {taskinstance.py:430} INFO - ::endgroup::
[2024-07-14T10:31:28.348+0000] {python.py:237} INFO - Done. Returned value was: None
[2024-07-14T10:31:28.356+0000] {taskinstance.py:441} INFO - ::group::Post task execution logs
[2024-07-14T10:31:28.371+0000] {taskinstance.py:1206} INFO - Marking task as SUCCESS. dag_id=fetch_spread_values, task_id=fetch_and_compute_spread_btc_mxn, run_id=scheduled__2024-07-14T10:26:00+00:00, execution_date=20240714T102600, start_date=20240714T103127, end_date=20240714T103128
[2024-07-14T10:31:28.456+0000] {local_task_job_runner.py:240} INFO - Task exited with return code 0
[2024-07-14T10:31:28.485+0000] {taskinstance.py:3503} INFO - 0 downstream tasks scheduled from follow-on schedule check
[2024-07-14T10:31:28.492+0000] {local_task_job_runner.py:222} INFO - ::endgroup::
[2024-07-14T20:36:49.932+0000] {local_task_job_runner.py:120} INFO - ::group::Pre task execution logs
[2024-07-14T20:36:50.008+0000] {taskinstance.py:2076} INFO - Dependencies all met for dep_context=non-requeueable deps ti=<TaskInstance: fetch_spread_values.fetch_and_compute_spread_btc_mxn scheduled__2024-07-14T10:26:00+00:00 [queued]>
[2024-07-14T20:36:50.027+0000] {taskinstance.py:2076} INFO - Dependencies all met for dep_context=requeueable deps ti=<TaskInstance: fetch_spread_values.fetch_and_compute_spread_btc_mxn scheduled__2024-07-14T10:26:00+00:00 [queued]>
[2024-07-14T20:36:50.028+0000] {taskinstance.py:2306} INFO - Starting attempt 1 of 2
[2024-07-14T20:36:50.050+0000] {taskinstance.py:2330} INFO - Executing <Task(PythonOperator): fetch_and_compute_spread_btc_mxn> on 2024-07-14 10:26:00+00:00
[2024-07-14T20:36:50.060+0000] {logging_mixin.py:188} WARNING - /home/***/.local/lib/python3.12/site-packages/***/task/task_runner/standard_task_runner.py:61 DeprecationWarning: This process (pid=2983) is multi-threaded, use of fork() may lead to deadlocks in the child.
[2024-07-14T20:36:50.061+0000] {standard_task_runner.py:63} INFO - Started process 2989 to run task
[2024-07-14T20:36:50.062+0000] {standard_task_runner.py:90} INFO - Running: ['***', 'tasks', 'run', 'fetch_spread_values', 'fetch_and_compute_spread_btc_mxn', 'scheduled__2024-07-14T10:26:00+00:00', '--job-id', '1380', '--raw', '--subdir', 'DAGS_FOLDER/***.py', '--cfg-path', '/tmp/tmp1ceu0cdh']
[2024-07-14T20:36:50.069+0000] {standard_task_runner.py:91} INFO - Job 1380: Subtask fetch_and_compute_spread_btc_mxn
[2024-07-14T20:36:50.143+0000] {task_command.py:426} INFO - Running <TaskInstance: fetch_spread_values.fetch_and_compute_spread_btc_mxn scheduled__2024-07-14T10:26:00+00:00 [running]> on host 77caf7e4b282
[2024-07-14T20:36:50.235+0000] {taskinstance.py:2648} INFO - Exporting env vars: AIRFLOW_CTX_DAG_OWNER='***' AIRFLOW_CTX_DAG_ID='fetch_spread_values' AIRFLOW_CTX_TASK_ID='fetch_and_compute_spread_btc_mxn' AIRFLOW_CTX_EXECUTION_DATE='2024-07-14T10:26:00+00:00' AIRFLOW_CTX_TRY_NUMBER='1' AIRFLOW_CTX_DAG_RUN_ID='scheduled__2024-07-14T10:26:00+00:00'
[2024-07-14T20:36:50.237+0000] {taskinstance.py:430} INFO - ::endgroup::
[2024-07-14T20:36:50.401+0000] {python.py:237} INFO - Done. Returned value was: None
[2024-07-14T20:36:50.401+0000] {taskinstance.py:441} INFO - ::group::Post task execution logs
[2024-07-14T20:36:50.408+0000] {taskinstance.py:1206} INFO - Marking task as SUCCESS. dag_id=fetch_spread_values, task_id=fetch_and_compute_spread_btc_mxn, run_id=scheduled__2024-07-14T10:26:00+00:00, execution_date=20240714T102600, start_date=20240714T203650, end_date=20240714T203650
[2024-07-14T20:36:50.422+0000] {local_task_job_runner.py:240} INFO - Task exited with return code 0
[2024-07-14T20:36:50.433+0000] {taskinstance.py:3503} INFO - 0 downstream tasks scheduled from follow-on schedule check
[2024-07-14T20:36:50.434+0000] {local_task_job_runner.py:222} INFO - ::endgroup::
