[2024-07-14T10:48:22.274+0000] {local_task_job_runner.py:120} INFO - ::group::Pre task execution logs
[2024-07-14T10:48:22.289+0000] {taskinstance.py:2076} INFO - Dependencies all met for dep_context=non-requeueable deps ti=<TaskInstance: fetch_spread_values.fetch_and_compute_spread_usd_mxn scheduled__2024-07-14T10:47:00+00:00 [queued]>
[2024-07-14T10:48:22.296+0000] {taskinstance.py:2076} INFO - Dependencies all met for dep_context=requeueable deps ti=<TaskInstance: fetch_spread_values.fetch_and_compute_spread_usd_mxn scheduled__2024-07-14T10:47:00+00:00 [queued]>
[2024-07-14T10:48:22.296+0000] {taskinstance.py:2306} INFO - Starting attempt 1 of 2
[2024-07-14T10:48:22.306+0000] {taskinstance.py:2330} INFO - Executing <Task(PythonOperator): fetch_and_compute_spread_usd_mxn> on 2024-07-14 10:47:00+00:00
[2024-07-14T10:48:22.311+0000] {warnings.py:112} WARNING - /home/***/.local/lib/python3.12/site-packages/***/task/task_runner/standard_task_runner.py:61: DeprecationWarning: This process (pid=4640) is multi-threaded, use of fork() may lead to deadlocks in the child.
  pid = os.fork()

[2024-07-14T10:48:22.313+0000] {standard_task_runner.py:63} INFO - Started process 4656 to run task
[2024-07-14T10:48:22.314+0000] {standard_task_runner.py:90} INFO - Running: ['***', 'tasks', 'run', 'fetch_spread_values', 'fetch_and_compute_spread_usd_mxn', 'scheduled__2024-07-14T10:47:00+00:00', '--job-id', '1387', '--raw', '--subdir', 'DAGS_FOLDER/***.py', '--cfg-path', '/tmp/tmpyunbcq8r']
[2024-07-14T10:48:22.318+0000] {standard_task_runner.py:91} INFO - Job 1387: Subtask fetch_and_compute_spread_usd_mxn
[2024-07-14T10:48:22.368+0000] {task_command.py:426} INFO - Running <TaskInstance: fetch_spread_values.fetch_and_compute_spread_usd_mxn scheduled__2024-07-14T10:47:00+00:00 [running]> on host d537c34a4880
[2024-07-14T10:48:22.462+0000] {taskinstance.py:2648} INFO - Exporting env vars: AIRFLOW_CTX_DAG_OWNER='***' AIRFLOW_CTX_DAG_ID='fetch_spread_values' AIRFLOW_CTX_TASK_ID='fetch_and_compute_spread_usd_mxn' AIRFLOW_CTX_EXECUTION_DATE='2024-07-14T10:47:00+00:00' AIRFLOW_CTX_TRY_NUMBER='1' AIRFLOW_CTX_DAG_RUN_ID='scheduled__2024-07-14T10:47:00+00:00'
[2024-07-14T10:48:22.463+0000] {taskinstance.py:430} INFO - ::endgroup::
[2024-07-14T10:48:22.615+0000] {python.py:237} INFO - Done. Returned value was: None
[2024-07-14T10:48:22.616+0000] {taskinstance.py:441} INFO - ::group::Post task execution logs
[2024-07-14T10:48:22.622+0000] {taskinstance.py:1206} INFO - Marking task as SUCCESS. dag_id=fetch_spread_values, task_id=fetch_and_compute_spread_usd_mxn, run_id=scheduled__2024-07-14T10:47:00+00:00, execution_date=20240714T104700, start_date=20240714T104822, end_date=20240714T104822
[2024-07-14T10:48:22.665+0000] {local_task_job_runner.py:240} INFO - Task exited with return code 0
[2024-07-14T10:48:22.679+0000] {taskinstance.py:3503} INFO - 0 downstream tasks scheduled from follow-on schedule check
[2024-07-14T10:48:22.680+0000] {local_task_job_runner.py:222} INFO - ::endgroup::
[2024-07-14T20:36:59.434+0000] {local_task_job_runner.py:120} INFO - ::group::Pre task execution logs
[2024-07-14T20:36:59.462+0000] {taskinstance.py:2076} INFO - Dependencies all met for dep_context=non-requeueable deps ti=<TaskInstance: fetch_spread_values.fetch_and_compute_spread_usd_mxn scheduled__2024-07-14T10:47:00+00:00 [queued]>
[2024-07-14T20:36:59.469+0000] {taskinstance.py:2076} INFO - Dependencies all met for dep_context=requeueable deps ti=<TaskInstance: fetch_spread_values.fetch_and_compute_spread_usd_mxn scheduled__2024-07-14T10:47:00+00:00 [queued]>
[2024-07-14T20:36:59.475+0000] {taskinstance.py:2306} INFO - Starting attempt 1 of 2
[2024-07-14T20:36:59.490+0000] {taskinstance.py:2330} INFO - Executing <Task(PythonOperator): fetch_and_compute_spread_usd_mxn> on 2024-07-14 10:47:00+00:00
[2024-07-14T20:36:59.498+0000] {logging_mixin.py:188} WARNING - /home/***/.local/lib/python3.12/site-packages/***/task/task_runner/standard_task_runner.py:61 DeprecationWarning: This process (pid=3072) is multi-threaded, use of fork() may lead to deadlocks in the child.
[2024-07-14T20:36:59.508+0000] {standard_task_runner.py:63} INFO - Started process 3079 to run task
[2024-07-14T20:36:59.497+0000] {standard_task_runner.py:90} INFO - Running: ['***', 'tasks', 'run', 'fetch_spread_values', 'fetch_and_compute_spread_usd_mxn', 'scheduled__2024-07-14T10:47:00+00:00', '--job-id', '1422', '--raw', '--subdir', 'DAGS_FOLDER/***.py', '--cfg-path', '/tmp/tmpgkhqud0f']
[2024-07-14T20:36:59.511+0000] {standard_task_runner.py:91} INFO - Job 1422: Subtask fetch_and_compute_spread_usd_mxn
[2024-07-14T20:36:59.576+0000] {task_command.py:426} INFO - Running <TaskInstance: fetch_spread_values.fetch_and_compute_spread_usd_mxn scheduled__2024-07-14T10:47:00+00:00 [running]> on host 77caf7e4b282
[2024-07-14T20:36:59.705+0000] {taskinstance.py:2648} INFO - Exporting env vars: AIRFLOW_CTX_DAG_OWNER='***' AIRFLOW_CTX_DAG_ID='fetch_spread_values' AIRFLOW_CTX_TASK_ID='fetch_and_compute_spread_usd_mxn' AIRFLOW_CTX_EXECUTION_DATE='2024-07-14T10:47:00+00:00' AIRFLOW_CTX_TRY_NUMBER='1' AIRFLOW_CTX_DAG_RUN_ID='scheduled__2024-07-14T10:47:00+00:00'
[2024-07-14T20:36:59.710+0000] {taskinstance.py:430} INFO - ::endgroup::
[2024-07-14T20:37:00.060+0000] {python.py:237} INFO - Done. Returned value was: None
[2024-07-14T20:37:00.063+0000] {taskinstance.py:441} INFO - ::group::Post task execution logs
[2024-07-14T20:37:00.077+0000] {taskinstance.py:1206} INFO - Marking task as SUCCESS. dag_id=fetch_spread_values, task_id=fetch_and_compute_spread_usd_mxn, run_id=scheduled__2024-07-14T10:47:00+00:00, execution_date=20240714T104700, start_date=20240714T203659, end_date=20240714T203700
[2024-07-14T20:37:00.166+0000] {local_task_job_runner.py:240} INFO - Task exited with return code 0
[2024-07-14T20:37:00.188+0000] {taskinstance.py:3503} INFO - 0 downstream tasks scheduled from follow-on schedule check
[2024-07-14T20:37:00.196+0000] {local_task_job_runner.py:222} INFO - ::endgroup::
