[2024-07-14T08:58:10.079+0000] {local_task_job_runner.py:120} INFO - ::group::Pre task execution logs
[2024-07-14T08:58:10.092+0000] {taskinstance.py:2076} INFO - Dependencies all met for dep_context=non-requeueable deps ti=<TaskInstance: fetch_spread_values.fetch_and_compute_spread_btc_mxn scheduled__2024-07-14T01:32:00+00:00 [queued]>
[2024-07-14T08:58:10.100+0000] {taskinstance.py:2076} INFO - Dependencies all met for dep_context=requeueable deps ti=<TaskInstance: fetch_spread_values.fetch_and_compute_spread_btc_mxn scheduled__2024-07-14T01:32:00+00:00 [queued]>
[2024-07-14T08:58:10.104+0000] {taskinstance.py:2306} INFO - Starting attempt 1 of 2
[2024-07-14T08:58:10.117+0000] {taskinstance.py:2330} INFO - Executing <Task(PythonOperator): fetch_and_compute_spread_btc_mxn> on 2024-07-14 01:32:00+00:00
[2024-07-14T08:58:10.122+0000] {warnings.py:112} WARNING - /home/***/.local/lib/python3.12/site-packages/***/task/task_runner/standard_task_runner.py:61: DeprecationWarning: This process (pid=678) is multi-threaded, use of fork() may lead to deadlocks in the child.
  pid = os.fork()

[2024-07-14T08:58:10.125+0000] {standard_task_runner.py:90} INFO - Running: ['***', 'tasks', 'run', 'fetch_spread_values', 'fetch_and_compute_spread_btc_mxn', 'scheduled__2024-07-14T01:32:00+00:00', '--job-id', '211', '--raw', '--subdir', 'DAGS_FOLDER/***.py', '--cfg-path', '/tmp/tmpjimy32vf']
[2024-07-14T08:58:10.128+0000] {standard_task_runner.py:91} INFO - Job 211: Subtask fetch_and_compute_spread_btc_mxn
[2024-07-14T08:58:10.127+0000] {standard_task_runner.py:63} INFO - Started process 695 to run task
[2024-07-14T08:58:10.167+0000] {task_command.py:426} INFO - Running <TaskInstance: fetch_spread_values.fetch_and_compute_spread_btc_mxn scheduled__2024-07-14T01:32:00+00:00 [running]> on host d537c34a4880
[2024-07-14T08:58:10.226+0000] {taskinstance.py:2648} INFO - Exporting env vars: AIRFLOW_CTX_DAG_OWNER='***' AIRFLOW_CTX_DAG_ID='fetch_spread_values' AIRFLOW_CTX_TASK_ID='fetch_and_compute_spread_btc_mxn' AIRFLOW_CTX_EXECUTION_DATE='2024-07-14T01:32:00+00:00' AIRFLOW_CTX_TRY_NUMBER='1' AIRFLOW_CTX_DAG_RUN_ID='scheduled__2024-07-14T01:32:00+00:00'
[2024-07-14T08:58:10.228+0000] {taskinstance.py:430} INFO - ::endgroup::
[2024-07-14T08:58:10.362+0000] {python.py:237} INFO - Done. Returned value was: None
[2024-07-14T08:58:10.363+0000] {taskinstance.py:441} INFO - ::group::Post task execution logs
[2024-07-14T08:58:10.368+0000] {taskinstance.py:1206} INFO - Marking task as SUCCESS. dag_id=fetch_spread_values, task_id=fetch_and_compute_spread_btc_mxn, run_id=scheduled__2024-07-14T01:32:00+00:00, execution_date=20240714T013200, start_date=20240714T085810, end_date=20240714T085810
[2024-07-14T08:58:10.395+0000] {local_task_job_runner.py:240} INFO - Task exited with return code 0
[2024-07-14T08:58:10.405+0000] {taskinstance.py:3503} INFO - 0 downstream tasks scheduled from follow-on schedule check
[2024-07-14T08:58:10.406+0000] {local_task_job_runner.py:222} INFO - ::endgroup::
[2024-07-14T20:32:42.082+0000] {local_task_job_runner.py:120} INFO - ::group::Pre task execution logs
[2024-07-14T20:32:42.099+0000] {taskinstance.py:2076} INFO - Dependencies all met for dep_context=non-requeueable deps ti=<TaskInstance: fetch_spread_values.fetch_and_compute_spread_btc_mxn scheduled__2024-07-14T01:32:00+00:00 [queued]>
[2024-07-14T20:32:42.103+0000] {taskinstance.py:2076} INFO - Dependencies all met for dep_context=requeueable deps ti=<TaskInstance: fetch_spread_values.fetch_and_compute_spread_btc_mxn scheduled__2024-07-14T01:32:00+00:00 [queued]>
[2024-07-14T20:32:42.103+0000] {taskinstance.py:2306} INFO - Starting attempt 1 of 2
[2024-07-14T20:32:42.108+0000] {taskinstance.py:2330} INFO - Executing <Task(PythonOperator): fetch_and_compute_spread_btc_mxn> on 2024-07-14 01:32:00+00:00
[2024-07-14T20:32:42.112+0000] {logging_mixin.py:188} WARNING - /home/***/.local/lib/python3.12/site-packages/***/task/task_runner/standard_task_runner.py:61 DeprecationWarning: This process (pid=561) is multi-threaded, use of fork() may lead to deadlocks in the child.
[2024-07-14T20:32:42.113+0000] {standard_task_runner.py:63} INFO - Started process 563 to run task
[2024-07-14T20:32:42.113+0000] {standard_task_runner.py:90} INFO - Running: ['***', 'tasks', 'run', 'fetch_spread_values', 'fetch_and_compute_spread_btc_mxn', 'scheduled__2024-07-14T01:32:00+00:00', '--job-id', '190', '--raw', '--subdir', 'DAGS_FOLDER/***.py', '--cfg-path', '/tmp/tmp7s4gdvhv']
[2024-07-14T20:32:42.114+0000] {standard_task_runner.py:91} INFO - Job 190: Subtask fetch_and_compute_spread_btc_mxn
[2024-07-14T20:32:42.138+0000] {task_command.py:426} INFO - Running <TaskInstance: fetch_spread_values.fetch_and_compute_spread_btc_mxn scheduled__2024-07-14T01:32:00+00:00 [running]> on host 77caf7e4b282
[2024-07-14T20:32:42.182+0000] {taskinstance.py:2648} INFO - Exporting env vars: AIRFLOW_CTX_DAG_OWNER='***' AIRFLOW_CTX_DAG_ID='fetch_spread_values' AIRFLOW_CTX_TASK_ID='fetch_and_compute_spread_btc_mxn' AIRFLOW_CTX_EXECUTION_DATE='2024-07-14T01:32:00+00:00' AIRFLOW_CTX_TRY_NUMBER='1' AIRFLOW_CTX_DAG_RUN_ID='scheduled__2024-07-14T01:32:00+00:00'
[2024-07-14T20:32:42.182+0000] {taskinstance.py:430} INFO - ::endgroup::
[2024-07-14T20:32:42.364+0000] {python.py:237} INFO - Done. Returned value was: None
[2024-07-14T20:32:42.366+0000] {taskinstance.py:441} INFO - ::group::Post task execution logs
[2024-07-14T20:32:42.376+0000] {taskinstance.py:1206} INFO - Marking task as SUCCESS. dag_id=fetch_spread_values, task_id=fetch_and_compute_spread_btc_mxn, run_id=scheduled__2024-07-14T01:32:00+00:00, execution_date=20240714T013200, start_date=20240714T203242, end_date=20240714T203242
[2024-07-14T20:32:42.427+0000] {local_task_job_runner.py:240} INFO - Task exited with return code 0
[2024-07-14T20:32:42.433+0000] {local_task_job_runner.py:222} INFO - ::endgroup::
