[2024-07-14T09:00:35.683+0000] {local_task_job_runner.py:120} INFO - ::group::Pre task execution logs
[2024-07-14T09:00:35.706+0000] {taskinstance.py:2076} INFO - Dependencies all met for dep_context=non-requeueable deps ti=<TaskInstance: fetch_spread_values.fetch_and_compute_spread_usd_mxn scheduled__2024-07-14T04:00:00+00:00 [queued]>
[2024-07-14T09:00:35.728+0000] {taskinstance.py:2076} INFO - Dependencies all met for dep_context=requeueable deps ti=<TaskInstance: fetch_spread_values.fetch_and_compute_spread_usd_mxn scheduled__2024-07-14T04:00:00+00:00 [queued]>
[2024-07-14T09:00:35.731+0000] {taskinstance.py:2306} INFO - Starting attempt 1 of 2
[2024-07-14T09:00:35.761+0000] {taskinstance.py:2330} INFO - Executing <Task(PythonOperator): fetch_and_compute_spread_usd_mxn> on 2024-07-14 04:00:00+00:00
[2024-07-14T09:00:35.769+0000] {warnings.py:112} WARNING - /home/***/.local/lib/python3.12/site-packages/***/task/task_runner/standard_task_runner.py:61: DeprecationWarning: This process (pid=1589) is multi-threaded, use of fork() may lead to deadlocks in the child.
  pid = os.fork()

[2024-07-14T09:00:35.780+0000] {standard_task_runner.py:63} INFO - Started process 1620 to run task
[2024-07-14T09:00:35.772+0000] {standard_task_runner.py:90} INFO - Running: ['***', 'tasks', 'run', 'fetch_spread_values', 'fetch_and_compute_spread_usd_mxn', 'scheduled__2024-07-14T04:00:00+00:00', '--job-id', '510', '--raw', '--subdir', 'DAGS_FOLDER/***.py', '--cfg-path', '/tmp/tmpbikh8v8h']
[2024-07-14T09:00:35.786+0000] {standard_task_runner.py:91} INFO - Job 510: Subtask fetch_and_compute_spread_usd_mxn
[2024-07-14T09:00:35.858+0000] {task_command.py:426} INFO - Running <TaskInstance: fetch_spread_values.fetch_and_compute_spread_usd_mxn scheduled__2024-07-14T04:00:00+00:00 [running]> on host d537c34a4880
[2024-07-14T09:00:35.948+0000] {taskinstance.py:2648} INFO - Exporting env vars: AIRFLOW_CTX_DAG_OWNER='***' AIRFLOW_CTX_DAG_ID='fetch_spread_values' AIRFLOW_CTX_TASK_ID='fetch_and_compute_spread_usd_mxn' AIRFLOW_CTX_EXECUTION_DATE='2024-07-14T04:00:00+00:00' AIRFLOW_CTX_TRY_NUMBER='1' AIRFLOW_CTX_DAG_RUN_ID='scheduled__2024-07-14T04:00:00+00:00'
[2024-07-14T09:00:35.950+0000] {taskinstance.py:430} INFO - ::endgroup::
[2024-07-14T09:00:36.124+0000] {python.py:237} INFO - Done. Returned value was: None
[2024-07-14T09:00:36.129+0000] {taskinstance.py:441} INFO - ::group::Post task execution logs
[2024-07-14T09:00:36.144+0000] {taskinstance.py:1206} INFO - Marking task as SUCCESS. dag_id=fetch_spread_values, task_id=fetch_and_compute_spread_usd_mxn, run_id=scheduled__2024-07-14T04:00:00+00:00, execution_date=20240714T040000, start_date=20240714T090035, end_date=20240714T090036
[2024-07-14T09:00:36.183+0000] {local_task_job_runner.py:240} INFO - Task exited with return code 0
[2024-07-14T09:00:36.205+0000] {taskinstance.py:3503} INFO - 0 downstream tasks scheduled from follow-on schedule check
[2024-07-14T09:00:36.207+0000] {local_task_job_runner.py:222} INFO - ::endgroup::
[2024-07-14T20:33:49.483+0000] {local_task_job_runner.py:120} INFO - ::group::Pre task execution logs
[2024-07-14T20:33:49.531+0000] {taskinstance.py:2076} INFO - Dependencies all met for dep_context=non-requeueable deps ti=<TaskInstance: fetch_spread_values.fetch_and_compute_spread_usd_mxn scheduled__2024-07-14T04:00:00+00:00 [queued]>
[2024-07-14T20:33:49.541+0000] {taskinstance.py:2076} INFO - Dependencies all met for dep_context=requeueable deps ti=<TaskInstance: fetch_spread_values.fetch_and_compute_spread_usd_mxn scheduled__2024-07-14T04:00:00+00:00 [queued]>
[2024-07-14T20:33:49.542+0000] {taskinstance.py:2306} INFO - Starting attempt 1 of 2
[2024-07-14T20:33:49.552+0000] {taskinstance.py:2330} INFO - Executing <Task(PythonOperator): fetch_and_compute_spread_usd_mxn> on 2024-07-14 04:00:00+00:00
[2024-07-14T20:33:49.555+0000] {logging_mixin.py:188} WARNING - /home/***/.local/lib/python3.12/site-packages/***/task/task_runner/standard_task_runner.py:61 DeprecationWarning: This process (pid=1163) is multi-threaded, use of fork() may lead to deadlocks in the child.
[2024-07-14T20:33:49.556+0000] {standard_task_runner.py:90} INFO - Running: ['***', 'tasks', 'run', 'fetch_spread_values', 'fetch_and_compute_spread_usd_mxn', 'scheduled__2024-07-14T04:00:00+00:00', '--job-id', '486', '--raw', '--subdir', 'DAGS_FOLDER/***.py', '--cfg-path', '/tmp/tmpkgw3bvs_']
[2024-07-14T20:33:49.558+0000] {standard_task_runner.py:63} INFO - Started process 1172 to run task
[2024-07-14T20:33:49.559+0000] {standard_task_runner.py:91} INFO - Job 486: Subtask fetch_and_compute_spread_usd_mxn
[2024-07-14T20:33:49.601+0000] {task_command.py:426} INFO - Running <TaskInstance: fetch_spread_values.fetch_and_compute_spread_usd_mxn scheduled__2024-07-14T04:00:00+00:00 [running]> on host 77caf7e4b282
[2024-07-14T20:33:49.673+0000] {taskinstance.py:2648} INFO - Exporting env vars: AIRFLOW_CTX_DAG_OWNER='***' AIRFLOW_CTX_DAG_ID='fetch_spread_values' AIRFLOW_CTX_TASK_ID='fetch_and_compute_spread_usd_mxn' AIRFLOW_CTX_EXECUTION_DATE='2024-07-14T04:00:00+00:00' AIRFLOW_CTX_TRY_NUMBER='1' AIRFLOW_CTX_DAG_RUN_ID='scheduled__2024-07-14T04:00:00+00:00'
[2024-07-14T20:33:49.674+0000] {taskinstance.py:430} INFO - ::endgroup::
[2024-07-14T20:33:49.834+0000] {python.py:237} INFO - Done. Returned value was: None
[2024-07-14T20:33:49.835+0000] {taskinstance.py:441} INFO - ::group::Post task execution logs
[2024-07-14T20:33:49.841+0000] {taskinstance.py:1206} INFO - Marking task as SUCCESS. dag_id=fetch_spread_values, task_id=fetch_and_compute_spread_usd_mxn, run_id=scheduled__2024-07-14T04:00:00+00:00, execution_date=20240714T040000, start_date=20240714T203349, end_date=20240714T203349
[2024-07-14T20:33:49.863+0000] {local_task_job_runner.py:240} INFO - Task exited with return code 0
[2024-07-14T20:33:49.872+0000] {taskinstance.py:3503} INFO - 0 downstream tasks scheduled from follow-on schedule check
[2024-07-14T20:33:49.872+0000] {local_task_job_runner.py:222} INFO - ::endgroup::
