[2024-07-14T09:05:27.517+0000] {local_task_job_runner.py:120} INFO - ::group::Pre task execution logs
[2024-07-14T09:05:27.582+0000] {taskinstance.py:2076} INFO - Dependencies all met for dep_context=non-requeueable deps ti=<TaskInstance: save_spread_values.save_and_flush_task scheduled__2024-07-14T04:30:00+00:00 [queued]>
[2024-07-14T09:05:27.592+0000] {taskinstance.py:2076} INFO - Dependencies all met for dep_context=requeueable deps ti=<TaskInstance: save_spread_values.save_and_flush_task scheduled__2024-07-14T04:30:00+00:00 [queued]>
[2024-07-14T09:05:27.593+0000] {taskinstance.py:2306} INFO - Starting attempt 1 of 2
[2024-07-14T09:05:27.607+0000] {taskinstance.py:2330} INFO - Executing <Task(PythonOperator): save_and_flush_task> on 2024-07-14 04:30:00+00:00
[2024-07-14T09:05:27.614+0000] {warnings.py:112} WARNING - /home/***/.local/lib/python3.12/site-packages/***/task/task_runner/standard_task_runner.py:61: DeprecationWarning: This process (pid=3562) is multi-threaded, use of fork() may lead to deadlocks in the child.
  pid = os.fork()

[2024-07-14T09:05:27.615+0000] {standard_task_runner.py:63} INFO - Started process 3590 to run task
[2024-07-14T09:05:27.624+0000] {standard_task_runner.py:90} INFO - Running: ['***', 'tasks', 'run', 'save_spread_values', 'save_and_flush_task', 'scheduled__2024-07-14T04:30:00+00:00', '--job-id', '1145', '--raw', '--subdir', 'DAGS_FOLDER/***.py', '--cfg-path', '/tmp/tmp304pl7qs']
[2024-07-14T09:05:27.626+0000] {standard_task_runner.py:91} INFO - Job 1145: Subtask save_and_flush_task
[2024-07-14T09:05:27.681+0000] {task_command.py:426} INFO - Running <TaskInstance: save_spread_values.save_and_flush_task scheduled__2024-07-14T04:30:00+00:00 [running]> on host d537c34a4880
[2024-07-14T09:05:27.787+0000] {taskinstance.py:2648} INFO - Exporting env vars: AIRFLOW_CTX_DAG_OWNER='***' AIRFLOW_CTX_DAG_ID='save_spread_values' AIRFLOW_CTX_TASK_ID='save_and_flush_task' AIRFLOW_CTX_EXECUTION_DATE='2024-07-14T04:30:00+00:00' AIRFLOW_CTX_TRY_NUMBER='1' AIRFLOW_CTX_DAG_RUN_ID='scheduled__2024-07-14T04:30:00+00:00'
[2024-07-14T09:05:27.790+0000] {taskinstance.py:430} INFO - ::endgroup::
[2024-07-14T09:05:27.792+0000] {python.py:237} INFO - Done. Returned value was: None
[2024-07-14T09:05:27.793+0000] {taskinstance.py:441} INFO - ::group::Post task execution logs
[2024-07-14T09:05:27.805+0000] {taskinstance.py:1206} INFO - Marking task as SUCCESS. dag_id=save_spread_values, task_id=save_and_flush_task, run_id=scheduled__2024-07-14T04:30:00+00:00, execution_date=20240714T043000, start_date=20240714T090527, end_date=20240714T090527
[2024-07-14T09:05:27.844+0000] {local_task_job_runner.py:240} INFO - Task exited with return code 0
[2024-07-14T09:05:27.877+0000] {taskinstance.py:3503} INFO - 0 downstream tasks scheduled from follow-on schedule check
[2024-07-14T09:05:27.879+0000] {local_task_job_runner.py:222} INFO - ::endgroup::
[2024-07-14T20:34:46.009+0000] {local_task_job_runner.py:120} INFO - ::group::Pre task execution logs
[2024-07-14T20:34:46.040+0000] {taskinstance.py:2076} INFO - Dependencies all met for dep_context=non-requeueable deps ti=<TaskInstance: save_spread_values.save_and_flush_task scheduled__2024-07-14T04:30:00+00:00 [queued]>
[2024-07-14T20:34:46.053+0000] {taskinstance.py:2076} INFO - Dependencies all met for dep_context=requeueable deps ti=<TaskInstance: save_spread_values.save_and_flush_task scheduled__2024-07-14T04:30:00+00:00 [queued]>
[2024-07-14T20:34:46.054+0000] {taskinstance.py:2306} INFO - Starting attempt 1 of 2
[2024-07-14T20:34:46.099+0000] {taskinstance.py:2330} INFO - Executing <Task(PythonOperator): save_and_flush_task> on 2024-07-14 04:30:00+00:00
[2024-07-14T20:34:46.106+0000] {logging_mixin.py:188} WARNING - /home/***/.local/lib/python3.12/site-packages/***/task/task_runner/standard_task_runner.py:61 DeprecationWarning: This process (pid=1754) is multi-threaded, use of fork() may lead to deadlocks in the child.
[2024-07-14T20:34:46.108+0000] {standard_task_runner.py:90} INFO - Running: ['***', 'tasks', 'run', 'save_spread_values', 'save_and_flush_task', 'scheduled__2024-07-14T04:30:00+00:00', '--job-id', '780', '--raw', '--subdir', 'DAGS_FOLDER/***.py', '--cfg-path', '/tmp/tmp5tlgbkp5']
[2024-07-14T20:34:46.109+0000] {standard_task_runner.py:63} INFO - Started process 1763 to run task
[2024-07-14T20:34:46.111+0000] {standard_task_runner.py:91} INFO - Job 780: Subtask save_and_flush_task
[2024-07-14T20:34:46.173+0000] {task_command.py:426} INFO - Running <TaskInstance: save_spread_values.save_and_flush_task scheduled__2024-07-14T04:30:00+00:00 [running]> on host 77caf7e4b282
[2024-07-14T20:34:46.281+0000] {taskinstance.py:2648} INFO - Exporting env vars: AIRFLOW_CTX_DAG_OWNER='***' AIRFLOW_CTX_DAG_ID='save_spread_values' AIRFLOW_CTX_TASK_ID='save_and_flush_task' AIRFLOW_CTX_EXECUTION_DATE='2024-07-14T04:30:00+00:00' AIRFLOW_CTX_TRY_NUMBER='1' AIRFLOW_CTX_DAG_RUN_ID='scheduled__2024-07-14T04:30:00+00:00'
[2024-07-14T20:34:46.282+0000] {taskinstance.py:430} INFO - ::endgroup::
[2024-07-14T20:34:46.292+0000] {python.py:237} INFO - Done. Returned value was: None
[2024-07-14T20:34:46.293+0000] {taskinstance.py:441} INFO - ::group::Post task execution logs
[2024-07-14T20:34:46.308+0000] {taskinstance.py:1206} INFO - Marking task as SUCCESS. dag_id=save_spread_values, task_id=save_and_flush_task, run_id=scheduled__2024-07-14T04:30:00+00:00, execution_date=20240714T043000, start_date=20240714T203446, end_date=20240714T203446
[2024-07-14T20:34:46.383+0000] {local_task_job_runner.py:240} INFO - Task exited with return code 0
[2024-07-14T20:34:46.394+0000] {local_task_job_runner.py:222} INFO - ::endgroup::
