[2024-07-14T12:30:04.403+0000] {local_task_job_runner.py:120} INFO - ::group::Pre task execution logs
[2024-07-14T12:30:04.471+0000] {taskinstance.py:2076} INFO - Dependencies all met for dep_context=non-requeueable deps ti=<TaskInstance: save_spread_values.save_and_flush_task scheduled__2024-07-14T12:20:00+00:00 [queued]>
[2024-07-14T12:30:04.510+0000] {taskinstance.py:2076} INFO - Dependencies all met for dep_context=requeueable deps ti=<TaskInstance: save_spread_values.save_and_flush_task scheduled__2024-07-14T12:20:00+00:00 [queued]>
[2024-07-14T12:30:04.517+0000] {taskinstance.py:2306} INFO - Starting attempt 1 of 2
[2024-07-14T12:30:04.557+0000] {taskinstance.py:2330} INFO - Executing <Task(PythonOperator): save_and_flush_task> on 2024-07-14 12:20:00+00:00
[2024-07-14T12:30:04.564+0000] {warnings.py:112} WARNING - /home/***/.local/lib/python3.12/site-packages/***/task/task_runner/standard_task_runner.py:61: DeprecationWarning: This process (pid=5290) is multi-threaded, use of fork() may lead to deadlocks in the child.
  pid = os.fork()

[2024-07-14T12:30:04.576+0000] {standard_task_runner.py:63} INFO - Started process 5320 to run task
[2024-07-14T12:30:04.577+0000] {standard_task_runner.py:90} INFO - Running: ['***', 'tasks', 'run', 'save_spread_values', 'save_and_flush_task', 'scheduled__2024-07-14T12:20:00+00:00', '--job-id', '1589', '--raw', '--subdir', 'DAGS_FOLDER/***.py', '--cfg-path', '/tmp/tmpzfigzzwa']
[2024-07-14T12:30:04.592+0000] {standard_task_runner.py:91} INFO - Job 1589: Subtask save_and_flush_task
[2024-07-14T12:30:04.697+0000] {task_command.py:426} INFO - Running <TaskInstance: save_spread_values.save_and_flush_task scheduled__2024-07-14T12:20:00+00:00 [running]> on host d537c34a4880
[2024-07-14T12:30:04.976+0000] {taskinstance.py:2648} INFO - Exporting env vars: AIRFLOW_CTX_DAG_OWNER='***' AIRFLOW_CTX_DAG_ID='save_spread_values' AIRFLOW_CTX_TASK_ID='save_and_flush_task' AIRFLOW_CTX_EXECUTION_DATE='2024-07-14T12:20:00+00:00' AIRFLOW_CTX_TRY_NUMBER='1' AIRFLOW_CTX_DAG_RUN_ID='scheduled__2024-07-14T12:20:00+00:00'
[2024-07-14T12:30:04.981+0000] {taskinstance.py:430} INFO - ::endgroup::
[2024-07-14T12:30:04.990+0000] {python.py:237} INFO - Done. Returned value was: None
[2024-07-14T12:30:05.004+0000] {taskinstance.py:441} INFO - ::group::Post task execution logs
[2024-07-14T12:30:05.040+0000] {taskinstance.py:1206} INFO - Marking task as SUCCESS. dag_id=save_spread_values, task_id=save_and_flush_task, run_id=scheduled__2024-07-14T12:20:00+00:00, execution_date=20240714T122000, start_date=20240714T123004, end_date=20240714T123005
[2024-07-14T12:30:05.101+0000] {local_task_job_runner.py:240} INFO - Task exited with return code 0
[2024-07-14T12:30:05.132+0000] {taskinstance.py:3503} INFO - 0 downstream tasks scheduled from follow-on schedule check
[2024-07-14T12:30:05.138+0000] {local_task_job_runner.py:222} INFO - ::endgroup::
[2024-07-14T20:35:11.261+0000] {local_task_job_runner.py:120} INFO - ::group::Pre task execution logs
[2024-07-14T20:35:11.294+0000] {taskinstance.py:2076} INFO - Dependencies all met for dep_context=non-requeueable deps ti=<TaskInstance: save_spread_values.save_and_flush_task scheduled__2024-07-14T12:20:00+00:00 [queued]>
[2024-07-14T20:35:11.309+0000] {taskinstance.py:2076} INFO - Dependencies all met for dep_context=requeueable deps ti=<TaskInstance: save_spread_values.save_and_flush_task scheduled__2024-07-14T12:20:00+00:00 [queued]>
[2024-07-14T20:35:11.313+0000] {taskinstance.py:2306} INFO - Starting attempt 1 of 2
[2024-07-14T20:35:11.334+0000] {taskinstance.py:2330} INFO - Executing <Task(PythonOperator): save_and_flush_task> on 2024-07-14 12:20:00+00:00
[2024-07-14T20:35:11.345+0000] {logging_mixin.py:188} WARNING - /home/***/.local/lib/python3.12/site-packages/***/task/task_runner/standard_task_runner.py:61 DeprecationWarning: This process (pid=2047) is multi-threaded, use of fork() may lead to deadlocks in the child.
[2024-07-14T20:35:11.349+0000] {standard_task_runner.py:63} INFO - Started process 2059 to run task
[2024-07-14T20:35:11.347+0000] {standard_task_runner.py:90} INFO - Running: ['***', 'tasks', 'run', 'save_spread_values', 'save_and_flush_task', 'scheduled__2024-07-14T12:20:00+00:00', '--job-id', '921', '--raw', '--subdir', 'DAGS_FOLDER/***.py', '--cfg-path', '/tmp/tmpldd196zl']
[2024-07-14T20:35:11.355+0000] {standard_task_runner.py:91} INFO - Job 921: Subtask save_and_flush_task
[2024-07-14T20:35:11.457+0000] {task_command.py:426} INFO - Running <TaskInstance: save_spread_values.save_and_flush_task scheduled__2024-07-14T12:20:00+00:00 [running]> on host 77caf7e4b282
[2024-07-14T20:35:11.590+0000] {taskinstance.py:2648} INFO - Exporting env vars: AIRFLOW_CTX_DAG_OWNER='***' AIRFLOW_CTX_DAG_ID='save_spread_values' AIRFLOW_CTX_TASK_ID='save_and_flush_task' AIRFLOW_CTX_EXECUTION_DATE='2024-07-14T12:20:00+00:00' AIRFLOW_CTX_TRY_NUMBER='1' AIRFLOW_CTX_DAG_RUN_ID='scheduled__2024-07-14T12:20:00+00:00'
[2024-07-14T20:35:11.592+0000] {taskinstance.py:430} INFO - ::endgroup::
[2024-07-14T20:35:11.628+0000] {python.py:237} INFO - Done. Returned value was: None
[2024-07-14T20:35:11.636+0000] {taskinstance.py:441} INFO - ::group::Post task execution logs
[2024-07-14T20:35:11.657+0000] {taskinstance.py:1206} INFO - Marking task as SUCCESS. dag_id=save_spread_values, task_id=save_and_flush_task, run_id=scheduled__2024-07-14T12:20:00+00:00, execution_date=20240714T122000, start_date=20240714T203511, end_date=20240714T203511
[2024-07-14T20:35:11.833+0000] {local_task_job_runner.py:240} INFO - Task exited with return code 0
[2024-07-14T20:35:11.907+0000] {local_task_job_runner.py:222} INFO - ::endgroup::
