[2024-07-14T18:29:47.130+0000] {local_task_job_runner.py:120} INFO - ::group::Pre task execution logs
[2024-07-14T18:29:47.176+0000] {taskinstance.py:2076} INFO - Dependencies all met for dep_context=non-requeueable deps ti=<TaskInstance: fetch_spread_values.fetch_and_compute_spread_btc_mxn scheduled__2024-07-14T18:18:00+00:00 [queued]>
[2024-07-14T18:29:47.187+0000] {taskinstance.py:2076} INFO - Dependencies all met for dep_context=requeueable deps ti=<TaskInstance: fetch_spread_values.fetch_and_compute_spread_btc_mxn scheduled__2024-07-14T18:18:00+00:00 [queued]>
[2024-07-14T18:29:47.196+0000] {taskinstance.py:2306} INFO - Starting attempt 1 of 2
[2024-07-14T18:29:47.304+0000] {taskinstance.py:2330} INFO - Executing <Task(PythonOperator): fetch_and_compute_spread_btc_mxn> on 2024-07-14 18:18:00+00:00
[2024-07-14T18:29:47.346+0000] {standard_task_runner.py:90} INFO - Running: ['***', 'tasks', 'run', 'fetch_spread_values', 'fetch_and_compute_spread_btc_mxn', 'scheduled__2024-07-14T18:18:00+00:00', '--job-id', '2350', '--raw', '--subdir', 'DAGS_FOLDER/***.py', '--cfg-path', '/tmp/tmp5vbz3wzk']
[2024-07-14T18:29:47.349+0000] {standard_task_runner.py:91} INFO - Job 2350: Subtask fetch_and_compute_spread_btc_mxn
[2024-07-14T18:29:47.341+0000] {warnings.py:112} WARNING - /home/***/.local/lib/python3.12/site-packages/***/task/task_runner/standard_task_runner.py:61: DeprecationWarning: This process (pid=7784) is multi-threaded, use of fork() may lead to deadlocks in the child.
  pid = os.fork()

[2024-07-14T18:29:47.386+0000] {standard_task_runner.py:63} INFO - Started process 7814 to run task
[2024-07-14T18:29:47.765+0000] {task_command.py:426} INFO - Running <TaskInstance: fetch_spread_values.fetch_and_compute_spread_btc_mxn scheduled__2024-07-14T18:18:00+00:00 [running]> on host d537c34a4880
[2024-07-14T18:29:48.138+0000] {taskinstance.py:2648} INFO - Exporting env vars: AIRFLOW_CTX_DAG_OWNER='***' AIRFLOW_CTX_DAG_ID='fetch_spread_values' AIRFLOW_CTX_TASK_ID='fetch_and_compute_spread_btc_mxn' AIRFLOW_CTX_EXECUTION_DATE='2024-07-14T18:18:00+00:00' AIRFLOW_CTX_TRY_NUMBER='1' AIRFLOW_CTX_DAG_RUN_ID='scheduled__2024-07-14T18:18:00+00:00'
[2024-07-14T18:29:48.147+0000] {taskinstance.py:430} INFO - ::endgroup::
[2024-07-14T18:29:48.462+0000] {python.py:237} INFO - Done. Returned value was: None
[2024-07-14T18:29:48.465+0000] {taskinstance.py:441} INFO - ::group::Post task execution logs
[2024-07-14T18:29:48.489+0000] {taskinstance.py:1206} INFO - Marking task as SUCCESS. dag_id=fetch_spread_values, task_id=fetch_and_compute_spread_btc_mxn, run_id=scheduled__2024-07-14T18:18:00+00:00, execution_date=20240714T181800, start_date=20240714T182947, end_date=20240714T182948
[2024-07-14T18:29:48.574+0000] {local_task_job_runner.py:240} INFO - Task exited with return code 0
[2024-07-14T18:29:48.621+0000] {taskinstance.py:3503} INFO - 0 downstream tasks scheduled from follow-on schedule check
[2024-07-14T18:29:48.635+0000] {local_task_job_runner.py:222} INFO - ::endgroup::
[2024-07-14T20:39:41.944+0000] {local_task_job_runner.py:120} INFO - ::group::Pre task execution logs
[2024-07-14T20:39:42.003+0000] {taskinstance.py:2076} INFO - Dependencies all met for dep_context=non-requeueable deps ti=<TaskInstance: fetch_spread_values.fetch_and_compute_spread_btc_mxn scheduled__2024-07-14T18:18:00+00:00 [queued]>
[2024-07-14T20:39:42.030+0000] {taskinstance.py:2076} INFO - Dependencies all met for dep_context=requeueable deps ti=<TaskInstance: fetch_spread_values.fetch_and_compute_spread_btc_mxn scheduled__2024-07-14T18:18:00+00:00 [queued]>
[2024-07-14T20:39:42.041+0000] {taskinstance.py:2306} INFO - Starting attempt 1 of 2
[2024-07-14T20:39:42.109+0000] {taskinstance.py:2330} INFO - Executing <Task(PythonOperator): fetch_and_compute_spread_btc_mxn> on 2024-07-14 18:18:00+00:00
[2024-07-14T20:39:42.122+0000] {standard_task_runner.py:90} INFO - Running: ['***', 'tasks', 'run', 'fetch_spread_values', 'fetch_and_compute_spread_btc_mxn', 'scheduled__2024-07-14T18:18:00+00:00', '--job-id', '2324', '--raw', '--subdir', 'DAGS_FOLDER/***.py', '--cfg-path', '/tmp/tmpw4rcgw3k']
[2024-07-14T20:39:42.132+0000] {logging_mixin.py:188} WARNING - /home/***/.local/lib/python3.12/site-packages/***/task/task_runner/standard_task_runner.py:61 DeprecationWarning: This process (pid=4895) is multi-threaded, use of fork() may lead to deadlocks in the child.
[2024-07-14T20:39:42.136+0000] {standard_task_runner.py:63} INFO - Started process 4907 to run task
[2024-07-14T20:39:42.132+0000] {standard_task_runner.py:91} INFO - Job 2324: Subtask fetch_and_compute_spread_btc_mxn
[2024-07-14T20:39:42.203+0000] {task_command.py:426} INFO - Running <TaskInstance: fetch_spread_values.fetch_and_compute_spread_btc_mxn scheduled__2024-07-14T18:18:00+00:00 [running]> on host 77caf7e4b282
[2024-07-14T20:39:42.367+0000] {taskinstance.py:2648} INFO - Exporting env vars: AIRFLOW_CTX_DAG_OWNER='***' AIRFLOW_CTX_DAG_ID='fetch_spread_values' AIRFLOW_CTX_TASK_ID='fetch_and_compute_spread_btc_mxn' AIRFLOW_CTX_EXECUTION_DATE='2024-07-14T18:18:00+00:00' AIRFLOW_CTX_TRY_NUMBER='1' AIRFLOW_CTX_DAG_RUN_ID='scheduled__2024-07-14T18:18:00+00:00'
[2024-07-14T20:39:42.370+0000] {taskinstance.py:430} INFO - ::endgroup::
[2024-07-14T20:39:42.550+0000] {python.py:237} INFO - Done. Returned value was: None
[2024-07-14T20:39:42.551+0000] {taskinstance.py:441} INFO - ::group::Post task execution logs
[2024-07-14T20:39:42.557+0000] {taskinstance.py:1206} INFO - Marking task as SUCCESS. dag_id=fetch_spread_values, task_id=fetch_and_compute_spread_btc_mxn, run_id=scheduled__2024-07-14T18:18:00+00:00, execution_date=20240714T181800, start_date=20240714T203942, end_date=20240714T203942
[2024-07-14T20:39:42.572+0000] {local_task_job_runner.py:240} INFO - Task exited with return code 0
[2024-07-14T20:39:42.585+0000] {taskinstance.py:3503} INFO - 0 downstream tasks scheduled from follow-on schedule check
[2024-07-14T20:39:42.586+0000] {local_task_job_runner.py:222} INFO - ::endgroup::
