[2024-07-14T08:58:14.929+0000] {local_task_job_runner.py:120} INFO - ::group::Pre task execution logs
[2024-07-14T08:58:15.122+0000] {taskinstance.py:2076} INFO - Dependencies all met for dep_context=non-requeueable deps ti=<TaskInstance: fetch_spread_values.fetch_and_compute_spread_btc_mxn scheduled__2024-07-14T01:35:00+00:00 [queued]>
[2024-07-14T08:58:15.140+0000] {taskinstance.py:2076} INFO - Dependencies all met for dep_context=requeueable deps ti=<TaskInstance: fetch_spread_values.fetch_and_compute_spread_btc_mxn scheduled__2024-07-14T01:35:00+00:00 [queued]>
[2024-07-14T08:58:15.145+0000] {taskinstance.py:2306} INFO - Starting attempt 1 of 2
[2024-07-14T08:58:15.196+0000] {taskinstance.py:2330} INFO - Executing <Task(PythonOperator): fetch_and_compute_spread_btc_mxn> on 2024-07-14 01:35:00+00:00
[2024-07-14T08:58:15.202+0000] {warnings.py:112} WARNING - /home/***/.local/lib/python3.12/site-packages/***/task/task_runner/standard_task_runner.py:61: DeprecationWarning: This process (pid=704) is multi-threaded, use of fork() may lead to deadlocks in the child.
  pid = os.fork()

[2024-07-14T08:58:15.209+0000] {standard_task_runner.py:63} INFO - Started process 732 to run task
[2024-07-14T08:58:15.211+0000] {standard_task_runner.py:90} INFO - Running: ['***', 'tasks', 'run', 'fetch_spread_values', 'fetch_and_compute_spread_btc_mxn', 'scheduled__2024-07-14T01:35:00+00:00', '--job-id', '220', '--raw', '--subdir', 'DAGS_FOLDER/***.py', '--cfg-path', '/tmp/tmpo3wccvfo']
[2024-07-14T08:58:15.215+0000] {standard_task_runner.py:91} INFO - Job 220: Subtask fetch_and_compute_spread_btc_mxn
[2024-07-14T08:58:15.340+0000] {task_command.py:426} INFO - Running <TaskInstance: fetch_spread_values.fetch_and_compute_spread_btc_mxn scheduled__2024-07-14T01:35:00+00:00 [running]> on host d537c34a4880
[2024-07-14T08:58:15.669+0000] {taskinstance.py:2648} INFO - Exporting env vars: AIRFLOW_CTX_DAG_OWNER='***' AIRFLOW_CTX_DAG_ID='fetch_spread_values' AIRFLOW_CTX_TASK_ID='fetch_and_compute_spread_btc_mxn' AIRFLOW_CTX_EXECUTION_DATE='2024-07-14T01:35:00+00:00' AIRFLOW_CTX_TRY_NUMBER='1' AIRFLOW_CTX_DAG_RUN_ID='scheduled__2024-07-14T01:35:00+00:00'
[2024-07-14T08:58:15.682+0000] {taskinstance.py:430} INFO - ::endgroup::
[2024-07-14T08:58:16.142+0000] {python.py:237} INFO - Done. Returned value was: None
[2024-07-14T08:58:16.148+0000] {taskinstance.py:441} INFO - ::group::Post task execution logs
[2024-07-14T08:58:16.222+0000] {taskinstance.py:1206} INFO - Marking task as SUCCESS. dag_id=fetch_spread_values, task_id=fetch_and_compute_spread_btc_mxn, run_id=scheduled__2024-07-14T01:35:00+00:00, execution_date=20240714T013500, start_date=20240714T085815, end_date=20240714T085816
[2024-07-14T08:58:16.469+0000] {local_task_job_runner.py:240} INFO - Task exited with return code 0
[2024-07-14T08:58:16.564+0000] {local_task_job_runner.py:222} INFO - ::endgroup::
[2024-07-14T20:32:45.386+0000] {local_task_job_runner.py:120} INFO - ::group::Pre task execution logs
[2024-07-14T20:32:45.404+0000] {taskinstance.py:2076} INFO - Dependencies all met for dep_context=non-requeueable deps ti=<TaskInstance: fetch_spread_values.fetch_and_compute_spread_btc_mxn scheduled__2024-07-14T01:35:00+00:00 [queued]>
[2024-07-14T20:32:45.409+0000] {taskinstance.py:2076} INFO - Dependencies all met for dep_context=requeueable deps ti=<TaskInstance: fetch_spread_values.fetch_and_compute_spread_btc_mxn scheduled__2024-07-14T01:35:00+00:00 [queued]>
[2024-07-14T20:32:45.409+0000] {taskinstance.py:2306} INFO - Starting attempt 1 of 2
[2024-07-14T20:32:45.416+0000] {taskinstance.py:2330} INFO - Executing <Task(PythonOperator): fetch_and_compute_spread_btc_mxn> on 2024-07-14 01:35:00+00:00
[2024-07-14T20:32:45.419+0000] {logging_mixin.py:188} WARNING - /home/***/.local/lib/python3.12/site-packages/***/task/task_runner/standard_task_runner.py:61 DeprecationWarning: This process (pid=573) is multi-threaded, use of fork() may lead to deadlocks in the child.
[2024-07-14T20:32:45.420+0000] {standard_task_runner.py:63} INFO - Started process 576 to run task
[2024-07-14T20:32:45.419+0000] {standard_task_runner.py:90} INFO - Running: ['***', 'tasks', 'run', 'fetch_spread_values', 'fetch_and_compute_spread_btc_mxn', 'scheduled__2024-07-14T01:35:00+00:00', '--job-id', '195', '--raw', '--subdir', 'DAGS_FOLDER/***.py', '--cfg-path', '/tmp/tmpwqnsursm']
[2024-07-14T20:32:45.421+0000] {standard_task_runner.py:91} INFO - Job 195: Subtask fetch_and_compute_spread_btc_mxn
[2024-07-14T20:32:45.465+0000] {task_command.py:426} INFO - Running <TaskInstance: fetch_spread_values.fetch_and_compute_spread_btc_mxn scheduled__2024-07-14T01:35:00+00:00 [running]> on host 77caf7e4b282
[2024-07-14T20:32:45.554+0000] {taskinstance.py:2648} INFO - Exporting env vars: AIRFLOW_CTX_DAG_OWNER='***' AIRFLOW_CTX_DAG_ID='fetch_spread_values' AIRFLOW_CTX_TASK_ID='fetch_and_compute_spread_btc_mxn' AIRFLOW_CTX_EXECUTION_DATE='2024-07-14T01:35:00+00:00' AIRFLOW_CTX_TRY_NUMBER='1' AIRFLOW_CTX_DAG_RUN_ID='scheduled__2024-07-14T01:35:00+00:00'
[2024-07-14T20:32:45.555+0000] {taskinstance.py:430} INFO - ::endgroup::
[2024-07-14T20:32:45.756+0000] {python.py:237} INFO - Done. Returned value was: None
[2024-07-14T20:32:45.757+0000] {taskinstance.py:441} INFO - ::group::Post task execution logs
[2024-07-14T20:32:45.768+0000] {taskinstance.py:1206} INFO - Marking task as SUCCESS. dag_id=fetch_spread_values, task_id=fetch_and_compute_spread_btc_mxn, run_id=scheduled__2024-07-14T01:35:00+00:00, execution_date=20240714T013500, start_date=20240714T203245, end_date=20240714T203245
[2024-07-14T20:32:45.817+0000] {local_task_job_runner.py:240} INFO - Task exited with return code 0
[2024-07-14T20:32:45.839+0000] {local_task_job_runner.py:222} INFO - ::endgroup::
