[2024-07-14T11:08:18.069+0000] {local_task_job_runner.py:120} INFO - ::group::Pre task execution logs
[2024-07-14T11:08:18.142+0000] {taskinstance.py:2076} INFO - Dependencies all met for dep_context=non-requeueable deps ti=<TaskInstance: fetch_spread_values.fetch_and_compute_spread_usd_mxn scheduled__2024-07-14T10:52:00+00:00 [queued]>
[2024-07-14T11:08:18.165+0000] {taskinstance.py:2076} INFO - Dependencies all met for dep_context=requeueable deps ti=<TaskInstance: fetch_spread_values.fetch_and_compute_spread_usd_mxn scheduled__2024-07-14T10:52:00+00:00 [queued]>
[2024-07-14T11:08:18.167+0000] {taskinstance.py:2306} INFO - Starting attempt 1 of 2
[2024-07-14T11:08:18.191+0000] {taskinstance.py:2330} INFO - Executing <Task(PythonOperator): fetch_and_compute_spread_usd_mxn> on 2024-07-14 10:52:00+00:00
[2024-07-14T11:08:18.204+0000] {warnings.py:112} WARNING - /home/***/.local/lib/python3.12/site-packages/***/task/task_runner/standard_task_runner.py:61: DeprecationWarning: This process (pid=4694) is multi-threaded, use of fork() may lead to deadlocks in the child.
  pid = os.fork()

[2024-07-14T11:08:18.208+0000] {standard_task_runner.py:90} INFO - Running: ['***', 'tasks', 'run', 'fetch_spread_values', 'fetch_and_compute_spread_usd_mxn', 'scheduled__2024-07-14T10:52:00+00:00', '--job-id', '1403', '--raw', '--subdir', 'DAGS_FOLDER/***.py', '--cfg-path', '/tmp/tmpwinml_1d']
[2024-07-14T11:08:18.217+0000] {standard_task_runner.py:91} INFO - Job 1403: Subtask fetch_and_compute_spread_usd_mxn
[2024-07-14T11:08:18.212+0000] {standard_task_runner.py:63} INFO - Started process 4728 to run task
[2024-07-14T11:08:18.332+0000] {task_command.py:426} INFO - Running <TaskInstance: fetch_spread_values.fetch_and_compute_spread_usd_mxn scheduled__2024-07-14T10:52:00+00:00 [running]> on host d537c34a4880
[2024-07-14T11:08:18.523+0000] {taskinstance.py:2648} INFO - Exporting env vars: AIRFLOW_CTX_DAG_OWNER='***' AIRFLOW_CTX_DAG_ID='fetch_spread_values' AIRFLOW_CTX_TASK_ID='fetch_and_compute_spread_usd_mxn' AIRFLOW_CTX_EXECUTION_DATE='2024-07-14T10:52:00+00:00' AIRFLOW_CTX_TRY_NUMBER='1' AIRFLOW_CTX_DAG_RUN_ID='scheduled__2024-07-14T10:52:00+00:00'
[2024-07-14T11:08:18.543+0000] {taskinstance.py:430} INFO - ::endgroup::
[2024-07-14T11:08:18.965+0000] {python.py:237} INFO - Done. Returned value was: None
[2024-07-14T11:08:18.969+0000] {taskinstance.py:441} INFO - ::group::Post task execution logs
[2024-07-14T11:08:19.015+0000] {taskinstance.py:1206} INFO - Marking task as SUCCESS. dag_id=fetch_spread_values, task_id=fetch_and_compute_spread_usd_mxn, run_id=scheduled__2024-07-14T10:52:00+00:00, execution_date=20240714T105200, start_date=20240714T110818, end_date=20240714T110819
[2024-07-14T11:08:19.161+0000] {local_task_job_runner.py:240} INFO - Task exited with return code 0
[2024-07-14T11:08:19.262+0000] {taskinstance.py:3503} INFO - 0 downstream tasks scheduled from follow-on schedule check
[2024-07-14T11:08:19.330+0000] {local_task_job_runner.py:222} INFO - ::endgroup::
[2024-07-14T20:37:00.173+0000] {local_task_job_runner.py:120} INFO - ::group::Pre task execution logs
[2024-07-14T20:37:00.226+0000] {taskinstance.py:2076} INFO - Dependencies all met for dep_context=non-requeueable deps ti=<TaskInstance: fetch_spread_values.fetch_and_compute_spread_usd_mxn scheduled__2024-07-14T10:52:00+00:00 [queued]>
[2024-07-14T20:37:00.303+0000] {taskinstance.py:2076} INFO - Dependencies all met for dep_context=requeueable deps ti=<TaskInstance: fetch_spread_values.fetch_and_compute_spread_usd_mxn scheduled__2024-07-14T10:52:00+00:00 [queued]>
[2024-07-14T20:37:00.305+0000] {taskinstance.py:2306} INFO - Starting attempt 1 of 2
[2024-07-14T20:37:00.382+0000] {taskinstance.py:2330} INFO - Executing <Task(PythonOperator): fetch_and_compute_spread_usd_mxn> on 2024-07-14 10:52:00+00:00
[2024-07-14T20:37:00.395+0000] {logging_mixin.py:188} WARNING - /home/***/.local/lib/python3.12/site-packages/***/task/task_runner/standard_task_runner.py:61 DeprecationWarning: This process (pid=3086) is multi-threaded, use of fork() may lead to deadlocks in the child.
[2024-07-14T20:37:00.397+0000] {standard_task_runner.py:90} INFO - Running: ['***', 'tasks', 'run', 'fetch_spread_values', 'fetch_and_compute_spread_usd_mxn', 'scheduled__2024-07-14T10:52:00+00:00', '--job-id', '1432', '--raw', '--subdir', 'DAGS_FOLDER/***.py', '--cfg-path', '/tmp/tmp68cze3xm']
[2024-07-14T20:37:00.400+0000] {standard_task_runner.py:91} INFO - Job 1432: Subtask fetch_and_compute_spread_usd_mxn
[2024-07-14T20:37:00.398+0000] {standard_task_runner.py:63} INFO - Started process 3101 to run task
[2024-07-14T20:37:00.473+0000] {task_command.py:426} INFO - Running <TaskInstance: fetch_spread_values.fetch_and_compute_spread_usd_mxn scheduled__2024-07-14T10:52:00+00:00 [running]> on host 77caf7e4b282
[2024-07-14T20:37:00.584+0000] {taskinstance.py:2648} INFO - Exporting env vars: AIRFLOW_CTX_DAG_OWNER='***' AIRFLOW_CTX_DAG_ID='fetch_spread_values' AIRFLOW_CTX_TASK_ID='fetch_and_compute_spread_usd_mxn' AIRFLOW_CTX_EXECUTION_DATE='2024-07-14T10:52:00+00:00' AIRFLOW_CTX_TRY_NUMBER='1' AIRFLOW_CTX_DAG_RUN_ID='scheduled__2024-07-14T10:52:00+00:00'
[2024-07-14T20:37:00.586+0000] {taskinstance.py:430} INFO - ::endgroup::
[2024-07-14T20:37:00.768+0000] {python.py:237} INFO - Done. Returned value was: None
[2024-07-14T20:37:00.769+0000] {taskinstance.py:441} INFO - ::group::Post task execution logs
[2024-07-14T20:37:00.775+0000] {taskinstance.py:1206} INFO - Marking task as SUCCESS. dag_id=fetch_spread_values, task_id=fetch_and_compute_spread_usd_mxn, run_id=scheduled__2024-07-14T10:52:00+00:00, execution_date=20240714T105200, start_date=20240714T203700, end_date=20240714T203700
[2024-07-14T20:37:00.798+0000] {local_task_job_runner.py:240} INFO - Task exited with return code 0
[2024-07-14T20:37:00.807+0000] {taskinstance.py:3503} INFO - 0 downstream tasks scheduled from follow-on schedule check
[2024-07-14T20:37:00.808+0000] {local_task_job_runner.py:222} INFO - ::endgroup::
