[2024-07-14T10:48:16.319+0000] {local_task_job_runner.py:120} INFO - ::group::Pre task execution logs
[2024-07-14T10:48:16.334+0000] {taskinstance.py:2076} INFO - Dependencies all met for dep_context=non-requeueable deps ti=<TaskInstance: fetch_spread_values.fetch_and_compute_spread_usd_mxn scheduled__2024-07-14T10:40:00+00:00 [queued]>
[2024-07-14T10:48:16.338+0000] {taskinstance.py:2076} INFO - Dependencies all met for dep_context=requeueable deps ti=<TaskInstance: fetch_spread_values.fetch_and_compute_spread_usd_mxn scheduled__2024-07-14T10:40:00+00:00 [queued]>
[2024-07-14T10:48:16.339+0000] {taskinstance.py:2306} INFO - Starting attempt 1 of 2
[2024-07-14T10:48:16.346+0000] {taskinstance.py:2330} INFO - Executing <Task(PythonOperator): fetch_and_compute_spread_usd_mxn> on 2024-07-14 10:40:00+00:00
[2024-07-14T10:48:16.350+0000] {warnings.py:112} WARNING - /home/***/.local/lib/python3.12/site-packages/***/task/task_runner/standard_task_runner.py:61: DeprecationWarning: This process (pid=4610) is multi-threaded, use of fork() may lead to deadlocks in the child.
  pid = os.fork()

[2024-07-14T10:48:16.351+0000] {standard_task_runner.py:63} INFO - Started process 4628 to run task
[2024-07-14T10:48:16.351+0000] {standard_task_runner.py:90} INFO - Running: ['***', 'tasks', 'run', 'fetch_spread_values', 'fetch_and_compute_spread_usd_mxn', 'scheduled__2024-07-14T10:40:00+00:00', '--job-id', '1379', '--raw', '--subdir', 'DAGS_FOLDER/***.py', '--cfg-path', '/tmp/tmpvjt4dhvy']
[2024-07-14T10:48:16.354+0000] {standard_task_runner.py:91} INFO - Job 1379: Subtask fetch_and_compute_spread_usd_mxn
[2024-07-14T10:48:16.391+0000] {task_command.py:426} INFO - Running <TaskInstance: fetch_spread_values.fetch_and_compute_spread_usd_mxn scheduled__2024-07-14T10:40:00+00:00 [running]> on host d537c34a4880
[2024-07-14T10:48:16.468+0000] {taskinstance.py:2648} INFO - Exporting env vars: AIRFLOW_CTX_DAG_OWNER='***' AIRFLOW_CTX_DAG_ID='fetch_spread_values' AIRFLOW_CTX_TASK_ID='fetch_and_compute_spread_usd_mxn' AIRFLOW_CTX_EXECUTION_DATE='2024-07-14T10:40:00+00:00' AIRFLOW_CTX_TRY_NUMBER='1' AIRFLOW_CTX_DAG_RUN_ID='scheduled__2024-07-14T10:40:00+00:00'
[2024-07-14T10:48:16.470+0000] {taskinstance.py:430} INFO - ::endgroup::
[2024-07-14T10:48:16.608+0000] {python.py:237} INFO - Done. Returned value was: None
[2024-07-14T10:48:16.610+0000] {taskinstance.py:441} INFO - ::group::Post task execution logs
[2024-07-14T10:48:16.616+0000] {taskinstance.py:1206} INFO - Marking task as SUCCESS. dag_id=fetch_spread_values, task_id=fetch_and_compute_spread_usd_mxn, run_id=scheduled__2024-07-14T10:40:00+00:00, execution_date=20240714T104000, start_date=20240714T104816, end_date=20240714T104816
[2024-07-14T10:48:16.656+0000] {local_task_job_runner.py:240} INFO - Task exited with return code 0
[2024-07-14T10:48:16.668+0000] {taskinstance.py:3503} INFO - 0 downstream tasks scheduled from follow-on schedule check
[2024-07-14T10:48:16.669+0000] {local_task_job_runner.py:222} INFO - ::endgroup::
[2024-07-14T20:36:55.717+0000] {local_task_job_runner.py:120} INFO - ::group::Pre task execution logs
[2024-07-14T20:36:55.761+0000] {taskinstance.py:2076} INFO - Dependencies all met for dep_context=non-requeueable deps ti=<TaskInstance: fetch_spread_values.fetch_and_compute_spread_usd_mxn scheduled__2024-07-14T10:40:00+00:00 [queued]>
[2024-07-14T20:36:55.775+0000] {taskinstance.py:2076} INFO - Dependencies all met for dep_context=requeueable deps ti=<TaskInstance: fetch_spread_values.fetch_and_compute_spread_usd_mxn scheduled__2024-07-14T10:40:00+00:00 [queued]>
[2024-07-14T20:36:55.776+0000] {taskinstance.py:2306} INFO - Starting attempt 1 of 2
[2024-07-14T20:36:55.814+0000] {taskinstance.py:2330} INFO - Executing <Task(PythonOperator): fetch_and_compute_spread_usd_mxn> on 2024-07-14 10:40:00+00:00
[2024-07-14T20:36:55.823+0000] {standard_task_runner.py:90} INFO - Running: ['***', 'tasks', 'run', 'fetch_spread_values', 'fetch_and_compute_spread_usd_mxn', 'scheduled__2024-07-14T10:40:00+00:00', '--job-id', '1409', '--raw', '--subdir', 'DAGS_FOLDER/***.py', '--cfg-path', '/tmp/tmpqahtptnd']
[2024-07-14T20:36:55.829+0000] {standard_task_runner.py:91} INFO - Job 1409: Subtask fetch_and_compute_spread_usd_mxn
[2024-07-14T20:36:55.835+0000] {logging_mixin.py:188} WARNING - /home/***/.local/lib/python3.12/site-packages/***/task/task_runner/standard_task_runner.py:61 DeprecationWarning: This process (pid=3038) is multi-threaded, use of fork() may lead to deadlocks in the child.
[2024-07-14T20:36:55.836+0000] {standard_task_runner.py:63} INFO - Started process 3049 to run task
[2024-07-14T20:36:55.916+0000] {task_command.py:426} INFO - Running <TaskInstance: fetch_spread_values.fetch_and_compute_spread_usd_mxn scheduled__2024-07-14T10:40:00+00:00 [running]> on host 77caf7e4b282
[2024-07-14T20:36:56.078+0000] {taskinstance.py:2648} INFO - Exporting env vars: AIRFLOW_CTX_DAG_OWNER='***' AIRFLOW_CTX_DAG_ID='fetch_spread_values' AIRFLOW_CTX_TASK_ID='fetch_and_compute_spread_usd_mxn' AIRFLOW_CTX_EXECUTION_DATE='2024-07-14T10:40:00+00:00' AIRFLOW_CTX_TRY_NUMBER='1' AIRFLOW_CTX_DAG_RUN_ID='scheduled__2024-07-14T10:40:00+00:00'
[2024-07-14T20:36:56.081+0000] {taskinstance.py:430} INFO - ::endgroup::
[2024-07-14T20:36:56.353+0000] {python.py:237} INFO - Done. Returned value was: None
[2024-07-14T20:36:56.358+0000] {taskinstance.py:441} INFO - ::group::Post task execution logs
[2024-07-14T20:36:56.372+0000] {taskinstance.py:1206} INFO - Marking task as SUCCESS. dag_id=fetch_spread_values, task_id=fetch_and_compute_spread_usd_mxn, run_id=scheduled__2024-07-14T10:40:00+00:00, execution_date=20240714T104000, start_date=20240714T203655, end_date=20240714T203656
[2024-07-14T20:36:56.411+0000] {local_task_job_runner.py:240} INFO - Task exited with return code 0
[2024-07-14T20:36:56.462+0000] {taskinstance.py:3503} INFO - 0 downstream tasks scheduled from follow-on schedule check
[2024-07-14T20:36:56.475+0000] {local_task_job_runner.py:222} INFO - ::endgroup::
