[2024-07-14T13:51:08.861+0000] {local_task_job_runner.py:120} INFO - ::group::Pre task execution logs
[2024-07-14T13:51:08.913+0000] {taskinstance.py:2076} INFO - Dependencies all met for dep_context=non-requeueable deps ti=<TaskInstance: fetch_spread_values.fetch_and_compute_spread_btc_mxn scheduled__2024-07-14T13:42:00+00:00 [queued]>
[2024-07-14T13:51:08.926+0000] {taskinstance.py:2076} INFO - Dependencies all met for dep_context=requeueable deps ti=<TaskInstance: fetch_spread_values.fetch_and_compute_spread_btc_mxn scheduled__2024-07-14T13:42:00+00:00 [queued]>
[2024-07-14T13:51:08.926+0000] {taskinstance.py:2306} INFO - Starting attempt 1 of 2
[2024-07-14T13:51:09.048+0000] {taskinstance.py:2330} INFO - Executing <Task(PythonOperator): fetch_and_compute_spread_btc_mxn> on 2024-07-14 13:42:00+00:00
[2024-07-14T13:51:09.104+0000] {warnings.py:112} WARNING - /home/***/.local/lib/python3.12/site-packages/***/task/task_runner/standard_task_runner.py:61: DeprecationWarning: This process (pid=5863) is multi-threaded, use of fork() may lead to deadlocks in the child.
  pid = os.fork()

[2024-07-14T13:51:09.122+0000] {standard_task_runner.py:63} INFO - Started process 5884 to run task
[2024-07-14T13:51:09.126+0000] {standard_task_runner.py:90} INFO - Running: ['***', 'tasks', 'run', 'fetch_spread_values', 'fetch_and_compute_spread_btc_mxn', 'scheduled__2024-07-14T13:42:00+00:00', '--job-id', '1761', '--raw', '--subdir', 'DAGS_FOLDER/***.py', '--cfg-path', '/tmp/tmpno_9cf19']
[2024-07-14T13:51:09.145+0000] {standard_task_runner.py:91} INFO - Job 1761: Subtask fetch_and_compute_spread_btc_mxn
[2024-07-14T13:51:09.389+0000] {task_command.py:426} INFO - Running <TaskInstance: fetch_spread_values.fetch_and_compute_spread_btc_mxn scheduled__2024-07-14T13:42:00+00:00 [running]> on host d537c34a4880
[2024-07-14T13:51:09.617+0000] {taskinstance.py:2648} INFO - Exporting env vars: AIRFLOW_CTX_DAG_OWNER='***' AIRFLOW_CTX_DAG_ID='fetch_spread_values' AIRFLOW_CTX_TASK_ID='fetch_and_compute_spread_btc_mxn' AIRFLOW_CTX_EXECUTION_DATE='2024-07-14T13:42:00+00:00' AIRFLOW_CTX_TRY_NUMBER='1' AIRFLOW_CTX_DAG_RUN_ID='scheduled__2024-07-14T13:42:00+00:00'
[2024-07-14T13:51:09.627+0000] {taskinstance.py:430} INFO - ::endgroup::
[2024-07-14T13:51:09.946+0000] {python.py:237} INFO - Done. Returned value was: None
[2024-07-14T13:51:09.969+0000] {taskinstance.py:441} INFO - ::group::Post task execution logs
[2024-07-14T13:51:09.995+0000] {taskinstance.py:1206} INFO - Marking task as SUCCESS. dag_id=fetch_spread_values, task_id=fetch_and_compute_spread_btc_mxn, run_id=scheduled__2024-07-14T13:42:00+00:00, execution_date=20240714T134200, start_date=20240714T135108, end_date=20240714T135109
[2024-07-14T13:51:10.130+0000] {local_task_job_runner.py:240} INFO - Task exited with return code 0
[2024-07-14T13:51:10.185+0000] {taskinstance.py:3503} INFO - 0 downstream tasks scheduled from follow-on schedule check
[2024-07-14T13:51:10.188+0000] {local_task_job_runner.py:222} INFO - ::endgroup::
[2024-07-14T20:38:06.286+0000] {local_task_job_runner.py:120} INFO - ::group::Pre task execution logs
[2024-07-14T20:38:06.308+0000] {taskinstance.py:2076} INFO - Dependencies all met for dep_context=non-requeueable deps ti=<TaskInstance: fetch_spread_values.fetch_and_compute_spread_btc_mxn scheduled__2024-07-14T13:42:00+00:00 [queued]>
[2024-07-14T20:38:06.313+0000] {taskinstance.py:2076} INFO - Dependencies all met for dep_context=requeueable deps ti=<TaskInstance: fetch_spread_values.fetch_and_compute_spread_btc_mxn scheduled__2024-07-14T13:42:00+00:00 [queued]>
[2024-07-14T20:38:06.313+0000] {taskinstance.py:2306} INFO - Starting attempt 1 of 2
[2024-07-14T20:38:06.329+0000] {taskinstance.py:2330} INFO - Executing <Task(PythonOperator): fetch_and_compute_spread_btc_mxn> on 2024-07-14 13:42:00+00:00
[2024-07-14T20:38:06.337+0000] {standard_task_runner.py:90} INFO - Running: ['***', 'tasks', 'run', 'fetch_spread_values', 'fetch_and_compute_spread_btc_mxn', 'scheduled__2024-07-14T13:42:00+00:00', '--job-id', '1772', '--raw', '--subdir', 'DAGS_FOLDER/***.py', '--cfg-path', '/tmp/tmpfm9124p6']
[2024-07-14T20:38:06.338+0000] {logging_mixin.py:188} WARNING - /home/***/.local/lib/python3.12/site-packages/***/task/task_runner/standard_task_runner.py:61 DeprecationWarning: This process (pid=3779) is multi-threaded, use of fork() may lead to deadlocks in the child.
[2024-07-14T20:38:06.342+0000] {standard_task_runner.py:63} INFO - Started process 3787 to run task
[2024-07-14T20:38:06.341+0000] {standard_task_runner.py:91} INFO - Job 1772: Subtask fetch_and_compute_spread_btc_mxn
[2024-07-14T20:38:06.394+0000] {task_command.py:426} INFO - Running <TaskInstance: fetch_spread_values.fetch_and_compute_spread_btc_mxn scheduled__2024-07-14T13:42:00+00:00 [running]> on host 77caf7e4b282
[2024-07-14T20:38:06.505+0000] {taskinstance.py:2648} INFO - Exporting env vars: AIRFLOW_CTX_DAG_OWNER='***' AIRFLOW_CTX_DAG_ID='fetch_spread_values' AIRFLOW_CTX_TASK_ID='fetch_and_compute_spread_btc_mxn' AIRFLOW_CTX_EXECUTION_DATE='2024-07-14T13:42:00+00:00' AIRFLOW_CTX_TRY_NUMBER='1' AIRFLOW_CTX_DAG_RUN_ID='scheduled__2024-07-14T13:42:00+00:00'
[2024-07-14T20:38:06.507+0000] {taskinstance.py:430} INFO - ::endgroup::
[2024-07-14T20:38:06.736+0000] {python.py:237} INFO - Done. Returned value was: None
[2024-07-14T20:38:06.739+0000] {taskinstance.py:441} INFO - ::group::Post task execution logs
[2024-07-14T20:38:06.747+0000] {taskinstance.py:1206} INFO - Marking task as SUCCESS. dag_id=fetch_spread_values, task_id=fetch_and_compute_spread_btc_mxn, run_id=scheduled__2024-07-14T13:42:00+00:00, execution_date=20240714T134200, start_date=20240714T203806, end_date=20240714T203806
[2024-07-14T20:38:06.777+0000] {local_task_job_runner.py:240} INFO - Task exited with return code 0
[2024-07-14T20:38:06.796+0000] {taskinstance.py:3503} INFO - 0 downstream tasks scheduled from follow-on schedule check
[2024-07-14T20:38:06.805+0000] {local_task_job_runner.py:222} INFO - ::endgroup::
