[2024-07-14T18:29:54.463+0000] {local_task_job_runner.py:120} INFO - ::group::Pre task execution logs
[2024-07-14T18:29:54.545+0000] {taskinstance.py:2076} INFO - Dependencies all met for dep_context=non-requeueable deps ti=<TaskInstance: fetch_spread_values.fetch_and_compute_spread_btc_mxn scheduled__2024-07-14T18:23:00+00:00 [queued]>
[2024-07-14T18:29:54.599+0000] {taskinstance.py:2076} INFO - Dependencies all met for dep_context=requeueable deps ti=<TaskInstance: fetch_spread_values.fetch_and_compute_spread_btc_mxn scheduled__2024-07-14T18:23:00+00:00 [queued]>
[2024-07-14T18:29:54.607+0000] {taskinstance.py:2306} INFO - Starting attempt 1 of 2
[2024-07-14T18:29:54.659+0000] {taskinstance.py:2330} INFO - Executing <Task(PythonOperator): fetch_and_compute_spread_btc_mxn> on 2024-07-14 18:23:00+00:00
[2024-07-14T18:29:54.701+0000] {warnings.py:112} WARNING - /home/***/.local/lib/python3.12/site-packages/***/task/task_runner/standard_task_runner.py:61: DeprecationWarning: This process (pid=7828) is multi-threaded, use of fork() may lead to deadlocks in the child.
  pid = os.fork()

[2024-07-14T18:29:54.722+0000] {standard_task_runner.py:63} INFO - Started process 7850 to run task
[2024-07-14T18:29:54.722+0000] {standard_task_runner.py:90} INFO - Running: ['***', 'tasks', 'run', 'fetch_spread_values', 'fetch_and_compute_spread_btc_mxn', 'scheduled__2024-07-14T18:23:00+00:00', '--job-id', '2360', '--raw', '--subdir', 'DAGS_FOLDER/***.py', '--cfg-path', '/tmp/tmpxv9e420l']
[2024-07-14T18:29:54.725+0000] {standard_task_runner.py:91} INFO - Job 2360: Subtask fetch_and_compute_spread_btc_mxn
[2024-07-14T18:29:54.892+0000] {task_command.py:426} INFO - Running <TaskInstance: fetch_spread_values.fetch_and_compute_spread_btc_mxn scheduled__2024-07-14T18:23:00+00:00 [running]> on host d537c34a4880
[2024-07-14T18:29:55.213+0000] {taskinstance.py:2648} INFO - Exporting env vars: AIRFLOW_CTX_DAG_OWNER='***' AIRFLOW_CTX_DAG_ID='fetch_spread_values' AIRFLOW_CTX_TASK_ID='fetch_and_compute_spread_btc_mxn' AIRFLOW_CTX_EXECUTION_DATE='2024-07-14T18:23:00+00:00' AIRFLOW_CTX_TRY_NUMBER='1' AIRFLOW_CTX_DAG_RUN_ID='scheduled__2024-07-14T18:23:00+00:00'
[2024-07-14T18:29:55.223+0000] {taskinstance.py:430} INFO - ::endgroup::
[2024-07-14T18:29:55.835+0000] {python.py:237} INFO - Done. Returned value was: None
[2024-07-14T18:29:55.883+0000] {taskinstance.py:441} INFO - ::group::Post task execution logs
[2024-07-14T18:29:55.921+0000] {taskinstance.py:1206} INFO - Marking task as SUCCESS. dag_id=fetch_spread_values, task_id=fetch_and_compute_spread_btc_mxn, run_id=scheduled__2024-07-14T18:23:00+00:00, execution_date=20240714T182300, start_date=20240714T182954, end_date=20240714T182955
[2024-07-14T18:29:56.157+0000] {local_task_job_runner.py:240} INFO - Task exited with return code 0
[2024-07-14T18:29:56.251+0000] {taskinstance.py:3503} INFO - 0 downstream tasks scheduled from follow-on schedule check
[2024-07-14T18:29:56.258+0000] {local_task_job_runner.py:222} INFO - ::endgroup::
[2024-07-14T20:39:44.578+0000] {local_task_job_runner.py:120} INFO - ::group::Pre task execution logs
[2024-07-14T20:39:44.612+0000] {taskinstance.py:2076} INFO - Dependencies all met for dep_context=non-requeueable deps ti=<TaskInstance: fetch_spread_values.fetch_and_compute_spread_btc_mxn scheduled__2024-07-14T18:23:00+00:00 [queued]>
[2024-07-14T20:39:44.622+0000] {taskinstance.py:2076} INFO - Dependencies all met for dep_context=requeueable deps ti=<TaskInstance: fetch_spread_values.fetch_and_compute_spread_btc_mxn scheduled__2024-07-14T18:23:00+00:00 [queued]>
[2024-07-14T20:39:44.623+0000] {taskinstance.py:2306} INFO - Starting attempt 1 of 2
[2024-07-14T20:39:44.666+0000] {taskinstance.py:2330} INFO - Executing <Task(PythonOperator): fetch_and_compute_spread_btc_mxn> on 2024-07-14 18:23:00+00:00
[2024-07-14T20:39:44.685+0000] {logging_mixin.py:188} WARNING - /home/***/.local/lib/python3.12/site-packages/***/task/task_runner/standard_task_runner.py:61 DeprecationWarning: This process (pid=4918) is multi-threaded, use of fork() may lead to deadlocks in the child.
[2024-07-14T20:39:44.686+0000] {standard_task_runner.py:63} INFO - Started process 4929 to run task
[2024-07-14T20:39:44.683+0000] {standard_task_runner.py:90} INFO - Running: ['***', 'tasks', 'run', 'fetch_spread_values', 'fetch_and_compute_spread_btc_mxn', 'scheduled__2024-07-14T18:23:00+00:00', '--job-id', '2334', '--raw', '--subdir', 'DAGS_FOLDER/***.py', '--cfg-path', '/tmp/tmptsgz822q']
[2024-07-14T20:39:44.700+0000] {standard_task_runner.py:91} INFO - Job 2334: Subtask fetch_and_compute_spread_btc_mxn
[2024-07-14T20:39:44.776+0000] {task_command.py:426} INFO - Running <TaskInstance: fetch_spread_values.fetch_and_compute_spread_btc_mxn scheduled__2024-07-14T18:23:00+00:00 [running]> on host 77caf7e4b282
[2024-07-14T20:39:44.874+0000] {taskinstance.py:2648} INFO - Exporting env vars: AIRFLOW_CTX_DAG_OWNER='***' AIRFLOW_CTX_DAG_ID='fetch_spread_values' AIRFLOW_CTX_TASK_ID='fetch_and_compute_spread_btc_mxn' AIRFLOW_CTX_EXECUTION_DATE='2024-07-14T18:23:00+00:00' AIRFLOW_CTX_TRY_NUMBER='1' AIRFLOW_CTX_DAG_RUN_ID='scheduled__2024-07-14T18:23:00+00:00'
[2024-07-14T20:39:44.875+0000] {taskinstance.py:430} INFO - ::endgroup::
[2024-07-14T20:39:45.080+0000] {python.py:237} INFO - Done. Returned value was: None
[2024-07-14T20:39:45.089+0000] {taskinstance.py:441} INFO - ::group::Post task execution logs
[2024-07-14T20:39:45.108+0000] {taskinstance.py:1206} INFO - Marking task as SUCCESS. dag_id=fetch_spread_values, task_id=fetch_and_compute_spread_btc_mxn, run_id=scheduled__2024-07-14T18:23:00+00:00, execution_date=20240714T182300, start_date=20240714T203944, end_date=20240714T203945
[2024-07-14T20:39:45.169+0000] {local_task_job_runner.py:240} INFO - Task exited with return code 0
[2024-07-14T20:39:45.184+0000] {local_task_job_runner.py:222} INFO - ::endgroup::
