[2024-07-14T08:58:35.782+0000] {local_task_job_runner.py:120} INFO - ::group::Pre task execution logs
[2024-07-14T08:58:35.869+0000] {taskinstance.py:2076} INFO - Dependencies all met for dep_context=non-requeueable deps ti=<TaskInstance: fetch_spread_values.fetch_and_compute_spread_usd_mxn scheduled__2024-07-14T01:58:00+00:00 [queued]>
[2024-07-14T08:58:35.909+0000] {taskinstance.py:2076} INFO - Dependencies all met for dep_context=requeueable deps ti=<TaskInstance: fetch_spread_values.fetch_and_compute_spread_usd_mxn scheduled__2024-07-14T01:58:00+00:00 [queued]>
[2024-07-14T08:58:35.916+0000] {taskinstance.py:2306} INFO - Starting attempt 1 of 2
[2024-07-14T08:58:36.021+0000] {taskinstance.py:2330} INFO - Executing <Task(PythonOperator): fetch_and_compute_spread_usd_mxn> on 2024-07-14 01:58:00+00:00
[2024-07-14T08:58:36.075+0000] {warnings.py:112} WARNING - /home/***/.local/lib/python3.12/site-packages/***/task/task_runner/standard_task_runner.py:61: DeprecationWarning: This process (pid=840) is multi-threaded, use of fork() may lead to deadlocks in the child.
  pid = os.fork()

[2024-07-14T08:58:36.094+0000] {standard_task_runner.py:63} INFO - Started process 872 to run task
[2024-07-14T08:58:36.085+0000] {standard_task_runner.py:90} INFO - Running: ['***', 'tasks', 'run', 'fetch_spread_values', 'fetch_and_compute_spread_usd_mxn', 'scheduled__2024-07-14T01:58:00+00:00', '--job-id', '263', '--raw', '--subdir', 'DAGS_FOLDER/***.py', '--cfg-path', '/tmp/tmpxnst636z']
[2024-07-14T08:58:36.096+0000] {standard_task_runner.py:91} INFO - Job 263: Subtask fetch_and_compute_spread_usd_mxn
[2024-07-14T08:58:36.324+0000] {task_command.py:426} INFO - Running <TaskInstance: fetch_spread_values.fetch_and_compute_spread_usd_mxn scheduled__2024-07-14T01:58:00+00:00 [running]> on host d537c34a4880
[2024-07-14T08:58:36.528+0000] {taskinstance.py:2648} INFO - Exporting env vars: AIRFLOW_CTX_DAG_OWNER='***' AIRFLOW_CTX_DAG_ID='fetch_spread_values' AIRFLOW_CTX_TASK_ID='fetch_and_compute_spread_usd_mxn' AIRFLOW_CTX_EXECUTION_DATE='2024-07-14T01:58:00+00:00' AIRFLOW_CTX_TRY_NUMBER='1' AIRFLOW_CTX_DAG_RUN_ID='scheduled__2024-07-14T01:58:00+00:00'
[2024-07-14T08:58:36.532+0000] {taskinstance.py:430} INFO - ::endgroup::
[2024-07-14T08:58:37.433+0000] {python.py:237} INFO - Done. Returned value was: None
[2024-07-14T08:58:37.440+0000] {taskinstance.py:441} INFO - ::group::Post task execution logs
[2024-07-14T08:58:37.492+0000] {taskinstance.py:1206} INFO - Marking task as SUCCESS. dag_id=fetch_spread_values, task_id=fetch_and_compute_spread_usd_mxn, run_id=scheduled__2024-07-14T01:58:00+00:00, execution_date=20240714T015800, start_date=20240714T085835, end_date=20240714T085837
[2024-07-14T08:58:37.646+0000] {local_task_job_runner.py:240} INFO - Task exited with return code 0
[2024-07-14T08:58:37.776+0000] {taskinstance.py:3503} INFO - 0 downstream tasks scheduled from follow-on schedule check
[2024-07-14T08:58:37.810+0000] {local_task_job_runner.py:222} INFO - ::endgroup::
[2024-07-14T20:33:02.300+0000] {local_task_job_runner.py:120} INFO - ::group::Pre task execution logs
[2024-07-14T20:33:02.317+0000] {taskinstance.py:2076} INFO - Dependencies all met for dep_context=non-requeueable deps ti=<TaskInstance: fetch_spread_values.fetch_and_compute_spread_usd_mxn scheduled__2024-07-14T01:58:00+00:00 [queued]>
[2024-07-14T20:33:02.321+0000] {taskinstance.py:2076} INFO - Dependencies all met for dep_context=requeueable deps ti=<TaskInstance: fetch_spread_values.fetch_and_compute_spread_usd_mxn scheduled__2024-07-14T01:58:00+00:00 [queued]>
[2024-07-14T20:33:02.321+0000] {taskinstance.py:2306} INFO - Starting attempt 1 of 2
[2024-07-14T20:33:02.327+0000] {taskinstance.py:2330} INFO - Executing <Task(PythonOperator): fetch_and_compute_spread_usd_mxn> on 2024-07-14 01:58:00+00:00
[2024-07-14T20:33:02.330+0000] {logging_mixin.py:188} WARNING - /home/***/.local/lib/python3.12/site-packages/***/task/task_runner/standard_task_runner.py:61 DeprecationWarning: This process (pid=670) is multi-threaded, use of fork() may lead to deadlocks in the child.
[2024-07-14T20:33:02.331+0000] {standard_task_runner.py:63} INFO - Started process 672 to run task
[2024-07-14T20:33:02.331+0000] {standard_task_runner.py:90} INFO - Running: ['***', 'tasks', 'run', 'fetch_spread_values', 'fetch_and_compute_spread_usd_mxn', 'scheduled__2024-07-14T01:58:00+00:00', '--job-id', '242', '--raw', '--subdir', 'DAGS_FOLDER/***.py', '--cfg-path', '/tmp/tmpxjrfnsdu']
[2024-07-14T20:33:02.333+0000] {standard_task_runner.py:91} INFO - Job 242: Subtask fetch_and_compute_spread_usd_mxn
[2024-07-14T20:33:02.359+0000] {task_command.py:426} INFO - Running <TaskInstance: fetch_spread_values.fetch_and_compute_spread_usd_mxn scheduled__2024-07-14T01:58:00+00:00 [running]> on host 77caf7e4b282
[2024-07-14T20:33:02.403+0000] {taskinstance.py:2648} INFO - Exporting env vars: AIRFLOW_CTX_DAG_OWNER='***' AIRFLOW_CTX_DAG_ID='fetch_spread_values' AIRFLOW_CTX_TASK_ID='fetch_and_compute_spread_usd_mxn' AIRFLOW_CTX_EXECUTION_DATE='2024-07-14T01:58:00+00:00' AIRFLOW_CTX_TRY_NUMBER='1' AIRFLOW_CTX_DAG_RUN_ID='scheduled__2024-07-14T01:58:00+00:00'
[2024-07-14T20:33:02.404+0000] {taskinstance.py:430} INFO - ::endgroup::
[2024-07-14T20:33:02.590+0000] {python.py:237} INFO - Done. Returned value was: None
[2024-07-14T20:33:02.590+0000] {taskinstance.py:441} INFO - ::group::Post task execution logs
[2024-07-14T20:33:02.596+0000] {taskinstance.py:1206} INFO - Marking task as SUCCESS. dag_id=fetch_spread_values, task_id=fetch_and_compute_spread_usd_mxn, run_id=scheduled__2024-07-14T01:58:00+00:00, execution_date=20240714T015800, start_date=20240714T203302, end_date=20240714T203302
[2024-07-14T20:33:02.636+0000] {local_task_job_runner.py:240} INFO - Task exited with return code 0
[2024-07-14T20:33:02.646+0000] {taskinstance.py:3503} INFO - 0 downstream tasks scheduled from follow-on schedule check
[2024-07-14T20:33:02.646+0000] {local_task_job_runner.py:222} INFO - ::endgroup::
