[2024-07-14T09:03:36.948+0000] {local_task_job_runner.py:120} INFO - ::group::Pre task execution logs
[2024-07-14T09:03:37.024+0000] {taskinstance.py:2076} INFO - Dependencies all met for dep_context=non-requeueable deps ti=<TaskInstance: fetch_spread_values.fetch_and_compute_spread_usd_mxn scheduled__2024-07-14T07:29:00+00:00 [queued]>
[2024-07-14T09:03:37.044+0000] {taskinstance.py:2076} INFO - Dependencies all met for dep_context=requeueable deps ti=<TaskInstance: fetch_spread_values.fetch_and_compute_spread_usd_mxn scheduled__2024-07-14T07:29:00+00:00 [queued]>
[2024-07-14T09:03:37.050+0000] {taskinstance.py:2306} INFO - Starting attempt 1 of 2
[2024-07-14T09:03:37.124+0000] {taskinstance.py:2330} INFO - Executing <Task(PythonOperator): fetch_and_compute_spread_usd_mxn> on 2024-07-14 07:29:00+00:00
[2024-07-14T09:03:37.147+0000] {warnings.py:112} WARNING - /home/***/.local/lib/python3.12/site-packages/***/task/task_runner/standard_task_runner.py:61: DeprecationWarning: This process (pid=2881) is multi-threaded, use of fork() may lead to deadlocks in the child.
  pid = os.fork()

[2024-07-14T09:03:37.154+0000] {standard_task_runner.py:63} INFO - Started process 2913 to run task
[2024-07-14T09:03:37.158+0000] {standard_task_runner.py:90} INFO - Running: ['***', 'tasks', 'run', 'fetch_spread_values', 'fetch_and_compute_spread_usd_mxn', 'scheduled__2024-07-14T07:29:00+00:00', '--job-id', '928', '--raw', '--subdir', 'DAGS_FOLDER/***.py', '--cfg-path', '/tmp/tmpvvof2ca7']
[2024-07-14T09:03:37.170+0000] {standard_task_runner.py:91} INFO - Job 928: Subtask fetch_and_compute_spread_usd_mxn
[2024-07-14T09:03:37.313+0000] {task_command.py:426} INFO - Running <TaskInstance: fetch_spread_values.fetch_and_compute_spread_usd_mxn scheduled__2024-07-14T07:29:00+00:00 [running]> on host d537c34a4880
[2024-07-14T09:03:37.486+0000] {taskinstance.py:2648} INFO - Exporting env vars: AIRFLOW_CTX_DAG_OWNER='***' AIRFLOW_CTX_DAG_ID='fetch_spread_values' AIRFLOW_CTX_TASK_ID='fetch_and_compute_spread_usd_mxn' AIRFLOW_CTX_EXECUTION_DATE='2024-07-14T07:29:00+00:00' AIRFLOW_CTX_TRY_NUMBER='1' AIRFLOW_CTX_DAG_RUN_ID='scheduled__2024-07-14T07:29:00+00:00'
[2024-07-14T09:03:37.500+0000] {taskinstance.py:430} INFO - ::endgroup::
[2024-07-14T09:03:37.723+0000] {python.py:237} INFO - Done. Returned value was: None
[2024-07-14T09:03:37.734+0000] {taskinstance.py:441} INFO - ::group::Post task execution logs
[2024-07-14T09:03:37.753+0000] {taskinstance.py:1206} INFO - Marking task as SUCCESS. dag_id=fetch_spread_values, task_id=fetch_and_compute_spread_usd_mxn, run_id=scheduled__2024-07-14T07:29:00+00:00, execution_date=20240714T072900, start_date=20240714T090337, end_date=20240714T090337
[2024-07-14T09:03:37.864+0000] {local_task_job_runner.py:240} INFO - Task exited with return code 0
[2024-07-14T09:03:37.907+0000] {taskinstance.py:3503} INFO - 0 downstream tasks scheduled from follow-on schedule check
[2024-07-14T09:03:37.915+0000] {local_task_job_runner.py:222} INFO - ::endgroup::
[2024-07-14T20:35:23.275+0000] {local_task_job_runner.py:120} INFO - ::group::Pre task execution logs
[2024-07-14T20:35:23.293+0000] {taskinstance.py:2076} INFO - Dependencies all met for dep_context=non-requeueable deps ti=<TaskInstance: fetch_spread_values.fetch_and_compute_spread_usd_mxn scheduled__2024-07-14T07:29:00+00:00 [queued]>
[2024-07-14T20:35:23.297+0000] {taskinstance.py:2076} INFO - Dependencies all met for dep_context=requeueable deps ti=<TaskInstance: fetch_spread_values.fetch_and_compute_spread_usd_mxn scheduled__2024-07-14T07:29:00+00:00 [queued]>
[2024-07-14T20:35:23.297+0000] {taskinstance.py:2306} INFO - Starting attempt 1 of 2
[2024-07-14T20:35:23.304+0000] {taskinstance.py:2330} INFO - Executing <Task(PythonOperator): fetch_and_compute_spread_usd_mxn> on 2024-07-14 07:29:00+00:00
[2024-07-14T20:35:23.307+0000] {logging_mixin.py:188} WARNING - /home/***/.local/lib/python3.12/site-packages/***/task/task_runner/standard_task_runner.py:61 DeprecationWarning: This process (pid=2212) is multi-threaded, use of fork() may lead to deadlocks in the child.
[2024-07-14T20:35:23.308+0000] {standard_task_runner.py:90} INFO - Running: ['***', 'tasks', 'run', 'fetch_spread_values', 'fetch_and_compute_spread_usd_mxn', 'scheduled__2024-07-14T07:29:00+00:00', '--job-id', '1002', '--raw', '--subdir', 'DAGS_FOLDER/***.py', '--cfg-path', '/tmp/tmpbzp6o73v']
[2024-07-14T20:35:23.309+0000] {standard_task_runner.py:63} INFO - Started process 2215 to run task
[2024-07-14T20:35:23.309+0000] {standard_task_runner.py:91} INFO - Job 1002: Subtask fetch_and_compute_spread_usd_mxn
[2024-07-14T20:35:23.336+0000] {task_command.py:426} INFO - Running <TaskInstance: fetch_spread_values.fetch_and_compute_spread_usd_mxn scheduled__2024-07-14T07:29:00+00:00 [running]> on host 77caf7e4b282
[2024-07-14T20:35:23.385+0000] {taskinstance.py:2648} INFO - Exporting env vars: AIRFLOW_CTX_DAG_OWNER='***' AIRFLOW_CTX_DAG_ID='fetch_spread_values' AIRFLOW_CTX_TASK_ID='fetch_and_compute_spread_usd_mxn' AIRFLOW_CTX_EXECUTION_DATE='2024-07-14T07:29:00+00:00' AIRFLOW_CTX_TRY_NUMBER='1' AIRFLOW_CTX_DAG_RUN_ID='scheduled__2024-07-14T07:29:00+00:00'
[2024-07-14T20:35:23.386+0000] {taskinstance.py:430} INFO - ::endgroup::
[2024-07-14T20:35:23.570+0000] {python.py:237} INFO - Done. Returned value was: None
[2024-07-14T20:35:23.570+0000] {taskinstance.py:441} INFO - ::group::Post task execution logs
[2024-07-14T20:35:23.578+0000] {taskinstance.py:1206} INFO - Marking task as SUCCESS. dag_id=fetch_spread_values, task_id=fetch_and_compute_spread_usd_mxn, run_id=scheduled__2024-07-14T07:29:00+00:00, execution_date=20240714T072900, start_date=20240714T203523, end_date=20240714T203523
[2024-07-14T20:35:23.620+0000] {local_task_job_runner.py:240} INFO - Task exited with return code 0
[2024-07-14T20:35:23.630+0000] {taskinstance.py:3503} INFO - 0 downstream tasks scheduled from follow-on schedule check
[2024-07-14T20:35:23.631+0000] {local_task_job_runner.py:222} INFO - ::endgroup::
