[2024-07-14T09:01:57.969+0000] {local_task_job_runner.py:120} INFO - ::group::Pre task execution logs
[2024-07-14T09:01:58.021+0000] {taskinstance.py:2076} INFO - Dependencies all met for dep_context=non-requeueable deps ti=<TaskInstance: fetch_spread_values.fetch_and_compute_spread_usd_mxn scheduled__2024-07-14T05:38:00+00:00 [queued]>
[2024-07-14T09:01:58.027+0000] {taskinstance.py:2076} INFO - Dependencies all met for dep_context=requeueable deps ti=<TaskInstance: fetch_spread_values.fetch_and_compute_spread_usd_mxn scheduled__2024-07-14T05:38:00+00:00 [queued]>
[2024-07-14T09:01:58.028+0000] {taskinstance.py:2306} INFO - Starting attempt 1 of 2
[2024-07-14T09:01:58.046+0000] {taskinstance.py:2330} INFO - Executing <Task(PythonOperator): fetch_and_compute_spread_usd_mxn> on 2024-07-14 05:38:00+00:00
[2024-07-14T09:01:58.053+0000] {warnings.py:112} WARNING - /home/***/.local/lib/python3.12/site-packages/***/task/task_runner/standard_task_runner.py:61: DeprecationWarning: This process (pid=2200) is multi-threaded, use of fork() may lead to deadlocks in the child.
  pid = os.fork()

[2024-07-14T09:01:58.055+0000] {standard_task_runner.py:90} INFO - Running: ['***', 'tasks', 'run', 'fetch_spread_values', 'fetch_and_compute_spread_usd_mxn', 'scheduled__2024-07-14T05:38:00+00:00', '--job-id', '707', '--raw', '--subdir', 'DAGS_FOLDER/***.py', '--cfg-path', '/tmp/tmpvcuc676u']
[2024-07-14T09:01:58.058+0000] {standard_task_runner.py:63} INFO - Started process 2219 to run task
[2024-07-14T09:01:58.058+0000] {standard_task_runner.py:91} INFO - Job 707: Subtask fetch_and_compute_spread_usd_mxn
[2024-07-14T09:01:58.138+0000] {task_command.py:426} INFO - Running <TaskInstance: fetch_spread_values.fetch_and_compute_spread_usd_mxn scheduled__2024-07-14T05:38:00+00:00 [running]> on host d537c34a4880
[2024-07-14T09:01:58.275+0000] {taskinstance.py:2648} INFO - Exporting env vars: AIRFLOW_CTX_DAG_OWNER='***' AIRFLOW_CTX_DAG_ID='fetch_spread_values' AIRFLOW_CTX_TASK_ID='fetch_and_compute_spread_usd_mxn' AIRFLOW_CTX_EXECUTION_DATE='2024-07-14T05:38:00+00:00' AIRFLOW_CTX_TRY_NUMBER='1' AIRFLOW_CTX_DAG_RUN_ID='scheduled__2024-07-14T05:38:00+00:00'
[2024-07-14T09:01:58.277+0000] {taskinstance.py:430} INFO - ::endgroup::
[2024-07-14T09:01:58.438+0000] {python.py:237} INFO - Done. Returned value was: None
[2024-07-14T09:01:58.439+0000] {taskinstance.py:441} INFO - ::group::Post task execution logs
[2024-07-14T09:01:58.448+0000] {taskinstance.py:1206} INFO - Marking task as SUCCESS. dag_id=fetch_spread_values, task_id=fetch_and_compute_spread_usd_mxn, run_id=scheduled__2024-07-14T05:38:00+00:00, execution_date=20240714T053800, start_date=20240714T090158, end_date=20240714T090158
[2024-07-14T09:01:58.494+0000] {local_task_job_runner.py:240} INFO - Task exited with return code 0
[2024-07-14T09:01:58.521+0000] {local_task_job_runner.py:222} INFO - ::endgroup::
[2024-07-14T20:34:32.770+0000] {local_task_job_runner.py:120} INFO - ::group::Pre task execution logs
[2024-07-14T20:34:32.810+0000] {taskinstance.py:2076} INFO - Dependencies all met for dep_context=non-requeueable deps ti=<TaskInstance: fetch_spread_values.fetch_and_compute_spread_usd_mxn scheduled__2024-07-14T05:38:00+00:00 [queued]>
[2024-07-14T20:34:32.817+0000] {taskinstance.py:2076} INFO - Dependencies all met for dep_context=requeueable deps ti=<TaskInstance: fetch_spread_values.fetch_and_compute_spread_usd_mxn scheduled__2024-07-14T05:38:00+00:00 [queued]>
[2024-07-14T20:34:32.818+0000] {taskinstance.py:2306} INFO - Starting attempt 1 of 2
[2024-07-14T20:34:32.831+0000] {taskinstance.py:2330} INFO - Executing <Task(PythonOperator): fetch_and_compute_spread_usd_mxn> on 2024-07-14 05:38:00+00:00
[2024-07-14T20:34:32.840+0000] {standard_task_runner.py:90} INFO - Running: ['***', 'tasks', 'run', 'fetch_spread_values', 'fetch_and_compute_spread_usd_mxn', 'scheduled__2024-07-14T05:38:00+00:00', '--job-id', '681', '--raw', '--subdir', 'DAGS_FOLDER/***.py', '--cfg-path', '/tmp/tmp58taibg1']
[2024-07-14T20:34:32.843+0000] {standard_task_runner.py:91} INFO - Job 681: Subtask fetch_and_compute_spread_usd_mxn
[2024-07-14T20:34:32.842+0000] {logging_mixin.py:188} WARNING - /home/***/.local/lib/python3.12/site-packages/***/task/task_runner/standard_task_runner.py:61 DeprecationWarning: This process (pid=1560) is multi-threaded, use of fork() may lead to deadlocks in the child.
[2024-07-14T20:34:32.852+0000] {standard_task_runner.py:63} INFO - Started process 1569 to run task
[2024-07-14T20:34:32.941+0000] {task_command.py:426} INFO - Running <TaskInstance: fetch_spread_values.fetch_and_compute_spread_usd_mxn scheduled__2024-07-14T05:38:00+00:00 [running]> on host 77caf7e4b282
[2024-07-14T20:34:33.078+0000] {taskinstance.py:2648} INFO - Exporting env vars: AIRFLOW_CTX_DAG_OWNER='***' AIRFLOW_CTX_DAG_ID='fetch_spread_values' AIRFLOW_CTX_TASK_ID='fetch_and_compute_spread_usd_mxn' AIRFLOW_CTX_EXECUTION_DATE='2024-07-14T05:38:00+00:00' AIRFLOW_CTX_TRY_NUMBER='1' AIRFLOW_CTX_DAG_RUN_ID='scheduled__2024-07-14T05:38:00+00:00'
[2024-07-14T20:34:33.081+0000] {taskinstance.py:430} INFO - ::endgroup::
[2024-07-14T20:34:33.359+0000] {python.py:237} INFO - Done. Returned value was: None
[2024-07-14T20:34:33.360+0000] {taskinstance.py:441} INFO - ::group::Post task execution logs
[2024-07-14T20:34:33.367+0000] {taskinstance.py:1206} INFO - Marking task as SUCCESS. dag_id=fetch_spread_values, task_id=fetch_and_compute_spread_usd_mxn, run_id=scheduled__2024-07-14T05:38:00+00:00, execution_date=20240714T053800, start_date=20240714T203432, end_date=20240714T203433
[2024-07-14T20:34:33.378+0000] {local_task_job_runner.py:240} INFO - Task exited with return code 0
[2024-07-14T20:34:33.391+0000] {taskinstance.py:3503} INFO - 0 downstream tasks scheduled from follow-on schedule check
[2024-07-14T20:34:33.392+0000] {local_task_job_runner.py:222} INFO - ::endgroup::
