[2024-07-14T09:03:29.860+0000] {local_task_job_runner.py:120} INFO - ::group::Pre task execution logs
[2024-07-14T09:03:29.889+0000] {taskinstance.py:2076} INFO - Dependencies all met for dep_context=non-requeueable deps ti=<TaskInstance: fetch_spread_values.fetch_and_compute_spread_btc_mxn scheduled__2024-07-14T07:20:00+00:00 [queued]>
[2024-07-14T09:03:29.897+0000] {taskinstance.py:2076} INFO - Dependencies all met for dep_context=requeueable deps ti=<TaskInstance: fetch_spread_values.fetch_and_compute_spread_btc_mxn scheduled__2024-07-14T07:20:00+00:00 [queued]>
[2024-07-14T09:03:29.904+0000] {taskinstance.py:2306} INFO - Starting attempt 1 of 2
[2024-07-14T09:03:29.935+0000] {taskinstance.py:2330} INFO - Executing <Task(PythonOperator): fetch_and_compute_spread_btc_mxn> on 2024-07-14 07:20:00+00:00
[2024-07-14T09:03:29.953+0000] {warnings.py:112} WARNING - /home/***/.local/lib/python3.12/site-packages/***/task/task_runner/standard_task_runner.py:61: DeprecationWarning: This process (pid=2825) is multi-threaded, use of fork() may lead to deadlocks in the child.
  pid = os.fork()

[2024-07-14T09:03:29.961+0000] {standard_task_runner.py:63} INFO - Started process 2859 to run task
[2024-07-14T09:03:29.955+0000] {standard_task_runner.py:90} INFO - Running: ['***', 'tasks', 'run', 'fetch_spread_values', 'fetch_and_compute_spread_btc_mxn', 'scheduled__2024-07-14T07:20:00+00:00', '--job-id', '912', '--raw', '--subdir', 'DAGS_FOLDER/***.py', '--cfg-path', '/tmp/tmpvq145g1n']
[2024-07-14T09:03:29.966+0000] {standard_task_runner.py:91} INFO - Job 912: Subtask fetch_and_compute_spread_btc_mxn
[2024-07-14T09:03:30.051+0000] {task_command.py:426} INFO - Running <TaskInstance: fetch_spread_values.fetch_and_compute_spread_btc_mxn scheduled__2024-07-14T07:20:00+00:00 [running]> on host d537c34a4880
[2024-07-14T09:03:30.188+0000] {taskinstance.py:2648} INFO - Exporting env vars: AIRFLOW_CTX_DAG_OWNER='***' AIRFLOW_CTX_DAG_ID='fetch_spread_values' AIRFLOW_CTX_TASK_ID='fetch_and_compute_spread_btc_mxn' AIRFLOW_CTX_EXECUTION_DATE='2024-07-14T07:20:00+00:00' AIRFLOW_CTX_TRY_NUMBER='1' AIRFLOW_CTX_DAG_RUN_ID='scheduled__2024-07-14T07:20:00+00:00'
[2024-07-14T09:03:30.196+0000] {taskinstance.py:430} INFO - ::endgroup::
[2024-07-14T09:03:30.380+0000] {python.py:237} INFO - Done. Returned value was: None
[2024-07-14T09:03:30.386+0000] {taskinstance.py:441} INFO - ::group::Post task execution logs
[2024-07-14T09:03:30.410+0000] {taskinstance.py:1206} INFO - Marking task as SUCCESS. dag_id=fetch_spread_values, task_id=fetch_and_compute_spread_btc_mxn, run_id=scheduled__2024-07-14T07:20:00+00:00, execution_date=20240714T072000, start_date=20240714T090329, end_date=20240714T090330
[2024-07-14T09:03:30.446+0000] {local_task_job_runner.py:240} INFO - Task exited with return code 0
[2024-07-14T09:03:30.495+0000] {taskinstance.py:3503} INFO - 0 downstream tasks scheduled from follow-on schedule check
[2024-07-14T09:03:30.496+0000] {local_task_job_runner.py:222} INFO - ::endgroup::
[2024-07-14T20:35:16.861+0000] {local_task_job_runner.py:120} INFO - ::group::Pre task execution logs
[2024-07-14T20:35:16.918+0000] {taskinstance.py:2076} INFO - Dependencies all met for dep_context=non-requeueable deps ti=<TaskInstance: fetch_spread_values.fetch_and_compute_spread_btc_mxn scheduled__2024-07-14T07:20:00+00:00 [queued]>
[2024-07-14T20:35:16.923+0000] {taskinstance.py:2076} INFO - Dependencies all met for dep_context=requeueable deps ti=<TaskInstance: fetch_spread_values.fetch_and_compute_spread_btc_mxn scheduled__2024-07-14T07:20:00+00:00 [queued]>
[2024-07-14T20:35:16.924+0000] {taskinstance.py:2306} INFO - Starting attempt 1 of 2
[2024-07-14T20:35:16.964+0000] {taskinstance.py:2330} INFO - Executing <Task(PythonOperator): fetch_and_compute_spread_btc_mxn> on 2024-07-14 07:20:00+00:00
[2024-07-14T20:35:16.971+0000] {standard_task_runner.py:90} INFO - Running: ['***', 'tasks', 'run', 'fetch_spread_values', 'fetch_and_compute_spread_btc_mxn', 'scheduled__2024-07-14T07:20:00+00:00', '--job-id', '977', '--raw', '--subdir', 'DAGS_FOLDER/***.py', '--cfg-path', '/tmp/tmphwpn4c7m']
[2024-07-14T20:35:16.994+0000] {standard_task_runner.py:91} INFO - Job 977: Subtask fetch_and_compute_spread_btc_mxn
[2024-07-14T20:35:16.970+0000] {logging_mixin.py:188} WARNING - /home/***/.local/lib/python3.12/site-packages/***/task/task_runner/standard_task_runner.py:61 DeprecationWarning: This process (pid=2151) is multi-threaded, use of fork() may lead to deadlocks in the child.
[2024-07-14T20:35:17.007+0000] {standard_task_runner.py:63} INFO - Started process 2167 to run task
[2024-07-14T20:35:17.160+0000] {task_command.py:426} INFO - Running <TaskInstance: fetch_spread_values.fetch_and_compute_spread_btc_mxn scheduled__2024-07-14T07:20:00+00:00 [running]> on host 77caf7e4b282
[2024-07-14T20:35:17.317+0000] {taskinstance.py:2648} INFO - Exporting env vars: AIRFLOW_CTX_DAG_OWNER='***' AIRFLOW_CTX_DAG_ID='fetch_spread_values' AIRFLOW_CTX_TASK_ID='fetch_and_compute_spread_btc_mxn' AIRFLOW_CTX_EXECUTION_DATE='2024-07-14T07:20:00+00:00' AIRFLOW_CTX_TRY_NUMBER='1' AIRFLOW_CTX_DAG_RUN_ID='scheduled__2024-07-14T07:20:00+00:00'
[2024-07-14T20:35:17.320+0000] {taskinstance.py:430} INFO - ::endgroup::
[2024-07-14T20:35:17.513+0000] {python.py:237} INFO - Done. Returned value was: None
[2024-07-14T20:35:17.514+0000] {taskinstance.py:441} INFO - ::group::Post task execution logs
[2024-07-14T20:35:17.523+0000] {taskinstance.py:1206} INFO - Marking task as SUCCESS. dag_id=fetch_spread_values, task_id=fetch_and_compute_spread_btc_mxn, run_id=scheduled__2024-07-14T07:20:00+00:00, execution_date=20240714T072000, start_date=20240714T203516, end_date=20240714T203517
[2024-07-14T20:35:17.575+0000] {local_task_job_runner.py:240} INFO - Task exited with return code 0
[2024-07-14T20:35:17.581+0000] {local_task_job_runner.py:222} INFO - ::endgroup::
