[2024-07-14T18:29:49.465+0000] {local_task_job_runner.py:120} INFO - ::group::Pre task execution logs
[2024-07-14T18:29:49.487+0000] {taskinstance.py:2076} INFO - Dependencies all met for dep_context=non-requeueable deps ti=<TaskInstance: fetch_spread_values.fetch_and_compute_spread_usd_mxn scheduled__2024-07-14T18:21:00+00:00 [queued]>
[2024-07-14T18:29:49.504+0000] {taskinstance.py:2076} INFO - Dependencies all met for dep_context=requeueable deps ti=<TaskInstance: fetch_spread_values.fetch_and_compute_spread_usd_mxn scheduled__2024-07-14T18:21:00+00:00 [queued]>
[2024-07-14T18:29:49.509+0000] {taskinstance.py:2306} INFO - Starting attempt 1 of 2
[2024-07-14T18:29:49.520+0000] {taskinstance.py:2330} INFO - Executing <Task(PythonOperator): fetch_and_compute_spread_usd_mxn> on 2024-07-14 18:21:00+00:00
[2024-07-14T18:29:49.537+0000] {warnings.py:112} WARNING - /home/***/.local/lib/python3.12/site-packages/***/task/task_runner/standard_task_runner.py:61: DeprecationWarning: This process (pid=7806) is multi-threaded, use of fork() may lead to deadlocks in the child.
  pid = os.fork()

[2024-07-14T18:29:49.540+0000] {standard_task_runner.py:63} INFO - Started process 7825 to run task
[2024-07-14T18:29:49.539+0000] {standard_task_runner.py:90} INFO - Running: ['***', 'tasks', 'run', 'fetch_spread_values', 'fetch_and_compute_spread_usd_mxn', 'scheduled__2024-07-14T18:21:00+00:00', '--job-id', '2357', '--raw', '--subdir', 'DAGS_FOLDER/***.py', '--cfg-path', '/tmp/tmpow2qhlqk']
[2024-07-14T18:29:49.542+0000] {standard_task_runner.py:91} INFO - Job 2357: Subtask fetch_and_compute_spread_usd_mxn
[2024-07-14T18:29:49.591+0000] {task_command.py:426} INFO - Running <TaskInstance: fetch_spread_values.fetch_and_compute_spread_usd_mxn scheduled__2024-07-14T18:21:00+00:00 [running]> on host d537c34a4880
[2024-07-14T18:29:49.672+0000] {taskinstance.py:2648} INFO - Exporting env vars: AIRFLOW_CTX_DAG_OWNER='***' AIRFLOW_CTX_DAG_ID='fetch_spread_values' AIRFLOW_CTX_TASK_ID='fetch_and_compute_spread_usd_mxn' AIRFLOW_CTX_EXECUTION_DATE='2024-07-14T18:21:00+00:00' AIRFLOW_CTX_TRY_NUMBER='1' AIRFLOW_CTX_DAG_RUN_ID='scheduled__2024-07-14T18:21:00+00:00'
[2024-07-14T18:29:49.674+0000] {taskinstance.py:430} INFO - ::endgroup::
[2024-07-14T18:29:49.837+0000] {python.py:237} INFO - Done. Returned value was: None
[2024-07-14T18:29:49.838+0000] {taskinstance.py:441} INFO - ::group::Post task execution logs
[2024-07-14T18:29:49.848+0000] {taskinstance.py:1206} INFO - Marking task as SUCCESS. dag_id=fetch_spread_values, task_id=fetch_and_compute_spread_usd_mxn, run_id=scheduled__2024-07-14T18:21:00+00:00, execution_date=20240714T182100, start_date=20240714T182949, end_date=20240714T182949
[2024-07-14T18:29:49.887+0000] {local_task_job_runner.py:240} INFO - Task exited with return code 0
[2024-07-14T18:29:49.912+0000] {taskinstance.py:3503} INFO - 0 downstream tasks scheduled from follow-on schedule check
[2024-07-14T18:29:49.913+0000] {local_task_job_runner.py:222} INFO - ::endgroup::
[2024-07-14T20:39:42.414+0000] {local_task_job_runner.py:120} INFO - ::group::Pre task execution logs
[2024-07-14T20:39:42.444+0000] {taskinstance.py:2076} INFO - Dependencies all met for dep_context=non-requeueable deps ti=<TaskInstance: fetch_spread_values.fetch_and_compute_spread_usd_mxn scheduled__2024-07-14T18:21:00+00:00 [queued]>
[2024-07-14T20:39:42.450+0000] {taskinstance.py:2076} INFO - Dependencies all met for dep_context=requeueable deps ti=<TaskInstance: fetch_spread_values.fetch_and_compute_spread_usd_mxn scheduled__2024-07-14T18:21:00+00:00 [queued]>
[2024-07-14T20:39:42.451+0000] {taskinstance.py:2306} INFO - Starting attempt 1 of 2
[2024-07-14T20:39:42.461+0000] {taskinstance.py:2330} INFO - Executing <Task(PythonOperator): fetch_and_compute_spread_usd_mxn> on 2024-07-14 18:21:00+00:00
[2024-07-14T20:39:42.466+0000] {logging_mixin.py:188} WARNING - /home/***/.local/lib/python3.12/site-packages/***/task/task_runner/standard_task_runner.py:61 DeprecationWarning: This process (pid=4908) is multi-threaded, use of fork() may lead to deadlocks in the child.
[2024-07-14T20:39:42.467+0000] {standard_task_runner.py:63} INFO - Started process 4915 to run task
[2024-07-14T20:39:42.467+0000] {standard_task_runner.py:90} INFO - Running: ['***', 'tasks', 'run', 'fetch_spread_values', 'fetch_and_compute_spread_usd_mxn', 'scheduled__2024-07-14T18:21:00+00:00', '--job-id', '2331', '--raw', '--subdir', 'DAGS_FOLDER/***.py', '--cfg-path', '/tmp/tmp7xj9lsek']
[2024-07-14T20:39:42.468+0000] {standard_task_runner.py:91} INFO - Job 2331: Subtask fetch_and_compute_spread_usd_mxn
[2024-07-14T20:39:42.500+0000] {task_command.py:426} INFO - Running <TaskInstance: fetch_spread_values.fetch_and_compute_spread_usd_mxn scheduled__2024-07-14T18:21:00+00:00 [running]> on host 77caf7e4b282
[2024-07-14T20:39:42.553+0000] {taskinstance.py:2648} INFO - Exporting env vars: AIRFLOW_CTX_DAG_OWNER='***' AIRFLOW_CTX_DAG_ID='fetch_spread_values' AIRFLOW_CTX_TASK_ID='fetch_and_compute_spread_usd_mxn' AIRFLOW_CTX_EXECUTION_DATE='2024-07-14T18:21:00+00:00' AIRFLOW_CTX_TRY_NUMBER='1' AIRFLOW_CTX_DAG_RUN_ID='scheduled__2024-07-14T18:21:00+00:00'
[2024-07-14T20:39:42.554+0000] {taskinstance.py:430} INFO - ::endgroup::
[2024-07-14T20:39:42.741+0000] {python.py:237} INFO - Done. Returned value was: None
[2024-07-14T20:39:42.742+0000] {taskinstance.py:441} INFO - ::group::Post task execution logs
[2024-07-14T20:39:42.750+0000] {taskinstance.py:1206} INFO - Marking task as SUCCESS. dag_id=fetch_spread_values, task_id=fetch_and_compute_spread_usd_mxn, run_id=scheduled__2024-07-14T18:21:00+00:00, execution_date=20240714T182100, start_date=20240714T203942, end_date=20240714T203942
[2024-07-14T20:39:42.770+0000] {local_task_job_runner.py:240} INFO - Task exited with return code 0
[2024-07-14T20:39:42.783+0000] {taskinstance.py:3503} INFO - 0 downstream tasks scheduled from follow-on schedule check
[2024-07-14T20:39:42.784+0000] {local_task_job_runner.py:222} INFO - ::endgroup::
