[2024-07-14T08:57:23.476+0000] {local_task_job_runner.py:120} INFO - ::group::Pre task execution logs
[2024-07-14T08:57:23.541+0000] {taskinstance.py:2076} INFO - Dependencies all met for dep_context=non-requeueable deps ti=<TaskInstance: fetch_spread_values.fetch_and_compute_spread_btc_mxn scheduled__2024-07-14T00:34:00+00:00 [queued]>
[2024-07-14T08:57:23.580+0000] {taskinstance.py:2076} INFO - Dependencies all met for dep_context=requeueable deps ti=<TaskInstance: fetch_spread_values.fetch_and_compute_spread_btc_mxn scheduled__2024-07-14T00:34:00+00:00 [queued]>
[2024-07-14T08:57:23.587+0000] {taskinstance.py:2306} INFO - Starting attempt 1 of 2
[2024-07-14T08:57:23.661+0000] {taskinstance.py:2330} INFO - Executing <Task(PythonOperator): fetch_and_compute_spread_btc_mxn> on 2024-07-14 00:34:00+00:00
[2024-07-14T08:57:23.675+0000] {warnings.py:112} WARNING - /home/***/.local/lib/python3.12/site-packages/***/task/task_runner/standard_task_runner.py:61: DeprecationWarning: This process (pid=325) is multi-threaded, use of fork() may lead to deadlocks in the child.
  pid = os.fork()

[2024-07-14T08:57:23.684+0000] {standard_task_runner.py:90} INFO - Running: ['***', 'tasks', 'run', 'fetch_spread_values', 'fetch_and_compute_spread_btc_mxn', 'scheduled__2024-07-14T00:34:00+00:00', '--job-id', '99', '--raw', '--subdir', 'DAGS_FOLDER/***.py', '--cfg-path', '/tmp/tmp8o7l0zum']
[2024-07-14T08:57:23.695+0000] {standard_task_runner.py:91} INFO - Job 99: Subtask fetch_and_compute_spread_btc_mxn
[2024-07-14T08:57:23.688+0000] {standard_task_runner.py:63} INFO - Started process 359 to run task
[2024-07-14T08:57:23.859+0000] {task_command.py:426} INFO - Running <TaskInstance: fetch_spread_values.fetch_and_compute_spread_btc_mxn scheduled__2024-07-14T00:34:00+00:00 [running]> on host d537c34a4880
[2024-07-14T08:57:24.089+0000] {taskinstance.py:2648} INFO - Exporting env vars: AIRFLOW_CTX_DAG_OWNER='***' AIRFLOW_CTX_DAG_ID='fetch_spread_values' AIRFLOW_CTX_TASK_ID='fetch_and_compute_spread_btc_mxn' AIRFLOW_CTX_EXECUTION_DATE='2024-07-14T00:34:00+00:00' AIRFLOW_CTX_TRY_NUMBER='1' AIRFLOW_CTX_DAG_RUN_ID='scheduled__2024-07-14T00:34:00+00:00'
[2024-07-14T08:57:24.097+0000] {taskinstance.py:430} INFO - ::endgroup::
[2024-07-14T08:57:24.523+0000] {python.py:237} INFO - Done. Returned value was: None
[2024-07-14T08:57:24.528+0000] {taskinstance.py:441} INFO - ::group::Post task execution logs
[2024-07-14T08:57:24.607+0000] {taskinstance.py:1206} INFO - Marking task as SUCCESS. dag_id=fetch_spread_values, task_id=fetch_and_compute_spread_btc_mxn, run_id=scheduled__2024-07-14T00:34:00+00:00, execution_date=20240714T003400, start_date=20240714T085723, end_date=20240714T085724
[2024-07-14T08:57:24.641+0000] {local_task_job_runner.py:240} INFO - Task exited with return code 0
[2024-07-14T08:57:24.678+0000] {taskinstance.py:3503} INFO - 0 downstream tasks scheduled from follow-on schedule check
[2024-07-14T08:57:24.719+0000] {local_task_job_runner.py:222} INFO - ::endgroup::
[2024-07-14T20:32:15.504+0000] {local_task_job_runner.py:120} INFO - ::group::Pre task execution logs
[2024-07-14T20:32:15.548+0000] {taskinstance.py:2076} INFO - Dependencies all met for dep_context=non-requeueable deps ti=<TaskInstance: fetch_spread_values.fetch_and_compute_spread_btc_mxn scheduled__2024-07-14T00:34:00+00:00 [queued]>
[2024-07-14T20:32:15.554+0000] {taskinstance.py:2076} INFO - Dependencies all met for dep_context=requeueable deps ti=<TaskInstance: fetch_spread_values.fetch_and_compute_spread_btc_mxn scheduled__2024-07-14T00:34:00+00:00 [queued]>
[2024-07-14T20:32:15.555+0000] {taskinstance.py:2306} INFO - Starting attempt 1 of 2
[2024-07-14T20:32:15.575+0000] {taskinstance.py:2330} INFO - Executing <Task(PythonOperator): fetch_and_compute_spread_btc_mxn> on 2024-07-14 00:34:00+00:00
[2024-07-14T20:32:15.589+0000] {logging_mixin.py:188} WARNING - /home/***/.local/lib/python3.12/site-packages/***/task/task_runner/standard_task_runner.py:61 DeprecationWarning: This process (pid=315) is multi-threaded, use of fork() may lead to deadlocks in the child.
[2024-07-14T20:32:15.598+0000] {standard_task_runner.py:63} INFO - Started process 325 to run task
[2024-07-14T20:32:15.589+0000] {standard_task_runner.py:90} INFO - Running: ['***', 'tasks', 'run', 'fetch_spread_values', 'fetch_and_compute_spread_btc_mxn', 'scheduled__2024-07-14T00:34:00+00:00', '--job-id', '71', '--raw', '--subdir', 'DAGS_FOLDER/***.py', '--cfg-path', '/tmp/tmpodjh7sok']
[2024-07-14T20:32:15.604+0000] {standard_task_runner.py:91} INFO - Job 71: Subtask fetch_and_compute_spread_btc_mxn
[2024-07-14T20:32:15.668+0000] {task_command.py:426} INFO - Running <TaskInstance: fetch_spread_values.fetch_and_compute_spread_btc_mxn scheduled__2024-07-14T00:34:00+00:00 [running]> on host 77caf7e4b282
[2024-07-14T20:32:15.780+0000] {taskinstance.py:2648} INFO - Exporting env vars: AIRFLOW_CTX_DAG_OWNER='***' AIRFLOW_CTX_DAG_ID='fetch_spread_values' AIRFLOW_CTX_TASK_ID='fetch_and_compute_spread_btc_mxn' AIRFLOW_CTX_EXECUTION_DATE='2024-07-14T00:34:00+00:00' AIRFLOW_CTX_TRY_NUMBER='1' AIRFLOW_CTX_DAG_RUN_ID='scheduled__2024-07-14T00:34:00+00:00'
[2024-07-14T20:32:15.785+0000] {taskinstance.py:430} INFO - ::endgroup::
[2024-07-14T20:32:16.146+0000] {python.py:237} INFO - Done. Returned value was: None
[2024-07-14T20:32:16.147+0000] {taskinstance.py:441} INFO - ::group::Post task execution logs
[2024-07-14T20:32:16.153+0000] {taskinstance.py:1206} INFO - Marking task as SUCCESS. dag_id=fetch_spread_values, task_id=fetch_and_compute_spread_btc_mxn, run_id=scheduled__2024-07-14T00:34:00+00:00, execution_date=20240714T003400, start_date=20240714T203215, end_date=20240714T203216
[2024-07-14T20:32:16.191+0000] {local_task_job_runner.py:240} INFO - Task exited with return code 0
[2024-07-14T20:32:16.200+0000] {taskinstance.py:3503} INFO - 0 downstream tasks scheduled from follow-on schedule check
[2024-07-14T20:32:16.201+0000] {local_task_job_runner.py:222} INFO - ::endgroup::
