[2024-07-14T18:10:46.641+0000] {local_task_job_runner.py:120} INFO - ::group::Pre task execution logs
[2024-07-14T18:10:46.731+0000] {taskinstance.py:2076} INFO - Dependencies all met for dep_context=non-requeueable deps ti=<TaskInstance: fetch_spread_values.fetch_and_compute_spread_btc_mxn scheduled__2024-07-14T17:54:00+00:00 [queued]>
[2024-07-14T18:10:46.784+0000] {taskinstance.py:2076} INFO - Dependencies all met for dep_context=requeueable deps ti=<TaskInstance: fetch_spread_values.fetch_and_compute_spread_btc_mxn scheduled__2024-07-14T17:54:00+00:00 [queued]>
[2024-07-14T18:10:46.798+0000] {taskinstance.py:2306} INFO - Starting attempt 1 of 2
[2024-07-14T18:10:46.893+0000] {taskinstance.py:2330} INFO - Executing <Task(PythonOperator): fetch_and_compute_spread_btc_mxn> on 2024-07-14 17:54:00+00:00
[2024-07-14T18:10:46.902+0000] {warnings.py:112} WARNING - /home/***/.local/lib/python3.12/site-packages/***/task/task_runner/standard_task_runner.py:61: DeprecationWarning: This process (pid=7625) is multi-threaded, use of fork() may lead to deadlocks in the child.
  pid = os.fork()

[2024-07-14T18:10:46.928+0000] {standard_task_runner.py:63} INFO - Started process 7658 to run task
[2024-07-14T18:10:46.906+0000] {standard_task_runner.py:90} INFO - Running: ['***', 'tasks', 'run', 'fetch_spread_values', 'fetch_and_compute_spread_btc_mxn', 'scheduled__2024-07-14T17:54:00+00:00', '--job-id', '2300', '--raw', '--subdir', 'DAGS_FOLDER/***.py', '--cfg-path', '/tmp/tmpjb7hnet_']
[2024-07-14T18:10:46.951+0000] {standard_task_runner.py:91} INFO - Job 2300: Subtask fetch_and_compute_spread_btc_mxn
[2024-07-14T18:10:47.145+0000] {task_command.py:426} INFO - Running <TaskInstance: fetch_spread_values.fetch_and_compute_spread_btc_mxn scheduled__2024-07-14T17:54:00+00:00 [running]> on host d537c34a4880
[2024-07-14T18:10:47.405+0000] {taskinstance.py:2648} INFO - Exporting env vars: AIRFLOW_CTX_DAG_OWNER='***' AIRFLOW_CTX_DAG_ID='fetch_spread_values' AIRFLOW_CTX_TASK_ID='fetch_and_compute_spread_btc_mxn' AIRFLOW_CTX_EXECUTION_DATE='2024-07-14T17:54:00+00:00' AIRFLOW_CTX_TRY_NUMBER='1' AIRFLOW_CTX_DAG_RUN_ID='scheduled__2024-07-14T17:54:00+00:00'
[2024-07-14T18:10:47.424+0000] {taskinstance.py:430} INFO - ::endgroup::
[2024-07-14T18:10:47.766+0000] {python.py:237} INFO - Done. Returned value was: None
[2024-07-14T18:10:47.798+0000] {taskinstance.py:441} INFO - ::group::Post task execution logs
[2024-07-14T18:10:47.839+0000] {taskinstance.py:1206} INFO - Marking task as SUCCESS. dag_id=fetch_spread_values, task_id=fetch_and_compute_spread_btc_mxn, run_id=scheduled__2024-07-14T17:54:00+00:00, execution_date=20240714T175400, start_date=20240714T181046, end_date=20240714T181047
[2024-07-14T18:10:48.042+0000] {local_task_job_runner.py:240} INFO - Task exited with return code 0
[2024-07-14T18:10:48.084+0000] {taskinstance.py:3503} INFO - 0 downstream tasks scheduled from follow-on schedule check
[2024-07-14T18:10:48.121+0000] {local_task_job_runner.py:222} INFO - ::endgroup::
[2024-07-14T20:39:36.433+0000] {local_task_job_runner.py:120} INFO - ::group::Pre task execution logs
[2024-07-14T20:39:36.457+0000] {taskinstance.py:2076} INFO - Dependencies all met for dep_context=non-requeueable deps ti=<TaskInstance: fetch_spread_values.fetch_and_compute_spread_btc_mxn scheduled__2024-07-14T17:54:00+00:00 [queued]>
[2024-07-14T20:39:36.464+0000] {taskinstance.py:2076} INFO - Dependencies all met for dep_context=requeueable deps ti=<TaskInstance: fetch_spread_values.fetch_and_compute_spread_btc_mxn scheduled__2024-07-14T17:54:00+00:00 [queued]>
[2024-07-14T20:39:36.465+0000] {taskinstance.py:2306} INFO - Starting attempt 1 of 2
[2024-07-14T20:39:36.475+0000] {taskinstance.py:2330} INFO - Executing <Task(PythonOperator): fetch_and_compute_spread_btc_mxn> on 2024-07-14 17:54:00+00:00
[2024-07-14T20:39:36.480+0000] {logging_mixin.py:188} WARNING - /home/***/.local/lib/python3.12/site-packages/***/task/task_runner/standard_task_runner.py:61 DeprecationWarning: This process (pid=4802) is multi-threaded, use of fork() may lead to deadlocks in the child.
[2024-07-14T20:39:36.482+0000] {standard_task_runner.py:63} INFO - Started process 4810 to run task
[2024-07-14T20:39:36.481+0000] {standard_task_runner.py:90} INFO - Running: ['***', 'tasks', 'run', 'fetch_spread_values', 'fetch_and_compute_spread_btc_mxn', 'scheduled__2024-07-14T17:54:00+00:00', '--job-id', '2277', '--raw', '--subdir', 'DAGS_FOLDER/***.py', '--cfg-path', '/tmp/tmp4jbv812w']
[2024-07-14T20:39:36.487+0000] {standard_task_runner.py:91} INFO - Job 2277: Subtask fetch_and_compute_spread_btc_mxn
[2024-07-14T20:39:36.541+0000] {task_command.py:426} INFO - Running <TaskInstance: fetch_spread_values.fetch_and_compute_spread_btc_mxn scheduled__2024-07-14T17:54:00+00:00 [running]> on host 77caf7e4b282
[2024-07-14T20:39:36.615+0000] {taskinstance.py:2648} INFO - Exporting env vars: AIRFLOW_CTX_DAG_OWNER='***' AIRFLOW_CTX_DAG_ID='fetch_spread_values' AIRFLOW_CTX_TASK_ID='fetch_and_compute_spread_btc_mxn' AIRFLOW_CTX_EXECUTION_DATE='2024-07-14T17:54:00+00:00' AIRFLOW_CTX_TRY_NUMBER='1' AIRFLOW_CTX_DAG_RUN_ID='scheduled__2024-07-14T17:54:00+00:00'
[2024-07-14T20:39:36.616+0000] {taskinstance.py:430} INFO - ::endgroup::
[2024-07-14T20:39:36.835+0000] {python.py:237} INFO - Done. Returned value was: None
[2024-07-14T20:39:36.837+0000] {taskinstance.py:441} INFO - ::group::Post task execution logs
[2024-07-14T20:39:36.852+0000] {taskinstance.py:1206} INFO - Marking task as SUCCESS. dag_id=fetch_spread_values, task_id=fetch_and_compute_spread_btc_mxn, run_id=scheduled__2024-07-14T17:54:00+00:00, execution_date=20240714T175400, start_date=20240714T203936, end_date=20240714T203936
[2024-07-14T20:39:36.926+0000] {local_task_job_runner.py:240} INFO - Task exited with return code 0
[2024-07-14T20:39:36.947+0000] {taskinstance.py:3503} INFO - 0 downstream tasks scheduled from follow-on schedule check
[2024-07-14T20:39:36.953+0000] {local_task_job_runner.py:222} INFO - ::endgroup::
