[2024-07-14T09:27:01.419+0000] {local_task_job_runner.py:120} INFO - ::group::Pre task execution logs
[2024-07-14T09:27:01.430+0000] {taskinstance.py:2076} INFO - Dependencies all met for dep_context=non-requeueable deps ti=<TaskInstance: fetch_spread_values.fetch_and_compute_spread_btc_mxn scheduled__2024-07-14T09:26:00+00:00 [queued]>
[2024-07-14T09:27:01.434+0000] {taskinstance.py:2076} INFO - Dependencies all met for dep_context=requeueable deps ti=<TaskInstance: fetch_spread_values.fetch_and_compute_spread_btc_mxn scheduled__2024-07-14T09:26:00+00:00 [queued]>
[2024-07-14T09:27:01.435+0000] {taskinstance.py:2306} INFO - Starting attempt 1 of 2
[2024-07-14T09:27:01.442+0000] {taskinstance.py:2330} INFO - Executing <Task(PythonOperator): fetch_and_compute_spread_btc_mxn> on 2024-07-14 09:26:00+00:00
[2024-07-14T09:27:01.447+0000] {warnings.py:112} WARNING - /home/***/.local/lib/python3.12/site-packages/***/task/task_runner/standard_task_runner.py:61: DeprecationWarning: This process (pid=4082) is multi-threaded, use of fork() may lead to deadlocks in the child.
  pid = os.fork()

[2024-07-14T09:27:01.449+0000] {standard_task_runner.py:63} INFO - Started process 4085 to run task
[2024-07-14T09:27:01.448+0000] {standard_task_runner.py:90} INFO - Running: ['***', 'tasks', 'run', 'fetch_spread_values', 'fetch_and_compute_spread_btc_mxn', 'scheduled__2024-07-14T09:26:00+00:00', '--job-id', '1219', '--raw', '--subdir', 'DAGS_FOLDER/***.py', '--cfg-path', '/tmp/tmp9l1kz0oy']
[2024-07-14T09:27:01.451+0000] {standard_task_runner.py:91} INFO - Job 1219: Subtask fetch_and_compute_spread_btc_mxn
[2024-07-14T09:27:01.488+0000] {task_command.py:426} INFO - Running <TaskInstance: fetch_spread_values.fetch_and_compute_spread_btc_mxn scheduled__2024-07-14T09:26:00+00:00 [running]> on host d537c34a4880
[2024-07-14T09:27:01.542+0000] {taskinstance.py:2648} INFO - Exporting env vars: AIRFLOW_CTX_DAG_OWNER='***' AIRFLOW_CTX_DAG_ID='fetch_spread_values' AIRFLOW_CTX_TASK_ID='fetch_and_compute_spread_btc_mxn' AIRFLOW_CTX_EXECUTION_DATE='2024-07-14T09:26:00+00:00' AIRFLOW_CTX_TRY_NUMBER='1' AIRFLOW_CTX_DAG_RUN_ID='scheduled__2024-07-14T09:26:00+00:00'
[2024-07-14T09:27:01.543+0000] {taskinstance.py:430} INFO - ::endgroup::
[2024-07-14T09:27:01.794+0000] {python.py:237} INFO - Done. Returned value was: None
[2024-07-14T09:27:01.795+0000] {taskinstance.py:441} INFO - ::group::Post task execution logs
[2024-07-14T09:27:01.800+0000] {taskinstance.py:1206} INFO - Marking task as SUCCESS. dag_id=fetch_spread_values, task_id=fetch_and_compute_spread_btc_mxn, run_id=scheduled__2024-07-14T09:26:00+00:00, execution_date=20240714T092600, start_date=20240714T092701, end_date=20240714T092701
[2024-07-14T09:27:01.842+0000] {local_task_job_runner.py:240} INFO - Task exited with return code 0
[2024-07-14T09:27:01.852+0000] {taskinstance.py:3503} INFO - 0 downstream tasks scheduled from follow-on schedule check
[2024-07-14T09:27:01.853+0000] {local_task_job_runner.py:222} INFO - ::endgroup::
[2024-07-14T20:36:27.466+0000] {local_task_job_runner.py:120} INFO - ::group::Pre task execution logs
[2024-07-14T20:36:27.496+0000] {taskinstance.py:2076} INFO - Dependencies all met for dep_context=non-requeueable deps ti=<TaskInstance: fetch_spread_values.fetch_and_compute_spread_btc_mxn scheduled__2024-07-14T09:26:00+00:00 [queued]>
[2024-07-14T20:36:27.524+0000] {taskinstance.py:2076} INFO - Dependencies all met for dep_context=requeueable deps ti=<TaskInstance: fetch_spread_values.fetch_and_compute_spread_btc_mxn scheduled__2024-07-14T09:26:00+00:00 [queued]>
[2024-07-14T20:36:27.527+0000] {taskinstance.py:2306} INFO - Starting attempt 1 of 2
[2024-07-14T20:36:27.550+0000] {taskinstance.py:2330} INFO - Executing <Task(PythonOperator): fetch_and_compute_spread_btc_mxn> on 2024-07-14 09:26:00+00:00
[2024-07-14T20:36:27.563+0000] {logging_mixin.py:188} WARNING - /home/***/.local/lib/python3.12/site-packages/***/task/task_runner/standard_task_runner.py:61 DeprecationWarning: This process (pid=2738) is multi-threaded, use of fork() may lead to deadlocks in the child.
[2024-07-14T20:36:27.564+0000] {standard_task_runner.py:63} INFO - Started process 2747 to run task
[2024-07-14T20:36:27.564+0000] {standard_task_runner.py:90} INFO - Running: ['***', 'tasks', 'run', 'fetch_spread_values', 'fetch_and_compute_spread_btc_mxn', 'scheduled__2024-07-14T09:26:00+00:00', '--job-id', '1260', '--raw', '--subdir', 'DAGS_FOLDER/***.py', '--cfg-path', '/tmp/tmp2dgelttu']
[2024-07-14T20:36:27.568+0000] {standard_task_runner.py:91} INFO - Job 1260: Subtask fetch_and_compute_spread_btc_mxn
[2024-07-14T20:36:27.606+0000] {task_command.py:426} INFO - Running <TaskInstance: fetch_spread_values.fetch_and_compute_spread_btc_mxn scheduled__2024-07-14T09:26:00+00:00 [running]> on host 77caf7e4b282
[2024-07-14T20:36:27.674+0000] {taskinstance.py:2648} INFO - Exporting env vars: AIRFLOW_CTX_DAG_OWNER='***' AIRFLOW_CTX_DAG_ID='fetch_spread_values' AIRFLOW_CTX_TASK_ID='fetch_and_compute_spread_btc_mxn' AIRFLOW_CTX_EXECUTION_DATE='2024-07-14T09:26:00+00:00' AIRFLOW_CTX_TRY_NUMBER='1' AIRFLOW_CTX_DAG_RUN_ID='scheduled__2024-07-14T09:26:00+00:00'
[2024-07-14T20:36:27.675+0000] {taskinstance.py:430} INFO - ::endgroup::
[2024-07-14T20:36:27.835+0000] {python.py:237} INFO - Done. Returned value was: None
[2024-07-14T20:36:27.836+0000] {taskinstance.py:441} INFO - ::group::Post task execution logs
[2024-07-14T20:36:27.860+0000] {taskinstance.py:1206} INFO - Marking task as SUCCESS. dag_id=fetch_spread_values, task_id=fetch_and_compute_spread_btc_mxn, run_id=scheduled__2024-07-14T09:26:00+00:00, execution_date=20240714T092600, start_date=20240714T203627, end_date=20240714T203627
[2024-07-14T20:36:27.870+0000] {local_task_job_runner.py:240} INFO - Task exited with return code 0
[2024-07-14T20:36:27.879+0000] {taskinstance.py:3503} INFO - 0 downstream tasks scheduled from follow-on schedule check
[2024-07-14T20:36:27.880+0000] {local_task_job_runner.py:222} INFO - ::endgroup::
