[2024-07-14T09:00:36.247+0000] {local_task_job_runner.py:120} INFO - ::group::Pre task execution logs
[2024-07-14T09:00:36.260+0000] {taskinstance.py:2076} INFO - Dependencies all met for dep_context=non-requeueable deps ti=<TaskInstance: fetch_spread_values.fetch_and_compute_spread_btc_mxn scheduled__2024-07-14T04:01:00+00:00 [queued]>
[2024-07-14T09:00:36.265+0000] {taskinstance.py:2076} INFO - Dependencies all met for dep_context=requeueable deps ti=<TaskInstance: fetch_spread_values.fetch_and_compute_spread_btc_mxn scheduled__2024-07-14T04:01:00+00:00 [queued]>
[2024-07-14T09:00:36.265+0000] {taskinstance.py:2306} INFO - Starting attempt 1 of 2
[2024-07-14T09:00:36.273+0000] {taskinstance.py:2330} INFO - Executing <Task(PythonOperator): fetch_and_compute_spread_btc_mxn> on 2024-07-14 04:01:00+00:00
[2024-07-14T09:00:36.277+0000] {warnings.py:112} WARNING - /home/***/.local/lib/python3.12/site-packages/***/task/task_runner/standard_task_runner.py:61: DeprecationWarning: This process (pid=1602) is multi-threaded, use of fork() may lead to deadlocks in the child.
  pid = os.fork()

[2024-07-14T09:00:36.278+0000] {standard_task_runner.py:63} INFO - Started process 1623 to run task
[2024-07-14T09:00:36.278+0000] {standard_task_runner.py:90} INFO - Running: ['***', 'tasks', 'run', 'fetch_spread_values', 'fetch_and_compute_spread_btc_mxn', 'scheduled__2024-07-14T04:01:00+00:00', '--job-id', '512', '--raw', '--subdir', 'DAGS_FOLDER/***.py', '--cfg-path', '/tmp/tmp6nrt92lu']
[2024-07-14T09:00:36.280+0000] {standard_task_runner.py:91} INFO - Job 512: Subtask fetch_and_compute_spread_btc_mxn
[2024-07-14T09:00:36.319+0000] {task_command.py:426} INFO - Running <TaskInstance: fetch_spread_values.fetch_and_compute_spread_btc_mxn scheduled__2024-07-14T04:01:00+00:00 [running]> on host d537c34a4880
[2024-07-14T09:00:36.366+0000] {taskinstance.py:2648} INFO - Exporting env vars: AIRFLOW_CTX_DAG_OWNER='***' AIRFLOW_CTX_DAG_ID='fetch_spread_values' AIRFLOW_CTX_TASK_ID='fetch_and_compute_spread_btc_mxn' AIRFLOW_CTX_EXECUTION_DATE='2024-07-14T04:01:00+00:00' AIRFLOW_CTX_TRY_NUMBER='1' AIRFLOW_CTX_DAG_RUN_ID='scheduled__2024-07-14T04:01:00+00:00'
[2024-07-14T09:00:36.369+0000] {taskinstance.py:430} INFO - ::endgroup::
[2024-07-14T09:00:36.510+0000] {python.py:237} INFO - Done. Returned value was: None
[2024-07-14T09:00:36.511+0000] {taskinstance.py:441} INFO - ::group::Post task execution logs
[2024-07-14T09:00:36.517+0000] {taskinstance.py:1206} INFO - Marking task as SUCCESS. dag_id=fetch_spread_values, task_id=fetch_and_compute_spread_btc_mxn, run_id=scheduled__2024-07-14T04:01:00+00:00, execution_date=20240714T040100, start_date=20240714T090036, end_date=20240714T090036
[2024-07-14T09:00:36.543+0000] {local_task_job_runner.py:240} INFO - Task exited with return code 0
[2024-07-14T09:00:36.557+0000] {taskinstance.py:3503} INFO - 0 downstream tasks scheduled from follow-on schedule check
[2024-07-14T09:00:36.558+0000] {local_task_job_runner.py:222} INFO - ::endgroup::
[2024-07-14T20:33:49.552+0000] {local_task_job_runner.py:120} INFO - ::group::Pre task execution logs
[2024-07-14T20:33:49.584+0000] {taskinstance.py:2076} INFO - Dependencies all met for dep_context=non-requeueable deps ti=<TaskInstance: fetch_spread_values.fetch_and_compute_spread_btc_mxn scheduled__2024-07-14T04:01:00+00:00 [queued]>
[2024-07-14T20:33:49.590+0000] {taskinstance.py:2076} INFO - Dependencies all met for dep_context=requeueable deps ti=<TaskInstance: fetch_spread_values.fetch_and_compute_spread_btc_mxn scheduled__2024-07-14T04:01:00+00:00 [queued]>
[2024-07-14T20:33:49.591+0000] {taskinstance.py:2306} INFO - Starting attempt 1 of 2
[2024-07-14T20:33:49.603+0000] {taskinstance.py:2330} INFO - Executing <Task(PythonOperator): fetch_and_compute_spread_btc_mxn> on 2024-07-14 04:01:00+00:00
[2024-07-14T20:33:49.611+0000] {logging_mixin.py:188} WARNING - /home/***/.local/lib/python3.12/site-packages/***/task/task_runner/standard_task_runner.py:61 DeprecationWarning: This process (pid=1165) is multi-threaded, use of fork() may lead to deadlocks in the child.
[2024-07-14T20:33:49.611+0000] {standard_task_runner.py:90} INFO - Running: ['***', 'tasks', 'run', 'fetch_spread_values', 'fetch_and_compute_spread_btc_mxn', 'scheduled__2024-07-14T04:01:00+00:00', '--job-id', '487', '--raw', '--subdir', 'DAGS_FOLDER/***.py', '--cfg-path', '/tmp/tmpidxzu0il']
[2024-07-14T20:33:49.613+0000] {standard_task_runner.py:91} INFO - Job 487: Subtask fetch_and_compute_spread_btc_mxn
[2024-07-14T20:33:49.612+0000] {standard_task_runner.py:63} INFO - Started process 1173 to run task
[2024-07-14T20:33:49.653+0000] {task_command.py:426} INFO - Running <TaskInstance: fetch_spread_values.fetch_and_compute_spread_btc_mxn scheduled__2024-07-14T04:01:00+00:00 [running]> on host 77caf7e4b282
[2024-07-14T20:33:49.720+0000] {taskinstance.py:2648} INFO - Exporting env vars: AIRFLOW_CTX_DAG_OWNER='***' AIRFLOW_CTX_DAG_ID='fetch_spread_values' AIRFLOW_CTX_TASK_ID='fetch_and_compute_spread_btc_mxn' AIRFLOW_CTX_EXECUTION_DATE='2024-07-14T04:01:00+00:00' AIRFLOW_CTX_TRY_NUMBER='1' AIRFLOW_CTX_DAG_RUN_ID='scheduled__2024-07-14T04:01:00+00:00'
[2024-07-14T20:33:49.721+0000] {taskinstance.py:430} INFO - ::endgroup::
[2024-07-14T20:33:49.889+0000] {python.py:237} INFO - Done. Returned value was: None
[2024-07-14T20:33:49.890+0000] {taskinstance.py:441} INFO - ::group::Post task execution logs
[2024-07-14T20:33:49.894+0000] {taskinstance.py:1206} INFO - Marking task as SUCCESS. dag_id=fetch_spread_values, task_id=fetch_and_compute_spread_btc_mxn, run_id=scheduled__2024-07-14T04:01:00+00:00, execution_date=20240714T040100, start_date=20240714T203349, end_date=20240714T203349
[2024-07-14T20:33:49.919+0000] {local_task_job_runner.py:240} INFO - Task exited with return code 0
[2024-07-14T20:33:49.925+0000] {local_task_job_runner.py:222} INFO - ::endgroup::
