[2024-07-14T09:04:30.965+0000] {local_task_job_runner.py:120} INFO - ::group::Pre task execution logs
[2024-07-14T09:04:31.018+0000] {taskinstance.py:2076} INFO - Dependencies all met for dep_context=non-requeueable deps ti=<TaskInstance: fetch_spread_values.fetch_and_compute_spread_btc_mxn scheduled__2024-07-14T08:21:00+00:00 [queued]>
[2024-07-14T09:04:31.044+0000] {taskinstance.py:2076} INFO - Dependencies all met for dep_context=requeueable deps ti=<TaskInstance: fetch_spread_values.fetch_and_compute_spread_btc_mxn scheduled__2024-07-14T08:21:00+00:00 [queued]>
[2024-07-14T09:04:31.046+0000] {taskinstance.py:2306} INFO - Starting attempt 1 of 2
[2024-07-14T09:04:31.093+0000] {taskinstance.py:2330} INFO - Executing <Task(PythonOperator): fetch_and_compute_spread_btc_mxn> on 2024-07-14 08:21:00+00:00
[2024-07-14T09:04:31.132+0000] {warnings.py:112} WARNING - /home/***/.local/lib/python3.12/site-packages/***/task/task_runner/standard_task_runner.py:61: DeprecationWarning: This process (pid=3206) is multi-threaded, use of fork() may lead to deadlocks in the child.
  pid = os.fork()

[2024-07-14T09:04:31.144+0000] {standard_task_runner.py:63} INFO - Started process 3238 to run task
[2024-07-14T09:04:31.183+0000] {standard_task_runner.py:90} INFO - Running: ['***', 'tasks', 'run', 'fetch_spread_values', 'fetch_and_compute_spread_btc_mxn', 'scheduled__2024-07-14T08:21:00+00:00', '--job-id', '1031', '--raw', '--subdir', 'DAGS_FOLDER/***.py', '--cfg-path', '/tmp/tmptqg603g_']
[2024-07-14T09:04:31.209+0000] {standard_task_runner.py:91} INFO - Job 1031: Subtask fetch_and_compute_spread_btc_mxn
[2024-07-14T09:04:31.738+0000] {task_command.py:426} INFO - Running <TaskInstance: fetch_spread_values.fetch_and_compute_spread_btc_mxn scheduled__2024-07-14T08:21:00+00:00 [running]> on host d537c34a4880
[2024-07-14T09:04:32.285+0000] {taskinstance.py:2648} INFO - Exporting env vars: AIRFLOW_CTX_DAG_OWNER='***' AIRFLOW_CTX_DAG_ID='fetch_spread_values' AIRFLOW_CTX_TASK_ID='fetch_and_compute_spread_btc_mxn' AIRFLOW_CTX_EXECUTION_DATE='2024-07-14T08:21:00+00:00' AIRFLOW_CTX_TRY_NUMBER='1' AIRFLOW_CTX_DAG_RUN_ID='scheduled__2024-07-14T08:21:00+00:00'
[2024-07-14T09:04:32.288+0000] {taskinstance.py:430} INFO - ::endgroup::
[2024-07-14T09:04:32.558+0000] {python.py:237} INFO - Done. Returned value was: None
[2024-07-14T09:04:32.560+0000] {taskinstance.py:441} INFO - ::group::Post task execution logs
[2024-07-14T09:04:32.577+0000] {taskinstance.py:1206} INFO - Marking task as SUCCESS. dag_id=fetch_spread_values, task_id=fetch_and_compute_spread_btc_mxn, run_id=scheduled__2024-07-14T08:21:00+00:00, execution_date=20240714T082100, start_date=20240714T090431, end_date=20240714T090432
[2024-07-14T09:04:32.662+0000] {local_task_job_runner.py:240} INFO - Task exited with return code 0
[2024-07-14T09:04:32.761+0000] {taskinstance.py:3503} INFO - 0 downstream tasks scheduled from follow-on schedule check
[2024-07-14T09:04:32.773+0000] {local_task_job_runner.py:222} INFO - ::endgroup::
[2024-07-14T20:36:05.210+0000] {local_task_job_runner.py:120} INFO - ::group::Pre task execution logs
[2024-07-14T20:36:05.228+0000] {taskinstance.py:2076} INFO - Dependencies all met for dep_context=non-requeueable deps ti=<TaskInstance: fetch_spread_values.fetch_and_compute_spread_btc_mxn scheduled__2024-07-14T08:21:00+00:00 [queued]>
[2024-07-14T20:36:05.232+0000] {taskinstance.py:2076} INFO - Dependencies all met for dep_context=requeueable deps ti=<TaskInstance: fetch_spread_values.fetch_and_compute_spread_btc_mxn scheduled__2024-07-14T08:21:00+00:00 [queued]>
[2024-07-14T20:36:05.232+0000] {taskinstance.py:2306} INFO - Starting attempt 1 of 2
[2024-07-14T20:36:05.238+0000] {taskinstance.py:2330} INFO - Executing <Task(PythonOperator): fetch_and_compute_spread_btc_mxn> on 2024-07-14 08:21:00+00:00
[2024-07-14T20:36:05.242+0000] {logging_mixin.py:188} WARNING - /home/***/.local/lib/python3.12/site-packages/***/task/task_runner/standard_task_runner.py:61 DeprecationWarning: This process (pid=2475) is multi-threaded, use of fork() may lead to deadlocks in the child.
[2024-07-14T20:36:05.243+0000] {standard_task_runner.py:63} INFO - Started process 2477 to run task
[2024-07-14T20:36:05.242+0000] {standard_task_runner.py:90} INFO - Running: ['***', 'tasks', 'run', 'fetch_spread_values', 'fetch_and_compute_spread_btc_mxn', 'scheduled__2024-07-14T08:21:00+00:00', '--job-id', '1131', '--raw', '--subdir', 'DAGS_FOLDER/***.py', '--cfg-path', '/tmp/tmpehbphm8b']
[2024-07-14T20:36:05.244+0000] {standard_task_runner.py:91} INFO - Job 1131: Subtask fetch_and_compute_spread_btc_mxn
[2024-07-14T20:36:05.271+0000] {task_command.py:426} INFO - Running <TaskInstance: fetch_spread_values.fetch_and_compute_spread_btc_mxn scheduled__2024-07-14T08:21:00+00:00 [running]> on host 77caf7e4b282
[2024-07-14T20:36:05.319+0000] {taskinstance.py:2648} INFO - Exporting env vars: AIRFLOW_CTX_DAG_OWNER='***' AIRFLOW_CTX_DAG_ID='fetch_spread_values' AIRFLOW_CTX_TASK_ID='fetch_and_compute_spread_btc_mxn' AIRFLOW_CTX_EXECUTION_DATE='2024-07-14T08:21:00+00:00' AIRFLOW_CTX_TRY_NUMBER='1' AIRFLOW_CTX_DAG_RUN_ID='scheduled__2024-07-14T08:21:00+00:00'
[2024-07-14T20:36:05.320+0000] {taskinstance.py:430} INFO - ::endgroup::
[2024-07-14T20:36:05.478+0000] {python.py:237} INFO - Done. Returned value was: None
[2024-07-14T20:36:05.479+0000] {taskinstance.py:441} INFO - ::group::Post task execution logs
[2024-07-14T20:36:05.486+0000] {taskinstance.py:1206} INFO - Marking task as SUCCESS. dag_id=fetch_spread_values, task_id=fetch_and_compute_spread_btc_mxn, run_id=scheduled__2024-07-14T08:21:00+00:00, execution_date=20240714T082100, start_date=20240714T203605, end_date=20240714T203605
[2024-07-14T20:36:05.505+0000] {local_task_job_runner.py:240} INFO - Task exited with return code 0
[2024-07-14T20:36:05.516+0000] {taskinstance.py:3503} INFO - 0 downstream tasks scheduled from follow-on schedule check
[2024-07-14T20:36:05.516+0000] {local_task_job_runner.py:222} INFO - ::endgroup::
