[2024-07-14T09:04:22.598+0000] {local_task_job_runner.py:120} INFO - ::group::Pre task execution logs
[2024-07-14T09:04:22.631+0000] {taskinstance.py:2076} INFO - Dependencies all met for dep_context=non-requeueable deps ti=<TaskInstance: fetch_spread_values.fetch_and_compute_spread_usd_mxn scheduled__2024-07-14T08:14:00+00:00 [queued]>
[2024-07-14T09:04:22.642+0000] {taskinstance.py:2076} INFO - Dependencies all met for dep_context=requeueable deps ti=<TaskInstance: fetch_spread_values.fetch_and_compute_spread_usd_mxn scheduled__2024-07-14T08:14:00+00:00 [queued]>
[2024-07-14T09:04:22.642+0000] {taskinstance.py:2306} INFO - Starting attempt 1 of 2
[2024-07-14T09:04:22.703+0000] {taskinstance.py:2330} INFO - Executing <Task(PythonOperator): fetch_and_compute_spread_usd_mxn> on 2024-07-14 08:14:00+00:00
[2024-07-14T09:04:22.719+0000] {warnings.py:112} WARNING - /home/***/.local/lib/python3.12/site-packages/***/task/task_runner/standard_task_runner.py:61: DeprecationWarning: This process (pid=3166) is multi-threaded, use of fork() may lead to deadlocks in the child.
  pid = os.fork()

[2024-07-14T09:04:22.728+0000] {standard_task_runner.py:63} INFO - Started process 3187 to run task
[2024-07-14T09:04:22.723+0000] {standard_task_runner.py:90} INFO - Running: ['***', 'tasks', 'run', 'fetch_spread_values', 'fetch_and_compute_spread_usd_mxn', 'scheduled__2024-07-14T08:14:00+00:00', '--job-id', '1017', '--raw', '--subdir', 'DAGS_FOLDER/***.py', '--cfg-path', '/tmp/tmpgrh2lems']
[2024-07-14T09:04:22.732+0000] {standard_task_runner.py:91} INFO - Job 1017: Subtask fetch_and_compute_spread_usd_mxn
[2024-07-14T09:04:22.879+0000] {task_command.py:426} INFO - Running <TaskInstance: fetch_spread_values.fetch_and_compute_spread_usd_mxn scheduled__2024-07-14T08:14:00+00:00 [running]> on host d537c34a4880
[2024-07-14T09:04:22.982+0000] {taskinstance.py:2648} INFO - Exporting env vars: AIRFLOW_CTX_DAG_OWNER='***' AIRFLOW_CTX_DAG_ID='fetch_spread_values' AIRFLOW_CTX_TASK_ID='fetch_and_compute_spread_usd_mxn' AIRFLOW_CTX_EXECUTION_DATE='2024-07-14T08:14:00+00:00' AIRFLOW_CTX_TRY_NUMBER='1' AIRFLOW_CTX_DAG_RUN_ID='scheduled__2024-07-14T08:14:00+00:00'
[2024-07-14T09:04:22.985+0000] {taskinstance.py:430} INFO - ::endgroup::
[2024-07-14T09:04:23.155+0000] {python.py:237} INFO - Done. Returned value was: None
[2024-07-14T09:04:23.156+0000] {taskinstance.py:441} INFO - ::group::Post task execution logs
[2024-07-14T09:04:23.163+0000] {taskinstance.py:1206} INFO - Marking task as SUCCESS. dag_id=fetch_spread_values, task_id=fetch_and_compute_spread_usd_mxn, run_id=scheduled__2024-07-14T08:14:00+00:00, execution_date=20240714T081400, start_date=20240714T090422, end_date=20240714T090423
[2024-07-14T09:04:23.202+0000] {local_task_job_runner.py:240} INFO - Task exited with return code 0
[2024-07-14T09:04:23.212+0000] {taskinstance.py:3503} INFO - 0 downstream tasks scheduled from follow-on schedule check
[2024-07-14T09:04:23.212+0000] {local_task_job_runner.py:222} INFO - ::endgroup::
[2024-07-14T20:36:03.669+0000] {local_task_job_runner.py:120} INFO - ::group::Pre task execution logs
[2024-07-14T20:36:03.713+0000] {taskinstance.py:2076} INFO - Dependencies all met for dep_context=non-requeueable deps ti=<TaskInstance: fetch_spread_values.fetch_and_compute_spread_usd_mxn scheduled__2024-07-14T08:14:00+00:00 [queued]>
[2024-07-14T20:36:03.720+0000] {taskinstance.py:2076} INFO - Dependencies all met for dep_context=requeueable deps ti=<TaskInstance: fetch_spread_values.fetch_and_compute_spread_usd_mxn scheduled__2024-07-14T08:14:00+00:00 [queued]>
[2024-07-14T20:36:03.724+0000] {taskinstance.py:2306} INFO - Starting attempt 1 of 2
[2024-07-14T20:36:03.735+0000] {taskinstance.py:2330} INFO - Executing <Task(PythonOperator): fetch_and_compute_spread_usd_mxn> on 2024-07-14 08:14:00+00:00
[2024-07-14T20:36:03.741+0000] {standard_task_runner.py:90} INFO - Running: ['***', 'tasks', 'run', 'fetch_spread_values', 'fetch_and_compute_spread_usd_mxn', 'scheduled__2024-07-14T08:14:00+00:00', '--job-id', '1117', '--raw', '--subdir', 'DAGS_FOLDER/***.py', '--cfg-path', '/tmp/tmpddhbpjf2']
[2024-07-14T20:36:03.745+0000] {logging_mixin.py:188} WARNING - /home/***/.local/lib/python3.12/site-packages/***/task/task_runner/standard_task_runner.py:61 DeprecationWarning: This process (pid=2446) is multi-threaded, use of fork() may lead to deadlocks in the child.
[2024-07-14T20:36:03.748+0000] {standard_task_runner.py:91} INFO - Job 1117: Subtask fetch_and_compute_spread_usd_mxn
[2024-07-14T20:36:03.750+0000] {standard_task_runner.py:63} INFO - Started process 2456 to run task
[2024-07-14T20:36:03.802+0000] {task_command.py:426} INFO - Running <TaskInstance: fetch_spread_values.fetch_and_compute_spread_usd_mxn scheduled__2024-07-14T08:14:00+00:00 [running]> on host 77caf7e4b282
[2024-07-14T20:36:03.893+0000] {taskinstance.py:2648} INFO - Exporting env vars: AIRFLOW_CTX_DAG_OWNER='***' AIRFLOW_CTX_DAG_ID='fetch_spread_values' AIRFLOW_CTX_TASK_ID='fetch_and_compute_spread_usd_mxn' AIRFLOW_CTX_EXECUTION_DATE='2024-07-14T08:14:00+00:00' AIRFLOW_CTX_TRY_NUMBER='1' AIRFLOW_CTX_DAG_RUN_ID='scheduled__2024-07-14T08:14:00+00:00'
[2024-07-14T20:36:03.895+0000] {taskinstance.py:430} INFO - ::endgroup::
[2024-07-14T20:36:04.087+0000] {python.py:237} INFO - Done. Returned value was: None
[2024-07-14T20:36:04.090+0000] {taskinstance.py:441} INFO - ::group::Post task execution logs
[2024-07-14T20:36:04.103+0000] {taskinstance.py:1206} INFO - Marking task as SUCCESS. dag_id=fetch_spread_values, task_id=fetch_and_compute_spread_usd_mxn, run_id=scheduled__2024-07-14T08:14:00+00:00, execution_date=20240714T081400, start_date=20240714T203603, end_date=20240714T203604
[2024-07-14T20:36:04.155+0000] {local_task_job_runner.py:240} INFO - Task exited with return code 0
[2024-07-14T20:36:04.174+0000] {taskinstance.py:3503} INFO - 0 downstream tasks scheduled from follow-on schedule check
[2024-07-14T20:36:04.177+0000] {local_task_job_runner.py:222} INFO - ::endgroup::
