[2024-07-14T09:02:52.265+0000] {local_task_job_runner.py:120} INFO - ::group::Pre task execution logs
[2024-07-14T09:02:52.345+0000] {taskinstance.py:2076} INFO - Dependencies all met for dep_context=non-requeueable deps ti=<TaskInstance: fetch_spread_values.fetch_and_compute_spread_btc_mxn scheduled__2024-07-14T06:41:00+00:00 [queued]>
[2024-07-14T09:02:52.370+0000] {taskinstance.py:2076} INFO - Dependencies all met for dep_context=requeueable deps ti=<TaskInstance: fetch_spread_values.fetch_and_compute_spread_btc_mxn scheduled__2024-07-14T06:41:00+00:00 [queued]>
[2024-07-14T09:02:52.371+0000] {taskinstance.py:2306} INFO - Starting attempt 1 of 2
[2024-07-14T09:02:52.476+0000] {taskinstance.py:2330} INFO - Executing <Task(PythonOperator): fetch_and_compute_spread_btc_mxn> on 2024-07-14 06:41:00+00:00
[2024-07-14T09:02:52.517+0000] {warnings.py:112} WARNING - /home/***/.local/lib/python3.12/site-packages/***/task/task_runner/standard_task_runner.py:61: DeprecationWarning: This process (pid=2582) is multi-threaded, use of fork() may lead to deadlocks in the child.
  pid = os.fork()

[2024-07-14T09:02:52.523+0000] {standard_task_runner.py:63} INFO - Started process 2618 to run task
[2024-07-14T09:02:52.523+0000] {standard_task_runner.py:90} INFO - Running: ['***', 'tasks', 'run', 'fetch_spread_values', 'fetch_and_compute_spread_btc_mxn', 'scheduled__2024-07-14T06:41:00+00:00', '--job-id', '831', '--raw', '--subdir', 'DAGS_FOLDER/***.py', '--cfg-path', '/tmp/tmp7aqdzuw0']
[2024-07-14T09:02:52.539+0000] {standard_task_runner.py:91} INFO - Job 831: Subtask fetch_and_compute_spread_btc_mxn
[2024-07-14T09:02:52.748+0000] {task_command.py:426} INFO - Running <TaskInstance: fetch_spread_values.fetch_and_compute_spread_btc_mxn scheduled__2024-07-14T06:41:00+00:00 [running]> on host d537c34a4880
[2024-07-14T09:02:53.002+0000] {taskinstance.py:2648} INFO - Exporting env vars: AIRFLOW_CTX_DAG_OWNER='***' AIRFLOW_CTX_DAG_ID='fetch_spread_values' AIRFLOW_CTX_TASK_ID='fetch_and_compute_spread_btc_mxn' AIRFLOW_CTX_EXECUTION_DATE='2024-07-14T06:41:00+00:00' AIRFLOW_CTX_TRY_NUMBER='1' AIRFLOW_CTX_DAG_RUN_ID='scheduled__2024-07-14T06:41:00+00:00'
[2024-07-14T09:02:53.005+0000] {taskinstance.py:430} INFO - ::endgroup::
[2024-07-14T09:02:53.243+0000] {python.py:237} INFO - Done. Returned value was: None
[2024-07-14T09:02:53.250+0000] {taskinstance.py:441} INFO - ::group::Post task execution logs
[2024-07-14T09:02:53.270+0000] {taskinstance.py:1206} INFO - Marking task as SUCCESS. dag_id=fetch_spread_values, task_id=fetch_and_compute_spread_btc_mxn, run_id=scheduled__2024-07-14T06:41:00+00:00, execution_date=20240714T064100, start_date=20240714T090252, end_date=20240714T090253
[2024-07-14T09:02:53.317+0000] {local_task_job_runner.py:240} INFO - Task exited with return code 0
[2024-07-14T09:02:53.355+0000] {taskinstance.py:3503} INFO - 0 downstream tasks scheduled from follow-on schedule check
[2024-07-14T09:02:53.362+0000] {local_task_job_runner.py:222} INFO - ::endgroup::
[2024-07-14T20:35:02.895+0000] {local_task_job_runner.py:120} INFO - ::group::Pre task execution logs
[2024-07-14T20:35:02.992+0000] {taskinstance.py:2076} INFO - Dependencies all met for dep_context=non-requeueable deps ti=<TaskInstance: fetch_spread_values.fetch_and_compute_spread_btc_mxn scheduled__2024-07-14T06:41:00+00:00 [queued]>
[2024-07-14T20:35:03.014+0000] {taskinstance.py:2076} INFO - Dependencies all met for dep_context=requeueable deps ti=<TaskInstance: fetch_spread_values.fetch_and_compute_spread_btc_mxn scheduled__2024-07-14T06:41:00+00:00 [queued]>
[2024-07-14T20:35:03.015+0000] {taskinstance.py:2306} INFO - Starting attempt 1 of 2
[2024-07-14T20:35:03.099+0000] {taskinstance.py:2330} INFO - Executing <Task(PythonOperator): fetch_and_compute_spread_btc_mxn> on 2024-07-14 06:41:00+00:00
[2024-07-14T20:35:03.107+0000] {standard_task_runner.py:90} INFO - Running: ['***', 'tasks', 'run', 'fetch_spread_values', 'fetch_and_compute_spread_btc_mxn', 'scheduled__2024-07-14T06:41:00+00:00', '--job-id', '867', '--raw', '--subdir', 'DAGS_FOLDER/***.py', '--cfg-path', '/tmp/tmp_rz7cafj']
[2024-07-14T20:35:03.118+0000] {standard_task_runner.py:91} INFO - Job 867: Subtask fetch_and_compute_spread_btc_mxn
[2024-07-14T20:35:03.105+0000] {logging_mixin.py:188} WARNING - /home/***/.local/lib/python3.12/site-packages/***/task/task_runner/standard_task_runner.py:61 DeprecationWarning: This process (pid=1931) is multi-threaded, use of fork() may lead to deadlocks in the child.
[2024-07-14T20:35:03.141+0000] {standard_task_runner.py:63} INFO - Started process 1945 to run task
[2024-07-14T20:35:03.215+0000] {task_command.py:426} INFO - Running <TaskInstance: fetch_spread_values.fetch_and_compute_spread_btc_mxn scheduled__2024-07-14T06:41:00+00:00 [running]> on host 77caf7e4b282
[2024-07-14T20:35:03.370+0000] {taskinstance.py:2648} INFO - Exporting env vars: AIRFLOW_CTX_DAG_OWNER='***' AIRFLOW_CTX_DAG_ID='fetch_spread_values' AIRFLOW_CTX_TASK_ID='fetch_and_compute_spread_btc_mxn' AIRFLOW_CTX_EXECUTION_DATE='2024-07-14T06:41:00+00:00' AIRFLOW_CTX_TRY_NUMBER='1' AIRFLOW_CTX_DAG_RUN_ID='scheduled__2024-07-14T06:41:00+00:00'
[2024-07-14T20:35:03.375+0000] {taskinstance.py:430} INFO - ::endgroup::
[2024-07-14T20:35:03.591+0000] {python.py:237} INFO - Done. Returned value was: None
[2024-07-14T20:35:03.592+0000] {taskinstance.py:441} INFO - ::group::Post task execution logs
[2024-07-14T20:35:03.601+0000] {taskinstance.py:1206} INFO - Marking task as SUCCESS. dag_id=fetch_spread_values, task_id=fetch_and_compute_spread_btc_mxn, run_id=scheduled__2024-07-14T06:41:00+00:00, execution_date=20240714T064100, start_date=20240714T203502, end_date=20240714T203503
[2024-07-14T20:35:03.638+0000] {local_task_job_runner.py:240} INFO - Task exited with return code 0
[2024-07-14T20:35:03.653+0000] {taskinstance.py:3503} INFO - 0 downstream tasks scheduled from follow-on schedule check
[2024-07-14T20:35:03.654+0000] {local_task_job_runner.py:222} INFO - ::endgroup::
