[2024-07-14T16:15:06.467+0000] {local_task_job_runner.py:120} INFO - ::group::Pre task execution logs
[2024-07-14T16:15:06.481+0000] {taskinstance.py:2076} INFO - Dependencies all met for dep_context=non-requeueable deps ti=<TaskInstance: fetch_spread_values.fetch_and_compute_spread_btc_mxn scheduled__2024-07-14T16:13:00+00:00 [queued]>
[2024-07-14T16:15:06.486+0000] {taskinstance.py:2076} INFO - Dependencies all met for dep_context=requeueable deps ti=<TaskInstance: fetch_spread_values.fetch_and_compute_spread_btc_mxn scheduled__2024-07-14T16:13:00+00:00 [queued]>
[2024-07-14T16:15:06.487+0000] {taskinstance.py:2306} INFO - Starting attempt 1 of 2
[2024-07-14T16:15:06.497+0000] {taskinstance.py:2330} INFO - Executing <Task(PythonOperator): fetch_and_compute_spread_btc_mxn> on 2024-07-14 16:13:00+00:00
[2024-07-14T16:15:06.502+0000] {warnings.py:112} WARNING - /home/***/.local/lib/python3.12/site-packages/***/task/task_runner/standard_task_runner.py:61: DeprecationWarning: This process (pid=6925) is multi-threaded, use of fork() may lead to deadlocks in the child.
  pid = os.fork()

[2024-07-14T16:15:06.504+0000] {standard_task_runner.py:63} INFO - Started process 6934 to run task
[2024-07-14T16:15:06.506+0000] {standard_task_runner.py:90} INFO - Running: ['***', 'tasks', 'run', 'fetch_spread_values', 'fetch_and_compute_spread_btc_mxn', 'scheduled__2024-07-14T16:13:00+00:00', '--job-id', '2084', '--raw', '--subdir', 'DAGS_FOLDER/***.py', '--cfg-path', '/tmp/tmpz_6f4486']
[2024-07-14T16:15:06.514+0000] {standard_task_runner.py:91} INFO - Job 2084: Subtask fetch_and_compute_spread_btc_mxn
[2024-07-14T16:15:06.580+0000] {task_command.py:426} INFO - Running <TaskInstance: fetch_spread_values.fetch_and_compute_spread_btc_mxn scheduled__2024-07-14T16:13:00+00:00 [running]> on host d537c34a4880
[2024-07-14T16:15:06.675+0000] {taskinstance.py:2648} INFO - Exporting env vars: AIRFLOW_CTX_DAG_OWNER='***' AIRFLOW_CTX_DAG_ID='fetch_spread_values' AIRFLOW_CTX_TASK_ID='fetch_and_compute_spread_btc_mxn' AIRFLOW_CTX_EXECUTION_DATE='2024-07-14T16:13:00+00:00' AIRFLOW_CTX_TRY_NUMBER='1' AIRFLOW_CTX_DAG_RUN_ID='scheduled__2024-07-14T16:13:00+00:00'
[2024-07-14T16:15:06.679+0000] {taskinstance.py:430} INFO - ::endgroup::
[2024-07-14T16:15:07.050+0000] {python.py:237} INFO - Done. Returned value was: None
[2024-07-14T16:15:07.051+0000] {taskinstance.py:441} INFO - ::group::Post task execution logs
[2024-07-14T16:15:07.056+0000] {taskinstance.py:1206} INFO - Marking task as SUCCESS. dag_id=fetch_spread_values, task_id=fetch_and_compute_spread_btc_mxn, run_id=scheduled__2024-07-14T16:13:00+00:00, execution_date=20240714T161300, start_date=20240714T161506, end_date=20240714T161507
[2024-07-14T16:15:07.100+0000] {local_task_job_runner.py:240} INFO - Task exited with return code 0
[2024-07-14T16:15:07.117+0000] {taskinstance.py:3503} INFO - 0 downstream tasks scheduled from follow-on schedule check
[2024-07-14T16:15:07.118+0000] {local_task_job_runner.py:222} INFO - ::endgroup::
[2024-07-14T20:38:56.555+0000] {local_task_job_runner.py:120} INFO - ::group::Pre task execution logs
[2024-07-14T20:38:56.601+0000] {taskinstance.py:2076} INFO - Dependencies all met for dep_context=non-requeueable deps ti=<TaskInstance: fetch_spread_values.fetch_and_compute_spread_btc_mxn scheduled__2024-07-14T16:13:00+00:00 [queued]>
[2024-07-14T20:38:56.611+0000] {taskinstance.py:2076} INFO - Dependencies all met for dep_context=requeueable deps ti=<TaskInstance: fetch_spread_values.fetch_and_compute_spread_btc_mxn scheduled__2024-07-14T16:13:00+00:00 [queued]>
[2024-07-14T20:38:56.616+0000] {taskinstance.py:2306} INFO - Starting attempt 1 of 2
[2024-07-14T20:38:56.631+0000] {taskinstance.py:2330} INFO - Executing <Task(PythonOperator): fetch_and_compute_spread_btc_mxn> on 2024-07-14 16:13:00+00:00
[2024-07-14T20:38:56.640+0000] {logging_mixin.py:188} WARNING - /home/***/.local/lib/python3.12/site-packages/***/task/task_runner/standard_task_runner.py:61 DeprecationWarning: This process (pid=4391) is multi-threaded, use of fork() may lead to deadlocks in the child.
[2024-07-14T20:38:56.644+0000] {standard_task_runner.py:63} INFO - Started process 4399 to run task
[2024-07-14T20:38:56.644+0000] {standard_task_runner.py:90} INFO - Running: ['***', 'tasks', 'run', 'fetch_spread_values', 'fetch_and_compute_spread_btc_mxn', 'scheduled__2024-07-14T16:13:00+00:00', '--job-id', '2074', '--raw', '--subdir', 'DAGS_FOLDER/***.py', '--cfg-path', '/tmp/tmpyt7tr20b']
[2024-07-14T20:38:56.655+0000] {standard_task_runner.py:91} INFO - Job 2074: Subtask fetch_and_compute_spread_btc_mxn
[2024-07-14T20:38:56.718+0000] {task_command.py:426} INFO - Running <TaskInstance: fetch_spread_values.fetch_and_compute_spread_btc_mxn scheduled__2024-07-14T16:13:00+00:00 [running]> on host 77caf7e4b282
[2024-07-14T20:38:56.809+0000] {taskinstance.py:2648} INFO - Exporting env vars: AIRFLOW_CTX_DAG_OWNER='***' AIRFLOW_CTX_DAG_ID='fetch_spread_values' AIRFLOW_CTX_TASK_ID='fetch_and_compute_spread_btc_mxn' AIRFLOW_CTX_EXECUTION_DATE='2024-07-14T16:13:00+00:00' AIRFLOW_CTX_TRY_NUMBER='1' AIRFLOW_CTX_DAG_RUN_ID='scheduled__2024-07-14T16:13:00+00:00'
[2024-07-14T20:38:56.810+0000] {taskinstance.py:430} INFO - ::endgroup::
[2024-07-14T20:38:56.964+0000] {python.py:237} INFO - Done. Returned value was: None
[2024-07-14T20:38:56.965+0000] {taskinstance.py:441} INFO - ::group::Post task execution logs
[2024-07-14T20:38:56.971+0000] {taskinstance.py:1206} INFO - Marking task as SUCCESS. dag_id=fetch_spread_values, task_id=fetch_and_compute_spread_btc_mxn, run_id=scheduled__2024-07-14T16:13:00+00:00, execution_date=20240714T161300, start_date=20240714T203856, end_date=20240714T203856
[2024-07-14T20:38:57.004+0000] {local_task_job_runner.py:240} INFO - Task exited with return code 0
[2024-07-14T20:38:57.051+0000] {taskinstance.py:3503} INFO - 0 downstream tasks scheduled from follow-on schedule check
[2024-07-14T20:38:57.053+0000] {local_task_job_runner.py:222} INFO - ::endgroup::
