[2024-07-17T01:50:51.779+0000] {local_task_job_runner.py:120} INFO - ::group::Pre task execution logs
[2024-07-17T01:50:51.797+0000] {taskinstance.py:2076} INFO - Dependencies all met for dep_context=non-requeueable deps ti=<TaskInstance: etl_ticker.etl_usd_mxn scheduled__2024-07-15T20:10:00+00:00 [queued]>
[2024-07-17T01:50:51.801+0000] {taskinstance.py:2076} INFO - Dependencies all met for dep_context=requeueable deps ti=<TaskInstance: etl_ticker.etl_usd_mxn scheduled__2024-07-15T20:10:00+00:00 [queued]>
[2024-07-17T01:50:51.801+0000] {taskinstance.py:2306} INFO - Starting attempt 1 of 2
[2024-07-17T01:50:51.809+0000] {taskinstance.py:2330} INFO - Executing <Task(PythonOperator): etl_usd_mxn> on 2024-07-15 20:10:00+00:00
[2024-07-17T01:50:51.813+0000] {logging_mixin.py:188} WARNING - /home/***/.local/lib/python3.12/site-packages/***/task/task_runner/standard_task_runner.py:61 DeprecationWarning: This process (pid=32675) is multi-threaded, use of fork() may lead to deadlocks in the child.
[2024-07-17T01:50:51.814+0000] {standard_task_runner.py:63} INFO - Started process 32676 to run task
[2024-07-17T01:50:51.813+0000] {standard_task_runner.py:90} INFO - Running: ['***', 'tasks', 'run', 'etl_ticker', 'etl_usd_mxn', 'scheduled__2024-07-15T20:10:00+00:00', '--job-id', '993', '--raw', '--subdir', 'DAGS_FOLDER/bid_ask_dag.py', '--cfg-path', '/tmp/tmpp2gk8e_s']
[2024-07-17T01:50:51.814+0000] {standard_task_runner.py:91} INFO - Job 993: Subtask etl_usd_mxn
[2024-07-17T01:50:51.843+0000] {task_command.py:426} INFO - Running <TaskInstance: etl_ticker.etl_usd_mxn scheduled__2024-07-15T20:10:00+00:00 [running]> on host 6f712de23803
[2024-07-17T01:50:51.888+0000] {taskinstance.py:2648} INFO - Exporting env vars: AIRFLOW_CTX_DAG_OWNER='***' AIRFLOW_CTX_DAG_ID='etl_ticker' AIRFLOW_CTX_TASK_ID='etl_usd_mxn' AIRFLOW_CTX_EXECUTION_DATE='2024-07-15T20:10:00+00:00' AIRFLOW_CTX_TRY_NUMBER='1' AIRFLOW_CTX_DAG_RUN_ID='scheduled__2024-07-15T20:10:00+00:00'
[2024-07-17T01:50:51.889+0000] {taskinstance.py:430} INFO - ::endgroup::
[2024-07-17T01:50:51.899+0000] {logging_mixin.py:188} WARNING -   0%|          | 0/600 [00:00<?, ?it/s]
[2024-07-17T01:50:53.064+0000] {bid_ask_dag.py:86} INFO - Threshold! {'orderbook_timestamp': '2024-07-17T01:50:51+00:00', 'book': 'usd_mxn', 'bid': 17.62, 'ask': 17.64, 'spread': 0.11337868480725381}
[2024-07-17T01:50:53.482+0000] {logging_mixin.py:188} WARNING -   0%|          | 1/600 [00:01<15:48,  1.58s/it]
[2024-07-17T01:50:54.654+0000] {bid_ask_dag.py:86} INFO - Threshold! {'orderbook_timestamp': '2024-07-17T01:50:53+00:00', 'book': 'usd_mxn', 'bid': 17.62, 'ask': 17.64, 'spread': 0.11337868480725381}
[2024-07-17T01:50:55.062+0000] {logging_mixin.py:188} WARNING -   0%|          | 2/600 [00:03<15:45,  1.58s/it]
[2024-07-17T01:50:56.220+0000] {bid_ask_dag.py:86} INFO - Threshold! {'orderbook_timestamp': '2024-07-17T01:50:54+00:00', 'book': 'usd_mxn', 'bid': 17.62, 'ask': 17.64, 'spread': 0.11337868480725381}
[2024-07-17T01:50:56.640+0000] {logging_mixin.py:188} WARNING -   0%|          | 3/600 [00:04<15:43,  1.58s/it]
[2024-07-17T01:50:57.777+0000] {bid_ask_dag.py:86} INFO - Threshold! {'orderbook_timestamp': '2024-07-17T01:50:56+00:00', 'book': 'usd_mxn', 'bid': 17.62, 'ask': 17.64, 'spread': 0.11337868480725381}
[2024-07-17T01:50:58.193+0000] {logging_mixin.py:188} WARNING -   1%|          | 4/600 [00:06<15:35,  1.57s/it]
[2024-07-17T01:50:59.331+0000] {bid_ask_dag.py:86} INFO - Threshold! {'orderbook_timestamp': '2024-07-17T01:50:57+00:00', 'book': 'usd_mxn', 'bid': 17.62, 'ask': 17.64, 'spread': 0.11337868480725381}
[2024-07-17T01:50:59.743+0000] {logging_mixin.py:188} WARNING -   1%|          | 5/600 [00:07<15:29,  1.56s/it]
[2024-07-17T01:51:00.881+0000] {bid_ask_dag.py:86} INFO - Threshold! {'orderbook_timestamp': '2024-07-17T01:50:59+00:00', 'book': 'usd_mxn', 'bid': 17.62, 'ask': 17.64, 'spread': 0.11337868480725381}
[2024-07-17T01:51:01.294+0000] {logging_mixin.py:188} WARNING -   1%|1         | 6/600 [00:09<15:25,  1.56s/it]
[2024-07-17T01:51:02.444+0000] {bid_ask_dag.py:86} INFO - Threshold! {'orderbook_timestamp': '2024-07-17T01:51:00+00:00', 'book': 'usd_mxn', 'bid': 17.62, 'ask': 17.64, 'spread': 0.11337868480725381}
[2024-07-17T01:51:02.857+0000] {logging_mixin.py:188} WARNING -   1%|1         | 7/600 [00:10<15:24,  1.56s/it]
[2024-07-17T01:51:04.014+0000] {bid_ask_dag.py:86} INFO - Threshold! {'orderbook_timestamp': '2024-07-17T01:51:02+00:00', 'book': 'usd_mxn', 'bid': 17.62, 'ask': 17.64, 'spread': 0.11337868480725381}
[2024-07-17T01:51:04.518+0000] {logging_mixin.py:188} WARNING -   1%|1         | 8/600 [00:12<15:42,  1.59s/it]
[2024-07-17T01:51:05.662+0000] {bid_ask_dag.py:86} INFO - Threshold! {'orderbook_timestamp': '2024-07-17T01:51:04+00:00', 'book': 'usd_mxn', 'bid': 17.62, 'ask': 17.64, 'spread': 0.11337868480725381}
[2024-07-17T01:51:06.091+0000] {logging_mixin.py:188} WARNING -   2%|1         | 9/600 [00:14<15:37,  1.59s/it]
[2024-07-17T01:51:07.239+0000] {bid_ask_dag.py:86} INFO - Threshold! {'orderbook_timestamp': '2024-07-17T01:51:05+00:00', 'book': 'usd_mxn', 'bid': 17.62, 'ask': 17.64, 'spread': 0.11337868480725381}
[2024-07-17T01:51:07.667+0000] {logging_mixin.py:188} WARNING -   2%|1         | 10/600 [00:15<15:33,  1.58s/it]
[2024-07-17T01:51:08.846+0000] {bid_ask_dag.py:86} INFO - Threshold! {'orderbook_timestamp': '2024-07-17T01:51:07+00:00', 'book': 'usd_mxn', 'bid': 17.62, 'ask': 17.64, 'spread': 0.11337868480725381}
[2024-07-17T01:51:09.256+0000] {logging_mixin.py:188} WARNING -   2%|1         | 11/600 [00:17<15:33,  1.58s/it]
[2024-07-17T01:51:10.409+0000] {bid_ask_dag.py:86} INFO - Threshold! {'orderbook_timestamp': '2024-07-17T01:51:08+00:00', 'book': 'usd_mxn', 'bid': 17.62, 'ask': 17.64, 'spread': 0.11337868480725381}
[2024-07-17T01:51:10.819+0000] {logging_mixin.py:188} WARNING -   2%|2         | 12/600 [00:18<15:28,  1.58s/it]
[2024-07-17T01:51:12.040+0000] {bid_ask_dag.py:86} INFO - Threshold! {'orderbook_timestamp': '2024-07-17T01:51:10+00:00', 'book': 'usd_mxn', 'bid': 17.62, 'ask': 17.64, 'spread': 0.11337868480725381}
[2024-07-17T01:51:12.463+0000] {logging_mixin.py:188} WARNING -   2%|2         | 13/600 [00:20<15:37,  1.60s/it]
[2024-07-17T01:51:13.627+0000] {bid_ask_dag.py:86} INFO - Threshold! {'orderbook_timestamp': '2024-07-17T01:51:12+00:00', 'book': 'usd_mxn', 'bid': 17.62, 'ask': 17.64, 'spread': 0.11337868480725381}
[2024-07-17T01:51:14.053+0000] {logging_mixin.py:188} WARNING -   2%|2         | 14/600 [00:22<15:35,  1.60s/it]
[2024-07-17T01:51:15.205+0000] {bid_ask_dag.py:86} INFO - Threshold! {'orderbook_timestamp': '2024-07-17T01:51:13+00:00', 'book': 'usd_mxn', 'bid': 17.62, 'ask': 17.64, 'spread': 0.11337868480725381}
[2024-07-17T01:51:15.623+0000] {logging_mixin.py:188} WARNING -   2%|2         | 15/600 [00:23<15:28,  1.59s/it]
