[2024-07-14T09:01:45.866+0000] {local_task_job_runner.py:120} INFO - ::group::Pre task execution logs
[2024-07-14T09:01:45.975+0000] {taskinstance.py:2076} INFO - Dependencies all met for dep_context=non-requeueable deps ti=<TaskInstance: fetch_spread_values.fetch_and_compute_spread_usd_mxn scheduled__2024-07-14T05:24:00+00:00 [queued]>
[2024-07-14T09:01:46.001+0000] {taskinstance.py:2076} INFO - Dependencies all met for dep_context=requeueable deps ti=<TaskInstance: fetch_spread_values.fetch_and_compute_spread_usd_mxn scheduled__2024-07-14T05:24:00+00:00 [queued]>
[2024-07-14T09:01:46.005+0000] {taskinstance.py:2306} INFO - Starting attempt 1 of 2
[2024-07-14T09:01:46.062+0000] {taskinstance.py:2330} INFO - Executing <Task(PythonOperator): fetch_and_compute_spread_usd_mxn> on 2024-07-14 05:24:00+00:00
[2024-07-14T09:01:46.094+0000] {warnings.py:112} WARNING - /home/***/.local/lib/python3.12/site-packages/***/task/task_runner/standard_task_runner.py:61: DeprecationWarning: This process (pid=2112) is multi-threaded, use of fork() may lead to deadlocks in the child.
  pid = os.fork()

[2024-07-14T09:01:46.128+0000] {standard_task_runner.py:63} INFO - Started process 2147 to run task
[2024-07-14T09:01:46.099+0000] {standard_task_runner.py:90} INFO - Running: ['***', 'tasks', 'run', 'fetch_spread_values', 'fetch_and_compute_spread_usd_mxn', 'scheduled__2024-07-14T05:24:00+00:00', '--job-id', '679', '--raw', '--subdir', 'DAGS_FOLDER/***.py', '--cfg-path', '/tmp/tmpsex3tonc']
[2024-07-14T09:01:46.152+0000] {standard_task_runner.py:91} INFO - Job 679: Subtask fetch_and_compute_spread_usd_mxn
[2024-07-14T09:01:46.459+0000] {task_command.py:426} INFO - Running <TaskInstance: fetch_spread_values.fetch_and_compute_spread_usd_mxn scheduled__2024-07-14T05:24:00+00:00 [running]> on host d537c34a4880
[2024-07-14T09:01:46.794+0000] {taskinstance.py:2648} INFO - Exporting env vars: AIRFLOW_CTX_DAG_OWNER='***' AIRFLOW_CTX_DAG_ID='fetch_spread_values' AIRFLOW_CTX_TASK_ID='fetch_and_compute_spread_usd_mxn' AIRFLOW_CTX_EXECUTION_DATE='2024-07-14T05:24:00+00:00' AIRFLOW_CTX_TRY_NUMBER='1' AIRFLOW_CTX_DAG_RUN_ID='scheduled__2024-07-14T05:24:00+00:00'
[2024-07-14T09:01:46.801+0000] {taskinstance.py:430} INFO - ::endgroup::
[2024-07-14T09:01:47.107+0000] {python.py:237} INFO - Done. Returned value was: None
[2024-07-14T09:01:47.114+0000] {taskinstance.py:441} INFO - ::group::Post task execution logs
[2024-07-14T09:01:47.133+0000] {taskinstance.py:1206} INFO - Marking task as SUCCESS. dag_id=fetch_spread_values, task_id=fetch_and_compute_spread_usd_mxn, run_id=scheduled__2024-07-14T05:24:00+00:00, execution_date=20240714T052400, start_date=20240714T090145, end_date=20240714T090147
[2024-07-14T09:01:47.221+0000] {local_task_job_runner.py:240} INFO - Task exited with return code 0
[2024-07-14T09:01:47.251+0000] {taskinstance.py:3503} INFO - 0 downstream tasks scheduled from follow-on schedule check
[2024-07-14T09:01:47.257+0000] {local_task_job_runner.py:222} INFO - ::endgroup::
[2024-07-14T20:34:28.485+0000] {local_task_job_runner.py:120} INFO - ::group::Pre task execution logs
[2024-07-14T20:34:28.563+0000] {taskinstance.py:2076} INFO - Dependencies all met for dep_context=non-requeueable deps ti=<TaskInstance: fetch_spread_values.fetch_and_compute_spread_usd_mxn scheduled__2024-07-14T05:24:00+00:00 [queued]>
[2024-07-14T20:34:28.586+0000] {taskinstance.py:2076} INFO - Dependencies all met for dep_context=requeueable deps ti=<TaskInstance: fetch_spread_values.fetch_and_compute_spread_usd_mxn scheduled__2024-07-14T05:24:00+00:00 [queued]>
[2024-07-14T20:34:28.587+0000] {taskinstance.py:2306} INFO - Starting attempt 1 of 2
[2024-07-14T20:34:28.610+0000] {taskinstance.py:2330} INFO - Executing <Task(PythonOperator): fetch_and_compute_spread_usd_mxn> on 2024-07-14 05:24:00+00:00
[2024-07-14T20:34:28.625+0000] {standard_task_runner.py:90} INFO - Running: ['***', 'tasks', 'run', 'fetch_spread_values', 'fetch_and_compute_spread_usd_mxn', 'scheduled__2024-07-14T05:24:00+00:00', '--job-id', '653', '--raw', '--subdir', 'DAGS_FOLDER/***.py', '--cfg-path', '/tmp/tmparmzm9l_']
[2024-07-14T20:34:28.629+0000] {logging_mixin.py:188} WARNING - /home/***/.local/lib/python3.12/site-packages/***/task/task_runner/standard_task_runner.py:61 DeprecationWarning: This process (pid=1505) is multi-threaded, use of fork() may lead to deadlocks in the child.
[2024-07-14T20:34:28.631+0000] {standard_task_runner.py:91} INFO - Job 653: Subtask fetch_and_compute_spread_usd_mxn
[2024-07-14T20:34:28.632+0000] {standard_task_runner.py:63} INFO - Started process 1517 to run task
[2024-07-14T20:34:28.733+0000] {task_command.py:426} INFO - Running <TaskInstance: fetch_spread_values.fetch_and_compute_spread_usd_mxn scheduled__2024-07-14T05:24:00+00:00 [running]> on host 77caf7e4b282
[2024-07-14T20:34:28.893+0000] {taskinstance.py:2648} INFO - Exporting env vars: AIRFLOW_CTX_DAG_OWNER='***' AIRFLOW_CTX_DAG_ID='fetch_spread_values' AIRFLOW_CTX_TASK_ID='fetch_and_compute_spread_usd_mxn' AIRFLOW_CTX_EXECUTION_DATE='2024-07-14T05:24:00+00:00' AIRFLOW_CTX_TRY_NUMBER='1' AIRFLOW_CTX_DAG_RUN_ID='scheduled__2024-07-14T05:24:00+00:00'
[2024-07-14T20:34:28.895+0000] {taskinstance.py:430} INFO - ::endgroup::
[2024-07-14T20:34:29.160+0000] {python.py:237} INFO - Done. Returned value was: None
[2024-07-14T20:34:29.164+0000] {taskinstance.py:441} INFO - ::group::Post task execution logs
[2024-07-14T20:34:29.177+0000] {taskinstance.py:1206} INFO - Marking task as SUCCESS. dag_id=fetch_spread_values, task_id=fetch_and_compute_spread_usd_mxn, run_id=scheduled__2024-07-14T05:24:00+00:00, execution_date=20240714T052400, start_date=20240714T203428, end_date=20240714T203429
[2024-07-14T20:34:29.253+0000] {local_task_job_runner.py:240} INFO - Task exited with return code 0
[2024-07-14T20:34:29.278+0000] {taskinstance.py:3503} INFO - 0 downstream tasks scheduled from follow-on schedule check
[2024-07-14T20:34:29.281+0000] {local_task_job_runner.py:222} INFO - ::endgroup::
