[2024-07-14T15:31:17.950+0000] {local_task_job_runner.py:120} INFO - ::group::Pre task execution logs
[2024-07-14T15:31:17.970+0000] {taskinstance.py:2076} INFO - Dependencies all met for dep_context=non-requeueable deps ti=<TaskInstance: fetch_spread_values.fetch_and_compute_spread_btc_mxn scheduled__2024-07-14T15:29:00+00:00 [queued]>
[2024-07-14T15:31:17.975+0000] {taskinstance.py:2076} INFO - Dependencies all met for dep_context=requeueable deps ti=<TaskInstance: fetch_spread_values.fetch_and_compute_spread_btc_mxn scheduled__2024-07-14T15:29:00+00:00 [queued]>
[2024-07-14T15:31:17.975+0000] {taskinstance.py:2306} INFO - Starting attempt 1 of 2
[2024-07-14T15:31:17.986+0000] {taskinstance.py:2330} INFO - Executing <Task(PythonOperator): fetch_and_compute_spread_btc_mxn> on 2024-07-14 15:29:00+00:00
[2024-07-14T15:31:17.997+0000] {warnings.py:112} WARNING - /home/***/.local/lib/python3.12/site-packages/***/task/task_runner/standard_task_runner.py:61: DeprecationWarning: This process (pid=6612) is multi-threaded, use of fork() may lead to deadlocks in the child.
  pid = os.fork()

[2024-07-14T15:31:18.002+0000] {standard_task_runner.py:63} INFO - Started process 6623 to run task
[2024-07-14T15:31:18.002+0000] {standard_task_runner.py:90} INFO - Running: ['***', 'tasks', 'run', 'fetch_spread_values', 'fetch_and_compute_spread_btc_mxn', 'scheduled__2024-07-14T15:29:00+00:00', '--job-id', '1989', '--raw', '--subdir', 'DAGS_FOLDER/***.py', '--cfg-path', '/tmp/tmp80s_vd0i']
[2024-07-14T15:31:18.008+0000] {standard_task_runner.py:91} INFO - Job 1989: Subtask fetch_and_compute_spread_btc_mxn
[2024-07-14T15:31:18.097+0000] {task_command.py:426} INFO - Running <TaskInstance: fetch_spread_values.fetch_and_compute_spread_btc_mxn scheduled__2024-07-14T15:29:00+00:00 [running]> on host d537c34a4880
[2024-07-14T15:31:18.188+0000] {taskinstance.py:2648} INFO - Exporting env vars: AIRFLOW_CTX_DAG_OWNER='***' AIRFLOW_CTX_DAG_ID='fetch_spread_values' AIRFLOW_CTX_TASK_ID='fetch_and_compute_spread_btc_mxn' AIRFLOW_CTX_EXECUTION_DATE='2024-07-14T15:29:00+00:00' AIRFLOW_CTX_TRY_NUMBER='1' AIRFLOW_CTX_DAG_RUN_ID='scheduled__2024-07-14T15:29:00+00:00'
[2024-07-14T15:31:18.190+0000] {taskinstance.py:430} INFO - ::endgroup::
[2024-07-14T15:31:18.591+0000] {python.py:237} INFO - Done. Returned value was: None
[2024-07-14T15:31:18.594+0000] {taskinstance.py:441} INFO - ::group::Post task execution logs
[2024-07-14T15:31:18.602+0000] {taskinstance.py:1206} INFO - Marking task as SUCCESS. dag_id=fetch_spread_values, task_id=fetch_and_compute_spread_btc_mxn, run_id=scheduled__2024-07-14T15:29:00+00:00, execution_date=20240714T152900, start_date=20240714T153117, end_date=20240714T153118
[2024-07-14T15:31:18.647+0000] {local_task_job_runner.py:240} INFO - Task exited with return code 0
[2024-07-14T15:31:18.659+0000] {taskinstance.py:3503} INFO - 0 downstream tasks scheduled from follow-on schedule check
[2024-07-14T15:31:18.660+0000] {local_task_job_runner.py:222} INFO - ::endgroup::
[2024-07-14T20:38:41.739+0000] {local_task_job_runner.py:120} INFO - ::group::Pre task execution logs
[2024-07-14T20:38:41.772+0000] {taskinstance.py:2076} INFO - Dependencies all met for dep_context=non-requeueable deps ti=<TaskInstance: fetch_spread_values.fetch_and_compute_spread_btc_mxn scheduled__2024-07-14T15:29:00+00:00 [queued]>
[2024-07-14T20:38:41.778+0000] {taskinstance.py:2076} INFO - Dependencies all met for dep_context=requeueable deps ti=<TaskInstance: fetch_spread_values.fetch_and_compute_spread_btc_mxn scheduled__2024-07-14T15:29:00+00:00 [queued]>
[2024-07-14T20:38:41.779+0000] {taskinstance.py:2306} INFO - Starting attempt 1 of 2
[2024-07-14T20:38:41.824+0000] {taskinstance.py:2330} INFO - Executing <Task(PythonOperator): fetch_and_compute_spread_btc_mxn> on 2024-07-14 15:29:00+00:00
[2024-07-14T20:38:41.831+0000] {standard_task_runner.py:90} INFO - Running: ['***', 'tasks', 'run', 'fetch_spread_values', 'fetch_and_compute_spread_btc_mxn', 'scheduled__2024-07-14T15:29:00+00:00', '--job-id', '1986', '--raw', '--subdir', 'DAGS_FOLDER/***.py', '--cfg-path', '/tmp/tmpyjhk0uka']
[2024-07-14T20:38:41.833+0000] {standard_task_runner.py:91} INFO - Job 1986: Subtask fetch_and_compute_spread_btc_mxn
[2024-07-14T20:38:41.833+0000] {logging_mixin.py:188} WARNING - /home/***/.local/lib/python3.12/site-packages/***/task/task_runner/standard_task_runner.py:61 DeprecationWarning: This process (pid=4210) is multi-threaded, use of fork() may lead to deadlocks in the child.
[2024-07-14T20:38:41.841+0000] {standard_task_runner.py:63} INFO - Started process 4223 to run task
[2024-07-14T20:38:41.905+0000] {task_command.py:426} INFO - Running <TaskInstance: fetch_spread_values.fetch_and_compute_spread_btc_mxn scheduled__2024-07-14T15:29:00+00:00 [running]> on host 77caf7e4b282
[2024-07-14T20:38:41.985+0000] {taskinstance.py:2648} INFO - Exporting env vars: AIRFLOW_CTX_DAG_OWNER='***' AIRFLOW_CTX_DAG_ID='fetch_spread_values' AIRFLOW_CTX_TASK_ID='fetch_and_compute_spread_btc_mxn' AIRFLOW_CTX_EXECUTION_DATE='2024-07-14T15:29:00+00:00' AIRFLOW_CTX_TRY_NUMBER='1' AIRFLOW_CTX_DAG_RUN_ID='scheduled__2024-07-14T15:29:00+00:00'
[2024-07-14T20:38:41.987+0000] {taskinstance.py:430} INFO - ::endgroup::
[2024-07-14T20:38:42.221+0000] {python.py:237} INFO - Done. Returned value was: None
[2024-07-14T20:38:42.222+0000] {taskinstance.py:441} INFO - ::group::Post task execution logs
[2024-07-14T20:38:42.231+0000] {taskinstance.py:1206} INFO - Marking task as SUCCESS. dag_id=fetch_spread_values, task_id=fetch_and_compute_spread_btc_mxn, run_id=scheduled__2024-07-14T15:29:00+00:00, execution_date=20240714T152900, start_date=20240714T203841, end_date=20240714T203842
[2024-07-14T20:38:42.279+0000] {local_task_job_runner.py:240} INFO - Task exited with return code 0
[2024-07-14T20:38:42.290+0000] {taskinstance.py:3503} INFO - 0 downstream tasks scheduled from follow-on schedule check
[2024-07-14T20:38:42.291+0000] {local_task_job_runner.py:222} INFO - ::endgroup::
