[2024-07-14T08:56:52.939+0000] {local_task_job_runner.py:120} INFO - ::group::Pre task execution logs
[2024-07-14T08:56:53.098+0000] {taskinstance.py:2076} INFO - Dependencies all met for dep_context=non-requeueable deps ti=<TaskInstance: fetch_spread_values.fetch_and_compute_spread_usd_mxn scheduled__2024-07-14T00:01:00+00:00 [queued]>
[2024-07-14T08:56:53.144+0000] {taskinstance.py:2076} INFO - Dependencies all met for dep_context=requeueable deps ti=<TaskInstance: fetch_spread_values.fetch_and_compute_spread_usd_mxn scheduled__2024-07-14T00:01:00+00:00 [queued]>
[2024-07-14T08:56:53.171+0000] {taskinstance.py:2306} INFO - Starting attempt 1 of 2
[2024-07-14T08:56:53.246+0000] {taskinstance.py:2330} INFO - Executing <Task(PythonOperator): fetch_and_compute_spread_usd_mxn> on 2024-07-14 00:01:00+00:00
[2024-07-14T08:56:53.309+0000] {warnings.py:112} WARNING - /home/***/.local/lib/python3.12/site-packages/***/task/task_runner/standard_task_runner.py:61: DeprecationWarning: This process (pid=125) is multi-threaded, use of fork() may lead to deadlocks in the child.
  pid = os.fork()

[2024-07-14T08:56:53.323+0000] {standard_task_runner.py:63} INFO - Started process 156 to run task
[2024-07-14T08:56:53.325+0000] {standard_task_runner.py:90} INFO - Running: ['***', 'tasks', 'run', 'fetch_spread_values', 'fetch_and_compute_spread_usd_mxn', 'scheduled__2024-07-14T00:01:00+00:00', '--job-id', '32', '--raw', '--subdir', 'DAGS_FOLDER/***.py', '--cfg-path', '/tmp/tmpl4709o1x']
[2024-07-14T08:56:53.356+0000] {standard_task_runner.py:91} INFO - Job 32: Subtask fetch_and_compute_spread_usd_mxn
[2024-07-14T08:56:53.800+0000] {task_command.py:426} INFO - Running <TaskInstance: fetch_spread_values.fetch_and_compute_spread_usd_mxn scheduled__2024-07-14T00:01:00+00:00 [running]> on host d537c34a4880
[2024-07-14T08:56:54.473+0000] {taskinstance.py:2648} INFO - Exporting env vars: AIRFLOW_CTX_DAG_OWNER='***' AIRFLOW_CTX_DAG_ID='fetch_spread_values' AIRFLOW_CTX_TASK_ID='fetch_and_compute_spread_usd_mxn' AIRFLOW_CTX_EXECUTION_DATE='2024-07-14T00:01:00+00:00' AIRFLOW_CTX_TRY_NUMBER='1' AIRFLOW_CTX_DAG_RUN_ID='scheduled__2024-07-14T00:01:00+00:00'
[2024-07-14T08:56:54.522+0000] {taskinstance.py:430} INFO - ::endgroup::
[2024-07-14T08:56:54.952+0000] {python.py:237} INFO - Done. Returned value was: None
[2024-07-14T08:56:54.964+0000] {taskinstance.py:441} INFO - ::group::Post task execution logs
[2024-07-14T08:56:54.991+0000] {taskinstance.py:1206} INFO - Marking task as SUCCESS. dag_id=fetch_spread_values, task_id=fetch_and_compute_spread_usd_mxn, run_id=scheduled__2024-07-14T00:01:00+00:00, execution_date=20240714T000100, start_date=20240714T085653, end_date=20240714T085654
[2024-07-14T08:56:55.061+0000] {local_task_job_runner.py:240} INFO - Task exited with return code 0
[2024-07-14T08:56:55.183+0000] {taskinstance.py:3503} INFO - 0 downstream tasks scheduled from follow-on schedule check
[2024-07-14T08:56:55.193+0000] {local_task_job_runner.py:222} INFO - ::endgroup::
[2024-07-14T20:32:01.667+0000] {local_task_job_runner.py:120} INFO - ::group::Pre task execution logs
[2024-07-14T20:32:01.716+0000] {taskinstance.py:2076} INFO - Dependencies all met for dep_context=non-requeueable deps ti=<TaskInstance: fetch_spread_values.fetch_and_compute_spread_usd_mxn scheduled__2024-07-14T00:01:00+00:00 [queued]>
[2024-07-14T20:32:01.726+0000] {taskinstance.py:2076} INFO - Dependencies all met for dep_context=requeueable deps ti=<TaskInstance: fetch_spread_values.fetch_and_compute_spread_usd_mxn scheduled__2024-07-14T00:01:00+00:00 [queued]>
[2024-07-14T20:32:01.741+0000] {taskinstance.py:2306} INFO - Starting attempt 1 of 2
[2024-07-14T20:32:01.799+0000] {taskinstance.py:2330} INFO - Executing <Task(PythonOperator): fetch_and_compute_spread_usd_mxn> on 2024-07-14 00:01:00+00:00
[2024-07-14T20:32:01.828+0000] {logging_mixin.py:188} WARNING - /home/***/.local/lib/python3.12/site-packages/***/task/task_runner/standard_task_runner.py:61 DeprecationWarning: This process (pid=186) is multi-threaded, use of fork() may lead to deadlocks in the child.
[2024-07-14T20:32:01.840+0000] {standard_task_runner.py:63} INFO - Started process 195 to run task
[2024-07-14T20:32:01.828+0000] {standard_task_runner.py:90} INFO - Running: ['***', 'tasks', 'run', 'fetch_spread_values', 'fetch_and_compute_spread_usd_mxn', 'scheduled__2024-07-14T00:01:00+00:00', '--job-id', '5', '--raw', '--subdir', 'DAGS_FOLDER/***.py', '--cfg-path', '/tmp/tmp01aj885g']
[2024-07-14T20:32:01.851+0000] {standard_task_runner.py:91} INFO - Job 5: Subtask fetch_and_compute_spread_usd_mxn
[2024-07-14T20:32:01.948+0000] {task_command.py:426} INFO - Running <TaskInstance: fetch_spread_values.fetch_and_compute_spread_usd_mxn scheduled__2024-07-14T00:01:00+00:00 [running]> on host 77caf7e4b282
[2024-07-14T20:32:02.153+0000] {taskinstance.py:2648} INFO - Exporting env vars: AIRFLOW_CTX_DAG_OWNER='***' AIRFLOW_CTX_DAG_ID='fetch_spread_values' AIRFLOW_CTX_TASK_ID='fetch_and_compute_spread_usd_mxn' AIRFLOW_CTX_EXECUTION_DATE='2024-07-14T00:01:00+00:00' AIRFLOW_CTX_TRY_NUMBER='1' AIRFLOW_CTX_DAG_RUN_ID='scheduled__2024-07-14T00:01:00+00:00'
[2024-07-14T20:32:02.163+0000] {taskinstance.py:430} INFO - ::endgroup::
[2024-07-14T20:32:02.600+0000] {python.py:237} INFO - Done. Returned value was: None
[2024-07-14T20:32:02.601+0000] {taskinstance.py:441} INFO - ::group::Post task execution logs
[2024-07-14T20:32:02.612+0000] {taskinstance.py:1206} INFO - Marking task as SUCCESS. dag_id=fetch_spread_values, task_id=fetch_and_compute_spread_usd_mxn, run_id=scheduled__2024-07-14T00:01:00+00:00, execution_date=20240714T000100, start_date=20240714T203201, end_date=20240714T203202
[2024-07-14T20:32:02.648+0000] {local_task_job_runner.py:240} INFO - Task exited with return code 0
[2024-07-14T20:32:02.659+0000] {taskinstance.py:3503} INFO - 0 downstream tasks scheduled from follow-on schedule check
[2024-07-14T20:32:02.661+0000] {local_task_job_runner.py:222} INFO - ::endgroup::
