[2024-07-14T09:02:32.915+0000] {local_task_job_runner.py:120} INFO - ::group::Pre task execution logs
[2024-07-14T09:02:32.994+0000] {taskinstance.py:2076} INFO - Dependencies all met for dep_context=non-requeueable deps ti=<TaskInstance: fetch_spread_values.fetch_and_compute_spread_btc_mxn scheduled__2024-07-14T06:19:00+00:00 [queued]>
[2024-07-14T09:02:33.023+0000] {taskinstance.py:2076} INFO - Dependencies all met for dep_context=requeueable deps ti=<TaskInstance: fetch_spread_values.fetch_and_compute_spread_btc_mxn scheduled__2024-07-14T06:19:00+00:00 [queued]>
[2024-07-14T09:02:33.024+0000] {taskinstance.py:2306} INFO - Starting attempt 1 of 2
[2024-07-14T09:02:33.074+0000] {taskinstance.py:2330} INFO - Executing <Task(PythonOperator): fetch_and_compute_spread_btc_mxn> on 2024-07-14 06:19:00+00:00
[2024-07-14T09:02:33.096+0000] {warnings.py:112} WARNING - /home/***/.local/lib/python3.12/site-packages/***/task/task_runner/standard_task_runner.py:61: DeprecationWarning: This process (pid=2444) is multi-threaded, use of fork() may lead to deadlocks in the child.
  pid = os.fork()

[2024-07-14T09:02:33.104+0000] {standard_task_runner.py:63} INFO - Started process 2473 to run task
[2024-07-14T09:02:33.127+0000] {standard_task_runner.py:90} INFO - Running: ['***', 'tasks', 'run', 'fetch_spread_values', 'fetch_and_compute_spread_btc_mxn', 'scheduled__2024-07-14T06:19:00+00:00', '--job-id', '785', '--raw', '--subdir', 'DAGS_FOLDER/***.py', '--cfg-path', '/tmp/tmpbd4bv77y']
[2024-07-14T09:02:33.172+0000] {standard_task_runner.py:91} INFO - Job 785: Subtask fetch_and_compute_spread_btc_mxn
[2024-07-14T09:02:33.458+0000] {task_command.py:426} INFO - Running <TaskInstance: fetch_spread_values.fetch_and_compute_spread_btc_mxn scheduled__2024-07-14T06:19:00+00:00 [running]> on host d537c34a4880
[2024-07-14T09:02:33.747+0000] {taskinstance.py:2648} INFO - Exporting env vars: AIRFLOW_CTX_DAG_OWNER='***' AIRFLOW_CTX_DAG_ID='fetch_spread_values' AIRFLOW_CTX_TASK_ID='fetch_and_compute_spread_btc_mxn' AIRFLOW_CTX_EXECUTION_DATE='2024-07-14T06:19:00+00:00' AIRFLOW_CTX_TRY_NUMBER='1' AIRFLOW_CTX_DAG_RUN_ID='scheduled__2024-07-14T06:19:00+00:00'
[2024-07-14T09:02:33.759+0000] {taskinstance.py:430} INFO - ::endgroup::
[2024-07-14T09:02:34.089+0000] {python.py:237} INFO - Done. Returned value was: None
[2024-07-14T09:02:34.099+0000] {taskinstance.py:441} INFO - ::group::Post task execution logs
[2024-07-14T09:02:34.168+0000] {taskinstance.py:1206} INFO - Marking task as SUCCESS. dag_id=fetch_spread_values, task_id=fetch_and_compute_spread_btc_mxn, run_id=scheduled__2024-07-14T06:19:00+00:00, execution_date=20240714T061900, start_date=20240714T090232, end_date=20240714T090234
[2024-07-14T09:02:34.287+0000] {local_task_job_runner.py:240} INFO - Task exited with return code 0
[2024-07-14T09:02:34.374+0000] {taskinstance.py:3503} INFO - 0 downstream tasks scheduled from follow-on schedule check
[2024-07-14T09:02:34.386+0000] {local_task_job_runner.py:222} INFO - ::endgroup::
[2024-07-14T20:34:52.661+0000] {local_task_job_runner.py:120} INFO - ::group::Pre task execution logs
[2024-07-14T20:34:52.679+0000] {taskinstance.py:2076} INFO - Dependencies all met for dep_context=non-requeueable deps ti=<TaskInstance: fetch_spread_values.fetch_and_compute_spread_btc_mxn scheduled__2024-07-14T06:19:00+00:00 [queued]>
[2024-07-14T20:34:52.682+0000] {taskinstance.py:2076} INFO - Dependencies all met for dep_context=requeueable deps ti=<TaskInstance: fetch_spread_values.fetch_and_compute_spread_btc_mxn scheduled__2024-07-14T06:19:00+00:00 [queued]>
[2024-07-14T20:34:52.683+0000] {taskinstance.py:2306} INFO - Starting attempt 1 of 2
[2024-07-14T20:34:52.689+0000] {taskinstance.py:2330} INFO - Executing <Task(PythonOperator): fetch_and_compute_spread_btc_mxn> on 2024-07-14 06:19:00+00:00
[2024-07-14T20:34:52.692+0000] {logging_mixin.py:188} WARNING - /home/***/.local/lib/python3.12/site-packages/***/task/task_runner/standard_task_runner.py:61 DeprecationWarning: This process (pid=1808) is multi-threaded, use of fork() may lead to deadlocks in the child.
[2024-07-14T20:34:52.693+0000] {standard_task_runner.py:63} INFO - Started process 1810 to run task
[2024-07-14T20:34:52.692+0000] {standard_task_runner.py:90} INFO - Running: ['***', 'tasks', 'run', 'fetch_spread_values', 'fetch_and_compute_spread_btc_mxn', 'scheduled__2024-07-14T06:19:00+00:00', '--job-id', '800', '--raw', '--subdir', 'DAGS_FOLDER/***.py', '--cfg-path', '/tmp/tmpuh1gx11u']
[2024-07-14T20:34:52.694+0000] {standard_task_runner.py:91} INFO - Job 800: Subtask fetch_and_compute_spread_btc_mxn
[2024-07-14T20:34:52.721+0000] {task_command.py:426} INFO - Running <TaskInstance: fetch_spread_values.fetch_and_compute_spread_btc_mxn scheduled__2024-07-14T06:19:00+00:00 [running]> on host 77caf7e4b282
[2024-07-14T20:34:52.766+0000] {taskinstance.py:2648} INFO - Exporting env vars: AIRFLOW_CTX_DAG_OWNER='***' AIRFLOW_CTX_DAG_ID='fetch_spread_values' AIRFLOW_CTX_TASK_ID='fetch_and_compute_spread_btc_mxn' AIRFLOW_CTX_EXECUTION_DATE='2024-07-14T06:19:00+00:00' AIRFLOW_CTX_TRY_NUMBER='1' AIRFLOW_CTX_DAG_RUN_ID='scheduled__2024-07-14T06:19:00+00:00'
[2024-07-14T20:34:52.767+0000] {taskinstance.py:430} INFO - ::endgroup::
[2024-07-14T20:34:52.957+0000] {python.py:237} INFO - Done. Returned value was: None
[2024-07-14T20:34:52.960+0000] {taskinstance.py:441} INFO - ::group::Post task execution logs
[2024-07-14T20:34:52.967+0000] {taskinstance.py:1206} INFO - Marking task as SUCCESS. dag_id=fetch_spread_values, task_id=fetch_and_compute_spread_btc_mxn, run_id=scheduled__2024-07-14T06:19:00+00:00, execution_date=20240714T061900, start_date=20240714T203452, end_date=20240714T203452
[2024-07-14T20:34:52.998+0000] {local_task_job_runner.py:240} INFO - Task exited with return code 0
[2024-07-14T20:34:53.009+0000] {taskinstance.py:3503} INFO - 0 downstream tasks scheduled from follow-on schedule check
[2024-07-14T20:34:53.010+0000] {local_task_job_runner.py:222} INFO - ::endgroup::
