[2024-07-14T09:01:43.637+0000] {local_task_job_runner.py:120} INFO - ::group::Pre task execution logs
[2024-07-14T09:01:43.687+0000] {taskinstance.py:2076} INFO - Dependencies all met for dep_context=non-requeueable deps ti=<TaskInstance: fetch_spread_values.fetch_and_compute_spread_usd_mxn scheduled__2024-07-14T05:21:00+00:00 [queued]>
[2024-07-14T09:01:43.694+0000] {taskinstance.py:2076} INFO - Dependencies all met for dep_context=requeueable deps ti=<TaskInstance: fetch_spread_values.fetch_and_compute_spread_usd_mxn scheduled__2024-07-14T05:21:00+00:00 [queued]>
[2024-07-14T09:01:43.699+0000] {taskinstance.py:2306} INFO - Starting attempt 1 of 2
[2024-07-14T09:01:43.733+0000] {taskinstance.py:2330} INFO - Executing <Task(PythonOperator): fetch_and_compute_spread_usd_mxn> on 2024-07-14 05:21:00+00:00
[2024-07-14T09:01:43.741+0000] {warnings.py:112} WARNING - /home/***/.local/lib/python3.12/site-packages/***/task/task_runner/standard_task_runner.py:61: DeprecationWarning: This process (pid=2103) is multi-threaded, use of fork() may lead to deadlocks in the child.
  pid = os.fork()

[2024-07-14T09:01:43.747+0000] {standard_task_runner.py:63} INFO - Started process 2126 to run task
[2024-07-14T09:01:43.742+0000] {standard_task_runner.py:90} INFO - Running: ['***', 'tasks', 'run', 'fetch_spread_values', 'fetch_and_compute_spread_usd_mxn', 'scheduled__2024-07-14T05:21:00+00:00', '--job-id', '671', '--raw', '--subdir', 'DAGS_FOLDER/***.py', '--cfg-path', '/tmp/tmpasyfnt94']
[2024-07-14T09:01:43.755+0000] {standard_task_runner.py:91} INFO - Job 671: Subtask fetch_and_compute_spread_usd_mxn
[2024-07-14T09:01:43.904+0000] {task_command.py:426} INFO - Running <TaskInstance: fetch_spread_values.fetch_and_compute_spread_usd_mxn scheduled__2024-07-14T05:21:00+00:00 [running]> on host d537c34a4880
[2024-07-14T09:01:44.078+0000] {taskinstance.py:2648} INFO - Exporting env vars: AIRFLOW_CTX_DAG_OWNER='***' AIRFLOW_CTX_DAG_ID='fetch_spread_values' AIRFLOW_CTX_TASK_ID='fetch_and_compute_spread_usd_mxn' AIRFLOW_CTX_EXECUTION_DATE='2024-07-14T05:21:00+00:00' AIRFLOW_CTX_TRY_NUMBER='1' AIRFLOW_CTX_DAG_RUN_ID='scheduled__2024-07-14T05:21:00+00:00'
[2024-07-14T09:01:44.080+0000] {taskinstance.py:430} INFO - ::endgroup::
[2024-07-14T09:01:44.326+0000] {python.py:237} INFO - Done. Returned value was: None
[2024-07-14T09:01:44.339+0000] {taskinstance.py:441} INFO - ::group::Post task execution logs
[2024-07-14T09:01:44.379+0000] {taskinstance.py:1206} INFO - Marking task as SUCCESS. dag_id=fetch_spread_values, task_id=fetch_and_compute_spread_usd_mxn, run_id=scheduled__2024-07-14T05:21:00+00:00, execution_date=20240714T052100, start_date=20240714T090143, end_date=20240714T090144
[2024-07-14T09:01:44.448+0000] {local_task_job_runner.py:240} INFO - Task exited with return code 0
[2024-07-14T09:01:44.500+0000] {taskinstance.py:3503} INFO - 0 downstream tasks scheduled from follow-on schedule check
[2024-07-14T09:01:44.518+0000] {local_task_job_runner.py:222} INFO - ::endgroup::
[2024-07-14T20:34:21.132+0000] {local_task_job_runner.py:120} INFO - ::group::Pre task execution logs
[2024-07-14T20:34:21.153+0000] {taskinstance.py:2076} INFO - Dependencies all met for dep_context=non-requeueable deps ti=<TaskInstance: fetch_spread_values.fetch_and_compute_spread_usd_mxn scheduled__2024-07-14T05:21:00+00:00 [queued]>
[2024-07-14T20:34:21.157+0000] {taskinstance.py:2076} INFO - Dependencies all met for dep_context=requeueable deps ti=<TaskInstance: fetch_spread_values.fetch_and_compute_spread_usd_mxn scheduled__2024-07-14T05:21:00+00:00 [queued]>
[2024-07-14T20:34:21.158+0000] {taskinstance.py:2306} INFO - Starting attempt 1 of 2
[2024-07-14T20:34:21.166+0000] {taskinstance.py:2330} INFO - Executing <Task(PythonOperator): fetch_and_compute_spread_usd_mxn> on 2024-07-14 05:21:00+00:00
[2024-07-14T20:34:21.177+0000] {logging_mixin.py:188} WARNING - /home/***/.local/lib/python3.12/site-packages/***/task/task_runner/standard_task_runner.py:61 DeprecationWarning: This process (pid=1492) is multi-threaded, use of fork() may lead to deadlocks in the child.
[2024-07-14T20:34:21.175+0000] {standard_task_runner.py:90} INFO - Running: ['***', 'tasks', 'run', 'fetch_spread_values', 'fetch_and_compute_spread_usd_mxn', 'scheduled__2024-07-14T05:21:00+00:00', '--job-id', '647', '--raw', '--subdir', 'DAGS_FOLDER/***.py', '--cfg-path', '/tmp/tmpddjekcqd']
[2024-07-14T20:34:21.179+0000] {standard_task_runner.py:91} INFO - Job 647: Subtask fetch_and_compute_spread_usd_mxn
[2024-07-14T20:34:21.179+0000] {standard_task_runner.py:63} INFO - Started process 1498 to run task
[2024-07-14T20:34:21.227+0000] {task_command.py:426} INFO - Running <TaskInstance: fetch_spread_values.fetch_and_compute_spread_usd_mxn scheduled__2024-07-14T05:21:00+00:00 [running]> on host 77caf7e4b282
[2024-07-14T20:34:21.284+0000] {taskinstance.py:2648} INFO - Exporting env vars: AIRFLOW_CTX_DAG_OWNER='***' AIRFLOW_CTX_DAG_ID='fetch_spread_values' AIRFLOW_CTX_TASK_ID='fetch_and_compute_spread_usd_mxn' AIRFLOW_CTX_EXECUTION_DATE='2024-07-14T05:21:00+00:00' AIRFLOW_CTX_TRY_NUMBER='1' AIRFLOW_CTX_DAG_RUN_ID='scheduled__2024-07-14T05:21:00+00:00'
[2024-07-14T20:34:21.285+0000] {taskinstance.py:430} INFO - ::endgroup::
[2024-07-14T20:34:21.444+0000] {python.py:237} INFO - Done. Returned value was: None
[2024-07-14T20:34:21.445+0000] {taskinstance.py:441} INFO - ::group::Post task execution logs
[2024-07-14T20:34:21.450+0000] {taskinstance.py:1206} INFO - Marking task as SUCCESS. dag_id=fetch_spread_values, task_id=fetch_and_compute_spread_usd_mxn, run_id=scheduled__2024-07-14T05:21:00+00:00, execution_date=20240714T052100, start_date=20240714T203421, end_date=20240714T203421
[2024-07-14T20:34:21.488+0000] {local_task_job_runner.py:240} INFO - Task exited with return code 0
[2024-07-14T20:34:21.497+0000] {taskinstance.py:3503} INFO - 0 downstream tasks scheduled from follow-on schedule check
[2024-07-14T20:34:21.498+0000] {local_task_job_runner.py:222} INFO - ::endgroup::
