[2024-07-16T02:34:23.926+0000] {processor.py:161} INFO - Started process (PID=8701) to work on /opt/airflow/dags/example_dag.py
[2024-07-16T02:34:23.927+0000] {processor.py:830} INFO - Processing file /opt/airflow/dags/example_dag.py for tasks to queue
[2024-07-16T02:34:23.927+0000] {logging_mixin.py:188} INFO - [2024-07-16T02:34:23.927+0000] {dagbag.py:545} INFO - Filling up the DagBag from /opt/airflow/dags/example_dag.py
[2024-07-16T02:34:23.938+0000] {processor.py:840} INFO - DAG(s) 'our_1st_dag' retrieved from /opt/airflow/dags/example_dag.py
[2024-07-16T02:34:24.097+0000] {logging_mixin.py:188} INFO - [2024-07-16T02:34:24.097+0000] {dag.py:3096} INFO - Sync 1 DAGs
[2024-07-16T02:34:24.105+0000] {logging_mixin.py:188} INFO - [2024-07-16T02:34:24.105+0000] {dag.py:3954} INFO - Setting next_dagrun for our_1st_dag to 2024-07-13 00:00:00+00:00, run_after=2024-07-14 00:00:00+00:00
[2024-07-16T02:34:24.114+0000] {processor.py:183} INFO - Processing /opt/airflow/dags/example_dag.py took 0.192 seconds
[2024-07-16T02:34:54.601+0000] {processor.py:161} INFO - Started process (PID=8718) to work on /opt/airflow/dags/example_dag.py
[2024-07-16T02:34:54.602+0000] {processor.py:830} INFO - Processing file /opt/airflow/dags/example_dag.py for tasks to queue
[2024-07-16T02:34:54.603+0000] {logging_mixin.py:188} INFO - [2024-07-16T02:34:54.603+0000] {dagbag.py:545} INFO - Filling up the DagBag from /opt/airflow/dags/example_dag.py
[2024-07-16T02:34:54.616+0000] {processor.py:840} INFO - DAG(s) 'our_1st_dag' retrieved from /opt/airflow/dags/example_dag.py
[2024-07-16T02:34:54.632+0000] {logging_mixin.py:188} INFO - [2024-07-16T02:34:54.632+0000] {dag.py:3096} INFO - Sync 1 DAGs
[2024-07-16T02:34:54.645+0000] {logging_mixin.py:188} INFO - [2024-07-16T02:34:54.645+0000] {dag.py:3954} INFO - Setting next_dagrun for our_1st_dag to 2024-07-13 00:00:00+00:00, run_after=2024-07-14 00:00:00+00:00
[2024-07-16T02:34:54.654+0000] {processor.py:183} INFO - Processing /opt/airflow/dags/example_dag.py took 0.057 seconds
[2024-07-16T02:35:24.997+0000] {processor.py:161} INFO - Started process (PID=8733) to work on /opt/airflow/dags/example_dag.py
[2024-07-16T02:35:24.999+0000] {processor.py:830} INFO - Processing file /opt/airflow/dags/example_dag.py for tasks to queue
[2024-07-16T02:35:25.000+0000] {logging_mixin.py:188} INFO - [2024-07-16T02:35:25.000+0000] {dagbag.py:545} INFO - Filling up the DagBag from /opt/airflow/dags/example_dag.py
[2024-07-16T02:35:25.020+0000] {processor.py:840} INFO - DAG(s) 'our_1st_dag' retrieved from /opt/airflow/dags/example_dag.py
[2024-07-16T02:35:25.040+0000] {logging_mixin.py:188} INFO - [2024-07-16T02:35:25.040+0000] {dag.py:3096} INFO - Sync 1 DAGs
[2024-07-16T02:35:25.051+0000] {logging_mixin.py:188} INFO - [2024-07-16T02:35:25.051+0000] {dag.py:3954} INFO - Setting next_dagrun for our_1st_dag to 2024-07-13 00:00:00+00:00, run_after=2024-07-14 00:00:00+00:00
[2024-07-16T02:35:25.061+0000] {processor.py:183} INFO - Processing /opt/airflow/dags/example_dag.py took 0.071 seconds
[2024-07-16T02:35:55.382+0000] {processor.py:161} INFO - Started process (PID=8748) to work on /opt/airflow/dags/example_dag.py
[2024-07-16T02:35:55.383+0000] {processor.py:830} INFO - Processing file /opt/airflow/dags/example_dag.py for tasks to queue
[2024-07-16T02:35:55.384+0000] {logging_mixin.py:188} INFO - [2024-07-16T02:35:55.384+0000] {dagbag.py:545} INFO - Filling up the DagBag from /opt/airflow/dags/example_dag.py
[2024-07-16T02:35:55.398+0000] {processor.py:840} INFO - DAG(s) 'our_1st_dag' retrieved from /opt/airflow/dags/example_dag.py
[2024-07-16T02:35:55.411+0000] {logging_mixin.py:188} INFO - [2024-07-16T02:35:55.411+0000] {dag.py:3096} INFO - Sync 1 DAGs
[2024-07-16T02:35:55.422+0000] {logging_mixin.py:188} INFO - [2024-07-16T02:35:55.422+0000] {dag.py:3954} INFO - Setting next_dagrun for our_1st_dag to 2024-07-13 00:00:00+00:00, run_after=2024-07-14 00:00:00+00:00
[2024-07-16T02:35:55.508+0000] {processor.py:183} INFO - Processing /opt/airflow/dags/example_dag.py took 0.132 seconds
[2024-07-16T02:36:25.854+0000] {processor.py:161} INFO - Started process (PID=8763) to work on /opt/airflow/dags/example_dag.py
[2024-07-16T02:36:25.855+0000] {processor.py:830} INFO - Processing file /opt/airflow/dags/example_dag.py for tasks to queue
[2024-07-16T02:36:25.856+0000] {logging_mixin.py:188} INFO - [2024-07-16T02:36:25.856+0000] {dagbag.py:545} INFO - Filling up the DagBag from /opt/airflow/dags/example_dag.py
[2024-07-16T02:36:25.886+0000] {processor.py:840} INFO - DAG(s) 'our_1st_dag' retrieved from /opt/airflow/dags/example_dag.py
[2024-07-16T02:36:25.900+0000] {logging_mixin.py:188} INFO - [2024-07-16T02:36:25.900+0000] {dag.py:3096} INFO - Sync 1 DAGs
[2024-07-16T02:36:25.910+0000] {logging_mixin.py:188} INFO - [2024-07-16T02:36:25.910+0000] {dag.py:3954} INFO - Setting next_dagrun for our_1st_dag to 2024-07-13 00:00:00+00:00, run_after=2024-07-14 00:00:00+00:00
[2024-07-16T02:36:25.918+0000] {processor.py:183} INFO - Processing /opt/airflow/dags/example_dag.py took 0.069 seconds
[2024-07-16T02:36:56.244+0000] {processor.py:161} INFO - Started process (PID=8778) to work on /opt/airflow/dags/example_dag.py
[2024-07-16T02:36:56.245+0000] {processor.py:830} INFO - Processing file /opt/airflow/dags/example_dag.py for tasks to queue
[2024-07-16T02:36:56.246+0000] {logging_mixin.py:188} INFO - [2024-07-16T02:36:56.246+0000] {dagbag.py:545} INFO - Filling up the DagBag from /opt/airflow/dags/example_dag.py
[2024-07-16T02:36:56.263+0000] {processor.py:840} INFO - DAG(s) 'our_1st_dag' retrieved from /opt/airflow/dags/example_dag.py
[2024-07-16T02:36:56.280+0000] {logging_mixin.py:188} INFO - [2024-07-16T02:36:56.280+0000] {dag.py:3096} INFO - Sync 1 DAGs
[2024-07-16T02:36:56.291+0000] {logging_mixin.py:188} INFO - [2024-07-16T02:36:56.290+0000] {dag.py:3954} INFO - Setting next_dagrun for our_1st_dag to 2024-07-13 00:00:00+00:00, run_after=2024-07-14 00:00:00+00:00
[2024-07-16T02:36:56.298+0000] {processor.py:183} INFO - Processing /opt/airflow/dags/example_dag.py took 0.060 seconds
[2024-07-16T02:37:26.686+0000] {processor.py:161} INFO - Started process (PID=8793) to work on /opt/airflow/dags/example_dag.py
[2024-07-16T02:37:26.688+0000] {processor.py:830} INFO - Processing file /opt/airflow/dags/example_dag.py for tasks to queue
[2024-07-16T02:37:26.689+0000] {logging_mixin.py:188} INFO - [2024-07-16T02:37:26.688+0000] {dagbag.py:545} INFO - Filling up the DagBag from /opt/airflow/dags/example_dag.py
[2024-07-16T02:37:26.706+0000] {processor.py:840} INFO - DAG(s) 'our_1st_dag' retrieved from /opt/airflow/dags/example_dag.py
[2024-07-16T02:37:26.725+0000] {logging_mixin.py:188} INFO - [2024-07-16T02:37:26.725+0000] {dag.py:3096} INFO - Sync 1 DAGs
[2024-07-16T02:37:26.735+0000] {logging_mixin.py:188} INFO - [2024-07-16T02:37:26.735+0000] {dag.py:3954} INFO - Setting next_dagrun for our_1st_dag to 2024-07-13 00:00:00+00:00, run_after=2024-07-14 00:00:00+00:00
[2024-07-16T02:37:26.742+0000] {processor.py:183} INFO - Processing /opt/airflow/dags/example_dag.py took 0.062 seconds
[2024-07-16T02:37:57.148+0000] {processor.py:161} INFO - Started process (PID=8808) to work on /opt/airflow/dags/example_dag.py
[2024-07-16T02:37:57.148+0000] {processor.py:830} INFO - Processing file /opt/airflow/dags/example_dag.py for tasks to queue
[2024-07-16T02:37:57.149+0000] {logging_mixin.py:188} INFO - [2024-07-16T02:37:57.149+0000] {dagbag.py:545} INFO - Filling up the DagBag from /opt/airflow/dags/example_dag.py
[2024-07-16T02:37:57.160+0000] {processor.py:840} INFO - DAG(s) 'our_1st_dag' retrieved from /opt/airflow/dags/example_dag.py
[2024-07-16T02:37:57.173+0000] {logging_mixin.py:188} INFO - [2024-07-16T02:37:57.173+0000] {dag.py:3096} INFO - Sync 1 DAGs
[2024-07-16T02:37:57.183+0000] {logging_mixin.py:188} INFO - [2024-07-16T02:37:57.183+0000] {dag.py:3954} INFO - Setting next_dagrun for our_1st_dag to 2024-07-13 00:00:00+00:00, run_after=2024-07-14 00:00:00+00:00
[2024-07-16T02:37:57.191+0000] {processor.py:183} INFO - Processing /opt/airflow/dags/example_dag.py took 0.047 seconds
[2024-07-16T02:38:27.600+0000] {processor.py:161} INFO - Started process (PID=8823) to work on /opt/airflow/dags/example_dag.py
[2024-07-16T02:38:27.602+0000] {processor.py:830} INFO - Processing file /opt/airflow/dags/example_dag.py for tasks to queue
[2024-07-16T02:38:27.603+0000] {logging_mixin.py:188} INFO - [2024-07-16T02:38:27.602+0000] {dagbag.py:545} INFO - Filling up the DagBag from /opt/airflow/dags/example_dag.py
[2024-07-16T02:38:27.620+0000] {processor.py:840} INFO - DAG(s) 'our_1st_dag' retrieved from /opt/airflow/dags/example_dag.py
[2024-07-16T02:38:27.638+0000] {logging_mixin.py:188} INFO - [2024-07-16T02:38:27.638+0000] {dag.py:3096} INFO - Sync 1 DAGs
[2024-07-16T02:38:27.649+0000] {logging_mixin.py:188} INFO - [2024-07-16T02:38:27.649+0000] {dag.py:3954} INFO - Setting next_dagrun for our_1st_dag to 2024-07-13 00:00:00+00:00, run_after=2024-07-14 00:00:00+00:00
[2024-07-16T02:38:27.772+0000] {processor.py:183} INFO - Processing /opt/airflow/dags/example_dag.py took 0.179 seconds
[2024-07-16T02:38:57.969+0000] {processor.py:161} INFO - Started process (PID=8838) to work on /opt/airflow/dags/example_dag.py
[2024-07-16T02:38:57.970+0000] {processor.py:830} INFO - Processing file /opt/airflow/dags/example_dag.py for tasks to queue
[2024-07-16T02:38:57.971+0000] {logging_mixin.py:188} INFO - [2024-07-16T02:38:57.971+0000] {dagbag.py:545} INFO - Filling up the DagBag from /opt/airflow/dags/example_dag.py
[2024-07-16T02:38:57.986+0000] {processor.py:840} INFO - DAG(s) 'our_1st_dag' retrieved from /opt/airflow/dags/example_dag.py
[2024-07-16T02:38:58.005+0000] {logging_mixin.py:188} INFO - [2024-07-16T02:38:58.005+0000] {dag.py:3096} INFO - Sync 1 DAGs
[2024-07-16T02:38:58.088+0000] {logging_mixin.py:188} INFO - [2024-07-16T02:38:58.088+0000] {dag.py:3954} INFO - Setting next_dagrun for our_1st_dag to 2024-07-13 00:00:00+00:00, run_after=2024-07-14 00:00:00+00:00
[2024-07-16T02:38:58.095+0000] {processor.py:183} INFO - Processing /opt/airflow/dags/example_dag.py took 0.132 seconds
[2024-07-16T02:39:28.540+0000] {processor.py:161} INFO - Started process (PID=8853) to work on /opt/airflow/dags/example_dag.py
[2024-07-16T02:39:28.541+0000] {processor.py:830} INFO - Processing file /opt/airflow/dags/example_dag.py for tasks to queue
[2024-07-16T02:39:28.542+0000] {logging_mixin.py:188} INFO - [2024-07-16T02:39:28.542+0000] {dagbag.py:545} INFO - Filling up the DagBag from /opt/airflow/dags/example_dag.py
[2024-07-16T02:39:28.565+0000] {processor.py:840} INFO - DAG(s) 'our_1st_dag' retrieved from /opt/airflow/dags/example_dag.py
[2024-07-16T02:39:28.582+0000] {logging_mixin.py:188} INFO - [2024-07-16T02:39:28.582+0000] {dag.py:3096} INFO - Sync 1 DAGs
[2024-07-16T02:39:28.592+0000] {logging_mixin.py:188} INFO - [2024-07-16T02:39:28.592+0000] {dag.py:3954} INFO - Setting next_dagrun for our_1st_dag to 2024-07-13 00:00:00+00:00, run_after=2024-07-14 00:00:00+00:00
[2024-07-16T02:39:28.601+0000] {processor.py:183} INFO - Processing /opt/airflow/dags/example_dag.py took 0.069 seconds
[2024-07-16T02:39:58.955+0000] {processor.py:161} INFO - Started process (PID=8868) to work on /opt/airflow/dags/example_dag.py
[2024-07-16T02:39:58.957+0000] {processor.py:830} INFO - Processing file /opt/airflow/dags/example_dag.py for tasks to queue
[2024-07-16T02:39:58.957+0000] {logging_mixin.py:188} INFO - [2024-07-16T02:39:58.957+0000] {dagbag.py:545} INFO - Filling up the DagBag from /opt/airflow/dags/example_dag.py
[2024-07-16T02:39:58.973+0000] {processor.py:840} INFO - DAG(s) 'our_1st_dag' retrieved from /opt/airflow/dags/example_dag.py
[2024-07-16T02:39:58.992+0000] {logging_mixin.py:188} INFO - [2024-07-16T02:39:58.992+0000] {dag.py:3096} INFO - Sync 1 DAGs
[2024-07-16T02:39:59.002+0000] {logging_mixin.py:188} INFO - [2024-07-16T02:39:59.002+0000] {dag.py:3954} INFO - Setting next_dagrun for our_1st_dag to 2024-07-13 00:00:00+00:00, run_after=2024-07-14 00:00:00+00:00
[2024-07-16T02:39:59.010+0000] {processor.py:183} INFO - Processing /opt/airflow/dags/example_dag.py took 0.061 seconds
[2024-07-16T02:40:29.418+0000] {processor.py:161} INFO - Started process (PID=8883) to work on /opt/airflow/dags/example_dag.py
[2024-07-16T02:40:29.420+0000] {processor.py:830} INFO - Processing file /opt/airflow/dags/example_dag.py for tasks to queue
[2024-07-16T02:40:29.421+0000] {logging_mixin.py:188} INFO - [2024-07-16T02:40:29.421+0000] {dagbag.py:545} INFO - Filling up the DagBag from /opt/airflow/dags/example_dag.py
[2024-07-16T02:40:29.437+0000] {processor.py:840} INFO - DAG(s) 'our_1st_dag' retrieved from /opt/airflow/dags/example_dag.py
[2024-07-16T02:40:29.461+0000] {logging_mixin.py:188} INFO - [2024-07-16T02:40:29.460+0000] {dag.py:3096} INFO - Sync 1 DAGs
[2024-07-16T02:40:29.473+0000] {logging_mixin.py:188} INFO - [2024-07-16T02:40:29.473+0000] {dag.py:3954} INFO - Setting next_dagrun for our_1st_dag to 2024-07-13 00:00:00+00:00, run_after=2024-07-14 00:00:00+00:00
[2024-07-16T02:40:29.482+0000] {processor.py:183} INFO - Processing /opt/airflow/dags/example_dag.py took 0.070 seconds
[2024-07-16T02:40:59.911+0000] {processor.py:161} INFO - Started process (PID=8898) to work on /opt/airflow/dags/example_dag.py
[2024-07-16T02:40:59.912+0000] {processor.py:830} INFO - Processing file /opt/airflow/dags/example_dag.py for tasks to queue
[2024-07-16T02:40:59.914+0000] {logging_mixin.py:188} INFO - [2024-07-16T02:40:59.913+0000] {dagbag.py:545} INFO - Filling up the DagBag from /opt/airflow/dags/example_dag.py
[2024-07-16T02:40:59.930+0000] {processor.py:840} INFO - DAG(s) 'our_1st_dag' retrieved from /opt/airflow/dags/example_dag.py
[2024-07-16T02:40:59.947+0000] {logging_mixin.py:188} INFO - [2024-07-16T02:40:59.947+0000] {dag.py:3096} INFO - Sync 1 DAGs
[2024-07-16T02:40:59.957+0000] {logging_mixin.py:188} INFO - [2024-07-16T02:40:59.957+0000] {dag.py:3954} INFO - Setting next_dagrun for our_1st_dag to 2024-07-13 00:00:00+00:00, run_after=2024-07-14 00:00:00+00:00
[2024-07-16T02:40:59.966+0000] {processor.py:183} INFO - Processing /opt/airflow/dags/example_dag.py took 0.061 seconds
[2024-07-16T02:41:30.297+0000] {processor.py:161} INFO - Started process (PID=8913) to work on /opt/airflow/dags/example_dag.py
[2024-07-16T02:41:30.299+0000] {processor.py:830} INFO - Processing file /opt/airflow/dags/example_dag.py for tasks to queue
[2024-07-16T02:41:30.299+0000] {logging_mixin.py:188} INFO - [2024-07-16T02:41:30.299+0000] {dagbag.py:545} INFO - Filling up the DagBag from /opt/airflow/dags/example_dag.py
[2024-07-16T02:41:30.314+0000] {processor.py:840} INFO - DAG(s) 'our_1st_dag' retrieved from /opt/airflow/dags/example_dag.py
[2024-07-16T02:41:30.328+0000] {logging_mixin.py:188} INFO - [2024-07-16T02:41:30.328+0000] {dag.py:3096} INFO - Sync 1 DAGs
[2024-07-16T02:41:30.339+0000] {logging_mixin.py:188} INFO - [2024-07-16T02:41:30.339+0000] {dag.py:3954} INFO - Setting next_dagrun for our_1st_dag to 2024-07-13 00:00:00+00:00, run_after=2024-07-14 00:00:00+00:00
[2024-07-16T02:41:30.421+0000] {processor.py:183} INFO - Processing /opt/airflow/dags/example_dag.py took 0.130 seconds
[2024-07-16T02:42:00.824+0000] {processor.py:161} INFO - Started process (PID=8928) to work on /opt/airflow/dags/example_dag.py
[2024-07-16T02:42:00.825+0000] {processor.py:830} INFO - Processing file /opt/airflow/dags/example_dag.py for tasks to queue
[2024-07-16T02:42:00.826+0000] {logging_mixin.py:188} INFO - [2024-07-16T02:42:00.826+0000] {dagbag.py:545} INFO - Filling up the DagBag from /opt/airflow/dags/example_dag.py
[2024-07-16T02:42:00.842+0000] {processor.py:840} INFO - DAG(s) 'our_1st_dag' retrieved from /opt/airflow/dags/example_dag.py
[2024-07-16T02:42:00.860+0000] {logging_mixin.py:188} INFO - [2024-07-16T02:42:00.859+0000] {dag.py:3096} INFO - Sync 1 DAGs
[2024-07-16T02:42:00.871+0000] {logging_mixin.py:188} INFO - [2024-07-16T02:42:00.871+0000] {dag.py:3954} INFO - Setting next_dagrun for our_1st_dag to 2024-07-13 00:00:00+00:00, run_after=2024-07-14 00:00:00+00:00
[2024-07-16T02:42:00.880+0000] {processor.py:183} INFO - Processing /opt/airflow/dags/example_dag.py took 0.062 seconds
[2024-07-16T02:42:31.295+0000] {processor.py:161} INFO - Started process (PID=8948) to work on /opt/airflow/dags/example_dag.py
[2024-07-16T02:42:31.297+0000] {processor.py:830} INFO - Processing file /opt/airflow/dags/example_dag.py for tasks to queue
[2024-07-16T02:42:31.298+0000] {logging_mixin.py:188} INFO - [2024-07-16T02:42:31.297+0000] {dagbag.py:545} INFO - Filling up the DagBag from /opt/airflow/dags/example_dag.py
[2024-07-16T02:42:31.316+0000] {processor.py:840} INFO - DAG(s) 'our_1st_dag' retrieved from /opt/airflow/dags/example_dag.py
[2024-07-16T02:42:31.335+0000] {logging_mixin.py:188} INFO - [2024-07-16T02:42:31.335+0000] {dag.py:3096} INFO - Sync 1 DAGs
[2024-07-16T02:42:31.346+0000] {logging_mixin.py:188} INFO - [2024-07-16T02:42:31.346+0000] {dag.py:3954} INFO - Setting next_dagrun for our_1st_dag to 2024-07-13 00:00:00+00:00, run_after=2024-07-14 00:00:00+00:00
[2024-07-16T02:42:31.355+0000] {processor.py:183} INFO - Processing /opt/airflow/dags/example_dag.py took 0.066 seconds
[2024-07-16T02:43:01.762+0000] {processor.py:161} INFO - Started process (PID=8963) to work on /opt/airflow/dags/example_dag.py
[2024-07-16T02:43:01.763+0000] {processor.py:830} INFO - Processing file /opt/airflow/dags/example_dag.py for tasks to queue
[2024-07-16T02:43:01.763+0000] {logging_mixin.py:188} INFO - [2024-07-16T02:43:01.763+0000] {dagbag.py:545} INFO - Filling up the DagBag from /opt/airflow/dags/example_dag.py
[2024-07-16T02:43:01.772+0000] {processor.py:840} INFO - DAG(s) 'our_1st_dag' retrieved from /opt/airflow/dags/example_dag.py
[2024-07-16T02:43:01.785+0000] {logging_mixin.py:188} INFO - [2024-07-16T02:43:01.784+0000] {dag.py:3096} INFO - Sync 1 DAGs
[2024-07-16T02:43:01.796+0000] {logging_mixin.py:188} INFO - [2024-07-16T02:43:01.795+0000] {dag.py:3954} INFO - Setting next_dagrun for our_1st_dag to 2024-07-13 00:00:00+00:00, run_after=2024-07-14 00:00:00+00:00
[2024-07-16T02:43:01.805+0000] {processor.py:183} INFO - Processing /opt/airflow/dags/example_dag.py took 0.045 seconds
[2024-07-16T02:43:32.174+0000] {processor.py:161} INFO - Started process (PID=8978) to work on /opt/airflow/dags/example_dag.py
[2024-07-16T02:43:32.175+0000] {processor.py:830} INFO - Processing file /opt/airflow/dags/example_dag.py for tasks to queue
[2024-07-16T02:43:32.176+0000] {logging_mixin.py:188} INFO - [2024-07-16T02:43:32.176+0000] {dagbag.py:545} INFO - Filling up the DagBag from /opt/airflow/dags/example_dag.py
[2024-07-16T02:43:32.192+0000] {processor.py:840} INFO - DAG(s) 'our_1st_dag' retrieved from /opt/airflow/dags/example_dag.py
[2024-07-16T02:43:32.210+0000] {logging_mixin.py:188} INFO - [2024-07-16T02:43:32.209+0000] {dag.py:3096} INFO - Sync 1 DAGs
[2024-07-16T02:43:32.219+0000] {logging_mixin.py:188} INFO - [2024-07-16T02:43:32.219+0000] {dag.py:3954} INFO - Setting next_dagrun for our_1st_dag to 2024-07-13 00:00:00+00:00, run_after=2024-07-14 00:00:00+00:00
[2024-07-16T02:43:32.227+0000] {processor.py:183} INFO - Processing /opt/airflow/dags/example_dag.py took 0.059 seconds
[2024-07-16T02:44:02.544+0000] {processor.py:161} INFO - Started process (PID=8993) to work on /opt/airflow/dags/example_dag.py
[2024-07-16T02:44:02.545+0000] {processor.py:830} INFO - Processing file /opt/airflow/dags/example_dag.py for tasks to queue
[2024-07-16T02:44:02.546+0000] {logging_mixin.py:188} INFO - [2024-07-16T02:44:02.546+0000] {dagbag.py:545} INFO - Filling up the DagBag from /opt/airflow/dags/example_dag.py
[2024-07-16T02:44:02.561+0000] {processor.py:840} INFO - DAG(s) 'our_1st_dag' retrieved from /opt/airflow/dags/example_dag.py
[2024-07-16T02:44:02.577+0000] {logging_mixin.py:188} INFO - [2024-07-16T02:44:02.577+0000] {dag.py:3096} INFO - Sync 1 DAGs
[2024-07-16T02:44:02.587+0000] {logging_mixin.py:188} INFO - [2024-07-16T02:44:02.587+0000] {dag.py:3954} INFO - Setting next_dagrun for our_1st_dag to 2024-07-13 00:00:00+00:00, run_after=2024-07-14 00:00:00+00:00
[2024-07-16T02:44:02.595+0000] {processor.py:183} INFO - Processing /opt/airflow/dags/example_dag.py took 0.058 seconds
[2024-07-16T02:44:32.947+0000] {processor.py:161} INFO - Started process (PID=9008) to work on /opt/airflow/dags/example_dag.py
[2024-07-16T02:44:32.948+0000] {processor.py:830} INFO - Processing file /opt/airflow/dags/example_dag.py for tasks to queue
[2024-07-16T02:44:32.949+0000] {logging_mixin.py:188} INFO - [2024-07-16T02:44:32.949+0000] {dagbag.py:545} INFO - Filling up the DagBag from /opt/airflow/dags/example_dag.py
[2024-07-16T02:44:32.963+0000] {processor.py:840} INFO - DAG(s) 'our_1st_dag' retrieved from /opt/airflow/dags/example_dag.py
[2024-07-16T02:44:32.980+0000] {logging_mixin.py:188} INFO - [2024-07-16T02:44:32.980+0000] {dag.py:3096} INFO - Sync 1 DAGs
[2024-07-16T02:44:33.145+0000] {logging_mixin.py:188} INFO - [2024-07-16T02:44:33.145+0000] {dag.py:3954} INFO - Setting next_dagrun for our_1st_dag to 2024-07-13 00:00:00+00:00, run_after=2024-07-14 00:00:00+00:00
[2024-07-16T02:44:33.155+0000] {processor.py:183} INFO - Processing /opt/airflow/dags/example_dag.py took 0.212 seconds
[2024-07-16T02:45:03.426+0000] {processor.py:161} INFO - Started process (PID=9023) to work on /opt/airflow/dags/example_dag.py
[2024-07-16T02:45:03.426+0000] {processor.py:830} INFO - Processing file /opt/airflow/dags/example_dag.py for tasks to queue
[2024-07-16T02:45:03.427+0000] {logging_mixin.py:188} INFO - [2024-07-16T02:45:03.427+0000] {dagbag.py:545} INFO - Filling up the DagBag from /opt/airflow/dags/example_dag.py
[2024-07-16T02:45:03.435+0000] {processor.py:840} INFO - DAG(s) 'our_1st_dag' retrieved from /opt/airflow/dags/example_dag.py
[2024-07-16T02:45:03.448+0000] {logging_mixin.py:188} INFO - [2024-07-16T02:45:03.448+0000] {dag.py:3096} INFO - Sync 1 DAGs
[2024-07-16T02:45:03.458+0000] {logging_mixin.py:188} INFO - [2024-07-16T02:45:03.458+0000] {dag.py:3954} INFO - Setting next_dagrun for our_1st_dag to 2024-07-13 00:00:00+00:00, run_after=2024-07-14 00:00:00+00:00
[2024-07-16T02:45:03.466+0000] {processor.py:183} INFO - Processing /opt/airflow/dags/example_dag.py took 0.043 seconds
[2024-07-16T02:45:33.810+0000] {processor.py:161} INFO - Started process (PID=9038) to work on /opt/airflow/dags/example_dag.py
[2024-07-16T02:45:33.812+0000] {processor.py:830} INFO - Processing file /opt/airflow/dags/example_dag.py for tasks to queue
[2024-07-16T02:45:33.813+0000] {logging_mixin.py:188} INFO - [2024-07-16T02:45:33.812+0000] {dagbag.py:545} INFO - Filling up the DagBag from /opt/airflow/dags/example_dag.py
[2024-07-16T02:45:33.829+0000] {processor.py:840} INFO - DAG(s) 'our_1st_dag' retrieved from /opt/airflow/dags/example_dag.py
[2024-07-16T02:45:33.850+0000] {logging_mixin.py:188} INFO - [2024-07-16T02:45:33.850+0000] {dag.py:3096} INFO - Sync 1 DAGs
[2024-07-16T02:45:33.861+0000] {logging_mixin.py:188} INFO - [2024-07-16T02:45:33.861+0000] {dag.py:3954} INFO - Setting next_dagrun for our_1st_dag to 2024-07-13 00:00:00+00:00, run_after=2024-07-14 00:00:00+00:00
[2024-07-16T02:45:33.873+0000] {processor.py:183} INFO - Processing /opt/airflow/dags/example_dag.py took 0.068 seconds
[2024-07-16T02:46:04.238+0000] {processor.py:161} INFO - Started process (PID=9053) to work on /opt/airflow/dags/example_dag.py
[2024-07-16T02:46:04.239+0000] {processor.py:830} INFO - Processing file /opt/airflow/dags/example_dag.py for tasks to queue
[2024-07-16T02:46:04.240+0000] {logging_mixin.py:188} INFO - [2024-07-16T02:46:04.239+0000] {dagbag.py:545} INFO - Filling up the DagBag from /opt/airflow/dags/example_dag.py
[2024-07-16T02:46:04.254+0000] {processor.py:840} INFO - DAG(s) 'our_1st_dag' retrieved from /opt/airflow/dags/example_dag.py
[2024-07-16T02:46:04.271+0000] {logging_mixin.py:188} INFO - [2024-07-16T02:46:04.271+0000] {dag.py:3096} INFO - Sync 1 DAGs
[2024-07-16T02:46:04.282+0000] {logging_mixin.py:188} INFO - [2024-07-16T02:46:04.282+0000] {dag.py:3954} INFO - Setting next_dagrun for our_1st_dag to 2024-07-13 00:00:00+00:00, run_after=2024-07-14 00:00:00+00:00
[2024-07-16T02:46:04.290+0000] {processor.py:183} INFO - Processing /opt/airflow/dags/example_dag.py took 0.057 seconds
[2024-07-16T02:46:34.661+0000] {processor.py:161} INFO - Started process (PID=9068) to work on /opt/airflow/dags/example_dag.py
[2024-07-16T02:46:34.662+0000] {processor.py:830} INFO - Processing file /opt/airflow/dags/example_dag.py for tasks to queue
[2024-07-16T02:46:34.663+0000] {logging_mixin.py:188} INFO - [2024-07-16T02:46:34.663+0000] {dagbag.py:545} INFO - Filling up the DagBag from /opt/airflow/dags/example_dag.py
[2024-07-16T02:46:34.679+0000] {processor.py:840} INFO - DAG(s) 'our_1st_dag' retrieved from /opt/airflow/dags/example_dag.py
[2024-07-16T02:46:34.697+0000] {logging_mixin.py:188} INFO - [2024-07-16T02:46:34.697+0000] {dag.py:3096} INFO - Sync 1 DAGs
[2024-07-16T02:46:34.707+0000] {logging_mixin.py:188} INFO - [2024-07-16T02:46:34.707+0000] {dag.py:3954} INFO - Setting next_dagrun for our_1st_dag to 2024-07-13 00:00:00+00:00, run_after=2024-07-14 00:00:00+00:00
[2024-07-16T02:46:34.715+0000] {processor.py:183} INFO - Processing /opt/airflow/dags/example_dag.py took 0.060 seconds
[2024-07-16T02:47:05.072+0000] {processor.py:161} INFO - Started process (PID=9083) to work on /opt/airflow/dags/example_dag.py
[2024-07-16T02:47:05.074+0000] {processor.py:830} INFO - Processing file /opt/airflow/dags/example_dag.py for tasks to queue
[2024-07-16T02:47:05.075+0000] {logging_mixin.py:188} INFO - [2024-07-16T02:47:05.074+0000] {dagbag.py:545} INFO - Filling up the DagBag from /opt/airflow/dags/example_dag.py
[2024-07-16T02:47:05.092+0000] {processor.py:840} INFO - DAG(s) 'our_1st_dag' retrieved from /opt/airflow/dags/example_dag.py
[2024-07-16T02:47:05.111+0000] {logging_mixin.py:188} INFO - [2024-07-16T02:47:05.111+0000] {dag.py:3096} INFO - Sync 1 DAGs
[2024-07-16T02:47:05.124+0000] {logging_mixin.py:188} INFO - [2024-07-16T02:47:05.124+0000] {dag.py:3954} INFO - Setting next_dagrun for our_1st_dag to 2024-07-13 00:00:00+00:00, run_after=2024-07-14 00:00:00+00:00
[2024-07-16T02:47:05.241+0000] {processor.py:183} INFO - Processing /opt/airflow/dags/example_dag.py took 0.176 seconds
[2024-07-16T02:47:35.606+0000] {processor.py:161} INFO - Started process (PID=9098) to work on /opt/airflow/dags/example_dag.py
[2024-07-16T02:47:35.607+0000] {processor.py:830} INFO - Processing file /opt/airflow/dags/example_dag.py for tasks to queue
[2024-07-16T02:47:35.608+0000] {logging_mixin.py:188} INFO - [2024-07-16T02:47:35.608+0000] {dagbag.py:545} INFO - Filling up the DagBag from /opt/airflow/dags/example_dag.py
[2024-07-16T02:47:35.623+0000] {processor.py:840} INFO - DAG(s) 'our_1st_dag' retrieved from /opt/airflow/dags/example_dag.py
[2024-07-16T02:47:35.643+0000] {logging_mixin.py:188} INFO - [2024-07-16T02:47:35.643+0000] {dag.py:3096} INFO - Sync 1 DAGs
[2024-07-16T02:47:35.729+0000] {logging_mixin.py:188} INFO - [2024-07-16T02:47:35.729+0000] {dag.py:3954} INFO - Setting next_dagrun for our_1st_dag to 2024-07-13 00:00:00+00:00, run_after=2024-07-14 00:00:00+00:00
[2024-07-16T02:47:35.736+0000] {processor.py:183} INFO - Processing /opt/airflow/dags/example_dag.py took 0.137 seconds
[2024-07-16T02:48:06.104+0000] {processor.py:161} INFO - Started process (PID=9113) to work on /opt/airflow/dags/example_dag.py
[2024-07-16T02:48:06.106+0000] {processor.py:830} INFO - Processing file /opt/airflow/dags/example_dag.py for tasks to queue
[2024-07-16T02:48:06.107+0000] {logging_mixin.py:188} INFO - [2024-07-16T02:48:06.106+0000] {dagbag.py:545} INFO - Filling up the DagBag from /opt/airflow/dags/example_dag.py
[2024-07-16T02:48:06.128+0000] {processor.py:840} INFO - DAG(s) 'our_1st_dag' retrieved from /opt/airflow/dags/example_dag.py
[2024-07-16T02:48:06.143+0000] {logging_mixin.py:188} INFO - [2024-07-16T02:48:06.143+0000] {dag.py:3096} INFO - Sync 1 DAGs
[2024-07-16T02:48:06.155+0000] {logging_mixin.py:188} INFO - [2024-07-16T02:48:06.155+0000] {dag.py:3954} INFO - Setting next_dagrun for our_1st_dag to 2024-07-13 00:00:00+00:00, run_after=2024-07-14 00:00:00+00:00
[2024-07-16T02:48:06.164+0000] {processor.py:183} INFO - Processing /opt/airflow/dags/example_dag.py took 0.069 seconds
[2024-07-16T02:48:36.500+0000] {processor.py:161} INFO - Started process (PID=9128) to work on /opt/airflow/dags/example_dag.py
[2024-07-16T02:48:36.502+0000] {processor.py:830} INFO - Processing file /opt/airflow/dags/example_dag.py for tasks to queue
[2024-07-16T02:48:36.503+0000] {logging_mixin.py:188} INFO - [2024-07-16T02:48:36.502+0000] {dagbag.py:545} INFO - Filling up the DagBag from /opt/airflow/dags/example_dag.py
[2024-07-16T02:48:36.521+0000] {processor.py:840} INFO - DAG(s) 'our_1st_dag' retrieved from /opt/airflow/dags/example_dag.py
[2024-07-16T02:48:36.543+0000] {logging_mixin.py:188} INFO - [2024-07-16T02:48:36.543+0000] {dag.py:3096} INFO - Sync 1 DAGs
[2024-07-16T02:48:36.554+0000] {logging_mixin.py:188} INFO - [2024-07-16T02:48:36.554+0000] {dag.py:3954} INFO - Setting next_dagrun for our_1st_dag to 2024-07-13 00:00:00+00:00, run_after=2024-07-14 00:00:00+00:00
[2024-07-16T02:48:36.564+0000] {processor.py:183} INFO - Processing /opt/airflow/dags/example_dag.py took 0.072 seconds
[2024-07-16T02:49:06.956+0000] {processor.py:161} INFO - Started process (PID=9143) to work on /opt/airflow/dags/example_dag.py
[2024-07-16T02:49:06.957+0000] {processor.py:830} INFO - Processing file /opt/airflow/dags/example_dag.py for tasks to queue
[2024-07-16T02:49:06.958+0000] {logging_mixin.py:188} INFO - [2024-07-16T02:49:06.958+0000] {dagbag.py:545} INFO - Filling up the DagBag from /opt/airflow/dags/example_dag.py
[2024-07-16T02:49:06.971+0000] {processor.py:840} INFO - DAG(s) 'our_1st_dag' retrieved from /opt/airflow/dags/example_dag.py
[2024-07-16T02:49:06.987+0000] {logging_mixin.py:188} INFO - [2024-07-16T02:49:06.987+0000] {dag.py:3096} INFO - Sync 1 DAGs
[2024-07-16T02:49:07.000+0000] {logging_mixin.py:188} INFO - [2024-07-16T02:49:06.999+0000] {dag.py:3954} INFO - Setting next_dagrun for our_1st_dag to 2024-07-13 00:00:00+00:00, run_after=2024-07-14 00:00:00+00:00
[2024-07-16T02:49:07.010+0000] {processor.py:183} INFO - Processing /opt/airflow/dags/example_dag.py took 0.059 seconds
[2024-07-16T02:49:37.421+0000] {processor.py:161} INFO - Started process (PID=9158) to work on /opt/airflow/dags/example_dag.py
[2024-07-16T02:49:37.422+0000] {processor.py:830} INFO - Processing file /opt/airflow/dags/example_dag.py for tasks to queue
[2024-07-16T02:49:37.423+0000] {logging_mixin.py:188} INFO - [2024-07-16T02:49:37.423+0000] {dagbag.py:545} INFO - Filling up the DagBag from /opt/airflow/dags/example_dag.py
[2024-07-16T02:49:37.438+0000] {processor.py:840} INFO - DAG(s) 'our_1st_dag' retrieved from /opt/airflow/dags/example_dag.py
[2024-07-16T02:49:37.452+0000] {logging_mixin.py:188} INFO - [2024-07-16T02:49:37.452+0000] {dag.py:3096} INFO - Sync 1 DAGs
[2024-07-16T02:49:37.462+0000] {logging_mixin.py:188} INFO - [2024-07-16T02:49:37.462+0000] {dag.py:3954} INFO - Setting next_dagrun for our_1st_dag to 2024-07-13 00:00:00+00:00, run_after=2024-07-14 00:00:00+00:00
[2024-07-16T02:49:37.471+0000] {processor.py:183} INFO - Processing /opt/airflow/dags/example_dag.py took 0.056 seconds
[2024-07-16T02:50:07.853+0000] {processor.py:161} INFO - Started process (PID=9173) to work on /opt/airflow/dags/example_dag.py
[2024-07-16T02:50:07.855+0000] {processor.py:830} INFO - Processing file /opt/airflow/dags/example_dag.py for tasks to queue
[2024-07-16T02:50:07.856+0000] {logging_mixin.py:188} INFO - [2024-07-16T02:50:07.855+0000] {dagbag.py:545} INFO - Filling up the DagBag from /opt/airflow/dags/example_dag.py
[2024-07-16T02:50:07.873+0000] {processor.py:840} INFO - DAG(s) 'our_1st_dag' retrieved from /opt/airflow/dags/example_dag.py
[2024-07-16T02:50:07.891+0000] {logging_mixin.py:188} INFO - [2024-07-16T02:50:07.891+0000] {dag.py:3096} INFO - Sync 1 DAGs
[2024-07-16T02:50:07.902+0000] {logging_mixin.py:188} INFO - [2024-07-16T02:50:07.902+0000] {dag.py:3954} INFO - Setting next_dagrun for our_1st_dag to 2024-07-13 00:00:00+00:00, run_after=2024-07-14 00:00:00+00:00
[2024-07-16T02:50:07.987+0000] {processor.py:183} INFO - Processing /opt/airflow/dags/example_dag.py took 0.141 seconds
[2024-07-16T02:50:38.345+0000] {processor.py:161} INFO - Started process (PID=9188) to work on /opt/airflow/dags/example_dag.py
[2024-07-16T02:50:38.347+0000] {processor.py:830} INFO - Processing file /opt/airflow/dags/example_dag.py for tasks to queue
[2024-07-16T02:50:38.347+0000] {logging_mixin.py:188} INFO - [2024-07-16T02:50:38.347+0000] {dagbag.py:545} INFO - Filling up the DagBag from /opt/airflow/dags/example_dag.py
[2024-07-16T02:50:38.363+0000] {processor.py:840} INFO - DAG(s) 'our_1st_dag' retrieved from /opt/airflow/dags/example_dag.py
[2024-07-16T02:50:38.383+0000] {logging_mixin.py:188} INFO - [2024-07-16T02:50:38.383+0000] {dag.py:3096} INFO - Sync 1 DAGs
[2024-07-16T02:50:38.473+0000] {logging_mixin.py:188} INFO - [2024-07-16T02:50:38.473+0000] {dag.py:3954} INFO - Setting next_dagrun for our_1st_dag to 2024-07-13 00:00:00+00:00, run_after=2024-07-14 00:00:00+00:00
[2024-07-16T02:50:38.481+0000] {processor.py:183} INFO - Processing /opt/airflow/dags/example_dag.py took 0.142 seconds
[2024-07-16T02:51:08.852+0000] {processor.py:161} INFO - Started process (PID=9203) to work on /opt/airflow/dags/example_dag.py
[2024-07-16T02:51:08.854+0000] {processor.py:830} INFO - Processing file /opt/airflow/dags/example_dag.py for tasks to queue
[2024-07-16T02:51:08.856+0000] {logging_mixin.py:188} INFO - [2024-07-16T02:51:08.855+0000] {dagbag.py:545} INFO - Filling up the DagBag from /opt/airflow/dags/example_dag.py
[2024-07-16T02:51:08.874+0000] {processor.py:840} INFO - DAG(s) 'our_1st_dag' retrieved from /opt/airflow/dags/example_dag.py
[2024-07-16T02:51:08.889+0000] {logging_mixin.py:188} INFO - [2024-07-16T02:51:08.889+0000] {dag.py:3096} INFO - Sync 1 DAGs
[2024-07-16T02:51:08.900+0000] {logging_mixin.py:188} INFO - [2024-07-16T02:51:08.899+0000] {dag.py:3954} INFO - Setting next_dagrun for our_1st_dag to 2024-07-13 00:00:00+00:00, run_after=2024-07-14 00:00:00+00:00
[2024-07-16T02:51:08.907+0000] {processor.py:183} INFO - Processing /opt/airflow/dags/example_dag.py took 0.062 seconds
[2024-07-16T02:51:39.283+0000] {processor.py:161} INFO - Started process (PID=9218) to work on /opt/airflow/dags/example_dag.py
[2024-07-16T02:51:39.284+0000] {processor.py:830} INFO - Processing file /opt/airflow/dags/example_dag.py for tasks to queue
[2024-07-16T02:51:39.285+0000] {logging_mixin.py:188} INFO - [2024-07-16T02:51:39.284+0000] {dagbag.py:545} INFO - Filling up the DagBag from /opt/airflow/dags/example_dag.py
[2024-07-16T02:51:39.293+0000] {processor.py:840} INFO - DAG(s) 'our_1st_dag' retrieved from /opt/airflow/dags/example_dag.py
[2024-07-16T02:51:39.307+0000] {logging_mixin.py:188} INFO - [2024-07-16T02:51:39.307+0000] {dag.py:3096} INFO - Sync 1 DAGs
[2024-07-16T02:51:39.317+0000] {logging_mixin.py:188} INFO - [2024-07-16T02:51:39.317+0000] {dag.py:3954} INFO - Setting next_dagrun for our_1st_dag to 2024-07-13 00:00:00+00:00, run_after=2024-07-14 00:00:00+00:00
[2024-07-16T02:51:39.326+0000] {processor.py:183} INFO - Processing /opt/airflow/dags/example_dag.py took 0.046 seconds
[2024-07-16T02:52:09.709+0000] {processor.py:161} INFO - Started process (PID=9233) to work on /opt/airflow/dags/example_dag.py
[2024-07-16T02:52:09.711+0000] {processor.py:830} INFO - Processing file /opt/airflow/dags/example_dag.py for tasks to queue
[2024-07-16T02:52:09.712+0000] {logging_mixin.py:188} INFO - [2024-07-16T02:52:09.711+0000] {dagbag.py:545} INFO - Filling up the DagBag from /opt/airflow/dags/example_dag.py
[2024-07-16T02:52:09.728+0000] {processor.py:840} INFO - DAG(s) 'our_1st_dag' retrieved from /opt/airflow/dags/example_dag.py
[2024-07-16T02:52:09.742+0000] {logging_mixin.py:188} INFO - [2024-07-16T02:52:09.742+0000] {dag.py:3096} INFO - Sync 1 DAGs
[2024-07-16T02:52:09.752+0000] {logging_mixin.py:188} INFO - [2024-07-16T02:52:09.752+0000] {dag.py:3954} INFO - Setting next_dagrun for our_1st_dag to 2024-07-13 00:00:00+00:00, run_after=2024-07-14 00:00:00+00:00
[2024-07-16T02:52:09.760+0000] {processor.py:183} INFO - Processing /opt/airflow/dags/example_dag.py took 0.058 seconds
[2024-07-16T02:52:40.074+0000] {processor.py:161} INFO - Started process (PID=9248) to work on /opt/airflow/dags/example_dag.py
[2024-07-16T02:52:40.075+0000] {processor.py:830} INFO - Processing file /opt/airflow/dags/example_dag.py for tasks to queue
[2024-07-16T02:52:40.077+0000] {logging_mixin.py:188} INFO - [2024-07-16T02:52:40.076+0000] {dagbag.py:545} INFO - Filling up the DagBag from /opt/airflow/dags/example_dag.py
[2024-07-16T02:52:40.092+0000] {processor.py:840} INFO - DAG(s) 'our_1st_dag' retrieved from /opt/airflow/dags/example_dag.py
[2024-07-16T02:52:40.111+0000] {logging_mixin.py:188} INFO - [2024-07-16T02:52:40.111+0000] {dag.py:3096} INFO - Sync 1 DAGs
[2024-07-16T02:52:40.122+0000] {logging_mixin.py:188} INFO - [2024-07-16T02:52:40.122+0000] {dag.py:3954} INFO - Setting next_dagrun for our_1st_dag to 2024-07-13 00:00:00+00:00, run_after=2024-07-14 00:00:00+00:00
[2024-07-16T02:52:40.206+0000] {processor.py:183} INFO - Processing /opt/airflow/dags/example_dag.py took 0.139 seconds
[2024-07-16T02:53:10.510+0000] {processor.py:161} INFO - Started process (PID=9263) to work on /opt/airflow/dags/example_dag.py
[2024-07-16T02:53:10.511+0000] {processor.py:830} INFO - Processing file /opt/airflow/dags/example_dag.py for tasks to queue
[2024-07-16T02:53:10.513+0000] {logging_mixin.py:188} INFO - [2024-07-16T02:53:10.512+0000] {dagbag.py:545} INFO - Filling up the DagBag from /opt/airflow/dags/example_dag.py
[2024-07-16T02:53:10.529+0000] {processor.py:840} INFO - DAG(s) 'our_1st_dag' retrieved from /opt/airflow/dags/example_dag.py
[2024-07-16T02:53:10.549+0000] {logging_mixin.py:188} INFO - [2024-07-16T02:53:10.549+0000] {dag.py:3096} INFO - Sync 1 DAGs
[2024-07-16T02:53:10.635+0000] {logging_mixin.py:188} INFO - [2024-07-16T02:53:10.635+0000] {dag.py:3954} INFO - Setting next_dagrun for our_1st_dag to 2024-07-13 00:00:00+00:00, run_after=2024-07-14 00:00:00+00:00
[2024-07-16T02:53:10.642+0000] {processor.py:183} INFO - Processing /opt/airflow/dags/example_dag.py took 0.138 seconds
[2024-07-16T02:53:41.007+0000] {processor.py:161} INFO - Started process (PID=9278) to work on /opt/airflow/dags/example_dag.py
[2024-07-16T02:53:41.008+0000] {processor.py:830} INFO - Processing file /opt/airflow/dags/example_dag.py for tasks to queue
[2024-07-16T02:53:41.008+0000] {logging_mixin.py:188} INFO - [2024-07-16T02:53:41.008+0000] {dagbag.py:545} INFO - Filling up the DagBag from /opt/airflow/dags/example_dag.py
[2024-07-16T02:53:41.020+0000] {processor.py:840} INFO - DAG(s) 'our_1st_dag' retrieved from /opt/airflow/dags/example_dag.py
[2024-07-16T02:53:41.035+0000] {logging_mixin.py:188} INFO - [2024-07-16T02:53:41.035+0000] {dag.py:3096} INFO - Sync 1 DAGs
[2024-07-16T02:53:41.124+0000] {logging_mixin.py:188} INFO - [2024-07-16T02:53:41.124+0000] {dag.py:3954} INFO - Setting next_dagrun for our_1st_dag to 2024-07-13 00:00:00+00:00, run_after=2024-07-14 00:00:00+00:00
[2024-07-16T02:53:41.133+0000] {processor.py:183} INFO - Processing /opt/airflow/dags/example_dag.py took 0.130 seconds
[2024-07-16T02:54:11.493+0000] {processor.py:161} INFO - Started process (PID=9293) to work on /opt/airflow/dags/example_dag.py
[2024-07-16T02:54:11.494+0000] {processor.py:830} INFO - Processing file /opt/airflow/dags/example_dag.py for tasks to queue
[2024-07-16T02:54:11.494+0000] {logging_mixin.py:188} INFO - [2024-07-16T02:54:11.494+0000] {dagbag.py:545} INFO - Filling up the DagBag from /opt/airflow/dags/example_dag.py
[2024-07-16T02:54:11.508+0000] {processor.py:840} INFO - DAG(s) 'our_1st_dag' retrieved from /opt/airflow/dags/example_dag.py
[2024-07-16T02:54:11.526+0000] {logging_mixin.py:188} INFO - [2024-07-16T02:54:11.526+0000] {dag.py:3096} INFO - Sync 1 DAGs
[2024-07-16T02:54:11.538+0000] {logging_mixin.py:188} INFO - [2024-07-16T02:54:11.538+0000] {dag.py:3954} INFO - Setting next_dagrun for our_1st_dag to 2024-07-13 00:00:00+00:00, run_after=2024-07-14 00:00:00+00:00
[2024-07-16T02:54:11.546+0000] {processor.py:183} INFO - Processing /opt/airflow/dags/example_dag.py took 0.059 seconds
[2024-07-16T02:54:41.959+0000] {processor.py:161} INFO - Started process (PID=9308) to work on /opt/airflow/dags/example_dag.py
[2024-07-16T02:54:41.959+0000] {processor.py:830} INFO - Processing file /opt/airflow/dags/example_dag.py for tasks to queue
[2024-07-16T02:54:41.960+0000] {logging_mixin.py:188} INFO - [2024-07-16T02:54:41.960+0000] {dagbag.py:545} INFO - Filling up the DagBag from /opt/airflow/dags/example_dag.py
[2024-07-16T02:54:41.973+0000] {processor.py:840} INFO - DAG(s) 'our_1st_dag' retrieved from /opt/airflow/dags/example_dag.py
[2024-07-16T02:54:41.988+0000] {logging_mixin.py:188} INFO - [2024-07-16T02:54:41.988+0000] {dag.py:3096} INFO - Sync 1 DAGs
[2024-07-16T02:54:41.999+0000] {logging_mixin.py:188} INFO - [2024-07-16T02:54:41.998+0000] {dag.py:3954} INFO - Setting next_dagrun for our_1st_dag to 2024-07-13 00:00:00+00:00, run_after=2024-07-14 00:00:00+00:00
[2024-07-16T02:54:42.007+0000] {processor.py:183} INFO - Processing /opt/airflow/dags/example_dag.py took 0.053 seconds
[2024-07-16T02:55:12.346+0000] {processor.py:161} INFO - Started process (PID=9323) to work on /opt/airflow/dags/example_dag.py
[2024-07-16T02:55:12.348+0000] {processor.py:830} INFO - Processing file /opt/airflow/dags/example_dag.py for tasks to queue
[2024-07-16T02:55:12.348+0000] {logging_mixin.py:188} INFO - [2024-07-16T02:55:12.348+0000] {dagbag.py:545} INFO - Filling up the DagBag from /opt/airflow/dags/example_dag.py
[2024-07-16T02:55:12.366+0000] {processor.py:840} INFO - DAG(s) 'our_1st_dag' retrieved from /opt/airflow/dags/example_dag.py
[2024-07-16T02:55:12.382+0000] {logging_mixin.py:188} INFO - [2024-07-16T02:55:12.381+0000] {dag.py:3096} INFO - Sync 1 DAGs
[2024-07-16T02:55:12.393+0000] {logging_mixin.py:188} INFO - [2024-07-16T02:55:12.393+0000] {dag.py:3954} INFO - Setting next_dagrun for our_1st_dag to 2024-07-13 00:00:00+00:00, run_after=2024-07-14 00:00:00+00:00
[2024-07-16T02:55:12.401+0000] {processor.py:183} INFO - Processing /opt/airflow/dags/example_dag.py took 0.061 seconds
[2024-07-16T02:55:42.719+0000] {processor.py:161} INFO - Started process (PID=9338) to work on /opt/airflow/dags/example_dag.py
[2024-07-16T02:55:42.721+0000] {processor.py:830} INFO - Processing file /opt/airflow/dags/example_dag.py for tasks to queue
[2024-07-16T02:55:42.721+0000] {logging_mixin.py:188} INFO - [2024-07-16T02:55:42.721+0000] {dagbag.py:545} INFO - Filling up the DagBag from /opt/airflow/dags/example_dag.py
[2024-07-16T02:55:42.736+0000] {processor.py:840} INFO - DAG(s) 'our_1st_dag' retrieved from /opt/airflow/dags/example_dag.py
[2024-07-16T02:55:42.758+0000] {logging_mixin.py:188} INFO - [2024-07-16T02:55:42.758+0000] {dag.py:3096} INFO - Sync 1 DAGs
[2024-07-16T02:55:42.771+0000] {logging_mixin.py:188} INFO - [2024-07-16T02:55:42.771+0000] {dag.py:3954} INFO - Setting next_dagrun for our_1st_dag to 2024-07-13 00:00:00+00:00, run_after=2024-07-14 00:00:00+00:00
[2024-07-16T02:55:42.852+0000] {processor.py:183} INFO - Processing /opt/airflow/dags/example_dag.py took 0.138 seconds
[2024-07-16T02:56:13.233+0000] {processor.py:161} INFO - Started process (PID=9353) to work on /opt/airflow/dags/example_dag.py
[2024-07-16T02:56:13.234+0000] {processor.py:830} INFO - Processing file /opt/airflow/dags/example_dag.py for tasks to queue
[2024-07-16T02:56:13.235+0000] {logging_mixin.py:188} INFO - [2024-07-16T02:56:13.234+0000] {dagbag.py:545} INFO - Filling up the DagBag from /opt/airflow/dags/example_dag.py
[2024-07-16T02:56:13.250+0000] {processor.py:840} INFO - DAG(s) 'our_1st_dag' retrieved from /opt/airflow/dags/example_dag.py
[2024-07-16T02:56:13.269+0000] {logging_mixin.py:188} INFO - [2024-07-16T02:56:13.268+0000] {dag.py:3096} INFO - Sync 1 DAGs
[2024-07-16T02:56:13.349+0000] {logging_mixin.py:188} INFO - [2024-07-16T02:56:13.349+0000] {dag.py:3954} INFO - Setting next_dagrun for our_1st_dag to 2024-07-13 00:00:00+00:00, run_after=2024-07-14 00:00:00+00:00
[2024-07-16T02:56:13.356+0000] {processor.py:183} INFO - Processing /opt/airflow/dags/example_dag.py took 0.130 seconds
[2024-07-16T02:56:43.724+0000] {processor.py:161} INFO - Started process (PID=9368) to work on /opt/airflow/dags/example_dag.py
[2024-07-16T02:56:43.724+0000] {processor.py:830} INFO - Processing file /opt/airflow/dags/example_dag.py for tasks to queue
[2024-07-16T02:56:43.725+0000] {logging_mixin.py:188} INFO - [2024-07-16T02:56:43.724+0000] {dagbag.py:545} INFO - Filling up the DagBag from /opt/airflow/dags/example_dag.py
[2024-07-16T02:56:43.733+0000] {processor.py:840} INFO - DAG(s) 'our_1st_dag' retrieved from /opt/airflow/dags/example_dag.py
[2024-07-16T02:56:43.824+0000] {logging_mixin.py:188} INFO - [2024-07-16T02:56:43.824+0000] {dag.py:3096} INFO - Sync 1 DAGs
[2024-07-16T02:56:43.832+0000] {logging_mixin.py:188} INFO - [2024-07-16T02:56:43.832+0000] {dag.py:3954} INFO - Setting next_dagrun for our_1st_dag to 2024-07-13 00:00:00+00:00, run_after=2024-07-14 00:00:00+00:00
[2024-07-16T02:56:43.839+0000] {processor.py:183} INFO - Processing /opt/airflow/dags/example_dag.py took 0.119 seconds
[2024-07-16T02:57:14.142+0000] {processor.py:161} INFO - Started process (PID=9383) to work on /opt/airflow/dags/example_dag.py
[2024-07-16T02:57:14.143+0000] {processor.py:830} INFO - Processing file /opt/airflow/dags/example_dag.py for tasks to queue
[2024-07-16T02:57:14.144+0000] {logging_mixin.py:188} INFO - [2024-07-16T02:57:14.144+0000] {dagbag.py:545} INFO - Filling up the DagBag from /opt/airflow/dags/example_dag.py
[2024-07-16T02:57:14.158+0000] {processor.py:840} INFO - DAG(s) 'our_1st_dag' retrieved from /opt/airflow/dags/example_dag.py
[2024-07-16T02:57:14.173+0000] {logging_mixin.py:188} INFO - [2024-07-16T02:57:14.172+0000] {dag.py:3096} INFO - Sync 1 DAGs
[2024-07-16T02:57:14.189+0000] {logging_mixin.py:188} INFO - [2024-07-16T02:57:14.188+0000] {dag.py:3954} INFO - Setting next_dagrun for our_1st_dag to 2024-07-13 00:00:00+00:00, run_after=2024-07-14 00:00:00+00:00
[2024-07-16T02:57:14.197+0000] {processor.py:183} INFO - Processing /opt/airflow/dags/example_dag.py took 0.059 seconds
[2024-07-16T02:57:44.533+0000] {processor.py:161} INFO - Started process (PID=9398) to work on /opt/airflow/dags/example_dag.py
[2024-07-16T02:57:44.534+0000] {processor.py:830} INFO - Processing file /opt/airflow/dags/example_dag.py for tasks to queue
[2024-07-16T02:57:44.535+0000] {logging_mixin.py:188} INFO - [2024-07-16T02:57:44.534+0000] {dagbag.py:545} INFO - Filling up the DagBag from /opt/airflow/dags/example_dag.py
[2024-07-16T02:57:44.549+0000] {processor.py:840} INFO - DAG(s) 'our_1st_dag' retrieved from /opt/airflow/dags/example_dag.py
[2024-07-16T02:57:44.566+0000] {logging_mixin.py:188} INFO - [2024-07-16T02:57:44.565+0000] {dag.py:3096} INFO - Sync 1 DAGs
[2024-07-16T02:57:44.577+0000] {logging_mixin.py:188} INFO - [2024-07-16T02:57:44.577+0000] {dag.py:3954} INFO - Setting next_dagrun for our_1st_dag to 2024-07-13 00:00:00+00:00, run_after=2024-07-14 00:00:00+00:00
[2024-07-16T02:57:44.586+0000] {processor.py:183} INFO - Processing /opt/airflow/dags/example_dag.py took 0.055 seconds
[2024-07-16T02:58:14.947+0000] {processor.py:161} INFO - Started process (PID=9413) to work on /opt/airflow/dags/example_dag.py
[2024-07-16T02:58:14.948+0000] {processor.py:830} INFO - Processing file /opt/airflow/dags/example_dag.py for tasks to queue
[2024-07-16T02:58:14.949+0000] {logging_mixin.py:188} INFO - [2024-07-16T02:58:14.948+0000] {dagbag.py:545} INFO - Filling up the DagBag from /opt/airflow/dags/example_dag.py
[2024-07-16T02:58:14.957+0000] {processor.py:840} INFO - DAG(s) 'our_1st_dag' retrieved from /opt/airflow/dags/example_dag.py
[2024-07-16T02:58:14.971+0000] {logging_mixin.py:188} INFO - [2024-07-16T02:58:14.971+0000] {dag.py:3096} INFO - Sync 1 DAGs
[2024-07-16T02:58:14.982+0000] {logging_mixin.py:188} INFO - [2024-07-16T02:58:14.981+0000] {dag.py:3954} INFO - Setting next_dagrun for our_1st_dag to 2024-07-13 00:00:00+00:00, run_after=2024-07-14 00:00:00+00:00
[2024-07-16T02:58:14.991+0000] {processor.py:183} INFO - Processing /opt/airflow/dags/example_dag.py took 0.046 seconds
[2024-07-16T02:58:45.324+0000] {processor.py:161} INFO - Started process (PID=9428) to work on /opt/airflow/dags/example_dag.py
[2024-07-16T02:58:45.325+0000] {processor.py:830} INFO - Processing file /opt/airflow/dags/example_dag.py for tasks to queue
[2024-07-16T02:58:45.326+0000] {logging_mixin.py:188} INFO - [2024-07-16T02:58:45.326+0000] {dagbag.py:545} INFO - Filling up the DagBag from /opt/airflow/dags/example_dag.py
[2024-07-16T02:58:45.334+0000] {processor.py:840} INFO - DAG(s) 'our_1st_dag' retrieved from /opt/airflow/dags/example_dag.py
[2024-07-16T02:58:45.348+0000] {logging_mixin.py:188} INFO - [2024-07-16T02:58:45.348+0000] {dag.py:3096} INFO - Sync 1 DAGs
[2024-07-16T02:58:45.360+0000] {logging_mixin.py:188} INFO - [2024-07-16T02:58:45.360+0000] {dag.py:3954} INFO - Setting next_dagrun for our_1st_dag to 2024-07-13 00:00:00+00:00, run_after=2024-07-14 00:00:00+00:00
[2024-07-16T02:58:45.458+0000] {processor.py:183} INFO - Processing /opt/airflow/dags/example_dag.py took 0.137 seconds
[2024-07-16T02:59:15.814+0000] {processor.py:161} INFO - Started process (PID=9443) to work on /opt/airflow/dags/example_dag.py
[2024-07-16T02:59:15.815+0000] {processor.py:830} INFO - Processing file /opt/airflow/dags/example_dag.py for tasks to queue
[2024-07-16T02:59:15.816+0000] {logging_mixin.py:188} INFO - [2024-07-16T02:59:15.816+0000] {dagbag.py:545} INFO - Filling up the DagBag from /opt/airflow/dags/example_dag.py
[2024-07-16T02:59:15.826+0000] {processor.py:840} INFO - DAG(s) 'our_1st_dag' retrieved from /opt/airflow/dags/example_dag.py
[2024-07-16T02:59:15.839+0000] {logging_mixin.py:188} INFO - [2024-07-16T02:59:15.839+0000] {dag.py:3096} INFO - Sync 1 DAGs
[2024-07-16T02:59:15.931+0000] {logging_mixin.py:188} INFO - [2024-07-16T02:59:15.931+0000] {dag.py:3954} INFO - Setting next_dagrun for our_1st_dag to 2024-07-13 00:00:00+00:00, run_after=2024-07-14 00:00:00+00:00
[2024-07-16T02:59:15.938+0000] {processor.py:183} INFO - Processing /opt/airflow/dags/example_dag.py took 0.127 seconds
[2024-07-16T02:59:46.472+0000] {processor.py:161} INFO - Started process (PID=9458) to work on /opt/airflow/dags/example_dag.py
[2024-07-16T02:59:46.473+0000] {processor.py:830} INFO - Processing file /opt/airflow/dags/example_dag.py for tasks to queue
[2024-07-16T02:59:46.474+0000] {logging_mixin.py:188} INFO - [2024-07-16T02:59:46.474+0000] {dagbag.py:545} INFO - Filling up the DagBag from /opt/airflow/dags/example_dag.py
[2024-07-16T02:59:46.489+0000] {processor.py:840} INFO - DAG(s) 'our_1st_dag' retrieved from /opt/airflow/dags/example_dag.py
[2024-07-16T02:59:46.502+0000] {logging_mixin.py:188} INFO - [2024-07-16T02:59:46.502+0000] {dag.py:3096} INFO - Sync 1 DAGs
[2024-07-16T02:59:46.513+0000] {logging_mixin.py:188} INFO - [2024-07-16T02:59:46.512+0000] {dag.py:3954} INFO - Setting next_dagrun for our_1st_dag to 2024-07-13 00:00:00+00:00, run_after=2024-07-14 00:00:00+00:00
[2024-07-16T02:59:46.519+0000] {processor.py:183} INFO - Processing /opt/airflow/dags/example_dag.py took 0.054 seconds
[2024-07-16T03:00:16.890+0000] {processor.py:161} INFO - Started process (PID=9473) to work on /opt/airflow/dags/example_dag.py
[2024-07-16T03:00:16.891+0000] {processor.py:830} INFO - Processing file /opt/airflow/dags/example_dag.py for tasks to queue
[2024-07-16T03:00:16.892+0000] {logging_mixin.py:188} INFO - [2024-07-16T03:00:16.892+0000] {dagbag.py:545} INFO - Filling up the DagBag from /opt/airflow/dags/example_dag.py
[2024-07-16T03:00:16.908+0000] {processor.py:840} INFO - DAG(s) 'our_1st_dag' retrieved from /opt/airflow/dags/example_dag.py
[2024-07-16T03:00:16.924+0000] {logging_mixin.py:188} INFO - [2024-07-16T03:00:16.924+0000] {dag.py:3096} INFO - Sync 1 DAGs
[2024-07-16T03:00:16.935+0000] {logging_mixin.py:188} INFO - [2024-07-16T03:00:16.935+0000] {dag.py:3954} INFO - Setting next_dagrun for our_1st_dag to 2024-07-13 00:00:00+00:00, run_after=2024-07-14 00:00:00+00:00
[2024-07-16T03:00:16.943+0000] {processor.py:183} INFO - Processing /opt/airflow/dags/example_dag.py took 0.059 seconds
[2024-07-16T03:00:47.261+0000] {processor.py:161} INFO - Started process (PID=9488) to work on /opt/airflow/dags/example_dag.py
[2024-07-16T03:00:47.262+0000] {processor.py:830} INFO - Processing file /opt/airflow/dags/example_dag.py for tasks to queue
[2024-07-16T03:00:47.262+0000] {logging_mixin.py:188} INFO - [2024-07-16T03:00:47.262+0000] {dagbag.py:545} INFO - Filling up the DagBag from /opt/airflow/dags/example_dag.py
[2024-07-16T03:00:47.273+0000] {processor.py:840} INFO - DAG(s) 'our_1st_dag' retrieved from /opt/airflow/dags/example_dag.py
[2024-07-16T03:00:47.288+0000] {logging_mixin.py:188} INFO - [2024-07-16T03:00:47.288+0000] {dag.py:3096} INFO - Sync 1 DAGs
[2024-07-16T03:00:47.299+0000] {logging_mixin.py:188} INFO - [2024-07-16T03:00:47.298+0000] {dag.py:3954} INFO - Setting next_dagrun for our_1st_dag to 2024-07-13 00:00:00+00:00, run_after=2024-07-14 00:00:00+00:00
[2024-07-16T03:00:47.307+0000] {processor.py:183} INFO - Processing /opt/airflow/dags/example_dag.py took 0.053 seconds
[2024-07-16T03:01:17.693+0000] {processor.py:161} INFO - Started process (PID=9503) to work on /opt/airflow/dags/example_dag.py
[2024-07-16T03:01:17.694+0000] {processor.py:830} INFO - Processing file /opt/airflow/dags/example_dag.py for tasks to queue
[2024-07-16T03:01:17.695+0000] {logging_mixin.py:188} INFO - [2024-07-16T03:01:17.695+0000] {dagbag.py:545} INFO - Filling up the DagBag from /opt/airflow/dags/example_dag.py
[2024-07-16T03:01:17.711+0000] {processor.py:840} INFO - DAG(s) 'our_1st_dag' retrieved from /opt/airflow/dags/example_dag.py
[2024-07-16T03:01:17.731+0000] {logging_mixin.py:188} INFO - [2024-07-16T03:01:17.731+0000] {dag.py:3096} INFO - Sync 1 DAGs
[2024-07-16T03:01:17.741+0000] {logging_mixin.py:188} INFO - [2024-07-16T03:01:17.741+0000] {dag.py:3954} INFO - Setting next_dagrun for our_1st_dag to 2024-07-13 00:00:00+00:00, run_after=2024-07-14 00:00:00+00:00
[2024-07-16T03:01:17.825+0000] {processor.py:183} INFO - Processing /opt/airflow/dags/example_dag.py took 0.138 seconds
[2024-07-16T03:01:48.222+0000] {processor.py:161} INFO - Started process (PID=9518) to work on /opt/airflow/dags/example_dag.py
[2024-07-16T03:01:48.223+0000] {processor.py:830} INFO - Processing file /opt/airflow/dags/example_dag.py for tasks to queue
[2024-07-16T03:01:48.223+0000] {logging_mixin.py:188} INFO - [2024-07-16T03:01:48.223+0000] {dagbag.py:545} INFO - Filling up the DagBag from /opt/airflow/dags/example_dag.py
[2024-07-16T03:01:48.235+0000] {processor.py:840} INFO - DAG(s) 'our_1st_dag' retrieved from /opt/airflow/dags/example_dag.py
[2024-07-16T03:01:48.251+0000] {logging_mixin.py:188} INFO - [2024-07-16T03:01:48.251+0000] {dag.py:3096} INFO - Sync 1 DAGs
[2024-07-16T03:01:48.342+0000] {logging_mixin.py:188} INFO - [2024-07-16T03:01:48.342+0000] {dag.py:3954} INFO - Setting next_dagrun for our_1st_dag to 2024-07-13 00:00:00+00:00, run_after=2024-07-14 00:00:00+00:00
[2024-07-16T03:01:48.352+0000] {processor.py:183} INFO - Processing /opt/airflow/dags/example_dag.py took 0.134 seconds
[2024-07-16T03:02:18.731+0000] {processor.py:161} INFO - Started process (PID=9533) to work on /opt/airflow/dags/example_dag.py
[2024-07-16T03:02:18.732+0000] {processor.py:830} INFO - Processing file /opt/airflow/dags/example_dag.py for tasks to queue
[2024-07-16T03:02:18.734+0000] {logging_mixin.py:188} INFO - [2024-07-16T03:02:18.733+0000] {dagbag.py:545} INFO - Filling up the DagBag from /opt/airflow/dags/example_dag.py
[2024-07-16T03:02:18.751+0000] {processor.py:840} INFO - DAG(s) 'our_1st_dag' retrieved from /opt/airflow/dags/example_dag.py
[2024-07-16T03:02:18.773+0000] {logging_mixin.py:188} INFO - [2024-07-16T03:02:18.773+0000] {dag.py:3096} INFO - Sync 1 DAGs
[2024-07-16T03:02:18.861+0000] {logging_mixin.py:188} INFO - [2024-07-16T03:02:18.861+0000] {dag.py:3954} INFO - Setting next_dagrun for our_1st_dag to 2024-07-13 00:00:00+00:00, run_after=2024-07-14 00:00:00+00:00
[2024-07-16T03:02:18.869+0000] {processor.py:183} INFO - Processing /opt/airflow/dags/example_dag.py took 0.145 seconds
[2024-07-16T03:02:49.220+0000] {processor.py:161} INFO - Started process (PID=9548) to work on /opt/airflow/dags/example_dag.py
[2024-07-16T03:02:49.221+0000] {processor.py:830} INFO - Processing file /opt/airflow/dags/example_dag.py for tasks to queue
[2024-07-16T03:02:49.222+0000] {logging_mixin.py:188} INFO - [2024-07-16T03:02:49.222+0000] {dagbag.py:545} INFO - Filling up the DagBag from /opt/airflow/dags/example_dag.py
[2024-07-16T03:02:49.237+0000] {processor.py:840} INFO - DAG(s) 'our_1st_dag' retrieved from /opt/airflow/dags/example_dag.py
[2024-07-16T03:02:49.257+0000] {logging_mixin.py:188} INFO - [2024-07-16T03:02:49.256+0000] {dag.py:3096} INFO - Sync 1 DAGs
[2024-07-16T03:02:49.266+0000] {logging_mixin.py:188} INFO - [2024-07-16T03:02:49.266+0000] {dag.py:3954} INFO - Setting next_dagrun for our_1st_dag to 2024-07-13 00:00:00+00:00, run_after=2024-07-14 00:00:00+00:00
[2024-07-16T03:02:49.274+0000] {processor.py:183} INFO - Processing /opt/airflow/dags/example_dag.py took 0.060 seconds
[2024-07-16T03:03:19.633+0000] {processor.py:161} INFO - Started process (PID=9563) to work on /opt/airflow/dags/example_dag.py
[2024-07-16T03:03:19.634+0000] {processor.py:830} INFO - Processing file /opt/airflow/dags/example_dag.py for tasks to queue
[2024-07-16T03:03:19.635+0000] {logging_mixin.py:188} INFO - [2024-07-16T03:03:19.635+0000] {dagbag.py:545} INFO - Filling up the DagBag from /opt/airflow/dags/example_dag.py
[2024-07-16T03:03:19.650+0000] {processor.py:840} INFO - DAG(s) 'our_1st_dag' retrieved from /opt/airflow/dags/example_dag.py
[2024-07-16T03:03:19.668+0000] {logging_mixin.py:188} INFO - [2024-07-16T03:03:19.668+0000] {dag.py:3096} INFO - Sync 1 DAGs
[2024-07-16T03:03:19.678+0000] {logging_mixin.py:188} INFO - [2024-07-16T03:03:19.678+0000] {dag.py:3954} INFO - Setting next_dagrun for our_1st_dag to 2024-07-13 00:00:00+00:00, run_after=2024-07-14 00:00:00+00:00
[2024-07-16T03:03:19.686+0000] {processor.py:183} INFO - Processing /opt/airflow/dags/example_dag.py took 0.059 seconds
[2024-07-16T03:03:50.084+0000] {processor.py:161} INFO - Started process (PID=9578) to work on /opt/airflow/dags/example_dag.py
[2024-07-16T03:03:50.085+0000] {processor.py:830} INFO - Processing file /opt/airflow/dags/example_dag.py for tasks to queue
[2024-07-16T03:03:50.086+0000] {logging_mixin.py:188} INFO - [2024-07-16T03:03:50.086+0000] {dagbag.py:545} INFO - Filling up the DagBag from /opt/airflow/dags/example_dag.py
[2024-07-16T03:03:50.102+0000] {processor.py:840} INFO - DAG(s) 'our_1st_dag' retrieved from /opt/airflow/dags/example_dag.py
[2024-07-16T03:03:50.123+0000] {logging_mixin.py:188} INFO - [2024-07-16T03:03:50.123+0000] {dag.py:3096} INFO - Sync 1 DAGs
[2024-07-16T03:03:50.134+0000] {logging_mixin.py:188} INFO - [2024-07-16T03:03:50.134+0000] {dag.py:3954} INFO - Setting next_dagrun for our_1st_dag to 2024-07-13 00:00:00+00:00, run_after=2024-07-14 00:00:00+00:00
[2024-07-16T03:03:50.142+0000] {processor.py:183} INFO - Processing /opt/airflow/dags/example_dag.py took 0.065 seconds
[2024-07-16T03:04:20.536+0000] {processor.py:161} INFO - Started process (PID=9593) to work on /opt/airflow/dags/example_dag.py
[2024-07-16T03:04:20.537+0000] {processor.py:830} INFO - Processing file /opt/airflow/dags/example_dag.py for tasks to queue
[2024-07-16T03:04:20.538+0000] {logging_mixin.py:188} INFO - [2024-07-16T03:04:20.538+0000] {dagbag.py:545} INFO - Filling up the DagBag from /opt/airflow/dags/example_dag.py
[2024-07-16T03:04:20.553+0000] {processor.py:840} INFO - DAG(s) 'our_1st_dag' retrieved from /opt/airflow/dags/example_dag.py
[2024-07-16T03:04:20.574+0000] {logging_mixin.py:188} INFO - [2024-07-16T03:04:20.574+0000] {dag.py:3096} INFO - Sync 1 DAGs
[2024-07-16T03:04:20.585+0000] {logging_mixin.py:188} INFO - [2024-07-16T03:04:20.585+0000] {dag.py:3954} INFO - Setting next_dagrun for our_1st_dag to 2024-07-13 00:00:00+00:00, run_after=2024-07-14 00:00:00+00:00
[2024-07-16T03:04:20.667+0000] {processor.py:183} INFO - Processing /opt/airflow/dags/example_dag.py took 0.138 seconds
[2024-07-16T03:04:51.184+0000] {processor.py:161} INFO - Started process (PID=9608) to work on /opt/airflow/dags/example_dag.py
[2024-07-16T03:04:51.185+0000] {processor.py:830} INFO - Processing file /opt/airflow/dags/example_dag.py for tasks to queue
[2024-07-16T03:04:51.186+0000] {logging_mixin.py:188} INFO - [2024-07-16T03:04:51.185+0000] {dagbag.py:545} INFO - Filling up the DagBag from /opt/airflow/dags/example_dag.py
[2024-07-16T03:04:51.198+0000] {processor.py:840} INFO - DAG(s) 'our_1st_dag' retrieved from /opt/airflow/dags/example_dag.py
[2024-07-16T03:04:51.217+0000] {logging_mixin.py:188} INFO - [2024-07-16T03:04:51.217+0000] {dag.py:3096} INFO - Sync 1 DAGs
[2024-07-16T03:04:51.307+0000] {logging_mixin.py:188} INFO - [2024-07-16T03:04:51.307+0000] {dag.py:3954} INFO - Setting next_dagrun for our_1st_dag to 2024-07-13 00:00:00+00:00, run_after=2024-07-14 00:00:00+00:00
[2024-07-16T03:04:51.315+0000] {processor.py:183} INFO - Processing /opt/airflow/dags/example_dag.py took 0.136 seconds
[2024-07-16T03:05:21.660+0000] {processor.py:161} INFO - Started process (PID=9623) to work on /opt/airflow/dags/example_dag.py
[2024-07-16T03:05:21.660+0000] {processor.py:830} INFO - Processing file /opt/airflow/dags/example_dag.py for tasks to queue
[2024-07-16T03:05:21.661+0000] {logging_mixin.py:188} INFO - [2024-07-16T03:05:21.661+0000] {dagbag.py:545} INFO - Filling up the DagBag from /opt/airflow/dags/example_dag.py
[2024-07-16T03:05:21.673+0000] {processor.py:840} INFO - DAG(s) 'our_1st_dag' retrieved from /opt/airflow/dags/example_dag.py
[2024-07-16T03:05:21.772+0000] {logging_mixin.py:188} INFO - [2024-07-16T03:05:21.772+0000] {dag.py:3096} INFO - Sync 1 DAGs
[2024-07-16T03:05:21.781+0000] {logging_mixin.py:188} INFO - [2024-07-16T03:05:21.781+0000] {dag.py:3954} INFO - Setting next_dagrun for our_1st_dag to 2024-07-13 00:00:00+00:00, run_after=2024-07-14 00:00:00+00:00
[2024-07-16T03:05:21.789+0000] {processor.py:183} INFO - Processing /opt/airflow/dags/example_dag.py took 0.134 seconds
[2024-07-16T03:05:52.201+0000] {processor.py:161} INFO - Started process (PID=9638) to work on /opt/airflow/dags/example_dag.py
[2024-07-16T03:05:52.203+0000] {processor.py:830} INFO - Processing file /opt/airflow/dags/example_dag.py for tasks to queue
[2024-07-16T03:05:52.204+0000] {logging_mixin.py:188} INFO - [2024-07-16T03:05:52.203+0000] {dagbag.py:545} INFO - Filling up the DagBag from /opt/airflow/dags/example_dag.py
[2024-07-16T03:05:52.220+0000] {processor.py:840} INFO - DAG(s) 'our_1st_dag' retrieved from /opt/airflow/dags/example_dag.py
[2024-07-16T03:05:52.240+0000] {logging_mixin.py:188} INFO - [2024-07-16T03:05:52.239+0000] {dag.py:3096} INFO - Sync 1 DAGs
[2024-07-16T03:05:52.251+0000] {logging_mixin.py:188} INFO - [2024-07-16T03:05:52.251+0000] {dag.py:3954} INFO - Setting next_dagrun for our_1st_dag to 2024-07-13 00:00:00+00:00, run_after=2024-07-14 00:00:00+00:00
[2024-07-16T03:05:52.259+0000] {processor.py:183} INFO - Processing /opt/airflow/dags/example_dag.py took 0.064 seconds
[2024-07-16T03:06:22.596+0000] {processor.py:161} INFO - Started process (PID=9653) to work on /opt/airflow/dags/example_dag.py
[2024-07-16T03:06:22.597+0000] {processor.py:830} INFO - Processing file /opt/airflow/dags/example_dag.py for tasks to queue
[2024-07-16T03:06:22.598+0000] {logging_mixin.py:188} INFO - [2024-07-16T03:06:22.598+0000] {dagbag.py:545} INFO - Filling up the DagBag from /opt/airflow/dags/example_dag.py
[2024-07-16T03:06:22.614+0000] {processor.py:840} INFO - DAG(s) 'our_1st_dag' retrieved from /opt/airflow/dags/example_dag.py
[2024-07-16T03:06:22.636+0000] {logging_mixin.py:188} INFO - [2024-07-16T03:06:22.636+0000] {dag.py:3096} INFO - Sync 1 DAGs
[2024-07-16T03:06:22.651+0000] {logging_mixin.py:188} INFO - [2024-07-16T03:06:22.651+0000] {dag.py:3954} INFO - Setting next_dagrun for our_1st_dag to 2024-07-13 00:00:00+00:00, run_after=2024-07-14 00:00:00+00:00
[2024-07-16T03:06:22.662+0000] {processor.py:183} INFO - Processing /opt/airflow/dags/example_dag.py took 0.073 seconds
[2024-07-16T03:06:53.044+0000] {processor.py:161} INFO - Started process (PID=9668) to work on /opt/airflow/dags/example_dag.py
[2024-07-16T03:06:53.046+0000] {processor.py:830} INFO - Processing file /opt/airflow/dags/example_dag.py for tasks to queue
[2024-07-16T03:06:53.047+0000] {logging_mixin.py:188} INFO - [2024-07-16T03:06:53.046+0000] {dagbag.py:545} INFO - Filling up the DagBag from /opt/airflow/dags/example_dag.py
[2024-07-16T03:06:53.062+0000] {processor.py:840} INFO - DAG(s) 'our_1st_dag' retrieved from /opt/airflow/dags/example_dag.py
[2024-07-16T03:06:53.083+0000] {logging_mixin.py:188} INFO - [2024-07-16T03:06:53.082+0000] {dag.py:3096} INFO - Sync 1 DAGs
[2024-07-16T03:06:53.095+0000] {logging_mixin.py:188} INFO - [2024-07-16T03:06:53.095+0000] {dag.py:3954} INFO - Setting next_dagrun for our_1st_dag to 2024-07-13 00:00:00+00:00, run_after=2024-07-14 00:00:00+00:00
[2024-07-16T03:06:53.103+0000] {processor.py:183} INFO - Processing /opt/airflow/dags/example_dag.py took 0.065 seconds
[2024-07-16T03:07:23.454+0000] {processor.py:161} INFO - Started process (PID=9683) to work on /opt/airflow/dags/example_dag.py
[2024-07-16T03:07:23.455+0000] {processor.py:830} INFO - Processing file /opt/airflow/dags/example_dag.py for tasks to queue
[2024-07-16T03:07:23.455+0000] {logging_mixin.py:188} INFO - [2024-07-16T03:07:23.455+0000] {dagbag.py:545} INFO - Filling up the DagBag from /opt/airflow/dags/example_dag.py
[2024-07-16T03:07:23.466+0000] {processor.py:840} INFO - DAG(s) 'our_1st_dag' retrieved from /opt/airflow/dags/example_dag.py
[2024-07-16T03:07:23.479+0000] {logging_mixin.py:188} INFO - [2024-07-16T03:07:23.479+0000] {dag.py:3096} INFO - Sync 1 DAGs
[2024-07-16T03:07:23.572+0000] {logging_mixin.py:188} INFO - [2024-07-16T03:07:23.572+0000] {dag.py:3954} INFO - Setting next_dagrun for our_1st_dag to 2024-07-13 00:00:00+00:00, run_after=2024-07-14 00:00:00+00:00
[2024-07-16T03:07:23.580+0000] {processor.py:183} INFO - Processing /opt/airflow/dags/example_dag.py took 0.131 seconds
