[2024-07-14T18:48:01.573+0000] {local_task_job_runner.py:120} INFO - ::group::Pre task execution logs
[2024-07-14T18:48:01.583+0000] {taskinstance.py:2076} INFO - Dependencies all met for dep_context=non-requeueable deps ti=<TaskInstance: fetch_spread_values.fetch_and_compute_spread_btc_mxn scheduled__2024-07-14T18:47:00+00:00 [queued]>
[2024-07-14T18:48:01.587+0000] {taskinstance.py:2076} INFO - Dependencies all met for dep_context=requeueable deps ti=<TaskInstance: fetch_spread_values.fetch_and_compute_spread_btc_mxn scheduled__2024-07-14T18:47:00+00:00 [queued]>
[2024-07-14T18:48:01.587+0000] {taskinstance.py:2306} INFO - Starting attempt 1 of 2
[2024-07-14T18:48:01.594+0000] {taskinstance.py:2330} INFO - Executing <Task(PythonOperator): fetch_and_compute_spread_btc_mxn> on 2024-07-14 18:47:00+00:00
[2024-07-14T18:48:01.598+0000] {warnings.py:112} WARNING - /home/***/.local/lib/python3.12/site-packages/***/task/task_runner/standard_task_runner.py:61: DeprecationWarning: This process (pid=8088) is multi-threaded, use of fork() may lead to deadlocks in the child.
  pid = os.fork()

[2024-07-14T18:48:01.599+0000] {standard_task_runner.py:63} INFO - Started process 8091 to run task
[2024-07-14T18:48:01.600+0000] {standard_task_runner.py:90} INFO - Running: ['***', 'tasks', 'run', 'fetch_spread_values', 'fetch_and_compute_spread_btc_mxn', 'scheduled__2024-07-14T18:47:00+00:00', '--job-id', '2410', '--raw', '--subdir', 'DAGS_FOLDER/***.py', '--cfg-path', '/tmp/tmpksqaakw4']
[2024-07-14T18:48:01.602+0000] {standard_task_runner.py:91} INFO - Job 2410: Subtask fetch_and_compute_spread_btc_mxn
[2024-07-14T18:48:01.631+0000] {task_command.py:426} INFO - Running <TaskInstance: fetch_spread_values.fetch_and_compute_spread_btc_mxn scheduled__2024-07-14T18:47:00+00:00 [running]> on host d537c34a4880
[2024-07-14T18:48:01.675+0000] {taskinstance.py:2648} INFO - Exporting env vars: AIRFLOW_CTX_DAG_OWNER='***' AIRFLOW_CTX_DAG_ID='fetch_spread_values' AIRFLOW_CTX_TASK_ID='fetch_and_compute_spread_btc_mxn' AIRFLOW_CTX_EXECUTION_DATE='2024-07-14T18:47:00+00:00' AIRFLOW_CTX_TRY_NUMBER='1' AIRFLOW_CTX_DAG_RUN_ID='scheduled__2024-07-14T18:47:00+00:00'
[2024-07-14T18:48:01.677+0000] {taskinstance.py:430} INFO - ::endgroup::
[2024-07-14T18:48:02.072+0000] {python.py:237} INFO - Done. Returned value was: None
[2024-07-14T18:48:02.073+0000] {taskinstance.py:441} INFO - ::group::Post task execution logs
[2024-07-14T18:48:02.080+0000] {taskinstance.py:1206} INFO - Marking task as SUCCESS. dag_id=fetch_spread_values, task_id=fetch_and_compute_spread_btc_mxn, run_id=scheduled__2024-07-14T18:47:00+00:00, execution_date=20240714T184700, start_date=20240714T184801, end_date=20240714T184802
[2024-07-14T18:48:02.125+0000] {local_task_job_runner.py:240} INFO - Task exited with return code 0
[2024-07-14T18:48:02.133+0000] {taskinstance.py:3503} INFO - 0 downstream tasks scheduled from follow-on schedule check
[2024-07-14T18:48:02.134+0000] {local_task_job_runner.py:222} INFO - ::endgroup::
[2024-07-14T20:39:51.406+0000] {local_task_job_runner.py:120} INFO - ::group::Pre task execution logs
[2024-07-14T20:39:51.439+0000] {taskinstance.py:2076} INFO - Dependencies all met for dep_context=non-requeueable deps ti=<TaskInstance: fetch_spread_values.fetch_and_compute_spread_btc_mxn scheduled__2024-07-14T18:47:00+00:00 [queued]>
[2024-07-14T20:39:51.446+0000] {taskinstance.py:2076} INFO - Dependencies all met for dep_context=requeueable deps ti=<TaskInstance: fetch_spread_values.fetch_and_compute_spread_btc_mxn scheduled__2024-07-14T18:47:00+00:00 [queued]>
[2024-07-14T20:39:51.449+0000] {taskinstance.py:2306} INFO - Starting attempt 1 of 2
[2024-07-14T20:39:51.461+0000] {taskinstance.py:2330} INFO - Executing <Task(PythonOperator): fetch_and_compute_spread_btc_mxn> on 2024-07-14 18:47:00+00:00
[2024-07-14T20:39:51.467+0000] {logging_mixin.py:188} WARNING - /home/***/.local/lib/python3.12/site-packages/***/task/task_runner/standard_task_runner.py:61 DeprecationWarning: This process (pid=5017) is multi-threaded, use of fork() may lead to deadlocks in the child.
[2024-07-14T20:39:51.474+0000] {standard_task_runner.py:63} INFO - Started process 5025 to run task
[2024-07-14T20:39:51.468+0000] {standard_task_runner.py:90} INFO - Running: ['***', 'tasks', 'run', 'fetch_spread_values', 'fetch_and_compute_spread_btc_mxn', 'scheduled__2024-07-14T18:47:00+00:00', '--job-id', '2382', '--raw', '--subdir', 'DAGS_FOLDER/***.py', '--cfg-path', '/tmp/tmpxbplf03r']
[2024-07-14T20:39:51.480+0000] {standard_task_runner.py:91} INFO - Job 2382: Subtask fetch_and_compute_spread_btc_mxn
[2024-07-14T20:39:51.539+0000] {task_command.py:426} INFO - Running <TaskInstance: fetch_spread_values.fetch_and_compute_spread_btc_mxn scheduled__2024-07-14T18:47:00+00:00 [running]> on host 77caf7e4b282
[2024-07-14T20:39:51.630+0000] {taskinstance.py:2648} INFO - Exporting env vars: AIRFLOW_CTX_DAG_OWNER='***' AIRFLOW_CTX_DAG_ID='fetch_spread_values' AIRFLOW_CTX_TASK_ID='fetch_and_compute_spread_btc_mxn' AIRFLOW_CTX_EXECUTION_DATE='2024-07-14T18:47:00+00:00' AIRFLOW_CTX_TRY_NUMBER='1' AIRFLOW_CTX_DAG_RUN_ID='scheduled__2024-07-14T18:47:00+00:00'
[2024-07-14T20:39:51.632+0000] {taskinstance.py:430} INFO - ::endgroup::
[2024-07-14T20:39:51.826+0000] {python.py:237} INFO - Done. Returned value was: None
[2024-07-14T20:39:51.826+0000] {taskinstance.py:441} INFO - ::group::Post task execution logs
[2024-07-14T20:39:51.832+0000] {taskinstance.py:1206} INFO - Marking task as SUCCESS. dag_id=fetch_spread_values, task_id=fetch_and_compute_spread_btc_mxn, run_id=scheduled__2024-07-14T18:47:00+00:00, execution_date=20240714T184700, start_date=20240714T203951, end_date=20240714T203951
[2024-07-14T20:39:51.865+0000] {local_task_job_runner.py:240} INFO - Task exited with return code 0
[2024-07-14T20:39:51.875+0000] {taskinstance.py:3503} INFO - 0 downstream tasks scheduled from follow-on schedule check
[2024-07-14T20:39:51.876+0000] {local_task_job_runner.py:222} INFO - ::endgroup::
