[2024-07-14T12:50:33.979+0000] {local_task_job_runner.py:120} INFO - ::group::Pre task execution logs
[2024-07-14T12:50:34.005+0000] {taskinstance.py:2076} INFO - Dependencies all met for dep_context=non-requeueable deps ti=<TaskInstance: fetch_spread_values.fetch_and_compute_spread_usd_mxn scheduled__2024-07-14T12:48:00+00:00 [queued]>
[2024-07-14T12:50:34.021+0000] {taskinstance.py:2076} INFO - Dependencies all met for dep_context=requeueable deps ti=<TaskInstance: fetch_spread_values.fetch_and_compute_spread_usd_mxn scheduled__2024-07-14T12:48:00+00:00 [queued]>
[2024-07-14T12:50:34.022+0000] {taskinstance.py:2306} INFO - Starting attempt 1 of 2
[2024-07-14T12:50:34.056+0000] {taskinstance.py:2330} INFO - Executing <Task(PythonOperator): fetch_and_compute_spread_usd_mxn> on 2024-07-14 12:48:00+00:00
[2024-07-14T12:50:34.070+0000] {warnings.py:112} WARNING - /home/***/.local/lib/python3.12/site-packages/***/task/task_runner/standard_task_runner.py:61: DeprecationWarning: This process (pid=5473) is multi-threaded, use of fork() may lead to deadlocks in the child.
  pid = os.fork()

[2024-07-14T12:50:34.076+0000] {standard_task_runner.py:63} INFO - Started process 5493 to run task
[2024-07-14T12:50:34.073+0000] {standard_task_runner.py:90} INFO - Running: ['***', 'tasks', 'run', 'fetch_spread_values', 'fetch_and_compute_spread_usd_mxn', 'scheduled__2024-07-14T12:48:00+00:00', '--job-id', '1644', '--raw', '--subdir', 'DAGS_FOLDER/***.py', '--cfg-path', '/tmp/tmpsmwaxs__']
[2024-07-14T12:50:34.079+0000] {standard_task_runner.py:91} INFO - Job 1644: Subtask fetch_and_compute_spread_usd_mxn
[2024-07-14T12:50:34.142+0000] {task_command.py:426} INFO - Running <TaskInstance: fetch_spread_values.fetch_and_compute_spread_usd_mxn scheduled__2024-07-14T12:48:00+00:00 [running]> on host d537c34a4880
[2024-07-14T12:50:34.214+0000] {taskinstance.py:2648} INFO - Exporting env vars: AIRFLOW_CTX_DAG_OWNER='***' AIRFLOW_CTX_DAG_ID='fetch_spread_values' AIRFLOW_CTX_TASK_ID='fetch_and_compute_spread_usd_mxn' AIRFLOW_CTX_EXECUTION_DATE='2024-07-14T12:48:00+00:00' AIRFLOW_CTX_TRY_NUMBER='1' AIRFLOW_CTX_DAG_RUN_ID='scheduled__2024-07-14T12:48:00+00:00'
[2024-07-14T12:50:34.216+0000] {taskinstance.py:430} INFO - ::endgroup::
[2024-07-14T12:50:34.372+0000] {python.py:237} INFO - Done. Returned value was: None
[2024-07-14T12:50:34.373+0000] {taskinstance.py:441} INFO - ::group::Post task execution logs
[2024-07-14T12:50:34.378+0000] {taskinstance.py:1206} INFO - Marking task as SUCCESS. dag_id=fetch_spread_values, task_id=fetch_and_compute_spread_usd_mxn, run_id=scheduled__2024-07-14T12:48:00+00:00, execution_date=20240714T124800, start_date=20240714T125034, end_date=20240714T125034
[2024-07-14T12:50:34.425+0000] {local_task_job_runner.py:240} INFO - Task exited with return code 0
[2024-07-14T12:50:34.437+0000] {taskinstance.py:3503} INFO - 0 downstream tasks scheduled from follow-on schedule check
[2024-07-14T12:50:34.438+0000] {local_task_job_runner.py:222} INFO - ::endgroup::
[2024-07-14T20:37:43.237+0000] {local_task_job_runner.py:120} INFO - ::group::Pre task execution logs
[2024-07-14T20:37:43.309+0000] {taskinstance.py:2076} INFO - Dependencies all met for dep_context=non-requeueable deps ti=<TaskInstance: fetch_spread_values.fetch_and_compute_spread_usd_mxn scheduled__2024-07-14T12:48:00+00:00 [queued]>
[2024-07-14T20:37:43.313+0000] {taskinstance.py:2076} INFO - Dependencies all met for dep_context=requeueable deps ti=<TaskInstance: fetch_spread_values.fetch_and_compute_spread_usd_mxn scheduled__2024-07-14T12:48:00+00:00 [queued]>
[2024-07-14T20:37:43.318+0000] {taskinstance.py:2306} INFO - Starting attempt 1 of 2
[2024-07-14T20:37:43.331+0000] {taskinstance.py:2330} INFO - Executing <Task(PythonOperator): fetch_and_compute_spread_usd_mxn> on 2024-07-14 12:48:00+00:00
[2024-07-14T20:37:43.337+0000] {logging_mixin.py:188} WARNING - /home/***/.local/lib/python3.12/site-packages/***/task/task_runner/standard_task_runner.py:61 DeprecationWarning: This process (pid=3556) is multi-threaded, use of fork() may lead to deadlocks in the child.
[2024-07-14T20:37:43.338+0000] {standard_task_runner.py:63} INFO - Started process 3565 to run task
[2024-07-14T20:37:43.341+0000] {standard_task_runner.py:90} INFO - Running: ['***', 'tasks', 'run', 'fetch_spread_values', 'fetch_and_compute_spread_usd_mxn', 'scheduled__2024-07-14T12:48:00+00:00', '--job-id', '1664', '--raw', '--subdir', 'DAGS_FOLDER/***.py', '--cfg-path', '/tmp/tmp17tg3wjo']
[2024-07-14T20:37:43.345+0000] {standard_task_runner.py:91} INFO - Job 1664: Subtask fetch_and_compute_spread_usd_mxn
[2024-07-14T20:37:43.466+0000] {task_command.py:426} INFO - Running <TaskInstance: fetch_spread_values.fetch_and_compute_spread_usd_mxn scheduled__2024-07-14T12:48:00+00:00 [running]> on host 77caf7e4b282
[2024-07-14T20:37:43.611+0000] {taskinstance.py:2648} INFO - Exporting env vars: AIRFLOW_CTX_DAG_OWNER='***' AIRFLOW_CTX_DAG_ID='fetch_spread_values' AIRFLOW_CTX_TASK_ID='fetch_and_compute_spread_usd_mxn' AIRFLOW_CTX_EXECUTION_DATE='2024-07-14T12:48:00+00:00' AIRFLOW_CTX_TRY_NUMBER='1' AIRFLOW_CTX_DAG_RUN_ID='scheduled__2024-07-14T12:48:00+00:00'
[2024-07-14T20:37:43.613+0000] {taskinstance.py:430} INFO - ::endgroup::
[2024-07-14T20:37:43.831+0000] {python.py:237} INFO - Done. Returned value was: None
[2024-07-14T20:37:43.832+0000] {taskinstance.py:441} INFO - ::group::Post task execution logs
[2024-07-14T20:37:43.933+0000] {taskinstance.py:1206} INFO - Marking task as SUCCESS. dag_id=fetch_spread_values, task_id=fetch_and_compute_spread_usd_mxn, run_id=scheduled__2024-07-14T12:48:00+00:00, execution_date=20240714T124800, start_date=20240714T203743, end_date=20240714T203743
[2024-07-14T20:37:44.002+0000] {local_task_job_runner.py:240} INFO - Task exited with return code 0
[2024-07-14T20:37:44.021+0000] {taskinstance.py:3503} INFO - 0 downstream tasks scheduled from follow-on schedule check
[2024-07-14T20:37:44.023+0000] {local_task_job_runner.py:222} INFO - ::endgroup::
