[2024-07-14T13:31:29.318+0000] {local_task_job_runner.py:120} INFO - ::group::Pre task execution logs
[2024-07-14T13:31:29.338+0000] {taskinstance.py:2076} INFO - Dependencies all met for dep_context=non-requeueable deps ti=<TaskInstance: fetch_spread_values.fetch_and_compute_spread_btc_mxn scheduled__2024-07-14T13:29:00+00:00 [queued]>
[2024-07-14T13:31:29.347+0000] {taskinstance.py:2076} INFO - Dependencies all met for dep_context=requeueable deps ti=<TaskInstance: fetch_spread_values.fetch_and_compute_spread_btc_mxn scheduled__2024-07-14T13:29:00+00:00 [queued]>
[2024-07-14T13:31:29.348+0000] {taskinstance.py:2306} INFO - Starting attempt 1 of 2
[2024-07-14T13:31:29.362+0000] {taskinstance.py:2330} INFO - Executing <Task(PythonOperator): fetch_and_compute_spread_btc_mxn> on 2024-07-14 13:29:00+00:00
[2024-07-14T13:31:29.367+0000] {warnings.py:112} WARNING - /home/***/.local/lib/python3.12/site-packages/***/task/task_runner/standard_task_runner.py:61: DeprecationWarning: This process (pid=5754) is multi-threaded, use of fork() may lead to deadlocks in the child.
  pid = os.fork()

[2024-07-14T13:31:29.368+0000] {standard_task_runner.py:63} INFO - Started process 5776 to run task
[2024-07-14T13:31:29.369+0000] {standard_task_runner.py:90} INFO - Running: ['***', 'tasks', 'run', 'fetch_spread_values', 'fetch_and_compute_spread_btc_mxn', 'scheduled__2024-07-14T13:29:00+00:00', '--job-id', '1732', '--raw', '--subdir', 'DAGS_FOLDER/***.py', '--cfg-path', '/tmp/tmphev5g7fb']
[2024-07-14T13:31:29.374+0000] {standard_task_runner.py:91} INFO - Job 1732: Subtask fetch_and_compute_spread_btc_mxn
[2024-07-14T13:31:29.430+0000] {task_command.py:426} INFO - Running <TaskInstance: fetch_spread_values.fetch_and_compute_spread_btc_mxn scheduled__2024-07-14T13:29:00+00:00 [running]> on host d537c34a4880
[2024-07-14T13:31:29.504+0000] {taskinstance.py:2648} INFO - Exporting env vars: AIRFLOW_CTX_DAG_OWNER='***' AIRFLOW_CTX_DAG_ID='fetch_spread_values' AIRFLOW_CTX_TASK_ID='fetch_and_compute_spread_btc_mxn' AIRFLOW_CTX_EXECUTION_DATE='2024-07-14T13:29:00+00:00' AIRFLOW_CTX_TRY_NUMBER='1' AIRFLOW_CTX_DAG_RUN_ID='scheduled__2024-07-14T13:29:00+00:00'
[2024-07-14T13:31:29.507+0000] {taskinstance.py:430} INFO - ::endgroup::
[2024-07-14T13:31:29.672+0000] {python.py:237} INFO - Done. Returned value was: None
[2024-07-14T13:31:29.673+0000] {taskinstance.py:441} INFO - ::group::Post task execution logs
[2024-07-14T13:31:29.680+0000] {taskinstance.py:1206} INFO - Marking task as SUCCESS. dag_id=fetch_spread_values, task_id=fetch_and_compute_spread_btc_mxn, run_id=scheduled__2024-07-14T13:29:00+00:00, execution_date=20240714T132900, start_date=20240714T133129, end_date=20240714T133129
[2024-07-14T13:31:29.718+0000] {local_task_job_runner.py:240} INFO - Task exited with return code 0
[2024-07-14T13:31:29.729+0000] {taskinstance.py:3503} INFO - 0 downstream tasks scheduled from follow-on schedule check
[2024-07-14T13:31:29.730+0000] {local_task_job_runner.py:222} INFO - ::endgroup::
[2024-07-14T20:37:59.092+0000] {local_task_job_runner.py:120} INFO - ::group::Pre task execution logs
[2024-07-14T20:37:59.109+0000] {taskinstance.py:2076} INFO - Dependencies all met for dep_context=non-requeueable deps ti=<TaskInstance: fetch_spread_values.fetch_and_compute_spread_btc_mxn scheduled__2024-07-14T13:29:00+00:00 [queued]>
[2024-07-14T20:37:59.113+0000] {taskinstance.py:2076} INFO - Dependencies all met for dep_context=requeueable deps ti=<TaskInstance: fetch_spread_values.fetch_and_compute_spread_btc_mxn scheduled__2024-07-14T13:29:00+00:00 [queued]>
[2024-07-14T20:37:59.113+0000] {taskinstance.py:2306} INFO - Starting attempt 1 of 2
[2024-07-14T20:37:59.120+0000] {taskinstance.py:2330} INFO - Executing <Task(PythonOperator): fetch_and_compute_spread_btc_mxn> on 2024-07-14 13:29:00+00:00
[2024-07-14T20:37:59.125+0000] {logging_mixin.py:188} WARNING - /home/***/.local/lib/python3.12/site-packages/***/task/task_runner/standard_task_runner.py:61 DeprecationWarning: This process (pid=3729) is multi-threaded, use of fork() may lead to deadlocks in the child.
[2024-07-14T20:37:59.125+0000] {standard_task_runner.py:63} INFO - Started process 3735 to run task
[2024-07-14T20:37:59.125+0000] {standard_task_runner.py:90} INFO - Running: ['***', 'tasks', 'run', 'fetch_spread_values', 'fetch_and_compute_spread_btc_mxn', 'scheduled__2024-07-14T13:29:00+00:00', '--job-id', '1748', '--raw', '--subdir', 'DAGS_FOLDER/***.py', '--cfg-path', '/tmp/tmpsegph3jv']
[2024-07-14T20:37:59.126+0000] {standard_task_runner.py:91} INFO - Job 1748: Subtask fetch_and_compute_spread_btc_mxn
[2024-07-14T20:37:59.152+0000] {task_command.py:426} INFO - Running <TaskInstance: fetch_spread_values.fetch_and_compute_spread_btc_mxn scheduled__2024-07-14T13:29:00+00:00 [running]> on host 77caf7e4b282
[2024-07-14T20:37:59.200+0000] {taskinstance.py:2648} INFO - Exporting env vars: AIRFLOW_CTX_DAG_OWNER='***' AIRFLOW_CTX_DAG_ID='fetch_spread_values' AIRFLOW_CTX_TASK_ID='fetch_and_compute_spread_btc_mxn' AIRFLOW_CTX_EXECUTION_DATE='2024-07-14T13:29:00+00:00' AIRFLOW_CTX_TRY_NUMBER='1' AIRFLOW_CTX_DAG_RUN_ID='scheduled__2024-07-14T13:29:00+00:00'
[2024-07-14T20:37:59.201+0000] {taskinstance.py:430} INFO - ::endgroup::
[2024-07-14T20:37:59.360+0000] {python.py:237} INFO - Done. Returned value was: None
[2024-07-14T20:37:59.361+0000] {taskinstance.py:441} INFO - ::group::Post task execution logs
[2024-07-14T20:37:59.368+0000] {taskinstance.py:1206} INFO - Marking task as SUCCESS. dag_id=fetch_spread_values, task_id=fetch_and_compute_spread_btc_mxn, run_id=scheduled__2024-07-14T13:29:00+00:00, execution_date=20240714T132900, start_date=20240714T203759, end_date=20240714T203759
[2024-07-14T20:37:59.389+0000] {local_task_job_runner.py:240} INFO - Task exited with return code 0
[2024-07-14T20:37:59.398+0000] {taskinstance.py:3503} INFO - 0 downstream tasks scheduled from follow-on schedule check
[2024-07-14T20:37:59.399+0000] {local_task_job_runner.py:222} INFO - ::endgroup::
