[2024-07-14T12:08:34.512+0000] {local_task_job_runner.py:120} INFO - ::group::Pre task execution logs
[2024-07-14T12:08:34.585+0000] {taskinstance.py:2076} INFO - Dependencies all met for dep_context=non-requeueable deps ti=<TaskInstance: fetch_spread_values.fetch_and_compute_spread_btc_mxn scheduled__2024-07-14T11:58:00+00:00 [queued]>
[2024-07-14T12:08:34.619+0000] {taskinstance.py:2076} INFO - Dependencies all met for dep_context=requeueable deps ti=<TaskInstance: fetch_spread_values.fetch_and_compute_spread_btc_mxn scheduled__2024-07-14T11:58:00+00:00 [queued]>
[2024-07-14T12:08:34.620+0000] {taskinstance.py:2306} INFO - Starting attempt 1 of 2
[2024-07-14T12:08:34.674+0000] {taskinstance.py:2330} INFO - Executing <Task(PythonOperator): fetch_and_compute_spread_btc_mxn> on 2024-07-14 11:58:00+00:00
[2024-07-14T12:08:34.690+0000] {warnings.py:112} WARNING - /home/***/.local/lib/python3.12/site-packages/***/task/task_runner/standard_task_runner.py:61: DeprecationWarning: This process (pid=5131) is multi-threaded, use of fork() may lead to deadlocks in the child.
  pid = os.fork()

[2024-07-14T12:08:34.694+0000] {standard_task_runner.py:63} INFO - Started process 5158 to run task
[2024-07-14T12:08:34.697+0000] {standard_task_runner.py:90} INFO - Running: ['***', 'tasks', 'run', 'fetch_spread_values', 'fetch_and_compute_spread_btc_mxn', 'scheduled__2024-07-14T11:58:00+00:00', '--job-id', '1538', '--raw', '--subdir', 'DAGS_FOLDER/***.py', '--cfg-path', '/tmp/tmpu56zy691']
[2024-07-14T12:08:34.716+0000] {standard_task_runner.py:91} INFO - Job 1538: Subtask fetch_and_compute_spread_btc_mxn
[2024-07-14T12:08:34.839+0000] {task_command.py:426} INFO - Running <TaskInstance: fetch_spread_values.fetch_and_compute_spread_btc_mxn scheduled__2024-07-14T11:58:00+00:00 [running]> on host d537c34a4880
[2024-07-14T12:08:35.056+0000] {taskinstance.py:2648} INFO - Exporting env vars: AIRFLOW_CTX_DAG_OWNER='***' AIRFLOW_CTX_DAG_ID='fetch_spread_values' AIRFLOW_CTX_TASK_ID='fetch_and_compute_spread_btc_mxn' AIRFLOW_CTX_EXECUTION_DATE='2024-07-14T11:58:00+00:00' AIRFLOW_CTX_TRY_NUMBER='1' AIRFLOW_CTX_DAG_RUN_ID='scheduled__2024-07-14T11:58:00+00:00'
[2024-07-14T12:08:35.065+0000] {taskinstance.py:430} INFO - ::endgroup::
[2024-07-14T12:08:35.313+0000] {python.py:237} INFO - Done. Returned value was: None
[2024-07-14T12:08:35.335+0000] {taskinstance.py:441} INFO - ::group::Post task execution logs
[2024-07-14T12:08:35.356+0000] {taskinstance.py:1206} INFO - Marking task as SUCCESS. dag_id=fetch_spread_values, task_id=fetch_and_compute_spread_btc_mxn, run_id=scheduled__2024-07-14T11:58:00+00:00, execution_date=20240714T115800, start_date=20240714T120834, end_date=20240714T120835
[2024-07-14T12:08:35.386+0000] {local_task_job_runner.py:240} INFO - Task exited with return code 0
[2024-07-14T12:08:35.426+0000] {taskinstance.py:3503} INFO - 0 downstream tasks scheduled from follow-on schedule check
[2024-07-14T12:08:35.432+0000] {local_task_job_runner.py:222} INFO - ::endgroup::
[2024-07-14T20:37:25.185+0000] {local_task_job_runner.py:120} INFO - ::group::Pre task execution logs
[2024-07-14T20:37:25.233+0000] {taskinstance.py:2076} INFO - Dependencies all met for dep_context=non-requeueable deps ti=<TaskInstance: fetch_spread_values.fetch_and_compute_spread_btc_mxn scheduled__2024-07-14T11:58:00+00:00 [queued]>
[2024-07-14T20:37:25.250+0000] {taskinstance.py:2076} INFO - Dependencies all met for dep_context=requeueable deps ti=<TaskInstance: fetch_spread_values.fetch_and_compute_spread_btc_mxn scheduled__2024-07-14T11:58:00+00:00 [queued]>
[2024-07-14T20:37:25.251+0000] {taskinstance.py:2306} INFO - Starting attempt 1 of 2
[2024-07-14T20:37:25.305+0000] {taskinstance.py:2330} INFO - Executing <Task(PythonOperator): fetch_and_compute_spread_btc_mxn> on 2024-07-14 11:58:00+00:00
[2024-07-14T20:37:25.312+0000] {logging_mixin.py:188} WARNING - /home/***/.local/lib/python3.12/site-packages/***/task/task_runner/standard_task_runner.py:61 DeprecationWarning: This process (pid=3355) is multi-threaded, use of fork() may lead to deadlocks in the child.
[2024-07-14T20:37:25.314+0000] {standard_task_runner.py:63} INFO - Started process 3369 to run task
[2024-07-14T20:37:25.312+0000] {standard_task_runner.py:90} INFO - Running: ['***', 'tasks', 'run', 'fetch_spread_values', 'fetch_and_compute_spread_btc_mxn', 'scheduled__2024-07-14T11:58:00+00:00', '--job-id', '1566', '--raw', '--subdir', 'DAGS_FOLDER/***.py', '--cfg-path', '/tmp/tmp9j9yz76q']
[2024-07-14T20:37:25.318+0000] {standard_task_runner.py:91} INFO - Job 1566: Subtask fetch_and_compute_spread_btc_mxn
[2024-07-14T20:37:25.402+0000] {task_command.py:426} INFO - Running <TaskInstance: fetch_spread_values.fetch_and_compute_spread_btc_mxn scheduled__2024-07-14T11:58:00+00:00 [running]> on host 77caf7e4b282
[2024-07-14T20:37:25.592+0000] {taskinstance.py:2648} INFO - Exporting env vars: AIRFLOW_CTX_DAG_OWNER='***' AIRFLOW_CTX_DAG_ID='fetch_spread_values' AIRFLOW_CTX_TASK_ID='fetch_and_compute_spread_btc_mxn' AIRFLOW_CTX_EXECUTION_DATE='2024-07-14T11:58:00+00:00' AIRFLOW_CTX_TRY_NUMBER='1' AIRFLOW_CTX_DAG_RUN_ID='scheduled__2024-07-14T11:58:00+00:00'
[2024-07-14T20:37:25.606+0000] {taskinstance.py:430} INFO - ::endgroup::
[2024-07-14T20:37:25.822+0000] {python.py:237} INFO - Done. Returned value was: None
[2024-07-14T20:37:25.825+0000] {taskinstance.py:441} INFO - ::group::Post task execution logs
[2024-07-14T20:37:25.834+0000] {taskinstance.py:1206} INFO - Marking task as SUCCESS. dag_id=fetch_spread_values, task_id=fetch_and_compute_spread_btc_mxn, run_id=scheduled__2024-07-14T11:58:00+00:00, execution_date=20240714T115800, start_date=20240714T203725, end_date=20240714T203725
[2024-07-14T20:37:25.873+0000] {local_task_job_runner.py:240} INFO - Task exited with return code 0
[2024-07-14T20:37:25.889+0000] {taskinstance.py:3503} INFO - 0 downstream tasks scheduled from follow-on schedule check
[2024-07-14T20:37:25.890+0000] {local_task_job_runner.py:222} INFO - ::endgroup::
