[2024-07-14T15:07:35.907+0000] {local_task_job_runner.py:120} INFO - ::group::Pre task execution logs
[2024-07-14T15:07:35.943+0000] {taskinstance.py:2076} INFO - Dependencies all met for dep_context=non-requeueable deps ti=<TaskInstance: fetch_spread_values.fetch_and_compute_spread_btc_mxn scheduled__2024-07-14T14:58:00+00:00 [queued]>
[2024-07-14T15:07:35.949+0000] {taskinstance.py:2076} INFO - Dependencies all met for dep_context=requeueable deps ti=<TaskInstance: fetch_spread_values.fetch_and_compute_spread_btc_mxn scheduled__2024-07-14T14:58:00+00:00 [queued]>
[2024-07-14T15:07:35.950+0000] {taskinstance.py:2306} INFO - Starting attempt 1 of 2
[2024-07-14T15:07:35.964+0000] {taskinstance.py:2330} INFO - Executing <Task(PythonOperator): fetch_and_compute_spread_btc_mxn> on 2024-07-14 14:58:00+00:00
[2024-07-14T15:07:35.974+0000] {warnings.py:112} WARNING - /home/***/.local/lib/python3.12/site-packages/***/task/task_runner/standard_task_runner.py:61: DeprecationWarning: This process (pid=6386) is multi-threaded, use of fork() may lead to deadlocks in the child.
  pid = os.fork()

[2024-07-14T15:07:35.980+0000] {standard_task_runner.py:63} INFO - Started process 6409 to run task
[2024-07-14T15:07:35.981+0000] {standard_task_runner.py:90} INFO - Running: ['***', 'tasks', 'run', 'fetch_spread_values', 'fetch_and_compute_spread_btc_mxn', 'scheduled__2024-07-14T14:58:00+00:00', '--job-id', '1925', '--raw', '--subdir', 'DAGS_FOLDER/***.py', '--cfg-path', '/tmp/tmpvvdea3d3']
[2024-07-14T15:07:35.986+0000] {standard_task_runner.py:91} INFO - Job 1925: Subtask fetch_and_compute_spread_btc_mxn
[2024-07-14T15:07:36.048+0000] {task_command.py:426} INFO - Running <TaskInstance: fetch_spread_values.fetch_and_compute_spread_btc_mxn scheduled__2024-07-14T14:58:00+00:00 [running]> on host d537c34a4880
[2024-07-14T15:07:36.161+0000] {taskinstance.py:2648} INFO - Exporting env vars: AIRFLOW_CTX_DAG_OWNER='***' AIRFLOW_CTX_DAG_ID='fetch_spread_values' AIRFLOW_CTX_TASK_ID='fetch_and_compute_spread_btc_mxn' AIRFLOW_CTX_EXECUTION_DATE='2024-07-14T14:58:00+00:00' AIRFLOW_CTX_TRY_NUMBER='1' AIRFLOW_CTX_DAG_RUN_ID='scheduled__2024-07-14T14:58:00+00:00'
[2024-07-14T15:07:36.165+0000] {taskinstance.py:430} INFO - ::endgroup::
[2024-07-14T15:07:36.339+0000] {python.py:237} INFO - Done. Returned value was: None
[2024-07-14T15:07:36.341+0000] {taskinstance.py:441} INFO - ::group::Post task execution logs
[2024-07-14T15:07:36.351+0000] {taskinstance.py:1206} INFO - Marking task as SUCCESS. dag_id=fetch_spread_values, task_id=fetch_and_compute_spread_btc_mxn, run_id=scheduled__2024-07-14T14:58:00+00:00, execution_date=20240714T145800, start_date=20240714T150735, end_date=20240714T150736
[2024-07-14T15:07:36.371+0000] {local_task_job_runner.py:240} INFO - Task exited with return code 0
[2024-07-14T15:07:36.382+0000] {taskinstance.py:3503} INFO - 0 downstream tasks scheduled from follow-on schedule check
[2024-07-14T15:07:36.385+0000] {local_task_job_runner.py:222} INFO - ::endgroup::
[2024-07-14T20:38:30.562+0000] {local_task_job_runner.py:120} INFO - ::group::Pre task execution logs
[2024-07-14T20:38:30.584+0000] {taskinstance.py:2076} INFO - Dependencies all met for dep_context=non-requeueable deps ti=<TaskInstance: fetch_spread_values.fetch_and_compute_spread_btc_mxn scheduled__2024-07-14T14:58:00+00:00 [queued]>
[2024-07-14T20:38:30.589+0000] {taskinstance.py:2076} INFO - Dependencies all met for dep_context=requeueable deps ti=<TaskInstance: fetch_spread_values.fetch_and_compute_spread_btc_mxn scheduled__2024-07-14T14:58:00+00:00 [queued]>
[2024-07-14T20:38:30.589+0000] {taskinstance.py:2306} INFO - Starting attempt 1 of 2
[2024-07-14T20:38:30.601+0000] {taskinstance.py:2330} INFO - Executing <Task(PythonOperator): fetch_and_compute_spread_btc_mxn> on 2024-07-14 14:58:00+00:00
[2024-07-14T20:38:30.607+0000] {standard_task_runner.py:90} INFO - Running: ['***', 'tasks', 'run', 'fetch_spread_values', 'fetch_and_compute_spread_btc_mxn', 'scheduled__2024-07-14T14:58:00+00:00', '--job-id', '1925', '--raw', '--subdir', 'DAGS_FOLDER/***.py', '--cfg-path', '/tmp/tmpmstucoh2']
[2024-07-14T20:38:30.610+0000] {standard_task_runner.py:91} INFO - Job 1925: Subtask fetch_and_compute_spread_btc_mxn
[2024-07-14T20:38:30.608+0000] {logging_mixin.py:188} WARNING - /home/***/.local/lib/python3.12/site-packages/***/task/task_runner/standard_task_runner.py:61 DeprecationWarning: This process (pid=4088) is multi-threaded, use of fork() may lead to deadlocks in the child.
[2024-07-14T20:38:30.615+0000] {standard_task_runner.py:63} INFO - Started process 4096 to run task
[2024-07-14T20:38:30.669+0000] {task_command.py:426} INFO - Running <TaskInstance: fetch_spread_values.fetch_and_compute_spread_btc_mxn scheduled__2024-07-14T14:58:00+00:00 [running]> on host 77caf7e4b282
[2024-07-14T20:38:30.763+0000] {taskinstance.py:2648} INFO - Exporting env vars: AIRFLOW_CTX_DAG_OWNER='***' AIRFLOW_CTX_DAG_ID='fetch_spread_values' AIRFLOW_CTX_TASK_ID='fetch_and_compute_spread_btc_mxn' AIRFLOW_CTX_EXECUTION_DATE='2024-07-14T14:58:00+00:00' AIRFLOW_CTX_TRY_NUMBER='1' AIRFLOW_CTX_DAG_RUN_ID='scheduled__2024-07-14T14:58:00+00:00'
[2024-07-14T20:38:30.764+0000] {taskinstance.py:430} INFO - ::endgroup::
[2024-07-14T20:38:31.008+0000] {python.py:237} INFO - Done. Returned value was: None
[2024-07-14T20:38:31.011+0000] {taskinstance.py:441} INFO - ::group::Post task execution logs
[2024-07-14T20:38:31.024+0000] {taskinstance.py:1206} INFO - Marking task as SUCCESS. dag_id=fetch_spread_values, task_id=fetch_and_compute_spread_btc_mxn, run_id=scheduled__2024-07-14T14:58:00+00:00, execution_date=20240714T145800, start_date=20240714T203830, end_date=20240714T203831
[2024-07-14T20:38:31.048+0000] {local_task_job_runner.py:240} INFO - Task exited with return code 0
[2024-07-14T20:38:31.063+0000] {taskinstance.py:3503} INFO - 0 downstream tasks scheduled from follow-on schedule check
[2024-07-14T20:38:31.068+0000] {local_task_job_runner.py:222} INFO - ::endgroup::
