[2024-07-14T17:07:44.838+0000] {local_task_job_runner.py:120} INFO - ::group::Pre task execution logs
[2024-07-14T17:07:44.938+0000] {taskinstance.py:2076} INFO - Dependencies all met for dep_context=non-requeueable deps ti=<TaskInstance: fetch_spread_values.fetch_and_compute_spread_btc_mxn scheduled__2024-07-14T17:02:00+00:00 [queued]>
[2024-07-14T17:07:44.951+0000] {taskinstance.py:2076} INFO - Dependencies all met for dep_context=requeueable deps ti=<TaskInstance: fetch_spread_values.fetch_and_compute_spread_btc_mxn scheduled__2024-07-14T17:02:00+00:00 [queued]>
[2024-07-14T17:07:44.962+0000] {taskinstance.py:2306} INFO - Starting attempt 1 of 2
[2024-07-14T17:07:45.042+0000] {taskinstance.py:2330} INFO - Executing <Task(PythonOperator): fetch_and_compute_spread_btc_mxn> on 2024-07-14 17:02:00+00:00
[2024-07-14T17:07:45.109+0000] {warnings.py:112} WARNING - /home/***/.local/lib/python3.12/site-packages/***/task/task_runner/standard_task_runner.py:61: DeprecationWarning: This process (pid=7257) is multi-threaded, use of fork() may lead to deadlocks in the child.
  pid = os.fork()

[2024-07-14T17:07:45.117+0000] {standard_task_runner.py:63} INFO - Started process 7286 to run task
[2024-07-14T17:07:45.119+0000] {standard_task_runner.py:90} INFO - Running: ['***', 'tasks', 'run', 'fetch_spread_values', 'fetch_and_compute_spread_btc_mxn', 'scheduled__2024-07-14T17:02:00+00:00', '--job-id', '2186', '--raw', '--subdir', 'DAGS_FOLDER/***.py', '--cfg-path', '/tmp/tmptx09r1yf']
[2024-07-14T17:07:45.122+0000] {standard_task_runner.py:91} INFO - Job 2186: Subtask fetch_and_compute_spread_btc_mxn
[2024-07-14T17:07:45.239+0000] {task_command.py:426} INFO - Running <TaskInstance: fetch_spread_values.fetch_and_compute_spread_btc_mxn scheduled__2024-07-14T17:02:00+00:00 [running]> on host d537c34a4880
[2024-07-14T17:07:45.479+0000] {taskinstance.py:2648} INFO - Exporting env vars: AIRFLOW_CTX_DAG_OWNER='***' AIRFLOW_CTX_DAG_ID='fetch_spread_values' AIRFLOW_CTX_TASK_ID='fetch_and_compute_spread_btc_mxn' AIRFLOW_CTX_EXECUTION_DATE='2024-07-14T17:02:00+00:00' AIRFLOW_CTX_TRY_NUMBER='1' AIRFLOW_CTX_DAG_RUN_ID='scheduled__2024-07-14T17:02:00+00:00'
[2024-07-14T17:07:45.518+0000] {taskinstance.py:430} INFO - ::endgroup::
[2024-07-14T17:07:45.923+0000] {python.py:237} INFO - Done. Returned value was: None
[2024-07-14T17:07:45.938+0000] {taskinstance.py:441} INFO - ::group::Post task execution logs
[2024-07-14T17:07:45.954+0000] {taskinstance.py:1206} INFO - Marking task as SUCCESS. dag_id=fetch_spread_values, task_id=fetch_and_compute_spread_btc_mxn, run_id=scheduled__2024-07-14T17:02:00+00:00, execution_date=20240714T170200, start_date=20240714T170744, end_date=20240714T170745
[2024-07-14T17:07:46.016+0000] {local_task_job_runner.py:240} INFO - Task exited with return code 0
[2024-07-14T17:07:46.092+0000] {taskinstance.py:3503} INFO - 0 downstream tasks scheduled from follow-on schedule check
[2024-07-14T17:07:46.097+0000] {local_task_job_runner.py:222} INFO - ::endgroup::
[2024-07-14T20:39:18.154+0000] {local_task_job_runner.py:120} INFO - ::group::Pre task execution logs
[2024-07-14T20:39:18.342+0000] {taskinstance.py:2076} INFO - Dependencies all met for dep_context=non-requeueable deps ti=<TaskInstance: fetch_spread_values.fetch_and_compute_spread_btc_mxn scheduled__2024-07-14T17:02:00+00:00 [queued]>
[2024-07-14T20:39:18.354+0000] {taskinstance.py:2076} INFO - Dependencies all met for dep_context=requeueable deps ti=<TaskInstance: fetch_spread_values.fetch_and_compute_spread_btc_mxn scheduled__2024-07-14T17:02:00+00:00 [queued]>
[2024-07-14T20:39:18.355+0000] {taskinstance.py:2306} INFO - Starting attempt 1 of 2
[2024-07-14T20:39:18.372+0000] {taskinstance.py:2330} INFO - Executing <Task(PythonOperator): fetch_and_compute_spread_btc_mxn> on 2024-07-14 17:02:00+00:00
[2024-07-14T20:39:18.383+0000] {logging_mixin.py:188} WARNING - /home/***/.local/lib/python3.12/site-packages/***/task/task_runner/standard_task_runner.py:61 DeprecationWarning: This process (pid=4586) is multi-threaded, use of fork() may lead to deadlocks in the child.
[2024-07-14T20:39:18.394+0000] {standard_task_runner.py:63} INFO - Started process 4596 to run task
[2024-07-14T20:39:18.385+0000] {standard_task_runner.py:90} INFO - Running: ['***', 'tasks', 'run', 'fetch_spread_values', 'fetch_and_compute_spread_btc_mxn', 'scheduled__2024-07-14T17:02:00+00:00', '--job-id', '2172', '--raw', '--subdir', 'DAGS_FOLDER/***.py', '--cfg-path', '/tmp/tmpy5cwu5y3']
[2024-07-14T20:39:18.433+0000] {standard_task_runner.py:91} INFO - Job 2172: Subtask fetch_and_compute_spread_btc_mxn
[2024-07-14T20:39:18.575+0000] {task_command.py:426} INFO - Running <TaskInstance: fetch_spread_values.fetch_and_compute_spread_btc_mxn scheduled__2024-07-14T17:02:00+00:00 [running]> on host 77caf7e4b282
[2024-07-14T20:39:18.929+0000] {taskinstance.py:2648} INFO - Exporting env vars: AIRFLOW_CTX_DAG_OWNER='***' AIRFLOW_CTX_DAG_ID='fetch_spread_values' AIRFLOW_CTX_TASK_ID='fetch_and_compute_spread_btc_mxn' AIRFLOW_CTX_EXECUTION_DATE='2024-07-14T17:02:00+00:00' AIRFLOW_CTX_TRY_NUMBER='1' AIRFLOW_CTX_DAG_RUN_ID='scheduled__2024-07-14T17:02:00+00:00'
[2024-07-14T20:39:18.938+0000] {taskinstance.py:430} INFO - ::endgroup::
[2024-07-14T20:39:19.193+0000] {python.py:237} INFO - Done. Returned value was: None
[2024-07-14T20:39:19.198+0000] {taskinstance.py:441} INFO - ::group::Post task execution logs
[2024-07-14T20:39:19.220+0000] {taskinstance.py:1206} INFO - Marking task as SUCCESS. dag_id=fetch_spread_values, task_id=fetch_and_compute_spread_btc_mxn, run_id=scheduled__2024-07-14T17:02:00+00:00, execution_date=20240714T170200, start_date=20240714T203918, end_date=20240714T203919
[2024-07-14T20:39:19.255+0000] {local_task_job_runner.py:240} INFO - Task exited with return code 0
[2024-07-14T20:39:19.279+0000] {local_task_job_runner.py:222} INFO - ::endgroup::
