[2024-07-14T08:58:13.969+0000] {local_task_job_runner.py:120} INFO - ::group::Pre task execution logs
[2024-07-14T08:58:14.021+0000] {taskinstance.py:2076} INFO - Dependencies all met for dep_context=non-requeueable deps ti=<TaskInstance: fetch_spread_values.fetch_and_compute_spread_btc_mxn scheduled__2024-07-14T01:34:00+00:00 [queued]>
[2024-07-14T08:58:14.040+0000] {taskinstance.py:2076} INFO - Dependencies all met for dep_context=requeueable deps ti=<TaskInstance: fetch_spread_values.fetch_and_compute_spread_btc_mxn scheduled__2024-07-14T01:34:00+00:00 [queued]>
[2024-07-14T08:58:14.042+0000] {taskinstance.py:2306} INFO - Starting attempt 1 of 2
[2024-07-14T08:58:14.075+0000] {taskinstance.py:2330} INFO - Executing <Task(PythonOperator): fetch_and_compute_spread_btc_mxn> on 2024-07-14 01:34:00+00:00
[2024-07-14T08:58:14.100+0000] {warnings.py:112} WARNING - /home/***/.local/lib/python3.12/site-packages/***/task/task_runner/standard_task_runner.py:61: DeprecationWarning: This process (pid=702) is multi-threaded, use of fork() may lead to deadlocks in the child.
  pid = os.fork()

[2024-07-14T08:58:14.102+0000] {standard_task_runner.py:63} INFO - Started process 723 to run task
[2024-07-14T08:58:14.110+0000] {standard_task_runner.py:90} INFO - Running: ['***', 'tasks', 'run', 'fetch_spread_values', 'fetch_and_compute_spread_btc_mxn', 'scheduled__2024-07-14T01:34:00+00:00', '--job-id', '217', '--raw', '--subdir', 'DAGS_FOLDER/***.py', '--cfg-path', '/tmp/tmpixd047w0']
[2024-07-14T08:58:14.144+0000] {standard_task_runner.py:91} INFO - Job 217: Subtask fetch_and_compute_spread_btc_mxn
[2024-07-14T08:58:14.455+0000] {task_command.py:426} INFO - Running <TaskInstance: fetch_spread_values.fetch_and_compute_spread_btc_mxn scheduled__2024-07-14T01:34:00+00:00 [running]> on host d537c34a4880
[2024-07-14T08:58:14.806+0000] {taskinstance.py:2648} INFO - Exporting env vars: AIRFLOW_CTX_DAG_OWNER='***' AIRFLOW_CTX_DAG_ID='fetch_spread_values' AIRFLOW_CTX_TASK_ID='fetch_and_compute_spread_btc_mxn' AIRFLOW_CTX_EXECUTION_DATE='2024-07-14T01:34:00+00:00' AIRFLOW_CTX_TRY_NUMBER='1' AIRFLOW_CTX_DAG_RUN_ID='scheduled__2024-07-14T01:34:00+00:00'
[2024-07-14T08:58:14.808+0000] {taskinstance.py:430} INFO - ::endgroup::
[2024-07-14T08:58:15.104+0000] {python.py:237} INFO - Done. Returned value was: None
[2024-07-14T08:58:15.111+0000] {taskinstance.py:441} INFO - ::group::Post task execution logs
[2024-07-14T08:58:15.131+0000] {taskinstance.py:1206} INFO - Marking task as SUCCESS. dag_id=fetch_spread_values, task_id=fetch_and_compute_spread_btc_mxn, run_id=scheduled__2024-07-14T01:34:00+00:00, execution_date=20240714T013400, start_date=20240714T085814, end_date=20240714T085815
[2024-07-14T08:58:15.235+0000] {local_task_job_runner.py:240} INFO - Task exited with return code 0
[2024-07-14T08:58:15.311+0000] {taskinstance.py:3503} INFO - 0 downstream tasks scheduled from follow-on schedule check
[2024-07-14T08:58:15.317+0000] {local_task_job_runner.py:222} INFO - ::endgroup::
[2024-07-14T20:32:44.304+0000] {local_task_job_runner.py:120} INFO - ::group::Pre task execution logs
[2024-07-14T20:32:44.321+0000] {taskinstance.py:2076} INFO - Dependencies all met for dep_context=non-requeueable deps ti=<TaskInstance: fetch_spread_values.fetch_and_compute_spread_btc_mxn scheduled__2024-07-14T01:34:00+00:00 [queued]>
[2024-07-14T20:32:44.325+0000] {taskinstance.py:2076} INFO - Dependencies all met for dep_context=requeueable deps ti=<TaskInstance: fetch_spread_values.fetch_and_compute_spread_btc_mxn scheduled__2024-07-14T01:34:00+00:00 [queued]>
[2024-07-14T20:32:44.326+0000] {taskinstance.py:2306} INFO - Starting attempt 1 of 2
[2024-07-14T20:32:44.332+0000] {taskinstance.py:2330} INFO - Executing <Task(PythonOperator): fetch_and_compute_spread_btc_mxn> on 2024-07-14 01:34:00+00:00
[2024-07-14T20:32:44.336+0000] {logging_mixin.py:188} WARNING - /home/***/.local/lib/python3.12/site-packages/***/task/task_runner/standard_task_runner.py:61 DeprecationWarning: This process (pid=568) is multi-threaded, use of fork() may lead to deadlocks in the child.
[2024-07-14T20:32:44.337+0000] {standard_task_runner.py:63} INFO - Started process 570 to run task
[2024-07-14T20:32:44.337+0000] {standard_task_runner.py:90} INFO - Running: ['***', 'tasks', 'run', 'fetch_spread_values', 'fetch_and_compute_spread_btc_mxn', 'scheduled__2024-07-14T01:34:00+00:00', '--job-id', '193', '--raw', '--subdir', 'DAGS_FOLDER/***.py', '--cfg-path', '/tmp/tmph2xod4hq']
[2024-07-14T20:32:44.338+0000] {standard_task_runner.py:91} INFO - Job 193: Subtask fetch_and_compute_spread_btc_mxn
[2024-07-14T20:32:44.365+0000] {task_command.py:426} INFO - Running <TaskInstance: fetch_spread_values.fetch_and_compute_spread_btc_mxn scheduled__2024-07-14T01:34:00+00:00 [running]> on host 77caf7e4b282
[2024-07-14T20:32:44.411+0000] {taskinstance.py:2648} INFO - Exporting env vars: AIRFLOW_CTX_DAG_OWNER='***' AIRFLOW_CTX_DAG_ID='fetch_spread_values' AIRFLOW_CTX_TASK_ID='fetch_and_compute_spread_btc_mxn' AIRFLOW_CTX_EXECUTION_DATE='2024-07-14T01:34:00+00:00' AIRFLOW_CTX_TRY_NUMBER='1' AIRFLOW_CTX_DAG_RUN_ID='scheduled__2024-07-14T01:34:00+00:00'
[2024-07-14T20:32:44.412+0000] {taskinstance.py:430} INFO - ::endgroup::
[2024-07-14T20:32:44.582+0000] {python.py:237} INFO - Done. Returned value was: None
[2024-07-14T20:32:44.583+0000] {taskinstance.py:441} INFO - ::group::Post task execution logs
[2024-07-14T20:32:44.592+0000] {taskinstance.py:1206} INFO - Marking task as SUCCESS. dag_id=fetch_spread_values, task_id=fetch_and_compute_spread_btc_mxn, run_id=scheduled__2024-07-14T01:34:00+00:00, execution_date=20240714T013400, start_date=20240714T203244, end_date=20240714T203244
[2024-07-14T20:32:44.606+0000] {local_task_job_runner.py:240} INFO - Task exited with return code 0
[2024-07-14T20:32:44.617+0000] {taskinstance.py:3503} INFO - 0 downstream tasks scheduled from follow-on schedule check
[2024-07-14T20:32:44.618+0000] {local_task_job_runner.py:222} INFO - ::endgroup::
