[2024-07-14T08:56:59.138+0000] {local_task_job_runner.py:120} INFO - ::group::Pre task execution logs
[2024-07-14T08:56:59.192+0000] {taskinstance.py:2076} INFO - Dependencies all met for dep_context=non-requeueable deps ti=<TaskInstance: fetch_spread_values.fetch_and_compute_spread_btc_mxn scheduled__2024-07-14T00:10:00+00:00 [queued]>
[2024-07-14T08:56:59.205+0000] {taskinstance.py:2076} INFO - Dependencies all met for dep_context=requeueable deps ti=<TaskInstance: fetch_spread_values.fetch_and_compute_spread_btc_mxn scheduled__2024-07-14T00:10:00+00:00 [queued]>
[2024-07-14T08:56:59.207+0000] {taskinstance.py:2306} INFO - Starting attempt 1 of 2
[2024-07-14T08:56:59.246+0000] {taskinstance.py:2330} INFO - Executing <Task(PythonOperator): fetch_and_compute_spread_btc_mxn> on 2024-07-14 00:10:00+00:00
[2024-07-14T08:56:59.279+0000] {warnings.py:112} WARNING - /home/***/.local/lib/python3.12/site-packages/***/task/task_runner/standard_task_runner.py:61: DeprecationWarning: This process (pid=169) is multi-threaded, use of fork() may lead to deadlocks in the child.
  pid = os.fork()

[2024-07-14T08:56:59.287+0000] {standard_task_runner.py:63} INFO - Started process 199 to run task
[2024-07-14T08:56:59.285+0000] {standard_task_runner.py:90} INFO - Running: ['***', 'tasks', 'run', 'fetch_spread_values', 'fetch_and_compute_spread_btc_mxn', 'scheduled__2024-07-14T00:10:00+00:00', '--job-id', '49', '--raw', '--subdir', 'DAGS_FOLDER/***.py', '--cfg-path', '/tmp/tmpacfrs4mg']
[2024-07-14T08:56:59.298+0000] {standard_task_runner.py:91} INFO - Job 49: Subtask fetch_and_compute_spread_btc_mxn
[2024-07-14T08:56:59.405+0000] {task_command.py:426} INFO - Running <TaskInstance: fetch_spread_values.fetch_and_compute_spread_btc_mxn scheduled__2024-07-14T00:10:00+00:00 [running]> on host d537c34a4880
[2024-07-14T08:56:59.674+0000] {taskinstance.py:2648} INFO - Exporting env vars: AIRFLOW_CTX_DAG_OWNER='***' AIRFLOW_CTX_DAG_ID='fetch_spread_values' AIRFLOW_CTX_TASK_ID='fetch_and_compute_spread_btc_mxn' AIRFLOW_CTX_EXECUTION_DATE='2024-07-14T00:10:00+00:00' AIRFLOW_CTX_TRY_NUMBER='1' AIRFLOW_CTX_DAG_RUN_ID='scheduled__2024-07-14T00:10:00+00:00'
[2024-07-14T08:56:59.686+0000] {taskinstance.py:430} INFO - ::endgroup::
[2024-07-14T08:56:59.903+0000] {python.py:237} INFO - Done. Returned value was: None
[2024-07-14T08:56:59.906+0000] {taskinstance.py:441} INFO - ::group::Post task execution logs
[2024-07-14T08:56:59.920+0000] {taskinstance.py:1206} INFO - Marking task as SUCCESS. dag_id=fetch_spread_values, task_id=fetch_and_compute_spread_btc_mxn, run_id=scheduled__2024-07-14T00:10:00+00:00, execution_date=20240714T001000, start_date=20240714T085659, end_date=20240714T085659
[2024-07-14T08:56:59.943+0000] {local_task_job_runner.py:240} INFO - Task exited with return code 0
[2024-07-14T08:56:59.957+0000] {taskinstance.py:3503} INFO - 0 downstream tasks scheduled from follow-on schedule check
[2024-07-14T08:56:59.959+0000] {local_task_job_runner.py:222} INFO - ::endgroup::
[2024-07-14T20:32:05.503+0000] {local_task_job_runner.py:120} INFO - ::group::Pre task execution logs
[2024-07-14T20:32:05.528+0000] {taskinstance.py:2076} INFO - Dependencies all met for dep_context=non-requeueable deps ti=<TaskInstance: fetch_spread_values.fetch_and_compute_spread_btc_mxn scheduled__2024-07-14T00:10:00+00:00 [queued]>
[2024-07-14T20:32:05.539+0000] {taskinstance.py:2076} INFO - Dependencies all met for dep_context=requeueable deps ti=<TaskInstance: fetch_spread_values.fetch_and_compute_spread_btc_mxn scheduled__2024-07-14T00:10:00+00:00 [queued]>
[2024-07-14T20:32:05.543+0000] {taskinstance.py:2306} INFO - Starting attempt 1 of 2
[2024-07-14T20:32:05.574+0000] {taskinstance.py:2330} INFO - Executing <Task(PythonOperator): fetch_and_compute_spread_btc_mxn> on 2024-07-14 00:10:00+00:00
[2024-07-14T20:32:05.585+0000] {logging_mixin.py:188} WARNING - /home/***/.local/lib/python3.12/site-packages/***/task/task_runner/standard_task_runner.py:61 DeprecationWarning: This process (pid=223) is multi-threaded, use of fork() may lead to deadlocks in the child.
[2024-07-14T20:32:05.587+0000] {standard_task_runner.py:90} INFO - Running: ['***', 'tasks', 'run', 'fetch_spread_values', 'fetch_and_compute_spread_btc_mxn', 'scheduled__2024-07-14T00:10:00+00:00', '--job-id', '23', '--raw', '--subdir', 'DAGS_FOLDER/***.py', '--cfg-path', '/tmp/tmp4boz9rwb']
[2024-07-14T20:32:05.599+0000] {standard_task_runner.py:91} INFO - Job 23: Subtask fetch_and_compute_spread_btc_mxn
[2024-07-14T20:32:05.590+0000] {standard_task_runner.py:63} INFO - Started process 232 to run task
[2024-07-14T20:32:05.732+0000] {task_command.py:426} INFO - Running <TaskInstance: fetch_spread_values.fetch_and_compute_spread_btc_mxn scheduled__2024-07-14T00:10:00+00:00 [running]> on host 77caf7e4b282
[2024-07-14T20:32:05.919+0000] {taskinstance.py:2648} INFO - Exporting env vars: AIRFLOW_CTX_DAG_OWNER='***' AIRFLOW_CTX_DAG_ID='fetch_spread_values' AIRFLOW_CTX_TASK_ID='fetch_and_compute_spread_btc_mxn' AIRFLOW_CTX_EXECUTION_DATE='2024-07-14T00:10:00+00:00' AIRFLOW_CTX_TRY_NUMBER='1' AIRFLOW_CTX_DAG_RUN_ID='scheduled__2024-07-14T00:10:00+00:00'
[2024-07-14T20:32:05.920+0000] {taskinstance.py:430} INFO - ::endgroup::
[2024-07-14T20:32:06.221+0000] {python.py:237} INFO - Done. Returned value was: None
[2024-07-14T20:32:06.246+0000] {taskinstance.py:441} INFO - ::group::Post task execution logs
[2024-07-14T20:32:06.264+0000] {taskinstance.py:1206} INFO - Marking task as SUCCESS. dag_id=fetch_spread_values, task_id=fetch_and_compute_spread_btc_mxn, run_id=scheduled__2024-07-14T00:10:00+00:00, execution_date=20240714T001000, start_date=20240714T203205, end_date=20240714T203206
[2024-07-14T20:32:06.286+0000] {local_task_job_runner.py:240} INFO - Task exited with return code 0
[2024-07-14T20:32:06.308+0000] {taskinstance.py:3503} INFO - 0 downstream tasks scheduled from follow-on schedule check
[2024-07-14T20:32:06.313+0000] {local_task_job_runner.py:222} INFO - ::endgroup::
