[2024-07-14T09:01:05.617+0000] {local_task_job_runner.py:120} INFO - ::group::Pre task execution logs
[2024-07-14T09:01:05.631+0000] {taskinstance.py:2076} INFO - Dependencies all met for dep_context=non-requeueable deps ti=<TaskInstance: fetch_spread_values.fetch_and_compute_spread_usd_mxn scheduled__2024-07-14T04:38:00+00:00 [queued]>
[2024-07-14T09:01:05.639+0000] {taskinstance.py:2076} INFO - Dependencies all met for dep_context=requeueable deps ti=<TaskInstance: fetch_spread_values.fetch_and_compute_spread_usd_mxn scheduled__2024-07-14T04:38:00+00:00 [queued]>
[2024-07-14T09:01:05.639+0000] {taskinstance.py:2306} INFO - Starting attempt 1 of 2
[2024-07-14T09:01:05.650+0000] {taskinstance.py:2330} INFO - Executing <Task(PythonOperator): fetch_and_compute_spread_usd_mxn> on 2024-07-14 04:38:00+00:00
[2024-07-14T09:01:05.657+0000] {warnings.py:112} WARNING - /home/***/.local/lib/python3.12/site-packages/***/task/task_runner/standard_task_runner.py:61: DeprecationWarning: This process (pid=1835) is multi-threaded, use of fork() may lead to deadlocks in the child.
  pid = os.fork()

[2024-07-14T09:01:05.659+0000] {standard_task_runner.py:63} INFO - Started process 1851 to run task
[2024-07-14T09:01:05.659+0000] {standard_task_runner.py:90} INFO - Running: ['***', 'tasks', 'run', 'fetch_spread_values', 'fetch_and_compute_spread_usd_mxn', 'scheduled__2024-07-14T04:38:00+00:00', '--job-id', '586', '--raw', '--subdir', 'DAGS_FOLDER/***.py', '--cfg-path', '/tmp/tmprl1cn_36']
[2024-07-14T09:01:05.661+0000] {standard_task_runner.py:91} INFO - Job 586: Subtask fetch_and_compute_spread_usd_mxn
[2024-07-14T09:01:05.708+0000] {task_command.py:426} INFO - Running <TaskInstance: fetch_spread_values.fetch_and_compute_spread_usd_mxn scheduled__2024-07-14T04:38:00+00:00 [running]> on host d537c34a4880
[2024-07-14T09:01:05.767+0000] {taskinstance.py:2648} INFO - Exporting env vars: AIRFLOW_CTX_DAG_OWNER='***' AIRFLOW_CTX_DAG_ID='fetch_spread_values' AIRFLOW_CTX_TASK_ID='fetch_and_compute_spread_usd_mxn' AIRFLOW_CTX_EXECUTION_DATE='2024-07-14T04:38:00+00:00' AIRFLOW_CTX_TRY_NUMBER='1' AIRFLOW_CTX_DAG_RUN_ID='scheduled__2024-07-14T04:38:00+00:00'
[2024-07-14T09:01:05.768+0000] {taskinstance.py:430} INFO - ::endgroup::
[2024-07-14T09:01:05.936+0000] {python.py:237} INFO - Done. Returned value was: None
[2024-07-14T09:01:05.937+0000] {taskinstance.py:441} INFO - ::group::Post task execution logs
[2024-07-14T09:01:05.943+0000] {taskinstance.py:1206} INFO - Marking task as SUCCESS. dag_id=fetch_spread_values, task_id=fetch_and_compute_spread_usd_mxn, run_id=scheduled__2024-07-14T04:38:00+00:00, execution_date=20240714T043800, start_date=20240714T090105, end_date=20240714T090105
[2024-07-14T09:01:05.965+0000] {local_task_job_runner.py:240} INFO - Task exited with return code 0
[2024-07-14T09:01:05.976+0000] {taskinstance.py:3503} INFO - 0 downstream tasks scheduled from follow-on schedule check
[2024-07-14T09:01:05.977+0000] {local_task_job_runner.py:222} INFO - ::endgroup::
[2024-07-14T20:34:05.440+0000] {local_task_job_runner.py:120} INFO - ::group::Pre task execution logs
[2024-07-14T20:34:05.471+0000] {taskinstance.py:2076} INFO - Dependencies all met for dep_context=non-requeueable deps ti=<TaskInstance: fetch_spread_values.fetch_and_compute_spread_usd_mxn scheduled__2024-07-14T04:38:00+00:00 [queued]>
[2024-07-14T20:34:05.487+0000] {taskinstance.py:2076} INFO - Dependencies all met for dep_context=requeueable deps ti=<TaskInstance: fetch_spread_values.fetch_and_compute_spread_usd_mxn scheduled__2024-07-14T04:38:00+00:00 [queued]>
[2024-07-14T20:34:05.488+0000] {taskinstance.py:2306} INFO - Starting attempt 1 of 2
[2024-07-14T20:34:05.503+0000] {taskinstance.py:2330} INFO - Executing <Task(PythonOperator): fetch_and_compute_spread_usd_mxn> on 2024-07-14 04:38:00+00:00
[2024-07-14T20:34:05.512+0000] {logging_mixin.py:188} WARNING - /home/***/.local/lib/python3.12/site-packages/***/task/task_runner/standard_task_runner.py:61 DeprecationWarning: This process (pid=1314) is multi-threaded, use of fork() may lead to deadlocks in the child.
[2024-07-14T20:34:05.514+0000] {standard_task_runner.py:63} INFO - Started process 1326 to run task
[2024-07-14T20:34:05.513+0000] {standard_task_runner.py:90} INFO - Running: ['***', 'tasks', 'run', 'fetch_spread_values', 'fetch_and_compute_spread_usd_mxn', 'scheduled__2024-07-14T04:38:00+00:00', '--job-id', '562', '--raw', '--subdir', 'DAGS_FOLDER/***.py', '--cfg-path', '/tmp/tmpplxctrar']
[2024-07-14T20:34:05.516+0000] {standard_task_runner.py:91} INFO - Job 562: Subtask fetch_and_compute_spread_usd_mxn
[2024-07-14T20:34:05.570+0000] {task_command.py:426} INFO - Running <TaskInstance: fetch_spread_values.fetch_and_compute_spread_usd_mxn scheduled__2024-07-14T04:38:00+00:00 [running]> on host 77caf7e4b282
[2024-07-14T20:34:05.685+0000] {taskinstance.py:2648} INFO - Exporting env vars: AIRFLOW_CTX_DAG_OWNER='***' AIRFLOW_CTX_DAG_ID='fetch_spread_values' AIRFLOW_CTX_TASK_ID='fetch_and_compute_spread_usd_mxn' AIRFLOW_CTX_EXECUTION_DATE='2024-07-14T04:38:00+00:00' AIRFLOW_CTX_TRY_NUMBER='1' AIRFLOW_CTX_DAG_RUN_ID='scheduled__2024-07-14T04:38:00+00:00'
[2024-07-14T20:34:05.692+0000] {taskinstance.py:430} INFO - ::endgroup::
[2024-07-14T20:34:05.979+0000] {python.py:237} INFO - Done. Returned value was: None
[2024-07-14T20:34:05.987+0000] {taskinstance.py:441} INFO - ::group::Post task execution logs
[2024-07-14T20:34:06.000+0000] {taskinstance.py:1206} INFO - Marking task as SUCCESS. dag_id=fetch_spread_values, task_id=fetch_and_compute_spread_usd_mxn, run_id=scheduled__2024-07-14T04:38:00+00:00, execution_date=20240714T043800, start_date=20240714T203405, end_date=20240714T203406
[2024-07-14T20:34:06.029+0000] {local_task_job_runner.py:240} INFO - Task exited with return code 0
[2024-07-14T20:34:06.063+0000] {taskinstance.py:3503} INFO - 0 downstream tasks scheduled from follow-on schedule check
[2024-07-14T20:34:06.069+0000] {local_task_job_runner.py:222} INFO - ::endgroup::
