[2024-07-14T08:58:32.231+0000] {local_task_job_runner.py:120} INFO - ::group::Pre task execution logs
[2024-07-14T08:58:32.295+0000] {taskinstance.py:2076} INFO - Dependencies all met for dep_context=non-requeueable deps ti=<TaskInstance: fetch_spread_values.fetch_and_compute_spread_btc_mxn scheduled__2024-07-14T01:54:00+00:00 [queued]>
[2024-07-14T08:58:32.318+0000] {taskinstance.py:2076} INFO - Dependencies all met for dep_context=requeueable deps ti=<TaskInstance: fetch_spread_values.fetch_and_compute_spread_btc_mxn scheduled__2024-07-14T01:54:00+00:00 [queued]>
[2024-07-14T08:58:32.323+0000] {taskinstance.py:2306} INFO - Starting attempt 1 of 2
[2024-07-14T08:58:32.407+0000] {taskinstance.py:2330} INFO - Executing <Task(PythonOperator): fetch_and_compute_spread_btc_mxn> on 2024-07-14 01:54:00+00:00
[2024-07-14T08:58:32.443+0000] {warnings.py:112} WARNING - /home/***/.local/lib/python3.12/site-packages/***/task/task_runner/standard_task_runner.py:61: DeprecationWarning: This process (pid=822) is multi-threaded, use of fork() may lead to deadlocks in the child.
  pid = os.fork()

[2024-07-14T08:58:32.452+0000] {standard_task_runner.py:63} INFO - Started process 851 to run task
[2024-07-14T08:58:32.451+0000] {standard_task_runner.py:90} INFO - Running: ['***', 'tasks', 'run', 'fetch_spread_values', 'fetch_and_compute_spread_btc_mxn', 'scheduled__2024-07-14T01:54:00+00:00', '--job-id', '257', '--raw', '--subdir', 'DAGS_FOLDER/***.py', '--cfg-path', '/tmp/tmpevpmrxrd']
[2024-07-14T08:58:32.463+0000] {standard_task_runner.py:91} INFO - Job 257: Subtask fetch_and_compute_spread_btc_mxn
[2024-07-14T08:58:32.683+0000] {task_command.py:426} INFO - Running <TaskInstance: fetch_spread_values.fetch_and_compute_spread_btc_mxn scheduled__2024-07-14T01:54:00+00:00 [running]> on host d537c34a4880
[2024-07-14T08:58:32.998+0000] {taskinstance.py:2648} INFO - Exporting env vars: AIRFLOW_CTX_DAG_OWNER='***' AIRFLOW_CTX_DAG_ID='fetch_spread_values' AIRFLOW_CTX_TASK_ID='fetch_and_compute_spread_btc_mxn' AIRFLOW_CTX_EXECUTION_DATE='2024-07-14T01:54:00+00:00' AIRFLOW_CTX_TRY_NUMBER='1' AIRFLOW_CTX_DAG_RUN_ID='scheduled__2024-07-14T01:54:00+00:00'
[2024-07-14T08:58:33.008+0000] {taskinstance.py:430} INFO - ::endgroup::
[2024-07-14T08:58:33.379+0000] {python.py:237} INFO - Done. Returned value was: None
[2024-07-14T08:58:33.384+0000] {taskinstance.py:441} INFO - ::group::Post task execution logs
[2024-07-14T08:58:33.403+0000] {taskinstance.py:1206} INFO - Marking task as SUCCESS. dag_id=fetch_spread_values, task_id=fetch_and_compute_spread_btc_mxn, run_id=scheduled__2024-07-14T01:54:00+00:00, execution_date=20240714T015400, start_date=20240714T085832, end_date=20240714T085833
[2024-07-14T08:58:33.483+0000] {local_task_job_runner.py:240} INFO - Task exited with return code 0
[2024-07-14T08:58:33.526+0000] {taskinstance.py:3503} INFO - 0 downstream tasks scheduled from follow-on schedule check
[2024-07-14T08:58:33.529+0000] {local_task_job_runner.py:222} INFO - ::endgroup::
[2024-07-14T20:32:58.329+0000] {local_task_job_runner.py:120} INFO - ::group::Pre task execution logs
[2024-07-14T20:32:58.346+0000] {taskinstance.py:2076} INFO - Dependencies all met for dep_context=non-requeueable deps ti=<TaskInstance: fetch_spread_values.fetch_and_compute_spread_btc_mxn scheduled__2024-07-14T01:54:00+00:00 [queued]>
[2024-07-14T20:32:58.351+0000] {taskinstance.py:2076} INFO - Dependencies all met for dep_context=requeueable deps ti=<TaskInstance: fetch_spread_values.fetch_and_compute_spread_btc_mxn scheduled__2024-07-14T01:54:00+00:00 [queued]>
[2024-07-14T20:32:58.351+0000] {taskinstance.py:2306} INFO - Starting attempt 1 of 2
[2024-07-14T20:32:58.358+0000] {taskinstance.py:2330} INFO - Executing <Task(PythonOperator): fetch_and_compute_spread_btc_mxn> on 2024-07-14 01:54:00+00:00
[2024-07-14T20:32:58.362+0000] {logging_mixin.py:188} WARNING - /home/***/.local/lib/python3.12/site-packages/***/task/task_runner/standard_task_runner.py:61 DeprecationWarning: This process (pid=653) is multi-threaded, use of fork() may lead to deadlocks in the child.
[2024-07-14T20:32:58.363+0000] {standard_task_runner.py:63} INFO - Started process 656 to run task
[2024-07-14T20:32:58.362+0000] {standard_task_runner.py:90} INFO - Running: ['***', 'tasks', 'run', 'fetch_spread_values', 'fetch_and_compute_spread_btc_mxn', 'scheduled__2024-07-14T01:54:00+00:00', '--job-id', '234', '--raw', '--subdir', 'DAGS_FOLDER/***.py', '--cfg-path', '/tmp/tmpyg1vk1nz']
[2024-07-14T20:32:58.364+0000] {standard_task_runner.py:91} INFO - Job 234: Subtask fetch_and_compute_spread_btc_mxn
[2024-07-14T20:32:58.391+0000] {task_command.py:426} INFO - Running <TaskInstance: fetch_spread_values.fetch_and_compute_spread_btc_mxn scheduled__2024-07-14T01:54:00+00:00 [running]> on host 77caf7e4b282
[2024-07-14T20:32:58.442+0000] {taskinstance.py:2648} INFO - Exporting env vars: AIRFLOW_CTX_DAG_OWNER='***' AIRFLOW_CTX_DAG_ID='fetch_spread_values' AIRFLOW_CTX_TASK_ID='fetch_and_compute_spread_btc_mxn' AIRFLOW_CTX_EXECUTION_DATE='2024-07-14T01:54:00+00:00' AIRFLOW_CTX_TRY_NUMBER='1' AIRFLOW_CTX_DAG_RUN_ID='scheduled__2024-07-14T01:54:00+00:00'
[2024-07-14T20:32:58.442+0000] {taskinstance.py:430} INFO - ::endgroup::
[2024-07-14T20:32:58.619+0000] {python.py:237} INFO - Done. Returned value was: None
[2024-07-14T20:32:58.620+0000] {taskinstance.py:441} INFO - ::group::Post task execution logs
[2024-07-14T20:32:58.627+0000] {taskinstance.py:1206} INFO - Marking task as SUCCESS. dag_id=fetch_spread_values, task_id=fetch_and_compute_spread_btc_mxn, run_id=scheduled__2024-07-14T01:54:00+00:00, execution_date=20240714T015400, start_date=20240714T203258, end_date=20240714T203258
[2024-07-14T20:32:58.673+0000] {local_task_job_runner.py:240} INFO - Task exited with return code 0
[2024-07-14T20:32:58.683+0000] {taskinstance.py:3503} INFO - 0 downstream tasks scheduled from follow-on schedule check
[2024-07-14T20:32:58.683+0000] {local_task_job_runner.py:222} INFO - ::endgroup::
