[2024-07-14T08:57:43.686+0000] {local_task_job_runner.py:120} INFO - ::group::Pre task execution logs
[2024-07-14T08:57:43.702+0000] {taskinstance.py:2076} INFO - Dependencies all met for dep_context=non-requeueable deps ti=<TaskInstance: fetch_spread_values.fetch_and_compute_spread_btc_mxn scheduled__2024-07-14T01:00:00+00:00 [queued]>
[2024-07-14T08:57:43.707+0000] {taskinstance.py:2076} INFO - Dependencies all met for dep_context=requeueable deps ti=<TaskInstance: fetch_spread_values.fetch_and_compute_spread_btc_mxn scheduled__2024-07-14T01:00:00+00:00 [queued]>
[2024-07-14T08:57:43.708+0000] {taskinstance.py:2306} INFO - Starting attempt 1 of 2
[2024-07-14T08:57:43.716+0000] {taskinstance.py:2330} INFO - Executing <Task(PythonOperator): fetch_and_compute_spread_btc_mxn> on 2024-07-14 01:00:00+00:00
[2024-07-14T08:57:43.726+0000] {warnings.py:112} WARNING - /home/***/.local/lib/python3.12/site-packages/***/task/task_runner/standard_task_runner.py:61: DeprecationWarning: This process (pid=486) is multi-threaded, use of fork() may lead to deadlocks in the child.
  pid = os.fork()

[2024-07-14T08:57:43.728+0000] {standard_task_runner.py:63} INFO - Started process 510 to run task
[2024-07-14T08:57:43.728+0000] {standard_task_runner.py:90} INFO - Running: ['***', 'tasks', 'run', 'fetch_spread_values', 'fetch_and_compute_spread_btc_mxn', 'scheduled__2024-07-14T01:00:00+00:00', '--job-id', '152', '--raw', '--subdir', 'DAGS_FOLDER/***.py', '--cfg-path', '/tmp/tmptxwtigfs']
[2024-07-14T08:57:43.734+0000] {standard_task_runner.py:91} INFO - Job 152: Subtask fetch_and_compute_spread_btc_mxn
[2024-07-14T08:57:43.782+0000] {task_command.py:426} INFO - Running <TaskInstance: fetch_spread_values.fetch_and_compute_spread_btc_mxn scheduled__2024-07-14T01:00:00+00:00 [running]> on host d537c34a4880
[2024-07-14T08:57:43.868+0000] {taskinstance.py:2648} INFO - Exporting env vars: AIRFLOW_CTX_DAG_OWNER='***' AIRFLOW_CTX_DAG_ID='fetch_spread_values' AIRFLOW_CTX_TASK_ID='fetch_and_compute_spread_btc_mxn' AIRFLOW_CTX_EXECUTION_DATE='2024-07-14T01:00:00+00:00' AIRFLOW_CTX_TRY_NUMBER='1' AIRFLOW_CTX_DAG_RUN_ID='scheduled__2024-07-14T01:00:00+00:00'
[2024-07-14T08:57:43.871+0000] {taskinstance.py:430} INFO - ::endgroup::
[2024-07-14T08:57:44.043+0000] {python.py:237} INFO - Done. Returned value was: None
[2024-07-14T08:57:44.044+0000] {taskinstance.py:441} INFO - ::group::Post task execution logs
[2024-07-14T08:57:44.049+0000] {taskinstance.py:1206} INFO - Marking task as SUCCESS. dag_id=fetch_spread_values, task_id=fetch_and_compute_spread_btc_mxn, run_id=scheduled__2024-07-14T01:00:00+00:00, execution_date=20240714T010000, start_date=20240714T085743, end_date=20240714T085744
[2024-07-14T08:57:44.079+0000] {local_task_job_runner.py:240} INFO - Task exited with return code 0
[2024-07-14T08:57:44.090+0000] {taskinstance.py:3503} INFO - 0 downstream tasks scheduled from follow-on schedule check
[2024-07-14T08:57:44.090+0000] {local_task_job_runner.py:222} INFO - ::endgroup::
[2024-07-14T20:32:27.998+0000] {local_task_job_runner.py:120} INFO - ::group::Pre task execution logs
[2024-07-14T20:32:28.037+0000] {taskinstance.py:2076} INFO - Dependencies all met for dep_context=non-requeueable deps ti=<TaskInstance: fetch_spread_values.fetch_and_compute_spread_btc_mxn scheduled__2024-07-14T01:00:00+00:00 [queued]>
[2024-07-14T20:32:28.043+0000] {taskinstance.py:2076} INFO - Dependencies all met for dep_context=requeueable deps ti=<TaskInstance: fetch_spread_values.fetch_and_compute_spread_btc_mxn scheduled__2024-07-14T01:00:00+00:00 [queued]>
[2024-07-14T20:32:28.047+0000] {taskinstance.py:2306} INFO - Starting attempt 1 of 2
[2024-07-14T20:32:28.063+0000] {taskinstance.py:2330} INFO - Executing <Task(PythonOperator): fetch_and_compute_spread_btc_mxn> on 2024-07-14 01:00:00+00:00
[2024-07-14T20:32:28.068+0000] {logging_mixin.py:188} WARNING - /home/***/.local/lib/python3.12/site-packages/***/task/task_runner/standard_task_runner.py:61 DeprecationWarning: This process (pid=428) is multi-threaded, use of fork() may lead to deadlocks in the child.
[2024-07-14T20:32:28.070+0000] {standard_task_runner.py:90} INFO - Running: ['***', 'tasks', 'run', 'fetch_spread_values', 'fetch_and_compute_spread_btc_mxn', 'scheduled__2024-07-14T01:00:00+00:00', '--job-id', '126', '--raw', '--subdir', 'DAGS_FOLDER/***.py', '--cfg-path', '/tmp/tmpgm5qkvvv']
[2024-07-14T20:32:28.072+0000] {standard_task_runner.py:63} INFO - Started process 441 to run task
[2024-07-14T20:32:28.072+0000] {standard_task_runner.py:91} INFO - Job 126: Subtask fetch_and_compute_spread_btc_mxn
[2024-07-14T20:32:28.137+0000] {task_command.py:426} INFO - Running <TaskInstance: fetch_spread_values.fetch_and_compute_spread_btc_mxn scheduled__2024-07-14T01:00:00+00:00 [running]> on host 77caf7e4b282
[2024-07-14T20:32:28.246+0000] {taskinstance.py:2648} INFO - Exporting env vars: AIRFLOW_CTX_DAG_OWNER='***' AIRFLOW_CTX_DAG_ID='fetch_spread_values' AIRFLOW_CTX_TASK_ID='fetch_and_compute_spread_btc_mxn' AIRFLOW_CTX_EXECUTION_DATE='2024-07-14T01:00:00+00:00' AIRFLOW_CTX_TRY_NUMBER='1' AIRFLOW_CTX_DAG_RUN_ID='scheduled__2024-07-14T01:00:00+00:00'
[2024-07-14T20:32:28.247+0000] {taskinstance.py:430} INFO - ::endgroup::
[2024-07-14T20:32:28.459+0000] {python.py:237} INFO - Done. Returned value was: None
[2024-07-14T20:32:28.465+0000] {taskinstance.py:441} INFO - ::group::Post task execution logs
[2024-07-14T20:32:28.481+0000] {taskinstance.py:1206} INFO - Marking task as SUCCESS. dag_id=fetch_spread_values, task_id=fetch_and_compute_spread_btc_mxn, run_id=scheduled__2024-07-14T01:00:00+00:00, execution_date=20240714T010000, start_date=20240714T203228, end_date=20240714T203228
[2024-07-14T20:32:28.556+0000] {local_task_job_runner.py:240} INFO - Task exited with return code 0
[2024-07-14T20:32:28.580+0000] {taskinstance.py:3503} INFO - 0 downstream tasks scheduled from follow-on schedule check
[2024-07-14T20:32:28.583+0000] {local_task_job_runner.py:222} INFO - ::endgroup::
