[2024-07-14T12:30:02.716+0000] {local_task_job_runner.py:120} INFO - ::group::Pre task execution logs
[2024-07-14T12:30:02.789+0000] {taskinstance.py:2076} INFO - Dependencies all met for dep_context=non-requeueable deps ti=<TaskInstance: fetch_spread_values.fetch_and_compute_spread_usd_mxn scheduled__2024-07-14T12:19:00+00:00 [queued]>
[2024-07-14T12:30:02.816+0000] {taskinstance.py:2076} INFO - Dependencies all met for dep_context=requeueable deps ti=<TaskInstance: fetch_spread_values.fetch_and_compute_spread_usd_mxn scheduled__2024-07-14T12:19:00+00:00 [queued]>
[2024-07-14T12:30:02.819+0000] {taskinstance.py:2306} INFO - Starting attempt 1 of 2
[2024-07-14T12:30:02.867+0000] {taskinstance.py:2330} INFO - Executing <Task(PythonOperator): fetch_and_compute_spread_usd_mxn> on 2024-07-14 12:19:00+00:00
[2024-07-14T12:30:02.891+0000] {warnings.py:112} WARNING - /home/***/.local/lib/python3.12/site-packages/***/task/task_runner/standard_task_runner.py:61: DeprecationWarning: This process (pid=5279) is multi-threaded, use of fork() may lead to deadlocks in the child.
  pid = os.fork()

[2024-07-14T12:30:02.902+0000] {standard_task_runner.py:63} INFO - Started process 5306 to run task
[2024-07-14T12:30:02.920+0000] {standard_task_runner.py:90} INFO - Running: ['***', 'tasks', 'run', 'fetch_spread_values', 'fetch_and_compute_spread_usd_mxn', 'scheduled__2024-07-14T12:19:00+00:00', '--job-id', '1584', '--raw', '--subdir', 'DAGS_FOLDER/***.py', '--cfg-path', '/tmp/tmpgtt28gha']
[2024-07-14T12:30:02.937+0000] {standard_task_runner.py:91} INFO - Job 1584: Subtask fetch_and_compute_spread_usd_mxn
[2024-07-14T12:30:03.062+0000] {task_command.py:426} INFO - Running <TaskInstance: fetch_spread_values.fetch_and_compute_spread_usd_mxn scheduled__2024-07-14T12:19:00+00:00 [running]> on host d537c34a4880
[2024-07-14T12:30:03.262+0000] {taskinstance.py:2648} INFO - Exporting env vars: AIRFLOW_CTX_DAG_OWNER='***' AIRFLOW_CTX_DAG_ID='fetch_spread_values' AIRFLOW_CTX_TASK_ID='fetch_and_compute_spread_usd_mxn' AIRFLOW_CTX_EXECUTION_DATE='2024-07-14T12:19:00+00:00' AIRFLOW_CTX_TRY_NUMBER='1' AIRFLOW_CTX_DAG_RUN_ID='scheduled__2024-07-14T12:19:00+00:00'
[2024-07-14T12:30:03.277+0000] {taskinstance.py:430} INFO - ::endgroup::
[2024-07-14T12:30:03.737+0000] {python.py:237} INFO - Done. Returned value was: None
[2024-07-14T12:30:03.757+0000] {taskinstance.py:441} INFO - ::group::Post task execution logs
[2024-07-14T12:30:03.775+0000] {taskinstance.py:1206} INFO - Marking task as SUCCESS. dag_id=fetch_spread_values, task_id=fetch_and_compute_spread_usd_mxn, run_id=scheduled__2024-07-14T12:19:00+00:00, execution_date=20240714T121900, start_date=20240714T123002, end_date=20240714T123003
[2024-07-14T12:30:03.929+0000] {local_task_job_runner.py:240} INFO - Task exited with return code 0
[2024-07-14T12:30:04.004+0000] {taskinstance.py:3503} INFO - 0 downstream tasks scheduled from follow-on schedule check
[2024-07-14T12:30:04.014+0000] {local_task_job_runner.py:222} INFO - ::endgroup::
[2024-07-14T20:37:32.237+0000] {local_task_job_runner.py:120} INFO - ::group::Pre task execution logs
[2024-07-14T20:37:32.300+0000] {taskinstance.py:2076} INFO - Dependencies all met for dep_context=non-requeueable deps ti=<TaskInstance: fetch_spread_values.fetch_and_compute_spread_usd_mxn scheduled__2024-07-14T12:19:00+00:00 [queued]>
[2024-07-14T20:37:32.319+0000] {taskinstance.py:2076} INFO - Dependencies all met for dep_context=requeueable deps ti=<TaskInstance: fetch_spread_values.fetch_and_compute_spread_usd_mxn scheduled__2024-07-14T12:19:00+00:00 [queued]>
[2024-07-14T20:37:32.320+0000] {taskinstance.py:2306} INFO - Starting attempt 1 of 2
[2024-07-14T20:37:32.344+0000] {taskinstance.py:2330} INFO - Executing <Task(PythonOperator): fetch_and_compute_spread_usd_mxn> on 2024-07-14 12:19:00+00:00
[2024-07-14T20:37:32.351+0000] {logging_mixin.py:188} WARNING - /home/***/.local/lib/python3.12/site-packages/***/task/task_runner/standard_task_runner.py:61 DeprecationWarning: This process (pid=3439) is multi-threaded, use of fork() may lead to deadlocks in the child.
[2024-07-14T20:37:32.352+0000] {standard_task_runner.py:90} INFO - Running: ['***', 'tasks', 'run', 'fetch_spread_values', 'fetch_and_compute_spread_usd_mxn', 'scheduled__2024-07-14T12:19:00+00:00', '--job-id', '1607', '--raw', '--subdir', 'DAGS_FOLDER/***.py', '--cfg-path', '/tmp/tmp4_2wxqx3']
[2024-07-14T20:37:32.353+0000] {standard_task_runner.py:63} INFO - Started process 3449 to run task
[2024-07-14T20:37:32.357+0000] {standard_task_runner.py:91} INFO - Job 1607: Subtask fetch_and_compute_spread_usd_mxn
[2024-07-14T20:37:32.394+0000] {task_command.py:426} INFO - Running <TaskInstance: fetch_spread_values.fetch_and_compute_spread_usd_mxn scheduled__2024-07-14T12:19:00+00:00 [running]> on host 77caf7e4b282
[2024-07-14T20:37:32.458+0000] {taskinstance.py:2648} INFO - Exporting env vars: AIRFLOW_CTX_DAG_OWNER='***' AIRFLOW_CTX_DAG_ID='fetch_spread_values' AIRFLOW_CTX_TASK_ID='fetch_and_compute_spread_usd_mxn' AIRFLOW_CTX_EXECUTION_DATE='2024-07-14T12:19:00+00:00' AIRFLOW_CTX_TRY_NUMBER='1' AIRFLOW_CTX_DAG_RUN_ID='scheduled__2024-07-14T12:19:00+00:00'
[2024-07-14T20:37:32.460+0000] {taskinstance.py:430} INFO - ::endgroup::
[2024-07-14T20:37:32.618+0000] {python.py:237} INFO - Done. Returned value was: None
[2024-07-14T20:37:32.620+0000] {taskinstance.py:441} INFO - ::group::Post task execution logs
[2024-07-14T20:37:32.626+0000] {taskinstance.py:1206} INFO - Marking task as SUCCESS. dag_id=fetch_spread_values, task_id=fetch_and_compute_spread_usd_mxn, run_id=scheduled__2024-07-14T12:19:00+00:00, execution_date=20240714T121900, start_date=20240714T203732, end_date=20240714T203732
[2024-07-14T20:37:32.664+0000] {local_task_job_runner.py:240} INFO - Task exited with return code 0
[2024-07-14T20:37:32.674+0000] {taskinstance.py:3503} INFO - 0 downstream tasks scheduled from follow-on schedule check
[2024-07-14T20:37:32.675+0000] {local_task_job_runner.py:222} INFO - ::endgroup::
