[2024-07-14T09:04:21.736+0000] {local_task_job_runner.py:120} INFO - ::group::Pre task execution logs
[2024-07-14T09:04:21.824+0000] {taskinstance.py:2076} INFO - Dependencies all met for dep_context=non-requeueable deps ti=<TaskInstance: fetch_spread_values.fetch_and_compute_spread_btc_mxn scheduled__2024-07-14T08:12:00+00:00 [queued]>
[2024-07-14T09:04:21.838+0000] {taskinstance.py:2076} INFO - Dependencies all met for dep_context=requeueable deps ti=<TaskInstance: fetch_spread_values.fetch_and_compute_spread_btc_mxn scheduled__2024-07-14T08:12:00+00:00 [queued]>
[2024-07-14T09:04:21.847+0000] {taskinstance.py:2306} INFO - Starting attempt 1 of 2
[2024-07-14T09:04:21.893+0000] {taskinstance.py:2330} INFO - Executing <Task(PythonOperator): fetch_and_compute_spread_btc_mxn> on 2024-07-14 08:12:00+00:00
[2024-07-14T09:04:21.924+0000] {standard_task_runner.py:90} INFO - Running: ['***', 'tasks', 'run', 'fetch_spread_values', 'fetch_and_compute_spread_btc_mxn', 'scheduled__2024-07-14T08:12:00+00:00', '--job-id', '1015', '--raw', '--subdir', 'DAGS_FOLDER/***.py', '--cfg-path', '/tmp/tmpg_zoa8td']
[2024-07-14T09:04:21.929+0000] {standard_task_runner.py:91} INFO - Job 1015: Subtask fetch_and_compute_spread_btc_mxn
[2024-07-14T09:04:21.915+0000] {warnings.py:112} WARNING - /home/***/.local/lib/python3.12/site-packages/***/task/task_runner/standard_task_runner.py:61: DeprecationWarning: This process (pid=3143) is multi-threaded, use of fork() may lead to deadlocks in the child.
  pid = os.fork()

[2024-07-14T09:04:21.930+0000] {standard_task_runner.py:63} INFO - Started process 3182 to run task
[2024-07-14T09:04:22.043+0000] {task_command.py:426} INFO - Running <TaskInstance: fetch_spread_values.fetch_and_compute_spread_btc_mxn scheduled__2024-07-14T08:12:00+00:00 [running]> on host d537c34a4880
[2024-07-14T09:04:22.204+0000] {taskinstance.py:2648} INFO - Exporting env vars: AIRFLOW_CTX_DAG_OWNER='***' AIRFLOW_CTX_DAG_ID='fetch_spread_values' AIRFLOW_CTX_TASK_ID='fetch_and_compute_spread_btc_mxn' AIRFLOW_CTX_EXECUTION_DATE='2024-07-14T08:12:00+00:00' AIRFLOW_CTX_TRY_NUMBER='1' AIRFLOW_CTX_DAG_RUN_ID='scheduled__2024-07-14T08:12:00+00:00'
[2024-07-14T09:04:22.233+0000] {taskinstance.py:430} INFO - ::endgroup::
[2024-07-14T09:04:22.499+0000] {python.py:237} INFO - Done. Returned value was: None
[2024-07-14T09:04:22.523+0000] {taskinstance.py:441} INFO - ::group::Post task execution logs
[2024-07-14T09:04:22.559+0000] {taskinstance.py:1206} INFO - Marking task as SUCCESS. dag_id=fetch_spread_values, task_id=fetch_and_compute_spread_btc_mxn, run_id=scheduled__2024-07-14T08:12:00+00:00, execution_date=20240714T081200, start_date=20240714T090421, end_date=20240714T090422
[2024-07-14T09:04:22.632+0000] {local_task_job_runner.py:240} INFO - Task exited with return code 0
[2024-07-14T09:04:22.670+0000] {taskinstance.py:3503} INFO - 0 downstream tasks scheduled from follow-on schedule check
[2024-07-14T09:04:22.692+0000] {local_task_job_runner.py:222} INFO - ::endgroup::
[2024-07-14T20:36:03.558+0000] {local_task_job_runner.py:120} INFO - ::group::Pre task execution logs
[2024-07-14T20:36:03.585+0000] {taskinstance.py:2076} INFO - Dependencies all met for dep_context=non-requeueable deps ti=<TaskInstance: fetch_spread_values.fetch_and_compute_spread_btc_mxn scheduled__2024-07-14T08:12:00+00:00 [queued]>
[2024-07-14T20:36:03.591+0000] {taskinstance.py:2076} INFO - Dependencies all met for dep_context=requeueable deps ti=<TaskInstance: fetch_spread_values.fetch_and_compute_spread_btc_mxn scheduled__2024-07-14T08:12:00+00:00 [queued]>
[2024-07-14T20:36:03.592+0000] {taskinstance.py:2306} INFO - Starting attempt 1 of 2
[2024-07-14T20:36:03.603+0000] {taskinstance.py:2330} INFO - Executing <Task(PythonOperator): fetch_and_compute_spread_btc_mxn> on 2024-07-14 08:12:00+00:00
[2024-07-14T20:36:03.610+0000] {logging_mixin.py:188} WARNING - /home/***/.local/lib/python3.12/site-packages/***/task/task_runner/standard_task_runner.py:61 DeprecationWarning: This process (pid=2441) is multi-threaded, use of fork() may lead to deadlocks in the child.
[2024-07-14T20:36:03.612+0000] {standard_task_runner.py:63} INFO - Started process 2449 to run task
[2024-07-14T20:36:03.611+0000] {standard_task_runner.py:90} INFO - Running: ['***', 'tasks', 'run', 'fetch_spread_values', 'fetch_and_compute_spread_btc_mxn', 'scheduled__2024-07-14T08:12:00+00:00', '--job-id', '1113', '--raw', '--subdir', 'DAGS_FOLDER/***.py', '--cfg-path', '/tmp/tmp06n9781y']
[2024-07-14T20:36:03.614+0000] {standard_task_runner.py:91} INFO - Job 1113: Subtask fetch_and_compute_spread_btc_mxn
[2024-07-14T20:36:03.660+0000] {task_command.py:426} INFO - Running <TaskInstance: fetch_spread_values.fetch_and_compute_spread_btc_mxn scheduled__2024-07-14T08:12:00+00:00 [running]> on host 77caf7e4b282
[2024-07-14T20:36:03.749+0000] {taskinstance.py:2648} INFO - Exporting env vars: AIRFLOW_CTX_DAG_OWNER='***' AIRFLOW_CTX_DAG_ID='fetch_spread_values' AIRFLOW_CTX_TASK_ID='fetch_and_compute_spread_btc_mxn' AIRFLOW_CTX_EXECUTION_DATE='2024-07-14T08:12:00+00:00' AIRFLOW_CTX_TRY_NUMBER='1' AIRFLOW_CTX_DAG_RUN_ID='scheduled__2024-07-14T08:12:00+00:00'
[2024-07-14T20:36:03.754+0000] {taskinstance.py:430} INFO - ::endgroup::
[2024-07-14T20:36:03.991+0000] {python.py:237} INFO - Done. Returned value was: None
[2024-07-14T20:36:03.994+0000] {taskinstance.py:441} INFO - ::group::Post task execution logs
[2024-07-14T20:36:04.007+0000] {taskinstance.py:1206} INFO - Marking task as SUCCESS. dag_id=fetch_spread_values, task_id=fetch_and_compute_spread_btc_mxn, run_id=scheduled__2024-07-14T08:12:00+00:00, execution_date=20240714T081200, start_date=20240714T203603, end_date=20240714T203604
[2024-07-14T20:36:04.050+0000] {local_task_job_runner.py:240} INFO - Task exited with return code 0
[2024-07-14T20:36:04.073+0000] {taskinstance.py:3503} INFO - 0 downstream tasks scheduled from follow-on schedule check
[2024-07-14T20:36:04.077+0000] {local_task_job_runner.py:222} INFO - ::endgroup::
