[2024-07-14T09:02:03.492+0000] {local_task_job_runner.py:120} INFO - ::group::Pre task execution logs
[2024-07-14T09:02:03.559+0000] {taskinstance.py:2076} INFO - Dependencies all met for dep_context=non-requeueable deps ti=<TaskInstance: fetch_spread_values.fetch_and_compute_spread_btc_mxn scheduled__2024-07-14T05:42:00+00:00 [queued]>
[2024-07-14T09:02:03.604+0000] {taskinstance.py:2076} INFO - Dependencies all met for dep_context=requeueable deps ti=<TaskInstance: fetch_spread_values.fetch_and_compute_spread_btc_mxn scheduled__2024-07-14T05:42:00+00:00 [queued]>
[2024-07-14T09:02:03.609+0000] {taskinstance.py:2306} INFO - Starting attempt 1 of 2
[2024-07-14T09:02:03.670+0000] {taskinstance.py:2330} INFO - Executing <Task(PythonOperator): fetch_and_compute_spread_btc_mxn> on 2024-07-14 05:42:00+00:00
[2024-07-14T09:02:03.679+0000] {warnings.py:112} WARNING - /home/***/.local/lib/python3.12/site-packages/***/task/task_runner/standard_task_runner.py:61: DeprecationWarning: This process (pid=2236) is multi-threaded, use of fork() may lead to deadlocks in the child.
  pid = os.fork()

[2024-07-14T09:02:03.695+0000] {standard_task_runner.py:63} INFO - Started process 2257 to run task
[2024-07-14T09:02:03.689+0000] {standard_task_runner.py:90} INFO - Running: ['***', 'tasks', 'run', 'fetch_spread_values', 'fetch_and_compute_spread_btc_mxn', 'scheduled__2024-07-14T05:42:00+00:00', '--job-id', '713', '--raw', '--subdir', 'DAGS_FOLDER/***.py', '--cfg-path', '/tmp/tmpw7afcubo']
[2024-07-14T09:02:03.709+0000] {standard_task_runner.py:91} INFO - Job 713: Subtask fetch_and_compute_spread_btc_mxn
[2024-07-14T09:02:03.893+0000] {task_command.py:426} INFO - Running <TaskInstance: fetch_spread_values.fetch_and_compute_spread_btc_mxn scheduled__2024-07-14T05:42:00+00:00 [running]> on host d537c34a4880
[2024-07-14T09:02:04.120+0000] {taskinstance.py:2648} INFO - Exporting env vars: AIRFLOW_CTX_DAG_OWNER='***' AIRFLOW_CTX_DAG_ID='fetch_spread_values' AIRFLOW_CTX_TASK_ID='fetch_and_compute_spread_btc_mxn' AIRFLOW_CTX_EXECUTION_DATE='2024-07-14T05:42:00+00:00' AIRFLOW_CTX_TRY_NUMBER='1' AIRFLOW_CTX_DAG_RUN_ID='scheduled__2024-07-14T05:42:00+00:00'
[2024-07-14T09:02:04.122+0000] {taskinstance.py:430} INFO - ::endgroup::
[2024-07-14T09:02:04.501+0000] {python.py:237} INFO - Done. Returned value was: None
[2024-07-14T09:02:04.513+0000] {taskinstance.py:441} INFO - ::group::Post task execution logs
[2024-07-14T09:02:04.539+0000] {taskinstance.py:1206} INFO - Marking task as SUCCESS. dag_id=fetch_spread_values, task_id=fetch_and_compute_spread_btc_mxn, run_id=scheduled__2024-07-14T05:42:00+00:00, execution_date=20240714T054200, start_date=20240714T090203, end_date=20240714T090204
[2024-07-14T09:02:04.593+0000] {local_task_job_runner.py:240} INFO - Task exited with return code 0
[2024-07-14T09:02:04.651+0000] {taskinstance.py:3503} INFO - 0 downstream tasks scheduled from follow-on schedule check
[2024-07-14T09:02:04.688+0000] {local_task_job_runner.py:222} INFO - ::endgroup::
[2024-07-14T20:34:35.477+0000] {local_task_job_runner.py:120} INFO - ::group::Pre task execution logs
[2024-07-14T20:34:35.499+0000] {taskinstance.py:2076} INFO - Dependencies all met for dep_context=non-requeueable deps ti=<TaskInstance: fetch_spread_values.fetch_and_compute_spread_btc_mxn scheduled__2024-07-14T05:42:00+00:00 [queued]>
[2024-07-14T20:34:35.519+0000] {taskinstance.py:2076} INFO - Dependencies all met for dep_context=requeueable deps ti=<TaskInstance: fetch_spread_values.fetch_and_compute_spread_btc_mxn scheduled__2024-07-14T05:42:00+00:00 [queued]>
[2024-07-14T20:34:35.522+0000] {taskinstance.py:2306} INFO - Starting attempt 1 of 2
[2024-07-14T20:34:35.539+0000] {taskinstance.py:2330} INFO - Executing <Task(PythonOperator): fetch_and_compute_spread_btc_mxn> on 2024-07-14 05:42:00+00:00
[2024-07-14T20:34:35.544+0000] {logging_mixin.py:188} WARNING - /home/***/.local/lib/python3.12/site-packages/***/task/task_runner/standard_task_runner.py:61 DeprecationWarning: This process (pid=1580) is multi-threaded, use of fork() may lead to deadlocks in the child.
[2024-07-14T20:34:35.547+0000] {standard_task_runner.py:63} INFO - Started process 1591 to run task
[2024-07-14T20:34:35.545+0000] {standard_task_runner.py:90} INFO - Running: ['***', 'tasks', 'run', 'fetch_spread_values', 'fetch_and_compute_spread_btc_mxn', 'scheduled__2024-07-14T05:42:00+00:00', '--job-id', '690', '--raw', '--subdir', 'DAGS_FOLDER/***.py', '--cfg-path', '/tmp/tmpdibaxdli']
[2024-07-14T20:34:35.549+0000] {standard_task_runner.py:91} INFO - Job 690: Subtask fetch_and_compute_spread_btc_mxn
[2024-07-14T20:34:35.595+0000] {task_command.py:426} INFO - Running <TaskInstance: fetch_spread_values.fetch_and_compute_spread_btc_mxn scheduled__2024-07-14T05:42:00+00:00 [running]> on host 77caf7e4b282
[2024-07-14T20:34:35.711+0000] {taskinstance.py:2648} INFO - Exporting env vars: AIRFLOW_CTX_DAG_OWNER='***' AIRFLOW_CTX_DAG_ID='fetch_spread_values' AIRFLOW_CTX_TASK_ID='fetch_and_compute_spread_btc_mxn' AIRFLOW_CTX_EXECUTION_DATE='2024-07-14T05:42:00+00:00' AIRFLOW_CTX_TRY_NUMBER='1' AIRFLOW_CTX_DAG_RUN_ID='scheduled__2024-07-14T05:42:00+00:00'
[2024-07-14T20:34:35.712+0000] {taskinstance.py:430} INFO - ::endgroup::
[2024-07-14T20:34:35.929+0000] {python.py:237} INFO - Done. Returned value was: None
[2024-07-14T20:34:35.937+0000] {taskinstance.py:441} INFO - ::group::Post task execution logs
[2024-07-14T20:34:35.954+0000] {taskinstance.py:1206} INFO - Marking task as SUCCESS. dag_id=fetch_spread_values, task_id=fetch_and_compute_spread_btc_mxn, run_id=scheduled__2024-07-14T05:42:00+00:00, execution_date=20240714T054200, start_date=20240714T203435, end_date=20240714T203435
[2024-07-14T20:34:35.985+0000] {local_task_job_runner.py:240} INFO - Task exited with return code 0
[2024-07-14T20:34:36.054+0000] {taskinstance.py:3503} INFO - 0 downstream tasks scheduled from follow-on schedule check
[2024-07-14T20:34:36.063+0000] {local_task_job_runner.py:222} INFO - ::endgroup::
