[2024-07-14T09:02:54.044+0000] {local_task_job_runner.py:120} INFO - ::group::Pre task execution logs
[2024-07-14T09:02:54.058+0000] {taskinstance.py:2076} INFO - Dependencies all met for dep_context=non-requeueable deps ti=<TaskInstance: fetch_spread_values.fetch_and_compute_spread_btc_mxn scheduled__2024-07-14T06:45:00+00:00 [queued]>
[2024-07-14T09:02:54.063+0000] {taskinstance.py:2076} INFO - Dependencies all met for dep_context=requeueable deps ti=<TaskInstance: fetch_spread_values.fetch_and_compute_spread_btc_mxn scheduled__2024-07-14T06:45:00+00:00 [queued]>
[2024-07-14T09:02:54.063+0000] {taskinstance.py:2306} INFO - Starting attempt 1 of 2
[2024-07-14T09:02:54.070+0000] {taskinstance.py:2330} INFO - Executing <Task(PythonOperator): fetch_and_compute_spread_btc_mxn> on 2024-07-14 06:45:00+00:00
[2024-07-14T09:02:54.074+0000] {warnings.py:112} WARNING - /home/***/.local/lib/python3.12/site-packages/***/task/task_runner/standard_task_runner.py:61: DeprecationWarning: This process (pid=2617) is multi-threaded, use of fork() may lead to deadlocks in the child.
  pid = os.fork()

[2024-07-14T09:02:54.077+0000] {standard_task_runner.py:63} INFO - Started process 2630 to run task
[2024-07-14T09:02:54.076+0000] {standard_task_runner.py:90} INFO - Running: ['***', 'tasks', 'run', 'fetch_spread_values', 'fetch_and_compute_spread_btc_mxn', 'scheduled__2024-07-14T06:45:00+00:00', '--job-id', '840', '--raw', '--subdir', 'DAGS_FOLDER/***.py', '--cfg-path', '/tmp/tmp4irjkswf']
[2024-07-14T09:02:54.080+0000] {standard_task_runner.py:91} INFO - Job 840: Subtask fetch_and_compute_spread_btc_mxn
[2024-07-14T09:02:54.107+0000] {task_command.py:426} INFO - Running <TaskInstance: fetch_spread_values.fetch_and_compute_spread_btc_mxn scheduled__2024-07-14T06:45:00+00:00 [running]> on host d537c34a4880
[2024-07-14T09:02:54.151+0000] {taskinstance.py:2648} INFO - Exporting env vars: AIRFLOW_CTX_DAG_OWNER='***' AIRFLOW_CTX_DAG_ID='fetch_spread_values' AIRFLOW_CTX_TASK_ID='fetch_and_compute_spread_btc_mxn' AIRFLOW_CTX_EXECUTION_DATE='2024-07-14T06:45:00+00:00' AIRFLOW_CTX_TRY_NUMBER='1' AIRFLOW_CTX_DAG_RUN_ID='scheduled__2024-07-14T06:45:00+00:00'
[2024-07-14T09:02:54.152+0000] {taskinstance.py:430} INFO - ::endgroup::
[2024-07-14T09:02:54.311+0000] {python.py:237} INFO - Done. Returned value was: None
[2024-07-14T09:02:54.312+0000] {taskinstance.py:441} INFO - ::group::Post task execution logs
[2024-07-14T09:02:54.318+0000] {taskinstance.py:1206} INFO - Marking task as SUCCESS. dag_id=fetch_spread_values, task_id=fetch_and_compute_spread_btc_mxn, run_id=scheduled__2024-07-14T06:45:00+00:00, execution_date=20240714T064500, start_date=20240714T090254, end_date=20240714T090254
[2024-07-14T09:02:54.343+0000] {local_task_job_runner.py:240} INFO - Task exited with return code 0
[2024-07-14T09:02:54.356+0000] {taskinstance.py:3503} INFO - 0 downstream tasks scheduled from follow-on schedule check
[2024-07-14T09:02:54.357+0000] {local_task_job_runner.py:222} INFO - ::endgroup::
[2024-07-14T20:35:05.732+0000] {local_task_job_runner.py:120} INFO - ::group::Pre task execution logs
[2024-07-14T20:35:05.775+0000] {taskinstance.py:2076} INFO - Dependencies all met for dep_context=non-requeueable deps ti=<TaskInstance: fetch_spread_values.fetch_and_compute_spread_btc_mxn scheduled__2024-07-14T06:45:00+00:00 [queued]>
[2024-07-14T20:35:05.783+0000] {taskinstance.py:2076} INFO - Dependencies all met for dep_context=requeueable deps ti=<TaskInstance: fetch_spread_values.fetch_and_compute_spread_btc_mxn scheduled__2024-07-14T06:45:00+00:00 [queued]>
[2024-07-14T20:35:05.789+0000] {taskinstance.py:2306} INFO - Starting attempt 1 of 2
[2024-07-14T20:35:05.810+0000] {taskinstance.py:2330} INFO - Executing <Task(PythonOperator): fetch_and_compute_spread_btc_mxn> on 2024-07-14 06:45:00+00:00
[2024-07-14T20:35:05.819+0000] {logging_mixin.py:188} WARNING - /home/***/.local/lib/python3.12/site-packages/***/task/task_runner/standard_task_runner.py:61 DeprecationWarning: This process (pid=1958) is multi-threaded, use of fork() may lead to deadlocks in the child.
[2024-07-14T20:35:05.823+0000] {standard_task_runner.py:63} INFO - Started process 1972 to run task
[2024-07-14T20:35:05.824+0000] {standard_task_runner.py:90} INFO - Running: ['***', 'tasks', 'run', 'fetch_spread_values', 'fetch_and_compute_spread_btc_mxn', 'scheduled__2024-07-14T06:45:00+00:00', '--job-id', '878', '--raw', '--subdir', 'DAGS_FOLDER/***.py', '--cfg-path', '/tmp/tmpo1t5hde7']
[2024-07-14T20:35:05.836+0000] {standard_task_runner.py:91} INFO - Job 878: Subtask fetch_and_compute_spread_btc_mxn
[2024-07-14T20:35:05.889+0000] {task_command.py:426} INFO - Running <TaskInstance: fetch_spread_values.fetch_and_compute_spread_btc_mxn scheduled__2024-07-14T06:45:00+00:00 [running]> on host 77caf7e4b282
[2024-07-14T20:35:05.990+0000] {taskinstance.py:2648} INFO - Exporting env vars: AIRFLOW_CTX_DAG_OWNER='***' AIRFLOW_CTX_DAG_ID='fetch_spread_values' AIRFLOW_CTX_TASK_ID='fetch_and_compute_spread_btc_mxn' AIRFLOW_CTX_EXECUTION_DATE='2024-07-14T06:45:00+00:00' AIRFLOW_CTX_TRY_NUMBER='1' AIRFLOW_CTX_DAG_RUN_ID='scheduled__2024-07-14T06:45:00+00:00'
[2024-07-14T20:35:05.991+0000] {taskinstance.py:430} INFO - ::endgroup::
[2024-07-14T20:35:06.247+0000] {python.py:237} INFO - Done. Returned value was: None
[2024-07-14T20:35:06.255+0000] {taskinstance.py:441} INFO - ::group::Post task execution logs
[2024-07-14T20:35:06.272+0000] {taskinstance.py:1206} INFO - Marking task as SUCCESS. dag_id=fetch_spread_values, task_id=fetch_and_compute_spread_btc_mxn, run_id=scheduled__2024-07-14T06:45:00+00:00, execution_date=20240714T064500, start_date=20240714T203505, end_date=20240714T203506
[2024-07-14T20:35:06.341+0000] {local_task_job_runner.py:240} INFO - Task exited with return code 0
[2024-07-14T20:35:06.353+0000] {local_task_job_runner.py:222} INFO - ::endgroup::
