[2024-07-14T11:30:51.537+0000] {local_task_job_runner.py:120} INFO - ::group::Pre task execution logs
[2024-07-14T11:30:51.569+0000] {taskinstance.py:2076} INFO - Dependencies all met for dep_context=non-requeueable deps ti=<TaskInstance: fetch_spread_values.fetch_and_compute_spread_btc_mxn scheduled__2024-07-14T11:08:00+00:00 [queued]>
[2024-07-14T11:30:51.621+0000] {taskinstance.py:2076} INFO - Dependencies all met for dep_context=requeueable deps ti=<TaskInstance: fetch_spread_values.fetch_and_compute_spread_btc_mxn scheduled__2024-07-14T11:08:00+00:00 [queued]>
[2024-07-14T11:30:51.629+0000] {taskinstance.py:2306} INFO - Starting attempt 1 of 2
[2024-07-14T11:30:51.668+0000] {taskinstance.py:2330} INFO - Executing <Task(PythonOperator): fetch_and_compute_spread_btc_mxn> on 2024-07-14 11:08:00+00:00
[2024-07-14T11:30:51.714+0000] {warnings.py:112} WARNING - /home/***/.local/lib/python3.12/site-packages/***/task/task_runner/standard_task_runner.py:61: DeprecationWarning: This process (pid=4806) is multi-threaded, use of fork() may lead to deadlocks in the child.
  pid = os.fork()

[2024-07-14T11:30:51.717+0000] {standard_task_runner.py:63} INFO - Started process 4832 to run task
[2024-07-14T11:30:51.720+0000] {standard_task_runner.py:90} INFO - Running: ['***', 'tasks', 'run', 'fetch_spread_values', 'fetch_and_compute_spread_btc_mxn', 'scheduled__2024-07-14T11:08:00+00:00', '--job-id', '1434', '--raw', '--subdir', 'DAGS_FOLDER/***.py', '--cfg-path', '/tmp/tmp4xx9l9vs']
[2024-07-14T11:30:51.723+0000] {standard_task_runner.py:91} INFO - Job 1434: Subtask fetch_and_compute_spread_btc_mxn
[2024-07-14T11:30:51.916+0000] {task_command.py:426} INFO - Running <TaskInstance: fetch_spread_values.fetch_and_compute_spread_btc_mxn scheduled__2024-07-14T11:08:00+00:00 [running]> on host d537c34a4880
[2024-07-14T11:30:52.365+0000] {taskinstance.py:2648} INFO - Exporting env vars: AIRFLOW_CTX_DAG_OWNER='***' AIRFLOW_CTX_DAG_ID='fetch_spread_values' AIRFLOW_CTX_TASK_ID='fetch_and_compute_spread_btc_mxn' AIRFLOW_CTX_EXECUTION_DATE='2024-07-14T11:08:00+00:00' AIRFLOW_CTX_TRY_NUMBER='1' AIRFLOW_CTX_DAG_RUN_ID='scheduled__2024-07-14T11:08:00+00:00'
[2024-07-14T11:30:52.386+0000] {taskinstance.py:430} INFO - ::endgroup::
[2024-07-14T11:30:52.944+0000] {python.py:237} INFO - Done. Returned value was: None
[2024-07-14T11:30:52.948+0000] {taskinstance.py:441} INFO - ::group::Post task execution logs
[2024-07-14T11:30:52.974+0000] {taskinstance.py:1206} INFO - Marking task as SUCCESS. dag_id=fetch_spread_values, task_id=fetch_and_compute_spread_btc_mxn, run_id=scheduled__2024-07-14T11:08:00+00:00, execution_date=20240714T110800, start_date=20240714T113051, end_date=20240714T113052
[2024-07-14T11:30:53.052+0000] {local_task_job_runner.py:240} INFO - Task exited with return code 0
[2024-07-14T11:30:53.080+0000] {taskinstance.py:3503} INFO - 0 downstream tasks scheduled from follow-on schedule check
[2024-07-14T11:30:53.152+0000] {local_task_job_runner.py:222} INFO - ::endgroup::
[2024-07-14T20:37:07.101+0000] {local_task_job_runner.py:120} INFO - ::group::Pre task execution logs
[2024-07-14T20:37:07.132+0000] {taskinstance.py:2076} INFO - Dependencies all met for dep_context=non-requeueable deps ti=<TaskInstance: fetch_spread_values.fetch_and_compute_spread_btc_mxn scheduled__2024-07-14T11:08:00+00:00 [queued]>
[2024-07-14T20:37:07.142+0000] {taskinstance.py:2076} INFO - Dependencies all met for dep_context=requeueable deps ti=<TaskInstance: fetch_spread_values.fetch_and_compute_spread_btc_mxn scheduled__2024-07-14T11:08:00+00:00 [queued]>
[2024-07-14T20:37:07.143+0000] {taskinstance.py:2306} INFO - Starting attempt 1 of 2
[2024-07-14T20:37:07.196+0000] {taskinstance.py:2330} INFO - Executing <Task(PythonOperator): fetch_and_compute_spread_btc_mxn> on 2024-07-14 11:08:00+00:00
[2024-07-14T20:37:07.203+0000] {logging_mixin.py:188} WARNING - /home/***/.local/lib/python3.12/site-packages/***/task/task_runner/standard_task_runner.py:61 DeprecationWarning: This process (pid=3150) is multi-threaded, use of fork() may lead to deadlocks in the child.
[2024-07-14T20:37:07.207+0000] {standard_task_runner.py:63} INFO - Started process 3161 to run task
[2024-07-14T20:37:07.205+0000] {standard_task_runner.py:90} INFO - Running: ['***', 'tasks', 'run', 'fetch_spread_values', 'fetch_and_compute_spread_btc_mxn', 'scheduled__2024-07-14T11:08:00+00:00', '--job-id', '1465', '--raw', '--subdir', 'DAGS_FOLDER/***.py', '--cfg-path', '/tmp/tmpn_e808fm']
[2024-07-14T20:37:07.225+0000] {standard_task_runner.py:91} INFO - Job 1465: Subtask fetch_and_compute_spread_btc_mxn
[2024-07-14T20:37:07.267+0000] {task_command.py:426} INFO - Running <TaskInstance: fetch_spread_values.fetch_and_compute_spread_btc_mxn scheduled__2024-07-14T11:08:00+00:00 [running]> on host 77caf7e4b282
[2024-07-14T20:37:07.378+0000] {taskinstance.py:2648} INFO - Exporting env vars: AIRFLOW_CTX_DAG_OWNER='***' AIRFLOW_CTX_DAG_ID='fetch_spread_values' AIRFLOW_CTX_TASK_ID='fetch_and_compute_spread_btc_mxn' AIRFLOW_CTX_EXECUTION_DATE='2024-07-14T11:08:00+00:00' AIRFLOW_CTX_TRY_NUMBER='1' AIRFLOW_CTX_DAG_RUN_ID='scheduled__2024-07-14T11:08:00+00:00'
[2024-07-14T20:37:07.381+0000] {taskinstance.py:430} INFO - ::endgroup::
[2024-07-14T20:37:07.639+0000] {python.py:237} INFO - Done. Returned value was: None
[2024-07-14T20:37:07.645+0000] {taskinstance.py:441} INFO - ::group::Post task execution logs
[2024-07-14T20:37:07.663+0000] {taskinstance.py:1206} INFO - Marking task as SUCCESS. dag_id=fetch_spread_values, task_id=fetch_and_compute_spread_btc_mxn, run_id=scheduled__2024-07-14T11:08:00+00:00, execution_date=20240714T110800, start_date=20240714T203707, end_date=20240714T203707
[2024-07-14T20:37:07.738+0000] {local_task_job_runner.py:240} INFO - Task exited with return code 0
[2024-07-14T20:37:07.759+0000] {taskinstance.py:3503} INFO - 0 downstream tasks scheduled from follow-on schedule check
[2024-07-14T20:37:07.764+0000] {local_task_job_runner.py:222} INFO - ::endgroup::
