[2024-07-14T08:59:44.934+0000] {local_task_job_runner.py:120} INFO - ::group::Pre task execution logs
[2024-07-14T08:59:45.061+0000] {taskinstance.py:2076} INFO - Dependencies all met for dep_context=non-requeueable deps ti=<TaskInstance: fetch_spread_values.fetch_and_compute_spread_btc_mxn scheduled__2024-07-14T03:06:00+00:00 [queued]>
[2024-07-14T08:59:45.081+0000] {taskinstance.py:2076} INFO - Dependencies all met for dep_context=requeueable deps ti=<TaskInstance: fetch_spread_values.fetch_and_compute_spread_btc_mxn scheduled__2024-07-14T03:06:00+00:00 [queued]>
[2024-07-14T08:59:45.082+0000] {taskinstance.py:2306} INFO - Starting attempt 1 of 2
[2024-07-14T08:59:45.129+0000] {taskinstance.py:2330} INFO - Executing <Task(PythonOperator): fetch_and_compute_spread_btc_mxn> on 2024-07-14 03:06:00+00:00
[2024-07-14T08:59:45.147+0000] {warnings.py:112} WARNING - /home/***/.local/lib/python3.12/site-packages/***/task/task_runner/standard_task_runner.py:61: DeprecationWarning: This process (pid=1250) is multi-threaded, use of fork() may lead to deadlocks in the child.
  pid = os.fork()

[2024-07-14T08:59:45.155+0000] {standard_task_runner.py:63} INFO - Started process 1281 to run task
[2024-07-14T08:59:45.150+0000] {standard_task_runner.py:90} INFO - Running: ['***', 'tasks', 'run', 'fetch_spread_values', 'fetch_and_compute_spread_btc_mxn', 'scheduled__2024-07-14T03:06:00+00:00', '--job-id', '401', '--raw', '--subdir', 'DAGS_FOLDER/***.py', '--cfg-path', '/tmp/tmpv9174_pa']
[2024-07-14T08:59:45.167+0000] {standard_task_runner.py:91} INFO - Job 401: Subtask fetch_and_compute_spread_btc_mxn
[2024-07-14T08:59:45.249+0000] {task_command.py:426} INFO - Running <TaskInstance: fetch_spread_values.fetch_and_compute_spread_btc_mxn scheduled__2024-07-14T03:06:00+00:00 [running]> on host d537c34a4880
[2024-07-14T08:59:45.532+0000] {taskinstance.py:2648} INFO - Exporting env vars: AIRFLOW_CTX_DAG_OWNER='***' AIRFLOW_CTX_DAG_ID='fetch_spread_values' AIRFLOW_CTX_TASK_ID='fetch_and_compute_spread_btc_mxn' AIRFLOW_CTX_EXECUTION_DATE='2024-07-14T03:06:00+00:00' AIRFLOW_CTX_TRY_NUMBER='1' AIRFLOW_CTX_DAG_RUN_ID='scheduled__2024-07-14T03:06:00+00:00'
[2024-07-14T08:59:45.535+0000] {taskinstance.py:430} INFO - ::endgroup::
[2024-07-14T08:59:45.817+0000] {python.py:237} INFO - Done. Returned value was: None
[2024-07-14T08:59:45.822+0000] {taskinstance.py:441} INFO - ::group::Post task execution logs
[2024-07-14T08:59:45.878+0000] {taskinstance.py:1206} INFO - Marking task as SUCCESS. dag_id=fetch_spread_values, task_id=fetch_and_compute_spread_btc_mxn, run_id=scheduled__2024-07-14T03:06:00+00:00, execution_date=20240714T030600, start_date=20240714T085945, end_date=20240714T085945
[2024-07-14T08:59:46.133+0000] {local_task_job_runner.py:240} INFO - Task exited with return code 0
[2024-07-14T08:59:46.309+0000] {taskinstance.py:3503} INFO - 0 downstream tasks scheduled from follow-on schedule check
[2024-07-14T08:59:46.326+0000] {local_task_job_runner.py:222} INFO - ::endgroup::
[2024-07-14T20:33:32.839+0000] {local_task_job_runner.py:120} INFO - ::group::Pre task execution logs
[2024-07-14T20:33:32.876+0000] {taskinstance.py:2076} INFO - Dependencies all met for dep_context=non-requeueable deps ti=<TaskInstance: fetch_spread_values.fetch_and_compute_spread_btc_mxn scheduled__2024-07-14T03:06:00+00:00 [queued]>
[2024-07-14T20:33:32.883+0000] {taskinstance.py:2076} INFO - Dependencies all met for dep_context=requeueable deps ti=<TaskInstance: fetch_spread_values.fetch_and_compute_spread_btc_mxn scheduled__2024-07-14T03:06:00+00:00 [queued]>
[2024-07-14T20:33:32.884+0000] {taskinstance.py:2306} INFO - Starting attempt 1 of 2
[2024-07-14T20:33:32.917+0000] {taskinstance.py:2330} INFO - Executing <Task(PythonOperator): fetch_and_compute_spread_btc_mxn> on 2024-07-14 03:06:00+00:00
[2024-07-14T20:33:32.924+0000] {standard_task_runner.py:90} INFO - Running: ['***', 'tasks', 'run', 'fetch_spread_values', 'fetch_and_compute_spread_btc_mxn', 'scheduled__2024-07-14T03:06:00+00:00', '--job-id', '377', '--raw', '--subdir', 'DAGS_FOLDER/***.py', '--cfg-path', '/tmp/tmpbj0xjsb0']
[2024-07-14T20:33:32.925+0000] {logging_mixin.py:188} WARNING - /home/***/.local/lib/python3.12/site-packages/***/task/task_runner/standard_task_runner.py:61 DeprecationWarning: This process (pid=942) is multi-threaded, use of fork() may lead to deadlocks in the child.
[2024-07-14T20:33:32.929+0000] {standard_task_runner.py:63} INFO - Started process 955 to run task
[2024-07-14T20:33:32.929+0000] {standard_task_runner.py:91} INFO - Job 377: Subtask fetch_and_compute_spread_btc_mxn
[2024-07-14T20:33:32.990+0000] {task_command.py:426} INFO - Running <TaskInstance: fetch_spread_values.fetch_and_compute_spread_btc_mxn scheduled__2024-07-14T03:06:00+00:00 [running]> on host 77caf7e4b282
[2024-07-14T20:33:33.086+0000] {taskinstance.py:2648} INFO - Exporting env vars: AIRFLOW_CTX_DAG_OWNER='***' AIRFLOW_CTX_DAG_ID='fetch_spread_values' AIRFLOW_CTX_TASK_ID='fetch_and_compute_spread_btc_mxn' AIRFLOW_CTX_EXECUTION_DATE='2024-07-14T03:06:00+00:00' AIRFLOW_CTX_TRY_NUMBER='1' AIRFLOW_CTX_DAG_RUN_ID='scheduled__2024-07-14T03:06:00+00:00'
[2024-07-14T20:33:33.087+0000] {taskinstance.py:430} INFO - ::endgroup::
[2024-07-14T20:33:33.288+0000] {python.py:237} INFO - Done. Returned value was: None
[2024-07-14T20:33:33.293+0000] {taskinstance.py:441} INFO - ::group::Post task execution logs
[2024-07-14T20:33:33.310+0000] {taskinstance.py:1206} INFO - Marking task as SUCCESS. dag_id=fetch_spread_values, task_id=fetch_and_compute_spread_btc_mxn, run_id=scheduled__2024-07-14T03:06:00+00:00, execution_date=20240714T030600, start_date=20240714T203332, end_date=20240714T203333
[2024-07-14T20:33:33.365+0000] {local_task_job_runner.py:240} INFO - Task exited with return code 0
[2024-07-14T20:33:33.384+0000] {local_task_job_runner.py:222} INFO - ::endgroup::
