[2024-07-14T09:04:42.319+0000] {local_task_job_runner.py:120} INFO - ::group::Pre task execution logs
[2024-07-14T09:04:42.349+0000] {taskinstance.py:2076} INFO - Dependencies all met for dep_context=non-requeueable deps ti=<TaskInstance: fetch_spread_values.fetch_and_compute_spread_usd_mxn scheduled__2024-07-14T08:33:00+00:00 [queued]>
[2024-07-14T09:04:42.371+0000] {taskinstance.py:2076} INFO - Dependencies all met for dep_context=requeueable deps ti=<TaskInstance: fetch_spread_values.fetch_and_compute_spread_usd_mxn scheduled__2024-07-14T08:33:00+00:00 [queued]>
[2024-07-14T09:04:42.374+0000] {taskinstance.py:2306} INFO - Starting attempt 1 of 2
[2024-07-14T09:04:42.394+0000] {taskinstance.py:2330} INFO - Executing <Task(PythonOperator): fetch_and_compute_spread_usd_mxn> on 2024-07-14 08:33:00+00:00
[2024-07-14T09:04:42.463+0000] {standard_task_runner.py:90} INFO - Running: ['***', 'tasks', 'run', 'fetch_spread_values', 'fetch_and_compute_spread_usd_mxn', 'scheduled__2024-07-14T08:33:00+00:00', '--job-id', '1056', '--raw', '--subdir', 'DAGS_FOLDER/***.py', '--cfg-path', '/tmp/tmpsklx06vu']
[2024-07-14T09:04:42.477+0000] {standard_task_runner.py:91} INFO - Job 1056: Subtask fetch_and_compute_spread_usd_mxn
[2024-07-14T09:04:42.455+0000] {warnings.py:112} WARNING - /home/***/.local/lib/python3.12/site-packages/***/task/task_runner/standard_task_runner.py:61: DeprecationWarning: This process (pid=3275) is multi-threaded, use of fork() may lead to deadlocks in the child.
  pid = os.fork()

[2024-07-14T09:04:42.501+0000] {standard_task_runner.py:63} INFO - Started process 3308 to run task
[2024-07-14T09:04:42.623+0000] {task_command.py:426} INFO - Running <TaskInstance: fetch_spread_values.fetch_and_compute_spread_usd_mxn scheduled__2024-07-14T08:33:00+00:00 [running]> on host d537c34a4880
[2024-07-14T09:04:42.762+0000] {taskinstance.py:2648} INFO - Exporting env vars: AIRFLOW_CTX_DAG_OWNER='***' AIRFLOW_CTX_DAG_ID='fetch_spread_values' AIRFLOW_CTX_TASK_ID='fetch_and_compute_spread_usd_mxn' AIRFLOW_CTX_EXECUTION_DATE='2024-07-14T08:33:00+00:00' AIRFLOW_CTX_TRY_NUMBER='1' AIRFLOW_CTX_DAG_RUN_ID='scheduled__2024-07-14T08:33:00+00:00'
[2024-07-14T09:04:42.767+0000] {taskinstance.py:430} INFO - ::endgroup::
[2024-07-14T09:04:43.004+0000] {python.py:237} INFO - Done. Returned value was: None
[2024-07-14T09:04:43.006+0000] {taskinstance.py:441} INFO - ::group::Post task execution logs
[2024-07-14T09:04:43.022+0000] {taskinstance.py:1206} INFO - Marking task as SUCCESS. dag_id=fetch_spread_values, task_id=fetch_and_compute_spread_usd_mxn, run_id=scheduled__2024-07-14T08:33:00+00:00, execution_date=20240714T083300, start_date=20240714T090442, end_date=20240714T090443
[2024-07-14T09:04:43.051+0000] {local_task_job_runner.py:240} INFO - Task exited with return code 0
[2024-07-14T09:04:43.084+0000] {taskinstance.py:3503} INFO - 0 downstream tasks scheduled from follow-on schedule check
[2024-07-14T09:04:43.087+0000] {local_task_job_runner.py:222} INFO - ::endgroup::
[2024-07-14T20:36:11.267+0000] {local_task_job_runner.py:120} INFO - ::group::Pre task execution logs
[2024-07-14T20:36:11.298+0000] {taskinstance.py:2076} INFO - Dependencies all met for dep_context=non-requeueable deps ti=<TaskInstance: fetch_spread_values.fetch_and_compute_spread_usd_mxn scheduled__2024-07-14T08:33:00+00:00 [queued]>
[2024-07-14T20:36:11.312+0000] {taskinstance.py:2076} INFO - Dependencies all met for dep_context=requeueable deps ti=<TaskInstance: fetch_spread_values.fetch_and_compute_spread_usd_mxn scheduled__2024-07-14T08:33:00+00:00 [queued]>
[2024-07-14T20:36:11.313+0000] {taskinstance.py:2306} INFO - Starting attempt 1 of 2
[2024-07-14T20:36:11.335+0000] {taskinstance.py:2330} INFO - Executing <Task(PythonOperator): fetch_and_compute_spread_usd_mxn> on 2024-07-14 08:33:00+00:00
[2024-07-14T20:36:11.345+0000] {standard_task_runner.py:90} INFO - Running: ['***', 'tasks', 'run', 'fetch_spread_values', 'fetch_and_compute_spread_usd_mxn', 'scheduled__2024-07-14T08:33:00+00:00', '--job-id', '1155', '--raw', '--subdir', 'DAGS_FOLDER/***.py', '--cfg-path', '/tmp/tmp50ns1h64']
[2024-07-14T20:36:11.348+0000] {standard_task_runner.py:91} INFO - Job 1155: Subtask fetch_and_compute_spread_usd_mxn
[2024-07-14T20:36:11.357+0000] {logging_mixin.py:188} WARNING - /home/***/.local/lib/python3.12/site-packages/***/task/task_runner/standard_task_runner.py:61 DeprecationWarning: This process (pid=2522) is multi-threaded, use of fork() may lead to deadlocks in the child.
[2024-07-14T20:36:11.363+0000] {standard_task_runner.py:63} INFO - Started process 2533 to run task
[2024-07-14T20:36:11.410+0000] {task_command.py:426} INFO - Running <TaskInstance: fetch_spread_values.fetch_and_compute_spread_usd_mxn scheduled__2024-07-14T08:33:00+00:00 [running]> on host 77caf7e4b282
[2024-07-14T20:36:11.517+0000] {taskinstance.py:2648} INFO - Exporting env vars: AIRFLOW_CTX_DAG_OWNER='***' AIRFLOW_CTX_DAG_ID='fetch_spread_values' AIRFLOW_CTX_TASK_ID='fetch_and_compute_spread_usd_mxn' AIRFLOW_CTX_EXECUTION_DATE='2024-07-14T08:33:00+00:00' AIRFLOW_CTX_TRY_NUMBER='1' AIRFLOW_CTX_DAG_RUN_ID='scheduled__2024-07-14T08:33:00+00:00'
[2024-07-14T20:36:11.520+0000] {taskinstance.py:430} INFO - ::endgroup::
[2024-07-14T20:36:11.737+0000] {python.py:237} INFO - Done. Returned value was: None
[2024-07-14T20:36:11.741+0000] {taskinstance.py:441} INFO - ::group::Post task execution logs
[2024-07-14T20:36:11.754+0000] {taskinstance.py:1206} INFO - Marking task as SUCCESS. dag_id=fetch_spread_values, task_id=fetch_and_compute_spread_usd_mxn, run_id=scheduled__2024-07-14T08:33:00+00:00, execution_date=20240714T083300, start_date=20240714T203611, end_date=20240714T203611
[2024-07-14T20:36:11.791+0000] {local_task_job_runner.py:240} INFO - Task exited with return code 0
[2024-07-14T20:36:11.812+0000] {taskinstance.py:3503} INFO - 0 downstream tasks scheduled from follow-on schedule check
[2024-07-14T20:36:11.818+0000] {local_task_job_runner.py:222} INFO - ::endgroup::
