[2024-07-14T18:29:45.533+0000] {local_task_job_runner.py:120} INFO - ::group::Pre task execution logs
[2024-07-14T18:29:45.692+0000] {taskinstance.py:2076} INFO - Dependencies all met for dep_context=non-requeueable deps ti=<TaskInstance: fetch_spread_values.fetch_and_compute_spread_btc_mxn scheduled__2024-07-14T18:15:00+00:00 [queued]>
[2024-07-14T18:29:45.766+0000] {taskinstance.py:2076} INFO - Dependencies all met for dep_context=requeueable deps ti=<TaskInstance: fetch_spread_values.fetch_and_compute_spread_btc_mxn scheduled__2024-07-14T18:15:00+00:00 [queued]>
[2024-07-14T18:29:45.779+0000] {taskinstance.py:2306} INFO - Starting attempt 1 of 2
[2024-07-14T18:29:45.971+0000] {taskinstance.py:2330} INFO - Executing <Task(PythonOperator): fetch_and_compute_spread_btc_mxn> on 2024-07-14 18:15:00+00:00
[2024-07-14T18:29:45.983+0000] {warnings.py:112} WARNING - /home/***/.local/lib/python3.12/site-packages/***/task/task_runner/standard_task_runner.py:61: DeprecationWarning: This process (pid=7773) is multi-threaded, use of fork() may lead to deadlocks in the child.
  pid = os.fork()

[2024-07-14T18:29:45.990+0000] {standard_task_runner.py:63} INFO - Started process 7810 to run task
[2024-07-14T18:29:45.991+0000] {standard_task_runner.py:90} INFO - Running: ['***', 'tasks', 'run', 'fetch_spread_values', 'fetch_and_compute_spread_btc_mxn', 'scheduled__2024-07-14T18:15:00+00:00', '--job-id', '2346', '--raw', '--subdir', 'DAGS_FOLDER/***.py', '--cfg-path', '/tmp/tmp18oytj42']
[2024-07-14T18:29:45.999+0000] {standard_task_runner.py:91} INFO - Job 2346: Subtask fetch_and_compute_spread_btc_mxn
[2024-07-14T18:29:46.251+0000] {task_command.py:426} INFO - Running <TaskInstance: fetch_spread_values.fetch_and_compute_spread_btc_mxn scheduled__2024-07-14T18:15:00+00:00 [running]> on host d537c34a4880
[2024-07-14T18:29:46.809+0000] {taskinstance.py:2648} INFO - Exporting env vars: AIRFLOW_CTX_DAG_OWNER='***' AIRFLOW_CTX_DAG_ID='fetch_spread_values' AIRFLOW_CTX_TASK_ID='fetch_and_compute_spread_btc_mxn' AIRFLOW_CTX_EXECUTION_DATE='2024-07-14T18:15:00+00:00' AIRFLOW_CTX_TRY_NUMBER='1' AIRFLOW_CTX_DAG_RUN_ID='scheduled__2024-07-14T18:15:00+00:00'
[2024-07-14T18:29:46.838+0000] {taskinstance.py:430} INFO - ::endgroup::
[2024-07-14T18:29:47.757+0000] {python.py:237} INFO - Done. Returned value was: None
[2024-07-14T18:29:47.783+0000] {taskinstance.py:441} INFO - ::group::Post task execution logs
[2024-07-14T18:29:47.865+0000] {taskinstance.py:1206} INFO - Marking task as SUCCESS. dag_id=fetch_spread_values, task_id=fetch_and_compute_spread_btc_mxn, run_id=scheduled__2024-07-14T18:15:00+00:00, execution_date=20240714T181500, start_date=20240714T182945, end_date=20240714T182947
[2024-07-14T18:29:47.986+0000] {local_task_job_runner.py:240} INFO - Task exited with return code 0
[2024-07-14T18:29:48.056+0000] {taskinstance.py:3503} INFO - 0 downstream tasks scheduled from follow-on schedule check
[2024-07-14T18:29:48.085+0000] {local_task_job_runner.py:222} INFO - ::endgroup::
[2024-07-14T20:39:41.576+0000] {local_task_job_runner.py:120} INFO - ::group::Pre task execution logs
[2024-07-14T20:39:41.629+0000] {taskinstance.py:2076} INFO - Dependencies all met for dep_context=non-requeueable deps ti=<TaskInstance: fetch_spread_values.fetch_and_compute_spread_btc_mxn scheduled__2024-07-14T18:15:00+00:00 [queued]>
[2024-07-14T20:39:41.637+0000] {taskinstance.py:2076} INFO - Dependencies all met for dep_context=requeueable deps ti=<TaskInstance: fetch_spread_values.fetch_and_compute_spread_btc_mxn scheduled__2024-07-14T18:15:00+00:00 [queued]>
[2024-07-14T20:39:41.638+0000] {taskinstance.py:2306} INFO - Starting attempt 1 of 2
[2024-07-14T20:39:41.659+0000] {taskinstance.py:2330} INFO - Executing <Task(PythonOperator): fetch_and_compute_spread_btc_mxn> on 2024-07-14 18:15:00+00:00
[2024-07-14T20:39:41.675+0000] {logging_mixin.py:188} WARNING - /home/***/.local/lib/python3.12/site-packages/***/task/task_runner/standard_task_runner.py:61 DeprecationWarning: This process (pid=4885) is multi-threaded, use of fork() may lead to deadlocks in the child.
[2024-07-14T20:39:41.678+0000] {standard_task_runner.py:63} INFO - Started process 4896 to run task
[2024-07-14T20:39:41.680+0000] {standard_task_runner.py:90} INFO - Running: ['***', 'tasks', 'run', 'fetch_spread_values', 'fetch_and_compute_spread_btc_mxn', 'scheduled__2024-07-14T18:15:00+00:00', '--job-id', '2318', '--raw', '--subdir', 'DAGS_FOLDER/***.py', '--cfg-path', '/tmp/tmpleiclft2']
[2024-07-14T20:39:41.683+0000] {standard_task_runner.py:91} INFO - Job 2318: Subtask fetch_and_compute_spread_btc_mxn
[2024-07-14T20:39:41.761+0000] {task_command.py:426} INFO - Running <TaskInstance: fetch_spread_values.fetch_and_compute_spread_btc_mxn scheduled__2024-07-14T18:15:00+00:00 [running]> on host 77caf7e4b282
[2024-07-14T20:39:41.946+0000] {taskinstance.py:2648} INFO - Exporting env vars: AIRFLOW_CTX_DAG_OWNER='***' AIRFLOW_CTX_DAG_ID='fetch_spread_values' AIRFLOW_CTX_TASK_ID='fetch_and_compute_spread_btc_mxn' AIRFLOW_CTX_EXECUTION_DATE='2024-07-14T18:15:00+00:00' AIRFLOW_CTX_TRY_NUMBER='1' AIRFLOW_CTX_DAG_RUN_ID='scheduled__2024-07-14T18:15:00+00:00'
[2024-07-14T20:39:41.955+0000] {taskinstance.py:430} INFO - ::endgroup::
[2024-07-14T20:39:42.208+0000] {python.py:237} INFO - Done. Returned value was: None
[2024-07-14T20:39:42.211+0000] {taskinstance.py:441} INFO - ::group::Post task execution logs
[2024-07-14T20:39:42.234+0000] {taskinstance.py:1206} INFO - Marking task as SUCCESS. dag_id=fetch_spread_values, task_id=fetch_and_compute_spread_btc_mxn, run_id=scheduled__2024-07-14T18:15:00+00:00, execution_date=20240714T181500, start_date=20240714T203941, end_date=20240714T203942
[2024-07-14T20:39:42.283+0000] {local_task_job_runner.py:240} INFO - Task exited with return code 0
[2024-07-14T20:39:42.304+0000] {taskinstance.py:3503} INFO - 0 downstream tasks scheduled from follow-on schedule check
[2024-07-14T20:39:42.326+0000] {local_task_job_runner.py:222} INFO - ::endgroup::
