[2024-07-14T13:13:41.612+0000] {local_task_job_runner.py:120} INFO - ::group::Pre task execution logs
[2024-07-14T13:13:41.644+0000] {taskinstance.py:2076} INFO - Dependencies all met for dep_context=non-requeueable deps ti=<TaskInstance: fetch_spread_values.fetch_and_compute_spread_btc_mxn scheduled__2024-07-14T13:11:00+00:00 [queued]>
[2024-07-14T13:13:41.659+0000] {taskinstance.py:2076} INFO - Dependencies all met for dep_context=requeueable deps ti=<TaskInstance: fetch_spread_values.fetch_and_compute_spread_btc_mxn scheduled__2024-07-14T13:11:00+00:00 [queued]>
[2024-07-14T13:13:41.660+0000] {taskinstance.py:2306} INFO - Starting attempt 1 of 2
[2024-07-14T13:13:41.672+0000] {taskinstance.py:2330} INFO - Executing <Task(PythonOperator): fetch_and_compute_spread_btc_mxn> on 2024-07-14 13:11:00+00:00
[2024-07-14T13:13:41.678+0000] {warnings.py:112} WARNING - /home/***/.local/lib/python3.12/site-packages/***/task/task_runner/standard_task_runner.py:61: DeprecationWarning: This process (pid=5648) is multi-threaded, use of fork() may lead to deadlocks in the child.
  pid = os.fork()

[2024-07-14T13:13:41.681+0000] {standard_task_runner.py:63} INFO - Started process 5655 to run task
[2024-07-14T13:13:41.682+0000] {standard_task_runner.py:90} INFO - Running: ['***', 'tasks', 'run', 'fetch_spread_values', 'fetch_and_compute_spread_btc_mxn', 'scheduled__2024-07-14T13:11:00+00:00', '--job-id', '1694', '--raw', '--subdir', 'DAGS_FOLDER/***.py', '--cfg-path', '/tmp/tmpz01wi5jg']
[2024-07-14T13:13:41.689+0000] {standard_task_runner.py:91} INFO - Job 1694: Subtask fetch_and_compute_spread_btc_mxn
[2024-07-14T13:13:41.754+0000] {task_command.py:426} INFO - Running <TaskInstance: fetch_spread_values.fetch_and_compute_spread_btc_mxn scheduled__2024-07-14T13:11:00+00:00 [running]> on host d537c34a4880
[2024-07-14T13:13:41.830+0000] {taskinstance.py:2648} INFO - Exporting env vars: AIRFLOW_CTX_DAG_OWNER='***' AIRFLOW_CTX_DAG_ID='fetch_spread_values' AIRFLOW_CTX_TASK_ID='fetch_and_compute_spread_btc_mxn' AIRFLOW_CTX_EXECUTION_DATE='2024-07-14T13:11:00+00:00' AIRFLOW_CTX_TRY_NUMBER='1' AIRFLOW_CTX_DAG_RUN_ID='scheduled__2024-07-14T13:11:00+00:00'
[2024-07-14T13:13:41.833+0000] {taskinstance.py:430} INFO - ::endgroup::
[2024-07-14T13:13:42.260+0000] {python.py:237} INFO - Done. Returned value was: None
[2024-07-14T13:13:42.261+0000] {taskinstance.py:441} INFO - ::group::Post task execution logs
[2024-07-14T13:13:42.269+0000] {taskinstance.py:1206} INFO - Marking task as SUCCESS. dag_id=fetch_spread_values, task_id=fetch_and_compute_spread_btc_mxn, run_id=scheduled__2024-07-14T13:11:00+00:00, execution_date=20240714T131100, start_date=20240714T131341, end_date=20240714T131342
[2024-07-14T13:13:42.300+0000] {local_task_job_runner.py:240} INFO - Task exited with return code 0
[2024-07-14T13:13:42.311+0000] {taskinstance.py:3503} INFO - 0 downstream tasks scheduled from follow-on schedule check
[2024-07-14T13:13:42.312+0000] {local_task_job_runner.py:222} INFO - ::endgroup::
[2024-07-14T20:37:51.621+0000] {local_task_job_runner.py:120} INFO - ::group::Pre task execution logs
[2024-07-14T20:37:51.640+0000] {taskinstance.py:2076} INFO - Dependencies all met for dep_context=non-requeueable deps ti=<TaskInstance: fetch_spread_values.fetch_and_compute_spread_btc_mxn scheduled__2024-07-14T13:11:00+00:00 [queued]>
[2024-07-14T20:37:51.644+0000] {taskinstance.py:2076} INFO - Dependencies all met for dep_context=requeueable deps ti=<TaskInstance: fetch_spread_values.fetch_and_compute_spread_btc_mxn scheduled__2024-07-14T13:11:00+00:00 [queued]>
[2024-07-14T20:37:51.644+0000] {taskinstance.py:2306} INFO - Starting attempt 1 of 2
[2024-07-14T20:37:51.651+0000] {taskinstance.py:2330} INFO - Executing <Task(PythonOperator): fetch_and_compute_spread_btc_mxn> on 2024-07-14 13:11:00+00:00
[2024-07-14T20:37:51.659+0000] {logging_mixin.py:188} WARNING - /home/***/.local/lib/python3.12/site-packages/***/task/task_runner/standard_task_runner.py:61 DeprecationWarning: This process (pid=3655) is multi-threaded, use of fork() may lead to deadlocks in the child.
[2024-07-14T20:37:51.660+0000] {standard_task_runner.py:63} INFO - Started process 3660 to run task
[2024-07-14T20:37:51.660+0000] {standard_task_runner.py:90} INFO - Running: ['***', 'tasks', 'run', 'fetch_spread_values', 'fetch_and_compute_spread_btc_mxn', 'scheduled__2024-07-14T13:11:00+00:00', '--job-id', '1709', '--raw', '--subdir', 'DAGS_FOLDER/***.py', '--cfg-path', '/tmp/tmpz2ytcq04']
[2024-07-14T20:37:51.662+0000] {standard_task_runner.py:91} INFO - Job 1709: Subtask fetch_and_compute_spread_btc_mxn
[2024-07-14T20:37:51.689+0000] {task_command.py:426} INFO - Running <TaskInstance: fetch_spread_values.fetch_and_compute_spread_btc_mxn scheduled__2024-07-14T13:11:00+00:00 [running]> on host 77caf7e4b282
[2024-07-14T20:37:51.735+0000] {taskinstance.py:2648} INFO - Exporting env vars: AIRFLOW_CTX_DAG_OWNER='***' AIRFLOW_CTX_DAG_ID='fetch_spread_values' AIRFLOW_CTX_TASK_ID='fetch_and_compute_spread_btc_mxn' AIRFLOW_CTX_EXECUTION_DATE='2024-07-14T13:11:00+00:00' AIRFLOW_CTX_TRY_NUMBER='1' AIRFLOW_CTX_DAG_RUN_ID='scheduled__2024-07-14T13:11:00+00:00'
[2024-07-14T20:37:51.736+0000] {taskinstance.py:430} INFO - ::endgroup::
[2024-07-14T20:37:51.877+0000] {python.py:237} INFO - Done. Returned value was: None
[2024-07-14T20:37:51.878+0000] {taskinstance.py:441} INFO - ::group::Post task execution logs
[2024-07-14T20:37:51.886+0000] {taskinstance.py:1206} INFO - Marking task as SUCCESS. dag_id=fetch_spread_values, task_id=fetch_and_compute_spread_btc_mxn, run_id=scheduled__2024-07-14T13:11:00+00:00, execution_date=20240714T131100, start_date=20240714T203751, end_date=20240714T203751
[2024-07-14T20:37:51.922+0000] {local_task_job_runner.py:240} INFO - Task exited with return code 0
[2024-07-14T20:37:51.929+0000] {local_task_job_runner.py:222} INFO - ::endgroup::
