[2024-07-14T09:01:35.292+0000] {local_task_job_runner.py:120} INFO - ::group::Pre task execution logs
[2024-07-14T09:01:35.344+0000] {taskinstance.py:2076} INFO - Dependencies all met for dep_context=non-requeueable deps ti=<TaskInstance: fetch_spread_values.fetch_and_compute_spread_btc_mxn scheduled__2024-07-14T05:10:00+00:00 [queued]>
[2024-07-14T09:01:35.353+0000] {taskinstance.py:2076} INFO - Dependencies all met for dep_context=requeueable deps ti=<TaskInstance: fetch_spread_values.fetch_and_compute_spread_btc_mxn scheduled__2024-07-14T05:10:00+00:00 [queued]>
[2024-07-14T09:01:35.354+0000] {taskinstance.py:2306} INFO - Starting attempt 1 of 2
[2024-07-14T09:01:35.382+0000] {taskinstance.py:2330} INFO - Executing <Task(PythonOperator): fetch_and_compute_spread_btc_mxn> on 2024-07-14 05:10:00+00:00
[2024-07-14T09:01:35.404+0000] {warnings.py:112} WARNING - /home/***/.local/lib/python3.12/site-packages/***/task/task_runner/standard_task_runner.py:61: DeprecationWarning: This process (pid=2042) is multi-threaded, use of fork() may lead to deadlocks in the child.
  pid = os.fork()

[2024-07-14T09:01:35.421+0000] {standard_task_runner.py:63} INFO - Started process 2062 to run task
[2024-07-14T09:01:35.417+0000] {standard_task_runner.py:90} INFO - Running: ['***', 'tasks', 'run', 'fetch_spread_values', 'fetch_and_compute_spread_btc_mxn', 'scheduled__2024-07-14T05:10:00+00:00', '--job-id', '649', '--raw', '--subdir', 'DAGS_FOLDER/***.py', '--cfg-path', '/tmp/tmpiecz3xls']
[2024-07-14T09:01:35.427+0000] {standard_task_runner.py:91} INFO - Job 649: Subtask fetch_and_compute_spread_btc_mxn
[2024-07-14T09:01:35.689+0000] {task_command.py:426} INFO - Running <TaskInstance: fetch_spread_values.fetch_and_compute_spread_btc_mxn scheduled__2024-07-14T05:10:00+00:00 [running]> on host d537c34a4880
[2024-07-14T09:01:35.895+0000] {taskinstance.py:2648} INFO - Exporting env vars: AIRFLOW_CTX_DAG_OWNER='***' AIRFLOW_CTX_DAG_ID='fetch_spread_values' AIRFLOW_CTX_TASK_ID='fetch_and_compute_spread_btc_mxn' AIRFLOW_CTX_EXECUTION_DATE='2024-07-14T05:10:00+00:00' AIRFLOW_CTX_TRY_NUMBER='1' AIRFLOW_CTX_DAG_RUN_ID='scheduled__2024-07-14T05:10:00+00:00'
[2024-07-14T09:01:35.898+0000] {taskinstance.py:430} INFO - ::endgroup::
[2024-07-14T09:01:36.245+0000] {python.py:237} INFO - Done. Returned value was: None
[2024-07-14T09:01:36.255+0000] {taskinstance.py:441} INFO - ::group::Post task execution logs
[2024-07-14T09:01:36.280+0000] {taskinstance.py:1206} INFO - Marking task as SUCCESS. dag_id=fetch_spread_values, task_id=fetch_and_compute_spread_btc_mxn, run_id=scheduled__2024-07-14T05:10:00+00:00, execution_date=20240714T051000, start_date=20240714T090135, end_date=20240714T090136
[2024-07-14T09:01:36.364+0000] {local_task_job_runner.py:240} INFO - Task exited with return code 0
[2024-07-14T09:01:36.416+0000] {taskinstance.py:3503} INFO - 0 downstream tasks scheduled from follow-on schedule check
[2024-07-14T09:01:36.440+0000] {local_task_job_runner.py:222} INFO - ::endgroup::
[2024-07-14T20:34:17.897+0000] {local_task_job_runner.py:120} INFO - ::group::Pre task execution logs
[2024-07-14T20:34:17.933+0000] {taskinstance.py:2076} INFO - Dependencies all met for dep_context=non-requeueable deps ti=<TaskInstance: fetch_spread_values.fetch_and_compute_spread_btc_mxn scheduled__2024-07-14T05:10:00+00:00 [queued]>
[2024-07-14T20:34:17.943+0000] {taskinstance.py:2076} INFO - Dependencies all met for dep_context=requeueable deps ti=<TaskInstance: fetch_spread_values.fetch_and_compute_spread_btc_mxn scheduled__2024-07-14T05:10:00+00:00 [queued]>
[2024-07-14T20:34:17.945+0000] {taskinstance.py:2306} INFO - Starting attempt 1 of 2
[2024-07-14T20:34:17.963+0000] {taskinstance.py:2330} INFO - Executing <Task(PythonOperator): fetch_and_compute_spread_btc_mxn> on 2024-07-14 05:10:00+00:00
[2024-07-14T20:34:17.971+0000] {logging_mixin.py:188} WARNING - /home/***/.local/lib/python3.12/site-packages/***/task/task_runner/standard_task_runner.py:61 DeprecationWarning: This process (pid=1446) is multi-threaded, use of fork() may lead to deadlocks in the child.
[2024-07-14T20:34:17.974+0000] {standard_task_runner.py:63} INFO - Started process 1457 to run task
[2024-07-14T20:34:17.973+0000] {standard_task_runner.py:90} INFO - Running: ['***', 'tasks', 'run', 'fetch_spread_values', 'fetch_and_compute_spread_btc_mxn', 'scheduled__2024-07-14T05:10:00+00:00', '--job-id', '625', '--raw', '--subdir', 'DAGS_FOLDER/***.py', '--cfg-path', '/tmp/tmplh0n6wwb']
[2024-07-14T20:34:17.976+0000] {standard_task_runner.py:91} INFO - Job 625: Subtask fetch_and_compute_spread_btc_mxn
[2024-07-14T20:34:18.023+0000] {task_command.py:426} INFO - Running <TaskInstance: fetch_spread_values.fetch_and_compute_spread_btc_mxn scheduled__2024-07-14T05:10:00+00:00 [running]> on host 77caf7e4b282
[2024-07-14T20:34:18.079+0000] {taskinstance.py:2648} INFO - Exporting env vars: AIRFLOW_CTX_DAG_OWNER='***' AIRFLOW_CTX_DAG_ID='fetch_spread_values' AIRFLOW_CTX_TASK_ID='fetch_and_compute_spread_btc_mxn' AIRFLOW_CTX_EXECUTION_DATE='2024-07-14T05:10:00+00:00' AIRFLOW_CTX_TRY_NUMBER='1' AIRFLOW_CTX_DAG_RUN_ID='scheduled__2024-07-14T05:10:00+00:00'
[2024-07-14T20:34:18.079+0000] {taskinstance.py:430} INFO - ::endgroup::
[2024-07-14T20:34:18.244+0000] {python.py:237} INFO - Done. Returned value was: None
[2024-07-14T20:34:18.245+0000] {taskinstance.py:441} INFO - ::group::Post task execution logs
[2024-07-14T20:34:18.250+0000] {taskinstance.py:1206} INFO - Marking task as SUCCESS. dag_id=fetch_spread_values, task_id=fetch_and_compute_spread_btc_mxn, run_id=scheduled__2024-07-14T05:10:00+00:00, execution_date=20240714T051000, start_date=20240714T203417, end_date=20240714T203418
[2024-07-14T20:34:18.278+0000] {local_task_job_runner.py:240} INFO - Task exited with return code 0
[2024-07-14T20:34:18.287+0000] {taskinstance.py:3503} INFO - 0 downstream tasks scheduled from follow-on schedule check
[2024-07-14T20:34:18.287+0000] {local_task_job_runner.py:222} INFO - ::endgroup::
