[2024-07-14T09:03:19.721+0000] {local_task_job_runner.py:120} INFO - ::group::Pre task execution logs
[2024-07-14T09:03:19.790+0000] {taskinstance.py:2076} INFO - Dependencies all met for dep_context=non-requeueable deps ti=<TaskInstance: fetch_spread_values.fetch_and_compute_spread_usd_mxn scheduled__2024-07-14T07:07:00+00:00 [queued]>
[2024-07-14T09:03:19.816+0000] {taskinstance.py:2076} INFO - Dependencies all met for dep_context=requeueable deps ti=<TaskInstance: fetch_spread_values.fetch_and_compute_spread_usd_mxn scheduled__2024-07-14T07:07:00+00:00 [queued]>
[2024-07-14T09:03:19.826+0000] {taskinstance.py:2306} INFO - Starting attempt 1 of 2
[2024-07-14T09:03:19.873+0000] {taskinstance.py:2330} INFO - Executing <Task(PythonOperator): fetch_and_compute_spread_usd_mxn> on 2024-07-14 07:07:00+00:00
[2024-07-14T09:03:19.892+0000] {warnings.py:112} WARNING - /home/***/.local/lib/python3.12/site-packages/***/task/task_runner/standard_task_runner.py:61: DeprecationWarning: This process (pid=2753) is multi-threaded, use of fork() may lead to deadlocks in the child.
  pid = os.fork()

[2024-07-14T09:03:19.894+0000] {standard_task_runner.py:63} INFO - Started process 2783 to run task
[2024-07-14T09:03:19.898+0000] {standard_task_runner.py:90} INFO - Running: ['***', 'tasks', 'run', 'fetch_spread_values', 'fetch_and_compute_spread_usd_mxn', 'scheduled__2024-07-14T07:07:00+00:00', '--job-id', '884', '--raw', '--subdir', 'DAGS_FOLDER/***.py', '--cfg-path', '/tmp/tmpwgqdhjmf']
[2024-07-14T09:03:19.906+0000] {standard_task_runner.py:91} INFO - Job 884: Subtask fetch_and_compute_spread_usd_mxn
[2024-07-14T09:03:20.120+0000] {task_command.py:426} INFO - Running <TaskInstance: fetch_spread_values.fetch_and_compute_spread_usd_mxn scheduled__2024-07-14T07:07:00+00:00 [running]> on host d537c34a4880
[2024-07-14T09:03:20.491+0000] {taskinstance.py:2648} INFO - Exporting env vars: AIRFLOW_CTX_DAG_OWNER='***' AIRFLOW_CTX_DAG_ID='fetch_spread_values' AIRFLOW_CTX_TASK_ID='fetch_and_compute_spread_usd_mxn' AIRFLOW_CTX_EXECUTION_DATE='2024-07-14T07:07:00+00:00' AIRFLOW_CTX_TRY_NUMBER='1' AIRFLOW_CTX_DAG_RUN_ID='scheduled__2024-07-14T07:07:00+00:00'
[2024-07-14T09:03:20.504+0000] {taskinstance.py:430} INFO - ::endgroup::
[2024-07-14T09:03:20.775+0000] {python.py:237} INFO - Done. Returned value was: None
[2024-07-14T09:03:20.787+0000] {taskinstance.py:441} INFO - ::group::Post task execution logs
[2024-07-14T09:03:20.806+0000] {taskinstance.py:1206} INFO - Marking task as SUCCESS. dag_id=fetch_spread_values, task_id=fetch_and_compute_spread_usd_mxn, run_id=scheduled__2024-07-14T07:07:00+00:00, execution_date=20240714T070700, start_date=20240714T090319, end_date=20240714T090320
[2024-07-14T09:03:20.858+0000] {local_task_job_runner.py:240} INFO - Task exited with return code 0
[2024-07-14T09:03:20.901+0000] {taskinstance.py:3503} INFO - 0 downstream tasks scheduled from follow-on schedule check
[2024-07-14T09:03:20.904+0000] {local_task_job_runner.py:222} INFO - ::endgroup::
[2024-07-14T20:35:12.433+0000] {local_task_job_runner.py:120} INFO - ::group::Pre task execution logs
[2024-07-14T20:35:12.456+0000] {taskinstance.py:2076} INFO - Dependencies all met for dep_context=non-requeueable deps ti=<TaskInstance: fetch_spread_values.fetch_and_compute_spread_usd_mxn scheduled__2024-07-14T07:07:00+00:00 [queued]>
[2024-07-14T20:35:12.469+0000] {taskinstance.py:2076} INFO - Dependencies all met for dep_context=requeueable deps ti=<TaskInstance: fetch_spread_values.fetch_and_compute_spread_usd_mxn scheduled__2024-07-14T07:07:00+00:00 [queued]>
[2024-07-14T20:35:12.470+0000] {taskinstance.py:2306} INFO - Starting attempt 1 of 2
[2024-07-14T20:35:12.489+0000] {taskinstance.py:2330} INFO - Executing <Task(PythonOperator): fetch_and_compute_spread_usd_mxn> on 2024-07-14 07:07:00+00:00
[2024-07-14T20:35:12.498+0000] {logging_mixin.py:188} WARNING - /home/***/.local/lib/python3.12/site-packages/***/task/task_runner/standard_task_runner.py:61 DeprecationWarning: This process (pid=2082) is multi-threaded, use of fork() may lead to deadlocks in the child.
[2024-07-14T20:35:12.499+0000] {standard_task_runner.py:63} INFO - Started process 2090 to run task
[2024-07-14T20:35:12.500+0000] {standard_task_runner.py:90} INFO - Running: ['***', 'tasks', 'run', 'fetch_spread_values', 'fetch_and_compute_spread_usd_mxn', 'scheduled__2024-07-14T07:07:00+00:00', '--job-id', '941', '--raw', '--subdir', 'DAGS_FOLDER/***.py', '--cfg-path', '/tmp/tmpm2qd_wly']
[2024-07-14T20:35:12.504+0000] {standard_task_runner.py:91} INFO - Job 941: Subtask fetch_and_compute_spread_usd_mxn
[2024-07-14T20:35:12.628+0000] {task_command.py:426} INFO - Running <TaskInstance: fetch_spread_values.fetch_and_compute_spread_usd_mxn scheduled__2024-07-14T07:07:00+00:00 [running]> on host 77caf7e4b282
[2024-07-14T20:35:12.724+0000] {taskinstance.py:2648} INFO - Exporting env vars: AIRFLOW_CTX_DAG_OWNER='***' AIRFLOW_CTX_DAG_ID='fetch_spread_values' AIRFLOW_CTX_TASK_ID='fetch_and_compute_spread_usd_mxn' AIRFLOW_CTX_EXECUTION_DATE='2024-07-14T07:07:00+00:00' AIRFLOW_CTX_TRY_NUMBER='1' AIRFLOW_CTX_DAG_RUN_ID='scheduled__2024-07-14T07:07:00+00:00'
[2024-07-14T20:35:12.725+0000] {taskinstance.py:430} INFO - ::endgroup::
[2024-07-14T20:35:12.942+0000] {python.py:237} INFO - Done. Returned value was: None
[2024-07-14T20:35:12.943+0000] {taskinstance.py:441} INFO - ::group::Post task execution logs
[2024-07-14T20:35:12.949+0000] {taskinstance.py:1206} INFO - Marking task as SUCCESS. dag_id=fetch_spread_values, task_id=fetch_and_compute_spread_usd_mxn, run_id=scheduled__2024-07-14T07:07:00+00:00, execution_date=20240714T070700, start_date=20240714T203512, end_date=20240714T203512
[2024-07-14T20:35:12.980+0000] {local_task_job_runner.py:240} INFO - Task exited with return code 0
[2024-07-14T20:35:12.987+0000] {local_task_job_runner.py:222} INFO - ::endgroup::
