[2024-07-14T09:02:14.932+0000] {local_task_job_runner.py:120} INFO - ::group::Pre task execution logs
[2024-07-14T09:02:15.002+0000] {taskinstance.py:2076} INFO - Dependencies all met for dep_context=non-requeueable deps ti=<TaskInstance: fetch_spread_values.fetch_and_compute_spread_usd_mxn scheduled__2024-07-14T05:58:00+00:00 [queued]>
[2024-07-14T09:02:15.024+0000] {taskinstance.py:2076} INFO - Dependencies all met for dep_context=requeueable deps ti=<TaskInstance: fetch_spread_values.fetch_and_compute_spread_usd_mxn scheduled__2024-07-14T05:58:00+00:00 [queued]>
[2024-07-14T09:02:15.028+0000] {taskinstance.py:2306} INFO - Starting attempt 1 of 2
[2024-07-14T09:02:15.054+0000] {taskinstance.py:2330} INFO - Executing <Task(PythonOperator): fetch_and_compute_spread_usd_mxn> on 2024-07-14 05:58:00+00:00
[2024-07-14T09:02:15.061+0000] {warnings.py:112} WARNING - /home/***/.local/lib/python3.12/site-packages/***/task/task_runner/standard_task_runner.py:61: DeprecationWarning: This process (pid=2318) is multi-threaded, use of fork() may lead to deadlocks in the child.
  pid = os.fork()

[2024-07-14T09:02:15.083+0000] {standard_task_runner.py:63} INFO - Started process 2346 to run task
[2024-07-14T09:02:15.065+0000] {standard_task_runner.py:90} INFO - Running: ['***', 'tasks', 'run', 'fetch_spread_values', 'fetch_and_compute_spread_usd_mxn', 'scheduled__2024-07-14T05:58:00+00:00', '--job-id', '745', '--raw', '--subdir', 'DAGS_FOLDER/***.py', '--cfg-path', '/tmp/tmpimwj5tzm']
[2024-07-14T09:02:15.095+0000] {standard_task_runner.py:91} INFO - Job 745: Subtask fetch_and_compute_spread_usd_mxn
[2024-07-14T09:02:15.210+0000] {task_command.py:426} INFO - Running <TaskInstance: fetch_spread_values.fetch_and_compute_spread_usd_mxn scheduled__2024-07-14T05:58:00+00:00 [running]> on host d537c34a4880
[2024-07-14T09:02:15.332+0000] {taskinstance.py:2648} INFO - Exporting env vars: AIRFLOW_CTX_DAG_OWNER='***' AIRFLOW_CTX_DAG_ID='fetch_spread_values' AIRFLOW_CTX_TASK_ID='fetch_and_compute_spread_usd_mxn' AIRFLOW_CTX_EXECUTION_DATE='2024-07-14T05:58:00+00:00' AIRFLOW_CTX_TRY_NUMBER='1' AIRFLOW_CTX_DAG_RUN_ID='scheduled__2024-07-14T05:58:00+00:00'
[2024-07-14T09:02:15.338+0000] {taskinstance.py:430} INFO - ::endgroup::
[2024-07-14T09:02:15.539+0000] {python.py:237} INFO - Done. Returned value was: None
[2024-07-14T09:02:15.540+0000] {taskinstance.py:441} INFO - ::group::Post task execution logs
[2024-07-14T09:02:15.553+0000] {taskinstance.py:1206} INFO - Marking task as SUCCESS. dag_id=fetch_spread_values, task_id=fetch_and_compute_spread_usd_mxn, run_id=scheduled__2024-07-14T05:58:00+00:00, execution_date=20240714T055800, start_date=20240714T090215, end_date=20240714T090215
[2024-07-14T09:02:15.621+0000] {local_task_job_runner.py:240} INFO - Task exited with return code 0
[2024-07-14T09:02:15.645+0000] {taskinstance.py:3503} INFO - 0 downstream tasks scheduled from follow-on schedule check
[2024-07-14T09:02:15.647+0000] {local_task_job_runner.py:222} INFO - ::endgroup::
[2024-07-14T20:34:42.535+0000] {local_task_job_runner.py:120} INFO - ::group::Pre task execution logs
[2024-07-14T20:34:42.566+0000] {taskinstance.py:2076} INFO - Dependencies all met for dep_context=non-requeueable deps ti=<TaskInstance: fetch_spread_values.fetch_and_compute_spread_usd_mxn scheduled__2024-07-14T05:58:00+00:00 [queued]>
[2024-07-14T20:34:42.573+0000] {taskinstance.py:2076} INFO - Dependencies all met for dep_context=requeueable deps ti=<TaskInstance: fetch_spread_values.fetch_and_compute_spread_usd_mxn scheduled__2024-07-14T05:58:00+00:00 [queued]>
[2024-07-14T20:34:42.575+0000] {taskinstance.py:2306} INFO - Starting attempt 1 of 2
[2024-07-14T20:34:42.587+0000] {taskinstance.py:2330} INFO - Executing <Task(PythonOperator): fetch_and_compute_spread_usd_mxn> on 2024-07-14 05:58:00+00:00
[2024-07-14T20:34:42.594+0000] {standard_task_runner.py:90} INFO - Running: ['***', 'tasks', 'run', 'fetch_spread_values', 'fetch_and_compute_spread_usd_mxn', 'scheduled__2024-07-14T05:58:00+00:00', '--job-id', '735', '--raw', '--subdir', 'DAGS_FOLDER/***.py', '--cfg-path', '/tmp/tmprjgdx29x']
[2024-07-14T20:34:42.597+0000] {standard_task_runner.py:91} INFO - Job 735: Subtask fetch_and_compute_spread_usd_mxn
[2024-07-14T20:34:42.596+0000] {logging_mixin.py:188} WARNING - /home/***/.local/lib/python3.12/site-packages/***/task/task_runner/standard_task_runner.py:61 DeprecationWarning: This process (pid=1674) is multi-threaded, use of fork() may lead to deadlocks in the child.
[2024-07-14T20:34:42.604+0000] {standard_task_runner.py:63} INFO - Started process 1683 to run task
[2024-07-14T20:34:42.656+0000] {task_command.py:426} INFO - Running <TaskInstance: fetch_spread_values.fetch_and_compute_spread_usd_mxn scheduled__2024-07-14T05:58:00+00:00 [running]> on host 77caf7e4b282
[2024-07-14T20:34:42.797+0000] {taskinstance.py:2648} INFO - Exporting env vars: AIRFLOW_CTX_DAG_OWNER='***' AIRFLOW_CTX_DAG_ID='fetch_spread_values' AIRFLOW_CTX_TASK_ID='fetch_and_compute_spread_usd_mxn' AIRFLOW_CTX_EXECUTION_DATE='2024-07-14T05:58:00+00:00' AIRFLOW_CTX_TRY_NUMBER='1' AIRFLOW_CTX_DAG_RUN_ID='scheduled__2024-07-14T05:58:00+00:00'
[2024-07-14T20:34:42.800+0000] {taskinstance.py:430} INFO - ::endgroup::
[2024-07-14T20:34:43.026+0000] {python.py:237} INFO - Done. Returned value was: None
[2024-07-14T20:34:43.033+0000] {taskinstance.py:441} INFO - ::group::Post task execution logs
[2024-07-14T20:34:43.042+0000] {taskinstance.py:1206} INFO - Marking task as SUCCESS. dag_id=fetch_spread_values, task_id=fetch_and_compute_spread_usd_mxn, run_id=scheduled__2024-07-14T05:58:00+00:00, execution_date=20240714T055800, start_date=20240714T203442, end_date=20240714T203443
[2024-07-14T20:34:43.086+0000] {local_task_job_runner.py:240} INFO - Task exited with return code 0
[2024-07-14T20:34:43.100+0000] {local_task_job_runner.py:222} INFO - ::endgroup::
