[2024-07-14T09:00:34.312+0000] {local_task_job_runner.py:120} INFO - ::group::Pre task execution logs
[2024-07-14T09:00:34.414+0000] {taskinstance.py:2076} INFO - Dependencies all met for dep_context=non-requeueable deps ti=<TaskInstance: fetch_spread_values.fetch_and_compute_spread_btc_mxn scheduled__2024-07-14T03:59:00+00:00 [queued]>
[2024-07-14T09:00:34.450+0000] {taskinstance.py:2076} INFO - Dependencies all met for dep_context=requeueable deps ti=<TaskInstance: fetch_spread_values.fetch_and_compute_spread_btc_mxn scheduled__2024-07-14T03:59:00+00:00 [queued]>
[2024-07-14T09:00:34.453+0000] {taskinstance.py:2306} INFO - Starting attempt 1 of 2
[2024-07-14T09:00:34.507+0000] {taskinstance.py:2330} INFO - Executing <Task(PythonOperator): fetch_and_compute_spread_btc_mxn> on 2024-07-14 03:59:00+00:00
[2024-07-14T09:00:34.537+0000] {warnings.py:112} WARNING - /home/***/.local/lib/python3.12/site-packages/***/task/task_runner/standard_task_runner.py:61: DeprecationWarning: This process (pid=1585) is multi-threaded, use of fork() may lead to deadlocks in the child.
  pid = os.fork()

[2024-07-14T09:00:34.542+0000] {standard_task_runner.py:63} INFO - Started process 1611 to run task
[2024-07-14T09:00:34.540+0000] {standard_task_runner.py:90} INFO - Running: ['***', 'tasks', 'run', 'fetch_spread_values', 'fetch_and_compute_spread_btc_mxn', 'scheduled__2024-07-14T03:59:00+00:00', '--job-id', '504', '--raw', '--subdir', 'DAGS_FOLDER/***.py', '--cfg-path', '/tmp/tmpn_jtn99l']
[2024-07-14T09:00:34.563+0000] {standard_task_runner.py:91} INFO - Job 504: Subtask fetch_and_compute_spread_btc_mxn
[2024-07-14T09:00:34.771+0000] {task_command.py:426} INFO - Running <TaskInstance: fetch_spread_values.fetch_and_compute_spread_btc_mxn scheduled__2024-07-14T03:59:00+00:00 [running]> on host d537c34a4880
[2024-07-14T09:00:35.007+0000] {taskinstance.py:2648} INFO - Exporting env vars: AIRFLOW_CTX_DAG_OWNER='***' AIRFLOW_CTX_DAG_ID='fetch_spread_values' AIRFLOW_CTX_TASK_ID='fetch_and_compute_spread_btc_mxn' AIRFLOW_CTX_EXECUTION_DATE='2024-07-14T03:59:00+00:00' AIRFLOW_CTX_TRY_NUMBER='1' AIRFLOW_CTX_DAG_RUN_ID='scheduled__2024-07-14T03:59:00+00:00'
[2024-07-14T09:00:35.009+0000] {taskinstance.py:430} INFO - ::endgroup::
[2024-07-14T09:00:35.297+0000] {python.py:237} INFO - Done. Returned value was: None
[2024-07-14T09:00:35.300+0000] {taskinstance.py:441} INFO - ::group::Post task execution logs
[2024-07-14T09:00:35.335+0000] {taskinstance.py:1206} INFO - Marking task as SUCCESS. dag_id=fetch_spread_values, task_id=fetch_and_compute_spread_btc_mxn, run_id=scheduled__2024-07-14T03:59:00+00:00, execution_date=20240714T035900, start_date=20240714T090034, end_date=20240714T090035
[2024-07-14T09:00:35.406+0000] {local_task_job_runner.py:240} INFO - Task exited with return code 0
[2024-07-14T09:00:35.474+0000] {taskinstance.py:3503} INFO - 0 downstream tasks scheduled from follow-on schedule check
[2024-07-14T09:00:35.514+0000] {local_task_job_runner.py:222} INFO - ::endgroup::
[2024-07-14T20:33:49.346+0000] {local_task_job_runner.py:120} INFO - ::group::Pre task execution logs
[2024-07-14T20:33:49.409+0000] {taskinstance.py:2076} INFO - Dependencies all met for dep_context=non-requeueable deps ti=<TaskInstance: fetch_spread_values.fetch_and_compute_spread_btc_mxn scheduled__2024-07-14T03:59:00+00:00 [queued]>
[2024-07-14T20:33:49.434+0000] {taskinstance.py:2076} INFO - Dependencies all met for dep_context=requeueable deps ti=<TaskInstance: fetch_spread_values.fetch_and_compute_spread_btc_mxn scheduled__2024-07-14T03:59:00+00:00 [queued]>
[2024-07-14T20:33:49.434+0000] {taskinstance.py:2306} INFO - Starting attempt 1 of 2
[2024-07-14T20:33:49.472+0000] {taskinstance.py:2330} INFO - Executing <Task(PythonOperator): fetch_and_compute_spread_btc_mxn> on 2024-07-14 03:59:00+00:00
[2024-07-14T20:33:49.485+0000] {logging_mixin.py:188} WARNING - /home/***/.local/lib/python3.12/site-packages/***/task/task_runner/standard_task_runner.py:61 DeprecationWarning: This process (pid=1159) is multi-threaded, use of fork() may lead to deadlocks in the child.
[2024-07-14T20:33:49.488+0000] {standard_task_runner.py:90} INFO - Running: ['***', 'tasks', 'run', 'fetch_spread_values', 'fetch_and_compute_spread_btc_mxn', 'scheduled__2024-07-14T03:59:00+00:00', '--job-id', '483', '--raw', '--subdir', 'DAGS_FOLDER/***.py', '--cfg-path', '/tmp/tmp8jbdgd42']
[2024-07-14T20:33:49.489+0000] {standard_task_runner.py:63} INFO - Started process 1169 to run task
[2024-07-14T20:33:49.496+0000] {standard_task_runner.py:91} INFO - Job 483: Subtask fetch_and_compute_spread_btc_mxn
[2024-07-14T20:33:49.548+0000] {task_command.py:426} INFO - Running <TaskInstance: fetch_spread_values.fetch_and_compute_spread_btc_mxn scheduled__2024-07-14T03:59:00+00:00 [running]> on host 77caf7e4b282
[2024-07-14T20:33:49.611+0000] {taskinstance.py:2648} INFO - Exporting env vars: AIRFLOW_CTX_DAG_OWNER='***' AIRFLOW_CTX_DAG_ID='fetch_spread_values' AIRFLOW_CTX_TASK_ID='fetch_and_compute_spread_btc_mxn' AIRFLOW_CTX_EXECUTION_DATE='2024-07-14T03:59:00+00:00' AIRFLOW_CTX_TRY_NUMBER='1' AIRFLOW_CTX_DAG_RUN_ID='scheduled__2024-07-14T03:59:00+00:00'
[2024-07-14T20:33:49.613+0000] {taskinstance.py:430} INFO - ::endgroup::
[2024-07-14T20:33:49.788+0000] {python.py:237} INFO - Done. Returned value was: None
[2024-07-14T20:33:49.789+0000] {taskinstance.py:441} INFO - ::group::Post task execution logs
[2024-07-14T20:33:49.794+0000] {taskinstance.py:1206} INFO - Marking task as SUCCESS. dag_id=fetch_spread_values, task_id=fetch_and_compute_spread_btc_mxn, run_id=scheduled__2024-07-14T03:59:00+00:00, execution_date=20240714T035900, start_date=20240714T203349, end_date=20240714T203349
[2024-07-14T20:33:49.805+0000] {local_task_job_runner.py:240} INFO - Task exited with return code 0
[2024-07-14T20:33:49.814+0000] {taskinstance.py:3503} INFO - 0 downstream tasks scheduled from follow-on schedule check
[2024-07-14T20:33:49.815+0000] {local_task_job_runner.py:222} INFO - ::endgroup::
