[2024-07-14T21:19:00.326+0000] {local_task_job_runner.py:120} INFO - ::group::Pre task execution logs
[2024-07-14T21:19:00.342+0000] {taskinstance.py:2076} INFO - Dependencies all met for dep_context=non-requeueable deps ti=<TaskInstance: fetch_spread_values.fetch_and_compute_spread_usd_mxn scheduled__2024-07-14T21:18:00+00:00 [queued]>
[2024-07-14T21:19:00.345+0000] {taskinstance.py:2076} INFO - Dependencies all met for dep_context=requeueable deps ti=<TaskInstance: fetch_spread_values.fetch_and_compute_spread_usd_mxn scheduled__2024-07-14T21:18:00+00:00 [queued]>
[2024-07-14T21:19:00.346+0000] {taskinstance.py:2306} INFO - Starting attempt 1 of 2
[2024-07-14T21:19:00.351+0000] {taskinstance.py:2330} INFO - Executing <Task(PythonOperator): fetch_and_compute_spread_usd_mxn> on 2024-07-14 21:18:00+00:00
[2024-07-14T21:19:00.355+0000] {logging_mixin.py:188} WARNING - /home/***/.local/lib/python3.12/site-packages/***/task/task_runner/standard_task_runner.py:61 DeprecationWarning: This process (pid=6314) is multi-threaded, use of fork() may lead to deadlocks in the child.
[2024-07-14T21:19:00.356+0000] {standard_task_runner.py:63} INFO - Started process 6320 to run task
[2024-07-14T21:19:00.355+0000] {standard_task_runner.py:90} INFO - Running: ['***', 'tasks', 'run', 'fetch_spread_values', 'fetch_and_compute_spread_usd_mxn', 'scheduled__2024-07-14T21:18:00+00:00', '--job-id', '2699', '--raw', '--subdir', 'DAGS_FOLDER/***.py', '--cfg-path', '/tmp/tmpt7x0mtec']
[2024-07-14T21:19:00.356+0000] {standard_task_runner.py:91} INFO - Job 2699: Subtask fetch_and_compute_spread_usd_mxn
[2024-07-14T21:19:00.380+0000] {task_command.py:426} INFO - Running <TaskInstance: fetch_spread_values.fetch_and_compute_spread_usd_mxn scheduled__2024-07-14T21:18:00+00:00 [running]> on host 77caf7e4b282
[2024-07-14T21:19:00.426+0000] {taskinstance.py:2648} INFO - Exporting env vars: AIRFLOW_CTX_DAG_OWNER='***' AIRFLOW_CTX_DAG_ID='fetch_spread_values' AIRFLOW_CTX_TASK_ID='fetch_and_compute_spread_usd_mxn' AIRFLOW_CTX_EXECUTION_DATE='2024-07-14T21:18:00+00:00' AIRFLOW_CTX_TRY_NUMBER='1' AIRFLOW_CTX_DAG_RUN_ID='scheduled__2024-07-14T21:18:00+00:00'
[2024-07-14T21:19:00.426+0000] {taskinstance.py:430} INFO - ::endgroup::
[2024-07-14T21:19:00.735+0000] {airflow.py:21} INFO - Data fetched
[2024-07-14T21:19:00.736+0000] {airflow.py:22} INFO - {'success': True, 'payload': {'high': '18.34', 'last': '18.34', 'created_at': '2024-07-14T21:19:00+00:00', 'book': 'usd_mxn', 'volume': '0', 'vwap': '0', 'low': '18.34', 'ask': '17.61', 'bid': '17.60', 'change_24': '0.00', 'rolling_average_change': {}}}
[2024-07-14T21:19:00.736+0000] {airflow.py:25} INFO - Spread computed
[2024-07-14T21:19:00.736+0000] {airflow.py:26} INFO - {'success': True, 'payload': {'high': '18.34', 'last': '18.34', 'created_at': '2024-07-14T21:19:00+00:00', 'book': 'usd_mxn', 'volume': '0', 'vwap': '0', 'low': '18.34', 'ask': '17.61', 'bid': '17.60', 'change_24': '0.00', 'rolling_average_change': {}}}
[2024-07-14T21:19:00.737+0000] {python.py:237} INFO - Done. Returned value was: None
[2024-07-14T21:19:00.737+0000] {taskinstance.py:441} INFO - ::group::Post task execution logs
[2024-07-14T21:19:00.744+0000] {taskinstance.py:1206} INFO - Marking task as SUCCESS. dag_id=fetch_spread_values, task_id=fetch_and_compute_spread_usd_mxn, run_id=scheduled__2024-07-14T21:18:00+00:00, execution_date=20240714T211800, start_date=20240714T211900, end_date=20240714T211900
[2024-07-14T21:19:00.760+0000] {local_task_job_runner.py:240} INFO - Task exited with return code 0
[2024-07-14T21:19:00.770+0000] {taskinstance.py:3503} INFO - 0 downstream tasks scheduled from follow-on schedule check
[2024-07-14T21:19:00.771+0000] {local_task_job_runner.py:222} INFO - ::endgroup::
