[2024-07-14T17:27:01.757+0000] {local_task_job_runner.py:120} INFO - ::group::Pre task execution logs
[2024-07-14T17:27:01.910+0000] {taskinstance.py:2076} INFO - Dependencies all met for dep_context=non-requeueable deps ti=<TaskInstance: fetch_spread_values.fetch_and_compute_spread_usd_mxn scheduled__2024-07-14T17:20:00+00:00 [queued]>
[2024-07-14T17:27:01.985+0000] {taskinstance.py:2076} INFO - Dependencies all met for dep_context=requeueable deps ti=<TaskInstance: fetch_spread_values.fetch_and_compute_spread_usd_mxn scheduled__2024-07-14T17:20:00+00:00 [queued]>
[2024-07-14T17:27:01.997+0000] {taskinstance.py:2306} INFO - Starting attempt 1 of 2
[2024-07-14T17:27:02.085+0000] {taskinstance.py:2330} INFO - Executing <Task(PythonOperator): fetch_and_compute_spread_usd_mxn> on 2024-07-14 17:20:00+00:00
[2024-07-14T17:27:02.113+0000] {warnings.py:112} WARNING - /home/***/.local/lib/python3.12/site-packages/***/task/task_runner/standard_task_runner.py:61: DeprecationWarning: This process (pid=7378) is multi-threaded, use of fork() may lead to deadlocks in the child.
  pid = os.fork()

[2024-07-14T17:27:02.118+0000] {standard_task_runner.py:63} INFO - Started process 7407 to run task
[2024-07-14T17:27:02.119+0000] {standard_task_runner.py:90} INFO - Running: ['***', 'tasks', 'run', 'fetch_spread_values', 'fetch_and_compute_spread_usd_mxn', 'scheduled__2024-07-14T17:20:00+00:00', '--job-id', '2225', '--raw', '--subdir', 'DAGS_FOLDER/***.py', '--cfg-path', '/tmp/tmpd8em4v37']
[2024-07-14T17:27:02.130+0000] {standard_task_runner.py:91} INFO - Job 2225: Subtask fetch_and_compute_spread_usd_mxn
[2024-07-14T17:27:02.264+0000] {task_command.py:426} INFO - Running <TaskInstance: fetch_spread_values.fetch_and_compute_spread_usd_mxn scheduled__2024-07-14T17:20:00+00:00 [running]> on host d537c34a4880
[2024-07-14T17:27:03.329+0000] {taskinstance.py:2648} INFO - Exporting env vars: AIRFLOW_CTX_DAG_OWNER='***' AIRFLOW_CTX_DAG_ID='fetch_spread_values' AIRFLOW_CTX_TASK_ID='fetch_and_compute_spread_usd_mxn' AIRFLOW_CTX_EXECUTION_DATE='2024-07-14T17:20:00+00:00' AIRFLOW_CTX_TRY_NUMBER='1' AIRFLOW_CTX_DAG_RUN_ID='scheduled__2024-07-14T17:20:00+00:00'
[2024-07-14T17:27:03.361+0000] {taskinstance.py:430} INFO - ::endgroup::
[2024-07-14T17:27:04.514+0000] {python.py:237} INFO - Done. Returned value was: None
[2024-07-14T17:27:04.529+0000] {taskinstance.py:441} INFO - ::group::Post task execution logs
[2024-07-14T17:27:04.627+0000] {taskinstance.py:1206} INFO - Marking task as SUCCESS. dag_id=fetch_spread_values, task_id=fetch_and_compute_spread_usd_mxn, run_id=scheduled__2024-07-14T17:20:00+00:00, execution_date=20240714T172000, start_date=20240714T172701, end_date=20240714T172704
[2024-07-14T17:27:04.789+0000] {local_task_job_runner.py:240} INFO - Task exited with return code 0
[2024-07-14T17:27:04.859+0000] {taskinstance.py:3503} INFO - 0 downstream tasks scheduled from follow-on schedule check
[2024-07-14T17:27:04.886+0000] {local_task_job_runner.py:222} INFO - ::endgroup::
[2024-07-14T20:39:24.948+0000] {local_task_job_runner.py:120} INFO - ::group::Pre task execution logs
[2024-07-14T20:39:25.025+0000] {taskinstance.py:2076} INFO - Dependencies all met for dep_context=non-requeueable deps ti=<TaskInstance: fetch_spread_values.fetch_and_compute_spread_usd_mxn scheduled__2024-07-14T17:20:00+00:00 [queued]>
[2024-07-14T20:39:25.038+0000] {taskinstance.py:2076} INFO - Dependencies all met for dep_context=requeueable deps ti=<TaskInstance: fetch_spread_values.fetch_and_compute_spread_usd_mxn scheduled__2024-07-14T17:20:00+00:00 [queued]>
[2024-07-14T20:39:25.039+0000] {taskinstance.py:2306} INFO - Starting attempt 1 of 2
[2024-07-14T20:39:25.181+0000] {taskinstance.py:2330} INFO - Executing <Task(PythonOperator): fetch_and_compute_spread_usd_mxn> on 2024-07-14 17:20:00+00:00
[2024-07-14T20:39:25.222+0000] {logging_mixin.py:188} WARNING - /home/***/.local/lib/python3.12/site-packages/***/task/task_runner/standard_task_runner.py:61 DeprecationWarning: This process (pid=4664) is multi-threaded, use of fork() may lead to deadlocks in the child.
[2024-07-14T20:39:25.219+0000] {standard_task_runner.py:90} INFO - Running: ['***', 'tasks', 'run', 'fetch_spread_values', 'fetch_and_compute_spread_usd_mxn', 'scheduled__2024-07-14T17:20:00+00:00', '--job-id', '2209', '--raw', '--subdir', 'DAGS_FOLDER/***.py', '--cfg-path', '/tmp/tmpk5k3ajwo']
[2024-07-14T20:39:25.231+0000] {standard_task_runner.py:63} INFO - Started process 4676 to run task
[2024-07-14T20:39:25.232+0000] {standard_task_runner.py:91} INFO - Job 2209: Subtask fetch_and_compute_spread_usd_mxn
[2024-07-14T20:39:25.323+0000] {task_command.py:426} INFO - Running <TaskInstance: fetch_spread_values.fetch_and_compute_spread_usd_mxn scheduled__2024-07-14T17:20:00+00:00 [running]> on host 77caf7e4b282
[2024-07-14T20:39:25.457+0000] {taskinstance.py:2648} INFO - Exporting env vars: AIRFLOW_CTX_DAG_OWNER='***' AIRFLOW_CTX_DAG_ID='fetch_spread_values' AIRFLOW_CTX_TASK_ID='fetch_and_compute_spread_usd_mxn' AIRFLOW_CTX_EXECUTION_DATE='2024-07-14T17:20:00+00:00' AIRFLOW_CTX_TRY_NUMBER='1' AIRFLOW_CTX_DAG_RUN_ID='scheduled__2024-07-14T17:20:00+00:00'
[2024-07-14T20:39:25.459+0000] {taskinstance.py:430} INFO - ::endgroup::
[2024-07-14T20:39:25.704+0000] {python.py:237} INFO - Done. Returned value was: None
[2024-07-14T20:39:25.705+0000] {taskinstance.py:441} INFO - ::group::Post task execution logs
[2024-07-14T20:39:25.711+0000] {taskinstance.py:1206} INFO - Marking task as SUCCESS. dag_id=fetch_spread_values, task_id=fetch_and_compute_spread_usd_mxn, run_id=scheduled__2024-07-14T17:20:00+00:00, execution_date=20240714T172000, start_date=20240714T203925, end_date=20240714T203925
[2024-07-14T20:39:25.749+0000] {local_task_job_runner.py:240} INFO - Task exited with return code 0
[2024-07-14T20:39:25.762+0000] {taskinstance.py:3503} INFO - 0 downstream tasks scheduled from follow-on schedule check
[2024-07-14T20:39:25.764+0000] {local_task_job_runner.py:222} INFO - ::endgroup::
