[2024-07-14T09:05:12.968+0000] {local_task_job_runner.py:120} INFO - ::group::Pre task execution logs
[2024-07-14T09:05:13.229+0000] {taskinstance.py:2076} INFO - Dependencies all met for dep_context=non-requeueable deps ti=<TaskInstance: save_spread_values.save_and_flush_task scheduled__2024-07-14T01:50:00+00:00 [queued]>
[2024-07-14T09:05:13.407+0000] {taskinstance.py:2076} INFO - Dependencies all met for dep_context=requeueable deps ti=<TaskInstance: save_spread_values.save_and_flush_task scheduled__2024-07-14T01:50:00+00:00 [queued]>
[2024-07-14T09:05:13.409+0000] {taskinstance.py:2306} INFO - Starting attempt 1 of 2
[2024-07-14T09:05:13.697+0000] {taskinstance.py:2330} INFO - Executing <Task(PythonOperator): save_and_flush_task> on 2024-07-14 01:50:00+00:00
[2024-07-14T09:05:13.706+0000] {warnings.py:112} WARNING - /home/***/.local/lib/python3.12/site-packages/***/task/task_runner/standard_task_runner.py:61: DeprecationWarning: This process (pid=3498) is multi-threaded, use of fork() may lead to deadlocks in the child.
  pid = os.fork()

[2024-07-14T09:05:13.753+0000] {standard_task_runner.py:63} INFO - Started process 3524 to run task
[2024-07-14T09:05:13.712+0000] {standard_task_runner.py:90} INFO - Running: ['***', 'tasks', 'run', 'save_spread_values', 'save_and_flush_task', 'scheduled__2024-07-14T01:50:00+00:00', '--job-id', '1122', '--raw', '--subdir', 'DAGS_FOLDER/***.py', '--cfg-path', '/tmp/tmpjpmjejj3']
[2024-07-14T09:05:13.768+0000] {standard_task_runner.py:91} INFO - Job 1122: Subtask save_and_flush_task
[2024-07-14T09:05:13.954+0000] {task_command.py:426} INFO - Running <TaskInstance: save_spread_values.save_and_flush_task scheduled__2024-07-14T01:50:00+00:00 [running]> on host d537c34a4880
[2024-07-14T09:05:14.247+0000] {taskinstance.py:2648} INFO - Exporting env vars: AIRFLOW_CTX_DAG_OWNER='***' AIRFLOW_CTX_DAG_ID='save_spread_values' AIRFLOW_CTX_TASK_ID='save_and_flush_task' AIRFLOW_CTX_EXECUTION_DATE='2024-07-14T01:50:00+00:00' AIRFLOW_CTX_TRY_NUMBER='1' AIRFLOW_CTX_DAG_RUN_ID='scheduled__2024-07-14T01:50:00+00:00'
[2024-07-14T09:05:14.255+0000] {taskinstance.py:430} INFO - ::endgroup::
[2024-07-14T09:05:14.260+0000] {python.py:237} INFO - Done. Returned value was: None
[2024-07-14T09:05:14.264+0000] {taskinstance.py:441} INFO - ::group::Post task execution logs
[2024-07-14T09:05:14.298+0000] {taskinstance.py:1206} INFO - Marking task as SUCCESS. dag_id=save_spread_values, task_id=save_and_flush_task, run_id=scheduled__2024-07-14T01:50:00+00:00, execution_date=20240714T015000, start_date=20240714T090513, end_date=20240714T090514
[2024-07-14T09:05:14.434+0000] {local_task_job_runner.py:240} INFO - Task exited with return code 0
[2024-07-14T09:05:14.619+0000] {taskinstance.py:3503} INFO - 0 downstream tasks scheduled from follow-on schedule check
[2024-07-14T09:05:14.653+0000] {local_task_job_runner.py:222} INFO - ::endgroup::
[2024-07-14T20:34:40.123+0000] {local_task_job_runner.py:120} INFO - ::group::Pre task execution logs
[2024-07-14T20:34:40.167+0000] {taskinstance.py:2076} INFO - Dependencies all met for dep_context=non-requeueable deps ti=<TaskInstance: save_spread_values.save_and_flush_task scheduled__2024-07-14T01:50:00+00:00 [queued]>
[2024-07-14T20:34:40.176+0000] {taskinstance.py:2076} INFO - Dependencies all met for dep_context=requeueable deps ti=<TaskInstance: save_spread_values.save_and_flush_task scheduled__2024-07-14T01:50:00+00:00 [queued]>
[2024-07-14T20:34:40.178+0000] {taskinstance.py:2306} INFO - Starting attempt 1 of 2
[2024-07-14T20:34:40.203+0000] {taskinstance.py:2330} INFO - Executing <Task(PythonOperator): save_and_flush_task> on 2024-07-14 01:50:00+00:00
[2024-07-14T20:34:40.211+0000] {logging_mixin.py:188} WARNING - /home/***/.local/lib/python3.12/site-packages/***/task/task_runner/standard_task_runner.py:61 DeprecationWarning: This process (pid=1648) is multi-threaded, use of fork() may lead to deadlocks in the child.
[2024-07-14T20:34:40.217+0000] {standard_task_runner.py:63} INFO - Started process 1657 to run task
[2024-07-14T20:34:40.212+0000] {standard_task_runner.py:90} INFO - Running: ['***', 'tasks', 'run', 'save_spread_values', 'save_and_flush_task', 'scheduled__2024-07-14T01:50:00+00:00', '--job-id', '725', '--raw', '--subdir', 'DAGS_FOLDER/***.py', '--cfg-path', '/tmp/tmpvivofmh6']
[2024-07-14T20:34:40.228+0000] {standard_task_runner.py:91} INFO - Job 725: Subtask save_and_flush_task
[2024-07-14T20:34:40.294+0000] {task_command.py:426} INFO - Running <TaskInstance: save_spread_values.save_and_flush_task scheduled__2024-07-14T01:50:00+00:00 [running]> on host 77caf7e4b282
[2024-07-14T20:34:40.411+0000] {taskinstance.py:2648} INFO - Exporting env vars: AIRFLOW_CTX_DAG_OWNER='***' AIRFLOW_CTX_DAG_ID='save_spread_values' AIRFLOW_CTX_TASK_ID='save_and_flush_task' AIRFLOW_CTX_EXECUTION_DATE='2024-07-14T01:50:00+00:00' AIRFLOW_CTX_TRY_NUMBER='1' AIRFLOW_CTX_DAG_RUN_ID='scheduled__2024-07-14T01:50:00+00:00'
[2024-07-14T20:34:40.411+0000] {taskinstance.py:430} INFO - ::endgroup::
[2024-07-14T20:34:40.420+0000] {python.py:237} INFO - Done. Returned value was: None
[2024-07-14T20:34:40.421+0000] {taskinstance.py:441} INFO - ::group::Post task execution logs
[2024-07-14T20:34:40.431+0000] {taskinstance.py:1206} INFO - Marking task as SUCCESS. dag_id=save_spread_values, task_id=save_and_flush_task, run_id=scheduled__2024-07-14T01:50:00+00:00, execution_date=20240714T015000, start_date=20240714T203440, end_date=20240714T203440
[2024-07-14T20:34:40.497+0000] {local_task_job_runner.py:240} INFO - Task exited with return code 0
[2024-07-14T20:34:40.514+0000] {local_task_job_runner.py:222} INFO - ::endgroup::
