[2024-07-14T08:58:15.824+0000] {local_task_job_runner.py:120} INFO - ::group::Pre task execution logs
[2024-07-14T08:58:15.932+0000] {taskinstance.py:2076} INFO - Dependencies all met for dep_context=non-requeueable deps ti=<TaskInstance: fetch_spread_values.fetch_and_compute_spread_usd_mxn scheduled__2024-07-14T01:37:00+00:00 [queued]>
[2024-07-14T08:58:15.968+0000] {taskinstance.py:2076} INFO - Dependencies all met for dep_context=requeueable deps ti=<TaskInstance: fetch_spread_values.fetch_and_compute_spread_usd_mxn scheduled__2024-07-14T01:37:00+00:00 [queued]>
[2024-07-14T08:58:15.971+0000] {taskinstance.py:2306} INFO - Starting attempt 1 of 2
[2024-07-14T08:58:16.010+0000] {taskinstance.py:2330} INFO - Executing <Task(PythonOperator): fetch_and_compute_spread_usd_mxn> on 2024-07-14 01:37:00+00:00
[2024-07-14T08:58:16.051+0000] {warnings.py:112} WARNING - /home/***/.local/lib/python3.12/site-packages/***/task/task_runner/standard_task_runner.py:61: DeprecationWarning: This process (pid=712) is multi-threaded, use of fork() may lead to deadlocks in the child.
  pid = os.fork()

[2024-07-14T08:58:16.054+0000] {standard_task_runner.py:63} INFO - Started process 740 to run task
[2024-07-14T08:58:16.065+0000] {standard_task_runner.py:90} INFO - Running: ['***', 'tasks', 'run', 'fetch_spread_values', 'fetch_and_compute_spread_usd_mxn', 'scheduled__2024-07-14T01:37:00+00:00', '--job-id', '223', '--raw', '--subdir', 'DAGS_FOLDER/***.py', '--cfg-path', '/tmp/tmpajr2__fp']
[2024-07-14T08:58:16.089+0000] {standard_task_runner.py:91} INFO - Job 223: Subtask fetch_and_compute_spread_usd_mxn
[2024-07-14T08:58:16.305+0000] {task_command.py:426} INFO - Running <TaskInstance: fetch_spread_values.fetch_and_compute_spread_usd_mxn scheduled__2024-07-14T01:37:00+00:00 [running]> on host d537c34a4880
[2024-07-14T08:58:16.637+0000] {taskinstance.py:2648} INFO - Exporting env vars: AIRFLOW_CTX_DAG_OWNER='***' AIRFLOW_CTX_DAG_ID='fetch_spread_values' AIRFLOW_CTX_TASK_ID='fetch_and_compute_spread_usd_mxn' AIRFLOW_CTX_EXECUTION_DATE='2024-07-14T01:37:00+00:00' AIRFLOW_CTX_TRY_NUMBER='1' AIRFLOW_CTX_DAG_RUN_ID='scheduled__2024-07-14T01:37:00+00:00'
[2024-07-14T08:58:16.642+0000] {taskinstance.py:430} INFO - ::endgroup::
[2024-07-14T08:58:16.994+0000] {python.py:237} INFO - Done. Returned value was: None
[2024-07-14T08:58:16.999+0000] {taskinstance.py:441} INFO - ::group::Post task execution logs
[2024-07-14T08:58:17.067+0000] {taskinstance.py:1206} INFO - Marking task as SUCCESS. dag_id=fetch_spread_values, task_id=fetch_and_compute_spread_usd_mxn, run_id=scheduled__2024-07-14T01:37:00+00:00, execution_date=20240714T013700, start_date=20240714T085815, end_date=20240714T085817
[2024-07-14T08:58:17.184+0000] {local_task_job_runner.py:240} INFO - Task exited with return code 0
[2024-07-14T08:58:17.264+0000] {taskinstance.py:3503} INFO - 0 downstream tasks scheduled from follow-on schedule check
[2024-07-14T08:58:17.286+0000] {local_task_job_runner.py:222} INFO - ::endgroup::
[2024-07-14T20:32:45.567+0000] {local_task_job_runner.py:120} INFO - ::group::Pre task execution logs
[2024-07-14T20:32:45.614+0000] {taskinstance.py:2076} INFO - Dependencies all met for dep_context=non-requeueable deps ti=<TaskInstance: fetch_spread_values.fetch_and_compute_spread_usd_mxn scheduled__2024-07-14T01:37:00+00:00 [queued]>
[2024-07-14T20:32:45.622+0000] {taskinstance.py:2076} INFO - Dependencies all met for dep_context=requeueable deps ti=<TaskInstance: fetch_spread_values.fetch_and_compute_spread_usd_mxn scheduled__2024-07-14T01:37:00+00:00 [queued]>
[2024-07-14T20:32:45.623+0000] {taskinstance.py:2306} INFO - Starting attempt 1 of 2
[2024-07-14T20:32:45.669+0000] {taskinstance.py:2330} INFO - Executing <Task(PythonOperator): fetch_and_compute_spread_usd_mxn> on 2024-07-14 01:37:00+00:00
[2024-07-14T20:32:45.679+0000] {logging_mixin.py:188} WARNING - /home/***/.local/lib/python3.12/site-packages/***/task/task_runner/standard_task_runner.py:61 DeprecationWarning: This process (pid=579) is multi-threaded, use of fork() may lead to deadlocks in the child.
[2024-07-14T20:32:45.689+0000] {standard_task_runner.py:63} INFO - Started process 587 to run task
[2024-07-14T20:32:45.681+0000] {standard_task_runner.py:90} INFO - Running: ['***', 'tasks', 'run', 'fetch_spread_values', 'fetch_and_compute_spread_usd_mxn', 'scheduled__2024-07-14T01:37:00+00:00', '--job-id', '199', '--raw', '--subdir', 'DAGS_FOLDER/***.py', '--cfg-path', '/tmp/tmpt5d4zkpp']
[2024-07-14T20:32:45.691+0000] {standard_task_runner.py:91} INFO - Job 199: Subtask fetch_and_compute_spread_usd_mxn
[2024-07-14T20:32:45.794+0000] {task_command.py:426} INFO - Running <TaskInstance: fetch_spread_values.fetch_and_compute_spread_usd_mxn scheduled__2024-07-14T01:37:00+00:00 [running]> on host 77caf7e4b282
[2024-07-14T20:32:45.930+0000] {taskinstance.py:2648} INFO - Exporting env vars: AIRFLOW_CTX_DAG_OWNER='***' AIRFLOW_CTX_DAG_ID='fetch_spread_values' AIRFLOW_CTX_TASK_ID='fetch_and_compute_spread_usd_mxn' AIRFLOW_CTX_EXECUTION_DATE='2024-07-14T01:37:00+00:00' AIRFLOW_CTX_TRY_NUMBER='1' AIRFLOW_CTX_DAG_RUN_ID='scheduled__2024-07-14T01:37:00+00:00'
[2024-07-14T20:32:45.937+0000] {taskinstance.py:430} INFO - ::endgroup::
[2024-07-14T20:32:46.196+0000] {python.py:237} INFO - Done. Returned value was: None
[2024-07-14T20:32:46.197+0000] {taskinstance.py:441} INFO - ::group::Post task execution logs
[2024-07-14T20:32:46.205+0000] {taskinstance.py:1206} INFO - Marking task as SUCCESS. dag_id=fetch_spread_values, task_id=fetch_and_compute_spread_usd_mxn, run_id=scheduled__2024-07-14T01:37:00+00:00, execution_date=20240714T013700, start_date=20240714T203245, end_date=20240714T203246
[2024-07-14T20:32:46.245+0000] {local_task_job_runner.py:240} INFO - Task exited with return code 0
[2024-07-14T20:32:46.256+0000] {taskinstance.py:3503} INFO - 0 downstream tasks scheduled from follow-on schedule check
[2024-07-14T20:32:46.257+0000] {local_task_job_runner.py:222} INFO - ::endgroup::
