[2024-07-14T16:58:30.886+0000] {local_task_job_runner.py:120} INFO - ::group::Pre task execution logs
[2024-07-14T16:58:30.946+0000] {taskinstance.py:2076} INFO - Dependencies all met for dep_context=non-requeueable deps ti=<TaskInstance: fetch_spread_values.fetch_and_compute_spread_btc_mxn scheduled__2024-07-14T16:55:00+00:00 [queued]>
[2024-07-14T16:58:30.958+0000] {taskinstance.py:2076} INFO - Dependencies all met for dep_context=requeueable deps ti=<TaskInstance: fetch_spread_values.fetch_and_compute_spread_btc_mxn scheduled__2024-07-14T16:55:00+00:00 [queued]>
[2024-07-14T16:58:30.961+0000] {taskinstance.py:2306} INFO - Starting attempt 1 of 2
[2024-07-14T16:58:30.989+0000] {taskinstance.py:2330} INFO - Executing <Task(PythonOperator): fetch_and_compute_spread_btc_mxn> on 2024-07-14 16:55:00+00:00
[2024-07-14T16:58:31.004+0000] {warnings.py:112} WARNING - /home/***/.local/lib/python3.12/site-packages/***/task/task_runner/standard_task_runner.py:61: DeprecationWarning: This process (pid=7209) is multi-threaded, use of fork() may lead to deadlocks in the child.
  pid = os.fork()

[2024-07-14T16:58:31.008+0000] {standard_task_runner.py:90} INFO - Running: ['***', 'tasks', 'run', 'fetch_spread_values', 'fetch_and_compute_spread_btc_mxn', 'scheduled__2024-07-14T16:55:00+00:00', '--job-id', '2169', '--raw', '--subdir', 'DAGS_FOLDER/***.py', '--cfg-path', '/tmp/tmp0zhtjk1e']
[2024-07-14T16:58:31.021+0000] {standard_task_runner.py:63} INFO - Started process 7226 to run task
[2024-07-14T16:58:31.024+0000] {standard_task_runner.py:91} INFO - Job 2169: Subtask fetch_and_compute_spread_btc_mxn
[2024-07-14T16:58:31.180+0000] {task_command.py:426} INFO - Running <TaskInstance: fetch_spread_values.fetch_and_compute_spread_btc_mxn scheduled__2024-07-14T16:55:00+00:00 [running]> on host d537c34a4880
[2024-07-14T16:58:31.348+0000] {taskinstance.py:2648} INFO - Exporting env vars: AIRFLOW_CTX_DAG_OWNER='***' AIRFLOW_CTX_DAG_ID='fetch_spread_values' AIRFLOW_CTX_TASK_ID='fetch_and_compute_spread_btc_mxn' AIRFLOW_CTX_EXECUTION_DATE='2024-07-14T16:55:00+00:00' AIRFLOW_CTX_TRY_NUMBER='1' AIRFLOW_CTX_DAG_RUN_ID='scheduled__2024-07-14T16:55:00+00:00'
[2024-07-14T16:58:31.356+0000] {taskinstance.py:430} INFO - ::endgroup::
[2024-07-14T16:58:31.729+0000] {python.py:237} INFO - Done. Returned value was: None
[2024-07-14T16:58:31.734+0000] {taskinstance.py:441} INFO - ::group::Post task execution logs
[2024-07-14T16:58:31.753+0000] {taskinstance.py:1206} INFO - Marking task as SUCCESS. dag_id=fetch_spread_values, task_id=fetch_and_compute_spread_btc_mxn, run_id=scheduled__2024-07-14T16:55:00+00:00, execution_date=20240714T165500, start_date=20240714T165830, end_date=20240714T165831
[2024-07-14T16:58:31.807+0000] {local_task_job_runner.py:240} INFO - Task exited with return code 0
[2024-07-14T16:58:31.822+0000] {local_task_job_runner.py:222} INFO - ::endgroup::
[2024-07-14T20:39:15.490+0000] {local_task_job_runner.py:120} INFO - ::group::Pre task execution logs
[2024-07-14T20:39:15.511+0000] {taskinstance.py:2076} INFO - Dependencies all met for dep_context=non-requeueable deps ti=<TaskInstance: fetch_spread_values.fetch_and_compute_spread_btc_mxn scheduled__2024-07-14T16:55:00+00:00 [queued]>
[2024-07-14T20:39:15.516+0000] {taskinstance.py:2076} INFO - Dependencies all met for dep_context=requeueable deps ti=<TaskInstance: fetch_spread_values.fetch_and_compute_spread_btc_mxn scheduled__2024-07-14T16:55:00+00:00 [queued]>
[2024-07-14T20:39:15.516+0000] {taskinstance.py:2306} INFO - Starting attempt 1 of 2
[2024-07-14T20:39:15.523+0000] {taskinstance.py:2330} INFO - Executing <Task(PythonOperator): fetch_and_compute_spread_btc_mxn> on 2024-07-14 16:55:00+00:00
[2024-07-14T20:39:15.527+0000] {logging_mixin.py:188} WARNING - /home/***/.local/lib/python3.12/site-packages/***/task/task_runner/standard_task_runner.py:61 DeprecationWarning: This process (pid=4560) is multi-threaded, use of fork() may lead to deadlocks in the child.
[2024-07-14T20:39:15.530+0000] {standard_task_runner.py:63} INFO - Started process 4565 to run task
[2024-07-14T20:39:15.528+0000] {standard_task_runner.py:90} INFO - Running: ['***', 'tasks', 'run', 'fetch_spread_values', 'fetch_and_compute_spread_btc_mxn', 'scheduled__2024-07-14T16:55:00+00:00', '--job-id', '2158', '--raw', '--subdir', 'DAGS_FOLDER/***.py', '--cfg-path', '/tmp/tmp1_sz2co4']
[2024-07-14T20:39:15.531+0000] {standard_task_runner.py:91} INFO - Job 2158: Subtask fetch_and_compute_spread_btc_mxn
[2024-07-14T20:39:15.563+0000] {task_command.py:426} INFO - Running <TaskInstance: fetch_spread_values.fetch_and_compute_spread_btc_mxn scheduled__2024-07-14T16:55:00+00:00 [running]> on host 77caf7e4b282
[2024-07-14T20:39:15.625+0000] {taskinstance.py:2648} INFO - Exporting env vars: AIRFLOW_CTX_DAG_OWNER='***' AIRFLOW_CTX_DAG_ID='fetch_spread_values' AIRFLOW_CTX_TASK_ID='fetch_and_compute_spread_btc_mxn' AIRFLOW_CTX_EXECUTION_DATE='2024-07-14T16:55:00+00:00' AIRFLOW_CTX_TRY_NUMBER='1' AIRFLOW_CTX_DAG_RUN_ID='scheduled__2024-07-14T16:55:00+00:00'
[2024-07-14T20:39:15.626+0000] {taskinstance.py:430} INFO - ::endgroup::
[2024-07-14T20:39:15.775+0000] {python.py:237} INFO - Done. Returned value was: None
[2024-07-14T20:39:15.776+0000] {taskinstance.py:441} INFO - ::group::Post task execution logs
[2024-07-14T20:39:15.781+0000] {taskinstance.py:1206} INFO - Marking task as SUCCESS. dag_id=fetch_spread_values, task_id=fetch_and_compute_spread_btc_mxn, run_id=scheduled__2024-07-14T16:55:00+00:00, execution_date=20240714T165500, start_date=20240714T203915, end_date=20240714T203915
[2024-07-14T20:39:15.795+0000] {local_task_job_runner.py:240} INFO - Task exited with return code 0
[2024-07-14T20:39:15.804+0000] {taskinstance.py:3503} INFO - 0 downstream tasks scheduled from follow-on schedule check
[2024-07-14T20:39:15.805+0000] {local_task_job_runner.py:222} INFO - ::endgroup::
