[2024-07-14T09:04:02.698+0000] {local_task_job_runner.py:120} INFO - ::group::Pre task execution logs
[2024-07-14T09:04:02.718+0000] {taskinstance.py:2076} INFO - Dependencies all met for dep_context=non-requeueable deps ti=<TaskInstance: fetch_spread_values.fetch_and_compute_spread_usd_mxn scheduled__2024-07-14T07:52:00+00:00 [queued]>
[2024-07-14T09:04:02.727+0000] {taskinstance.py:2076} INFO - Dependencies all met for dep_context=requeueable deps ti=<TaskInstance: fetch_spread_values.fetch_and_compute_spread_usd_mxn scheduled__2024-07-14T07:52:00+00:00 [queued]>
[2024-07-14T09:04:02.730+0000] {taskinstance.py:2306} INFO - Starting attempt 1 of 2
[2024-07-14T09:04:02.761+0000] {taskinstance.py:2330} INFO - Executing <Task(PythonOperator): fetch_and_compute_spread_usd_mxn> on 2024-07-14 07:52:00+00:00
[2024-07-14T09:04:02.770+0000] {warnings.py:112} WARNING - /home/***/.local/lib/python3.12/site-packages/***/task/task_runner/standard_task_runner.py:61: DeprecationWarning: This process (pid=3032) is multi-threaded, use of fork() may lead to deadlocks in the child.
  pid = os.fork()

[2024-07-14T09:04:02.772+0000] {standard_task_runner.py:63} INFO - Started process 3053 to run task
[2024-07-14T09:04:02.771+0000] {standard_task_runner.py:90} INFO - Running: ['***', 'tasks', 'run', 'fetch_spread_values', 'fetch_and_compute_spread_usd_mxn', 'scheduled__2024-07-14T07:52:00+00:00', '--job-id', '973', '--raw', '--subdir', 'DAGS_FOLDER/***.py', '--cfg-path', '/tmp/tmpawozr70v']
[2024-07-14T09:04:02.775+0000] {standard_task_runner.py:91} INFO - Job 973: Subtask fetch_and_compute_spread_usd_mxn
[2024-07-14T09:04:02.833+0000] {task_command.py:426} INFO - Running <TaskInstance: fetch_spread_values.fetch_and_compute_spread_usd_mxn scheduled__2024-07-14T07:52:00+00:00 [running]> on host d537c34a4880
[2024-07-14T09:04:03.002+0000] {taskinstance.py:2648} INFO - Exporting env vars: AIRFLOW_CTX_DAG_OWNER='***' AIRFLOW_CTX_DAG_ID='fetch_spread_values' AIRFLOW_CTX_TASK_ID='fetch_and_compute_spread_usd_mxn' AIRFLOW_CTX_EXECUTION_DATE='2024-07-14T07:52:00+00:00' AIRFLOW_CTX_TRY_NUMBER='1' AIRFLOW_CTX_DAG_RUN_ID='scheduled__2024-07-14T07:52:00+00:00'
[2024-07-14T09:04:03.005+0000] {taskinstance.py:430} INFO - ::endgroup::
[2024-07-14T09:04:03.241+0000] {python.py:237} INFO - Done. Returned value was: None
[2024-07-14T09:04:03.248+0000] {taskinstance.py:441} INFO - ::group::Post task execution logs
[2024-07-14T09:04:03.272+0000] {taskinstance.py:1206} INFO - Marking task as SUCCESS. dag_id=fetch_spread_values, task_id=fetch_and_compute_spread_usd_mxn, run_id=scheduled__2024-07-14T07:52:00+00:00, execution_date=20240714T075200, start_date=20240714T090402, end_date=20240714T090403
[2024-07-14T09:04:03.297+0000] {local_task_job_runner.py:240} INFO - Task exited with return code 0
[2024-07-14T09:04:03.330+0000] {taskinstance.py:3503} INFO - 0 downstream tasks scheduled from follow-on schedule check
[2024-07-14T09:04:03.337+0000] {local_task_job_runner.py:222} INFO - ::endgroup::
[2024-07-14T20:35:46.313+0000] {local_task_job_runner.py:120} INFO - ::group::Pre task execution logs
[2024-07-14T20:35:46.330+0000] {taskinstance.py:2076} INFO - Dependencies all met for dep_context=non-requeueable deps ti=<TaskInstance: fetch_spread_values.fetch_and_compute_spread_usd_mxn scheduled__2024-07-14T07:52:00+00:00 [queued]>
[2024-07-14T20:35:46.335+0000] {taskinstance.py:2076} INFO - Dependencies all met for dep_context=requeueable deps ti=<TaskInstance: fetch_spread_values.fetch_and_compute_spread_usd_mxn scheduled__2024-07-14T07:52:00+00:00 [queued]>
[2024-07-14T20:35:46.335+0000] {taskinstance.py:2306} INFO - Starting attempt 1 of 2
[2024-07-14T20:35:46.342+0000] {taskinstance.py:2330} INFO - Executing <Task(PythonOperator): fetch_and_compute_spread_usd_mxn> on 2024-07-14 07:52:00+00:00
[2024-07-14T20:35:46.345+0000] {logging_mixin.py:188} WARNING - /home/***/.local/lib/python3.12/site-packages/***/task/task_runner/standard_task_runner.py:61 DeprecationWarning: This process (pid=2352) is multi-threaded, use of fork() may lead to deadlocks in the child.
[2024-07-14T20:35:46.347+0000] {standard_task_runner.py:63} INFO - Started process 2354 to run task
[2024-07-14T20:35:46.348+0000] {standard_task_runner.py:90} INFO - Running: ['***', 'tasks', 'run', 'fetch_spread_values', 'fetch_and_compute_spread_usd_mxn', 'scheduled__2024-07-14T07:52:00+00:00', '--job-id', '1069', '--raw', '--subdir', 'DAGS_FOLDER/***.py', '--cfg-path', '/tmp/tmpmvuxzomn']
[2024-07-14T20:35:46.349+0000] {standard_task_runner.py:91} INFO - Job 1069: Subtask fetch_and_compute_spread_usd_mxn
[2024-07-14T20:35:46.374+0000] {task_command.py:426} INFO - Running <TaskInstance: fetch_spread_values.fetch_and_compute_spread_usd_mxn scheduled__2024-07-14T07:52:00+00:00 [running]> on host 77caf7e4b282
[2024-07-14T20:35:46.427+0000] {taskinstance.py:2648} INFO - Exporting env vars: AIRFLOW_CTX_DAG_OWNER='***' AIRFLOW_CTX_DAG_ID='fetch_spread_values' AIRFLOW_CTX_TASK_ID='fetch_and_compute_spread_usd_mxn' AIRFLOW_CTX_EXECUTION_DATE='2024-07-14T07:52:00+00:00' AIRFLOW_CTX_TRY_NUMBER='1' AIRFLOW_CTX_DAG_RUN_ID='scheduled__2024-07-14T07:52:00+00:00'
[2024-07-14T20:35:46.428+0000] {taskinstance.py:430} INFO - ::endgroup::
[2024-07-14T20:35:46.581+0000] {python.py:237} INFO - Done. Returned value was: None
[2024-07-14T20:35:46.586+0000] {taskinstance.py:441} INFO - ::group::Post task execution logs
[2024-07-14T20:35:46.594+0000] {taskinstance.py:1206} INFO - Marking task as SUCCESS. dag_id=fetch_spread_values, task_id=fetch_and_compute_spread_usd_mxn, run_id=scheduled__2024-07-14T07:52:00+00:00, execution_date=20240714T075200, start_date=20240714T203546, end_date=20240714T203546
[2024-07-14T20:35:46.609+0000] {local_task_job_runner.py:240} INFO - Task exited with return code 0
[2024-07-14T20:35:46.621+0000] {local_task_job_runner.py:222} INFO - ::endgroup::
